Scenario - 
Logfile written - 08/29/2019 12:42:15

Subject	Trial	Event Type	Code	Time	TTime	Uncertainty	Duration	Uncertainty	ReqTime	ReqDur	Stim Type	Pair Index

A_HP_09	1	Response	3	100447	99114	1
A_HP_09	1	Pulse	99	100447	99114	1
A_HP_09	2	Picture	ready	100678	0	1	10229	1	0	10000	other	0
A_HP_09	2	Pulse	99	120446	19768	1
A_HP_09	2	Pulse	99	140447	39768	1
A_HP_09	2	Pulse	99	160447	59768	1
A_HP_09	3	Picture	ins9	161329	231	1	30229	1	0	30000	other	0
A_HP_09	3	Pulse	99	180447	19350	1
A_HP_09	3	Pulse	99	200447	39349	1
A_HP_09	3	Pulse	99	220447	59350	1
A_HP_09	3	Pulse	99	240446	79349	1
A_HP_09	3	Pulse	99	260446	99349	1
A_HP_09	3	Pulse	99	280447	119350	1
A_HP_09	3	Pulse	99	300446	139349	1
A_HP_09	3	Pulse	99	320447	159350	1
A_HP_09	3	Pulse	99	340447	179350	1
A_HP_09	3	Pulse	99	360447	199350	1
A_HP_09	3	Pulse	99	380447	219350	1
A_HP_09	3	Pulse	99	400447	239350	1
A_HP_09	3	Pulse	99	420447	259349	1
A_HP_09	3	Pulse	99	440447	279349	1
A_HP_09	3	Pulse	99	460447	299349	1
A_HP_09	4	Response	3	480446	9119	1
A_HP_09	4	Pulse	99	480446	9119	1
A_HP_09	5	Picture	response72	481033	236	1	40229	1	0	40000	hit	27
A_HP_09	5	Pulse	99	500447	19650	1
A_HP_09	5	Response	1	503685	22888	1
A_HP_09	5	Pulse	99	520447	39650	1
A_HP_09	6	Picture	response69	531323	126	1	40229	1	0	40000	incorrect	31
A_HP_09	6	Pulse	99	540446	9249	1
A_HP_09	6	Response	2	555175	23978	1
A_HP_09	6	Pulse	99	560446	29249	1
A_HP_09	6	Pulse	99	580447	49250	1
A_HP_09	7	Picture	response71	581781	184	1	40177	1	0	40000	hit	36
A_HP_09	7	Pulse	99	600446	18849	1
A_HP_09	7	Response	1	606505	24908	1
A_HP_09	7	Pulse	99	620447	38850	1
A_HP_09	8	Picture	response67	632187	189	1	40229	1	0	40000	hit	40
A_HP_09	8	Pulse	99	640447	8450	1
A_HP_09	8	Response	2	642905	10908	1
A_HP_09	8	Pulse	99	660447	28450	1
A_HP_09	8	Pulse	99	680447	48450	1
A_HP_09	9	Picture	response66	682644	247	1	40229	1	0	40000	incorrect	45
A_HP_09	9	Pulse	99	700447	18049	1
A_HP_09	9	Response	2	704685	22288	1
A_HP_09	9	Pulse	99	720446	38049	1
A_HP_09	10	Picture	response65	733101	304	1	40229	1	0	40000	hit	50
A_HP_09	10	Pulse	99	740447	7650	1
A_HP_09	10	Pulse	99	760446	27649	1
A_HP_09	10	Response	1	761405	28608	1
A_HP_09	10	Pulse	99	780447	47650	1
A_HP_09	11	Picture	response70	783392	195	1	40229	1	0	40000	hit	54
A_HP_09	11	Pulse	99	800447	17249	1
A_HP_09	11	Response	2	805365	22167	1
A_HP_09	11	Pulse	99	820447	37249	1
A_HP_09	12	Picture	response68	833850	253	1	40229	1	0	40000	hit	58
A_HP_09	12	Pulse	99	840447	6849	1
A_HP_09	12	Response	2	853735	20138	1
A_HP_09	12	Pulse	99	860446	26849	1
A_HP_09	12	Pulse	99	880447	46849	1
A_HP_09	13	Picture	ins21	884141	144	1	30229	1	0	30000	other	0
A_HP_09	13	Pulse	99	900447	16450	1
A_HP_09	13	Pulse	99	920447	36450	1
A_HP_09	13	Pulse	99	940447	56450	1
A_HP_09	13	Pulse	99	960447	76450	1
A_HP_09	13	Pulse	99	980447	96450	1
A_HP_09	13	Pulse	99	1000447	116450	1
A_HP_09	13	Pulse	99	1020446	136449	1
A_HP_09	13	Pulse	99	1040446	156449	1
A_HP_09	13	Pulse	99	1060446	176449	1
A_HP_09	13	Pulse	99	1080446	196449	1
A_HP_09	13	Pulse	99	1100446	216449	1
A_HP_09	13	Pulse	99	1120446	236449	1
A_HP_09	13	Pulse	99	1140446	256449	1
A_HP_09	13	Pulse	99	1160447	276450	1
A_HP_09	13	Pulse	99	1180446	296449	1
A_HP_09	14	Response	3	1200446	6219	1
A_HP_09	14	Pulse	99	1200446	6219	1
A_HP_09	15	Picture	response164	1201032	235	1	40229	1	0	40000	hit	81
A_HP_09	15	Pulse	99	1220446	19650	1
A_HP_09	15	Response	1	1223294	22498	1
A_HP_09	15	Pulse	99	1240446	39649	1
A_HP_09	16	Picture	response163	1251323	127	1	40229	1	0	40000	hit	85
A_HP_09	16	Pulse	99	1260446	9249	1
A_HP_09	16	Response	2	1269985	18788	1
A_HP_09	16	Pulse	99	1280446	29250	1
A_HP_09	16	Pulse	99	1300446	49250	1
A_HP_09	17	Picture	response165	1301781	184	1	40229	1	0	40000	hit	90
A_HP_09	17	Pulse	99	1320446	18850	1
A_HP_09	17	Response	2	1338395	36798	1
A_HP_09	17	Pulse	99	1340446	38849	1
A_HP_09	18	Picture	response166	1352239	242	1	40229	1	0	40000	hit	94
A_HP_09	18	Pulse	99	1360446	8450	1
A_HP_09	18	Response	1	1372235	20238	1
A_HP_09	18	Pulse	99	1380446	28449	1
A_HP_09	18	Pulse	99	1400446	48450	1
A_HP_09	19	Picture	response168	1402696	300	1	40229	1	0	40000	hit	98
A_HP_09	19	Response	2	1417025	14628	1
A_HP_09	19	Pulse	99	1420446	18049	1
A_HP_09	19	Pulse	99	1440446	38050	1
A_HP_09	20	Picture	response162	1452987	190	1	40229	1	0	40000	hit	104
A_HP_09	20	Pulse	99	1460446	7650	1
A_HP_09	20	Pulse	99	1480446	27649	1
A_HP_09	20	Response	1	1491645	38848	1
A_HP_09	20	Pulse	99	1500446	47649	1
A_HP_09	21	Picture	response161	1503278	81	1	40229	1	0	40000	hit	107
A_HP_09	21	Response	1	1519835	16638	1
A_HP_09	21	Pulse	99	1520446	17249	1
A_HP_09	21	Pulse	99	1540446	37250	1
A_HP_09	22	Picture	response167	1553902	305	1	40229	1	0	40000	hit	112
A_HP_09	22	Pulse	99	1560446	6850	1
A_HP_09	22	Response	2	1566215	12618	1
A_HP_09	22	Pulse	99	1580446	26849	1
A_HP_09	22	Pulse	99	1600446	46849	1
A_HP_09	23	Picture	ins11	1604193	196	1	30229	1	0	30000	other	0
A_HP_09	23	Pulse	99	1620446	16450	1
A_HP_09	23	Pulse	99	1640446	36450	1
A_HP_09	23	Pulse	99	1660446	56450	1
A_HP_09	23	Pulse	99	1680446	76450	1
A_HP_09	23	Pulse	99	1700446	96450	1
A_HP_09	23	Pulse	99	1720446	116449	1
A_HP_09	23	Pulse	99	1740446	136449	1
A_HP_09	23	Pulse	99	1760446	156449	1
A_HP_09	23	Pulse	99	1780446	176449	1
A_HP_09	23	Pulse	99	1800446	196450	1
A_HP_09	23	Pulse	99	1820446	216450	1
A_HP_09	23	Pulse	99	1840446	236450	1
A_HP_09	23	Pulse	99	1860446	256450	1
A_HP_09	23	Pulse	99	1880446	276450	1
A_HP_09	23	Pulse	99	1900446	296450	1
A_HP_09	24	Response	3	1920446	6219	1
A_HP_09	24	Pulse	99	1920446	6219	1
A_HP_09	25	Picture	response83	1921032	235	1	40229	1	0	40000	hit	135
A_HP_09	25	Pulse	99	1940446	19649	1
A_HP_09	25	Response	1	1943034	22237	1
A_HP_09	25	Pulse	99	1960446	39649	1
A_HP_09	26	Picture	response85	1971323	127	1	40229	1	0	40000	incorrect	139
A_HP_09	26	Pulse	99	1980446	9250	1
A_HP_09	26	Response	1	1997805	26608	1
A_HP_09	26	Pulse	99	2000445	29249	1
A_HP_09	26	Pulse	99	2020446	49250	1
A_HP_09	27	Picture	response87	2021781	185	1	40229	1	0	40000	hit	144
A_HP_09	27	Pulse	99	2040446	18850	1
A_HP_09	27	Response	1	2045034	23438	1
A_HP_09	27	Pulse	99	2060446	38850	1
A_HP_09	28	Picture	response84	2072239	242	1	40229	1	0	40000	hit	149
A_HP_09	28	Pulse	99	2080446	8449	1
A_HP_09	28	Pulse	99	2100446	28449	1
A_HP_09	28	Response	1	2103384	31387	1
A_HP_09	28	Pulse	99	2120446	48450	1
A_HP_09	29	Picture	response86	2122696	300	1	40229	1	0	40000	hit	153
A_HP_09	29	Pulse	99	2140446	18050	1
A_HP_09	29	Response	1	2147254	24858	1
A_HP_09	29	Pulse	99	2160446	38049	1
A_HP_09	30	Picture	response81	2172987	191	1	40229	1	0	40000	hit	157
A_HP_09	30	Pulse	99	2180446	7650	1
A_HP_09	30	Response	2	2190974	18178	1
A_HP_09	30	Pulse	99	2200445	27649	1
A_HP_09	30	Pulse	99	2220446	47650	1
A_HP_09	31	Picture	response88	2223278	82	1	40229	1	0	40000	hit	161
A_HP_09	31	Response	2	2239795	16598	1
A_HP_09	31	Pulse	99	2240445	17249	1
A_HP_09	31	Pulse	99	2260446	37249	1
A_HP_09	32	Picture	response82	2273902	306	1	40229	1	0	40000	hit	166
A_HP_09	32	Pulse	99	2280446	6850	1
A_HP_09	32	Response	2	2296294	22698	1
A_HP_09	32	Pulse	99	2300445	26849	1
A_HP_09	32	Pulse	99	2320446	46850	1
A_HP_09	33	Picture	ins1	2324193	197	1	30229	1	0	30000	other	0
A_HP_09	33	Pulse	99	2340446	16450	1
A_HP_09	33	Pulse	99	2360446	36450	1
A_HP_09	33	Pulse	99	2380446	56450	1
A_HP_09	33	Pulse	99	2400446	76450	1
A_HP_09	33	Pulse	99	2420446	96450	1
A_HP_09	33	Pulse	99	2440446	116450	1
A_HP_09	33	Pulse	99	2460446	136450	1
A_HP_09	33	Pulse	99	2480446	156450	1
A_HP_09	33	Pulse	99	2500446	176450	1
A_HP_09	33	Pulse	99	2520446	196450	1
A_HP_09	33	Pulse	99	2540446	216450	1
A_HP_09	33	Pulse	99	2560446	236450	1
A_HP_09	33	Pulse	99	2580446	256450	1
A_HP_09	33	Pulse	99	2600446	276450	1
A_HP_09	33	Pulse	99	2620446	296450	1
A_HP_09	34	Response	3	2640446	6220	1
A_HP_09	34	Pulse	99	2640446	6220	1
A_HP_09	35	Picture	response7	2641031	235	1	40229	1	0	40000	hit	188
A_HP_09	35	Response	2	2656344	15548	1
A_HP_09	35	Pulse	99	2660445	19648	1
A_HP_09	35	Pulse	99	2680445	39649	1
A_HP_09	36	Picture	response6	2691323	127	1	40230	1	0	40000	hit	193
A_HP_09	36	Pulse	99	2700446	9250	1
A_HP_09	36	Response	2	2702434	11238	1
A_HP_09	36	Pulse	99	2720445	29250	1
A_HP_09	36	Pulse	99	2740445	49250	1
A_HP_09	37	Picture	response5	2741781	185	1	40229	1	0	40000	hit	197
A_HP_09	37	Response	2	2755244	13648	1
A_HP_09	37	Pulse	99	2760445	18849	1
A_HP_09	37	Pulse	99	2780446	38849	1
A_HP_09	38	Picture	response3	2792239	242	1	40229	1	0	40000	hit	201
A_HP_09	38	Response	2	2800394	8398	1
A_HP_09	38	Pulse	99	2800445	8449	1
A_HP_09	38	Pulse	99	2820445	28449	1
A_HP_09	38	Pulse	99	2840446	48450	1
A_HP_09	39	Picture	response1	2842697	301	1	40229	1	0	40000	hit	206
A_HP_09	39	Response	2	2855565	13169	1
A_HP_09	39	Pulse	99	2860445	18049	1
A_HP_09	39	Pulse	99	2880445	38049	1
A_HP_09	40	Picture	response2	2892989	193	1	40229	1	0	40000	hit	211
A_HP_09	40	Pulse	99	2900445	7650	1
A_HP_09	40	Response	1	2910374	17579	1
A_HP_09	40	Pulse	99	2920445	27650	1
A_HP_09	40	Pulse	99	2940446	47650	1
A_HP_09	41	Picture	response8	2943280	84	1	40229	1	0	40000	hit	216
A_HP_09	41	Pulse	99	2960445	17249	1
A_HP_09	41	Response	2	2968094	24898	1
A_HP_09	41	Pulse	99	2980445	37249	1
A_HP_09	42	Picture	response4	2993905	309	1	40229	1	0	40000	hit	220
A_HP_09	42	Pulse	99	3000445	6849	1
A_HP_09	42	Response	1	3008994	15398	1
A_HP_09	42	Pulse	99	3020445	26849	1
A_HP_09	42	Pulse	99	3040445	46849	1
A_HP_09	43	Picture	ins15	3044197	201	1	30229	1	0	30000	other	0
A_HP_09	43	Pulse	99	3060445	16450	1
A_HP_09	43	Pulse	99	3080445	36450	1
A_HP_09	43	Pulse	99	3100445	56450	1
A_HP_09	43	Pulse	99	3120445	76450	1
A_HP_09	43	Pulse	99	3140445	96450	1
A_HP_09	43	Pulse	99	3160445	116450	1
A_HP_09	43	Pulse	99	3180445	136450	1
A_HP_09	43	Pulse	99	3200445	156449	1
A_HP_09	43	Pulse	99	3220445	176450	1
A_HP_09	43	Pulse	99	3240445	196450	1
A_HP_09	43	Pulse	99	3260445	216449	1
A_HP_09	43	Pulse	99	3280445	236450	1
A_HP_09	43	Pulse	99	3300445	256450	1
A_HP_09	43	Pulse	99	3320445	276450	1
A_HP_09	43	Pulse	99	3340445	296450	1
A_HP_09	44	Response	3	3360445	6219	1
A_HP_09	44	Pulse	99	3360445	6219	1
A_HP_09	45	Picture	response119	3361030	235	1	40229	1	0	40000	hit	242
A_HP_09	45	Response	1	3376524	15729	1
A_HP_09	45	Pulse	99	3380445	19649	1
A_HP_09	45	Pulse	99	3400445	39650	1
A_HP_09	46	Picture	response118	3411321	126	1	40229	1	0	40000	incorrect	247
A_HP_09	46	Pulse	99	3420445	9250	1
A_HP_09	46	Response	2	3437054	25858	1
A_HP_09	46	Pulse	99	3440445	29249	1
A_HP_09	46	Pulse	99	3460445	49249	1
A_HP_09	47	Picture	response120	3461779	184	1	40229	1	0	40000	incorrect	251
A_HP_09	47	Response	2	3478304	16708	1
A_HP_09	47	Pulse	99	3480445	18849	1
A_HP_09	47	Pulse	99	3500445	38850	1
A_HP_09	48	Picture	response113	3512237	241	1	40229	1	0	40000	hit	256
A_HP_09	48	Pulse	99	3520445	8450	1
A_HP_09	48	Response	2	3527714	15718	1
A_HP_09	48	Pulse	99	3540445	28449	1
A_HP_09	48	Pulse	99	3560445	48450	1
A_HP_09	49	Picture	response115	3562695	299	1	40229	1	0	40000	hit	261
A_HP_09	49	Pulse	99	3580445	18049	1
A_HP_09	49	Response	2	3588433	26038	1
A_HP_09	49	Pulse	99	3600445	38049	1
A_HP_09	50	Picture	response114	3612986	191	1	40229	1	0	40000	hit	266
A_HP_09	50	Pulse	99	3620445	7650	1
A_HP_09	50	Pulse	99	3640445	27649	1
A_HP_09	50	Response	2	3640543	27748	1
A_HP_09	50	Pulse	99	3660445	47650	1
A_HP_09	51	Picture	response116	3663278	83	1	40229	1	0	40000	hit	270
A_HP_09	51	Pulse	99	3680445	17250	1
A_HP_09	51	Response	1	3682073	18878	1
A_HP_09	51	Pulse	99	3700365	37170	1
A_HP_09	52	Picture	response117	3713902	306	1	40229	1	0	40000	incorrect	274
A_HP_09	52	Pulse	99	3720445	6850	1
A_HP_09	52	Response	1	3733654	20058	1
A_HP_09	52	Pulse	99	3740445	26849	1
A_HP_09	52	Pulse	99	3760445	46850	1
A_HP_09	53	Picture	ins3	3764193	197	1	30229	1	0	30000	other	0
A_HP_09	53	Pulse	99	3780445	16449	1
A_HP_09	53	Pulse	99	3800445	36449	1
A_HP_09	53	Pulse	99	3820445	56449	1
A_HP_09	53	Pulse	99	3840445	76449	1
A_HP_09	53	Pulse	99	3860445	96449	1
A_HP_09	53	Pulse	99	3880445	116449	1
A_HP_09	53	Pulse	99	3900445	136449	1
A_HP_09	53	Pulse	99	3920445	156449	1
A_HP_09	53	Pulse	99	3940445	176449	1
A_HP_09	53	Pulse	99	3960445	196449	1
A_HP_09	53	Pulse	99	3980445	216449	1
A_HP_09	53	Pulse	99	4000445	236449	1
A_HP_09	53	Pulse	99	4020365	256369	1
A_HP_09	53	Pulse	99	4040445	276449	1
A_HP_09	53	Pulse	99	4060445	296449	1
A_HP_09	54	Response	3	4080365	6139	1
A_HP_09	54	Pulse	99	4080365	6139	1
A_HP_09	55	Picture	response20	4080931	235	1	40229	1	0	40000	hit	296
A_HP_09	55	Response	2	4093303	12608	1
A_HP_09	55	Pulse	99	4100444	19748	1
A_HP_09	55	Pulse	99	4120445	39749	1
A_HP_09	56	Picture	response18	4131389	294	1	40229	1	0	40000	hit	300
A_HP_09	56	Response	2	4137224	6129	1
A_HP_09	56	Pulse	99	4140444	9349	1
A_HP_09	56	Pulse	99	4160445	29350	1
A_HP_09	56	Pulse	99	4180445	49350	1
A_HP_09	57	Picture	response21	4181680	185	1	40230	1	0	40000	hit	305
A_HP_09	57	Response	1	4186543	5048	1
A_HP_09	57	Pulse	99	4200444	18949	1
A_HP_09	57	Pulse	99	4220445	38949	1
A_HP_09	58	Picture	response22	4232139	244	1	40229	1	0	40000	hit	309
A_HP_09	58	Response	1	4238204	6309	1
A_HP_09	58	Pulse	99	4240444	8549	1
A_HP_09	58	Pulse	99	4260445	28550	1
A_HP_09	58	Pulse	99	4280445	48550	1
A_HP_09	59	Picture	response17	4282597	302	1	40229	1	0	40000	hit	314
A_HP_09	59	Response	2	4288244	5948	1
A_HP_09	59	Pulse	99	4300444	18149	1
A_HP_09	59	Pulse	99	4320444	38149	1
A_HP_09	60	Picture	response24	4332888	193	1	40230	1	0	40000	hit	318
A_HP_09	60	Response	2	4338494	5798	1
A_HP_09	60	Pulse	99	4340364	7669	1
A_HP_09	60	Pulse	99	4360445	27749	1
A_HP_09	60	Pulse	99	4380445	47750	1
A_HP_09	61	Picture	response23	4383346	251	1	40229	1	0	40000	hit	323
A_HP_09	61	Response	2	4388714	5618	1
A_HP_09	61	Pulse	99	4400365	17269	1
A_HP_09	61	Pulse	99	4420445	37349	1
A_HP_09	62	Picture	response19	4433637	142	1	40229	1	0	40000	hit	327
A_HP_09	62	Response	2	4440173	6678	1
A_HP_09	62	Pulse	99	4440444	6949	1
A_HP_09	62	Pulse	99	4460365	26870	1
A_HP_09	62	Pulse	99	4480445	46950	1
A_HP_09	63	Picture	ins13	4484262	367	1	30229	1	0	30000	other	0
A_HP_09	63	Pulse	99	4500445	16550	1
A_HP_09	63	Pulse	99	4520445	36550	1
A_HP_09	63	Pulse	99	4540445	56550	1
A_HP_09	63	Pulse	99	4560445	76550	1
A_HP_09	63	Pulse	99	4580444	96549	1
A_HP_09	63	Pulse	99	4600364	116469	1
A_HP_09	63	Pulse	99	4620444	136549	1
A_HP_09	63	Pulse	99	4640444	156549	1
A_HP_09	63	Pulse	99	4660365	176469	1
A_HP_09	63	Pulse	99	4680445	196549	1
A_HP_09	63	Pulse	99	4700444	216549	1
A_HP_09	63	Pulse	99	4720364	236469	1
A_HP_09	63	Pulse	99	4740444	256549	1
A_HP_09	63	Pulse	99	4760445	276549	1
A_HP_09	63	Pulse	99	4780364	296469	1
A_HP_09	64	Response	3	4800445	6319	1
A_HP_09	64	Pulse	99	4800445	6319	1
A_HP_09	65	Picture	response103	4801029	235	1	40229	1	0	40000	hit	350
A_HP_09	65	Response	1	4810783	9988	1
A_HP_09	65	Pulse	99	4820444	19649	1
A_HP_09	65	Pulse	99	4840364	39569	1
A_HP_09	66	Picture	response97	4851321	126	1	40229	1	0	40000	hit	356
A_HP_09	66	Pulse	99	4860444	9250	1
A_HP_09	66	Pulse	99	4880444	29250	1
A_HP_09	66	Response	1	4882452	31258	1
A_HP_09	66	Pulse	99	4900444	49250	1
A_HP_09	67	Picture	response102	4901779	185	1	40230	1	0	40000	hit	359
A_HP_09	67	Response	1	4915273	13679	1
A_HP_09	67	Pulse	99	4920364	18770	1
A_HP_09	67	Pulse	99	4940444	38850	1
A_HP_09	68	Picture	response101	4952237	243	1	40229	1	0	40000	hit	364
A_HP_09	68	Pulse	99	4960444	8449	1
A_HP_09	68	Response	1	4967443	15448	1
A_HP_09	68	Pulse	99	4980364	28369	1
A_HP_09	68	Pulse	99	5000444	48449	1
A_HP_09	69	Picture	response104	5002696	301	1	40229	1	0	40000	hit	368
A_HP_09	69	Response	2	5017633	15239	1
A_HP_09	69	Pulse	99	5020444	18049	1
A_HP_09	69	Pulse	99	5040364	37970	1
A_HP_09	70	Picture	response99	5052987	193	1	40229	1	0	40000	hit	373
A_HP_09	70	Pulse	99	5060445	7650	1
A_HP_09	70	Response	2	5066323	13528	1
A_HP_09	70	Pulse	99	5080444	27650	1
A_HP_09	70	Pulse	99	5100365	47570	1
A_HP_09	71	Picture	response98	5103279	84	1	40229	1	0	40000	hit	378
A_HP_09	71	Pulse	99	5120444	17249	1
A_HP_09	71	Response	2	5130993	27798	1
A_HP_09	71	Pulse	99	5140444	37249	1
A_HP_09	72	Picture	response100	5153904	309	1	40229	1	0	40000	hit	382
A_HP_09	72	Pulse	99	5160364	6770	1
A_HP_09	72	Response	2	5172953	19358	1
A_HP_09	72	Pulse	99	5180444	26849	1
A_HP_09	72	Pulse	99	5200444	46849	1
A_HP_09	73	Picture	ins7	5204196	202	1	30229	1	0	30000	other	0
A_HP_09	73	Pulse	99	5220364	16370	1
A_HP_09	73	Pulse	99	5240364	36370	1
A_HP_09	73	Pulse	99	5260444	56450	1
A_HP_09	73	Pulse	99	5280444	76450	1
A_HP_09	73	Pulse	99	5300364	96370	1
A_HP_09	73	Pulse	99	5320444	116449	1
A_HP_09	73	Pulse	99	5340444	136449	1
A_HP_09	73	Pulse	99	5360364	156370	1
A_HP_09	73	Pulse	99	5380444	176450	1
A_HP_09	73	Pulse	99	5400444	196450	1
A_HP_09	73	Pulse	99	5420364	216370	1
A_HP_09	73	Pulse	99	5440444	236450	1
A_HP_09	73	Pulse	99	5460444	256450	1
A_HP_09	73	Pulse	99	5480364	276370	1
A_HP_09	73	Pulse	99	5500444	296450	1
A_HP_09	74	Response	3	5520444	6220	1
A_HP_09	74	Pulse	99	5520444	6220	1
A_HP_09	75	Picture	response53	5521030	235	1	40229	1	0	40000	hit	404
A_HP_09	75	Response	1	5534513	13718	1
A_HP_09	75	Pulse	99	5540364	19569	1
A_HP_09	75	Pulse	99	5560364	39569	1
A_HP_09	76	Picture	response51	5571322	126	1	40229	1	0	40000	hit	409
A_HP_09	76	Pulse	99	5580444	9249	1
A_HP_09	76	Response	1	5589223	18028	1
A_HP_09	76	Pulse	99	5600363	29168	1
A_HP_09	76	Pulse	99	5620364	49169	1
A_HP_09	77	Picture	response56	5621780	185	1	40229	1	0	40000	hit	413
A_HP_09	77	Response	2	5629312	7718	1
A_HP_09	77	Pulse	99	5640444	18849	1
A_HP_09	77	Pulse	99	5660444	38850	1
A_HP_09	78	Picture	response50	5672238	243	1	40229	1	0	40000	hit	418
A_HP_09	78	Pulse	99	5680364	8369	1
A_HP_09	78	Response	2	5683992	11997	1
A_HP_09	78	Pulse	99	5700444	28449	1
A_HP_09	78	Pulse	99	5720444	48449	1
A_HP_09	79	Picture	response55	5722696	302	1	40229	1	0	40000	hit	422
A_HP_09	79	Response	2	5730583	8189	1
A_HP_09	79	Pulse	99	5740364	17970	1
A_HP_09	79	Pulse	99	5760444	38049	1
A_HP_09	80	Picture	response52	5772988	194	1	40229	1	0	40000	hit	427
A_HP_09	80	Pulse	99	5780445	7651	1
A_HP_09	80	Response	2	5783122	10328	1
A_HP_09	80	Pulse	99	5800364	27570	1
A_HP_09	80	Pulse	99	5820444	47650	1
A_HP_09	81	Picture	response54	5823279	85	1	40229	1	0	40000	hit	431
A_HP_09	81	Response	1	5830553	7358	1
A_HP_09	81	Pulse	99	5840444	17249	1
A_HP_09	81	Pulse	99	5860364	37169	1
A_HP_09	82	Picture	response49	5873904	310	1	40229	1	0	40000	hit	436
A_HP_09	82	Pulse	99	5880364	6769	1
A_HP_09	82	Response	2	5881432	7838	1
A_HP_09	82	Pulse	99	5900444	26850	1
A_HP_09	82	Pulse	99	5920364	46770	1
A_HP_09	83	Picture	ins5	5924196	202	1	30229	1	0	30000	other	0
A_HP_09	83	Pulse	99	5940364	16370	1
A_HP_09	83	Pulse	99	5960444	36450	1
A_HP_09	83	Pulse	99	5980364	56370	1
A_HP_09	83	Pulse	99	6000364	76370	1
A_HP_09	83	Pulse	99	6020444	96450	1
A_HP_09	83	Pulse	99	6040444	116450	1
A_HP_09	83	Pulse	99	6060364	136370	1
A_HP_09	83	Pulse	99	6080444	156450	1
A_HP_09	83	Pulse	99	6100444	176450	1
A_HP_09	83	Pulse	99	6120364	196370	1
A_HP_09	83	Pulse	99	6140364	216370	1
A_HP_09	83	Pulse	99	6160444	236450	1
A_HP_09	83	Pulse	99	6180364	256370	1
A_HP_09	83	Pulse	99	6200364	276370	1
A_HP_09	83	Pulse	99	6220444	296450	1
A_HP_09	84	Response	3	6240364	6139	1
A_HP_09	84	Pulse	99	6240364	6139	1
A_HP_09	85	Picture	response38	6240930	236	1	40229	1	0	40000	hit	458
A_HP_09	85	Response	2	6254423	13728	1
A_HP_09	85	Pulse	99	6260363	19668	1
A_HP_09	85	Pulse	99	6280444	39749	1
A_HP_09	86	Picture	response34	6291388	294	1	40230	1	0	40000	hit	462
A_HP_09	86	Response	1	6299852	8758	1
A_HP_09	86	Pulse	99	6300363	9269	1
A_HP_09	86	Pulse	99	6320364	29269	1
A_HP_09	86	Pulse	99	6340444	49349	1
A_HP_09	87	Picture	response35	6341680	186	1	40229	1	0	40000	hit	467
A_HP_09	87	Response	2	6346683	5188	1
A_HP_09	87	Pulse	99	6360444	18950	1
A_HP_09	87	Pulse	99	6380364	38870	1
A_HP_09	88	Picture	response40	6392139	244	1	40229	1	0	40000	hit	471
A_HP_09	88	Response	1	6397973	6078	1
A_HP_09	88	Pulse	99	6400443	8549	1
A_HP_09	88	Pulse	99	6420444	28550	1
A_HP_09	88	Pulse	99	6440364	48469	1
A_HP_09	89	Picture	response36	6442597	302	1	40229	1	0	40000	hit	476
A_HP_09	89	Response	1	6446753	4458	1
A_HP_09	89	Pulse	99	6460364	18069	1
A_HP_09	89	Pulse	99	6480444	38149	1
A_HP_09	90	Picture	response33	6492889	195	1	40229	1	0	40000	hit	480
A_HP_09	90	Response	2	6499702	7008	1
A_HP_09	90	Pulse	99	6500363	7669	1
A_HP_09	90	Pulse	99	6520363	27669	1
A_HP_09	90	Pulse	99	6540443	47749	1
A_HP_09	91	Picture	response37	6543347	253	1	40229	1	0	40000	hit	485
A_HP_09	91	Response	1	6548612	5519	1
A_HP_09	91	Pulse	99	6560363	17269	1
A_HP_09	91	Pulse	99	6580363	37270	1
A_HP_09	92	Picture	response39	6593638	145	1	40229	1	0	40000	hit	489
A_HP_09	92	Response	2	6598963	5469	1
A_HP_09	92	Pulse	99	6600443	6950	1
A_HP_09	92	Pulse	99	6620364	26870	1
A_HP_09	92	Pulse	99	6640364	46870	1
A_HP_09	93	Picture	ins19	6644263	369	1	30229	1	0	30000	other	0
A_HP_09	93	Pulse	99	6660444	16550	1
A_HP_09	93	Pulse	99	6680364	36470	1
A_HP_09	93	Pulse	99	6700364	56470	1
A_HP_09	93	Pulse	99	6720444	76550	1
A_HP_09	93	Pulse	99	6740444	96550	1
A_HP_09	93	Pulse	99	6760364	116470	1
A_HP_09	93	Pulse	99	6780364	136470	1
A_HP_09	93	Pulse	99	6800444	156550	1
A_HP_09	93	Pulse	99	6820363	176469	1
A_HP_09	93	Pulse	99	6840363	196469	1
A_HP_09	93	Pulse	99	6860443	216549	1
A_HP_09	93	Pulse	99	6880363	236469	1
A_HP_09	93	Pulse	99	6900363	256469	1
A_HP_09	93	Pulse	99	6920443	276549	1
A_HP_09	93	Pulse	99	6940364	296469	1
A_HP_09	94	Response	3	6960363	6239	1
A_HP_09	94	Pulse	99	6960363	6239	1
A_HP_09	95	Picture	response150	6960930	236	1	40229	1	0	40000	hit	513
A_HP_09	95	Pulse	99	6980443	19749	1
A_HP_09	95	Response	2	6986832	26138	1
A_HP_09	95	Pulse	99	7000363	39669	1
A_HP_09	96	Picture	response145	7011388	294	1	40229	1	0	40000	incorrect	517
A_HP_09	96	Pulse	99	7020363	9270	1
A_HP_09	96	Response	2	7032642	21549	1
A_HP_09	96	Pulse	99	7040363	29269	1
A_HP_09	96	Pulse	99	7060363	49270	1
A_HP_09	97	Picture	response147	7061679	185	1	40229	1	0	40000	miss	0
A_HP_09	97	Pulse	99	7080363	18870	1
A_HP_09	97	Pulse	99	7100363	38870	1
A_HP_09	98	Picture	response151	7112137	243	1	40229	1	0	40000	incorrect	525
A_HP_09	98	Pulse	99	7120444	8550	1
A_HP_09	98	Response	2	7131332	19438	1
A_HP_09	98	Pulse	99	7140363	28469	1
A_HP_09	98	Pulse	99	7160363	48470	1
A_HP_09	99	Picture	response148	7162595	302	1	40229	1	0	40000	hit	530
A_HP_09	99	Pulse	99	7180443	18149	1
A_HP_09	99	Response	1	7189782	27488	1
A_HP_09	99	Pulse	99	7200363	38069	1
A_HP_09	100	Picture	response152	7212887	194	1	40229	1	0	40000	hit	534
A_HP_09	100	Pulse	99	7220363	7670	1
A_HP_09	100	Response	1	7233282	20589	1
A_HP_09	100	Pulse	99	7240443	27749	1
A_HP_09	100	Pulse	99	7260364	47670	1
A_HP_09	101	Picture	response149	7263345	251	1	40229	1	0	40000	hit	538
A_HP_09	101	Response	1	7279362	16268	1
A_HP_09	101	Pulse	99	7280363	17269	1
A_HP_09	101	Pulse	99	7300443	37349	1
A_HP_09	102	Picture	response146	7313637	144	1	40229	1	0	40000	hit	544
A_HP_09	102	Pulse	99	7320363	6870	1
A_HP_09	102	Pulse	99	7340363	26870	1
A_HP_09	102	Response	1	7343961	30468	1
A_HP_09	102	Pulse	99	7360363	46870	1
A_HP_09	103	Picture	ins17	7364262	368	1	30229	1	0	30000	other	0
A_HP_09	103	Pulse	99	7380363	16470	1
A_HP_09	103	Pulse	99	7400363	36470	1
A_HP_09	103	Pulse	99	7420363	56470	1
A_HP_09	103	Pulse	99	7440363	76470	1
A_HP_09	103	Pulse	99	7460364	96470	1
A_HP_09	103	Pulse	99	7480363	116470	1
A_HP_09	103	Pulse	99	7500443	136550	1
A_HP_09	103	Pulse	99	7520363	156470	1
A_HP_09	103	Pulse	99	7540363	176470	1
A_HP_09	103	Pulse	99	7560443	196550	1
A_HP_09	103	Pulse	99	7580363	216470	1
A_HP_09	103	Pulse	99	7600364	236470	1
A_HP_09	103	Pulse	99	7620443	256550	1
A_HP_09	103	Pulse	99	7640363	276470	1
A_HP_09	103	Pulse	99	7660363	296470	1
A_HP_09	104	Response	3	7680363	6239	1
A_HP_09	104	Pulse	99	7680363	6239	1
A_HP_09	105	Picture	response131	7681097	402	1	40230	1	0	40000	hit	566
A_HP_09	105	Pulse	99	7700363	19669	1
A_HP_09	105	Response	1	7705871	25177	1
A_HP_09	105	Pulse	99	7720363	39669	1
A_HP_09	106	Picture	response132	7731389	295	1	40230	1	0	40000	incorrect	570
A_HP_09	106	Pulse	99	7740363	9269	1
A_HP_09	106	Response	1	7748142	17048	1
A_HP_09	106	Pulse	99	7760363	29269	1
A_HP_09	106	Pulse	99	7780363	49269	1
A_HP_09	107	Picture	response129	7781680	186	1	40229	1	0	40000	hit	575
A_HP_09	107	Pulse	99	7800363	18869	1
A_HP_09	107	Response	1	7804122	22627	1
A_HP_09	107	Pulse	99	7820363	38869	1
A_HP_09	108	Picture	response133	7832139	245	1	40229	1	0	40000	hit	579
A_HP_09	108	Pulse	99	7840363	8469	1
A_HP_09	108	Response	1	7853612	21718	1
A_HP_09	108	Pulse	99	7860363	28469	1
A_HP_09	108	Pulse	99	7880443	48549	1
A_HP_09	109	Picture	response136	7882597	304	1	40229	1	0	40000	incorrect	584
A_HP_09	109	Pulse	99	7900363	18070	1
A_HP_09	109	Response	2	7906292	23998	1
A_HP_09	109	Pulse	99	7920363	38070	1
A_HP_09	110	Picture	response130	7932889	195	1	40229	1	0	40000	hit	589
A_HP_09	110	Pulse	99	7940443	7749	1
A_HP_09	110	Pulse	99	7960363	27669	1
A_HP_09	110	Response	2	7962631	29937	1
A_HP_09	110	Pulse	99	7980363	47669	1
A_HP_09	111	Picture	response135	7983347	254	1	40229	1	0	40000	hit	593
A_HP_09	111	Pulse	99	8000363	17271	1
A_HP_09	111	Response	2	8015412	32319	1
A_HP_09	111	Pulse	99	8020363	37270	1
A_HP_09	112	Picture	response134	8033638	145	1	40229	1	0	40000	hit	597
A_HP_09	112	Pulse	99	8040363	6870	1
A_HP_09	112	Response	2	8051542	18048	1
A_HP_09	112	Pulse	99	8060363	26869	1
A_HP_09	112	Pulse	99	8080362	46869	1
A_HP_09	113	Picture	ins23	8084263	370	1	30229	1	0	30000	other	0
A_HP_09	113	Pulse	99	8100363	16470	1
A_HP_09	113	Pulse	99	8120363	36470	1
A_HP_09	113	Pulse	99	8140363	56470	1
A_HP_09	113	Pulse	99	8160363	76470	1
A_HP_09	113	Pulse	99	8180362	96469	1
A_HP_09	113	Pulse	99	8200363	116470	1
A_HP_09	113	Pulse	99	8220363	136470	1
A_HP_09	113	Pulse	99	8240363	156470	1
A_HP_09	113	Pulse	99	8260363	176470	1
A_HP_09	113	Pulse	99	8280363	196470	1
A_HP_09	113	Pulse	99	8300363	216470	1
A_HP_09	113	Pulse	99	8320363	236470	1
A_HP_09	113	Pulse	99	8340362	256469	1
A_HP_09	113	Pulse	99	8360363	276470	1
A_HP_09	113	Pulse	99	8380363	296470	1
A_HP_09	114	Response	3	8400363	6240	1
A_HP_09	114	Pulse	99	8400363	6240	1
A_HP_09	115	Picture	response182	8401096	402	1	40229	1	0	40000	hit	620
A_HP_09	115	Pulse	99	8420363	19669	1
A_HP_09	115	Response	1	8429531	28838	1
A_HP_09	115	Pulse	99	8440362	39668	1
A_HP_09	116	Picture	response180	8451388	295	1	40229	1	0	40000	hit	625
A_HP_09	116	Pulse	99	8460363	9270	1
A_HP_09	116	Pulse	99	8480363	29270	1
A_HP_09	116	Response	1	8483471	32378	1
A_HP_09	116	Pulse	99	8500363	49270	1
A_HP_09	117	Picture	response177	8501679	187	1	40229	1	0	40000	incorrect	629
A_HP_09	117	Pulse	99	8520363	18870	1
A_HP_09	117	Response	2	8528841	27348	1
A_HP_09	117	Pulse	99	8540362	38869	1
A_HP_09	118	Picture	response179	8552138	244	1	40230	1	0	40000	incorrect	633
A_HP_09	118	Pulse	99	8560363	8469	1
A_HP_09	118	Response	2	8580191	28298	1
A_HP_09	118	Pulse	99	8580362	28468	1
A_HP_09	118	Pulse	99	8600363	48469	1
A_HP_09	119	Picture	response181	8602597	304	1	40230	1	0	40000	incorrect	638
A_HP_09	119	Pulse	99	8620362	18069	1
A_HP_09	119	Response	1	8634651	32359	1
A_HP_09	119	Pulse	99	8640363	38070	1
A_HP_09	120	Picture	response178	8652889	195	1	40229	1	0	40000	hit	642
A_HP_09	120	Pulse	99	8660363	7670	1
A_HP_09	120	Response	1	8674501	21808	1
A_HP_09	120	Pulse	99	8680362	27669	1
A_HP_09	120	Pulse	99	8700363	47669	1
A_HP_09	121	Picture	response183	8703347	254	1	40229	1	0	40000	hit	647
A_HP_09	121	Pulse	99	8720363	17270	1
A_HP_09	121	Response	2	8720761	17668	1
A_HP_09	121	Pulse	99	8740363	37269	1
A_HP_09	122	Picture	response184	8753639	145	1	40230	1	0	40000	hit	651
A_HP_09	122	Pulse	99	8760363	6869	1
A_HP_09	122	Response	1	8777862	24368	1
A_HP_09	122	Pulse	99	8780362	26869	1
A_HP_09	122	Pulse	99	8800363	46870	1
A_HP_09	123	Picture	thanks	8803764	0	1	10229	1	0	10000	other	0
A_HP_09	123	Pulse	99	8820363	16598	1


Event Type	Code	Type	Response	RT	RT Uncertainty	Time	Uncertainty	Duration	Uncertainty	ReqTime	ReqDur

Picture	ready	other				100678	1	10229	1	0	10000
Picture	ins9	other				161329	1	30229	1	0	30000
Picture	response72	hit	1	22652	2	481033	1	40229	1	0	40000
Picture	response69	incorrect	2	23852	2	531323	1	40229	1	0	40000
Picture	response71	hit	1	24724	2	581781	1	40177	1	0	40000
Picture	response67	hit	2	10718	2	632187	1	40229	1	0	40000
Picture	response66	incorrect	2	22041	2	682644	1	40229	1	0	40000
Picture	response65	hit	1	28303	2	733101	1	40229	1	0	40000
Picture	response70	hit	2	21972	2	783392	1	40229	1	0	40000
Picture	response68	hit	2	19885	2	833850	1	40229	1	0	40000
Picture	ins21	other				884141	1	30229	1	0	30000
Picture	response164	hit	1	22263	2	1201032	1	40229	1	0	40000
Picture	response163	hit	2	18661	2	1251323	1	40229	1	0	40000
Picture	response165	hit	2	36614	2	1301781	1	40229	1	0	40000
Picture	response166	hit	1	19996	2	1352239	1	40229	1	0	40000
Picture	response168	hit	2	14329	2	1402696	1	40229	1	0	40000
Picture	response162	hit	1	38658	2	1452987	1	40229	1	0	40000
Picture	response161	hit	1	16557	2	1503278	1	40229	1	0	40000
Picture	response167	hit	2	12313	2	1553902	1	40229	1	0	40000
Picture	ins11	other				1604193	1	30229	1	0	30000
Picture	response83	hit	1	22002	2	1921032	1	40229	1	0	40000
Picture	response85	incorrect	1	26481	2	1971323	1	40229	1	0	40000
Picture	response87	hit	1	23253	2	2021781	1	40229	1	0	40000
Picture	response84	hit	1	31145	2	2072239	1	40229	1	0	40000
Picture	response86	hit	1	24558	2	2122696	1	40229	1	0	40000
Picture	response81	hit	2	17987	2	2172987	1	40229	1	0	40000
Picture	response88	hit	2	16517	2	2223278	1	40229	1	0	40000
Picture	response82	hit	2	22392	2	2273902	1	40229	1	0	40000
Picture	ins1	other				2324193	1	30229	1	0	30000
Picture	response7	hit	2	15313	2	2641031	1	40229	1	0	40000
Picture	response6	hit	2	11111	2	2691323	1	40230	1	0	40000
Picture	response5	hit	2	13464	2	2741781	1	40229	1	0	40000
Picture	response3	hit	2	8156	2	2792239	1	40229	1	0	40000
Picture	response1	hit	2	12868	2	2842697	1	40229	1	0	40000
Picture	response2	hit	1	17386	2	2892989	1	40229	1	0	40000
Picture	response8	hit	2	24814	2	2943280	1	40229	1	0	40000
Picture	response4	hit	1	15089	2	2993905	1	40229	1	0	40000
Picture	ins15	other				3044197	1	30229	1	0	30000
Picture	response119	hit	1	15494	2	3361030	1	40229	1	0	40000
Picture	response118	incorrect	2	25732	2	3411321	1	40229	1	0	40000
Picture	response120	incorrect	2	16525	2	3461779	1	40229	1	0	40000
Picture	response113	hit	2	15477	2	3512237	1	40229	1	0	40000
Picture	response115	hit	2	25738	2	3562695	1	40229	1	0	40000
Picture	response114	hit	2	27557	2	3612986	1	40229	1	0	40000
Picture	response116	hit	1	18795	2	3663278	1	40229	1	0	40000
Picture	response117	incorrect	1	19752	2	3713902	1	40229	1	0	40000
Picture	ins3	other				3764193	1	30229	1	0	30000
Picture	response20	hit	2	12372	2	4080931	1	40229	1	0	40000
Picture	response18	hit	2	5835	2	4131389	1	40229	1	0	40000
Picture	response21	hit	1	4863	2	4181680	1	40230	1	0	40000
Picture	response22	hit	1	6065	2	4232139	1	40229	1	0	40000
Picture	response17	hit	2	5646	2	4282597	1	40229	1	0	40000
Picture	response24	hit	2	5605	2	4332888	1	40230	1	0	40000
Picture	response23	hit	2	5367	2	4383346	1	40229	1	0	40000
Picture	response19	hit	2	6536	2	4433637	1	40229	1	0	40000
Picture	ins13	other				4484262	1	30229	1	0	30000
Picture	response103	hit	1	9754	2	4801029	1	40229	1	0	40000
Picture	response97	hit	1	31131	2	4851321	1	40229	1	0	40000
Picture	response102	hit	1	13494	2	4901779	1	40230	1	0	40000
Picture	response101	hit	1	15205	2	4952237	1	40229	1	0	40000
Picture	response104	hit	2	14938	2	5002696	1	40229	1	0	40000
Picture	response99	hit	2	13335	2	5052987	1	40229	1	0	40000
Picture	response98	hit	2	27714	2	5103279	1	40229	1	0	40000
Picture	response100	hit	2	19049	2	5153904	1	40229	1	0	40000
Picture	ins7	other				5204196	1	30229	1	0	30000
Picture	response53	hit	1	13483	2	5521030	1	40229	1	0	40000
Picture	response51	hit	1	17901	2	5571322	1	40229	1	0	40000
Picture	response56	hit	2	7533	2	5621780	1	40229	1	0	40000
Picture	response50	hit	2	11754	2	5672238	1	40229	1	0	40000
Picture	response55	hit	2	7887	2	5722696	1	40229	1	0	40000
Picture	response52	hit	2	10135	2	5772988	1	40229	1	0	40000
Picture	response54	hit	1	7274	2	5823279	1	40229	1	0	40000
Picture	response49	hit	2	7528	2	5873904	1	40229	1	0	40000
Picture	ins5	other				5924196	1	30229	1	0	30000
Picture	response38	hit	2	13492	2	6240930	1	40229	1	0	40000
Picture	response34	hit	1	8464	2	6291388	1	40230	1	0	40000
Picture	response35	hit	2	5002	2	6341680	1	40229	1	0	40000
Picture	response40	hit	1	5834	2	6392139	1	40229	1	0	40000
Picture	response36	hit	1	4155	2	6442597	1	40229	1	0	40000
Picture	response33	hit	2	6814	2	6492889	1	40229	1	0	40000
Picture	response37	hit	1	5265	2	6543347	1	40229	1	0	40000
Picture	response39	hit	2	5324	2	6593638	1	40229	1	0	40000
Picture	ins19	other				6644263	1	30229	1	0	30000
Picture	response150	hit	2	25902	2	6960930	1	40229	1	0	40000
Picture	response145	incorrect	2	21255	2	7011388	1	40229	1	0	40000
Picture	response147	miss				7061679	1	40229	1	0	40000
Picture	response151	incorrect	2	19195	2	7112137	1	40229	1	0	40000
Picture	response148	hit	1	27186	2	7162595	1	40229	1	0	40000
Picture	response152	hit	1	20395	2	7212887	1	40229	1	0	40000
Picture	response149	hit	1	16017	2	7263345	1	40229	1	0	40000
Picture	response146	hit	1	30324	2	7313637	1	40229	1	0	40000
Picture	ins17	other				7364262	1	30229	1	0	30000
Picture	response131	hit	1	24775	2	7681097	1	40230	1	0	40000
Picture	response132	incorrect	1	16754	2	7731389	1	40230	1	0	40000
Picture	response129	hit	1	22441	2	7781680	1	40229	1	0	40000
Picture	response133	hit	1	21473	2	7832139	1	40229	1	0	40000
Picture	response136	incorrect	2	23695	2	7882597	1	40229	1	0	40000
Picture	response130	hit	2	29743	2	7932889	1	40229	1	0	40000
Picture	response135	hit	2	32065	2	7983347	1	40229	1	0	40000
Picture	response134	hit	2	17903	2	8033638	1	40229	1	0	40000
Picture	ins23	other				8084263	1	30229	1	0	30000
Picture	response182	hit	1	28435	2	8401096	1	40229	1	0	40000
Picture	response180	hit	1	32083	2	8451388	1	40229	1	0	40000
Picture	response177	incorrect	2	27162	2	8501679	1	40229	1	0	40000
Picture	response179	incorrect	2	28053	2	8552138	1	40230	1	0	40000
Picture	response181	incorrect	1	32055	2	8602597	1	40230	1	0	40000
Picture	response178	hit	1	21613	2	8652889	1	40229	1	0	40000
Picture	response183	hit	2	17415	2	8703347	1	40229	1	0	40000
Picture	response184	hit	1	24223	2	8753639	1	40230	1	0	40000
Picture	thanks	other				8803764	1	10229	1	0	10000


{
   "app": "Presentation Version 21.0 Build 06.06.19",
   "device": "LENOVO 20KHCTO1WW",
   "experiment": "{A2FC4E2A-B401-4E65-9CA9-5B09E294C871}",
   "os": "Windows 10 64 bit",
   "package": "",
   "parameters": {
      "configuration": "Default configuration"
   },
   "scenario": "Dimension experiment(1).sce",
   "subject": "A_HP_09",
   "timestamp": "2019/08/29 03:27:22 GMT"
}
