Scenario - 
Logfile written - 01/17/2020 15:17:12

Subject	Trial	Event Type	Code	Time	TTime	Uncertainty	Duration	Uncertainty	ReqTime	ReqDur	Stim Type	Pair Index

A_HP_49	1	Response	3	849424	848647	1
A_HP_49	1	Pulse	99	849424	848647	1
A_HP_49	2	Picture	ready	849559	0	1	10162	1	0	10000	other	0
A_HP_49	2	Pulse	99	869504	19944	1
A_HP_49	2	Pulse	99	889423	39864	1
A_HP_49	2	Pulse	99	909423	59864	1
A_HP_49	3	Picture	ins21	910032	141	1	30153	1	0	30000	other	0
A_HP_49	3	Pulse	99	929503	19612	1
A_HP_49	3	Pulse	99	949504	39612	1
A_HP_49	3	Pulse	99	969423	59532	1
A_HP_49	3	Pulse	99	989503	79612	1
A_HP_49	3	Pulse	99	1009504	99612	1
A_HP_49	3	Pulse	99	1029424	119532	1
A_HP_49	3	Pulse	99	1049503	139612	1
A_HP_49	3	Pulse	99	1069503	159612	1
A_HP_49	3	Pulse	99	1089424	179532	1
A_HP_49	3	Pulse	99	1109503	199612	1
A_HP_49	3	Pulse	99	1129504	219612	1
A_HP_49	3	Pulse	99	1149423	239532	1
A_HP_49	3	Pulse	99	1169503	259612	1
A_HP_49	3	Pulse	99	1189503	279612	1
A_HP_49	3	Pulse	99	1209423	299532	1
A_HP_49	4	Response	3	1229424	9365	1
A_HP_49	4	Pulse	99	1229424	9365	1
A_HP_49	5	Picture	response164	1229887	96	1	40148	1	0	40000	hit	27
A_HP_49	5	Pulse	99	1249504	19712	1
A_HP_49	5	Response	1	1258452	28661	1
A_HP_49	5	Pulse	99	1269424	39632	1
A_HP_49	6	Picture	response166	1280365	173	1	40148	1	0	40000	hit	31
A_HP_49	6	Pulse	99	1289424	9232	1
A_HP_49	6	Response	1	1297722	17530	1
A_HP_49	6	Pulse	99	1309503	29312	1
A_HP_49	6	Pulse	99	1329424	49232	1
A_HP_49	7	Picture	response163	1330675	83	1	40149	1	0	40000	hit	36
A_HP_49	7	Pulse	99	1349424	18832	1
A_HP_49	7	Response	2	1353772	23180	1
A_HP_49	7	Pulse	99	1369503	38912	1
A_HP_49	8	Picture	response162	1381152	160	1	40149	1	0	40000	hit	40
A_HP_49	8	Pulse	99	1389424	8432	1
A_HP_49	8	Response	1	1401532	20541	1
A_HP_49	8	Pulse	99	1409424	28432	1
A_HP_49	8	Pulse	99	1429503	48512	1
A_HP_49	9	Picture	response161	1431463	71	1	40148	1	0	40000	hit	45
A_HP_49	9	Pulse	99	1449424	18032	1
A_HP_49	9	Response	1	1461682	30291	1
A_HP_49	9	Pulse	99	1469424	38032	1
A_HP_49	10	Picture	response168	1481940	148	1	40148	1	0	40000	hit	49
A_HP_49	10	Pulse	99	1489504	7712	1
A_HP_49	10	Response	2	1506082	24291	1
A_HP_49	10	Pulse	99	1509424	27632	1
A_HP_49	10	Pulse	99	1529424	47632	1
A_HP_49	11	Picture	response165	1532251	59	1	40149	1	0	40000	hit	54
A_HP_49	11	Pulse	99	1549504	17312	1
A_HP_49	11	Response	2	1561032	28840	1
A_HP_49	11	Pulse	99	1569424	37232	1
A_HP_49	12	Picture	response167	1582728	136	1	40149	1	0	40000	hit	58
A_HP_49	12	Pulse	99	1589424	6832	1
A_HP_49	12	Response	2	1604462	21871	1
A_HP_49	12	Pulse	99	1609503	26912	1
A_HP_49	12	Pulse	99	1629424	46832	1
A_HP_49	13	Picture	ins11	1633038	46	1	30153	1	0	30000	other	0
A_HP_49	13	Pulse	99	1649424	16432	1
A_HP_49	13	Pulse	99	1669504	36512	1
A_HP_49	13	Pulse	99	1689424	56432	1
A_HP_49	13	Pulse	99	1709424	76432	1
A_HP_49	13	Pulse	99	1729504	96512	1
A_HP_49	13	Pulse	99	1749424	116432	1
A_HP_49	13	Pulse	99	1769424	136432	1
A_HP_49	13	Pulse	99	1789424	156432	1
A_HP_49	13	Pulse	99	1809424	176432	1
A_HP_49	13	Pulse	99	1829424	196432	1
A_HP_49	13	Pulse	99	1849424	216432	1
A_HP_49	13	Pulse	99	1869424	236432	1
A_HP_49	13	Pulse	99	1889424	256432	1
A_HP_49	13	Pulse	99	1909424	276432	1
A_HP_49	13	Pulse	99	1929424	296432	1
A_HP_49	14	Response	3	1949424	6359	1
A_HP_49	14	Pulse	99	1949424	6359	1
A_HP_49	15	Picture	response81	1949895	103	1	40148	1	0	40000	hit	81
A_HP_49	15	Pulse	99	1969424	19632	1
A_HP_49	15	Response	2	1969682	19890	1
A_HP_49	15	Pulse	99	1989425	39632	1
A_HP_49	16	Picture	response87	2000372	180	1	40149	1	0	40000	hit	85
A_HP_49	16	Pulse	99	2009424	9232	1
A_HP_49	16	Response	1	2016722	16530	1
A_HP_49	16	Pulse	99	2029425	29233	1
A_HP_49	16	Pulse	99	2049504	49312	1
A_HP_49	17	Picture	response84	2050683	90	1	40149	1	0	40000	hit	89
A_HP_49	17	Response	1	2062933	12341	1
A_HP_49	17	Pulse	99	2069424	18832	1
A_HP_49	17	Pulse	99	2089424	38832	1
A_HP_49	18	Picture	response86	2101160	168	1	40149	1	0	40000	hit	94
A_HP_49	18	Pulse	99	2109504	8512	1
A_HP_49	18	Response	1	2125973	24981	1
A_HP_49	18	Pulse	99	2129424	28431	1
A_HP_49	18	Pulse	99	2149424	48432	1
A_HP_49	19	Picture	response83	2151470	78	1	40148	1	0	40000	hit	98
A_HP_49	19	Response	1	2165203	13811	1
A_HP_49	19	Pulse	99	2169504	18112	1
A_HP_49	19	Pulse	99	2189424	38032	1
A_HP_49	20	Picture	response88	2201948	155	1	40148	1	0	40000	hit	103
A_HP_49	20	Pulse	99	2209424	7632	1
A_HP_49	20	Response	2	2228264	26471	1
A_HP_49	20	Pulse	99	2229504	27711	1
A_HP_49	20	Pulse	99	2249424	47632	1
A_HP_49	21	Picture	response82	2252258	65	1	40149	1	0	40000	hit	108
A_HP_49	21	Pulse	99	2269424	17232	1
A_HP_49	21	Response	2	2273333	21141	1
A_HP_49	21	Pulse	99	2289504	37312	1
A_HP_49	22	Picture	response85	2302735	143	1	40148	1	0	40000	hit	112
A_HP_49	22	Pulse	99	2309424	6832	1
A_HP_49	22	Response	2	2321503	18911	1
A_HP_49	22	Pulse	99	2329424	26832	1
A_HP_49	22	Pulse	99	2349424	46832	1
A_HP_49	23	Picture	ins19	2353046	53	1	30153	1	0	30000	other	0
A_HP_49	23	Pulse	99	2369424	16432	1
A_HP_49	23	Pulse	99	2389424	36432	1
A_HP_49	23	Pulse	99	2409425	56433	1
A_HP_49	23	Pulse	99	2429424	76432	1
A_HP_49	23	Pulse	99	2449424	96432	1
A_HP_49	23	Pulse	99	2469425	116432	1
A_HP_49	23	Pulse	99	2489424	136432	1
A_HP_49	23	Pulse	99	2509424	156432	1
A_HP_49	23	Pulse	99	2529424	176432	1
A_HP_49	23	Pulse	99	2549424	196432	1
A_HP_49	23	Pulse	99	2569424	216432	1
A_HP_49	23	Pulse	99	2589424	236432	1
A_HP_49	23	Pulse	99	2609424	256432	1
A_HP_49	23	Pulse	99	2629425	276433	1
A_HP_49	23	Pulse	99	2649425	296432	1
A_HP_49	24	Response	3	2669424	6352	1
A_HP_49	24	Pulse	99	2669424	6352	1
A_HP_49	25	Picture	response149	2669903	110	1	40148	1	0	40000	hit	135
A_HP_49	25	Pulse	99	2689424	19632	1
A_HP_49	25	Response	1	2691583	21791	1
A_HP_49	25	Pulse	99	2709424	39632	1
A_HP_49	26	Picture	response151	2720380	187	1	40149	1	0	40000	hit	139
A_HP_49	26	Pulse	99	2729424	9232	1
A_HP_49	26	Response	1	2742973	22780	1
A_HP_49	26	Pulse	99	2749424	29232	1
A_HP_49	26	Pulse	99	2769425	49232	1
A_HP_49	27	Picture	response150	2770690	98	1	40149	1	0	40000	hit	144
A_HP_49	27	Pulse	99	2789424	18832	1
A_HP_49	27	Response	2	2792423	21831	1
A_HP_49	27	Pulse	99	2809424	38832	1
A_HP_49	28	Picture	response152	2821168	175	1	40149	1	0	40000	hit	148
A_HP_49	28	Pulse	99	2829425	8432	1
A_HP_49	28	Response	1	2842363	21371	1
A_HP_49	28	Pulse	99	2849425	28432	1
A_HP_49	28	Pulse	99	2869426	48433	1
A_HP_49	29	Picture	response147	2871478	85	1	40149	1	0	40000	hit	152
A_HP_49	29	Response	2	2885813	14421	1
A_HP_49	29	Pulse	99	2889425	18032	1
A_HP_49	29	Pulse	99	2909424	38032	1
A_HP_49	30	Picture	response146	2921955	162	1	40149	1	0	40000	hit	157
A_HP_49	30	Pulse	99	2929424	7632	1
A_HP_49	30	Response	1	2944403	22611	1
A_HP_49	30	Pulse	99	2949425	27632	1
A_HP_49	30	Pulse	99	2969424	47632	1
A_HP_49	31	Picture	response148	2972265	73	1	40149	1	0	40000	hit	162
A_HP_49	31	Pulse	99	2989424	17232	1
A_HP_49	31	Response	1	2997414	25222	1
A_HP_49	31	Pulse	99	3009424	37232	1
A_HP_49	32	Picture	response145	3022743	150	1	40149	1	0	40000	hit	167
A_HP_49	32	Pulse	99	3029424	6832	1
A_HP_49	32	Pulse	99	3049425	26832	1
A_HP_49	32	Response	1	3054754	32161	1
A_HP_49	32	Pulse	99	3069425	46832	1
A_HP_49	33	Picture	ins17	3073053	61	1	30153	1	0	30000	other	0
A_HP_49	33	Pulse	99	3089425	16432	1
A_HP_49	33	Pulse	99	3109425	36432	1
A_HP_49	33	Pulse	99	3129425	56433	1
A_HP_49	33	Pulse	99	3149425	76432	1
A_HP_49	33	Pulse	99	3169424	96432	1
A_HP_49	33	Pulse	99	3189425	116432	1
A_HP_49	33	Pulse	99	3209425	136432	1
A_HP_49	33	Pulse	99	3229425	156432	1
A_HP_49	33	Pulse	99	3249425	176432	1
A_HP_49	33	Pulse	99	3269425	196432	1
A_HP_49	33	Pulse	99	3289425	216432	1
A_HP_49	33	Pulse	99	3309425	236432	1
A_HP_49	33	Pulse	99	3329425	256432	1
A_HP_49	33	Pulse	99	3349425	276432	1
A_HP_49	33	Pulse	99	3369425	296432	1
A_HP_49	34	Response	3	3389425	6345	1
A_HP_49	34	Pulse	99	3389425	6345	1
A_HP_49	35	Picture	response131	3389910	117	1	40149	1	0	40000	hit	189
A_HP_49	35	Pulse	99	3409425	19632	1
A_HP_49	35	Response	1	3417504	27711	1
A_HP_49	35	Pulse	99	3429425	39632	1
A_HP_49	36	Picture	response135	3440387	194	1	40149	1	0	40000	hit	193
A_HP_49	36	Pulse	99	3449425	9232	1
A_HP_49	36	Response	2	3454004	13810	1
A_HP_49	36	Pulse	99	3469425	29232	1
A_HP_49	36	Pulse	99	3489425	49232	1
A_HP_49	37	Picture	response130	3490698	105	1	40149	1	0	40000	hit	198
A_HP_49	37	Pulse	99	3509425	18832	1
A_HP_49	37	Response	2	3511104	20511	1
A_HP_49	37	Pulse	99	3529425	38832	1
A_HP_49	38	Picture	response134	3541175	182	1	40149	1	0	40000	hit	202
A_HP_49	38	Pulse	99	3549425	8432	1
A_HP_49	38	Response	2	3555633	14640	1
A_HP_49	38	Pulse	99	3569425	28432	1
A_HP_49	38	Pulse	99	3589425	48432	1
A_HP_49	39	Picture	response129	3591486	93	1	40148	1	0	40000	hit	207
A_HP_49	39	Pulse	99	3609425	18032	1
A_HP_49	39	Response	1	3620104	28711	1
A_HP_49	39	Pulse	99	3629425	38032	1
A_HP_49	40	Picture	response133	3641963	170	1	40148	1	0	40000	hit	211
A_HP_49	40	Pulse	99	3649425	7632	1
A_HP_49	40	Response	1	3656573	14780	1
A_HP_49	40	Pulse	99	3669425	27632	1
A_HP_49	40	Pulse	99	3689425	47632	1
A_HP_49	41	Picture	response136	3692273	80	1	40148	1	0	40000	hit	216
A_HP_49	41	Pulse	99	3709425	17232	1
A_HP_49	41	Response	1	3721034	28841	1
A_HP_49	41	Pulse	99	3729425	37232	1
A_HP_49	42	Picture	response132	3742750	157	1	40149	1	0	40000	incorrect	220
A_HP_49	42	Pulse	99	3749425	6832	1
A_HP_49	42	Response	1	3765534	22941	1
A_HP_49	42	Pulse	99	3769425	26832	1
A_HP_49	42	Pulse	99	3789425	46832	1
A_HP_49	43	Picture	ins5	3793061	68	1	30153	1	0	30000	other	0
A_HP_49	43	Pulse	99	3809425	16432	1
A_HP_49	43	Pulse	99	3829425	36432	1
A_HP_49	43	Pulse	99	3849425	56432	1
A_HP_49	43	Pulse	99	3869425	76432	1
A_HP_49	43	Pulse	99	3889425	96432	1
A_HP_49	43	Pulse	99	3909425	116432	1
A_HP_49	43	Pulse	99	3929425	136432	1
A_HP_49	43	Pulse	99	3949425	156432	1
A_HP_49	43	Pulse	99	3969425	176432	1
A_HP_49	43	Pulse	99	3989425	196432	1
A_HP_49	43	Pulse	99	4009425	216432	1
A_HP_49	43	Pulse	99	4029425	236432	1
A_HP_49	43	Pulse	99	4049425	256432	1
A_HP_49	43	Pulse	99	4069425	276432	1
A_HP_49	43	Pulse	99	4089425	296432	1
A_HP_49	44	Response	3	4109425	6338	1
A_HP_49	44	Pulse	99	4109425	6338	1
A_HP_49	45	Picture	response36	4109918	124	1	40149	1	0	40000	hit	242
A_HP_49	45	Response	1	4116234	6440	1
A_HP_49	45	Pulse	99	4129425	19632	1
A_HP_49	45	Pulse	99	4149425	39632	1
A_HP_49	46	Picture	response38	4160395	202	1	40149	1	0	40000	hit	246
A_HP_49	46	Response	2	4166214	6020	1
A_HP_49	46	Pulse	99	4169425	9232	1
A_HP_49	46	Pulse	99	4189425	29232	1
A_HP_49	46	Pulse	99	4209425	49232	1
A_HP_49	47	Picture	response34	4210705	112	1	40148	1	0	40000	hit	251
A_HP_49	47	Response	1	4215604	5011	1
A_HP_49	47	Pulse	99	4229425	18832	1
A_HP_49	47	Pulse	99	4249425	38832	1
A_HP_49	48	Picture	response40	4261183	189	1	40148	1	0	40000	hit	255
A_HP_49	48	Response	1	4266234	5240	1
A_HP_49	48	Pulse	99	4269425	8432	1
A_HP_49	48	Pulse	99	4289425	28432	1
A_HP_49	48	Pulse	99	4309425	48432	1
A_HP_49	49	Picture	response39	4311493	100	1	40148	1	0	40000	hit	260
A_HP_49	49	Response	2	4318564	7171	1
A_HP_49	49	Pulse	99	4329425	18031	1
A_HP_49	49	Pulse	99	4349426	38032	1
A_HP_49	50	Picture	response35	4361970	177	1	40148	1	0	40000	hit	264
A_HP_49	50	Response	2	4366744	4950	1
A_HP_49	50	Pulse	99	4369425	7632	1
A_HP_49	50	Pulse	99	4389425	27632	1
A_HP_49	50	Pulse	99	4409425	47632	1
A_HP_49	51	Picture	response37	4412281	87	1	40148	1	0	40000	hit	269
A_HP_49	51	Response	1	4418614	6420	1
A_HP_49	51	Pulse	99	4429426	17232	1
A_HP_49	51	Pulse	99	4449425	37232	1
A_HP_49	52	Picture	response33	4462758	165	1	40149	1	0	40000	hit	273
A_HP_49	52	Response	2	4468534	5941	1
A_HP_49	52	Pulse	99	4469426	6833	1
A_HP_49	52	Pulse	99	4489425	26832	1
A_HP_49	52	Pulse	99	4509425	46832	1
A_HP_49	53	Picture	ins1	4513069	75	1	30153	1	0	30000	other	0
A_HP_49	53	Pulse	99	4529425	16432	1
A_HP_49	53	Pulse	99	4549425	36432	1
A_HP_49	53	Pulse	99	4569426	56432	1
A_HP_49	53	Pulse	99	4589425	76432	1
A_HP_49	53	Pulse	99	4609426	96433	1
A_HP_49	53	Pulse	99	4629425	116432	1
A_HP_49	53	Pulse	99	4649425	136432	1
A_HP_49	53	Pulse	99	4669425	156432	1
A_HP_49	53	Pulse	99	4689426	176432	1
A_HP_49	53	Pulse	99	4709426	196432	1
A_HP_49	53	Pulse	99	4729426	216432	1
A_HP_49	53	Pulse	99	4749425	236432	1
A_HP_49	53	Pulse	99	4769425	256432	1
A_HP_49	53	Pulse	99	4789426	276432	1
A_HP_49	53	Pulse	99	4809426	296432	1
A_HP_49	54	Response	3	4829426	6331	1
A_HP_49	54	Pulse	99	4829426	6331	1
A_HP_49	55	Picture	response4	4829925	132	1	40149	1	0	40000	hit	297
A_HP_49	55	Pulse	99	4849426	19632	1
A_HP_49	55	Response	1	4855014	25221	1
A_HP_49	55	Pulse	99	4869426	39632	1
A_HP_49	56	Picture	response6	4880236	42	1	40149	1	0	40000	hit	300
A_HP_49	56	Response	2	4888654	8460	1
A_HP_49	56	Pulse	99	4889425	9232	1
A_HP_49	56	Pulse	99	4909426	29232	1
A_HP_49	56	Pulse	99	4929426	49232	1
A_HP_49	57	Picture	response7	4930713	119	1	40148	1	0	40000	hit	305
A_HP_49	57	Response	2	4943764	13171	1
A_HP_49	57	Pulse	99	4949426	18832	1
A_HP_49	57	Pulse	99	4969426	38832	1
A_HP_49	58	Picture	response1	4981190	196	1	40149	1	0	40000	hit	310
A_HP_49	58	Pulse	99	4989426	8432	1
A_HP_49	58	Response	2	4996965	15971	1
A_HP_49	58	Pulse	99	5009426	28432	1
A_HP_49	58	Pulse	99	5029426	48432	1
A_HP_49	59	Picture	response5	5031501	107	1	40149	1	0	40000	hit	314
A_HP_49	59	Response	2	5038235	6841	1
A_HP_49	59	Pulse	99	5049427	18033	1
A_HP_49	59	Pulse	99	5069426	38032	1
A_HP_49	60	Picture	response2	5081978	184	1	40149	1	0	40000	hit	318
A_HP_49	60	Response	1	5089274	7480	1
A_HP_49	60	Pulse	99	5089425	7631	1
A_HP_49	60	Pulse	99	5109426	27632	1
A_HP_49	60	Pulse	99	5129426	47632	1
A_HP_49	61	Picture	response8	5132289	95	1	40148	1	0	40000	hit	323
A_HP_49	61	Response	2	5140494	8300	1
A_HP_49	61	Pulse	99	5149426	17232	1
A_HP_49	61	Pulse	99	5169426	37232	1
A_HP_49	62	Picture	response3	5182766	172	1	40148	1	0	40000	hit	328
A_HP_49	62	Pulse	99	5189426	6832	1
A_HP_49	62	Response	2	5193974	11380	1
A_HP_49	62	Pulse	99	5209426	26832	1
A_HP_49	62	Pulse	99	5229426	46832	1
A_HP_49	63	Picture	ins9	5233076	82	1	30153	1	0	30000	other	0
A_HP_49	63	Pulse	99	5249426	16432	1
A_HP_49	63	Pulse	99	5269426	36432	1
A_HP_49	63	Pulse	99	5289426	56432	1
A_HP_49	63	Pulse	99	5309426	76432	1
A_HP_49	63	Pulse	99	5329426	96432	1
A_HP_49	63	Pulse	99	5349427	116433	1
A_HP_49	63	Pulse	99	5369426	136432	1
A_HP_49	63	Pulse	99	5389426	156432	1
A_HP_49	63	Pulse	99	5409426	176432	1
A_HP_49	63	Pulse	99	5429426	196432	1
A_HP_49	63	Pulse	99	5449427	216433	1
A_HP_49	63	Pulse	99	5469426	236432	1
A_HP_49	63	Pulse	99	5489426	256432	1
A_HP_49	63	Pulse	99	5509426	276432	1
A_HP_49	63	Pulse	99	5529426	296432	1
A_HP_49	64	Response	3	5549426	6323	1
A_HP_49	64	Pulse	99	5549426	6323	1
A_HP_49	65	Picture	response67	5549933	139	1	40149	1	0	40000	hit	351
A_HP_49	65	Pulse	99	5569426	19632	1
A_HP_49	65	Response	2	5574166	24371	1
A_HP_49	65	Pulse	99	5589426	39632	1
A_HP_49	66	Picture	response65	5600244	49	1	40148	1	0	40000	hit	355
A_HP_49	66	Pulse	99	5609426	9232	1
A_HP_49	66	Response	1	5619515	19321	1
A_HP_49	66	Pulse	99	5629426	29232	1
A_HP_49	66	Pulse	99	5649346	49152	1
A_HP_49	67	Picture	response70	5650721	126	1	40148	1	0	40000	hit	360
A_HP_49	67	Pulse	99	5669426	18832	1
A_HP_49	67	Response	2	5672045	21450	1
A_HP_49	67	Pulse	99	5689426	38832	1
A_HP_49	68	Picture	response72	5701198	204	1	40149	1	0	40000	hit	364
A_HP_49	68	Pulse	99	5709426	8432	1
A_HP_49	68	Response	1	5724515	23521	1
A_HP_49	68	Pulse	99	5729426	28432	1
A_HP_49	68	Pulse	99	5749426	48432	1
A_HP_49	69	Picture	response66	5751508	114	1	40148	1	0	40000	hit	369
A_HP_49	69	Pulse	99	5769426	18032	1
A_HP_49	69	Response	1	5773935	22541	1
A_HP_49	69	Pulse	99	5789426	38032	1
A_HP_49	70	Picture	response68	5801986	191	1	40149	1	0	40000	hit	373
A_HP_49	70	Pulse	99	5809426	7632	1
A_HP_49	70	Response	2	5817935	16140	1
A_HP_49	70	Pulse	99	5829426	27632	1
A_HP_49	70	Pulse	99	5849426	47632	1
A_HP_49	71	Picture	response71	5852296	102	1	40149	1	0	40000	hit	378
A_HP_49	71	Pulse	99	5869426	17232	1
A_HP_49	71	Response	1	5876835	24640	1
A_HP_49	71	Pulse	99	5889426	37232	1
A_HP_49	72	Picture	response69	5902773	179	1	40148	1	0	40000	hit	382
A_HP_49	72	Pulse	99	5909426	6832	1
A_HP_49	72	Response	1	5923695	21101	1
A_HP_49	72	Pulse	99	5929426	26832	1
A_HP_49	72	Pulse	99	5949426	46832	1
A_HP_49	73	Picture	ins7	5953084	89	1	30153	1	0	30000	other	0
A_HP_49	73	Pulse	99	5969426	16432	1
A_HP_49	73	Pulse	99	5989426	36432	1
A_HP_49	73	Pulse	99	6009426	56432	1
A_HP_49	73	Pulse	99	6029426	76432	1
A_HP_49	73	Pulse	99	6049426	96432	1
A_HP_49	73	Pulse	99	6069426	116432	1
A_HP_49	73	Pulse	99	6089426	136432	1
A_HP_49	73	Pulse	99	6109427	156432	1
A_HP_49	73	Pulse	99	6129426	176432	1
A_HP_49	73	Pulse	99	6149426	196432	1
A_HP_49	73	Pulse	99	6169426	216432	1
A_HP_49	73	Pulse	99	6189426	236432	1
A_HP_49	73	Pulse	99	6209346	256352	1
A_HP_49	73	Pulse	99	6229426	276432	1
A_HP_49	73	Pulse	99	6249426	296432	1
A_HP_49	74	Response	3	6269347	6236	1
A_HP_49	74	Pulse	99	6269347	6236	1
A_HP_49	75	Picture	response49	6269774	79	1	40148	1	0	40000	hit	404
A_HP_49	75	Response	2	6279347	9652	1
A_HP_49	75	Pulse	99	6289426	19732	1
A_HP_49	75	Pulse	99	6309426	39732	1
A_HP_49	76	Picture	response55	6320251	156	1	40148	1	0	40000	hit	408
A_HP_49	76	Response	2	6328155	8060	1
A_HP_49	76	Pulse	99	6329345	9251	1
A_HP_49	76	Pulse	99	6349426	29332	1
A_HP_49	76	Pulse	99	6369426	49332	1
A_HP_49	77	Picture	response56	6370562	67	1	40149	1	0	40000	hit	413
A_HP_49	77	Response	2	6378605	8111	1
A_HP_49	77	Pulse	99	6389346	18852	1
A_HP_49	77	Pulse	99	6409426	38932	1
A_HP_49	78	Picture	response53	6421039	144	1	40149	1	0	40000	hit	417
A_HP_49	78	Response	1	6427695	6801	1
A_HP_49	78	Pulse	99	6429426	8531	1
A_HP_49	78	Pulse	99	6449347	28452	1
A_HP_49	78	Pulse	99	6469427	48532	1
A_HP_49	79	Picture	response54	6471516	221	1	40149	1	0	40000	hit	422
A_HP_49	79	Response	1	6482145	10851	1
A_HP_49	79	Pulse	99	6489426	18132	1
A_HP_49	79	Pulse	99	6509347	38052	1
A_HP_49	80	Picture	response50	6521827	132	1	40148	1	0	40000	hit	426
A_HP_49	80	Response	2	6527886	6191	1
A_HP_49	80	Pulse	99	6529426	7731	1
A_HP_49	80	Pulse	99	6549426	27732	1
A_HP_49	80	Pulse	99	6569347	47652	1
A_HP_49	81	Picture	response51	6572304	209	1	40148	1	0	40000	incorrect	432
A_HP_49	81	Pulse	99	6589426	17332	1
A_HP_49	81	Response	2	6593906	21811	1
A_HP_49	81	Pulse	99	6609427	37333	1
A_HP_49	82	Picture	response52	6622614	119	1	40149	1	0	40000	hit	436
A_HP_49	82	Pulse	99	6629347	6852	1
A_HP_49	82	Response	2	6637836	15342	1
A_HP_49	82	Pulse	99	6649426	26932	1
A_HP_49	82	Pulse	99	6669427	46932	1
A_HP_49	83	Picture	ins3	6673091	197	1	30153	1	0	30000	other	0
A_HP_49	83	Pulse	99	6689347	16452	1
A_HP_49	83	Pulse	99	6709427	36532	1
A_HP_49	83	Pulse	99	6729427	56532	1
A_HP_49	83	Pulse	99	6749347	76452	1
A_HP_49	83	Pulse	99	6769427	96532	1
A_HP_49	83	Pulse	99	6789427	116532	1
A_HP_49	83	Pulse	99	6809347	136452	1
A_HP_49	83	Pulse	99	6829347	156452	1
A_HP_49	83	Pulse	99	6849427	176532	1
A_HP_49	83	Pulse	99	6869347	196452	1
A_HP_49	83	Pulse	99	6889347	216452	1
A_HP_49	83	Pulse	99	6909427	236533	1
A_HP_49	83	Pulse	99	6929347	256452	1
A_HP_49	83	Pulse	99	6949346	276451	1
A_HP_49	83	Pulse	99	6969427	296533	1
A_HP_49	84	Response	3	6989347	6396	1
A_HP_49	84	Pulse	99	6989347	6396	1
A_HP_49	85	Picture	response19	6989782	87	1	40148	1	0	40000	hit	458
A_HP_49	85	Response	2	7002416	12721	1
A_HP_49	85	Pulse	99	7009347	19652	1
A_HP_49	85	Pulse	99	7029427	39732	1
A_HP_49	86	Picture	response24	7040259	164	1	40149	1	0	40000	hit	462
A_HP_49	86	Response	2	7046305	6210	1
A_HP_49	86	Pulse	99	7049427	9332	1
A_HP_49	86	Pulse	99	7069347	29252	1
A_HP_49	86	Pulse	99	7089427	49332	1
A_HP_49	87	Picture	response18	7090736	241	1	40149	1	0	40000	hit	467
A_HP_49	87	Response	2	7095305	4810	1
A_HP_49	87	Pulse	99	7109427	18932	1
A_HP_49	87	Pulse	99	7129347	38852	1
A_HP_49	88	Picture	response17	7141046	151	1	40149	1	0	40000	hit	471
A_HP_49	88	Response	2	7146085	5190	1
A_HP_49	88	Pulse	99	7149427	8532	1
A_HP_49	88	Pulse	99	7169427	28532	1
A_HP_49	88	Pulse	99	7189347	48452	1
A_HP_49	89	Picture	response23	7191524	228	1	40149	1	0	40000	hit	476
A_HP_49	89	Response	2	7196126	4831	1
A_HP_49	89	Pulse	99	7209427	18132	1
A_HP_49	89	Pulse	99	7229427	38132	1
A_HP_49	90	Picture	response21	7241834	139	1	40148	1	0	40000	hit	480
A_HP_49	90	Response	1	7246386	4691	1
A_HP_49	90	Pulse	99	7249347	7652	1
A_HP_49	90	Pulse	99	7269427	27732	1
A_HP_49	90	Pulse	99	7289427	47732	1
A_HP_49	91	Picture	response20	7292145	50	1	40149	1	0	40000	hit	485
A_HP_49	91	Response	2	7297776	5680	1
A_HP_49	91	Pulse	99	7309347	17252	1
A_HP_49	91	Pulse	99	7329427	37332	1
A_HP_49	92	Picture	response22	7342622	127	1	40149	1	0	40000	hit	489
A_HP_49	92	Response	1	7346806	4311	1
A_HP_49	92	Pulse	99	7349427	6932	1
A_HP_49	92	Pulse	99	7369347	26852	1
A_HP_49	92	Pulse	99	7389347	46852	1
A_HP_49	93	Picture	ins13	7392932	37	1	30153	1	0	30000	other	0
A_HP_49	93	Pulse	99	7409427	16532	1
A_HP_49	93	Pulse	99	7429348	36452	1
A_HP_49	93	Pulse	99	7449347	56452	1
A_HP_49	93	Pulse	99	7469427	76532	1
A_HP_49	93	Pulse	99	7489347	96452	1
A_HP_49	93	Pulse	99	7509348	116453	1
A_HP_49	93	Pulse	99	7529428	136533	1
A_HP_49	93	Pulse	99	7549347	156452	1
A_HP_49	93	Pulse	99	7569347	176452	1
A_HP_49	93	Pulse	99	7589427	196532	1
A_HP_49	93	Pulse	99	7609347	216452	1
A_HP_49	93	Pulse	99	7629348	236453	1
A_HP_49	93	Pulse	99	7649427	256532	1
A_HP_49	93	Pulse	99	7669347	276452	1
A_HP_49	93	Pulse	99	7689347	296452	1
A_HP_49	94	Response	3	7709427	6468	1
A_HP_49	94	Pulse	99	7709427	6468	1
A_HP_49	95	Picture	response97	7709956	160	1	40149	1	0	40000	hit	512
A_HP_49	95	Response	1	7720076	10280	1
A_HP_49	95	Pulse	99	7729347	19552	1
A_HP_49	95	Pulse	99	7749347	39552	1
A_HP_49	96	Picture	response103	7760266	71	1	40148	1	0	40000	hit	517
A_HP_49	96	Pulse	99	7769427	9232	1
A_HP_49	96	Response	1	7771766	11570	1
A_HP_49	96	Pulse	99	7789347	29152	1
A_HP_49	96	Pulse	99	7809347	49152	1
A_HP_49	97	Picture	response99	7810743	148	1	40149	1	0	40000	hit	521
A_HP_49	97	Response	2	7819496	8901	1
A_HP_49	97	Pulse	99	7829427	18832	1
A_HP_49	97	Pulse	99	7849347	38752	1
A_HP_49	98	Picture	response104	7861054	59	1	40149	1	0	40000	hit	526
A_HP_49	98	Pulse	99	7869347	8352	1
A_HP_49	98	Response	2	7870005	9010	1
A_HP_49	98	Pulse	99	7889427	28432	1
A_HP_49	98	Pulse	99	7909347	48352	1
A_HP_49	99	Picture	response102	7911531	136	1	40149	1	0	40000	hit	530
A_HP_49	99	Response	1	7920586	9191	1
A_HP_49	99	Pulse	99	7929347	17952	1
A_HP_49	99	Pulse	99	7949347	37952	1
A_HP_49	100	Picture	response101	7962008	213	1	40148	1	0	40000	hit	534
A_HP_49	100	Response	1	7967676	5880	1
A_HP_49	100	Pulse	99	7969347	7551	1
A_HP_49	100	Pulse	99	7989347	27552	1
A_HP_49	100	Pulse	99	8009347	47552	1
A_HP_49	101	Picture	response100	8012319	123	1	40149	1	0	40000	hit	539
A_HP_49	101	Response	2	8023546	11351	1
A_HP_49	101	Pulse	99	8029347	17152	1
A_HP_49	101	Pulse	99	8049347	37152	1
A_HP_49	102	Picture	response98	8062796	200	1	40149	1	0	40000	hit	544
A_HP_49	102	Pulse	99	8069347	6752	1
A_HP_49	102	Response	2	8088776	26180	1
A_HP_49	102	Pulse	99	8089347	26751	1
A_HP_49	102	Pulse	99	8109347	46752	1
A_HP_49	103	Picture	ins23	8113107	111	1	30153	1	0	30000	other	0
A_HP_49	103	Pulse	99	8129349	16353	1
A_HP_49	103	Pulse	99	8149348	36352	1
A_HP_49	103	Pulse	99	8169347	56352	1
A_HP_49	103	Pulse	99	8189347	76352	1
A_HP_49	103	Pulse	99	8209348	96352	1
A_HP_49	103	Pulse	99	8229348	116352	1
A_HP_49	103	Pulse	99	8249347	136352	1
A_HP_49	103	Pulse	99	8269347	156352	1
A_HP_49	103	Pulse	99	8289347	176352	1
A_HP_49	103	Pulse	99	8309347	196352	1
A_HP_49	103	Pulse	99	8329348	216352	1
A_HP_49	103	Pulse	99	8349347	236352	1
A_HP_49	103	Pulse	99	8369348	256352	1
A_HP_49	103	Pulse	99	8389428	276432	1
A_HP_49	103	Pulse	99	8409347	296352	1
A_HP_49	104	Response	3	8429347	6214	1
A_HP_49	104	Pulse	99	8429347	6214	1
A_HP_49	105	Picture	response180	8429797	101	1	40149	1	0	40000	hit	566
A_HP_49	105	Response	1	8448487	18791	1
A_HP_49	105	Pulse	99	8449428	19732	1
A_HP_49	105	Pulse	99	8469348	39652	1
A_HP_49	106	Picture	response178	8480274	178	1	40148	1	0	40000	hit	571
A_HP_49	106	Pulse	99	8489347	9251	1
A_HP_49	106	Response	1	8494536	14440	1
A_HP_49	106	Pulse	99	8509427	29332	1
A_HP_49	106	Pulse	99	8529348	49252	1
A_HP_49	107	Picture	response183	8530584	89	1	40148	1	0	40000	hit	575
A_HP_49	107	Response	2	8546996	16500	1
A_HP_49	107	Pulse	99	8549347	18851	1
A_HP_49	107	Pulse	99	8569348	38852	1
A_HP_49	108	Picture	response181	8581062	166	1	40149	1	0	40000	hit	581
A_HP_49	108	Pulse	99	8589348	8452	1
A_HP_49	108	Pulse	99	8609348	28452	1
A_HP_49	108	Response	2	8609905	29010	1
A_HP_49	108	Pulse	99	8629348	48452	1
A_HP_49	109	Picture	response182	8631539	243	1	40148	1	0	40000	hit	584
A_HP_49	109	Response	1	8647886	16590	1
A_HP_49	109	Pulse	99	8649347	18052	1
A_HP_49	109	Pulse	99	8669348	38052	1
A_HP_49	110	Picture	response179	8681849	153	1	40149	1	0	40000	hit	589
A_HP_49	110	Pulse	99	8689348	7652	1
A_HP_49	110	Response	1	8704227	22531	1
A_HP_49	110	Pulse	99	8709347	27651	1
A_HP_49	110	Pulse	99	8729348	47652	1
A_HP_49	111	Picture	response184	8732160	64	1	40149	1	0	40000	hit	594
A_HP_49	111	Pulse	99	8749348	17252	1
A_HP_49	111	Response	1	8754536	22440	1
A_HP_49	111	Pulse	99	8769348	37252	1
A_HP_49	112	Picture	response177	8782637	141	1	40148	1	0	40000	hit	598
A_HP_49	112	Pulse	99	8789348	6852	1
A_HP_49	112	Response	1	8808077	25581	1
A_HP_49	112	Pulse	99	8809348	26852	1
A_HP_49	112	Pulse	99	8829348	46852	1
A_HP_49	113	Picture	ins15	8832948	52	1	30153	1	0	30000	other	0
A_HP_49	113	Pulse	99	8849349	16453	1
A_HP_49	113	Pulse	99	8869349	36453	1
A_HP_49	113	Pulse	99	8889348	56452	1
A_HP_49	113	Pulse	99	8909348	76452	1
A_HP_49	113	Pulse	99	8929348	96452	1
A_HP_49	113	Pulse	99	8949348	116452	1
A_HP_49	113	Pulse	99	8969348	136452	1
A_HP_49	113	Pulse	99	8989348	156452	1
A_HP_49	113	Pulse	99	9009348	176452	1
A_HP_49	113	Pulse	99	9029348	196452	1
A_HP_49	113	Pulse	99	9049348	216452	1
A_HP_49	113	Pulse	99	9069348	236452	1
A_HP_49	113	Pulse	99	9089348	256452	1
A_HP_49	113	Pulse	99	9109348	276452	1
A_HP_49	113	Pulse	99	9129348	296452	1
A_HP_49	114	Response	3	9149348	6374	1
A_HP_49	114	Pulse	99	9149348	6374	1
A_HP_49	115	Picture	response117	9149804	108	1	40148	1	0	40000	hit	620
A_HP_49	115	Response	2	9161237	11540	1
A_HP_49	115	Pulse	99	9169348	19651	1
A_HP_49	115	Pulse	99	9189348	39652	1
A_HP_49	116	Picture	response119	9200281	185	1	40148	1	0	40000	hit	625
A_HP_49	116	Pulse	99	9209348	9252	1
A_HP_49	116	Response	1	9223228	23131	1
A_HP_49	116	Pulse	99	9229348	29252	1
A_HP_49	116	Pulse	99	9249348	49252	1
A_HP_49	117	Picture	response113	9250592	96	1	40148	1	0	40000	hit	629
A_HP_49	117	Response	2	9261797	11301	1
A_HP_49	117	Pulse	99	9269348	18852	1
A_HP_49	117	Pulse	99	9289348	38852	1
A_HP_49	118	Picture	response116	9301069	173	1	40149	1	0	40000	hit	634
A_HP_49	118	Pulse	99	9309348	8452	1
A_HP_49	118	Response	1	9315737	14840	1
A_HP_49	118	Pulse	99	9329348	28452	1
A_HP_49	118	Pulse	99	9349348	48452	1
A_HP_49	119	Picture	response115	9351546	250	1	40149	1	0	40000	hit	639
A_HP_49	119	Pulse	99	9369348	18052	1
A_HP_49	119	Response	2	9378947	27650	1
A_HP_49	119	Pulse	99	9389348	38052	1
A_HP_49	120	Picture	response114	9401857	161	1	40149	1	0	40000	hit	643
A_HP_49	120	Pulse	99	9409348	7652	1
A_HP_49	120	Response	2	9425747	24051	1
A_HP_49	120	Pulse	99	9429348	27652	1
A_HP_49	120	Pulse	99	9449348	47652	1
A_HP_49	121	Picture	response118	9452168	71	1	40148	1	0	40000	hit	647
A_HP_49	121	Response	1	9461237	9140	1
A_HP_49	121	Pulse	99	9469348	17252	1
A_HP_49	121	Pulse	99	9489348	37252	1
A_HP_49	122	Picture	response120	9502644	148	1	40149	1	0	40000	hit	652
A_HP_49	122	Pulse	99	9509348	6852	1
A_HP_49	122	Response	1	9527157	24661	1
A_HP_49	122	Pulse	99	9529347	26851	1
A_HP_49	122	Pulse	99	9549348	46852	1
A_HP_49	123	Picture	thanks	9552622	0	1	10162	1	0	10000	other	0
A_HP_49	123	Pulse	99	9569349	16727	1


Event Type	Code	Type	Response	RT	RT Uncertainty	Time	Uncertainty	Duration	Uncertainty	ReqTime	ReqDur

Picture	ready	other				849559	1	10162	1	0	10000
Picture	ins21	other				910032	1	30153	1	0	30000
Picture	response164	hit	1	28565	2	1229887	1	40148	1	0	40000
Picture	response166	hit	1	17358	2	1280365	1	40148	1	0	40000
Picture	response163	hit	2	23097	2	1330675	1	40149	1	0	40000
Picture	response162	hit	1	20380	2	1381152	1	40149	1	0	40000
Picture	response161	hit	1	30219	2	1431463	1	40148	1	0	40000
Picture	response168	hit	2	24142	2	1481940	1	40148	1	0	40000
Picture	response165	hit	2	28782	2	1532251	1	40149	1	0	40000
Picture	response167	hit	2	21735	2	1582728	1	40149	1	0	40000
Picture	ins11	other				1633038	1	30153	1	0	30000
Picture	response81	hit	2	19787	2	1949895	1	40148	1	0	40000
Picture	response87	hit	1	16350	2	2000372	1	40149	1	0	40000
Picture	response84	hit	1	12250	2	2050683	1	40149	1	0	40000
Picture	response86	hit	1	24814	2	2101160	1	40149	1	0	40000
Picture	response83	hit	1	13733	2	2151470	1	40148	1	0	40000
Picture	response88	hit	2	26316	2	2201948	1	40148	1	0	40000
Picture	response82	hit	2	21075	2	2252258	1	40149	1	0	40000
Picture	response85	hit	2	18768	2	2302735	1	40148	1	0	40000
Picture	ins19	other				2353046	1	30153	1	0	30000
Picture	response149	hit	1	21681	2	2669903	1	40148	1	0	40000
Picture	response151	hit	1	22593	2	2720380	1	40149	1	0	40000
Picture	response150	hit	2	21733	2	2770690	1	40149	1	0	40000
Picture	response152	hit	1	21196	2	2821168	1	40149	1	0	40000
Picture	response147	hit	2	14335	2	2871478	1	40149	1	0	40000
Picture	response146	hit	1	22448	2	2921955	1	40149	1	0	40000
Picture	response148	hit	1	25149	2	2972265	1	40149	1	0	40000
Picture	response145	hit	1	32011	2	3022743	1	40149	1	0	40000
Picture	ins17	other				3073053	1	30153	1	0	30000
Picture	response131	hit	1	27594	2	3389910	1	40149	1	0	40000
Picture	response135	hit	2	13616	2	3440387	1	40149	1	0	40000
Picture	response130	hit	2	20406	2	3490698	1	40149	1	0	40000
Picture	response134	hit	2	14458	2	3541175	1	40149	1	0	40000
Picture	response129	hit	1	28618	2	3591486	1	40148	1	0	40000
Picture	response133	hit	1	14611	2	3641963	1	40148	1	0	40000
Picture	response136	hit	1	28760	2	3692273	1	40148	1	0	40000
Picture	response132	incorrect	1	22784	2	3742750	1	40149	1	0	40000
Picture	ins5	other				3793061	1	30153	1	0	30000
Picture	response36	hit	1	6316	2	4109918	1	40149	1	0	40000
Picture	response38	hit	2	5819	2	4160395	1	40149	1	0	40000
Picture	response34	hit	1	4899	2	4210705	1	40148	1	0	40000
Picture	response40	hit	1	5051	2	4261183	1	40148	1	0	40000
Picture	response39	hit	2	7071	2	4311493	1	40148	1	0	40000
Picture	response35	hit	2	4774	2	4361970	1	40148	1	0	40000
Picture	response37	hit	1	6333	2	4412281	1	40148	1	0	40000
Picture	response33	hit	2	5776	2	4462758	1	40149	1	0	40000
Picture	ins1	other				4513069	1	30153	1	0	30000
Picture	response4	hit	1	25089	2	4829925	1	40149	1	0	40000
Picture	response6	hit	2	8419	2	4880236	1	40149	1	0	40000
Picture	response7	hit	2	13051	2	4930713	1	40148	1	0	40000
Picture	response1	hit	2	15774	2	4981190	1	40149	1	0	40000
Picture	response5	hit	2	6734	2	5031501	1	40149	1	0	40000
Picture	response2	hit	1	7296	2	5081978	1	40149	1	0	40000
Picture	response8	hit	2	8206	2	5132289	1	40148	1	0	40000
Picture	response3	hit	2	11208	2	5182766	1	40148	1	0	40000
Picture	ins9	other				5233076	1	30153	1	0	30000
Picture	response67	hit	2	24233	2	5549933	1	40149	1	0	40000
Picture	response65	hit	1	19271	2	5600244	1	40148	1	0	40000
Picture	response70	hit	2	21324	2	5650721	1	40148	1	0	40000
Picture	response72	hit	1	23317	2	5701198	1	40149	1	0	40000
Picture	response66	hit	1	22427	2	5751508	1	40148	1	0	40000
Picture	response68	hit	2	15949	2	5801986	1	40149	1	0	40000
Picture	response71	hit	1	24539	2	5852296	1	40149	1	0	40000
Picture	response69	hit	1	20922	2	5902773	1	40148	1	0	40000
Picture	ins7	other				5953084	1	30153	1	0	30000
Picture	response49	hit	2	9573	2	6269774	1	40148	1	0	40000
Picture	response55	hit	2	7904	2	6320251	1	40148	1	0	40000
Picture	response56	hit	2	8044	2	6370562	1	40149	1	0	40000
Picture	response53	hit	1	6657	2	6421039	1	40149	1	0	40000
Picture	response54	hit	1	10629	2	6471516	1	40149	1	0	40000
Picture	response50	hit	2	6059	2	6521827	1	40148	1	0	40000
Picture	response51	incorrect	2	21602	2	6572304	1	40148	1	0	40000
Picture	response52	hit	2	15222	2	6622614	1	40149	1	0	40000
Picture	ins3	other				6673091	1	30153	1	0	30000
Picture	response19	hit	2	12634	2	6989782	1	40148	1	0	40000
Picture	response24	hit	2	6047	2	7040259	1	40149	1	0	40000
Picture	response18	hit	2	4570	2	7090736	1	40149	1	0	40000
Picture	response17	hit	2	5039	2	7141046	1	40149	1	0	40000
Picture	response23	hit	2	4602	2	7191524	1	40149	1	0	40000
Picture	response21	hit	1	4552	2	7241834	1	40148	1	0	40000
Picture	response20	hit	2	5631	2	7292145	1	40149	1	0	40000
Picture	response22	hit	1	4184	2	7342622	1	40149	1	0	40000
Picture	ins13	other				7392932	1	30153	1	0	30000
Picture	response97	hit	1	10120	2	7709956	1	40149	1	0	40000
Picture	response103	hit	1	11500	2	7760266	1	40148	1	0	40000
Picture	response99	hit	2	8753	2	7810743	1	40149	1	0	40000
Picture	response104	hit	2	8951	2	7861054	1	40149	1	0	40000
Picture	response102	hit	1	9055	2	7911531	1	40149	1	0	40000
Picture	response101	hit	1	5667	2	7962008	1	40148	1	0	40000
Picture	response100	hit	2	11227	2	8012319	1	40149	1	0	40000
Picture	response98	hit	2	25980	2	8062796	1	40149	1	0	40000
Picture	ins23	other				8113107	1	30153	1	0	30000
Picture	response180	hit	1	18690	2	8429797	1	40149	1	0	40000
Picture	response178	hit	1	14262	2	8480274	1	40148	1	0	40000
Picture	response183	hit	2	16412	2	8530584	1	40148	1	0	40000
Picture	response181	hit	2	28844	2	8581062	1	40149	1	0	40000
Picture	response182	hit	1	16348	2	8631539	1	40148	1	0	40000
Picture	response179	hit	1	22378	2	8681849	1	40149	1	0	40000
Picture	response184	hit	1	22377	2	8732160	1	40149	1	0	40000
Picture	response177	hit	1	25440	2	8782637	1	40148	1	0	40000
Picture	ins15	other				8832948	1	30153	1	0	30000
Picture	response117	hit	2	11432	2	9149804	1	40148	1	0	40000
Picture	response119	hit	1	22946	2	9200281	1	40148	1	0	40000
Picture	response113	hit	2	11205	2	9250592	1	40148	1	0	40000
Picture	response116	hit	1	14668	2	9301069	1	40149	1	0	40000
Picture	response115	hit	2	27401	2	9351546	1	40149	1	0	40000
Picture	response114	hit	2	23890	2	9401857	1	40149	1	0	40000
Picture	response118	hit	1	9069	2	9452168	1	40148	1	0	40000
Picture	response120	hit	1	24513	2	9502644	1	40149	1	0	40000
Picture	thanks	other				9552622	1	10162	1	0	10000


{
   "app": "Presentation Version 21.1 Build 09.05.19",
   "device": "LENOVO 20FBCTO1WW",
   "experiment": "{A2FC4E2A-B401-4E65-9CA9-5B09E294C871}",
   "os": "Windows 10 64 bit",
   "package": "",
   "parameters": {
      "configuration": "Default configuration"
   },
   "scenario": "Dimension experiment(1).sce",
   "subject": "A_HP_49",
   "timestamp": "2020/01/17 06:01:04 GMT"
}
