Scenario - 
Logfile written - 11/22/2019 13:09:21

Subject	Trial	Event Type	Code	Time	TTime	Uncertainty	Duration	Uncertainty	ReqTime	ReqDur	Stim Type	Pair Index

A_HP_33	1	Response	3	434794	433961	1
A_HP_33	1	Pulse	99	434794	433961	1
A_HP_33	2	Picture	ready	435026	0	1	10229	1	0	10000	other	0
A_HP_33	2	Pulse	99	454794	19769	1
A_HP_33	2	Pulse	99	474714	39689	1
A_HP_33	2	Pulse	99	494794	59768	1
A_HP_33	3	Picture	ins7	495664	233	1	30230	1	0	30000	other	0
A_HP_33	3	Pulse	99	514794	19363	1
A_HP_33	3	Pulse	99	534714	39282	1
A_HP_33	3	Pulse	99	554714	59282	1
A_HP_33	3	Pulse	99	574795	79363	1
A_HP_33	3	Pulse	99	594714	99283	1
A_HP_33	3	Pulse	99	614713	119282	1
A_HP_33	3	Pulse	99	634794	139362	1
A_HP_33	3	Pulse	99	654715	159283	1
A_HP_33	3	Pulse	99	674714	179283	1
A_HP_33	3	Pulse	99	694794	199362	1
A_HP_33	3	Pulse	99	714714	219283	1
A_HP_33	3	Pulse	99	734714	239283	1
A_HP_33	3	Pulse	99	754714	259283	1
A_HP_33	3	Pulse	99	774794	279362	1
A_HP_33	3	Pulse	99	794714	299282	1
A_HP_33	4	Response	3	814714	9052	1
A_HP_33	4	Pulse	99	814714	9052	1
A_HP_33	5	Picture	response54	815366	235	1	40230	1	0	40000	hit	26
A_HP_33	5	Response	1	827332	12201	1
A_HP_33	5	Pulse	99	834793	19662	1
A_HP_33	5	Pulse	99	854713	39582	1
A_HP_33	6	Picture	response53	865825	294	1	40229	1	0	40000	hit	31
A_HP_33	6	Pulse	99	874713	9182	1
A_HP_33	6	Response	1	882102	16571	1
A_HP_33	6	Pulse	99	894794	29263	1
A_HP_33	6	Pulse	99	914713	49182	1
A_HP_33	7	Picture	response52	916117	186	1	40396	1	0	40000	hit	35
A_HP_33	7	Response	2	927472	11541	1
A_HP_33	7	Pulse	99	934713	18782	1
A_HP_33	7	Pulse	99	954794	38863	1
A_HP_33	8	Picture	response56	966575	244	1	40229	1	0	40000	hit	40
A_HP_33	8	Pulse	99	974713	8382	1
A_HP_33	8	Response	2	984322	17991	1
A_HP_33	8	Pulse	99	994713	28382	1
A_HP_33	8	Pulse	99	1014714	48383	1
A_HP_33	9	Picture	response50	1016867	136	1	40229	1	0	40000	hit	45
A_HP_33	9	Pulse	99	1034793	18062	1
A_HP_33	9	Response	2	1038302	21571	1
A_HP_33	9	Pulse	99	1054713	37982	1
A_HP_33	10	Picture	response49	1067492	361	1	40229	1	0	40000	hit	49
A_HP_33	10	Pulse	99	1074714	7583	1
A_HP_33	10	Response	2	1094632	27501	1
A_HP_33	10	Pulse	99	1094793	27662	1
A_HP_33	10	Pulse	99	1114714	47582	1
A_HP_33	11	Picture	response51	1117784	253	1	40230	1	0	40000	hit	53
A_HP_33	11	Response	1	1130993	13462	1
A_HP_33	11	Pulse	99	1134712	17181	1
A_HP_33	11	Pulse	99	1154793	37262	1
A_HP_33	12	Picture	response55	1168076	145	1	40229	1	0	40000	hit	58
A_HP_33	12	Pulse	99	1174713	6782	1
A_HP_33	12	Response	2	1186222	18291	1
A_HP_33	12	Pulse	99	1194714	26783	1
A_HP_33	12	Pulse	99	1214713	46783	1
A_HP_33	13	Picture	ins15	1218534	203	1	30230	1	0	30000	other	0
A_HP_33	13	Pulse	99	1234714	16383	1
A_HP_33	13	Pulse	99	1254714	36382	1
A_HP_33	13	Pulse	99	1274713	56382	1
A_HP_33	13	Pulse	99	1294793	76462	1
A_HP_33	13	Pulse	99	1314714	96382	1
A_HP_33	13	Pulse	99	1334714	116382	1
A_HP_33	13	Pulse	99	1354794	136463	1
A_HP_33	13	Pulse	99	1374714	156383	1
A_HP_33	13	Pulse	99	1394714	176383	1
A_HP_33	13	Pulse	99	1414793	196462	1
A_HP_33	13	Pulse	99	1434714	216383	1
A_HP_33	13	Pulse	99	1454714	236383	1
A_HP_33	13	Pulse	99	1474714	256383	1
A_HP_33	13	Pulse	99	1494714	276383	1
A_HP_33	13	Pulse	99	1514714	296383	1
A_HP_33	14	Response	3	1534714	6152	1
A_HP_33	14	Pulse	99	1534714	6152	1
A_HP_33	15	Picture	response120	1535367	236	1	40230	1	0	40000	hit	80
A_HP_33	15	Response	1	1550932	15801	1
A_HP_33	15	Pulse	99	1554793	19661	1
A_HP_33	15	Pulse	99	1574713	39582	1
A_HP_33	16	Picture	response115	1585826	295	1	40230	1	0	40000	hit	85
A_HP_33	16	Pulse	99	1594713	9182	1
A_HP_33	16	Response	2	1605032	19501	1
A_HP_33	16	Pulse	99	1614793	29262	1
A_HP_33	16	Pulse	99	1634714	49183	1
A_HP_33	17	Picture	response118	1636118	188	1	40229	1	0	40000	hit	89
A_HP_33	17	Response	1	1647832	11901	1
A_HP_33	17	Pulse	99	1654713	18783	1
A_HP_33	17	Pulse	99	1674714	38783	1
A_HP_33	18	Picture	response117	1686577	246	1	40229	1	0	40000	hit	94
A_HP_33	18	Pulse	99	1694713	8382	1
A_HP_33	18	Response	2	1694961	8631	1
A_HP_33	18	Pulse	99	1714714	28383	1
A_HP_33	18	Pulse	99	1734713	48382	1
A_HP_33	19	Picture	response119	1736869	138	1	40229	1	0	40000	hit	99
A_HP_33	19	Pulse	99	1754713	17982	1
A_HP_33	19	Response	1	1760122	23391	1
A_HP_33	19	Pulse	99	1774713	37982	1
A_HP_33	20	Picture	response113	1787494	363	1	40229	1	0	40000	hit	103
A_HP_33	20	Pulse	99	1794714	7584	1
A_HP_33	20	Response	2	1803562	16431	1
A_HP_33	20	Pulse	99	1814793	27663	1
A_HP_33	20	Pulse	99	1834714	47583	1
A_HP_33	21	Picture	response116	1837785	255	1	40229	1	0	40000	hit	107
A_HP_33	21	Response	1	1851882	14351	1
A_HP_33	21	Pulse	99	1854713	17182	1
A_HP_33	21	Pulse	99	1874794	37263	1
A_HP_33	22	Picture	response114	1888077	146	1	40229	1	0	40000	hit	112
A_HP_33	22	Pulse	99	1894713	6782	1
A_HP_33	22	Response	2	1903922	15991	1
A_HP_33	22	Pulse	99	1914712	26781	1
A_HP_33	22	Pulse	99	1934713	46782	1
A_HP_33	23	Picture	ins17	1938535	205	1	30229	1	0	30000	other	0
A_HP_33	23	Pulse	99	1954713	16383	1
A_HP_33	23	Pulse	99	1974713	36383	1
A_HP_33	23	Pulse	99	1994713	56383	1
A_HP_33	23	Pulse	99	2014713	76382	1
A_HP_33	23	Pulse	99	2034713	96383	1
A_HP_33	23	Pulse	99	2054713	116383	1
A_HP_33	23	Pulse	99	2074794	136463	1
A_HP_33	23	Pulse	99	2094714	156383	1
A_HP_33	23	Pulse	99	2114713	176382	1
A_HP_33	23	Pulse	99	2134793	196462	1
A_HP_33	23	Pulse	99	2154714	216383	1
A_HP_33	23	Pulse	99	2174713	236383	1
A_HP_33	23	Pulse	99	2194713	256383	1
A_HP_33	23	Pulse	99	2214713	276382	1
A_HP_33	23	Pulse	99	2234713	296382	1
A_HP_33	24	Response	3	2254713	6152	1
A_HP_33	24	Pulse	99	2254713	6152	1
A_HP_33	25	Picture	response132	2255366	235	1	40229	1	0	40000	incorrect	134
A_HP_33	25	Response	1	2266782	11651	1
A_HP_33	25	Pulse	99	2274713	19582	1
A_HP_33	25	Pulse	99	2294713	39583	1
A_HP_33	26	Picture	response133	2305825	294	1	40229	1	0	40000	hit	139
A_HP_33	26	Pulse	99	2314713	9183	1
A_HP_33	26	Response	1	2323992	18462	1
A_HP_33	26	Pulse	99	2334712	29182	1
A_HP_33	26	Pulse	99	2354712	49182	1
A_HP_33	27	Picture	response129	2356116	186	1	40200	1	0	40000	hit	143
A_HP_33	27	Response	1	2370852	14921	1
A_HP_33	27	Pulse	99	2374712	18782	1
A_HP_33	27	Pulse	99	2394714	38783	1
A_HP_33	28	Picture	response136	2406546	216	1	40230	1	0	40000	hit	149
A_HP_33	28	Pulse	99	2414713	8382	1
A_HP_33	28	Pulse	99	2434712	28382	1
A_HP_33	28	Response	1	2440132	33801	1
A_HP_33	28	Pulse	99	2454713	48383	1
A_HP_33	29	Picture	response130	2457005	275	1	40229	1	0	40000	hit	153
A_HP_33	29	Pulse	99	2474712	17983	1
A_HP_33	29	Response	2	2477761	21031	1
A_HP_33	29	Pulse	99	2494713	37983	1
A_HP_33	30	Picture	response135	2507463	332	1	40229	1	0	40000	hit	158
A_HP_33	30	Pulse	99	2514713	7582	1
A_HP_33	30	Pulse	99	2534713	27582	1
A_HP_33	30	Response	2	2535751	28620	1
A_HP_33	30	Pulse	99	2554713	47582	1
A_HP_33	31	Picture	response131	2557754	224	1	40229	1	0	40000	hit	161
A_HP_33	31	Response	1	2571361	13831	1
A_HP_33	31	Pulse	99	2574712	17182	1
A_HP_33	31	Pulse	99	2594713	37183	1
A_HP_33	32	Picture	response134	2608046	115	1	40229	1	0	40000	hit	166
A_HP_33	32	Pulse	99	2614712	6782	1
A_HP_33	32	Response	2	2627821	19891	1
A_HP_33	32	Pulse	99	2634712	26781	1
A_HP_33	32	Pulse	99	2654713	46782	1
A_HP_33	33	Picture	ins19	2658671	341	1	30229	1	0	30000	other	0
A_HP_33	33	Pulse	99	2674713	16383	1
A_HP_33	33	Pulse	99	2694713	36384	1
A_HP_33	33	Pulse	99	2714712	56383	1
A_HP_33	33	Pulse	99	2734713	76384	1
A_HP_33	33	Pulse	99	2754712	96383	1
A_HP_33	33	Pulse	99	2774713	116384	1
A_HP_33	33	Pulse	99	2794712	136383	1
A_HP_33	33	Pulse	99	2814713	156383	1
A_HP_33	33	Pulse	99	2834713	176384	1
A_HP_33	33	Pulse	99	2854712	196383	1
A_HP_33	33	Pulse	99	2874713	216384	1
A_HP_33	33	Pulse	99	2894713	236383	1
A_HP_33	33	Pulse	99	2914713	256383	1
A_HP_33	33	Pulse	99	2934713	276383	1
A_HP_33	33	Pulse	99	2954713	296384	1
A_HP_33	34	Response	3	2974713	6153	1
A_HP_33	34	Pulse	99	2974713	6153	1
A_HP_33	35	Picture	response146	2975366	235	1	40229	1	0	40000	hit	189
A_HP_33	35	Pulse	99	2994713	19583	1
A_HP_33	35	Response	1	2999521	24391	1
A_HP_33	35	Pulse	99	3014712	39582	1
A_HP_33	36	Picture	response145	3025824	294	1	40229	1	0	40000	hit	193
A_HP_33	36	Pulse	99	3034713	9183	1
A_HP_33	36	Response	1	3049811	24281	1
A_HP_33	36	Pulse	99	3054714	29184	1
A_HP_33	36	Pulse	99	3074713	49183	1
A_HP_33	37	Picture	response152	3076116	186	1	40396	1	0	40000	hit	197
A_HP_33	37	Response	1	3092911	16981	1
A_HP_33	37	Pulse	99	3094712	18782	1
A_HP_33	37	Pulse	99	3114713	38783	1
A_HP_33	38	Picture	response148	3126574	244	1	40229	1	0	40000	hit	202
A_HP_33	38	Pulse	99	3134712	8382	1
A_HP_33	38	Response	1	3145791	19461	1
A_HP_33	38	Pulse	99	3154713	28383	1
A_HP_33	38	Pulse	99	3174713	48383	1
A_HP_33	39	Picture	response151	3176866	136	1	40229	1	0	40000	hit	207
A_HP_33	39	Pulse	99	3194712	17982	1
A_HP_33	39	Response	1	3210041	33311	1
A_HP_33	39	Pulse	99	3214711	37981	1
A_HP_33	40	Picture	response150	3227491	361	1	40229	1	0	40000	hit	211
A_HP_33	40	Pulse	99	3234712	7582	1
A_HP_33	40	Response	2	3246421	19291	1
A_HP_33	40	Pulse	99	3254712	27582	1
A_HP_33	40	Pulse	99	3274712	47582	1
A_HP_33	41	Picture	response147	3277782	252	1	40396	1	0	40000	hit	216
A_HP_33	41	Pulse	99	3294712	17182	1
A_HP_33	41	Response	2	3297961	20431	1
A_HP_33	41	Pulse	99	3314712	37183	1
A_HP_33	42	Picture	response149	3328073	144	1	40229	1	0	40000	hit	220
A_HP_33	42	Pulse	99	3334712	6782	1
A_HP_33	42	Response	1	3341001	13071	1
A_HP_33	42	Pulse	99	3354712	26782	1
A_HP_33	42	Pulse	99	3374713	46783	1
A_HP_33	43	Picture	ins11	3378532	202	1	30229	1	0	30000	other	0
A_HP_33	43	Pulse	99	3394712	16383	1
A_HP_33	43	Pulse	99	3414712	36383	1
A_HP_33	43	Pulse	99	3434712	56382	1
A_HP_33	43	Pulse	99	3454713	76383	1
A_HP_33	43	Pulse	99	3474713	96383	1
A_HP_33	43	Pulse	99	3494713	116383	1
A_HP_33	43	Pulse	99	3514713	136383	1
A_HP_33	43	Pulse	99	3534713	156383	1
A_HP_33	43	Pulse	99	3554713	176383	1
A_HP_33	43	Pulse	99	3574712	196382	1
A_HP_33	43	Pulse	99	3594713	216383	1
A_HP_33	43	Pulse	99	3614713	236383	1
A_HP_33	43	Pulse	99	3634713	256383	1
A_HP_33	43	Pulse	99	3654712	276382	1
A_HP_33	43	Pulse	99	3674712	296382	1
A_HP_33	44	Response	3	3694713	6152	1
A_HP_33	44	Pulse	99	3694713	6152	1
A_HP_33	45	Picture	response88	3695364	234	1	40229	1	0	40000	hit	242
A_HP_33	45	Response	2	3707001	11871	1
A_HP_33	45	Pulse	99	3714712	19582	1
A_HP_33	45	Pulse	99	3734713	39583	1
A_HP_33	46	Picture	response85	3745822	292	1	40229	1	0	40000	hit	247
A_HP_33	46	Pulse	99	3754713	9183	1
A_HP_33	46	Response	2	3762971	17441	1
A_HP_33	46	Pulse	99	3774713	29183	1
A_HP_33	46	Pulse	99	3794712	49182	1
A_HP_33	47	Picture	response87	3796113	183	1	40229	1	0	40000	hit	251
A_HP_33	47	Response	1	3806991	11061	1
A_HP_33	47	Pulse	99	3814712	18783	1
A_HP_33	47	Pulse	99	3834713	38783	1
A_HP_33	48	Picture	response83	3846572	242	1	40229	1	0	40000	hit	256
A_HP_33	48	Pulse	99	3854712	8382	1
A_HP_33	48	Response	1	3855730	9400	1
A_HP_33	48	Pulse	99	3874712	28382	1
A_HP_33	48	Pulse	99	3894711	48382	1
A_HP_33	49	Picture	response82	3896863	133	1	40230	1	0	40000	hit	260
A_HP_33	49	Response	2	3910821	14092	1
A_HP_33	49	Pulse	99	3914711	17981	1
A_HP_33	49	Pulse	99	3934712	37982	1
A_HP_33	50	Picture	response81	3947488	359	1	40229	1	0	40000	hit	265
A_HP_33	50	Pulse	99	3954712	7582	1
A_HP_33	50	Response	2	3959901	12771	1
A_HP_33	50	Pulse	99	3974712	27583	1
A_HP_33	50	Pulse	99	3994712	47583	1
A_HP_33	51	Picture	response84	3997780	250	1	40229	1	0	40000	hit	269
A_HP_33	51	Response	1	4008961	11431	1
A_HP_33	51	Pulse	99	4014712	17182	1
A_HP_33	51	Pulse	99	4034712	37182	1
A_HP_33	52	Picture	response86	4048071	142	1	40230	1	0	40000	hit	274
A_HP_33	52	Pulse	99	4054712	6782	1
A_HP_33	52	Response	1	4061271	13341	1
A_HP_33	52	Pulse	99	4074712	26782	1
A_HP_33	52	Pulse	99	4094713	46783	1
A_HP_33	53	Picture	ins5	4098530	200	1	30230	1	0	30000	other	0
A_HP_33	53	Pulse	99	4114712	16382	1
A_HP_33	53	Pulse	99	4134712	36383	1
A_HP_33	53	Pulse	99	4154712	56382	1
A_HP_33	53	Pulse	99	4174712	76383	1
A_HP_33	53	Pulse	99	4194712	96383	1
A_HP_33	53	Pulse	99	4214712	116383	1
A_HP_33	53	Pulse	99	4234713	136383	1
A_HP_33	53	Pulse	99	4254712	156382	1
A_HP_33	53	Pulse	99	4274713	176383	1
A_HP_33	53	Pulse	99	4294712	196382	1
A_HP_33	53	Pulse	99	4314712	216383	1
A_HP_33	53	Pulse	99	4334712	236382	1
A_HP_33	53	Pulse	99	4354711	256382	1
A_HP_33	53	Pulse	99	4374712	276382	1
A_HP_33	53	Pulse	99	4394712	296382	1
A_HP_33	54	Response	3	4414712	6152	1
A_HP_33	54	Pulse	99	4414712	6152	1
A_HP_33	55	Picture	response35	4415364	234	1	40229	1	0	40000	hit	296
A_HP_33	55	Response	2	4429491	14360	1
A_HP_33	55	Pulse	99	4434711	19581	1
A_HP_33	55	Pulse	99	4454712	39582	1
A_HP_33	56	Picture	response34	4465823	293	1	40229	1	0	40000	hit	300
A_HP_33	56	Response	1	4470360	4831	1
A_HP_33	56	Pulse	99	4474711	9181	1
A_HP_33	56	Pulse	99	4494712	29182	1
A_HP_33	56	Pulse	99	4514712	49183	1
A_HP_33	57	Picture	response37	4516114	185	1	40396	1	0	40000	hit	305
A_HP_33	57	Response	1	4522561	6631	1
A_HP_33	57	Pulse	99	4534711	18782	1
A_HP_33	57	Pulse	99	4554712	38782	1
A_HP_33	58	Picture	response38	4566572	243	1	40229	1	0	40000	hit	309
A_HP_33	58	Response	2	4571710	5381	1
A_HP_33	58	Pulse	99	4574711	8381	1
A_HP_33	58	Pulse	99	4594711	28382	1
A_HP_33	58	Pulse	99	4614712	48383	1
A_HP_33	59	Picture	response39	4616864	134	1	40230	1	0	40000	hit	314
A_HP_33	59	Response	2	4626140	9411	1
A_HP_33	59	Pulse	99	4634712	17982	1
A_HP_33	59	Pulse	99	4654712	37983	1
A_HP_33	60	Picture	response40	4667489	359	1	40230	1	0	40000	hit	318
A_HP_33	60	Response	1	4672631	5501	1
A_HP_33	60	Pulse	99	4674711	7582	1
A_HP_33	60	Pulse	99	4694711	27582	1
A_HP_33	60	Pulse	99	4714711	47582	1
A_HP_33	61	Picture	response36	4717780	251	1	40396	1	0	40000	hit	323
A_HP_33	61	Response	1	4723860	6331	1
A_HP_33	61	Pulse	99	4734711	17182	1
A_HP_33	61	Pulse	99	4754711	37182	1
A_HP_33	62	Picture	response33	4768072	142	1	40229	1	0	40000	hit	328
A_HP_33	62	Pulse	99	4774711	6781	1
A_HP_33	62	Response	2	4776180	8250	1
A_HP_33	62	Pulse	99	4794712	26782	1
A_HP_33	62	Pulse	99	4814712	46782	1
A_HP_33	63	Picture	ins1	4818530	201	1	30229	1	0	30000	other	0
A_HP_33	63	Pulse	99	4834713	16383	1
A_HP_33	63	Pulse	99	4854712	36382	1
A_HP_33	63	Pulse	99	4874712	56383	1
A_HP_33	63	Pulse	99	4894712	76382	1
A_HP_33	63	Pulse	99	4914712	96383	1
A_HP_33	63	Pulse	99	4934712	116383	1
A_HP_33	63	Pulse	99	4954712	136383	1
A_HP_33	63	Pulse	99	4974712	156382	1
A_HP_33	63	Pulse	99	4994712	176382	1
A_HP_33	63	Pulse	99	5014712	196382	1
A_HP_33	63	Pulse	99	5034712	216383	1
A_HP_33	63	Pulse	99	5054712	236382	1
A_HP_33	63	Pulse	99	5074711	256382	1
A_HP_33	63	Pulse	99	5094711	276382	1
A_HP_33	63	Pulse	99	5114712	296383	1
A_HP_33	64	Response	3	5134712	6152	1
A_HP_33	64	Pulse	99	5134712	6152	1
A_HP_33	65	Picture	response1	5135365	236	1	40229	1	0	40000	hit	350
A_HP_33	65	Response	2	5143971	8842	1
A_HP_33	65	Pulse	99	5154711	19582	1
A_HP_33	65	Pulse	99	5174711	39582	1
A_HP_33	66	Picture	response7	5185823	294	1	40229	1	0	40000	hit	354
A_HP_33	66	Response	2	5193861	8331	1
A_HP_33	66	Pulse	99	5194711	9181	1
A_HP_33	66	Pulse	99	5214712	29183	1
A_HP_33	66	Pulse	99	5234711	49182	1
A_HP_33	67	Picture	response3	5236115	186	1	40229	1	0	40000	hit	359
A_HP_33	67	Response	2	5253461	17532	1
A_HP_33	67	Pulse	99	5254711	18782	1
A_HP_33	67	Pulse	99	5274712	38783	1
A_HP_33	68	Picture	response4	5286573	244	1	40229	1	0	40000	hit	364
A_HP_33	68	Pulse	99	5294711	8382	1
A_HP_33	68	Response	1	5295219	8890	1
A_HP_33	68	Pulse	99	5314712	28382	1
A_HP_33	68	Pulse	99	5334712	48382	1
A_HP_33	69	Picture	response8	5336865	136	1	40229	1	0	40000	hit	368
A_HP_33	69	Response	2	5348570	11841	1
A_HP_33	69	Pulse	99	5354711	17982	1
A_HP_33	69	Pulse	99	5374712	37983	1
A_HP_33	70	Picture	response2	5387491	362	1	40230	1	0	40000	hit	373
A_HP_33	70	Pulse	99	5394712	7583	1
A_HP_33	70	Response	1	5397600	10471	1
A_HP_33	70	Pulse	99	5414712	27583	1
A_HP_33	70	Pulse	99	5434712	47583	1
A_HP_33	71	Picture	response6	5437783	254	1	40229	1	0	40000	hit	377
A_HP_33	71	Response	2	5451521	13992	1
A_HP_33	71	Pulse	99	5454711	17182	1
A_HP_33	71	Pulse	99	5474711	37182	1
A_HP_33	72	Picture	response5	5488075	146	1	40229	1	0	40000	hit	382
A_HP_33	72	Pulse	99	5494711	6782	1
A_HP_33	72	Response	2	5503540	15611	1
A_HP_33	72	Pulse	99	5514711	26782	1
A_HP_33	72	Pulse	99	5534712	46783	1
A_HP_33	73	Picture	ins3	5538533	204	1	30230	1	0	30000	other	0
A_HP_33	73	Pulse	99	5554711	16382	1
A_HP_33	73	Pulse	99	5574711	36382	1
A_HP_33	73	Pulse	99	5594712	56383	1
A_HP_33	73	Pulse	99	5614712	76383	1
A_HP_33	73	Pulse	99	5634712	96383	1
A_HP_33	73	Pulse	99	5654711	116382	1
A_HP_33	73	Pulse	99	5674712	136383	1
A_HP_33	73	Pulse	99	5694712	156383	1
A_HP_33	73	Pulse	99	5714712	176383	1
A_HP_33	73	Pulse	99	5734712	196383	1
A_HP_33	73	Pulse	99	5754711	216382	1
A_HP_33	73	Pulse	99	5774711	236382	1
A_HP_33	73	Pulse	99	5794712	256383	1
A_HP_33	73	Pulse	99	5814711	276382	1
A_HP_33	73	Pulse	99	5834711	296382	1
A_HP_33	74	Response	3	5854711	6152	1
A_HP_33	74	Pulse	99	5854711	6152	1
A_HP_33	75	Picture	response18	5855364	235	1	40229	1	0	40000	hit	404
A_HP_33	75	Response	2	5861280	6151	1
A_HP_33	75	Pulse	99	5874711	19582	1
A_HP_33	75	Pulse	99	5894711	39582	1
A_HP_33	76	Picture	response17	5905822	293	1	40229	1	0	40000	hit	408
A_HP_33	76	Response	2	5913220	7691	1
A_HP_33	76	Pulse	99	5914712	9183	1
A_HP_33	76	Pulse	99	5934711	29182	1
A_HP_33	76	Pulse	99	5954711	49182	1
A_HP_33	77	Picture	response24	5956114	185	1	40109	1	0	40000	hit	413
A_HP_33	77	Response	2	5960980	5051	1
A_HP_33	77	Pulse	99	5974711	18782	1
A_HP_33	77	Pulse	99	5994712	38783	1
A_HP_33	78	Picture	response23	6006619	290	1	40229	1	0	40000	hit	417
A_HP_33	78	Response	2	6012100	5771	1
A_HP_33	78	Pulse	99	6014711	8382	1
A_HP_33	78	Pulse	99	6034711	28383	1
A_HP_33	78	Pulse	99	6054711	48382	1
A_HP_33	79	Picture	response20	6056911	182	1	40229	1	0	40000	hit	422
A_HP_33	79	Response	2	6062229	5500	1
A_HP_33	79	Pulse	99	6074711	17982	1
A_HP_33	79	Pulse	99	6094711	37982	1
A_HP_33	80	Picture	response22	6107369	240	1	40229	1	0	40000	hit	426
A_HP_33	80	Response	1	6112020	4891	1
A_HP_33	80	Pulse	99	6114711	7582	1
A_HP_33	80	Pulse	99	6134711	27582	1
A_HP_33	80	Pulse	99	6154712	47583	1
A_HP_33	81	Picture	response21	6157827	298	1	40229	1	0	40000	hit	431
A_HP_33	81	Response	1	6163800	6271	1
A_HP_33	81	Pulse	99	6174711	17182	1
A_HP_33	81	Pulse	99	6194711	37182	1
A_HP_33	82	Picture	response19	6208118	190	1	40229	1	0	40000	hit	435
A_HP_33	82	Response	2	6213440	5511	1
A_HP_33	82	Pulse	99	6214711	6782	1
A_HP_33	82	Pulse	99	6234711	26783	1
A_HP_33	82	Pulse	99	6254711	46783	1
A_HP_33	83	Picture	ins21	6258577	248	1	30230	1	0	30000	other	0
A_HP_33	83	Pulse	99	6274712	16383	1
A_HP_33	83	Pulse	99	6294711	36382	1
A_HP_33	83	Pulse	99	6314712	56383	1
A_HP_33	83	Pulse	99	6334711	76382	1
A_HP_33	83	Pulse	99	6354711	96383	1
A_HP_33	83	Pulse	99	6374711	116382	1
A_HP_33	83	Pulse	99	6394711	136382	1
A_HP_33	83	Pulse	99	6414711	156382	1
A_HP_33	83	Pulse	99	6434711	176382	1
A_HP_33	83	Pulse	99	6454711	196382	1
A_HP_33	83	Pulse	99	6474712	216383	1
A_HP_33	83	Pulse	99	6494711	236383	1
A_HP_33	83	Pulse	99	6514710	256382	1
A_HP_33	83	Pulse	99	6534711	276382	1
A_HP_33	83	Pulse	99	6554712	296383	1
A_HP_33	84	Response	3	6574711	6152	1
A_HP_33	84	Pulse	99	6574711	6152	1
A_HP_33	85	Picture	response163	6575362	233	1	40229	1	0	40000	hit	458
A_HP_33	85	Response	2	6589290	14162	1
A_HP_33	85	Pulse	99	6594710	19582	1
A_HP_33	85	Pulse	99	6614711	39582	1
A_HP_33	86	Picture	response164	6625821	292	1	40229	1	0	40000	hit	463
A_HP_33	86	Pulse	99	6634711	9183	1
A_HP_33	86	Response	1	6647960	22432	1
A_HP_33	86	Pulse	99	6654711	29183	1
A_HP_33	86	Pulse	99	6674711	49182	1
A_HP_33	87	Picture	response168	6676112	184	1	40396	1	0	40000	hit	468
A_HP_33	87	Pulse	99	6694711	18783	1
A_HP_33	87	Response	2	6695359	19431	1
A_HP_33	87	Pulse	99	6714711	38783	1
A_HP_33	88	Picture	response165	6726571	243	1	40229	1	0	40000	hit	472
A_HP_33	88	Pulse	99	6734711	8382	1
A_HP_33	88	Response	2	6745840	19511	1
A_HP_33	88	Pulse	99	6754711	28382	1
A_HP_33	88	Pulse	99	6774711	48382	1
A_HP_33	89	Picture	response161	6776863	134	1	40229	1	0	40000	hit	476
A_HP_33	89	Response	1	6786349	9621	1
A_HP_33	89	Pulse	99	6794710	17981	1
A_HP_33	89	Pulse	99	6814711	37983	1
A_HP_33	90	Picture	response166	6827488	359	1	40229	1	0	40000	hit	481
A_HP_33	90	Pulse	99	6834711	7582	1
A_HP_33	90	Response	1	6839870	12741	1
A_HP_33	90	Pulse	99	6854711	27583	1
A_HP_33	90	Pulse	99	6874710	47582	1
A_HP_33	91	Picture	response167	6877779	250	1	40396	1	0	40000	hit	485
A_HP_33	91	Response	2	6894350	16821	1
A_HP_33	91	Pulse	99	6894710	17181	1
A_HP_33	91	Pulse	99	6914712	37183	1
A_HP_33	92	Picture	response162	6928071	142	1	40229	1	0	40000	hit	490
A_HP_33	92	Pulse	99	6934710	6781	1
A_HP_33	92	Response	1	6943499	15570	1
A_HP_33	92	Pulse	99	6954710	26781	1
A_HP_33	92	Pulse	99	6974711	46782	1
A_HP_33	93	Picture	ins23	6978529	200	1	30229	1	0	30000	other	0
A_HP_33	93	Pulse	99	6994711	16382	1
A_HP_33	93	Pulse	99	7014711	36383	1
A_HP_33	93	Pulse	99	7034712	56383	1
A_HP_33	93	Pulse	99	7054711	76383	1
A_HP_33	93	Pulse	99	7074711	96383	1
A_HP_33	93	Pulse	99	7094711	116382	1
A_HP_33	93	Pulse	99	7114711	136383	1
A_HP_33	93	Pulse	99	7134711	156382	1
A_HP_33	93	Pulse	99	7154711	176383	1
A_HP_33	93	Pulse	99	7174711	196382	1
A_HP_33	93	Pulse	99	7194710	216382	1
A_HP_33	93	Pulse	99	7214711	236382	1
A_HP_33	93	Pulse	99	7234711	256383	1
A_HP_33	93	Pulse	99	7254711	276382	1
A_HP_33	93	Pulse	99	7274710	296382	1
A_HP_33	94	Response	3	7294711	6152	1
A_HP_33	94	Pulse	99	7294711	6152	1
A_HP_33	95	Picture	response177	7295364	235	1	40230	1	0	40000	hit	512
A_HP_33	95	Response	1	7308490	13361	1
A_HP_33	95	Pulse	99	7314710	19581	1
A_HP_33	95	Pulse	99	7334710	39582	1
A_HP_33	96	Picture	response179	7345823	295	1	40230	1	0	40000	hit	517
A_HP_33	96	Pulse	99	7354711	9183	1
A_HP_33	96	Response	1	7362199	16671	1
A_HP_33	96	Pulse	99	7374710	29182	1
A_HP_33	96	Pulse	99	7394711	49183	1
A_HP_33	97	Picture	response180	7396114	186	1	40230	1	0	40000	hit	521
A_HP_33	97	Response	1	7412279	16351	1
A_HP_33	97	Pulse	99	7414709	18781	1
A_HP_33	97	Pulse	99	7434710	38781	1
A_HP_33	98	Picture	response184	7446573	245	1	40230	1	0	40000	hit	526
A_HP_33	98	Pulse	99	7454710	8382	1
A_HP_33	98	Response	1	7461129	14801	1
A_HP_33	98	Pulse	99	7474710	28382	1
A_HP_33	98	Pulse	99	7494710	48382	1
A_HP_33	99	Picture	response182	7496865	137	1	40230	1	0	40000	hit	531
A_HP_33	99	Pulse	99	7514711	17983	1
A_HP_33	99	Response	1	7515908	19180	1
A_HP_33	99	Pulse	99	7534710	37982	1
A_HP_33	100	Picture	response178	7547490	362	1	40229	1	0	40000	hit	535
A_HP_33	100	Pulse	99	7554710	7582	1
A_HP_33	100	Response	1	7558859	11731	1
A_HP_33	100	Pulse	99	7574711	27583	1
A_HP_33	100	Pulse	99	7594711	47583	1
A_HP_33	101	Picture	response181	7597783	255	1	40229	1	0	40000	hit	539
A_HP_33	101	Response	2	7613339	15811	1
A_HP_33	101	Pulse	99	7614710	17181	1
A_HP_33	101	Pulse	99	7634711	37183	1
A_HP_33	102	Picture	response183	7648074	146	1	40229	1	0	40000	hit	544
A_HP_33	102	Pulse	99	7654710	6782	1
A_HP_33	102	Response	2	7664129	16201	1
A_HP_33	102	Pulse	99	7674711	26783	1
A_HP_33	102	Pulse	99	7694711	46783	1
A_HP_33	103	Picture	ins13	7698533	204	1	30229	1	0	30000	other	0
A_HP_33	103	Pulse	99	7714711	16382	1
A_HP_33	103	Pulse	99	7734711	36382	1
A_HP_33	103	Pulse	99	7754710	56382	1
A_HP_33	103	Pulse	99	7774710	76382	1
A_HP_33	103	Pulse	99	7794711	96383	1
A_HP_33	103	Pulse	99	7814710	116382	1
A_HP_33	103	Pulse	99	7834711	136383	1
A_HP_33	103	Pulse	99	7854710	156382	1
A_HP_33	103	Pulse	99	7874710	176382	1
A_HP_33	103	Pulse	99	7894710	196382	1
A_HP_33	103	Pulse	99	7914630	216301	1
A_HP_33	103	Pulse	99	7934710	236382	1
A_HP_33	103	Pulse	99	7954710	256382	1
A_HP_33	103	Pulse	99	7974710	276382	1
A_HP_33	103	Pulse	99	7994710	296382	1
A_HP_33	104	Response	3	8014710	6151	1
A_HP_33	104	Pulse	99	8014710	6151	1
A_HP_33	105	Picture	response99	8015364	235	1	40229	1	0	40000	hit	566
A_HP_33	105	Response	2	8025919	10791	1
A_HP_33	105	Pulse	99	8034710	19581	1
A_HP_33	105	Pulse	99	8054710	39582	1
A_HP_33	106	Picture	response104	8065822	295	1	40229	1	0	40000	hit	570
A_HP_33	106	Response	2	8073919	8391	1
A_HP_33	106	Pulse	99	8074709	9181	1
A_HP_33	106	Pulse	99	8094710	29183	1
A_HP_33	106	Pulse	99	8114710	49183	1
A_HP_33	107	Picture	response103	8116114	186	1	40229	1	0	40000	hit	575
A_HP_33	107	Response	1	8129519	13591	1
A_HP_33	107	Pulse	99	8134709	18782	1
A_HP_33	107	Pulse	99	8154710	38782	1
A_HP_33	108	Picture	response98	8166573	245	1	40230	1	0	40000	hit	580
A_HP_33	108	Pulse	99	8174630	8302	1
A_HP_33	108	Response	2	8176158	9830	1
A_HP_33	108	Pulse	99	8194710	28382	1
A_HP_33	108	Pulse	99	8214710	48382	1
A_HP_33	109	Picture	response97	8216864	137	1	40229	1	0	40000	hit	584
A_HP_33	109	Response	1	8225189	8461	1
A_HP_33	109	Pulse	99	8234709	17982	1
A_HP_33	109	Pulse	99	8254709	37982	1
A_HP_33	110	Picture	response100	8267489	362	1	40229	1	0	40000	hit	589
A_HP_33	110	Pulse	99	8274710	7582	1
A_HP_33	110	Response	2	8276988	9861	1
A_HP_33	110	Pulse	99	8294709	27582	1
A_HP_33	110	Pulse	99	8314710	47583	1
A_HP_33	111	Picture	response102	8317781	254	1	40229	1	0	40000	hit	593
A_HP_33	111	Response	1	8328779	11251	1
A_HP_33	111	Pulse	99	8334709	17182	1
A_HP_33	111	Pulse	99	8354710	37182	1
A_HP_33	112	Picture	response101	8368073	145	1	40229	1	0	40000	hit	598
A_HP_33	112	Pulse	99	8374630	6703	1
A_HP_33	112	Response	1	8378399	10471	1
A_HP_33	112	Pulse	99	8394710	26782	1
A_HP_33	112	Pulse	99	8414710	46782	1
A_HP_33	113	Picture	ins9	8418530	203	1	30230	1	0	30000	other	0
A_HP_33	113	Pulse	99	8434630	16303	1
A_HP_33	113	Pulse	99	8454709	36382	1
A_HP_33	113	Pulse	99	8474710	56382	1
A_HP_33	113	Pulse	99	8494710	76382	1
A_HP_33	113	Pulse	99	8514710	96383	1
A_HP_33	113	Pulse	99	8534710	116382	1
A_HP_33	113	Pulse	99	8554710	136382	1
A_HP_33	113	Pulse	99	8574630	156302	1
A_HP_33	113	Pulse	99	8594709	176382	1
A_HP_33	113	Pulse	99	8614710	196382	1
A_HP_33	113	Pulse	99	8634630	216303	1
A_HP_33	113	Pulse	99	8654709	236382	1
A_HP_33	113	Pulse	99	8674710	256382	1
A_HP_33	113	Pulse	99	8694630	276302	1
A_HP_33	113	Pulse	99	8714709	296382	1
A_HP_33	114	Response	3	8734710	6152	1
A_HP_33	114	Pulse	99	8734710	6152	1
A_HP_33	115	Picture	response69	8735361	234	1	40229	1	0	40000	hit	620
A_HP_33	115	Response	1	8748008	12881	1
A_HP_33	115	Pulse	99	8754709	19582	1
A_HP_33	115	Pulse	99	8774709	39582	1
A_HP_33	116	Picture	response72	8785819	292	1	40229	1	0	40000	hit	625
A_HP_33	116	Pulse	99	8794710	9183	1
A_HP_33	116	Response	1	8809038	23511	1
A_HP_33	116	Pulse	99	8814710	29183	1
A_HP_33	116	Pulse	99	8834630	49103	1
A_HP_33	117	Picture	response70	8836111	183	1	40396	1	0	40000	hit	630
A_HP_33	117	Pulse	99	8854710	18782	1
A_HP_33	117	Response	2	8858878	22950	1
A_HP_33	117	Pulse	99	8874710	38783	1
A_HP_33	118	Picture	response68	8886569	242	1	40229	1	0	40000	hit	634
A_HP_33	118	Pulse	99	8894630	8302	1
A_HP_33	118	Response	2	8905769	19441	1
A_HP_33	118	Pulse	99	8914710	28383	1
A_HP_33	118	Pulse	99	8934710	48382	1
A_HP_33	119	Picture	response71	8936861	134	1	40229	1	0	40000	hit	638
A_HP_33	119	Response	1	8951249	14521	1
A_HP_33	119	Pulse	99	8954629	17902	1
A_HP_33	119	Pulse	99	8974709	37982	1
A_HP_33	120	Picture	response65	8987486	359	1	40229	1	0	40000	hit	643
A_HP_33	120	Pulse	99	8994710	7582	1
A_HP_33	120	Response	1	8999418	12291	1
A_HP_33	120	Pulse	99	9014710	27582	1
A_HP_33	120	Pulse	99	9034630	47503	1
A_HP_33	121	Picture	response66	9037778	250	1	40396	1	0	40000	hit	647
A_HP_33	121	Response	1	9049919	12391	1
A_HP_33	121	Pulse	99	9054710	17182	1
A_HP_33	121	Pulse	99	9074710	37182	1
A_HP_33	122	Picture	response67	9088069	142	1	40229	1	0	40000	hit	652
A_HP_33	122	Pulse	99	9094630	6702	1
A_HP_33	122	Response	2	9100698	12770	1
A_HP_33	122	Pulse	99	9114710	26782	1
A_HP_33	122	Pulse	99	9134710	46782	1
A_HP_33	123	Picture	thanks	9138028	0	1	10229	1	0	10000	other	0
A_HP_33	123	Pulse	99	9154630	16602	1


Event Type	Code	Type	Response	RT	RT Uncertainty	Time	Uncertainty	Duration	Uncertainty	ReqTime	ReqDur

Picture	ready	other				435026	1	10229	1	0	10000
Picture	ins7	other				495664	1	30230	1	0	30000
Picture	response54	hit	1	11966	2	815366	1	40230	1	0	40000
Picture	response53	hit	1	16277	2	865825	1	40229	1	0	40000
Picture	response52	hit	2	11355	2	916117	1	40396	1	0	40000
Picture	response56	hit	2	17747	2	966575	1	40229	1	0	40000
Picture	response50	hit	2	21435	2	1016867	1	40229	1	0	40000
Picture	response49	hit	2	27140	2	1067492	1	40229	1	0	40000
Picture	response51	hit	1	13209	2	1117784	1	40230	1	0	40000
Picture	response55	hit	2	18146	2	1168076	1	40229	1	0	40000
Picture	ins15	other				1218534	1	30230	1	0	30000
Picture	response120	hit	1	15565	2	1535367	1	40230	1	0	40000
Picture	response115	hit	2	19205	2	1585826	1	40230	1	0	40000
Picture	response118	hit	1	11714	2	1636118	1	40229	1	0	40000
Picture	response117	hit	2	8385	2	1686577	1	40229	1	0	40000
Picture	response119	hit	1	23253	2	1736869	1	40229	1	0	40000
Picture	response113	hit	2	16068	2	1787494	1	40229	1	0	40000
Picture	response116	hit	1	14097	2	1837785	1	40229	1	0	40000
Picture	response114	hit	2	15845	2	1888077	1	40229	1	0	40000
Picture	ins17	other				1938535	1	30229	1	0	30000
Picture	response132	incorrect	1	11416	2	2255366	1	40229	1	0	40000
Picture	response133	hit	1	18167	2	2305825	1	40229	1	0	40000
Picture	response129	hit	1	14735	2	2356116	1	40200	1	0	40000
Picture	response136	hit	1	33586	2	2406546	1	40230	1	0	40000
Picture	response130	hit	2	20756	2	2457005	1	40229	1	0	40000
Picture	response135	hit	2	28288	2	2507463	1	40229	1	0	40000
Picture	response131	hit	1	13607	2	2557754	1	40229	1	0	40000
Picture	response134	hit	2	19775	2	2608046	1	40229	1	0	40000
Picture	ins19	other				2658671	1	30229	1	0	30000
Picture	response146	hit	1	24155	2	2975366	1	40229	1	0	40000
Picture	response145	hit	1	23987	2	3025824	1	40229	1	0	40000
Picture	response152	hit	1	16795	2	3076116	1	40396	1	0	40000
Picture	response148	hit	1	19218	2	3126574	1	40229	1	0	40000
Picture	response151	hit	1	33176	2	3176866	1	40229	1	0	40000
Picture	response150	hit	2	18931	2	3227491	1	40229	1	0	40000
Picture	response147	hit	2	20179	2	3277782	1	40396	1	0	40000
Picture	response149	hit	1	12928	2	3328073	1	40229	1	0	40000
Picture	ins11	other				3378532	1	30229	1	0	30000
Picture	response88	hit	2	11638	2	3695364	1	40229	1	0	40000
Picture	response85	hit	2	17149	2	3745822	1	40229	1	0	40000
Picture	response87	hit	1	10878	2	3796113	1	40229	1	0	40000
Picture	response83	hit	1	9158	2	3846572	1	40229	1	0	40000
Picture	response82	hit	2	13958	2	3896863	1	40230	1	0	40000
Picture	response81	hit	2	12413	2	3947488	1	40229	1	0	40000
Picture	response84	hit	1	11181	2	3997780	1	40229	1	0	40000
Picture	response86	hit	1	13199	2	4048071	1	40230	1	0	40000
Picture	ins5	other				4098530	1	30230	1	0	30000
Picture	response35	hit	2	14126	2	4415364	1	40229	1	0	40000
Picture	response34	hit	1	4538	2	4465823	1	40229	1	0	40000
Picture	response37	hit	1	6447	2	4516114	1	40396	1	0	40000
Picture	response38	hit	2	5138	2	4566572	1	40229	1	0	40000
Picture	response39	hit	2	9277	2	4616864	1	40230	1	0	40000
Picture	response40	hit	1	5142	2	4667489	1	40230	1	0	40000
Picture	response36	hit	1	6080	2	4717780	1	40396	1	0	40000
Picture	response33	hit	2	8108	2	4768072	1	40229	1	0	40000
Picture	ins1	other				4818530	1	30229	1	0	30000
Picture	response1	hit	2	8605	2	5135365	1	40229	1	0	40000
Picture	response7	hit	2	8037	2	5185823	1	40229	1	0	40000
Picture	response3	hit	2	17346	2	5236115	1	40229	1	0	40000
Picture	response4	hit	1	8646	2	5286573	1	40229	1	0	40000
Picture	response8	hit	2	11705	2	5336865	1	40229	1	0	40000
Picture	response2	hit	1	10109	2	5387491	1	40230	1	0	40000
Picture	response6	hit	2	13738	2	5437783	1	40229	1	0	40000
Picture	response5	hit	2	15466	2	5488075	1	40229	1	0	40000
Picture	ins3	other				5538533	1	30230	1	0	30000
Picture	response18	hit	2	5916	2	5855364	1	40229	1	0	40000
Picture	response17	hit	2	7397	2	5905822	1	40229	1	0	40000
Picture	response24	hit	2	4866	2	5956114	1	40109	1	0	40000
Picture	response23	hit	2	5481	2	6006619	1	40229	1	0	40000
Picture	response20	hit	2	5319	2	6056911	1	40229	1	0	40000
Picture	response22	hit	1	4651	2	6107369	1	40229	1	0	40000
Picture	response21	hit	1	5973	2	6157827	1	40229	1	0	40000
Picture	response19	hit	2	5322	2	6208118	1	40229	1	0	40000
Picture	ins21	other				6258577	1	30230	1	0	30000
Picture	response163	hit	2	13928	2	6575362	1	40229	1	0	40000
Picture	response164	hit	1	22139	2	6625821	1	40229	1	0	40000
Picture	response168	hit	2	19247	2	6676112	1	40396	1	0	40000
Picture	response165	hit	2	19269	2	6726571	1	40229	1	0	40000
Picture	response161	hit	1	9487	2	6776863	1	40229	1	0	40000
Picture	response166	hit	1	12382	2	6827488	1	40229	1	0	40000
Picture	response167	hit	2	16571	2	6877779	1	40396	1	0	40000
Picture	response162	hit	1	15429	2	6928071	1	40229	1	0	40000
Picture	ins23	other				6978529	1	30229	1	0	30000
Picture	response177	hit	1	13126	2	7295364	1	40230	1	0	40000
Picture	response179	hit	1	16376	2	7345823	1	40230	1	0	40000
Picture	response180	hit	1	16165	2	7396114	1	40230	1	0	40000
Picture	response184	hit	1	14556	2	7446573	1	40230	1	0	40000
Picture	response182	hit	1	19043	2	7496865	1	40230	1	0	40000
Picture	response178	hit	1	11369	2	7547490	1	40229	1	0	40000
Picture	response181	hit	2	15556	2	7597783	1	40229	1	0	40000
Picture	response183	hit	2	16055	2	7648074	1	40229	1	0	40000
Picture	ins13	other				7698533	1	30229	1	0	30000
Picture	response99	hit	2	10555	2	8015364	1	40229	1	0	40000
Picture	response104	hit	2	8096	2	8065822	1	40229	1	0	40000
Picture	response103	hit	1	13405	2	8116114	1	40229	1	0	40000
Picture	response98	hit	2	9585	2	8166573	1	40230	1	0	40000
Picture	response97	hit	1	8324	2	8216864	1	40229	1	0	40000
Picture	response100	hit	2	9499	2	8267489	1	40229	1	0	40000
Picture	response102	hit	1	10998	2	8317781	1	40229	1	0	40000
Picture	response101	hit	1	10326	2	8368073	1	40229	1	0	40000
Picture	ins9	other				8418530	1	30230	1	0	30000
Picture	response69	hit	1	12647	2	8735361	1	40229	1	0	40000
Picture	response72	hit	1	23219	2	8785819	1	40229	1	0	40000
Picture	response70	hit	2	22767	2	8836111	1	40396	1	0	40000
Picture	response68	hit	2	19200	2	8886569	1	40229	1	0	40000
Picture	response71	hit	1	14388	2	8936861	1	40229	1	0	40000
Picture	response65	hit	1	11932	2	8987486	1	40229	1	0	40000
Picture	response66	hit	1	12141	2	9037778	1	40396	1	0	40000
Picture	response67	hit	2	12629	2	9088069	1	40229	1	0	40000
Picture	thanks	other				9138028	1	10229	1	0	10000


{
   "app": "Presentation Version 21.0 Build 06.06.19",
   "device": "LENOVO 20KHCTO1WW",
   "experiment": "{A2FC4E2A-B401-4E65-9CA9-5B09E294C871}",
   "os": "Windows 10 64 bit",
   "package": "",
   "parameters": {
      "configuration": "Default configuration"
   },
   "scenario": "Dimension experiment(1).sce",
   "subject": "A_HP_33",
   "timestamp": "2019/11/22 03:53:53 GMT"
}
