Scenario - 
Logfile written - 07/18/2019 10:17:48

Subject	Trial	Event Type	Code	Time	TTime	Uncertainty	Duration	Uncertainty	ReqTime	ReqDur	Stim Type	Pair Index

A_HP_01	1	Response	3	268248	267415	1
A_HP_01	1	Pulse	99	268248	267415	1
A_HP_01	2	Picture	ready	268481	0	1	10229	1	0	10000	other	0
A_HP_01	2	Pulse	99	288168	19686	1
A_HP_01	2	Pulse	99	308248	39766	1
A_HP_01	2	Pulse	99	328248	59767	1
A_HP_01	3	Picture	ins17	329055	232	1	30229	1	0	30000	other	0
A_HP_01	3	Pulse	99	348168	19344	1
A_HP_01	3	Pulse	99	368248	39424	1
A_HP_01	3	Pulse	99	388247	59424	1
A_HP_01	3	Pulse	99	408168	79344	1
A_HP_01	3	Pulse	99	428248	99424	1
A_HP_01	3	Pulse	99	448248	119424	1
A_HP_01	3	Pulse	99	468168	139345	1
A_HP_01	3	Pulse	99	488168	159345	1
A_HP_01	3	Pulse	99	508248	179424	1
A_HP_01	3	Pulse	99	528248	199424	1
A_HP_01	3	Pulse	99	548168	219344	1
A_HP_01	3	Pulse	99	568248	239424	1
A_HP_01	3	Pulse	99	588248	259424	1
A_HP_01	3	Pulse	99	608168	279344	1
A_HP_01	3	Pulse	99	628248	299424	1
A_HP_01	4	Response	3	648248	9194	1
A_HP_01	4	Pulse	99	648248	9194	1
A_HP_01	5	Picture	response133	648859	235	1	40229	1	0	40000	hit	27
A_HP_01	5	Pulse	99	668168	19544	1
A_HP_01	5	Response	1	674487	25863	1
A_HP_01	5	Pulse	99	688248	39624	1
A_HP_01	6	Picture	response129	699316	293	1	40229	1	0	40000	hit	31
A_HP_01	6	Pulse	99	708248	9224	1
A_HP_01	6	Response	1	716546	17523	1
A_HP_01	6	Pulse	99	728168	29144	1
A_HP_01	6	Pulse	99	748248	49224	1
A_HP_01	7	Picture	response132	749608	184	1	40229	1	0	40000	incorrect	36
A_HP_01	7	Pulse	99	768248	18824	1
A_HP_01	7	Response	1	786657	37233	1
A_HP_01	7	Pulse	99	788168	38744	1
A_HP_01	8	Picture	response136	800066	242	1	40229	1	0	40000	hit	40
A_HP_01	8	Pulse	99	808248	8424	1
A_HP_01	8	Response	1	820117	20293	1
A_HP_01	8	Pulse	99	828248	28424	1
A_HP_01	8	Pulse	99	848168	48344	1
A_HP_01	9	Picture	response130	850523	300	1	40229	1	0	40000	hit	45
A_HP_01	9	Pulse	99	868248	18024	1
A_HP_01	9	Response	2	873916	23693	1
A_HP_01	9	Pulse	99	888248	38024	1
A_HP_01	10	Picture	response134	900815	191	1	40229	1	0	40000	hit	49
A_HP_01	10	Pulse	99	908168	7544	1
A_HP_01	10	Response	2	910596	9972	1
A_HP_01	10	Pulse	99	928168	27545	1
A_HP_01	10	Pulse	99	948248	47624	1
A_HP_01	11	Picture	response135	951272	249	1	40229	1	0	40000	hit	53
A_HP_01	11	Response	2	968087	17063	1
A_HP_01	11	Pulse	99	968167	17144	1
A_HP_01	11	Pulse	99	988168	37144	1
A_HP_01	12	Picture	response131	1001563	139	1	40229	1	0	40000	hit	58
A_HP_01	12	Pulse	99	1008248	6824	1
A_HP_01	12	Response	1	1009405	7981	1
A_HP_01	12	Pulse	99	1028248	26824	1
A_HP_01	12	Pulse	99	1048168	46744	1
A_HP_01	13	Picture	ins3	1052021	197	1	30229	1	0	30000	other	0
A_HP_01	13	Pulse	99	1068248	16424	1
A_HP_01	13	Pulse	99	1088248	36424	1
A_HP_01	13	Pulse	99	1108168	56344	1
A_HP_01	13	Pulse	99	1128248	76424	1
A_HP_01	13	Pulse	99	1148248	96424	1
A_HP_01	13	Pulse	99	1168168	116344	1
A_HP_01	13	Pulse	99	1188248	136424	1
A_HP_01	13	Pulse	99	1208248	156424	1
A_HP_01	13	Pulse	99	1228168	176344	1
A_HP_01	13	Pulse	99	1248248	196425	1
A_HP_01	13	Pulse	99	1268248	216424	1
A_HP_01	13	Pulse	99	1288168	236344	1
A_HP_01	13	Pulse	99	1308168	256344	1
A_HP_01	13	Pulse	99	1328248	276424	1
A_HP_01	13	Pulse	99	1348168	296344	1
A_HP_01	14	Response	3	1368168	6114	1
A_HP_01	14	Pulse	99	1368168	6114	1
A_HP_01	15	Picture	response24	1368760	236	1	40229	1	0	40000	hit	80
A_HP_01	15	Response	2	1376767	8243	1
A_HP_01	15	Pulse	99	1388248	19724	1
A_HP_01	15	Pulse	99	1408168	39644	1
A_HP_01	16	Picture	response20	1419052	128	1	40229	1	0	40000	hit	85
A_HP_01	16	Pulse	99	1428168	9244	1
A_HP_01	16	Response	2	1430236	11312	1
A_HP_01	16	Pulse	99	1448248	29324	1
A_HP_01	16	Pulse	99	1468168	49244	1
A_HP_01	17	Picture	response17	1469676	352	1	40229	1	0	40000	hit	89
A_HP_01	17	Response	2	1486317	16993	1
A_HP_01	17	Pulse	99	1488168	18844	1
A_HP_01	17	Pulse	99	1508248	38924	1
A_HP_01	18	Picture	response23	1519967	243	1	40229	1	0	40000	hit	94
A_HP_01	18	Pulse	99	1528248	8524	1
A_HP_01	18	Response	2	1530216	10492	1
A_HP_01	18	Pulse	99	1548168	28444	1
A_HP_01	18	Pulse	99	1568248	48524	1
A_HP_01	19	Picture	response21	1570259	134	1	40229	1	0	40000	hit	98
A_HP_01	19	Response	1	1583917	13793	1
A_HP_01	19	Pulse	99	1588248	18124	1
A_HP_01	19	Pulse	99	1608168	38044	1
A_HP_01	20	Picture	response19	1620716	192	1	40229	1	0	40000	hit	103
A_HP_01	20	Pulse	99	1628248	7724	1
A_HP_01	20	Response	2	1633287	12763	1
A_HP_01	20	Pulse	99	1648248	27724	1
A_HP_01	20	Pulse	99	1668168	47644	1
A_HP_01	21	Picture	response18	1671174	250	1	40229	1	0	40000	hit	108
A_HP_01	21	Pulse	99	1688168	17244	1
A_HP_01	21	Response	2	1695547	24623	1
A_HP_01	21	Pulse	99	1708248	37324	1
A_HP_01	22	Picture	response22	1721465	141	1	40229	1	0	40000	hit	112
A_HP_01	22	Pulse	99	1728168	6844	1
A_HP_01	22	Response	1	1734306	12982	1
A_HP_01	22	Pulse	99	1748168	26844	1
A_HP_01	22	Pulse	99	1768248	46924	1
A_HP_01	23	Picture	ins1	1771923	199	1	30229	1	0	30000	other	0
A_HP_01	23	Pulse	99	1788168	16444	1
A_HP_01	23	Pulse	99	1808168	36444	1
A_HP_01	23	Pulse	99	1828248	56524	1
A_HP_01	23	Pulse	99	1848169	76444	1
A_HP_01	23	Pulse	99	1868168	96444	1
A_HP_01	23	Pulse	99	1888248	116524	1
A_HP_01	23	Pulse	99	1908168	136444	1
A_HP_01	23	Pulse	99	1928168	156444	1
A_HP_01	23	Pulse	99	1948248	176524	1
A_HP_01	23	Pulse	99	1968169	196444	1
A_HP_01	23	Pulse	99	1988169	216444	1
A_HP_01	23	Pulse	99	2008249	236524	1
A_HP_01	23	Pulse	99	2028248	256524	1
A_HP_01	23	Pulse	99	2048169	276444	1
A_HP_01	23	Pulse	99	2068168	296444	1
A_HP_01	24	Response	3	2088249	6294	1
A_HP_01	24	Pulse	99	2088249	6294	1
A_HP_01	25	Picture	response4	2088859	235	1	40229	1	0	40000	hit	135
A_HP_01	25	Pulse	99	2108169	19544	1
A_HP_01	25	Response	1	2109306	20681	1
A_HP_01	25	Pulse	99	2128168	39544	1
A_HP_01	26	Picture	response5	2139317	293	1	40229	1	0	40000	hit	139
A_HP_01	26	Pulse	99	2148249	9224	1
A_HP_01	26	Response	2	2151317	12292	1
A_HP_01	26	Pulse	99	2168168	29144	1
A_HP_01	26	Pulse	99	2188169	49144	1
A_HP_01	27	Picture	response7	2189608	184	1	40229	1	0	40000	hit	143
A_HP_01	27	Response	2	2204127	14702	1
A_HP_01	27	Pulse	99	2208247	18823	1
A_HP_01	27	Pulse	99	2228168	38744	1
A_HP_01	28	Picture	response1	2240066	242	1	40229	1	0	40000	hit	148
A_HP_01	28	Pulse	99	2248169	8345	1
A_HP_01	28	Response	2	2254117	14292	1
A_HP_01	28	Pulse	99	2268249	28424	1
A_HP_01	28	Pulse	99	2288169	48344	1
A_HP_01	29	Picture	response3	2290524	299	1	40229	1	0	40000	hit	152
A_HP_01	29	Response	2	2301967	11743	1
A_HP_01	29	Pulse	99	2308169	17944	1
A_HP_01	29	Pulse	99	2328249	38024	1
A_HP_01	30	Picture	response8	2340815	191	1	40229	1	0	40000	hit	157
A_HP_01	30	Pulse	99	2348169	7545	1
A_HP_01	30	Response	2	2353837	13213	1
A_HP_01	30	Pulse	99	2368169	27545	1
A_HP_01	30	Pulse	99	2388249	47625	1
A_HP_01	31	Picture	response2	2391273	248	1	40229	1	0	40000	hit	161
A_HP_01	31	Response	1	2403858	12833	1
A_HP_01	31	Pulse	99	2408168	17143	1
A_HP_01	31	Pulse	99	2428169	37144	1
A_HP_01	32	Picture	response6	2441564	139	1	40229	1	0	40000	hit	166
A_HP_01	32	Pulse	99	2448168	6744	1
A_HP_01	32	Response	2	2452997	11572	1
A_HP_01	32	Pulse	99	2468169	26744	1
A_HP_01	32	Pulse	99	2488169	46744	1
A_HP_01	33	Picture	ins5	2492188	364	1	30229	1	0	30000	other	0
A_HP_01	33	Pulse	99	2508169	16344	1
A_HP_01	33	Pulse	99	2528249	36424	1
A_HP_01	33	Pulse	99	2548169	56344	1
A_HP_01	33	Pulse	99	2568169	76344	1
A_HP_01	33	Pulse	99	2588249	96424	1
A_HP_01	33	Pulse	99	2608169	116344	1
A_HP_01	33	Pulse	99	2628169	136344	1
A_HP_01	33	Pulse	99	2648249	156424	1
A_HP_01	33	Pulse	99	2668169	176344	1
A_HP_01	33	Pulse	99	2688169	196344	1
A_HP_01	33	Pulse	99	2708249	216424	1
A_HP_01	33	Pulse	99	2728169	236345	1
A_HP_01	33	Pulse	99	2748169	256344	1
A_HP_01	33	Pulse	99	2768249	276425	1
A_HP_01	33	Pulse	99	2788169	296344	1
A_HP_01	34	Response	3	2808169	6114	1
A_HP_01	34	Pulse	99	2808169	6114	1
A_HP_01	35	Picture	response34	2808760	235	1	40229	1	0	40000	hit	188
A_HP_01	35	Response	1	2818018	9493	1
A_HP_01	35	Pulse	99	2828169	19644	1
A_HP_01	35	Pulse	99	2848169	39644	1
A_HP_01	36	Picture	response36	2859051	126	1	40229	1	0	40000	hit	193
A_HP_01	36	Pulse	99	2868169	9244	1
A_HP_01	36	Response	1	2870866	11941	1
A_HP_01	36	Pulse	99	2888169	29244	1
A_HP_01	36	Pulse	99	2908169	49244	1
A_HP_01	37	Picture	response37	2909675	351	1	40229	1	0	40000	hit	197
A_HP_01	37	Response	1	2916407	7083	1
A_HP_01	37	Pulse	99	2928169	18844	1
A_HP_01	37	Pulse	99	2948169	38844	1
A_HP_01	38	Picture	response38	2959967	242	1	40229	1	0	40000	hit	201
A_HP_01	38	Response	2	2967528	7803	1
A_HP_01	38	Pulse	99	2968168	8444	1
A_HP_01	38	Pulse	99	2988169	28444	1
A_HP_01	38	Pulse	99	3008169	48444	1
A_HP_01	39	Picture	response39	3010258	134	1	40229	1	0	40000	hit	206
A_HP_01	39	Response	2	3022298	12173	1
A_HP_01	39	Pulse	99	3028249	18124	1
A_HP_01	39	Pulse	99	3048169	38044	1
A_HP_01	40	Picture	response35	3060717	191	1	40229	1	0	40000	hit	210
A_HP_01	40	Response	2	3068078	7553	1
A_HP_01	40	Pulse	99	3068168	7643	1
A_HP_01	40	Pulse	99	3088249	27724	1
A_HP_01	40	Pulse	99	3108169	47644	1
A_HP_01	41	Picture	response33	3111175	250	1	40229	1	0	40000	hit	215
A_HP_01	41	Response	2	3116688	5763	1
A_HP_01	41	Pulse	99	3128169	17244	1
A_HP_01	41	Pulse	99	3148249	37324	1
A_HP_01	42	Picture	response40	3161633	308	1	40229	1	0	40000	hit	219
A_HP_01	42	Response	1	3167918	6593	1
A_HP_01	42	Pulse	99	3168169	6843	1
A_HP_01	42	Pulse	99	3188169	26844	1
A_HP_01	42	Pulse	99	3208169	46844	1
A_HP_01	43	Picture	ins19	3211924	199	1	30229	1	0	30000	other	0
A_HP_01	43	Pulse	99	3228169	16444	1
A_HP_01	43	Pulse	99	3248169	36444	1
A_HP_01	43	Pulse	99	3268169	56444	1
A_HP_01	43	Pulse	99	3288169	76444	1
A_HP_01	43	Pulse	99	3308169	96444	1
A_HP_01	43	Pulse	99	3328169	116444	1
A_HP_01	43	Pulse	99	3348169	136444	1
A_HP_01	43	Pulse	99	3368169	156444	1
A_HP_01	43	Pulse	99	3388169	176444	1
A_HP_01	43	Pulse	99	3408169	196444	1
A_HP_01	43	Pulse	99	3428169	216444	1
A_HP_01	43	Pulse	99	3448169	236444	1
A_HP_01	43	Pulse	99	3468169	256444	1
A_HP_01	43	Pulse	99	3488169	276444	1
A_HP_01	43	Pulse	99	3508169	296444	1
A_HP_01	44	Response	3	3528249	6294	1
A_HP_01	44	Pulse	99	3528249	6294	1
A_HP_01	45	Picture	response147	3528861	236	1	40229	1	0	40000	hit	243
A_HP_01	45	Pulse	99	3548169	19544	1
A_HP_01	45	Response	2	3562098	33473	1
A_HP_01	45	Pulse	99	3568169	39543	1
A_HP_01	46	Picture	response152	3579320	295	1	40229	1	0	40000	hit	247
A_HP_01	46	Pulse	99	3588169	9144	1
A_HP_01	46	Response	1	3607068	28043	1
A_HP_01	46	Pulse	99	3608169	29144	1
A_HP_01	46	Pulse	99	3628170	49145	1
A_HP_01	47	Picture	response151	3629611	186	1	40229	1	0	40000	incorrect	252
A_HP_01	47	Pulse	99	3648169	18744	1
A_HP_01	47	Response	2	3652567	23142	1
A_HP_01	47	Pulse	99	3668169	38744	1
A_HP_01	48	Picture	response146	3680069	243	1	40229	1	0	40000	hit	256
A_HP_01	48	Pulse	99	3688169	8344	1
A_HP_01	48	Response	1	3703358	23533	1
A_HP_01	48	Pulse	99	3708169	28343	1
A_HP_01	48	Pulse	99	3728169	48344	1
A_HP_01	49	Picture	response150	3730527	302	1	40229	1	0	40000	hit	260
A_HP_01	49	Response	2	3743958	13733	1
A_HP_01	49	Pulse	99	3748169	17944	1
A_HP_01	49	Pulse	99	3768169	37944	1
A_HP_01	50	Picture	response145	3780818	192	1	40229	1	0	40000	hit	265
A_HP_01	50	Pulse	99	3788169	7544	1
A_HP_01	50	Response	1	3802558	21933	1
A_HP_01	50	Pulse	99	3808169	27544	1
A_HP_01	50	Pulse	99	3828169	47544	1
A_HP_01	51	Picture	response149	3831275	250	1	40229	1	0	40000	hit	269
A_HP_01	51	Response	1	3841188	10163	1
A_HP_01	51	Pulse	99	3848169	17144	1
A_HP_01	51	Pulse	99	3868169	37144	1
A_HP_01	52	Picture	response148	3881567	141	1	40229	1	0	40000	hit	274
A_HP_01	52	Pulse	99	3888169	6744	1
A_HP_01	52	Response	1	3907138	25713	1
A_HP_01	52	Pulse	99	3908169	26744	1
A_HP_01	52	Pulse	99	3928170	46744	1
A_HP_01	53	Picture	ins7	3932191	366	1	30229	1	0	30000	other	0
A_HP_01	53	Pulse	99	3948169	16344	1
A_HP_01	53	Pulse	99	3968169	36344	1
A_HP_01	53	Pulse	99	3988169	56344	1
A_HP_01	53	Pulse	99	4008169	76344	1
A_HP_01	53	Pulse	99	4028169	96344	1
A_HP_01	53	Pulse	99	4048170	116344	1
A_HP_01	53	Pulse	99	4068170	136344	1
A_HP_01	53	Pulse	99	4088169	156344	1
A_HP_01	53	Pulse	99	4108170	176344	1
A_HP_01	53	Pulse	99	4128170	196344	1
A_HP_01	53	Pulse	99	4148169	216344	1
A_HP_01	53	Pulse	99	4168170	236344	1
A_HP_01	53	Pulse	99	4188170	256344	1
A_HP_01	53	Pulse	99	4208169	276344	1
A_HP_01	53	Pulse	99	4228169	296344	1
A_HP_01	54	Response	3	4248170	6114	1
A_HP_01	54	Pulse	99	4248170	6114	1
A_HP_01	55	Picture	response49	4248759	233	1	40229	1	0	40000	hit	296
A_HP_01	55	Response	2	4264878	16352	1
A_HP_01	55	Pulse	99	4268169	19643	1
A_HP_01	55	Pulse	99	4288170	39644	1
A_HP_01	56	Picture	response51	4299050	125	1	40229	1	0	40000	hit	301
A_HP_01	56	Pulse	99	4308170	9244	1
A_HP_01	56	Response	1	4309058	10132	1
A_HP_01	56	Pulse	99	4328170	29244	1
A_HP_01	56	Pulse	99	4348169	49244	1
A_HP_01	57	Picture	response54	4349675	350	1	40229	1	0	40000	hit	305
A_HP_01	57	Response	1	4357908	8583	1
A_HP_01	57	Pulse	99	4368169	18844	1
A_HP_01	57	Pulse	99	4388170	38844	1
A_HP_01	58	Picture	response55	4399966	241	1	40229	1	0	40000	hit	310
A_HP_01	58	Pulse	99	4408169	8444	1
A_HP_01	58	Response	2	4408607	8882	1
A_HP_01	58	Pulse	99	4428169	28444	1
A_HP_01	58	Pulse	99	4448169	48444	1
A_HP_01	59	Picture	response50	4450258	132	1	40229	1	0	40000	hit	315
A_HP_01	59	Pulse	99	4468170	18045	1
A_HP_01	59	Response	2	4469898	19773	1
A_HP_01	59	Pulse	99	4488170	38044	1
A_HP_01	60	Picture	response52	4500715	189	1	40229	1	0	40000	hit	319
A_HP_01	60	Pulse	99	4508170	7644	1
A_HP_01	60	Response	2	4519508	18982	1
A_HP_01	60	Pulse	99	4528169	27643	1
A_HP_01	60	Pulse	99	4548170	47644	1
A_HP_01	61	Picture	response56	4551174	248	1	40229	1	0	40000	hit	323
A_HP_01	61	Response	2	4561359	10433	1
A_HP_01	61	Pulse	99	4568169	17243	1
A_HP_01	61	Pulse	99	4588170	37244	1
A_HP_01	62	Picture	response53	4601631	305	1	40229	1	0	40000	hit	328
A_HP_01	62	Pulse	99	4608170	6844	1
A_HP_01	62	Response	1	4612938	11613	1
A_HP_01	62	Pulse	99	4628170	26844	1
A_HP_01	62	Pulse	99	4648170	46844	1
A_HP_01	63	Picture	ins13	4651922	197	1	30229	1	0	30000	other	0
A_HP_01	63	Pulse	99	4668170	16444	1
A_HP_01	63	Pulse	99	4688170	36444	1
A_HP_01	63	Pulse	99	4708170	56444	1
A_HP_01	63	Pulse	99	4728170	76444	1
A_HP_01	63	Pulse	99	4748170	96444	1
A_HP_01	63	Pulse	99	4768170	116444	1
A_HP_01	63	Pulse	99	4788170	136444	1
A_HP_01	63	Pulse	99	4808170	156444	1
A_HP_01	63	Pulse	99	4828170	176444	1
A_HP_01	63	Pulse	99	4848170	196444	1
A_HP_01	63	Pulse	99	4868170	216444	1
A_HP_01	63	Pulse	99	4888170	236444	1
A_HP_01	63	Pulse	99	4908170	256444	1
A_HP_01	63	Pulse	99	4928170	276444	1
A_HP_01	63	Pulse	99	4948170	296444	1
A_HP_01	64	Response	3	4968170	6214	1
A_HP_01	64	Pulse	99	4968170	6214	1
A_HP_01	65	Picture	response99	4968761	235	1	40229	1	0	40000	hit	350
A_HP_01	65	Response	2	4981759	13233	1
A_HP_01	65	Pulse	99	4988169	19643	1
A_HP_01	65	Pulse	99	5008170	39644	1
A_HP_01	66	Picture	response101	5019052	126	1	40229	1	0	40000	hit	355
A_HP_01	66	Pulse	99	5028170	9244	1
A_HP_01	66	Response	1	5039479	20553	1
A_HP_01	66	Pulse	99	5048170	29244	1
A_HP_01	66	Pulse	99	5068170	49244	1
A_HP_01	67	Picture	response103	5069677	351	1	40229	1	0	40000	hit	360
A_HP_01	67	Pulse	99	5088170	18844	1
A_HP_01	67	Response	1	5089418	20092	1
A_HP_01	67	Pulse	99	5108169	38844	1
A_HP_01	68	Picture	response100	5119967	242	1	40229	1	0	40000	hit	364
A_HP_01	68	Pulse	99	5128170	8445	1
A_HP_01	68	Response	2	5132689	12963	1
A_HP_01	68	Pulse	99	5148170	28445	1
A_HP_01	68	Pulse	99	5168170	48445	1
A_HP_01	69	Picture	response102	5170259	133	1	40229	1	0	40000	hit	369
A_HP_01	69	Pulse	99	5188170	18044	1
A_HP_01	69	Response	1	5189618	19492	1
A_HP_01	69	Pulse	99	5208170	38044	1
A_HP_01	70	Picture	response97	5220716	191	1	40229	1	0	40000	hit	373
A_HP_01	70	Pulse	99	5228170	7644	1
A_HP_01	70	Response	1	5234808	14282	1
A_HP_01	70	Pulse	99	5248170	27644	1
A_HP_01	70	Pulse	99	5268170	47644	1
A_HP_01	71	Picture	response98	5271174	248	1	40229	1	0	40000	hit	377
A_HP_01	71	Response	2	5285819	14893	1
A_HP_01	71	Pulse	99	5288170	17244	1
A_HP_01	71	Pulse	99	5308170	37244	1
A_HP_01	72	Picture	response104	5321632	306	1	40229	1	0	40000	hit	382
A_HP_01	72	Pulse	99	5328170	6844	1
A_HP_01	72	Response	2	5340839	19513	1
A_HP_01	72	Pulse	99	5348170	26844	1
A_HP_01	72	Pulse	99	5368170	46844	1
A_HP_01	73	Picture	ins15	5371923	198	1	30230	1	0	30000	other	0
A_HP_01	73	Pulse	99	5388170	16444	1
A_HP_01	73	Pulse	99	5408170	36444	1
A_HP_01	73	Pulse	99	5428170	56445	1
A_HP_01	73	Pulse	99	5448174	76448	1
A_HP_01	73	Pulse	99	5468170	96444	1
A_HP_01	73	Pulse	99	5488170	116445	1
A_HP_01	73	Pulse	99	5508170	136444	1
A_HP_01	73	Pulse	99	5528170	156444	1
A_HP_01	73	Pulse	99	5548170	176444	1
A_HP_01	73	Pulse	99	5568170	196444	1
A_HP_01	73	Pulse	99	5588170	216444	1
A_HP_01	73	Pulse	99	5608170	236444	1
A_HP_01	73	Pulse	99	5628170	256444	1
A_HP_01	73	Pulse	99	5648170	276445	1
A_HP_01	73	Pulse	99	5668170	296445	1
A_HP_01	74	Response	3	5688170	6214	1
A_HP_01	74	Pulse	99	5688170	6214	1
A_HP_01	75	Picture	response120	5688759	233	1	40229	1	0	40000	hit	405
A_HP_01	75	Pulse	99	5708170	19644	1
A_HP_01	75	Response	1	5709619	21092	1
A_HP_01	75	Pulse	99	5728170	39644	1
A_HP_01	76	Picture	response117	5739051	125	1	40229	1	0	40000	hit	409
A_HP_01	76	Pulse	99	5748170	9244	1
A_HP_01	76	Response	2	5750988	12062	1
A_HP_01	76	Pulse	99	5768170	29244	1
A_HP_01	76	Pulse	99	5788170	49244	1
A_HP_01	77	Picture	response116	5789674	348	1	40229	1	0	40000	hit	414
A_HP_01	77	Pulse	99	5808170	18844	1
A_HP_01	77	Response	1	5809718	20392	1
A_HP_01	77	Pulse	99	5828170	38844	1
A_HP_01	78	Picture	response118	5839966	240	1	40229	1	0	40000	hit	418
A_HP_01	78	Pulse	99	5848170	8444	1
A_HP_01	78	Response	1	5855139	15413	1
A_HP_01	78	Pulse	99	5868170	28444	1
A_HP_01	78	Pulse	99	5888172	48446	1
A_HP_01	79	Picture	response113	5890257	131	1	40229	1	0	40000	hit	423
A_HP_01	79	Pulse	99	5908170	18044	1
A_HP_01	79	Response	2	5908559	18432	1
A_HP_01	79	Pulse	99	5928170	38044	1
A_HP_01	80	Picture	response115	5940715	189	1	40229	1	0	40000	hit	427
A_HP_01	80	Pulse	99	5948171	7644	1
A_HP_01	80	Response	2	5964499	23973	1
A_HP_01	80	Pulse	99	5968170	27644	1
A_HP_01	80	Pulse	99	5988170	47644	1
A_HP_01	81	Picture	response114	5991173	246	1	40229	1	0	40000	hit	431
A_HP_01	81	Response	2	6004609	13682	1
A_HP_01	81	Pulse	99	6008170	17243	1
A_HP_01	81	Pulse	99	6028171	37244	1
A_HP_01	82	Picture	response119	6041631	305	1	40229	1	0	40000	hit	436
A_HP_01	82	Pulse	99	6048170	6844	1
A_HP_01	82	Response	1	6064019	22692	1
A_HP_01	82	Pulse	99	6068170	26843	1
A_HP_01	82	Pulse	99	6088170	46844	1
A_HP_01	83	Picture	ins9	6091922	196	1	30229	1	0	30000	other	0
A_HP_01	83	Pulse	99	6108170	16444	1
A_HP_01	83	Pulse	99	6128170	36444	1
A_HP_01	83	Pulse	99	6148171	56445	1
A_HP_01	83	Pulse	99	6168170	76445	1
A_HP_01	83	Pulse	99	6188171	96445	1
A_HP_01	83	Pulse	99	6208171	116445	1
A_HP_01	83	Pulse	99	6228171	136445	1
A_HP_01	83	Pulse	99	6248171	156445	1
A_HP_01	83	Pulse	99	6268171	176445	1
A_HP_01	83	Pulse	99	6288171	196445	1
A_HP_01	83	Pulse	99	6308171	216445	1
A_HP_01	83	Pulse	99	6328171	236445	1
A_HP_01	83	Pulse	99	6348171	256445	1
A_HP_01	83	Pulse	99	6368171	276445	1
A_HP_01	83	Pulse	99	6388171	296445	1
A_HP_01	84	Response	3	6408171	6215	1
A_HP_01	84	Pulse	99	6408171	6215	1
A_HP_01	85	Picture	response68	6408761	234	1	40229	1	0	40000	hit	458
A_HP_01	85	Response	2	6423849	15322	1
A_HP_01	85	Pulse	99	6428169	19643	1
A_HP_01	85	Pulse	99	6448170	39644	1
A_HP_01	86	Picture	response66	6459052	126	1	40229	1	0	40000	hit	463
A_HP_01	86	Pulse	99	6468171	9245	1
A_HP_01	86	Response	1	6481199	22273	1
A_HP_01	86	Pulse	99	6488170	29244	1
A_HP_01	86	Pulse	99	6508171	49245	1
A_HP_01	87	Picture	response69	6509677	350	1	40229	1	0	40000	hit	468
A_HP_01	87	Pulse	99	6528170	18844	1
A_HP_01	87	Response	1	6532608	23282	1
A_HP_01	87	Pulse	99	6548170	38843	1
A_HP_01	88	Picture	response71	6559968	241	1	40230	1	0	40000	hit	472
A_HP_01	88	Pulse	99	6568171	8445	1
A_HP_01	88	Response	1	6572799	13073	1
A_HP_01	88	Pulse	99	6588171	28445	1
A_HP_01	88	Pulse	99	6608170	48444	1
A_HP_01	89	Picture	response72	6610260	133	1	40229	1	0	40000	hit	476
A_HP_01	89	Response	1	6626380	16253	1
A_HP_01	89	Pulse	99	6628170	18044	1
A_HP_01	89	Pulse	99	6648171	38044	1
A_HP_01	90	Picture	response65	6660718	191	1	40229	1	0	40000	hit	481
A_HP_01	90	Pulse	99	6668170	7643	1
A_HP_01	90	Response	1	6680908	20381	1
A_HP_01	90	Pulse	99	6688170	27643	1
A_HP_01	90	Pulse	99	6708170	47643	1
A_HP_01	91	Picture	response70	6711175	249	1	40229	1	0	40000	hit	485
A_HP_01	91	Response	2	6725280	14353	1
A_HP_01	91	Pulse	99	6728171	17245	1
A_HP_01	91	Pulse	99	6748170	37244	1
A_HP_01	92	Picture	response67	6761633	307	1	40229	1	0	40000	hit	490
A_HP_01	92	Pulse	99	6768170	6843	1
A_HP_01	92	Response	2	6772949	11622	1
A_HP_01	92	Pulse	99	6788170	26844	1
A_HP_01	92	Pulse	99	6808170	46844	1
A_HP_01	93	Picture	ins11	6811925	199	1	30229	1	0	30000	other	0
A_HP_01	93	Pulse	99	6828170	16444	1
A_HP_01	93	Pulse	99	6848171	36444	1
A_HP_01	93	Pulse	99	6868170	56444	1
A_HP_01	93	Pulse	99	6888170	76444	1
A_HP_01	93	Pulse	99	6908171	96444	1
A_HP_01	93	Pulse	99	6928170	116444	1
A_HP_01	93	Pulse	99	6948170	136444	1
A_HP_01	93	Pulse	99	6968171	156445	1
A_HP_01	93	Pulse	99	6988171	176444	1
A_HP_01	93	Pulse	99	7008171	196444	1
A_HP_01	93	Pulse	99	7028171	216444	1
A_HP_01	93	Pulse	99	7048171	236445	1
A_HP_01	93	Pulse	99	7068171	256444	1
A_HP_01	93	Pulse	99	7088171	276444	1
A_HP_01	93	Pulse	99	7108171	296444	1
A_HP_01	94	Response	3	7128170	6214	1
A_HP_01	94	Pulse	99	7128170	6214	1
A_HP_01	95	Picture	response82	7128760	234	1	40229	1	0	40000	hit	513
A_HP_01	95	Pulse	99	7148171	19644	1
A_HP_01	95	Response	2	7149599	21072	1
A_HP_01	95	Pulse	99	7168170	39644	1
A_HP_01	96	Picture	response81	7179051	125	1	40229	1	0	40000	hit	517
A_HP_01	96	Pulse	99	7188171	9244	1
A_HP_01	96	Response	2	7203399	24473	1
A_HP_01	96	Pulse	99	7208170	29244	1
A_HP_01	96	Pulse	99	7228171	49244	1
A_HP_01	97	Picture	response85	7229675	349	1	40229	1	0	40000	hit	521
A_HP_01	97	Response	2	7247099	17773	1
A_HP_01	97	Pulse	99	7248170	18844	1
A_HP_01	97	Pulse	99	7268171	38844	1
A_HP_01	98	Picture	response88	7279967	240	1	40229	1	0	40000	hit	526
A_HP_01	98	Pulse	99	7288171	8444	1
A_HP_01	98	Response	2	7301969	22243	1
A_HP_01	98	Pulse	99	7308170	28444	1
A_HP_01	98	Pulse	99	7328171	48444	1
A_HP_01	99	Picture	response86	7330257	131	1	40229	1	0	40000	hit	531
A_HP_01	99	Pulse	99	7348171	18045	1
A_HP_01	99	Response	1	7355381	25254	1
A_HP_01	99	Pulse	99	7368171	38045	1
A_HP_01	100	Picture	response84	7380716	189	1	40229	1	0	40000	hit	535
A_HP_01	100	Pulse	99	7388171	7644	1
A_HP_01	100	Response	1	7399539	19013	1
A_HP_01	100	Pulse	99	7408170	27644	1
A_HP_01	100	Pulse	99	7428171	47644	1
A_HP_01	101	Picture	response87	7431174	247	1	40229	1	0	40000	hit	540
A_HP_01	101	Pulse	99	7448171	17244	1
A_HP_01	101	Response	1	7450189	19262	1
A_HP_01	101	Pulse	99	7468171	37244	1
A_HP_01	102	Picture	response83	7481632	306	1	40229	1	0	40000	hit	544
A_HP_01	102	Pulse	99	7488171	6845	1
A_HP_01	102	Response	1	7492480	11153	1
A_HP_01	102	Pulse	99	7508171	26845	1
A_HP_01	102	Pulse	99	7528171	46845	1
A_HP_01	103	Picture	ins21	7531923	196	1	30229	1	0	30000	other	0
A_HP_01	103	Pulse	99	7548171	16444	1
A_HP_01	103	Pulse	99	7568171	36444	1
A_HP_01	103	Pulse	99	7588171	56444	1
A_HP_01	103	Pulse	99	7608171	76444	1
A_HP_01	103	Pulse	99	7628171	96444	1
A_HP_01	103	Pulse	99	7648171	116444	1
A_HP_01	103	Pulse	99	7668171	136444	1
A_HP_01	103	Pulse	99	7688171	156444	1
A_HP_01	103	Pulse	99	7708171	176444	1
A_HP_01	103	Pulse	99	7728171	196444	1
A_HP_01	103	Pulse	99	7748171	216444	1
A_HP_01	103	Pulse	99	7768171	236444	1
A_HP_01	103	Pulse	99	7788171	256444	1
A_HP_01	103	Pulse	99	7808171	276444	1
A_HP_01	103	Pulse	99	7828170	296443	1
A_HP_01	104	Response	3	7848170	6213	1
A_HP_01	104	Pulse	99	7848170	6213	1
A_HP_01	105	Picture	response167	7848764	237	1	40229	1	0	40000	hit	567
A_HP_01	105	Pulse	99	7868171	19644	1
A_HP_01	105	Response	2	7875040	26513	1
A_HP_01	105	Pulse	99	7888171	39645	1
A_HP_01	106	Picture	response165	7899055	128	1	40229	1	0	40000	hit	571
A_HP_01	106	Pulse	99	7908171	9243	1
A_HP_01	106	Response	2	7919370	20442	1
A_HP_01	106	Pulse	99	7928171	29243	1
A_HP_01	106	Pulse	99	7948171	49243	1
A_HP_01	107	Picture	response163	7949680	354	1	40229	1	0	40000	hit	576
A_HP_01	107	Pulse	99	7968171	18845	1
A_HP_01	107	Response	2	7969589	20263	1
A_HP_01	107	Pulse	99	7988171	38845	1
A_HP_01	108	Picture	response164	7999971	244	1	40229	1	0	40000	hit	580
A_HP_01	108	Pulse	99	8008171	8444	1
A_HP_01	108	Response	1	8024990	25263	1
A_HP_01	108	Pulse	99	8028171	28444	1
A_HP_01	108	Pulse	99	8048171	48444	1
A_HP_01	109	Picture	response166	8050263	135	1	40229	1	0	40000	hit	585
A_HP_01	109	Pulse	99	8068171	18044	1
A_HP_01	109	Response	1	8069470	19342	1
A_HP_01	109	Pulse	99	8088171	38044	1
A_HP_01	110	Picture	response168	8100720	193	1	40229	1	0	40000	hit	590
A_HP_01	110	Pulse	99	8108171	7643	1
A_HP_01	110	Pulse	99	8128171	27643	1
A_HP_01	110	Response	2	8130059	29531	1
A_HP_01	110	Pulse	99	8148171	47643	1
A_HP_01	111	Picture	response162	8151178	251	1	40230	1	0	40000	hit	593
A_HP_01	111	Response	1	8168020	17093	1
A_HP_01	111	Pulse	99	8168170	17244	1
A_HP_01	111	Pulse	99	8188171	37244	1
A_HP_01	112	Picture	response161	8201637	310	1	40229	1	0	40000	hit	599
A_HP_01	112	Pulse	99	8208171	6844	1
A_HP_01	112	Pulse	99	8228171	26844	1
A_HP_01	112	Response	1	8229429	28102	1
A_HP_01	112	Pulse	99	8248171	46844	1
A_HP_01	113	Picture	ins23	8251928	201	1	30229	1	0	30000	other	0
A_HP_01	113	Pulse	99	8268171	16445	1
A_HP_01	113	Pulse	99	8288171	36445	1
A_HP_01	113	Pulse	99	8308171	56445	1
A_HP_01	113	Pulse	99	8328171	76445	1
A_HP_01	113	Pulse	99	8348171	96445	1
A_HP_01	113	Pulse	99	8368171	116445	1
A_HP_01	113	Pulse	99	8388171	136445	1
A_HP_01	113	Pulse	99	8408171	156445	1
A_HP_01	113	Pulse	99	8428171	176445	1
A_HP_01	113	Pulse	99	8448171	196445	1
A_HP_01	113	Pulse	99	8468091	216365	1
A_HP_01	113	Pulse	99	8488171	236445	1
A_HP_01	113	Pulse	99	8508171	256445	1
A_HP_01	113	Pulse	99	8528171	276445	1
A_HP_01	113	Pulse	99	8548171	296445	1
A_HP_01	114	Response	3	8568171	6215	1
A_HP_01	114	Pulse	99	8568171	6215	1
A_HP_01	115	Picture	response184	8568762	234	1	40229	1	0	40000	incorrect	621
A_HP_01	115	Pulse	99	8588171	19644	1
A_HP_01	115	Response	2	8590520	21993	1
A_HP_01	115	Pulse	99	8608171	39644	1
A_HP_01	116	Picture	response180	8619053	126	1	40229	1	0	40000	hit	625
A_HP_01	116	Pulse	99	8628170	9243	1
A_HP_01	116	Response	1	8635701	16773	1
A_HP_01	116	Pulse	99	8648172	29245	1
A_HP_01	116	Pulse	99	8668172	49245	1
A_HP_01	117	Picture	response177	8669678	350	1	40229	1	0	40000	hit	630
A_HP_01	117	Pulse	99	8688172	18845	1
A_HP_01	117	Response	1	8702550	33223	1
A_HP_01	117	Pulse	99	8708172	38844	1
A_HP_01	118	Picture	response179	8719969	242	1	40229	1	0	40000	hit	634
A_HP_01	118	Pulse	99	8728172	8444	1
A_HP_01	118	Response	1	8737009	17282	1
A_HP_01	118	Pulse	99	8748172	28445	1
A_HP_01	118	Pulse	99	8768172	48444	1
A_HP_01	119	Picture	response183	8770261	133	1	40229	1	0	40000	hit	639
A_HP_01	119	Pulse	99	8788171	18044	1
A_HP_01	119	Response	2	8790360	20232	1
A_HP_01	119	Pulse	99	8808171	38044	1
A_HP_01	120	Picture	response178	8820719	192	1	40229	1	0	40000	hit	643
A_HP_01	120	Pulse	99	8828172	7645	1
A_HP_01	120	Response	1	8835551	15023	1
A_HP_01	120	Pulse	99	8848091	27564	1
A_HP_01	120	Pulse	99	8868172	47645	1
A_HP_01	121	Picture	response182	8871176	249	1	40229	1	0	40000	hit	647
A_HP_01	121	Response	1	8879801	8873	1
A_HP_01	121	Pulse	99	8888172	17244	1
A_HP_01	121	Pulse	99	8908092	37164	1
A_HP_01	122	Picture	response181	8921635	308	1	40229	1	0	40000	hit	653
A_HP_01	122	Pulse	99	8928172	6844	1
A_HP_01	122	Pulse	99	8948172	26844	1
A_HP_01	122	Response	2	8948370	27042	1
A_HP_01	122	Pulse	99	8968092	46764	1
A_HP_01	123	Picture	thanks	8971594	0	1	10229	1	0	10000	other	0
A_HP_01	123	Pulse	99	8988172	16578	1


Event Type	Code	Type	Response	RT	RT Uncertainty	Time	Uncertainty	Duration	Uncertainty	ReqTime	ReqDur

Picture	ready	other				268481	1	10229	1	0	10000
Picture	ins17	other				329055	1	30229	1	0	30000
Picture	response133	hit	1	25628	2	648859	1	40229	1	0	40000
Picture	response129	hit	1	17230	2	699316	1	40229	1	0	40000
Picture	response132	incorrect	1	37049	2	749608	1	40229	1	0	40000
Picture	response136	hit	1	20050	2	800066	1	40229	1	0	40000
Picture	response130	hit	2	23393	2	850523	1	40229	1	0	40000
Picture	response134	hit	2	9782	2	900815	1	40229	1	0	40000
Picture	response135	hit	2	16815	2	951272	1	40229	1	0	40000
Picture	response131	hit	1	7842	2	1001563	1	40229	1	0	40000
Picture	ins3	other				1052021	1	30229	1	0	30000
Picture	response24	hit	2	8007	2	1368760	1	40229	1	0	40000
Picture	response20	hit	2	11184	2	1419052	1	40229	1	0	40000
Picture	response17	hit	2	16641	2	1469676	1	40229	1	0	40000
Picture	response23	hit	2	10249	2	1519967	1	40229	1	0	40000
Picture	response21	hit	1	13659	2	1570259	1	40229	1	0	40000
Picture	response19	hit	2	12571	2	1620716	1	40229	1	0	40000
Picture	response18	hit	2	24373	2	1671174	1	40229	1	0	40000
Picture	response22	hit	1	12841	2	1721465	1	40229	1	0	40000
Picture	ins1	other				1771923	1	30229	1	0	30000
Picture	response4	hit	1	20447	2	2088859	1	40229	1	0	40000
Picture	response5	hit	2	12000	2	2139317	1	40229	1	0	40000
Picture	response7	hit	2	14519	2	2189608	1	40229	1	0	40000
Picture	response1	hit	2	14051	2	2240066	1	40229	1	0	40000
Picture	response3	hit	2	11444	2	2290524	1	40229	1	0	40000
Picture	response8	hit	2	13023	2	2340815	1	40229	1	0	40000
Picture	response2	hit	1	12585	2	2391273	1	40229	1	0	40000
Picture	response6	hit	2	11433	2	2441564	1	40229	1	0	40000
Picture	ins5	other				2492188	1	30229	1	0	30000
Picture	response34	hit	1	9258	2	2808760	1	40229	1	0	40000
Picture	response36	hit	1	11816	2	2859051	1	40229	1	0	40000
Picture	response37	hit	1	6732	2	2909675	1	40229	1	0	40000
Picture	response38	hit	2	7561	2	2959967	1	40229	1	0	40000
Picture	response39	hit	2	12039	2	3010258	1	40229	1	0	40000
Picture	response35	hit	2	7361	2	3060717	1	40229	1	0	40000
Picture	response33	hit	2	5513	2	3111175	1	40229	1	0	40000
Picture	response40	hit	1	6285	2	3161633	1	40229	1	0	40000
Picture	ins19	other				3211924	1	30229	1	0	30000
Picture	response147	hit	2	33237	2	3528861	1	40229	1	0	40000
Picture	response152	hit	1	27749	2	3579320	1	40229	1	0	40000
Picture	response151	incorrect	2	22956	2	3629611	1	40229	1	0	40000
Picture	response146	hit	1	23289	2	3680069	1	40229	1	0	40000
Picture	response150	hit	2	13431	2	3730527	1	40229	1	0	40000
Picture	response145	hit	1	21740	2	3780818	1	40229	1	0	40000
Picture	response149	hit	1	9912	2	3831275	1	40229	1	0	40000
Picture	response148	hit	1	25572	2	3881567	1	40229	1	0	40000
Picture	ins7	other				3932191	1	30229	1	0	30000
Picture	response49	hit	2	16119	2	4248759	1	40229	1	0	40000
Picture	response51	hit	1	10007	2	4299050	1	40229	1	0	40000
Picture	response54	hit	1	8233	2	4349675	1	40229	1	0	40000
Picture	response55	hit	2	8641	2	4399966	1	40229	1	0	40000
Picture	response50	hit	2	19640	2	4450258	1	40229	1	0	40000
Picture	response52	hit	2	18793	2	4500715	1	40229	1	0	40000
Picture	response56	hit	2	10185	2	4551174	1	40229	1	0	40000
Picture	response53	hit	1	11307	2	4601631	1	40229	1	0	40000
Picture	ins13	other				4651922	1	30229	1	0	30000
Picture	response99	hit	2	12998	2	4968761	1	40229	1	0	40000
Picture	response101	hit	1	20427	2	5019052	1	40229	1	0	40000
Picture	response103	hit	1	19742	2	5069677	1	40229	1	0	40000
Picture	response100	hit	2	12721	2	5119967	1	40229	1	0	40000
Picture	response102	hit	1	19359	2	5170259	1	40229	1	0	40000
Picture	response97	hit	1	14092	2	5220716	1	40229	1	0	40000
Picture	response98	hit	2	14644	2	5271174	1	40229	1	0	40000
Picture	response104	hit	2	19207	2	5321632	1	40229	1	0	40000
Picture	ins15	other				5371923	1	30230	1	0	30000
Picture	response120	hit	1	20859	2	5688759	1	40229	1	0	40000
Picture	response117	hit	2	11938	2	5739051	1	40229	1	0	40000
Picture	response116	hit	1	20044	2	5789674	1	40229	1	0	40000
Picture	response118	hit	1	15173	2	5839966	1	40229	1	0	40000
Picture	response113	hit	2	18301	2	5890257	1	40229	1	0	40000
Picture	response115	hit	2	23784	2	5940715	1	40229	1	0	40000
Picture	response114	hit	2	13436	1	5991173	1	40229	1	0	40000
Picture	response119	hit	1	22388	2	6041631	1	40229	1	0	40000
Picture	ins9	other				6091922	1	30229	1	0	30000
Picture	response68	hit	2	15088	2	6408761	1	40229	1	0	40000
Picture	response66	hit	1	22147	2	6459052	1	40229	1	0	40000
Picture	response69	hit	1	22932	2	6509677	1	40229	1	0	40000
Picture	response71	hit	1	12832	2	6559968	1	40230	1	0	40000
Picture	response72	hit	1	16120	2	6610260	1	40229	1	0	40000
Picture	response65	hit	1	20191	2	6660718	1	40229	1	0	40000
Picture	response70	hit	2	14104	2	6711175	1	40229	1	0	40000
Picture	response67	hit	2	11315	2	6761633	1	40229	1	0	40000
Picture	ins11	other				6811925	1	30229	1	0	30000
Picture	response82	hit	2	20839	2	7128760	1	40229	1	0	40000
Picture	response81	hit	2	24348	2	7179051	1	40229	1	0	40000
Picture	response85	hit	2	17424	2	7229675	1	40229	1	0	40000
Picture	response88	hit	2	22003	2	7279967	1	40229	1	0	40000
Picture	response86	hit	1	25124	2	7330257	1	40229	1	0	40000
Picture	response84	hit	1	18824	2	7380716	1	40229	1	0	40000
Picture	response87	hit	1	19015	2	7431174	1	40229	1	0	40000
Picture	response83	hit	1	10847	2	7481632	1	40229	1	0	40000
Picture	ins21	other				7531923	1	30229	1	0	30000
Picture	response167	hit	2	26276	2	7848764	1	40229	1	0	40000
Picture	response165	hit	2	20314	2	7899055	1	40229	1	0	40000
Picture	response163	hit	2	19909	2	7949680	1	40229	1	0	40000
Picture	response164	hit	1	25019	2	7999971	1	40229	1	0	40000
Picture	response166	hit	1	19207	2	8050263	1	40229	1	0	40000
Picture	response168	hit	2	29339	2	8100720	1	40229	1	0	40000
Picture	response162	hit	1	16842	2	8151178	1	40230	1	0	40000
Picture	response161	hit	1	27792	2	8201637	1	40229	1	0	40000
Picture	ins23	other				8251928	1	30229	1	0	30000
Picture	response184	incorrect	2	21758	2	8568762	1	40229	1	0	40000
Picture	response180	hit	1	16648	2	8619053	1	40229	1	0	40000
Picture	response177	hit	1	32873	2	8669678	1	40229	1	0	40000
Picture	response179	hit	1	17040	2	8719969	1	40229	1	0	40000
Picture	response183	hit	2	20099	2	8770261	1	40229	1	0	40000
Picture	response178	hit	1	14832	2	8820719	1	40229	1	0	40000
Picture	response182	hit	1	8624	2	8871176	1	40229	1	0	40000
Picture	response181	hit	2	26735	2	8921635	1	40229	1	0	40000
Picture	thanks	other				8971594	1	10229	1	0	10000


{
   "app": "Presentation Version 21.0 Build 06.06.19",
   "device": "LENOVO 20KHCTO1WW",
   "experiment": "{A2FC4E2A-B401-4E65-9CA9-5B09E294C871}",
   "os": "Windows 10 64 bit",
   "package": "",
   "parameters": {
      "configuration": "Default configuration"
   },
   "scenario": "Dimension experiment(1).sce",
   "subject": "A_HP_01",
   "timestamp": "2019/07/18 01:02:38 GMT"
}
