Scenario - 
Logfile written - 08/30/2019 13:47:06

Subject	Trial	Event Type	Code	Time	TTime	Uncertainty	Duration	Uncertainty	ReqTime	ReqDur	Stim Type	Pair Index

A_HP_10	1	Response	3	89184	88518	1
A_HP_10	1	Pulse	99	89184	88518	1
A_HP_10	2	Picture	ready	89416	0	1	10229	1	0	10000	other	0
A_HP_10	2	Pulse	99	109184	19768	1
A_HP_10	2	Pulse	99	129184	39768	1
A_HP_10	2	Pulse	99	149185	59769	1
A_HP_10	3	Picture	ins21	150051	232	1	30229	1	0	30000	other	0
A_HP_10	3	Pulse	99	169185	19365	1
A_HP_10	3	Pulse	99	189184	39365	1
A_HP_10	3	Pulse	99	209184	59365	1
A_HP_10	3	Pulse	99	229104	79285	1
A_HP_10	3	Pulse	99	249185	99365	1
A_HP_10	3	Pulse	99	269187	119367	1
A_HP_10	3	Pulse	99	289104	139284	1
A_HP_10	3	Pulse	99	309184	159365	1
A_HP_10	3	Pulse	99	329184	179364	1
A_HP_10	3	Pulse	99	349105	199285	1
A_HP_10	3	Pulse	99	369185	219365	1
A_HP_10	3	Pulse	99	389185	239365	1
A_HP_10	3	Pulse	99	409185	259365	1
A_HP_10	3	Pulse	99	429185	279365	1
A_HP_10	3	Pulse	99	449185	299365	1
A_HP_10	4	Response	3	469185	9135	1
A_HP_10	4	Pulse	99	469185	9135	1
A_HP_10	5	Picture	response164	469757	236	1	40229	1	0	40000	hit	26
A_HP_10	5	Response	1	481313	11793	1
A_HP_10	5	Pulse	99	489185	19664	1
A_HP_10	5	Pulse	99	509185	39664	1
A_HP_10	6	Picture	response161	520215	295	1	40229	1	0	40000	hit	31
A_HP_10	6	Pulse	99	529185	9265	1
A_HP_10	6	Response	1	537823	17903	1
A_HP_10	6	Pulse	99	549104	29184	1
A_HP_10	6	Pulse	99	569185	49264	1
A_HP_10	7	Picture	response166	570506	186	1	40229	1	0	40000	hit	35
A_HP_10	7	Response	1	580173	9853	1
A_HP_10	7	Pulse	99	589184	18864	1
A_HP_10	7	Pulse	99	609104	38784	1
A_HP_10	8	Picture	response163	620798	78	1	40229	1	0	40000	hit	40
A_HP_10	8	Pulse	99	629185	8464	1
A_HP_10	8	Response	2	630523	9803	1
A_HP_10	8	Pulse	99	649184	28464	1
A_HP_10	8	Pulse	99	669104	48384	1
A_HP_10	9	Picture	response168	671423	303	1	40229	1	0	40000	hit	45
A_HP_10	9	Pulse	99	689185	18064	1
A_HP_10	9	Response	2	689883	18762	1
A_HP_10	9	Pulse	99	709184	38064	1
A_HP_10	10	Picture	response162	721714	194	1	40229	1	0	40000	hit	50
A_HP_10	10	Pulse	99	729104	7584	1
A_HP_10	10	Pulse	99	749184	27664	1
A_HP_10	10	Response	1	749722	28202	1
A_HP_10	10	Pulse	99	769184	47664	1
A_HP_10	11	Picture	response167	772173	253	1	40229	1	0	40000	hit	53
A_HP_10	11	Response	2	788693	16773	1
A_HP_10	11	Pulse	99	789184	17264	1
A_HP_10	11	Pulse	99	809185	37265	1
A_HP_10	12	Picture	response165	822465	144	1	40229	1	0	40000	hit	58
A_HP_10	12	Pulse	99	829184	6864	1
A_HP_10	12	Response	2	837643	15323	1
A_HP_10	12	Pulse	99	849184	26864	1
A_HP_10	12	Pulse	99	869104	46784	1
A_HP_10	13	Picture	ins3	872923	203	1	30229	1	0	30000	other	0
A_HP_10	13	Pulse	99	889185	16465	1
A_HP_10	13	Pulse	99	909185	36465	1
A_HP_10	13	Pulse	99	929104	56384	1
A_HP_10	13	Pulse	99	949185	76465	1
A_HP_10	13	Pulse	99	969184	96464	1
A_HP_10	13	Pulse	99	989104	116384	1
A_HP_10	13	Pulse	99	1009184	136464	1
A_HP_10	13	Pulse	99	1029185	156465	1
A_HP_10	13	Pulse	99	1049104	176384	1
A_HP_10	13	Pulse	99	1069185	196464	1
A_HP_10	13	Pulse	99	1089188	216468	1
A_HP_10	13	Pulse	99	1109104	236384	1
A_HP_10	13	Pulse	99	1129184	256464	1
A_HP_10	13	Pulse	99	1149185	276465	1
A_HP_10	13	Pulse	99	1169184	296464	1
A_HP_10	14	Response	3	1189104	6153	1
A_HP_10	14	Pulse	99	1189104	6153	1
A_HP_10	15	Picture	response18	1189756	236	1	40229	1	0	40000	hit	80
A_HP_10	15	Response	2	1197783	8263	1
A_HP_10	15	Pulse	99	1209184	19664	1
A_HP_10	15	Pulse	99	1229184	39664	1
A_HP_10	16	Picture	response17	1240215	295	1	40229	1	0	40000	hit	84
A_HP_10	16	Response	2	1246833	6913	1
A_HP_10	16	Pulse	99	1249103	9183	1
A_HP_10	16	Pulse	99	1269184	29264	1
A_HP_10	16	Pulse	99	1289184	49264	1
A_HP_10	17	Picture	response24	1290506	186	1	40229	1	0	40000	hit	89
A_HP_10	17	Response	2	1297123	6803	1
A_HP_10	17	Pulse	99	1309104	18784	1
A_HP_10	17	Pulse	99	1329184	38864	1
A_HP_10	18	Picture	response19	1340798	78	1	40230	1	0	40000	hit	93
A_HP_10	18	Response	2	1346943	6223	1
A_HP_10	18	Pulse	99	1349184	8464	1
A_HP_10	18	Pulse	99	1369104	28384	1
A_HP_10	18	Pulse	99	1389184	48464	1
A_HP_10	19	Picture	response23	1391423	303	1	40229	1	0	40000	hit	98
A_HP_10	19	Response	2	1396992	5872	1
A_HP_10	19	Pulse	99	1409184	18064	1
A_HP_10	19	Pulse	99	1429104	37984	1
A_HP_10	20	Picture	response22	1441714	195	1	40229	1	0	40000	hit	102
A_HP_10	20	Response	1	1447733	6214	1
A_HP_10	20	Pulse	99	1449184	7665	1
A_HP_10	20	Pulse	99	1469185	27666	1
A_HP_10	20	Pulse	99	1489104	47585	1
A_HP_10	21	Picture	response20	1492172	253	1	40229	1	0	40000	hit	107
A_HP_10	21	Response	2	1498263	6343	1
A_HP_10	21	Pulse	99	1509104	17184	1
A_HP_10	21	Pulse	99	1529184	37264	1
A_HP_10	22	Picture	response21	1542464	144	1	40229	1	0	40000	hit	112
A_HP_10	22	Pulse	99	1549185	6865	1
A_HP_10	22	Response	1	1550372	8052	1
A_HP_10	22	Pulse	99	1569104	26784	1
A_HP_10	22	Pulse	99	1589184	46865	1
A_HP_10	23	Picture	ins9	1592922	203	1	30229	1	0	30000	other	0
A_HP_10	23	Pulse	99	1609184	16465	1
A_HP_10	23	Pulse	99	1629104	36384	1
A_HP_10	23	Pulse	99	1649184	56464	1
A_HP_10	23	Pulse	99	1669184	76464	1
A_HP_10	23	Pulse	99	1689104	96384	1
A_HP_10	23	Pulse	99	1709184	116464	1
A_HP_10	23	Pulse	99	1729184	136464	1
A_HP_10	23	Pulse	99	1749104	156384	1
A_HP_10	23	Pulse	99	1769104	176384	1
A_HP_10	23	Pulse	99	1789184	196464	1
A_HP_10	23	Pulse	99	1809104	216384	1
A_HP_10	23	Pulse	99	1829104	236384	1
A_HP_10	23	Pulse	99	1849184	256464	1
A_HP_10	23	Pulse	99	1869104	276384	1
A_HP_10	23	Pulse	99	1889104	296384	1
A_HP_10	24	Response	3	1909184	6234	1
A_HP_10	24	Pulse	99	1909184	6234	1
A_HP_10	25	Picture	response70	1909756	237	1	40229	1	0	40000	hit	134
A_HP_10	25	Response	2	1923993	14473	1
A_HP_10	25	Pulse	99	1929183	19664	1
A_HP_10	25	Pulse	99	1949104	39584	1
A_HP_10	26	Picture	response69	1960215	295	1	40229	1	0	40000	incorrect	139
A_HP_10	26	Pulse	99	1969184	9265	1
A_HP_10	26	Response	2	1973552	13633	1
A_HP_10	26	Pulse	99	1989184	29264	1
A_HP_10	26	Pulse	99	2009104	49184	1
A_HP_10	27	Picture	response67	2010505	186	1	40229	1	0	40000	hit	143
A_HP_10	27	Response	2	2028773	18453	1
A_HP_10	27	Pulse	99	2029185	18865	1
A_HP_10	27	Pulse	99	2049184	38865	1
A_HP_10	28	Picture	response65	2060796	77	1	40230	1	0	40000	hit	148
A_HP_10	28	Pulse	99	2069104	8384	1
A_HP_10	28	Response	1	2072102	11382	1
A_HP_10	28	Pulse	99	2089104	28384	1
A_HP_10	28	Pulse	99	2109184	48464	1
A_HP_10	29	Picture	response72	2111421	302	1	40229	1	0	40000	hit	152
A_HP_10	29	Response	1	2125283	14163	1
A_HP_10	29	Pulse	99	2129103	17983	1
A_HP_10	29	Pulse	99	2149103	37984	1
A_HP_10	30	Picture	response68	2161713	194	1	40229	1	0	40000	hit	157
A_HP_10	30	Pulse	99	2169184	7665	1
A_HP_10	30	Response	2	2169781	8262	1
A_HP_10	30	Pulse	99	2189104	27585	1
A_HP_10	30	Pulse	99	2209103	47584	1
A_HP_10	31	Picture	response71	2212171	252	1	40229	1	0	40000	incorrect	162
A_HP_10	31	Pulse	99	2229184	17264	1
A_HP_10	31	Response	2	2241002	29082	1
A_HP_10	31	Pulse	99	2249103	37184	1
A_HP_10	32	Picture	response66	2262463	144	1	40230	1	0	40000	hit	166
A_HP_10	32	Pulse	99	2269103	6784	1
A_HP_10	32	Response	1	2279422	17103	1
A_HP_10	32	Pulse	99	2289185	26865	1
A_HP_10	32	Pulse	99	2309184	46865	1
A_HP_10	33	Picture	ins17	2312922	203	1	30229	1	0	30000	other	0
A_HP_10	33	Pulse	99	2329103	16384	1
A_HP_10	33	Pulse	99	2349184	36464	1
A_HP_10	33	Pulse	99	2369184	56464	1
A_HP_10	33	Pulse	99	2389103	76384	1
A_HP_10	33	Pulse	99	2409103	96384	1
A_HP_10	33	Pulse	99	2429183	116464	1
A_HP_10	33	Pulse	99	2449103	136384	1
A_HP_10	33	Pulse	99	2469102	156382	1
A_HP_10	33	Pulse	99	2489183	176464	1
A_HP_10	33	Pulse	99	2509103	196384	1
A_HP_10	33	Pulse	99	2529103	216384	1
A_HP_10	33	Pulse	99	2549184	236464	1
A_HP_10	33	Pulse	99	2569103	256384	1
A_HP_10	33	Pulse	99	2589103	276384	1
A_HP_10	33	Pulse	99	2609184	296465	1
A_HP_10	34	Response	3	2629103	6154	1
A_HP_10	34	Pulse	99	2629103	6154	1
A_HP_10	35	Picture	response135	2629754	235	1	40229	1	0	40000	hit	188
A_HP_10	35	Response	2	2647702	18183	1
A_HP_10	35	Pulse	99	2649103	19584	1
A_HP_10	35	Pulse	99	2669183	39664	1
A_HP_10	36	Picture	response129	2680212	293	1	40229	1	0	40000	hit	193
A_HP_10	36	Pulse	99	2689183	9264	1
A_HP_10	36	Response	1	2696931	17012	1
A_HP_10	36	Pulse	99	2709103	29184	1
A_HP_10	36	Pulse	99	2729103	49184	1
A_HP_10	37	Picture	response130	2730504	186	1	40229	1	0	40000	hit	197
A_HP_10	37	Response	2	2744072	13754	1
A_HP_10	37	Pulse	99	2749183	18865	1
A_HP_10	37	Pulse	99	2769103	38785	1
A_HP_10	38	Picture	response136	2780796	77	1	40230	1	0	40000	hit	202
A_HP_10	38	Pulse	99	2789104	8385	1
A_HP_10	38	Response	1	2805372	24653	1
A_HP_10	38	Pulse	99	2809183	28464	1
A_HP_10	38	Pulse	99	2829103	48384	1
A_HP_10	39	Picture	response134	2831421	302	1	40229	1	0	40000	hit	206
A_HP_10	39	Response	2	2847602	16482	1
A_HP_10	39	Pulse	99	2849103	17984	1
A_HP_10	39	Pulse	99	2869183	38064	1
A_HP_10	40	Picture	response131	2881712	194	1	40229	1	0	40000	hit	211
A_HP_10	40	Pulse	99	2889103	7584	1
A_HP_10	40	Response	1	2898013	16494	1
A_HP_10	40	Pulse	99	2909103	27584	1
A_HP_10	40	Pulse	99	2929183	47664	1
A_HP_10	41	Picture	response132	2932171	252	1	40230	1	0	40000	incorrect	216
A_HP_10	41	Pulse	99	2949103	17184	1
A_HP_10	41	Response	1	2950292	18373	1
A_HP_10	41	Pulse	99	2969103	37184	1
A_HP_10	42	Picture	response133	2982462	143	1	40229	1	0	40000	hit	220
A_HP_10	42	Pulse	99	2989183	6864	1
A_HP_10	42	Response	1	3001352	19033	1
A_HP_10	42	Pulse	99	3009103	26784	1
A_HP_10	42	Pulse	99	3029103	46784	1
A_HP_10	43	Picture	ins15	3032920	201	1	30229	1	0	30000	other	0
A_HP_10	43	Pulse	99	3049103	16384	1
A_HP_10	43	Pulse	99	3069183	36464	1
A_HP_10	43	Pulse	99	3089103	56384	1
A_HP_10	43	Pulse	99	3109103	76384	1
A_HP_10	43	Pulse	99	3129183	96464	1
A_HP_10	43	Pulse	99	3149103	116384	1
A_HP_10	43	Pulse	99	3169103	136384	1
A_HP_10	43	Pulse	99	3189182	156463	1
A_HP_10	43	Pulse	99	3209103	176384	1
A_HP_10	43	Pulse	99	3229103	196384	1
A_HP_10	43	Pulse	99	3249183	216464	1
A_HP_10	43	Pulse	99	3269103	236384	1
A_HP_10	43	Pulse	99	3289103	256384	1
A_HP_10	43	Pulse	99	3309183	276464	1
A_HP_10	43	Pulse	99	3329103	296384	1
A_HP_10	44	Response	3	3349103	6154	1
A_HP_10	44	Pulse	99	3349103	6154	1
A_HP_10	45	Picture	response120	3349754	235	1	40229	1	0	40000	hit	242
A_HP_10	45	Response	1	3361392	11873	1
A_HP_10	45	Pulse	99	3369102	19583	1
A_HP_10	45	Pulse	99	3389103	39584	1
A_HP_10	46	Picture	response116	3400212	294	1	40230	1	0	40000	hit	246
A_HP_10	46	Response	1	3408652	8733	1
A_HP_10	46	Pulse	99	3409102	9184	1
A_HP_10	46	Pulse	99	3429103	29184	1
A_HP_10	46	Pulse	99	3449183	49264	1
A_HP_10	47	Picture	response117	3450504	185	1	40229	1	0	40000	hit	251
A_HP_10	47	Response	2	3460662	10343	1
A_HP_10	47	Pulse	99	3469103	18784	1
A_HP_10	47	Pulse	99	3489103	38784	1
A_HP_10	48	Picture	response114	3500796	77	1	40229	1	0	40000	hit	256
A_HP_10	48	Pulse	99	3509184	8465	1
A_HP_10	48	Response	2	3511351	10632	1
A_HP_10	48	Pulse	99	3529103	28384	1
A_HP_10	48	Pulse	99	3549103	48384	1
A_HP_10	49	Picture	response118	3551420	301	1	40229	1	0	40000	hit	260
A_HP_10	49	Response	1	3563592	12473	1
A_HP_10	49	Pulse	99	3569183	18064	1
A_HP_10	49	Pulse	99	3589103	37984	1
A_HP_10	50	Picture	response119	3601712	193	1	40229	1	0	40000	hit	265
A_HP_10	50	Pulse	99	3609103	7584	1
A_HP_10	50	Response	1	3612161	10643	1
A_HP_10	50	Pulse	99	3629183	27665	1
A_HP_10	50	Pulse	99	3649103	47584	1
A_HP_10	51	Picture	response113	3652170	251	1	40229	1	0	40000	hit	269
A_HP_10	51	Response	2	3667782	15863	1
A_HP_10	51	Pulse	99	3669102	17183	1
A_HP_10	51	Pulse	99	3689103	37184	1
A_HP_10	52	Picture	response115	3702462	143	1	40229	1	0	40000	hit	274
A_HP_10	52	Pulse	99	3709103	6784	1
A_HP_10	52	Response	2	3720532	18213	1
A_HP_10	52	Pulse	99	3729102	26783	1
A_HP_10	52	Pulse	99	3749103	46784	1
A_HP_10	53	Picture	ins1	3752920	202	1	30229	1	0	30000	other	0
A_HP_10	53	Pulse	99	3769103	16384	1
A_HP_10	53	Pulse	99	3789103	36384	1
A_HP_10	53	Pulse	99	3809103	56385	1
A_HP_10	53	Pulse	99	3829103	76384	1
A_HP_10	53	Pulse	99	3849102	96384	1
A_HP_10	53	Pulse	99	3869103	116384	1
A_HP_10	53	Pulse	99	3889183	136464	1
A_HP_10	53	Pulse	99	3909103	156384	1
A_HP_10	53	Pulse	99	3929103	176384	1
A_HP_10	53	Pulse	99	3949183	196464	1
A_HP_10	53	Pulse	99	3969103	216384	1
A_HP_10	53	Pulse	99	3989103	236384	1
A_HP_10	53	Pulse	99	4009103	256384	1
A_HP_10	53	Pulse	99	4029103	276384	1
A_HP_10	53	Pulse	99	4049103	296384	1
A_HP_10	54	Response	3	4069102	6153	1
A_HP_10	54	Pulse	99	4069102	6153	1
A_HP_10	55	Picture	response8	4069754	235	1	40229	1	0	40000	hit	296
A_HP_10	55	Response	2	4082971	13453	1
A_HP_10	55	Pulse	99	4089102	19583	1
A_HP_10	55	Pulse	99	4109102	39584	1
A_HP_10	56	Picture	response5	4120212	293	1	40229	1	0	40000	hit	301
A_HP_10	56	Pulse	99	4129103	9184	1
A_HP_10	56	Response	2	4130271	10352	1
A_HP_10	56	Pulse	99	4149103	29184	1
A_HP_10	56	Pulse	99	4169102	49183	1
A_HP_10	57	Picture	response6	4170504	185	1	40229	1	0	40000	hit	305
A_HP_10	57	Response	2	4180571	10253	1
A_HP_10	57	Pulse	99	4189102	18784	1
A_HP_10	57	Pulse	99	4209103	38784	1
A_HP_10	58	Picture	response1	4220796	77	1	40229	1	0	40000	hit	310
A_HP_10	58	Pulse	99	4229103	8384	1
A_HP_10	58	Response	2	4231641	10923	1
A_HP_10	58	Pulse	99	4249102	28384	1
A_HP_10	58	Pulse	99	4269183	48465	1
A_HP_10	59	Picture	response3	4271420	302	1	40229	1	0	40000	hit	314
A_HP_10	59	Response	2	4282161	11043	1
A_HP_10	59	Pulse	99	4289102	17984	1
A_HP_10	59	Pulse	99	4309102	37984	1
A_HP_10	60	Picture	response2	4321712	194	1	40229	1	0	40000	hit	319
A_HP_10	60	Pulse	99	4329102	7584	1
A_HP_10	60	Response	1	4332671	11153	1
A_HP_10	60	Pulse	99	4349103	27585	1
A_HP_10	60	Pulse	99	4369103	47585	1
A_HP_10	61	Picture	response7	4372170	251	1	40229	1	0	40000	hit	323
A_HP_10	61	Response	2	4381001	9082	1
A_HP_10	61	Pulse	99	4389102	17184	1
A_HP_10	61	Pulse	99	4409102	37184	1
A_HP_10	62	Picture	response4	4422461	144	1	40230	1	0	40000	hit	328
A_HP_10	62	Pulse	99	4429102	6784	1
A_HP_10	62	Response	1	4439291	16973	1
A_HP_10	62	Pulse	99	4449102	26785	1
A_HP_10	62	Pulse	99	4469102	46785	1
A_HP_10	63	Picture	ins11	4472920	202	1	30229	1	0	30000	other	0
A_HP_10	63	Pulse	99	4489102	16385	1
A_HP_10	63	Pulse	99	4509102	36385	1
A_HP_10	63	Pulse	99	4529102	56385	1
A_HP_10	63	Pulse	99	4549102	76385	1
A_HP_10	63	Pulse	99	4569102	96385	1
A_HP_10	63	Pulse	99	4589102	116384	1
A_HP_10	63	Pulse	99	4609102	136384	1
A_HP_10	63	Pulse	99	4629102	156384	1
A_HP_10	63	Pulse	99	4649102	176385	1
A_HP_10	63	Pulse	99	4669102	196385	1
A_HP_10	63	Pulse	99	4689102	216385	1
A_HP_10	63	Pulse	99	4709102	236385	1
A_HP_10	63	Pulse	99	4729103	256385	1
A_HP_10	63	Pulse	99	4749102	276384	1
A_HP_10	63	Pulse	99	4769102	296385	1
A_HP_10	64	Response	3	4789102	6154	1
A_HP_10	64	Pulse	99	4789102	6154	1
A_HP_10	65	Picture	response85	4789753	235	1	40229	1	0	40000	hit	350
A_HP_10	65	Response	2	4807401	17882	1
A_HP_10	65	Pulse	99	4809101	19583	1
A_HP_10	65	Pulse	99	4829102	39584	1
A_HP_10	66	Picture	response83	4840212	293	1	40229	1	0	40000	hit	355
A_HP_10	66	Pulse	99	4849102	9184	1
A_HP_10	66	Response	1	4853131	13213	1
A_HP_10	66	Pulse	99	4869102	29184	1
A_HP_10	66	Pulse	99	4889102	49184	1
A_HP_10	67	Picture	response88	4890503	185	1	40229	1	0	40000	hit	359
A_HP_10	67	Response	2	4898281	7963	1
A_HP_10	67	Pulse	99	4909102	18784	1
A_HP_10	67	Pulse	99	4929102	38784	1
A_HP_10	68	Picture	response81	4940795	77	1	40229	1	0	40000	hit	364
A_HP_10	68	Pulse	99	4949102	8384	1
A_HP_10	68	Response	2	4954211	13493	1
A_HP_10	68	Pulse	99	4969102	28384	1
A_HP_10	68	Pulse	99	4989102	48384	1
A_HP_10	69	Picture	response84	4991419	301	1	40229	1	0	40000	hit	368
A_HP_10	69	Response	1	5000571	9453	1
A_HP_10	69	Pulse	99	5009102	17983	1
A_HP_10	69	Pulse	99	5029102	37984	1
A_HP_10	70	Picture	response82	5041711	193	1	40229	1	0	40000	hit	373
A_HP_10	70	Pulse	99	5049102	7584	1
A_HP_10	70	Response	2	5058580	17063	1
A_HP_10	70	Pulse	99	5069101	27584	1
A_HP_10	70	Pulse	99	5089102	47584	1
A_HP_10	71	Picture	response86	5092169	252	1	40229	1	0	40000	hit	377
A_HP_10	71	Response	1	5107181	15264	1
A_HP_10	71	Pulse	99	5109101	17183	1
A_HP_10	71	Pulse	99	5129102	37185	1
A_HP_10	72	Picture	response87	5142461	143	1	40229	1	0	40000	hit	382
A_HP_10	72	Pulse	99	5149102	6784	1
A_HP_10	72	Response	1	5152241	9923	1
A_HP_10	72	Pulse	99	5169102	26784	1
A_HP_10	72	Pulse	99	5189102	46784	1
A_HP_10	73	Picture	ins13	5192920	202	1	30229	1	0	30000	other	0
A_HP_10	73	Pulse	99	5209102	16384	1
A_HP_10	73	Pulse	99	5229102	36384	1
A_HP_10	73	Pulse	99	5249102	56384	1
A_HP_10	73	Pulse	99	5269102	76384	1
A_HP_10	73	Pulse	99	5289102	96384	1
A_HP_10	73	Pulse	99	5309102	116384	1
A_HP_10	73	Pulse	99	5329102	136384	1
A_HP_10	73	Pulse	99	5349102	156384	1
A_HP_10	73	Pulse	99	5369102	176384	1
A_HP_10	73	Pulse	99	5389102	196384	1
A_HP_10	73	Pulse	99	5409102	216384	1
A_HP_10	73	Pulse	99	5429102	236384	1
A_HP_10	73	Pulse	99	5449101	256383	1
A_HP_10	73	Pulse	99	5469102	276384	1
A_HP_10	73	Pulse	99	5489102	296384	1
A_HP_10	74	Response	3	5509102	6153	1
A_HP_10	74	Pulse	99	5509102	6153	1
A_HP_10	75	Picture	response97	5509750	233	1	40229	1	0	40000	hit	404
A_HP_10	75	Response	1	5519331	9813	1
A_HP_10	75	Pulse	99	5529101	19584	1
A_HP_10	75	Pulse	99	5549102	39584	1
A_HP_10	76	Picture	response104	5560209	292	1	40229	1	0	40000	hit	409
A_HP_10	76	Pulse	99	5569102	9185	1
A_HP_10	76	Response	2	5570830	10913	1
A_HP_10	76	Pulse	99	5589102	29185	1
A_HP_10	76	Pulse	99	5609101	49184	1
A_HP_10	77	Picture	response99	5610500	182	1	40229	1	0	40000	hit	414
A_HP_10	77	Pulse	99	5629102	18784	1
A_HP_10	77	Response	2	5629170	18853	1
A_HP_10	77	Pulse	99	5649102	38784	1
A_HP_10	78	Picture	response100	5660792	74	1	40229	1	0	40000	hit	418
A_HP_10	78	Pulse	99	5669102	8384	1
A_HP_10	78	Response	2	5673180	12463	1
A_HP_10	78	Pulse	99	5689102	28384	1
A_HP_10	78	Pulse	99	5709101	48384	1
A_HP_10	79	Picture	response98	5711417	300	1	40229	1	0	40000	hit	422
A_HP_10	79	Response	2	5720850	9733	1
A_HP_10	79	Pulse	99	5729101	17984	1
A_HP_10	79	Pulse	99	5749101	37984	1
A_HP_10	80	Picture	response101	5761708	191	1	40230	1	0	40000	hit	426
A_HP_10	80	Response	1	5768771	7254	1
A_HP_10	80	Pulse	99	5769101	7584	1
A_HP_10	80	Pulse	99	5789102	27585	1
A_HP_10	80	Pulse	99	5809102	47585	1
A_HP_10	81	Picture	response102	5812169	252	1	40229	1	0	40000	hit	431
A_HP_10	81	Response	1	5826800	14883	1
A_HP_10	81	Pulse	99	5829101	17184	1
A_HP_10	81	Pulse	99	5849102	37185	1
A_HP_10	82	Picture	response103	5862460	143	1	40229	1	0	40000	hit	436
A_HP_10	82	Pulse	99	5869102	6784	1
A_HP_10	82	Response	1	5872770	10453	1
A_HP_10	82	Pulse	99	5889102	26784	1
A_HP_10	82	Pulse	99	5909102	46784	1
A_HP_10	83	Picture	ins23	5912919	201	1	30229	1	0	30000	other	0
A_HP_10	83	Pulse	99	5929102	16384	1
A_HP_10	83	Pulse	99	5949102	36384	1
A_HP_10	83	Pulse	99	5969101	56384	1
A_HP_10	83	Pulse	99	5989101	76384	1
A_HP_10	83	Pulse	99	6009101	96384	1
A_HP_10	83	Pulse	99	6029101	116384	1
A_HP_10	83	Pulse	99	6049101	136384	1
A_HP_10	83	Pulse	99	6069101	156384	1
A_HP_10	83	Pulse	99	6089101	176384	1
A_HP_10	83	Pulse	99	6109101	196384	1
A_HP_10	83	Pulse	99	6129101	216384	1
A_HP_10	83	Pulse	99	6149101	236383	1
A_HP_10	83	Pulse	99	6169101	256384	1
A_HP_10	83	Pulse	99	6189101	276384	1
A_HP_10	83	Pulse	99	6209102	296384	1
A_HP_10	84	Response	3	6229101	6153	1
A_HP_10	84	Pulse	99	6229101	6153	1
A_HP_10	85	Picture	response184	6229753	236	1	40229	1	0	40000	hit	458
A_HP_10	85	Response	1	6239481	9963	1
A_HP_10	85	Pulse	99	6249102	19584	1
A_HP_10	85	Pulse	99	6269101	39584	1
A_HP_10	86	Picture	response177	6280211	294	1	40229	1	0	40000	hit	463
A_HP_10	86	Pulse	99	6289101	9184	1
A_HP_10	86	Response	1	6303199	23282	1
A_HP_10	86	Pulse	99	6309101	29183	1
A_HP_10	86	Pulse	99	6329102	49184	1
A_HP_10	87	Picture	response178	6330503	186	1	40229	1	0	40000	hit	467
A_HP_10	87	Response	1	6343051	12733	1
A_HP_10	87	Pulse	99	6349101	18783	1
A_HP_10	87	Pulse	99	6369101	38784	1
A_HP_10	88	Picture	response180	6380795	78	1	40229	1	0	40000	hit	472
A_HP_10	88	Pulse	99	6389101	8384	1
A_HP_10	88	Response	1	6396650	15933	1
A_HP_10	88	Pulse	99	6409101	28384	1
A_HP_10	88	Pulse	99	6429101	48384	1
A_HP_10	89	Picture	response182	6431420	302	1	40229	1	0	40000	hit	476
A_HP_10	89	Response	1	6444431	13313	1
A_HP_10	89	Pulse	99	6449101	17983	1
A_HP_10	89	Pulse	99	6469102	37984	1
A_HP_10	90	Picture	response179	6481711	194	1	40230	1	0	40000	hit	481
A_HP_10	90	Pulse	99	6489101	7584	1
A_HP_10	90	Response	1	6500600	19083	1
A_HP_10	90	Pulse	99	6509099	27582	1
A_HP_10	90	Pulse	99	6529101	47584	1
A_HP_10	91	Picture	response183	6532170	253	1	40229	1	0	40000	hit	485
A_HP_10	91	Response	2	6539280	7364	1
A_HP_10	91	Pulse	99	6549101	17185	1
A_HP_10	91	Pulse	99	6569101	37185	1
A_HP_10	92	Picture	response181	6582461	144	1	40229	1	0	40000	hit	491
A_HP_10	92	Pulse	99	6589099	6782	1
A_HP_10	92	Pulse	99	6609101	26784	1
A_HP_10	92	Response	2	6609939	27622	1
A_HP_10	92	Pulse	99	6629101	46784	1
A_HP_10	93	Picture	ins7	6632919	203	1	30229	1	0	30000	other	0
A_HP_10	93	Pulse	99	6649101	16385	1
A_HP_10	93	Pulse	99	6669101	36384	1
A_HP_10	93	Pulse	99	6689101	56385	1
A_HP_10	93	Pulse	99	6709101	76385	1
A_HP_10	93	Pulse	99	6729101	96385	1
A_HP_10	93	Pulse	99	6749102	116385	1
A_HP_10	93	Pulse	99	6769101	136385	1
A_HP_10	93	Pulse	99	6789101	156385	1
A_HP_10	93	Pulse	99	6809101	176385	1
A_HP_10	93	Pulse	99	6829101	196385	1
A_HP_10	93	Pulse	99	6849101	216385	1
A_HP_10	93	Pulse	99	6869101	236385	1
A_HP_10	93	Pulse	99	6889101	256385	1
A_HP_10	93	Pulse	99	6909102	276385	1
A_HP_10	93	Pulse	99	6929101	296384	1
A_HP_10	94	Response	3	6949101	6154	1
A_HP_10	94	Pulse	99	6949101	6154	1
A_HP_10	95	Picture	response56	6949752	235	1	40229	1	0	40000	hit	512
A_HP_10	95	Response	2	6957620	8103	1
A_HP_10	95	Pulse	99	6969100	19584	1
A_HP_10	95	Pulse	99	6989101	39585	1
A_HP_10	96	Picture	response54	7000210	294	1	40229	1	0	40000	hit	516
A_HP_10	96	Response	1	7008180	8263	1
A_HP_10	96	Pulse	99	7009100	9184	1
A_HP_10	96	Pulse	99	7029101	29185	1
A_HP_10	96	Pulse	99	7049101	49184	1
A_HP_10	97	Picture	response52	7050502	185	1	40229	1	0	40000	hit	521
A_HP_10	97	Response	2	7062160	11843	1
A_HP_10	97	Pulse	99	7069101	18783	1
A_HP_10	97	Pulse	99	7089101	38784	1
A_HP_10	98	Picture	response53	7100793	76	1	40229	1	0	40000	hit	526
A_HP_10	98	Pulse	99	7109101	8384	1
A_HP_10	98	Response	1	7109929	9212	1
A_HP_10	98	Pulse	99	7129101	28384	1
A_HP_10	98	Pulse	99	7149101	48384	1
A_HP_10	99	Picture	response49	7151418	301	1	40229	1	0	40000	hit	530
A_HP_10	99	Response	2	7160110	8993	1
A_HP_10	99	Pulse	99	7169101	17984	1
A_HP_10	99	Pulse	99	7189101	37983	1
A_HP_10	100	Picture	response51	7201710	193	1	40230	1	0	40000	hit	535
A_HP_10	100	Pulse	99	7209101	7584	1
A_HP_10	100	Response	1	7213970	12453	1
A_HP_10	100	Pulse	99	7229101	27584	1
A_HP_10	100	Pulse	99	7249101	47584	1
A_HP_10	101	Picture	response55	7252168	251	1	40230	1	0	40000	hit	539
A_HP_10	101	Response	2	7260530	8613	1
A_HP_10	101	Pulse	99	7269100	17183	1
A_HP_10	101	Pulse	99	7289101	37184	1
A_HP_10	102	Picture	response50	7302460	144	1	40229	1	0	40000	hit	544
A_HP_10	102	Pulse	99	7309101	6785	1
A_HP_10	102	Response	2	7311109	8793	1
A_HP_10	102	Pulse	99	7329101	26784	1
A_HP_10	102	Pulse	99	7349101	46784	1
A_HP_10	103	Picture	ins5	7352919	202	1	30229	1	0	30000	other	0
A_HP_10	103	Pulse	99	7369101	16384	1
A_HP_10	103	Pulse	99	7389101	36384	1
A_HP_10	103	Pulse	99	7409101	56384	1
A_HP_10	103	Pulse	99	7429101	76384	1
A_HP_10	103	Pulse	99	7449101	96383	1
A_HP_10	103	Pulse	99	7469101	116384	1
A_HP_10	103	Pulse	99	7489101	136384	1
A_HP_10	103	Pulse	99	7509101	156384	1
A_HP_10	103	Pulse	99	7529101	176384	1
A_HP_10	103	Pulse	99	7549101	196384	1
A_HP_10	103	Pulse	99	7569099	216382	1
A_HP_10	103	Pulse	99	7589101	236384	1
A_HP_10	103	Pulse	99	7609101	256384	1
A_HP_10	103	Pulse	99	7629101	276384	1
A_HP_10	103	Pulse	99	7649101	296384	1
A_HP_10	104	Response	3	7669100	6153	1
A_HP_10	104	Pulse	99	7669100	6153	1
A_HP_10	105	Picture	response38	7669751	235	1	40229	1	0	40000	hit	566
A_HP_10	105	Response	2	7676230	6714	1
A_HP_10	105	Pulse	99	7689101	19585	1
A_HP_10	105	Pulse	99	7709101	39585	1
A_HP_10	106	Picture	response37	7720209	293	1	40229	1	0	40000	hit	570
A_HP_10	106	Response	1	7725859	5943	1
A_HP_10	106	Pulse	99	7729100	9183	1
A_HP_10	106	Pulse	99	7749101	29184	1
A_HP_10	106	Pulse	99	7769101	49184	1
A_HP_10	107	Picture	response39	7770501	185	1	40230	1	0	40000	hit	575
A_HP_10	107	Response	2	7775899	5583	1
A_HP_10	107	Pulse	99	7789100	18785	1
A_HP_10	107	Pulse	99	7809100	38784	1
A_HP_10	108	Picture	response34	7820793	77	1	40229	1	0	40000	hit	579
A_HP_10	108	Response	1	7827360	6644	1
A_HP_10	108	Pulse	99	7829100	8384	1
A_HP_10	108	Pulse	99	7849100	28384	1
A_HP_10	108	Pulse	99	7869101	48385	1
A_HP_10	109	Picture	response40	7871418	301	1	40229	1	0	40000	hit	584
A_HP_10	109	Response	1	7876270	5153	1
A_HP_10	109	Pulse	99	7889100	17984	1
A_HP_10	109	Pulse	99	7909101	37984	1
A_HP_10	110	Picture	response33	7921709	193	1	40229	1	0	40000	hit	589
A_HP_10	110	Pulse	99	7929101	7584	1
A_HP_10	110	Response	2	7929499	7982	1
A_HP_10	110	Pulse	99	7949101	27584	1
A_HP_10	110	Pulse	99	7969101	47585	1
A_HP_10	111	Picture	response36	7972167	250	1	40229	1	0	40000	hit	593
A_HP_10	111	Response	1	7977969	6052	1
A_HP_10	111	Pulse	99	7989100	17184	1
A_HP_10	111	Pulse	99	8009100	37184	1
A_HP_10	112	Picture	response35	8022459	143	1	40229	1	0	40000	hit	597
A_HP_10	112	Response	2	8028859	6544	1
A_HP_10	112	Pulse	99	8029100	6784	1
A_HP_10	112	Pulse	99	8049101	26785	1
A_HP_10	112	Pulse	99	8069101	46785	1
A_HP_10	113	Picture	ins19	8072917	201	1	30229	1	0	30000	other	0
A_HP_10	113	Pulse	99	8089101	16384	1
A_HP_10	113	Pulse	99	8109101	36384	1
A_HP_10	113	Pulse	99	8129101	56384	1
A_HP_10	113	Pulse	99	8149100	76383	1
A_HP_10	113	Pulse	99	8169101	96384	1
A_HP_10	113	Pulse	99	8189101	116384	1
A_HP_10	113	Pulse	99	8209101	136384	1
A_HP_10	113	Pulse	99	8229100	156384	1
A_HP_10	113	Pulse	99	8249100	176384	1
A_HP_10	113	Pulse	99	8269099	196383	1
A_HP_10	113	Pulse	99	8289101	216384	1
A_HP_10	113	Pulse	99	8309101	236384	1
A_HP_10	113	Pulse	99	8329101	256384	1
A_HP_10	113	Pulse	99	8349101	276384	1
A_HP_10	113	Pulse	99	8369100	296384	1
A_HP_10	114	Response	3	8389100	6153	1
A_HP_10	114	Pulse	99	8389100	6153	1
A_HP_10	115	Picture	response149	8389751	235	1	40229	1	0	40000	hit	620
A_HP_10	115	Response	1	8404469	14952	1
A_HP_10	115	Pulse	99	8409100	19583	1
A_HP_10	115	Pulse	99	8429100	39583	1
A_HP_10	116	Picture	response151	8440209	294	1	40229	1	0	40000	hit	625
A_HP_10	116	Pulse	99	8449100	9185	1
A_HP_10	116	Response	1	8458169	18254	1
A_HP_10	116	Pulse	99	8469100	29185	1
A_HP_10	116	Pulse	99	8489100	49185	1
A_HP_10	117	Picture	response148	8490501	184	1	40229	1	0	40000	hit	629
A_HP_10	117	Response	1	8507979	17663	1
A_HP_10	117	Pulse	99	8509100	18783	1
A_HP_10	117	Pulse	99	8529100	38784	1
A_HP_10	118	Picture	response150	8540793	76	1	40229	1	0	40000	hit	634
A_HP_10	118	Pulse	99	8549101	8384	1
A_HP_10	118	Response	2	8555529	14813	1
A_HP_10	118	Pulse	99	8569100	28383	1
A_HP_10	118	Pulse	99	8589100	48384	1
A_HP_10	119	Picture	response145	8591417	301	1	40229	1	0	40000	incorrect	639
A_HP_10	119	Pulse	99	8609100	17984	1
A_HP_10	119	Response	2	8614809	23693	1
A_HP_10	119	Pulse	99	8629101	37984	1
A_HP_10	120	Picture	response146	8641709	193	1	40229	1	0	40000	hit	643
A_HP_10	120	Pulse	99	8649100	7584	1
A_HP_10	120	Response	1	8659390	17874	1
A_HP_10	120	Pulse	99	8669101	27585	1
A_HP_10	120	Pulse	99	8689100	47584	1
A_HP_10	121	Picture	response147	8692167	251	1	40229	1	0	40000	hit	647
A_HP_10	121	Response	2	8708509	16592	1
A_HP_10	121	Pulse	99	8709099	17183	1
A_HP_10	121	Pulse	99	8729100	37184	1
A_HP_10	122	Picture	response152	8742459	142	1	40229	1	0	40000	hit	652
A_HP_10	122	Pulse	99	8749100	6784	1
A_HP_10	122	Response	1	8753619	11303	1
A_HP_10	122	Pulse	99	8769100	26784	1
A_HP_10	122	Pulse	99	8789100	46784	1
A_HP_10	123	Picture	thanks	8792584	0	1	10230	1	0	10000	other	0
A_HP_10	123	Pulse	99	8809100	16517	1


Event Type	Code	Type	Response	RT	RT Uncertainty	Time	Uncertainty	Duration	Uncertainty	ReqTime	ReqDur

Picture	ready	other				89416	1	10229	1	0	10000
Picture	ins21	other				150051	1	30229	1	0	30000
Picture	response164	hit	1	11557	2	469757	1	40229	1	0	40000
Picture	response161	hit	1	17609	2	520215	1	40229	1	0	40000
Picture	response166	hit	1	9667	2	570506	1	40229	1	0	40000
Picture	response163	hit	2	9725	2	620798	1	40229	1	0	40000
Picture	response168	hit	2	18460	2	671423	1	40229	1	0	40000
Picture	response162	hit	1	28008	2	721714	1	40229	1	0	40000
Picture	response167	hit	2	16521	2	772173	1	40229	1	0	40000
Picture	response165	hit	2	15178	2	822465	1	40229	1	0	40000
Picture	ins3	other				872923	1	30229	1	0	30000
Picture	response18	hit	2	8027	2	1189756	1	40229	1	0	40000
Picture	response17	hit	2	6618	2	1240215	1	40229	1	0	40000
Picture	response24	hit	2	6617	2	1290506	1	40229	1	0	40000
Picture	response19	hit	2	6146	2	1340798	1	40230	1	0	40000
Picture	response23	hit	2	5570	2	1391423	1	40229	1	0	40000
Picture	response22	hit	1	6019	2	1441714	1	40229	1	0	40000
Picture	response20	hit	2	6091	2	1492172	1	40229	1	0	40000
Picture	response21	hit	1	7908	2	1542464	1	40229	1	0	40000
Picture	ins9	other				1592922	1	30229	1	0	30000
Picture	response70	hit	2	14236	2	1909756	1	40229	1	0	40000
Picture	response69	incorrect	2	13338	2	1960215	1	40229	1	0	40000
Picture	response67	hit	2	18267	2	2010505	1	40229	1	0	40000
Picture	response65	hit	1	11305	2	2060796	1	40230	1	0	40000
Picture	response72	hit	1	13861	2	2111421	1	40229	1	0	40000
Picture	response68	hit	2	8068	2	2161713	1	40229	1	0	40000
Picture	response71	incorrect	2	28830	2	2212171	1	40229	1	0	40000
Picture	response66	hit	1	16959	2	2262463	1	40230	1	0	40000
Picture	ins17	other				2312922	1	30229	1	0	30000
Picture	response135	hit	2	17948	2	2629754	1	40229	1	0	40000
Picture	response129	hit	1	16719	2	2680212	1	40229	1	0	40000
Picture	response130	hit	2	13568	2	2730504	1	40229	1	0	40000
Picture	response136	hit	1	24576	2	2780796	1	40230	1	0	40000
Picture	response134	hit	2	16181	2	2831421	1	40229	1	0	40000
Picture	response131	hit	1	16300	2	2881712	1	40229	1	0	40000
Picture	response132	incorrect	1	18121	2	2932171	1	40230	1	0	40000
Picture	response133	hit	1	18890	2	2982462	1	40229	1	0	40000
Picture	ins15	other				3032920	1	30229	1	0	30000
Picture	response120	hit	1	11638	2	3349754	1	40229	1	0	40000
Picture	response116	hit	1	8439	2	3400212	1	40230	1	0	40000
Picture	response117	hit	2	10158	2	3450504	1	40229	1	0	40000
Picture	response114	hit	2	10556	2	3500796	1	40229	1	0	40000
Picture	response118	hit	1	12172	2	3551420	1	40229	1	0	40000
Picture	response119	hit	1	10450	2	3601712	1	40229	1	0	40000
Picture	response113	hit	2	15612	2	3652170	1	40229	1	0	40000
Picture	response115	hit	2	18070	2	3702462	1	40229	1	0	40000
Picture	ins1	other				3752920	1	30229	1	0	30000
Picture	response8	hit	2	13218	2	4069754	1	40229	1	0	40000
Picture	response5	hit	2	10059	2	4120212	1	40229	1	0	40000
Picture	response6	hit	2	10067	2	4170504	1	40229	1	0	40000
Picture	response1	hit	2	10846	2	4220796	1	40229	1	0	40000
Picture	response3	hit	2	10741	2	4271420	1	40229	1	0	40000
Picture	response2	hit	1	10959	2	4321712	1	40229	1	0	40000
Picture	response7	hit	2	8831	2	4372170	1	40229	1	0	40000
Picture	response4	hit	1	16830	2	4422461	1	40230	1	0	40000
Picture	ins11	other				4472920	1	30229	1	0	30000
Picture	response85	hit	2	17647	2	4789753	1	40229	1	0	40000
Picture	response83	hit	1	12919	2	4840212	1	40229	1	0	40000
Picture	response88	hit	2	7778	2	4890503	1	40229	1	0	40000
Picture	response81	hit	2	13416	2	4940795	1	40229	1	0	40000
Picture	response84	hit	1	9152	2	4991419	1	40229	1	0	40000
Picture	response82	hit	2	16869	2	5041711	1	40229	1	0	40000
Picture	response86	hit	1	15012	2	5092169	1	40229	1	0	40000
Picture	response87	hit	1	9779	2	5142461	1	40229	1	0	40000
Picture	ins13	other				5192920	1	30229	1	0	30000
Picture	response97	hit	1	9580	2	5509750	1	40229	1	0	40000
Picture	response104	hit	2	10622	2	5560209	1	40229	1	0	40000
Picture	response99	hit	2	18670	2	5610500	1	40229	1	0	40000
Picture	response100	hit	2	12389	2	5660792	1	40229	1	0	40000
Picture	response98	hit	2	9434	2	5711417	1	40229	1	0	40000
Picture	response101	hit	1	7063	2	5761708	1	40230	1	0	40000
Picture	response102	hit	1	14631	2	5812169	1	40229	1	0	40000
Picture	response103	hit	1	10310	2	5862460	1	40229	1	0	40000
Picture	ins23	other				5912919	1	30229	1	0	30000
Picture	response184	hit	1	9728	2	6229753	1	40229	1	0	40000
Picture	response177	hit	1	22988	2	6280211	1	40229	1	0	40000
Picture	response178	hit	1	12547	2	6330503	1	40229	1	0	40000
Picture	response180	hit	1	15855	2	6380795	1	40229	1	0	40000
Picture	response182	hit	1	13011	2	6431420	1	40229	1	0	40000
Picture	response179	hit	1	18888	2	6481711	1	40230	1	0	40000
Picture	response183	hit	2	7111	2	6532170	1	40229	1	0	40000
Picture	response181	hit	2	27478	2	6582461	1	40229	1	0	40000
Picture	ins7	other				6632919	1	30229	1	0	30000
Picture	response56	hit	2	7868	2	6949752	1	40229	1	0	40000
Picture	response54	hit	1	7970	2	7000210	1	40229	1	0	40000
Picture	response52	hit	2	11659	2	7050502	1	40229	1	0	40000
Picture	response53	hit	1	9135	2	7100793	1	40229	1	0	40000
Picture	response49	hit	2	8692	2	7151418	1	40229	1	0	40000
Picture	response51	hit	1	12260	2	7201710	1	40230	1	0	40000
Picture	response55	hit	2	8361	2	7252168	1	40230	1	0	40000
Picture	response50	hit	2	8649	2	7302460	1	40229	1	0	40000
Picture	ins5	other				7352919	1	30229	1	0	30000
Picture	response38	hit	2	6479	2	7669751	1	40229	1	0	40000
Picture	response37	hit	1	5650	2	7720209	1	40229	1	0	40000
Picture	response39	hit	2	5398	2	7770501	1	40230	1	0	40000
Picture	response34	hit	1	6567	2	7820793	1	40229	1	0	40000
Picture	response40	hit	1	4852	2	7871418	1	40229	1	0	40000
Picture	response33	hit	2	7789	2	7921709	1	40229	1	0	40000
Picture	response36	hit	1	5802	2	7972167	1	40229	1	0	40000
Picture	response35	hit	2	6401	2	8022459	1	40229	1	0	40000
Picture	ins19	other				8072917	1	30229	1	0	30000
Picture	response149	hit	1	14718	2	8389751	1	40229	1	0	40000
Picture	response151	hit	1	17960	2	8440209	1	40229	1	0	40000
Picture	response148	hit	1	17478	2	8490501	1	40229	1	0	40000
Picture	response150	hit	2	14737	2	8540793	1	40229	1	0	40000
Picture	response145	incorrect	2	23392	2	8591417	1	40229	1	0	40000
Picture	response146	hit	1	17680	2	8641709	1	40229	1	0	40000
Picture	response147	hit	2	16342	2	8692167	1	40229	1	0	40000
Picture	response152	hit	1	11160	2	8742459	1	40229	1	0	40000
Picture	thanks	other				8792584	1	10230	1	0	10000


{
   "app": "Presentation Version 21.0 Build 06.06.19",
   "device": "LENOVO 20KHCTO1WW",
   "experiment": "{A2FC4E2A-B401-4E65-9CA9-5B09E294C871}",
   "os": "Windows 10 64 bit",
   "package": "",
   "parameters": {
      "configuration": "Default configuration"
   },
   "scenario": "Dimension experiment(1).sce",
   "subject": "A_HP_10",
   "timestamp": "2019/08/30 04:32:14 GMT"
}
