Scenario - 
Logfile written - 10/17/2019 12:30:39

Subject	Trial	Event Type	Code	Time	TTime	Uncertainty	Duration	Uncertainty	ReqTime	ReqDur	Stim Type	Pair Index

A_HP_20	1	Response	3	594751	594084	1
A_HP_20	1	Pulse	99	594751	594084	1
A_HP_20	2	Picture	ready	594983	0	1	10229	1	0	10000	other	0
A_HP_20	2	Pulse	99	614751	19768	1
A_HP_20	2	Pulse	99	634750	39768	1
A_HP_20	2	Pulse	99	654750	59768	1
A_HP_20	3	Picture	ins5	655562	232	1	30230	1	0	30000	other	0
A_HP_20	3	Pulse	99	674751	19421	1
A_HP_20	3	Pulse	99	694751	39421	1
A_HP_20	3	Pulse	99	714750	59420	1
A_HP_20	3	Pulse	99	734751	79421	1
A_HP_20	3	Pulse	99	754750	99420	1
A_HP_20	3	Pulse	99	774751	119421	1
A_HP_20	3	Pulse	99	794750	139420	1
A_HP_20	3	Pulse	99	814750	159420	1
A_HP_20	3	Pulse	99	834750	179421	1
A_HP_20	3	Pulse	99	854750	199421	1
A_HP_20	3	Pulse	99	874751	219421	1
A_HP_20	3	Pulse	99	894750	239420	1
A_HP_20	3	Pulse	99	914750	259421	1
A_HP_20	3	Pulse	99	934750	279420	1
A_HP_20	3	Pulse	99	954750	299421	1
A_HP_20	4	Response	3	974750	9190	1
A_HP_20	4	Pulse	99	974750	9190	1
A_HP_20	5	Picture	response39	975366	236	1	40229	1	0	40000	hit	26
A_HP_20	5	Response	2	991779	16649	1
A_HP_20	5	Pulse	99	994750	19620	1
A_HP_20	5	Pulse	99	1014750	39620	1
A_HP_20	6	Picture	response36	1025658	128	1	40229	1	0	40000	hit	30
A_HP_20	6	Response	1	1034750	9221	1
A_HP_20	6	Pulse	99	1034751	9222	1
A_HP_20	6	Pulse	99	1054750	29221	1
A_HP_20	6	Pulse	99	1074750	49221	1
A_HP_20	7	Picture	response40	1076282	353	1	40229	1	0	40000	hit	35
A_HP_20	7	Response	1	1082739	6809	1
A_HP_20	7	Pulse	99	1094750	18821	1
A_HP_20	7	Pulse	99	1114750	38820	1
A_HP_20	8	Picture	response34	1126574	245	1	40229	1	0	40000	hit	40
A_HP_20	8	Pulse	99	1134751	8422	1
A_HP_20	8	Response	1	1146929	20600	1
A_HP_20	8	Pulse	99	1154750	28421	1
A_HP_20	8	Pulse	99	1174750	48421	1
A_HP_20	9	Picture	response35	1176866	136	1	40229	1	0	40000	hit	44
A_HP_20	9	Response	2	1183109	6380	1
A_HP_20	9	Pulse	99	1194750	18021	1
A_HP_20	9	Pulse	99	1214750	38021	1
A_HP_20	10	Picture	response37	1227324	195	1	40229	1	0	40000	hit	48
A_HP_20	10	Response	1	1234299	7170	1
A_HP_20	10	Pulse	99	1234749	7620	1
A_HP_20	10	Pulse	99	1254750	27621	1
A_HP_20	10	Pulse	99	1274750	47621	1
A_HP_20	11	Picture	response38	1277783	253	1	40229	1	0	40000	hit	53
A_HP_20	11	Response	2	1292339	14809	1
A_HP_20	11	Pulse	99	1294749	17219	1
A_HP_20	11	Pulse	99	1314750	37220	1
A_HP_20	12	Picture	response33	1328241	312	1	40229	1	0	40000	hit	58
A_HP_20	12	Pulse	99	1334750	6821	1
A_HP_20	12	Response	2	1342339	14409	1
A_HP_20	12	Pulse	99	1354750	26821	1
A_HP_20	12	Pulse	99	1374750	46821	1
A_HP_20	13	Picture	ins1	1378533	204	1	30229	1	0	30000	other	0
A_HP_20	13	Pulse	99	1394750	16422	1
A_HP_20	13	Pulse	99	1414750	36421	1
A_HP_20	13	Pulse	99	1434750	56421	1
A_HP_20	13	Pulse	99	1454750	76421	1
A_HP_20	13	Pulse	99	1474750	96421	1
A_HP_20	13	Pulse	99	1494670	116341	1
A_HP_20	13	Pulse	99	1514750	136421	1
A_HP_20	13	Pulse	99	1534750	156421	1
A_HP_20	13	Pulse	99	1554750	176422	1
A_HP_20	13	Pulse	99	1574750	196421	1
A_HP_20	13	Pulse	99	1594750	216421	1
A_HP_20	13	Pulse	99	1614750	236421	1
A_HP_20	13	Pulse	99	1634750	256421	1
A_HP_20	13	Pulse	99	1654750	276421	1
A_HP_20	13	Pulse	99	1674750	296421	1
A_HP_20	14	Response	3	1694670	6111	1
A_HP_20	14	Pulse	99	1694670	6111	1
A_HP_20	15	Picture	response4	1695265	235	1	40229	1	0	40000	hit	80
A_HP_20	15	Response	1	1714269	19239	1
A_HP_20	15	Pulse	99	1714749	19720	1
A_HP_20	15	Pulse	99	1734750	39721	1
A_HP_20	16	Picture	response8	1745723	294	1	40229	1	0	40000	hit	85
A_HP_20	16	Pulse	99	1754750	9321	1
A_HP_20	16	Response	2	1757458	12029	1
A_HP_20	16	Pulse	99	1774750	29321	1
A_HP_20	16	Pulse	99	1794750	49321	1
A_HP_20	17	Picture	response7	1796014	185	1	40229	1	0	40000	hit	89
A_HP_20	17	Response	2	1807709	11879	1
A_HP_20	17	Pulse	99	1814750	18920	1
A_HP_20	17	Pulse	99	1834670	38840	1
A_HP_20	18	Picture	response3	1846306	76	1	40229	1	0	40000	hit	94
A_HP_20	18	Pulse	99	1854750	8520	1
A_HP_20	18	Response	2	1873269	27039	1
A_HP_20	18	Pulse	99	1874749	28520	1
A_HP_20	18	Pulse	99	1894670	48440	1
A_HP_20	19	Picture	response5	1896931	302	1	40229	1	0	40000	hit	98
A_HP_20	19	Response	2	1905288	8659	1
A_HP_20	19	Pulse	99	1914750	18120	1
A_HP_20	19	Pulse	99	1934750	38120	1
A_HP_20	20	Picture	response1	1947222	194	1	40229	1	0	40000	hit	103
A_HP_20	20	Pulse	99	1954750	7721	1
A_HP_20	20	Response	2	1972278	25250	1
A_HP_20	20	Pulse	99	1974749	27721	1
A_HP_20	20	Pulse	99	1994750	47722	1
A_HP_20	21	Picture	response2	1997680	251	1	40229	1	0	40000	hit	107
A_HP_20	21	Response	1	2008609	11180	1
A_HP_20	21	Pulse	99	2014750	17321	1
A_HP_20	21	Pulse	99	2034670	37241	1
A_HP_20	22	Picture	response6	2047971	142	1	40229	1	0	40000	hit	112
A_HP_20	22	Pulse	99	2054750	6921	1
A_HP_20	22	Response	2	2056488	8659	1
A_HP_20	22	Pulse	99	2074750	26921	1
A_HP_20	22	Pulse	99	2094670	46841	1
A_HP_20	23	Picture	ins23	2098429	200	1	30229	1	0	30000	other	0
A_HP_20	23	Pulse	99	2114750	16521	1
A_HP_20	23	Pulse	99	2134750	36521	1
A_HP_20	23	Pulse	99	2154750	56521	1
A_HP_20	23	Pulse	99	2174750	76521	1
A_HP_20	23	Pulse	99	2194750	96520	1
A_HP_20	23	Pulse	99	2214750	116520	1
A_HP_20	23	Pulse	99	2234670	136440	1
A_HP_20	23	Pulse	99	2254750	156520	1
A_HP_20	23	Pulse	99	2274750	176520	1
A_HP_20	23	Pulse	99	2294670	196441	1
A_HP_20	23	Pulse	99	2314750	216521	1
A_HP_20	23	Pulse	99	2334748	236519	1
A_HP_20	23	Pulse	99	2354750	256520	1
A_HP_20	23	Pulse	99	2374670	276440	1
A_HP_20	23	Pulse	99	2394750	296520	1
A_HP_20	24	Response	3	2414749	6123	1
A_HP_20	24	Pulse	99	2414749	6123	1
A_HP_20	25	Picture	response179	2415362	233	1	40229	1	0	40000	hit	135
A_HP_20	25	Pulse	99	2434670	19541	1
A_HP_20	25	Response	1	2438668	23539	1
A_HP_20	25	Pulse	99	2454750	39621	1
A_HP_20	26	Picture	response178	2465654	125	1	40230	1	0	40000	hit	139
A_HP_20	26	Pulse	99	2474749	9221	1
A_HP_20	26	Response	1	2488768	23239	1
A_HP_20	26	Pulse	99	2494669	29140	1
A_HP_20	26	Pulse	99	2514749	49221	1
A_HP_20	27	Picture	response184	2516280	352	1	40230	1	0	40000	hit	144
A_HP_20	27	Pulse	99	2534749	18821	1
A_HP_20	27	Response	1	2537207	21278	1
A_HP_20	27	Pulse	99	2554750	38821	1
A_HP_20	28	Picture	response177	2566573	244	1	40230	1	0	40000	hit	148
A_HP_20	28	Pulse	99	2574669	8341	1
A_HP_20	28	Response	1	2586438	20109	1
A_HP_20	28	Pulse	99	2594749	28420	1
A_HP_20	28	Pulse	99	2614749	48420	1
A_HP_20	29	Picture	response182	2616865	136	1	40230	1	0	40000	hit	152
A_HP_20	29	Response	1	2626238	9510	1
A_HP_20	29	Pulse	99	2634670	17941	1
A_HP_20	29	Pulse	99	2654750	38021	1
A_HP_20	30	Picture	response180	2667324	195	1	40229	1	0	40000	hit	157
A_HP_20	30	Pulse	99	2674750	7621	1
A_HP_20	30	Response	1	2690738	23610	1
A_HP_20	30	Pulse	99	2694749	27620	1
A_HP_20	30	Pulse	99	2714670	47541	1
A_HP_20	31	Picture	response183	2717782	253	1	40229	1	0	40000	hit	162
A_HP_20	31	Pulse	99	2734749	17220	1
A_HP_20	31	Response	2	2735489	17960	1
A_HP_20	31	Pulse	99	2754749	37221	1
A_HP_20	32	Picture	response181	2768240	312	1	40229	1	0	40000	hit	166
A_HP_20	32	Pulse	99	2774669	6740	1
A_HP_20	32	Response	2	2793058	25130	1
A_HP_20	32	Pulse	99	2794749	26820	1
A_HP_20	32	Pulse	99	2814750	46821	1
A_HP_20	33	Picture	ins13	2818532	204	1	30229	1	0	30000	other	0
A_HP_20	33	Pulse	99	2834670	16341	1
A_HP_20	33	Pulse	99	2854750	36421	1
A_HP_20	33	Pulse	99	2874749	56421	1
A_HP_20	33	Pulse	99	2894749	76421	1
A_HP_20	33	Pulse	99	2914669	96341	1
A_HP_20	33	Pulse	99	2934749	116421	1
A_HP_20	33	Pulse	99	2954749	136421	1
A_HP_20	33	Pulse	99	2974669	156341	1
A_HP_20	33	Pulse	99	2994749	176421	1
A_HP_20	33	Pulse	99	3014750	196422	1
A_HP_20	33	Pulse	99	3034669	216341	1
A_HP_20	33	Pulse	99	3054670	236341	1
A_HP_20	33	Pulse	99	3074749	256421	1
A_HP_20	33	Pulse	99	3094749	276421	1
A_HP_20	33	Pulse	99	3114669	296341	1
A_HP_20	34	Response	3	3134749	6191	1
A_HP_20	34	Pulse	99	3134749	6191	1
A_HP_20	35	Picture	response97	3135364	235	1	40229	1	0	40000	hit	188
A_HP_20	35	Response	1	3151148	16019	1
A_HP_20	35	Pulse	99	3154749	19620	1
A_HP_20	35	Pulse	99	3174669	39541	1
A_HP_20	36	Picture	response102	3185656	127	1	40229	1	0	40000	hit	193
A_HP_20	36	Pulse	99	3194749	9220	1
A_HP_20	36	Response	1	3199657	14128	1
A_HP_20	36	Pulse	99	3214749	29220	1
A_HP_20	36	Pulse	99	3234669	49141	1
A_HP_20	37	Picture	response104	3236281	353	1	40229	1	0	40000	hit	198
A_HP_20	37	Pulse	99	3254669	18741	1
A_HP_20	37	Response	2	3256787	20859	1
A_HP_20	37	Pulse	99	3274750	38821	1
A_HP_20	38	Picture	response103	3286572	244	1	40230	1	0	40000	hit	202
A_HP_20	38	Pulse	99	3294749	8421	1
A_HP_20	38	Response	1	3301588	15260	1
A_HP_20	38	Pulse	99	3314669	28341	1
A_HP_20	38	Pulse	99	3334749	48421	1
A_HP_20	39	Picture	response100	3336864	136	1	40229	1	0	40000	hit	206
A_HP_20	39	Response	2	3353868	17139	1
A_HP_20	39	Pulse	99	3354749	18020	1
A_HP_20	39	Pulse	99	3374669	37941	1
A_HP_20	40	Picture	response99	3387323	194	1	40229	1	0	40000	hit	211
A_HP_20	40	Pulse	99	3394749	7621	1
A_HP_20	40	Response	2	3411288	24159	1
A_HP_20	40	Pulse	99	3414748	27620	1
A_HP_20	40	Pulse	99	3434669	47540	1
A_HP_20	41	Picture	response101	3437781	253	1	40229	1	0	40000	hit	215
A_HP_20	41	Response	1	3444188	6660	1
A_HP_20	41	Pulse	99	3454669	17141	1
A_HP_20	41	Pulse	99	3474749	37221	1
A_HP_20	42	Picture	response98	3488239	311	1	40229	1	0	40000	hit	220
A_HP_20	42	Pulse	99	3494749	6820	1
A_HP_20	42	Response	2	3511748	23820	1
A_HP_20	42	Pulse	99	3514669	26740	1
A_HP_20	42	Pulse	99	3534749	46821	1
A_HP_20	43	Picture	ins7	3538531	203	1	30229	1	0	30000	other	0
A_HP_20	43	Pulse	99	3554749	16421	1
A_HP_20	43	Pulse	99	3574669	36341	1
A_HP_20	43	Pulse	99	3594669	56341	1
A_HP_20	43	Pulse	99	3614749	76422	1
A_HP_20	43	Pulse	99	3634669	96341	1
A_HP_20	43	Pulse	99	3654669	116341	1
A_HP_20	43	Pulse	99	3674749	136421	1
A_HP_20	43	Pulse	99	3694749	156421	1
A_HP_20	43	Pulse	99	3714669	176341	1
A_HP_20	43	Pulse	99	3734749	196422	1
A_HP_20	43	Pulse	99	3754749	216421	1
A_HP_20	43	Pulse	99	3774669	236341	1
A_HP_20	43	Pulse	99	3794669	256341	1
A_HP_20	43	Pulse	99	3814749	276421	1
A_HP_20	43	Pulse	99	3834669	296341	1
A_HP_20	44	Response	3	3854669	6111	1
A_HP_20	44	Pulse	99	3854669	6111	1
A_HP_20	45	Picture	response53	3855264	236	1	40229	1	0	40000	hit	242
A_HP_20	45	Response	1	3868848	13819	1
A_HP_20	45	Pulse	99	3874749	19720	1
A_HP_20	45	Pulse	99	3894749	39720	1
A_HP_20	46	Picture	response56	3905723	295	1	40229	1	0	40000	hit	247
A_HP_20	46	Pulse	99	3914669	9241	1
A_HP_20	46	Response	2	3916357	10929	1
A_HP_20	46	Pulse	99	3934669	29241	1
A_HP_20	46	Pulse	99	3954749	49321	1
A_HP_20	47	Picture	response55	3956015	186	1	40230	1	0	40000	hit	251
A_HP_20	47	Response	2	3970908	15080	1
A_HP_20	47	Pulse	99	3974669	18840	1
A_HP_20	47	Pulse	99	3994669	38841	1
A_HP_20	48	Picture	response49	4006307	78	1	40229	1	0	40000	hit	256
A_HP_20	48	Pulse	99	4014749	8521	1
A_HP_20	48	Response	2	4030787	24559	1
A_HP_20	48	Pulse	99	4034669	28441	1
A_HP_20	48	Pulse	99	4054669	48441	1
A_HP_20	49	Picture	response51	4056931	303	1	40229	1	0	40000	hit	260
A_HP_20	49	Response	1	4066188	9560	1
A_HP_20	49	Pulse	99	4074749	18121	1
A_HP_20	49	Pulse	99	4094749	38121	1
A_HP_20	50	Picture	response54	4107223	195	1	40229	1	0	40000	hit	265
A_HP_20	50	Pulse	99	4114669	7641	1
A_HP_20	50	Response	1	4115187	8159	1
A_HP_20	50	Pulse	99	4134668	27640	1
A_HP_20	50	Pulse	99	4154749	47721	1
A_HP_20	51	Picture	response52	4157681	254	1	40229	1	0	40000	hit	269
A_HP_20	51	Response	2	4169648	12220	1
A_HP_20	51	Pulse	99	4174669	17241	1
A_HP_20	51	Pulse	99	4194669	37241	1
A_HP_20	52	Picture	response50	4207973	145	1	40229	1	0	40000	hit	274
A_HP_20	52	Pulse	99	4214749	6921	1
A_HP_20	52	Response	2	4234308	26480	1
A_HP_20	52	Pulse	99	4234668	26840	1
A_HP_20	52	Pulse	99	4254669	46841	1
A_HP_20	53	Picture	ins19	4258431	204	1	30230	1	0	30000	other	0
A_HP_20	53	Pulse	99	4274669	16441	1
A_HP_20	53	Pulse	99	4294748	36521	1
A_HP_20	53	Pulse	99	4314669	56441	1
A_HP_20	53	Pulse	99	4334669	76441	1
A_HP_20	53	Pulse	99	4354749	96521	1
A_HP_20	53	Pulse	99	4374669	116441	1
A_HP_20	53	Pulse	99	4394669	136441	1
A_HP_20	53	Pulse	99	4414749	156521	1
A_HP_20	53	Pulse	99	4434669	176441	1
A_HP_20	53	Pulse	99	4454669	196441	1
A_HP_20	53	Pulse	99	4474669	216441	1
A_HP_20	53	Pulse	99	4494749	236521	1
A_HP_20	53	Pulse	99	4514669	256441	1
A_HP_20	53	Pulse	99	4534669	276441	1
A_HP_20	53	Pulse	99	4554747	296520	1
A_HP_20	54	Response	3	4574668	6044	1
A_HP_20	54	Pulse	99	4574668	6044	1
A_HP_20	55	Picture	response150	4575263	235	1	40229	1	0	40000	hit	296
A_HP_20	55	Response	2	4593078	18049	1
A_HP_20	55	Pulse	99	4594668	19640	1
A_HP_20	55	Pulse	99	4614749	39721	1
A_HP_20	56	Picture	response146	4625721	293	1	40229	1	0	40000	incorrect	301
A_HP_20	56	Pulse	99	4634749	9321	1
A_HP_20	56	Response	2	4649917	24489	1
A_HP_20	56	Pulse	99	4654668	29240	1
A_HP_20	56	Pulse	99	4674668	49240	1
A_HP_20	57	Picture	response148	4676013	186	1	40229	1	0	40000	incorrect	306
A_HP_20	57	Pulse	99	4694749	18921	1
A_HP_20	57	Response	2	4694987	19159	1
A_HP_20	57	Pulse	99	4714669	38841	1
A_HP_20	58	Picture	response147	4726305	77	1	40230	1	0	40000	hit	310
A_HP_20	58	Pulse	99	4734668	8441	1
A_HP_20	58	Response	2	4747097	20870	1
A_HP_20	58	Pulse	99	4754748	28520	1
A_HP_20	58	Pulse	99	4774669	48441	1
A_HP_20	59	Picture	response145	4776930	302	1	40229	1	0	40000	hit	315
A_HP_20	59	Pulse	99	4794668	18041	1
A_HP_20	59	Response	1	4810197	33569	1
A_HP_20	59	Pulse	99	4814668	38040	1
A_HP_20	60	Picture	response151	4827222	195	1	40229	1	0	40000	hit	319
A_HP_20	60	Pulse	99	4834748	7721	1
A_HP_20	60	Response	1	4844967	17939	1
A_HP_20	60	Pulse	99	4854668	27640	1
A_HP_20	60	Pulse	99	4874668	47641	1
A_HP_20	61	Picture	response152	4877680	252	1	40230	1	0	40000	incorrect	324
A_HP_20	61	Pulse	99	4894749	17321	1
A_HP_20	61	Response	2	4904217	26789	1
A_HP_20	61	Pulse	99	4914669	37241	1
A_HP_20	62	Picture	response149	4927973	145	1	40229	1	0	40000	hit	328
A_HP_20	62	Pulse	99	4934668	6841	1
A_HP_20	62	Response	1	4954548	26720	1
A_HP_20	62	Pulse	99	4954748	26921	1
A_HP_20	62	Pulse	99	4974668	46841	1
A_HP_20	63	Picture	ins9	4978431	204	1	30229	1	0	30000	other	0
A_HP_20	63	Pulse	99	4994669	16441	1
A_HP_20	63	Pulse	99	5014668	36441	1
A_HP_20	63	Pulse	99	5034749	56521	1
A_HP_20	63	Pulse	99	5054668	76441	1
A_HP_20	63	Pulse	99	5074668	96441	1
A_HP_20	63	Pulse	99	5094748	116521	1
A_HP_20	63	Pulse	99	5114668	136441	1
A_HP_20	63	Pulse	99	5134668	156441	1
A_HP_20	63	Pulse	99	5154668	176441	1
A_HP_20	63	Pulse	99	5174668	196441	1
A_HP_20	63	Pulse	99	5194668	216441	1
A_HP_20	63	Pulse	99	5214668	236441	1
A_HP_20	63	Pulse	99	5234748	256521	1
A_HP_20	63	Pulse	99	5254668	276441	1
A_HP_20	63	Pulse	99	5274668	296441	1
A_HP_20	64	Response	3	5294748	6290	1
A_HP_20	64	Pulse	99	5294748	6290	1
A_HP_20	65	Picture	response67	5295364	236	1	40229	1	0	40000	hit	350
A_HP_20	65	Response	2	5306486	11359	1
A_HP_20	65	Pulse	99	5314668	19540	1
A_HP_20	65	Pulse	99	5334668	39541	1
A_HP_20	66	Picture	response72	5345656	128	1	40229	1	0	40000	hit	355
A_HP_20	66	Pulse	99	5354668	9141	1
A_HP_20	66	Response	1	5359556	14029	1
A_HP_20	66	Pulse	99	5374668	29141	1
A_HP_20	66	Pulse	99	5394668	49141	1
A_HP_20	67	Picture	response65	5396281	354	1	40229	1	0	40000	hit	360
A_HP_20	67	Pulse	99	5414668	18741	1
A_HP_20	67	Response	1	5417056	21129	1
A_HP_20	67	Pulse	99	5434748	38821	1
A_HP_20	68	Picture	response68	5446572	245	1	40229	1	0	40000	hit	364
A_HP_20	68	Pulse	99	5454668	8341	1
A_HP_20	68	Response	2	5457896	11569	1
A_HP_20	68	Pulse	99	5474668	28341	1
A_HP_20	68	Pulse	99	5494668	48341	1
A_HP_20	69	Picture	response70	5496864	137	1	40229	1	0	40000	incorrect	369
A_HP_20	69	Pulse	99	5514668	17941	1
A_HP_20	69	Response	1	5534337	37610	1
A_HP_20	69	Pulse	99	5534668	37941	1
A_HP_20	70	Picture	response69	5547322	195	1	40230	1	0	40000	incorrect	374
A_HP_20	70	Pulse	99	5554668	7541	1
A_HP_20	70	Pulse	99	5574668	27541	1
A_HP_20	70	Response	2	5578477	31350	1
A_HP_20	70	Pulse	99	5594668	47541	1
A_HP_20	71	Picture	response66	5597781	254	1	40230	1	0	40000	hit	378
A_HP_20	71	Pulse	99	5614668	17141	1
A_HP_20	71	Response	1	5617626	20099	1
A_HP_20	71	Pulse	99	5634748	37221	1
A_HP_20	72	Picture	response71	5648239	312	1	40230	1	0	40000	hit	382
A_HP_20	72	Pulse	99	5654668	6741	1
A_HP_20	72	Response	1	5657996	10069	1
A_HP_20	72	Pulse	99	5674668	26741	1
A_HP_20	72	Pulse	99	5694668	46741	1
A_HP_20	73	Picture	ins11	5698531	204	1	30230	1	0	30000	other	0
A_HP_20	73	Pulse	99	5714668	16341	1
A_HP_20	73	Pulse	99	5734668	36341	1
A_HP_20	73	Pulse	99	5754668	56341	1
A_HP_20	73	Pulse	99	5774668	76341	1
A_HP_20	73	Pulse	99	5794668	96341	1
A_HP_20	73	Pulse	99	5814668	116341	1
A_HP_20	73	Pulse	99	5834668	136341	1
A_HP_20	73	Pulse	99	5854668	156341	1
A_HP_20	73	Pulse	99	5874668	176341	1
A_HP_20	73	Pulse	99	5894668	196341	1
A_HP_20	73	Pulse	99	5914668	216341	1
A_HP_20	73	Pulse	99	5934668	236341	1
A_HP_20	73	Pulse	99	5954668	256341	1
A_HP_20	73	Pulse	99	5974748	276421	1
A_HP_20	73	Pulse	99	5994668	296341	1
A_HP_20	74	Response	3	6014668	6110	1
A_HP_20	74	Pulse	99	6014668	6110	1
A_HP_20	75	Picture	response82	6015263	235	1	40229	1	0	40000	hit	405
A_HP_20	75	Pulse	99	6034668	19640	1
A_HP_20	75	Response	2	6036736	21708	1
A_HP_20	75	Pulse	99	6054667	39640	1
A_HP_20	76	Picture	response85	6065721	294	1	40230	1	0	40000	hit	410
A_HP_20	76	Pulse	99	6074667	9241	1
A_HP_20	76	Pulse	99	6094667	29240	1
A_HP_20	76	Response	2	6097006	31579	1
A_HP_20	76	Pulse	99	6114668	49241	1
A_HP_20	77	Picture	response86	6116013	186	1	40229	1	0	40000	hit	413
A_HP_20	77	Response	1	6126846	11020	1
A_HP_20	77	Pulse	99	6134668	18841	1
A_HP_20	77	Pulse	99	6154668	38841	1
A_HP_20	78	Picture	response87	6166305	78	1	40230	1	0	40000	hit	418
A_HP_20	78	Pulse	99	6174668	8441	1
A_HP_20	78	Response	1	6181166	14939	1
A_HP_20	78	Pulse	99	6194668	28441	1
A_HP_20	78	Pulse	99	6214668	48441	1
A_HP_20	79	Picture	response84	6216930	303	1	40229	1	0	40000	hit	422
A_HP_20	79	Response	1	6230246	13619	1
A_HP_20	79	Pulse	99	6234667	18040	1
A_HP_20	79	Pulse	99	6254668	38041	1
A_HP_20	80	Picture	response88	6267222	195	1	40229	1	0	40000	hit	427
A_HP_20	80	Pulse	99	6274668	7641	1
A_HP_20	80	Response	2	6287796	20770	1
A_HP_20	80	Pulse	99	6294667	27640	1
A_HP_20	80	Pulse	99	6314668	47641	1
A_HP_20	81	Picture	response83	6317680	254	1	40229	1	0	40000	hit	431
A_HP_20	81	Response	1	6334176	16750	1
A_HP_20	81	Pulse	99	6334667	17240	1
A_HP_20	81	Pulse	99	6354667	37241	1
A_HP_20	82	Picture	response81	6367972	146	1	40229	1	0	40000	hit	436
A_HP_20	82	Pulse	99	6374667	6841	1
A_HP_20	82	Response	2	6391246	23420	1
A_HP_20	82	Pulse	99	6394667	26840	1
A_HP_20	82	Pulse	99	6414668	46841	1
A_HP_20	83	Picture	ins17	6418430	204	1	30229	1	0	30000	other	0
A_HP_20	83	Pulse	99	6434667	16441	1
A_HP_20	83	Pulse	99	6454667	36441	1
A_HP_20	83	Pulse	99	6474667	56441	1
A_HP_20	83	Pulse	99	6494668	76441	1
A_HP_20	83	Pulse	99	6514668	96441	1
A_HP_20	83	Pulse	99	6534668	116441	1
A_HP_20	83	Pulse	99	6554668	136441	1
A_HP_20	83	Pulse	99	6574668	156441	1
A_HP_20	83	Pulse	99	6594668	176441	1
A_HP_20	83	Pulse	99	6614667	196441	1
A_HP_20	83	Pulse	99	6634668	216441	1
A_HP_20	83	Pulse	99	6654668	236441	1
A_HP_20	83	Pulse	99	6674668	256441	1
A_HP_20	83	Pulse	99	6694667	276440	1
A_HP_20	83	Pulse	99	6714668	296441	1
A_HP_20	84	Response	3	6734668	6210	1
A_HP_20	84	Pulse	99	6734668	6210	1
A_HP_20	85	Picture	response135	6735261	234	1	40229	1	0	40000	incorrect	459
A_HP_20	85	Pulse	99	6754668	19641	1
A_HP_20	85	Response	1	6763786	28759	1
A_HP_20	85	Pulse	99	6774668	39640	1
A_HP_20	86	Picture	response132	6785719	292	1	40229	1	0	40000	hit	463
A_HP_20	86	Pulse	99	6794667	9241	1
A_HP_20	86	Response	2	6812287	26861	1
A_HP_20	86	Pulse	99	6814667	29240	1
A_HP_20	86	Pulse	99	6834668	49241	1
A_HP_20	87	Picture	response133	6836011	184	1	40229	1	0	40000	incorrect	468
A_HP_20	87	Pulse	99	6854667	18840	1
A_HP_20	87	Response	2	6859716	23889	1
A_HP_20	87	Pulse	99	6874667	38840	1
A_HP_20	88	Picture	response134	6886302	76	1	40229	1	0	40000	hit	472
A_HP_20	88	Pulse	99	6894668	8441	1
A_HP_20	88	Response	2	6912306	26080	1
A_HP_20	88	Pulse	99	6914667	28440	1
A_HP_20	88	Pulse	99	6934667	48441	1
A_HP_20	89	Picture	response131	6936927	301	1	40229	1	0	40000	hit	477
A_HP_20	89	Pulse	99	6954667	18041	1
A_HP_20	89	Response	1	6955775	19149	1
A_HP_20	89	Pulse	99	6974667	38041	1
A_HP_20	90	Picture	response129	6987218	192	1	40229	1	0	40000	hit	481
A_HP_20	90	Pulse	99	6994667	7641	1
A_HP_20	90	Response	1	7014026	27000	1
A_HP_20	90	Pulse	99	7014666	27640	1
A_HP_20	90	Pulse	99	7034668	47641	1
A_HP_20	91	Picture	response136	7037677	250	1	40229	1	0	40000	incorrect	486
A_HP_20	91	Pulse	99	7054668	17241	1
A_HP_20	91	Response	2	7059526	22100	1
A_HP_20	91	Pulse	99	7074667	37241	1
A_HP_20	92	Picture	response130	7087968	141	1	40230	1	0	40000	hit	491
A_HP_20	92	Pulse	99	7094667	6841	1
A_HP_20	92	Pulse	99	7114668	26841	1
A_HP_20	92	Response	2	7116846	29020	1
A_HP_20	92	Pulse	99	7134668	46841	1
A_HP_20	93	Picture	ins15	7138426	199	1	30230	1	0	30000	other	0
A_HP_20	93	Pulse	99	7154667	16441	1
A_HP_20	93	Pulse	99	7174668	36441	1
A_HP_20	93	Pulse	99	7194668	56441	1
A_HP_20	93	Pulse	99	7214667	76441	1
A_HP_20	93	Pulse	99	7234668	96441	1
A_HP_20	93	Pulse	99	7254667	116441	1
A_HP_20	93	Pulse	99	7274667	136441	1
A_HP_20	93	Pulse	99	7294667	156441	1
A_HP_20	93	Pulse	99	7314667	176441	1
A_HP_20	93	Pulse	99	7334667	196441	1
A_HP_20	93	Pulse	99	7354667	216440	1
A_HP_20	93	Pulse	99	7374667	236440	1
A_HP_20	93	Pulse	99	7394667	256441	1
A_HP_20	93	Pulse	99	7414667	276441	1
A_HP_20	93	Pulse	99	7434667	296441	1
A_HP_20	94	Response	3	7454667	6210	1
A_HP_20	94	Pulse	99	7454667	6210	1
A_HP_20	95	Picture	response118	7455262	236	1	40229	1	0	40000	hit	513
A_HP_20	95	Pulse	99	7474667	19641	1
A_HP_20	95	Response	1	7476015	20989	1
A_HP_20	95	Pulse	99	7494667	39641	1
A_HP_20	96	Picture	response115	7505720	294	1	40229	1	0	40000	hit	517
A_HP_20	96	Pulse	99	7514667	9241	1
A_HP_20	96	Response	2	7532806	27380	1
A_HP_20	96	Pulse	99	7534667	29241	1
A_HP_20	96	Pulse	99	7554667	49241	1
A_HP_20	97	Picture	response113	7556012	185	1	40229	1	0	40000	hit	522
A_HP_20	97	Pulse	99	7574667	18841	1
A_HP_20	97	Response	2	7580116	24290	1
A_HP_20	97	Pulse	99	7594667	38841	1
A_HP_20	98	Picture	response114	7606304	78	1	40229	1	0	40000	incorrect	526
A_HP_20	98	Pulse	99	7614667	8441	1
A_HP_20	98	Response	1	7633325	27099	1
A_HP_20	98	Pulse	99	7634667	28440	1
A_HP_20	98	Pulse	99	7654667	48441	1
A_HP_20	99	Picture	response120	7656929	303	1	40229	1	0	40000	hit	531
A_HP_20	99	Pulse	99	7674667	18041	1
A_HP_20	99	Response	1	7676355	19729	1
A_HP_20	99	Pulse	99	7694667	38041	1
A_HP_20	100	Picture	response116	7707221	194	1	40230	1	0	40000	hit	535
A_HP_20	100	Pulse	99	7714667	7640	1
A_HP_20	100	Response	1	7722686	15659	1
A_HP_20	100	Pulse	99	7734667	27640	1
A_HP_20	100	Pulse	99	7754667	47640	1
A_HP_20	101	Picture	response117	7757680	254	1	40230	1	0	40000	hit	540
A_HP_20	101	Pulse	99	7774666	17240	1
A_HP_20	101	Response	2	7784535	27110	1
A_HP_20	101	Pulse	99	7794667	37241	1
A_HP_20	102	Picture	response119	7807972	146	1	40230	1	0	40000	hit	544
A_HP_20	102	Pulse	99	7814667	6840	1
A_HP_20	102	Response	1	7824985	17159	1
A_HP_20	102	Pulse	99	7834667	26841	1
A_HP_20	102	Pulse	99	7854667	46841	1
A_HP_20	103	Picture	ins3	7858431	205	1	30229	1	0	30000	other	0
A_HP_20	103	Pulse	99	7874667	16441	1
A_HP_20	103	Pulse	99	7894667	36441	1
A_HP_20	103	Pulse	99	7914667	56441	1
A_HP_20	103	Pulse	99	7934668	76441	1
A_HP_20	103	Pulse	99	7954667	96441	1
A_HP_20	103	Pulse	99	7974667	116441	1
A_HP_20	103	Pulse	99	7994667	136441	1
A_HP_20	103	Pulse	99	8014667	156441	1
A_HP_20	103	Pulse	99	8034667	176441	1
A_HP_20	103	Pulse	99	8054667	196441	1
A_HP_20	103	Pulse	99	8074667	216441	1
A_HP_20	103	Pulse	99	8094667	236441	1
A_HP_20	103	Pulse	99	8114667	256441	1
A_HP_20	103	Pulse	99	8134667	276440	1
A_HP_20	103	Pulse	99	8154667	296440	1
A_HP_20	104	Response	3	8174667	6210	1
A_HP_20	104	Pulse	99	8174667	6210	1
A_HP_20	105	Picture	response23	8175263	237	1	40229	1	0	40000	hit	566
A_HP_20	105	Response	2	8186075	11049	1
A_HP_20	105	Pulse	99	8194666	19640	1
A_HP_20	105	Pulse	99	8214667	39641	1
A_HP_20	106	Picture	response17	8225722	296	1	40229	1	0	40000	hit	571
A_HP_20	106	Pulse	99	8234666	9240	1
A_HP_20	106	Response	2	8235395	9969	1
A_HP_20	106	Pulse	99	8254667	29241	1
A_HP_20	106	Pulse	99	8274667	49241	1
A_HP_20	107	Picture	response21	8276013	187	1	40229	1	0	40000	hit	575
A_HP_20	107	Response	1	8285635	9809	1
A_HP_20	107	Pulse	99	8294667	18841	1
A_HP_20	107	Pulse	99	8314667	38841	1
A_HP_20	108	Picture	response18	8326305	79	1	40229	1	0	40000	hit	580
A_HP_20	108	Pulse	99	8334666	8441	1
A_HP_20	108	Response	2	8343056	16830	1
A_HP_20	108	Pulse	99	8354667	28441	1
A_HP_20	108	Pulse	99	8374666	48441	1
A_HP_20	109	Picture	response19	8376930	304	1	40229	1	0	40000	hit	584
A_HP_20	109	Response	2	8385900	9274	1
A_HP_20	109	Pulse	99	8394667	18041	1
A_HP_20	109	Pulse	99	8414667	38041	1
A_HP_20	110	Picture	response22	8427221	196	1	40230	1	0	40000	hit	588
A_HP_20	110	Response	1	8434606	7580	1
A_HP_20	110	Pulse	99	8434666	7640	1
A_HP_20	110	Pulse	99	8454667	27641	1
A_HP_20	110	Pulse	99	8474667	47641	1
A_HP_20	111	Picture	response24	8477680	255	1	40230	1	0	40000	hit	593
A_HP_20	111	Response	2	8485075	7650	1
A_HP_20	111	Pulse	99	8494667	17241	1
A_HP_20	111	Pulse	99	8514667	37241	1
A_HP_20	112	Picture	response20	8527972	147	1	40230	1	0	40000	hit	598
A_HP_20	112	Pulse	99	8534667	6841	1
A_HP_20	112	Response	2	8536505	8679	1
A_HP_20	112	Pulse	99	8554666	26841	1
A_HP_20	112	Pulse	99	8574667	46841	1
A_HP_20	113	Picture	ins21	8578431	205	1	30230	1	0	30000	other	0
A_HP_20	113	Pulse	99	8594666	16440	1
A_HP_20	113	Pulse	99	8614666	36441	1
A_HP_20	113	Pulse	99	8634667	56441	1
A_HP_20	113	Pulse	99	8654667	76441	1
A_HP_20	113	Pulse	99	8674667	96441	1
A_HP_20	113	Pulse	99	8694667	116441	1
A_HP_20	113	Pulse	99	8714667	136441	1
A_HP_20	113	Pulse	99	8734667	156441	1
A_HP_20	113	Pulse	99	8754667	176441	1
A_HP_20	113	Pulse	99	8774667	196441	1
A_HP_20	113	Pulse	99	8794667	216441	1
A_HP_20	113	Pulse	99	8814667	236441	1
A_HP_20	113	Pulse	99	8834666	256441	1
A_HP_20	113	Pulse	99	8854666	276441	1
A_HP_20	113	Pulse	99	8874667	296441	1
A_HP_20	114	Response	3	8894667	6211	1
A_HP_20	114	Pulse	99	8894667	6211	1
A_HP_20	115	Picture	response161	8895260	234	1	40229	1	0	40000	hit	620
A_HP_20	115	Response	1	8912795	17769	1
A_HP_20	115	Pulse	99	8914666	19640	1
A_HP_20	115	Pulse	99	8934667	39641	1
A_HP_20	116	Picture	response166	8945718	293	1	40229	1	0	40000	hit	625
A_HP_20	116	Pulse	99	8954666	9241	1
A_HP_20	116	Response	1	8960745	15320	1
A_HP_20	116	Pulse	99	8974667	29241	1
A_HP_20	116	Pulse	99	8994667	49241	1
A_HP_20	117	Picture	response167	8996010	185	1	40230	1	0	40000	hit	630
A_HP_20	117	Pulse	99	9014667	18841	1
A_HP_20	117	Response	2	9016315	20489	1
A_HP_20	117	Pulse	99	9034666	38841	1
A_HP_20	118	Picture	response162	9046302	77	1	40229	1	0	40000	incorrect	634
A_HP_20	118	Pulse	99	9054667	8441	1
A_HP_20	118	Response	2	9067885	21660	1
A_HP_20	118	Pulse	99	9074666	28441	1
A_HP_20	118	Pulse	99	9094667	48441	1
A_HP_20	119	Picture	response163	9096927	301	1	40229	1	0	40000	hit	639
A_HP_20	119	Pulse	99	9114666	18041	1
A_HP_20	119	Response	2	9118985	22359	1
A_HP_20	119	Pulse	99	9134666	38041	1
A_HP_20	120	Picture	response165	9147219	194	1	40229	1	0	40000	hit	643
A_HP_20	120	Pulse	99	9154666	7641	1
A_HP_20	120	Response	2	9168505	21480	1
A_HP_20	120	Pulse	99	9174666	27641	1
A_HP_20	120	Pulse	99	9194666	47641	1
A_HP_20	121	Picture	response164	9197677	252	1	40230	1	0	40000	incorrect	648
A_HP_20	121	Pulse	99	9214666	17241	1
A_HP_20	121	Response	2	9230276	32850	1
A_HP_20	121	Pulse	99	9234666	37240	1
A_HP_20	122	Picture	response168	9247969	144	1	40229	1	0	40000	hit	653
A_HP_20	122	Pulse	99	9254666	6841	1
A_HP_20	122	Pulse	99	9274666	26841	1
A_HP_20	122	Response	2	9276215	28389	1
A_HP_20	122	Pulse	99	9294666	46841	1
A_HP_20	123	Picture	thanks	9298094	0	1	10229	1	0	10000	other	0
A_HP_20	123	Pulse	99	9314667	16572	1


Event Type	Code	Type	Response	RT	RT Uncertainty	Time	Uncertainty	Duration	Uncertainty	ReqTime	ReqDur

Picture	ready	other				594983	1	10229	1	0	10000
Picture	ins5	other				655562	1	30230	1	0	30000
Picture	response39	hit	2	16413	2	975366	1	40229	1	0	40000
Picture	response36	hit	1	9093	2	1025658	1	40229	1	0	40000
Picture	response40	hit	1	6456	2	1076282	1	40229	1	0	40000
Picture	response34	hit	1	20355	2	1126574	1	40229	1	0	40000
Picture	response35	hit	2	6243	2	1176866	1	40229	1	0	40000
Picture	response37	hit	1	6974	2	1227324	1	40229	1	0	40000
Picture	response38	hit	2	14556	2	1277783	1	40229	1	0	40000
Picture	response33	hit	2	14097	2	1328241	1	40229	1	0	40000
Picture	ins1	other				1378533	1	30229	1	0	30000
Picture	response4	hit	1	19004	2	1695265	1	40229	1	0	40000
Picture	response8	hit	2	11735	2	1745723	1	40229	1	0	40000
Picture	response7	hit	2	11694	2	1796014	1	40229	1	0	40000
Picture	response3	hit	2	26963	2	1846306	1	40229	1	0	40000
Picture	response5	hit	2	8357	2	1896931	1	40229	1	0	40000
Picture	response1	hit	2	25056	2	1947222	1	40229	1	0	40000
Picture	response2	hit	1	10929	2	1997680	1	40229	1	0	40000
Picture	response6	hit	2	8517	2	2047971	1	40229	1	0	40000
Picture	ins23	other				2098429	1	30229	1	0	30000
Picture	response179	hit	1	23306	2	2415362	1	40229	1	0	40000
Picture	response178	hit	1	23114	2	2465654	1	40230	1	0	40000
Picture	response184	hit	1	20926	2	2516280	1	40230	1	0	40000
Picture	response177	hit	1	19865	2	2566573	1	40230	1	0	40000
Picture	response182	hit	1	9374	2	2616865	1	40230	1	0	40000
Picture	response180	hit	1	23415	2	2667324	1	40229	1	0	40000
Picture	response183	hit	2	17707	2	2717782	1	40229	1	0	40000
Picture	response181	hit	2	24818	2	2768240	1	40229	1	0	40000
Picture	ins13	other				2818532	1	30229	1	0	30000
Picture	response97	hit	1	15783	2	3135364	1	40229	1	0	40000
Picture	response102	hit	1	14001	2	3185656	1	40229	1	0	40000
Picture	response104	hit	2	20506	2	3236281	1	40229	1	0	40000
Picture	response103	hit	1	15016	2	3286572	1	40230	1	0	40000
Picture	response100	hit	2	17003	2	3336864	1	40229	1	0	40000
Picture	response99	hit	2	23965	2	3387323	1	40229	1	0	40000
Picture	response101	hit	1	6407	2	3437781	1	40229	1	0	40000
Picture	response98	hit	2	23509	2	3488239	1	40229	1	0	40000
Picture	ins7	other				3538531	1	30229	1	0	30000
Picture	response53	hit	1	13583	2	3855264	1	40229	1	0	40000
Picture	response56	hit	2	10634	2	3905723	1	40229	1	0	40000
Picture	response55	hit	2	14894	2	3956015	1	40230	1	0	40000
Picture	response49	hit	2	24481	2	4006307	1	40229	1	0	40000
Picture	response51	hit	1	9257	2	4056931	1	40229	1	0	40000
Picture	response54	hit	1	7964	2	4107223	1	40229	1	0	40000
Picture	response52	hit	2	11966	2	4157681	1	40229	1	0	40000
Picture	response50	hit	2	26335	2	4207973	1	40229	1	0	40000
Picture	ins19	other				4258431	1	30230	1	0	30000
Picture	response150	hit	2	17814	2	4575263	1	40229	1	0	40000
Picture	response146	incorrect	2	24196	2	4625721	1	40229	1	0	40000
Picture	response148	incorrect	2	18974	2	4676013	1	40229	1	0	40000
Picture	response147	hit	2	20793	2	4726305	1	40230	1	0	40000
Picture	response145	hit	1	33267	2	4776930	1	40229	1	0	40000
Picture	response151	hit	1	17745	2	4827222	1	40229	1	0	40000
Picture	response152	incorrect	2	26537	2	4877680	1	40230	1	0	40000
Picture	response149	hit	1	26575	2	4927973	1	40229	1	0	40000
Picture	ins9	other				4978431	1	30229	1	0	30000
Picture	response67	hit	2	11122	2	5295364	1	40229	1	0	40000
Picture	response72	hit	1	13901	2	5345656	1	40229	1	0	40000
Picture	response65	hit	1	20776	2	5396281	1	40229	1	0	40000
Picture	response68	hit	2	11324	2	5446572	1	40229	1	0	40000
Picture	response70	incorrect	1	37473	2	5496864	1	40229	1	0	40000
Picture	response69	incorrect	2	31154	2	5547322	1	40230	1	0	40000
Picture	response66	hit	1	19845	2	5597781	1	40230	1	0	40000
Picture	response71	hit	1	9757	2	5648239	1	40230	1	0	40000
Picture	ins11	other				5698531	1	30230	1	0	30000
Picture	response82	hit	2	21473	2	6015263	1	40229	1	0	40000
Picture	response85	hit	2	31284	2	6065721	1	40230	1	0	40000
Picture	response86	hit	1	10833	2	6116013	1	40229	1	0	40000
Picture	response87	hit	1	14861	2	6166305	1	40230	1	0	40000
Picture	response84	hit	1	13316	2	6216930	1	40229	1	0	40000
Picture	response88	hit	2	20574	2	6267222	1	40229	1	0	40000
Picture	response83	hit	1	16496	2	6317680	1	40229	1	0	40000
Picture	response81	hit	2	23274	2	6367972	1	40229	1	0	40000
Picture	ins17	other				6418430	1	30229	1	0	30000
Picture	response135	incorrect	1	28526	2	6735261	1	40229	1	0	40000
Picture	response132	hit	2	26568	2	6785719	1	40229	1	0	40000
Picture	response133	incorrect	2	23705	2	6836011	1	40229	1	0	40000
Picture	response134	hit	2	26004	2	6886302	1	40229	1	0	40000
Picture	response131	hit	1	18848	2	6936927	1	40229	1	0	40000
Picture	response129	hit	1	26808	2	6987218	1	40229	1	0	40000
Picture	response136	incorrect	2	21849	2	7037677	1	40229	1	0	40000
Picture	response130	hit	2	28879	2	7087968	1	40230	1	0	40000
Picture	ins15	other				7138426	1	30230	1	0	30000
Picture	response118	hit	1	20753	2	7455262	1	40229	1	0	40000
Picture	response115	hit	2	27086	2	7505720	1	40229	1	0	40000
Picture	response113	hit	2	24104	2	7556012	1	40229	1	0	40000
Picture	response114	incorrect	1	27021	2	7606304	1	40229	1	0	40000
Picture	response120	hit	1	19426	2	7656929	1	40229	1	0	40000
Picture	response116	hit	1	15465	2	7707221	1	40230	1	0	40000
Picture	response117	hit	2	26856	2	7757680	1	40230	1	0	40000
Picture	response119	hit	1	17013	2	7807972	1	40230	1	0	40000
Picture	ins3	other				7858431	1	30229	1	0	30000
Picture	response23	hit	2	10812	2	8175263	1	40229	1	0	40000
Picture	response17	hit	2	9673	2	8225722	1	40229	1	0	40000
Picture	response21	hit	1	9622	2	8276013	1	40229	1	0	40000
Picture	response18	hit	2	16750	2	8326305	1	40229	1	0	40000
Picture	response19	hit	2	8970	2	8376930	1	40229	1	0	40000
Picture	response22	hit	1	7384	2	8427221	1	40230	1	0	40000
Picture	response24	hit	2	7395	2	8477680	1	40230	1	0	40000
Picture	response20	hit	2	8533	2	8527972	1	40230	1	0	40000
Picture	ins21	other				8578431	1	30230	1	0	30000
Picture	response161	hit	1	17535	2	8895260	1	40229	1	0	40000
Picture	response166	hit	1	15027	2	8945718	1	40229	1	0	40000
Picture	response167	hit	2	20305	2	8996010	1	40230	1	0	40000
Picture	response162	incorrect	2	21583	2	9046302	1	40229	1	0	40000
Picture	response163	hit	2	22058	2	9096927	1	40229	1	0	40000
Picture	response165	hit	2	21287	2	9147219	1	40229	1	0	40000
Picture	response164	incorrect	2	32598	2	9197677	1	40230	1	0	40000
Picture	response168	hit	2	28245	2	9247969	1	40229	1	0	40000
Picture	thanks	other				9298094	1	10229	1	0	10000


{
   "app": "Presentation Version 21.0 Build 06.06.19",
   "device": "LENOVO 20KHCTO1WW",
   "experiment": "{A2FC4E2A-B401-4E65-9CA9-5B09E294C871}",
   "os": "Windows 10 64 bit",
   "package": "",
   "parameters": {
      "configuration": "Default configuration"
   },
   "scenario": "Dimension experiment(1).sce",
   "subject": "A_HP_20",
   "timestamp": "2019/10/17 03:14:56 GMT"
}
