Scenario - 
Logfile written - 02/20/2020 16:36:24

Subject	Trial	Event Type	Code	Time	TTime	Uncertainty	Duration	Uncertainty	ReqTime	ReqDur	Stim Type	Pair Index

A_HP_52	1	Response	3	522838	521572	1
A_HP_52	1	Pulse	99	522838	521572	1
A_HP_52	2	Picture	ready	523030	0	1	10162	1	0	10000	other	0
A_HP_52	2	Pulse	99	542838	19808	1
A_HP_52	2	Pulse	99	562838	39808	1
A_HP_52	2	Pulse	99	582838	59808	1
A_HP_52	3	Picture	ins21	583503	121	1	30153	1	0	30000	other	0
A_HP_52	3	Pulse	99	602838	19457	1
A_HP_52	3	Pulse	99	622838	39457	1
A_HP_52	3	Pulse	99	642838	59457	1
A_HP_52	3	Pulse	99	662838	79456	1
A_HP_52	3	Pulse	99	682838	99457	1
A_HP_52	3	Pulse	99	702838	119457	1
A_HP_52	3	Pulse	99	722838	139457	1
A_HP_52	3	Pulse	99	742838	159457	1
A_HP_52	3	Pulse	99	762838	179457	1
A_HP_52	3	Pulse	99	782838	199457	1
A_HP_52	3	Pulse	99	802838	219457	1
A_HP_52	3	Pulse	99	822838	239456	1
A_HP_52	3	Pulse	99	842838	259457	1
A_HP_52	3	Pulse	99	862838	279457	1
A_HP_52	3	Pulse	99	882838	299457	1
A_HP_52	4	Response	3	902838	9309	1
A_HP_52	4	Pulse	99	902838	9309	1
A_HP_52	5	Picture	response163	903358	177	1	40148	1	0	40000	hit	27
A_HP_52	5	Pulse	99	922838	19657	1
A_HP_52	5	Response	2	924657	21475	1
A_HP_52	5	Pulse	99	942838	39657	1
A_HP_52	6	Picture	response165	953668	87	1	40148	1	0	40000	hit	31
A_HP_52	6	Pulse	99	962838	9257	1
A_HP_52	6	Response	2	976137	22556	1
A_HP_52	6	Pulse	99	982838	29257	1
A_HP_52	6	Pulse	99	1002838	49257	1
A_HP_52	7	Picture	response161	1004146	164	1	40148	1	0	40000	hit	36
A_HP_52	7	Pulse	99	1022838	18857	1
A_HP_52	7	Response	1	1024247	20265	1
A_HP_52	7	Pulse	99	1042838	38857	1
A_HP_52	8	Picture	response166	1054456	75	1	40149	1	0	40000	hit	40
A_HP_52	8	Pulse	99	1062838	8457	1
A_HP_52	8	Response	1	1082757	28376	1
A_HP_52	8	Pulse	99	1082837	28456	1
A_HP_52	8	Pulse	99	1102838	48457	1
A_HP_52	9	Picture	response167	1104933	152	1	40149	1	0	40000	hit	45
A_HP_52	9	Pulse	99	1122838	18057	1
A_HP_52	9	Response	2	1123326	18545	1
A_HP_52	9	Pulse	99	1142838	38057	1
A_HP_52	10	Picture	response164	1155244	63	1	40148	1	0	40000	hit	49
A_HP_52	10	Pulse	99	1162838	7657	1
A_HP_52	10	Response	1	1177507	22325	1
A_HP_52	10	Pulse	99	1182838	27657	1
A_HP_52	10	Pulse	99	1202838	47657	1
A_HP_52	11	Picture	response168	1205721	140	1	40148	1	0	40000	hit	54
A_HP_52	11	Pulse	99	1222838	17257	1
A_HP_52	11	Response	2	1223006	17425	1
A_HP_52	11	Pulse	99	1242838	37257	1
A_HP_52	12	Picture	response162	1256031	50	1	40149	1	0	40000	hit	58
A_HP_52	12	Pulse	99	1262838	6857	1
A_HP_52	12	Response	1	1274607	18625	1
A_HP_52	12	Pulse	99	1282838	26857	1
A_HP_52	12	Pulse	99	1302838	46857	1
A_HP_52	13	Picture	ins15	1306509	127	1	30153	1	0	30000	other	0
A_HP_52	13	Pulse	99	1322838	16456	1
A_HP_52	13	Pulse	99	1342838	36457	1
A_HP_52	13	Pulse	99	1362838	56457	1
A_HP_52	13	Pulse	99	1382838	76457	1
A_HP_52	13	Pulse	99	1402838	96457	1
A_HP_52	13	Pulse	99	1422838	116456	1
A_HP_52	13	Pulse	99	1442838	136457	1
A_HP_52	13	Pulse	99	1462838	156457	1
A_HP_52	13	Pulse	99	1482838	176457	1
A_HP_52	13	Pulse	99	1502838	196457	1
A_HP_52	13	Pulse	99	1522838	216457	1
A_HP_52	13	Pulse	99	1542838	236457	1
A_HP_52	13	Pulse	99	1562839	256458	1
A_HP_52	13	Pulse	99	1582838	276457	1
A_HP_52	13	Pulse	99	1602838	296457	1
A_HP_52	14	Response	3	1622838	6303	1
A_HP_52	14	Pulse	99	1622838	6303	1
A_HP_52	15	Picture	response114	1623365	184	1	40148	1	0	40000	hit	81
A_HP_52	15	Pulse	99	1642838	19657	1
A_HP_52	15	Response	2	1644317	21136	1
A_HP_52	15	Pulse	99	1662838	39657	1
A_HP_52	16	Picture	response113	1673676	94	1	40148	1	0	40000	hit	85
A_HP_52	16	Pulse	99	1682838	9257	1
A_HP_52	16	Response	2	1692427	18846	1
A_HP_52	16	Pulse	99	1702838	29257	1
A_HP_52	16	Pulse	99	1722841	49260	1
A_HP_52	17	Picture	response116	1724153	171	1	40148	1	0	40000	hit	90
A_HP_52	17	Pulse	99	1742838	18857	1
A_HP_52	17	Response	1	1747467	23485	1
A_HP_52	17	Pulse	99	1762838	38857	1
A_HP_52	18	Picture	response120	1774463	82	1	40149	1	0	40000	hit	94
A_HP_52	18	Pulse	99	1782838	8457	1
A_HP_52	18	Response	1	1790857	16476	1
A_HP_52	18	Pulse	99	1802838	28457	1
A_HP_52	18	Pulse	99	1822838	48457	1
A_HP_52	19	Picture	response115	1824940	159	1	40148	1	0	40000	incorrect	98
A_HP_52	19	Response	1	1842347	17565	1
A_HP_52	19	Pulse	99	1842838	18056	1
A_HP_52	19	Pulse	99	1862838	38057	1
A_HP_52	20	Picture	response119	1875251	70	1	40149	1	0	40000	hit	103
A_HP_52	20	Pulse	99	1882838	7657	1
A_HP_52	20	Response	1	1894937	19756	1
A_HP_52	20	Pulse	99	1902838	27657	1
A_HP_52	20	Pulse	99	1922838	47657	1
A_HP_52	21	Picture	response118	1925728	147	1	40149	1	0	40000	hit	108
A_HP_52	21	Pulse	99	1942838	17257	1
A_HP_52	21	Response	1	1943306	17725	1
A_HP_52	21	Pulse	99	1962838	37257	1
A_HP_52	22	Picture	response117	1976039	57	1	40148	1	0	40000	hit	112
A_HP_52	22	Pulse	99	1982838	6857	1
A_HP_52	22	Response	2	1998887	22906	1
A_HP_52	22	Pulse	99	2002838	26857	1
A_HP_52	22	Pulse	99	2022838	46857	1
A_HP_52	23	Picture	ins9	2026516	135	1	30153	1	0	30000	other	0
A_HP_52	23	Pulse	99	2042838	16457	1
A_HP_52	23	Pulse	99	2062838	36457	1
A_HP_52	23	Pulse	99	2082838	56457	1
A_HP_52	23	Pulse	99	2102838	76457	1
A_HP_52	23	Pulse	99	2122838	96457	1
A_HP_52	23	Pulse	99	2142838	116457	1
A_HP_52	23	Pulse	99	2162838	136457	1
A_HP_52	23	Pulse	99	2182838	156457	1
A_HP_52	23	Pulse	99	2202838	176457	1
A_HP_52	23	Pulse	99	2222838	196457	1
A_HP_52	23	Pulse	99	2242838	216457	1
A_HP_52	23	Pulse	99	2262838	236457	1
A_HP_52	23	Pulse	99	2282838	256457	1
A_HP_52	23	Pulse	99	2302838	276457	1
A_HP_52	23	Pulse	99	2322838	296457	1
A_HP_52	24	Response	3	2342838	6296	1
A_HP_52	24	Pulse	99	2342838	6296	1
A_HP_52	25	Picture	response71	2343372	191	1	40149	1	0	40000	hit	134
A_HP_52	25	Response	1	2355927	12746	1
A_HP_52	25	Pulse	99	2362839	19657	1
A_HP_52	25	Pulse	99	2382838	39657	1
A_HP_52	26	Picture	response72	2393683	102	1	40149	1	0	40000	hit	139
A_HP_52	26	Pulse	99	2402838	9257	1
A_HP_52	26	Response	1	2411847	18265	1
A_HP_52	26	Pulse	99	2422838	29257	1
A_HP_52	26	Pulse	99	2442838	49257	1
A_HP_52	27	Picture	response65	2444160	179	1	40149	1	0	40000	hit	144
A_HP_52	27	Pulse	99	2462838	18857	1
A_HP_52	27	Response	1	2473957	29976	1
A_HP_52	27	Pulse	99	2482838	38857	1
A_HP_52	28	Picture	response69	2494470	89	1	40148	1	0	40000	incorrect	148
A_HP_52	28	Pulse	99	2502838	8457	1
A_HP_52	28	Response	2	2505267	10885	1
A_HP_52	28	Pulse	99	2522838	28457	1
A_HP_52	28	Pulse	99	2542838	48457	1
A_HP_52	29	Picture	response67	2544948	166	1	40148	1	0	40000	hit	153
A_HP_52	29	Pulse	99	2562838	18057	1
A_HP_52	29	Response	2	2563326	18545	1
A_HP_52	29	Pulse	99	2582838	38057	1
A_HP_52	30	Picture	response68	2595258	77	1	40148	1	0	40000	hit	157
A_HP_52	30	Pulse	99	2602838	7657	1
A_HP_52	30	Response	2	2608977	13795	1
A_HP_52	30	Pulse	99	2622838	27657	1
A_HP_52	30	Pulse	99	2642838	47657	1
A_HP_52	31	Picture	response70	2645735	154	1	40148	1	0	40000	hit	162
A_HP_52	31	Pulse	99	2662758	17177	1
A_HP_52	31	Response	2	2665546	19965	1
A_HP_52	31	Pulse	99	2682838	37257	1
A_HP_52	32	Picture	response66	2696046	65	1	40148	1	0	40000	hit	166
A_HP_52	32	Pulse	99	2702838	6857	1
A_HP_52	32	Response	1	2721907	25926	1
A_HP_52	32	Pulse	99	2722758	26777	1
A_HP_52	32	Pulse	99	2742838	46857	1
A_HP_52	33	Picture	ins5	2746523	142	1	30153	1	0	30000	other	0
A_HP_52	33	Pulse	99	2762838	16457	1
A_HP_52	33	Pulse	99	2782758	36377	1
A_HP_52	33	Pulse	99	2802838	56457	1
A_HP_52	33	Pulse	99	2822838	76457	1
A_HP_52	33	Pulse	99	2842758	96377	1
A_HP_52	33	Pulse	99	2862838	116457	1
A_HP_52	33	Pulse	99	2882838	136457	1
A_HP_52	33	Pulse	99	2902758	156377	1
A_HP_52	33	Pulse	99	2922838	176457	1
A_HP_52	33	Pulse	99	2942838	196457	1
A_HP_52	33	Pulse	99	2962757	216376	1
A_HP_52	33	Pulse	99	2982838	236457	1
A_HP_52	33	Pulse	99	3002838	256457	1
A_HP_52	33	Pulse	99	3022838	276457	1
A_HP_52	33	Pulse	99	3042838	296457	1
A_HP_52	34	Response	3	3062839	6289	1
A_HP_52	34	Pulse	99	3062839	6289	1
A_HP_52	35	Picture	response33	3063379	198	1	40149	1	0	40000	hit	188
A_HP_52	35	Response	2	3079848	16667	1
A_HP_52	35	Pulse	99	3082838	19656	1
A_HP_52	35	Pulse	99	3102839	39657	1
A_HP_52	36	Picture	response39	3113690	109	1	40148	1	0	40000	hit	193
A_HP_52	36	Pulse	99	3122838	9257	1
A_HP_52	36	Response	2	3125338	11757	1
A_HP_52	36	Pulse	99	3142838	29256	1
A_HP_52	36	Pulse	99	3162838	49257	1
A_HP_52	37	Picture	response38	3164167	186	1	40149	1	0	40000	hit	197
A_HP_52	37	Response	2	3175727	11746	1
A_HP_52	37	Pulse	99	3182838	18857	1
A_HP_52	37	Pulse	99	3202838	38857	1
A_HP_52	38	Picture	response34	3214478	96	1	40148	1	0	40000	hit	202
A_HP_52	38	Pulse	99	3222758	8377	1
A_HP_52	38	Response	1	3223566	9185	1
A_HP_52	38	Pulse	99	3242838	28457	1
A_HP_52	38	Pulse	99	3262838	48457	1
A_HP_52	39	Picture	response35	3264955	174	1	40148	1	0	40000	hit	206
A_HP_52	39	Response	2	3275227	10445	1
A_HP_52	39	Pulse	99	3282758	17977	1
A_HP_52	39	Pulse	99	3302838	38057	1
A_HP_52	40	Picture	response37	3315265	84	1	40148	1	0	40000	hit	211
A_HP_52	40	Pulse	99	3322838	7657	1
A_HP_52	40	Response	1	3328167	12986	1
A_HP_52	40	Pulse	99	3342758	27577	1
A_HP_52	40	Pulse	99	3362838	47657	1
A_HP_52	41	Picture	response36	3365742	161	1	40148	1	0	40000	hit	215
A_HP_52	41	Response	1	3379857	14275	1
A_HP_52	41	Pulse	99	3382838	17257	1
A_HP_52	41	Pulse	99	3402757	37176	1
A_HP_52	42	Picture	response40	3416053	72	1	40148	1	0	40000	hit	220
A_HP_52	42	Pulse	99	3422838	6857	1
A_HP_52	42	Response	1	3426167	10185	1
A_HP_52	42	Pulse	99	3442838	26857	1
A_HP_52	42	Pulse	99	3462758	46777	1
A_HP_52	43	Picture	ins23	3466530	149	1	30153	1	0	30000	other	0
A_HP_52	43	Pulse	99	3482838	16457	1
A_HP_52	43	Pulse	99	3502838	36457	1
A_HP_52	43	Pulse	99	3522758	56377	1
A_HP_52	43	Pulse	99	3542838	76457	1
A_HP_52	43	Pulse	99	3562839	96458	1
A_HP_52	43	Pulse	99	3582758	116377	1
A_HP_52	43	Pulse	99	3602838	136457	1
A_HP_52	43	Pulse	99	3622838	156457	1
A_HP_52	43	Pulse	99	3642758	176377	1
A_HP_52	43	Pulse	99	3662838	196457	1
A_HP_52	43	Pulse	99	3682838	216457	1
A_HP_52	43	Pulse	99	3702757	236376	1
A_HP_52	43	Pulse	99	3722838	256457	1
A_HP_52	43	Pulse	99	3742838	276457	1
A_HP_52	43	Pulse	99	3762758	296377	1
A_HP_52	44	Response	3	3782838	6282	1
A_HP_52	44	Pulse	99	3782838	6282	1
A_HP_52	45	Picture	response180	3783220	39	1	40148	1	0	40000	incorrect	242
A_HP_52	45	Response	2	3802697	19515	1
A_HP_52	45	Pulse	99	3802838	19657	1
A_HP_52	45	Pulse	99	3822758	39577	1
A_HP_52	46	Picture	response182	3833697	116	1	40148	1	0	40000	hit	247
A_HP_52	46	Pulse	99	3842758	9177	1
A_HP_52	46	Response	1	3859357	25776	1
A_HP_52	46	Pulse	99	3862838	29256	1
A_HP_52	46	Pulse	99	3882758	49177	1
A_HP_52	47	Picture	response181	3884174	193	1	40148	1	0	40000	hit	252
A_HP_52	47	Pulse	99	3902758	18777	1
A_HP_52	47	Response	2	3917017	33036	1
A_HP_52	47	Pulse	99	3922838	38857	1
A_HP_52	48	Picture	response177	3934485	104	1	40149	1	0	40000	hit	256
A_HP_52	48	Pulse	99	3942758	8377	1
A_HP_52	48	Response	1	3953806	19425	1
A_HP_52	48	Pulse	99	3962758	28377	1
A_HP_52	48	Pulse	99	3982838	48457	1
A_HP_52	49	Picture	response178	3984962	181	1	40148	1	0	40000	hit	261
A_HP_52	49	Pulse	99	4002758	17977	1
A_HP_52	49	Response	1	4008207	23426	1
A_HP_52	49	Pulse	99	4022758	37977	1
A_HP_52	50	Picture	response183	4035272	91	1	40149	1	0	40000	hit	265
A_HP_52	50	Pulse	99	4042838	7657	1
A_HP_52	50	Response	2	4053807	18625	1
A_HP_52	50	Pulse	99	4062758	27577	1
A_HP_52	50	Pulse	99	4082758	47577	1
A_HP_52	51	Picture	response184	4085749	168	1	40148	1	0	40000	hit	270
A_HP_52	51	Pulse	99	4102838	17257	1
A_HP_52	51	Response	1	4106347	20766	1
A_HP_52	51	Pulse	99	4122758	37176	1
A_HP_52	52	Picture	response179	4136060	79	1	40148	1	0	40000	hit	275
A_HP_52	52	Pulse	99	4142758	6777	1
A_HP_52	52	Pulse	99	4162838	26857	1
A_HP_52	52	Response	1	4163356	27375	1
A_HP_52	52	Pulse	99	4182758	46777	1
A_HP_52	53	Picture	ins7	4186537	156	1	30153	1	0	30000	other	0
A_HP_52	53	Pulse	99	4202758	16377	1
A_HP_52	53	Pulse	99	4222838	36457	1
A_HP_52	53	Pulse	99	4242758	56377	1
A_HP_52	53	Pulse	99	4262758	76377	1
A_HP_52	53	Pulse	99	4282838	96457	1
A_HP_52	53	Pulse	99	4302758	116377	1
A_HP_52	53	Pulse	99	4322758	136377	1
A_HP_52	53	Pulse	99	4342838	156457	1
A_HP_52	53	Pulse	99	4362758	176377	1
A_HP_52	53	Pulse	99	4382758	196377	1
A_HP_52	53	Pulse	99	4402838	216457	1
A_HP_52	53	Pulse	99	4422758	236377	1
A_HP_52	53	Pulse	99	4442758	256377	1
A_HP_52	53	Pulse	99	4462758	276377	1
A_HP_52	53	Pulse	99	4482838	296457	1
A_HP_52	54	Response	3	4502758	6195	1
A_HP_52	54	Pulse	99	4502758	6195	1
A_HP_52	55	Picture	response51	4503227	46	1	40148	1	0	40000	hit	297
A_HP_52	55	Pulse	99	4522758	19577	1
A_HP_52	55	Response	1	4524396	21215	1
A_HP_52	55	Pulse	99	4542838	39657	1
A_HP_52	56	Picture	response56	4553704	123	1	40148	1	0	40000	hit	301
A_HP_52	56	Pulse	99	4562758	9177	1
A_HP_52	56	Response	2	4563426	9845	1
A_HP_52	56	Pulse	99	4582758	29177	1
A_HP_52	56	Pulse	99	4602838	49257	1
A_HP_52	57	Picture	response49	4604181	200	1	40148	1	0	40000	hit	306
A_HP_52	57	Pulse	99	4622758	18777	1
A_HP_52	57	Response	2	4624087	20106	1
A_HP_52	57	Pulse	99	4642757	38776	1
A_HP_52	58	Picture	response55	4654492	111	1	40148	1	0	40000	hit	310
A_HP_52	58	Pulse	99	4662838	8457	1
A_HP_52	58	Response	2	4664896	10515	1
A_HP_52	58	Pulse	99	4682758	28377	1
A_HP_52	58	Pulse	99	4702758	48377	1
A_HP_52	59	Picture	response50	4704969	188	1	40148	1	0	40000	hit	314
A_HP_52	59	Response	2	4715827	11046	1
A_HP_52	59	Pulse	99	4722838	18057	1
A_HP_52	59	Pulse	99	4742758	37977	1
A_HP_52	60	Picture	response52	4755279	98	1	40149	1	0	40000	hit	319
A_HP_52	60	Pulse	99	4762757	7576	1
A_HP_52	60	Response	2	4768947	13766	1
A_HP_52	60	Pulse	99	4782838	27657	1
A_HP_52	60	Pulse	99	4802758	47577	1
A_HP_52	61	Picture	response53	4805757	175	1	40148	1	0	40000	hit	323
A_HP_52	61	Response	1	4818787	13206	1
A_HP_52	61	Pulse	99	4822758	17176	1
A_HP_52	61	Pulse	99	4842838	37257	1
A_HP_52	62	Picture	response54	4856067	86	1	40148	1	0	40000	hit	328
A_HP_52	62	Pulse	99	4862758	6777	1
A_HP_52	62	Response	1	4869346	13365	1
A_HP_52	62	Pulse	99	4882757	26776	1
A_HP_52	62	Pulse	99	4902837	46857	1
A_HP_52	63	Picture	ins17	4906544	163	1	30153	1	0	30000	other	0
A_HP_52	63	Pulse	99	4922758	16377	1
A_HP_52	63	Pulse	99	4942758	36377	1
A_HP_52	63	Pulse	99	4962838	56457	1
A_HP_52	63	Pulse	99	4982758	76377	1
A_HP_52	63	Pulse	99	5002758	96377	1
A_HP_52	63	Pulse	99	5022838	116457	1
A_HP_52	63	Pulse	99	5042758	136377	1
A_HP_52	63	Pulse	99	5062758	156377	1
A_HP_52	63	Pulse	99	5082758	176377	1
A_HP_52	63	Pulse	99	5102758	196377	1
A_HP_52	63	Pulse	99	5122758	216377	1
A_HP_52	63	Pulse	99	5142758	236377	1
A_HP_52	63	Pulse	99	5162758	256377	1
A_HP_52	63	Pulse	99	5182758	276377	1
A_HP_52	63	Pulse	99	5202758	296377	1
A_HP_52	64	Response	3	5222758	6188	1
A_HP_52	64	Pulse	99	5222758	6188	1
A_HP_52	65	Picture	response131	5223234	53	1	40148	1	0	40000	hit	351
A_HP_52	65	Pulse	99	5242758	19577	1
A_HP_52	65	Response	1	5245376	22195	1
A_HP_52	65	Pulse	99	5262758	39577	1
A_HP_52	66	Picture	response130	5273711	130	1	40148	1	0	40000	hit	355
A_HP_52	66	Pulse	99	5282758	9177	1
A_HP_52	66	Response	2	5291857	18276	1
A_HP_52	66	Pulse	99	5302758	29177	1
A_HP_52	66	Pulse	99	5322758	49177	1
A_HP_52	67	Picture	response129	5324188	207	1	40148	1	0	40000	hit	360
A_HP_52	67	Pulse	99	5342758	18777	1
A_HP_52	67	Response	1	5346387	22406	1
A_HP_52	67	Pulse	99	5362758	38777	1
A_HP_52	68	Picture	response136	5374499	118	1	40148	1	0	40000	hit	364
A_HP_52	68	Pulse	99	5382758	8377	1
A_HP_52	68	Response	1	5400526	26145	1
A_HP_52	68	Pulse	99	5402758	28377	1
A_HP_52	68	Pulse	99	5422758	48377	1
A_HP_52	69	Picture	response134	5424976	195	1	40148	1	0	40000	hit	369
A_HP_52	69	Pulse	99	5442758	17977	1
A_HP_52	69	Response	2	5452636	27855	1
A_HP_52	69	Pulse	99	5462758	37977	1
A_HP_52	70	Picture	response135	5475287	106	1	40148	1	0	40000	hit	373
A_HP_52	70	Pulse	99	5482758	7577	1
A_HP_52	70	Response	2	5496957	21776	1
A_HP_52	70	Pulse	99	5502758	27577	1
A_HP_52	70	Pulse	99	5522758	47577	1
A_HP_52	71	Picture	response132	5525764	183	1	40148	1	0	40000	incorrect	377
A_HP_52	71	Response	1	5540486	14905	1
A_HP_52	71	Pulse	99	5542758	17177	1
A_HP_52	71	Pulse	99	5562758	37177	1
A_HP_52	72	Picture	response133	5576074	93	1	40148	1	0	40000	incorrect	383
A_HP_52	72	Pulse	99	5582758	6777	1
A_HP_52	72	Pulse	99	5602758	26777	1
A_HP_52	72	Response	2	5617357	41376	1
A_HP_52	72	Pulse	99	5622758	46777	1
A_HP_52	73	Picture	ins3	5626551	171	1	30153	1	0	30000	other	0
A_HP_52	73	Pulse	99	5642758	16377	1
A_HP_52	73	Pulse	99	5662758	36377	1
A_HP_52	73	Pulse	99	5682758	56377	1
A_HP_52	73	Pulse	99	5702758	76377	1
A_HP_52	73	Pulse	99	5722758	96377	1
A_HP_52	73	Pulse	99	5742758	116377	1
A_HP_52	73	Pulse	99	5762757	136376	1
A_HP_52	73	Pulse	99	5782757	156377	1
A_HP_52	73	Pulse	99	5802758	176377	1
A_HP_52	73	Pulse	99	5822757	196376	1
A_HP_52	73	Pulse	99	5842758	216377	1
A_HP_52	73	Pulse	99	5862758	236377	1
A_HP_52	73	Pulse	99	5882757	256377	1
A_HP_52	73	Pulse	99	5902758	276377	1
A_HP_52	73	Pulse	99	5922758	296377	1
A_HP_52	74	Response	3	5942757	6180	1
A_HP_52	74	Pulse	99	5942757	6180	1
A_HP_52	75	Picture	response20	5943241	60	1	40148	1	0	40000	hit	404
A_HP_52	75	Response	2	5953506	10325	1
A_HP_52	75	Pulse	99	5962758	19577	1
A_HP_52	75	Pulse	99	5982758	39577	1
A_HP_52	76	Picture	response23	5993718	137	1	40148	1	0	40000	hit	409
A_HP_52	76	Pulse	99	6002757	9176	1
A_HP_52	76	Response	2	6005447	11866	1
A_HP_52	76	Pulse	99	6022758	29177	1
A_HP_52	76	Pulse	99	6042757	49176	1
A_HP_52	77	Picture	response24	6044029	48	1	40148	1	0	40000	hit	413
A_HP_52	77	Response	2	6055256	11275	1
A_HP_52	77	Pulse	99	6062758	18777	1
A_HP_52	77	Pulse	99	6082757	38776	1
A_HP_52	78	Picture	response19	6094506	125	1	40149	1	0	40000	hit	418
A_HP_52	78	Pulse	99	6102757	8376	1
A_HP_52	78	Response	2	6105876	11495	1
A_HP_52	78	Pulse	99	6122758	28377	1
A_HP_52	78	Pulse	99	6142757	48376	1
A_HP_52	79	Picture	response22	6144817	36	1	40149	1	0	40000	hit	422
A_HP_52	79	Response	1	6155626	10846	1
A_HP_52	79	Pulse	99	6162758	17977	1
A_HP_52	79	Pulse	99	6182758	37977	1
A_HP_52	80	Picture	response17	6195294	113	1	40149	1	0	40000	hit	427
A_HP_52	80	Pulse	99	6202757	7576	1
A_HP_52	80	Response	2	6206057	10876	1
A_HP_52	80	Pulse	99	6222757	27576	1
A_HP_52	80	Pulse	99	6242758	47577	1
A_HP_52	81	Picture	response18	6245771	190	1	40149	1	0	40000	hit	431
A_HP_52	81	Response	2	6254666	9085	1
A_HP_52	81	Pulse	99	6262758	17177	1
A_HP_52	81	Pulse	99	6282758	37177	1
A_HP_52	82	Picture	response21	6296081	100	1	40149	1	0	40000	hit	436
A_HP_52	82	Pulse	99	6302758	6777	1
A_HP_52	82	Response	1	6305616	9636	1
A_HP_52	82	Pulse	99	6322758	26777	1
A_HP_52	82	Pulse	99	6342757	46777	1
A_HP_52	83	Picture	ins13	6346559	178	1	30153	1	0	30000	other	0
A_HP_52	83	Pulse	99	6362758	16377	1
A_HP_52	83	Pulse	99	6382758	36377	1
A_HP_52	83	Pulse	99	6402758	56377	1
A_HP_52	83	Pulse	99	6422758	76377	1
A_HP_52	83	Pulse	99	6442757	96376	1
A_HP_52	83	Pulse	99	6462758	116377	1
A_HP_52	83	Pulse	99	6482758	136377	1
A_HP_52	83	Pulse	99	6502758	156377	1
A_HP_52	83	Pulse	99	6522758	176377	1
A_HP_52	83	Pulse	99	6542758	196377	1
A_HP_52	83	Pulse	99	6562758	216377	1
A_HP_52	83	Pulse	99	6582758	236377	1
A_HP_52	83	Pulse	99	6602757	256376	1
A_HP_52	83	Pulse	99	6622758	276377	1
A_HP_52	83	Pulse	99	6642758	296377	1
A_HP_52	84	Response	3	6662758	6339	1
A_HP_52	84	Pulse	99	6662758	6339	1
A_HP_52	85	Picture	response104	6663248	168	1	40148	1	0	40000	hit	458
A_HP_52	85	Response	2	6678186	15105	1
A_HP_52	85	Pulse	99	6682757	19677	1
A_HP_52	85	Pulse	99	6702758	39677	1
A_HP_52	86	Picture	response102	6713725	245	1	40149	1	0	40000	hit	463
A_HP_52	86	Pulse	99	6722757	9277	1
A_HP_52	86	Response	1	6731106	17625	1
A_HP_52	86	Pulse	99	6742757	29276	1
A_HP_52	86	Pulse	99	6762758	49277	1
A_HP_52	87	Picture	response103	6764036	155	1	40148	1	0	40000	hit	467
A_HP_52	87	Response	1	6781307	17426	1
A_HP_52	87	Pulse	99	6782758	18877	1
A_HP_52	87	Pulse	99	6802758	38877	1
A_HP_52	88	Picture	response99	6814513	232	1	40148	1	0	40000	hit	472
A_HP_52	88	Pulse	99	6822758	8477	1
A_HP_52	88	Response	2	6827936	13655	1
A_HP_52	88	Pulse	99	6842758	28477	1
A_HP_52	88	Pulse	99	6862758	48477	1
A_HP_52	89	Picture	response97	6864824	143	1	40148	1	0	40000	hit	477
A_HP_52	89	Pulse	99	6882758	18077	1
A_HP_52	89	Response	1	6883336	18655	1
A_HP_52	89	Pulse	99	6902758	38077	1
A_HP_52	90	Picture	response101	6915301	220	1	40148	1	0	40000	hit	481
A_HP_52	90	Pulse	99	6922758	7677	1
A_HP_52	90	Response	1	6926957	11876	1
A_HP_52	90	Pulse	99	6942757	27676	1
A_HP_52	90	Pulse	99	6962758	47677	1
A_HP_52	91	Picture	response98	6965611	131	1	40148	1	0	40000	hit	486
A_HP_52	91	Pulse	99	6982757	17277	1
A_HP_52	91	Response	2	6991106	25626	1
A_HP_52	91	Pulse	99	7002758	37277	1
A_HP_52	92	Picture	response100	7016089	208	1	40148	1	0	40000	hit	490
A_HP_52	92	Pulse	99	7022758	6877	1
A_HP_52	92	Response	2	7034497	18616	1
A_HP_52	92	Pulse	99	7042758	26877	1
A_HP_52	92	Pulse	99	7062758	46877	1
A_HP_52	93	Picture	ins11	7066399	118	1	30153	1	0	30000	other	0
A_HP_52	93	Pulse	99	7082758	16477	1
A_HP_52	93	Pulse	99	7102758	36477	1
A_HP_52	93	Pulse	99	7122758	56477	1
A_HP_52	93	Pulse	99	7142758	76477	1
A_HP_52	93	Pulse	99	7162758	96477	1
A_HP_52	93	Pulse	99	7182757	116477	1
A_HP_52	93	Pulse	99	7202758	136477	1
A_HP_52	93	Pulse	99	7222758	156477	1
A_HP_52	93	Pulse	99	7242758	176477	1
A_HP_52	93	Pulse	99	7262759	196478	1
A_HP_52	93	Pulse	99	7282758	216477	1
A_HP_52	93	Pulse	99	7302758	236477	1
A_HP_52	93	Pulse	99	7322757	256476	1
A_HP_52	93	Pulse	99	7342758	276477	1
A_HP_52	93	Pulse	99	7362758	296477	1
A_HP_52	94	Response	3	7382758	6332	1
A_HP_52	94	Pulse	99	7382758	6332	1
A_HP_52	95	Picture	response85	7383256	75	1	40148	1	0	40000	hit	513
A_HP_52	95	Pulse	99	7402757	19576	1
A_HP_52	95	Response	2	7411196	28015	1
A_HP_52	95	Pulse	99	7422757	39577	1
A_HP_52	96	Picture	response84	7433733	152	1	40149	1	0	40000	hit	517
A_HP_52	96	Pulse	99	7442758	9177	1
A_HP_52	96	Response	1	7443676	10095	1
A_HP_52	96	Pulse	99	7462758	29177	1
A_HP_52	96	Pulse	99	7482757	49177	1
A_HP_52	97	Picture	response86	7484210	229	1	40149	1	0	40000	hit	522
A_HP_52	97	Pulse	99	7502758	18777	1
A_HP_52	97	Response	1	7515346	31365	1
A_HP_52	97	Pulse	99	7522758	38777	1
A_HP_52	98	Picture	response88	7534520	139	1	40148	1	0	40000	hit	526
A_HP_52	98	Pulse	99	7542757	8376	1
A_HP_52	98	Response	2	7550366	15985	1
A_HP_52	98	Pulse	99	7562757	28377	1
A_HP_52	98	Pulse	99	7582757	48377	1
A_HP_52	99	Picture	response83	7584997	216	1	40149	1	0	40000	hit	530
A_HP_52	99	Response	1	7601416	16636	1
A_HP_52	99	Pulse	99	7602758	17977	1
A_HP_52	99	Pulse	99	7622757	37977	1
A_HP_52	100	Picture	response82	7635308	127	1	40148	1	0	40000	hit	535
A_HP_52	100	Pulse	99	7642758	7577	1
A_HP_52	100	Response	2	7654156	18976	1
A_HP_52	100	Pulse	99	7662757	27577	1
A_HP_52	100	Pulse	99	7682758	47577	1
A_HP_52	101	Picture	response87	7685785	204	1	40148	1	0	40000	hit	539
A_HP_52	101	Response	1	7696186	10605	1
A_HP_52	101	Pulse	99	7702758	17177	1
A_HP_52	101	Pulse	99	7722757	37176	1
A_HP_52	102	Picture	response81	7736096	115	1	40148	1	0	40000	hit	544
A_HP_52	102	Pulse	99	7742758	6777	1
A_HP_52	102	Response	2	7753516	17536	1
A_HP_52	102	Pulse	99	7762757	26777	1
A_HP_52	102	Pulse	99	7782758	46777	1
A_HP_52	103	Picture	ins19	7786573	192	1	30153	1	0	30000	other	0
A_HP_52	103	Pulse	99	7802757	16376	1
A_HP_52	103	Pulse	99	7822758	36377	1
A_HP_52	103	Pulse	99	7842757	56377	1
A_HP_52	103	Pulse	99	7862757	76376	1
A_HP_52	103	Pulse	99	7882758	96377	1
A_HP_52	103	Pulse	99	7902758	116377	1
A_HP_52	103	Pulse	99	7922758	136377	1
A_HP_52	103	Pulse	99	7942758	156377	1
A_HP_52	103	Pulse	99	7962758	176377	1
A_HP_52	103	Pulse	99	7982757	196376	1
A_HP_52	103	Pulse	99	8002757	216376	1
A_HP_52	103	Pulse	99	8022757	236376	1
A_HP_52	103	Pulse	99	8042758	256377	1
A_HP_52	103	Pulse	99	8062758	276377	1
A_HP_52	103	Pulse	99	8082758	296377	1
A_HP_52	104	Response	3	8102758	6325	1
A_HP_52	104	Pulse	99	8102758	6325	1
A_HP_52	105	Picture	response151	8103263	82	1	40148	1	0	40000	hit	567
A_HP_52	105	Pulse	99	8122757	19577	1
A_HP_52	105	Response	1	8124316	21135	1
A_HP_52	105	Pulse	99	8142757	39576	1
A_HP_52	106	Picture	response148	8153740	159	1	40149	1	0	40000	hit	572
A_HP_52	106	Pulse	99	8162757	9176	1
A_HP_52	106	Pulse	99	8182757	29177	1
A_HP_52	106	Response	1	8185106	31525	1
A_HP_52	106	Pulse	99	8202758	49177	1
A_HP_52	107	Picture	response145	8204217	236	1	40149	1	0	40000	hit	576
A_HP_52	107	Pulse	99	8222757	18776	1
A_HP_52	107	Response	1	8233357	29376	1
A_HP_52	107	Pulse	99	8242758	38777	1
A_HP_52	108	Picture	response149	8254527	147	1	40148	1	0	40000	hit	580
A_HP_52	108	Pulse	99	8262757	8377	1
A_HP_52	108	Response	1	8264946	10565	1
A_HP_52	108	Pulse	99	8282758	28377	1
A_HP_52	108	Pulse	99	8302757	48377	1
A_HP_52	109	Picture	response152	8304838	57	1	40149	1	0	40000	hit	586
A_HP_52	109	Pulse	99	8322758	17977	1
A_HP_52	109	Pulse	99	8342757	37976	1
A_HP_52	109	Response	1	8342775	37995	1
A_HP_52	110	Picture	response146	8355315	134	1	40149	1	0	40000	hit	589
A_HP_52	110	Pulse	99	8362758	7577	1
A_HP_52	110	Response	1	8375176	19995	1
A_HP_52	110	Pulse	99	8382757	27577	1
A_HP_52	110	Pulse	99	8402757	47577	1
A_HP_52	111	Picture	response147	8405626	45	1	40148	1	0	40000	hit	594
A_HP_52	111	Pulse	99	8422757	17177	1
A_HP_52	111	Response	2	8424616	19035	1
A_HP_52	111	Pulse	99	8442758	37177	1
A_HP_52	112	Picture	response150	8456102	122	1	40149	1	0	40000	hit	598
A_HP_52	112	Pulse	99	8462757	6777	1
A_HP_52	112	Response	2	8481776	25796	1
A_HP_52	112	Pulse	99	8482757	26777	1
A_HP_52	112	Pulse	99	8502758	46777	1
A_HP_52	113	Picture	ins1	8506413	33	1	30153	1	0	30000	other	0
A_HP_52	113	Pulse	99	8522757	16377	1
A_HP_52	113	Pulse	99	8542758	36377	1
A_HP_52	113	Pulse	99	8562757	56377	1
A_HP_52	113	Pulse	99	8582757	76376	1
A_HP_52	113	Pulse	99	8602758	96377	1
A_HP_52	113	Pulse	99	8622677	116297	1
A_HP_52	113	Pulse	99	8642757	136377	1
A_HP_52	113	Pulse	99	8662758	156377	1
A_HP_52	113	Pulse	99	8682677	176297	1
A_HP_52	113	Pulse	99	8702757	196377	1
A_HP_52	113	Pulse	99	8722758	216377	1
A_HP_52	113	Pulse	99	8742677	236297	1
A_HP_52	113	Pulse	99	8762757	256377	1
A_HP_52	113	Pulse	99	8782758	276377	1
A_HP_52	113	Pulse	99	8802677	296297	1
A_HP_52	114	Response	3	8822757	6317	1
A_HP_52	114	Pulse	99	8822757	6317	1
A_HP_52	115	Picture	response5	8823270	89	1	40148	1	0	40000	hit	620
A_HP_52	115	Response	2	8840856	17676	1
A_HP_52	115	Pulse	99	8842757	19576	1
A_HP_52	115	Pulse	99	8862758	39577	1
A_HP_52	116	Picture	response4	8873747	166	1	40148	1	0	40000	hit	625
A_HP_52	116	Pulse	99	8882757	9176	1
A_HP_52	116	Response	1	8892506	18926	1
A_HP_52	116	Pulse	99	8902757	29176	1
A_HP_52	116	Pulse	99	8922758	49177	1
A_HP_52	117	Picture	response6	8924058	77	1	40148	1	0	40000	incorrect	629
A_HP_52	117	Response	1	8933176	9196	1
A_HP_52	117	Pulse	99	8942758	18777	1
A_HP_52	117	Pulse	99	8962757	38776	1
A_HP_52	118	Picture	response2	8974535	154	1	40148	1	0	40000	hit	634
A_HP_52	118	Pulse	99	8982757	8377	1
A_HP_52	118	Response	1	8992326	17946	1
A_HP_52	118	Pulse	99	9002757	28377	1
A_HP_52	118	Pulse	99	9022757	48377	1
A_HP_52	119	Picture	response3	9025012	231	1	40148	1	0	40000	hit	639
A_HP_52	119	Pulse	99	9042757	17977	1
A_HP_52	119	Response	2	9051386	26606	1
A_HP_52	119	Pulse	99	9062757	37977	1
A_HP_52	120	Picture	response7	9075322	142	1	40148	1	0	40000	hit	643
A_HP_52	120	Pulse	99	9082758	7577	1
A_HP_52	120	Response	2	9089136	13956	1
A_HP_52	120	Pulse	99	9102758	27577	1
A_HP_52	120	Pulse	99	9122758	47577	1
A_HP_52	121	Picture	response1	9125633	52	1	40149	1	0	40000	hit	647
A_HP_52	121	Response	2	9140296	14715	1
A_HP_52	121	Pulse	99	9142757	17176	1
A_HP_52	121	Pulse	99	9162757	37177	1
A_HP_52	122	Picture	response8	9176110	129	1	40149	1	0	40000	hit	652
A_HP_52	122	Pulse	99	9182757	6777	1
A_HP_52	122	Response	2	9185406	9425	1
A_HP_52	122	Pulse	99	9202758	26777	1
A_HP_52	122	Pulse	99	9222757	46777	1
A_HP_52	123	Picture	thanks	9226087	0	1	10162	1	0	10000	other	0
A_HP_52	123	Pulse	99	9242677	16590	1


Event Type	Code	Type	Response	RT	RT Uncertainty	Time	Uncertainty	Duration	Uncertainty	ReqTime	ReqDur

Picture	ready	other				523030	1	10162	1	0	10000
Picture	ins21	other				583503	1	30153	1	0	30000
Picture	response163	hit	2	21299	2	903358	1	40148	1	0	40000
Picture	response165	hit	2	22469	2	953668	1	40148	1	0	40000
Picture	response161	hit	1	20101	2	1004146	1	40148	1	0	40000
Picture	response166	hit	1	28301	2	1054456	1	40149	1	0	40000
Picture	response167	hit	2	18393	2	1104933	1	40149	1	0	40000
Picture	response164	hit	1	22263	2	1155244	1	40148	1	0	40000
Picture	response168	hit	2	17285	2	1205721	1	40148	1	0	40000
Picture	response162	hit	1	18575	2	1256031	1	40149	1	0	40000
Picture	ins15	other				1306509	1	30153	1	0	30000
Picture	response114	hit	2	20952	2	1623365	1	40148	1	0	40000
Picture	response113	hit	2	18751	2	1673676	1	40148	1	0	40000
Picture	response116	hit	1	23314	2	1724153	1	40148	1	0	40000
Picture	response120	hit	1	16394	2	1774463	1	40149	1	0	40000
Picture	response115	incorrect	1	17406	2	1824940	1	40148	1	0	40000
Picture	response119	hit	1	19686	2	1875251	1	40149	1	0	40000
Picture	response118	hit	1	17578	2	1925728	1	40149	1	0	40000
Picture	response117	hit	2	22848	2	1976039	1	40148	1	0	40000
Picture	ins9	other				2026516	1	30153	1	0	30000
Picture	response71	hit	1	12555	2	2343372	1	40149	1	0	40000
Picture	response72	hit	1	18164	2	2393683	1	40149	1	0	40000
Picture	response65	hit	1	29797	2	2444160	1	40149	1	0	40000
Picture	response69	incorrect	2	10796	2	2494470	1	40148	1	0	40000
Picture	response67	hit	2	18378	2	2544948	1	40148	1	0	40000
Picture	response68	hit	2	13719	2	2595258	1	40148	1	0	40000
Picture	response70	hit	2	19811	2	2645735	1	40148	1	0	40000
Picture	response66	hit	1	25861	2	2696046	1	40148	1	0	40000
Picture	ins5	other				2746523	1	30153	1	0	30000
Picture	response33	hit	2	16468	2	3063379	1	40149	1	0	40000
Picture	response39	hit	2	11648	2	3113690	1	40148	1	0	40000
Picture	response38	hit	2	11560	2	3164167	1	40149	1	0	40000
Picture	response34	hit	1	9089	2	3214478	1	40148	1	0	40000
Picture	response35	hit	2	10272	2	3264955	1	40148	1	0	40000
Picture	response37	hit	1	12902	2	3315265	1	40148	1	0	40000
Picture	response36	hit	1	14114	2	3365742	1	40148	1	0	40000
Picture	response40	hit	1	10114	2	3416053	1	40148	1	0	40000
Picture	ins23	other				3466530	1	30153	1	0	30000
Picture	response180	incorrect	2	19477	2	3783220	1	40148	1	0	40000
Picture	response182	hit	1	25660	2	3833697	1	40148	1	0	40000
Picture	response181	hit	2	32843	2	3884174	1	40148	1	0	40000
Picture	response177	hit	1	19322	2	3934485	1	40149	1	0	40000
Picture	response178	hit	1	23245	2	3984962	1	40148	1	0	40000
Picture	response183	hit	2	18534	2	4035272	1	40149	1	0	40000
Picture	response184	hit	1	20597	2	4085749	1	40148	1	0	40000
Picture	response179	hit	1	27296	2	4136060	1	40148	1	0	40000
Picture	ins7	other				4186537	1	30153	1	0	30000
Picture	response51	hit	1	21169	2	4503227	1	40148	1	0	40000
Picture	response56	hit	2	9722	2	4553704	1	40148	1	0	40000
Picture	response49	hit	2	19905	2	4604181	1	40148	1	0	40000
Picture	response55	hit	2	10404	2	4654492	1	40148	1	0	40000
Picture	response50	hit	2	10858	2	4704969	1	40148	1	0	40000
Picture	response52	hit	2	13667	2	4755279	1	40149	1	0	40000
Picture	response53	hit	1	13030	2	4805757	1	40148	1	0	40000
Picture	response54	hit	1	13279	2	4856067	1	40148	1	0	40000
Picture	ins17	other				4906544	1	30153	1	0	30000
Picture	response131	hit	1	22142	2	5223234	1	40148	1	0	40000
Picture	response130	hit	2	18146	2	5273711	1	40148	1	0	40000
Picture	response129	hit	1	22198	2	5324188	1	40148	1	0	40000
Picture	response136	hit	1	26027	2	5374499	1	40148	1	0	40000
Picture	response134	hit	2	27660	2	5424976	1	40148	1	0	40000
Picture	response135	hit	2	21670	2	5475287	1	40148	1	0	40000
Picture	response132	incorrect	1	14723	2	5525764	1	40148	1	0	40000
Picture	response133	incorrect	2	41283	2	5576074	1	40148	1	0	40000
Picture	ins3	other				5626551	1	30153	1	0	30000
Picture	response20	hit	2	10265	2	5943241	1	40148	1	0	40000
Picture	response23	hit	2	11729	2	5993718	1	40148	1	0	40000
Picture	response24	hit	2	11227	2	6044029	1	40148	1	0	40000
Picture	response19	hit	2	11370	2	6094506	1	40149	1	0	40000
Picture	response22	hit	1	10810	2	6144817	1	40149	1	0	40000
Picture	response17	hit	2	10763	2	6195294	1	40149	1	0	40000
Picture	response18	hit	2	8896	2	6245771	1	40149	1	0	40000
Picture	response21	hit	1	9535	2	6296081	1	40149	1	0	40000
Picture	ins13	other				6346559	1	30153	1	0	30000
Picture	response104	hit	2	14938	2	6663248	1	40148	1	0	40000
Picture	response102	hit	1	17381	2	6713725	1	40149	1	0	40000
Picture	response103	hit	1	17271	2	6764036	1	40148	1	0	40000
Picture	response99	hit	2	13423	2	6814513	1	40148	1	0	40000
Picture	response97	hit	1	18512	2	6864824	1	40148	1	0	40000
Picture	response101	hit	1	11656	2	6915301	1	40148	1	0	40000
Picture	response98	hit	2	25495	2	6965611	1	40148	1	0	40000
Picture	response100	hit	2	18408	2	7016089	1	40148	1	0	40000
Picture	ins11	other				7066399	1	30153	1	0	30000
Picture	response85	hit	2	27941	2	7383256	1	40148	1	0	40000
Picture	response84	hit	1	9944	2	7433733	1	40149	1	0	40000
Picture	response86	hit	1	31136	2	7484210	1	40149	1	0	40000
Picture	response88	hit	2	15846	2	7534520	1	40148	1	0	40000
Picture	response83	hit	1	16419	2	7584997	1	40149	1	0	40000
Picture	response82	hit	2	18848	2	7635308	1	40148	1	0	40000
Picture	response87	hit	1	10401	2	7685785	1	40148	1	0	40000
Picture	response81	hit	2	17421	2	7736096	1	40148	1	0	40000
Picture	ins19	other				7786573	1	30153	1	0	30000
Picture	response151	hit	1	21053	2	8103263	1	40148	1	0	40000
Picture	response148	hit	1	31366	2	8153740	1	40149	1	0	40000
Picture	response145	hit	1	29140	2	8204217	1	40149	1	0	40000
Picture	response149	hit	1	10419	2	8254527	1	40148	1	0	40000
Picture	response152	hit	1	37937	2	8304838	1	40149	1	0	40000
Picture	response146	hit	1	19861	2	8355315	1	40149	1	0	40000
Picture	response147	hit	2	18990	2	8405626	1	40148	1	0	40000
Picture	response150	hit	2	25674	2	8456102	1	40149	1	0	40000
Picture	ins1	other				8506413	1	30153	1	0	30000
Picture	response5	hit	2	17586	2	8823270	1	40148	1	0	40000
Picture	response4	hit	1	18759	2	8873747	1	40148	1	0	40000
Picture	response6	incorrect	1	9119	2	8924058	1	40148	1	0	40000
Picture	response2	hit	1	17792	2	8974535	1	40148	1	0	40000
Picture	response3	hit	2	26375	2	9025012	1	40148	1	0	40000
Picture	response7	hit	2	13814	2	9075322	1	40148	1	0	40000
Picture	response1	hit	2	14664	2	9125633	1	40149	1	0	40000
Picture	response8	hit	2	9296	2	9176110	1	40149	1	0	40000
Picture	thanks	other				9226087	1	10162	1	0	10000


{
   "app": "Presentation Version 21.1 Build 09.05.19",
   "device": "LENOVO 20FBCTO1WW",
   "experiment": "{A2FC4E2A-B401-4E65-9CA9-5B09E294C871}",
   "os": "Windows 10 64 bit",
   "package": "",
   "parameters": {
      "configuration": "Default configuration"
   },
   "scenario": "Dimension experiment(1).sce",
   "subject": "A_HP_52",
   "timestamp": "2020/02/20 07:20:48 GMT"
}
