Scenario - 
Logfile written - 12/19/2019 09:36:21

Subject	Trial	Event Type	Code	Time	TTime	Uncertainty	Duration	Uncertainty	ReqTime	ReqDur	Stim Type	Pair Index

A_HP_38	1	Response	3	566313	565314	1
A_HP_38	1	Pulse	99	566313	565314	1
A_HP_38	2	Picture	ready	566410	0	1	10162	1	0	10000	other	0
A_HP_38	2	Pulse	99	586313	19903	1
A_HP_38	2	Pulse	99	606232	39822	1
A_HP_38	2	Pulse	99	626313	59903	1
A_HP_38	3	Picture	ins5	626883	64	1	30153	1	0	30000	other	0
A_HP_38	3	Pulse	99	646313	19494	1
A_HP_38	3	Pulse	99	666233	39414	1
A_HP_38	3	Pulse	99	686312	59494	1
A_HP_38	3	Pulse	99	706312	79494	1
A_HP_38	3	Pulse	99	726233	99414	1
A_HP_38	3	Pulse	99	746313	119494	1
A_HP_38	3	Pulse	99	766313	139494	1
A_HP_38	3	Pulse	99	786232	159414	1
A_HP_38	3	Pulse	99	806312	179494	1
A_HP_38	3	Pulse	99	826312	199494	1
A_HP_38	3	Pulse	99	846233	219414	1
A_HP_38	3	Pulse	99	866313	239494	1
A_HP_38	3	Pulse	99	886313	259494	1
A_HP_38	3	Pulse	99	906233	279414	1
A_HP_38	3	Pulse	99	926313	299494	1
A_HP_38	4	Response	3	946312	9403	1
A_HP_38	4	Pulse	99	946312	9403	1
A_HP_38	5	Picture	response34	946905	186	1	40149	1	0	40000	hit	26
A_HP_38	5	Response	1	964411	17692	1
A_HP_38	5	Pulse	99	966233	19514	1
A_HP_38	5	Pulse	99	986313	39594	1
A_HP_38	6	Picture	response38	997215	96	1	40149	1	0	40000	hit	30
A_HP_38	6	Response	2	1004252	7133	1
A_HP_38	6	Pulse	99	1006313	9194	1
A_HP_38	6	Pulse	99	1026233	29114	1
A_HP_38	6	Pulse	99	1046313	49194	1
A_HP_38	7	Picture	response33	1047692	173	1	40148	1	0	40000	hit	35
A_HP_38	7	Response	2	1056681	9162	1
A_HP_38	7	Pulse	99	1066313	18793	1
A_HP_38	7	Pulse	99	1086233	38714	1
A_HP_38	8	Picture	response36	1098003	84	1	40148	1	0	40000	hit	39
A_HP_38	8	Response	1	1104771	6852	1
A_HP_38	8	Pulse	99	1106312	8393	1
A_HP_38	8	Pulse	99	1126313	28394	1
A_HP_38	8	Pulse	99	1146233	48314	1
A_HP_38	9	Picture	response40	1148480	161	1	40149	1	0	40000	hit	44
A_HP_38	9	Response	1	1158412	10093	1
A_HP_38	9	Pulse	99	1166313	17994	1
A_HP_38	9	Pulse	99	1186313	37994	1
A_HP_38	10	Picture	response37	1198791	72	1	40148	1	0	40000	hit	48
A_HP_38	10	Response	1	1206201	7482	1
A_HP_38	10	Pulse	99	1206232	7513	1
A_HP_38	10	Pulse	99	1226313	27594	1
A_HP_38	10	Pulse	99	1246313	47593	1
A_HP_38	11	Picture	response39	1249268	149	1	40148	1	0	40000	hit	53
A_HP_38	11	Response	2	1257352	8233	1
A_HP_38	11	Pulse	99	1266233	17114	1
A_HP_38	11	Pulse	99	1286313	37194	1
A_HP_38	12	Picture	response35	1299578	59	1	40148	1	0	40000	hit	58
A_HP_38	12	Pulse	99	1306313	6794	1
A_HP_38	12	Response	2	1308632	9112	1
A_HP_38	12	Pulse	99	1326233	26714	1
A_HP_38	12	Pulse	99	1346313	46794	1
A_HP_38	13	Picture	ins1	1350056	137	1	30153	1	0	30000	other	0
A_HP_38	13	Pulse	99	1366313	16394	1
A_HP_38	13	Pulse	99	1386233	36314	1
A_HP_38	13	Pulse	99	1406313	56394	1
A_HP_38	13	Pulse	99	1426313	76394	1
A_HP_38	13	Pulse	99	1446233	96314	1
A_HP_38	13	Pulse	99	1466313	116394	1
A_HP_38	13	Pulse	99	1486313	136394	1
A_HP_38	13	Pulse	99	1506233	156314	1
A_HP_38	13	Pulse	99	1526313	176394	1
A_HP_38	13	Pulse	99	1546313	196394	1
A_HP_38	13	Pulse	99	1566233	216314	1
A_HP_38	13	Pulse	99	1586313	236394	1
A_HP_38	13	Pulse	99	1606314	256394	1
A_HP_38	13	Pulse	99	1626233	276314	1
A_HP_38	13	Pulse	99	1646313	296394	1
A_HP_38	14	Response	3	1666313	6231	1
A_HP_38	14	Pulse	99	1666313	6231	1
A_HP_38	15	Picture	response5	1666912	193	1	40148	1	0	40000	hit	80
A_HP_38	15	Response	2	1682312	15593	1
A_HP_38	15	Pulse	99	1686233	19514	1
A_HP_38	15	Pulse	99	1706233	39514	1
A_HP_38	16	Picture	response3	1717223	104	1	40148	1	0	40000	hit	85
A_HP_38	16	Pulse	99	1726313	9194	1
A_HP_38	16	Response	2	1732102	14982	1
A_HP_38	16	Pulse	99	1746233	29114	1
A_HP_38	16	Pulse	99	1766233	49114	1
A_HP_38	17	Picture	response6	1767700	181	1	40149	1	0	40000	hit	89
A_HP_38	17	Response	2	1785572	18052	1
A_HP_38	17	Pulse	99	1786313	18794	1
A_HP_38	17	Pulse	99	1806233	38714	1
A_HP_38	18	Picture	response8	1818011	91	1	40148	1	0	40000	hit	94
A_HP_38	18	Pulse	99	1826233	8314	1
A_HP_38	18	Response	2	1830422	12502	1
A_HP_38	18	Pulse	99	1846313	28394	1
A_HP_38	18	Pulse	99	1866233	48314	1
A_HP_38	19	Picture	response1	1868488	168	1	40149	1	0	40000	hit	98
A_HP_38	19	Response	2	1882832	14512	1
A_HP_38	19	Pulse	99	1886233	17914	1
A_HP_38	19	Pulse	99	1906313	37994	1
A_HP_38	20	Picture	response2	1918798	79	1	40148	1	0	40000	hit	103
A_HP_38	20	Pulse	99	1926233	7514	1
A_HP_38	20	Response	1	1938882	20162	1
A_HP_38	20	Pulse	99	1946233	27514	1
A_HP_38	20	Pulse	99	1966313	47594	1
A_HP_38	21	Picture	response4	1969275	156	1	40149	1	0	40000	hit	108
A_HP_38	21	Pulse	99	1986233	17114	1
A_HP_38	21	Response	1	1997662	28543	1
A_HP_38	21	Pulse	99	2006233	37114	1
A_HP_38	22	Picture	response7	2019586	67	1	40149	1	0	40000	hit	112
A_HP_38	22	Pulse	99	2026313	6794	1
A_HP_38	22	Response	2	2037222	17702	1
A_HP_38	22	Pulse	99	2046233	26714	1
A_HP_38	22	Pulse	99	2066233	46714	1
A_HP_38	23	Picture	ins17	2070063	144	1	30153	1	0	30000	other	0
A_HP_38	23	Pulse	99	2086313	16394	1
A_HP_38	23	Pulse	99	2106233	36314	1
A_HP_38	23	Pulse	99	2126235	56315	1
A_HP_38	23	Pulse	99	2146313	76394	1
A_HP_38	23	Pulse	99	2166233	96314	1
A_HP_38	23	Pulse	99	2186233	116314	1
A_HP_38	23	Pulse	99	2206313	136394	1
A_HP_38	23	Pulse	99	2226233	156314	1
A_HP_38	23	Pulse	99	2246234	176314	1
A_HP_38	23	Pulse	99	2266314	196394	1
A_HP_38	23	Pulse	99	2286234	216314	1
A_HP_38	23	Pulse	99	2306233	236314	1
A_HP_38	23	Pulse	99	2326313	256394	1
A_HP_38	23	Pulse	99	2346233	276314	1
A_HP_38	23	Pulse	99	2366233	296314	1
A_HP_38	24	Response	3	2386313	6224	1
A_HP_38	24	Pulse	99	2386313	6224	1
A_HP_38	25	Picture	response136	2386920	200	1	40149	1	0	40000	incorrect	135
A_HP_38	25	Pulse	99	2406234	19514	1
A_HP_38	25	Response	2	2421132	34413	1
A_HP_38	25	Pulse	99	2426234	39514	1
A_HP_38	26	Picture	response129	2437230	111	1	40148	1	0	40000	hit	140
A_HP_38	26	Pulse	99	2446313	9194	1
A_HP_38	26	Pulse	99	2466234	29114	1
A_HP_38	26	Response	1	2480952	43832	1
A_HP_38	26	Pulse	99	2486233	49114	1
A_HP_38	27	Picture	response134	2487708	188	1	40149	1	0	40000	hit	145
A_HP_38	27	Pulse	99	2506313	18794	1
A_HP_38	27	Pulse	99	2526234	38714	1
A_HP_38	27	Response	2	2527772	40253	1
A_HP_38	28	Picture	response133	2538018	98	1	40148	1	0	40000	incorrect	149
A_HP_38	28	Pulse	99	2546233	8314	1
A_HP_38	28	Pulse	99	2566313	28394	1
A_HP_38	28	Response	2	2574462	36543	1
A_HP_38	28	Pulse	99	2586234	48314	1
A_HP_38	29	Picture	response130	2588495	176	1	40149	1	0	40000	incorrect	153
A_HP_38	29	Pulse	99	2606234	17914	1
A_HP_38	29	Response	1	2617722	29403	1
A_HP_38	29	Pulse	99	2626313	37994	1
A_HP_38	30	Picture	response132	2638806	86	1	40148	1	0	40000	hit	158
A_HP_38	30	Pulse	99	2646234	7514	1
A_HP_38	30	Pulse	99	2666234	27514	1
A_HP_38	30	Response	2	2677722	39002	1
A_HP_38	30	Pulse	99	2686314	47594	1
A_HP_38	31	Picture	response135	2689283	163	1	40148	1	0	40000	hit	162
A_HP_38	31	Pulse	99	2706234	17114	1
A_HP_38	31	Response	2	2723362	34243	1
A_HP_38	31	Pulse	99	2726233	37114	1
A_HP_38	32	Picture	response131	2739594	74	1	40149	1	0	40000	hit	167
A_HP_38	32	Pulse	99	2746314	6794	1
A_HP_38	32	Pulse	99	2766234	26714	1
A_HP_38	32	Response	1	2770932	31412	1
A_HP_38	32	Pulse	99	2786234	46714	1
A_HP_38	33	Picture	ins7	2790070	151	1	30153	1	0	30000	other	0
A_HP_38	33	Pulse	99	2806314	16394	1
A_HP_38	33	Pulse	99	2826234	36314	1
A_HP_38	33	Pulse	99	2846234	56314	1
A_HP_38	33	Pulse	99	2866234	76314	1
A_HP_38	33	Pulse	99	2886234	96314	1
A_HP_38	33	Pulse	99	2906234	116314	1
A_HP_38	33	Pulse	99	2926234	136314	1
A_HP_38	33	Pulse	99	2946234	156314	1
A_HP_38	33	Pulse	99	2966234	176314	1
A_HP_38	33	Pulse	99	2986234	196314	1
A_HP_38	33	Pulse	99	3006234	216314	1
A_HP_38	33	Pulse	99	3026234	236314	1
A_HP_38	33	Pulse	99	3046234	256314	1
A_HP_38	33	Pulse	99	3066234	276314	1
A_HP_38	33	Pulse	99	3086234	296314	1
A_HP_38	34	Response	3	3106234	6137	1
A_HP_38	34	Pulse	99	3106234	6137	1
A_HP_38	35	Picture	response49	3106761	141	1	40149	1	0	40000	hit	188
A_HP_38	35	Response	2	3120503	13883	1
A_HP_38	35	Pulse	99	3126234	19614	1
A_HP_38	35	Pulse	99	3146234	39614	1
A_HP_38	36	Picture	response50	3157071	51	1	40148	1	0	40000	hit	193
A_HP_38	36	Pulse	99	3166234	9214	1
A_HP_38	36	Response	2	3168393	11372	1
A_HP_38	36	Pulse	99	3186234	29214	1
A_HP_38	36	Pulse	99	3206236	49216	1
A_HP_38	37	Picture	response52	3207549	128	1	40148	1	0	40000	hit	198
A_HP_38	37	Pulse	99	3226234	18814	1
A_HP_38	37	Response	2	3236093	28673	1
A_HP_38	37	Pulse	99	3246234	38814	1
A_HP_38	38	Picture	response54	3258026	206	1	40148	1	0	40000	hit	202
A_HP_38	38	Pulse	99	3266234	8414	1
A_HP_38	38	Response	1	3271183	13363	1
A_HP_38	38	Pulse	99	3286234	28414	1
A_HP_38	38	Pulse	99	3306234	48414	1
A_HP_38	39	Picture	response53	3308336	116	1	40148	1	0	40000	hit	207
A_HP_38	39	Pulse	99	3326234	18014	1
A_HP_38	39	Response	1	3333233	25012	1
A_HP_38	39	Pulse	99	3346234	38014	1
A_HP_38	40	Picture	response51	3358813	193	1	40148	1	0	40000	hit	211
A_HP_38	40	Pulse	99	3366234	7614	1
A_HP_38	40	Response	1	3376183	17562	1
A_HP_38	40	Pulse	99	3386234	27614	1
A_HP_38	40	Pulse	99	3406234	47614	1
A_HP_38	41	Picture	response56	3409124	104	1	40149	1	0	40000	hit	216
A_HP_38	41	Pulse	99	3426234	17214	1
A_HP_38	41	Response	2	3428833	19813	1
A_HP_38	41	Pulse	99	3446234	37214	1
A_HP_38	42	Picture	response55	3459601	181	1	40148	1	0	40000	miss	0
A_HP_38	42	Pulse	99	3466234	6814	1
A_HP_38	42	Pulse	99	3486234	26814	1
A_HP_38	42	Pulse	99	3506234	46814	1
A_HP_38	43	Picture	ins9	3509912	92	1	30153	1	0	30000	other	0
A_HP_38	43	Pulse	99	3526234	16414	1
A_HP_38	43	Pulse	99	3546234	36414	1
A_HP_38	43	Pulse	99	3566234	56414	1
A_HP_38	43	Pulse	99	3586234	76414	1
A_HP_38	43	Pulse	99	3606234	96414	1
A_HP_38	43	Pulse	99	3626234	116414	1
A_HP_38	43	Pulse	99	3646234	136414	1
A_HP_38	43	Pulse	99	3666234	156414	1
A_HP_38	43	Pulse	99	3686234	176414	1
A_HP_38	43	Pulse	99	3706234	196414	1
A_HP_38	43	Pulse	99	3726234	216414	1
A_HP_38	43	Pulse	99	3746234	236414	1
A_HP_38	43	Pulse	99	3766234	256414	1
A_HP_38	43	Pulse	99	3786234	276414	1
A_HP_38	43	Pulse	99	3806234	296414	1
A_HP_38	44	Response	3	3826234	6296	1
A_HP_38	44	Pulse	99	3826234	6296	1
A_HP_38	45	Picture	response65	3826768	148	1	40149	1	0	40000	hit	243
A_HP_38	45	Pulse	99	3846234	19614	1
A_HP_38	45	Pulse	99	3866234	39614	1
A_HP_38	45	Response	1	3866282	39662	1
A_HP_38	46	Picture	response67	3877079	58	1	40148	1	0	40000	hit	246
A_HP_38	46	Pulse	99	3886234	9214	1
A_HP_38	46	Response	2	3900163	23142	1
A_HP_38	46	Pulse	99	3906234	29214	1
A_HP_38	46	Pulse	99	3926235	49214	1
A_HP_38	47	Picture	response71	3927556	136	1	40148	1	0	40000	hit	250
A_HP_38	47	Response	1	3944053	16633	1
A_HP_38	47	Pulse	99	3946234	18814	1
A_HP_38	47	Pulse	99	3966234	38814	1
A_HP_38	48	Picture	response70	3977867	46	1	40149	1	0	40000	hit	256
A_HP_38	48	Pulse	99	3986235	8414	1
A_HP_38	48	Pulse	99	4006235	28414	1
A_HP_38	48	Response	2	4007883	30063	1
A_HP_38	48	Pulse	99	4026234	48414	1
A_HP_38	49	Picture	response72	4028344	123	1	40149	1	0	40000	incorrect	260
A_HP_38	49	Pulse	99	4046234	18014	1
A_HP_38	49	Response	2	4050903	22682	1
A_HP_38	49	Pulse	99	4066234	38014	1
A_HP_38	50	Picture	response66	4078821	200	1	40148	1	0	40000	miss	0
A_HP_38	50	Pulse	99	4086235	7614	1
A_HP_38	50	Pulse	99	4106234	27614	1
A_HP_38	50	Pulse	99	4126234	47614	1
A_HP_38	51	Picture	response69	4129132	111	1	40148	1	0	40000	incorrect	268
A_HP_38	51	Pulse	99	4146235	17214	1
A_HP_38	51	Response	2	4166033	37013	1
A_HP_38	51	Pulse	99	4166234	37213	1
A_HP_38	52	Picture	response68	4179609	188	1	40149	1	0	40000	hit	272
A_HP_38	52	Pulse	99	4186234	6814	1
A_HP_38	52	Response	2	4198513	19093	1
A_HP_38	52	Pulse	99	4206234	26814	1
A_HP_38	52	Pulse	99	4226234	46814	1
A_HP_38	53	Picture	ins3	4229919	99	1	30153	1	0	30000	other	0
A_HP_38	53	Pulse	99	4246234	16414	1
A_HP_38	53	Pulse	99	4266234	36414	1
A_HP_38	53	Pulse	99	4286234	56414	1
A_HP_38	53	Pulse	99	4306234	76414	1
A_HP_38	53	Pulse	99	4326234	96414	1
A_HP_38	53	Pulse	99	4346234	116414	1
A_HP_38	53	Pulse	99	4366235	136414	1
A_HP_38	53	Pulse	99	4386235	156414	1
A_HP_38	53	Pulse	99	4406235	176414	1
A_HP_38	53	Pulse	99	4426235	196414	1
A_HP_38	53	Pulse	99	4446235	216414	1
A_HP_38	53	Pulse	99	4466235	236414	1
A_HP_38	53	Pulse	99	4486234	256414	1
A_HP_38	53	Pulse	99	4506235	276414	1
A_HP_38	53	Pulse	99	4526235	296414	1
A_HP_38	54	Response	3	4546235	6289	1
A_HP_38	54	Pulse	99	4546235	6289	1
A_HP_38	55	Picture	response23	4546776	155	1	40148	1	0	40000	hit	295
A_HP_38	55	Pulse	99	4566235	19614	1
A_HP_38	55	Response	2	4572473	25852	1
A_HP_38	55	Pulse	99	4586235	39614	1
A_HP_38	56	Picture	response24	4597087	66	1	40149	1	0	40000	hit	300
A_HP_38	56	Pulse	99	4606235	9214	1
A_HP_38	56	Pulse	99	4626235	29214	1
A_HP_38	56	Response	2	4629883	32862	1
A_HP_38	56	Pulse	99	4646235	49214	1
A_HP_38	57	Picture	response21	4647564	143	1	40148	1	0	40000	hit	303
A_HP_38	57	Response	1	4661454	14033	1
A_HP_38	57	Pulse	99	4666235	18814	1
A_HP_38	57	Pulse	99	4686235	38814	1
A_HP_38	58	Picture	response19	4697874	53	1	40148	1	0	40000	hit	308
A_HP_38	58	Pulse	99	4706235	8414	1
A_HP_38	58	Response	2	4708694	10873	1
A_HP_38	58	Pulse	99	4726235	28414	1
A_HP_38	58	Pulse	99	4746235	48414	1
A_HP_38	59	Picture	response22	4748351	130	1	40149	1	0	40000	hit	312
A_HP_38	59	Response	1	4756074	7853	1
A_HP_38	59	Pulse	99	4766235	18014	1
A_HP_38	59	Pulse	99	4786235	38014	1
A_HP_38	60	Picture	response17	4798662	41	1	40148	1	0	40000	hit	316
A_HP_38	60	Response	2	4805893	7272	1
A_HP_38	60	Pulse	99	4806234	7613	1
A_HP_38	60	Pulse	99	4826235	27614	1
A_HP_38	60	Pulse	99	4846235	47614	1
A_HP_38	61	Picture	response20	4849139	118	1	40149	1	0	40000	hit	321
A_HP_38	61	Response	2	4857664	8643	1
A_HP_38	61	Pulse	99	4866235	17214	1
A_HP_38	61	Pulse	99	4886235	37214	1
A_HP_38	62	Picture	response18	4899616	195	1	40149	1	0	40000	hit	326
A_HP_38	62	Pulse	99	4906235	6813	1
A_HP_38	62	Response	2	4907444	8022	1
A_HP_38	62	Pulse	99	4926235	26814	1
A_HP_38	62	Pulse	99	4946235	46814	1
A_HP_38	63	Picture	ins19	4949927	106	1	30153	1	0	30000	other	0
A_HP_38	63	Pulse	99	4966235	16414	1
A_HP_38	63	Pulse	99	4986235	36414	1
A_HP_38	63	Pulse	99	5006235	56414	1
A_HP_38	63	Pulse	99	5026235	76414	1
A_HP_38	63	Pulse	99	5046235	96414	1
A_HP_38	63	Pulse	99	5066235	116414	1
A_HP_38	63	Pulse	99	5086235	136414	1
A_HP_38	63	Pulse	99	5106235	156414	1
A_HP_38	63	Pulse	99	5126235	176414	1
A_HP_38	63	Pulse	99	5146235	196414	1
A_HP_38	63	Pulse	99	5166235	216414	1
A_HP_38	63	Pulse	99	5186235	236414	1
A_HP_38	63	Pulse	99	5206235	256414	1
A_HP_38	63	Pulse	99	5226235	276414	1
A_HP_38	63	Pulse	99	5246235	296414	1
A_HP_38	64	Response	3	5266235	6282	1
A_HP_38	64	Pulse	99	5266235	6282	1
A_HP_38	65	Picture	response149	5266784	162	1	40149	1	0	40000	hit	349
A_HP_38	65	Pulse	99	5286236	19614	1
A_HP_38	65	Response	1	5303694	37072	1
A_HP_38	65	Pulse	99	5306235	39613	1
A_HP_38	66	Picture	response145	5317094	73	1	40149	1	0	40000	hit	354
A_HP_38	66	Pulse	99	5326235	9214	1
A_HP_38	66	Pulse	99	5346235	29214	1
A_HP_38	66	Response	1	5355074	38052	1
A_HP_38	66	Pulse	99	5366235	49214	1
A_HP_38	67	Picture	response146	5367571	150	1	40149	1	0	40000	hit	358
A_HP_38	67	Pulse	99	5386235	18814	1
A_HP_38	67	Response	1	5394504	27083	1
A_HP_38	67	Pulse	99	5406235	38814	1
A_HP_38	68	Picture	response148	5417882	61	1	40148	1	0	40000	hit	362
A_HP_38	68	Pulse	99	5426235	8414	1
A_HP_38	68	Response	1	5438354	20533	1
A_HP_38	68	Pulse	99	5446235	28414	1
A_HP_38	68	Pulse	99	5466235	48414	1
A_HP_38	69	Picture	response147	5468359	138	1	40148	1	0	40000	hit	367
A_HP_38	69	Pulse	99	5486235	18014	1
A_HP_38	69	Response	2	5499644	31423	1
A_HP_38	69	Pulse	99	5506235	38014	1
A_HP_38	70	Picture	response151	5518670	48	1	40148	1	0	40000	hit	371
A_HP_38	70	Pulse	99	5526235	7614	1
A_HP_38	70	Response	1	5540234	21613	1
A_HP_38	70	Pulse	99	5546235	27614	1
A_HP_38	70	Pulse	99	5566235	47614	1
A_HP_38	71	Picture	response150	5569147	125	1	40148	1	0	40000	hit	376
A_HP_38	71	Pulse	99	5586235	17214	1
A_HP_38	71	Response	2	5599654	30633	1
A_HP_38	71	Pulse	99	5606235	37214	1
A_HP_38	72	Picture	response152	5619624	202	1	40148	1	0	40000	hit	381
A_HP_38	72	Pulse	99	5626235	6814	1
A_HP_38	72	Pulse	99	5646235	26814	1
A_HP_38	72	Response	1	5662614	43193	1
A_HP_38	72	Pulse	99	5666235	46814	1
A_HP_38	73	Picture	ins21	5669935	113	1	30153	1	0	30000	other	0
A_HP_38	73	Pulse	99	5686235	16414	1
A_HP_38	73	Pulse	99	5706236	36414	1
A_HP_38	73	Pulse	99	5726235	56414	1
A_HP_38	73	Pulse	99	5746235	76414	1
A_HP_38	73	Pulse	99	5766235	96414	1
A_HP_38	73	Pulse	99	5786235	116414	1
A_HP_38	73	Pulse	99	5806235	136414	1
A_HP_38	73	Pulse	99	5826235	156414	1
A_HP_38	73	Pulse	99	5846236	176415	1
A_HP_38	73	Pulse	99	5866235	196414	1
A_HP_38	73	Pulse	99	5886235	216414	1
A_HP_38	73	Pulse	99	5906235	236414	1
A_HP_38	73	Pulse	99	5926235	256414	1
A_HP_38	73	Pulse	99	5946235	276414	1
A_HP_38	73	Pulse	99	5966235	296414	1
A_HP_38	74	Response	3	5986236	6275	1
A_HP_38	74	Pulse	99	5986236	6275	1
A_HP_38	75	Picture	response168	5986791	170	1	40149	1	0	40000	hit	403
A_HP_38	75	Pulse	99	6006235	19614	1
A_HP_38	75	Response	2	6013834	27213	1
A_HP_38	75	Pulse	99	6026235	39614	1
A_HP_38	76	Picture	response166	6037102	80	1	40148	1	0	40000	hit	408
A_HP_38	76	Pulse	99	6046235	9214	1
A_HP_38	76	Pulse	99	6066235	29214	1
A_HP_38	76	Response	1	6066814	29792	1
A_HP_38	76	Pulse	99	6086235	49214	1
A_HP_38	77	Picture	response165	6087579	157	1	40149	1	0	40000	hit	412
A_HP_38	77	Pulse	99	6106236	18814	1
A_HP_38	77	Response	2	6125824	38402	1
A_HP_38	77	Pulse	99	6126236	38814	1
A_HP_38	78	Picture	response161	6137890	68	1	40148	1	0	40000	incorrect	416
A_HP_38	78	Pulse	99	6146236	8414	1
A_HP_38	78	Response	2	6152565	14743	1
A_HP_38	78	Pulse	99	6166236	28414	1
A_HP_38	78	Pulse	99	6186235	48414	1
A_HP_38	79	Picture	response167	6188367	145	1	40148	1	0	40000	miss	0
A_HP_38	79	Pulse	99	6206236	18014	1
A_HP_38	79	Pulse	99	6226236	38014	1
A_HP_38	80	Picture	response163	6238677	55	1	40148	1	0	40000	hit	424
A_HP_38	80	Pulse	99	6246236	7614	1
A_HP_38	80	Response	2	6265014	26392	1
A_HP_38	80	Pulse	99	6266236	27614	1
A_HP_38	80	Pulse	99	6286236	47614	1
A_HP_38	81	Picture	response164	6289154	133	1	40149	1	0	40000	hit	430
A_HP_38	81	Pulse	99	6306236	17214	1
A_HP_38	81	Pulse	99	6326236	37214	1
A_HP_38	81	Response	1	6327554	38532	1
A_HP_38	82	Picture	response162	6339465	43	1	40149	1	0	40000	incorrect	434
A_HP_38	82	Pulse	99	6346236	6814	1
A_HP_38	82	Pulse	99	6366236	26814	1
A_HP_38	82	Response	2	6371284	31862	1
A_HP_38	82	Pulse	99	6386236	46814	1
A_HP_38	83	Picture	ins11	6389942	120	1	30153	1	0	30000	other	0
A_HP_38	83	Pulse	99	6406236	16414	1
A_HP_38	83	Pulse	99	6426236	36414	1
A_HP_38	83	Pulse	99	6446236	56414	1
A_HP_38	83	Pulse	99	6466236	76414	1
A_HP_38	83	Pulse	99	6486236	96414	1
A_HP_38	83	Pulse	99	6506236	116414	1
A_HP_38	83	Pulse	99	6526235	136414	1
A_HP_38	83	Pulse	99	6546236	156414	1
A_HP_38	83	Pulse	99	6566236	176414	1
A_HP_38	83	Pulse	99	6586236	196414	1
A_HP_38	83	Pulse	99	6606236	216414	1
A_HP_38	83	Pulse	99	6626236	236414	1
A_HP_38	83	Pulse	99	6646236	256414	1
A_HP_38	83	Pulse	99	6666156	276334	1
A_HP_38	83	Pulse	99	6686236	296414	1
A_HP_38	84	Response	3	6706236	6267	1
A_HP_38	84	Pulse	99	6706236	6267	1
A_HP_38	85	Picture	response87	6706799	177	1	40148	1	0	40000	incorrect	456
A_HP_38	85	Pulse	99	6726156	19534	1
A_HP_38	85	Response	2	6733665	27042	1
A_HP_38	85	Pulse	99	6746236	39614	1
A_HP_38	86	Picture	response81	6757109	87	1	40148	1	0	40000	hit	460
A_HP_38	86	Pulse	99	6766236	9214	1
A_HP_38	86	Response	2	6774915	17893	1
A_HP_38	86	Pulse	99	6786156	29134	1
A_HP_38	86	Pulse	99	6806236	49214	1
A_HP_38	87	Picture	response88	6807587	164	1	40149	1	0	40000	hit	465
A_HP_38	87	Pulse	99	6826236	18814	1
A_HP_38	87	Response	2	6842405	34983	1
A_HP_38	87	Pulse	99	6846156	38734	1
A_HP_38	88	Picture	response83	6857897	75	1	40149	1	0	40000	hit	469
A_HP_38	88	Pulse	99	6866236	8414	1
A_HP_38	88	Response	1	6877005	19183	1
A_HP_38	88	Pulse	99	6886236	28414	1
A_HP_38	88	Pulse	99	6906156	48334	1
A_HP_38	89	Picture	response82	6908374	152	1	40148	1	0	40000	hit	474
A_HP_38	89	Pulse	99	6926236	18014	1
A_HP_38	89	Response	2	6933025	24802	1
A_HP_38	89	Pulse	99	6946236	38014	1
A_HP_38	90	Picture	response85	6958685	63	1	40149	1	0	40000	hit	478
A_HP_38	90	Pulse	99	6966156	7534	1
A_HP_38	90	Response	2	6981195	22573	1
A_HP_38	90	Pulse	99	6986236	27614	1
A_HP_38	90	Pulse	99	7006236	47614	1
A_HP_38	91	Picture	response86	7009162	140	1	40148	1	0	40000	hit	483
A_HP_38	91	Pulse	99	7026156	17134	1
A_HP_38	91	Response	1	7037535	28513	1
A_HP_38	91	Pulse	99	7046236	37214	1
A_HP_38	92	Picture	response84	7059473	50	1	40148	1	0	40000	hit	487
A_HP_38	92	Pulse	99	7066236	6814	1
A_HP_38	92	Response	1	7078145	18722	1
A_HP_38	92	Pulse	99	7086156	26734	1
A_HP_38	92	Pulse	99	7106236	46814	1
A_HP_38	93	Picture	ins13	7109950	127	1	30153	1	0	30000	other	0
A_HP_38	93	Pulse	99	7126236	16414	1
A_HP_38	93	Pulse	99	7146157	36335	1
A_HP_38	93	Pulse	99	7166236	56414	1
A_HP_38	93	Pulse	99	7186236	76414	1
A_HP_38	93	Pulse	99	7206156	96334	1
A_HP_38	93	Pulse	99	7226236	116414	1
A_HP_38	93	Pulse	99	7246236	136413	1
A_HP_38	93	Pulse	99	7266156	156334	1
A_HP_38	93	Pulse	99	7286236	176414	1
A_HP_38	93	Pulse	99	7306236	196414	1
A_HP_38	93	Pulse	99	7326156	216334	1
A_HP_38	93	Pulse	99	7346236	236414	1
A_HP_38	93	Pulse	99	7366236	256414	1
A_HP_38	93	Pulse	99	7386156	276334	1
A_HP_38	93	Pulse	99	7406237	296414	1
A_HP_38	94	Response	3	7426236	6260	1
A_HP_38	94	Pulse	99	7426236	6260	1
A_HP_38	95	Picture	response97	7426806	184	1	40148	1	0	40000	hit	510
A_HP_38	95	Pulse	99	7446156	19534	1
A_HP_38	95	Response	1	7456495	29872	1
A_HP_38	95	Pulse	99	7466157	39534	1
A_HP_38	96	Picture	response102	7477117	94	1	40148	1	0	40000	hit	513
A_HP_38	96	Response	1	7484025	7002	1
A_HP_38	96	Pulse	99	7486236	9214	1
A_HP_38	96	Pulse	99	7506156	29134	1
A_HP_38	96	Pulse	99	7526156	49134	1
A_HP_38	97	Picture	response103	7527594	172	1	40148	1	0	40000	hit	518
A_HP_38	97	Response	1	7539665	12243	1
A_HP_38	97	Pulse	99	7546236	18814	1
A_HP_38	97	Pulse	99	7566156	38734	1
A_HP_38	98	Picture	response101	7577905	82	1	40148	1	0	40000	hit	523
A_HP_38	98	Pulse	99	7586156	8334	1
A_HP_38	98	Response	1	7598756	20933	1
A_HP_38	98	Pulse	99	7606236	28414	1
A_HP_38	98	Pulse	99	7626156	48334	1
A_HP_38	99	Picture	response98	7628382	159	1	40149	1	0	40000	hit	527
A_HP_38	99	Response	2	7643935	15712	1
A_HP_38	99	Pulse	99	7646156	17933	1
A_HP_38	99	Pulse	99	7666236	38014	1
A_HP_38	100	Picture	response99	7678692	70	1	40148	1	0	40000	hit	532
A_HP_38	100	Pulse	99	7686157	7534	1
A_HP_38	100	Response	2	7703815	25193	1
A_HP_38	100	Pulse	99	7706156	27533	1
A_HP_38	100	Pulse	99	7726236	47614	1
A_HP_38	101	Picture	response100	7729170	147	1	40148	1	0	40000	hit	536
A_HP_38	101	Response	2	7737895	8872	1
A_HP_38	101	Pulse	99	7746157	17134	1
A_HP_38	101	Pulse	99	7766156	37134	1
A_HP_38	102	Picture	response104	7779480	58	1	40148	1	0	40000	hit	541
A_HP_38	102	Pulse	99	7786236	6814	1
A_HP_38	102	Response	2	7795595	16173	1
A_HP_38	102	Pulse	99	7806156	26734	1
A_HP_38	102	Pulse	99	7826157	46734	1
A_HP_38	103	Picture	ins15	7829957	135	1	30153	1	0	30000	other	0
A_HP_38	103	Pulse	99	7846236	16414	1
A_HP_38	103	Pulse	99	7866157	36334	1
A_HP_38	103	Pulse	99	7886156	56334	1
A_HP_38	103	Pulse	99	7906236	76414	1
A_HP_38	103	Pulse	99	7926157	96334	1
A_HP_38	103	Pulse	99	7946157	116334	1
A_HP_38	103	Pulse	99	7966237	136414	1
A_HP_38	103	Pulse	99	7986157	156334	1
A_HP_38	103	Pulse	99	8006157	176334	1
A_HP_38	103	Pulse	99	8026237	196414	1
A_HP_38	103	Pulse	99	8046157	216334	1
A_HP_38	103	Pulse	99	8066156	236334	1
A_HP_38	103	Pulse	99	8086237	256414	1
A_HP_38	103	Pulse	99	8106156	276334	1
A_HP_38	103	Pulse	99	8126156	296334	1
A_HP_38	104	Response	3	8146236	6253	1
A_HP_38	104	Pulse	99	8146236	6253	1
A_HP_38	105	Picture	response117	8146814	191	1	40149	1	0	40000	hit	564
A_HP_38	105	Pulse	99	8166157	19534	1
A_HP_38	105	Response	2	8170995	24372	1
A_HP_38	105	Pulse	99	8186157	39534	1
A_HP_38	106	Picture	response119	8197125	102	1	40149	1	0	40000	incorrect	569
A_HP_38	106	Pulse	99	8206237	9214	1
A_HP_38	106	Pulse	99	8226157	29134	1
A_HP_38	106	Response	2	8228155	31132	1
A_HP_38	106	Pulse	99	8246157	49134	1
A_HP_38	107	Picture	response115	8247602	179	1	40149	1	0	40000	hit	572
A_HP_38	107	Response	2	8261626	14203	1
A_HP_38	107	Pulse	99	8266157	18734	1
A_HP_38	107	Pulse	99	8286157	38734	1
A_HP_38	108	Picture	response116	8297912	89	1	40149	1	0	40000	hit	577
A_HP_38	108	Pulse	99	8306157	8334	1
A_HP_38	108	Response	1	8316496	18673	1
A_HP_38	108	Pulse	99	8326157	28334	1
A_HP_38	108	Pulse	99	8346157	48334	1
A_HP_38	109	Picture	response120	8348389	166	1	40148	1	0	40000	incorrect	581
A_HP_38	109	Response	2	8363616	15393	1
A_HP_38	109	Pulse	99	8366157	17934	1
A_HP_38	109	Pulse	99	8386157	37934	1
A_HP_38	110	Picture	response118	8398700	77	1	40149	1	0	40000	hit	587
A_HP_38	110	Pulse	99	8406157	7534	1
A_HP_38	110	Pulse	99	8426157	27534	1
A_HP_38	110	Response	1	8436185	37562	1
A_HP_38	110	Pulse	99	8446157	47533	1
A_HP_38	111	Picture	response113	8449177	154	1	40149	1	0	40000	hit	590
A_HP_38	111	Response	2	8465556	16532	1
A_HP_38	111	Pulse	99	8466157	17133	1
A_HP_38	111	Pulse	99	8486157	37134	1
A_HP_38	112	Picture	response114	8499488	65	1	40148	1	0	40000	hit	596
A_HP_38	112	Pulse	99	8506157	6734	1
A_HP_38	112	Pulse	99	8526157	26734	1
A_HP_38	112	Response	2	8527025	27602	1
A_HP_38	112	Pulse	99	8546157	46733	1
A_HP_38	113	Picture	ins23	8549965	142	1	30153	1	0	30000	other	0
A_HP_38	113	Pulse	99	8566157	16334	1
A_HP_38	113	Pulse	99	8586157	36334	1
A_HP_38	113	Pulse	99	8606157	56334	1
A_HP_38	113	Pulse	99	8626157	76334	1
A_HP_38	113	Pulse	99	8646157	96334	1
A_HP_38	113	Pulse	99	8666157	116334	1
A_HP_38	113	Pulse	99	8686157	136334	1
A_HP_38	113	Pulse	99	8706157	156334	1
A_HP_38	113	Pulse	99	8726157	176334	1
A_HP_38	113	Pulse	99	8746157	196334	1
A_HP_38	113	Pulse	99	8766157	216334	1
A_HP_38	113	Pulse	99	8786157	236334	1
A_HP_38	113	Pulse	99	8806157	256334	1
A_HP_38	113	Pulse	99	8826237	276414	1
A_HP_38	113	Pulse	99	8846157	296334	1
A_HP_38	114	Response	3	8866158	6166	1
A_HP_38	114	Pulse	99	8866158	6166	1
A_HP_38	115	Picture	response184	8866655	132	1	40149	1	0	40000	hit	618
A_HP_38	115	Pulse	99	8886237	19714	1
A_HP_38	115	Response	1	8886415	19892	1
A_HP_38	115	Pulse	99	8906157	39634	1
A_HP_38	116	Picture	response182	8917132	209	1	40149	1	0	40000	incorrect	622
A_HP_38	116	Pulse	99	8926157	9234	1
A_HP_38	116	Response	2	8929646	12722	1
A_HP_38	116	Pulse	99	8946237	29314	1
A_HP_38	116	Pulse	99	8966157	49234	1
A_HP_38	117	Picture	response179	8967443	119	1	40149	1	0	40000	hit	628
A_HP_38	117	Pulse	99	8986157	18834	1
A_HP_38	117	Pulse	99	9006157	38834	1
A_HP_38	117	Response	1	9007065	39742	1
A_HP_38	118	Picture	response183	9017920	196	1	40148	1	0	40000	hit	631
A_HP_38	118	Pulse	99	9026157	8434	1
A_HP_38	118	Response	2	9030286	12562	1
A_HP_38	118	Pulse	99	9046157	28434	1
A_HP_38	118	Pulse	99	9066157	48434	1
A_HP_38	119	Picture	response177	9068230	107	1	40148	1	0	40000	incorrect	636
A_HP_38	119	Pulse	99	9086157	18034	1
A_HP_38	119	Response	2	9091716	23593	1
A_HP_38	119	Pulse	99	9106157	38034	1
A_HP_38	120	Picture	response180	9118708	184	1	40149	1	0	40000	hit	640
A_HP_38	120	Pulse	99	9126157	7634	1
A_HP_38	120	Response	1	9143306	24782	1
A_HP_38	120	Pulse	99	9146157	27634	1
A_HP_38	120	Pulse	99	9166158	47634	1
A_HP_38	121	Picture	response178	9169018	95	1	40148	1	0	40000	incorrect	645
A_HP_38	121	Pulse	99	9186157	17234	1
A_HP_38	121	Response	2	9204516	35592	1
A_HP_38	121	Pulse	99	9206157	37234	1
A_HP_38	122	Picture	response181	9219495	172	1	40149	1	0	40000	incorrect	649
A_HP_38	122	Pulse	99	9226157	6834	1
A_HP_38	122	Response	1	9240736	21412	1
A_HP_38	122	Pulse	99	9246157	26834	1
A_HP_38	122	Pulse	99	9266158	46834	1
A_HP_38	123	Picture	thanks	9269473	0	1	10162	1	0	10000	other	0
A_HP_38	123	Pulse	99	9286157	16685	1


Event Type	Code	Type	Response	RT	RT Uncertainty	Time	Uncertainty	Duration	Uncertainty	ReqTime	ReqDur

Picture	ready	other				566410	1	10162	1	0	10000
Picture	ins5	other				626883	1	30153	1	0	30000
Picture	response34	hit	1	17507	2	946905	1	40149	1	0	40000
Picture	response38	hit	2	7036	2	997215	1	40149	1	0	40000
Picture	response33	hit	2	8989	2	1047692	1	40148	1	0	40000
Picture	response36	hit	1	6768	2	1098003	1	40148	1	0	40000
Picture	response40	hit	1	9932	2	1148480	1	40149	1	0	40000
Picture	response37	hit	1	7411	2	1198791	1	40148	1	0	40000
Picture	response39	hit	2	8084	2	1249268	1	40148	1	0	40000
Picture	response35	hit	2	9053	2	1299578	1	40148	1	0	40000
Picture	ins1	other				1350056	1	30153	1	0	30000
Picture	response5	hit	2	15400	2	1666912	1	40148	1	0	40000
Picture	response3	hit	2	14879	2	1717223	1	40148	1	0	40000
Picture	response6	hit	2	17872	2	1767700	1	40149	1	0	40000
Picture	response8	hit	2	12411	2	1818011	1	40148	1	0	40000
Picture	response1	hit	2	14344	2	1868488	1	40149	1	0	40000
Picture	response2	hit	1	20083	2	1918798	1	40148	1	0	40000
Picture	response4	hit	1	28387	2	1969275	1	40149	1	0	40000
Picture	response7	hit	2	17636	2	2019586	1	40149	1	0	40000
Picture	ins17	other				2070063	1	30153	1	0	30000
Picture	response136	incorrect	2	34212	2	2386920	1	40149	1	0	40000
Picture	response129	hit	1	43722	2	2437230	1	40148	1	0	40000
Picture	response134	hit	2	40065	2	2487708	1	40149	1	0	40000
Picture	response133	incorrect	2	36444	2	2538018	1	40148	1	0	40000
Picture	response130	incorrect	1	29227	2	2588495	1	40149	1	0	40000
Picture	response132	hit	2	38916	2	2638806	1	40148	1	0	40000
Picture	response135	hit	2	34079	2	2689283	1	40148	1	0	40000
Picture	response131	hit	1	31339	2	2739594	1	40149	1	0	40000
Picture	ins7	other				2790070	1	30153	1	0	30000
Picture	response49	hit	2	13742	2	3106761	1	40149	1	0	40000
Picture	response50	hit	2	11321	2	3157071	1	40148	1	0	40000
Picture	response52	hit	2	28544	2	3207549	1	40148	1	0	40000
Picture	response54	hit	1	13157	2	3258026	1	40148	1	0	40000
Picture	response53	hit	1	24896	2	3308336	1	40148	1	0	40000
Picture	response51	hit	1	17369	2	3358813	1	40148	1	0	40000
Picture	response56	hit	2	19709	2	3409124	1	40149	1	0	40000
Picture	response55	miss				3459601	1	40148	1	0	40000
Picture	ins9	other				3509912	1	30153	1	0	30000
Picture	response65	hit	1	39514	2	3826768	1	40149	1	0	40000
Picture	response67	hit	2	23084	2	3877079	1	40148	1	0	40000
Picture	response71	hit	1	16497	2	3927556	1	40148	1	0	40000
Picture	response70	hit	2	30017	2	3977867	1	40149	1	0	40000
Picture	response72	incorrect	2	22559	2	4028344	1	40149	1	0	40000
Picture	response66	miss				4078821	1	40148	1	0	40000
Picture	response69	incorrect	2	36902	2	4129132	1	40148	1	0	40000
Picture	response68	hit	2	18905	2	4179609	1	40149	1	0	40000
Picture	ins3	other				4229919	1	30153	1	0	30000
Picture	response23	hit	2	25697	2	4546776	1	40148	1	0	40000
Picture	response24	hit	2	32797	2	4597087	1	40149	1	0	40000
Picture	response21	hit	1	13890	2	4647564	1	40148	1	0	40000
Picture	response19	hit	2	10819	2	4697874	1	40148	1	0	40000
Picture	response22	hit	1	7722	2	4748351	1	40149	1	0	40000
Picture	response17	hit	2	7231	2	4798662	1	40148	1	0	40000
Picture	response20	hit	2	8525	2	4849139	1	40149	1	0	40000
Picture	response18	hit	2	7827	2	4899616	1	40149	1	0	40000
Picture	ins19	other				4949927	1	30153	1	0	30000
Picture	response149	hit	1	36910	2	5266784	1	40149	1	0	40000
Picture	response145	hit	1	37980	2	5317094	1	40149	1	0	40000
Picture	response146	hit	1	26933	2	5367571	1	40149	1	0	40000
Picture	response148	hit	1	20472	2	5417882	1	40148	1	0	40000
Picture	response147	hit	2	31285	2	5468359	1	40148	1	0	40000
Picture	response151	hit	1	21565	2	5518670	1	40148	1	0	40000
Picture	response150	hit	2	30507	2	5569147	1	40148	1	0	40000
Picture	response152	hit	1	42990	2	5619624	1	40148	1	0	40000
Picture	ins21	other				5669935	1	30153	1	0	30000
Picture	response168	hit	2	27043	2	5986791	1	40149	1	0	40000
Picture	response166	hit	1	29712	2	6037102	1	40148	1	0	40000
Picture	response165	hit	2	38245	2	6087579	1	40149	1	0	40000
Picture	response161	incorrect	2	14675	2	6137890	1	40148	1	0	40000
Picture	response167	miss				6188367	1	40148	1	0	40000
Picture	response163	hit	2	26337	2	6238677	1	40148	1	0	40000
Picture	response164	hit	1	38400	2	6289154	1	40149	1	0	40000
Picture	response162	incorrect	2	31819	2	6339465	1	40149	1	0	40000
Picture	ins11	other				6389942	1	30153	1	0	30000
Picture	response87	incorrect	2	26866	2	6706799	1	40148	1	0	40000
Picture	response81	hit	2	17805	2	6757109	1	40148	1	0	40000
Picture	response88	hit	2	34818	2	6807587	1	40149	1	0	40000
Picture	response83	hit	1	19108	2	6857897	1	40149	1	0	40000
Picture	response82	hit	2	24650	2	6908374	1	40148	1	0	40000
Picture	response85	hit	2	22510	2	6958685	1	40149	1	0	40000
Picture	response86	hit	1	28373	2	7009162	1	40148	1	0	40000
Picture	response84	hit	1	18672	2	7059473	1	40148	1	0	40000
Picture	ins13	other				7109950	1	30153	1	0	30000
Picture	response97	hit	1	29689	2	7426806	1	40148	1	0	40000
Picture	response102	hit	1	6908	2	7477117	1	40148	1	0	40000
Picture	response103	hit	1	12071	2	7527594	1	40148	1	0	40000
Picture	response101	hit	1	20851	2	7577905	1	40148	1	0	40000
Picture	response98	hit	2	15553	2	7628382	1	40149	1	0	40000
Picture	response99	hit	2	25123	2	7678692	1	40148	1	0	40000
Picture	response100	hit	2	8725	2	7729170	1	40148	1	0	40000
Picture	response104	hit	2	16115	2	7779480	1	40148	1	0	40000
Picture	ins15	other				7829957	1	30153	1	0	30000
Picture	response117	hit	2	24181	2	8146814	1	40149	1	0	40000
Picture	response119	incorrect	2	31031	2	8197125	1	40149	1	0	40000
Picture	response115	hit	2	14024	2	8247602	1	40149	1	0	40000
Picture	response116	hit	1	18583	2	8297912	1	40149	1	0	40000
Picture	response120	incorrect	2	15226	2	8348389	1	40148	1	0	40000
Picture	response118	hit	1	37485	2	8398700	1	40149	1	0	40000
Picture	response113	hit	2	16378	2	8449177	1	40149	1	0	40000
Picture	response114	hit	2	27537	2	8499488	1	40148	1	0	40000
Picture	ins23	other				8549965	1	30153	1	0	30000
Picture	response184	hit	1	19760	2	8866655	1	40149	1	0	40000
Picture	response182	incorrect	2	12514	2	8917132	1	40149	1	0	40000
Picture	response179	hit	1	39623	2	8967443	1	40149	1	0	40000
Picture	response183	hit	2	12366	2	9017920	1	40148	1	0	40000
Picture	response177	incorrect	2	23486	2	9068230	1	40148	1	0	40000
Picture	response180	hit	1	24598	2	9118708	1	40149	1	0	40000
Picture	response178	incorrect	2	35498	2	9169018	1	40148	1	0	40000
Picture	response181	incorrect	1	21241	2	9219495	1	40149	1	0	40000
Picture	thanks	other				9269473	1	10162	1	0	10000


{
   "app": "Presentation Version 21.1 Build 09.05.19",
   "device": "LENOVO 20FBCTO1WW",
   "experiment": "{A2FC4E2A-B401-4E65-9CA9-5B09E294C871}",
   "os": "Windows 10 64 bit",
   "package": "",
   "parameters": {
      "configuration": "Default configuration"
   },
   "scenario": "Dimension experiment(1).sce",
   "subject": "A_HP_38",
   "timestamp": "2019/12/19 00:20:41 GMT"
}
