Scenario - 
Logfile written - 10/17/2019 16:30:32

Subject	Trial	Event Type	Code	Time	TTime	Uncertainty	Duration	Uncertainty	ReqTime	ReqDur	Stim Type	Pair Index

A_HP_23	1	Response	3	504640	503807	1
A_HP_23	1	Pulse	99	504640	503807	1
A_HP_23	2	Picture	ready	504872	0	1	10229	1	0	10000	other	0
A_HP_23	2	Pulse	99	524640	19768	1
A_HP_23	2	Pulse	99	544640	39768	1
A_HP_23	2	Pulse	99	564640	59768	1
A_HP_23	3	Picture	ins3	565621	398	1	30230	1	0	30000	other	0
A_HP_23	3	Pulse	99	584641	19418	1
A_HP_23	3	Pulse	99	604641	39419	1
A_HP_23	3	Pulse	99	624640	59418	1
A_HP_23	3	Pulse	99	644640	79418	1
A_HP_23	3	Pulse	99	664640	99418	1
A_HP_23	3	Pulse	99	684640	119418	1
A_HP_23	3	Pulse	99	704641	139418	1
A_HP_23	3	Pulse	99	724641	159418	1
A_HP_23	3	Pulse	99	744641	179418	1
A_HP_23	3	Pulse	99	764640	199418	1
A_HP_23	3	Pulse	99	784640	219418	1
A_HP_23	3	Pulse	99	804641	239418	1
A_HP_23	3	Pulse	99	824640	259418	1
A_HP_23	3	Pulse	99	844640	279418	1
A_HP_23	3	Pulse	99	864640	299418	1
A_HP_23	4	Response	3	884640	9021	1
A_HP_23	4	Pulse	99	884640	9021	1
A_HP_23	5	Picture	response22	885258	236	1	40229	1	0	40000	hit	26
A_HP_23	5	Response	1	890609	5587	1
A_HP_23	5	Pulse	99	904640	19618	1
A_HP_23	5	Pulse	99	924640	39618	1
A_HP_23	6	Picture	response19	935717	296	1	40229	1	0	40000	hit	30
A_HP_23	6	Response	2	940499	5077	1
A_HP_23	6	Pulse	99	944640	9218	1
A_HP_23	6	Pulse	99	964640	29218	1
A_HP_23	6	Pulse	99	984640	49218	1
A_HP_23	7	Picture	response23	986009	188	1	40229	1	0	40000	hit	35
A_HP_23	7	Response	2	992569	6748	1
A_HP_23	7	Pulse	99	1004640	18819	1
A_HP_23	7	Pulse	99	1024640	38819	1
A_HP_23	8	Picture	response20	1036301	79	1	40229	1	0	40000	hit	39
A_HP_23	8	Response	2	1042289	6068	1
A_HP_23	8	Pulse	99	1044640	8418	1
A_HP_23	8	Pulse	99	1064640	28419	1
A_HP_23	8	Pulse	99	1084640	48419	1
A_HP_23	9	Picture	response21	1086925	303	1	40229	1	0	40000	hit	44
A_HP_23	9	Response	1	1093939	7317	1
A_HP_23	9	Pulse	99	1104640	18018	1
A_HP_23	9	Pulse	99	1124640	38018	1
A_HP_23	10	Picture	response18	1137216	195	1	40229	1	0	40000	hit	48
A_HP_23	10	Response	2	1142929	5907	1
A_HP_23	10	Pulse	99	1144639	7618	1
A_HP_23	10	Pulse	99	1164640	27618	1
A_HP_23	10	Pulse	99	1184640	47618	1
A_HP_23	11	Picture	response17	1187674	252	1	40230	1	0	40000	hit	53
A_HP_23	11	Response	2	1195289	7866	1
A_HP_23	11	Pulse	99	1204640	17218	1
A_HP_23	11	Pulse	99	1224640	37218	1
A_HP_23	12	Picture	response24	1237966	144	1	40229	1	0	40000	hit	57
A_HP_23	12	Response	2	1243219	5396	1
A_HP_23	12	Pulse	99	1244639	6817	1
A_HP_23	12	Pulse	99	1264640	26818	1
A_HP_23	12	Pulse	99	1284640	46818	1
A_HP_23	13	Picture	ins23	1288424	202	1	30229	1	0	30000	other	0
A_HP_23	13	Pulse	99	1304640	16418	1
A_HP_23	13	Pulse	99	1324640	36418	1
A_HP_23	13	Pulse	99	1344640	56418	1
A_HP_23	13	Pulse	99	1364640	76418	1
A_HP_23	13	Pulse	99	1384640	96418	1
A_HP_23	13	Pulse	99	1404640	116418	1
A_HP_23	13	Pulse	99	1424640	136418	1
A_HP_23	13	Pulse	99	1444560	156338	1
A_HP_23	13	Pulse	99	1464640	176418	1
A_HP_23	13	Pulse	99	1484640	196418	1
A_HP_23	13	Pulse	99	1504640	216418	1
A_HP_23	13	Pulse	99	1524640	236418	1
A_HP_23	13	Pulse	99	1544640	256418	1
A_HP_23	13	Pulse	99	1564640	276418	1
A_HP_23	13	Pulse	99	1584560	296338	1
A_HP_23	14	Response	3	1604640	6021	1
A_HP_23	14	Pulse	99	1604640	6021	1
A_HP_23	15	Picture	response177	1605258	236	1	40229	1	0	40000	incorrect	81
A_HP_23	15	Pulse	99	1624640	19618	1
A_HP_23	15	Response	2	1626018	20996	1
A_HP_23	15	Pulse	99	1644640	39619	1
A_HP_23	16	Picture	response179	1655716	294	1	40229	1	0	40000	incorrect	85
A_HP_23	16	Pulse	99	1664640	9218	1
A_HP_23	16	Response	2	1679749	24327	1
A_HP_23	16	Pulse	99	1684640	29218	1
A_HP_23	16	Pulse	99	1704640	49218	1
A_HP_23	17	Picture	response182	1706008	186	1	40229	1	0	40000	hit	90
A_HP_23	17	Pulse	99	1724640	18818	1
A_HP_23	17	Response	1	1730209	24387	1
A_HP_23	17	Pulse	99	1744640	38818	1
A_HP_23	18	Picture	response178	1756299	78	1	40229	1	0	40000	incorrect	94
A_HP_23	18	Pulse	99	1764640	8418	1
A_HP_23	18	Response	2	1782189	25967	1
A_HP_23	18	Pulse	99	1784639	28418	1
A_HP_23	18	Pulse	99	1804560	48338	1
A_HP_23	19	Picture	response180	1806924	303	1	40230	1	0	40000	hit	99
A_HP_23	19	Pulse	99	1824640	18018	1
A_HP_23	19	Response	1	1834118	27497	1
A_HP_23	19	Pulse	99	1844640	38018	1
A_HP_23	20	Picture	response183	1857216	195	1	40229	1	0	40000	hit	104
A_HP_23	20	Pulse	99	1864640	7619	1
A_HP_23	20	Pulse	99	1884640	27619	1
A_HP_23	20	Response	2	1890648	33627	1
A_HP_23	20	Pulse	99	1904640	47618	1
A_HP_23	21	Picture	response184	1907674	253	1	40229	1	0	40000	hit	108
A_HP_23	21	Pulse	99	1924640	17219	1
A_HP_23	21	Response	1	1930289	22868	1
A_HP_23	21	Pulse	99	1944560	37139	1
A_HP_23	22	Picture	response181	1957965	144	1	40229	1	0	40000	hit	113
A_HP_23	22	Pulse	99	1964640	6818	1
A_HP_23	22	Pulse	99	1984639	26818	1
A_HP_23	22	Response	2	1992428	34607	1
A_HP_23	22	Pulse	99	2004639	46818	1
A_HP_23	23	Picture	ins17	2008423	202	1	30229	1	0	30000	other	0
A_HP_23	23	Pulse	99	2024640	16419	1
A_HP_23	23	Pulse	99	2044639	36418	1
A_HP_23	23	Pulse	99	2064640	56418	1
A_HP_23	23	Pulse	99	2084559	76338	1
A_HP_23	23	Pulse	99	2104639	96418	1
A_HP_23	23	Pulse	99	2124639	116418	1
A_HP_23	23	Pulse	99	2144639	136418	1
A_HP_23	23	Pulse	99	2164560	156338	1
A_HP_23	23	Pulse	99	2184640	176418	1
A_HP_23	23	Pulse	99	2204640	196418	1
A_HP_23	23	Pulse	99	2224560	216338	1
A_HP_23	23	Pulse	99	2244640	236418	1
A_HP_23	23	Pulse	99	2264640	256418	1
A_HP_23	23	Pulse	99	2284640	276418	1
A_HP_23	23	Pulse	99	2304560	296338	1
A_HP_23	24	Response	3	2324640	6021	1
A_HP_23	24	Pulse	99	2324640	6021	1
A_HP_23	25	Picture	response129	2325254	233	1	40229	1	0	40000	hit	134
A_HP_23	25	Response	1	2344238	19217	1
A_HP_23	25	Pulse	99	2344639	19618	1
A_HP_23	25	Pulse	99	2364640	39618	1
A_HP_23	26	Picture	response130	2375712	291	1	40230	1	0	40000	hit	140
A_HP_23	26	Pulse	99	2384639	9218	1
A_HP_23	26	Pulse	99	2404639	29218	1
A_HP_23	26	Response	2	2405758	30336	1
A_HP_23	26	Pulse	99	2424639	49218	1
A_HP_23	27	Picture	response134	2426004	183	1	40229	1	0	40000	hit	144
A_HP_23	27	Pulse	99	2444559	18738	1
A_HP_23	27	Response	2	2445238	19417	1
A_HP_23	27	Pulse	99	2464639	38818	1
A_HP_23	28	Picture	response133	2476296	75	1	40229	1	0	40000	hit	148
A_HP_23	28	Pulse	99	2484639	8418	1
A_HP_23	28	Response	1	2499118	22897	1
A_HP_23	28	Pulse	99	2504639	28418	1
A_HP_23	28	Pulse	99	2524559	48338	1
A_HP_23	29	Picture	response136	2526921	300	1	40229	1	0	40000	hit	153
A_HP_23	29	Pulse	99	2544639	18018	1
A_HP_23	29	Response	1	2546578	19957	1
A_HP_23	29	Pulse	99	2564639	38018	1
A_HP_23	30	Picture	response132	2577212	192	1	40229	1	0	40000	incorrect	158
A_HP_23	30	Pulse	99	2584559	7538	1
A_HP_23	30	Pulse	99	2604639	27618	1
A_HP_23	30	Response	1	2604957	27937	1
A_HP_23	30	Pulse	99	2624639	47619	1
A_HP_23	31	Picture	response135	2627670	249	1	40229	1	0	40000	hit	162
A_HP_23	31	Pulse	99	2644639	17218	1
A_HP_23	31	Response	2	2646398	18976	1
A_HP_23	31	Pulse	99	2664559	37138	1
A_HP_23	32	Picture	response131	2677961	141	1	40229	1	0	40000	hit	166
A_HP_23	32	Pulse	99	2684639	6818	1
A_HP_23	32	Response	1	2698708	20887	1
A_HP_23	32	Pulse	99	2704639	26818	1
A_HP_23	32	Pulse	99	2724559	46738	1
A_HP_23	33	Picture	ins9	2728420	199	1	30229	1	0	30000	other	0
A_HP_23	33	Pulse	99	2744640	16419	1
A_HP_23	33	Pulse	99	2764639	36418	1
A_HP_23	33	Pulse	99	2784639	56418	1
A_HP_23	33	Pulse	99	2804559	76338	1
A_HP_23	33	Pulse	99	2824639	96418	1
A_HP_23	33	Pulse	99	2844639	116418	1
A_HP_23	33	Pulse	99	2864559	136338	1
A_HP_23	33	Pulse	99	2884560	156339	1
A_HP_23	33	Pulse	99	2904640	176419	1
A_HP_23	33	Pulse	99	2924639	196419	1
A_HP_23	33	Pulse	99	2944559	216339	1
A_HP_23	33	Pulse	99	2964640	236419	1
A_HP_23	33	Pulse	99	2984639	256419	1
A_HP_23	33	Pulse	99	3004640	276419	1
A_HP_23	33	Pulse	99	3024559	296339	1
A_HP_23	34	Response	3	3044639	6021	1
A_HP_23	34	Pulse	99	3044639	6021	1
A_HP_23	35	Picture	response70	3045254	233	1	40229	1	0	40000	hit	189
A_HP_23	35	Pulse	99	3064639	19618	1
A_HP_23	35	Response	2	3064647	19626	1
A_HP_23	35	Pulse	99	3084559	39538	1
A_HP_23	36	Picture	response72	3095713	292	1	40229	1	0	40000	hit	193
A_HP_23	36	Pulse	99	3104639	9218	1
A_HP_23	36	Response	1	3117388	21967	1
A_HP_23	36	Pulse	99	3124639	29218	1
A_HP_23	36	Pulse	99	3144639	49218	1
A_HP_23	37	Picture	response71	3146005	184	1	40229	1	0	40000	hit	198
A_HP_23	37	Pulse	99	3164559	18739	1
A_HP_23	37	Response	1	3167498	21677	1
A_HP_23	37	Pulse	99	3184639	38819	1
A_HP_23	38	Picture	response67	3196296	75	1	40229	1	0	40000	hit	202
A_HP_23	38	Pulse	99	3204639	8418	1
A_HP_23	38	Response	2	3212328	16107	1
A_HP_23	38	Pulse	99	3224559	28338	1
A_HP_23	38	Pulse	99	3244559	48338	1
A_HP_23	39	Picture	response68	3246921	300	1	40229	1	0	40000	hit	207
A_HP_23	39	Pulse	99	3264639	18019	1
A_HP_23	39	Response	2	3271488	24867	1
A_HP_23	39	Pulse	99	3284639	38018	1
A_HP_23	40	Picture	response66	3297213	193	1	40229	1	0	40000	hit	211
A_HP_23	40	Pulse	99	3304559	7539	1
A_HP_23	40	Response	1	3318718	21697	1
A_HP_23	40	Pulse	99	3324639	27619	1
A_HP_23	40	Pulse	99	3344639	47619	1
A_HP_23	41	Picture	response65	3347670	249	1	40229	1	0	40000	hit	216
A_HP_23	41	Pulse	99	3364559	17138	1
A_HP_23	41	Response	1	3368767	21347	1
A_HP_23	41	Pulse	99	3384559	37138	1
A_HP_23	42	Picture	response69	3397961	141	1	40229	1	0	40000	incorrect	221
A_HP_23	42	Pulse	99	3404639	6818	1
A_HP_23	42	Pulse	99	3424639	26818	1
A_HP_23	42	Response	2	3430647	32827	1
A_HP_23	42	Pulse	99	3444558	46738	1
A_HP_23	43	Picture	ins15	3448420	199	1	30229	1	0	30000	other	0
A_HP_23	43	Pulse	99	3464639	16419	1
A_HP_23	43	Pulse	99	3484639	36419	1
A_HP_23	43	Pulse	99	3504559	56339	1
A_HP_23	43	Pulse	99	3524559	76338	1
A_HP_23	43	Pulse	99	3544638	96418	1
A_HP_23	43	Pulse	99	3564639	116418	1
A_HP_23	43	Pulse	99	3584559	136338	1
A_HP_23	43	Pulse	99	3604559	156338	1
A_HP_23	43	Pulse	99	3624639	176418	1
A_HP_23	43	Pulse	99	3644639	196418	1
A_HP_23	43	Pulse	99	3664559	216338	1
A_HP_23	43	Pulse	99	3684639	236418	1
A_HP_23	43	Pulse	99	3704639	256418	1
A_HP_23	43	Pulse	99	3724559	276338	1
A_HP_23	43	Pulse	99	3744559	296338	1
A_HP_23	44	Response	3	3764639	6022	1
A_HP_23	44	Pulse	99	3764639	6022	1
A_HP_23	45	Picture	response117	3765254	234	1	40229	1	0	40000	hit	243
A_HP_23	45	Pulse	99	3784639	19618	1
A_HP_23	45	Response	2	3787837	22817	1
A_HP_23	45	Pulse	99	3804558	39538	1
A_HP_23	46	Picture	response119	3815712	292	1	40229	1	0	40000	hit	247
A_HP_23	46	Pulse	99	3824559	9138	1
A_HP_23	46	Response	1	3843547	28127	1
A_HP_23	46	Pulse	99	3844638	29218	1
A_HP_23	46	Pulse	99	3864559	49138	1
A_HP_23	47	Picture	response120	3866004	183	1	40229	1	0	40000	hit	252
A_HP_23	47	Pulse	99	3884558	18738	1
A_HP_23	47	Response	1	3891747	25927	1
A_HP_23	47	Pulse	99	3904639	38819	1
A_HP_23	48	Picture	response114	3916295	74	1	40229	1	0	40000	hit	256
A_HP_23	48	Pulse	99	3924639	8418	1
A_HP_23	48	Response	2	3935097	18876	1
A_HP_23	48	Pulse	99	3944559	28338	1
A_HP_23	48	Pulse	99	3964559	48338	1
A_HP_23	49	Picture	response113	3966920	299	1	40229	1	0	40000	hit	261
A_HP_23	49	Pulse	99	3984639	18018	1
A_HP_23	49	Response	2	3986186	19566	1
A_HP_23	49	Pulse	99	4004559	37938	1
A_HP_23	50	Picture	response118	4017211	191	1	40229	1	0	40000	hit	265
A_HP_23	50	Pulse	99	4024558	7538	1
A_HP_23	50	Response	1	4033187	16167	1
A_HP_23	50	Pulse	99	4044638	27618	1
A_HP_23	50	Pulse	99	4064639	47619	1
A_HP_23	51	Picture	response115	4067668	248	1	40229	1	0	40000	hit	270
A_HP_23	51	Pulse	99	4084558	17138	1
A_HP_23	51	Response	2	4096367	28947	1
A_HP_23	51	Pulse	99	4104558	37138	1
A_HP_23	52	Picture	response116	4117960	140	1	40229	1	0	40000	hit	274
A_HP_23	52	Pulse	99	4124639	6818	1
A_HP_23	52	Response	1	4127997	10177	1
A_HP_23	52	Pulse	99	4144558	26738	1
A_HP_23	52	Pulse	99	4164558	46738	1
A_HP_23	53	Picture	ins19	4168417	197	1	30229	1	0	30000	other	0
A_HP_23	53	Pulse	99	4184559	16339	1
A_HP_23	53	Pulse	99	4204638	36418	1
A_HP_23	53	Pulse	99	4224558	56338	1
A_HP_23	53	Pulse	99	4244558	76338	1
A_HP_23	53	Pulse	99	4264638	96418	1
A_HP_23	53	Pulse	99	4284638	116418	1
A_HP_23	53	Pulse	99	4304558	136338	1
A_HP_23	53	Pulse	99	4324558	156338	1
A_HP_23	53	Pulse	99	4344638	176418	1
A_HP_23	53	Pulse	99	4364558	196338	1
A_HP_23	53	Pulse	99	4384558	216338	1
A_HP_23	53	Pulse	99	4404638	236418	1
A_HP_23	53	Pulse	99	4424638	256418	1
A_HP_23	53	Pulse	99	4444558	276338	1
A_HP_23	53	Pulse	99	4464558	296338	1
A_HP_23	54	Response	3	4484638	6021	1
A_HP_23	54	Pulse	99	4484638	6021	1
A_HP_23	55	Picture	response146	4485255	235	1	40229	1	0	40000	hit	297
A_HP_23	55	Pulse	99	4504558	19538	1
A_HP_23	55	Response	1	4514387	29367	1
A_HP_23	55	Pulse	99	4524558	39538	1
A_HP_23	56	Picture	response149	4535714	294	1	40229	1	0	40000	hit	301
A_HP_23	56	Pulse	99	4544558	9138	1
A_HP_23	56	Response	1	4554717	19297	1
A_HP_23	56	Pulse	99	4564639	29219	1
A_HP_23	56	Pulse	99	4584559	49139	1
A_HP_23	57	Picture	response145	4586004	184	1	40229	1	0	40000	hit	306
A_HP_23	57	Pulse	99	4604558	18738	1
A_HP_23	57	Response	1	4613137	27316	1
A_HP_23	57	Pulse	99	4624638	38818	1
A_HP_23	58	Picture	response147	4636296	76	1	40229	1	0	40000	hit	310
A_HP_23	58	Pulse	99	4644558	8338	1
A_HP_23	58	Response	2	4656317	20097	1
A_HP_23	58	Pulse	99	4664558	28338	1
A_HP_23	58	Pulse	99	4684559	48339	1
A_HP_23	59	Picture	response151	4686920	300	1	40229	1	0	40000	incorrect	314
A_HP_23	59	Response	2	4701947	15327	1
A_HP_23	59	Pulse	99	4704638	18018	1
A_HP_23	59	Pulse	99	4724559	37938	1
A_HP_23	60	Picture	response150	4737211	190	1	40229	1	0	40000	hit	320
A_HP_23	60	Pulse	99	4744558	7538	1
A_HP_23	60	Pulse	99	4764639	27618	1
A_HP_23	60	Response	2	4767137	30116	1
A_HP_23	60	Pulse	99	4784559	47538	1
A_HP_23	61	Picture	response152	4787668	248	1	40229	1	0	40000	hit	324
A_HP_23	61	Pulse	99	4804559	17139	1
A_HP_23	61	Response	1	4807217	19797	1
A_HP_23	61	Pulse	99	4824558	37138	1
A_HP_23	62	Picture	response148	4837960	140	1	40230	1	0	40000	hit	328
A_HP_23	62	Pulse	99	4844638	6818	1
A_HP_23	62	Response	1	4852087	14267	1
A_HP_23	62	Pulse	99	4864559	26739	1
A_HP_23	62	Pulse	99	4884558	46738	1
A_HP_23	63	Picture	ins5	4888418	198	1	30229	1	0	30000	other	0
A_HP_23	63	Pulse	99	4904559	16339	1
A_HP_23	63	Pulse	99	4924638	36418	1
A_HP_23	63	Pulse	99	4944558	56338	1
A_HP_23	63	Pulse	99	4964558	76338	1
A_HP_23	63	Pulse	99	4984638	96418	1
A_HP_23	63	Pulse	99	5004558	116338	1
A_HP_23	63	Pulse	99	5024558	136338	1
A_HP_23	63	Pulse	99	5044559	156339	1
A_HP_23	63	Pulse	99	5064638	176418	1
A_HP_23	63	Pulse	99	5084558	196338	1
A_HP_23	63	Pulse	99	5104558	216338	1
A_HP_23	63	Pulse	99	5124638	236418	1
A_HP_23	63	Pulse	99	5144558	256338	1
A_HP_23	63	Pulse	99	5164558	276338	1
A_HP_23	63	Pulse	99	5184558	296338	1
A_HP_23	64	Response	3	5204638	6021	1
A_HP_23	64	Pulse	99	5204638	6021	1
A_HP_23	65	Picture	response40	5205252	232	1	40229	1	0	40000	hit	350
A_HP_23	65	Response	1	5214067	9047	1
A_HP_23	65	Pulse	99	5224558	19539	1
A_HP_23	65	Pulse	99	5244558	39539	1
A_HP_23	66	Picture	response33	5255710	290	1	40229	1	0	40000	hit	354
A_HP_23	66	Response	2	5261277	5857	1
A_HP_23	66	Pulse	99	5264558	9138	1
A_HP_23	66	Pulse	99	5284558	29138	1
A_HP_23	66	Pulse	99	5304558	49138	1
A_HP_23	67	Picture	response39	5306001	181	1	40229	1	0	40000	hit	359
A_HP_23	67	Response	2	5310867	5047	1
A_HP_23	67	Pulse	99	5324558	18738	1
A_HP_23	67	Pulse	99	5344638	38818	1
A_HP_23	68	Picture	response37	5356293	73	1	40229	1	0	40000	hit	363
A_HP_23	68	Response	1	5362307	6087	1
A_HP_23	68	Pulse	99	5364558	8338	1
A_HP_23	68	Pulse	99	5384558	28338	1
A_HP_23	68	Pulse	99	5404558	48338	1
A_HP_23	69	Picture	response34	5406917	297	1	40229	1	0	40000	hit	368
A_HP_23	69	Response	1	5412926	6306	1
A_HP_23	69	Pulse	99	5424558	17938	1
A_HP_23	69	Pulse	99	5444558	37937	1
A_HP_23	70	Picture	response36	5457209	189	1	40229	1	0	40000	hit	373
A_HP_23	70	Pulse	99	5464558	7539	1
A_HP_23	70	Response	1	5465836	8816	1
A_HP_23	70	Pulse	99	5484638	27618	1
A_HP_23	70	Pulse	99	5504558	47538	1
A_HP_23	71	Picture	response38	5507666	246	1	40229	1	0	40000	hit	377
A_HP_23	71	Response	2	5514477	7057	1
A_HP_23	71	Pulse	99	5524558	17138	1
A_HP_23	71	Pulse	99	5544558	37138	1
A_HP_23	72	Picture	response35	5557957	137	1	40229	1	0	40000	hit	381
A_HP_23	72	Response	2	5563536	5717	1
A_HP_23	72	Pulse	99	5564637	6818	1
A_HP_23	72	Pulse	99	5584558	26739	1
A_HP_23	72	Pulse	99	5604558	46739	1
A_HP_23	73	Picture	ins21	5608415	195	1	30229	1	0	30000	other	0
A_HP_23	73	Pulse	99	5624558	16338	1
A_HP_23	73	Pulse	99	5644558	36338	1
A_HP_23	73	Pulse	99	5664558	56338	1
A_HP_23	73	Pulse	99	5684558	76338	1
A_HP_23	73	Pulse	99	5704638	96418	1
A_HP_23	73	Pulse	99	5724558	116338	1
A_HP_23	73	Pulse	99	5744558	136338	1
A_HP_23	73	Pulse	99	5764558	156338	1
A_HP_23	73	Pulse	99	5784558	176338	1
A_HP_23	73	Pulse	99	5804558	196338	1
A_HP_23	73	Pulse	99	5824558	216338	1
A_HP_23	73	Pulse	99	5844638	236418	1
A_HP_23	73	Pulse	99	5864558	256338	1
A_HP_23	73	Pulse	99	5884558	276338	1
A_HP_23	73	Pulse	99	5904558	296338	1
A_HP_23	74	Response	3	5924558	5941	1
A_HP_23	74	Pulse	99	5924558	5941	1
A_HP_23	75	Picture	response161	5925154	234	1	40229	1	0	40000	hit	404
A_HP_23	75	Response	1	5941666	16747	1
A_HP_23	75	Pulse	99	5944557	19638	1
A_HP_23	75	Pulse	99	5964558	39638	1
A_HP_23	76	Picture	response167	5975612	292	1	40229	1	0	40000	hit	409
A_HP_23	76	Pulse	99	5984558	9238	1
A_HP_23	76	Response	2	5995737	20417	1
A_HP_23	76	Pulse	99	6004557	29238	1
A_HP_23	76	Pulse	99	6024558	49238	1
A_HP_23	77	Picture	response165	6025903	184	1	40229	1	0	40000	hit	414
A_HP_23	77	Pulse	99	6044558	18838	1
A_HP_23	77	Response	2	6050926	25207	1
A_HP_23	77	Pulse	99	6064558	38838	1
A_HP_23	78	Picture	response162	6076362	243	1	40229	1	0	40000	hit	418
A_HP_23	78	Pulse	99	6084558	8438	1
A_HP_23	78	Response	1	6102676	26557	1
A_HP_23	78	Pulse	99	6104557	28438	1
A_HP_23	78	Pulse	99	6124558	48438	1
A_HP_23	79	Picture	response163	6126653	134	1	40229	1	0	40000	hit	423
A_HP_23	79	Pulse	99	6144557	18038	1
A_HP_23	79	Response	2	6146256	19737	1
A_HP_23	79	Pulse	99	6164557	38038	1
A_HP_23	80	Picture	response164	6177277	357	1	40229	1	0	40000	hit	427
A_HP_23	80	Pulse	99	6184557	7638	1
A_HP_23	80	Response	1	6193666	16747	1
A_HP_23	80	Pulse	99	6204557	27638	1
A_HP_23	80	Pulse	99	6224557	47638	1
A_HP_23	81	Picture	response168	6227568	249	1	40229	1	0	40000	hit	432
A_HP_23	81	Pulse	99	6244558	17238	1
A_HP_23	81	Response	2	6250716	23397	1
A_HP_23	81	Pulse	99	6264557	37238	1
A_HP_23	82	Picture	response166	6277858	139	1	40229	1	0	40000	incorrect	437
A_HP_23	82	Pulse	99	6284557	6838	1
A_HP_23	82	Pulse	99	6304557	26838	1
A_HP_23	82	Response	2	6306705	28986	1
A_HP_23	82	Pulse	99	6324558	46838	1
A_HP_23	83	Picture	ins1	6328316	197	1	30229	1	0	30000	other	0
A_HP_23	83	Pulse	99	6344558	16438	1
A_HP_23	83	Pulse	99	6364558	36439	1
A_HP_23	83	Pulse	99	6384558	56438	1
A_HP_23	83	Pulse	99	6404558	76438	1
A_HP_23	83	Pulse	99	6424558	96438	1
A_HP_23	83	Pulse	99	6444558	116438	1
A_HP_23	83	Pulse	99	6464558	136438	1
A_HP_23	83	Pulse	99	6484558	156438	1
A_HP_23	83	Pulse	99	6504558	176438	1
A_HP_23	83	Pulse	99	6524558	196438	1
A_HP_23	83	Pulse	99	6544558	216438	1
A_HP_23	83	Pulse	99	6564558	236438	1
A_HP_23	83	Pulse	99	6584558	256438	1
A_HP_23	83	Pulse	99	6604558	276438	1
A_HP_23	83	Pulse	99	6624558	296438	1
A_HP_23	84	Response	3	6644558	6208	1
A_HP_23	84	Pulse	99	6644558	6208	1
A_HP_23	85	Picture	response7	6645153	233	1	40229	1	0	40000	hit	458
A_HP_23	85	Response	2	6658666	13747	1
A_HP_23	85	Pulse	99	6664557	19638	1
A_HP_23	85	Pulse	99	6684558	39638	1
A_HP_23	86	Picture	response1	6695611	292	1	40230	1	0	40000	hit	463
A_HP_23	86	Pulse	99	6704558	9238	1
A_HP_23	86	Response	2	6707066	11746	1
A_HP_23	86	Pulse	99	6724557	29238	1
A_HP_23	86	Pulse	99	6744558	49238	1
A_HP_23	87	Picture	response8	6745903	184	1	40229	1	0	40000	hit	467
A_HP_23	87	Response	2	6759436	13717	1
A_HP_23	87	Pulse	99	6764557	18838	1
A_HP_23	87	Pulse	99	6784558	38839	1
A_HP_23	88	Picture	response2	6796361	242	1	40229	1	0	40000	hit	471
A_HP_23	88	Response	1	6803796	7677	1
A_HP_23	88	Pulse	99	6804557	8438	1
A_HP_23	88	Pulse	99	6824557	28438	1
A_HP_23	88	Pulse	99	6844557	48438	1
A_HP_23	89	Picture	response3	6846653	134	1	40229	1	0	40000	hit	476
A_HP_23	89	Response	2	6856356	9837	1
A_HP_23	89	Pulse	99	6864557	18038	1
A_HP_23	89	Pulse	99	6884558	38038	1
A_HP_23	90	Picture	response4	6897277	358	1	40229	1	0	40000	hit	481
A_HP_23	90	Pulse	99	6904557	7638	1
A_HP_23	90	Response	1	6911666	14747	1
A_HP_23	90	Pulse	99	6924557	27638	1
A_HP_23	90	Pulse	99	6944558	47639	1
A_HP_23	91	Picture	response5	6947569	250	1	40229	1	0	40000	hit	485
A_HP_23	91	Response	2	6961346	14027	1
A_HP_23	91	Pulse	99	6964557	17238	1
A_HP_23	91	Pulse	99	6984557	37238	1
A_HP_23	92	Picture	response6	6997860	141	1	40229	1	0	40000	hit	490
A_HP_23	92	Pulse	99	7004557	6838	1
A_HP_23	92	Response	2	7014196	16477	1
A_HP_23	92	Pulse	99	7024558	26839	1
A_HP_23	92	Pulse	99	7044557	46838	1
A_HP_23	93	Picture	ins13	7048319	200	1	30230	1	0	30000	other	0
A_HP_23	93	Pulse	99	7064557	16438	1
A_HP_23	93	Pulse	99	7084557	36438	1
A_HP_23	93	Pulse	99	7104557	56438	1
A_HP_23	93	Pulse	99	7124557	76438	1
A_HP_23	93	Pulse	99	7144557	96438	1
A_HP_23	93	Pulse	99	7164557	116438	1
A_HP_23	93	Pulse	99	7184557	136438	1
A_HP_23	93	Pulse	99	7204557	156438	1
A_HP_23	93	Pulse	99	7224557	176438	1
A_HP_23	93	Pulse	99	7244557	196438	1
A_HP_23	93	Pulse	99	7264557	216438	1
A_HP_23	93	Pulse	99	7284557	236438	1
A_HP_23	93	Pulse	99	7304557	256438	1
A_HP_23	93	Pulse	99	7324557	276438	1
A_HP_23	93	Pulse	99	7344557	296438	1
A_HP_23	94	Response	3	7364557	6208	1
A_HP_23	94	Pulse	99	7364557	6208	1
A_HP_23	95	Picture	response99	7365154	235	1	40229	1	0	40000	hit	512
A_HP_23	95	Response	2	7378746	13826	1
A_HP_23	95	Pulse	99	7384556	19637	1
A_HP_23	95	Pulse	99	7404557	39637	1
A_HP_23	96	Picture	response103	7415612	293	1	40229	1	0	40000	hit	517
A_HP_23	96	Pulse	99	7424557	9238	1
A_HP_23	96	Response	1	7427055	11736	1
A_HP_23	96	Pulse	99	7444557	29238	1
A_HP_23	96	Pulse	99	7464557	49238	1
A_HP_23	97	Picture	response102	7465903	184	1	40229	1	0	40000	hit	521
A_HP_23	97	Response	1	7482536	16817	1
A_HP_23	97	Pulse	99	7484556	18837	1
A_HP_23	97	Pulse	99	7504557	38838	1
A_HP_23	98	Picture	response100	7516361	243	1	40229	1	0	40000	hit	526
A_HP_23	98	Pulse	99	7524557	8438	1
A_HP_23	98	Response	2	7534896	18777	1
A_HP_23	98	Pulse	99	7544557	28438	1
A_HP_23	98	Pulse	99	7564557	48438	1
A_HP_23	99	Picture	response104	7566652	134	1	40229	1	0	40000	hit	530
A_HP_23	99	Response	2	7580666	14147	1
A_HP_23	99	Pulse	99	7584556	18037	1
A_HP_23	99	Pulse	99	7604557	38038	1
A_HP_23	100	Picture	response97	7617277	358	1	40229	1	0	40000	hit	535
A_HP_23	100	Pulse	99	7624557	7638	1
A_HP_23	100	Response	1	7633465	16547	1
A_HP_23	100	Pulse	99	7644557	27638	1
A_HP_23	100	Pulse	99	7664557	47638	1
A_HP_23	101	Picture	response101	7667568	249	1	40229	1	0	40000	hit	539
A_HP_23	101	Response	1	7676275	8957	1
A_HP_23	101	Pulse	99	7684556	17238	1
A_HP_23	101	Pulse	99	7704557	37238	1
A_HP_23	102	Picture	response98	7717859	140	1	40229	1	0	40000	hit	544
A_HP_23	102	Pulse	99	7724557	6838	1
A_HP_23	102	Response	2	7730065	12346	1
A_HP_23	102	Pulse	99	7744557	26838	1
A_HP_23	102	Pulse	99	7764557	46838	1
A_HP_23	103	Picture	ins7	7768317	198	1	30229	1	0	30000	other	0
A_HP_23	103	Pulse	99	7784557	16438	1
A_HP_23	103	Pulse	99	7804557	36438	1
A_HP_23	103	Pulse	99	7824557	56438	1
A_HP_23	103	Pulse	99	7844557	76438	1
A_HP_23	103	Pulse	99	7864557	96438	1
A_HP_23	103	Pulse	99	7884557	116438	1
A_HP_23	103	Pulse	99	7904557	136438	1
A_HP_23	103	Pulse	99	7924557	156438	1
A_HP_23	103	Pulse	99	7944557	176438	1
A_HP_23	103	Pulse	99	7964557	196438	1
A_HP_23	103	Pulse	99	7984557	216438	1
A_HP_23	103	Pulse	99	8004557	236438	1
A_HP_23	103	Pulse	99	8024557	256438	1
A_HP_23	103	Pulse	99	8044557	276438	1
A_HP_23	103	Pulse	99	8064556	296438	1
A_HP_23	104	Response	3	8084557	6208	1
A_HP_23	104	Pulse	99	8084557	6208	1
A_HP_23	105	Picture	response50	8085153	234	1	40229	1	0	40000	hit	566
A_HP_23	105	Response	2	8095766	10847	1
A_HP_23	105	Pulse	99	8104557	19638	1
A_HP_23	105	Pulse	99	8124556	39638	1
A_HP_23	106	Picture	response49	8135611	293	1	40229	1	0	40000	hit	571
A_HP_23	106	Pulse	99	8144557	9239	1
A_HP_23	106	Response	2	8159795	24477	1
A_HP_23	106	Pulse	99	8164557	29238	1
A_HP_23	106	Pulse	99	8184557	49239	1
A_HP_23	107	Picture	response56	8185902	183	1	40229	1	0	40000	hit	575
A_HP_23	107	Response	2	8200295	14577	1
A_HP_23	107	Pulse	99	8204556	18837	1
A_HP_23	107	Pulse	99	8224557	38838	1
A_HP_23	108	Picture	response54	8236360	241	1	40229	1	0	40000	hit	580
A_HP_23	108	Pulse	99	8244556	8438	1
A_HP_23	108	Response	1	8246604	10486	1
A_HP_23	108	Pulse	99	8264556	28438	1
A_HP_23	108	Pulse	99	8284556	48438	1
A_HP_23	109	Picture	response55	8286651	133	1	40229	1	0	40000	hit	584
A_HP_23	109	Response	2	8296235	9717	1
A_HP_23	109	Pulse	99	8304556	18038	1
A_HP_23	109	Pulse	99	8324556	38038	1
A_HP_23	110	Picture	response53	8337275	357	1	40229	1	0	40000	hit	589
A_HP_23	110	Pulse	99	8344556	7638	1
A_HP_23	110	Response	1	8351315	14397	1
A_HP_23	110	Pulse	99	8364557	27639	1
A_HP_23	110	Pulse	99	8384557	47639	1
A_HP_23	111	Picture	response52	8387566	247	1	40229	1	0	40000	hit	594
A_HP_23	111	Pulse	99	8404557	17238	1
A_HP_23	111	Response	2	8407425	20107	1
A_HP_23	111	Pulse	99	8424557	37238	1
A_HP_23	112	Picture	response51	8437857	139	1	40229	1	0	40000	hit	598
A_HP_23	112	Pulse	99	8444557	6838	1
A_HP_23	112	Response	1	8449745	12027	1
A_HP_23	112	Pulse	99	8464557	26838	1
A_HP_23	112	Pulse	99	8484556	46838	1
A_HP_23	113	Picture	ins11	8488316	197	1	30230	1	0	30000	other	0
A_HP_23	113	Pulse	99	8504557	16438	1
A_HP_23	113	Pulse	99	8524557	36438	1
A_HP_23	113	Pulse	99	8544557	56438	1
A_HP_23	113	Pulse	99	8564557	76438	1
A_HP_23	113	Pulse	99	8584557	96438	1
A_HP_23	113	Pulse	99	8604556	116438	1
A_HP_23	113	Pulse	99	8624557	136438	1
A_HP_23	113	Pulse	99	8644557	156439	1
A_HP_23	113	Pulse	99	8664556	176438	1
A_HP_23	113	Pulse	99	8684557	196438	1
A_HP_23	113	Pulse	99	8704557	216438	1
A_HP_23	113	Pulse	99	8724557	236438	1
A_HP_23	113	Pulse	99	8744557	256438	1
A_HP_23	113	Pulse	99	8764557	276438	1
A_HP_23	113	Pulse	99	8784556	296438	1
A_HP_23	114	Response	3	8804557	6208	1
A_HP_23	114	Pulse	99	8804557	6208	1
A_HP_23	115	Picture	response83	8805154	235	1	40229	1	0	40000	hit	620
A_HP_23	115	Response	1	8819925	15006	1
A_HP_23	115	Pulse	99	8824555	19637	1
A_HP_23	115	Pulse	99	8844556	39638	1
A_HP_23	116	Picture	response84	8855611	293	1	40229	1	0	40000	hit	624
A_HP_23	116	Response	1	8864285	8967	1
A_HP_23	116	Pulse	99	8864556	9238	1
A_HP_23	116	Pulse	99	8884556	29238	1
A_HP_23	116	Pulse	99	8904557	49238	1
A_HP_23	117	Picture	response82	8905903	185	1	40229	1	0	40000	hit	630
A_HP_23	117	Pulse	99	8924556	18838	1
A_HP_23	117	Response	2	8924624	18906	1
A_HP_23	117	Pulse	99	8944556	38838	1
A_HP_23	118	Picture	response85	8956361	243	1	40229	1	0	40000	hit	634
A_HP_23	118	Pulse	99	8964556	8438	1
A_HP_23	118	Response	2	8971505	15387	1
A_HP_23	118	Pulse	99	8984558	28440	1
A_HP_23	118	Pulse	99	9004556	48438	1
A_HP_23	119	Picture	response81	9006652	135	1	40229	1	0	40000	hit	639
A_HP_23	119	Pulse	99	9024556	18038	1
A_HP_23	119	Response	2	9028905	22387	1
A_HP_23	119	Pulse	99	9044556	38038	1
A_HP_23	120	Picture	response88	9057276	358	1	40229	1	0	40000	hit	643
A_HP_23	120	Pulse	99	9064556	7638	1
A_HP_23	120	Response	2	9072404	15486	1
A_HP_23	120	Pulse	99	9084556	27638	1
A_HP_23	120	Pulse	99	9104556	47638	1
A_HP_23	121	Picture	response86	9107567	249	1	40229	1	0	40000	hit	648
A_HP_23	121	Pulse	99	9124556	17239	1
A_HP_23	121	Response	1	9127645	20327	1
A_HP_23	121	Pulse	99	9144556	37238	1
A_HP_23	122	Picture	response87	9157858	140	1	40229	1	0	40000	hit	652
A_HP_23	122	Pulse	99	9164556	6838	1
A_HP_23	122	Response	1	9175165	17447	1
A_HP_23	122	Pulse	99	9184556	26838	1
A_HP_23	122	Pulse	99	9204556	46838	1
A_HP_23	123	Picture	thanks	9207816	0	1	10229	1	0	10000	other	0
A_HP_23	123	Pulse	99	9224556	16740	1


Event Type	Code	Type	Response	RT	RT Uncertainty	Time	Uncertainty	Duration	Uncertainty	ReqTime	ReqDur

Picture	ready	other				504872	1	10229	1	0	10000
Picture	ins3	other				565621	1	30230	1	0	30000
Picture	response22	hit	1	5351	2	885258	1	40229	1	0	40000
Picture	response19	hit	2	4782	2	935717	1	40229	1	0	40000
Picture	response23	hit	2	6560	2	986009	1	40229	1	0	40000
Picture	response20	hit	2	5988	2	1036301	1	40229	1	0	40000
Picture	response21	hit	1	7014	2	1086925	1	40229	1	0	40000
Picture	response18	hit	2	5712	2	1137216	1	40229	1	0	40000
Picture	response17	hit	2	7614	2	1187674	1	40230	1	0	40000
Picture	response24	hit	2	5252	2	1237966	1	40229	1	0	40000
Picture	ins23	other				1288424	1	30229	1	0	30000
Picture	response177	incorrect	2	20760	2	1605258	1	40229	1	0	40000
Picture	response179	incorrect	2	24033	2	1655716	1	40229	1	0	40000
Picture	response182	hit	1	24201	2	1706008	1	40229	1	0	40000
Picture	response178	incorrect	2	25889	2	1756299	1	40229	1	0	40000
Picture	response180	hit	1	27194	2	1806924	1	40230	1	0	40000
Picture	response183	hit	2	33432	2	1857216	1	40229	1	0	40000
Picture	response184	hit	1	22615	2	1907674	1	40229	1	0	40000
Picture	response181	hit	2	34463	2	1957965	1	40229	1	0	40000
Picture	ins17	other				2008423	1	30229	1	0	30000
Picture	response129	hit	1	18984	2	2325254	1	40229	1	0	40000
Picture	response130	hit	2	30045	2	2375712	1	40230	1	0	40000
Picture	response134	hit	2	19234	2	2426004	1	40229	1	0	40000
Picture	response133	hit	1	22822	2	2476296	1	40229	1	0	40000
Picture	response136	hit	1	19657	2	2526921	1	40229	1	0	40000
Picture	response132	incorrect	1	27745	2	2577212	1	40229	1	0	40000
Picture	response135	hit	2	18727	2	2627670	1	40229	1	0	40000
Picture	response131	hit	1	20747	2	2677961	1	40229	1	0	40000
Picture	ins9	other				2728420	1	30229	1	0	30000
Picture	response70	hit	2	19393	2	3045254	1	40229	1	0	40000
Picture	response72	hit	1	21675	2	3095713	1	40229	1	0	40000
Picture	response71	hit	1	21493	2	3146005	1	40229	1	0	40000
Picture	response67	hit	2	16032	2	3196296	1	40229	1	0	40000
Picture	response68	hit	2	24567	2	3246921	1	40229	1	0	40000
Picture	response66	hit	1	21505	2	3297213	1	40229	1	0	40000
Picture	response65	hit	1	21097	2	3347670	1	40229	1	0	40000
Picture	response69	incorrect	2	32686	2	3397961	1	40229	1	0	40000
Picture	ins15	other				3448420	1	30229	1	0	30000
Picture	response117	hit	2	22583	2	3765254	1	40229	1	0	40000
Picture	response119	hit	1	27835	2	3815712	1	40229	1	0	40000
Picture	response120	hit	1	25743	2	3866004	1	40229	1	0	40000
Picture	response114	hit	2	18802	2	3916295	1	40229	1	0	40000
Picture	response113	hit	2	19267	2	3966920	1	40229	1	0	40000
Picture	response118	hit	1	15976	2	4017211	1	40229	1	0	40000
Picture	response115	hit	2	28699	2	4067668	1	40229	1	0	40000
Picture	response116	hit	1	10037	2	4117960	1	40229	1	0	40000
Picture	ins19	other				4168417	1	30229	1	0	30000
Picture	response146	hit	1	29131	2	4485255	1	40229	1	0	40000
Picture	response149	hit	1	19004	2	4535714	1	40229	1	0	40000
Picture	response145	hit	1	27133	2	4586004	1	40229	1	0	40000
Picture	response147	hit	2	20021	2	4636296	1	40229	1	0	40000
Picture	response151	incorrect	2	15027	2	4686920	1	40229	1	0	40000
Picture	response150	hit	2	29926	2	4737211	1	40229	1	0	40000
Picture	response152	hit	1	19549	2	4787668	1	40229	1	0	40000
Picture	response148	hit	1	14128	2	4837960	1	40230	1	0	40000
Picture	ins5	other				4888418	1	30229	1	0	30000
Picture	response40	hit	1	8815	2	5205252	1	40229	1	0	40000
Picture	response33	hit	2	5567	2	5255710	1	40229	1	0	40000
Picture	response39	hit	2	4865	2	5306001	1	40229	1	0	40000
Picture	response37	hit	1	6014	2	5356293	1	40229	1	0	40000
Picture	response34	hit	1	6009	2	5406917	1	40229	1	0	40000
Picture	response36	hit	1	8627	2	5457209	1	40229	1	0	40000
Picture	response38	hit	2	6811	2	5507666	1	40229	1	0	40000
Picture	response35	hit	2	5580	2	5557957	1	40229	1	0	40000
Picture	ins21	other				5608415	1	30229	1	0	30000
Picture	response161	hit	1	16513	2	5925154	1	40229	1	0	40000
Picture	response167	hit	2	20125	2	5975612	1	40229	1	0	40000
Picture	response165	hit	2	25023	2	6025903	1	40229	1	0	40000
Picture	response162	hit	1	26314	2	6076362	1	40229	1	0	40000
Picture	response163	hit	2	19603	2	6126653	1	40229	1	0	40000
Picture	response164	hit	1	16389	2	6177277	1	40229	1	0	40000
Picture	response168	hit	2	23148	2	6227568	1	40229	1	0	40000
Picture	response166	incorrect	2	28847	2	6277858	1	40229	1	0	40000
Picture	ins1	other				6328316	1	30229	1	0	30000
Picture	response7	hit	2	13513	2	6645153	1	40229	1	0	40000
Picture	response1	hit	2	11454	2	6695611	1	40230	1	0	40000
Picture	response8	hit	2	13533	2	6745903	1	40229	1	0	40000
Picture	response2	hit	1	7435	2	6796361	1	40229	1	0	40000
Picture	response3	hit	2	9704	2	6846653	1	40229	1	0	40000
Picture	response4	hit	1	14389	2	6897277	1	40229	1	0	40000
Picture	response5	hit	2	13777	2	6947569	1	40229	1	0	40000
Picture	response6	hit	2	16336	2	6997860	1	40229	1	0	40000
Picture	ins13	other				7048319	1	30230	1	0	30000
Picture	response99	hit	2	13592	2	7365154	1	40229	1	0	40000
Picture	response103	hit	1	11443	2	7415612	1	40229	1	0	40000
Picture	response102	hit	1	16633	2	7465903	1	40229	1	0	40000
Picture	response100	hit	2	18534	2	7516361	1	40229	1	0	40000
Picture	response104	hit	2	14013	2	7566652	1	40229	1	0	40000
Picture	response97	hit	1	16189	2	7617277	1	40229	1	0	40000
Picture	response101	hit	1	8708	2	7667568	1	40229	1	0	40000
Picture	response98	hit	2	12206	2	7717859	1	40229	1	0	40000
Picture	ins7	other				7768317	1	30229	1	0	30000
Picture	response50	hit	2	10613	2	8085153	1	40229	1	0	40000
Picture	response49	hit	2	24184	2	8135611	1	40229	1	0	40000
Picture	response56	hit	2	14394	2	8185902	1	40229	1	0	40000
Picture	response54	hit	1	10244	2	8236360	1	40229	1	0	40000
Picture	response55	hit	2	9584	2	8286651	1	40229	1	0	40000
Picture	response53	hit	1	14040	2	8337275	1	40229	1	0	40000
Picture	response52	hit	2	19860	2	8387566	1	40229	1	0	40000
Picture	response51	hit	1	11888	2	8437857	1	40229	1	0	40000
Picture	ins11	other				8488316	1	30230	1	0	30000
Picture	response83	hit	1	14771	2	8805154	1	40229	1	0	40000
Picture	response84	hit	1	8674	2	8855611	1	40229	1	0	40000
Picture	response82	hit	2	18721	2	8905903	1	40229	1	0	40000
Picture	response85	hit	2	15144	2	8956361	1	40229	1	0	40000
Picture	response81	hit	2	22252	2	9006652	1	40229	1	0	40000
Picture	response88	hit	2	15128	2	9057276	1	40229	1	0	40000
Picture	response86	hit	1	20077	2	9107567	1	40229	1	0	40000
Picture	response87	hit	1	17307	2	9157858	1	40229	1	0	40000
Picture	thanks	other				9207816	1	10229	1	0	10000


{
   "app": "Presentation Version 21.0 Build 06.06.19",
   "device": "LENOVO 20KHCTO1WW",
   "experiment": "{A2FC4E2A-B401-4E65-9CA9-5B09E294C871}",
   "os": "Windows 10 64 bit",
   "package": "",
   "parameters": {
      "configuration": "Default configuration"
   },
   "scenario": "Dimension experiment(1).sce",
   "subject": "A_HP_23",
   "timestamp": "2019/10/17 07:14:58 GMT"
}
