Scenario - 
Logfile written - 09/27/2019 14:06:15

Subject	Trial	Event Type	Code	Time	TTime	Uncertainty	Duration	Uncertainty	ReqTime	ReqDur	Stim Type	Pair Index

A_HP_16	1	Response	3	486832	485832	1
A_HP_16	1	Pulse	99	486832	485832	1
A_HP_16	2	Picture	ready	487020	0	1	10229	1	0	10000	other	0
A_HP_16	2	Pulse	99	506813	19793	1
A_HP_16	2	Pulse	99	526813	39793	1
A_HP_16	2	Pulse	99	546813	59793	1
A_HP_16	3	Picture	ins21	547821	399	1	30229	1	0	30000	other	0
A_HP_16	3	Pulse	99	566813	19391	1
A_HP_16	3	Pulse	99	586813	39391	1
A_HP_16	3	Pulse	99	606813	59391	1
A_HP_16	3	Pulse	99	626813	79391	1
A_HP_16	3	Pulse	99	646813	99391	1
A_HP_16	3	Pulse	99	666813	119391	1
A_HP_16	3	Pulse	99	686813	139391	1
A_HP_16	3	Pulse	99	706813	159391	1
A_HP_16	3	Pulse	99	726813	179391	1
A_HP_16	3	Pulse	99	746813	199391	1
A_HP_16	3	Pulse	99	766813	219391	1
A_HP_16	3	Pulse	99	786814	239392	1
A_HP_16	3	Pulse	99	806813	259391	1
A_HP_16	3	Pulse	99	826813	279391	1
A_HP_16	3	Pulse	99	846813	299391	1
A_HP_16	4	Response	3	866813	9161	1
A_HP_16	4	Pulse	99	866813	9161	1
A_HP_16	5	Picture	response161	867459	236	1	40229	1	0	40000	hit	26
A_HP_16	5	Response	1	884352	17130	1
A_HP_16	5	Pulse	99	886813	19590	1
A_HP_16	5	Pulse	99	906814	39591	1
A_HP_16	6	Picture	response162	917917	294	1	40229	1	0	40000	hit	31
A_HP_16	6	Pulse	99	926814	9191	1
A_HP_16	6	Response	1	936022	18400	1
A_HP_16	6	Pulse	99	946813	29191	1
A_HP_16	6	Pulse	99	966813	49191	1
A_HP_16	7	Picture	response166	968208	186	1	40229	1	0	40000	hit	35
A_HP_16	7	Response	1	986393	18370	1
A_HP_16	7	Pulse	99	986813	18790	1
A_HP_16	7	Pulse	99	1006814	38791	1
A_HP_16	8	Picture	response165	1018500	78	1	40229	1	0	40000	hit	40
A_HP_16	8	Pulse	99	1026814	8391	1
A_HP_16	8	Response	2	1034562	16140	1
A_HP_16	8	Pulse	99	1046814	28391	1
A_HP_16	8	Pulse	99	1066814	48391	1
A_HP_16	9	Picture	response163	1069125	302	1	40229	1	0	40000	hit	45
A_HP_16	9	Pulse	99	1086813	17991	1
A_HP_16	9	Response	2	1088192	19369	1
A_HP_16	9	Pulse	99	1106814	37991	1
A_HP_16	10	Picture	response164	1119417	194	1	40229	1	0	40000	hit	49
A_HP_16	10	Pulse	99	1126814	7591	1
A_HP_16	10	Response	1	1135502	16280	1
A_HP_16	10	Pulse	99	1146814	27591	1
A_HP_16	10	Pulse	99	1166814	47592	1
A_HP_16	11	Picture	response167	1169875	253	1	40230	1	0	40000	hit	54
A_HP_16	11	Pulse	99	1186814	17192	1
A_HP_16	11	Response	2	1200193	30570	1
A_HP_16	11	Pulse	99	1206814	37192	1
A_HP_16	12	Picture	response168	1220167	145	1	40229	1	0	40000	hit	58
A_HP_16	12	Pulse	99	1226814	6791	1
A_HP_16	12	Response	2	1244223	24200	1
A_HP_16	12	Pulse	99	1246813	26791	1
A_HP_16	12	Pulse	99	1266814	46791	1
A_HP_16	13	Picture	ins3	1270625	203	1	30229	1	0	30000	other	0
A_HP_16	13	Pulse	99	1286814	16392	1
A_HP_16	13	Pulse	99	1306814	36391	1
A_HP_16	13	Pulse	99	1326814	56392	1
A_HP_16	13	Pulse	99	1346814	76392	1
A_HP_16	13	Pulse	99	1366814	96391	1
A_HP_16	13	Pulse	99	1386814	116392	1
A_HP_16	13	Pulse	99	1406815	136392	1
A_HP_16	13	Pulse	99	1426815	156392	1
A_HP_16	13	Pulse	99	1446814	176392	1
A_HP_16	13	Pulse	99	1466814	196392	1
A_HP_16	13	Pulse	99	1486814	216392	1
A_HP_16	13	Pulse	99	1506814	236392	1
A_HP_16	13	Pulse	99	1526814	256392	1
A_HP_16	13	Pulse	99	1546815	276393	1
A_HP_16	13	Pulse	99	1566814	296392	1
A_HP_16	14	Response	3	1586815	6162	1
A_HP_16	14	Pulse	99	1586815	6162	1
A_HP_16	15	Picture	response24	1587459	236	1	40229	1	0	40000	hit	80
A_HP_16	15	Response	2	1595473	8250	1
A_HP_16	15	Pulse	99	1606814	19591	1
A_HP_16	15	Pulse	99	1626814	39591	1
A_HP_16	16	Picture	response19	1637918	295	1	40229	1	0	40000	hit	84
A_HP_16	16	Response	2	1644243	6620	1
A_HP_16	16	Pulse	99	1646813	9190	1
A_HP_16	16	Pulse	99	1666815	29192	1
A_HP_16	16	Pulse	99	1686814	49191	1
A_HP_16	17	Picture	response22	1688209	186	1	40230	1	0	40000	hit	89
A_HP_16	17	Response	1	1694363	6340	1
A_HP_16	17	Pulse	99	1706814	18791	1
A_HP_16	17	Pulse	99	1726815	38792	1
A_HP_16	18	Picture	response17	1738501	77	1	40229	1	0	40000	hit	93
A_HP_16	18	Response	2	1744543	6120	1
A_HP_16	18	Pulse	99	1746814	8390	1
A_HP_16	18	Pulse	99	1766815	28391	1
A_HP_16	18	Pulse	99	1786814	48391	1
A_HP_16	19	Picture	response21	1789125	302	1	40229	1	0	40000	hit	98
A_HP_16	19	Response	1	1794224	5400	1
A_HP_16	19	Pulse	99	1806815	17991	1
A_HP_16	19	Pulse	99	1826815	37991	1
A_HP_16	20	Picture	response23	1839417	194	1	40230	1	0	40000	hit	102
A_HP_16	20	Response	2	1845644	6420	1
A_HP_16	20	Pulse	99	1846814	7591	1
A_HP_16	20	Pulse	99	1866815	27592	1
A_HP_16	20	Pulse	99	1886815	47592	1
A_HP_16	21	Picture	response18	1889876	252	1	40229	1	0	40000	hit	107
A_HP_16	21	Response	2	1897984	8360	1
A_HP_16	21	Pulse	99	1906815	17191	1
A_HP_16	21	Pulse	99	1926815	37192	1
A_HP_16	22	Picture	response20	1940168	143	1	40230	1	0	40000	hit	111
A_HP_16	22	Response	2	1946714	6690	1
A_HP_16	22	Pulse	99	1946814	6790	1
A_HP_16	22	Pulse	99	1966815	26791	1
A_HP_16	22	Pulse	99	1986815	46791	1
A_HP_16	23	Picture	ins15	1990626	203	1	30229	1	0	30000	other	0
A_HP_16	23	Pulse	99	2006815	16391	1
A_HP_16	23	Pulse	99	2026815	36392	1
A_HP_16	23	Pulse	99	2046815	56392	1
A_HP_16	23	Pulse	99	2066815	76392	1
A_HP_16	23	Pulse	99	2086815	96392	1
A_HP_16	23	Pulse	99	2106815	116391	1
A_HP_16	23	Pulse	99	2126815	136392	1
A_HP_16	23	Pulse	99	2146815	156392	1
A_HP_16	23	Pulse	99	2166815	176391	1
A_HP_16	23	Pulse	99	2186815	196391	1
A_HP_16	23	Pulse	99	2206815	216392	1
A_HP_16	23	Pulse	99	2226815	236392	1
A_HP_16	23	Pulse	99	2246815	256392	1
A_HP_16	23	Pulse	99	2266815	276392	1
A_HP_16	23	Pulse	99	2286815	296392	1
A_HP_16	24	Response	3	2306816	6162	1
A_HP_16	24	Pulse	99	2306816	6162	1
A_HP_16	25	Picture	response118	2307461	236	1	40229	1	0	40000	hit	134
A_HP_16	25	Response	1	2320134	12910	1
A_HP_16	25	Pulse	99	2326815	19590	1
A_HP_16	25	Pulse	99	2346816	39591	1
A_HP_16	26	Picture	response117	2357919	295	1	40229	1	0	40000	hit	139
A_HP_16	26	Pulse	99	2366815	9191	1
A_HP_16	26	Response	2	2368603	10979	1
A_HP_16	26	Pulse	99	2386815	29191	1
A_HP_16	26	Pulse	99	2406816	49191	1
A_HP_16	27	Picture	response119	2408211	187	1	40229	1	0	40000	hit	143
A_HP_16	27	Response	1	2426224	18200	1
A_HP_16	27	Pulse	99	2426815	18791	1
A_HP_16	27	Pulse	99	2446816	38792	1
A_HP_16	28	Picture	response116	2458503	78	1	40229	1	0	40000	hit	148
A_HP_16	28	Pulse	99	2466816	8391	1
A_HP_16	28	Response	1	2478005	19580	1
A_HP_16	28	Pulse	99	2486815	28391	1
A_HP_16	28	Pulse	99	2506816	48392	1
A_HP_16	29	Picture	response115	2509127	302	1	40229	1	0	40000	hit	153
A_HP_16	29	Pulse	99	2526816	17992	1
A_HP_16	29	Response	2	2529564	20739	1
A_HP_16	29	Pulse	99	2546815	37991	1
A_HP_16	30	Picture	response114	2559419	194	1	40229	1	0	40000	hit	157
A_HP_16	30	Pulse	99	2566816	7591	1
A_HP_16	30	Response	2	2574054	14830	1
A_HP_16	30	Pulse	99	2586816	27591	1
A_HP_16	30	Pulse	99	2606816	47591	1
A_HP_16	31	Picture	response113	2609877	252	1	40229	1	0	40000	hit	161
A_HP_16	31	Response	2	2624235	14611	1
A_HP_16	31	Pulse	99	2626815	17191	1
A_HP_16	31	Pulse	99	2646816	37191	1
A_HP_16	32	Picture	response120	2660169	143	1	40229	1	0	40000	hit	166
A_HP_16	32	Pulse	99	2666816	6791	1
A_HP_16	32	Response	1	2678295	18269	1
A_HP_16	32	Pulse	99	2686816	26791	1
A_HP_16	32	Pulse	99	2706816	46791	1
A_HP_16	33	Picture	ins17	2710627	202	1	30229	1	0	30000	other	0
A_HP_16	33	Pulse	99	2726816	16391	1
A_HP_16	33	Pulse	99	2746816	36391	1
A_HP_16	33	Pulse	99	2766816	56391	1
A_HP_16	33	Pulse	99	2786816	76391	1
A_HP_16	33	Pulse	99	2806816	96391	1
A_HP_16	33	Pulse	99	2826816	116391	1
A_HP_16	33	Pulse	99	2846816	136391	1
A_HP_16	33	Pulse	99	2866816	156391	1
A_HP_16	33	Pulse	99	2886816	176391	1
A_HP_16	33	Pulse	99	2906816	196391	1
A_HP_16	33	Pulse	99	2926817	216391	1
A_HP_16	33	Pulse	99	2946816	236391	1
A_HP_16	33	Pulse	99	2966816	256391	1
A_HP_16	33	Pulse	99	2986816	276391	1
A_HP_16	33	Pulse	99	3006816	296391	1
A_HP_16	34	Response	3	3026817	5994	1
A_HP_16	34	Pulse	99	3026817	5994	1
A_HP_16	35	Picture	response129	3027456	230	1	40229	1	0	40000	incorrect	189
A_HP_16	35	Pulse	99	3046817	19591	1
A_HP_16	35	Response	2	3060465	33239	1
A_HP_16	35	Pulse	99	3066816	39590	1
A_HP_16	36	Picture	response135	3077914	289	1	40229	1	0	40000	incorrect	193
A_HP_16	36	Pulse	99	3086816	9191	1
A_HP_16	36	Response	1	3101007	23382	1
A_HP_16	36	Pulse	99	3106816	29191	1
A_HP_16	36	Pulse	99	3126817	49191	1
A_HP_16	37	Picture	response132	3128205	179	1	40229	1	0	40000	hit	198
A_HP_16	37	Pulse	99	3146817	18791	1
A_HP_16	37	Response	2	3161775	33750	1
A_HP_16	37	Pulse	99	3166816	38790	1
A_HP_16	38	Picture	response134	3178496	71	1	40230	1	0	40000	hit	202
A_HP_16	38	Pulse	99	3186817	8391	1
A_HP_16	38	Response	2	3202635	24210	1
A_HP_16	38	Pulse	99	3206816	28390	1
A_HP_16	38	Pulse	99	3226817	48391	1
A_HP_16	39	Picture	response131	3229121	296	1	40229	1	0	40000	hit	207
A_HP_16	39	Pulse	99	3246817	17992	1
A_HP_16	39	Response	1	3250085	21259	1
A_HP_16	39	Pulse	99	3266817	37992	1
A_HP_16	40	Picture	response136	3279413	187	1	40229	1	0	40000	hit	212
A_HP_16	40	Pulse	99	3286817	7591	1
A_HP_16	40	Pulse	99	3306817	27591	1
A_HP_16	40	Response	1	3312685	33460	1
A_HP_16	40	Pulse	99	3326817	47591	1
A_HP_16	41	Picture	response130	3329871	245	1	40229	1	0	40000	hit	216
A_HP_16	41	Pulse	99	3346817	17191	1
A_HP_16	41	Response	2	3355586	25959	1
A_HP_16	41	Pulse	99	3366817	37191	1
A_HP_16	42	Picture	response133	3380163	137	1	40229	1	0	40000	hit	220
A_HP_16	42	Pulse	99	3386817	6791	1
A_HP_16	42	Response	1	3395206	15180	1
A_HP_16	42	Pulse	99	3406816	26791	1
A_HP_16	42	Pulse	99	3426817	46791	1
A_HP_16	43	Picture	ins11	3430621	195	1	30229	1	0	30000	other	0
A_HP_16	43	Pulse	99	3446817	16391	1
A_HP_16	43	Pulse	99	3466817	36392	1
A_HP_16	43	Pulse	99	3486817	56392	1
A_HP_16	43	Pulse	99	3506817	76392	1
A_HP_16	43	Pulse	99	3526818	96392	1
A_HP_16	43	Pulse	99	3546817	116392	1
A_HP_16	43	Pulse	99	3566817	136392	1
A_HP_16	43	Pulse	99	3586818	156392	1
A_HP_16	43	Pulse	99	3606818	176392	1
A_HP_16	43	Pulse	99	3626818	196392	1
A_HP_16	43	Pulse	99	3646818	216392	1
A_HP_16	43	Pulse	99	3666818	236392	1
A_HP_16	43	Pulse	99	3686817	256392	1
A_HP_16	43	Pulse	99	3706818	276392	1
A_HP_16	43	Pulse	99	3726817	296392	1
A_HP_16	44	Response	3	3746817	6161	1
A_HP_16	44	Pulse	99	3746817	6161	1
A_HP_16	45	Picture	response85	3747462	235	1	40229	1	0	40000	hit	242
A_HP_16	45	Response	2	3766226	19000	1
A_HP_16	45	Pulse	99	3766817	19590	1
A_HP_16	45	Pulse	99	3786818	39591	1
A_HP_16	46	Picture	response81	3797920	294	1	40229	1	0	40000	hit	247
A_HP_16	46	Pulse	99	3806817	9191	1
A_HP_16	46	Response	2	3813616	15990	1
A_HP_16	46	Pulse	99	3826818	29191	1
A_HP_16	46	Pulse	99	3846818	49191	1
A_HP_16	47	Picture	response87	3848212	185	1	40229	1	0	40000	hit	252
A_HP_16	47	Pulse	99	3866818	18791	1
A_HP_16	47	Response	1	3868106	20079	1
A_HP_16	47	Pulse	99	3886818	38791	1
A_HP_16	48	Picture	response82	3898503	77	1	40229	1	0	40000	hit	256
A_HP_16	48	Pulse	99	3906818	8391	1
A_HP_16	48	Response	2	3911277	12850	1
A_HP_16	48	Pulse	99	3926818	28391	1
A_HP_16	48	Pulse	99	3946818	48391	1
A_HP_16	49	Picture	response88	3949128	301	1	40229	1	0	40000	hit	261
A_HP_16	49	Pulse	99	3966818	17991	1
A_HP_16	49	Response	2	3970827	22000	1
A_HP_16	49	Pulse	99	3986818	37991	1
A_HP_16	50	Picture	response86	3999420	193	1	40230	1	0	40000	hit	265
A_HP_16	50	Pulse	99	4006818	7591	1
A_HP_16	50	Response	1	4022107	22880	1
A_HP_16	50	Pulse	99	4026818	27591	1
A_HP_16	50	Pulse	99	4046818	47592	1
A_HP_16	51	Picture	response84	4049878	251	1	40229	1	0	40000	hit	269
A_HP_16	51	Response	1	4065217	15590	1
A_HP_16	51	Pulse	99	4066817	17190	1
A_HP_16	51	Pulse	99	4086818	37191	1
A_HP_16	52	Picture	response83	4100170	143	1	40230	1	0	40000	hit	274
A_HP_16	52	Pulse	99	4106818	6791	1
A_HP_16	52	Response	1	4123457	23430	1
A_HP_16	52	Pulse	99	4126817	26790	1
A_HP_16	52	Pulse	99	4146818	46791	1
A_HP_16	53	Picture	ins19	4150629	202	1	30255	1	0	30000	other	0
A_HP_16	53	Pulse	99	4166818	16391	1
A_HP_16	53	Pulse	99	4186818	36391	1
A_HP_16	53	Pulse	99	4206818	56391	1
A_HP_16	53	Pulse	99	4226818	76391	1
A_HP_16	53	Pulse	99	4246818	96391	1
A_HP_16	53	Pulse	99	4266818	116391	1
A_HP_16	53	Pulse	99	4286819	136391	1
A_HP_16	53	Pulse	99	4306819	156392	1
A_HP_16	53	Pulse	99	4326819	176392	1
A_HP_16	53	Pulse	99	4346819	196392	1
A_HP_16	53	Pulse	99	4366818	216391	1
A_HP_16	53	Pulse	99	4386819	236392	1
A_HP_16	53	Pulse	99	4406819	256391	1
A_HP_16	53	Pulse	99	4426818	276391	1
A_HP_16	53	Pulse	99	4446818	296391	1
A_HP_16	54	Response	3	4466818	6161	1
A_HP_16	54	Pulse	99	4466818	6161	1
A_HP_16	55	Picture	response152	4467463	236	1	40229	1	0	40000	hit	296
A_HP_16	55	Response	1	4483827	16600	1
A_HP_16	55	Pulse	99	4486818	19591	1
A_HP_16	55	Pulse	99	4506819	39591	1
A_HP_16	56	Picture	response146	4517921	294	1	40230	1	0	40000	hit	301
A_HP_16	56	Pulse	99	4526819	9191	1
A_HP_16	56	Response	1	4535327	17700	1
A_HP_16	56	Pulse	99	4546818	29191	1
A_HP_16	56	Pulse	99	4566819	49191	1
A_HP_16	57	Picture	response149	4568213	186	1	40229	1	0	40000	hit	306
A_HP_16	57	Pulse	99	4586819	18791	1
A_HP_16	57	Response	1	4590467	22440	1
A_HP_16	57	Pulse	99	4606818	38791	1
A_HP_16	58	Picture	response150	4618505	77	1	40229	1	0	40000	hit	310
A_HP_16	58	Pulse	99	4626819	8392	1
A_HP_16	58	Response	2	4639308	20880	1
A_HP_16	58	Pulse	99	4646818	28391	1
A_HP_16	58	Pulse	99	4666819	48391	1
A_HP_16	59	Picture	response151	4669130	302	1	40229	1	0	40000	hit	315
A_HP_16	59	Pulse	99	4686819	17992	1
A_HP_16	59	Response	1	4692248	23420	1
A_HP_16	59	Pulse	99	4706819	37991	1
A_HP_16	60	Picture	response145	4719422	193	1	40229	1	0	40000	hit	320
A_HP_16	60	Pulse	99	4726819	7591	1
A_HP_16	60	Pulse	99	4746819	27591	1
A_HP_16	60	Response	1	4748737	29509	1
A_HP_16	60	Pulse	99	4766819	47591	1
A_HP_16	61	Picture	response147	4769879	251	1	40233	1	0	40000	hit	324
A_HP_16	61	Pulse	99	4786819	17191	1
A_HP_16	61	Response	2	4796668	27040	1
A_HP_16	61	Pulse	99	4806819	37191	1
A_HP_16	62	Picture	response148	4820175	147	1	40229	1	0	40000	hit	328
A_HP_16	62	Pulse	99	4826819	6791	1
A_HP_16	62	Response	1	4840578	20550	1
A_HP_16	62	Pulse	99	4846819	26791	1
A_HP_16	62	Pulse	99	4866819	46791	1
A_HP_16	63	Picture	ins13	4870633	204	1	30230	1	0	30000	other	0
A_HP_16	63	Pulse	99	4886819	16391	1
A_HP_16	63	Pulse	99	4906819	36391	1
A_HP_16	63	Pulse	99	4926820	56391	1
A_HP_16	63	Pulse	99	4946819	76391	1
A_HP_16	63	Pulse	99	4966820	96391	1
A_HP_16	63	Pulse	99	4986819	116391	1
A_HP_16	63	Pulse	99	5006819	136391	1
A_HP_16	63	Pulse	99	5026819	156391	1
A_HP_16	63	Pulse	99	5046819	176391	1
A_HP_16	63	Pulse	99	5066819	196391	1
A_HP_16	63	Pulse	99	5086819	216391	1
A_HP_16	63	Pulse	99	5106820	236391	1
A_HP_16	63	Pulse	99	5126820	256391	1
A_HP_16	63	Pulse	99	5146820	276391	1
A_HP_16	63	Pulse	99	5166820	296391	1
A_HP_16	64	Response	3	5186820	5994	1
A_HP_16	64	Pulse	99	5186820	5994	1
A_HP_16	65	Picture	response99	5187463	235	1	40229	1	0	40000	hit	350
A_HP_16	65	Response	2	5201239	14010	1
A_HP_16	65	Pulse	99	5206819	19591	1
A_HP_16	65	Pulse	99	5226820	39592	1
A_HP_16	66	Picture	response104	5237921	292	1	40229	1	0	40000	hit	355
A_HP_16	66	Pulse	99	5246820	9191	1
A_HP_16	66	Response	2	5254078	16450	1
A_HP_16	66	Pulse	99	5266820	29191	1
A_HP_16	66	Pulse	99	5286820	49191	1
A_HP_16	67	Picture	response102	5288213	184	1	40229	1	0	40000	hit	359
A_HP_16	67	Response	1	5299638	11609	1
A_HP_16	67	Pulse	99	5306819	18790	1
A_HP_16	67	Pulse	99	5326820	38791	1
A_HP_16	68	Picture	response98	5338505	76	1	40229	1	0	40000	hit	364
A_HP_16	68	Pulse	99	5346820	8391	1
A_HP_16	68	Response	2	5350558	12129	1
A_HP_16	68	Pulse	99	5366820	28391	1
A_HP_16	68	Pulse	99	5386820	48391	1
A_HP_16	69	Picture	response100	5389130	301	1	40229	1	0	40000	hit	369
A_HP_16	69	Pulse	99	5406820	17991	1
A_HP_16	69	Response	2	5411538	22709	1
A_HP_16	69	Pulse	99	5426820	37991	1
A_HP_16	70	Picture	response101	5439421	193	1	40229	1	0	40000	hit	373
A_HP_16	70	Pulse	99	5446820	7592	1
A_HP_16	70	Response	1	5450518	11290	1
A_HP_16	70	Pulse	99	5466820	27592	1
A_HP_16	70	Pulse	99	5486820	47592	1
A_HP_16	71	Picture	response97	5489879	250	1	40229	1	0	40000	hit	377
A_HP_16	71	Response	1	5497989	8360	1
A_HP_16	71	Pulse	99	5506820	17191	1
A_HP_16	71	Pulse	99	5526820	37191	1
A_HP_16	72	Picture	response103	5540171	142	1	40229	1	0	40000	hit	382
A_HP_16	72	Pulse	99	5546820	6791	1
A_HP_16	72	Response	1	5554139	14110	1
A_HP_16	72	Pulse	99	5566820	26791	1
A_HP_16	72	Pulse	99	5586820	46791	1
A_HP_16	73	Picture	ins5	5590629	200	1	30229	1	0	30000	other	0
A_HP_16	73	Pulse	99	5606820	16391	1
A_HP_16	73	Pulse	99	5626820	36391	1
A_HP_16	73	Pulse	99	5646820	56391	1
A_HP_16	73	Pulse	99	5666820	76392	1
A_HP_16	73	Pulse	99	5686820	96391	1
A_HP_16	73	Pulse	99	5706820	116391	1
A_HP_16	73	Pulse	99	5726820	136392	1
A_HP_16	73	Pulse	99	5746820	156392	1
A_HP_16	73	Pulse	99	5766820	176392	1
A_HP_16	73	Pulse	99	5786820	196392	1
A_HP_16	73	Pulse	99	5806820	216392	1
A_HP_16	73	Pulse	99	5826821	236392	1
A_HP_16	73	Pulse	99	5846820	256392	1
A_HP_16	73	Pulse	99	5866821	276392	1
A_HP_16	73	Pulse	99	5886821	296392	1
A_HP_16	74	Response	3	5906821	6162	1
A_HP_16	74	Pulse	99	5906821	6162	1
A_HP_16	75	Picture	response38	5907465	235	1	40230	1	0	40000	hit	404
A_HP_16	75	Response	2	5920240	13010	1
A_HP_16	75	Pulse	99	5926820	19591	1
A_HP_16	75	Pulse	99	5946821	39591	1
A_HP_16	76	Picture	response36	5957924	294	1	40229	1	0	40000	hit	408
A_HP_16	76	Response	1	5963429	5799	1
A_HP_16	76	Pulse	99	5966820	9190	1
A_HP_16	76	Pulse	99	5986821	29191	1
A_HP_16	76	Pulse	99	6006821	49191	1
A_HP_16	77	Picture	response40	6008216	187	1	40230	1	0	40000	hit	413
A_HP_16	77	Response	1	6014420	6390	1
A_HP_16	77	Pulse	99	6026821	18791	1
A_HP_16	77	Pulse	99	6046820	38791	1
A_HP_16	78	Picture	response37	6058508	79	1	40230	1	0	40000	hit	417
A_HP_16	78	Response	1	6064310	5881	1
A_HP_16	78	Pulse	99	6066820	8391	1
A_HP_16	78	Pulse	99	6086821	28391	1
A_HP_16	78	Pulse	99	6106821	48391	1
A_HP_16	79	Picture	response39	6109134	304	1	40230	1	0	40000	hit	422
A_HP_16	79	Response	2	6116270	7440	1
A_HP_16	79	Pulse	99	6126821	17991	1
A_HP_16	79	Pulse	99	6146821	37991	1
A_HP_16	80	Picture	response35	6159426	196	1	40229	1	0	40000	hit	427
A_HP_16	80	Pulse	99	6166821	7591	1
A_HP_16	80	Response	2	6167399	8169	1
A_HP_16	80	Pulse	99	6186821	27591	1
A_HP_16	80	Pulse	99	6206821	47591	1
A_HP_16	81	Picture	response34	6209884	255	1	40230	1	0	40000	hit	431
A_HP_16	81	Response	1	6215010	5381	1
A_HP_16	81	Pulse	99	6226821	17192	1
A_HP_16	81	Pulse	99	6246821	37192	1
A_HP_16	82	Picture	response33	6260176	147	1	40229	1	0	40000	hit	436
A_HP_16	82	Pulse	99	6266821	6791	1
A_HP_16	82	Response	2	6272390	12360	1
A_HP_16	82	Pulse	99	6286821	26791	1
A_HP_16	82	Pulse	99	6306821	46791	1
A_HP_16	83	Picture	ins1	6310635	204	1	30229	1	0	30000	other	0
A_HP_16	83	Pulse	99	6326822	16391	1
A_HP_16	83	Pulse	99	6346822	36391	1
A_HP_16	83	Pulse	99	6366741	56311	1
A_HP_16	83	Pulse	99	6386821	76391	1
A_HP_16	83	Pulse	99	6406821	96391	1
A_HP_16	83	Pulse	99	6426742	116311	1
A_HP_16	83	Pulse	99	6446821	136391	1
A_HP_16	83	Pulse	99	6466822	156391	1
A_HP_16	83	Pulse	99	6486741	176311	1
A_HP_16	83	Pulse	99	6506822	196391	1
A_HP_16	83	Pulse	99	6526822	216391	1
A_HP_16	83	Pulse	99	6546822	236391	1
A_HP_16	83	Pulse	99	6566822	256391	1
A_HP_16	83	Pulse	99	6586822	276391	1
A_HP_16	83	Pulse	99	6606822	296391	1
A_HP_16	84	Response	3	6626822	5994	1
A_HP_16	84	Pulse	99	6626822	5994	1
A_HP_16	85	Picture	response8	6627466	235	1	40230	1	0	40000	hit	458
A_HP_16	85	Response	2	6636770	9540	1
A_HP_16	85	Pulse	99	6646821	19590	1
A_HP_16	85	Pulse	99	6666822	39591	1
A_HP_16	86	Picture	response5	6677925	294	1	40230	1	0	40000	hit	463
A_HP_16	86	Pulse	99	6686822	9192	1
A_HP_16	86	Response	2	6688280	10649	1
A_HP_16	86	Pulse	99	6706822	29191	1
A_HP_16	86	Pulse	99	6726822	49191	1
A_HP_16	87	Picture	response3	6728217	187	1	40229	1	0	40000	hit	467
A_HP_16	87	Response	2	6738501	10470	1
A_HP_16	87	Pulse	99	6746822	18792	1
A_HP_16	87	Pulse	99	6766822	38792	1
A_HP_16	88	Picture	response6	6778509	78	1	40229	1	0	40000	hit	472
A_HP_16	88	Pulse	99	6786822	8391	1
A_HP_16	88	Response	2	6789610	11179	1
A_HP_16	88	Pulse	99	6806742	28311	1
A_HP_16	88	Pulse	99	6826822	48392	1
A_HP_16	89	Picture	response4	6829133	302	1	40229	1	0	40000	hit	476
A_HP_16	89	Response	1	6842901	14070	1
A_HP_16	89	Pulse	99	6846821	17990	1
A_HP_16	89	Pulse	99	6866742	37911	1
A_HP_16	90	Picture	response7	6879425	194	1	40229	1	0	40000	hit	481
A_HP_16	90	Pulse	99	6886822	7591	1
A_HP_16	90	Response	2	6888620	9389	1
A_HP_16	90	Pulse	99	6906822	27592	1
A_HP_16	90	Pulse	99	6926742	47511	1
A_HP_16	91	Picture	response1	6929883	253	1	40229	1	0	40000	hit	485
A_HP_16	91	Response	2	6941451	11820	1
A_HP_16	91	Pulse	99	6946822	17191	1
A_HP_16	91	Pulse	99	6966822	37192	1
A_HP_16	92	Picture	response2	6980175	144	1	40229	1	0	40000	hit	490
A_HP_16	92	Pulse	99	6986742	6711	1
A_HP_16	92	Response	1	6991990	11960	1
A_HP_16	92	Pulse	99	7006822	26792	1
A_HP_16	92	Pulse	99	7026822	46791	1
A_HP_16	93	Picture	ins23	7030633	202	1	30230	1	0	30000	other	0
A_HP_16	93	Pulse	99	7046742	16311	1
A_HP_16	93	Pulse	99	7066822	36391	1
A_HP_16	93	Pulse	99	7086823	56391	1
A_HP_16	93	Pulse	99	7106742	76311	1
A_HP_16	93	Pulse	99	7126822	96390	1
A_HP_16	93	Pulse	99	7146822	116391	1
A_HP_16	93	Pulse	99	7166823	136391	1
A_HP_16	93	Pulse	99	7186822	156391	1
A_HP_16	93	Pulse	99	7206823	176391	1
A_HP_16	93	Pulse	99	7226822	196391	1
A_HP_16	93	Pulse	99	7246823	216391	1
A_HP_16	93	Pulse	99	7266823	236391	1
A_HP_16	93	Pulse	99	7286822	256391	1
A_HP_16	93	Pulse	99	7306743	276311	1
A_HP_16	93	Pulse	99	7326823	296391	1
A_HP_16	94	Response	3	7346823	5994	1
A_HP_16	94	Pulse	99	7346823	5994	1
A_HP_16	95	Picture	response182	7347467	235	1	40229	1	0	40000	hit	512
A_HP_16	95	Response	1	7365972	18740	1
A_HP_16	95	Pulse	99	7366743	19511	1
A_HP_16	95	Pulse	99	7386823	39591	1
A_HP_16	96	Picture	response178	7397925	294	1	40229	1	0	40000	hit	517
A_HP_16	96	Pulse	99	7406823	9191	1
A_HP_16	96	Response	1	7407031	9399	1
A_HP_16	96	Pulse	99	7426743	29111	1
A_HP_16	96	Pulse	99	7446823	49191	1
A_HP_16	97	Picture	response184	7448217	185	1	40230	1	0	40000	hit	522
A_HP_16	97	Pulse	99	7466823	18791	1
A_HP_16	97	Response	1	7470561	22529	1
A_HP_16	97	Pulse	99	7486743	38711	1
A_HP_16	98	Picture	response179	7498509	77	1	40229	1	0	40000	hit	526
A_HP_16	98	Pulse	99	7506823	8391	1
A_HP_16	98	Response	1	7514152	15720	1
A_HP_16	98	Pulse	99	7526823	28391	1
A_HP_16	98	Pulse	99	7546743	48311	1
A_HP_16	99	Picture	response177	7549133	301	1	40229	1	0	40000	hit	531
A_HP_16	99	Pulse	99	7566823	17991	1
A_HP_16	99	Response	1	7574792	25960	1
A_HP_16	99	Pulse	99	7586823	37991	1
A_HP_16	100	Picture	response183	7599425	193	1	40229	1	0	40000	hit	535
A_HP_16	100	Pulse	99	7606743	7512	1
A_HP_16	100	Response	2	7620052	20820	1
A_HP_16	100	Pulse	99	7626823	27591	1
A_HP_16	100	Pulse	99	7646823	47592	1
A_HP_16	101	Picture	response180	7649883	251	1	40229	1	0	40000	hit	540
A_HP_16	101	Pulse	99	7666743	17111	1
A_HP_16	101	Response	1	7672222	22590	1
A_HP_16	101	Pulse	99	7686823	37191	1
A_HP_16	102	Picture	response181	7700174	142	1	40229	1	0	40000	hit	545
A_HP_16	102	Pulse	99	7706823	6792	1
A_HP_16	102	Pulse	99	7726744	26712	1
A_HP_16	102	Response	2	7728621	28589	1
A_HP_16	102	Pulse	99	7746743	46712	1
A_HP_16	103	Picture	ins7	7750632	200	1	30363	1	0	30000	other	0
A_HP_16	103	Pulse	99	7766824	16391	1
A_HP_16	103	Pulse	99	7786823	36391	1
A_HP_16	103	Pulse	99	7806743	56311	1
A_HP_16	103	Pulse	99	7826823	76391	1
A_HP_16	103	Pulse	99	7846824	96391	1
A_HP_16	103	Pulse	99	7866744	116311	1
A_HP_16	103	Pulse	99	7886824	136391	1
A_HP_16	103	Pulse	99	7906823	156391	1
A_HP_16	103	Pulse	99	7926744	176311	1
A_HP_16	103	Pulse	99	7946824	196391	1
A_HP_16	103	Pulse	99	7966824	216391	1
A_HP_16	103	Pulse	99	7986744	236312	1
A_HP_16	103	Pulse	99	8006824	256392	1
A_HP_16	103	Pulse	99	8026824	276392	1
A_HP_16	103	Pulse	99	8046744	296312	1
A_HP_16	104	Response	3	8066824	5995	1
A_HP_16	104	Pulse	99	8066824	5995	1
A_HP_16	105	Picture	response55	8067469	236	1	40229	1	0	40000	hit	566
A_HP_16	105	Response	2	8077642	10409	1
A_HP_16	105	Pulse	99	8086823	19590	1
A_HP_16	105	Pulse	99	8106744	39511	1
A_HP_16	106	Picture	response49	8117927	294	1	40229	1	0	40000	hit	571
A_HP_16	106	Pulse	99	8126824	9191	1
A_HP_16	106	Response	2	8129992	12359	1
A_HP_16	106	Pulse	99	8146824	29191	1
A_HP_16	106	Pulse	99	8166744	49111	1
A_HP_16	107	Picture	response56	8168218	185	1	40229	1	0	40000	hit	575
A_HP_16	107	Response	2	8179643	11610	1
A_HP_16	107	Pulse	99	8186823	18790	1
A_HP_16	107	Pulse	99	8206824	38791	1
A_HP_16	108	Picture	response52	8218510	77	1	40229	1	0	40000	hit	580
A_HP_16	108	Pulse	99	8226744	8311	1
A_HP_16	108	Response	2	8231413	12980	1
A_HP_16	108	Pulse	99	8246744	28311	1
A_HP_16	108	Pulse	99	8266824	48391	1
A_HP_16	109	Picture	response50	8269135	302	1	40230	1	0	40000	hit	585
A_HP_16	109	Pulse	99	8286744	17911	1
A_HP_16	109	Response	2	8287062	18229	1
A_HP_16	109	Pulse	99	8306744	37911	1
A_HP_16	110	Picture	response51	8319427	194	1	40229	1	0	40000	hit	589
A_HP_16	110	Pulse	99	8326824	7591	1
A_HP_16	110	Response	1	8330593	11359	1
A_HP_16	110	Pulse	99	8346744	27511	1
A_HP_16	110	Pulse	99	8366744	47511	1
A_HP_16	111	Picture	response53	8369885	252	1	40229	1	0	40000	hit	593
A_HP_16	111	Response	1	8381623	11990	1
A_HP_16	111	Pulse	99	8386824	17191	1
A_HP_16	111	Pulse	99	8406744	37111	1
A_HP_16	112	Picture	response54	8420176	143	1	40229	1	0	40000	hit	598
A_HP_16	112	Pulse	99	8426744	6711	1
A_HP_16	112	Response	1	8429462	9429	1
A_HP_16	112	Pulse	99	8446825	26791	1
A_HP_16	112	Pulse	99	8466825	46791	1
A_HP_16	113	Picture	ins9	8470634	201	1	30229	1	0	30000	other	0
A_HP_16	113	Pulse	99	8486744	16311	1
A_HP_16	113	Pulse	99	8506825	36391	1
A_HP_16	113	Pulse	99	8526825	56391	1
A_HP_16	113	Pulse	99	8546745	76311	1
A_HP_16	113	Pulse	99	8566825	96391	1
A_HP_16	113	Pulse	99	8586825	116391	1
A_HP_16	113	Pulse	99	8606745	136311	1
A_HP_16	113	Pulse	99	8626825	156391	1
A_HP_16	113	Pulse	99	8646825	176391	1
A_HP_16	113	Pulse	99	8666745	196311	1
A_HP_16	113	Pulse	99	8686745	216312	1
A_HP_16	113	Pulse	99	8706825	236392	1
A_HP_16	113	Pulse	99	8726745	256312	1
A_HP_16	113	Pulse	99	8746745	276312	1
A_HP_16	113	Pulse	99	8766825	296392	1
A_HP_16	114	Response	3	8786745	5915	1
A_HP_16	114	Pulse	99	8786745	5915	1
A_HP_16	115	Picture	response71	8787369	235	1	40229	1	0	40000	hit	620
A_HP_16	115	Response	1	8799764	12630	1
A_HP_16	115	Pulse	99	8806745	19611	1
A_HP_16	115	Pulse	99	8826825	39691	1
A_HP_16	116	Picture	response68	8837827	294	1	40230	1	0	40000	hit	625
A_HP_16	116	Pulse	99	8846745	9211	1
A_HP_16	116	Response	2	8851724	14190	1
A_HP_16	116	Pulse	99	8866745	29212	1
A_HP_16	116	Pulse	99	8886825	49291	1
A_HP_16	117	Picture	response72	8888119	185	1	40229	1	0	40000	hit	629
A_HP_16	117	Response	1	8897904	9970	1
A_HP_16	117	Pulse	99	8906745	18810	1
A_HP_16	117	Pulse	99	8926745	38811	1
A_HP_16	118	Picture	response65	8938577	243	1	40229	1	0	40000	hit	634
A_HP_16	118	Pulse	99	8946825	8491	1
A_HP_16	118	Response	1	8961184	22849	1
A_HP_16	118	Pulse	99	8966744	28410	1
A_HP_16	118	Pulse	99	8986745	48411	1
A_HP_16	119	Picture	response69	8988869	135	1	40230	1	0	40000	hit	638
A_HP_16	119	Response	1	9004244	15510	1
A_HP_16	119	Pulse	99	9006824	18090	1
A_HP_16	119	Pulse	99	9026745	38011	1
A_HP_16	120	Picture	response67	9039494	360	1	40230	1	0	40000	hit	643
A_HP_16	120	Pulse	99	9046745	7611	1
A_HP_16	120	Response	2	9061634	22499	1
A_HP_16	120	Pulse	99	9066825	27690	1
A_HP_16	120	Pulse	99	9086825	47691	1
A_HP_16	121	Picture	response66	9089786	252	1	40229	1	0	40000	hit	648
A_HP_16	121	Pulse	99	9106745	17211	1
A_HP_16	121	Response	1	9111444	21910	1
A_HP_16	121	Pulse	99	9126825	37291	1
A_HP_16	122	Picture	response70	9140078	144	1	40230	1	0	40000	hit	652
A_HP_16	122	Pulse	99	9146825	6891	1
A_HP_16	122	Response	2	9160374	20440	1
A_HP_16	122	Pulse	99	9166745	26811	1
A_HP_16	122	Pulse	99	9186746	46812	1
A_HP_16	123	Picture	thanks	9190037	0	1	10229	1	0	10000	other	0
A_HP_16	123	Pulse	99	9206825	16788	1


Event Type	Code	Type	Response	RT	RT Uncertainty	Time	Uncertainty	Duration	Uncertainty	ReqTime	ReqDur

Picture	ready	other				487020	1	10229	1	0	10000
Picture	ins21	other				547821	1	30229	1	0	30000
Picture	response161	hit	1	16894	2	867459	1	40229	1	0	40000
Picture	response162	hit	1	18105	2	917917	1	40229	1	0	40000
Picture	response166	hit	1	18184	2	968208	1	40229	1	0	40000
Picture	response165	hit	2	16062	2	1018500	1	40229	1	0	40000
Picture	response163	hit	2	19067	2	1069125	1	40229	1	0	40000
Picture	response164	hit	1	16086	2	1119417	1	40229	1	0	40000
Picture	response167	hit	2	30317	2	1169875	1	40230	1	0	40000
Picture	response168	hit	2	24056	2	1220167	1	40229	1	0	40000
Picture	ins3	other				1270625	1	30229	1	0	30000
Picture	response24	hit	2	8014	2	1587459	1	40229	1	0	40000
Picture	response19	hit	2	6326	2	1637918	1	40229	1	0	40000
Picture	response22	hit	1	6154	2	1688209	1	40230	1	0	40000
Picture	response17	hit	2	6042	2	1738501	1	40229	1	0	40000
Picture	response21	hit	1	5098	2	1789125	1	40229	1	0	40000
Picture	response23	hit	2	6227	2	1839417	1	40230	1	0	40000
Picture	response18	hit	2	8108	2	1889876	1	40229	1	0	40000
Picture	response20	hit	2	6546	2	1940168	1	40230	1	0	40000
Picture	ins15	other				1990626	1	30229	1	0	30000
Picture	response118	hit	1	12674	2	2307461	1	40229	1	0	40000
Picture	response117	hit	2	10684	2	2357919	1	40229	1	0	40000
Picture	response119	hit	1	18013	2	2408211	1	40229	1	0	40000
Picture	response116	hit	1	19502	2	2458503	1	40229	1	0	40000
Picture	response115	hit	2	20437	2	2509127	1	40229	1	0	40000
Picture	response114	hit	2	14636	2	2559419	1	40229	1	0	40000
Picture	response113	hit	2	14358	2	2609877	1	40229	1	0	40000
Picture	response120	hit	1	18126	2	2660169	1	40229	1	0	40000
Picture	ins17	other				2710627	1	30229	1	0	30000
Picture	response129	incorrect	2	33009	2	3027456	1	40229	1	0	40000
Picture	response135	incorrect	1	23093	2	3077914	1	40229	1	0	40000
Picture	response132	hit	2	33570	2	3128205	1	40229	1	0	40000
Picture	response134	hit	2	24139	2	3178496	1	40230	1	0	40000
Picture	response131	hit	1	20963	2	3229121	1	40229	1	0	40000
Picture	response136	hit	1	33272	2	3279413	1	40229	1	0	40000
Picture	response130	hit	2	25714	2	3329871	1	40229	1	0	40000
Picture	response133	hit	1	15043	2	3380163	1	40229	1	0	40000
Picture	ins11	other				3430621	1	30229	1	0	30000
Picture	response85	hit	2	18765	2	3747462	1	40229	1	0	40000
Picture	response81	hit	2	15696	2	3797920	1	40229	1	0	40000
Picture	response87	hit	1	19894	2	3848212	1	40229	1	0	40000
Picture	response82	hit	2	12773	2	3898503	1	40229	1	0	40000
Picture	response88	hit	2	21698	2	3949128	1	40229	1	0	40000
Picture	response86	hit	1	22687	2	3999420	1	40230	1	0	40000
Picture	response84	hit	1	15339	2	4049878	1	40229	1	0	40000
Picture	response83	hit	1	23286	2	4100170	1	40230	1	0	40000
Picture	ins19	other				4150629	1	30255	1	0	30000
Picture	response152	hit	1	16365	2	4467463	1	40229	1	0	40000
Picture	response146	hit	1	17406	2	4517921	1	40230	1	0	40000
Picture	response149	hit	1	22254	2	4568213	1	40229	1	0	40000
Picture	response150	hit	2	20803	2	4618505	1	40229	1	0	40000
Picture	response151	hit	1	23118	2	4669130	1	40229	1	0	40000
Picture	response145	hit	1	29315	2	4719422	1	40229	1	0	40000
Picture	response147	hit	2	26789	2	4769879	1	40233	1	0	40000
Picture	response148	hit	1	20403	2	4820175	1	40229	1	0	40000
Picture	ins13	other				4870633	1	30230	1	0	30000
Picture	response99	hit	2	13776	2	5187463	1	40229	1	0	40000
Picture	response104	hit	2	16157	2	5237921	1	40229	1	0	40000
Picture	response102	hit	1	11425	2	5288213	1	40229	1	0	40000
Picture	response98	hit	2	12053	2	5338505	1	40229	1	0	40000
Picture	response100	hit	2	22409	2	5389130	1	40229	1	0	40000
Picture	response101	hit	1	11097	2	5439421	1	40229	1	0	40000
Picture	response97	hit	1	8109	2	5489879	1	40229	1	0	40000
Picture	response103	hit	1	13968	2	5540171	1	40229	1	0	40000
Picture	ins5	other				5590629	1	30229	1	0	30000
Picture	response38	hit	2	12774	2	5907465	1	40230	1	0	40000
Picture	response36	hit	1	5505	2	5957924	1	40229	1	0	40000
Picture	response40	hit	1	6204	2	6008216	1	40230	1	0	40000
Picture	response37	hit	1	5802	2	6058508	1	40230	1	0	40000
Picture	response39	hit	2	7136	2	6109134	1	40230	1	0	40000
Picture	response35	hit	2	7973	2	6159426	1	40229	1	0	40000
Picture	response34	hit	1	5126	2	6209884	1	40230	1	0	40000
Picture	response33	hit	2	12213	2	6260176	1	40229	1	0	40000
Picture	ins1	other				6310635	1	30229	1	0	30000
Picture	response8	hit	2	9304	2	6627466	1	40230	1	0	40000
Picture	response5	hit	2	10355	2	6677925	1	40230	1	0	40000
Picture	response3	hit	2	10284	2	6728217	1	40229	1	0	40000
Picture	response6	hit	2	11101	2	6778509	1	40229	1	0	40000
Picture	response4	hit	1	13767	2	6829133	1	40229	1	0	40000
Picture	response7	hit	2	9195	2	6879425	1	40229	1	0	40000
Picture	response1	hit	2	11568	2	6929883	1	40229	1	0	40000
Picture	response2	hit	1	11816	2	6980175	1	40229	1	0	40000
Picture	ins23	other				7030633	1	30230	1	0	30000
Picture	response182	hit	1	18504	2	7347467	1	40229	1	0	40000
Picture	response178	hit	1	9106	2	7397925	1	40229	1	0	40000
Picture	response184	hit	1	22345	2	7448217	1	40230	1	0	40000
Picture	response179	hit	1	15644	2	7498509	1	40229	1	0	40000
Picture	response177	hit	1	25659	2	7549133	1	40229	1	0	40000
Picture	response183	hit	2	20627	2	7599425	1	40229	1	0	40000
Picture	response180	hit	1	22339	2	7649883	1	40229	1	0	40000
Picture	response181	hit	2	28447	2	7700174	1	40229	1	0	40000
Picture	ins7	other				7750632	1	30363	1	0	30000
Picture	response55	hit	2	10174	2	8067469	1	40229	1	0	40000
Picture	response49	hit	2	12065	2	8117927	1	40229	1	0	40000
Picture	response56	hit	2	11424	2	8168218	1	40229	1	0	40000
Picture	response52	hit	2	12903	2	8218510	1	40229	1	0	40000
Picture	response50	hit	2	17927	2	8269135	1	40230	1	0	40000
Picture	response51	hit	1	11165	2	8319427	1	40229	1	0	40000
Picture	response53	hit	1	11738	2	8369885	1	40229	1	0	40000
Picture	response54	hit	1	9286	2	8420176	1	40229	1	0	40000
Picture	ins9	other				8470634	1	30229	1	0	30000
Picture	response71	hit	1	12395	2	8787369	1	40229	1	0	40000
Picture	response68	hit	2	13896	2	8837827	1	40230	1	0	40000
Picture	response72	hit	1	9785	2	8888119	1	40229	1	0	40000
Picture	response65	hit	1	22607	2	8938577	1	40229	1	0	40000
Picture	response69	hit	1	15375	2	8988869	1	40230	1	0	40000
Picture	response67	hit	2	22140	2	9039494	1	40230	1	0	40000
Picture	response66	hit	1	21658	2	9089786	1	40229	1	0	40000
Picture	response70	hit	2	20296	2	9140078	1	40230	1	0	40000
Picture	thanks	other				9190037	1	10229	1	0	10000


{
   "app": "Presentation Version 21.0 Build 06.06.19",
   "device": "LENOVO 20KHCTO1WW",
   "experiment": "{A2FC4E2A-B401-4E65-9CA9-5B09E294C871}",
   "os": "Windows 10 64 bit",
   "package": "",
   "parameters": {
      "configuration": "Default configuration"
   },
   "scenario": "Dimension experiment(1).sce",
   "subject": "A_HP_16",
   "timestamp": "2019/09/27 04:50:43 GMT"
}
