Scenario - 
Logfile written - 11/22/2019 11:06:25

Subject	Trial	Event Type	Code	Time	TTime	Uncertainty	Duration	Uncertainty	ReqTime	ReqDur	Stim Type	Pair Index

A_HP_31	1	Response	3	550082	549249	1
A_HP_31	1	Pulse	99	550082	549249	1
A_HP_31	2	Picture	ready	550314	0	1	10229	1	0	10000	other	0
A_HP_31	2	Pulse	99	570082	19768	1
A_HP_31	2	Pulse	99	590082	39767	1
A_HP_31	2	Pulse	99	610082	59767	1
A_HP_31	3	Picture	ins5	610959	232	1	30229	1	0	30000	other	0
A_HP_31	3	Pulse	99	630082	19355	1
A_HP_31	3	Pulse	99	650082	39355	1
A_HP_31	3	Pulse	99	670082	59355	1
A_HP_31	3	Pulse	99	690083	79355	1
A_HP_31	3	Pulse	99	710082	99355	1
A_HP_31	3	Pulse	99	730082	119355	1
A_HP_31	3	Pulse	99	750082	139355	1
A_HP_31	3	Pulse	99	770082	159355	1
A_HP_31	3	Pulse	99	790082	179355	1
A_HP_31	3	Pulse	99	810082	199355	1
A_HP_31	3	Pulse	99	830082	219355	1
A_HP_31	3	Pulse	99	850082	239355	1
A_HP_31	3	Pulse	99	870082	259355	1
A_HP_31	3	Pulse	99	890082	279355	1
A_HP_31	3	Pulse	99	910082	299355	1
A_HP_31	4	Response	3	930082	9125	1
A_HP_31	4	Pulse	99	930082	9125	1
A_HP_31	5	Picture	response36	930663	235	1	40229	1	0	40000	hit	26
A_HP_31	5	Response	1	937351	6923	1
A_HP_31	5	Pulse	99	950082	19655	1
A_HP_31	5	Pulse	99	970082	39655	1
A_HP_31	6	Picture	response34	980954	127	1	40229	1	0	40000	hit	30
A_HP_31	6	Response	1	986600	5773	1
A_HP_31	6	Pulse	99	990081	9254	1
A_HP_31	6	Pulse	99	1010082	29254	1
A_HP_31	6	Pulse	99	1030082	49254	1
A_HP_31	7	Picture	response39	1031413	186	1	40229	1	0	40000	hit	35
A_HP_31	7	Response	2	1042001	10774	1
A_HP_31	7	Pulse	99	1050082	18855	1
A_HP_31	7	Pulse	99	1070082	38855	1
A_HP_31	8	Picture	response33	1081871	244	1	40229	1	0	40000	hit	39
A_HP_31	8	Response	2	1087741	6114	1
A_HP_31	8	Pulse	99	1090081	8454	1
A_HP_31	8	Pulse	99	1110082	28455	1
A_HP_31	8	Pulse	99	1130082	48455	1
A_HP_31	9	Picture	response37	1132329	302	1	40229	1	0	40000	hit	44
A_HP_31	9	Response	1	1138210	6183	1
A_HP_31	9	Pulse	99	1150081	18055	1
A_HP_31	9	Pulse	99	1170082	38055	1
A_HP_31	10	Picture	response38	1182620	194	1	40229	1	0	40000	hit	48
A_HP_31	10	Response	2	1188931	6504	1
A_HP_31	10	Pulse	99	1190081	7655	1
A_HP_31	10	Pulse	99	1210082	27655	1
A_HP_31	10	Pulse	99	1230082	47655	1
A_HP_31	11	Picture	response35	1232912	85	1	40229	1	0	40000	hit	53
A_HP_31	11	Response	2	1239611	6784	1
A_HP_31	11	Pulse	99	1250082	17255	1
A_HP_31	11	Pulse	99	1270082	37255	1
A_HP_31	12	Picture	response40	1283536	309	1	40230	1	0	40000	hit	58
A_HP_31	12	Pulse	99	1290082	6854	1
A_HP_31	12	Response	1	1290860	7632	1
A_HP_31	12	Pulse	99	1310082	26854	1
A_HP_31	12	Pulse	99	1330082	46854	1
A_HP_31	13	Picture	ins13	1333828	201	1	30229	1	0	30000	other	0
A_HP_31	13	Pulse	99	1350082	16455	1
A_HP_31	13	Pulse	99	1370082	36455	1
A_HP_31	13	Pulse	99	1390081	56455	1
A_HP_31	13	Pulse	99	1410081	76455	1
A_HP_31	13	Pulse	99	1430082	96455	1
A_HP_31	13	Pulse	99	1450081	116455	1
A_HP_31	13	Pulse	99	1470081	136455	1
A_HP_31	13	Pulse	99	1490081	156455	1
A_HP_31	13	Pulse	99	1510082	176455	1
A_HP_31	13	Pulse	99	1530082	196455	1
A_HP_31	13	Pulse	99	1550082	216455	1
A_HP_31	13	Pulse	99	1570082	236455	1
A_HP_31	13	Pulse	99	1590082	256455	1
A_HP_31	13	Pulse	99	1610082	276455	1
A_HP_31	13	Pulse	99	1630082	296455	1
A_HP_31	14	Response	3	1650083	6226	1
A_HP_31	14	Pulse	99	1650083	6226	1
A_HP_31	15	Picture	response97	1650664	237	1	40229	1	0	40000	hit	80
A_HP_31	15	Response	1	1663520	13093	1
A_HP_31	15	Pulse	99	1670081	19654	1
A_HP_31	15	Pulse	99	1690082	39655	1
A_HP_31	16	Picture	response98	1700956	128	1	40229	1	0	40000	hit	85
A_HP_31	16	Pulse	99	1710081	9254	1
A_HP_31	16	Response	2	1711030	10202	1
A_HP_31	16	Pulse	99	1730081	29254	1
A_HP_31	16	Pulse	99	1750081	49254	1
A_HP_31	17	Picture	response104	1751414	188	1	40229	1	0	40000	hit	89
A_HP_31	17	Response	2	1763531	12304	1
A_HP_31	17	Pulse	99	1770081	18855	1
A_HP_31	17	Pulse	99	1790085	38859	1
A_HP_31	18	Picture	response102	1801872	245	1	40228	1	0	40000	hit	94
A_HP_31	18	Pulse	99	1810002	8375	1
A_HP_31	18	Response	1	1812250	10623	1
A_HP_31	18	Pulse	99	1830081	28454	1
A_HP_31	18	Pulse	99	1850082	48455	1
A_HP_31	19	Picture	response101	1852329	301	1	40229	1	0	40000	hit	98
A_HP_31	19	Response	1	1864891	12863	1
A_HP_31	19	Pulse	99	1870081	18054	1
A_HP_31	19	Pulse	99	1890082	38055	1
A_HP_31	20	Picture	response100	1902620	193	1	40229	1	0	40000	hit	103
A_HP_31	20	Pulse	99	1910082	7655	1
A_HP_31	20	Response	2	1911860	9433	1
A_HP_31	20	Pulse	99	1930082	27655	1
A_HP_31	20	Pulse	99	1950082	47655	1
A_HP_31	21	Picture	response103	1952912	84	1	40229	1	0	40000	hit	107
A_HP_31	21	Response	1	1963140	10312	1
A_HP_31	21	Pulse	99	1970081	17254	1
A_HP_31	21	Pulse	99	1990081	37254	1
A_HP_31	22	Picture	response99	2003536	310	1	40229	1	0	40000	hit	112
A_HP_31	22	Pulse	99	2010081	6855	1
A_HP_31	22	Response	2	2017980	14754	1
A_HP_31	22	Pulse	99	2030082	26855	1
A_HP_31	22	Pulse	99	2050082	46856	1
A_HP_31	23	Picture	ins3	2053827	201	1	30229	1	0	30000	other	0
A_HP_31	23	Pulse	99	2070002	16375	1
A_HP_31	23	Pulse	99	2090082	36455	1
A_HP_31	23	Pulse	99	2110082	56455	1
A_HP_31	23	Pulse	99	2130002	76375	1
A_HP_31	23	Pulse	99	2150082	96455	1
A_HP_31	23	Pulse	99	2170082	116455	1
A_HP_31	23	Pulse	99	2190082	136455	1
A_HP_31	23	Pulse	99	2210082	156455	1
A_HP_31	23	Pulse	99	2230082	176455	1
A_HP_31	23	Pulse	99	2250082	196455	1
A_HP_31	23	Pulse	99	2270082	216455	1
A_HP_31	23	Pulse	99	2290082	236455	1
A_HP_31	23	Pulse	99	2310082	256455	1
A_HP_31	23	Pulse	99	2330002	276375	1
A_HP_31	23	Pulse	99	2350081	296454	1
A_HP_31	24	Response	3	2370081	6224	1
A_HP_31	24	Pulse	99	2370081	6224	1
A_HP_31	25	Picture	response21	2370664	237	1	40229	1	0	40000	hit	134
A_HP_31	25	Response	1	2377980	7553	1
A_HP_31	25	Pulse	99	2390000	19573	1
A_HP_31	25	Pulse	99	2410081	39654	1
A_HP_31	26	Picture	response23	2420955	129	1	40229	1	0	40000	hit	138
A_HP_31	26	Response	2	2428280	7453	1
A_HP_31	26	Pulse	99	2430080	9254	1
A_HP_31	26	Pulse	99	2450082	29255	1
A_HP_31	26	Pulse	99	2470081	49255	1
A_HP_31	27	Picture	response22	2471414	187	1	40229	1	0	40000	hit	143
A_HP_31	27	Response	1	2479459	8232	1
A_HP_31	27	Pulse	99	2490081	18854	1
A_HP_31	27	Pulse	99	2510081	38855	1
A_HP_31	28	Picture	response18	2521872	245	1	40229	1	0	40000	hit	148
A_HP_31	28	Pulse	99	2530001	8374	1
A_HP_31	28	Response	2	2531399	9772	1
A_HP_31	28	Pulse	99	2550081	28454	1
A_HP_31	28	Pulse	99	2570081	48454	1
A_HP_31	29	Picture	response24	2572329	303	1	40229	1	0	40000	hit	152
A_HP_31	29	Response	2	2579220	7194	1
A_HP_31	29	Pulse	99	2590001	17974	1
A_HP_31	29	Pulse	99	2610081	38055	1
A_HP_31	30	Picture	response19	2622621	195	1	40229	1	0	40000	hit	157
A_HP_31	30	Pulse	99	2630081	7655	1
A_HP_31	30	Response	2	2633889	11463	1
A_HP_31	30	Pulse	99	2650001	27575	1
A_HP_31	30	Pulse	99	2670082	47656	1
A_HP_31	31	Picture	response20	2672912	85	1	40229	1	0	40000	hit	161
A_HP_31	31	Response	2	2680640	7813	1
A_HP_31	31	Pulse	99	2690081	17254	1
A_HP_31	31	Pulse	99	2710081	37254	1
A_HP_31	32	Picture	response17	2723536	309	1	40229	1	0	40000	hit	166
A_HP_31	32	Pulse	99	2730082	6854	1
A_HP_31	32	Response	2	2736190	12963	1
A_HP_31	32	Pulse	99	2750081	26854	1
A_HP_31	32	Pulse	99	2770081	46854	1
A_HP_31	33	Picture	ins9	2773828	202	1	30229	1	0	30000	other	0
A_HP_31	33	Pulse	99	2790001	16375	1
A_HP_31	33	Pulse	99	2810085	36459	1
A_HP_31	33	Pulse	99	2830081	56455	1
A_HP_31	33	Pulse	99	2850001	76375	1
A_HP_31	33	Pulse	99	2870081	96455	1
A_HP_31	33	Pulse	99	2890081	116455	1
A_HP_31	33	Pulse	99	2910001	136375	1
A_HP_31	33	Pulse	99	2930081	156455	1
A_HP_31	33	Pulse	99	2950081	176455	1
A_HP_31	33	Pulse	99	2970001	196375	1
A_HP_31	33	Pulse	99	2990081	216455	1
A_HP_31	33	Pulse	99	3010081	236455	1
A_HP_31	33	Pulse	99	3030081	256455	1
A_HP_31	33	Pulse	99	3050001	276375	1
A_HP_31	33	Pulse	99	3070081	296455	1
A_HP_31	34	Response	3	3090081	6225	1
A_HP_31	34	Pulse	99	3090081	6225	1
A_HP_31	35	Picture	response72	3090664	238	1	40229	1	0	40000	hit	188
A_HP_31	35	Response	1	3101070	10643	1
A_HP_31	35	Pulse	99	3110000	19574	1
A_HP_31	35	Pulse	99	3130081	39654	1
A_HP_31	36	Picture	response65	3140956	129	1	40229	1	0	40000	hit	193
A_HP_31	36	Pulse	99	3150081	9255	1
A_HP_31	36	Response	1	3161840	21013	1
A_HP_31	36	Pulse	99	3170001	29174	1
A_HP_31	36	Pulse	99	3190081	49255	1
A_HP_31	37	Picture	response70	3191414	187	1	40229	1	0	40000	hit	197
A_HP_31	37	Response	2	3208530	17303	1
A_HP_31	37	Pulse	99	3210081	18854	1
A_HP_31	37	Pulse	99	3230001	38774	1
A_HP_31	38	Picture	response71	3241872	246	1	40230	1	0	40000	hit	202
A_HP_31	38	Pulse	99	3250001	8375	1
A_HP_31	38	Response	1	3259100	17474	1
A_HP_31	38	Pulse	99	3270081	28455	1
A_HP_31	38	Pulse	99	3290081	48455	1
A_HP_31	39	Picture	response66	3292331	304	1	40229	1	0	40000	hit	207
A_HP_31	39	Pulse	99	3310001	17974	1
A_HP_31	39	Response	1	3311139	19112	1
A_HP_31	39	Pulse	99	3330081	38054	1
A_HP_31	40	Picture	response67	3342622	196	1	40229	1	0	40000	hit	211
A_HP_31	40	Pulse	99	3350081	7654	1
A_HP_31	40	Response	2	3360140	17713	1
A_HP_31	40	Pulse	99	3370001	27574	1
A_HP_31	40	Pulse	99	3390081	47654	1
A_HP_31	41	Picture	response68	3392914	87	1	40229	1	0	40000	hit	216
A_HP_31	41	Pulse	99	3410081	17254	1
A_HP_31	41	Response	2	3412599	19772	1
A_HP_31	41	Pulse	99	3430001	37175	1
A_HP_31	42	Picture	response69	3443538	313	1	40229	1	0	40000	hit	220
A_HP_31	42	Pulse	99	3450081	6855	1
A_HP_31	42	Response	1	3460999	17773	1
A_HP_31	42	Pulse	99	3470080	26854	1
A_HP_31	42	Pulse	99	3490001	46775	1
A_HP_31	43	Picture	ins7	3493830	204	1	30229	1	0	30000	other	0
A_HP_31	43	Pulse	99	3510001	16375	1
A_HP_31	43	Pulse	99	3530081	36455	1
A_HP_31	43	Pulse	99	3550081	56455	1
A_HP_31	43	Pulse	99	3570001	76375	1
A_HP_31	43	Pulse	99	3590080	96455	1
A_HP_31	43	Pulse	99	3610081	116455	1
A_HP_31	43	Pulse	99	3630000	136375	1
A_HP_31	43	Pulse	99	3650081	156455	1
A_HP_31	43	Pulse	99	3670081	176455	1
A_HP_31	43	Pulse	99	3690001	196375	1
A_HP_31	43	Pulse	99	3710080	216455	1
A_HP_31	43	Pulse	99	3730081	236455	1
A_HP_31	43	Pulse	99	3750001	256375	1
A_HP_31	43	Pulse	99	3770001	276375	1
A_HP_31	43	Pulse	99	3790080	296455	1
A_HP_31	44	Response	3	3810081	6225	1
A_HP_31	44	Pulse	99	3810081	6225	1
A_HP_31	45	Picture	response53	3810661	236	1	40229	1	0	40000	hit	242
A_HP_31	45	Response	1	3821539	11114	1
A_HP_31	45	Pulse	99	3830000	19575	1
A_HP_31	45	Pulse	99	3850081	39655	1
A_HP_31	46	Picture	response56	3860953	126	1	40229	1	0	40000	hit	246
A_HP_31	46	Response	2	3868303	7477	1
A_HP_31	46	Pulse	99	3870080	9253	1
A_HP_31	46	Pulse	99	3890000	29174	1
A_HP_31	46	Pulse	99	3910080	49254	1
A_HP_31	47	Picture	response52	3911411	185	1	40229	1	0	40000	hit	251
A_HP_31	47	Response	2	3925749	14523	1
A_HP_31	47	Pulse	99	3930080	18854	1
A_HP_31	47	Pulse	99	3950000	38774	1
A_HP_31	48	Picture	response49	3961868	242	1	40229	1	0	40000	hit	256
A_HP_31	48	Pulse	99	3970000	8374	1
A_HP_31	48	Response	2	3976469	14843	1
A_HP_31	48	Pulse	99	3990080	28454	1
A_HP_31	48	Pulse	99	4010001	48375	1
A_HP_31	49	Picture	response55	4012326	300	1	40229	1	0	40000	hit	260
A_HP_31	49	Response	2	4024699	12672	1
A_HP_31	49	Pulse	99	4030000	17973	1
A_HP_31	49	Pulse	99	4050081	38054	1
A_HP_31	50	Picture	response54	4062618	192	1	40229	1	0	40000	hit	265
A_HP_31	50	Pulse	99	4070000	7575	1
A_HP_31	50	Response	1	4076729	14303	1
A_HP_31	50	Pulse	99	4090000	27574	1
A_HP_31	50	Pulse	99	4110080	47655	1
A_HP_31	51	Picture	response51	4112909	83	1	40230	1	0	40000	hit	269
A_HP_31	51	Response	1	4125229	12402	1
A_HP_31	51	Pulse	99	4130080	17253	1
A_HP_31	51	Pulse	99	4150000	37174	1
A_HP_31	52	Picture	response50	4163535	309	1	40229	1	0	40000	hit	274
A_HP_31	52	Pulse	99	4170080	6855	1
A_HP_31	52	Response	2	4173648	10423	1
A_HP_31	52	Pulse	99	4190080	26855	1
A_HP_31	52	Pulse	99	4210000	46775	1
A_HP_31	53	Picture	ins15	4213827	201	1	30228	1	0	30000	other	0
A_HP_31	53	Pulse	99	4230000	16374	1
A_HP_31	53	Pulse	99	4250081	36455	1
A_HP_31	53	Pulse	99	4270001	56375	1
A_HP_31	53	Pulse	99	4290001	76375	1
A_HP_31	53	Pulse	99	4310081	96455	1
A_HP_31	53	Pulse	99	4330001	116375	1
A_HP_31	53	Pulse	99	4350001	136375	1
A_HP_31	53	Pulse	99	4370081	156455	1
A_HP_31	53	Pulse	99	4390080	176454	1
A_HP_31	53	Pulse	99	4410000	196374	1
A_HP_31	53	Pulse	99	4430080	216454	1
A_HP_31	53	Pulse	99	4450080	236454	1
A_HP_31	53	Pulse	99	4470000	256374	1
A_HP_31	53	Pulse	99	4490001	276375	1
A_HP_31	53	Pulse	99	4510080	296454	1
A_HP_31	54	Response	3	4530000	6144	1
A_HP_31	54	Pulse	99	4530000	6144	1
A_HP_31	55	Picture	response117	4530728	402	1	40229	1	0	40000	hit	296
A_HP_31	55	Response	2	4544839	14513	1
A_HP_31	55	Pulse	99	4550000	19674	1
A_HP_31	55	Pulse	99	4570080	39754	1
A_HP_31	56	Picture	response114	4581020	294	1	40230	1	0	40000	hit	301
A_HP_31	56	Pulse	99	4590000	9274	1
A_HP_31	56	Response	2	4593339	12613	1
A_HP_31	56	Pulse	99	4610001	29275	1
A_HP_31	56	Pulse	99	4630080	49354	1
A_HP_31	57	Picture	response120	4631311	185	1	40229	1	0	40000	hit	305
A_HP_31	57	Response	1	4644579	13453	1
A_HP_31	57	Pulse	99	4650079	18953	1
A_HP_31	57	Pulse	99	4670000	38874	1
A_HP_31	58	Picture	response115	4681769	244	1	40229	1	0	40000	hit	310
A_HP_31	58	Pulse	99	4690000	8475	1
A_HP_31	58	Response	2	4700919	19393	1
A_HP_31	58	Pulse	99	4710080	28555	1
A_HP_31	58	Pulse	99	4730000	48475	1
A_HP_31	59	Picture	response113	4732228	302	1	40229	1	0	40000	hit	314
A_HP_31	59	Response	2	4744479	12553	1
A_HP_31	59	Pulse	99	4750000	18074	1
A_HP_31	59	Pulse	99	4770080	38155	1
A_HP_31	60	Picture	response118	4782519	193	1	40229	1	0	40000	hit	319
A_HP_31	60	Pulse	99	4790000	7675	1
A_HP_31	60	Response	1	4798569	16243	1
A_HP_31	60	Pulse	99	4810000	27675	1
A_HP_31	60	Pulse	99	4830081	47755	1
A_HP_31	61	Picture	response119	4832977	251	1	40229	1	0	40000	hit	323
A_HP_31	61	Response	1	4849848	17123	1
A_HP_31	61	Pulse	99	4850001	17275	1
A_HP_31	61	Pulse	99	4870000	37274	1
A_HP_31	62	Picture	response116	4883268	142	1	40230	1	0	40000	hit	328
A_HP_31	62	Pulse	99	4890080	6954	1
A_HP_31	62	Response	1	4904239	21113	1
A_HP_31	62	Pulse	99	4910000	26874	1
A_HP_31	62	Pulse	99	4930000	46874	1
A_HP_31	63	Picture	ins17	4933894	368	1	30230	1	0	30000	other	0
A_HP_31	63	Pulse	99	4950000	16475	1
A_HP_31	63	Pulse	99	4970080	36555	1
A_HP_31	63	Pulse	99	4989999	56474	1
A_HP_31	63	Pulse	99	5010000	76475	1
A_HP_31	63	Pulse	99	5030080	96555	1
A_HP_31	63	Pulse	99	5050000	116475	1
A_HP_31	63	Pulse	99	5070000	136475	1
A_HP_31	63	Pulse	99	5090081	156555	1
A_HP_31	63	Pulse	99	5110000	176475	1
A_HP_31	63	Pulse	99	5130000	196475	1
A_HP_31	63	Pulse	99	5150080	216555	1
A_HP_31	63	Pulse	99	5170000	236475	1
A_HP_31	63	Pulse	99	5190000	256475	1
A_HP_31	63	Pulse	99	5210000	276475	1
A_HP_31	63	Pulse	99	5230080	296555	1
A_HP_31	64	Response	3	5250000	6245	1
A_HP_31	64	Pulse	99	5250000	6245	1
A_HP_31	65	Picture	response134	5250562	236	1	40229	1	0	40000	hit	351
A_HP_31	65	Pulse	99	5270000	19675	1
A_HP_31	65	Response	2	5275028	24703	1
A_HP_31	65	Pulse	99	5290080	39754	1
A_HP_31	66	Picture	response136	5301021	296	1	40229	1	0	40000	incorrect	355
A_HP_31	66	Pulse	99	5310000	9275	1
A_HP_31	66	Response	2	5327800	27076	1
A_HP_31	66	Pulse	99	5330000	29275	1
A_HP_31	66	Pulse	99	5350080	49355	1
A_HP_31	67	Picture	response129	5351312	187	1	40229	1	0	40000	hit	360
A_HP_31	67	Pulse	99	5370000	18874	1
A_HP_31	67	Response	1	5374179	23053	1
A_HP_31	67	Pulse	99	5390000	38874	1
A_HP_31	68	Picture	response130	5401770	244	1	40229	1	0	40000	hit	364
A_HP_31	68	Pulse	99	5410000	8474	1
A_HP_31	68	Response	2	5427158	25633	1
A_HP_31	68	Pulse	99	5429999	28473	1
A_HP_31	68	Pulse	99	5450000	48474	1
A_HP_31	69	Picture	response133	5452228	303	1	40229	1	0	40000	hit	369
A_HP_31	69	Pulse	99	5469999	18074	1
A_HP_31	69	Response	1	5481359	29433	1
A_HP_31	69	Pulse	99	5490080	38155	1
A_HP_31	70	Picture	response135	5502519	194	1	40229	1	0	40000	hit	373
A_HP_31	70	Pulse	99	5510000	7675	1
A_HP_31	70	Response	2	5521029	18703	1
A_HP_31	70	Pulse	99	5530000	27675	1
A_HP_31	70	Pulse	99	5550080	47755	1
A_HP_31	71	Picture	response132	5552977	252	1	40229	1	0	40000	incorrect	378
A_HP_31	71	Pulse	99	5570001	17275	1
A_HP_31	71	Response	1	5572048	19323	1
A_HP_31	71	Pulse	99	5590000	37274	1
A_HP_31	72	Picture	response131	5603270	144	1	40229	1	0	40000	hit	382
A_HP_31	72	Pulse	99	5610080	6954	1
A_HP_31	72	Response	1	5619668	16543	1
A_HP_31	72	Pulse	99	5629999	26874	1
A_HP_31	72	Pulse	99	5649999	46874	1
A_HP_31	73	Picture	ins21	5653728	203	1	30229	1	0	30000	other	0
A_HP_31	73	Pulse	99	5670000	16475	1
A_HP_31	73	Pulse	99	5690000	36475	1
A_HP_31	73	Pulse	99	5710000	56476	1
A_HP_31	73	Pulse	99	5730000	76475	1
A_HP_31	73	Pulse	99	5750000	96475	1
A_HP_31	73	Pulse	99	5770000	116475	1
A_HP_31	73	Pulse	99	5790000	136476	1
A_HP_31	73	Pulse	99	5810080	156555	1
A_HP_31	73	Pulse	99	5830000	176475	1
A_HP_31	73	Pulse	99	5850000	196475	1
A_HP_31	73	Pulse	99	5870080	216555	1
A_HP_31	73	Pulse	99	5890000	236475	1
A_HP_31	73	Pulse	99	5910000	256475	1
A_HP_31	73	Pulse	99	5930000	276475	1
A_HP_31	73	Pulse	99	5950000	296475	1
A_HP_31	74	Response	3	5970000	6245	1
A_HP_31	74	Pulse	99	5970000	6245	1
A_HP_31	75	Picture	response167	5970727	401	1	40230	1	0	40000	hit	405
A_HP_31	75	Pulse	99	5989999	19674	1
A_HP_31	75	Response	2	5996048	25723	1
A_HP_31	75	Pulse	99	6009999	39674	1
A_HP_31	76	Picture	response168	6021019	295	1	40230	1	0	40000	hit	409
A_HP_31	76	Pulse	99	6029999	9275	1
A_HP_31	76	Response	2	6040108	19383	1
A_HP_31	76	Pulse	99	6049999	29275	1
A_HP_31	76	Pulse	99	6070079	49355	1
A_HP_31	77	Picture	response166	6071311	187	1	40229	1	0	40000	hit	413
A_HP_31	77	Response	1	6089318	18194	1
A_HP_31	77	Pulse	99	6089999	18874	1
A_HP_31	77	Pulse	99	6110000	38875	1
A_HP_31	78	Picture	response164	6121770	244	1	40229	1	0	40000	hit	418
A_HP_31	78	Pulse	99	6130000	8474	1
A_HP_31	78	Response	1	6135229	13703	1
A_HP_31	78	Pulse	99	6150000	28474	1
A_HP_31	78	Pulse	99	6170000	48475	1
A_HP_31	79	Picture	response161	6172062	136	1	40230	1	0	40000	hit	422
A_HP_31	79	Response	1	6186329	14403	1
A_HP_31	79	Pulse	99	6189999	18074	1
A_HP_31	79	Pulse	99	6210000	38074	1
A_HP_31	80	Picture	response162	6222521	196	1	40229	1	0	40000	hit	427
A_HP_31	80	Pulse	99	6229999	7674	1
A_HP_31	80	Response	1	6240418	18093	1
A_HP_31	80	Pulse	99	6249999	27674	1
A_HP_31	80	Pulse	99	6269999	47674	1
A_HP_31	81	Picture	response163	6272979	255	1	40230	1	0	40000	hit	431
A_HP_31	81	Response	2	6289548	16824	1
A_HP_31	81	Pulse	99	6289999	17275	1
A_HP_31	81	Pulse	99	6309999	37275	1
A_HP_31	82	Picture	response165	6323271	146	1	40230	1	0	40000	hit	436
A_HP_31	82	Pulse	99	6330079	6954	1
A_HP_31	82	Response	2	6341418	18293	1
A_HP_31	82	Pulse	99	6350004	26878	1
A_HP_31	82	Pulse	99	6369999	46874	1
A_HP_31	83	Picture	ins23	6373730	206	1	30230	1	0	30000	other	0
A_HP_31	83	Pulse	99	6389999	16475	1
A_HP_31	83	Pulse	99	6409999	36475	1
A_HP_31	83	Pulse	99	6429999	56475	1
A_HP_31	83	Pulse	99	6450000	76475	1
A_HP_31	83	Pulse	99	6470000	96475	1
A_HP_31	83	Pulse	99	6489999	116475	1
A_HP_31	83	Pulse	99	6510000	136476	1
A_HP_31	83	Pulse	99	6530000	156475	1
A_HP_31	83	Pulse	99	6550000	176475	1
A_HP_31	83	Pulse	99	6569999	196475	1
A_HP_31	83	Pulse	99	6590000	216475	1
A_HP_31	83	Pulse	99	6610000	236475	1
A_HP_31	83	Pulse	99	6630000	256476	1
A_HP_31	83	Pulse	99	6649999	276475	1
A_HP_31	83	Pulse	99	6669999	296475	1
A_HP_31	84	Response	3	6689999	6244	1
A_HP_31	84	Pulse	99	6689999	6244	1
A_HP_31	85	Picture	response181	6690726	402	1	40229	1	0	40000	hit	458
A_HP_31	85	Response	2	6706898	16574	1
A_HP_31	85	Pulse	99	6709999	19674	1
A_HP_31	85	Pulse	99	6729999	39675	1
A_HP_31	86	Picture	response178	6741017	293	1	40229	1	0	40000	hit	463
A_HP_31	86	Pulse	99	6750000	9275	1
A_HP_31	86	Response	1	6759078	18353	1
A_HP_31	86	Pulse	99	6769999	29275	1
A_HP_31	86	Pulse	99	6790000	49275	1
A_HP_31	87	Picture	response183	6791309	184	1	40229	1	0	40000	hit	468
A_HP_31	87	Pulse	99	6810000	18875	1
A_HP_31	87	Response	2	6811698	20574	1
A_HP_31	87	Pulse	99	6829999	38875	1
A_HP_31	88	Picture	response179	6841767	242	1	40229	1	0	40000	hit	472
A_HP_31	88	Pulse	99	6850000	8475	1
A_HP_31	88	Response	1	6863348	21823	1
A_HP_31	88	Pulse	99	6869999	28474	1
A_HP_31	88	Pulse	99	6889999	48475	1
A_HP_31	89	Picture	response182	6892225	301	1	40229	1	0	40000	incorrect	477
A_HP_31	89	Pulse	99	6909999	18074	1
A_HP_31	89	Response	2	6913358	21433	1
A_HP_31	89	Pulse	99	6929999	38075	1
A_HP_31	90	Picture	response177	6942517	193	1	40229	1	0	40000	hit	481
A_HP_31	90	Pulse	99	6949999	7675	1
A_HP_31	90	Response	1	6966278	23953	1
A_HP_31	90	Pulse	99	6969998	27674	1
A_HP_31	90	Pulse	99	6989999	47675	1
A_HP_31	91	Picture	response184	6992975	250	1	40229	1	0	40000	hit	486
A_HP_31	91	Pulse	99	7009999	17274	1
A_HP_31	91	Response	1	7014907	22182	1
A_HP_31	91	Pulse	99	7029999	37274	1
A_HP_31	92	Picture	response180	7043267	142	1	40229	1	0	40000	hit	490
A_HP_31	92	Pulse	99	7049999	6875	1
A_HP_31	92	Response	1	7058448	15323	1
A_HP_31	92	Pulse	99	7069999	26874	1
A_HP_31	92	Pulse	99	7089999	46875	1
A_HP_31	93	Picture	ins1	7093892	367	1	30229	1	0	30000	other	0
A_HP_31	93	Pulse	99	7109999	16474	1
A_HP_31	93	Pulse	99	7129999	36474	1
A_HP_31	93	Pulse	99	7149999	56474	1
A_HP_31	93	Pulse	99	7170000	76475	1
A_HP_31	93	Pulse	99	7189999	96474	1
A_HP_31	93	Pulse	99	7209999	116474	1
A_HP_31	93	Pulse	99	7229999	136474	1
A_HP_31	93	Pulse	99	7250002	156477	1
A_HP_31	93	Pulse	99	7269999	176474	1
A_HP_31	93	Pulse	99	7289999	196474	1
A_HP_31	93	Pulse	99	7309999	216474	1
A_HP_31	93	Pulse	99	7329999	236474	1
A_HP_31	93	Pulse	99	7350002	256477	1
A_HP_31	93	Pulse	99	7369999	276474	1
A_HP_31	93	Pulse	99	7389999	296474	1
A_HP_31	94	Response	3	7409999	6243	1
A_HP_31	94	Pulse	99	7409999	6243	1
A_HP_31	95	Picture	response5	7410727	402	1	40229	1	0	40000	hit	512
A_HP_31	95	Response	2	7422857	12533	1
A_HP_31	95	Pulse	99	7429999	19674	1
A_HP_31	95	Pulse	99	7449999	39674	1
A_HP_31	96	Picture	response8	7461018	295	1	40229	1	0	40000	hit	517
A_HP_31	96	Pulse	99	7469999	9275	1
A_HP_31	96	Response	2	7477838	17114	1
A_HP_31	96	Pulse	99	7489999	29275	1
A_HP_31	96	Pulse	99	7509999	49275	1
A_HP_31	97	Picture	response3	7511310	186	1	40229	1	0	40000	hit	521
A_HP_31	97	Response	2	7524038	12913	1
A_HP_31	97	Pulse	99	7529999	18874	1
A_HP_31	97	Pulse	99	7549999	38875	1
A_HP_31	98	Picture	response7	7561769	244	1	40229	1	0	40000	hit	525
A_HP_31	98	Response	2	7568498	6973	1
A_HP_31	98	Pulse	99	7569999	8474	1
A_HP_31	98	Pulse	99	7589999	28474	1
A_HP_31	98	Pulse	99	7609999	48474	1
A_HP_31	99	Picture	response2	7612060	135	1	40229	1	0	40000	hit	530
A_HP_31	99	Response	1	7622008	10083	1
A_HP_31	99	Pulse	99	7629999	18074	1
A_HP_31	99	Pulse	99	7649999	38074	1
A_HP_31	100	Picture	response6	7662518	193	1	40229	1	0	40000	hit	535
A_HP_31	100	Pulse	99	7669999	7674	1
A_HP_31	100	Response	2	7670787	8463	1
A_HP_31	100	Pulse	99	7689999	27674	1
A_HP_31	100	Pulse	99	7709999	47674	1
A_HP_31	101	Picture	response1	7712976	251	1	40229	1	0	40000	hit	539
A_HP_31	101	Response	2	7724518	11793	1
A_HP_31	101	Pulse	99	7729999	17274	1
A_HP_31	101	Pulse	99	7749999	37274	1
A_HP_31	102	Picture	response4	7763268	143	1	40229	1	0	40000	hit	544
A_HP_31	102	Pulse	99	7769999	6875	1
A_HP_31	102	Response	1	7776627	13503	1
A_HP_31	102	Pulse	99	7789999	26875	1
A_HP_31	102	Pulse	99	7809999	46875	1
A_HP_31	103	Picture	ins11	7813892	368	1	30332	1	0	30000	other	0
A_HP_31	103	Pulse	99	7829999	16475	1
A_HP_31	103	Pulse	99	7849999	36474	1
A_HP_31	103	Pulse	99	7869999	56475	1
A_HP_31	103	Pulse	99	7889999	76474	1
A_HP_31	103	Pulse	99	7909999	96474	1
A_HP_31	103	Pulse	99	7929999	116475	1
A_HP_31	103	Pulse	99	7949999	136475	1
A_HP_31	103	Pulse	99	7969999	156474	1
A_HP_31	103	Pulse	99	7989998	176474	1
A_HP_31	103	Pulse	99	8009999	196474	1
A_HP_31	103	Pulse	99	8029999	216474	1
A_HP_31	103	Pulse	99	8049999	236474	1
A_HP_31	103	Pulse	99	8069999	256474	1
A_HP_31	103	Pulse	99	8089999	276475	1
A_HP_31	103	Pulse	99	8109999	296474	1
A_HP_31	104	Response	3	8129999	6244	1
A_HP_31	104	Pulse	99	8129999	6244	1
A_HP_31	105	Picture	response88	8130725	401	1	40229	1	0	40000	hit	566
A_HP_31	105	Response	2	8144178	13853	1
A_HP_31	105	Pulse	99	8149999	19674	1
A_HP_31	105	Pulse	99	8169999	39674	1
A_HP_31	106	Picture	response86	8181017	293	1	40229	1	0	40000	hit	570
A_HP_31	106	Response	1	8189247	8523	1
A_HP_31	106	Pulse	99	8189998	9273	1
A_HP_31	106	Pulse	99	8209998	29274	1
A_HP_31	106	Pulse	99	8229998	49274	1
A_HP_31	107	Picture	response82	8231309	185	1	40229	1	0	40000	hit	575
A_HP_31	107	Response	2	8245098	13973	1
A_HP_31	107	Pulse	99	8249998	18874	1
A_HP_31	107	Pulse	99	8269999	38875	1
A_HP_31	108	Picture	response83	8281767	242	1	40230	1	0	40000	hit	580
A_HP_31	108	Pulse	99	8289998	8474	1
A_HP_31	108	Response	1	8293557	12033	1
A_HP_31	108	Pulse	99	8309999	28474	1
A_HP_31	108	Pulse	99	8329999	48474	1
A_HP_31	109	Picture	response85	8332225	301	1	40229	1	0	40000	hit	584
A_HP_31	109	Response	2	8348887	16963	1
A_HP_31	109	Pulse	99	8349998	18073	1
A_HP_31	109	Pulse	99	8369998	38074	1
A_HP_31	110	Picture	response81	8382517	193	1	40229	1	0	40000	hit	589
A_HP_31	110	Pulse	99	8389998	7675	1
A_HP_31	110	Response	2	8401077	18754	1
A_HP_31	110	Pulse	99	8409998	27675	1
A_HP_31	110	Pulse	99	8429999	47676	1
A_HP_31	111	Picture	response87	8432975	252	1	40229	1	0	40000	hit	593
A_HP_31	111	Response	1	8447167	14444	1
A_HP_31	111	Pulse	99	8449998	17275	1
A_HP_31	111	Pulse	99	8469999	37275	1
A_HP_31	112	Picture	response84	8483266	142	1	40229	1	0	40000	hit	598
A_HP_31	112	Pulse	99	8489999	6875	1
A_HP_31	112	Response	1	8496567	13443	1
A_HP_31	112	Pulse	99	8509999	26875	1
A_HP_31	112	Pulse	99	8529999	46875	1
A_HP_31	113	Picture	ins19	8533891	366	1	30234	1	0	30000	other	0
A_HP_31	113	Pulse	99	8549999	16474	1
A_HP_31	113	Pulse	99	8569999	36474	1
A_HP_31	113	Pulse	99	8589999	56474	1
A_HP_31	113	Pulse	99	8609999	76474	1
A_HP_31	113	Pulse	99	8629999	96474	1
A_HP_31	113	Pulse	99	8649999	116474	1
A_HP_31	113	Pulse	99	8669999	136474	1
A_HP_31	113	Pulse	99	8689998	156474	1
A_HP_31	113	Pulse	99	8709999	176474	1
A_HP_31	113	Pulse	99	8729999	196474	1
A_HP_31	113	Pulse	99	8749998	216474	1
A_HP_31	113	Pulse	99	8769999	236474	1
A_HP_31	113	Pulse	99	8789999	256474	1
A_HP_31	113	Pulse	99	8809999	276474	1
A_HP_31	113	Pulse	99	8829999	296474	1
A_HP_31	114	Response	3	8849999	6243	1
A_HP_31	114	Pulse	99	8849999	6243	1
A_HP_31	115	Picture	response151	8850559	235	1	40229	1	0	40000	hit	621
A_HP_31	115	Pulse	99	8869998	19674	1
A_HP_31	115	Response	1	8874426	24102	1
A_HP_31	115	Pulse	99	8889998	39674	1
A_HP_31	116	Picture	response146	8901017	294	1	40229	1	0	40000	hit	625
A_HP_31	116	Pulse	99	8909998	9275	1
A_HP_31	116	Response	1	8924857	24134	1
A_HP_31	116	Pulse	99	8929998	29275	1
A_HP_31	116	Pulse	99	8949998	49275	1
A_HP_31	117	Picture	response148	8951309	186	1	40229	1	0	40000	hit	630
A_HP_31	117	Pulse	99	8969998	18875	1
A_HP_31	117	Response	1	8970096	18973	1
A_HP_31	117	Pulse	99	8989998	38875	1
A_HP_31	118	Picture	response150	9001768	245	1	40229	1	0	40000	hit	634
A_HP_31	118	Pulse	99	9009998	8475	1
A_HP_31	118	Response	2	9018427	16904	1
A_HP_31	118	Pulse	99	9029998	28475	1
A_HP_31	118	Pulse	99	9049999	48475	1
A_HP_31	119	Picture	response149	9052060	136	1	40229	1	0	40000	hit	638
A_HP_31	119	Response	1	9066406	14482	1
A_HP_31	119	Pulse	99	9069998	18074	1
A_HP_31	119	Pulse	99	9089999	38075	1
A_HP_31	120	Picture	response147	9102518	194	1	40229	1	0	40000	hit	643
A_HP_31	120	Pulse	99	9109998	7674	1
A_HP_31	120	Response	2	9120427	18103	1
A_HP_31	120	Pulse	99	9129998	27674	1
A_HP_31	120	Pulse	99	9149998	47674	1
A_HP_31	121	Picture	response145	9152976	252	1	40229	1	0	40000	hit	648
A_HP_31	121	Pulse	99	9169998	17274	1
A_HP_31	121	Response	1	9174687	21963	1
A_HP_31	121	Pulse	99	9189998	37275	1
A_HP_31	122	Picture	response152	9203268	144	1	40229	1	0	40000	hit	652
A_HP_31	122	Pulse	99	9209998	6874	1
A_HP_31	122	Response	1	9219767	16643	1
A_HP_31	122	Pulse	99	9229998	26874	1
A_HP_31	122	Pulse	99	9249998	46874	1
A_HP_31	123	Picture	thanks	9253227	0	1	10229	1	0	10000	other	0
A_HP_31	123	Pulse	99	9269998	16771	1


Event Type	Code	Type	Response	RT	RT Uncertainty	Time	Uncertainty	Duration	Uncertainty	ReqTime	ReqDur

Picture	ready	other				550314	1	10229	1	0	10000
Picture	ins5	other				610959	1	30229	1	0	30000
Picture	response36	hit	1	6688	2	930663	1	40229	1	0	40000
Picture	response34	hit	1	5646	2	980954	1	40229	1	0	40000
Picture	response39	hit	2	10588	2	1031413	1	40229	1	0	40000
Picture	response33	hit	2	5870	2	1081871	1	40229	1	0	40000
Picture	response37	hit	1	5881	1	1132329	1	40229	1	0	40000
Picture	response38	hit	2	6310	2	1182620	1	40229	1	0	40000
Picture	response35	hit	2	6698	2	1232912	1	40229	1	0	40000
Picture	response40	hit	1	7323	2	1283536	1	40230	1	0	40000
Picture	ins13	other				1333828	1	30229	1	0	30000
Picture	response97	hit	1	12856	2	1650664	1	40229	1	0	40000
Picture	response98	hit	2	10074	2	1700956	1	40229	1	0	40000
Picture	response104	hit	2	12117	2	1751414	1	40229	1	0	40000
Picture	response102	hit	1	10378	2	1801872	1	40228	1	0	40000
Picture	response101	hit	1	12562	2	1852329	1	40229	1	0	40000
Picture	response100	hit	2	9240	2	1902620	1	40229	1	0	40000
Picture	response103	hit	1	10228	2	1952912	1	40229	1	0	40000
Picture	response99	hit	2	14444	2	2003536	1	40229	1	0	40000
Picture	ins3	other				2053827	1	30229	1	0	30000
Picture	response21	hit	1	7316	2	2370664	1	40229	1	0	40000
Picture	response23	hit	2	7324	2	2420955	1	40229	1	0	40000
Picture	response22	hit	1	8046	2	2471414	1	40229	1	0	40000
Picture	response18	hit	2	9527	2	2521872	1	40229	1	0	40000
Picture	response24	hit	2	6891	2	2572329	1	40229	1	0	40000
Picture	response19	hit	2	11268	2	2622621	1	40229	1	0	40000
Picture	response20	hit	2	7728	2	2672912	1	40229	1	0	40000
Picture	response17	hit	2	12653	2	2723536	1	40229	1	0	40000
Picture	ins9	other				2773828	1	30229	1	0	30000
Picture	response72	hit	1	10406	2	3090664	1	40229	1	0	40000
Picture	response65	hit	1	20884	2	3140956	1	40229	1	0	40000
Picture	response70	hit	2	17116	2	3191414	1	40229	1	0	40000
Picture	response71	hit	1	17228	2	3241872	1	40230	1	0	40000
Picture	response66	hit	1	18809	2	3292331	1	40229	1	0	40000
Picture	response67	hit	2	17518	2	3342622	1	40229	1	0	40000
Picture	response68	hit	2	19685	2	3392914	1	40229	1	0	40000
Picture	response69	hit	1	17461	2	3443538	1	40229	1	0	40000
Picture	ins7	other				3493830	1	30229	1	0	30000
Picture	response53	hit	1	10878	2	3810661	1	40229	1	0	40000
Picture	response56	hit	2	7350	2	3860953	1	40229	1	0	40000
Picture	response52	hit	2	14338	2	3911411	1	40229	1	0	40000
Picture	response49	hit	2	14601	2	3961868	1	40229	1	0	40000
Picture	response55	hit	2	12373	2	4012326	1	40229	1	0	40000
Picture	response54	hit	1	14111	2	4062618	1	40229	1	0	40000
Picture	response51	hit	1	12320	2	4112909	1	40230	1	0	40000
Picture	response50	hit	2	10114	2	4163535	1	40229	1	0	40000
Picture	ins15	other				4213827	1	30228	1	0	30000
Picture	response117	hit	2	14111	2	4530728	1	40229	1	0	40000
Picture	response114	hit	2	12319	2	4581020	1	40230	1	0	40000
Picture	response120	hit	1	13268	2	4631311	1	40229	1	0	40000
Picture	response115	hit	2	19149	2	4681769	1	40229	1	0	40000
Picture	response113	hit	2	12252	2	4732228	1	40229	1	0	40000
Picture	response118	hit	1	16050	2	4782519	1	40229	1	0	40000
Picture	response119	hit	1	16872	2	4832977	1	40229	1	0	40000
Picture	response116	hit	1	20970	2	4883268	1	40230	1	0	40000
Picture	ins17	other				4933894	1	30230	1	0	30000
Picture	response134	hit	2	24466	2	5250562	1	40229	1	0	40000
Picture	response136	incorrect	2	26780	2	5301021	1	40229	1	0	40000
Picture	response129	hit	1	22866	2	5351312	1	40229	1	0	40000
Picture	response130	hit	2	25389	2	5401770	1	40229	1	0	40000
Picture	response133	hit	1	29131	2	5452228	1	40229	1	0	40000
Picture	response135	hit	2	18510	2	5502519	1	40229	1	0	40000
Picture	response132	incorrect	1	19071	2	5552977	1	40229	1	0	40000
Picture	response131	hit	1	16399	2	5603270	1	40229	1	0	40000
Picture	ins21	other				5653728	1	30229	1	0	30000
Picture	response167	hit	2	25322	2	5970727	1	40230	1	0	40000
Picture	response168	hit	2	19089	1	6021019	1	40230	1	0	40000
Picture	response166	hit	1	18007	2	6071311	1	40229	1	0	40000
Picture	response164	hit	1	13459	2	6121770	1	40229	1	0	40000
Picture	response161	hit	1	14267	2	6172062	1	40230	1	0	40000
Picture	response162	hit	1	17897	2	6222521	1	40229	1	0	40000
Picture	response163	hit	2	16569	2	6272979	1	40230	1	0	40000
Picture	response165	hit	2	18147	2	6323271	1	40230	1	0	40000
Picture	ins23	other				6373730	1	30230	1	0	30000
Picture	response181	hit	2	16172	2	6690726	1	40229	1	0	40000
Picture	response178	hit	1	18061	2	6741017	1	40229	1	0	40000
Picture	response183	hit	2	20389	2	6791309	1	40229	1	0	40000
Picture	response179	hit	1	21581	2	6841767	1	40229	1	0	40000
Picture	response182	incorrect	2	21132	2	6892225	1	40229	1	0	40000
Picture	response177	hit	1	23761	2	6942517	1	40229	1	0	40000
Picture	response184	hit	1	21932	2	6992975	1	40229	1	0	40000
Picture	response180	hit	1	15181	2	7043267	1	40229	1	0	40000
Picture	ins1	other				7093892	1	30229	1	0	30000
Picture	response5	hit	2	12131	2	7410727	1	40229	1	0	40000
Picture	response8	hit	2	16820	2	7461018	1	40229	1	0	40000
Picture	response3	hit	2	12728	2	7511310	1	40229	1	0	40000
Picture	response7	hit	2	6729	2	7561769	1	40229	1	0	40000
Picture	response2	hit	1	9948	2	7612060	1	40229	1	0	40000
Picture	response6	hit	2	8269	2	7662518	1	40229	1	0	40000
Picture	response1	hit	2	11542	2	7712976	1	40229	1	0	40000
Picture	response4	hit	1	13359	2	7763268	1	40229	1	0	40000
Picture	ins11	other				7813892	1	30332	1	0	30000
Picture	response88	hit	2	13452	2	8130725	1	40229	1	0	40000
Picture	response86	hit	1	8230	2	8181017	1	40229	1	0	40000
Picture	response82	hit	2	13788	2	8231309	1	40229	1	0	40000
Picture	response83	hit	1	11791	2	8281767	1	40230	1	0	40000
Picture	response85	hit	2	16662	2	8332225	1	40229	1	0	40000
Picture	response81	hit	2	18560	2	8382517	1	40229	1	0	40000
Picture	response87	hit	1	14192	2	8432975	1	40229	1	0	40000
Picture	response84	hit	1	13302	2	8483266	1	40229	1	0	40000
Picture	ins19	other				8533891	1	30234	1	0	30000
Picture	response151	hit	1	23867	2	8850559	1	40229	1	0	40000
Picture	response146	hit	1	23839	2	8901017	1	40229	1	0	40000
Picture	response148	hit	1	18787	2	8951309	1	40229	1	0	40000
Picture	response150	hit	2	16659	2	9001768	1	40229	1	0	40000
Picture	response149	hit	1	14347	2	9052060	1	40229	1	0	40000
Picture	response147	hit	2	17909	2	9102518	1	40229	1	0	40000
Picture	response145	hit	1	21711	2	9152976	1	40229	1	0	40000
Picture	response152	hit	1	16499	2	9203268	1	40229	1	0	40000
Picture	thanks	other				9253227	1	10229	1	0	10000


{
   "app": "Presentation Version 21.0 Build 06.06.19",
   "device": "LENOVO 20KHCTO1WW",
   "experiment": "{A2FC4E2A-B401-4E65-9CA9-5B09E294C871}",
   "os": "Windows 10 64 bit",
   "package": "",
   "parameters": {
      "configuration": "Default configuration"
   },
   "scenario": "Dimension experiment(1).sce",
   "subject": "A_HP_31",
   "timestamp": "2019/11/22 01:50:47 GMT"
}
