Scenario - 
Logfile written - 01/17/2020 10:28:57

Subject	Trial	Event Type	Code	Time	TTime	Uncertainty	Duration	Uncertainty	ReqTime	ReqDur	Stim Type	Pair Index

A_HP_45	1	Response	3	454586	453314	1
A_HP_45	1	Pulse	99	454586	453314	1
A_HP_45	2	Picture	ready	454733	0	1	10162	1	0	10000	other	0
A_HP_45	2	Pulse	99	474586	19852	1
A_HP_45	2	Pulse	99	494586	39852	1
A_HP_45	2	Pulse	99	514586	59852	1
A_HP_45	3	Picture	ins19	515206	67	1	30153	1	0	30000	other	0
A_HP_45	3	Pulse	99	534586	19447	1
A_HP_45	3	Pulse	99	554586	39447	1
A_HP_45	3	Pulse	99	574586	59447	1
A_HP_45	3	Pulse	99	594586	79448	1
A_HP_45	3	Pulse	99	614586	99447	1
A_HP_45	3	Pulse	99	634586	119447	1
A_HP_45	3	Pulse	99	654586	139447	1
A_HP_45	3	Pulse	99	674586	159447	1
A_HP_45	3	Pulse	99	694586	179447	1
A_HP_45	3	Pulse	99	714586	199447	1
A_HP_45	3	Pulse	99	734586	219447	1
A_HP_45	3	Pulse	99	754586	239447	1
A_HP_45	3	Pulse	99	774586	259447	1
A_HP_45	3	Pulse	99	794586	279447	1
A_HP_45	3	Pulse	99	814586	299447	1
A_HP_45	4	Response	3	834586	9353	1
A_HP_45	4	Pulse	99	834586	9353	1
A_HP_45	5	Picture	response145	835061	122	1	40148	1	0	40000	incorrect	27
A_HP_45	5	Pulse	99	854586	19647	1
A_HP_45	5	Response	2	857475	22536	1
A_HP_45	5	Pulse	99	874586	39647	1
A_HP_45	6	Picture	response152	885539	199	1	40149	1	0	40000	incorrect	31
A_HP_45	6	Pulse	99	894586	9247	1
A_HP_45	6	Response	2	906775	21435	1
A_HP_45	6	Pulse	99	914586	29247	1
A_HP_45	6	Pulse	99	934586	49247	1
A_HP_45	7	Picture	response151	935849	110	1	40148	1	0	40000	hit	35
A_HP_45	7	Response	1	951385	15646	1
A_HP_45	7	Pulse	99	954585	18846	1
A_HP_45	7	Pulse	99	974586	38847	1
A_HP_45	8	Picture	response150	986326	187	1	40149	1	0	40000	hit	40
A_HP_45	8	Pulse	99	994586	8447	1
A_HP_45	8	Response	2	1013015	26876	1
A_HP_45	8	Pulse	99	1014586	28447	1
A_HP_45	8	Pulse	99	1034586	48447	1
A_HP_45	9	Picture	response148	1036637	98	1	40148	1	0	40000	incorrect	45
A_HP_45	9	Pulse	99	1054586	18047	1
A_HP_45	9	Response	2	1064485	27945	1
A_HP_45	9	Pulse	99	1074586	38047	1
A_HP_45	10	Picture	response146	1087114	175	1	40149	1	0	40000	hit	49
A_HP_45	10	Pulse	99	1094586	7647	1
A_HP_45	10	Response	1	1114575	27636	1
A_HP_45	10	Pulse	99	1114585	27646	1
A_HP_45	10	Pulse	99	1134586	47647	1
A_HP_45	11	Picture	response147	1137425	85	1	40148	1	0	40000	hit	54
A_HP_45	11	Pulse	99	1154586	17247	1
A_HP_45	11	Response	2	1162205	24866	1
A_HP_45	11	Pulse	99	1174586	37247	1
A_HP_45	12	Picture	response149	1187902	163	1	40148	1	0	40000	hit	58
A_HP_45	12	Pulse	99	1194586	6847	1
A_HP_45	12	Response	1	1209885	22146	1
A_HP_45	12	Pulse	99	1214586	26847	1
A_HP_45	12	Pulse	99	1234586	46847	1
A_HP_45	13	Picture	ins9	1238212	73	1	30153	1	0	30000	other	0
A_HP_45	13	Pulse	99	1254586	16447	1
A_HP_45	13	Pulse	99	1274586	36447	1
A_HP_45	13	Pulse	99	1294586	56447	1
A_HP_45	13	Pulse	99	1314586	76447	1
A_HP_45	13	Pulse	99	1334586	96447	1
A_HP_45	13	Pulse	99	1354586	116447	1
A_HP_45	13	Pulse	99	1374586	136447	1
A_HP_45	13	Pulse	99	1394586	156447	1
A_HP_45	13	Pulse	99	1414586	176447	1
A_HP_45	13	Pulse	99	1434586	196447	1
A_HP_45	13	Pulse	99	1454586	216447	1
A_HP_45	13	Pulse	99	1474586	236447	1
A_HP_45	13	Pulse	99	1494586	256447	1
A_HP_45	13	Pulse	99	1514586	276447	1
A_HP_45	13	Pulse	99	1534586	296447	1
A_HP_45	14	Response	3	1554586	6348	1
A_HP_45	14	Pulse	99	1554586	6348	1
A_HP_45	15	Picture	response71	1555069	130	1	40149	1	0	40000	incorrect	81
A_HP_45	15	Pulse	99	1574586	19647	1
A_HP_45	15	Response	2	1583715	28775	1
A_HP_45	15	Pulse	99	1594586	39647	1
A_HP_45	16	Picture	response68	1605546	207	1	40149	1	0	40000	hit	85
A_HP_45	16	Pulse	99	1614586	9247	1
A_HP_45	16	Response	2	1617835	12495	1
A_HP_45	16	Pulse	99	1634586	29247	1
A_HP_45	16	Pulse	99	1654586	49247	1
A_HP_45	17	Picture	response67	1655857	117	1	40148	1	0	40000	hit	90
A_HP_45	17	Pulse	99	1674586	18847	1
A_HP_45	17	Response	2	1686525	30786	1
A_HP_45	17	Pulse	99	1694586	38847	1
A_HP_45	18	Picture	response65	1706334	194	1	40149	1	0	40000	hit	95
A_HP_45	18	Pulse	99	1714587	8447	1
A_HP_45	18	Pulse	99	1734586	28447	1
A_HP_45	18	Response	1	1736045	29906	1
A_HP_45	18	Pulse	99	1754586	48447	1
A_HP_45	19	Picture	response69	1756644	105	1	40149	1	0	40000	hit	99
A_HP_45	19	Pulse	99	1774586	18047	1
A_HP_45	19	Response	1	1779015	22475	1
A_HP_45	19	Pulse	99	1794587	38047	1
A_HP_45	20	Picture	response72	1807122	182	1	40149	1	0	40000	incorrect	103
A_HP_45	20	Pulse	99	1814587	7647	1
A_HP_45	20	Response	2	1823455	16516	1
A_HP_45	20	Pulse	99	1834587	27647	1
A_HP_45	20	Pulse	99	1854586	47647	1
A_HP_45	21	Picture	response70	1857432	93	1	40149	1	0	40000	hit	108
A_HP_45	21	Pulse	99	1874586	17247	1
A_HP_45	21	Response	2	1875775	18435	1
A_HP_45	21	Pulse	99	1894587	37247	1
A_HP_45	22	Picture	response66	1907909	170	1	40149	1	0	40000	hit	112
A_HP_45	22	Pulse	99	1914587	6847	1
A_HP_45	22	Response	1	1923155	15416	1
A_HP_45	22	Pulse	99	1934587	26847	1
A_HP_45	22	Pulse	99	1954587	46847	1
A_HP_45	23	Picture	ins3	1958220	80	1	30153	1	0	30000	other	0
A_HP_45	23	Pulse	99	1974587	16447	1
A_HP_45	23	Pulse	99	1994586	36447	1
A_HP_45	23	Pulse	99	2014587	56447	1
A_HP_45	23	Pulse	99	2034587	76447	1
A_HP_45	23	Pulse	99	2054587	96447	1
A_HP_45	23	Pulse	99	2074587	116447	1
A_HP_45	23	Pulse	99	2094587	136447	1
A_HP_45	23	Pulse	99	2114507	156367	1
A_HP_45	23	Pulse	99	2134587	176447	1
A_HP_45	23	Pulse	99	2154587	196447	1
A_HP_45	23	Pulse	99	2174507	216368	1
A_HP_45	23	Pulse	99	2194587	236447	1
A_HP_45	23	Pulse	99	2214587	256447	1
A_HP_45	23	Pulse	99	2234507	276367	1
A_HP_45	23	Pulse	99	2254587	296447	1
A_HP_45	24	Response	3	2274587	6340	1
A_HP_45	24	Pulse	99	2274587	6340	1
A_HP_45	25	Picture	response18	2275077	137	1	40148	1	0	40000	hit	134
A_HP_45	25	Response	2	2282875	7936	1
A_HP_45	25	Pulse	99	2294507	19567	1
A_HP_45	25	Pulse	99	2314587	39647	1
A_HP_45	26	Picture	response23	2325554	214	1	40149	1	0	40000	hit	138
A_HP_45	26	Response	2	2332646	7306	1
A_HP_45	26	Pulse	99	2334586	9246	1
A_HP_45	26	Pulse	99	2354507	29167	1
A_HP_45	26	Pulse	99	2374587	49247	1
A_HP_45	27	Picture	response17	2375864	124	1	40149	1	0	40000	hit	143
A_HP_45	27	Response	2	2389866	14126	1
A_HP_45	27	Pulse	99	2394587	18847	1
A_HP_45	27	Pulse	99	2414507	38767	1
A_HP_45	28	Picture	response21	2426341	201	1	40149	1	0	40000	hit	148
A_HP_45	28	Pulse	99	2434587	8447	1
A_HP_45	28	Response	1	2437265	11125	1
A_HP_45	28	Pulse	99	2454587	28447	1
A_HP_45	28	Pulse	99	2474507	48367	1
A_HP_45	29	Picture	response24	2476652	112	1	40148	1	0	40000	hit	152
A_HP_45	29	Response	2	2493936	17396	1
A_HP_45	29	Pulse	99	2494586	18046	1
A_HP_45	29	Pulse	99	2514587	38047	1
A_HP_45	30	Picture	response19	2527129	189	1	40149	1	0	40000	hit	157
A_HP_45	30	Pulse	99	2534507	7567	1
A_HP_45	30	Response	2	2536645	9705	1
A_HP_45	30	Pulse	99	2554587	27647	1
A_HP_45	30	Pulse	99	2574587	47647	1
A_HP_45	31	Picture	response22	2577440	100	1	40148	1	0	40000	hit	161
A_HP_45	31	Response	1	2587226	9886	1
A_HP_45	31	Pulse	99	2594507	17167	1
A_HP_45	31	Pulse	99	2614587	37247	1
A_HP_45	32	Picture	response20	2627917	177	1	40148	1	0	40000	hit	166
A_HP_45	32	Pulse	99	2634587	6847	1
A_HP_45	32	Response	2	2641656	13916	1
A_HP_45	32	Pulse	99	2654507	26767	1
A_HP_45	32	Pulse	99	2674507	46767	1
A_HP_45	33	Picture	ins15	2678228	88	1	30153	1	0	30000	other	0
A_HP_45	33	Pulse	99	2694587	16447	1
A_HP_45	33	Pulse	99	2714587	36447	1
A_HP_45	33	Pulse	99	2734508	56368	1
A_HP_45	33	Pulse	99	2754587	76447	1
A_HP_45	33	Pulse	99	2774587	96447	1
A_HP_45	33	Pulse	99	2794507	116367	1
A_HP_45	33	Pulse	99	2814587	136447	1
A_HP_45	33	Pulse	99	2834587	156447	1
A_HP_45	33	Pulse	99	2854507	176367	1
A_HP_45	33	Pulse	99	2874587	196447	1
A_HP_45	33	Pulse	99	2894587	216447	1
A_HP_45	33	Pulse	99	2914507	236367	1
A_HP_45	33	Pulse	99	2934588	256447	1
A_HP_45	33	Pulse	99	2954587	276447	1
A_HP_45	33	Pulse	99	2974507	296367	1
A_HP_45	34	Response	3	2994587	6333	1
A_HP_45	34	Pulse	99	2994587	6333	1
A_HP_45	35	Picture	response120	2995084	144	1	40148	1	0	40000	hit	189
A_HP_45	35	Pulse	99	3014587	19647	1
A_HP_45	35	Response	1	3028246	33306	1
A_HP_45	35	Pulse	99	3034507	39567	1
A_HP_45	36	Picture	response118	3045561	221	1	40149	1	0	40000	hit	193
A_HP_45	36	Pulse	99	3054587	9247	1
A_HP_45	36	Response	1	3067626	22286	1
A_HP_45	36	Pulse	99	3074587	29247	1
A_HP_45	36	Pulse	99	3094507	49167	1
A_HP_45	37	Picture	response114	3095872	132	1	40148	1	0	40000	hit	197
A_HP_45	37	Response	2	3107476	11736	1
A_HP_45	37	Pulse	99	3114587	18847	1
A_HP_45	37	Pulse	99	3134587	38847	1
A_HP_45	38	Picture	response119	3146349	209	1	40149	1	0	40000	incorrect	202
A_HP_45	38	Pulse	99	3154507	8367	1
A_HP_45	38	Response	2	3174266	28126	1
A_HP_45	38	Pulse	99	3174587	28446	1
A_HP_45	38	Pulse	99	3194587	48447	1
A_HP_45	39	Picture	response117	3196660	119	1	40149	1	0	40000	hit	207
A_HP_45	39	Pulse	99	3214507	17967	1
A_HP_45	39	Response	2	3215976	19436	1
A_HP_45	39	Pulse	99	3234587	38047	1
A_HP_45	40	Picture	response113	3247137	197	1	40148	1	0	40000	hit	211
A_HP_45	40	Pulse	99	3254587	7647	1
A_HP_45	40	Response	2	3265746	18806	1
A_HP_45	40	Pulse	99	3274507	27567	1
A_HP_45	40	Pulse	99	3294507	47567	1
A_HP_45	41	Picture	response116	3297447	107	1	40148	1	0	40000	hit	216
A_HP_45	41	Pulse	99	3314587	17247	1
A_HP_45	41	Response	1	3314715	17375	1
A_HP_45	41	Pulse	99	3334507	37167	1
A_HP_45	42	Picture	response115	3347925	184	1	40149	1	0	40000	hit	221
A_HP_45	42	Pulse	99	3354507	6767	1
A_HP_45	42	Pulse	99	3374587	26847	1
A_HP_45	42	Response	2	3378406	30666	1
A_HP_45	42	Pulse	99	3394507	46767	1
A_HP_45	43	Picture	ins13	3398235	94	1	30153	1	0	30000	other	0
A_HP_45	43	Pulse	99	3414507	16367	1
A_HP_45	43	Pulse	99	3434587	36447	1
A_HP_45	43	Pulse	99	3454507	56367	1
A_HP_45	43	Pulse	99	3474507	76367	1
A_HP_45	43	Pulse	99	3494588	96447	1
A_HP_45	43	Pulse	99	3514507	116367	1
A_HP_45	43	Pulse	99	3534507	136367	1
A_HP_45	43	Pulse	99	3554587	156447	1
A_HP_45	43	Pulse	99	3574508	176367	1
A_HP_45	43	Pulse	99	3594507	196367	1
A_HP_45	43	Pulse	99	3614587	216447	1
A_HP_45	43	Pulse	99	3634507	236367	1
A_HP_45	43	Pulse	99	3654508	256367	1
A_HP_45	43	Pulse	99	3674587	276447	1
A_HP_45	43	Pulse	99	3694508	296367	1
A_HP_45	44	Response	3	3714508	6246	1
A_HP_45	44	Pulse	99	3714508	6246	1
A_HP_45	45	Picture	response99	3714925	84	1	40148	1	0	40000	hit	243
A_HP_45	45	Pulse	99	3734587	19747	1
A_HP_45	45	Response	2	3738946	24105	1
A_HP_45	45	Pulse	99	3754508	39667	1
A_HP_45	46	Picture	response101	3765402	162	1	40149	1	0	40000	hit	247
A_HP_45	46	Pulse	99	3774508	9267	1
A_HP_45	46	Response	1	3782646	17406	1
A_HP_45	46	Pulse	99	3794587	29347	1
A_HP_45	46	Pulse	99	3814508	49267	1
A_HP_45	47	Picture	response104	3815713	72	1	40148	1	0	40000	hit	252
A_HP_45	47	Pulse	99	3834508	18867	1
A_HP_45	47	Response	2	3837226	21585	1
A_HP_45	47	Pulse	99	3854508	38867	1
A_HP_45	48	Picture	response98	3866190	149	1	40149	1	0	40000	hit	256
A_HP_45	48	Pulse	99	3874507	8467	1
A_HP_45	48	Response	2	3889256	23216	1
A_HP_45	48	Pulse	99	3894508	28467	1
A_HP_45	48	Pulse	99	3914508	48467	1
A_HP_45	49	Picture	response102	3916501	60	1	40149	1	0	40000	hit	260
A_HP_45	49	Response	1	3927696	11256	1
A_HP_45	49	Pulse	99	3934508	18067	1
A_HP_45	49	Pulse	99	3954508	38067	1
A_HP_45	50	Picture	response100	3966978	137	1	40148	1	0	40000	hit	265
A_HP_45	50	Pulse	99	3974508	7667	1
A_HP_45	50	Response	2	3987567	20726	1
A_HP_45	50	Pulse	99	3994508	27667	1
A_HP_45	50	Pulse	99	4014508	47667	1
A_HP_45	51	Picture	response97	4017288	47	1	40149	1	0	40000	hit	269
A_HP_45	51	Response	1	4029737	12496	1
A_HP_45	51	Pulse	99	4034507	17267	1
A_HP_45	51	Pulse	99	4054588	37347	1
A_HP_45	52	Picture	response103	4067766	125	1	40148	1	0	40000	hit	274
A_HP_45	52	Pulse	99	4074508	6867	1
A_HP_45	52	Response	1	4083496	15855	1
A_HP_45	52	Pulse	99	4094508	26867	1
A_HP_45	52	Pulse	99	4114588	46947	1
A_HP_45	53	Picture	ins1	4118076	35	1	30153	1	0	30000	other	0
A_HP_45	53	Pulse	99	4134508	16467	1
A_HP_45	53	Pulse	99	4154508	36467	1
A_HP_45	53	Pulse	99	4174588	56547	1
A_HP_45	53	Pulse	99	4194508	76468	1
A_HP_45	53	Pulse	99	4214508	96467	1
A_HP_45	53	Pulse	99	4234588	116547	1
A_HP_45	53	Pulse	99	4254508	136467	1
A_HP_45	53	Pulse	99	4274508	156467	1
A_HP_45	53	Pulse	99	4294588	176547	1
A_HP_45	53	Pulse	99	4314508	196467	1
A_HP_45	53	Pulse	99	4334508	216467	1
A_HP_45	53	Pulse	99	4354588	236547	1
A_HP_45	53	Pulse	99	4374508	256467	1
A_HP_45	53	Pulse	99	4394508	276467	1
A_HP_45	53	Pulse	99	4414588	296547	1
A_HP_45	54	Response	3	4434509	6406	1
A_HP_45	54	Pulse	99	4434509	6406	1
A_HP_45	55	Picture	response6	4434933	92	1	40149	1	0	40000	hit	297
A_HP_45	55	Pulse	99	4454508	19667	1
A_HP_45	55	Response	2	4457297	22456	1
A_HP_45	55	Pulse	99	4474509	39668	1
A_HP_45	56	Picture	response8	4485410	169	1	40149	1	0	40000	hit	301
A_HP_45	56	Pulse	99	4494508	9267	1
A_HP_45	56	Response	2	4507957	22716	1
A_HP_45	56	Pulse	99	4514508	29267	1
A_HP_45	56	Pulse	99	4534508	49267	1
A_HP_45	57	Picture	response7	4535721	79	1	40148	1	0	40000	hit	305
A_HP_45	57	Response	2	4546107	10466	1
A_HP_45	57	Pulse	99	4554508	18867	1
A_HP_45	57	Pulse	99	4574508	38867	1
A_HP_45	58	Picture	response2	4586198	157	1	40149	1	0	40000	hit	310
A_HP_45	58	Pulse	99	4594509	8467	1
A_HP_45	58	Response	1	4597567	11526	1
A_HP_45	58	Pulse	99	4614508	28467	1
A_HP_45	58	Pulse	99	4634508	48467	1
A_HP_45	59	Picture	response3	4636508	67	1	40149	1	0	40000	hit	315
A_HP_45	59	Pulse	99	4654508	18067	1
A_HP_45	59	Response	2	4662227	25786	1
A_HP_45	59	Pulse	99	4674508	38067	1
A_HP_45	60	Picture	response5	4686985	144	1	40148	1	0	40000	hit	319
A_HP_45	60	Pulse	99	4694508	7667	1
A_HP_45	60	Response	2	4697057	10216	1
A_HP_45	60	Pulse	99	4714508	27667	1
A_HP_45	60	Pulse	99	4734508	47667	1
A_HP_45	61	Picture	response1	4737296	54	1	40149	1	0	40000	hit	323
A_HP_45	61	Response	2	4752397	15156	1
A_HP_45	61	Pulse	99	4754508	17267	1
A_HP_45	61	Pulse	99	4774508	37267	1
A_HP_45	62	Picture	response4	4787773	132	1	40148	1	0	40000	hit	328
A_HP_45	62	Pulse	99	4794508	6867	1
A_HP_45	62	Response	1	4810977	23336	1
A_HP_45	62	Pulse	99	4814508	26867	1
A_HP_45	62	Pulse	99	4834508	46867	1
A_HP_45	63	Picture	ins23	4838084	42	1	30153	1	0	30000	other	0
A_HP_45	63	Pulse	99	4854508	16467	1
A_HP_45	63	Pulse	99	4874508	36467	1
A_HP_45	63	Pulse	99	4894508	56467	1
A_HP_45	63	Pulse	99	4914508	76467	1
A_HP_45	63	Pulse	99	4934508	96467	1
A_HP_45	63	Pulse	99	4954508	116467	1
A_HP_45	63	Pulse	99	4974508	136467	1
A_HP_45	63	Pulse	99	4994508	156467	1
A_HP_45	63	Pulse	99	5014508	176467	1
A_HP_45	63	Pulse	99	5034508	196467	1
A_HP_45	63	Pulse	99	5054508	216467	1
A_HP_45	63	Pulse	99	5074508	236467	1
A_HP_45	63	Pulse	99	5094508	256467	1
A_HP_45	63	Pulse	99	5114508	276467	1
A_HP_45	63	Pulse	99	5134509	296468	1
A_HP_45	64	Response	3	5154508	6398	1
A_HP_45	64	Pulse	99	5154508	6398	1
A_HP_45	65	Picture	response180	5154940	99	1	40149	1	0	40000	hit	351
A_HP_45	65	Pulse	99	5174508	19667	1
A_HP_45	65	Response	1	5176957	22116	1
A_HP_45	65	Pulse	99	5194508	39667	1
A_HP_45	66	Picture	response178	5205418	176	1	40149	1	0	40000	incorrect	356
A_HP_45	66	Pulse	99	5214509	9267	1
A_HP_45	66	Pulse	99	5234508	29267	1
A_HP_45	66	Response	2	5241107	35865	1
A_HP_45	66	Pulse	99	5254508	49267	1
A_HP_45	67	Picture	response181	5255728	86	1	40149	1	0	40000	hit	360
A_HP_45	67	Pulse	99	5274508	18867	1
A_HP_45	67	Response	2	5285917	30275	1
A_HP_45	67	Pulse	99	5294508	38867	1
A_HP_45	68	Picture	response177	5306205	164	1	40149	1	0	40000	hit	364
A_HP_45	68	Pulse	99	5314508	8467	1
A_HP_45	68	Response	1	5327757	21716	1
A_HP_45	68	Pulse	99	5334508	28467	1
A_HP_45	68	Pulse	99	5354508	48467	1
A_HP_45	69	Picture	response184	5356516	74	1	40148	1	0	40000	hit	369
A_HP_45	69	Pulse	99	5374508	18067	1
A_HP_45	69	Response	1	5384427	27986	1
A_HP_45	69	Pulse	99	5394508	38067	1
A_HP_45	70	Picture	response179	5406993	151	1	40148	1	0	40000	hit	373
A_HP_45	70	Pulse	99	5414509	7667	1
A_HP_45	70	Response	1	5429718	22877	1
A_HP_45	70	Pulse	99	5434508	27667	1
A_HP_45	70	Pulse	99	5454509	47667	1
A_HP_45	71	Picture	response183	5457470	229	1	40149	1	0	40000	hit	377
A_HP_45	71	Response	2	5469527	12286	1
A_HP_45	71	Pulse	99	5474508	17267	1
A_HP_45	71	Pulse	99	5494509	37267	1
A_HP_45	72	Picture	response182	5507781	139	1	40148	1	0	40000	hit	383
A_HP_45	72	Pulse	99	5514508	6867	1
A_HP_45	72	Pulse	99	5534509	26867	1
A_HP_45	72	Response	1	5540367	32726	1
A_HP_45	72	Pulse	99	5554509	46868	1
A_HP_45	73	Picture	ins5	5558091	50	1	30153	1	0	30000	other	0
A_HP_45	73	Pulse	99	5574509	16467	1
A_HP_45	73	Pulse	99	5594509	36467	1
A_HP_45	73	Pulse	99	5614509	56467	1
A_HP_45	73	Pulse	99	5634509	76467	1
A_HP_45	73	Pulse	99	5654510	96468	1
A_HP_45	73	Pulse	99	5674509	116467	1
A_HP_45	73	Pulse	99	5694509	136467	1
A_HP_45	73	Pulse	99	5714509	156467	1
A_HP_45	73	Pulse	99	5734509	176467	1
A_HP_45	73	Pulse	99	5754509	196467	1
A_HP_45	73	Pulse	99	5774509	216467	1
A_HP_45	73	Pulse	99	5794509	236467	1
A_HP_45	73	Pulse	99	5814509	256467	1
A_HP_45	73	Pulse	99	5834509	276467	1
A_HP_45	73	Pulse	99	5854510	296468	1
A_HP_45	74	Response	3	5874509	6391	1
A_HP_45	74	Pulse	99	5874509	6391	1
A_HP_45	75	Picture	response39	5874948	106	1	40148	1	0	40000	hit	404
A_HP_45	75	Response	2	5884098	9256	1
A_HP_45	75	Pulse	99	5894509	19667	1
A_HP_45	75	Pulse	99	5914509	39667	1
A_HP_45	76	Picture	response37	5925425	183	1	40149	1	0	40000	hit	408
A_HP_45	76	Response	1	5933198	7956	1
A_HP_45	76	Pulse	99	5934509	9267	1
A_HP_45	76	Pulse	99	5954509	29267	1
A_HP_45	76	Pulse	99	5974509	49267	1
A_HP_45	77	Picture	response38	5975736	94	1	40148	1	0	40000	hit	413
A_HP_45	77	Response	2	5989628	13987	1
A_HP_45	77	Pulse	99	5994509	18867	1
A_HP_45	77	Pulse	99	6014509	38867	1
A_HP_45	78	Picture	response33	6026213	171	1	40149	1	0	40000	hit	418
A_HP_45	78	Pulse	99	6034509	8467	1
A_HP_45	78	Response	2	6049957	23915	1
A_HP_45	78	Pulse	99	6054509	28467	1
A_HP_45	78	Pulse	99	6074509	48467	1
A_HP_45	79	Picture	response35	6076523	81	1	40149	1	0	40000	hit	423
A_HP_45	79	Pulse	99	6094509	18067	1
A_HP_45	79	Response	2	6094537	18095	1
A_HP_45	79	Pulse	99	6114509	38067	1
A_HP_45	80	Picture	response36	6127001	159	1	40148	1	0	40000	hit	427
A_HP_45	80	Pulse	99	6134509	7667	1
A_HP_45	80	Response	1	6134597	7755	1
A_HP_45	80	Pulse	99	6154509	27667	1
A_HP_45	80	Pulse	99	6174509	47667	1
A_HP_45	81	Picture	response34	6177311	69	1	40149	1	0	40000	hit	431
A_HP_45	81	Response	1	6184338	7096	1
A_HP_45	81	Pulse	99	6194509	17267	1
A_HP_45	81	Pulse	99	6214509	37267	1
A_HP_45	82	Picture	response40	6227788	146	1	40149	1	0	40000	hit	435
A_HP_45	82	Response	1	6233758	6115	1
A_HP_45	82	Pulse	99	6234508	6866	1
A_HP_45	82	Pulse	99	6254509	26867	1
A_HP_45	82	Pulse	99	6274510	46868	1
A_HP_45	83	Picture	ins11	6278099	57	1	30153	1	0	30000	other	0
A_HP_45	83	Pulse	99	6294509	16467	1
A_HP_45	83	Pulse	99	6314509	36467	1
A_HP_45	83	Pulse	99	6334509	56467	1
A_HP_45	83	Pulse	99	6354510	76467	1
A_HP_45	83	Pulse	99	6374509	96467	1
A_HP_45	83	Pulse	99	6394509	116467	1
A_HP_45	83	Pulse	99	6414509	136467	1
A_HP_45	83	Pulse	99	6434509	156467	1
A_HP_45	83	Pulse	99	6454509	176467	1
A_HP_45	83	Pulse	99	6474509	196467	1
A_HP_45	83	Pulse	99	6494510	216468	1
A_HP_45	83	Pulse	99	6514509	236467	1
A_HP_45	83	Pulse	99	6534509	256467	1
A_HP_45	83	Pulse	99	6554509	276467	1
A_HP_45	83	Pulse	99	6574509	296467	1
A_HP_45	84	Response	3	6594509	6384	1
A_HP_45	84	Pulse	99	6594509	6384	1
A_HP_45	85	Picture	response82	6594956	113	1	40149	1	0	40000	incorrect	459
A_HP_45	85	Pulse	99	6614509	19667	1
A_HP_45	85	Response	1	6617848	23006	1
A_HP_45	85	Pulse	99	6634509	39667	1
A_HP_45	86	Picture	response88	6645433	190	1	40148	1	0	40000	hit	463
A_HP_45	86	Pulse	99	6654509	9267	1
A_HP_45	86	Response	2	6661728	16486	1
A_HP_45	86	Pulse	99	6674509	29267	1
A_HP_45	86	Pulse	99	6694509	49267	1
A_HP_45	87	Picture	response86	6695743	101	1	40148	1	0	40000	hit	467
A_HP_45	87	Response	1	6711918	16276	1
A_HP_45	87	Pulse	99	6714509	18867	1
A_HP_45	87	Pulse	99	6734509	38867	1
A_HP_45	88	Picture	response84	6746220	178	1	40149	1	0	40000	hit	472
A_HP_45	88	Pulse	99	6754510	8467	1
A_HP_45	88	Response	1	6772138	26095	1
A_HP_45	88	Pulse	99	6774510	28467	1
A_HP_45	88	Pulse	99	6794509	48467	1
A_HP_45	89	Picture	response87	6796698	255	1	40149	1	0	40000	hit	477
A_HP_45	89	Pulse	99	6814509	18067	1
A_HP_45	89	Response	1	6816748	20306	1
A_HP_45	89	Pulse	99	6834509	38067	1
A_HP_45	90	Picture	response83	6847008	166	1	40148	1	0	40000	hit	481
A_HP_45	90	Pulse	99	6854509	7667	1
A_HP_45	90	Response	1	6855928	9085	1
A_HP_45	90	Pulse	99	6874509	27667	1
A_HP_45	90	Pulse	99	6894509	47667	1
A_HP_45	91	Picture	response81	6897319	76	1	40148	1	0	40000	hit	486
A_HP_45	91	Pulse	99	6914509	17267	1
A_HP_45	91	Response	2	6916668	19425	1
A_HP_45	91	Pulse	99	6934509	37267	1
A_HP_45	92	Picture	response85	6947796	153	1	40149	1	0	40000	hit	490
A_HP_45	92	Pulse	99	6954509	6867	1
A_HP_45	92	Response	2	6966818	19176	1
A_HP_45	92	Pulse	99	6974509	26867	1
A_HP_45	92	Pulse	99	6994509	46867	1
A_HP_45	93	Picture	ins21	6998106	64	1	30153	1	0	30000	other	0
A_HP_45	93	Pulse	99	7014509	16467	1
A_HP_45	93	Pulse	99	7034509	36467	1
A_HP_45	93	Pulse	99	7054509	56467	1
A_HP_45	93	Pulse	99	7074509	76467	1
A_HP_45	93	Pulse	99	7094509	96467	1
A_HP_45	93	Pulse	99	7114509	116467	1
A_HP_45	93	Pulse	99	7134510	136468	1
A_HP_45	93	Pulse	99	7154510	156467	1
A_HP_45	93	Pulse	99	7174510	176467	1
A_HP_45	93	Pulse	99	7194510	196467	1
A_HP_45	93	Pulse	99	7214510	216467	1
A_HP_45	93	Pulse	99	7234510	236468	1
A_HP_45	93	Pulse	99	7254510	256467	1
A_HP_45	93	Pulse	99	7274510	276468	1
A_HP_45	93	Pulse	99	7294510	296467	1
A_HP_45	94	Response	3	7314510	6377	1
A_HP_45	94	Pulse	99	7314510	6377	1
A_HP_45	95	Picture	response162	7314963	120	1	40149	1	0	40000	hit	513
A_HP_45	95	Pulse	99	7334510	19667	1
A_HP_45	95	Response	1	7339688	24846	1
A_HP_45	95	Pulse	99	7354509	39667	1
A_HP_45	96	Picture	response168	7365440	198	1	40148	1	0	40000	hit	517
A_HP_45	96	Pulse	99	7374509	9267	1
A_HP_45	96	Response	2	7389499	24256	1
A_HP_45	96	Pulse	99	7394509	29267	1
A_HP_45	96	Pulse	99	7414509	49267	1
A_HP_45	97	Picture	response163	7415751	108	1	40148	1	0	40000	hit	521
A_HP_45	97	Response	2	7432849	17206	1
A_HP_45	97	Pulse	99	7434510	18867	1
A_HP_45	97	Pulse	99	7454510	38867	1
A_HP_45	98	Picture	response167	7466228	185	1	40149	1	0	40000	hit	526
A_HP_45	98	Pulse	99	7474510	8467	1
A_HP_45	98	Response	2	7480688	14645	1
A_HP_45	98	Pulse	99	7494510	28467	1
A_HP_45	98	Pulse	99	7514510	48467	1
A_HP_45	99	Picture	response165	7516539	96	1	40148	1	0	40000	hit	531
A_HP_45	99	Pulse	99	7534510	18067	1
A_HP_45	99	Response	2	7538658	22215	1
A_HP_45	99	Pulse	99	7554510	38067	1
A_HP_45	100	Picture	response164	7567016	173	1	40149	1	0	40000	hit	536
A_HP_45	100	Pulse	99	7574510	7667	1
A_HP_45	100	Pulse	99	7594510	27667	1
A_HP_45	100	Response	1	7596249	29406	1
A_HP_45	100	Pulse	99	7614510	47667	1
A_HP_45	101	Picture	response161	7617326	83	1	40149	1	0	40000	incorrect	540
A_HP_45	101	Pulse	99	7634510	17267	1
A_HP_45	101	Response	2	7641899	24656	1
A_HP_45	101	Pulse	99	7654510	37267	1
A_HP_45	102	Picture	response166	7667804	161	1	40149	1	0	40000	hit	544
A_HP_45	102	Pulse	99	7674510	6867	1
A_HP_45	102	Response	1	7686888	19245	1
A_HP_45	102	Pulse	99	7694510	26867	1
A_HP_45	102	Pulse	99	7714509	46867	1
A_HP_45	103	Picture	ins7	7718114	71	1	30153	1	0	30000	other	0
A_HP_45	103	Pulse	99	7734510	16467	1
A_HP_45	103	Pulse	99	7754510	36467	1
A_HP_45	103	Pulse	99	7774511	56468	1
A_HP_45	103	Pulse	99	7794511	76468	1
A_HP_45	103	Pulse	99	7814510	96467	1
A_HP_45	103	Pulse	99	7834510	116467	1
A_HP_45	103	Pulse	99	7854510	136467	1
A_HP_45	103	Pulse	99	7874510	156467	1
A_HP_45	103	Pulse	99	7894510	176467	1
A_HP_45	103	Pulse	99	7914510	196467	1
A_HP_45	103	Pulse	99	7934510	216468	1
A_HP_45	103	Pulse	99	7954430	236387	1
A_HP_45	103	Pulse	99	7974510	256467	1
A_HP_45	103	Pulse	99	7994510	276467	1
A_HP_45	103	Pulse	99	8014430	296387	1
A_HP_45	104	Response	3	8034510	6369	1
A_HP_45	104	Pulse	99	8034510	6369	1
A_HP_45	105	Picture	response54	8034971	128	1	40148	1	0	40000	hit	567
A_HP_45	105	Pulse	99	8054510	19667	1
A_HP_45	105	Response	1	8056509	21666	1
A_HP_45	105	Pulse	99	8074510	39667	1
A_HP_45	106	Picture	response51	8085448	205	1	40149	1	0	40000	hit	571
A_HP_45	106	Pulse	99	8094510	9267	1
A_HP_45	106	Response	1	8100979	15736	1
A_HP_45	106	Pulse	99	8114510	29267	1
A_HP_45	106	Pulse	99	8134510	49267	1
A_HP_45	107	Picture	response50	8135758	115	1	40149	1	0	40000	hit	575
A_HP_45	107	Response	2	8149729	14085	1
A_HP_45	107	Pulse	99	8154510	18867	1
A_HP_45	107	Pulse	99	8174510	38867	1
A_HP_45	108	Picture	response55	8186236	192	1	40148	1	0	40000	incorrect	580
A_HP_45	108	Pulse	99	8194510	8467	1
A_HP_45	108	Response	1	8204719	18676	1
A_HP_45	108	Pulse	99	8214510	28467	1
A_HP_45	108	Pulse	99	8234510	48467	1
A_HP_45	109	Picture	response56	8236546	103	1	40148	1	0	40000	incorrect	585
A_HP_45	109	Pulse	99	8254510	18067	1
A_HP_45	109	Response	1	8268669	32226	1
A_HP_45	109	Pulse	99	8274510	38067	1
A_HP_45	110	Picture	response52	8287023	180	1	40149	1	0	40000	hit	589
A_HP_45	110	Pulse	99	8294510	7667	1
A_HP_45	110	Response	2	8307099	20256	1
A_HP_45	110	Pulse	99	8314510	27667	1
A_HP_45	110	Pulse	99	8334510	47667	1
A_HP_45	111	Picture	response49	8337334	91	1	40149	1	0	40000	hit	594
A_HP_45	111	Pulse	99	8354510	17267	1
A_HP_45	111	Response	2	8363669	26426	1
A_HP_45	111	Pulse	99	8374510	37267	1
A_HP_45	112	Picture	response53	8387811	168	1	40148	1	0	40000	hit	598
A_HP_45	112	Pulse	99	8394510	6867	1
A_HP_45	112	Response	1	8400719	13076	1
A_HP_45	112	Pulse	99	8414511	26867	1
A_HP_45	112	Pulse	99	8434510	46867	1
A_HP_45	113	Picture	ins17	8438122	78	1	30153	1	0	30000	other	0
A_HP_45	113	Pulse	99	8454510	16467	1
A_HP_45	113	Pulse	99	8474512	36468	1
A_HP_45	113	Pulse	99	8494511	56467	1
A_HP_45	113	Pulse	99	8514430	76387	1
A_HP_45	113	Pulse	99	8534510	96467	1
A_HP_45	113	Pulse	99	8554510	116467	1
A_HP_45	113	Pulse	99	8574430	136387	1
A_HP_45	113	Pulse	99	8594509	156466	1
A_HP_45	113	Pulse	99	8614510	176467	1
A_HP_45	113	Pulse	99	8634430	196387	1
A_HP_45	113	Pulse	99	8654511	216468	1
A_HP_45	113	Pulse	99	8674510	236467	1
A_HP_45	113	Pulse	99	8694430	256387	1
A_HP_45	113	Pulse	99	8714510	276467	1
A_HP_45	113	Pulse	99	8734510	296467	1
A_HP_45	114	Response	3	8754431	6283	1
A_HP_45	114	Pulse	99	8754431	6283	1
A_HP_45	115	Picture	response130	8754978	135	1	40149	1	0	40000	hit	621
A_HP_45	115	Pulse	99	8774510	19667	1
A_HP_45	115	Response	2	8784199	29356	1
A_HP_45	115	Pulse	99	8794510	39667	1
A_HP_45	116	Picture	response132	8805455	212	1	40149	1	0	40000	hit	625
A_HP_45	116	Pulse	99	8814430	9187	1
A_HP_45	116	Response	2	8831950	26706	1
A_HP_45	116	Pulse	99	8834510	29266	1
A_HP_45	116	Pulse	99	8854510	49267	1
A_HP_45	117	Picture	response131	8855766	122	1	40149	1	0	40000	hit	630
A_HP_45	117	Pulse	99	8874431	18787	1
A_HP_45	117	Response	1	8882139	26495	1
A_HP_45	117	Pulse	99	8894511	38867	1
A_HP_45	118	Picture	response129	8906243	200	1	40149	1	0	40000	hit	634
A_HP_45	118	Pulse	99	8914510	8467	1
A_HP_45	118	Response	1	8924689	18646	1
A_HP_45	118	Pulse	99	8934430	28387	1
A_HP_45	118	Pulse	99	8954511	48467	1
A_HP_45	119	Picture	response134	8956554	110	1	40148	1	0	40000	hit	639
A_HP_45	119	Pulse	99	8974511	18067	1
A_HP_45	119	Response	2	8977369	20926	1
A_HP_45	119	Pulse	99	8994431	37987	1
A_HP_45	120	Picture	response135	9007031	187	1	40148	1	0	40000	hit	643
A_HP_45	120	Pulse	99	9014510	7667	1
A_HP_45	120	Response	2	9017100	10256	1
A_HP_45	120	Pulse	99	9034511	27667	1
A_HP_45	120	Pulse	99	9054431	47587	1
A_HP_45	121	Picture	response136	9057342	98	1	40148	1	0	40000	incorrect	648
A_HP_45	121	Pulse	99	9074431	17187	1
A_HP_45	121	Response	2	9087939	30696	1
A_HP_45	121	Pulse	99	9094510	37267	1
A_HP_45	122	Picture	response133	9107819	175	1	40149	1	0	40000	hit	652
A_HP_45	122	Pulse	99	9114431	6787	1
A_HP_45	122	Response	1	9128499	20856	1
A_HP_45	122	Pulse	99	9134431	26787	1
A_HP_45	122	Pulse	99	9154511	46867	1
A_HP_45	123	Picture	thanks	9157796	0	1	10162	1	0	10000	other	0
A_HP_45	123	Pulse	99	9174431	16635	1


Event Type	Code	Type	Response	RT	RT Uncertainty	Time	Uncertainty	Duration	Uncertainty	ReqTime	ReqDur

Picture	ready	other				454733	1	10162	1	0	10000
Picture	ins19	other				515206	1	30153	1	0	30000
Picture	response145	incorrect	2	22413	2	835061	1	40148	1	0	40000
Picture	response152	incorrect	2	21236	2	885539	1	40149	1	0	40000
Picture	response151	hit	1	15536	2	935849	1	40148	1	0	40000
Picture	response150	hit	2	26689	2	986326	1	40149	1	0	40000
Picture	response148	incorrect	2	27848	2	1036637	1	40148	1	0	40000
Picture	response146	hit	1	27461	2	1087114	1	40149	1	0	40000
Picture	response147	hit	2	24780	2	1137425	1	40148	1	0	40000
Picture	response149	hit	1	21983	2	1187902	1	40148	1	0	40000
Picture	ins9	other				1238212	1	30153	1	0	30000
Picture	response71	incorrect	2	28646	2	1555069	1	40149	1	0	40000
Picture	response68	hit	2	12289	2	1605546	1	40149	1	0	40000
Picture	response67	hit	2	30669	2	1655857	1	40148	1	0	40000
Picture	response65	hit	1	29711	2	1706334	1	40149	1	0	40000
Picture	response69	hit	1	22370	2	1756644	1	40149	1	0	40000
Picture	response72	incorrect	2	16334	2	1807122	1	40149	1	0	40000
Picture	response70	hit	2	18343	2	1857432	1	40149	1	0	40000
Picture	response66	hit	1	15246	2	1907909	1	40149	1	0	40000
Picture	ins3	other				1958220	1	30153	1	0	30000
Picture	response18	hit	2	7799	2	2275077	1	40148	1	0	40000
Picture	response23	hit	2	7092	2	2325554	1	40149	1	0	40000
Picture	response17	hit	2	14001	2	2375864	1	40149	1	0	40000
Picture	response21	hit	1	10924	2	2426341	1	40149	1	0	40000
Picture	response24	hit	2	17284	2	2476652	1	40148	1	0	40000
Picture	response19	hit	2	9516	2	2527129	1	40149	1	0	40000
Picture	response22	hit	1	9786	2	2577440	1	40148	1	0	40000
Picture	response20	hit	2	13739	2	2627917	1	40148	1	0	40000
Picture	ins15	other				2678228	1	30153	1	0	30000
Picture	response120	hit	1	33162	2	2995084	1	40148	1	0	40000
Picture	response118	hit	1	22065	2	3045561	1	40149	1	0	40000
Picture	response114	hit	2	11604	2	3095872	1	40148	1	0	40000
Picture	response119	incorrect	2	27917	2	3146349	1	40149	1	0	40000
Picture	response117	hit	2	19316	2	3196660	1	40149	1	0	40000
Picture	response113	hit	2	18609	2	3247137	1	40148	1	0	40000
Picture	response116	hit	1	17268	2	3297447	1	40148	1	0	40000
Picture	response115	hit	2	30482	2	3347925	1	40149	1	0	40000
Picture	ins13	other				3398235	1	30153	1	0	30000
Picture	response99	hit	2	24021	2	3714925	1	40148	1	0	40000
Picture	response101	hit	1	17244	2	3765402	1	40149	1	0	40000
Picture	response104	hit	2	21513	2	3815713	1	40148	1	0	40000
Picture	response98	hit	2	23066	2	3866190	1	40149	1	0	40000
Picture	response102	hit	1	11196	2	3916501	1	40149	1	0	40000
Picture	response100	hit	2	20589	2	3966978	1	40148	1	0	40000
Picture	response97	hit	1	12448	2	4017288	1	40149	1	0	40000
Picture	response103	hit	1	15731	2	4067766	1	40148	1	0	40000
Picture	ins1	other				4118076	1	30153	1	0	30000
Picture	response6	hit	2	22364	2	4434933	1	40149	1	0	40000
Picture	response8	hit	2	22547	2	4485410	1	40149	1	0	40000
Picture	response7	hit	2	10386	2	4535721	1	40148	1	0	40000
Picture	response2	hit	1	11369	2	4586198	1	40149	1	0	40000
Picture	response3	hit	2	25719	2	4636508	1	40149	1	0	40000
Picture	response5	hit	2	10071	2	4686985	1	40148	1	0	40000
Picture	response1	hit	2	15101	2	4737296	1	40149	1	0	40000
Picture	response4	hit	1	23204	2	4787773	1	40148	1	0	40000
Picture	ins23	other				4838084	1	30153	1	0	30000
Picture	response180	hit	1	22017	2	5154940	1	40149	1	0	40000
Picture	response178	incorrect	2	35689	2	5205418	1	40149	1	0	40000
Picture	response181	hit	2	30189	2	5255728	1	40149	1	0	40000
Picture	response177	hit	1	21552	2	5306205	1	40149	1	0	40000
Picture	response184	hit	1	27911	2	5356516	1	40148	1	0	40000
Picture	response179	hit	1	22725	2	5406993	1	40148	1	0	40000
Picture	response183	hit	2	12057	2	5457470	1	40149	1	0	40000
Picture	response182	hit	1	32587	2	5507781	1	40148	1	0	40000
Picture	ins5	other				5558091	1	30153	1	0	30000
Picture	response39	hit	2	9150	2	5874948	1	40148	1	0	40000
Picture	response37	hit	1	7772	2	5925425	1	40149	1	0	40000
Picture	response38	hit	2	13893	2	5975736	1	40148	1	0	40000
Picture	response33	hit	2	23745	2	6026213	1	40149	1	0	40000
Picture	response35	hit	2	18013	2	6076523	1	40149	1	0	40000
Picture	response36	hit	1	7596	2	6127001	1	40148	1	0	40000
Picture	response34	hit	1	7027	2	6177311	1	40149	1	0	40000
Picture	response40	hit	1	5969	2	6227788	1	40149	1	0	40000
Picture	ins11	other				6278099	1	30153	1	0	30000
Picture	response82	incorrect	1	22893	2	6594956	1	40149	1	0	40000
Picture	response88	hit	2	16295	2	6645433	1	40148	1	0	40000
Picture	response86	hit	1	16175	2	6695743	1	40148	1	0	40000
Picture	response84	hit	1	25917	2	6746220	1	40149	1	0	40000
Picture	response87	hit	1	20050	2	6796698	1	40149	1	0	40000
Picture	response83	hit	1	8920	2	6847008	1	40148	1	0	40000
Picture	response81	hit	2	19349	2	6897319	1	40148	1	0	40000
Picture	response85	hit	2	19022	2	6947796	1	40149	1	0	40000
Picture	ins21	other				6998106	1	30153	1	0	30000
Picture	response162	hit	1	24725	2	7314963	1	40149	1	0	40000
Picture	response168	hit	2	24059	2	7365440	1	40148	1	0	40000
Picture	response163	hit	2	17098	2	7415751	1	40148	1	0	40000
Picture	response167	hit	2	14460	2	7466228	1	40149	1	0	40000
Picture	response165	hit	2	22120	2	7516539	1	40148	1	0	40000
Picture	response164	hit	1	29233	2	7567016	1	40149	1	0	40000
Picture	response161	incorrect	2	24572	2	7617326	1	40149	1	0	40000
Picture	response166	hit	1	19085	2	7667804	1	40149	1	0	40000
Picture	ins7	other				7718114	1	30153	1	0	30000
Picture	response54	hit	1	21538	2	8034971	1	40148	1	0	40000
Picture	response51	hit	1	15531	2	8085448	1	40149	1	0	40000
Picture	response50	hit	2	13970	2	8135758	1	40149	1	0	40000
Picture	response55	incorrect	1	18483	2	8186236	1	40148	1	0	40000
Picture	response56	incorrect	1	32123	2	8236546	1	40148	1	0	40000
Picture	response52	hit	2	20075	2	8287023	1	40149	1	0	40000
Picture	response49	hit	2	26335	2	8337334	1	40149	1	0	40000
Picture	response53	hit	1	12908	2	8387811	1	40148	1	0	40000
Picture	ins17	other				8438122	1	30153	1	0	30000
Picture	response130	hit	2	29221	2	8754978	1	40149	1	0	40000
Picture	response132	hit	2	26494	2	8805455	1	40149	1	0	40000
Picture	response131	hit	1	26373	2	8855766	1	40149	1	0	40000
Picture	response129	hit	1	18446	2	8906243	1	40149	1	0	40000
Picture	response134	hit	2	20815	2	8956554	1	40148	1	0	40000
Picture	response135	hit	2	10069	2	9007031	1	40148	1	0	40000
Picture	response136	incorrect	2	30598	2	9057342	1	40148	1	0	40000
Picture	response133	hit	1	20681	2	9107819	1	40149	1	0	40000
Picture	thanks	other				9157796	1	10162	1	0	10000


{
   "app": "Presentation Version 21.1 Build 09.05.19",
   "device": "LENOVO 20FBCTO1WW",
   "experiment": "{A2FC4E2A-B401-4E65-9CA9-5B09E294C871}",
   "os": "Windows 10 64 bit",
   "package": "",
   "parameters": {
      "configuration": "Default configuration"
   },
   "scenario": "Dimension experiment(1).sce",
   "subject": "A_HP_45",
   "timestamp": "2020/01/17 01:13:28 GMT"
}
