Scenario - 
Logfile written - 09/27/2019 09:45:30

Subject	Trial	Event Type	Code	Time	TTime	Uncertainty	Duration	Uncertainty	ReqTime	ReqDur	Stim Type	Pair Index

A_HP_12	1	Response	3	492516	491849	1
A_HP_12	1	Pulse	99	492516	491849	1
A_HP_12	2	Picture	ready	492748	0	1	10229	1	0	10000	other	0
A_HP_12	2	Pulse	99	512515	19767	1
A_HP_12	2	Pulse	99	532436	39688	1
A_HP_12	2	Pulse	99	552515	59768	1
A_HP_12	3	Picture	ins11	553355	232	1	30229	1	0	30000	other	0
A_HP_12	3	Pulse	99	572515	19392	1
A_HP_12	3	Pulse	99	592436	39312	1
A_HP_12	3	Pulse	99	612516	59393	1
A_HP_12	3	Pulse	99	632516	79392	1
A_HP_12	3	Pulse	99	652436	99312	1
A_HP_12	3	Pulse	99	672516	119393	1
A_HP_12	3	Pulse	99	692516	139392	1
A_HP_12	3	Pulse	99	712436	159312	1
A_HP_12	3	Pulse	99	732516	179392	1
A_HP_12	3	Pulse	99	752516	199392	1
A_HP_12	3	Pulse	99	772436	219313	1
A_HP_12	3	Pulse	99	792516	239392	1
A_HP_12	3	Pulse	99	812516	259392	1
A_HP_12	3	Pulse	99	832436	279312	1
A_HP_12	3	Pulse	99	852436	299313	1
A_HP_12	4	Response	3	872516	9162	1
A_HP_12	4	Pulse	99	872516	9162	1
A_HP_12	5	Picture	response88	873158	235	1	40229	1	0	40000	hit	26
A_HP_12	5	Response	2	890225	17302	1
A_HP_12	5	Pulse	99	892435	19512	1
A_HP_12	5	Pulse	99	912436	39513	1
A_HP_12	6	Picture	response86	923617	293	1	40229	1	0	40000	hit	30
A_HP_12	6	Response	1	932375	9051	1
A_HP_12	6	Pulse	99	932515	9192	1
A_HP_12	6	Pulse	99	952436	29112	1
A_HP_12	6	Pulse	99	972436	49112	1
A_HP_12	7	Picture	response83	973908	184	1	40230	1	0	40000	hit	35
A_HP_12	7	Response	1	988455	14731	1
A_HP_12	7	Pulse	99	992515	18791	1
A_HP_12	7	Pulse	99	1012436	38712	1
A_HP_12	8	Picture	response87	1024367	243	1	40229	1	0	40000	hit	40
A_HP_12	8	Pulse	99	1032436	8313	1
A_HP_12	8	Response	1	1033704	9581	1
A_HP_12	8	Pulse	99	1052516	28393	1
A_HP_12	8	Pulse	99	1072436	48313	1
A_HP_12	9	Picture	response82	1074658	135	1	40229	1	0	40000	hit	44
A_HP_12	9	Response	2	1084355	9831	1
A_HP_12	9	Pulse	99	1092436	17912	1
A_HP_12	9	Pulse	99	1112516	37992	1
A_HP_12	10	Picture	response81	1125116	193	1	40229	1	0	40000	hit	49
A_HP_12	10	Pulse	99	1132517	7593	1
A_HP_12	10	Response	2	1139715	14792	1
A_HP_12	10	Pulse	99	1152436	27513	1
A_HP_12	10	Pulse	99	1172516	47593	1
A_HP_12	11	Picture	response84	1175575	251	1	40229	1	0	40000	hit	53
A_HP_12	11	Response	1	1182835	7511	1
A_HP_12	11	Pulse	99	1192516	17192	1
A_HP_12	11	Pulse	99	1212436	37112	1
A_HP_12	12	Picture	response85	1225866	143	1	40230	1	0	40000	hit	58
A_HP_12	12	Pulse	99	1232517	6793	1
A_HP_12	12	Response	2	1243775	18051	1
A_HP_12	12	Pulse	99	1252516	26793	1
A_HP_12	12	Pulse	99	1272436	46713	1
A_HP_12	13	Picture	ins9	1276326	202	1	30229	1	0	30000	other	0
A_HP_12	13	Pulse	99	1292436	16312	1
A_HP_12	13	Pulse	99	1312517	36392	1
A_HP_12	13	Pulse	99	1332437	56313	1
A_HP_12	13	Pulse	99	1352436	76312	1
A_HP_12	13	Pulse	99	1372516	96392	1
A_HP_12	13	Pulse	99	1392437	116313	1
A_HP_12	13	Pulse	99	1412436	136312	1
A_HP_12	13	Pulse	99	1432517	156393	1
A_HP_12	13	Pulse	99	1452437	176313	1
A_HP_12	13	Pulse	99	1472437	196313	1
A_HP_12	13	Pulse	99	1492517	216393	1
A_HP_12	13	Pulse	99	1512437	236313	1
A_HP_12	13	Pulse	99	1532437	256313	1
A_HP_12	13	Pulse	99	1552517	276393	1
A_HP_12	13	Pulse	99	1572437	296312	1
A_HP_12	14	Response	3	1592437	6082	1
A_HP_12	14	Pulse	99	1592437	6082	1
A_HP_12	15	Picture	response68	1593060	236	1	40230	1	0	40000	hit	80
A_HP_12	15	Response	2	1607016	14192	1
A_HP_12	15	Pulse	99	1612517	19692	1
A_HP_12	15	Pulse	99	1632437	39613	1
A_HP_12	16	Picture	response72	1643352	127	1	40229	1	0	40000	hit	85
A_HP_12	16	Pulse	99	1652437	9212	1
A_HP_12	16	Response	1	1654135	10910	1
A_HP_12	16	Pulse	99	1672517	29292	1
A_HP_12	16	Pulse	99	1692437	49212	1
A_HP_12	17	Picture	response69	1693977	352	1	40229	1	0	40000	hit	89
A_HP_12	17	Response	1	1708307	14682	1
A_HP_12	17	Pulse	99	1712436	18812	1
A_HP_12	17	Pulse	99	1732517	38893	1
A_HP_12	18	Picture	response70	1744268	243	1	40229	1	0	40000	hit	94
A_HP_12	18	Pulse	99	1752437	8412	1
A_HP_12	18	Response	2	1759416	15391	1
A_HP_12	18	Pulse	99	1772437	28412	1
A_HP_12	18	Pulse	99	1792437	48412	1
A_HP_12	19	Picture	response67	1794560	135	1	40229	1	0	40000	hit	98
A_HP_12	19	Response	2	1803256	8831	1
A_HP_12	19	Pulse	99	1812517	18092	1
A_HP_12	19	Pulse	99	1832437	38012	1
A_HP_12	20	Picture	response66	1845018	192	1	40229	1	0	40000	hit	103
A_HP_12	20	Pulse	99	1852441	7616	1
A_HP_12	20	Response	1	1863176	18351	1
A_HP_12	20	Pulse	99	1872517	27692	1
A_HP_12	20	Pulse	99	1892437	47612	1
A_HP_12	21	Picture	response65	1895476	250	1	40229	1	0	40000	hit	107
A_HP_12	21	Response	1	1906536	11311	1
A_HP_12	21	Pulse	99	1912438	17212	1
A_HP_12	21	Pulse	99	1932517	37292	1
A_HP_12	22	Picture	response71	1945934	309	1	40229	1	0	40000	hit	112
A_HP_12	22	Pulse	99	1952438	6812	1
A_HP_12	22	Response	1	1958376	12751	1
A_HP_12	22	Pulse	99	1972438	26812	1
A_HP_12	22	Pulse	99	1992518	46893	1
A_HP_12	23	Picture	ins17	1996226	201	1	30229	1	0	30000	other	0
A_HP_12	23	Pulse	99	2012438	16413	1
A_HP_12	23	Pulse	99	2032438	36413	1
A_HP_12	23	Pulse	99	2052518	56493	1
A_HP_12	23	Pulse	99	2072438	76413	1
A_HP_12	23	Pulse	99	2092438	96413	1
A_HP_12	23	Pulse	99	2112518	116493	1
A_HP_12	23	Pulse	99	2132439	136414	1
A_HP_12	23	Pulse	99	2152438	156413	1
A_HP_12	23	Pulse	99	2172518	176493	1
A_HP_12	23	Pulse	99	2192438	196413	1
A_HP_12	23	Pulse	99	2212438	216413	1
A_HP_12	23	Pulse	99	2232518	236493	1
A_HP_12	23	Pulse	99	2252438	256413	1
A_HP_12	23	Pulse	99	2272438	276413	1
A_HP_12	23	Pulse	99	2292438	296413	1
A_HP_12	24	Response	3	2312438	6183	1
A_HP_12	24	Pulse	99	2312438	6183	1
A_HP_12	25	Picture	response133	2313063	237	1	40229	1	0	40000	hit	134
A_HP_12	25	Response	1	2326077	13251	1
A_HP_12	25	Pulse	99	2332437	19611	1
A_HP_12	25	Pulse	99	2352438	39612	1
A_HP_12	26	Picture	response130	2363355	129	1	40229	1	0	40000	hit	139
A_HP_12	26	Pulse	99	2372438	9213	1
A_HP_12	26	Response	2	2379327	16101	1
A_HP_12	26	Pulse	99	2392438	29212	1
A_HP_12	26	Pulse	99	2412438	49213	1
A_HP_12	27	Picture	response132	2413980	354	1	40229	1	0	40000	incorrect	144
A_HP_12	27	Pulse	99	2432438	18813	1
A_HP_12	27	Response	1	2436147	22521	1
A_HP_12	27	Pulse	99	2452438	38813	1
A_HP_12	28	Picture	response131	2464271	245	1	40229	1	0	40000	hit	148
A_HP_12	28	Pulse	99	2472438	8412	1
A_HP_12	28	Response	1	2474136	10110	1
A_HP_12	28	Pulse	99	2492519	28493	1
A_HP_12	28	Pulse	99	2512438	48412	1
A_HP_12	29	Picture	response135	2514563	137	1	40230	1	0	40000	hit	152
A_HP_12	29	Response	2	2529007	14582	1
A_HP_12	29	Pulse	99	2532437	18012	1
A_HP_12	29	Pulse	99	2552519	38093	1
A_HP_12	30	Picture	response136	2565021	195	1	40229	1	0	40000	hit	157
A_HP_12	30	Pulse	99	2572438	7612	1
A_HP_12	30	Response	1	2589687	24861	1
A_HP_12	30	Pulse	99	2592438	27612	1
A_HP_12	30	Pulse	99	2612519	47693	1
A_HP_12	31	Picture	response129	2615479	253	1	40229	1	0	40000	hit	161
A_HP_12	31	Response	1	2628908	13682	1
A_HP_12	31	Pulse	99	2632438	17212	1
A_HP_12	31	Pulse	99	2652439	37213	1
A_HP_12	32	Picture	response134	2665937	311	1	40229	1	0	40000	hit	166
A_HP_12	32	Pulse	99	2672519	6893	1
A_HP_12	32	Response	2	2683577	17951	1
A_HP_12	32	Pulse	99	2692438	26812	1
A_HP_12	32	Pulse	99	2712438	46812	1
A_HP_12	33	Picture	ins7	2716229	204	1	30229	1	0	30000	other	0
A_HP_12	33	Pulse	99	2732439	16413	1
A_HP_12	33	Pulse	99	2752439	36413	1
A_HP_12	33	Pulse	99	2772439	56413	1
A_HP_12	33	Pulse	99	2792439	76413	1
A_HP_12	33	Pulse	99	2812439	96413	1
A_HP_12	33	Pulse	99	2832439	116413	1
A_HP_12	33	Pulse	99	2852438	136413	1
A_HP_12	33	Pulse	99	2872439	156413	1
A_HP_12	33	Pulse	99	2892439	176413	1
A_HP_12	33	Pulse	99	2912439	196413	1
A_HP_12	33	Pulse	99	2932439	216413	1
A_HP_12	33	Pulse	99	2952439	236413	1
A_HP_12	33	Pulse	99	2972439	256413	1
A_HP_12	33	Pulse	99	2992439	276414	1
A_HP_12	33	Pulse	99	3012439	296413	1
A_HP_12	34	Response	3	3032439	6183	1
A_HP_12	34	Pulse	99	3032439	6183	1
A_HP_12	35	Picture	response51	3033064	237	1	40229	1	0	40000	hit	188
A_HP_12	35	Response	1	3044418	11591	1
A_HP_12	35	Pulse	99	3052439	19612	1
A_HP_12	35	Pulse	99	3072439	39612	1
A_HP_12	36	Picture	response49	3083355	129	1	40229	1	0	40000	hit	192
A_HP_12	36	Response	2	3089388	6161	1
A_HP_12	36	Pulse	99	3092438	9212	1
A_HP_12	36	Pulse	99	3112520	29293	1
A_HP_12	36	Pulse	99	3132439	49212	1
A_HP_12	37	Picture	response53	3133980	353	1	40229	1	0	40000	hit	197
A_HP_12	37	Response	1	3140098	6471	1
A_HP_12	37	Pulse	99	3152439	18812	1
A_HP_12	37	Pulse	99	3172519	38892	1
A_HP_12	38	Picture	response54	3184272	245	1	40229	1	0	40000	hit	201
A_HP_12	38	Response	1	3190338	6312	1
A_HP_12	38	Pulse	99	3192439	8412	1
A_HP_12	38	Pulse	99	3212439	28412	1
A_HP_12	38	Pulse	99	3232439	48413	1
A_HP_12	39	Picture	response52	3234563	136	1	40229	1	0	40000	hit	206
A_HP_12	39	Response	2	3242238	7812	1
A_HP_12	39	Pulse	99	3252439	18012	1
A_HP_12	39	Pulse	99	3272439	38013	1
A_HP_12	40	Picture	response50	3285021	194	1	40229	1	0	40000	hit	210
A_HP_12	40	Response	2	3291268	6441	1
A_HP_12	40	Pulse	99	3292439	7612	1
A_HP_12	40	Pulse	99	3312439	27612	1
A_HP_12	40	Pulse	99	3332439	47612	1
A_HP_12	41	Picture	response55	3335479	253	1	40229	1	0	40000	hit	215
A_HP_12	41	Response	2	3341658	6432	1
A_HP_12	41	Pulse	99	3352439	17213	1
A_HP_12	41	Pulse	99	3372440	37213	1
A_HP_12	42	Picture	response56	3385938	311	1	40230	1	0	40000	hit	220
A_HP_12	42	Pulse	99	3392439	6812	1
A_HP_12	42	Response	2	3393007	7380	1
A_HP_12	42	Pulse	99	3412440	26812	1
A_HP_12	42	Pulse	99	3432440	46812	1
A_HP_12	43	Picture	ins23	3436230	203	1	30229	1	0	30000	other	0
A_HP_12	43	Pulse	99	3452440	16413	1
A_HP_12	43	Pulse	99	3472440	36413	1
A_HP_12	43	Pulse	99	3492439	56413	1
A_HP_12	43	Pulse	99	3512440	76413	1
A_HP_12	43	Pulse	99	3532440	96413	1
A_HP_12	43	Pulse	99	3552440	116413	1
A_HP_12	43	Pulse	99	3572440	136413	1
A_HP_12	43	Pulse	99	3592440	156413	1
A_HP_12	43	Pulse	99	3612440	176413	1
A_HP_12	43	Pulse	99	3632440	196413	1
A_HP_12	43	Pulse	99	3652440	216413	1
A_HP_12	43	Pulse	99	3672440	236413	1
A_HP_12	43	Pulse	99	3692440	256413	1
A_HP_12	43	Pulse	99	3712440	276413	1
A_HP_12	43	Pulse	99	3732440	296413	1
A_HP_12	44	Response	3	3752440	6183	1
A_HP_12	44	Pulse	99	3752440	6183	1
A_HP_12	45	Picture	response181	3753065	237	1	40229	1	0	40000	hit	242
A_HP_12	45	Response	2	3766899	14071	1
A_HP_12	45	Pulse	99	3772439	19612	1
A_HP_12	45	Pulse	99	3792440	39612	1
A_HP_12	46	Picture	response182	3803356	129	1	40229	1	0	40000	hit	247
A_HP_12	46	Pulse	99	3812440	9213	1
A_HP_12	46	Response	1	3821709	18481	1
A_HP_12	46	Pulse	99	3832440	29212	1
A_HP_12	46	Pulse	99	3852440	49213	1
A_HP_12	47	Picture	response184	3853981	354	1	40229	1	0	40000	hit	252
A_HP_12	47	Pulse	99	3872440	18812	1
A_HP_12	47	Response	1	3872818	19191	1
A_HP_12	47	Pulse	99	3892440	38812	1
A_HP_12	48	Picture	response178	3904273	245	1	40229	1	0	40000	hit	256
A_HP_12	48	Pulse	99	3912441	8413	1
A_HP_12	48	Response	1	3920839	16812	1
A_HP_12	48	Pulse	99	3932440	28413	1
A_HP_12	48	Pulse	99	3952440	48413	1
A_HP_12	49	Picture	response179	3954564	136	1	40229	1	0	40000	hit	260
A_HP_12	49	Response	1	3966519	12091	1
A_HP_12	49	Pulse	99	3972440	18012	1
A_HP_12	49	Pulse	99	3992440	38013	1
A_HP_12	50	Picture	response177	4005022	194	1	40229	1	0	40000	hit	265
A_HP_12	50	Pulse	99	4012441	7613	1
A_HP_12	50	Response	1	4021049	16221	1
A_HP_12	50	Pulse	99	4032440	27613	1
A_HP_12	50	Pulse	99	4052441	47613	1
A_HP_12	51	Picture	response183	4055480	252	1	40229	1	0	40000	hit	270
A_HP_12	51	Pulse	99	4072440	17212	1
A_HP_12	51	Response	2	4073098	17870	1
A_HP_12	51	Pulse	99	4092440	37212	1
A_HP_12	52	Picture	response180	4105939	311	1	40229	1	0	40000	hit	274
A_HP_12	52	Pulse	99	4112440	6813	1
A_HP_12	52	Response	1	4124849	19221	1
A_HP_12	52	Pulse	99	4132440	26813	1
A_HP_12	52	Pulse	99	4152441	46813	1
A_HP_12	53	Picture	ins21	4156230	202	1	30229	1	0	30000	other	0
A_HP_12	53	Pulse	99	4172441	16413	1
A_HP_12	53	Pulse	99	4192441	36413	1
A_HP_12	53	Pulse	99	4212441	56413	1
A_HP_12	53	Pulse	99	4232441	76413	1
A_HP_12	53	Pulse	99	4252441	96413	1
A_HP_12	53	Pulse	99	4272441	116413	1
A_HP_12	53	Pulse	99	4292441	136413	1
A_HP_12	53	Pulse	99	4312441	156413	1
A_HP_12	53	Pulse	99	4332441	176413	1
A_HP_12	53	Pulse	99	4352441	196413	1
A_HP_12	53	Pulse	99	4372441	216413	1
A_HP_12	53	Pulse	99	4392441	236413	1
A_HP_12	53	Pulse	99	4412441	256413	1
A_HP_12	53	Pulse	99	4432441	276413	1
A_HP_12	53	Pulse	99	4452441	296413	1
A_HP_12	54	Response	3	4472441	6183	1
A_HP_12	54	Pulse	99	4472441	6183	1
A_HP_12	55	Picture	response168	4473061	233	1	40229	1	0	40000	hit	297
A_HP_12	55	Pulse	99	4492441	19613	1
A_HP_12	55	Response	2	4495810	22981	1
A_HP_12	55	Pulse	99	4512441	39613	1
A_HP_12	56	Picture	response165	4523353	124	1	40229	1	0	40000	hit	301
A_HP_12	56	Pulse	99	4532440	9212	1
A_HP_12	56	Response	2	4541681	18452	1
A_HP_12	56	Pulse	99	4552441	29212	1
A_HP_12	56	Pulse	99	4572441	49212	1
A_HP_12	57	Picture	response161	4573977	349	1	40229	1	0	40000	hit	306
A_HP_12	57	Pulse	99	4592441	18813	1
A_HP_12	57	Response	1	4596830	23202	1
A_HP_12	57	Pulse	99	4612441	38813	1
A_HP_12	58	Picture	response162	4624269	240	1	40230	1	0	40000	hit	310
A_HP_12	58	Pulse	99	4632441	8412	1
A_HP_12	58	Response	1	4639560	15531	1
A_HP_12	58	Pulse	99	4652441	28412	1
A_HP_12	58	Pulse	99	4672442	48412	1
A_HP_12	59	Picture	response167	4674561	132	1	40229	1	0	40000	hit	314
A_HP_12	59	Response	2	4682890	8461	1
A_HP_12	59	Pulse	99	4692441	18012	1
A_HP_12	59	Pulse	99	4712442	38013	1
A_HP_12	60	Picture	response164	4725019	190	1	40229	1	0	40000	hit	319
A_HP_12	60	Pulse	99	4732442	7613	1
A_HP_12	60	Response	1	4743230	18401	1
A_HP_12	60	Pulse	99	4752441	27612	1
A_HP_12	60	Pulse	99	4772442	47613	1
A_HP_12	61	Picture	response163	4775477	248	1	40229	1	0	40000	hit	323
A_HP_12	61	Response	2	4789550	14321	1
A_HP_12	61	Pulse	99	4792441	17211	1
A_HP_12	61	Pulse	99	4812441	37212	1
A_HP_12	62	Picture	response166	4825935	306	1	40229	1	0	40000	hit	328
A_HP_12	62	Pulse	99	4832442	6813	1
A_HP_12	62	Response	1	4844100	18471	1
A_HP_12	62	Pulse	99	4852441	26812	1
A_HP_12	62	Pulse	99	4872442	46812	1
A_HP_12	63	Picture	ins19	4876227	198	1	30229	1	0	30000	other	0
A_HP_12	63	Pulse	99	4892442	16413	1
A_HP_12	63	Pulse	99	4912442	36413	1
A_HP_12	63	Pulse	99	4932442	56413	1
A_HP_12	63	Pulse	99	4952442	76413	1
A_HP_12	63	Pulse	99	4972442	96413	1
A_HP_12	63	Pulse	99	4992441	116412	1
A_HP_12	63	Pulse	99	5012442	136413	1
A_HP_12	63	Pulse	99	5032442	156413	1
A_HP_12	63	Pulse	99	5052442	176413	1
A_HP_12	63	Pulse	99	5072442	196413	1
A_HP_12	63	Pulse	99	5092442	216413	1
A_HP_12	63	Pulse	99	5112442	236413	1
A_HP_12	63	Pulse	99	5132442	256413	1
A_HP_12	63	Pulse	99	5152442	276413	1
A_HP_12	63	Pulse	99	5172442	296413	1
A_HP_12	64	Response	3	5192442	6183	1
A_HP_12	64	Pulse	99	5192442	6183	1
A_HP_12	65	Picture	response147	5193063	233	1	40229	1	0	40000	incorrect	351
A_HP_12	65	Pulse	99	5212442	19612	1
A_HP_12	65	Response	1	5220031	27201	1
A_HP_12	65	Pulse	99	5232442	39612	1
A_HP_12	66	Picture	response152	5243355	125	1	40229	1	0	40000	hit	355
A_HP_12	66	Pulse	99	5252443	9213	1
A_HP_12	66	Response	1	5261471	18241	1
A_HP_12	66	Pulse	99	5272442	29212	1
A_HP_12	66	Pulse	99	5292442	49213	1
A_HP_12	67	Picture	response149	5293980	350	1	40230	1	0	40000	hit	359
A_HP_12	67	Response	1	5310041	16411	1
A_HP_12	67	Pulse	99	5312441	18811	1
A_HP_12	67	Pulse	99	5332442	38812	1
A_HP_12	68	Picture	response148	5344272	242	1	40229	1	0	40000	hit	364
A_HP_12	68	Pulse	99	5352442	8412	1
A_HP_12	68	Response	1	5360641	16611	1
A_HP_12	68	Pulse	99	5372442	28413	1
A_HP_12	68	Pulse	99	5392443	48413	1
A_HP_12	69	Picture	response146	5394563	133	1	40229	1	0	40000	hit	369
A_HP_12	69	Pulse	99	5412443	18012	1
A_HP_12	69	Response	1	5413171	18740	1
A_HP_12	69	Pulse	99	5432443	38013	1
A_HP_12	70	Picture	response145	5445021	191	1	40229	1	0	40000	hit	373
A_HP_12	70	Pulse	99	5452443	7612	1
A_HP_12	70	Response	1	5468081	23251	1
A_HP_12	70	Pulse	99	5472442	27612	1
A_HP_12	70	Pulse	99	5492443	47613	1
A_HP_12	71	Picture	response151	5495480	250	1	40229	1	0	40000	hit	377
A_HP_12	71	Response	1	5504911	9681	1
A_HP_12	71	Pulse	99	5512442	17212	1
A_HP_12	71	Pulse	99	5532443	37212	1
A_HP_12	72	Picture	response150	5545939	308	1	40229	1	0	40000	hit	382
A_HP_12	72	Pulse	99	5552443	6812	1
A_HP_12	72	Response	2	5563471	17841	1
A_HP_12	72	Pulse	99	5572442	26812	1
A_HP_12	72	Pulse	99	5592443	46812	1
A_HP_12	73	Picture	ins13	5596230	200	1	30229	1	0	30000	other	0
A_HP_12	73	Pulse	99	5612443	16413	1
A_HP_12	73	Pulse	99	5632443	36413	1
A_HP_12	73	Pulse	99	5652443	56413	1
A_HP_12	73	Pulse	99	5672443	76413	1
A_HP_12	73	Pulse	99	5692443	96413	1
A_HP_12	73	Pulse	99	5712443	116413	1
A_HP_12	73	Pulse	99	5732443	136413	1
A_HP_12	73	Pulse	99	5752443	156413	1
A_HP_12	73	Pulse	99	5772443	176413	1
A_HP_12	73	Pulse	99	5792443	196413	1
A_HP_12	73	Pulse	99	5812443	216413	1
A_HP_12	73	Pulse	99	5832443	236413	1
A_HP_12	73	Pulse	99	5852443	256413	1
A_HP_12	73	Pulse	99	5872444	276414	1
A_HP_12	73	Pulse	99	5892443	296414	1
A_HP_12	74	Response	3	5912443	6183	1
A_HP_12	74	Pulse	99	5912443	6183	1
A_HP_12	75	Picture	response104	5913066	235	1	40230	1	0	40000	hit	404
A_HP_12	75	Response	2	5932062	19231	1
A_HP_12	75	Pulse	99	5932443	19611	1
A_HP_12	75	Pulse	99	5952443	39612	1
A_HP_12	76	Picture	response99	5963358	127	1	40229	1	0	40000	hit	409
A_HP_12	76	Pulse	99	5972443	9213	1
A_HP_12	76	Response	2	5975091	11860	1
A_HP_12	76	Pulse	99	5992443	29213	1
A_HP_12	76	Pulse	99	6012443	49213	1
A_HP_12	77	Picture	response101	6013983	352	1	40229	1	0	40000	hit	413
A_HP_12	77	Response	1	6021992	8361	1
A_HP_12	77	Pulse	99	6032443	18812	1
A_HP_12	77	Pulse	99	6052443	38812	1
A_HP_12	78	Picture	response97	6064274	243	1	40229	1	0	40000	hit	418
A_HP_12	78	Pulse	99	6072444	8413	1
A_HP_12	78	Response	1	6072742	8711	1
A_HP_12	78	Pulse	99	6092444	28413	1
A_HP_12	78	Pulse	99	6112444	48413	1
A_HP_12	79	Picture	response98	6114566	135	1	40229	1	0	40000	hit	422
A_HP_12	79	Response	2	6130072	15641	1
A_HP_12	79	Pulse	99	6132443	18011	1
A_HP_12	79	Pulse	99	6152444	38012	1
A_HP_12	80	Picture	response102	6165024	193	1	40230	1	0	40000	hit	427
A_HP_12	80	Pulse	99	6172443	7612	1
A_HP_12	80	Response	1	6173741	8910	1
A_HP_12	80	Pulse	99	6192443	27612	1
A_HP_12	80	Pulse	99	6212443	47612	1
A_HP_12	81	Picture	response103	6215483	252	1	40229	1	0	40000	hit	432
A_HP_12	81	Pulse	99	6232444	17213	1
A_HP_12	81	Response	1	6234171	18941	1
A_HP_12	81	Pulse	99	6252443	37212	1
A_HP_12	82	Picture	response100	6265940	309	1	40229	1	0	40000	hit	436
A_HP_12	82	Pulse	99	6272444	6812	1
A_HP_12	82	Response	2	6277063	11431	1
A_HP_12	82	Pulse	99	6292444	26812	1
A_HP_12	82	Pulse	99	6312444	46812	1
A_HP_12	83	Picture	ins3	6316232	201	1	30229	1	0	30000	other	0
A_HP_12	83	Pulse	99	6332445	16414	1
A_HP_12	83	Pulse	99	6352444	36412	1
A_HP_12	83	Pulse	99	6372444	56412	1
A_HP_12	83	Pulse	99	6392444	76412	1
A_HP_12	83	Pulse	99	6412444	96412	1
A_HP_12	83	Pulse	99	6432444	116412	1
A_HP_12	83	Pulse	99	6452444	136412	1
A_HP_12	83	Pulse	99	6472444	156412	1
A_HP_12	83	Pulse	99	6492444	176412	1
A_HP_12	83	Pulse	99	6512444	196413	1
A_HP_12	83	Pulse	99	6532444	216412	1
A_HP_12	83	Pulse	99	6552444	236413	1
A_HP_12	83	Pulse	99	6572444	256412	1
A_HP_12	83	Pulse	99	6592444	276413	1
A_HP_12	83	Pulse	99	6612444	296412	1
A_HP_12	84	Response	3	6632444	6182	1
A_HP_12	84	Pulse	99	6632444	6182	1
A_HP_12	85	Picture	response22	6633067	235	1	40229	1	0	40000	hit	458
A_HP_12	85	Response	1	6639753	6921	1
A_HP_12	85	Pulse	99	6652444	19612	1
A_HP_12	85	Pulse	99	6672444	39613	1
A_HP_12	86	Picture	response17	6683358	127	1	40229	1	0	40000	hit	462
A_HP_12	86	Response	2	6688033	4801	1
A_HP_12	86	Pulse	99	6692444	9212	1
A_HP_12	86	Pulse	99	6712444	29213	1
A_HP_12	86	Pulse	99	6732444	49212	1
A_HP_12	87	Picture	response20	6733984	352	1	40229	1	0	40000	hit	467
A_HP_12	87	Response	2	6739343	5712	1
A_HP_12	87	Pulse	99	6752444	18813	1
A_HP_12	87	Pulse	99	6772444	38813	1
A_HP_12	88	Picture	response18	6784275	243	1	40229	1	0	40000	hit	471
A_HP_12	88	Response	2	6789303	5271	1
A_HP_12	88	Pulse	99	6792444	8412	1
A_HP_12	88	Pulse	99	6812445	28413	1
A_HP_12	88	Pulse	99	6832445	48413	1
A_HP_12	89	Picture	response21	6834567	134	1	40230	1	0	40000	hit	476
A_HP_12	89	Response	1	6838663	4231	1
A_HP_12	89	Pulse	99	6852444	18012	1
A_HP_12	89	Pulse	99	6872444	38012	1
A_HP_12	90	Picture	response23	6885025	193	1	40229	1	0	40000	hit	480
A_HP_12	90	Response	2	6890114	5282	1
A_HP_12	90	Pulse	99	6892444	7612	1
A_HP_12	90	Pulse	99	6912444	27612	1
A_HP_12	90	Pulse	99	6932445	47613	1
A_HP_12	91	Picture	response24	6935483	251	1	40229	1	0	40000	hit	485
A_HP_12	91	Response	2	6940493	5261	1
A_HP_12	91	Pulse	99	6952444	17212	1
A_HP_12	91	Pulse	99	6972445	37213	1
A_HP_12	92	Picture	response19	6985942	310	1	40229	1	0	40000	hit	490
A_HP_12	92	Pulse	99	6992444	6812	1
A_HP_12	92	Response	2	6992823	7191	1
A_HP_12	92	Pulse	99	7012448	26816	1
A_HP_12	92	Pulse	99	7032445	46813	1
A_HP_12	93	Picture	ins1	7036234	202	1	30229	1	0	30000	other	0
A_HP_12	93	Pulse	99	7052445	16413	1
A_HP_12	93	Pulse	99	7072445	36413	1
A_HP_12	93	Pulse	99	7092445	56413	1
A_HP_12	93	Pulse	99	7112445	76413	1
A_HP_12	93	Pulse	99	7132445	96413	1
A_HP_12	93	Pulse	99	7152445	116413	1
A_HP_12	93	Pulse	99	7172445	136413	1
A_HP_12	93	Pulse	99	7192445	156413	1
A_HP_12	93	Pulse	99	7212445	176413	1
A_HP_12	93	Pulse	99	7232445	196413	1
A_HP_12	93	Pulse	99	7252445	216413	1
A_HP_12	93	Pulse	99	7272445	236413	1
A_HP_12	93	Pulse	99	7292445	256413	1
A_HP_12	93	Pulse	99	7312445	276413	1
A_HP_12	93	Pulse	99	7332445	296413	1
A_HP_12	94	Response	3	7352445	6183	1
A_HP_12	94	Pulse	99	7352445	6183	1
A_HP_12	95	Picture	response7	7353069	236	1	40229	1	0	40000	hit	512
A_HP_12	95	Response	2	7364774	11941	1
A_HP_12	95	Pulse	99	7372445	19613	1
A_HP_12	95	Pulse	99	7392445	39613	1
A_HP_12	96	Picture	response8	7403360	127	1	40229	1	0	40000	hit	516
A_HP_12	96	Response	2	7411744	8511	1
A_HP_12	96	Pulse	99	7412445	9211	1
A_HP_12	96	Pulse	99	7432445	29212	1
A_HP_12	96	Pulse	99	7452445	49212	1
A_HP_12	97	Picture	response3	7453985	352	1	40230	1	0	40000	hit	521
A_HP_12	97	Response	2	7462514	8881	1
A_HP_12	97	Pulse	99	7472445	18812	1
A_HP_12	97	Pulse	99	7492446	38813	1
A_HP_12	98	Picture	response1	7504276	243	1	40229	1	0	40000	hit	525
A_HP_12	98	Response	2	7511994	7961	1
A_HP_12	98	Pulse	99	7512445	8411	1
A_HP_12	98	Pulse	99	7532446	28412	1
A_HP_12	98	Pulse	99	7552446	48412	1
A_HP_12	99	Picture	response5	7554568	135	1	40229	1	0	40000	hit	530
A_HP_12	99	Response	2	7561614	7181	1
A_HP_12	99	Pulse	99	7572446	18012	1
A_HP_12	99	Pulse	99	7592446	38013	1
A_HP_12	100	Picture	response6	7605026	192	1	40229	1	0	40000	hit	535
A_HP_12	100	Pulse	99	7612446	7612	1
A_HP_12	100	Response	2	7612544	7710	1
A_HP_12	100	Pulse	99	7632446	27612	1
A_HP_12	100	Pulse	99	7652446	47612	1
A_HP_12	101	Picture	response2	7655484	250	1	40229	1	0	40000	hit	539
A_HP_12	101	Response	1	7661705	6471	1
A_HP_12	101	Pulse	99	7672446	17212	1
A_HP_12	101	Pulse	99	7692446	37212	1
A_HP_12	102	Picture	response4	7705942	309	1	40229	1	0	40000	hit	544
A_HP_12	102	Pulse	99	7712446	6813	1
A_HP_12	102	Response	1	7713534	7901	1
A_HP_12	102	Pulse	99	7732446	26812	1
A_HP_12	102	Pulse	99	7752446	46813	1
A_HP_12	103	Picture	ins5	7756234	200	1	30229	1	0	30000	other	0
A_HP_12	103	Pulse	99	7772446	16412	1
A_HP_12	103	Pulse	99	7792446	36412	1
A_HP_12	103	Pulse	99	7812446	56413	1
A_HP_12	103	Pulse	99	7832446	76412	1
A_HP_12	103	Pulse	99	7852446	96412	1
A_HP_12	103	Pulse	99	7872446	116412	1
A_HP_12	103	Pulse	99	7892446	136412	1
A_HP_12	103	Pulse	99	7912446	156412	1
A_HP_12	103	Pulse	99	7932446	176412	1
A_HP_12	103	Pulse	99	7952446	196413	1
A_HP_12	103	Pulse	99	7972446	216412	1
A_HP_12	103	Pulse	99	7992446	236413	1
A_HP_12	103	Pulse	99	8012446	256413	1
A_HP_12	103	Pulse	99	8032446	276413	1
A_HP_12	103	Pulse	99	8052446	296413	1
A_HP_12	104	Response	3	8072446	6183	1
A_HP_12	104	Pulse	99	8072446	6183	1
A_HP_12	105	Picture	response36	8073069	235	1	40229	1	0	40000	hit	566
A_HP_12	105	Response	1	8080995	8161	1
A_HP_12	105	Pulse	99	8092446	19612	1
A_HP_12	105	Pulse	99	8112446	39612	1
A_HP_12	106	Picture	response38	8123361	127	1	40229	1	0	40000	hit	570
A_HP_12	106	Response	2	8127125	3892	1
A_HP_12	106	Pulse	99	8132446	9212	1
A_HP_12	106	Pulse	99	8152446	29213	1
A_HP_12	106	Pulse	99	8172447	49213	1
A_HP_12	107	Picture	response34	8173986	352	1	40229	1	0	40000	hit	575
A_HP_12	107	Response	1	8178785	5151	1
A_HP_12	107	Pulse	99	8192447	18813	1
A_HP_12	107	Pulse	99	8212446	38812	1
A_HP_12	108	Picture	response33	8224277	242	1	40229	1	0	40000	hit	579
A_HP_12	108	Response	2	8227785	3750	1
A_HP_12	108	Pulse	99	8232446	8412	1
A_HP_12	108	Pulse	99	8252446	28412	1
A_HP_12	108	Pulse	99	8272446	48412	1
A_HP_12	109	Picture	response35	8274568	134	1	40229	1	0	40000	hit	584
A_HP_12	109	Response	2	8279035	4601	1
A_HP_12	109	Pulse	99	8292446	18012	1
A_HP_12	109	Pulse	99	8312447	38013	1
A_HP_12	110	Picture	response39	8325026	192	1	40229	1	0	40000	hit	588
A_HP_12	110	Response	2	8329405	4571	1
A_HP_12	110	Pulse	99	8332446	7612	1
A_HP_12	110	Pulse	99	8352447	27613	1
A_HP_12	110	Pulse	99	8372447	47613	1
A_HP_12	111	Picture	response40	8375485	250	1	40229	1	0	40000	hit	593
A_HP_12	111	Response	1	8380185	4951	1
A_HP_12	111	Pulse	99	8392446	17212	1
A_HP_12	111	Pulse	99	8412447	37212	1
A_HP_12	112	Picture	response37	8425942	308	1	40229	1	0	40000	hit	597
A_HP_12	112	Response	1	8431226	5592	1
A_HP_12	112	Pulse	99	8432446	6812	1
A_HP_12	112	Pulse	99	8452447	26813	1
A_HP_12	112	Pulse	99	8472447	46813	1
A_HP_12	113	Picture	ins15	8476234	200	1	30229	1	0	30000	other	0
A_HP_12	113	Pulse	99	8492447	16413	1
A_HP_12	113	Pulse	99	8512447	36413	1
A_HP_12	113	Pulse	99	8532447	56413	1
A_HP_12	113	Pulse	99	8552447	76413	1
A_HP_12	113	Pulse	99	8572447	96413	1
A_HP_12	113	Pulse	99	8592447	116413	1
A_HP_12	113	Pulse	99	8612447	136413	1
A_HP_12	113	Pulse	99	8632447	156413	1
A_HP_12	113	Pulse	99	8652447	176413	1
A_HP_12	113	Pulse	99	8672447	196413	1
A_HP_12	113	Pulse	99	8692447	216413	1
A_HP_12	113	Pulse	99	8712447	236413	1
A_HP_12	113	Pulse	99	8732447	256413	1
A_HP_12	113	Pulse	99	8752447	276413	1
A_HP_12	113	Pulse	99	8772447	296413	1
A_HP_12	114	Response	3	8792447	6183	1
A_HP_12	114	Pulse	99	8792447	6183	1
A_HP_12	115	Picture	response120	8793070	235	1	40229	1	0	40000	hit	621
A_HP_12	115	Pulse	99	8812447	19613	1
A_HP_12	115	Response	1	8813616	20781	1
A_HP_12	115	Pulse	99	8832448	39613	1
A_HP_12	116	Picture	response113	8843362	127	1	40229	1	0	40000	hit	625
A_HP_12	116	Pulse	99	8852448	9212	1
A_HP_12	116	Response	2	8854165	10930	1
A_HP_12	116	Pulse	99	8872368	29132	1
A_HP_12	116	Pulse	99	8892447	49212	1
A_HP_12	117	Picture	response117	8893987	352	1	40229	1	0	40000	hit	629
A_HP_12	117	Response	2	8911226	17591	1
A_HP_12	117	Pulse	99	8912447	18812	1
A_HP_12	117	Pulse	99	8932368	38732	1
A_HP_12	118	Picture	response114	8944278	243	1	40229	1	0	40000	hit	634
A_HP_12	118	Pulse	99	8952448	8412	1
A_HP_12	118	Response	2	8957436	13401	1
A_HP_12	118	Pulse	99	8972448	28412	1
A_HP_12	118	Pulse	99	8992448	48412	1
A_HP_12	119	Picture	response118	8994570	135	1	40230	1	0	40000	hit	638
A_HP_12	119	Response	1	9004876	10441	1
A_HP_12	119	Pulse	99	9012447	18012	1
A_HP_12	119	Pulse	99	9032448	38013	1
A_HP_12	120	Picture	response119	9045029	193	1	40230	1	0	40000	hit	643
A_HP_12	120	Pulse	99	9052448	7612	1
A_HP_12	120	Response	1	9061756	16921	1
A_HP_12	120	Pulse	99	9072448	27612	1
A_HP_12	120	Pulse	99	9092448	47612	1
A_HP_12	121	Picture	response115	9095487	252	1	40229	1	0	40000	hit	647
A_HP_12	121	Response	2	9108197	12961	1
A_HP_12	121	Pulse	99	9112447	17211	1
A_HP_12	121	Pulse	99	9132448	37212	1
A_HP_12	122	Picture	response116	9145946	310	1	40229	1	0	40000	hit	652
A_HP_12	122	Pulse	99	9152448	6812	1
A_HP_12	122	Response	1	9158987	13351	1
A_HP_12	122	Pulse	99	9172448	26812	1
A_HP_12	122	Pulse	99	9192448	46812	1
A_HP_12	123	Picture	thanks	9195905	0	1	10229	1	0	10000	other	0
A_HP_12	123	Pulse	99	9212448	16543	1


Event Type	Code	Type	Response	RT	RT Uncertainty	Time	Uncertainty	Duration	Uncertainty	ReqTime	ReqDur

Picture	ready	other				492748	1	10229	1	0	10000
Picture	ins11	other				553355	1	30229	1	0	30000
Picture	response88	hit	2	17067	2	873158	1	40229	1	0	40000
Picture	response86	hit	1	8758	2	923617	1	40229	1	0	40000
Picture	response83	hit	1	14547	2	973908	1	40230	1	0	40000
Picture	response87	hit	1	9338	2	1024367	1	40229	1	0	40000
Picture	response82	hit	2	9696	2	1074658	1	40229	1	0	40000
Picture	response81	hit	2	14599	2	1125116	1	40229	1	0	40000
Picture	response84	hit	1	7260	2	1175575	1	40229	1	0	40000
Picture	response85	hit	2	17909	2	1225866	1	40230	1	0	40000
Picture	ins9	other				1276326	1	30229	1	0	30000
Picture	response68	hit	2	13956	2	1593060	1	40230	1	0	40000
Picture	response72	hit	1	10783	2	1643352	1	40229	1	0	40000
Picture	response69	hit	1	14330	2	1693977	1	40229	1	0	40000
Picture	response70	hit	2	15148	2	1744268	1	40229	1	0	40000
Picture	response67	hit	2	8696	2	1794560	1	40229	1	0	40000
Picture	response66	hit	1	18158	2	1845018	1	40229	1	0	40000
Picture	response65	hit	1	11060	2	1895476	1	40229	1	0	40000
Picture	response71	hit	1	12442	2	1945934	1	40229	1	0	40000
Picture	ins17	other				1996226	1	30229	1	0	30000
Picture	response133	hit	1	13014	2	2313063	1	40229	1	0	40000
Picture	response130	hit	2	15972	2	2363355	1	40229	1	0	40000
Picture	response132	incorrect	1	22167	2	2413980	1	40229	1	0	40000
Picture	response131	hit	1	9865	2	2464271	1	40229	1	0	40000
Picture	response135	hit	2	14445	2	2514563	1	40230	1	0	40000
Picture	response136	hit	1	24666	2	2565021	1	40229	1	0	40000
Picture	response129	hit	1	13429	2	2615479	1	40229	1	0	40000
Picture	response134	hit	2	17640	2	2665937	1	40229	1	0	40000
Picture	ins7	other				2716229	1	30229	1	0	30000
Picture	response51	hit	1	11354	2	3033064	1	40229	1	0	40000
Picture	response49	hit	2	6033	2	3083355	1	40229	1	0	40000
Picture	response53	hit	1	6118	2	3133980	1	40229	1	0	40000
Picture	response54	hit	1	6066	2	3184272	1	40229	1	0	40000
Picture	response52	hit	2	7675	2	3234563	1	40229	1	0	40000
Picture	response50	hit	2	6247	2	3285021	1	40229	1	0	40000
Picture	response55	hit	2	6179	2	3335479	1	40229	1	0	40000
Picture	response56	hit	2	7069	2	3385938	1	40230	1	0	40000
Picture	ins23	other				3436230	1	30229	1	0	30000
Picture	response181	hit	2	13834	2	3753065	1	40229	1	0	40000
Picture	response182	hit	1	18353	2	3803356	1	40229	1	0	40000
Picture	response184	hit	1	18837	2	3853981	1	40229	1	0	40000
Picture	response178	hit	1	16567	2	3904273	1	40229	1	0	40000
Picture	response179	hit	1	11955	2	3954564	1	40229	1	0	40000
Picture	response177	hit	1	16028	2	4005022	1	40229	1	0	40000
Picture	response183	hit	2	17618	2	4055480	1	40229	1	0	40000
Picture	response180	hit	1	18910	2	4105939	1	40229	1	0	40000
Picture	ins21	other				4156230	1	30229	1	0	30000
Picture	response168	hit	2	22749	2	4473061	1	40229	1	0	40000
Picture	response165	hit	2	18328	2	4523353	1	40229	1	0	40000
Picture	response161	hit	1	22852	2	4573977	1	40229	1	0	40000
Picture	response162	hit	1	15291	2	4624269	1	40230	1	0	40000
Picture	response167	hit	2	8329	2	4674561	1	40229	1	0	40000
Picture	response164	hit	1	18211	2	4725019	1	40229	1	0	40000
Picture	response163	hit	2	14073	2	4775477	1	40229	1	0	40000
Picture	response166	hit	1	18165	2	4825935	1	40229	1	0	40000
Picture	ins19	other				4876227	1	30229	1	0	30000
Picture	response147	incorrect	1	26967	2	5193063	1	40229	1	0	40000
Picture	response152	hit	1	18115	2	5243355	1	40229	1	0	40000
Picture	response149	hit	1	16061	2	5293980	1	40230	1	0	40000
Picture	response148	hit	1	16369	2	5344272	1	40229	1	0	40000
Picture	response146	hit	1	18607	2	5394563	1	40229	1	0	40000
Picture	response145	hit	1	23060	2	5445021	1	40229	1	0	40000
Picture	response151	hit	1	9432	2	5495480	1	40229	1	0	40000
Picture	response150	hit	2	17533	2	5545939	1	40229	1	0	40000
Picture	ins13	other				5596230	1	30229	1	0	30000
Picture	response104	hit	2	18996	2	5913066	1	40230	1	0	40000
Picture	response99	hit	2	11733	2	5963358	1	40229	1	0	40000
Picture	response101	hit	1	8009	2	6013983	1	40229	1	0	40000
Picture	response97	hit	1	8468	2	6064274	1	40229	1	0	40000
Picture	response98	hit	2	15506	2	6114566	1	40229	1	0	40000
Picture	response102	hit	1	8717	2	6165024	1	40230	1	0	40000
Picture	response103	hit	1	18689	2	6215483	1	40229	1	0	40000
Picture	response100	hit	2	11122	2	6265940	1	40229	1	0	40000
Picture	ins3	other				6316232	1	30229	1	0	30000
Picture	response22	hit	1	6686	2	6633067	1	40229	1	0	40000
Picture	response17	hit	2	4675	2	6683358	1	40229	1	0	40000
Picture	response20	hit	2	5359	2	6733984	1	40229	1	0	40000
Picture	response18	hit	2	5029	2	6784275	1	40229	1	0	40000
Picture	response21	hit	1	4097	2	6834567	1	40230	1	0	40000
Picture	response23	hit	2	5089	2	6885025	1	40229	1	0	40000
Picture	response24	hit	2	5010	2	6935483	1	40229	1	0	40000
Picture	response19	hit	2	6880	2	6985942	1	40229	1	0	40000
Picture	ins1	other				7036234	1	30229	1	0	30000
Picture	response7	hit	2	11705	2	7353069	1	40229	1	0	40000
Picture	response8	hit	2	8384	2	7403360	1	40229	1	0	40000
Picture	response3	hit	2	8529	2	7453985	1	40230	1	0	40000
Picture	response1	hit	2	7718	2	7504276	1	40229	1	0	40000
Picture	response5	hit	2	7047	2	7554568	1	40229	1	0	40000
Picture	response6	hit	2	7518	2	7605026	1	40229	1	0	40000
Picture	response2	hit	1	6221	2	7655484	1	40229	1	0	40000
Picture	response4	hit	1	7592	2	7705942	1	40229	1	0	40000
Picture	ins5	other				7756234	1	30229	1	0	30000
Picture	response36	hit	1	7926	2	8073069	1	40229	1	0	40000
Picture	response38	hit	2	3764	2	8123361	1	40229	1	0	40000
Picture	response34	hit	1	4800	2	8173986	1	40229	1	0	40000
Picture	response33	hit	2	3508	2	8224277	1	40229	1	0	40000
Picture	response35	hit	2	4467	2	8274568	1	40229	1	0	40000
Picture	response39	hit	2	4379	2	8325026	1	40229	1	0	40000
Picture	response40	hit	1	4701	2	8375485	1	40229	1	0	40000
Picture	response37	hit	1	5283	2	8425942	1	40229	1	0	40000
Picture	ins15	other				8476234	1	30229	1	0	30000
Picture	response120	hit	1	20546	2	8793070	1	40229	1	0	40000
Picture	response113	hit	2	10803	2	8843362	1	40229	1	0	40000
Picture	response117	hit	2	17240	1	8893987	1	40229	1	0	40000
Picture	response114	hit	2	13158	2	8944278	1	40229	1	0	40000
Picture	response118	hit	1	10306	2	8994570	1	40230	1	0	40000
Picture	response119	hit	1	16727	2	9045029	1	40230	1	0	40000
Picture	response115	hit	2	12709	2	9095487	1	40229	1	0	40000
Picture	response116	hit	1	13041	2	9145946	1	40229	1	0	40000
Picture	thanks	other				9195905	1	10229	1	0	10000


{
   "app": "Presentation Version 21.0 Build 06.06.19",
   "device": "LENOVO 20KHCTO1WW",
   "experiment": "{A2FC4E2A-B401-4E65-9CA9-5B09E294C871}",
   "os": "Windows 10 64 bit",
   "package": "",
   "parameters": {
      "configuration": "Default configuration"
   },
   "scenario": "Dimension experiment(1).sce",
   "subject": "A_HP_12",
   "timestamp": "2019/09/27 00:29:58 GMT"
}
