Scenario - 
Logfile written - 02/21/2020 12:54:22

Subject	Trial	Event Type	Code	Time	TTime	Uncertainty	Duration	Uncertainty	ReqTime	ReqDur	Stim Type	Pair Index

A_HP_53	1	Response	3	457803	456637	1
A_HP_53	1	Pulse	99	457803	456637	1
A_HP_53	2	Picture	ready	457959	0	1	10162	1	0	10000	other	0
A_HP_53	2	Pulse	99	477803	19844	1
A_HP_53	2	Pulse	99	497803	39844	1
A_HP_53	2	Pulse	99	517803	59844	1
A_HP_53	3	Picture	ins5	518432	151	1	30153	1	0	30000	other	0
A_HP_53	3	Pulse	99	537803	19522	1
A_HP_53	3	Pulse	99	557803	39522	1
A_HP_53	3	Pulse	99	577803	59522	1
A_HP_53	3	Pulse	99	597803	79522	1
A_HP_53	3	Pulse	99	617803	99522	1
A_HP_53	3	Pulse	99	637803	119522	1
A_HP_53	3	Pulse	99	657803	139522	1
A_HP_53	3	Pulse	99	677803	159522	1
A_HP_53	3	Pulse	99	697803	179522	1
A_HP_53	3	Pulse	99	717803	199522	1
A_HP_53	3	Pulse	99	737803	219522	1
A_HP_53	3	Pulse	99	757803	239522	1
A_HP_53	3	Pulse	99	777803	259522	1
A_HP_53	3	Pulse	99	797803	279522	1
A_HP_53	3	Pulse	99	817803	299522	1
A_HP_53	4	Response	3	837803	9345	1
A_HP_53	4	Pulse	99	837803	9345	1
A_HP_53	5	Picture	response40	838287	106	1	40149	1	0	40000	hit	26
A_HP_53	5	Response	1	847852	9671	1
A_HP_53	5	Pulse	99	857803	19622	1
A_HP_53	5	Pulse	99	877803	39622	1
A_HP_53	6	Picture	response34	888764	183	1	40148	1	0	40000	hit	30
A_HP_53	6	Response	1	894482	5901	1
A_HP_53	6	Pulse	99	897803	9222	1
A_HP_53	6	Pulse	99	917803	29222	1
A_HP_53	6	Pulse	99	937803	49222	1
A_HP_53	7	Picture	response39	939074	94	1	40148	1	0	40000	hit	35
A_HP_53	7	Response	2	943802	4821	1
A_HP_53	7	Pulse	99	957803	18822	1
A_HP_53	7	Pulse	99	977803	38822	1
A_HP_53	8	Picture	response37	989551	171	1	40148	1	0	40000	hit	40
A_HP_53	8	Pulse	99	997803	8422	1
A_HP_53	8	Response	1	1000842	11461	1
A_HP_53	8	Pulse	99	1017803	28422	1
A_HP_53	8	Pulse	99	1037803	48422	1
A_HP_53	9	Picture	response33	1039862	81	1	40149	1	0	40000	hit	44
A_HP_53	9	Response	2	1044952	5171	1
A_HP_53	9	Pulse	99	1057803	18022	1
A_HP_53	9	Pulse	99	1077803	38022	1
A_HP_53	10	Picture	response35	1090339	158	1	40148	1	0	40000	hit	49
A_HP_53	10	Pulse	99	1097803	7622	1
A_HP_53	10	Response	2	1099381	9201	1
A_HP_53	10	Pulse	99	1117803	27622	1
A_HP_53	10	Pulse	99	1137803	47622	1
A_HP_53	11	Picture	response36	1140650	69	1	40149	1	0	40000	hit	53
A_HP_53	11	Response	1	1146291	5711	1
A_HP_53	11	Pulse	99	1157803	17222	1
A_HP_53	11	Pulse	99	1177804	37223	1
A_HP_53	12	Picture	response38	1191127	146	1	40149	1	0	40000	hit	57
A_HP_53	12	Response	2	1197182	6201	1
A_HP_53	12	Pulse	99	1197802	6822	1
A_HP_53	12	Pulse	99	1217803	26822	1
A_HP_53	12	Pulse	99	1237803	46822	1
A_HP_53	13	Picture	ins21	1241437	57	1	30153	1	0	30000	other	0
A_HP_53	13	Pulse	99	1257803	16422	1
A_HP_53	13	Pulse	99	1277803	36422	1
A_HP_53	13	Pulse	99	1297803	56422	1
A_HP_53	13	Pulse	99	1317803	76422	1
A_HP_53	13	Pulse	99	1337803	96422	1
A_HP_53	13	Pulse	99	1357803	116422	1
A_HP_53	13	Pulse	99	1377803	136422	1
A_HP_53	13	Pulse	99	1397803	156423	1
A_HP_53	13	Pulse	99	1417803	176422	1
A_HP_53	13	Pulse	99	1437803	196422	1
A_HP_53	13	Pulse	99	1457803	216422	1
A_HP_53	13	Pulse	99	1477803	236422	1
A_HP_53	13	Pulse	99	1497803	256423	1
A_HP_53	13	Pulse	99	1517803	276422	1
A_HP_53	13	Pulse	99	1537803	296422	1
A_HP_53	14	Response	3	1557803	6339	1
A_HP_53	14	Pulse	99	1557803	6339	1
A_HP_53	15	Picture	response165	1558294	113	1	40149	1	0	40000	hit	81
A_HP_53	15	Pulse	99	1577803	19622	1
A_HP_53	15	Response	2	1583801	25621	1
A_HP_53	15	Pulse	99	1597803	39622	1
A_HP_53	16	Picture	response164	1608771	190	1	40148	1	0	40000	hit	85
A_HP_53	16	Pulse	99	1617803	9222	1
A_HP_53	16	Response	1	1628871	20291	1
A_HP_53	16	Pulse	99	1637803	29222	1
A_HP_53	16	Pulse	99	1657803	49222	1
A_HP_53	17	Picture	response167	1659081	101	1	40148	1	0	40000	hit	90
A_HP_53	17	Pulse	99	1677803	18822	1
A_HP_53	17	Response	2	1685312	26331	1
A_HP_53	17	Pulse	99	1697803	38822	1
A_HP_53	18	Picture	response168	1709558	178	1	40148	1	0	40000	hit	95
A_HP_53	18	Pulse	99	1717803	8422	1
A_HP_53	18	Pulse	99	1737803	28422	1
A_HP_53	18	Response	2	1741652	32271	1
A_HP_53	18	Pulse	99	1757803	48422	1
A_HP_53	19	Picture	response162	1759869	88	1	40149	1	0	40000	hit	99
A_HP_53	19	Pulse	99	1777803	18022	1
A_HP_53	19	Response	1	1789532	29751	1
A_HP_53	19	Pulse	99	1797803	38022	1
A_HP_53	20	Picture	response166	1810346	166	1	40148	1	0	40000	hit	103
A_HP_53	20	Pulse	99	1817803	7622	1
A_HP_53	20	Response	1	1820902	10721	1
A_HP_53	20	Pulse	99	1837803	27622	1
A_HP_53	20	Pulse	99	1857803	47622	1
A_HP_53	21	Picture	response163	1860657	76	1	40148	1	0	40000	hit	108
A_HP_53	21	Pulse	99	1877803	17222	1
A_HP_53	21	Response	2	1881611	21031	1
A_HP_53	21	Pulse	99	1897803	37222	1
A_HP_53	22	Picture	response161	1911134	153	1	40148	1	0	40000	hit	112
A_HP_53	22	Pulse	99	1917803	6822	1
A_HP_53	22	Response	1	1935981	25001	1
A_HP_53	22	Pulse	99	1937803	26822	1
A_HP_53	22	Pulse	99	1957803	46822	1
A_HP_53	23	Picture	ins7	1961444	64	1	30153	1	0	30000	other	0
A_HP_53	23	Pulse	99	1977803	16422	1
A_HP_53	23	Pulse	99	1997803	36422	1
A_HP_53	23	Pulse	99	2017803	56422	1
A_HP_53	23	Pulse	99	2037803	76422	1
A_HP_53	23	Pulse	99	2057803	96422	1
A_HP_53	23	Pulse	99	2077802	116422	1
A_HP_53	23	Pulse	99	2097803	136422	1
A_HP_53	23	Pulse	99	2117803	156422	1
A_HP_53	23	Pulse	99	2137803	176422	1
A_HP_53	23	Pulse	99	2157803	196422	1
A_HP_53	23	Pulse	99	2177803	216422	1
A_HP_53	23	Pulse	99	2197803	236422	1
A_HP_53	23	Pulse	99	2217803	256422	1
A_HP_53	23	Pulse	99	2237803	276422	1
A_HP_53	23	Pulse	99	2257803	296422	1
A_HP_53	24	Response	3	2277803	6332	1
A_HP_53	24	Pulse	99	2277803	6332	1
A_HP_53	25	Picture	response50	2278301	120	1	40148	1	0	40000	hit	134
A_HP_53	25	Response	2	2297692	19511	1
A_HP_53	25	Pulse	99	2297802	19622	1
A_HP_53	25	Pulse	99	2317803	39622	1
A_HP_53	26	Picture	response52	2328778	197	1	40149	1	0	40000	hit	139
A_HP_53	26	Pulse	99	2337803	9222	1
A_HP_53	26	Response	2	2345891	17311	1
A_HP_53	26	Pulse	99	2357803	29222	1
A_HP_53	26	Pulse	99	2377803	49222	1
A_HP_53	27	Picture	response54	2379089	108	1	40148	1	0	40000	hit	143
A_HP_53	27	Response	1	2388971	9991	1
A_HP_53	27	Pulse	99	2397802	18822	1
A_HP_53	27	Pulse	99	2417803	38822	1
A_HP_53	28	Picture	response49	2429566	185	1	40148	1	0	40000	hit	148
A_HP_53	28	Pulse	99	2437803	8422	1
A_HP_53	28	Response	2	2450831	21451	1
A_HP_53	28	Pulse	99	2457803	28422	1
A_HP_53	28	Pulse	99	2477803	48422	1
A_HP_53	29	Picture	response55	2479876	95	1	40149	1	0	40000	hit	153
A_HP_53	29	Pulse	99	2497803	18022	1
A_HP_53	29	Response	2	2509491	29711	1
A_HP_53	29	Pulse	99	2517803	38022	1
A_HP_53	30	Picture	response53	2530353	173	1	40148	1	0	40000	hit	157
A_HP_53	30	Pulse	99	2537803	7622	1
A_HP_53	30	Response	1	2540931	10751	1
A_HP_53	30	Pulse	99	2557803	27622	1
A_HP_53	30	Pulse	99	2577803	47622	1
A_HP_53	31	Picture	response51	2580664	83	1	40148	1	0	40000	hit	161
A_HP_53	31	Response	1	2590431	9851	1
A_HP_53	31	Pulse	99	2597803	17222	1
A_HP_53	31	Pulse	99	2617803	37222	1
A_HP_53	32	Picture	response56	2631141	160	1	40148	1	0	40000	hit	166
A_HP_53	32	Pulse	99	2637803	6822	1
A_HP_53	32	Response	2	2642461	11481	1
A_HP_53	32	Pulse	99	2657803	26822	1
A_HP_53	32	Pulse	99	2677803	46822	1
A_HP_53	33	Picture	ins23	2681451	71	1	30153	1	0	30000	other	0
A_HP_53	33	Pulse	99	2697803	16422	1
A_HP_53	33	Pulse	99	2717803	36422	1
A_HP_53	33	Pulse	99	2737803	56423	1
A_HP_53	33	Pulse	99	2757803	76422	1
A_HP_53	33	Pulse	99	2777801	96421	1
A_HP_53	33	Pulse	99	2797803	116423	1
A_HP_53	33	Pulse	99	2817803	136422	1
A_HP_53	33	Pulse	99	2837803	156422	1
A_HP_53	33	Pulse	99	2857803	176422	1
A_HP_53	33	Pulse	99	2877803	196422	1
A_HP_53	33	Pulse	99	2897803	216422	1
A_HP_53	33	Pulse	99	2917803	236422	1
A_HP_53	33	Pulse	99	2937803	256422	1
A_HP_53	33	Pulse	99	2957803	276422	1
A_HP_53	33	Pulse	99	2977803	296422	1
A_HP_53	34	Response	3	2997803	6325	1
A_HP_53	34	Pulse	99	2997803	6325	1
A_HP_53	35	Picture	response183	2998308	128	1	40149	1	0	40000	hit	189
A_HP_53	35	Pulse	99	3017803	19622	1
A_HP_53	35	Response	2	3024202	26021	1
A_HP_53	35	Pulse	99	3037803	39622	1
A_HP_53	36	Picture	response177	3048785	205	1	40149	1	0	40000	hit	194
A_HP_53	36	Pulse	99	3057803	9222	1
A_HP_53	36	Pulse	99	3077803	29222	1
A_HP_53	36	Response	1	3090091	41511	1
A_HP_53	36	Pulse	99	3097803	49222	1
A_HP_53	37	Picture	response180	3099096	115	1	40148	1	0	40000	hit	198
A_HP_53	37	Pulse	99	3117802	18822	1
A_HP_53	37	Response	1	3124661	25681	1
A_HP_53	37	Pulse	99	3137803	38822	1
A_HP_53	38	Picture	response179	3149573	192	1	40149	1	0	40000	hit	202
A_HP_53	38	Pulse	99	3157803	8422	1
A_HP_53	38	Response	1	3174591	25211	1
A_HP_53	38	Pulse	99	3177802	28422	1
A_HP_53	38	Pulse	99	3197803	48422	1
A_HP_53	39	Picture	response181	3199883	103	1	40148	1	0	40000	hit	207
A_HP_53	39	Pulse	99	3217803	18022	1
A_HP_53	39	Response	2	3228181	28401	1
A_HP_53	39	Pulse	99	3237803	38022	1
A_HP_53	40	Picture	response182	3250360	180	1	40148	1	0	40000	hit	211
A_HP_53	40	Pulse	99	3257803	7622	1
A_HP_53	40	Response	1	3276671	26491	1
A_HP_53	40	Pulse	99	3277802	27622	1
A_HP_53	40	Pulse	99	3297803	47622	1
A_HP_53	41	Picture	response184	3300671	91	1	40148	1	0	40000	hit	216
A_HP_53	41	Pulse	99	3317803	17222	1
A_HP_53	41	Response	1	3319331	18751	1
A_HP_53	41	Pulse	99	3337803	37222	1
A_HP_53	42	Picture	response178	3351148	167	1	40149	1	0	40000	hit	220
A_HP_53	42	Pulse	99	3357803	6822	1
A_HP_53	42	Response	1	3370331	19351	1
A_HP_53	42	Pulse	99	3377803	26822	1
A_HP_53	42	Pulse	99	3397803	46822	1
A_HP_53	43	Picture	ins17	3401458	78	1	30153	1	0	30000	other	0
A_HP_53	43	Pulse	99	3417803	16422	1
A_HP_53	43	Pulse	99	3437803	36422	1
A_HP_53	43	Pulse	99	3457803	56422	1
A_HP_53	43	Pulse	99	3477803	76422	1
A_HP_53	43	Pulse	99	3497802	96422	1
A_HP_53	43	Pulse	99	3517802	116422	1
A_HP_53	43	Pulse	99	3537802	136422	1
A_HP_53	43	Pulse	99	3557802	156422	1
A_HP_53	43	Pulse	99	3577803	176422	1
A_HP_53	43	Pulse	99	3597802	196422	1
A_HP_53	43	Pulse	99	3617803	216422	1
A_HP_53	43	Pulse	99	3637803	236422	1
A_HP_53	43	Pulse	99	3657803	256422	1
A_HP_53	43	Pulse	99	3677723	276342	1
A_HP_53	43	Pulse	99	3697803	296422	1
A_HP_53	44	Response	3	3717803	6318	1
A_HP_53	44	Pulse	99	3717803	6318	1
A_HP_53	45	Picture	response135	3718315	135	1	40149	1	0	40000	hit	243
A_HP_53	45	Pulse	99	3737723	19542	1
A_HP_53	45	Response	2	3744262	26081	1
A_HP_53	45	Pulse	99	3757803	39622	1
A_HP_53	46	Picture	response131	3768792	212	1	40149	1	0	40000	hit	247
A_HP_53	46	Pulse	99	3777803	9222	1
A_HP_53	46	Response	1	3793022	24441	1
A_HP_53	46	Pulse	99	3797802	29222	1
A_HP_53	46	Pulse	99	3817803	49222	1
A_HP_53	47	Picture	response130	3819103	122	1	40148	1	0	40000	hit	252
A_HP_53	47	Pulse	99	3837803	18822	1
A_HP_53	47	Response	2	3844122	25141	1
A_HP_53	47	Pulse	99	3857803	38822	1
A_HP_53	48	Picture	response133	3869580	199	1	40148	1	0	40000	hit	256
A_HP_53	48	Pulse	99	3877803	8422	1
A_HP_53	48	Response	1	3893512	24131	1
A_HP_53	48	Pulse	99	3897802	28422	1
A_HP_53	48	Pulse	99	3917803	48422	1
A_HP_53	49	Picture	response129	3919890	110	1	40148	1	0	40000	hit	260
A_HP_53	49	Response	1	3936491	16711	1
A_HP_53	49	Pulse	99	3937801	18021	1
A_HP_53	49	Pulse	99	3957803	38022	1
A_HP_53	50	Picture	response132	3970368	187	1	40149	1	0	40000	incorrect	265
A_HP_53	50	Pulse	99	3977802	7622	1
A_HP_53	50	Response	1	3993971	23791	1
A_HP_53	50	Pulse	99	3997802	27622	1
A_HP_53	50	Pulse	99	4017803	47622	1
A_HP_53	51	Picture	response134	4020678	98	1	40148	1	0	40000	hit	270
A_HP_53	51	Pulse	99	4037802	17222	1
A_HP_53	51	Response	2	4039591	19011	1
A_HP_53	51	Pulse	99	4057803	37222	1
A_HP_53	52	Picture	response136	4071155	175	1	40148	1	0	40000	hit	275
A_HP_53	52	Pulse	99	4077802	6822	1
A_HP_53	52	Pulse	99	4097802	26822	1
A_HP_53	52	Response	1	4106641	35661	1
A_HP_53	52	Pulse	99	4117802	46822	1
A_HP_53	53	Picture	ins15	4121466	85	1	30153	1	0	30000	other	0
A_HP_53	53	Pulse	99	4137803	16422	1
A_HP_53	53	Pulse	99	4157803	36422	1
A_HP_53	53	Pulse	99	4177723	56342	1
A_HP_53	53	Pulse	99	4197802	76422	1
A_HP_53	53	Pulse	99	4217802	96422	1
A_HP_53	53	Pulse	99	4237723	116342	1
A_HP_53	53	Pulse	99	4257802	136422	1
A_HP_53	53	Pulse	99	4277802	156422	1
A_HP_53	53	Pulse	99	4297723	176342	1
A_HP_53	53	Pulse	99	4317802	196422	1
A_HP_53	53	Pulse	99	4337803	216422	1
A_HP_53	53	Pulse	99	4357722	236342	1
A_HP_53	53	Pulse	99	4377803	256422	1
A_HP_53	53	Pulse	99	4397802	276422	1
A_HP_53	53	Pulse	99	4417723	296342	1
A_HP_53	54	Response	3	4437802	6310	1
A_HP_53	54	Pulse	99	4437802	6310	1
A_HP_53	55	Picture	response117	4438322	142	1	40149	1	0	40000	hit	297
A_HP_53	55	Pulse	99	4457802	19622	1
A_HP_53	55	Response	2	4472982	34801	1
A_HP_53	55	Pulse	99	4477723	39542	1
A_HP_53	56	Picture	response116	4488633	52	1	40148	1	0	40000	hit	301
A_HP_53	56	Pulse	99	4497803	9222	1
A_HP_53	56	Response	1	4509341	20761	1
A_HP_53	56	Pulse	99	4517802	29222	1
A_HP_53	56	Pulse	99	4537723	49142	1
A_HP_53	57	Picture	response120	4539110	129	1	40148	1	0	40000	hit	306
A_HP_53	57	Pulse	99	4557803	18822	1
A_HP_53	57	Response	1	4575582	36601	1
A_HP_53	57	Pulse	99	4577803	38822	1
A_HP_53	58	Picture	response114	4589587	207	1	40148	1	0	40000	hit	310
A_HP_53	58	Pulse	99	4597722	8342	1
A_HP_53	58	Response	2	4614602	25221	1
A_HP_53	58	Pulse	99	4617802	28422	1
A_HP_53	58	Pulse	99	4637802	48422	1
A_HP_53	59	Picture	response119	4639898	117	1	40148	1	0	40000	hit	315
A_HP_53	59	Pulse	99	4657803	18022	1
A_HP_53	59	Response	1	4661171	21391	1
A_HP_53	59	Pulse	99	4677722	37942	1
A_HP_53	60	Picture	response115	4690375	194	1	40148	1	0	40000	hit	320
A_HP_53	60	Pulse	99	4697802	7622	1
A_HP_53	60	Pulse	99	4717803	27622	1
A_HP_53	60	Response	2	4726861	36681	1
A_HP_53	60	Pulse	99	4737723	47542	1
A_HP_53	61	Picture	response118	4740685	105	1	40148	1	0	40000	hit	324
A_HP_53	61	Pulse	99	4757803	17223	1
A_HP_53	61	Response	1	4768761	28180	1
A_HP_53	61	Pulse	99	4777803	37222	1
A_HP_53	62	Picture	response113	4791162	182	1	40148	1	0	40000	hit	328
A_HP_53	62	Pulse	99	4797722	6742	1
A_HP_53	62	Response	2	4814841	23861	1
A_HP_53	62	Pulse	99	4817802	26822	1
A_HP_53	62	Pulse	99	4837802	46822	1
A_HP_53	63	Picture	ins13	4841473	92	1	30153	1	0	30000	other	0
A_HP_53	63	Pulse	99	4857723	16342	1
A_HP_53	63	Pulse	99	4877802	36422	1
A_HP_53	63	Pulse	99	4897802	56422	1
A_HP_53	63	Pulse	99	4917722	76342	1
A_HP_53	63	Pulse	99	4937803	96422	1
A_HP_53	63	Pulse	99	4957803	116423	1
A_HP_53	63	Pulse	99	4977723	136342	1
A_HP_53	63	Pulse	99	4997803	156422	1
A_HP_53	63	Pulse	99	5017803	176422	1
A_HP_53	63	Pulse	99	5037723	196342	1
A_HP_53	63	Pulse	99	5057802	216422	1
A_HP_53	63	Pulse	99	5077803	236422	1
A_HP_53	63	Pulse	99	5097723	256342	1
A_HP_53	63	Pulse	99	5117723	276342	1
A_HP_53	63	Pulse	99	5137802	296422	1
A_HP_53	64	Response	3	5157722	6223	1
A_HP_53	64	Pulse	99	5157722	6223	1
A_HP_53	65	Picture	response104	5158163	82	1	40149	1	0	40000	hit	351
A_HP_53	65	Pulse	99	5177722	19642	1
A_HP_53	65	Response	2	5178902	20821	1
A_HP_53	65	Pulse	99	5197802	39722	1
A_HP_53	66	Picture	response101	5208640	160	1	40149	1	0	40000	hit	356
A_HP_53	66	Pulse	99	5217722	9242	1
A_HP_53	66	Pulse	99	5237723	29242	1
A_HP_53	66	Response	1	5241901	33421	1
A_HP_53	66	Pulse	99	5257805	49325	1
A_HP_53	67	Picture	response98	5258950	70	1	40148	1	0	40000	hit	360
A_HP_53	67	Pulse	99	5277722	18842	1
A_HP_53	67	Response	2	5278501	19620	1
A_HP_53	67	Pulse	99	5297723	38842	1
A_HP_53	68	Picture	response103	5309428	147	1	40148	1	0	40000	hit	364
A_HP_53	68	Pulse	99	5317802	8522	1
A_HP_53	68	Response	1	5330131	20851	1
A_HP_53	68	Pulse	99	5337723	28442	1
A_HP_53	68	Pulse	99	5357722	48442	1
A_HP_53	69	Picture	response97	5359738	58	1	40148	1	0	40000	hit	368
A_HP_53	69	Response	1	5374171	14491	1
A_HP_53	69	Pulse	99	5377802	18121	1
A_HP_53	69	Pulse	99	5397723	38042	1
A_HP_53	70	Picture	response99	5410215	135	1	40149	1	0	40000	hit	373
A_HP_53	70	Pulse	99	5417723	7642	1
A_HP_53	70	Response	2	5431111	21031	1
A_HP_53	70	Pulse	99	5437802	27722	1
A_HP_53	70	Pulse	99	5457723	47643	1
A_HP_53	71	Picture	response102	5460692	212	1	40149	1	0	40000	hit	377
A_HP_53	71	Response	1	5475481	15001	1
A_HP_53	71	Pulse	99	5477722	17242	1
A_HP_53	71	Pulse	99	5497803	37322	1
A_HP_53	72	Picture	response100	5511003	122	1	40148	1	0	40000	hit	382
A_HP_53	72	Pulse	99	5517722	6842	1
A_HP_53	72	Response	2	5529481	18601	1
A_HP_53	72	Pulse	99	5537722	26842	1
A_HP_53	72	Pulse	99	5557803	46922	1
A_HP_53	73	Picture	ins1	5561480	200	1	30153	1	0	30000	other	0
A_HP_53	73	Pulse	99	5577802	16522	1
A_HP_53	73	Pulse	99	5597723	36442	1
A_HP_53	73	Pulse	99	5617723	56442	1
A_HP_53	73	Pulse	99	5637802	76522	1
A_HP_53	73	Pulse	99	5657723	96442	1
A_HP_53	73	Pulse	99	5677722	116442	1
A_HP_53	73	Pulse	99	5697803	136522	1
A_HP_53	73	Pulse	99	5717723	156442	1
A_HP_53	73	Pulse	99	5737722	176442	1
A_HP_53	73	Pulse	99	5757802	196522	1
A_HP_53	73	Pulse	99	5777723	216442	1
A_HP_53	73	Pulse	99	5797723	236442	1
A_HP_53	73	Pulse	99	5817802	256522	1
A_HP_53	73	Pulse	99	5837722	276442	1
A_HP_53	73	Pulse	99	5857722	296442	1
A_HP_53	74	Response	3	5877803	6463	1
A_HP_53	74	Pulse	99	5877803	6463	1
A_HP_53	75	Picture	response2	5878336	156	1	40148	1	0	40000	hit	405
A_HP_53	75	Pulse	99	5897722	19542	1
A_HP_53	75	Response	1	5901491	23311	1
A_HP_53	75	Pulse	99	5917722	39542	1
A_HP_53	76	Picture	response8	5928647	67	1	40148	1	0	40000	hit	409
A_HP_53	76	Pulse	99	5937802	9222	1
A_HP_53	76	Response	2	5940481	11901	1
A_HP_53	76	Pulse	99	5957722	29142	1
A_HP_53	76	Pulse	99	5977722	49142	1
A_HP_53	77	Picture	response3	5979124	144	1	40148	1	0	40000	hit	413
A_HP_53	77	Response	2	5990931	11951	1
A_HP_53	77	Pulse	99	5997802	18822	1
A_HP_53	77	Pulse	99	6017723	38742	1
A_HP_53	78	Picture	response1	6029435	54	1	40148	1	0	40000	hit	418
A_HP_53	78	Pulse	99	6037722	8342	1
A_HP_53	78	Response	2	6051731	22351	1
A_HP_53	78	Pulse	99	6057723	28342	1
A_HP_53	78	Pulse	99	6077722	48342	1
A_HP_53	79	Picture	response4	6079912	132	1	40148	1	0	40000	hit	422
A_HP_53	79	Response	1	6089291	9511	1
A_HP_53	79	Pulse	99	6097722	17942	1
A_HP_53	79	Pulse	99	6117722	37942	1
A_HP_53	80	Picture	response7	6130389	209	1	40148	1	0	40000	hit	427
A_HP_53	80	Pulse	99	6137722	7542	1
A_HP_53	80	Response	2	6139171	8990	1
A_HP_53	80	Pulse	99	6157722	27542	1
A_HP_53	80	Pulse	99	6177723	47542	1
A_HP_53	81	Picture	response5	6180699	119	1	40148	1	0	40000	hit	432
A_HP_53	81	Pulse	99	6197722	17142	1
A_HP_53	81	Response	2	6200801	20221	1
A_HP_53	81	Pulse	99	6217723	37142	1
A_HP_53	82	Picture	response6	6231177	196	1	40148	1	0	40000	hit	436
A_HP_53	82	Pulse	99	6237722	6742	1
A_HP_53	82	Response	2	6243891	12911	1
A_HP_53	82	Pulse	99	6257722	26742	1
A_HP_53	82	Pulse	99	6277722	46742	1
A_HP_53	83	Picture	ins19	6281487	107	1	30153	1	0	30000	other	0
A_HP_53	83	Pulse	99	6297722	16342	1
A_HP_53	83	Pulse	99	6317722	36342	1
A_HP_53	83	Pulse	99	6337723	56342	1
A_HP_53	83	Pulse	99	6357722	76342	1
A_HP_53	83	Pulse	99	6377722	96342	1
A_HP_53	83	Pulse	99	6397721	116341	1
A_HP_53	83	Pulse	99	6417722	136342	1
A_HP_53	83	Pulse	99	6437802	156422	1
A_HP_53	83	Pulse	99	6457723	176342	1
A_HP_53	83	Pulse	99	6477722	196342	1
A_HP_53	83	Pulse	99	6497803	216422	1
A_HP_53	83	Pulse	99	6517723	236342	1
A_HP_53	83	Pulse	99	6537722	256342	1
A_HP_53	83	Pulse	99	6557723	276342	1
A_HP_53	83	Pulse	99	6577723	296342	1
A_HP_53	84	Response	3	6597722	6209	1
A_HP_53	84	Pulse	99	6597722	6209	1
A_HP_53	85	Picture	response152	6598177	97	1	40149	1	0	40000	hit	459
A_HP_53	85	Pulse	99	6617722	19642	1
A_HP_53	85	Response	1	6621421	23341	1
A_HP_53	85	Pulse	99	6637722	39642	1
A_HP_53	86	Picture	response148	6648654	174	1	40149	1	0	40000	hit	463
A_HP_53	86	Pulse	99	6657723	9242	1
A_HP_53	86	Response	1	6667471	18991	1
A_HP_53	86	Pulse	99	6677722	29242	1
A_HP_53	86	Pulse	99	6697722	49242	1
A_HP_53	87	Picture	response147	6698965	84	1	40149	1	0	40000	hit	468
A_HP_53	87	Pulse	99	6717723	18842	1
A_HP_53	87	Response	2	6718781	19901	1
A_HP_53	87	Pulse	99	6737723	38842	1
A_HP_53	88	Picture	response150	6749442	162	1	40149	1	0	40000	hit	472
A_HP_53	88	Pulse	99	6757722	8442	1
A_HP_53	88	Response	2	6771281	22001	1
A_HP_53	88	Pulse	99	6777723	28442	1
A_HP_53	88	Pulse	99	6797722	48442	1
A_HP_53	89	Picture	response151	6799752	72	1	40148	1	0	40000	hit	477
A_HP_53	89	Pulse	99	6817722	18042	1
A_HP_53	89	Response	1	6820151	20471	1
A_HP_53	89	Pulse	99	6837722	38042	1
A_HP_53	90	Picture	response149	6850229	149	1	40149	1	0	40000	hit	481
A_HP_53	90	Pulse	99	6857723	7642	1
A_HP_53	90	Response	1	6875821	25741	1
A_HP_53	90	Pulse	99	6877722	27642	1
A_HP_53	90	Pulse	99	6897722	47642	1
A_HP_53	91	Picture	response145	6900540	60	1	40148	1	0	40000	hit	486
A_HP_53	91	Pulse	99	6917722	17242	1
A_HP_53	91	Response	1	6925122	24642	1
A_HP_53	91	Pulse	99	6937723	37242	1
A_HP_53	92	Picture	response146	6951017	137	1	40148	1	0	40000	hit	491
A_HP_53	92	Pulse	99	6957722	6842	1
A_HP_53	92	Pulse	99	6977722	26842	1
A_HP_53	92	Response	1	6982631	31751	1
A_HP_53	92	Pulse	99	6997722	46842	1
A_HP_53	93	Picture	ins11	7001328	47	1	30153	1	0	30000	other	0
A_HP_53	93	Pulse	99	7017722	16442	1
A_HP_53	93	Pulse	99	7037722	36442	1
A_HP_53	93	Pulse	99	7057722	56442	1
A_HP_53	93	Pulse	99	7077723	76442	1
A_HP_53	93	Pulse	99	7097722	96442	1
A_HP_53	93	Pulse	99	7117722	116442	1
A_HP_53	93	Pulse	99	7137723	136442	1
A_HP_53	93	Pulse	99	7157722	156442	1
A_HP_53	93	Pulse	99	7177722	176442	1
A_HP_53	93	Pulse	99	7197722	196442	1
A_HP_53	93	Pulse	99	7217722	216442	1
A_HP_53	93	Pulse	99	7237722	236442	1
A_HP_53	93	Pulse	99	7257722	256442	1
A_HP_53	93	Pulse	99	7277722	276442	1
A_HP_53	93	Pulse	99	7297722	296442	1
A_HP_53	94	Response	3	7317722	6368	1
A_HP_53	94	Pulse	99	7317722	6368	1
A_HP_53	95	Picture	response83	7318184	104	1	40149	1	0	40000	hit	513
A_HP_53	95	Pulse	99	7337722	19642	1
A_HP_53	95	Response	1	7342081	24001	1
A_HP_53	95	Pulse	99	7357723	39643	1
A_HP_53	96	Picture	response86	7368661	181	1	40149	1	0	40000	hit	517
A_HP_53	96	Pulse	99	7377722	9242	1
A_HP_53	96	Response	1	7387161	18681	1
A_HP_53	96	Pulse	99	7397722	29242	1
A_HP_53	96	Pulse	99	7417722	49242	1
A_HP_53	97	Picture	response88	7418972	92	1	40149	1	0	40000	hit	522
A_HP_53	97	Pulse	99	7437722	18842	1
A_HP_53	97	Response	2	7444301	25421	1
A_HP_53	97	Pulse	99	7457722	38842	1
A_HP_53	98	Picture	response85	7469449	169	1	40148	1	0	40000	hit	526
A_HP_53	98	Pulse	99	7477722	8442	1
A_HP_53	98	Response	2	7493991	24711	1
A_HP_53	98	Pulse	99	7497722	28442	1
A_HP_53	98	Pulse	99	7517722	48442	1
A_HP_53	99	Picture	response82	7519760	79	1	40148	1	0	40000	hit	531
A_HP_53	99	Pulse	99	7537722	18042	1
A_HP_53	99	Response	2	7554051	34371	1
A_HP_53	99	Pulse	99	7557722	38042	1
A_HP_53	100	Picture	response87	7570237	156	1	40148	1	0	40000	hit	536
A_HP_53	100	Pulse	99	7577723	7642	1
A_HP_53	100	Pulse	99	7597722	27642	1
A_HP_53	100	Response	1	7606021	35941	1
A_HP_53	100	Pulse	99	7617722	47642	1
A_HP_53	101	Picture	response84	7620547	67	1	40148	1	0	40000	hit	539
A_HP_53	101	Response	1	7630811	10331	1
A_HP_53	101	Pulse	99	7637722	17242	1
A_HP_53	101	Pulse	99	7657722	37242	1
A_HP_53	102	Picture	response81	7671024	144	1	40148	1	0	40000	hit	544
A_HP_53	102	Pulse	99	7677723	6843	1
A_HP_53	102	Response	2	7693961	23081	1
A_HP_53	102	Pulse	99	7697722	26842	1
A_HP_53	102	Pulse	99	7717722	46842	1
A_HP_53	103	Picture	ins3	7721335	55	1	30153	1	0	30000	other	0
A_HP_53	103	Pulse	99	7737722	16442	1
A_HP_53	103	Pulse	99	7757722	36442	1
A_HP_53	103	Pulse	99	7777722	56442	1
A_HP_53	103	Pulse	99	7797722	76442	1
A_HP_53	103	Pulse	99	7817723	96442	1
A_HP_53	103	Pulse	99	7837722	116442	1
A_HP_53	103	Pulse	99	7857722	136442	1
A_HP_53	103	Pulse	99	7877722	156442	1
A_HP_53	103	Pulse	99	7897722	176442	1
A_HP_53	103	Pulse	99	7917722	196442	1
A_HP_53	103	Pulse	99	7937722	216442	1
A_HP_53	103	Pulse	99	7957722	236442	1
A_HP_53	103	Pulse	99	7977722	256442	1
A_HP_53	103	Pulse	99	7997722	276442	1
A_HP_53	103	Pulse	99	8017722	296442	1
A_HP_53	104	Response	3	8037723	6362	1
A_HP_53	104	Pulse	99	8037723	6362	1
A_HP_53	105	Picture	response22	8038191	111	1	40148	1	0	40000	hit	566
A_HP_53	105	Response	1	8054021	15941	1
A_HP_53	105	Pulse	99	8057722	19642	1
A_HP_53	105	Pulse	99	8077722	39642	1
A_HP_53	106	Picture	response18	8088668	188	1	40149	1	0	40000	hit	570
A_HP_53	106	Response	2	8093631	5151	1
A_HP_53	106	Pulse	99	8097722	9242	1
A_HP_53	106	Pulse	99	8117722	29242	1
A_HP_53	106	Pulse	99	8137722	49242	1
A_HP_53	107	Picture	response24	8138979	99	1	40149	1	0	40000	hit	575
A_HP_53	107	Response	2	8147311	8431	1
A_HP_53	107	Pulse	99	8157722	18842	1
A_HP_53	107	Pulse	99	8177722	38842	1
A_HP_53	108	Picture	response20	8189456	176	1	40149	1	0	40000	hit	579
A_HP_53	108	Response	2	8195281	6001	1
A_HP_53	108	Pulse	99	8197722	8442	1
A_HP_53	108	Pulse	99	8217723	28442	1
A_HP_53	108	Pulse	99	8237723	48443	1
A_HP_53	109	Picture	response23	8239767	87	1	40148	1	0	40000	hit	585
A_HP_53	109	Pulse	99	8257722	18042	1
A_HP_53	109	Response	2	8258890	19210	1
A_HP_53	109	Pulse	99	8277722	38042	1
A_HP_53	110	Picture	response17	8290244	164	1	40148	1	0	40000	hit	589
A_HP_53	110	Pulse	99	8297722	7642	1
A_HP_53	110	Response	2	8312311	22231	1
A_HP_53	110	Pulse	99	8317722	27642	1
A_HP_53	110	Pulse	99	8337722	47642	1
A_HP_53	111	Picture	response19	8340554	74	1	40148	1	0	40000	hit	593
A_HP_53	111	Response	2	8347481	7001	1
A_HP_53	111	Pulse	99	8357722	17242	1
A_HP_53	111	Pulse	99	8377722	37242	1
A_HP_53	112	Picture	response21	8391031	151	1	40148	1	0	40000	hit	598
A_HP_53	112	Pulse	99	8397722	6842	1
A_HP_53	112	Response	1	8400231	9351	1
A_HP_53	112	Pulse	99	8417722	26842	1
A_HP_53	112	Pulse	99	8437722	46842	1
A_HP_53	113	Picture	ins9	8441342	62	1	30153	1	0	30000	other	0
A_HP_53	113	Pulse	99	8457722	16442	1
A_HP_53	113	Pulse	99	8477722	36442	1
A_HP_53	113	Pulse	99	8497721	56441	1
A_HP_53	113	Pulse	99	8517722	76442	1
A_HP_53	113	Pulse	99	8537722	96442	1
A_HP_53	113	Pulse	99	8557722	116442	1
A_HP_53	113	Pulse	99	8577722	136442	1
A_HP_53	113	Pulse	99	8597722	156442	1
A_HP_53	113	Pulse	99	8617722	176442	1
A_HP_53	113	Pulse	99	8637722	196442	1
A_HP_53	113	Pulse	99	8657722	216442	1
A_HP_53	113	Pulse	99	8677722	236442	1
A_HP_53	113	Pulse	99	8697722	256442	1
A_HP_53	113	Pulse	99	8717722	276442	1
A_HP_53	113	Pulse	99	8737722	296442	1
A_HP_53	114	Response	3	8757722	6354	1
A_HP_53	114	Pulse	99	8757722	6354	1
A_HP_53	115	Picture	response66	8758198	118	1	40148	1	0	40000	incorrect	621
A_HP_53	115	Pulse	99	8777722	19642	1
A_HP_53	115	Response	2	8786201	28121	1
A_HP_53	115	Pulse	99	8797722	39642	1
A_HP_53	116	Picture	response72	8808676	195	1	40148	1	0	40000	hit	626
A_HP_53	116	Pulse	99	8817722	9242	1
A_HP_53	116	Pulse	99	8837722	29242	1
A_HP_53	116	Response	1	8839070	30590	1
A_HP_53	116	Pulse	99	8857722	49242	1
A_HP_53	117	Picture	response71	8858986	106	1	40148	1	0	40000	incorrect	630
A_HP_53	117	Pulse	99	8877722	18842	1
A_HP_53	117	Response	2	8889181	30301	1
A_HP_53	117	Pulse	99	8897722	38842	1
A_HP_53	118	Picture	response67	8909463	183	1	40148	1	0	40000	hit	634
A_HP_53	118	Pulse	99	8917722	8442	1
A_HP_53	118	Response	2	8927231	17951	1
A_HP_53	118	Pulse	99	8937722	28442	1
A_HP_53	118	Pulse	99	8957722	48442	1
A_HP_53	119	Picture	response70	8959774	94	1	40149	1	0	40000	hit	639
A_HP_53	119	Pulse	99	8977722	18042	1
A_HP_53	119	Response	2	8995501	35821	1
A_HP_53	119	Pulse	99	8997722	38042	1
A_HP_53	120	Picture	response65	9010251	171	1	40148	1	0	40000	hit	643
A_HP_53	120	Pulse	99	9017722	7642	1
A_HP_53	120	Response	1	9031131	21051	1
A_HP_53	120	Pulse	99	9037722	27642	1
A_HP_53	120	Pulse	99	9057722	47642	1
A_HP_53	121	Picture	response69	9060561	81	1	40148	1	0	40000	hit	648
A_HP_53	121	Pulse	99	9077722	17242	1
A_HP_53	121	Response	1	9081941	21461	1
A_HP_53	121	Pulse	99	9097722	37242	1
A_HP_53	122	Picture	response68	9111039	158	1	40148	1	0	40000	hit	653
A_HP_53	122	Pulse	99	9117722	6842	1
A_HP_53	122	Pulse	99	9137722	26842	1
A_HP_53	122	Response	2	9142171	31291	1
A_HP_53	122	Pulse	99	9157722	46842	1
A_HP_53	123	Picture	thanks	9161016	0	1	10162	1	0	10000	other	0
A_HP_53	123	Pulse	99	9177722	16706	1


Event Type	Code	Type	Response	RT	RT Uncertainty	Time	Uncertainty	Duration	Uncertainty	ReqTime	ReqDur

Picture	ready	other				457959	1	10162	1	0	10000
Picture	ins5	other				518432	1	30153	1	0	30000
Picture	response40	hit	1	9565	2	838287	1	40149	1	0	40000
Picture	response34	hit	1	5718	2	888764	1	40148	1	0	40000
Picture	response39	hit	2	4727	2	939074	1	40148	1	0	40000
Picture	response37	hit	1	11290	2	989551	1	40148	1	0	40000
Picture	response33	hit	2	5090	2	1039862	1	40149	1	0	40000
Picture	response35	hit	2	9042	2	1090339	1	40148	1	0	40000
Picture	response36	hit	1	5642	2	1140650	1	40149	1	0	40000
Picture	response38	hit	2	6055	2	1191127	1	40149	1	0	40000
Picture	ins21	other				1241437	1	30153	1	0	30000
Picture	response165	hit	2	25508	2	1558294	1	40149	1	0	40000
Picture	response164	hit	1	20101	2	1608771	1	40148	1	0	40000
Picture	response167	hit	2	26230	2	1659081	1	40148	1	0	40000
Picture	response168	hit	2	32093	2	1709558	1	40148	1	0	40000
Picture	response162	hit	1	29663	2	1759869	1	40149	1	0	40000
Picture	response166	hit	1	10555	2	1810346	1	40148	1	0	40000
Picture	response163	hit	2	20955	2	1860657	1	40148	1	0	40000
Picture	response161	hit	1	24848	2	1911134	1	40148	1	0	40000
Picture	ins7	other				1961444	1	30153	1	0	30000
Picture	response50	hit	2	19391	2	2278301	1	40148	1	0	40000
Picture	response52	hit	2	17113	2	2328778	1	40149	1	0	40000
Picture	response54	hit	1	9883	2	2379089	1	40148	1	0	40000
Picture	response49	hit	2	21266	2	2429566	1	40148	1	0	40000
Picture	response55	hit	2	29615	2	2479876	1	40149	1	0	40000
Picture	response53	hit	1	10578	2	2530353	1	40148	1	0	40000
Picture	response51	hit	1	9768	2	2580664	1	40148	1	0	40000
Picture	response56	hit	2	11320	2	2631141	1	40148	1	0	40000
Picture	ins23	other				2681451	1	30153	1	0	30000
Picture	response183	hit	2	25894	2	2998308	1	40149	1	0	40000
Picture	response177	hit	1	41306	2	3048785	1	40149	1	0	40000
Picture	response180	hit	1	25566	2	3099096	1	40148	1	0	40000
Picture	response179	hit	1	25019	2	3149573	1	40149	1	0	40000
Picture	response181	hit	2	28298	2	3199883	1	40148	1	0	40000
Picture	response182	hit	1	26311	2	3250360	1	40148	1	0	40000
Picture	response184	hit	1	18660	2	3300671	1	40148	1	0	40000
Picture	response178	hit	1	19183	2	3351148	1	40149	1	0	40000
Picture	ins17	other				3401458	1	30153	1	0	30000
Picture	response135	hit	2	25947	2	3718315	1	40149	1	0	40000
Picture	response131	hit	1	24229	2	3768792	1	40149	1	0	40000
Picture	response130	hit	2	25019	2	3819103	1	40148	1	0	40000
Picture	response133	hit	1	23932	2	3869580	1	40148	1	0	40000
Picture	response129	hit	1	16601	2	3919890	1	40148	1	0	40000
Picture	response132	incorrect	1	23604	2	3970368	1	40149	1	0	40000
Picture	response134	hit	2	18913	2	4020678	1	40148	1	0	40000
Picture	response136	hit	1	35486	2	4071155	1	40148	1	0	40000
Picture	ins15	other				4121466	1	30153	1	0	30000
Picture	response117	hit	2	34659	2	4438322	1	40149	1	0	40000
Picture	response116	hit	1	20709	2	4488633	1	40148	1	0	40000
Picture	response120	hit	1	36472	2	4539110	1	40148	1	0	40000
Picture	response114	hit	2	25015	2	4589587	1	40148	1	0	40000
Picture	response119	hit	1	21274	2	4639898	1	40148	1	0	40000
Picture	response115	hit	2	36486	2	4690375	1	40148	1	0	40000
Picture	response118	hit	1	28076	2	4740685	1	40148	1	0	40000
Picture	response113	hit	2	23679	2	4791162	1	40148	1	0	40000
Picture	ins13	other				4841473	1	30153	1	0	30000
Picture	response104	hit	2	20739	2	5158163	1	40149	1	0	40000
Picture	response101	hit	1	33261	2	5208640	1	40149	1	0	40000
Picture	response98	hit	2	19550	2	5258950	1	40148	1	0	40000
Picture	response103	hit	1	20703	2	5309428	1	40148	1	0	40000
Picture	response97	hit	1	14433	2	5359738	1	40148	1	0	40000
Picture	response99	hit	2	20896	2	5410215	1	40149	1	0	40000
Picture	response102	hit	1	14789	2	5460692	1	40149	1	0	40000
Picture	response100	hit	2	18478	2	5511003	1	40148	1	0	40000
Picture	ins1	other				5561480	1	30153	1	0	30000
Picture	response2	hit	1	23155	2	5878336	1	40148	1	0	40000
Picture	response8	hit	2	11834	2	5928647	1	40148	1	0	40000
Picture	response3	hit	2	11807	2	5979124	1	40148	1	0	40000
Picture	response1	hit	2	22296	2	6029435	1	40148	1	0	40000
Picture	response4	hit	1	9379	2	6079912	1	40148	1	0	40000
Picture	response7	hit	2	8782	2	6130389	1	40148	1	0	40000
Picture	response5	hit	2	20101	2	6180699	1	40148	1	0	40000
Picture	response6	hit	2	12714	2	6231177	1	40148	1	0	40000
Picture	ins19	other				6281487	1	30153	1	0	30000
Picture	response152	hit	1	23244	2	6598177	1	40149	1	0	40000
Picture	response148	hit	1	18817	2	6648654	1	40149	1	0	40000
Picture	response147	hit	2	19816	2	6698965	1	40149	1	0	40000
Picture	response150	hit	2	21839	2	6749442	1	40149	1	0	40000
Picture	response151	hit	1	20399	2	6799752	1	40148	1	0	40000
Picture	response149	hit	1	25592	2	6850229	1	40149	1	0	40000
Picture	response145	hit	1	24582	2	6900540	1	40148	1	0	40000
Picture	response146	hit	1	31614	2	6951017	1	40148	1	0	40000
Picture	ins11	other				7001328	1	30153	1	0	30000
Picture	response83	hit	1	23897	2	7318184	1	40149	1	0	40000
Picture	response86	hit	1	18500	2	7368661	1	40149	1	0	40000
Picture	response88	hit	2	25330	2	7418972	1	40149	1	0	40000
Picture	response85	hit	2	24542	2	7469449	1	40148	1	0	40000
Picture	response82	hit	2	34291	2	7519760	1	40148	1	0	40000
Picture	response87	hit	1	35785	2	7570237	1	40148	1	0	40000
Picture	response84	hit	1	10264	2	7620547	1	40148	1	0	40000
Picture	response81	hit	2	22936	2	7671024	1	40148	1	0	40000
Picture	ins3	other				7721335	1	30153	1	0	30000
Picture	response22	hit	1	15830	2	8038191	1	40148	1	0	40000
Picture	response18	hit	2	4963	2	8088668	1	40149	1	0	40000
Picture	response24	hit	2	8332	2	8138979	1	40149	1	0	40000
Picture	response20	hit	2	5825	2	8189456	1	40149	1	0	40000
Picture	response23	hit	2	19124	2	8239767	1	40148	1	0	40000
Picture	response17	hit	2	22067	2	8290244	1	40148	1	0	40000
Picture	response19	hit	2	6927	2	8340554	1	40148	1	0	40000
Picture	response21	hit	1	9199	2	8391031	1	40148	1	0	40000
Picture	ins9	other				8441342	1	30153	1	0	30000
Picture	response66	incorrect	2	28003	2	8758198	1	40148	1	0	40000
Picture	response72	hit	1	30395	2	8808676	1	40148	1	0	40000
Picture	response71	incorrect	2	30195	2	8858986	1	40148	1	0	40000
Picture	response67	hit	2	17767	2	8909463	1	40148	1	0	40000
Picture	response70	hit	2	35727	2	8959774	1	40149	1	0	40000
Picture	response65	hit	1	20880	2	9010251	1	40148	1	0	40000
Picture	response69	hit	1	21380	2	9060561	1	40148	1	0	40000
Picture	response68	hit	2	31132	2	9111039	1	40148	1	0	40000
Picture	thanks	other				9161016	1	10162	1	0	10000


{
   "app": "Presentation Version 21.1 Build 09.05.19",
   "device": "LENOVO 20FBCTO1WW",
   "experiment": "{A2FC4E2A-B401-4E65-9CA9-5B09E294C871}",
   "os": "Windows 10 64 bit",
   "package": "",
   "parameters": {
      "configuration": "Default configuration"
   },
   "scenario": "Dimension experiment(1).sce",
   "subject": "A_HP_53",
   "timestamp": "2020/02/21 03:38:53 GMT"
}
