Scenario - 
Logfile written - 11/07/2019 16:18:10

Subject	Trial	Event Type	Code	Time	TTime	Uncertainty	Duration	Uncertainty	ReqTime	ReqDur	Stim Type	Pair Index

A_HP_29	1	Response	3	494577	493411	1
A_HP_29	1	Pulse	99	494577	493411	1
A_HP_29	2	Picture	ready	494809	0	1	10396	1	0	10000	other	0
A_HP_29	2	Pulse	99	514657	19848	1
A_HP_29	2	Pulse	99	534657	39848	1
A_HP_29	2	Pulse	99	554577	59768	1
A_HP_29	3	Picture	ins1	555405	232	1	30229	1	0	30000	other	0
A_HP_29	3	Pulse	99	574656	19483	1
A_HP_29	3	Pulse	99	594658	39484	1
A_HP_29	3	Pulse	99	614577	59403	1
A_HP_29	3	Pulse	99	634656	79483	1
A_HP_29	3	Pulse	99	654656	99483	1
A_HP_29	3	Pulse	99	674577	119403	1
A_HP_29	3	Pulse	99	694657	139483	1
A_HP_29	3	Pulse	99	714657	159483	1
A_HP_29	3	Pulse	99	734577	179403	1
A_HP_29	3	Pulse	99	754656	199483	1
A_HP_29	3	Pulse	99	774656	219483	1
A_HP_29	3	Pulse	99	794576	239403	1
A_HP_29	3	Pulse	99	814656	259483	1
A_HP_29	3	Pulse	99	834656	279483	1
A_HP_29	3	Pulse	99	854577	299403	1
A_HP_29	4	Response	3	874577	9173	1
A_HP_29	4	Pulse	99	874577	9173	1
A_HP_29	5	Picture	response6	875208	235	1	40229	1	0	40000	hit	26
A_HP_29	5	Response	2	890715	15743	1
A_HP_29	5	Pulse	99	894656	19683	1
A_HP_29	5	Pulse	99	914576	39604	1
A_HP_29	6	Picture	response7	925666	293	1	40229	1	0	40000	hit	31
A_HP_29	6	Pulse	99	934577	9204	1
A_HP_29	6	Response	2	938135	12762	1
A_HP_29	6	Pulse	99	954656	29283	1
A_HP_29	6	Pulse	99	974576	49203	1
A_HP_29	7	Picture	response5	975957	185	1	40229	1	0	40000	hit	35
A_HP_29	7	Response	2	990725	14953	1
A_HP_29	7	Pulse	99	994576	18803	1
A_HP_29	7	Pulse	99	1014656	38883	1
A_HP_29	8	Picture	response2	1026416	243	1	40229	1	0	40000	hit	40
A_HP_29	8	Pulse	99	1034577	8404	1
A_HP_29	8	Response	1	1037405	11232	1
A_HP_29	8	Pulse	99	1054576	28404	1
A_HP_29	8	Pulse	99	1074656	48483	1
A_HP_29	9	Picture	response8	1076707	135	1	40229	1	0	40000	hit	44
A_HP_29	9	Response	2	1086585	10012	1
A_HP_29	9	Pulse	99	1094576	18003	1
A_HP_29	9	Pulse	99	1114576	38004	1
A_HP_29	10	Picture	response1	1127165	192	1	40229	1	0	40000	hit	49
A_HP_29	10	Pulse	99	1134656	7684	1
A_HP_29	10	Response	2	1137455	10482	1
A_HP_29	10	Pulse	99	1154576	27604	1
A_HP_29	10	Pulse	99	1174576	47604	1
A_HP_29	11	Picture	response3	1177623	251	1	40229	1	0	40000	hit	53
A_HP_29	11	Response	2	1188855	11483	1
A_HP_29	11	Pulse	99	1194656	17283	1
A_HP_29	11	Pulse	99	1214576	37204	1
A_HP_29	12	Picture	response4	1227915	142	1	40229	1	0	40000	hit	58
A_HP_29	12	Pulse	99	1234576	6804	1
A_HP_29	12	Response	1	1237355	9582	1
A_HP_29	12	Pulse	99	1254656	26884	1
A_HP_29	12	Pulse	99	1274576	46804	1
A_HP_29	13	Picture	ins11	1278373	200	1	30229	1	0	30000	other	0
A_HP_29	13	Pulse	99	1294576	16404	1
A_HP_29	13	Pulse	99	1314656	36484	1
A_HP_29	13	Pulse	99	1334576	56404	1
A_HP_29	13	Pulse	99	1354576	76404	1
A_HP_29	13	Pulse	99	1374656	96484	1
A_HP_29	13	Pulse	99	1394576	116404	1
A_HP_29	13	Pulse	99	1414576	136404	1
A_HP_29	13	Pulse	99	1434656	156484	1
A_HP_29	13	Pulse	99	1454656	176484	1
A_HP_29	13	Pulse	99	1474576	196404	1
A_HP_29	13	Pulse	99	1494656	216483	1
A_HP_29	13	Pulse	99	1514656	236484	1
A_HP_29	13	Pulse	99	1534576	256404	1
A_HP_29	13	Pulse	99	1554657	276485	1
A_HP_29	13	Pulse	99	1574656	296484	1
A_HP_29	14	Response	3	1594576	6174	1
A_HP_29	14	Pulse	99	1594576	6174	1
A_HP_29	15	Picture	response83	1595210	237	1	40229	1	0	40000	hit	81
A_HP_29	15	Pulse	99	1614656	19683	1
A_HP_29	15	Response	1	1618995	24021	1
A_HP_29	15	Pulse	99	1634656	39683	1
A_HP_29	16	Picture	response81	1645669	297	1	40229	1	0	40000	hit	85
A_HP_29	16	Pulse	99	1654576	9204	1
A_HP_29	16	Response	2	1661685	16313	1
A_HP_29	16	Pulse	99	1674576	29204	1
A_HP_29	16	Pulse	99	1694656	49284	1
A_HP_29	17	Picture	response87	1695960	188	1	40229	1	0	40000	hit	89
A_HP_29	17	Response	1	1709044	13272	1
A_HP_29	17	Pulse	99	1714575	18803	1
A_HP_29	17	Pulse	99	1734576	38803	1
A_HP_29	18	Picture	response84	1746418	246	1	40229	1	0	40000	hit	94
A_HP_29	18	Pulse	99	1754656	8483	1
A_HP_29	18	Response	1	1757514	11342	1
A_HP_29	18	Pulse	99	1774576	28403	1
A_HP_29	18	Pulse	99	1794576	48403	1
A_HP_29	19	Picture	response86	1796710	138	1	40229	1	0	40000	hit	99
A_HP_29	19	Pulse	99	1814656	18084	1
A_HP_29	19	Response	1	1824995	28422	1
A_HP_29	19	Pulse	99	1834575	38003	1
A_HP_29	20	Picture	response82	1847168	196	1	40229	1	0	40000	hit	103
A_HP_29	20	Pulse	99	1854576	7604	1
A_HP_29	20	Response	2	1862035	15062	1
A_HP_29	20	Pulse	99	1874656	27684	1
A_HP_29	20	Pulse	99	1894576	47604	1
A_HP_29	21	Picture	response85	1897626	254	1	40230	1	0	40000	hit	108
A_HP_29	21	Pulse	99	1914576	17204	1
A_HP_29	21	Response	2	1933455	36083	1
A_HP_29	21	Pulse	99	1934656	37284	1
A_HP_29	22	Picture	response88	1947918	145	1	40229	1	0	40000	hit	112
A_HP_29	22	Pulse	99	1954576	6804	1
A_HP_29	22	Response	2	1963685	15912	1
A_HP_29	22	Pulse	99	1974576	26804	1
A_HP_29	22	Pulse	99	1994656	46883	1
A_HP_29	23	Picture	ins15	1998376	204	1	30229	1	0	30000	other	0
A_HP_29	23	Pulse	99	2014576	16404	1
A_HP_29	23	Pulse	99	2034576	36404	1
A_HP_29	23	Pulse	99	2054656	56483	1
A_HP_29	23	Pulse	99	2074576	76404	1
A_HP_29	23	Pulse	99	2094576	96403	1
A_HP_29	23	Pulse	99	2114656	116484	1
A_HP_29	23	Pulse	99	2134575	136403	1
A_HP_29	23	Pulse	99	2154576	156404	1
A_HP_29	23	Pulse	99	2174656	176484	1
A_HP_29	23	Pulse	99	2194576	196404	1
A_HP_29	23	Pulse	99	2214576	216404	1
A_HP_29	23	Pulse	99	2234656	236484	1
A_HP_29	23	Pulse	99	2254575	256403	1
A_HP_29	23	Pulse	99	2274576	276404	1
A_HP_29	23	Pulse	99	2294655	296483	1
A_HP_29	24	Response	3	2314576	6173	1
A_HP_29	24	Pulse	99	2314576	6173	1
A_HP_29	25	Picture	response114	2315207	234	1	40229	1	0	40000	hit	135
A_HP_29	25	Pulse	99	2334575	19603	1
A_HP_29	25	Response	2	2347594	32622	1
A_HP_29	25	Pulse	99	2354655	39683	1
A_HP_29	26	Picture	response116	2365664	292	1	40229	1	0	40000	hit	139
A_HP_29	26	Pulse	99	2374575	9203	1
A_HP_29	26	Response	1	2390654	25282	1
A_HP_29	26	Pulse	99	2394575	29203	1
A_HP_29	26	Pulse	99	2414656	49284	1
A_HP_29	27	Picture	response119	2415956	184	1	40229	1	0	40000	hit	144
A_HP_29	27	Pulse	99	2434576	18804	1
A_HP_29	27	Response	1	2445945	30173	1
A_HP_29	27	Pulse	99	2454575	38803	1
A_HP_29	28	Picture	response118	2466413	240	1	40229	1	0	40000	hit	148
A_HP_29	28	Pulse	99	2474576	8403	1
A_HP_29	28	Response	1	2489295	23122	1
A_HP_29	28	Pulse	99	2494575	28402	1
A_HP_29	28	Pulse	99	2514576	48403	1
A_HP_29	29	Picture	response115	2516704	132	1	40229	1	0	40000	hit	153
A_HP_29	29	Pulse	99	2534575	18003	1
A_HP_29	29	Response	2	2543714	27142	1
A_HP_29	29	Pulse	99	2554576	38004	1
A_HP_29	30	Picture	response120	2567163	191	1	40229	1	0	40000	hit	158
A_HP_29	30	Pulse	99	2574576	7604	1
A_HP_29	30	Pulse	99	2594576	27604	1
A_HP_29	30	Response	1	2596644	29672	1
A_HP_29	30	Pulse	99	2614575	47603	1
A_HP_29	31	Picture	response113	2617455	227	1	40229	1	0	40000	hit	162
A_HP_29	31	Pulse	99	2634576	17349	1
A_HP_29	31	Response	2	2648004	30777	1
A_HP_29	31	Pulse	99	2654575	37348	1
A_HP_29	32	Picture	response117	2667579	202	1	40229	1	0	40000	hit	166
A_HP_29	32	Pulse	99	2674576	7199	1
A_HP_29	32	Response	2	2683195	15818	1
A_HP_29	32	Pulse	99	2694576	27199	1
A_HP_29	32	Pulse	99	2714576	47199	1
A_HP_29	33	Picture	ins19	2717704	127	1	30230	1	0	30000	other	0
A_HP_29	33	Pulse	99	2734576	16998	1
A_HP_29	33	Pulse	99	2754576	36998	1
A_HP_29	33	Pulse	99	2774576	56998	1
A_HP_29	33	Pulse	99	2794576	76998	1
A_HP_29	33	Pulse	99	2814576	96998	1
A_HP_29	33	Pulse	99	2834576	116998	1
A_HP_29	33	Pulse	99	2854576	136998	1
A_HP_29	33	Pulse	99	2874575	156998	1
A_HP_29	33	Pulse	99	2894576	176998	1
A_HP_29	33	Pulse	99	2914575	196998	1
A_HP_29	33	Pulse	99	2934576	216998	1
A_HP_29	33	Pulse	99	2954576	236998	1
A_HP_29	33	Pulse	99	2974576	256998	1
A_HP_29	33	Pulse	99	2994575	276998	1
A_HP_29	33	Pulse	99	3014576	296998	1
A_HP_29	34	Response	3	3034575	6767	1
A_HP_29	34	Pulse	99	3034575	6767	1
A_HP_29	35	Picture	response148	3035014	236	1	40230	1	0	40000	hit	189
A_HP_29	35	Pulse	99	3054575	19798	1
A_HP_29	35	Response	1	3055523	20746	1
A_HP_29	35	Pulse	99	3074575	39798	1
A_HP_29	36	Picture	response152	3085140	163	1	40396	1	0	40000	hit	193
A_HP_29	36	Pulse	99	3094655	9679	1
A_HP_29	36	Response	1	3100944	15968	1
A_HP_29	36	Pulse	99	3114576	29600	1
A_HP_29	36	Pulse	99	3134594	49618	1
A_HP_29	37	Picture	response151	3135432	250	1	40229	1	0	40000	hit	198
A_HP_29	37	Pulse	99	3154655	19474	1
A_HP_29	37	Response	1	3159824	24642	1
A_HP_29	37	Pulse	99	3174575	39394	1
A_HP_29	38	Picture	response150	3185556	178	1	40229	1	0	40000	hit	203
A_HP_29	38	Pulse	99	3194575	9197	1
A_HP_29	38	Pulse	99	3214656	29277	1
A_HP_29	38	Response	2	3220474	35096	1
A_HP_29	38	Pulse	99	3234575	49197	1
A_HP_29	39	Picture	response146	3235847	272	1	40229	1	0	40000	incorrect	206
A_HP_29	39	Response	2	3250184	14609	1
A_HP_29	39	Pulse	99	3254574	18999	1
A_HP_29	39	Pulse	99	3274655	39080	1
A_HP_29	40	Picture	response145	3285972	197	1	40396	1	0	40000	incorrect	212
A_HP_29	40	Pulse	99	3294575	8800	1
A_HP_29	40	Pulse	99	3314575	28800	1
A_HP_29	40	Response	2	3332544	46768	1
A_HP_29	40	Pulse	99	3334574	48799	1
A_HP_29	41	Picture	response147	3336098	118	1	40229	1	0	40000	incorrect	216
A_HP_29	41	Pulse	99	3354575	18595	1
A_HP_29	41	Response	1	3367353	31373	1
A_HP_29	41	Pulse	99	3374575	38595	1
A_HP_29	42	Picture	response149	3386389	210	1	40229	1	0	40000	hit	221
A_HP_29	42	Pulse	99	3394575	8396	1
A_HP_29	42	Pulse	99	3414575	28396	1
A_HP_29	42	Response	1	3423154	36975	1
A_HP_29	42	Pulse	99	3434576	48397	1
A_HP_29	43	Picture	ins13	3436680	303	1	30229	1	0	30000	other	0
A_HP_29	43	Pulse	99	3454575	18198	1
A_HP_29	43	Pulse	99	3474575	38198	1
A_HP_29	43	Pulse	99	3494575	58198	1
A_HP_29	43	Pulse	99	3514575	78198	1
A_HP_29	43	Pulse	99	3534575	98198	1
A_HP_29	43	Pulse	99	3554575	118198	1
A_HP_29	43	Pulse	99	3574575	138198	1
A_HP_29	43	Pulse	99	3594575	158198	1
A_HP_29	43	Pulse	99	3614575	178198	1
A_HP_29	43	Pulse	99	3634575	198198	1
A_HP_29	43	Pulse	99	3654575	218198	1
A_HP_29	43	Pulse	99	3674575	238198	1
A_HP_29	43	Pulse	99	3694575	258198	1
A_HP_29	43	Pulse	99	3714575	278198	1
A_HP_29	43	Pulse	99	3734575	298198	1
A_HP_29	44	Response	3	3754576	7968	1
A_HP_29	44	Pulse	99	3754576	7968	1
A_HP_29	45	Picture	response103	3755016	233	1	40229	1	0	40000	hit	243
A_HP_29	45	Pulse	99	3774575	19793	1
A_HP_29	45	Response	1	3777743	22961	1
A_HP_29	45	Pulse	99	3794575	39793	1
A_HP_29	46	Picture	response99	3805141	164	1	40230	1	0	40000	hit	247
A_HP_29	46	Pulse	99	3814575	9599	1
A_HP_29	46	Response	2	3815824	10847	1
A_HP_29	46	Pulse	99	3834575	29598	1
A_HP_29	46	Pulse	99	3854575	49599	1
A_HP_29	47	Picture	response98	3855433	253	1	40229	1	0	40000	hit	252
A_HP_29	47	Pulse	99	3874575	19396	1
A_HP_29	47	Response	2	3880954	25774	1
A_HP_29	47	Pulse	99	3894575	39395	1
A_HP_29	48	Picture	response102	3905558	180	1	40230	1	0	40000	hit	256
A_HP_29	48	Pulse	99	3914575	9197	1
A_HP_29	48	Response	1	3917493	12115	1
A_HP_29	48	Pulse	99	3934575	29197	1
A_HP_29	48	Pulse	99	3954575	49197	1
A_HP_29	49	Picture	response100	3955849	274	1	40229	1	0	40000	hit	261
A_HP_29	49	Pulse	99	3974575	19000	1
A_HP_29	49	Response	2	3975563	19988	1
A_HP_29	49	Pulse	99	3994575	38999	1
A_HP_29	50	Picture	response104	4005974	197	1	40229	1	0	40000	hit	265
A_HP_29	50	Pulse	99	4014575	8798	1
A_HP_29	50	Response	2	4021003	15227	1
A_HP_29	50	Pulse	99	4034575	28798	1
A_HP_29	50	Pulse	99	4054575	48798	1
A_HP_29	51	Picture	response97	4056099	120	1	40229	1	0	40000	hit	270
A_HP_29	51	Pulse	99	4074575	18596	1
A_HP_29	51	Response	1	4075443	19464	1
A_HP_29	51	Pulse	99	4094575	38596	1
A_HP_29	52	Picture	response101	4106390	212	1	40229	1	0	40000	hit	274
A_HP_29	52	Pulse	99	4114575	8397	1
A_HP_29	52	Response	1	4130963	24785	1
A_HP_29	52	Pulse	99	4134574	28396	1
A_HP_29	52	Pulse	99	4154575	48397	1
A_HP_29	53	Picture	ins5	4156682	303	1	30229	1	0	30000	other	0
A_HP_29	53	Pulse	99	4174575	18196	1
A_HP_29	53	Pulse	99	4194575	38195	1
A_HP_29	53	Pulse	99	4214575	58196	1
A_HP_29	53	Pulse	99	4234575	78196	1
A_HP_29	53	Pulse	99	4254575	98196	1
A_HP_29	53	Pulse	99	4274575	118196	1
A_HP_29	53	Pulse	99	4294575	138196	1
A_HP_29	53	Pulse	99	4314575	158196	1
A_HP_29	53	Pulse	99	4334575	178196	1
A_HP_29	53	Pulse	99	4354575	198196	1
A_HP_29	53	Pulse	99	4374575	218196	1
A_HP_29	53	Pulse	99	4394575	238196	1
A_HP_29	53	Pulse	99	4414575	258196	1
A_HP_29	53	Pulse	99	4434575	278196	1
A_HP_29	53	Pulse	99	4454575	298196	1
A_HP_29	54	Response	3	4474575	7966	1
A_HP_29	54	Pulse	99	4474575	7966	1
A_HP_29	55	Picture	response34	4475012	235	1	40229	1	0	40000	hit	296
A_HP_29	55	Response	1	4490953	16176	1
A_HP_29	55	Pulse	99	4494575	19797	1
A_HP_29	55	Pulse	99	4514575	39798	1
A_HP_29	56	Picture	response39	4525138	159	1	40229	1	0	40000	hit	300
A_HP_29	56	Response	2	4531653	6674	1
A_HP_29	56	Pulse	99	4534574	9595	1
A_HP_29	56	Pulse	99	4554575	29596	1
A_HP_29	56	Pulse	99	4574575	49596	1
A_HP_29	57	Picture	response35	4575430	255	1	40229	1	0	40000	hit	305
A_HP_29	57	Response	2	4581693	6519	1
A_HP_29	57	Pulse	99	4594575	19400	1
A_HP_29	57	Pulse	99	4614574	39400	1
A_HP_29	58	Picture	response38	4625555	178	1	40229	1	0	40000	hit	309
A_HP_29	58	Response	2	4631543	6167	1
A_HP_29	58	Pulse	99	4634574	9198	1
A_HP_29	58	Pulse	99	4654575	29198	1
A_HP_29	58	Pulse	99	4674575	49198	1
A_HP_29	59	Picture	response37	4675846	272	1	40229	1	0	40000	hit	314
A_HP_29	59	Response	1	4685313	9740	1
A_HP_29	59	Pulse	99	4694574	19001	1
A_HP_29	59	Pulse	99	4714575	39002	1
A_HP_29	60	Picture	response36	4725971	195	1	40229	1	0	40000	hit	318
A_HP_29	60	Response	1	4733573	7798	1
A_HP_29	60	Pulse	99	4734574	8799	1
A_HP_29	60	Pulse	99	4754575	28799	1
A_HP_29	60	Pulse	99	4774575	48799	1
A_HP_29	61	Picture	response40	4776096	117	1	40230	1	0	40000	hit	323
A_HP_29	61	Response	1	4783763	7785	1
A_HP_29	61	Pulse	99	4794574	18596	1
A_HP_29	61	Pulse	99	4814575	38596	1
A_HP_29	62	Picture	response33	4826387	211	1	40230	1	0	40000	hit	328
A_HP_29	62	Pulse	99	4834575	8399	1
A_HP_29	62	Response	2	4840823	14647	1
A_HP_29	62	Pulse	99	4854575	28399	1
A_HP_29	62	Pulse	99	4874575	48399	1
A_HP_29	63	Picture	ins23	4876679	303	1	30229	1	0	30000	other	0
A_HP_29	63	Pulse	99	4894575	18198	1
A_HP_29	63	Pulse	99	4914575	38198	1
A_HP_29	63	Pulse	99	4934575	58198	1
A_HP_29	63	Pulse	99	4954574	78198	1
A_HP_29	63	Pulse	99	4974574	98198	1
A_HP_29	63	Pulse	99	4994575	118198	1
A_HP_29	63	Pulse	99	5014575	138198	1
A_HP_29	63	Pulse	99	5034574	158198	1
A_HP_29	63	Pulse	99	5054575	178199	1
A_HP_29	63	Pulse	99	5074574	198198	1
A_HP_29	63	Pulse	99	5094575	218198	1
A_HP_29	63	Pulse	99	5114575	238198	1
A_HP_29	63	Pulse	99	5134575	258198	1
A_HP_29	63	Pulse	99	5154575	278198	1
A_HP_29	63	Pulse	99	5174575	298198	1
A_HP_29	64	Response	3	5194574	7968	1
A_HP_29	64	Pulse	99	5194574	7968	1
A_HP_29	65	Picture	response180	5195007	235	1	40229	1	0	40000	hit	351
A_HP_29	65	Pulse	99	5214574	19803	1
A_HP_29	65	Response	1	5215442	20671	1
A_HP_29	65	Pulse	99	5234575	39803	1
A_HP_29	66	Picture	response178	5245132	157	1	40229	1	0	40000	hit	355
A_HP_29	66	Pulse	99	5254574	9600	1
A_HP_29	66	Response	1	5272303	27329	1
A_HP_29	66	Pulse	99	5274574	29599	1
A_HP_29	66	Pulse	99	5294575	49600	1
A_HP_29	67	Picture	response183	5295423	244	1	40229	1	0	40000	hit	360
A_HP_29	67	Pulse	99	5314575	19396	1
A_HP_29	67	Response	2	5329553	34374	1
A_HP_29	67	Pulse	99	5334574	39395	1
A_HP_29	68	Picture	response179	5345548	173	1	40230	1	0	40000	incorrect	364
A_HP_29	68	Pulse	99	5354575	9200	1
A_HP_29	68	Response	2	5363553	18178	1
A_HP_29	68	Pulse	99	5374574	29200	1
A_HP_29	68	Pulse	99	5394574	49200	1
A_HP_29	69	Picture	response184	5395840	264	1	40229	1	0	40000	hit	369
A_HP_29	69	Pulse	99	5414574	18999	1
A_HP_29	69	Response	1	5420403	24828	1
A_HP_29	69	Pulse	99	5434574	38999	1
A_HP_29	70	Picture	response177	5445964	187	1	40229	1	0	40000	hit	374
A_HP_29	70	Pulse	99	5454574	8798	1
A_HP_29	70	Pulse	99	5474574	28798	1
A_HP_29	70	Response	1	5485883	40106	1
A_HP_29	70	Pulse	99	5494574	48797	1
A_HP_29	71	Picture	response182	5496089	116	1	40229	1	0	40000	incorrect	378
A_HP_29	71	Pulse	99	5514574	18602	1
A_HP_29	71	Response	2	5530143	34170	1
A_HP_29	71	Pulse	99	5534574	38601	1
A_HP_29	72	Picture	response181	5546380	203	1	40229	1	0	40000	incorrect	383
A_HP_29	72	Pulse	99	5554574	8397	1
A_HP_29	72	Pulse	99	5574574	28397	1
A_HP_29	72	Response	1	5583323	37146	1
A_HP_29	72	Pulse	99	5594574	48397	1
A_HP_29	73	Picture	ins9	5596671	293	1	30229	1	0	30000	other	0
A_HP_29	73	Pulse	99	5614574	18196	1
A_HP_29	73	Pulse	99	5634574	38196	1
A_HP_29	73	Pulse	99	5654574	58196	1
A_HP_29	73	Pulse	99	5674574	78196	1
A_HP_29	73	Pulse	99	5694574	98196	1
A_HP_29	73	Pulse	99	5714574	118196	1
A_HP_29	73	Pulse	99	5734574	138196	1
A_HP_29	73	Pulse	99	5754574	158196	1
A_HP_29	73	Pulse	99	5774574	178195	1
A_HP_29	73	Pulse	99	5794574	198196	1
A_HP_29	73	Pulse	99	5814574	218195	1
A_HP_29	73	Pulse	99	5834574	238196	1
A_HP_29	73	Pulse	99	5854574	258196	1
A_HP_29	73	Pulse	99	5874574	278196	1
A_HP_29	73	Pulse	99	5894574	298195	1
A_HP_29	74	Response	3	5914574	7965	1
A_HP_29	74	Pulse	99	5914574	7965	1
A_HP_29	75	Picture	response65	5915014	235	1	40229	1	0	40000	hit	405
A_HP_29	75	Pulse	99	5934574	19795	1
A_HP_29	75	Response	1	5942233	27454	1
A_HP_29	75	Pulse	99	5954574	39794	1
A_HP_29	76	Picture	response67	5965139	165	1	40396	1	0	40000	hit	409
A_HP_29	76	Pulse	99	5974574	9600	1
A_HP_29	76	Response	2	5982212	17238	1
A_HP_29	76	Pulse	99	5994574	29600	1
A_HP_29	76	Pulse	99	6014593	49619	1
A_HP_29	77	Picture	response72	6015431	258	1	40229	1	0	40000	hit	413
A_HP_29	77	Response	1	6033752	18580	1
A_HP_29	77	Pulse	99	6034573	19400	1
A_HP_29	77	Pulse	99	6054574	39401	1
A_HP_29	78	Picture	response69	6065556	183	1	40229	1	0	40000	hit	419
A_HP_29	78	Pulse	99	6074574	9202	1
A_HP_29	78	Pulse	99	6094574	29202	1
A_HP_29	78	Response	1	6101623	36250	1
A_HP_29	78	Pulse	99	6114574	49202	1
A_HP_29	79	Picture	response68	6115847	271	1	40229	1	0	40000	hit	423
A_HP_29	79	Pulse	99	6134574	18997	1
A_HP_29	79	Response	2	6144123	28546	1
A_HP_29	79	Pulse	99	6154574	38998	1
A_HP_29	80	Picture	response66	6165972	197	1	40396	1	0	40000	miss	0
A_HP_29	80	Pulse	99	6174574	8799	1
A_HP_29	80	Pulse	99	6194574	28799	1
A_HP_29	80	Pulse	99	6214574	48799	1
A_HP_29	81	Picture	response71	6216097	123	1	40229	1	0	40000	hit	431
A_HP_29	81	Pulse	99	6234574	18601	1
A_HP_29	81	Response	1	6241673	25699	1
A_HP_29	81	Pulse	99	6254574	38601	1
A_HP_29	82	Picture	response70	6266388	212	1	40229	1	0	40000	incorrect	436
A_HP_29	82	Pulse	99	6274574	8398	1
A_HP_29	82	Pulse	99	6294574	28397	1
A_HP_29	82	Response	1	6300742	34566	1
A_HP_29	82	Pulse	99	6314574	48397	1
A_HP_29	83	Picture	ins21	6316680	301	1	30229	1	0	30000	other	0
A_HP_29	83	Pulse	99	6334574	18195	1
A_HP_29	83	Pulse	99	6354574	38195	1
A_HP_29	83	Pulse	99	6374574	58195	1
A_HP_29	83	Pulse	99	6394574	78195	1
A_HP_29	83	Pulse	99	6414574	98194	1
A_HP_29	83	Pulse	99	6434574	118195	1
A_HP_29	83	Pulse	99	6454574	138194	1
A_HP_29	83	Pulse	99	6474574	158195	1
A_HP_29	83	Pulse	99	6494574	178195	1
A_HP_29	83	Pulse	99	6514574	198195	1
A_HP_29	83	Pulse	99	6534574	218194	1
A_HP_29	83	Pulse	99	6554574	238195	1
A_HP_29	83	Pulse	99	6574574	258195	1
A_HP_29	83	Pulse	99	6594574	278195	1
A_HP_29	83	Pulse	99	6614574	298194	1
A_HP_29	84	Response	3	6634574	7964	1
A_HP_29	84	Pulse	99	6634574	7964	1
A_HP_29	85	Picture	response166	6635008	236	1	40229	1	0	40000	incorrect	458
A_HP_29	85	Pulse	99	6654574	19802	1
A_HP_29	85	Response	2	6658732	23960	1
A_HP_29	85	Pulse	99	6674573	39801	1
A_HP_29	86	Picture	response165	6685133	157	1	40229	1	0	40000	hit	462
A_HP_29	86	Pulse	99	6694574	9598	1
A_HP_29	86	Response	2	6711142	26167	1
A_HP_29	86	Pulse	99	6714573	29598	1
A_HP_29	86	Pulse	99	6734573	49598	1
A_HP_29	87	Picture	response164	6735424	246	1	40229	1	0	40000	incorrect	467
A_HP_29	87	Pulse	99	6754574	19396	1
A_HP_29	87	Response	2	6756902	21724	1
A_HP_29	87	Pulse	99	6774574	39396	1
A_HP_29	88	Picture	response167	6785548	175	1	40229	1	0	40000	incorrect	472
A_HP_29	88	Pulse	99	6794574	9201	1
A_HP_29	88	Pulse	99	6814573	29201	1
A_HP_29	88	Response	1	6817632	32259	1
A_HP_29	88	Pulse	99	6834574	49201	1
A_HP_29	89	Picture	response168	6835839	263	1	40229	1	0	40000	incorrect	476
A_HP_29	89	Pulse	99	6854574	18997	1
A_HP_29	89	Response	1	6862182	26606	1
A_HP_29	89	Pulse	99	6874574	38997	1
A_HP_29	90	Picture	response161	6885964	187	1	40229	1	0	40000	hit	480
A_HP_29	90	Pulse	99	6894573	8797	1
A_HP_29	90	Response	1	6911652	25876	1
A_HP_29	90	Pulse	99	6914573	28796	1
A_HP_29	90	Pulse	99	6934573	48797	1
A_HP_29	91	Picture	response162	6936182	208	1	40228	1	0	40000	incorrect	485
A_HP_29	91	Pulse	99	6954573	18599	1
A_HP_29	91	Response	2	6970152	34178	1
A_HP_29	91	Pulse	99	6974574	38600	1
A_HP_29	92	Picture	response163	6986472	293	1	40229	1	0	40000	incorrect	490
A_HP_29	92	Pulse	99	6994574	8395	1
A_HP_29	92	Pulse	99	7014573	28395	1
A_HP_29	92	Response	1	7016992	30813	1
A_HP_29	92	Pulse	99	7034574	48395	1
A_HP_29	93	Picture	ins17	7036597	225	1	30123	1	0	30000	other	0
A_HP_29	93	Pulse	99	7054573	18202	1
A_HP_29	93	Pulse	99	7074574	38202	1
A_HP_29	93	Pulse	99	7094574	58202	1
A_HP_29	93	Pulse	99	7114574	78202	1
A_HP_29	93	Pulse	99	7134574	98202	1
A_HP_29	93	Pulse	99	7154574	118202	1
A_HP_29	93	Pulse	99	7174573	138202	1
A_HP_29	93	Pulse	99	7194574	158202	1
A_HP_29	93	Pulse	99	7214573	178201	1
A_HP_29	93	Pulse	99	7234573	198201	1
A_HP_29	93	Pulse	99	7254574	218202	1
A_HP_29	93	Pulse	99	7274573	238201	1
A_HP_29	93	Pulse	99	7294573	258202	1
A_HP_29	93	Pulse	99	7314573	278201	1
A_HP_29	93	Pulse	99	7334573	298201	1
A_HP_29	94	Response	3	7354573	7971	1
A_HP_29	94	Pulse	99	7354573	7971	1
A_HP_29	95	Picture	response134	7355006	236	1	40229	1	0	40000	hit	511
A_HP_29	95	Response	2	7369262	14492	1
A_HP_29	95	Pulse	99	7374573	19803	1
A_HP_29	95	Pulse	99	7394574	39804	1
A_HP_29	96	Picture	response129	7405131	151	1	40229	1	0	40000	hit	517
A_HP_29	96	Pulse	99	7414574	9594	1
A_HP_29	96	Pulse	99	7434574	29594	1
A_HP_29	96	Response	1	7439772	34792	1
A_HP_29	96	Pulse	99	7454573	49593	1
A_HP_29	97	Picture	response130	7455424	245	1	40229	1	0	40000	incorrect	521
A_HP_29	97	Pulse	99	7474573	19395	1
A_HP_29	97	Response	1	7481152	25973	1
A_HP_29	97	Pulse	99	7494573	39395	1
A_HP_29	98	Picture	response136	7505549	169	1	40229	1	0	40000	hit	525
A_HP_29	98	Pulse	99	7514574	9194	1
A_HP_29	98	Response	1	7526362	20983	1
A_HP_29	98	Pulse	99	7534573	29194	1
A_HP_29	98	Pulse	99	7554574	49194	1
A_HP_29	99	Picture	response132	7555840	262	1	40230	1	0	40000	incorrect	529
A_HP_29	99	Response	1	7568502	12924	1
A_HP_29	99	Pulse	99	7574573	18995	1
A_HP_29	99	Pulse	99	7594574	38995	1
A_HP_29	100	Picture	response133	7605965	186	1	40229	1	0	40000	hit	534
A_HP_29	100	Pulse	99	7614574	8795	1
A_HP_29	100	Response	1	7629982	24203	1
A_HP_29	100	Pulse	99	7634573	28794	1
A_HP_29	100	Pulse	99	7654573	48794	1
A_HP_29	101	Picture	response135	7656090	111	1	40229	1	0	40000	hit	539
A_HP_29	101	Pulse	99	7674574	18595	1
A_HP_29	101	Response	2	7683082	27103	1
A_HP_29	101	Pulse	99	7694573	38595	1
A_HP_29	102	Picture	response131	7706381	202	1	40229	1	0	40000	hit	543
A_HP_29	102	Pulse	99	7714573	8394	1
A_HP_29	102	Response	1	7730762	24583	1
A_HP_29	102	Pulse	99	7734573	28394	1
A_HP_29	102	Pulse	99	7754573	48394	1
A_HP_29	103	Picture	ins7	7756673	296	1	30229	1	0	30000	other	0
A_HP_29	103	Pulse	99	7774573	18196	1
A_HP_29	103	Pulse	99	7794573	38196	1
A_HP_29	103	Pulse	99	7814573	58196	1
A_HP_29	103	Pulse	99	7834573	78196	1
A_HP_29	103	Pulse	99	7854573	98196	1
A_HP_29	103	Pulse	99	7874573	118196	1
A_HP_29	103	Pulse	99	7894573	138196	1
A_HP_29	103	Pulse	99	7914573	158196	1
A_HP_29	103	Pulse	99	7934573	178196	1
A_HP_29	103	Pulse	99	7954573	198196	1
A_HP_29	103	Pulse	99	7974573	218196	1
A_HP_29	103	Pulse	99	7994573	238196	1
A_HP_29	103	Pulse	99	8014573	258196	1
A_HP_29	103	Pulse	99	8034573	278196	1
A_HP_29	103	Pulse	99	8054573	298196	1
A_HP_29	104	Response	3	8074574	7966	1
A_HP_29	104	Pulse	99	8074574	7966	1
A_HP_29	105	Picture	response56	8075007	234	1	40229	1	0	40000	hit	565
A_HP_29	105	Response	2	8089242	14469	1
A_HP_29	105	Pulse	99	8094573	19800	1
A_HP_29	105	Pulse	99	8114574	39800	1
A_HP_29	106	Picture	response49	8125132	161	1	40230	1	0	40000	hit	570
A_HP_29	106	Pulse	99	8134573	9602	1
A_HP_29	106	Response	2	8138551	13580	1
A_HP_29	106	Pulse	99	8154573	29602	1
A_HP_29	106	Pulse	99	8174573	49602	1
A_HP_29	107	Picture	response53	8175425	247	1	40229	1	0	40000	hit	574
A_HP_29	107	Response	1	8192262	17085	1
A_HP_29	107	Pulse	99	8194573	19395	1
A_HP_29	107	Pulse	99	8214573	39395	1
A_HP_29	108	Picture	response51	8225550	177	1	40229	1	0	40000	hit	579
A_HP_29	108	Pulse	99	8234573	9200	1
A_HP_29	108	Response	1	8249832	24459	1
A_HP_29	108	Pulse	99	8254573	29200	1
A_HP_29	108	Pulse	99	8274573	49200	1
A_HP_29	109	Picture	response55	8275841	267	1	40229	1	0	40000	hit	583
A_HP_29	109	Response	2	8292572	16999	1
A_HP_29	109	Pulse	99	8294573	18999	1
A_HP_29	109	Pulse	99	8314573	39000	1
A_HP_29	110	Picture	response54	8325965	190	1	40229	1	0	40000	hit	588
A_HP_29	110	Pulse	99	8334573	8797	1
A_HP_29	110	Response	1	8338742	12966	1
A_HP_29	110	Pulse	99	8354573	28798	1
A_HP_29	110	Pulse	99	8374573	48798	1
A_HP_29	111	Picture	response50	8376090	115	1	40229	1	0	40000	hit	592
A_HP_29	111	Response	2	8389952	13977	1
A_HP_29	111	Pulse	99	8394573	18597	1
A_HP_29	111	Pulse	99	8414573	38598	1
A_HP_29	112	Picture	response52	8426382	204	1	40229	1	0	40000	hit	597
A_HP_29	112	Pulse	99	8434573	8395	1
A_HP_29	112	Response	2	8441462	15284	1
A_HP_29	112	Pulse	99	8454573	28395	1
A_HP_29	112	Pulse	99	8474573	48395	1
A_HP_29	113	Picture	ins3	8476674	300	1	30229	1	0	30000	other	0
A_HP_29	113	Pulse	99	8494573	18200	1
A_HP_29	113	Pulse	99	8514573	38199	1
A_HP_29	113	Pulse	99	8534573	58199	1
A_HP_29	113	Pulse	99	8554493	78119	1
A_HP_29	113	Pulse	99	8574573	98199	1
A_HP_29	113	Pulse	99	8594573	118199	1
A_HP_29	113	Pulse	99	8614493	138119	1
A_HP_29	113	Pulse	99	8634573	158200	1
A_HP_29	113	Pulse	99	8654573	178199	1
A_HP_29	113	Pulse	99	8674493	198119	1
A_HP_29	113	Pulse	99	8694573	218199	1
A_HP_29	113	Pulse	99	8714573	238199	1
A_HP_29	113	Pulse	99	8734493	258119	1
A_HP_29	113	Pulse	99	8754573	278199	1
A_HP_29	113	Pulse	99	8774573	298199	1
A_HP_29	114	Response	3	8794573	7969	1
A_HP_29	114	Pulse	99	8794573	7969	1
A_HP_29	115	Picture	response19	8795011	235	1	40229	1	0	40000	hit	619
A_HP_29	115	Response	2	8804472	9696	1
A_HP_29	115	Pulse	99	8814573	19797	1
A_HP_29	115	Pulse	99	8834573	39797	1
A_HP_29	116	Picture	response20	8845137	166	1	40396	1	0	40000	hit	623
A_HP_29	116	Response	2	8852142	7171	1
A_HP_29	116	Pulse	99	8854572	9602	1
A_HP_29	116	Pulse	99	8874573	29603	1
A_HP_29	116	Pulse	99	8894591	49620	1
A_HP_29	117	Picture	response21	8895428	254	1	40229	1	0	40000	hit	628
A_HP_29	117	Response	1	8903182	8007	1
A_HP_29	117	Pulse	99	8914573	19398	1
A_HP_29	117	Pulse	99	8934573	39399	1
A_HP_29	118	Picture	response23	8945553	179	1	40229	1	0	40000	hit	632
A_HP_29	118	Response	2	8952311	6938	1
A_HP_29	118	Pulse	99	8954573	9199	1
A_HP_29	118	Pulse	99	8974573	29199	1
A_HP_29	118	Pulse	99	8994573	49199	1
A_HP_29	119	Picture	response22	8995844	271	1	40229	1	0	40000	hit	637
A_HP_29	119	Response	1	9002641	7068	1
A_HP_29	119	Pulse	99	9014573	19000	1
A_HP_29	119	Pulse	99	9034573	39000	1
A_HP_29	120	Picture	response18	9045969	198	1	40396	1	0	40000	hit	641
A_HP_29	120	Response	2	9054542	8771	1
A_HP_29	120	Pulse	99	9054572	8801	1
A_HP_29	120	Pulse	99	9074573	28802	1
A_HP_29	120	Pulse	99	9094573	48802	1
A_HP_29	121	Picture	response24	9096095	119	1	40229	1	0	40000	hit	646
A_HP_29	121	Response	2	9105492	9516	1
A_HP_29	121	Pulse	99	9114573	18597	1
A_HP_29	121	Pulse	99	9134573	38598	1
A_HP_29	122	Picture	response17	9146386	212	1	40229	1	0	40000	hit	650
A_HP_29	122	Response	2	9152671	6498	1
A_HP_29	122	Pulse	99	9154572	8399	1
A_HP_29	122	Pulse	99	9174573	28399	1
A_HP_29	122	Pulse	99	9194573	48399	1
A_HP_29	123	Picture	thanks	9196511	0	1	10229	1	0	10000	other	0
A_HP_29	123	Pulse	99	9214573	18062	1


Event Type	Code	Type	Response	RT	RT Uncertainty	Time	Uncertainty	Duration	Uncertainty	ReqTime	ReqDur

Picture	ready	other				494809	1	10396	1	0	10000
Picture	ins1	other				555405	1	30229	1	0	30000
Picture	response6	hit	2	15508	2	875208	1	40229	1	0	40000
Picture	response7	hit	2	12469	2	925666	1	40229	1	0	40000
Picture	response5	hit	2	14768	2	975957	1	40229	1	0	40000
Picture	response2	hit	1	10989	2	1026416	1	40229	1	0	40000
Picture	response8	hit	2	9878	2	1076707	1	40229	1	0	40000
Picture	response1	hit	2	10290	2	1127165	1	40229	1	0	40000
Picture	response3	hit	2	11232	2	1177623	1	40229	1	0	40000
Picture	response4	hit	1	9440	2	1227915	1	40229	1	0	40000
Picture	ins11	other				1278373	1	30229	1	0	30000
Picture	response83	hit	1	23785	2	1595210	1	40229	1	0	40000
Picture	response81	hit	2	16016	2	1645669	1	40229	1	0	40000
Picture	response87	hit	1	13084	2	1695960	1	40229	1	0	40000
Picture	response84	hit	1	11096	2	1746418	1	40229	1	0	40000
Picture	response86	hit	1	28285	2	1796710	1	40229	1	0	40000
Picture	response82	hit	2	14866	2	1847168	1	40229	1	0	40000
Picture	response85	hit	2	35828	2	1897626	1	40230	1	0	40000
Picture	response88	hit	2	15767	2	1947918	1	40229	1	0	40000
Picture	ins15	other				1998376	1	30229	1	0	30000
Picture	response114	hit	2	32388	2	2315207	1	40229	1	0	40000
Picture	response116	hit	1	24990	2	2365664	1	40229	1	0	40000
Picture	response119	hit	1	29989	2	2415956	1	40229	1	0	40000
Picture	response118	hit	1	22881	2	2466413	1	40229	1	0	40000
Picture	response115	hit	2	27010	2	2516704	1	40229	1	0	40000
Picture	response120	hit	1	29481	2	2567163	1	40229	1	0	40000
Picture	response113	hit	2	30550	2	2617455	1	40229	1	0	40000
Picture	response117	hit	2	15615	2	2667579	1	40229	1	0	40000
Picture	ins19	other				2717704	1	30230	1	0	30000
Picture	response148	hit	1	20510	2	3035014	1	40230	1	0	40000
Picture	response152	hit	1	15804	2	3085140	1	40396	1	0	40000
Picture	response151	hit	1	24392	2	3135432	1	40229	1	0	40000
Picture	response150	hit	2	34918	2	3185556	1	40229	1	0	40000
Picture	response146	incorrect	2	14337	2	3235847	1	40229	1	0	40000
Picture	response145	incorrect	2	46571	2	3285972	1	40396	1	0	40000
Picture	response147	incorrect	1	31256	2	3336098	1	40229	1	0	40000
Picture	response149	hit	1	36764	2	3386389	1	40229	1	0	40000
Picture	ins13	other				3436680	1	30229	1	0	30000
Picture	response103	hit	1	22728	2	3755016	1	40229	1	0	40000
Picture	response99	hit	2	10683	2	3805141	1	40230	1	0	40000
Picture	response98	hit	2	25521	2	3855433	1	40229	1	0	40000
Picture	response102	hit	1	11936	2	3905558	1	40230	1	0	40000
Picture	response100	hit	2	19714	2	3955849	1	40229	1	0	40000
Picture	response104	hit	2	15030	2	4005974	1	40229	1	0	40000
Picture	response97	hit	1	19344	2	4056099	1	40229	1	0	40000
Picture	response101	hit	1	24573	2	4106390	1	40229	1	0	40000
Picture	ins5	other				4156682	1	30229	1	0	30000
Picture	response34	hit	1	15941	2	4475012	1	40229	1	0	40000
Picture	response39	hit	2	6516	2	4525138	1	40229	1	0	40000
Picture	response35	hit	2	6264	2	4575430	1	40229	1	0	40000
Picture	response38	hit	2	5989	2	4625555	1	40229	1	0	40000
Picture	response37	hit	1	9468	2	4675846	1	40229	1	0	40000
Picture	response36	hit	1	7603	2	4725971	1	40229	1	0	40000
Picture	response40	hit	1	7667	2	4776096	1	40230	1	0	40000
Picture	response33	hit	2	14436	2	4826387	1	40230	1	0	40000
Picture	ins23	other				4876679	1	30229	1	0	30000
Picture	response180	hit	1	20436	2	5195007	1	40229	1	0	40000
Picture	response178	hit	1	27171	2	5245132	1	40229	1	0	40000
Picture	response183	hit	2	34131	2	5295423	1	40229	1	0	40000
Picture	response179	incorrect	2	18005	2	5345548	1	40230	1	0	40000
Picture	response184	hit	1	24564	2	5395840	1	40229	1	0	40000
Picture	response177	hit	1	39919	2	5445964	1	40229	1	0	40000
Picture	response182	incorrect	2	34054	2	5496089	1	40229	1	0	40000
Picture	response181	incorrect	1	36943	2	5546380	1	40229	1	0	40000
Picture	ins9	other				5596671	1	30229	1	0	30000
Picture	response65	hit	1	27219	2	5915014	1	40229	1	0	40000
Picture	response67	hit	2	17073	2	5965139	1	40396	1	0	40000
Picture	response72	hit	1	18322	2	6015431	1	40229	1	0	40000
Picture	response69	hit	1	36067	2	6065556	1	40229	1	0	40000
Picture	response68	hit	2	28275	2	6115847	1	40229	1	0	40000
Picture	response66	miss				6165972	1	40396	1	0	40000
Picture	response71	hit	1	25576	2	6216097	1	40229	1	0	40000
Picture	response70	incorrect	1	34354	2	6266388	1	40229	1	0	40000
Picture	ins21	other				6316680	1	30229	1	0	30000
Picture	response166	incorrect	2	23724	2	6635008	1	40229	1	0	40000
Picture	response165	hit	2	26009	2	6685133	1	40229	1	0	40000
Picture	response164	incorrect	2	21478	2	6735424	1	40229	1	0	40000
Picture	response167	incorrect	1	32084	2	6785548	1	40229	1	0	40000
Picture	response168	incorrect	1	26343	2	6835839	1	40229	1	0	40000
Picture	response161	hit	1	25688	2	6885964	1	40229	1	0	40000
Picture	response162	incorrect	2	33970	2	6936182	1	40228	1	0	40000
Picture	response163	incorrect	1	30520	2	6986472	1	40229	1	0	40000
Picture	ins17	other				7036597	1	30123	1	0	30000
Picture	response134	hit	2	14256	2	7355006	1	40229	1	0	40000
Picture	response129	hit	1	34641	2	7405131	1	40229	1	0	40000
Picture	response130	incorrect	1	25728	2	7455424	1	40229	1	0	40000
Picture	response136	hit	1	20814	2	7505549	1	40229	1	0	40000
Picture	response132	incorrect	1	12662	2	7555840	1	40230	1	0	40000
Picture	response133	hit	1	24017	2	7605965	1	40229	1	0	40000
Picture	response135	hit	2	26992	2	7656090	1	40229	1	0	40000
Picture	response131	hit	1	24381	2	7706381	1	40229	1	0	40000
Picture	ins7	other				7756673	1	30229	1	0	30000
Picture	response56	hit	2	14235	2	8075007	1	40229	1	0	40000
Picture	response49	hit	2	13419	2	8125132	1	40230	1	0	40000
Picture	response53	hit	1	16838	2	8175425	1	40229	1	0	40000
Picture	response51	hit	1	24282	2	8225550	1	40229	1	0	40000
Picture	response55	hit	2	16731	2	8275841	1	40229	1	0	40000
Picture	response54	hit	1	12776	2	8325965	1	40229	1	0	40000
Picture	response50	hit	2	13862	2	8376090	1	40229	1	0	40000
Picture	response52	hit	2	15080	2	8426382	1	40229	1	0	40000
Picture	ins3	other				8476674	1	30229	1	0	30000
Picture	response19	hit	2	9460	2	8795011	1	40229	1	0	40000
Picture	response20	hit	2	7005	2	8845137	1	40396	1	0	40000
Picture	response21	hit	1	7753	2	8895428	1	40229	1	0	40000
Picture	response23	hit	2	6759	2	8945553	1	40229	1	0	40000
Picture	response22	hit	1	6797	2	8995844	1	40229	1	0	40000
Picture	response18	hit	2	8573	2	9045969	1	40396	1	0	40000
Picture	response24	hit	2	9397	2	9096095	1	40229	1	0	40000
Picture	response17	hit	2	6286	2	9146386	1	40229	1	0	40000
Picture	thanks	other				9196511	1	10229	1	0	10000


{
   "app": "Presentation Version 21.0 Build 06.06.19",
   "device": "LENOVO 20KHCTO1WW",
   "experiment": "{A2FC4E2A-B401-4E65-9CA9-5B09E294C871}",
   "os": "Windows 10 64 bit",
   "package": "",
   "parameters": {
      "configuration": "Default configuration"
   },
   "scenario": "Dimension experiment(1).sce",
   "subject": "A_HP_29",
   "timestamp": "2019/11/07 07:02:37 GMT"
}
