Scenario - 
Logfile written - 01/17/2020 13:51:51

Subject	Trial	Event Type	Code	Time	TTime	Uncertainty	Duration	Uncertainty	ReqTime	ReqDur	Stim Type	Pair Index

A_HP_48	1	Response	3	954941	953775	1
A_HP_48	1	Pulse	99	954941	953775	1
A_HP_48	2	Picture	ready	955068	0	1	10162	1	0	10000	other	0
A_HP_48	2	Pulse	99	974941	19874	1
A_HP_48	2	Pulse	99	994942	39874	1
A_HP_48	2	Pulse	99	1014941	59873	1
A_HP_48	3	Picture	ins23	1015540	82	1	30153	1	0	30000	other	0
A_HP_48	3	Pulse	99	1034941	19482	1
A_HP_48	3	Pulse	99	1054941	39482	1
A_HP_48	3	Pulse	99	1074941	59482	1
A_HP_48	3	Pulse	99	1094941	79482	1
A_HP_48	3	Pulse	99	1114941	99483	1
A_HP_48	3	Pulse	99	1134941	119483	1
A_HP_48	3	Pulse	99	1154941	139482	1
A_HP_48	3	Pulse	99	1174940	159481	1
A_HP_48	3	Pulse	99	1194941	179482	1
A_HP_48	3	Pulse	99	1214941	199483	1
A_HP_48	3	Pulse	99	1234941	219482	1
A_HP_48	3	Pulse	99	1254941	239482	1
A_HP_48	3	Pulse	99	1274941	259482	1
A_HP_48	3	Pulse	99	1294941	279482	1
A_HP_48	3	Pulse	99	1314941	299483	1
A_HP_48	4	Response	3	1334941	9375	1
A_HP_48	4	Pulse	99	1334941	9375	1
A_HP_48	5	Picture	response181	1335396	37	1	40148	1	0	40000	hit	27
A_HP_48	5	Pulse	99	1354941	19582	1
A_HP_48	5	Response	2	1361130	25771	1
A_HP_48	5	Pulse	99	1374941	39582	1
A_HP_48	6	Picture	response184	1385873	114	1	40148	1	0	40000	hit	31
A_HP_48	6	Pulse	99	1394941	9182	1
A_HP_48	6	Response	1	1406980	21221	1
A_HP_48	6	Pulse	99	1414941	29182	1
A_HP_48	6	Pulse	99	1434941	49182	1
A_HP_48	7	Picture	response183	1436350	191	1	40148	1	0	40000	hit	36
A_HP_48	7	Pulse	99	1454941	18783	1
A_HP_48	7	Response	2	1464660	28501	1
A_HP_48	7	Pulse	99	1474941	38782	1
A_HP_48	8	Picture	response179	1486661	102	1	40149	1	0	40000	hit	40
A_HP_48	8	Pulse	99	1494941	8382	1
A_HP_48	8	Response	1	1500920	14361	1
A_HP_48	8	Pulse	99	1514940	28382	1
A_HP_48	8	Pulse	99	1534941	48382	1
A_HP_48	9	Picture	response182	1537138	179	1	40148	1	0	40000	hit	45
A_HP_48	9	Pulse	99	1554941	17982	1
A_HP_48	9	Response	1	1559190	22231	1
A_HP_48	9	Pulse	99	1574941	37983	1
A_HP_48	10	Picture	response177	1587448	89	1	40149	1	0	40000	hit	50
A_HP_48	10	Pulse	99	1594941	7582	1
A_HP_48	10	Pulse	99	1614941	27582	1
A_HP_48	10	Response	1	1615829	28470	1
A_HP_48	10	Pulse	99	1634941	47582	1
A_HP_48	11	Picture	response178	1637925	166	1	40149	1	0	40000	hit	54
A_HP_48	11	Pulse	99	1654941	17182	1
A_HP_48	11	Response	1	1673000	35241	1
A_HP_48	11	Pulse	99	1674941	37182	1
A_HP_48	12	Picture	response180	1688236	77	1	40148	1	0	40000	hit	58
A_HP_48	12	Pulse	99	1694941	6783	1
A_HP_48	12	Response	1	1713170	25011	1
A_HP_48	12	Pulse	99	1714940	26781	1
A_HP_48	12	Pulse	99	1734942	46783	1
A_HP_48	13	Picture	ins15	1738713	154	1	30153	1	0	30000	other	0
A_HP_48	13	Pulse	99	1754942	16383	1
A_HP_48	13	Pulse	99	1774941	36382	1
A_HP_48	13	Pulse	99	1794941	56382	1
A_HP_48	13	Pulse	99	1814941	76382	1
A_HP_48	13	Pulse	99	1834941	96382	1
A_HP_48	13	Pulse	99	1854942	116382	1
A_HP_48	13	Pulse	99	1874941	136382	1
A_HP_48	13	Pulse	99	1894941	156382	1
A_HP_48	13	Pulse	99	1914941	176382	1
A_HP_48	13	Pulse	99	1934940	196381	1
A_HP_48	13	Pulse	99	1954942	216383	1
A_HP_48	13	Pulse	99	1974941	236382	1
A_HP_48	13	Pulse	99	1994941	256382	1
A_HP_48	13	Pulse	99	2014941	276382	1
A_HP_48	13	Pulse	99	2034942	296383	1
A_HP_48	14	Response	3	2054942	6202	1
A_HP_48	14	Pulse	99	2054942	6202	1
A_HP_48	15	Picture	response113	2055403	44	1	40149	1	0	40000	hit	81
A_HP_48	15	Pulse	99	2074942	19582	1
A_HP_48	15	Response	2	2080570	25211	1
A_HP_48	15	Pulse	99	2094941	39582	1
A_HP_48	16	Picture	response118	2105880	121	1	40149	1	0	40000	hit	85
A_HP_48	16	Pulse	99	2114942	9182	1
A_HP_48	16	Response	1	2122100	16341	1
A_HP_48	16	Pulse	99	2134942	29183	1
A_HP_48	16	Pulse	99	2154942	49182	1
A_HP_48	17	Picture	response115	2156357	198	1	40149	1	0	40000	hit	90
A_HP_48	17	Pulse	99	2174941	18782	1
A_HP_48	17	Response	2	2178240	22081	1
A_HP_48	17	Pulse	99	2194941	38782	1
A_HP_48	18	Picture	response119	2206668	109	1	40149	1	0	40000	hit	94
A_HP_48	18	Pulse	99	2214942	8382	1
A_HP_48	18	Response	1	2224190	17631	1
A_HP_48	18	Pulse	99	2234942	28382	1
A_HP_48	18	Pulse	99	2254941	48382	1
A_HP_48	19	Picture	response120	2257145	186	1	40148	1	0	40000	hit	99
A_HP_48	19	Pulse	99	2274941	17982	1
A_HP_48	19	Response	1	2275280	18320	1
A_HP_48	19	Pulse	99	2294941	37982	1
A_HP_48	20	Picture	response116	2307456	97	1	40148	1	0	40000	hit	103
A_HP_48	20	Pulse	99	2314941	7582	1
A_HP_48	20	Response	1	2323420	16061	1
A_HP_48	20	Pulse	99	2334862	27502	1
A_HP_48	20	Pulse	99	2354942	47582	1
A_HP_48	21	Picture	response114	2357933	173	1	40149	1	0	40000	hit	108
A_HP_48	21	Pulse	99	2374942	17182	1
A_HP_48	21	Response	2	2375160	17401	1
A_HP_48	21	Pulse	99	2394862	37103	1
A_HP_48	22	Picture	response117	2408244	84	1	40148	1	0	40000	hit	112
A_HP_48	22	Pulse	99	2414941	6782	1
A_HP_48	22	Response	2	2427320	19161	1
A_HP_48	22	Pulse	99	2434942	26782	1
A_HP_48	22	Pulse	99	2454941	46782	1
A_HP_48	23	Picture	ins3	2458721	161	1	30153	1	0	30000	other	0
A_HP_48	23	Pulse	99	2474942	16382	1
A_HP_48	23	Pulse	99	2494942	36383	1
A_HP_48	23	Pulse	99	2514941	56382	1
A_HP_48	23	Pulse	99	2534942	76382	1
A_HP_48	23	Pulse	99	2554941	96382	1
A_HP_48	23	Pulse	99	2574941	116382	1
A_HP_48	23	Pulse	99	2594942	136382	1
A_HP_48	23	Pulse	99	2614942	156382	1
A_HP_48	23	Pulse	99	2634942	176383	1
A_HP_48	23	Pulse	99	2654942	196382	1
A_HP_48	23	Pulse	99	2674941	216382	1
A_HP_48	23	Pulse	99	2694942	236382	1
A_HP_48	23	Pulse	99	2714942	256382	1
A_HP_48	23	Pulse	99	2734942	276382	1
A_HP_48	23	Pulse	99	2754942	296382	1
A_HP_48	24	Response	3	2774941	6194	1
A_HP_48	24	Pulse	99	2774941	6194	1
A_HP_48	25	Picture	response20	2775411	51	1	40149	1	0	40000	hit	134
A_HP_48	25	Response	2	2784831	9472	1
A_HP_48	25	Pulse	99	2794942	19582	1
A_HP_48	25	Pulse	99	2814942	39582	1
A_HP_48	26	Picture	response23	2825888	128	1	40149	1	0	40000	hit	138
A_HP_48	26	Response	2	2831650	5891	1
A_HP_48	26	Pulse	99	2834862	9102	1
A_HP_48	26	Pulse	99	2854942	29182	1
A_HP_48	26	Pulse	99	2874942	49182	1
A_HP_48	27	Picture	response24	2876365	205	1	40148	1	0	40000	hit	143
A_HP_48	27	Response	2	2881641	5481	1
A_HP_48	27	Pulse	99	2894862	18702	1
A_HP_48	27	Pulse	99	2914942	38782	1
A_HP_48	28	Picture	response21	2926676	116	1	40149	1	0	40000	hit	147
A_HP_48	28	Response	1	2933811	7251	1
A_HP_48	28	Pulse	99	2934942	8382	1
A_HP_48	28	Pulse	99	2954862	28302	1
A_HP_48	28	Pulse	99	2974942	48382	1
A_HP_48	29	Picture	response19	2977153	193	1	40149	1	0	40000	hit	152
A_HP_48	29	Response	2	2982861	5901	1
A_HP_48	29	Pulse	99	2994942	17982	1
A_HP_48	29	Pulse	99	3014862	37903	1
A_HP_48	30	Picture	response18	3027463	104	1	40148	1	0	40000	hit	157
A_HP_48	30	Pulse	99	3034942	7582	1
A_HP_48	30	Response	2	3037390	10031	1
A_HP_48	30	Pulse	99	3054941	27582	1
A_HP_48	30	Pulse	99	3074863	47503	1
A_HP_48	31	Picture	response22	3077941	181	1	40148	1	0	40000	hit	161
A_HP_48	31	Response	1	3085101	7341	1
A_HP_48	31	Pulse	99	3094942	17182	1
A_HP_48	31	Pulse	99	3114942	37182	1
A_HP_48	32	Picture	response17	3128251	91	1	40148	1	0	40000	hit	165
A_HP_48	32	Response	2	3133681	5521	1
A_HP_48	32	Pulse	99	3134862	6702	1
A_HP_48	32	Pulse	99	3154942	26782	1
A_HP_48	32	Pulse	99	3174942	46783	1
A_HP_48	33	Picture	ins7	3178728	168	1	30153	1	0	30000	other	0
A_HP_48	33	Pulse	99	3194862	16302	1
A_HP_48	33	Pulse	99	3214942	36382	1
A_HP_48	33	Pulse	99	3234942	56382	1
A_HP_48	33	Pulse	99	3254862	76302	1
A_HP_48	33	Pulse	99	3274941	96382	1
A_HP_48	33	Pulse	99	3294942	116382	1
A_HP_48	33	Pulse	99	3314863	136303	1
A_HP_48	33	Pulse	99	3334942	156383	1
A_HP_48	33	Pulse	99	3354942	176382	1
A_HP_48	33	Pulse	99	3374862	196302	1
A_HP_48	33	Pulse	99	3394862	216302	1
A_HP_48	33	Pulse	99	3414942	236382	1
A_HP_48	33	Pulse	99	3434862	256303	1
A_HP_48	33	Pulse	99	3454862	276302	1
A_HP_48	33	Pulse	99	3474943	296383	1
A_HP_48	34	Response	3	3494862	6108	1
A_HP_48	34	Pulse	99	3494862	6108	1
A_HP_48	35	Picture	response55	3495418	158	1	40149	1	0	40000	hit	188
A_HP_48	35	Response	2	3511581	16321	1
A_HP_48	35	Pulse	99	3514862	19602	1
A_HP_48	35	Pulse	99	3534943	39683	1
A_HP_48	36	Picture	response56	3545729	69	1	40148	1	0	40000	hit	193
A_HP_48	36	Pulse	99	3554862	9202	1
A_HP_48	36	Response	2	3560721	15061	1
A_HP_48	36	Pulse	99	3574862	29202	1
A_HP_48	36	Pulse	99	3594942	49282	1
A_HP_48	37	Picture	response53	3596206	146	1	40149	1	0	40000	hit	197
A_HP_48	37	Response	1	3608271	12211	1
A_HP_48	37	Pulse	99	3614942	18881	1
A_HP_48	37	Pulse	99	3634862	38802	1
A_HP_48	38	Picture	response51	3646517	57	1	40148	1	0	40000	hit	202
A_HP_48	38	Pulse	99	3654942	8482	1
A_HP_48	38	Response	1	3660871	14411	1
A_HP_48	38	Pulse	99	3674942	28482	1
A_HP_48	38	Pulse	99	3694862	48402	1
A_HP_48	39	Picture	response49	3696994	134	1	40149	1	0	40000	hit	206
A_HP_48	39	Response	2	3711431	14571	1
A_HP_48	39	Pulse	99	3714942	18082	1
A_HP_48	39	Pulse	99	3734942	38082	1
A_HP_48	40	Picture	response52	3747304	44	1	40148	1	0	40000	incorrect	211
A_HP_48	40	Pulse	99	3754862	7602	1
A_HP_48	40	Response	1	3763321	16061	1
A_HP_48	40	Pulse	99	3774943	27682	1
A_HP_48	40	Pulse	99	3794942	47682	1
A_HP_48	41	Picture	response54	3797782	121	1	40148	1	0	40000	hit	215
A_HP_48	41	Response	1	3806251	8591	1
A_HP_48	41	Pulse	99	3814862	17202	1
A_HP_48	41	Pulse	99	3834942	37282	1
A_HP_48	42	Picture	response50	3848259	198	1	40148	1	0	40000	hit	220
A_HP_48	42	Pulse	99	3854943	6882	1
A_HP_48	42	Response	2	3862101	14041	1
A_HP_48	42	Pulse	99	3874863	26802	1
A_HP_48	42	Pulse	99	3894942	46882	1
A_HP_48	43	Picture	ins19	3898569	109	1	30153	1	0	30000	other	0
A_HP_48	43	Pulse	99	3914943	16482	1
A_HP_48	43	Pulse	99	3934863	36402	1
A_HP_48	43	Pulse	99	3954862	56402	1
A_HP_48	43	Pulse	99	3974943	76482	1
A_HP_48	43	Pulse	99	3994862	96402	1
A_HP_48	43	Pulse	99	4014862	116402	1
A_HP_48	43	Pulse	99	4034943	136482	1
A_HP_48	43	Pulse	99	4054862	156402	1
A_HP_48	43	Pulse	99	4074863	176402	1
A_HP_48	43	Pulse	99	4094943	196482	1
A_HP_48	43	Pulse	99	4114863	216402	1
A_HP_48	43	Pulse	99	4134863	236403	1
A_HP_48	43	Pulse	99	4154943	256483	1
A_HP_48	43	Pulse	99	4174862	276402	1
A_HP_48	43	Pulse	99	4194863	296402	1
A_HP_48	44	Response	3	4214943	6347	1
A_HP_48	44	Pulse	99	4214943	6347	1
A_HP_48	45	Picture	response147	4215426	66	1	40148	1	0	40000	incorrect	242
A_HP_48	45	Response	1	4233891	18531	1
A_HP_48	45	Pulse	99	4234862	19502	1
A_HP_48	45	Pulse	99	4254863	39502	1
A_HP_48	46	Picture	response152	4265903	143	1	40148	1	0	40000	hit	247
A_HP_48	46	Pulse	99	4274942	9182	1
A_HP_48	46	Response	1	4289171	23411	1
A_HP_48	46	Pulse	99	4294863	29102	1
A_HP_48	46	Pulse	99	4314863	49102	1
A_HP_48	47	Picture	response150	4316214	53	1	40149	1	0	40000	hit	252
A_HP_48	47	Pulse	99	4334942	18782	1
A_HP_48	47	Response	2	4337911	21751	1
A_HP_48	47	Pulse	99	4354863	38702	1
A_HP_48	48	Picture	response146	4366691	130	1	40149	1	0	40000	hit	256
A_HP_48	48	Pulse	99	4374863	8302	1
A_HP_48	48	Response	1	4385702	19141	1
A_HP_48	48	Pulse	99	4394943	28382	1
A_HP_48	48	Pulse	99	4414863	48302	1
A_HP_48	49	Picture	response145	4417168	208	1	40148	1	0	40000	hit	260
A_HP_48	49	Response	1	4430201	13241	1
A_HP_48	49	Pulse	99	4434863	17902	1
A_HP_48	49	Pulse	99	4454943	37982	1
A_HP_48	50	Picture	response149	4467479	118	1	40149	1	0	40000	hit	265
A_HP_48	50	Pulse	99	4474863	7502	1
A_HP_48	50	Response	1	4488352	20991	1
A_HP_48	50	Pulse	99	4494863	27502	1
A_HP_48	50	Pulse	99	4514863	47502	1
A_HP_48	51	Picture	response148	4517956	195	1	40149	1	0	40000	hit	270
A_HP_48	51	Pulse	99	4534863	17102	1
A_HP_48	51	Response	1	4546952	29191	1
A_HP_48	51	Pulse	99	4554863	37102	1
A_HP_48	52	Picture	response151	4568266	106	1	40148	1	0	40000	hit	274
A_HP_48	52	Pulse	99	4574863	6702	1
A_HP_48	52	Response	1	4584652	16491	1
A_HP_48	52	Pulse	99	4594863	26702	1
A_HP_48	52	Pulse	99	4614863	46702	1
A_HP_48	53	Picture	ins11	4618743	183	1	30153	1	0	30000	other	0
A_HP_48	53	Pulse	99	4634863	16302	1
A_HP_48	53	Pulse	99	4654863	36302	1
A_HP_48	53	Pulse	99	4674863	56302	1
A_HP_48	53	Pulse	99	4694863	76302	1
A_HP_48	53	Pulse	99	4714864	96303	1
A_HP_48	53	Pulse	99	4734863	116302	1
A_HP_48	53	Pulse	99	4754863	136302	1
A_HP_48	53	Pulse	99	4774943	156383	1
A_HP_48	53	Pulse	99	4794863	176302	1
A_HP_48	53	Pulse	99	4814863	196302	1
A_HP_48	53	Pulse	99	4834943	216382	1
A_HP_48	53	Pulse	99	4854863	236302	1
A_HP_48	53	Pulse	99	4874864	256303	1
A_HP_48	53	Pulse	99	4894943	276382	1
A_HP_48	53	Pulse	99	4914863	296302	1
A_HP_48	54	Response	3	4934863	6260	1
A_HP_48	54	Pulse	99	4934863	6260	1
A_HP_48	55	Picture	response84	4935434	173	1	40149	1	0	40000	hit	296
A_HP_48	55	Response	1	4953682	18421	1
A_HP_48	55	Pulse	99	4954943	19683	1
A_HP_48	55	Pulse	99	4974863	39602	1
A_HP_48	56	Picture	response88	4985744	83	1	40149	1	0	40000	hit	301
A_HP_48	56	Pulse	99	4994863	9202	1
A_HP_48	56	Response	2	4998932	13271	1
A_HP_48	56	Pulse	99	5014943	29282	1
A_HP_48	56	Pulse	99	5034863	49202	1
A_HP_48	57	Picture	response82	5036221	160	1	40149	1	0	40000	hit	306
A_HP_48	57	Pulse	99	5054863	18802	1
A_HP_48	57	Response	2	5059992	23931	1
A_HP_48	57	Pulse	99	5074863	38802	1
A_HP_48	58	Picture	response81	5086532	71	1	40149	1	0	40000	hit	310
A_HP_48	58	Pulse	99	5094863	8402	1
A_HP_48	58	Response	2	5101962	15501	1
A_HP_48	58	Pulse	99	5114863	28402	1
A_HP_48	58	Pulse	99	5134863	48402	1
A_HP_48	59	Picture	response83	5137009	148	1	40148	1	0	40000	hit	315
A_HP_48	59	Pulse	99	5154863	18002	1
A_HP_48	59	Response	1	5159402	22541	1
A_HP_48	59	Pulse	99	5174863	38002	1
A_HP_48	60	Picture	response85	5187486	225	1	40149	1	0	40000	hit	319
A_HP_48	60	Pulse	99	5194863	7602	1
A_HP_48	60	Response	2	5210662	23401	1
A_HP_48	60	Pulse	99	5214863	27602	1
A_HP_48	60	Pulse	99	5234863	47602	1
A_HP_48	61	Picture	response86	5237797	136	1	40148	1	0	40000	hit	324
A_HP_48	61	Pulse	99	5254863	17202	1
A_HP_48	61	Response	1	5259112	21451	1
A_HP_48	61	Pulse	99	5274863	37202	1
A_HP_48	62	Picture	response87	5288274	213	1	40148	1	0	40000	hit	328
A_HP_48	62	Pulse	99	5294864	6803	1
A_HP_48	62	Response	1	5306352	18291	1
A_HP_48	62	Pulse	99	5314863	26802	1
A_HP_48	62	Pulse	99	5334863	46802	1
A_HP_48	63	Picture	ins9	5338585	123	1	30153	1	0	30000	other	0
A_HP_48	63	Pulse	99	5354863	16402	1
A_HP_48	63	Pulse	99	5374863	36402	1
A_HP_48	63	Pulse	99	5394863	56402	1
A_HP_48	63	Pulse	99	5414863	76402	1
A_HP_48	63	Pulse	99	5434863	96402	1
A_HP_48	63	Pulse	99	5454864	116403	1
A_HP_48	63	Pulse	99	5474864	136403	1
A_HP_48	63	Pulse	99	5494863	156402	1
A_HP_48	63	Pulse	99	5514863	176402	1
A_HP_48	63	Pulse	99	5534863	196402	1
A_HP_48	63	Pulse	99	5554863	216402	1
A_HP_48	63	Pulse	99	5574863	236402	1
A_HP_48	63	Pulse	99	5594864	256402	1
A_HP_48	63	Pulse	99	5614864	276402	1
A_HP_48	63	Pulse	99	5634863	296402	1
A_HP_48	64	Response	3	5654863	6252	1
A_HP_48	64	Pulse	99	5654863	6252	1
A_HP_48	65	Picture	response70	5655441	180	1	40148	1	0	40000	hit	350
A_HP_48	65	Response	2	5673162	17901	1
A_HP_48	65	Pulse	99	5674863	19602	1
A_HP_48	65	Pulse	99	5694863	39602	1
A_HP_48	66	Picture	response66	5705752	90	1	40149	1	0	40000	hit	355
A_HP_48	66	Pulse	99	5714864	9202	1
A_HP_48	66	Response	1	5718802	13141	1
A_HP_48	66	Pulse	99	5734863	29202	1
A_HP_48	66	Pulse	99	5754863	49202	1
A_HP_48	67	Picture	response69	5756229	167	1	40149	1	0	40000	hit	360
A_HP_48	67	Pulse	99	5774863	18802	1
A_HP_48	67	Response	1	5778002	21941	1
A_HP_48	67	Pulse	99	5794864	38802	1
A_HP_48	68	Picture	response67	5806539	78	1	40149	1	0	40000	hit	364
A_HP_48	68	Pulse	99	5814863	8402	1
A_HP_48	68	Response	2	5820512	14051	1
A_HP_48	68	Pulse	99	5834863	28402	1
A_HP_48	68	Pulse	99	5854863	48402	1
A_HP_48	69	Picture	response72	5857017	155	1	40149	1	0	40000	hit	368
A_HP_48	69	Response	1	5873752	16891	1
A_HP_48	69	Pulse	99	5874863	18002	1
A_HP_48	69	Pulse	99	5894864	38002	1
A_HP_48	70	Picture	response71	5907327	66	1	40148	1	0	40000	hit	373
A_HP_48	70	Pulse	99	5914864	7603	1
A_HP_48	70	Response	1	5933343	26081	1
A_HP_48	70	Pulse	99	5934863	27602	1
A_HP_48	70	Pulse	99	5954864	47602	1
A_HP_48	71	Picture	response68	5957804	143	1	40148	1	0	40000	hit	377
A_HP_48	71	Response	2	5971203	13541	1
A_HP_48	71	Pulse	99	5974863	17202	1
A_HP_48	71	Pulse	99	5994864	37202	1
A_HP_48	72	Picture	response65	6008115	53	1	40149	1	0	40000	hit	382
A_HP_48	72	Pulse	99	6014864	6802	1
A_HP_48	72	Response	1	6023992	15931	1
A_HP_48	72	Pulse	99	6034864	26802	1
A_HP_48	72	Pulse	99	6054864	46802	1
A_HP_48	73	Picture	ins1	6058592	131	1	30153	1	0	30000	other	0
A_HP_48	73	Pulse	99	6074864	16402	1
A_HP_48	73	Pulse	99	6094864	36402	1
A_HP_48	73	Pulse	99	6114864	56402	1
A_HP_48	73	Pulse	99	6134864	76402	1
A_HP_48	73	Pulse	99	6154864	96402	1
A_HP_48	73	Pulse	99	6174864	116402	1
A_HP_48	73	Pulse	99	6194864	136402	1
A_HP_48	73	Pulse	99	6214864	156402	1
A_HP_48	73	Pulse	99	6234864	176402	1
A_HP_48	73	Pulse	99	6254865	196403	1
A_HP_48	73	Pulse	99	6274864	216402	1
A_HP_48	73	Pulse	99	6294864	236402	1
A_HP_48	73	Pulse	99	6314864	256402	1
A_HP_48	73	Pulse	99	6334864	276402	1
A_HP_48	73	Pulse	99	6354864	296402	1
A_HP_48	74	Response	3	6374864	6245	1
A_HP_48	74	Pulse	99	6374864	6245	1
A_HP_48	75	Picture	response6	6375449	187	1	40148	1	0	40000	hit	404
A_HP_48	75	Response	2	6386673	11411	1
A_HP_48	75	Pulse	99	6394864	19602	1
A_HP_48	75	Pulse	99	6414864	39602	1
A_HP_48	76	Picture	response5	6425759	98	1	40148	1	0	40000	hit	409
A_HP_48	76	Pulse	99	6434864	9202	1
A_HP_48	76	Response	2	6439512	13851	1
A_HP_48	76	Pulse	99	6454864	29202	1
A_HP_48	76	Pulse	99	6474864	49202	1
A_HP_48	77	Picture	response7	6476236	175	1	40149	1	0	40000	hit	413
A_HP_48	77	Response	2	6484213	8151	1
A_HP_48	77	Pulse	99	6494864	18802	1
A_HP_48	77	Pulse	99	6514864	38802	1
A_HP_48	78	Picture	response3	6526547	85	1	40148	1	0	40000	hit	417
A_HP_48	78	Response	2	6534373	7911	1
A_HP_48	78	Pulse	99	6534863	8402	1
A_HP_48	78	Pulse	99	6554864	28402	1
A_HP_48	78	Pulse	99	6574864	48402	1
A_HP_48	79	Picture	response1	6577024	162	1	40149	1	0	40000	hit	422
A_HP_48	79	Response	2	6590863	14001	1
A_HP_48	79	Pulse	99	6594864	18002	1
A_HP_48	79	Pulse	99	6614864	38002	1
A_HP_48	80	Picture	response8	6627335	73	1	40149	1	0	40000	hit	427
A_HP_48	80	Pulse	99	6634864	7602	1
A_HP_48	80	Response	2	6639203	11941	1
A_HP_48	80	Pulse	99	6654864	27602	1
A_HP_48	80	Pulse	99	6674864	47603	1
A_HP_48	81	Picture	response2	6677812	150	1	40148	1	0	40000	hit	431
A_HP_48	81	Response	1	6686013	8351	1
A_HP_48	81	Pulse	99	6694864	17202	1
A_HP_48	81	Pulse	99	6714864	37202	1
A_HP_48	82	Picture	response4	6728123	61	1	40148	1	0	40000	hit	436
A_HP_48	82	Pulse	99	6734864	6802	1
A_HP_48	82	Response	1	6736182	8121	1
A_HP_48	82	Pulse	99	6754864	26802	1
A_HP_48	82	Pulse	99	6774864	46802	1
A_HP_48	83	Picture	ins5	6778600	138	1	30153	1	0	30000	other	0
A_HP_48	83	Pulse	99	6794864	16402	1
A_HP_48	83	Pulse	99	6814864	36402	1
A_HP_48	83	Pulse	99	6834864	56402	1
A_HP_48	83	Pulse	99	6854864	76402	1
A_HP_48	83	Pulse	99	6874864	96402	1
A_HP_48	83	Pulse	99	6894864	116402	1
A_HP_48	83	Pulse	99	6914864	136402	1
A_HP_48	83	Pulse	99	6934864	156402	1
A_HP_48	83	Pulse	99	6954864	176403	1
A_HP_48	83	Pulse	99	6974864	196402	1
A_HP_48	83	Pulse	99	6994864	216403	1
A_HP_48	83	Pulse	99	7014864	236402	1
A_HP_48	83	Pulse	99	7034864	256402	1
A_HP_48	83	Pulse	99	7054864	276402	1
A_HP_48	83	Pulse	99	7074864	296403	1
A_HP_48	84	Response	3	7094864	6238	1
A_HP_48	84	Pulse	99	7094864	6238	1
A_HP_48	85	Picture	response35	7095456	194	1	40148	1	0	40000	hit	458
A_HP_48	85	Response	2	7105253	9991	1
A_HP_48	85	Pulse	99	7114864	19602	1
A_HP_48	85	Pulse	99	7134864	39602	1
A_HP_48	86	Picture	response40	7145767	105	1	40148	1	0	40000	hit	462
A_HP_48	86	Response	1	7151623	5961	1
A_HP_48	86	Pulse	99	7154865	9203	1
A_HP_48	86	Pulse	99	7174864	29202	1
A_HP_48	86	Pulse	99	7194864	49202	1
A_HP_48	87	Picture	response39	7196244	182	1	40149	1	0	40000	hit	467
A_HP_48	87	Response	2	7200703	4641	1
A_HP_48	87	Pulse	99	7214864	18802	1
A_HP_48	87	Pulse	99	7234864	38802	1
A_HP_48	88	Picture	response34	7246555	92	1	40149	1	0	40000	hit	471
A_HP_48	88	Response	1	7254303	7841	1
A_HP_48	88	Pulse	99	7254864	8402	1
A_HP_48	88	Pulse	99	7274864	28402	1
A_HP_48	88	Pulse	99	7294864	48402	1
A_HP_48	89	Picture	response36	7297032	170	1	40148	1	0	40000	hit	476
A_HP_48	89	Response	1	7302303	5441	1
A_HP_48	89	Pulse	99	7314864	18002	1
A_HP_48	89	Pulse	99	7334864	38002	1
A_HP_48	90	Picture	response33	7347342	80	1	40148	1	0	40000	hit	480
A_HP_48	90	Response	2	7352083	4821	1
A_HP_48	90	Pulse	99	7354864	7601	1
A_HP_48	90	Pulse	99	7374864	27602	1
A_HP_48	90	Pulse	99	7394864	47602	1
A_HP_48	91	Picture	response37	7397820	157	1	40149	1	0	40000	hit	485
A_HP_48	91	Response	1	7405633	7971	1
A_HP_48	91	Pulse	99	7414864	17202	1
A_HP_48	91	Pulse	99	7434865	37202	1
A_HP_48	92	Picture	response38	7448130	68	1	40148	1	0	40000	hit	490
A_HP_48	92	Pulse	99	7454864	6802	1
A_HP_48	92	Response	2	7457313	9251	1
A_HP_48	92	Pulse	99	7474864	26802	1
A_HP_48	92	Pulse	99	7494864	46802	1
A_HP_48	93	Picture	ins21	7498607	145	1	30153	1	0	30000	other	0
A_HP_48	93	Pulse	99	7514864	16402	1
A_HP_48	93	Pulse	99	7534865	36402	1
A_HP_48	93	Pulse	99	7554864	56402	1
A_HP_48	93	Pulse	99	7574864	76402	1
A_HP_48	93	Pulse	99	7594864	96402	1
A_HP_48	93	Pulse	99	7614864	116402	1
A_HP_48	93	Pulse	99	7634865	136403	1
A_HP_48	93	Pulse	99	7654864	156402	1
A_HP_48	93	Pulse	99	7674865	176402	1
A_HP_48	93	Pulse	99	7694864	196402	1
A_HP_48	93	Pulse	99	7714865	216402	1
A_HP_48	93	Pulse	99	7734864	236402	1
A_HP_48	93	Pulse	99	7754865	256402	1
A_HP_48	93	Pulse	99	7774865	276402	1
A_HP_48	93	Pulse	99	7794865	296402	1
A_HP_48	94	Response	3	7814865	6232	1
A_HP_48	94	Pulse	99	7814865	6232	1
A_HP_48	95	Picture	response163	7815297	35	1	40149	1	0	40000	hit	513
A_HP_48	95	Pulse	99	7834865	19602	1
A_HP_48	95	Response	2	7845613	30351	1
A_HP_48	95	Pulse	99	7854865	39602	1
A_HP_48	96	Picture	response164	7865774	111	1	40149	1	0	40000	hit	517
A_HP_48	96	Pulse	99	7874865	9202	1
A_HP_48	96	Response	1	7884603	18941	1
A_HP_48	96	Pulse	99	7894865	29202	1
A_HP_48	96	Pulse	99	7914865	49202	1
A_HP_48	97	Picture	response162	7916252	189	1	40148	1	0	40000	hit	521
A_HP_48	97	Response	1	7934523	18461	1
A_HP_48	97	Pulse	99	7934864	18802	1
A_HP_48	97	Pulse	99	7954865	38802	1
A_HP_48	98	Picture	response167	7966562	100	1	40148	1	0	40000	hit	526
A_HP_48	98	Pulse	99	7974865	8402	1
A_HP_48	98	Response	2	7987183	20721	1
A_HP_48	98	Pulse	99	7994865	28402	1
A_HP_48	98	Pulse	99	8014865	48402	1
A_HP_48	99	Picture	response161	8017039	177	1	40149	1	0	40000	hit	531
A_HP_48	99	Pulse	99	8034865	18002	1
A_HP_48	99	Response	1	8040484	23621	1
A_HP_48	99	Pulse	99	8054865	38002	1
A_HP_48	100	Picture	response166	8067350	87	1	40148	1	0	40000	hit	536
A_HP_48	100	Pulse	99	8074865	7602	1
A_HP_48	100	Pulse	99	8094865	27602	1
A_HP_48	100	Response	1	8101054	33791	1
A_HP_48	100	Pulse	99	8114865	47602	1
A_HP_48	101	Picture	response168	8117827	164	1	40149	1	0	40000	hit	540
A_HP_48	101	Pulse	99	8134865	17202	1
A_HP_48	101	Response	2	8147514	29851	1
A_HP_48	101	Pulse	99	8154865	37202	1
A_HP_48	102	Picture	response165	8168138	75	1	40148	1	0	40000	hit	544
A_HP_48	102	Pulse	99	8174865	6802	1
A_HP_48	102	Response	2	8192034	23971	1
A_HP_48	102	Pulse	99	8194865	26802	1
A_HP_48	102	Pulse	99	8214865	46802	1
A_HP_48	103	Picture	ins13	8218615	152	1	30153	1	0	30000	other	0
A_HP_48	103	Pulse	99	8234865	16402	1
A_HP_48	103	Pulse	99	8254865	36402	1
A_HP_48	103	Pulse	99	8274865	56402	1
A_HP_48	103	Pulse	99	8294865	76402	1
A_HP_48	103	Pulse	99	8314865	96402	1
A_HP_48	103	Pulse	99	8334865	116402	1
A_HP_48	103	Pulse	99	8354865	136402	1
A_HP_48	103	Pulse	99	8374865	156402	1
A_HP_48	103	Pulse	99	8394865	176402	1
A_HP_48	103	Pulse	99	8414865	196402	1
A_HP_48	103	Pulse	99	8434865	216402	1
A_HP_48	103	Pulse	99	8454865	236402	1
A_HP_48	103	Pulse	99	8474865	256403	1
A_HP_48	103	Pulse	99	8494865	276402	1
A_HP_48	103	Pulse	99	8514865	296402	1
A_HP_48	104	Response	3	8534865	6224	1
A_HP_48	104	Pulse	99	8534865	6224	1
A_HP_48	105	Picture	response101	8535305	42	1	40149	1	0	40000	hit	566
A_HP_48	105	Response	1	8554284	19021	1
A_HP_48	105	Pulse	99	8554865	19602	1
A_HP_48	105	Pulse	99	8574865	39602	1
A_HP_48	106	Picture	response97	8585782	119	1	40149	1	0	40000	hit	570
A_HP_48	106	Response	1	8594604	8941	1
A_HP_48	106	Pulse	99	8594864	9202	1
A_HP_48	106	Pulse	99	8614865	29202	1
A_HP_48	106	Pulse	99	8634865	49202	1
A_HP_48	107	Picture	response100	8636259	196	1	40149	1	0	40000	hit	575
A_HP_48	107	Response	2	8651904	15841	1
A_HP_48	107	Pulse	99	8654865	18802	1
A_HP_48	107	Pulse	99	8674865	38802	1
A_HP_48	108	Picture	response102	8686570	107	1	40148	1	0	40000	hit	580
A_HP_48	108	Pulse	99	8694865	8402	1
A_HP_48	108	Response	1	8696733	10271	1
A_HP_48	108	Pulse	99	8714865	28402	1
A_HP_48	108	Pulse	99	8734865	48402	1
A_HP_48	109	Picture	response103	8737047	184	1	40149	1	0	40000	hit	584
A_HP_48	109	Response	1	8752284	15421	1
A_HP_48	109	Pulse	99	8754785	17922	1
A_HP_48	109	Pulse	99	8774865	38002	1
A_HP_48	110	Picture	response98	8787358	95	1	40148	1	0	40000	hit	589
A_HP_48	110	Pulse	99	8794865	7602	1
A_HP_48	110	Response	2	8805144	17881	1
A_HP_48	110	Pulse	99	8814785	27522	1
A_HP_48	110	Pulse	99	8834865	47602	1
A_HP_48	111	Picture	response104	8837835	172	1	40149	1	0	40000	hit	594
A_HP_48	111	Pulse	99	8854865	17202	1
A_HP_48	111	Response	2	8854943	17280	1
A_HP_48	111	Pulse	99	8874785	37122	1
A_HP_48	112	Picture	response99	8888145	82	1	40148	1	0	40000	hit	598
A_HP_48	112	Pulse	99	8894865	6802	1
A_HP_48	112	Response	2	8897534	9471	1
A_HP_48	112	Pulse	99	8914865	26802	1
A_HP_48	112	Pulse	99	8934786	46723	1
A_HP_48	113	Picture	ins17	8938622	159	1	30153	1	0	30000	other	0
A_HP_48	113	Pulse	99	8954865	16402	1
A_HP_48	113	Pulse	99	8974866	36403	1
A_HP_48	113	Pulse	99	8994785	56322	1
A_HP_48	113	Pulse	99	9014865	76402	1
A_HP_48	113	Pulse	99	9034865	96402	1
A_HP_48	113	Pulse	99	9054785	116322	1
A_HP_48	113	Pulse	99	9074865	136402	1
A_HP_48	113	Pulse	99	9094865	156402	1
A_HP_48	113	Pulse	99	9114785	176322	1
A_HP_48	113	Pulse	99	9134866	196402	1
A_HP_48	113	Pulse	99	9154865	216402	1
A_HP_48	113	Pulse	99	9174786	236323	1
A_HP_48	113	Pulse	99	9194866	256402	1
A_HP_48	113	Pulse	99	9214865	276402	1
A_HP_48	113	Pulse	99	9234785	296322	1
A_HP_48	114	Response	3	9254866	6217	1
A_HP_48	114	Pulse	99	9254866	6217	1
A_HP_48	115	Picture	response136	9255312	49	1	40148	1	0	40000	hit	620
A_HP_48	115	Response	1	9270874	15611	1
A_HP_48	115	Pulse	99	9274865	19602	1
A_HP_48	115	Pulse	99	9294866	39602	1
A_HP_48	116	Picture	response133	9305790	126	1	40148	1	0	40000	hit	625
A_HP_48	116	Pulse	99	9314785	9122	1
A_HP_48	116	Response	1	9333974	28311	1
A_HP_48	116	Pulse	99	9334865	29202	1
A_HP_48	116	Pulse	99	9354866	49202	1
A_HP_48	117	Picture	response131	9356267	203	1	40149	1	0	40000	hit	630
A_HP_48	117	Pulse	99	9374785	18722	1
A_HP_48	117	Response	1	9376994	20931	1
A_HP_48	117	Pulse	99	9394865	38802	1
A_HP_48	118	Picture	response129	9406577	114	1	40148	1	0	40000	hit	634
A_HP_48	118	Pulse	99	9414866	8402	1
A_HP_48	118	Response	1	9420694	14231	1
A_HP_48	118	Pulse	99	9434786	28322	1
A_HP_48	118	Pulse	99	9454865	48402	1
A_HP_48	119	Picture	response134	9457055	191	1	40149	1	0	40000	hit	639
A_HP_48	119	Pulse	99	9474866	18002	1
A_HP_48	119	Response	2	9483814	26951	1
A_HP_48	119	Pulse	99	9494785	37922	1
A_HP_48	120	Picture	response135	9507365	102	1	40149	1	0	40000	hit	644
A_HP_48	120	Pulse	99	9514866	7602	1
A_HP_48	120	Pulse	99	9534866	27602	1
A_HP_48	120	Response	2	9539674	32411	1
A_HP_48	120	Pulse	99	9554786	47522	1
A_HP_48	121	Picture	response130	9557842	179	1	40149	1	0	40000	hit	648
A_HP_48	121	Pulse	99	9574866	17202	1
A_HP_48	121	Response	2	9581925	24261	1
A_HP_48	121	Pulse	99	9594866	37202	1
A_HP_48	122	Picture	response132	9608153	89	1	40148	1	0	40000	incorrect	652
A_HP_48	122	Pulse	99	9614786	6722	1
A_HP_48	122	Response	1	9623764	15701	1
A_HP_48	122	Pulse	99	9634866	26802	1
A_HP_48	122	Pulse	99	9654866	46803	1
A_HP_48	123	Picture	thanks	9658130	0	1	10162	1	0	10000	other	0
A_HP_48	123	Pulse	99	9674786	16655	1


Event Type	Code	Type	Response	RT	RT Uncertainty	Time	Uncertainty	Duration	Uncertainty	ReqTime	ReqDur

Picture	ready	other				955068	1	10162	1	0	10000
Picture	ins23	other				1015540	1	30153	1	0	30000
Picture	response181	hit	2	25734	2	1335396	1	40148	1	0	40000
Picture	response184	hit	1	21107	2	1385873	1	40148	1	0	40000
Picture	response183	hit	2	28310	2	1436350	1	40148	1	0	40000
Picture	response179	hit	1	14259	2	1486661	1	40149	1	0	40000
Picture	response182	hit	1	22052	2	1537138	1	40148	1	0	40000
Picture	response177	hit	1	28381	2	1587448	1	40149	1	0	40000
Picture	response178	hit	1	35074	2	1637925	1	40149	1	0	40000
Picture	response180	hit	1	24934	2	1688236	1	40148	1	0	40000
Picture	ins15	other				1738713	1	30153	1	0	30000
Picture	response113	hit	2	25167	2	2055403	1	40149	1	0	40000
Picture	response118	hit	1	16220	2	2105880	1	40149	1	0	40000
Picture	response115	hit	2	21883	2	2156357	1	40149	1	0	40000
Picture	response119	hit	1	17522	2	2206668	1	40149	1	0	40000
Picture	response120	hit	1	18135	2	2257145	1	40148	1	0	40000
Picture	response116	hit	1	15964	2	2307456	1	40148	1	0	40000
Picture	response114	hit	2	17227	2	2357933	1	40149	1	0	40000
Picture	response117	hit	2	19077	2	2408244	1	40148	1	0	40000
Picture	ins3	other				2458721	1	30153	1	0	30000
Picture	response20	hit	2	9421	2	2775411	1	40149	1	0	40000
Picture	response23	hit	2	5763	2	2825888	1	40149	1	0	40000
Picture	response24	hit	2	5275	2	2876365	1	40148	1	0	40000
Picture	response21	hit	1	7135	2	2926676	1	40149	1	0	40000
Picture	response19	hit	2	5708	2	2977153	1	40149	1	0	40000
Picture	response18	hit	2	9927	2	3027463	1	40148	1	0	40000
Picture	response22	hit	1	7160	2	3077941	1	40148	1	0	40000
Picture	response17	hit	2	5430	2	3128251	1	40148	1	0	40000
Picture	ins7	other				3178728	1	30153	1	0	30000
Picture	response55	hit	2	16163	2	3495418	1	40149	1	0	40000
Picture	response56	hit	2	14992	2	3545729	1	40148	1	0	40000
Picture	response53	hit	1	12065	2	3596206	1	40149	1	0	40000
Picture	response51	hit	1	14354	2	3646517	1	40148	1	0	40000
Picture	response49	hit	2	14438	2	3696994	1	40149	1	0	40000
Picture	response52	incorrect	1	16017	2	3747304	1	40148	1	0	40000
Picture	response54	hit	1	8469	2	3797782	1	40148	1	0	40000
Picture	response50	hit	2	13843	2	3848259	1	40148	1	0	40000
Picture	ins19	other				3898569	1	30153	1	0	30000
Picture	response147	incorrect	1	18465	2	4215426	1	40148	1	0	40000
Picture	response152	hit	1	23268	2	4265903	1	40148	1	0	40000
Picture	response150	hit	2	21698	2	4316214	1	40149	1	0	40000
Picture	response146	hit	1	19011	2	4366691	1	40149	1	0	40000
Picture	response145	hit	1	13033	2	4417168	1	40148	1	0	40000
Picture	response149	hit	1	20873	2	4467479	1	40149	1	0	40000
Picture	response148	hit	1	28996	2	4517956	1	40149	1	0	40000
Picture	response151	hit	1	16385	2	4568266	1	40148	1	0	40000
Picture	ins11	other				4618743	1	30153	1	0	30000
Picture	response84	hit	1	18248	2	4935434	1	40149	1	0	40000
Picture	response88	hit	2	13188	2	4985744	1	40149	1	0	40000
Picture	response82	hit	2	23770	2	5036221	1	40149	1	0	40000
Picture	response81	hit	2	15430	2	5086532	1	40149	1	0	40000
Picture	response83	hit	1	22393	2	5137009	1	40148	1	0	40000
Picture	response85	hit	2	23176	2	5187486	1	40149	1	0	40000
Picture	response86	hit	1	21315	2	5237797	1	40148	1	0	40000
Picture	response87	hit	1	18078	2	5288274	1	40148	1	0	40000
Picture	ins9	other				5338585	1	30153	1	0	30000
Picture	response70	hit	2	17721	2	5655441	1	40148	1	0	40000
Picture	response66	hit	1	13051	2	5705752	1	40149	1	0	40000
Picture	response69	hit	1	21773	2	5756229	1	40149	1	0	40000
Picture	response67	hit	2	13973	2	5806539	1	40149	1	0	40000
Picture	response72	hit	1	16736	2	5857017	1	40149	1	0	40000
Picture	response71	hit	1	26015	2	5907327	1	40148	1	0	40000
Picture	response68	hit	2	13398	2	5957804	1	40148	1	0	40000
Picture	response65	hit	1	15877	2	6008115	1	40149	1	0	40000
Picture	ins1	other				6058592	1	30153	1	0	30000
Picture	response6	hit	2	11224	2	6375449	1	40148	1	0	40000
Picture	response5	hit	2	13753	2	6425759	1	40148	1	0	40000
Picture	response7	hit	2	7976	2	6476236	1	40149	1	0	40000
Picture	response3	hit	2	7826	2	6526547	1	40148	1	0	40000
Picture	response1	hit	2	13838	2	6577024	1	40149	1	0	40000
Picture	response8	hit	2	11868	2	6627335	1	40149	1	0	40000
Picture	response2	hit	1	8201	2	6677812	1	40148	1	0	40000
Picture	response4	hit	1	8060	2	6728123	1	40148	1	0	40000
Picture	ins5	other				6778600	1	30153	1	0	30000
Picture	response35	hit	2	9797	2	7095456	1	40148	1	0	40000
Picture	response40	hit	1	5856	2	7145767	1	40148	1	0	40000
Picture	response39	hit	2	4459	2	7196244	1	40149	1	0	40000
Picture	response34	hit	1	7749	2	7246555	1	40149	1	0	40000
Picture	response36	hit	1	5271	2	7297032	1	40148	1	0	40000
Picture	response33	hit	2	4741	2	7347342	1	40148	1	0	40000
Picture	response37	hit	1	7814	2	7397820	1	40149	1	0	40000
Picture	response38	hit	2	9183	2	7448130	1	40148	1	0	40000
Picture	ins21	other				7498607	1	30153	1	0	30000
Picture	response163	hit	2	30316	2	7815297	1	40149	1	0	40000
Picture	response164	hit	1	18829	2	7865774	1	40149	1	0	40000
Picture	response162	hit	1	18272	2	7916252	1	40148	1	0	40000
Picture	response167	hit	2	20621	2	7966562	1	40148	1	0	40000
Picture	response161	hit	1	23444	2	8017039	1	40149	1	0	40000
Picture	response166	hit	1	33704	2	8067350	1	40148	1	0	40000
Picture	response168	hit	2	29687	2	8117827	1	40149	1	0	40000
Picture	response165	hit	2	23896	2	8168138	1	40148	1	0	40000
Picture	ins13	other				8218615	1	30153	1	0	30000
Picture	response101	hit	1	18979	2	8535305	1	40149	1	0	40000
Picture	response97	hit	1	8822	2	8585782	1	40149	1	0	40000
Picture	response100	hit	2	15645	2	8636259	1	40149	1	0	40000
Picture	response102	hit	1	10164	2	8686570	1	40148	1	0	40000
Picture	response103	hit	1	15237	2	8737047	1	40149	1	0	40000
Picture	response98	hit	2	17786	2	8787358	1	40148	1	0	40000
Picture	response104	hit	2	17108	2	8837835	1	40149	1	0	40000
Picture	response99	hit	2	9389	2	8888145	1	40148	1	0	40000
Picture	ins17	other				8938622	1	30153	1	0	30000
Picture	response136	hit	1	15562	2	9255312	1	40148	1	0	40000
Picture	response133	hit	1	28184	2	9305790	1	40148	1	0	40000
Picture	response131	hit	1	20727	2	9356267	1	40149	1	0	40000
Picture	response129	hit	1	14117	2	9406577	1	40148	1	0	40000
Picture	response134	hit	2	26760	2	9457055	1	40149	1	0	40000
Picture	response135	hit	2	32309	2	9507365	1	40149	1	0	40000
Picture	response130	hit	2	24082	2	9557842	1	40149	1	0	40000
Picture	response132	incorrect	1	15612	2	9608153	1	40148	1	0	40000
Picture	thanks	other				9658130	1	10162	1	0	10000


{
   "app": "Presentation Version 21.1 Build 09.05.19",
   "device": "LENOVO 20FBCTO1WW",
   "experiment": "{A2FC4E2A-B401-4E65-9CA9-5B09E294C871}",
   "os": "Windows 10 64 bit",
   "package": "",
   "parameters": {
      "configuration": "Default configuration"
   },
   "scenario": "Dimension experiment(1).sce",
   "subject": "A_HP_48",
   "timestamp": "2020/01/17 04:35:32 GMT"
}
