Scenario - 
Logfile written - 10/17/2019 10:35:17

Subject	Trial	Event Type	Code	Time	TTime	Uncertainty	Duration	Uncertainty	ReqTime	ReqDur	Stim Type	Pair Index

A_HP_19	1	Response	3	681561	680894	1
A_HP_19	1	Pulse	99	681561	680894	1
A_HP_19	2	Picture	ready	681792	0	1	10230	1	0	10000	other	0
A_HP_19	2	Pulse	99	701561	19768	1
A_HP_19	2	Pulse	99	721561	39768	1
A_HP_19	2	Pulse	99	741561	59768	1
A_HP_19	3	Picture	ins17	742357	232	1	30229	1	0	30000	other	0
A_HP_19	3	Pulse	99	761561	19436	1
A_HP_19	3	Pulse	99	781561	39436	1
A_HP_19	3	Pulse	99	801561	59436	1
A_HP_19	3	Pulse	99	821560	79435	1
A_HP_19	3	Pulse	99	841560	99435	1
A_HP_19	3	Pulse	99	861561	119436	1
A_HP_19	3	Pulse	99	881561	139436	1
A_HP_19	3	Pulse	99	901561	159436	1
A_HP_19	3	Pulse	99	921561	179436	1
A_HP_19	3	Pulse	99	941561	199435	1
A_HP_19	3	Pulse	99	961561	219436	1
A_HP_19	3	Pulse	99	981561	239436	1
A_HP_19	3	Pulse	99	1001560	259435	1
A_HP_19	3	Pulse	99	1021561	279436	1
A_HP_19	3	Pulse	99	1041561	299436	1
A_HP_19	4	Response	3	1061561	9205	1
A_HP_19	4	Pulse	99	1061561	9205	1
A_HP_19	5	Picture	response130	1062160	235	1	40229	1	0	40000	hit	27
A_HP_19	5	Pulse	99	1081560	19635	1
A_HP_19	5	Response	2	1084999	23074	1
A_HP_19	5	Pulse	99	1101561	39636	1
A_HP_19	6	Picture	response135	1112618	294	1	40229	1	0	40000	hit	32
A_HP_19	6	Pulse	99	1121560	9236	1
A_HP_19	6	Pulse	99	1141560	29236	1
A_HP_19	6	Response	2	1142778	30454	1
A_HP_19	6	Pulse	99	1161560	49236	1
A_HP_19	7	Picture	response134	1162909	185	1	40229	1	0	40000	hit	35
A_HP_19	7	Response	2	1180749	18025	1
A_HP_19	7	Pulse	99	1181560	18836	1
A_HP_19	7	Pulse	99	1201560	38836	1
A_HP_19	8	Picture	response132	1213366	242	1	40229	1	0	40000	incorrect	40
A_HP_19	8	Pulse	99	1221560	8436	1
A_HP_19	8	Response	1	1234880	21755	1
A_HP_19	8	Pulse	99	1241560	28436	1
A_HP_19	8	Pulse	99	1261561	48436	1
A_HP_19	9	Picture	response133	1263658	133	1	40229	1	0	40000	hit	45
A_HP_19	9	Pulse	99	1281560	18035	1
A_HP_19	9	Response	1	1290549	27024	1
A_HP_19	9	Pulse	99	1301560	38035	1
A_HP_19	10	Picture	response136	1314116	192	1	40229	1	0	40000	incorrect	49
A_HP_19	10	Pulse	99	1321560	7636	1
A_HP_19	10	Response	2	1340829	26905	1
A_HP_19	10	Pulse	99	1341560	27635	1
A_HP_19	10	Pulse	99	1361561	47636	1
A_HP_19	11	Picture	response131	1364574	250	1	40229	1	0	40000	hit	54
A_HP_19	11	Pulse	99	1381561	17236	1
A_HP_19	11	Response	1	1385819	21495	1
A_HP_19	11	Pulse	99	1401561	37236	1
A_HP_19	12	Picture	response129	1414866	142	1	40229	1	0	40000	hit	58
A_HP_19	12	Pulse	99	1421560	6836	1
A_HP_19	12	Response	1	1440999	26275	1
A_HP_19	12	Pulse	99	1441560	26836	1
A_HP_19	12	Pulse	99	1461560	46836	1
A_HP_19	13	Picture	ins23	1465324	200	1	30229	1	0	30000	other	0
A_HP_19	13	Pulse	99	1481560	16437	1
A_HP_19	13	Pulse	99	1501560	36436	1
A_HP_19	13	Pulse	99	1521560	56436	1
A_HP_19	13	Pulse	99	1541560	76436	1
A_HP_19	13	Pulse	99	1561560	96436	1
A_HP_19	13	Pulse	99	1581480	116356	1
A_HP_19	13	Pulse	99	1601560	136436	1
A_HP_19	13	Pulse	99	1621560	156436	1
A_HP_19	13	Pulse	99	1641480	176356	1
A_HP_19	13	Pulse	99	1661560	196436	1
A_HP_19	13	Pulse	99	1681560	216436	1
A_HP_19	13	Pulse	99	1701560	236437	1
A_HP_19	13	Pulse	99	1721560	256437	1
A_HP_19	13	Pulse	99	1741560	276436	1
A_HP_19	13	Pulse	99	1761560	296436	1
A_HP_19	14	Response	3	1781560	6206	1
A_HP_19	14	Pulse	99	1781560	6206	1
A_HP_19	15	Picture	response183	1782161	237	1	40229	1	0	40000	hit	81
A_HP_19	15	Pulse	99	1801560	19635	1
A_HP_19	15	Response	2	1805938	24013	1
A_HP_19	15	Pulse	99	1821561	39636	1
A_HP_19	16	Picture	response178	1832619	296	1	40229	1	0	40000	incorrect	85
A_HP_19	16	Pulse	99	1841480	9156	1
A_HP_19	16	Response	2	1854889	22565	1
A_HP_19	16	Pulse	99	1861560	29236	1
A_HP_19	16	Pulse	99	1881560	49236	1
A_HP_19	17	Picture	response179	1882911	187	1	40229	1	0	40000	hit	90
A_HP_19	17	Pulse	99	1901480	18756	1
A_HP_19	17	Response	1	1906239	23515	1
A_HP_19	17	Pulse	99	1921560	38836	1
A_HP_19	18	Picture	response181	1933369	246	1	40229	1	0	40000	hit	94
A_HP_19	18	Pulse	99	1941560	8436	1
A_HP_19	18	Response	2	1957849	24725	1
A_HP_19	18	Pulse	99	1961559	28436	1
A_HP_19	18	Pulse	99	1981560	48436	1
A_HP_19	19	Picture	response184	1983661	137	1	40230	1	0	40000	hit	99
A_HP_19	19	Pulse	99	2001560	18036	1
A_HP_19	19	Response	1	2004408	20884	1
A_HP_19	19	Pulse	99	2021560	38036	1
A_HP_19	20	Picture	response177	2034119	196	1	40229	1	0	40000	hit	103
A_HP_19	20	Pulse	99	2041480	7556	1
A_HP_19	20	Response	1	2052509	18585	1
A_HP_19	20	Pulse	99	2061560	27636	1
A_HP_19	20	Pulse	99	2081560	47636	1
A_HP_19	21	Picture	response180	2084577	254	1	40229	1	0	40000	incorrect	108
A_HP_19	21	Pulse	99	2101480	17157	1
A_HP_19	21	Response	2	2102358	18035	1
A_HP_19	21	Pulse	99	2121560	37237	1
A_HP_19	22	Picture	response182	2134869	146	1	40229	1	0	40000	incorrect	112
A_HP_19	22	Pulse	99	2141560	6836	1
A_HP_19	22	Response	2	2160169	25445	1
A_HP_19	22	Pulse	99	2161479	26756	1
A_HP_19	22	Pulse	99	2181560	46836	1
A_HP_19	23	Picture	ins19	2185327	204	1	30229	1	0	30000	other	0
A_HP_19	23	Pulse	99	2201560	16436	1
A_HP_19	23	Pulse	99	2221560	36436	1
A_HP_19	23	Pulse	99	2241560	56436	1
A_HP_19	23	Pulse	99	2261560	76437	1
A_HP_19	23	Pulse	99	2281560	96436	1
A_HP_19	23	Pulse	99	2301480	116356	1
A_HP_19	23	Pulse	99	2321560	136436	1
A_HP_19	23	Pulse	99	2341560	156437	1
A_HP_19	23	Pulse	99	2361480	176356	1
A_HP_19	23	Pulse	99	2381560	196436	1
A_HP_19	23	Pulse	99	2401560	216437	1
A_HP_19	23	Pulse	99	2421480	236357	1
A_HP_19	23	Pulse	99	2441560	256437	1
A_HP_19	23	Pulse	99	2461560	276436	1
A_HP_19	23	Pulse	99	2481560	296437	1
A_HP_19	24	Response	3	2501479	6126	1
A_HP_19	24	Pulse	99	2501479	6126	1
A_HP_19	25	Picture	response152	2502059	236	1	40229	1	0	40000	hit	134
A_HP_19	25	Response	1	2515259	13436	1
A_HP_19	25	Pulse	99	2521559	19736	1
A_HP_19	25	Pulse	99	2541560	39737	1
A_HP_19	26	Picture	response146	2552351	127	1	40229	1	0	40000	hit	139
A_HP_19	26	Pulse	99	2561480	9256	1
A_HP_19	26	Response	1	2569088	16864	1
A_HP_19	26	Pulse	99	2581560	29336	1
A_HP_19	26	Pulse	99	2601560	49336	1
A_HP_19	27	Picture	response148	2602976	353	1	40230	1	0	40000	hit	144
A_HP_19	27	Pulse	99	2621480	18856	1
A_HP_19	27	Response	1	2622538	19914	1
A_HP_19	27	Pulse	99	2641560	38936	1
A_HP_19	28	Picture	response150	2653268	245	1	40229	1	0	40000	hit	148
A_HP_19	28	Pulse	99	2661560	8536	1
A_HP_19	28	Response	2	2671229	18205	1
A_HP_19	28	Pulse	99	2681480	28457	1
A_HP_19	28	Pulse	99	2701560	48537	1
A_HP_19	29	Picture	response149	2703560	136	1	40229	1	0	40000	hit	153
A_HP_19	29	Pulse	99	2721560	18136	1
A_HP_19	29	Response	1	2731148	27724	1
A_HP_19	29	Pulse	99	2741560	38136	1
A_HP_19	30	Picture	response145	2754018	195	1	40229	1	0	40000	hit	157
A_HP_19	30	Pulse	99	2761480	7656	1
A_HP_19	30	Response	1	2770988	17165	1
A_HP_19	30	Pulse	99	2781560	27736	1
A_HP_19	30	Pulse	99	2801560	47737	1
A_HP_19	31	Picture	response151	2804476	253	1	40229	1	0	40000	hit	162
A_HP_19	31	Pulse	99	2821480	17257	1
A_HP_19	31	Response	1	2822808	18584	1
A_HP_19	31	Pulse	99	2841560	37337	1
A_HP_19	32	Picture	response147	2854935	311	1	40229	1	0	40000	incorrect	166
A_HP_19	32	Pulse	99	2861559	6936	1
A_HP_19	32	Response	1	2870389	15765	1
A_HP_19	32	Pulse	99	2881479	26856	1
A_HP_19	32	Pulse	99	2901560	46936	1
A_HP_19	33	Picture	ins9	2905227	204	1	30229	1	0	30000	other	0
A_HP_19	33	Pulse	99	2921560	16537	1
A_HP_19	33	Pulse	99	2941479	36457	1
A_HP_19	33	Pulse	99	2961479	56457	1
A_HP_19	33	Pulse	99	2981560	76537	1
A_HP_19	33	Pulse	99	3001559	96537	1
A_HP_19	33	Pulse	99	3021480	116457	1
A_HP_19	33	Pulse	99	3041559	136537	1
A_HP_19	33	Pulse	99	3061560	156537	1
A_HP_19	33	Pulse	99	3081479	176457	1
A_HP_19	33	Pulse	99	3101560	196537	1
A_HP_19	33	Pulse	99	3121560	216537	1
A_HP_19	33	Pulse	99	3141480	236457	1
A_HP_19	33	Pulse	99	3161560	256537	1
A_HP_19	33	Pulse	99	3181560	276537	1
A_HP_19	33	Pulse	99	3201480	296457	1
A_HP_19	34	Response	3	3221480	6226	1
A_HP_19	34	Pulse	99	3221480	6226	1
A_HP_19	35	Picture	response70	3222059	235	1	40229	1	0	40000	hit	189
A_HP_19	35	Pulse	99	3241559	19736	1
A_HP_19	35	Response	2	3248978	27155	1
A_HP_19	35	Pulse	99	3261559	39736	1
A_HP_19	36	Picture	response67	3272350	127	1	40229	1	0	40000	hit	193
A_HP_19	36	Pulse	99	3281479	9256	1
A_HP_19	36	Response	2	3289441	17218	1
A_HP_19	36	Pulse	99	3301560	29336	1
A_HP_19	36	Pulse	99	3321560	49336	1
A_HP_19	37	Picture	response68	3322975	352	1	40229	1	0	40000	hit	197
A_HP_19	37	Response	2	3339778	17155	1
A_HP_19	37	Pulse	99	3341479	18856	1
A_HP_19	37	Pulse	99	3361559	38936	1
A_HP_19	38	Picture	response71	3373266	243	1	40229	1	0	40000	hit	202
A_HP_19	38	Pulse	99	3381559	8536	1
A_HP_19	38	Response	1	3385807	12784	1
A_HP_19	38	Pulse	99	3401479	28456	1
A_HP_19	38	Pulse	99	3421479	48456	1
A_HP_19	39	Picture	response65	3423559	136	1	40229	1	0	40000	hit	207
A_HP_19	39	Pulse	99	3441559	18136	1
A_HP_19	39	Response	1	3442897	19474	1
A_HP_19	39	Pulse	99	3461479	38056	1
A_HP_19	40	Picture	response72	3474017	194	1	40229	1	0	40000	incorrect	211
A_HP_19	40	Pulse	99	3481479	7656	1
A_HP_19	40	Response	2	3496198	22375	1
A_HP_19	40	Pulse	99	3501559	27736	1
A_HP_19	40	Pulse	99	3521559	47736	1
A_HP_19	41	Picture	response69	3524475	252	1	40229	1	0	40000	hit	216
A_HP_19	41	Pulse	99	3541479	17256	1
A_HP_19	41	Response	1	3541987	17764	1
A_HP_19	41	Pulse	99	3561559	37336	1
A_HP_19	42	Picture	response66	3574933	310	1	40229	1	0	40000	hit	220
A_HP_19	42	Pulse	99	3581559	6936	1
A_HP_19	42	Response	1	3592688	18065	1
A_HP_19	42	Pulse	99	3601482	26859	1
A_HP_19	42	Pulse	99	3621479	46856	1
A_HP_19	43	Picture	ins21	3625225	202	1	30229	1	0	30000	other	0
A_HP_19	43	Pulse	99	3641559	16537	1
A_HP_19	43	Pulse	99	3661479	36457	1
A_HP_19	43	Pulse	99	3681479	56457	1
A_HP_19	43	Pulse	99	3701559	76537	1
A_HP_19	43	Pulse	99	3721479	96457	1
A_HP_19	43	Pulse	99	3741480	116457	1
A_HP_19	43	Pulse	99	3761559	136537	1
A_HP_19	43	Pulse	99	3781560	156537	1
A_HP_19	43	Pulse	99	3801479	176457	1
A_HP_19	43	Pulse	99	3821559	196537	1
A_HP_19	43	Pulse	99	3841559	216537	1
A_HP_19	43	Pulse	99	3861480	236457	1
A_HP_19	43	Pulse	99	3881480	256457	1
A_HP_19	43	Pulse	99	3901559	276537	1
A_HP_19	43	Pulse	99	3921480	296457	1
A_HP_19	44	Response	3	3941479	6227	1
A_HP_19	44	Pulse	99	3941479	6227	1
A_HP_19	45	Picture	response162	3942058	234	1	40229	1	0	40000	incorrect	242
A_HP_19	45	Response	2	3960777	18954	1
A_HP_19	45	Pulse	99	3961558	19735	1
A_HP_19	45	Pulse	99	3981479	39655	1
A_HP_19	46	Picture	response161	3992349	127	1	40230	1	0	40000	incorrect	247
A_HP_19	46	Pulse	99	4001479	9256	1
A_HP_19	46	Response	2	4010508	18285	1
A_HP_19	46	Pulse	99	4021559	29336	1
A_HP_19	46	Pulse	99	4041559	49336	1
A_HP_19	47	Picture	response165	4042974	352	1	40229	1	0	40000	hit	252
A_HP_19	47	Pulse	99	4061479	18857	1
A_HP_19	47	Response	2	4064288	21666	1
A_HP_19	47	Pulse	99	4081479	38857	1
A_HP_19	48	Picture	response164	4093266	243	1	40229	1	0	40000	hit	256
A_HP_19	48	Pulse	99	4101559	8536	1
A_HP_19	48	Response	1	4114607	21585	1
A_HP_19	48	Pulse	99	4121478	28456	1
A_HP_19	48	Pulse	99	4141478	48455	1
A_HP_19	49	Picture	response163	4143557	135	1	40229	1	0	40000	hit	260
A_HP_19	49	Response	2	4161488	18066	1
A_HP_19	49	Pulse	99	4161559	18136	1
A_HP_19	49	Pulse	99	4181479	38057	1
A_HP_19	50	Picture	response168	4194015	192	1	40229	1	0	40000	hit	265
A_HP_19	50	Pulse	99	4201479	7656	1
A_HP_19	50	Response	2	4212137	18314	1
A_HP_19	50	Pulse	99	4221559	27736	1
A_HP_19	50	Pulse	99	4241479	47656	1
A_HP_19	51	Picture	response166	4244474	251	1	40229	1	0	40000	hit	270
A_HP_19	51	Pulse	99	4261479	17256	1
A_HP_19	51	Response	1	4261917	17694	1
A_HP_19	51	Pulse	99	4281559	37336	1
A_HP_19	52	Picture	response167	4294932	310	1	40229	1	0	40000	hit	274
A_HP_19	52	Pulse	99	4301559	6936	1
A_HP_19	52	Response	2	4309977	15355	1
A_HP_19	52	Pulse	99	4321479	26856	1
A_HP_19	52	Pulse	99	4341479	46857	1
A_HP_19	53	Picture	ins5	4345224	201	1	30230	1	0	30000	other	0
A_HP_19	53	Pulse	99	4361559	16537	1
A_HP_19	53	Pulse	99	4381479	36457	1
A_HP_19	53	Pulse	99	4401479	56456	1
A_HP_19	53	Pulse	99	4421559	76536	1
A_HP_19	53	Pulse	99	4441479	96457	1
A_HP_19	53	Pulse	99	4461479	116456	1
A_HP_19	53	Pulse	99	4481559	136536	1
A_HP_19	53	Pulse	99	4501479	156456	1
A_HP_19	53	Pulse	99	4521479	176457	1
A_HP_19	53	Pulse	99	4541479	196456	1
A_HP_19	53	Pulse	99	4561559	216537	1
A_HP_19	53	Pulse	99	4581480	236457	1
A_HP_19	53	Pulse	99	4601479	256457	1
A_HP_19	53	Pulse	99	4621559	276537	1
A_HP_19	53	Pulse	99	4641479	296457	1
A_HP_19	54	Response	3	4661479	6226	1
A_HP_19	54	Pulse	99	4661479	6226	1
A_HP_19	55	Picture	response40	4662056	233	1	40229	1	0	40000	hit	296
A_HP_19	55	Response	1	4670847	9024	1
A_HP_19	55	Pulse	99	4681559	19735	1
A_HP_19	55	Pulse	99	4701479	39655	1
A_HP_19	56	Picture	response37	4712348	125	1	40230	1	0	40000	hit	300
A_HP_19	56	Response	1	4717967	5745	1
A_HP_19	56	Pulse	99	4721478	9256	1
A_HP_19	56	Pulse	99	4741558	29336	1
A_HP_19	56	Pulse	99	4761479	49256	1
A_HP_19	57	Picture	response38	4762973	350	1	40229	1	0	40000	hit	305
A_HP_19	57	Response	2	4767098	4475	1
A_HP_19	57	Pulse	99	4781479	18856	1
A_HP_19	57	Pulse	99	4801478	38856	1
A_HP_19	58	Picture	response36	4813264	242	1	40229	1	0	40000	hit	309
A_HP_19	58	Response	1	4818687	5665	1
A_HP_19	58	Pulse	99	4821478	8455	1
A_HP_19	58	Pulse	99	4841479	28456	1
A_HP_19	58	Pulse	99	4861479	48456	1
A_HP_19	59	Picture	response34	4863556	133	1	40229	1	0	40000	hit	314
A_HP_19	59	Response	1	4869748	6325	1
A_HP_19	59	Pulse	99	4881559	18136	1
A_HP_19	59	Pulse	99	4901479	38056	1
A_HP_19	60	Picture	response33	4914014	192	1	40229	1	0	40000	hit	318
A_HP_19	60	Response	2	4920607	6785	1
A_HP_19	60	Pulse	99	4921478	7655	1
A_HP_19	60	Pulse	99	4941559	27736	1
A_HP_19	60	Pulse	99	4961479	47656	1
A_HP_19	61	Picture	response35	4964473	250	1	40229	1	0	40000	hit	323
A_HP_19	61	Response	2	4969538	5315	1
A_HP_19	61	Pulse	99	4981479	17256	1
A_HP_19	61	Pulse	99	5001479	37256	1
A_HP_19	62	Picture	response39	5014931	308	1	40230	1	0	40000	hit	327
A_HP_19	62	Response	2	5019828	5205	1
A_HP_19	62	Pulse	99	5021478	6856	1
A_HP_19	62	Pulse	99	5041479	26856	1
A_HP_19	62	Pulse	99	5061479	46856	1
A_HP_19	63	Picture	ins7	5065223	200	1	30229	1	0	30000	other	0
A_HP_19	63	Pulse	99	5081479	16457	1
A_HP_19	63	Pulse	99	5101479	36457	1
A_HP_19	63	Pulse	99	5121479	56457	1
A_HP_19	63	Pulse	99	5141559	76537	1
A_HP_19	63	Pulse	99	5161479	96456	1
A_HP_19	63	Pulse	99	5181478	116456	1
A_HP_19	63	Pulse	99	5201559	136537	1
A_HP_19	63	Pulse	99	5221479	156457	1
A_HP_19	63	Pulse	99	5241479	176457	1
A_HP_19	63	Pulse	99	5261478	196456	1
A_HP_19	63	Pulse	99	5281479	216457	1
A_HP_19	63	Pulse	99	5301479	236456	1
A_HP_19	63	Pulse	99	5321478	256456	1
A_HP_19	63	Pulse	99	5341479	276457	1
A_HP_19	63	Pulse	99	5361479	296457	1
A_HP_19	64	Response	3	5381478	6226	1
A_HP_19	64	Pulse	99	5381478	6226	1
A_HP_19	65	Picture	response50	5382060	237	1	40229	1	0	40000	hit	350
A_HP_19	65	Response	2	5389337	7515	1
A_HP_19	65	Pulse	99	5401558	19736	1
A_HP_19	65	Pulse	99	5421478	39656	1
A_HP_19	66	Picture	response53	5432352	130	1	40229	1	0	40000	hit	354
A_HP_19	66	Response	1	5439607	7385	1
A_HP_19	66	Pulse	99	5441478	9256	1
A_HP_19	66	Pulse	99	5461479	29257	1
A_HP_19	66	Pulse	99	5481479	49257	1
A_HP_19	67	Picture	response52	5482977	354	1	40230	1	0	40000	hit	359
A_HP_19	67	Response	2	5489937	7315	1
A_HP_19	67	Pulse	99	5501478	18856	1
A_HP_19	67	Pulse	99	5521479	38856	1
A_HP_19	68	Picture	response54	5533268	246	1	40229	1	0	40000	hit	363
A_HP_19	68	Response	1	5539577	6555	1
A_HP_19	68	Pulse	99	5541478	8456	1
A_HP_19	68	Pulse	99	5561479	28456	1
A_HP_19	68	Pulse	99	5581478	48456	1
A_HP_19	69	Picture	response51	5583560	138	1	40229	1	0	40000	hit	368
A_HP_19	69	Response	1	5592257	8835	1
A_HP_19	69	Pulse	99	5601478	18056	1
A_HP_19	69	Pulse	99	5621479	38056	1
A_HP_19	70	Picture	response56	5634018	196	1	40229	1	0	40000	hit	372
A_HP_19	70	Response	2	5640367	6545	1
A_HP_19	70	Pulse	99	5641478	7655	1
A_HP_19	70	Pulse	99	5661558	27736	1
A_HP_19	70	Pulse	99	5681478	47656	1
A_HP_19	71	Picture	response55	5684477	255	1	40229	1	0	40000	hit	377
A_HP_19	71	Response	2	5691167	6945	1
A_HP_19	71	Pulse	99	5701478	17256	1
A_HP_19	71	Pulse	99	5721478	37256	1
A_HP_19	72	Picture	response49	5734935	313	1	40229	1	0	40000	hit	382
A_HP_19	72	Pulse	99	5741478	6856	1
A_HP_19	72	Response	2	5743526	8904	1
A_HP_19	72	Pulse	99	5761478	26856	1
A_HP_19	72	Pulse	99	5781478	46856	1
A_HP_19	73	Picture	ins11	5785227	205	1	30229	1	0	30000	other	0
A_HP_19	73	Pulse	99	5801478	16456	1
A_HP_19	73	Pulse	99	5821478	36456	1
A_HP_19	73	Pulse	99	5841478	56456	1
A_HP_19	73	Pulse	99	5861478	76456	1
A_HP_19	73	Pulse	99	5881478	96456	1
A_HP_19	73	Pulse	99	5901479	116457	1
A_HP_19	73	Pulse	99	5921478	136456	1
A_HP_19	73	Pulse	99	5941478	156456	1
A_HP_19	73	Pulse	99	5961478	176456	1
A_HP_19	73	Pulse	99	5981478	196456	1
A_HP_19	73	Pulse	99	6001478	216457	1
A_HP_19	73	Pulse	99	6021478	236457	1
A_HP_19	73	Pulse	99	6041478	256457	1
A_HP_19	73	Pulse	99	6061479	276457	1
A_HP_19	73	Pulse	99	6081478	296457	1
A_HP_19	74	Response	3	6101478	6227	1
A_HP_19	74	Pulse	99	6101478	6227	1
A_HP_19	75	Picture	response87	6102057	234	1	40229	1	0	40000	hit	405
A_HP_19	75	Pulse	99	6121478	19656	1
A_HP_19	75	Response	1	6121966	20144	1
A_HP_19	75	Pulse	99	6141478	39656	1
A_HP_19	76	Picture	response82	6152348	127	1	40230	1	0	40000	hit	409
A_HP_19	76	Pulse	99	6161478	9256	1
A_HP_19	76	Response	2	6168046	15825	1
A_HP_19	76	Pulse	99	6181478	29256	1
A_HP_19	76	Pulse	99	6201478	49256	1
A_HP_19	77	Picture	response83	6202973	352	1	40230	1	0	40000	incorrect	414
A_HP_19	77	Pulse	99	6221478	18856	1
A_HP_19	77	Response	2	6228776	26154	1
A_HP_19	77	Pulse	99	6241478	38856	1
A_HP_19	78	Picture	response86	6253266	244	1	40229	1	0	40000	hit	418
A_HP_19	78	Pulse	99	6261478	8457	1
A_HP_19	78	Response	1	6272276	19255	1
A_HP_19	78	Pulse	99	6281478	28456	1
A_HP_19	78	Pulse	99	6301478	48456	1
A_HP_19	79	Picture	response81	6303557	136	1	40230	1	0	40000	hit	422
A_HP_19	79	Response	2	6318487	15065	1
A_HP_19	79	Pulse	99	6321478	18056	1
A_HP_19	79	Pulse	99	6341478	38056	1
A_HP_19	80	Picture	response85	6354016	194	1	40229	1	0	40000	hit	427
A_HP_19	80	Pulse	99	6361478	7657	1
A_HP_19	80	Response	2	6369647	15825	1
A_HP_19	80	Pulse	99	6381478	27656	1
A_HP_19	80	Pulse	99	6401478	47656	1
A_HP_19	81	Picture	response84	6404474	252	1	40229	1	0	40000	hit	431
A_HP_19	81	Response	1	6413956	9735	1
A_HP_19	81	Pulse	99	6421478	17256	1
A_HP_19	81	Pulse	99	6441478	37257	1
A_HP_19	82	Picture	response88	6454932	310	1	40229	1	0	40000	hit	436
A_HP_19	82	Pulse	99	6461478	6856	1
A_HP_19	82	Response	2	6465526	10904	1
A_HP_19	82	Pulse	99	6481478	26856	1
A_HP_19	82	Pulse	99	6501478	46856	1
A_HP_19	83	Picture	ins3	6505224	203	1	30230	1	0	30000	other	0
A_HP_19	83	Pulse	99	6521478	16456	1
A_HP_19	83	Pulse	99	6541478	36457	1
A_HP_19	83	Pulse	99	6561478	56457	1
A_HP_19	83	Pulse	99	6581478	76457	1
A_HP_19	83	Pulse	99	6601478	96457	1
A_HP_19	83	Pulse	99	6621478	116457	1
A_HP_19	83	Pulse	99	6641478	136456	1
A_HP_19	83	Pulse	99	6661477	156455	1
A_HP_19	83	Pulse	99	6681479	176457	1
A_HP_19	83	Pulse	99	6701478	196456	1
A_HP_19	83	Pulse	99	6721478	216457	1
A_HP_19	83	Pulse	99	6741478	236457	1
A_HP_19	83	Pulse	99	6761478	256457	1
A_HP_19	83	Pulse	99	6781478	276456	1
A_HP_19	83	Pulse	99	6801478	296457	1
A_HP_19	84	Response	3	6821478	6227	1
A_HP_19	84	Pulse	99	6821478	6227	1
A_HP_19	85	Picture	response19	6822057	235	1	40230	1	0	40000	hit	458
A_HP_19	85	Response	2	6833256	11434	1
A_HP_19	85	Pulse	99	6841478	19656	1
A_HP_19	85	Pulse	99	6861478	39656	1
A_HP_19	86	Picture	response18	6872349	128	1	40229	1	0	40000	hit	462
A_HP_19	86	Response	2	6877356	5135	1
A_HP_19	86	Pulse	99	6881478	9256	1
A_HP_19	86	Pulse	99	6901478	29256	1
A_HP_19	86	Pulse	99	6921478	49256	1
A_HP_19	87	Picture	response17	6922974	353	1	40230	1	0	40000	hit	467
A_HP_19	87	Response	2	6927756	5135	1
A_HP_19	87	Pulse	99	6941478	18856	1
A_HP_19	87	Pulse	99	6961478	38856	1
A_HP_19	88	Picture	response23	6973266	245	1	40229	1	0	40000	hit	471
A_HP_19	88	Response	2	6978057	5035	1
A_HP_19	88	Pulse	99	6981477	8456	1
A_HP_19	88	Pulse	99	7001480	28459	1
A_HP_19	88	Pulse	99	7021478	48456	1
A_HP_19	89	Picture	response20	7023558	136	1	40229	1	0	40000	hit	476
A_HP_19	89	Response	2	7028226	4804	1
A_HP_19	89	Pulse	99	7041478	18056	1
A_HP_19	89	Pulse	99	7061478	38056	1
A_HP_19	90	Picture	response24	7074016	195	1	40229	1	0	40000	hit	480
A_HP_19	90	Response	2	7078277	4455	1
A_HP_19	90	Pulse	99	7081478	7656	1
A_HP_19	90	Pulse	99	7101478	27656	1
A_HP_19	90	Pulse	99	7121478	47656	1
A_HP_19	91	Picture	response22	7124474	253	1	40229	1	0	40000	hit	485
A_HP_19	91	Response	1	7128536	4315	1
A_HP_19	91	Pulse	99	7141478	17256	1
A_HP_19	91	Pulse	99	7161478	37256	1
A_HP_19	92	Picture	response21	7174933	311	1	40229	1	0	40000	hit	489
A_HP_19	92	Response	1	7180117	5495	1
A_HP_19	92	Pulse	99	7181477	6855	1
A_HP_19	92	Pulse	99	7201477	26856	1
A_HP_19	92	Pulse	99	7221477	46856	1
A_HP_19	93	Picture	ins1	7225224	203	1	30229	1	0	30000	other	0
A_HP_19	93	Pulse	99	7241477	16456	1
A_HP_19	93	Pulse	99	7261477	36456	1
A_HP_19	93	Pulse	99	7281478	56456	1
A_HP_19	93	Pulse	99	7301477	76456	1
A_HP_19	93	Pulse	99	7321477	96456	1
A_HP_19	93	Pulse	99	7341477	116456	1
A_HP_19	93	Pulse	99	7361477	136456	1
A_HP_19	93	Pulse	99	7381477	156456	1
A_HP_19	93	Pulse	99	7401477	176456	1
A_HP_19	93	Pulse	99	7421478	196456	1
A_HP_19	93	Pulse	99	7441478	216456	1
A_HP_19	93	Pulse	99	7461478	236456	1
A_HP_19	93	Pulse	99	7481478	256456	1
A_HP_19	93	Pulse	99	7501478	276456	1
A_HP_19	93	Pulse	99	7521477	296456	1
A_HP_19	94	Response	3	7541477	6225	1
A_HP_19	94	Pulse	99	7541477	6225	1
A_HP_19	95	Picture	response4	7542057	236	1	40229	1	0	40000	hit	512
A_HP_19	95	Response	1	7558486	16665	1
A_HP_19	95	Pulse	99	7561477	19656	1
A_HP_19	95	Pulse	99	7581478	39657	1
A_HP_19	96	Picture	response5	7592349	127	1	40230	1	0	40000	hit	516
A_HP_19	96	Response	2	7599956	7734	1
A_HP_19	96	Pulse	99	7601477	9256	1
A_HP_19	96	Pulse	99	7621478	29256	1
A_HP_19	96	Pulse	99	7641478	49256	1
A_HP_19	97	Picture	response2	7642974	352	1	40229	1	0	40000	hit	521
A_HP_19	97	Response	1	7653256	10635	1
A_HP_19	97	Pulse	99	7661477	18856	1
A_HP_19	97	Pulse	99	7681477	38856	1
A_HP_19	98	Picture	response1	7693266	245	1	40229	1	0	40000	hit	525
A_HP_19	98	Response	2	7699326	6305	1
A_HP_19	98	Pulse	99	7701477	8456	1
A_HP_19	98	Pulse	99	7721478	28456	1
A_HP_19	98	Pulse	99	7741477	48456	1
A_HP_19	99	Picture	response6	7743558	136	1	40229	1	0	40000	hit	530
A_HP_19	99	Response	2	7751146	7725	1
A_HP_19	99	Pulse	99	7761477	18056	1
A_HP_19	99	Pulse	99	7781477	38056	1
A_HP_19	100	Picture	response7	7794016	195	1	40229	1	0	40000	hit	534
A_HP_19	100	Response	2	7800776	6955	1
A_HP_19	100	Pulse	99	7801477	7656	1
A_HP_19	100	Pulse	99	7821477	27656	1
A_HP_19	100	Pulse	99	7841478	47656	1
A_HP_19	101	Picture	response3	7844474	253	1	40229	1	0	40000	hit	539
A_HP_19	101	Response	2	7850346	6125	1
A_HP_19	101	Pulse	99	7861477	17257	1
A_HP_19	101	Pulse	99	7881477	37257	1
A_HP_19	102	Picture	response8	7894932	311	1	40229	1	0	40000	hit	543
A_HP_19	102	Response	2	7901406	6785	1
A_HP_19	102	Pulse	99	7901477	6856	1
A_HP_19	102	Pulse	99	7921477	26856	1
A_HP_19	102	Pulse	99	7941478	46856	1
A_HP_19	103	Picture	ins15	7945224	203	1	30229	1	0	30000	other	0
A_HP_19	103	Pulse	99	7961477	16457	1
A_HP_19	103	Pulse	99	7981478	36458	1
A_HP_19	103	Pulse	99	8001477	56457	1
A_HP_19	103	Pulse	99	8021477	76457	1
A_HP_19	103	Pulse	99	8041477	96457	1
A_HP_19	103	Pulse	99	8061477	116457	1
A_HP_19	103	Pulse	99	8081477	136456	1
A_HP_19	103	Pulse	99	8101477	156456	1
A_HP_19	103	Pulse	99	8121477	176457	1
A_HP_19	103	Pulse	99	8141477	196457	1
A_HP_19	103	Pulse	99	8161477	216456	1
A_HP_19	103	Pulse	99	8181477	236457	1
A_HP_19	103	Pulse	99	8201477	256457	1
A_HP_19	103	Pulse	99	8221477	276457	1
A_HP_19	103	Pulse	99	8241478	296457	1
A_HP_19	104	Response	3	8261477	6226	1
A_HP_19	104	Pulse	99	8261477	6226	1
A_HP_19	105	Picture	response118	8262058	237	1	40229	1	0	40000	hit	566
A_HP_19	105	Response	1	8279786	17964	1
A_HP_19	105	Pulse	99	8281476	19655	1
A_HP_19	105	Pulse	99	8301477	39655	1
A_HP_19	106	Picture	response120	8312350	130	1	40230	1	0	40000	hit	571
A_HP_19	106	Pulse	99	8321477	9257	1
A_HP_19	106	Response	1	8326575	14354	1
A_HP_19	106	Pulse	99	8341477	29256	1
A_HP_19	106	Pulse	99	8361477	49257	1
A_HP_19	107	Picture	response115	8362976	355	1	40229	1	0	40000	hit	575
A_HP_19	107	Response	2	8373986	11365	1
A_HP_19	107	Pulse	99	8381477	18856	1
A_HP_19	107	Pulse	99	8401477	38856	1
A_HP_19	108	Picture	response117	8413267	247	1	40229	1	0	40000	hit	580
A_HP_19	108	Pulse	99	8421477	8456	1
A_HP_19	108	Response	2	8425685	12664	1
A_HP_19	108	Pulse	99	8441477	28456	1
A_HP_19	108	Pulse	99	8461477	48456	1
A_HP_19	109	Picture	response116	8463559	138	1	40230	1	0	40000	hit	584
A_HP_19	109	Response	1	8476155	12735	1
A_HP_19	109	Pulse	99	8481476	18056	1
A_HP_19	109	Pulse	99	8501477	38056	1
A_HP_19	110	Picture	response113	8514018	197	1	40229	1	0	40000	hit	589
A_HP_19	110	Pulse	99	8521477	7656	1
A_HP_19	110	Response	2	8524625	10804	1
A_HP_19	110	Pulse	99	8541477	27656	1
A_HP_19	110	Pulse	99	8561477	47656	1
A_HP_19	111	Picture	response119	8564476	255	1	40229	1	0	40000	hit	594
A_HP_19	111	Pulse	99	8581477	17256	1
A_HP_19	111	Response	1	8587175	22955	1
A_HP_19	111	Pulse	99	8601476	37256	1
A_HP_19	112	Picture	response114	8614934	313	1	40229	1	0	40000	hit	598
A_HP_19	112	Pulse	99	8621477	6857	1
A_HP_19	112	Response	2	8628046	13425	1
A_HP_19	112	Pulse	99	8641477	26856	1
A_HP_19	112	Pulse	99	8661477	46856	1
A_HP_19	113	Picture	ins13	8665226	205	1	30229	1	0	30000	other	0
A_HP_19	113	Pulse	99	8681477	16456	1
A_HP_19	113	Pulse	99	8701477	36456	1
A_HP_19	113	Pulse	99	8721477	56456	1
A_HP_19	113	Pulse	99	8741477	76456	1
A_HP_19	113	Pulse	99	8761477	96456	1
A_HP_19	113	Pulse	99	8781478	116457	1
A_HP_19	113	Pulse	99	8801477	136456	1
A_HP_19	113	Pulse	99	8821477	156456	1
A_HP_19	113	Pulse	99	8841477	176456	1
A_HP_19	113	Pulse	99	8861477	196456	1
A_HP_19	113	Pulse	99	8881477	216456	1
A_HP_19	113	Pulse	99	8901477	236456	1
A_HP_19	113	Pulse	99	8921477	256456	1
A_HP_19	113	Pulse	99	8941477	276456	1
A_HP_19	113	Pulse	99	8961477	296456	1
A_HP_19	114	Response	3	8981477	6226	1
A_HP_19	114	Pulse	99	8981477	6226	1
A_HP_19	115	Picture	response102	8982057	236	1	40229	1	0	40000	hit	620
A_HP_19	115	Response	1	8991415	9595	1
A_HP_19	115	Pulse	99	9001477	19656	1
A_HP_19	115	Pulse	99	9021477	39656	1
A_HP_19	116	Picture	response104	9032349	129	1	40229	1	0	40000	hit	625
A_HP_19	116	Pulse	99	9041477	9257	1
A_HP_19	116	Response	2	9042894	10674	1
A_HP_19	116	Pulse	99	9061477	29257	1
A_HP_19	116	Pulse	99	9081477	49257	1
A_HP_19	117	Picture	response97	9082974	353	1	40230	1	0	40000	hit	629
A_HP_19	117	Response	1	9091576	8955	1
A_HP_19	117	Pulse	99	9101476	18856	1
A_HP_19	117	Pulse	99	9121476	38856	1
A_HP_19	118	Picture	response100	9133266	246	1	40229	1	0	40000	hit	634
A_HP_19	118	Pulse	99	9141477	8456	1
A_HP_19	118	Response	2	9142135	9114	1
A_HP_19	118	Pulse	99	9161477	28457	1
A_HP_19	118	Pulse	99	9181477	48457	1
A_HP_19	119	Picture	response99	9183558	138	1	40229	1	0	40000	hit	638
A_HP_19	119	Response	2	9198935	15515	1
A_HP_19	119	Pulse	99	9201476	18055	1
A_HP_19	119	Pulse	99	9221477	38056	1
A_HP_19	120	Picture	response103	9234016	196	1	40230	1	0	40000	hit	643
A_HP_19	120	Pulse	99	9241476	7656	1
A_HP_19	120	Response	1	9242815	8995	1
A_HP_19	120	Pulse	99	9261477	27656	1
A_HP_19	120	Pulse	99	9281477	47656	1
A_HP_19	121	Picture	response101	9284475	255	1	40229	1	0	40000	hit	648
A_HP_19	121	Pulse	99	9301477	17257	1
A_HP_19	121	Response	1	9302735	18515	1
A_HP_19	121	Pulse	99	9321477	37257	1
A_HP_19	122	Picture	response98	9334934	314	1	40229	1	0	40000	hit	652
A_HP_19	122	Pulse	99	9341477	6856	1
A_HP_19	122	Response	2	9348375	13754	1
A_HP_19	122	Pulse	99	9361476	26856	1
A_HP_19	122	Pulse	99	9381477	46856	1
A_HP_19	123	Picture	thanks	9384892	0	1	10229	1	0	10000	other	0
A_HP_19	123	Pulse	99	9401477	16585	1


Event Type	Code	Type	Response	RT	RT Uncertainty	Time	Uncertainty	Duration	Uncertainty	ReqTime	ReqDur

Picture	ready	other				681792	1	10230	1	0	10000
Picture	ins17	other				742357	1	30229	1	0	30000
Picture	response130	hit	2	22838	2	1062160	1	40229	1	0	40000
Picture	response135	hit	2	30160	2	1112618	1	40229	1	0	40000
Picture	response134	hit	2	17840	2	1162909	1	40229	1	0	40000
Picture	response132	incorrect	1	21513	2	1213366	1	40229	1	0	40000
Picture	response133	hit	1	26891	2	1263658	1	40229	1	0	40000
Picture	response136	incorrect	2	26713	2	1314116	1	40229	1	0	40000
Picture	response131	hit	1	21245	2	1364574	1	40229	1	0	40000
Picture	response129	hit	1	26133	2	1414866	1	40229	1	0	40000
Picture	ins23	other				1465324	1	30229	1	0	30000
Picture	response183	hit	2	23777	2	1782161	1	40229	1	0	40000
Picture	response178	incorrect	2	22269	2	1832619	1	40229	1	0	40000
Picture	response179	hit	1	23328	2	1882911	1	40229	1	0	40000
Picture	response181	hit	2	24479	2	1933369	1	40229	1	0	40000
Picture	response184	hit	1	20747	2	1983661	1	40230	1	0	40000
Picture	response177	hit	1	18390	2	2034119	1	40229	1	0	40000
Picture	response180	incorrect	2	17781	2	2084577	1	40229	1	0	40000
Picture	response182	incorrect	2	25299	2	2134869	1	40229	1	0	40000
Picture	ins19	other				2185327	1	30229	1	0	30000
Picture	response152	hit	1	13200	2	2502059	1	40229	1	0	40000
Picture	response146	hit	1	16737	2	2552351	1	40229	1	0	40000
Picture	response148	hit	1	19562	2	2602976	1	40230	1	0	40000
Picture	response150	hit	2	17960	2	2653268	1	40229	1	0	40000
Picture	response149	hit	1	27588	2	2703560	1	40229	1	0	40000
Picture	response145	hit	1	16970	2	2754018	1	40229	1	0	40000
Picture	response151	hit	1	18331	2	2804476	1	40229	1	0	40000
Picture	response147	incorrect	1	15454	2	2854935	1	40229	1	0	40000
Picture	ins9	other				2905227	1	30229	1	0	30000
Picture	response70	hit	2	26919	2	3222059	1	40229	1	0	40000
Picture	response67	hit	2	17091	2	3272350	1	40229	1	0	40000
Picture	response68	hit	2	16803	2	3322975	1	40229	1	0	40000
Picture	response71	hit	1	12541	2	3373266	1	40229	1	0	40000
Picture	response65	hit	1	19339	2	3423559	1	40229	1	0	40000
Picture	response72	incorrect	2	22181	2	3474017	1	40229	1	0	40000
Picture	response69	hit	1	17513	2	3524475	1	40229	1	0	40000
Picture	response66	hit	1	17755	2	3574933	1	40229	1	0	40000
Picture	ins21	other				3625225	1	30229	1	0	30000
Picture	response162	incorrect	2	18720	2	3942058	1	40229	1	0	40000
Picture	response161	incorrect	2	18159	2	3992349	1	40230	1	0	40000
Picture	response165	hit	2	21314	2	4042974	1	40229	1	0	40000
Picture	response164	hit	1	21342	2	4093266	1	40229	1	0	40000
Picture	response163	hit	2	17931	2	4143557	1	40229	1	0	40000
Picture	response168	hit	2	18122	2	4194015	1	40229	1	0	40000
Picture	response166	hit	1	17443	2	4244474	1	40229	1	0	40000
Picture	response167	hit	2	15045	2	4294932	1	40229	1	0	40000
Picture	ins5	other				4345224	1	30230	1	0	30000
Picture	response40	hit	1	8791	2	4662056	1	40229	1	0	40000
Picture	response37	hit	1	5620	2	4712348	1	40230	1	0	40000
Picture	response38	hit	2	4125	2	4762973	1	40229	1	0	40000
Picture	response36	hit	1	5423	2	4813264	1	40229	1	0	40000
Picture	response34	hit	1	6192	2	4863556	1	40229	1	0	40000
Picture	response33	hit	2	6593	2	4914014	1	40229	1	0	40000
Picture	response35	hit	2	5065	2	4964473	1	40229	1	0	40000
Picture	response39	hit	2	4897	2	5014931	1	40230	1	0	40000
Picture	ins7	other				5065223	1	30229	1	0	30000
Picture	response50	hit	2	7277	2	5382060	1	40229	1	0	40000
Picture	response53	hit	1	7255	2	5432352	1	40229	1	0	40000
Picture	response52	hit	2	6961	2	5482977	1	40230	1	0	40000
Picture	response54	hit	1	6308	2	5533268	1	40229	1	0	40000
Picture	response51	hit	1	8697	2	5583560	1	40229	1	0	40000
Picture	response56	hit	2	6348	2	5634018	1	40229	1	0	40000
Picture	response55	hit	2	6690	2	5684477	1	40229	1	0	40000
Picture	response49	hit	2	8591	2	5734935	1	40229	1	0	40000
Picture	ins11	other				5785227	1	30229	1	0	30000
Picture	response87	hit	1	19909	2	6102057	1	40229	1	0	40000
Picture	response82	hit	2	15698	2	6152348	1	40230	1	0	40000
Picture	response83	incorrect	2	25803	2	6202973	1	40230	1	0	40000
Picture	response86	hit	1	19011	2	6253266	1	40229	1	0	40000
Picture	response81	hit	2	14930	2	6303557	1	40230	1	0	40000
Picture	response85	hit	2	15631	2	6354016	1	40229	1	0	40000
Picture	response84	hit	1	9483	2	6404474	1	40229	1	0	40000
Picture	response88	hit	2	10594	2	6454932	1	40229	1	0	40000
Picture	ins3	other				6505224	1	30230	1	0	30000
Picture	response19	hit	2	11199	2	6822057	1	40230	1	0	40000
Picture	response18	hit	2	5007	2	6872349	1	40229	1	0	40000
Picture	response17	hit	2	4782	2	6922974	1	40230	1	0	40000
Picture	response23	hit	2	4790	2	6973266	1	40229	1	0	40000
Picture	response20	hit	2	4668	2	7023558	1	40229	1	0	40000
Picture	response24	hit	2	4260	2	7074016	1	40229	1	0	40000
Picture	response22	hit	1	4062	2	7124474	1	40229	1	0	40000
Picture	response21	hit	1	5184	2	7174933	1	40229	1	0	40000
Picture	ins1	other				7225224	1	30229	1	0	30000
Picture	response4	hit	1	16429	2	7542057	1	40229	1	0	40000
Picture	response5	hit	2	7607	2	7592349	1	40230	1	0	40000
Picture	response2	hit	1	10282	2	7642974	1	40229	1	0	40000
Picture	response1	hit	2	6060	2	7693266	1	40229	1	0	40000
Picture	response6	hit	2	7588	2	7743558	1	40229	1	0	40000
Picture	response7	hit	2	6760	2	7794016	1	40229	1	0	40000
Picture	response3	hit	2	5872	2	7844474	1	40229	1	0	40000
Picture	response8	hit	2	6474	2	7894932	1	40229	1	0	40000
Picture	ins15	other				7945224	1	30229	1	0	30000
Picture	response118	hit	1	17727	2	8262058	1	40229	1	0	40000
Picture	response120	hit	1	14225	2	8312350	1	40230	1	0	40000
Picture	response115	hit	2	11010	2	8362976	1	40229	1	0	40000
Picture	response117	hit	2	12417	2	8413267	1	40229	1	0	40000
Picture	response116	hit	1	12596	2	8463559	1	40230	1	0	40000
Picture	response113	hit	2	10607	2	8514018	1	40229	1	0	40000
Picture	response119	hit	1	22700	2	8564476	1	40229	1	0	40000
Picture	response114	hit	2	13112	2	8614934	1	40229	1	0	40000
Picture	ins13	other				8665226	1	30229	1	0	30000
Picture	response102	hit	1	9358	2	8982057	1	40229	1	0	40000
Picture	response104	hit	2	10545	2	9032349	1	40229	1	0	40000
Picture	response97	hit	1	8602	2	9082974	1	40230	1	0	40000
Picture	response100	hit	2	8868	2	9133266	1	40229	1	0	40000
Picture	response99	hit	2	15377	2	9183558	1	40229	1	0	40000
Picture	response103	hit	1	8799	2	9234016	1	40230	1	0	40000
Picture	response101	hit	1	18260	2	9284475	1	40229	1	0	40000
Picture	response98	hit	2	13441	2	9334934	1	40229	1	0	40000
Picture	thanks	other				9384892	1	10229	1	0	10000


{
   "app": "Presentation Version 21.0 Build 06.06.19",
   "device": "LENOVO 20KHCTO1WW",
   "experiment": "{A2FC4E2A-B401-4E65-9CA9-5B09E294C871}",
   "os": "Windows 10 64 bit",
   "package": "",
   "parameters": {
      "configuration": "Default configuration"
   },
   "scenario": "Dimension experiment(1).sce",
   "subject": "A_HP_19",
   "timestamp": "2019/10/17 01:19:25 GMT"
}
