Scenario - 
Logfile written - 10/30/2019 16:37:08

Subject	Trial	Event Type	Code	Time	TTime	Uncertainty	Duration	Uncertainty	ReqTime	ReqDur	Stim Type	Pair Index

A_HP_26	1	Response	3	606266	605433	1
A_HP_26	1	Pulse	99	606266	605433	1
A_HP_26	2	Picture	ready	606498	0	1	10222	1	0	10000	other	0
A_HP_26	2	Pulse	99	626266	19768	1
A_HP_26	2	Pulse	99	646265	39768	1
A_HP_26	2	Pulse	99	666266	59768	1
A_HP_26	3	Picture	ins7	667055	232	1	30229	1	0	30000	other	0
A_HP_26	3	Pulse	99	686266	19443	1
A_HP_26	3	Pulse	99	706266	39443	1
A_HP_26	3	Pulse	99	726266	59443	1
A_HP_26	3	Pulse	99	746266	79443	1
A_HP_26	3	Pulse	99	766266	99443	1
A_HP_26	3	Pulse	99	786266	119443	1
A_HP_26	3	Pulse	99	806186	139363	1
A_HP_26	3	Pulse	99	826266	159443	1
A_HP_26	3	Pulse	99	846266	179443	1
A_HP_26	3	Pulse	99	866266	199443	1
A_HP_26	3	Pulse	99	886266	219443	1
A_HP_26	3	Pulse	99	906265	239443	1
A_HP_26	3	Pulse	99	926265	259443	1
A_HP_26	3	Pulse	99	946265	279443	1
A_HP_26	3	Pulse	99	966265	299443	1
A_HP_26	4	Response	3	986266	9213	1
A_HP_26	4	Pulse	99	986266	9213	1
A_HP_26	5	Picture	response50	986858	235	1	40230	1	0	40000	hit	26
A_HP_26	5	Response	2	998715	12092	1
A_HP_26	5	Pulse	99	1006266	19643	1
A_HP_26	5	Pulse	99	1026266	39643	1
A_HP_26	6	Picture	response55	1037317	294	1	40229	1	0	40000	hit	31
A_HP_26	6	Pulse	99	1046266	9243	1
A_HP_26	6	Response	2	1047064	10042	1
A_HP_26	6	Pulse	99	1066185	29163	1
A_HP_26	6	Pulse	99	1086266	49243	1
A_HP_26	7	Picture	response53	1087609	187	1	40230	1	0	40000	hit	35
A_HP_26	7	Response	1	1102364	14942	1
A_HP_26	7	Pulse	99	1106265	18842	1
A_HP_26	7	Pulse	99	1126185	38763	1
A_HP_26	8	Picture	response51	1138068	246	1	40229	1	0	40000	hit	40
A_HP_26	8	Pulse	99	1146265	8443	1
A_HP_26	8	Response	1	1154114	16292	1
A_HP_26	8	Pulse	99	1166265	28443	1
A_HP_26	8	Pulse	99	1186266	48443	1
A_HP_26	9	Picture	response54	1188526	304	1	40230	1	0	40000	hit	44
A_HP_26	9	Response	1	1195514	7292	1
A_HP_26	9	Pulse	99	1206266	18043	1
A_HP_26	9	Pulse	99	1226266	38043	1
A_HP_26	10	Picture	response49	1238818	197	1	40229	1	0	40000	hit	49
A_HP_26	10	Pulse	99	1246266	7644	1
A_HP_26	10	Response	2	1248494	9872	1
A_HP_26	10	Pulse	99	1266266	27644	1
A_HP_26	10	Pulse	99	1286265	47644	1
A_HP_26	11	Picture	response56	1289276	255	1	40229	1	0	40000	hit	53
A_HP_26	11	Response	2	1297714	8692	1
A_HP_26	11	Pulse	99	1306265	17243	1
A_HP_26	11	Pulse	99	1326186	37164	1
A_HP_26	12	Picture	response52	1339735	313	1	40229	1	0	40000	hit	58
A_HP_26	12	Pulse	99	1346265	6844	1
A_HP_26	12	Response	2	1355484	16062	1
A_HP_26	12	Pulse	99	1366265	26844	1
A_HP_26	12	Pulse	99	1386186	46764	1
A_HP_26	13	Picture	ins17	1390027	204	1	30229	1	0	30000	other	0
A_HP_26	13	Pulse	99	1406266	16444	1
A_HP_26	13	Pulse	99	1426265	36443	1
A_HP_26	13	Pulse	99	1446185	56363	1
A_HP_26	13	Pulse	99	1466266	76443	1
A_HP_26	13	Pulse	99	1486265	96443	1
A_HP_26	13	Pulse	99	1506265	116443	1
A_HP_26	13	Pulse	99	1526266	136443	1
A_HP_26	13	Pulse	99	1546266	156443	1
A_HP_26	13	Pulse	99	1566266	176443	1
A_HP_26	13	Pulse	99	1586185	196363	1
A_HP_26	13	Pulse	99	1606265	216443	1
A_HP_26	13	Pulse	99	1626266	236443	1
A_HP_26	13	Pulse	99	1646186	256363	1
A_HP_26	13	Pulse	99	1666265	276443	1
A_HP_26	13	Pulse	99	1686265	296443	1
A_HP_26	14	Response	3	1706185	6133	1
A_HP_26	14	Pulse	99	1706185	6133	1
A_HP_26	15	Picture	response131	1706758	236	1	40229	1	0	40000	incorrect	81
A_HP_26	15	Pulse	99	1726266	19744	1
A_HP_26	15	Response	2	1731703	25181	1
A_HP_26	15	Pulse	99	1746265	39743	1
A_HP_26	16	Picture	response133	1757216	294	1	40229	1	0	40000	hit	85
A_HP_26	16	Pulse	99	1766185	9263	1
A_HP_26	16	Response	1	1783303	26381	1
A_HP_26	16	Pulse	99	1786265	29343	1
A_HP_26	16	Pulse	99	1806265	49343	1
A_HP_26	17	Picture	response134	1807508	185	1	40396	1	0	40000	hit	90
A_HP_26	17	Pulse	99	1826265	18943	1
A_HP_26	17	Response	2	1828583	21261	1
A_HP_26	17	Pulse	99	1846185	38863	1
A_HP_26	18	Picture	response136	1857965	243	1	40230	1	0	40000	hit	95
A_HP_26	18	Pulse	99	1866265	8543	1
A_HP_26	18	Pulse	99	1886265	28543	1
A_HP_26	18	Response	1	1892454	34733	1
A_HP_26	18	Pulse	99	1906185	48463	1
A_HP_26	19	Picture	response135	1908257	136	1	40229	1	0	40000	hit	99
A_HP_26	19	Pulse	99	1926265	18143	1
A_HP_26	19	Response	2	1929304	21183	1
A_HP_26	19	Pulse	99	1946265	38144	1
A_HP_26	20	Picture	response132	1958882	361	1	40230	1	0	40000	hit	103
A_HP_26	20	Pulse	99	1966185	7663	1
A_HP_26	20	Response	2	1986074	27553	1
A_HP_26	20	Pulse	99	1986265	27744	1
A_HP_26	20	Pulse	99	2006265	47743	1
A_HP_26	21	Picture	response130	2009174	252	1	40396	1	0	40000	hit	108
A_HP_26	21	Pulse	99	2026185	17264	1
A_HP_26	21	Response	2	2045214	36293	1
A_HP_26	21	Pulse	99	2046265	37343	1
A_HP_26	22	Picture	response129	2059465	144	1	40230	1	0	40000	hit	112
A_HP_26	22	Pulse	99	2066265	6943	1
A_HP_26	22	Response	1	2080104	20782	1
A_HP_26	22	Pulse	99	2086264	26943	1
A_HP_26	22	Pulse	99	2106185	46864	1
A_HP_26	23	Picture	ins23	2109924	202	1	30230	1	0	30000	other	0
A_HP_26	23	Pulse	99	2126265	16543	1
A_HP_26	23	Pulse	99	2146265	36543	1
A_HP_26	23	Pulse	99	2166186	56464	1
A_HP_26	23	Pulse	99	2186265	76543	1
A_HP_26	23	Pulse	99	2206265	96543	1
A_HP_26	23	Pulse	99	2226185	116463	1
A_HP_26	23	Pulse	99	2246265	136543	1
A_HP_26	23	Pulse	99	2266265	156543	1
A_HP_26	23	Pulse	99	2286185	176463	1
A_HP_26	23	Pulse	99	2306265	196543	1
A_HP_26	23	Pulse	99	2326265	216542	1
A_HP_26	23	Pulse	99	2346184	236462	1
A_HP_26	23	Pulse	99	2366185	256463	1
A_HP_26	23	Pulse	99	2386265	276543	1
A_HP_26	23	Pulse	99	2406265	296543	1
A_HP_26	24	Response	3	2426185	6232	1
A_HP_26	24	Pulse	99	2426185	6232	1
A_HP_26	25	Picture	response184	2426756	235	1	40230	1	0	40000	hit	134
A_HP_26	25	Response	1	2445473	18952	1
A_HP_26	25	Pulse	99	2446264	19743	1
A_HP_26	25	Pulse	99	2466264	39743	1
A_HP_26	26	Picture	response177	2477214	293	1	40229	1	0	40000	incorrect	140
A_HP_26	26	Pulse	99	2486184	9263	1
A_HP_26	26	Pulse	99	2506264	29343	1
A_HP_26	26	Response	2	2510723	33802	1
A_HP_26	26	Pulse	99	2526265	49343	1
A_HP_26	27	Picture	response181	2527506	185	1	40396	1	0	40000	hit	144
A_HP_26	27	Pulse	99	2546185	18863	1
A_HP_26	27	Response	2	2546513	19192	1
A_HP_26	27	Pulse	99	2566265	38943	1
A_HP_26	28	Picture	response183	2577965	244	1	40229	1	0	40000	incorrect	149
A_HP_26	28	Pulse	99	2586265	8544	1
A_HP_26	28	Pulse	99	2606185	28464	1
A_HP_26	28	Response	1	2613524	35803	1
A_HP_26	28	Pulse	99	2626185	48464	1
A_HP_26	29	Picture	response179	2628257	135	1	40229	1	0	40000	hit	153
A_HP_26	29	Pulse	99	2646265	18143	1
A_HP_26	29	Response	1	2650193	22071	1
A_HP_26	29	Pulse	99	2666184	38063	1
A_HP_26	30	Picture	response182	2678881	360	1	40229	1	0	40000	incorrect	157
A_HP_26	30	Pulse	99	2686184	7663	1
A_HP_26	30	Response	2	2697774	19253	1
A_HP_26	30	Pulse	99	2706265	27744	1
A_HP_26	30	Pulse	99	2726265	47744	1
A_HP_26	31	Picture	response178	2729173	252	1	40396	1	0	40000	incorrect	162
A_HP_26	31	Pulse	99	2746184	17262	1
A_HP_26	31	Response	2	2760754	31832	1
A_HP_26	31	Pulse	99	2766265	37343	1
A_HP_26	32	Picture	response180	2779466	144	1	40229	1	0	40000	hit	167
A_HP_26	32	Pulse	99	2786265	6943	1
A_HP_26	32	Pulse	99	2806184	26863	1
A_HP_26	32	Response	1	2813643	34321	1
A_HP_26	32	Pulse	99	2826264	46943	1
A_HP_26	33	Picture	ins3	2829924	203	1	30229	1	0	30000	other	0
A_HP_26	33	Pulse	99	2846265	16544	1
A_HP_26	33	Pulse	99	2866184	36463	1
A_HP_26	33	Pulse	99	2886184	56464	1
A_HP_26	33	Pulse	99	2906265	76544	1
A_HP_26	33	Pulse	99	2926185	96464	1
A_HP_26	33	Pulse	99	2946185	116464	1
A_HP_26	33	Pulse	99	2966265	136544	1
A_HP_26	33	Pulse	99	2986184	156464	1
A_HP_26	33	Pulse	99	3006184	176463	1
A_HP_26	33	Pulse	99	3026265	196544	1
A_HP_26	33	Pulse	99	3046265	216544	1
A_HP_26	33	Pulse	99	3066185	236464	1
A_HP_26	33	Pulse	99	3086264	256543	1
A_HP_26	33	Pulse	99	3106264	276543	1
A_HP_26	33	Pulse	99	3126184	296463	1
A_HP_26	34	Response	3	3146184	6232	1
A_HP_26	34	Pulse	99	3146184	6232	1
A_HP_26	35	Picture	response18	3146757	236	1	40229	1	0	40000	hit	188
A_HP_26	35	Response	2	3155902	9382	1
A_HP_26	35	Pulse	99	3166264	19744	1
A_HP_26	35	Pulse	99	3186184	39664	1
A_HP_26	36	Picture	response19	3197215	294	1	40230	1	0	40000	hit	192
A_HP_26	36	Response	2	3202543	5622	1
A_HP_26	36	Pulse	99	3206184	9262	1
A_HP_26	36	Pulse	99	3226265	29343	1
A_HP_26	36	Pulse	99	3246185	49263	1
A_HP_26	37	Picture	response22	3247507	185	1	40229	1	0	40000	hit	197
A_HP_26	37	Response	1	3253513	6192	1
A_HP_26	37	Pulse	99	3266185	18864	1
A_HP_26	37	Pulse	99	3286265	38943	1
A_HP_26	38	Picture	response24	3297965	244	1	40229	1	0	40000	hit	202
A_HP_26	38	Pulse	99	3306264	8543	1
A_HP_26	38	Response	2	3310413	12691	1
A_HP_26	38	Pulse	99	3326184	28463	1
A_HP_26	38	Pulse	99	3346264	48543	1
A_HP_26	39	Picture	response20	3348257	136	1	40230	1	0	40000	hit	206
A_HP_26	39	Response	2	3356663	8542	1
A_HP_26	39	Pulse	99	3366264	18143	1
A_HP_26	39	Pulse	99	3386185	38063	1
A_HP_26	40	Picture	response23	3398882	360	1	40229	1	0	40000	hit	210
A_HP_26	40	Response	2	3404533	6011	1
A_HP_26	40	Pulse	99	3406183	7662	1
A_HP_26	40	Pulse	99	3426264	27742	1
A_HP_26	40	Pulse	99	3446185	47663	1
A_HP_26	41	Picture	response21	3449174	252	1	40229	1	0	40000	hit	215
A_HP_26	41	Response	1	3458322	9401	1
A_HP_26	41	Pulse	99	3466184	17263	1
A_HP_26	41	Pulse	99	3486264	37342	1
A_HP_26	42	Picture	response17	3499465	144	1	40229	1	0	40000	hit	220
A_HP_26	42	Pulse	99	3506184	6863	1
A_HP_26	42	Response	2	3506322	7001	1
A_HP_26	42	Pulse	99	3526184	26863	1
A_HP_26	42	Pulse	99	3546264	46943	1
A_HP_26	43	Picture	ins9	3549924	202	1	30229	1	0	30000	other	0
A_HP_26	43	Pulse	99	3566184	16463	1
A_HP_26	43	Pulse	99	3586184	36463	1
A_HP_26	43	Pulse	99	3606264	56543	1
A_HP_26	43	Pulse	99	3626264	76543	1
A_HP_26	43	Pulse	99	3646184	96463	1
A_HP_26	43	Pulse	99	3666184	116463	1
A_HP_26	43	Pulse	99	3686264	136543	1
A_HP_26	43	Pulse	99	3706184	156463	1
A_HP_26	43	Pulse	99	3726184	176463	1
A_HP_26	43	Pulse	99	3746265	196543	1
A_HP_26	43	Pulse	99	3766185	216463	1
A_HP_26	43	Pulse	99	3786183	236461	1
A_HP_26	43	Pulse	99	3806264	256543	1
A_HP_26	43	Pulse	99	3826185	276463	1
A_HP_26	43	Pulse	99	3846185	296463	1
A_HP_26	44	Response	3	3866264	6312	1
A_HP_26	44	Pulse	99	3866264	6312	1
A_HP_26	45	Picture	response72	3866856	235	1	40229	1	0	40000	hit	242
A_HP_26	45	Response	1	3879332	12711	1
A_HP_26	45	Pulse	99	3886183	19562	1
A_HP_26	45	Pulse	99	3906184	39562	1
A_HP_26	46	Picture	response65	3917314	294	1	40229	1	0	40000	hit	247
A_HP_26	46	Pulse	99	3926184	9163	1
A_HP_26	46	Response	1	3941233	24212	1
A_HP_26	46	Pulse	99	3946264	29243	1
A_HP_26	46	Pulse	99	3966184	49164	1
A_HP_26	47	Picture	response70	3967605	184	1	40230	1	0	40000	hit	252
A_HP_26	47	Pulse	99	3986184	18763	1
A_HP_26	47	Response	2	3991052	23631	1
A_HP_26	47	Pulse	99	4006263	38843	1
A_HP_26	48	Picture	response71	4018064	243	1	40229	1	0	40000	hit	256
A_HP_26	48	Pulse	99	4026184	8363	1
A_HP_26	48	Response	1	4026402	8581	1
A_HP_26	48	Pulse	99	4046185	28364	1
A_HP_26	48	Pulse	99	4066264	48443	1
A_HP_26	49	Picture	response67	4068522	302	1	40229	1	0	40000	hit	260
A_HP_26	49	Response	2	4083794	15573	1
A_HP_26	49	Pulse	99	4086184	17963	1
A_HP_26	49	Pulse	99	4106184	37964	1
A_HP_26	50	Picture	response68	4118814	193	1	40230	1	0	40000	hit	265
A_HP_26	50	Pulse	99	4126264	7642	1
A_HP_26	50	Response	2	4134103	15481	1
A_HP_26	50	Pulse	99	4146184	27563	1
A_HP_26	50	Pulse	99	4166184	47563	1
A_HP_26	51	Picture	response69	4169272	251	1	40229	1	0	40000	hit	270
A_HP_26	51	Pulse	99	4186184	17163	1
A_HP_26	51	Response	1	4187583	18562	1
A_HP_26	51	Pulse	99	4206184	37163	1
A_HP_26	52	Picture	response66	4219731	310	1	40229	1	0	40000	hit	274
A_HP_26	52	Pulse	99	4226183	6762	1
A_HP_26	52	Response	1	4238002	18581	1
A_HP_26	52	Pulse	99	4246184	26763	1
A_HP_26	52	Pulse	99	4266264	46843	1
A_HP_26	53	Picture	ins15	4270022	202	1	30229	1	0	30000	other	0
A_HP_26	53	Pulse	99	4286184	16363	1
A_HP_26	53	Pulse	99	4306184	36364	1
A_HP_26	53	Pulse	99	4326264	56443	1
A_HP_26	53	Pulse	99	4346184	76363	1
A_HP_26	53	Pulse	99	4366184	96363	1
A_HP_26	53	Pulse	99	4386264	116444	1
A_HP_26	53	Pulse	99	4406184	136363	1
A_HP_26	53	Pulse	99	4426184	156364	1
A_HP_26	53	Pulse	99	4446184	176363	1
A_HP_26	53	Pulse	99	4466184	196363	1
A_HP_26	53	Pulse	99	4486184	216364	1
A_HP_26	53	Pulse	99	4506183	236363	1
A_HP_26	53	Pulse	99	4526184	256363	1
A_HP_26	53	Pulse	99	4546184	276363	1
A_HP_26	53	Pulse	99	4566184	296364	1
A_HP_26	54	Response	3	4586264	6213	1
A_HP_26	54	Pulse	99	4586264	6213	1
A_HP_26	55	Picture	response117	4586856	235	1	40229	1	0	40000	hit	296
A_HP_26	55	Response	2	4598213	11592	1
A_HP_26	55	Pulse	99	4606183	19562	1
A_HP_26	55	Pulse	99	4626184	39563	1
A_HP_26	56	Picture	response114	4637314	293	1	40229	1	0	40000	hit	301
A_HP_26	56	Pulse	99	4646263	9243	1
A_HP_26	56	Response	2	4650712	13691	1
A_HP_26	56	Pulse	99	4666184	29163	1
A_HP_26	56	Pulse	99	4686183	49163	1
A_HP_26	57	Picture	response118	4687605	185	1	40229	1	0	40000	hit	305
A_HP_26	57	Response	1	4695882	8462	1
A_HP_26	57	Pulse	99	4706183	18763	1
A_HP_26	57	Pulse	99	4726186	38766	1
A_HP_26	58	Picture	response115	4738063	243	1	40229	1	0	40000	hit	310
A_HP_26	58	Pulse	99	4746184	8364	1
A_HP_26	58	Response	2	4754142	16322	1
A_HP_26	58	Pulse	99	4766183	28363	1
A_HP_26	58	Pulse	99	4786184	48364	1
A_HP_26	59	Picture	response113	4788521	301	1	40229	1	0	40000	hit	314
A_HP_26	59	Response	2	4800992	12771	1
A_HP_26	59	Pulse	99	4806183	17962	1
A_HP_26	59	Pulse	99	4826183	37963	1
A_HP_26	60	Picture	response119	4838813	193	1	40229	1	0	40000	hit	319
A_HP_26	60	Pulse	99	4846263	7643	1
A_HP_26	60	Response	1	4854342	15722	1
A_HP_26	60	Pulse	99	4866184	27563	1
A_HP_26	60	Pulse	99	4886183	47563	1
A_HP_26	61	Picture	response116	4889271	252	1	40230	1	0	40000	hit	324
A_HP_26	61	Pulse	99	4906264	17244	1
A_HP_26	61	Response	1	4907132	18112	1
A_HP_26	61	Pulse	99	4926184	37164	1
A_HP_26	62	Picture	response120	4939730	309	1	40229	1	0	40000	hit	328
A_HP_26	62	Pulse	99	4946184	6763	1
A_HP_26	62	Response	1	4955972	16552	1
A_HP_26	62	Pulse	99	4966183	26763	1
A_HP_26	62	Pulse	99	4986184	46763	1
A_HP_26	63	Picture	ins21	4990022	201	1	30229	1	0	30000	other	0
A_HP_26	63	Pulse	99	5006184	16363	1
A_HP_26	63	Pulse	99	5026184	36363	1
A_HP_26	63	Pulse	99	5046184	56363	1
A_HP_26	63	Pulse	99	5066184	76363	1
A_HP_26	63	Pulse	99	5086184	96363	1
A_HP_26	63	Pulse	99	5106184	116363	1
A_HP_26	63	Pulse	99	5126184	136363	1
A_HP_26	63	Pulse	99	5146184	156363	1
A_HP_26	63	Pulse	99	5166264	176443	1
A_HP_26	63	Pulse	99	5186184	196363	1
A_HP_26	63	Pulse	99	5206184	216363	1
A_HP_26	63	Pulse	99	5226184	236363	1
A_HP_26	63	Pulse	99	5246184	256363	1
A_HP_26	63	Pulse	99	5266183	276363	1
A_HP_26	63	Pulse	99	5286184	296363	1
A_HP_26	64	Response	3	5306184	6132	1
A_HP_26	64	Pulse	99	5306184	6132	1
A_HP_26	65	Picture	response165	5306757	236	1	40229	1	0	40000	hit	351
A_HP_26	65	Pulse	99	5326183	19663	1
A_HP_26	65	Response	2	5338132	31612	1
A_HP_26	65	Pulse	99	5346184	39664	1
A_HP_26	66	Picture	response162	5357216	295	1	40229	1	0	40000	hit	355
A_HP_26	66	Pulse	99	5366184	9263	1
A_HP_26	66	Response	1	5368492	11571	1
A_HP_26	66	Pulse	99	5386184	29263	1
A_HP_26	66	Pulse	99	5406184	49263	1
A_HP_26	67	Picture	response164	5407507	186	1	40229	1	0	40000	incorrect	360
A_HP_26	67	Pulse	99	5426183	18863	1
A_HP_26	67	Response	2	5439242	31921	1
A_HP_26	67	Pulse	99	5446183	38863	1
A_HP_26	68	Picture	response168	5457965	246	1	40229	1	0	40000	incorrect	364
A_HP_26	68	Pulse	99	5466183	8463	1
A_HP_26	68	Response	1	5470392	12672	1
A_HP_26	68	Pulse	99	5486183	28464	1
A_HP_26	68	Pulse	99	5506184	48464	1
A_HP_26	69	Picture	response163	5508257	137	1	40229	1	0	40000	hit	369
A_HP_26	69	Pulse	99	5526182	18061	1
A_HP_26	69	Response	2	5536343	28222	1
A_HP_26	69	Pulse	99	5546183	38063	1
A_HP_26	70	Picture	response166	5558882	362	1	40229	1	0	40000	hit	373
A_HP_26	70	Pulse	99	5566183	7663	1
A_HP_26	70	Response	1	5584622	26102	1
A_HP_26	70	Pulse	99	5586183	27662	1
A_HP_26	70	Pulse	99	5606182	47662	1
A_HP_26	71	Picture	response161	5609174	255	1	40229	1	0	40000	incorrect	379
A_HP_26	71	Pulse	99	5626184	17264	1
A_HP_26	71	Pulse	99	5646183	37264	1
A_HP_26	71	Response	2	5648682	39763	1
A_HP_26	72	Picture	response167	5659465	145	1	40229	1	0	40000	hit	383
A_HP_26	72	Pulse	99	5666186	6866	1
A_HP_26	72	Pulse	99	5686183	26863	1
A_HP_26	72	Response	2	5693242	33922	1
A_HP_26	72	Pulse	99	5706183	46863	1
A_HP_26	73	Picture	ins5	5709924	204	1	30229	1	0	30000	other	0
A_HP_26	73	Pulse	99	5726183	16463	1
A_HP_26	73	Pulse	99	5746183	36463	1
A_HP_26	73	Pulse	99	5766183	56463	1
A_HP_26	73	Pulse	99	5786183	76463	1
A_HP_26	73	Pulse	99	5806183	96463	1
A_HP_26	73	Pulse	99	5826183	116463	1
A_HP_26	73	Pulse	99	5846184	136463	1
A_HP_26	73	Pulse	99	5866183	156463	1
A_HP_26	73	Pulse	99	5886182	176462	1
A_HP_26	73	Pulse	99	5906183	196463	1
A_HP_26	73	Pulse	99	5926183	216463	1
A_HP_26	73	Pulse	99	5946183	236463	1
A_HP_26	73	Pulse	99	5966183	256463	1
A_HP_26	73	Pulse	99	5986184	276463	1
A_HP_26	73	Pulse	99	6006183	296463	1
A_HP_26	74	Response	3	6026184	6233	1
A_HP_26	74	Pulse	99	6026184	6233	1
A_HP_26	75	Picture	response38	6026756	236	1	40229	1	0	40000	hit	404
A_HP_26	75	Response	2	6037022	10501	1
A_HP_26	75	Pulse	99	6046183	19663	1
A_HP_26	75	Pulse	99	6066183	39663	1
A_HP_26	76	Picture	response34	6077214	295	1	40229	1	0	40000	hit	408
A_HP_26	76	Response	1	6084432	7512	1
A_HP_26	76	Pulse	99	6086182	9263	1
A_HP_26	76	Pulse	99	6106183	29263	1
A_HP_26	76	Pulse	99	6126183	49264	1
A_HP_26	77	Picture	response40	6127506	186	1	40229	1	0	40000	hit	413
A_HP_26	77	Response	1	6134311	6992	1
A_HP_26	77	Pulse	99	6146183	18863	1
A_HP_26	77	Pulse	99	6166182	38863	1
A_HP_26	78	Picture	response37	6177964	245	1	40229	1	0	40000	hit	417
A_HP_26	78	Response	1	6184282	6563	1
A_HP_26	78	Pulse	99	6186183	8463	1
A_HP_26	78	Pulse	99	6206183	28463	1
A_HP_26	78	Pulse	99	6226184	48464	1
A_HP_26	79	Picture	response33	6228255	135	1	40229	1	0	40000	hit	422
A_HP_26	79	Response	2	6235862	7742	1
A_HP_26	79	Pulse	99	6246183	18063	1
A_HP_26	79	Pulse	99	6266183	38063	1
A_HP_26	80	Picture	response35	6278880	360	1	40229	1	0	40000	hit	427
A_HP_26	80	Pulse	99	6286183	7662	1
A_HP_26	80	Response	2	6286231	7711	1
A_HP_26	80	Pulse	99	6306183	27663	1
A_HP_26	80	Pulse	99	6326183	47663	1
A_HP_26	81	Picture	response36	6329172	252	1	40229	1	0	40000	hit	431
A_HP_26	81	Response	1	6334632	5712	1
A_HP_26	81	Pulse	99	6346183	17263	1
A_HP_26	81	Pulse	99	6366183	37263	1
A_HP_26	82	Picture	response39	6379464	144	1	40229	1	0	40000	hit	436
A_HP_26	82	Pulse	99	6386183	6863	1
A_HP_26	82	Response	2	6388201	8881	1
A_HP_26	82	Pulse	99	6406183	26863	1
A_HP_26	82	Pulse	99	6426183	46863	1
A_HP_26	83	Picture	ins19	6429922	202	1	30229	1	0	30000	other	0
A_HP_26	83	Pulse	99	6446183	16463	1
A_HP_26	83	Pulse	99	6466184	36464	1
A_HP_26	83	Pulse	99	6486183	56463	1
A_HP_26	83	Pulse	99	6506183	76463	1
A_HP_26	83	Pulse	99	6526183	96463	1
A_HP_26	83	Pulse	99	6546184	116464	1
A_HP_26	83	Pulse	99	6566183	136463	1
A_HP_26	83	Pulse	99	6586183	156463	1
A_HP_26	83	Pulse	99	6606183	176463	1
A_HP_26	83	Pulse	99	6626183	196463	1
A_HP_26	83	Pulse	99	6646183	216463	1
A_HP_26	83	Pulse	99	6666183	236463	1
A_HP_26	83	Pulse	99	6686183	256463	1
A_HP_26	83	Pulse	99	6706183	276463	1
A_HP_26	83	Pulse	99	6726183	296463	1
A_HP_26	84	Response	3	6746183	6233	1
A_HP_26	84	Pulse	99	6746183	6233	1
A_HP_26	85	Picture	response152	6746755	235	1	40229	1	0	40000	hit	458
A_HP_26	85	Response	1	6762771	16251	1
A_HP_26	85	Pulse	99	6766182	19662	1
A_HP_26	85	Pulse	99	6786183	39663	1
A_HP_26	86	Picture	response148	6797212	293	1	40229	1	0	40000	hit	463
A_HP_26	86	Pulse	99	6806182	9262	1
A_HP_26	86	Response	1	6811811	14891	1
A_HP_26	86	Pulse	99	6826183	29263	1
A_HP_26	86	Pulse	99	6846183	49264	1
A_HP_26	87	Picture	response150	6847504	185	1	40396	1	0	40000	hit	467
A_HP_26	87	Response	2	6862882	15562	1
A_HP_26	87	Pulse	99	6866182	18862	1
A_HP_26	87	Pulse	99	6886183	38863	1
A_HP_26	88	Picture	response151	6897963	243	1	40229	1	0	40000	hit	473
A_HP_26	88	Pulse	99	6906183	8463	1
A_HP_26	88	Pulse	99	6926183	28463	1
A_HP_26	88	Response	1	6926451	28731	1
A_HP_26	88	Pulse	99	6946183	48463	1
A_HP_26	89	Picture	response149	6948254	135	1	40229	1	0	40000	hit	477
A_HP_26	89	Pulse	99	6966182	18063	1
A_HP_26	89	Response	1	6967650	19531	1
A_HP_26	89	Pulse	99	6986183	38063	1
A_HP_26	90	Picture	response147	6998879	359	1	40229	1	0	40000	hit	481
A_HP_26	90	Pulse	99	7006182	7662	1
A_HP_26	90	Response	2	7015841	17321	1
A_HP_26	90	Pulse	99	7026182	27662	1
A_HP_26	90	Pulse	99	7046182	47662	1
A_HP_26	91	Picture	response146	7049171	252	1	40230	1	0	40000	incorrect	486
A_HP_26	91	Pulse	99	7066182	17263	1
A_HP_26	91	Response	2	7071162	22243	1
A_HP_26	91	Pulse	99	7086183	37264	1
A_HP_26	92	Picture	response145	7099464	144	1	40229	1	0	40000	hit	490
A_HP_26	92	Pulse	99	7106183	6863	1
A_HP_26	92	Response	1	7122022	22702	1
A_HP_26	92	Pulse	99	7126182	26863	1
A_HP_26	92	Pulse	99	7146183	46863	1
A_HP_26	93	Picture	ins13	7149921	202	1	30229	1	0	30000	other	0
A_HP_26	93	Pulse	99	7166183	16463	1
A_HP_26	93	Pulse	99	7186183	36463	1
A_HP_26	93	Pulse	99	7206183	56463	1
A_HP_26	93	Pulse	99	7226183	76463	1
A_HP_26	93	Pulse	99	7246183	96463	1
A_HP_26	93	Pulse	99	7266183	116463	1
A_HP_26	93	Pulse	99	7286181	136461	1
A_HP_26	93	Pulse	99	7306182	156463	1
A_HP_26	93	Pulse	99	7326183	176463	1
A_HP_26	93	Pulse	99	7346183	196463	1
A_HP_26	93	Pulse	99	7366183	216463	1
A_HP_26	93	Pulse	99	7386183	236463	1
A_HP_26	93	Pulse	99	7406183	256463	1
A_HP_26	93	Pulse	99	7426183	276463	1
A_HP_26	93	Pulse	99	7446183	296463	1
A_HP_26	94	Response	3	7466183	6233	1
A_HP_26	94	Pulse	99	7466183	6233	1
A_HP_26	95	Picture	response102	7466754	235	1	40229	1	0	40000	hit	512
A_HP_26	95	Response	1	7480551	14031	1
A_HP_26	95	Pulse	99	7486181	19662	1
A_HP_26	95	Pulse	99	7506182	39663	1
A_HP_26	96	Picture	response104	7517213	294	1	40229	1	0	40000	hit	517
A_HP_26	96	Pulse	99	7526182	9264	1
A_HP_26	96	Response	2	7528940	12022	1
A_HP_26	96	Pulse	99	7546183	29264	1
A_HP_26	96	Pulse	99	7566182	49263	1
A_HP_26	97	Picture	response99	7567504	185	1	40230	1	0	40000	hit	521
A_HP_26	97	Response	2	7576481	9162	1
A_HP_26	97	Pulse	99	7586183	18864	1
A_HP_26	97	Pulse	99	7606183	38864	1
A_HP_26	98	Picture	response98	7617963	243	1	40229	1	0	40000	hit	526
A_HP_26	98	Pulse	99	7626182	8463	1
A_HP_26	98	Response	2	7633451	15732	1
A_HP_26	98	Pulse	99	7646182	28463	1
A_HP_26	98	Pulse	99	7666182	48463	1
A_HP_26	99	Picture	response100	7668254	135	1	40229	1	0	40000	hit	530
A_HP_26	99	Response	2	7679700	11581	1
A_HP_26	99	Pulse	99	7686182	18063	1
A_HP_26	99	Pulse	99	7706182	38063	1
A_HP_26	100	Picture	response101	7718879	360	1	40229	1	0	40000	hit	534
A_HP_26	100	Response	1	7724751	6231	1
A_HP_26	100	Pulse	99	7726181	7662	1
A_HP_26	100	Pulse	99	7746182	27662	1
A_HP_26	100	Pulse	99	7766182	47663	1
A_HP_26	101	Picture	response103	7769170	252	1	40396	1	0	40000	hit	539
A_HP_26	101	Response	1	7782031	13112	1
A_HP_26	101	Pulse	99	7786181	17263	1
A_HP_26	101	Pulse	99	7806182	37264	1
A_HP_26	102	Picture	response97	7819462	143	1	40229	1	0	40000	hit	544
A_HP_26	102	Pulse	99	7826182	6862	1
A_HP_26	102	Response	1	7831560	12241	1
A_HP_26	102	Pulse	99	7846182	26863	1
A_HP_26	102	Pulse	99	7866182	46862	1
A_HP_26	103	Picture	ins11	7869920	201	1	30230	1	0	30000	other	0
A_HP_26	103	Pulse	99	7886183	16464	1
A_HP_26	103	Pulse	99	7906182	36463	1
A_HP_26	103	Pulse	99	7926182	56463	1
A_HP_26	103	Pulse	99	7946183	76463	1
A_HP_26	103	Pulse	99	7966183	96464	1
A_HP_26	103	Pulse	99	7986182	116463	1
A_HP_26	103	Pulse	99	8006182	136463	1
A_HP_26	103	Pulse	99	8026182	156463	1
A_HP_26	103	Pulse	99	8046182	176463	1
A_HP_26	103	Pulse	99	8066182	196463	1
A_HP_26	103	Pulse	99	8086182	216463	1
A_HP_26	103	Pulse	99	8106182	236463	1
A_HP_26	103	Pulse	99	8126182	256463	1
A_HP_26	103	Pulse	99	8146182	276463	1
A_HP_26	103	Pulse	99	8166182	296462	1
A_HP_26	104	Response	3	8186182	6232	1
A_HP_26	104	Pulse	99	8186182	6232	1
A_HP_26	105	Picture	response85	8186752	234	1	40229	1	0	40000	hit	566
A_HP_26	105	Response	2	8201311	14792	1
A_HP_26	105	Pulse	99	8206181	19663	1
A_HP_26	105	Pulse	99	8226182	39664	1
A_HP_26	106	Picture	response86	8237211	292	1	40229	1	0	40000	hit	571
A_HP_26	106	Pulse	99	8246182	9263	1
A_HP_26	106	Response	1	8257471	20552	1
A_HP_26	106	Pulse	99	8266182	29263	1
A_HP_26	106	Pulse	99	8286183	49263	1
A_HP_26	107	Picture	response87	8287502	183	1	40396	1	0	40000	hit	575
A_HP_26	107	Response	1	8293871	6552	1
A_HP_26	107	Pulse	99	8306182	18863	1
A_HP_26	107	Pulse	99	8326182	38863	1
A_HP_26	108	Picture	response83	8337960	241	1	40229	1	0	40000	hit	580
A_HP_26	108	Pulse	99	8346182	8463	1
A_HP_26	108	Response	1	8347120	9401	1
A_HP_26	108	Pulse	99	8366182	28462	1
A_HP_26	108	Pulse	99	8386182	48463	1
A_HP_26	109	Picture	response81	8388252	133	1	40229	1	0	40000	hit	584
A_HP_26	109	Response	2	8405201	17082	1
A_HP_26	109	Pulse	99	8406181	18062	1
A_HP_26	109	Pulse	99	8426182	38063	1
A_HP_26	110	Picture	response88	8438876	358	1	40229	1	0	40000	hit	589
A_HP_26	110	Pulse	99	8446181	7663	1
A_HP_26	110	Response	2	8450890	12372	1
A_HP_26	110	Pulse	99	8466182	27663	1
A_HP_26	110	Pulse	99	8486181	47663	1
A_HP_26	111	Picture	response84	8489168	250	1	40396	1	0	40000	hit	593
A_HP_26	111	Response	1	8499761	10843	1
A_HP_26	111	Pulse	99	8506182	17264	1
A_HP_26	111	Pulse	99	8526183	37265	1
A_HP_26	112	Picture	response82	8539460	141	1	40229	1	0	40000	hit	598
A_HP_26	112	Pulse	99	8546182	6863	1
A_HP_26	112	Response	2	8563221	23902	1
A_HP_26	112	Pulse	99	8566182	26863	1
A_HP_26	112	Pulse	99	8586182	46863	1
A_HP_26	113	Picture	ins1	8589918	200	1	30229	1	0	30000	other	0
A_HP_26	113	Pulse	99	8606182	16463	1
A_HP_26	113	Pulse	99	8626182	36464	1
A_HP_26	113	Pulse	99	8646182	56464	1
A_HP_26	113	Pulse	99	8666182	76464	1
A_HP_26	113	Pulse	99	8686182	96464	1
A_HP_26	113	Pulse	99	8706182	116464	1
A_HP_26	113	Pulse	99	8726182	136463	1
A_HP_26	113	Pulse	99	8746182	156463	1
A_HP_26	113	Pulse	99	8766182	176463	1
A_HP_26	113	Pulse	99	8786182	196463	1
A_HP_26	113	Pulse	99	8806182	216463	1
A_HP_26	113	Pulse	99	8826182	236464	1
A_HP_26	113	Pulse	99	8846182	256463	1
A_HP_26	113	Pulse	99	8866182	276464	1
A_HP_26	113	Pulse	99	8886182	296464	1
A_HP_26	114	Response	3	8906182	6233	1
A_HP_26	114	Pulse	99	8906182	6233	1
A_HP_26	115	Picture	response7	8906754	235	1	40229	1	0	40000	hit	620
A_HP_26	115	Response	2	8921311	14792	1
A_HP_26	115	Pulse	99	8926181	19663	1
A_HP_26	115	Pulse	99	8946182	39663	1
A_HP_26	116	Picture	response4	8957212	293	1	40229	1	0	40000	hit	624
A_HP_26	116	Response	1	8965691	8772	1
A_HP_26	116	Pulse	99	8966182	9263	1
A_HP_26	116	Pulse	99	8986182	29263	1
A_HP_26	116	Pulse	99	9006182	49263	1
A_HP_26	117	Picture	response6	9007503	185	1	40229	1	0	40000	hit	629
A_HP_26	117	Response	2	9018160	10841	1
A_HP_26	117	Pulse	99	9026181	18862	1
A_HP_26	117	Pulse	99	9046182	38863	1
A_HP_26	118	Picture	response5	9057962	243	1	40229	1	0	40000	hit	634
A_HP_26	118	Pulse	99	9066182	8463	1
A_HP_26	118	Response	2	9067030	9311	1
A_HP_26	118	Pulse	99	9086182	28463	1
A_HP_26	118	Pulse	99	9106182	48463	1
A_HP_26	119	Picture	response1	9108253	134	1	40229	1	0	40000	hit	638
A_HP_26	119	Response	2	9115820	7701	1
A_HP_26	119	Pulse	99	9126181	18062	1
A_HP_26	119	Pulse	99	9146182	38063	1
A_HP_26	120	Picture	response3	9158878	360	1	40229	1	0	40000	hit	643
A_HP_26	120	Pulse	99	9166181	7663	1
A_HP_26	120	Response	2	9168249	9731	1
A_HP_26	120	Pulse	99	9186182	27664	1
A_HP_26	120	Pulse	99	9206182	47664	1
A_HP_26	121	Picture	response8	9209170	251	1	40230	1	0	40000	hit	647
A_HP_26	121	Response	2	9221510	12592	1
A_HP_26	121	Pulse	99	9226181	17262	1
A_HP_26	121	Pulse	99	9246181	37263	1
A_HP_26	122	Picture	response2	9259462	144	1	40229	1	0	40000	hit	652
A_HP_26	122	Pulse	99	9266181	6864	1
A_HP_26	122	Response	1	9270890	11572	1
A_HP_26	122	Pulse	99	9286182	26864	1
A_HP_26	122	Pulse	99	9306182	46864	1
A_HP_26	123	Picture	thanks	9309420	0	1	10229	1	0	10000	other	0
A_HP_26	123	Pulse	99	9326184	16764	1


Event Type	Code	Type	Response	RT	RT Uncertainty	Time	Uncertainty	Duration	Uncertainty	ReqTime	ReqDur

Picture	ready	other				606498	1	10222	1	0	10000
Picture	ins7	other				667055	1	30229	1	0	30000
Picture	response50	hit	2	11857	2	986858	1	40230	1	0	40000
Picture	response55	hit	2	9747	2	1037317	1	40229	1	0	40000
Picture	response53	hit	1	14755	2	1087609	1	40230	1	0	40000
Picture	response51	hit	1	16046	2	1138068	1	40229	1	0	40000
Picture	response54	hit	1	6988	2	1188526	1	40230	1	0	40000
Picture	response49	hit	2	9676	2	1238818	1	40229	1	0	40000
Picture	response56	hit	2	8438	2	1289276	1	40229	1	0	40000
Picture	response52	hit	2	15749	2	1339735	1	40229	1	0	40000
Picture	ins17	other				1390027	1	30229	1	0	30000
Picture	response131	incorrect	2	24945	2	1706758	1	40229	1	0	40000
Picture	response133	hit	1	26088	2	1757216	1	40229	1	0	40000
Picture	response134	hit	2	21076	2	1807508	1	40396	1	0	40000
Picture	response136	hit	1	34489	2	1857965	1	40230	1	0	40000
Picture	response135	hit	2	21047	2	1908257	1	40229	1	0	40000
Picture	response132	hit	2	27192	2	1958882	1	40230	1	0	40000
Picture	response130	hit	2	36040	2	2009174	1	40396	1	0	40000
Picture	response129	hit	1	20639	2	2059465	1	40230	1	0	40000
Picture	ins23	other				2109924	1	30230	1	0	30000
Picture	response184	hit	1	18717	2	2426756	1	40230	1	0	40000
Picture	response177	incorrect	2	33509	2	2477214	1	40229	1	0	40000
Picture	response181	hit	2	19008	2	2527506	1	40396	1	0	40000
Picture	response183	incorrect	1	35559	2	2577965	1	40229	1	0	40000
Picture	response179	hit	1	21936	2	2628257	1	40229	1	0	40000
Picture	response182	incorrect	2	18892	2	2678881	1	40229	1	0	40000
Picture	response178	incorrect	2	31580	2	2729173	1	40396	1	0	40000
Picture	response180	hit	1	34177	2	2779466	1	40229	1	0	40000
Picture	ins3	other				2829924	1	30229	1	0	30000
Picture	response18	hit	2	9145	2	3146757	1	40229	1	0	40000
Picture	response19	hit	2	5328	2	3197215	1	40230	1	0	40000
Picture	response22	hit	1	6006	2	3247507	1	40229	1	0	40000
Picture	response24	hit	2	12448	2	3297965	1	40229	1	0	40000
Picture	response20	hit	2	8406	2	3348257	1	40230	1	0	40000
Picture	response23	hit	2	5651	2	3398882	1	40229	1	0	40000
Picture	response21	hit	1	9149	2	3449174	1	40229	1	0	40000
Picture	response17	hit	2	6857	2	3499465	1	40229	1	0	40000
Picture	ins9	other				3549924	1	30229	1	0	30000
Picture	response72	hit	1	12476	2	3866856	1	40229	1	0	40000
Picture	response65	hit	1	23918	2	3917314	1	40229	1	0	40000
Picture	response70	hit	2	23447	2	3967605	1	40230	1	0	40000
Picture	response71	hit	1	8338	2	4018064	1	40229	1	0	40000
Picture	response67	hit	2	15272	2	4068522	1	40229	1	0	40000
Picture	response68	hit	2	15289	2	4118814	1	40230	1	0	40000
Picture	response69	hit	1	18310	2	4169272	1	40229	1	0	40000
Picture	response66	hit	1	18271	1	4219731	1	40229	1	0	40000
Picture	ins15	other				4270022	1	30229	1	0	30000
Picture	response117	hit	2	11357	2	4586856	1	40229	1	0	40000
Picture	response114	hit	2	13398	2	4637314	1	40229	1	0	40000
Picture	response118	hit	1	8277	2	4687605	1	40229	1	0	40000
Picture	response115	hit	2	16079	2	4738063	1	40229	1	0	40000
Picture	response113	hit	2	12471	2	4788521	1	40229	1	0	40000
Picture	response119	hit	1	15529	2	4838813	1	40229	1	0	40000
Picture	response116	hit	1	17861	2	4889271	1	40230	1	0	40000
Picture	response120	hit	1	16243	2	4939730	1	40229	1	0	40000
Picture	ins21	other				4990022	1	30229	1	0	30000
Picture	response165	hit	2	31376	2	5306757	1	40229	1	0	40000
Picture	response162	hit	1	11276	2	5357216	1	40229	1	0	40000
Picture	response164	incorrect	2	31735	2	5407507	1	40229	1	0	40000
Picture	response168	incorrect	1	12426	2	5457965	1	40229	1	0	40000
Picture	response163	hit	2	28085	2	5508257	1	40229	1	0	40000
Picture	response166	hit	1	25740	2	5558882	1	40229	1	0	40000
Picture	response161	incorrect	2	39508	2	5609174	1	40229	1	0	40000
Picture	response167	hit	2	33777	2	5659465	1	40229	1	0	40000
Picture	ins5	other				5709924	1	30229	1	0	30000
Picture	response38	hit	2	10266	2	6026756	1	40229	1	0	40000
Picture	response34	hit	1	7217	2	6077214	1	40229	1	0	40000
Picture	response40	hit	1	6806	2	6127506	1	40229	1	0	40000
Picture	response37	hit	1	6318	2	6177964	1	40229	1	0	40000
Picture	response33	hit	2	7606	2	6228255	1	40229	1	0	40000
Picture	response35	hit	2	7351	2	6278880	1	40229	1	0	40000
Picture	response36	hit	1	5460	2	6329172	1	40229	1	0	40000
Picture	response39	hit	2	8737	2	6379464	1	40229	1	0	40000
Picture	ins19	other				6429922	1	30229	1	0	30000
Picture	response152	hit	1	16017	2	6746755	1	40229	1	0	40000
Picture	response148	hit	1	14598	2	6797212	1	40229	1	0	40000
Picture	response150	hit	2	15377	2	6847504	1	40396	1	0	40000
Picture	response151	hit	1	28488	2	6897963	1	40229	1	0	40000
Picture	response149	hit	1	19396	2	6948254	1	40229	1	0	40000
Picture	response147	hit	2	16962	2	6998879	1	40229	1	0	40000
Picture	response146	incorrect	2	21990	2	7049171	1	40230	1	0	40000
Picture	response145	hit	1	22558	2	7099464	1	40229	1	0	40000
Picture	ins13	other				7149921	1	30229	1	0	30000
Picture	response102	hit	1	13797	2	7466754	1	40229	1	0	40000
Picture	response104	hit	2	11728	2	7517213	1	40229	1	0	40000
Picture	response99	hit	2	8977	2	7567504	1	40230	1	0	40000
Picture	response98	hit	2	15489	2	7617963	1	40229	1	0	40000
Picture	response100	hit	2	11447	1	7668254	1	40229	1	0	40000
Picture	response101	hit	1	5872	2	7718879	1	40229	1	0	40000
Picture	response103	hit	1	12860	2	7769170	1	40396	1	0	40000
Picture	response97	hit	1	12098	2	7819462	1	40229	1	0	40000
Picture	ins11	other				7869920	1	30230	1	0	30000
Picture	response85	hit	2	14558	2	8186752	1	40229	1	0	40000
Picture	response86	hit	1	20260	2	8237211	1	40229	1	0	40000
Picture	response87	hit	1	6369	2	8287502	1	40396	1	0	40000
Picture	response83	hit	1	9160	2	8337960	1	40229	1	0	40000
Picture	response81	hit	2	16949	2	8388252	1	40229	1	0	40000
Picture	response88	hit	2	12014	2	8438876	1	40229	1	0	40000
Picture	response84	hit	1	10593	2	8489168	1	40396	1	0	40000
Picture	response82	hit	2	23761	2	8539460	1	40229	1	0	40000
Picture	ins1	other				8589918	1	30229	1	0	30000
Picture	response7	hit	2	14557	2	8906754	1	40229	1	0	40000
Picture	response4	hit	1	8479	2	8957212	1	40229	1	0	40000
Picture	response6	hit	2	10657	2	9007503	1	40229	1	0	40000
Picture	response5	hit	2	9068	2	9057962	1	40229	1	0	40000
Picture	response1	hit	2	7567	2	9108253	1	40229	1	0	40000
Picture	response3	hit	2	9371	2	9158878	1	40229	1	0	40000
Picture	response8	hit	2	12340	2	9209170	1	40230	1	0	40000
Picture	response2	hit	1	11428	2	9259462	1	40229	1	0	40000
Picture	thanks	other				9309420	1	10229	1	0	10000


{
   "app": "Presentation Version 21.0 Build 06.06.19",
   "device": "LENOVO 20KHCTO1WW",
   "experiment": "{A2FC4E2A-B401-4E65-9CA9-5B09E294C871}",
   "os": "Windows 10 64 bit",
   "package": "",
   "parameters": {
      "configuration": "Default configuration"
   },
   "scenario": "Dimension experiment(1).sce",
   "subject": "A_HP_26",
   "timestamp": "2019/10/30 07:21:24 GMT"
}
