Scenario - 
Logfile written - 12/20/2019 14:45:54

Subject	Trial	Event Type	Code	Time	TTime	Uncertainty	Duration	Uncertainty	ReqTime	ReqDur	Stim Type	Pair Index

A_HP_41	1	Response	3	481437	480276	1
A_HP_41	1	Pulse	99	481437	480276	1
A_HP_41	2	Picture	ready	481610	0	1	10162	1	0	10000	other	0
A_HP_41	2	Pulse	99	501518	19907	1
A_HP_41	2	Pulse	99	521438	39827	1
A_HP_41	2	Pulse	99	541437	59827	1
A_HP_41	3	Picture	ins15	542083	146	1	30153	1	0	30000	other	0
A_HP_41	3	Pulse	99	561518	19581	1
A_HP_41	3	Pulse	99	581438	39501	1
A_HP_41	3	Pulse	99	601438	59501	1
A_HP_41	3	Pulse	99	621517	79581	1
A_HP_41	3	Pulse	99	641438	99501	1
A_HP_41	3	Pulse	99	661438	119501	1
A_HP_41	3	Pulse	99	681517	139581	1
A_HP_41	3	Pulse	99	701437	159501	1
A_HP_41	3	Pulse	99	721438	179501	1
A_HP_41	3	Pulse	99	741517	199581	1
A_HP_41	3	Pulse	99	761438	219501	1
A_HP_41	3	Pulse	99	781438	239501	1
A_HP_41	3	Pulse	99	801438	259501	1
A_HP_41	3	Pulse	99	821437	279501	1
A_HP_41	3	Pulse	99	841437	299501	1
A_HP_41	4	Response	3	861438	9328	1
A_HP_41	4	Pulse	99	861438	9328	1
A_HP_41	5	Picture	response119	861938	101	1	40148	1	0	40000	incorrect	27
A_HP_41	5	Pulse	99	881438	19601	1
A_HP_41	5	Response	2	892816	30980	1
A_HP_41	5	Pulse	99	901438	39601	1
A_HP_41	6	Picture	response118	912415	178	1	40148	1	0	40000	hit	32
A_HP_41	6	Pulse	99	921438	9201	1
A_HP_41	6	Pulse	99	941438	29201	1
A_HP_41	6	Response	1	942806	30569	1
A_HP_41	6	Pulse	99	961438	49201	1
A_HP_41	7	Picture	response117	962726	89	1	40149	1	0	40000	hit	35
A_HP_41	7	Response	2	980177	17540	1
A_HP_41	7	Pulse	99	981437	18800	1
A_HP_41	7	Pulse	99	1001438	38801	1
A_HP_41	8	Picture	response120	1013203	166	1	40149	1	0	40000	hit	40
A_HP_41	8	Pulse	99	1021438	8401	1
A_HP_41	8	Response	1	1035766	22730	1
A_HP_41	8	Pulse	99	1041438	28401	1
A_HP_41	8	Pulse	99	1061438	48401	1
A_HP_41	9	Picture	response115	1063514	77	1	40148	1	0	40000	hit	45
A_HP_41	9	Pulse	99	1081438	18001	1
A_HP_41	9	Response	2	1088236	24800	1
A_HP_41	9	Pulse	99	1101438	38001	1
A_HP_41	10	Picture	response114	1113991	154	1	40148	1	0	40000	hit	49
A_HP_41	10	Pulse	99	1121518	7681	1
A_HP_41	10	Response	2	1132947	19110	1
A_HP_41	10	Pulse	99	1141438	27601	1
A_HP_41	10	Pulse	99	1161438	47601	1
A_HP_41	11	Picture	response116	1164301	64	1	40148	1	0	40000	hit	54
A_HP_41	11	Pulse	99	1181517	17280	1
A_HP_41	11	Response	1	1182876	18639	1
A_HP_41	11	Pulse	99	1201438	37201	1
A_HP_41	12	Picture	response113	1214779	142	1	40148	1	0	40000	hit	58
A_HP_41	12	Pulse	99	1221438	6801	1
A_HP_41	12	Response	2	1238816	24179	1
A_HP_41	12	Pulse	99	1241517	26880	1
A_HP_41	12	Pulse	99	1261438	46801	1
A_HP_41	13	Picture	ins7	1265089	52	1	30153	1	0	30000	other	0
A_HP_41	13	Pulse	99	1281438	16401	1
A_HP_41	13	Pulse	99	1301438	36401	1
A_HP_41	13	Pulse	99	1321438	56401	1
A_HP_41	13	Pulse	99	1341438	76401	1
A_HP_41	13	Pulse	99	1361438	96401	1
A_HP_41	13	Pulse	99	1381438	116401	1
A_HP_41	13	Pulse	99	1401438	136401	1
A_HP_41	13	Pulse	99	1421438	156401	1
A_HP_41	13	Pulse	99	1441438	176401	1
A_HP_41	13	Pulse	99	1461438	196401	1
A_HP_41	13	Pulse	99	1481438	216401	1
A_HP_41	13	Pulse	99	1501438	236401	1
A_HP_41	13	Pulse	99	1521439	256402	1
A_HP_41	13	Pulse	99	1541438	276401	1
A_HP_41	13	Pulse	99	1561438	296401	1
A_HP_41	14	Response	3	1581439	6324	1
A_HP_41	14	Pulse	99	1581439	6324	1
A_HP_41	15	Picture	response53	1581946	108	1	40149	1	0	40000	hit	80
A_HP_41	15	Response	1	1595087	13250	1
A_HP_41	15	Pulse	99	1601438	19601	1
A_HP_41	15	Pulse	99	1621438	39601	1
A_HP_41	16	Picture	response52	1632423	186	1	40148	1	0	40000	hit	85
A_HP_41	16	Pulse	99	1641438	9201	1
A_HP_41	16	Response	2	1647167	14930	1
A_HP_41	16	Pulse	99	1661438	29201	1
A_HP_41	16	Pulse	99	1681438	49201	1
A_HP_41	17	Picture	response56	1682734	96	1	40148	1	0	40000	hit	89
A_HP_41	17	Response	2	1695037	12400	1
A_HP_41	17	Pulse	99	1701438	18801	1
A_HP_41	17	Pulse	99	1721438	38801	1
A_HP_41	18	Picture	response54	1733210	173	1	40149	1	0	40000	hit	94
A_HP_41	18	Pulse	99	1741438	8401	1
A_HP_41	18	Response	1	1741757	8719	1
A_HP_41	18	Pulse	99	1761438	28401	1
A_HP_41	18	Pulse	99	1781438	48401	1
A_HP_41	19	Picture	response51	1783521	84	1	40149	1	0	40000	hit	98
A_HP_41	19	Response	1	1799607	16170	1
A_HP_41	19	Pulse	99	1801438	18001	1
A_HP_41	19	Pulse	99	1821438	38001	1
A_HP_41	20	Picture	response50	1833998	161	1	40148	1	0	40000	hit	103
A_HP_41	20	Pulse	99	1841438	7601	1
A_HP_41	20	Response	2	1846307	12470	1
A_HP_41	20	Pulse	99	1861438	27601	1
A_HP_41	20	Pulse	99	1881438	47601	1
A_HP_41	21	Picture	response55	1884309	72	1	40149	1	0	40000	hit	107
A_HP_41	21	Response	2	1896657	12420	1
A_HP_41	21	Pulse	99	1901438	17201	1
A_HP_41	21	Pulse	99	1921438	37201	1
A_HP_41	22	Picture	response49	1934786	149	1	40148	1	0	40000	hit	112
A_HP_41	22	Pulse	99	1941438	6801	1
A_HP_41	22	Response	2	1945507	10870	1
A_HP_41	22	Pulse	99	1961439	26802	1
A_HP_41	22	Pulse	99	1981438	46801	1
A_HP_41	23	Picture	ins13	1985097	59	1	30153	1	0	30000	other	0
A_HP_41	23	Pulse	99	2001438	16401	1
A_HP_41	23	Pulse	99	2021438	36401	1
A_HP_41	23	Pulse	99	2041438	56401	1
A_HP_41	23	Pulse	99	2061438	76401	1
A_HP_41	23	Pulse	99	2081438	96401	1
A_HP_41	23	Pulse	99	2101438	116401	1
A_HP_41	23	Pulse	99	2121438	136401	1
A_HP_41	23	Pulse	99	2141438	156401	1
A_HP_41	23	Pulse	99	2161438	176401	1
A_HP_41	23	Pulse	99	2181438	196401	1
A_HP_41	23	Pulse	99	2201439	216401	1
A_HP_41	23	Pulse	99	2221439	236401	1
A_HP_41	23	Pulse	99	2241438	256401	1
A_HP_41	23	Pulse	99	2261439	276401	1
A_HP_41	23	Pulse	99	2281438	296401	1
A_HP_41	24	Response	3	2301439	6315	1
A_HP_41	24	Pulse	99	2301439	6315	1
A_HP_41	25	Picture	response97	2301953	116	1	40149	1	0	40000	hit	134
A_HP_41	25	Response	1	2318987	17150	1
A_HP_41	25	Pulse	99	2321438	19601	1
A_HP_41	25	Pulse	99	2341438	39601	1
A_HP_41	26	Picture	response103	2352430	193	1	40148	1	0	40000	hit	139
A_HP_41	26	Pulse	99	2361439	9201	1
A_HP_41	26	Response	1	2362356	10119	1
A_HP_41	26	Pulse	99	2381439	29201	1
A_HP_41	26	Pulse	99	2401439	49201	1
A_HP_41	27	Picture	response98	2402741	103	1	40149	1	0	40000	hit	143
A_HP_41	27	Response	2	2411837	9199	1
A_HP_41	27	Pulse	99	2421438	18801	1
A_HP_41	27	Pulse	99	2441439	38801	1
A_HP_41	28	Picture	response102	2453218	181	1	40148	1	0	40000	hit	148
A_HP_41	28	Pulse	99	2461439	8401	1
A_HP_41	28	Response	1	2464497	11460	1
A_HP_41	28	Pulse	99	2481439	28401	1
A_HP_41	28	Pulse	99	2501439	48401	1
A_HP_41	29	Picture	response100	2503529	91	1	40148	1	0	40000	hit	152
A_HP_41	29	Response	2	2519697	16259	1
A_HP_41	29	Pulse	99	2521438	18001	1
A_HP_41	29	Pulse	99	2541438	38001	1
A_HP_41	30	Picture	response99	2554006	168	1	40149	1	0	40000	hit	157
A_HP_41	30	Pulse	99	2561439	7601	1
A_HP_41	30	Response	2	2565997	12159	1
A_HP_41	30	Pulse	99	2581439	27601	1
A_HP_41	30	Pulse	99	2601439	47601	1
A_HP_41	31	Picture	response101	2604317	79	1	40148	1	0	40000	hit	161
A_HP_41	31	Response	1	2613667	9429	1
A_HP_41	31	Pulse	99	2621439	17201	1
A_HP_41	31	Pulse	99	2641439	37201	1
A_HP_41	32	Picture	response104	2654794	156	1	40149	1	0	40000	hit	166
A_HP_41	32	Pulse	99	2661439	6801	1
A_HP_41	32	Response	2	2663327	8690	1
A_HP_41	32	Pulse	99	2681439	26801	1
A_HP_41	32	Pulse	99	2701439	46801	1
A_HP_41	33	Picture	ins5	2705104	66	1	30153	1	0	30000	other	0
A_HP_41	33	Pulse	99	2721439	16401	1
A_HP_41	33	Pulse	99	2741439	36401	1
A_HP_41	33	Pulse	99	2761439	56401	1
A_HP_41	33	Pulse	99	2781439	76401	1
A_HP_41	33	Pulse	99	2801439	96401	1
A_HP_41	33	Pulse	99	2821439	116401	1
A_HP_41	33	Pulse	99	2841439	136401	1
A_HP_41	33	Pulse	99	2861439	156401	1
A_HP_41	33	Pulse	99	2881439	176401	1
A_HP_41	33	Pulse	99	2901439	196401	1
A_HP_41	33	Pulse	99	2921439	216401	1
A_HP_41	33	Pulse	99	2941439	236401	1
A_HP_41	33	Pulse	99	2961439	256401	1
A_HP_41	33	Pulse	99	2981439	276401	1
A_HP_41	33	Pulse	99	3001439	296401	1
A_HP_41	34	Response	3	3021439	6308	1
A_HP_41	34	Pulse	99	3021439	6308	1
A_HP_41	35	Picture	response35	3021961	123	1	40148	1	0	40000	hit	188
A_HP_41	35	Response	2	3032628	10790	1
A_HP_41	35	Pulse	99	3041439	19601	1
A_HP_41	35	Pulse	99	3061439	39601	1
A_HP_41	36	Picture	response34	3072438	200	1	40149	1	0	40000	hit	192
A_HP_41	36	Response	1	3076717	4479	1
A_HP_41	36	Pulse	99	3081439	9201	1
A_HP_41	36	Pulse	99	3101439	29201	1
A_HP_41	36	Pulse	99	3121439	49201	1
A_HP_41	37	Picture	response39	3122749	111	1	40148	1	0	40000	hit	197
A_HP_41	37	Response	2	3126588	3949	1
A_HP_41	37	Pulse	99	3141439	18801	1
A_HP_41	37	Pulse	99	3161439	38801	1
A_HP_41	38	Picture	response33	3173226	188	1	40149	1	0	40000	hit	201
A_HP_41	38	Response	2	3177148	4110	1
A_HP_41	38	Pulse	99	3181439	8401	1
A_HP_41	38	Pulse	99	3201439	28400	1
A_HP_41	38	Pulse	99	3221439	48401	1
A_HP_41	39	Picture	response40	3223536	98	1	40148	1	0	40000	hit	206
A_HP_41	39	Response	1	3227268	3830	1
A_HP_41	39	Pulse	99	3241439	18001	1
A_HP_41	39	Pulse	99	3261439	38001	1
A_HP_41	40	Picture	response36	3274014	175	1	40149	1	0	40000	hit	210
A_HP_41	40	Response	1	3277838	3999	1
A_HP_41	40	Pulse	99	3281439	7601	1
A_HP_41	40	Pulse	99	3301439	27601	1
A_HP_41	40	Pulse	99	3321439	47601	1
A_HP_41	41	Picture	response38	3324324	86	1	40149	1	0	40000	hit	215
A_HP_41	41	Response	2	3329278	5039	1
A_HP_41	41	Pulse	99	3341439	17201	1
A_HP_41	41	Pulse	99	3361439	37201	1
A_HP_41	42	Picture	response37	3374801	163	1	40149	1	0	40000	hit	219
A_HP_41	42	Response	1	3378468	3830	1
A_HP_41	42	Pulse	99	3381439	6801	1
A_HP_41	42	Pulse	99	3401439	26801	1
A_HP_41	42	Pulse	99	3421439	46801	1
A_HP_41	43	Picture	ins23	3425112	74	1	30153	1	0	30000	other	0
A_HP_41	43	Pulse	99	3441439	16401	1
A_HP_41	43	Pulse	99	3461439	36401	1
A_HP_41	43	Pulse	99	3481439	56401	1
A_HP_41	43	Pulse	99	3501439	76401	1
A_HP_41	43	Pulse	99	3521439	96401	1
A_HP_41	43	Pulse	99	3541439	116401	1
A_HP_41	43	Pulse	99	3561440	136401	1
A_HP_41	43	Pulse	99	3581439	156401	1
A_HP_41	43	Pulse	99	3601439	176401	1
A_HP_41	43	Pulse	99	3621439	196401	1
A_HP_41	43	Pulse	99	3641439	216401	1
A_HP_41	43	Pulse	99	3661439	236401	1
A_HP_41	43	Pulse	99	3681439	256401	1
A_HP_41	43	Pulse	99	3701439	276401	1
A_HP_41	43	Pulse	99	3721439	296401	1
A_HP_41	44	Response	3	3741439	6301	1
A_HP_41	44	Pulse	99	3741439	6301	1
A_HP_41	45	Picture	response180	3741968	130	1	40149	1	0	40000	hit	243
A_HP_41	45	Pulse	99	3761439	19601	1
A_HP_41	45	Response	1	3765108	23270	1
A_HP_41	45	Pulse	99	3781439	39601	1
A_HP_41	46	Picture	response177	3792446	207	1	40149	1	0	40000	incorrect	247
A_HP_41	46	Pulse	99	3801439	9201	1
A_HP_41	46	Response	2	3819358	27119	1
A_HP_41	46	Pulse	99	3821439	29201	1
A_HP_41	46	Pulse	99	3841439	49201	1
A_HP_41	47	Picture	response179	3842756	118	1	40149	1	0	40000	hit	252
A_HP_41	47	Pulse	99	3861439	18801	1
A_HP_41	47	Response	1	3868978	26339	1
A_HP_41	47	Pulse	99	3881439	38801	1
A_HP_41	48	Picture	response182	3893233	195	1	40149	1	0	40000	incorrect	257
A_HP_41	48	Pulse	99	3901439	8401	1
A_HP_41	48	Pulse	99	3921439	28401	1
A_HP_41	48	Response	2	3929648	36610	1
A_HP_41	48	Pulse	99	3941439	48401	1
A_HP_41	49	Picture	response178	3943544	105	1	40149	1	0	40000	hit	260
A_HP_41	49	Response	1	3957718	14280	1
A_HP_41	49	Pulse	99	3961439	18001	1
A_HP_41	49	Pulse	99	3981440	38001	1
A_HP_41	50	Picture	response181	3994021	183	1	40149	1	0	40000	hit	265
A_HP_41	50	Pulse	99	4001439	7601	1
A_HP_41	50	Response	2	4020738	26900	1
A_HP_41	50	Pulse	99	4021439	27601	1
A_HP_41	50	Pulse	99	4041440	47601	1
A_HP_41	51	Picture	response184	4044332	93	1	40149	1	0	40000	hit	271
A_HP_41	51	Pulse	99	4061440	17201	1
A_HP_41	51	Pulse	99	4081439	37201	1
A_HP_41	51	Response	1	4085408	41170	1
A_HP_41	52	Picture	response183	4094809	170	1	40149	1	0	40000	hit	274
A_HP_41	52	Pulse	99	4101440	6801	1
A_HP_41	52	Response	2	4116978	22340	1
A_HP_41	52	Pulse	99	4121439	26801	1
A_HP_41	52	Pulse	99	4141440	46801	1
A_HP_41	53	Picture	ins17	4145120	81	1	30153	1	0	30000	other	0
A_HP_41	53	Pulse	99	4161439	16401	1
A_HP_41	53	Pulse	99	4181439	36401	1
A_HP_41	53	Pulse	99	4201439	56401	1
A_HP_41	53	Pulse	99	4221439	76401	1
A_HP_41	53	Pulse	99	4241440	96401	1
A_HP_41	53	Pulse	99	4261439	116401	1
A_HP_41	53	Pulse	99	4281439	136401	1
A_HP_41	53	Pulse	99	4301439	156400	1
A_HP_41	53	Pulse	99	4321440	176401	1
A_HP_41	53	Pulse	99	4341440	196401	1
A_HP_41	53	Pulse	99	4361439	216401	1
A_HP_41	53	Pulse	99	4381440	236401	1
A_HP_41	53	Pulse	99	4401440	256402	1
A_HP_41	53	Pulse	99	4421440	276401	1
A_HP_41	53	Pulse	99	4441440	296401	1
A_HP_41	54	Response	3	4461440	6294	1
A_HP_41	54	Pulse	99	4461440	6294	1
A_HP_41	55	Picture	response129	4461976	137	1	40149	1	0	40000	hit	297
A_HP_41	55	Pulse	99	4481440	19601	1
A_HP_41	55	Response	1	4486719	24880	1
A_HP_41	55	Pulse	99	4501440	39601	1
A_HP_41	56	Picture	response135	4512287	48	1	40149	1	0	40000	hit	301
A_HP_41	56	Pulse	99	4521440	9201	1
A_HP_41	56	Response	2	4538509	26270	1
A_HP_41	56	Pulse	99	4541440	29201	1
A_HP_41	56	Pulse	99	4561440	49201	1
A_HP_41	57	Picture	response133	4562764	125	1	40148	1	0	40000	hit	306
A_HP_41	57	Pulse	99	4581440	18801	1
A_HP_41	57	Response	1	4584599	21960	1
A_HP_41	57	Pulse	99	4601440	38801	1
A_HP_41	58	Picture	response136	4613241	202	1	40148	1	0	40000	hit	311
A_HP_41	58	Pulse	99	4621440	8401	1
A_HP_41	58	Pulse	99	4641440	28401	1
A_HP_41	58	Response	1	4651829	38789	1
A_HP_41	58	Pulse	99	4661440	48401	1
A_HP_41	59	Picture	response130	4663552	113	1	40149	1	0	40000	hit	315
A_HP_41	59	Pulse	99	4681440	18001	1
A_HP_41	59	Response	2	4697248	33810	1
A_HP_41	59	Pulse	99	4701440	38001	1
A_HP_41	60	Picture	response131	4714029	190	1	40149	1	0	40000	hit	319
A_HP_41	60	Pulse	99	4721440	7601	1
A_HP_41	60	Response	1	4735999	22160	1
A_HP_41	60	Pulse	99	4741440	27601	1
A_HP_41	60	Pulse	99	4761440	47601	1
A_HP_41	61	Picture	response132	4764339	100	1	40148	1	0	40000	incorrect	324
A_HP_41	61	Pulse	99	4781440	17201	1
A_HP_41	61	Response	1	4799898	35659	1
A_HP_41	61	Pulse	99	4801439	37200	1
A_HP_41	62	Picture	response134	4814817	177	1	40148	1	0	40000	hit	329
A_HP_41	62	Pulse	99	4821440	6801	1
A_HP_41	62	Pulse	99	4841440	26801	1
A_HP_41	62	Response	2	4849509	34870	1
A_HP_41	62	Pulse	99	4861440	46801	1
A_HP_41	63	Picture	ins19	4865127	88	1	30153	1	0	30000	other	0
A_HP_41	63	Pulse	99	4881440	16401	1
A_HP_41	63	Pulse	99	4901440	36401	1
A_HP_41	63	Pulse	99	4921440	56401	1
A_HP_41	63	Pulse	99	4941440	76401	1
A_HP_41	63	Pulse	99	4961440	96401	1
A_HP_41	63	Pulse	99	4981440	116401	1
A_HP_41	63	Pulse	99	5001440	136401	1
A_HP_41	63	Pulse	99	5021440	156401	1
A_HP_41	63	Pulse	99	5041360	176321	1
A_HP_41	63	Pulse	99	5061440	196401	1
A_HP_41	63	Pulse	99	5081440	216401	1
A_HP_41	63	Pulse	99	5101360	236321	1
A_HP_41	63	Pulse	99	5121440	256401	1
A_HP_41	63	Pulse	99	5141440	276401	1
A_HP_41	63	Pulse	99	5161360	296321	1
A_HP_41	64	Response	3	5181440	6286	1
A_HP_41	64	Pulse	99	5181440	6286	1
A_HP_41	65	Picture	response146	5181984	144	1	40148	1	0	40000	incorrect	351
A_HP_41	65	Pulse	99	5201440	19601	1
A_HP_41	65	Response	2	5216409	34570	1
A_HP_41	65	Pulse	99	5221360	39521	1
A_HP_41	66	Picture	response149	5232294	55	1	40148	1	0	40000	hit	355
A_HP_41	66	Pulse	99	5241441	9201	1
A_HP_41	66	Response	1	5254489	22250	1
A_HP_41	66	Pulse	99	5261440	29201	1
A_HP_41	66	Pulse	99	5281361	49121	1
A_HP_41	67	Picture	response145	5282772	132	1	40148	1	0	40000	hit	360
A_HP_41	67	Pulse	99	5301440	18801	1
A_HP_41	67	Response	1	5305189	22550	1
A_HP_41	67	Pulse	99	5321440	38801	1
A_HP_41	68	Picture	response150	5333249	209	1	40149	1	0	40000	hit	364
A_HP_41	68	Pulse	99	5341360	8321	1
A_HP_41	68	Response	2	5357829	24790	1
A_HP_41	68	Pulse	99	5361440	28401	1
A_HP_41	68	Pulse	99	5381440	48401	1
A_HP_41	69	Picture	response152	5383559	120	1	40149	1	0	40000	hit	369
A_HP_41	69	Pulse	99	5401360	17921	1
A_HP_41	69	Response	1	5410199	26760	1
A_HP_41	69	Pulse	99	5421440	38001	1
A_HP_41	70	Picture	response151	5434036	197	1	40148	1	0	40000	hit	374
A_HP_41	70	Pulse	99	5441440	7601	1
A_HP_41	70	Pulse	99	5461360	27521	1
A_HP_41	70	Response	1	5469319	35480	1
A_HP_41	70	Pulse	99	5481440	47601	1
A_HP_41	71	Picture	response148	5484347	107	1	40148	1	0	40000	hit	378
A_HP_41	71	Pulse	99	5501440	17201	1
A_HP_41	71	Response	1	5509399	25160	1
A_HP_41	71	Pulse	99	5521360	37121	1
A_HP_41	72	Picture	response147	5534824	185	1	40149	1	0	40000	hit	382
A_HP_41	72	Pulse	99	5541440	6801	1
A_HP_41	72	Response	2	5559179	24540	1
A_HP_41	72	Pulse	99	5561439	26800	1
A_HP_41	72	Pulse	99	5581360	46721	1
A_HP_41	73	Picture	ins1	5585135	95	1	30153	1	0	30000	other	0
A_HP_41	73	Pulse	99	5601360	16321	1
A_HP_41	73	Pulse	99	5621440	36401	1
A_HP_41	73	Pulse	99	5641360	56321	1
A_HP_41	73	Pulse	99	5661360	76321	1
A_HP_41	73	Pulse	99	5681441	96401	1
A_HP_41	73	Pulse	99	5701440	116401	1
A_HP_41	73	Pulse	99	5721361	136321	1
A_HP_41	73	Pulse	99	5741441	156401	1
A_HP_41	73	Pulse	99	5761441	176401	1
A_HP_41	73	Pulse	99	5781360	196321	1
A_HP_41	73	Pulse	99	5801441	216401	1
A_HP_41	73	Pulse	99	5821441	236401	1
A_HP_41	73	Pulse	99	5841360	256321	1
A_HP_41	73	Pulse	99	5861441	276401	1
A_HP_41	73	Pulse	99	5881440	296401	1
A_HP_41	74	Response	3	5901360	6199	1
A_HP_41	74	Pulse	99	5901360	6199	1
A_HP_41	75	Picture	response8	5901825	85	1	40148	1	0	40000	hit	404
A_HP_41	75	Response	2	5917060	15320	1
A_HP_41	75	Pulse	99	5921440	19701	1
A_HP_41	75	Pulse	99	5941440	39701	1
A_HP_41	76	Picture	response6	5952302	162	1	40149	1	0	40000	hit	409
A_HP_41	76	Pulse	99	5961361	9221	1
A_HP_41	76	Response	2	5961388	9249	1
A_HP_41	76	Pulse	99	5981440	29301	1
A_HP_41	76	Pulse	99	6001441	49301	1
A_HP_41	77	Picture	response1	6002613	73	1	40148	1	0	40000	hit	413
A_HP_41	77	Response	2	6011129	8590	1
A_HP_41	77	Pulse	99	6021361	18821	1
A_HP_41	77	Pulse	99	6041441	38901	1
A_HP_41	78	Picture	response4	6053090	150	1	40148	1	0	40000	hit	417
A_HP_41	78	Response	1	6060629	7689	1
A_HP_41	78	Pulse	99	6061440	8500	1
A_HP_41	78	Pulse	99	6081361	28421	1
A_HP_41	78	Pulse	99	6101441	48501	1
A_HP_41	79	Picture	response7	6103400	60	1	40149	1	0	40000	hit	422
A_HP_41	79	Response	2	6110580	7240	1
A_HP_41	79	Pulse	99	6121441	18101	1
A_HP_41	79	Pulse	99	6141361	38021	1
A_HP_41	80	Picture	response3	6153877	137	1	40148	1	0	40000	hit	427
A_HP_41	80	Pulse	99	6161361	7621	1
A_HP_41	80	Response	2	6161629	7889	1
A_HP_41	80	Pulse	99	6181441	27701	1
A_HP_41	80	Pulse	99	6201361	47621	1
A_HP_41	81	Picture	response2	6204354	215	1	40148	1	0	40000	hit	431
A_HP_41	81	Response	1	6214470	10330	1
A_HP_41	81	Pulse	99	6221360	17220	1
A_HP_41	81	Pulse	99	6241441	37301	1
A_HP_41	82	Picture	response5	6254665	125	1	40149	1	0	40000	hit	436
A_HP_41	82	Pulse	99	6261361	6821	1
A_HP_41	82	Response	2	6266559	12020	1
A_HP_41	82	Pulse	99	6281360	26821	1
A_HP_41	82	Pulse	99	6301441	46901	1
A_HP_41	83	Picture	ins11	6304976	36	1	30153	1	0	30000	other	0
A_HP_41	83	Pulse	99	6321361	16421	1
A_HP_41	83	Pulse	99	6341361	36421	1
A_HP_41	83	Pulse	99	6361441	56501	1
A_HP_41	83	Pulse	99	6381361	76421	1
A_HP_41	83	Pulse	99	6401361	96421	1
A_HP_41	83	Pulse	99	6421441	116501	1
A_HP_41	83	Pulse	99	6441361	136421	1
A_HP_41	83	Pulse	99	6461361	156421	1
A_HP_41	83	Pulse	99	6481441	176501	1
A_HP_41	83	Pulse	99	6501361	196421	1
A_HP_41	83	Pulse	99	6521361	216421	1
A_HP_41	83	Pulse	99	6541441	236501	1
A_HP_41	83	Pulse	99	6561361	256421	1
A_HP_41	83	Pulse	99	6581361	276421	1
A_HP_41	83	Pulse	99	6601441	296501	1
A_HP_41	84	Response	3	6621361	6359	1
A_HP_41	84	Pulse	99	6621361	6359	1
A_HP_41	85	Picture	response88	6621832	92	1	40149	1	0	40000	hit	459
A_HP_41	85	Pulse	99	6641361	19621	1
A_HP_41	85	Response	2	6651500	29760	1
A_HP_41	85	Pulse	99	6661441	39701	1
A_HP_41	86	Picture	response81	6672309	169	1	40149	1	0	40000	hit	463
A_HP_41	86	Pulse	99	6681361	9221	1
A_HP_41	86	Response	2	6690760	18620	1
A_HP_41	86	Pulse	99	6701361	29221	1
A_HP_41	86	Pulse	99	6721361	49221	1
A_HP_41	87	Picture	response82	6722620	80	1	40148	1	0	40000	hit	468
A_HP_41	87	Pulse	99	6741361	18821	1
A_HP_41	87	Response	2	6750280	27739	1
A_HP_41	87	Pulse	99	6761361	38820	1
A_HP_41	88	Picture	response85	6773097	157	1	40149	1	0	40000	hit	472
A_HP_41	88	Pulse	99	6781361	8421	1
A_HP_41	88	Response	2	6791320	18380	1
A_HP_41	88	Pulse	99	6801361	28421	1
A_HP_41	88	Pulse	99	6821361	48421	1
A_HP_41	89	Picture	response87	6823408	68	1	40148	1	0	40000	incorrect	477
A_HP_41	89	Pulse	99	6841361	18021	1
A_HP_41	89	Response	2	6854310	30970	1
A_HP_41	89	Pulse	99	6861361	38021	1
A_HP_41	90	Picture	response84	6873885	145	1	40149	1	0	40000	hit	481
A_HP_41	90	Pulse	99	6881361	7621	1
A_HP_41	90	Response	1	6887550	13809	1
A_HP_41	90	Pulse	99	6901361	27621	1
A_HP_41	90	Pulse	99	6921361	47621	1
A_HP_41	91	Picture	response83	6924196	55	1	40148	1	0	40000	hit	485
A_HP_41	91	Response	1	6939490	15350	1
A_HP_41	91	Pulse	99	6941360	17220	1
A_HP_41	91	Pulse	99	6961361	37221	1
A_HP_41	92	Picture	response86	6974673	132	1	40148	1	0	40000	hit	490
A_HP_41	92	Pulse	99	6981441	6901	1
A_HP_41	92	Response	1	6995320	20779	1
A_HP_41	92	Pulse	99	7001361	26821	1
A_HP_41	92	Pulse	99	7021361	46821	1
A_HP_41	93	Picture	ins21	7024983	43	1	30153	1	0	30000	other	0
A_HP_41	93	Pulse	99	7041441	16501	1
A_HP_41	93	Pulse	99	7061361	36421	1
A_HP_41	93	Pulse	99	7081361	56421	1
A_HP_41	93	Pulse	99	7101441	76501	1
A_HP_41	93	Pulse	99	7121361	96421	1
A_HP_41	93	Pulse	99	7141361	116421	1
A_HP_41	93	Pulse	99	7161441	136501	1
A_HP_41	93	Pulse	99	7181361	156421	1
A_HP_41	93	Pulse	99	7201361	176421	1
A_HP_41	93	Pulse	99	7221441	196501	1
A_HP_41	93	Pulse	99	7241361	216421	1
A_HP_41	93	Pulse	99	7261361	236421	1
A_HP_41	93	Pulse	99	7281441	256501	1
A_HP_41	93	Pulse	99	7301361	276421	1
A_HP_41	93	Pulse	99	7321361	296421	1
A_HP_41	94	Response	3	7341361	6351	1
A_HP_41	94	Pulse	99	7341361	6351	1
A_HP_41	95	Picture	response162	7341840	99	1	40148	1	0	40000	incorrect	513
A_HP_41	95	Pulse	99	7361361	19621	1
A_HP_41	95	Response	2	7371920	30179	1
A_HP_41	95	Pulse	99	7381361	39620	1
A_HP_41	96	Picture	response168	7392317	176	1	40148	1	0	40000	hit	518
A_HP_41	96	Pulse	99	7401361	9221	1
A_HP_41	96	Pulse	99	7421361	29221	1
A_HP_41	96	Response	2	7434580	42439	1
A_HP_41	96	Pulse	99	7441361	49221	1
A_HP_41	97	Picture	response164	7442628	87	1	40149	1	0	40000	incorrect	521
A_HP_41	97	Response	2	7458360	15820	1
A_HP_41	97	Pulse	99	7461361	18820	1
A_HP_41	97	Pulse	99	7481361	38821	1
A_HP_41	98	Picture	response163	7493105	164	1	40148	1	0	40000	hit	526
A_HP_41	98	Pulse	99	7501361	8421	1
A_HP_41	98	Response	2	7510030	17090	1
A_HP_41	98	Pulse	99	7521361	28421	1
A_HP_41	98	Pulse	99	7541361	48421	1
A_HP_41	99	Picture	response165	7543415	75	1	40149	1	0	40000	hit	531
A_HP_41	99	Pulse	99	7561361	18021	1
A_HP_41	99	Response	2	7564510	21169	1
A_HP_41	99	Pulse	99	7581361	38021	1
A_HP_41	100	Picture	response161	7593893	152	1	40149	1	0	40000	hit	535
A_HP_41	100	Pulse	99	7601361	7621	1
A_HP_41	100	Response	1	7606980	13240	1
A_HP_41	100	Pulse	99	7621361	27621	1
A_HP_41	100	Pulse	99	7641361	47621	1
A_HP_41	101	Picture	response166	7644203	62	1	40149	1	0	40000	hit	540
A_HP_41	101	Pulse	99	7661362	17221	1
A_HP_41	101	Response	1	7669070	24929	1
A_HP_41	101	Pulse	99	7681362	37221	1
A_HP_41	102	Picture	response167	7694680	140	1	40148	1	0	40000	hit	544
A_HP_41	102	Pulse	99	7701361	6821	1
A_HP_41	102	Response	2	7716990	22450	1
A_HP_41	102	Pulse	99	7721361	26821	1
A_HP_41	102	Pulse	99	7741361	46821	1
A_HP_41	103	Picture	ins3	7744991	50	1	30153	1	0	30000	other	0
A_HP_41	103	Pulse	99	7761361	16420	1
A_HP_41	103	Pulse	99	7781362	36421	1
A_HP_41	103	Pulse	99	7801362	56421	1
A_HP_41	103	Pulse	99	7821361	76421	1
A_HP_41	103	Pulse	99	7841362	96421	1
A_HP_41	103	Pulse	99	7861361	116421	1
A_HP_41	103	Pulse	99	7881362	136422	1
A_HP_41	103	Pulse	99	7901362	156421	1
A_HP_41	103	Pulse	99	7921362	176421	1
A_HP_41	103	Pulse	99	7941361	196421	1
A_HP_41	103	Pulse	99	7961362	216421	1
A_HP_41	103	Pulse	99	7981362	236421	1
A_HP_41	103	Pulse	99	8001361	256421	1
A_HP_41	103	Pulse	99	8021362	276421	1
A_HP_41	103	Pulse	99	8041362	296421	1
A_HP_41	104	Response	3	8061362	6344	1
A_HP_41	104	Pulse	99	8061362	6344	1
A_HP_41	105	Picture	response21	8061847	107	1	40149	1	0	40000	hit	566
A_HP_41	105	Response	1	8067210	5469	1
A_HP_41	105	Pulse	99	8081362	19621	1
A_HP_41	105	Pulse	99	8101362	39621	1
A_HP_41	106	Picture	response23	8112325	184	1	40149	1	0	40000	hit	570
A_HP_41	106	Response	2	8119840	7699	1
A_HP_41	106	Pulse	99	8121362	9221	1
A_HP_41	106	Pulse	99	8141362	29221	1
A_HP_41	106	Pulse	99	8161362	49221	1
A_HP_41	107	Picture	response18	8162635	94	1	40148	1	0	40000	hit	575
A_HP_41	107	Response	2	8169141	6600	1
A_HP_41	107	Pulse	99	8181362	18821	1
A_HP_41	107	Pulse	99	8201362	38821	1
A_HP_41	108	Picture	response22	8213112	171	1	40149	1	0	40000	hit	579
A_HP_41	108	Response	1	8217301	4360	1
A_HP_41	108	Pulse	99	8221362	8421	1
A_HP_41	108	Pulse	99	8241361	28420	1
A_HP_41	108	Pulse	99	8261362	48421	1
A_HP_41	109	Picture	response24	8263423	82	1	40149	1	0	40000	hit	584
A_HP_41	109	Response	2	8267580	4240	1
A_HP_41	109	Pulse	99	8281362	18021	1
A_HP_41	109	Pulse	99	8301362	38021	1
A_HP_41	110	Picture	response19	8313900	159	1	40148	1	0	40000	hit	588
A_HP_41	110	Response	2	8321341	7600	1
A_HP_41	110	Pulse	99	8321361	7620	1
A_HP_41	110	Pulse	99	8341362	27621	1
A_HP_41	110	Pulse	99	8361362	47621	1
A_HP_41	111	Picture	response17	8364211	70	1	40149	1	0	40000	hit	593
A_HP_41	111	Response	2	8368811	4670	1
A_HP_41	111	Pulse	99	8381362	17221	1
A_HP_41	111	Pulse	99	8401362	37221	1
A_HP_41	112	Picture	response20	8414688	147	1	40149	1	0	40000	hit	597
A_HP_41	112	Response	2	8420131	5590	1
A_HP_41	112	Pulse	99	8421362	6821	1
A_HP_41	112	Pulse	99	8441362	26821	1
A_HP_41	112	Pulse	99	8461362	46821	1
A_HP_41	113	Picture	ins9	8464999	57	1	30153	1	0	30000	other	0
A_HP_41	113	Pulse	99	8481362	16421	1
A_HP_41	113	Pulse	99	8501362	36421	1
A_HP_41	113	Pulse	99	8521362	56421	1
A_HP_41	113	Pulse	99	8541362	76421	1
A_HP_41	113	Pulse	99	8561362	96421	1
A_HP_41	113	Pulse	99	8581362	116421	1
A_HP_41	113	Pulse	99	8601362	136421	1
A_HP_41	113	Pulse	99	8621362	156421	1
A_HP_41	113	Pulse	99	8641362	176421	1
A_HP_41	113	Pulse	99	8661362	196421	1
A_HP_41	113	Pulse	99	8681362	216421	1
A_HP_41	113	Pulse	99	8701362	236421	1
A_HP_41	113	Pulse	99	8721362	256420	1
A_HP_41	113	Pulse	99	8741362	276421	1
A_HP_41	113	Pulse	99	8761362	296421	1
A_HP_41	114	Response	3	8781362	6337	1
A_HP_41	114	Pulse	99	8781362	6337	1
A_HP_41	115	Picture	response70	8781855	114	1	40149	1	0	40000	hit	620
A_HP_41	115	Response	2	8800581	18840	1
A_HP_41	115	Pulse	99	8801362	19621	1
A_HP_41	115	Pulse	99	8821362	39621	1
A_HP_41	116	Picture	response71	8832332	191	1	40149	1	0	40000	hit	626
A_HP_41	116	Pulse	99	8841362	9221	1
A_HP_41	116	Pulse	99	8861362	29221	1
A_HP_41	116	Response	1	8866111	33970	1
A_HP_41	116	Pulse	99	8881362	49221	1
A_HP_41	117	Picture	response65	8882643	101	1	40148	1	0	40000	hit	630
A_HP_41	117	Pulse	99	8901362	18821	1
A_HP_41	117	Response	1	8914811	32269	1
A_HP_41	117	Pulse	99	8921362	38821	1
A_HP_41	118	Picture	response66	8933120	179	1	40149	1	0	40000	hit	635
A_HP_41	118	Pulse	99	8941362	8421	1
A_HP_41	118	Pulse	99	8961362	28421	1
A_HP_41	118	Response	1	8962511	29570	1
A_HP_41	118	Pulse	99	8981362	48421	1
A_HP_41	119	Picture	response67	8983430	89	1	40149	1	0	40000	hit	638
A_HP_41	119	Response	2	8998472	15130	1
A_HP_41	119	Pulse	99	9001362	18020	1
A_HP_41	119	Pulse	99	9021362	38021	1
A_HP_41	120	Picture	response72	9033908	166	1	40148	1	0	40000	hit	643
A_HP_41	120	Pulse	99	9041362	7621	1
A_HP_41	120	Response	1	9047081	13340	1
A_HP_41	120	Pulse	99	9061362	27621	1
A_HP_41	120	Pulse	99	9081362	47621	1
A_HP_41	121	Picture	response69	9084218	77	1	40148	1	0	40000	hit	648
A_HP_41	121	Pulse	99	9101362	17221	1
A_HP_41	121	Response	1	9108922	24781	1
A_HP_41	121	Pulse	99	9121362	37221	1
A_HP_41	122	Picture	response68	9134695	154	1	40149	1	0	40000	hit	652
A_HP_41	122	Pulse	99	9141362	6821	1
A_HP_41	122	Response	2	9160401	25860	1
A_HP_41	122	Pulse	99	9161362	26821	1
A_HP_41	122	Pulse	99	9181362	46821	1
A_HP_41	123	Picture	thanks	9184673	0	1	10162	1	0	10000	other	0
A_HP_41	123	Pulse	99	9201362	16689	1


Event Type	Code	Type	Response	RT	RT Uncertainty	Time	Uncertainty	Duration	Uncertainty	ReqTime	ReqDur

Picture	ready	other				481610	1	10162	1	0	10000
Picture	ins15	other				542083	1	30153	1	0	30000
Picture	response119	incorrect	2	30878	2	861938	1	40148	1	0	40000
Picture	response118	hit	1	30391	2	912415	1	40148	1	0	40000
Picture	response117	hit	2	17451	2	962726	1	40149	1	0	40000
Picture	response120	hit	1	22563	2	1013203	1	40149	1	0	40000
Picture	response115	hit	2	24723	2	1063514	1	40148	1	0	40000
Picture	response114	hit	2	18956	2	1113991	1	40148	1	0	40000
Picture	response116	hit	1	18575	2	1164301	1	40148	1	0	40000
Picture	response113	hit	2	24038	2	1214779	1	40148	1	0	40000
Picture	ins7	other				1265089	1	30153	1	0	30000
Picture	response53	hit	1	13141	2	1581946	1	40149	1	0	40000
Picture	response52	hit	2	14744	2	1632423	1	40148	1	0	40000
Picture	response56	hit	2	12304	2	1682734	1	40148	1	0	40000
Picture	response54	hit	1	8546	2	1733210	1	40149	1	0	40000
Picture	response51	hit	1	16086	2	1783521	1	40149	1	0	40000
Picture	response50	hit	2	12308	2	1833998	1	40148	1	0	40000
Picture	response55	hit	2	12348	2	1884309	1	40149	1	0	40000
Picture	response49	hit	2	10721	2	1934786	1	40148	1	0	40000
Picture	ins13	other				1985097	1	30153	1	0	30000
Picture	response97	hit	1	17034	2	2301953	1	40149	1	0	40000
Picture	response103	hit	1	9926	2	2352430	1	40148	1	0	40000
Picture	response98	hit	2	9096	2	2402741	1	40149	1	0	40000
Picture	response102	hit	1	11279	2	2453218	1	40148	1	0	40000
Picture	response100	hit	2	16168	2	2503529	1	40148	1	0	40000
Picture	response99	hit	2	11991	2	2554006	1	40149	1	0	40000
Picture	response101	hit	1	9351	2	2604317	1	40148	1	0	40000
Picture	response104	hit	2	8534	2	2654794	1	40149	1	0	40000
Picture	ins5	other				2705104	1	30153	1	0	30000
Picture	response35	hit	2	10667	2	3021961	1	40148	1	0	40000
Picture	response34	hit	1	4279	2	3072438	1	40149	1	0	40000
Picture	response39	hit	2	3839	2	3122749	1	40148	1	0	40000
Picture	response33	hit	2	3922	2	3173226	1	40149	1	0	40000
Picture	response40	hit	1	3732	2	3223536	1	40148	1	0	40000
Picture	response36	hit	1	3824	2	3274014	1	40149	1	0	40000
Picture	response38	hit	2	4954	2	3324324	1	40149	1	0	40000
Picture	response37	hit	1	3667	2	3374801	1	40149	1	0	40000
Picture	ins23	other				3425112	1	30153	1	0	30000
Picture	response180	hit	1	23140	2	3741968	1	40149	1	0	40000
Picture	response177	incorrect	2	26912	2	3792446	1	40149	1	0	40000
Picture	response179	hit	1	26222	2	3842756	1	40149	1	0	40000
Picture	response182	incorrect	2	36415	2	3893233	1	40149	1	0	40000
Picture	response178	hit	1	14174	2	3943544	1	40149	1	0	40000
Picture	response181	hit	2	26717	2	3994021	1	40149	1	0	40000
Picture	response184	hit	1	41077	2	4044332	1	40149	1	0	40000
Picture	response183	hit	2	22169	2	4094809	1	40149	1	0	40000
Picture	ins17	other				4145120	1	30153	1	0	30000
Picture	response129	hit	1	24743	2	4461976	1	40149	1	0	40000
Picture	response135	hit	2	26222	2	4512287	1	40149	1	0	40000
Picture	response133	hit	1	21835	2	4562764	1	40148	1	0	40000
Picture	response136	hit	1	38587	2	4613241	1	40148	1	0	40000
Picture	response130	hit	2	33697	2	4663552	1	40149	1	0	40000
Picture	response131	hit	1	21970	2	4714029	1	40149	1	0	40000
Picture	response132	incorrect	1	35559	2	4764339	1	40148	1	0	40000
Picture	response134	hit	2	34692	2	4814817	1	40148	1	0	40000
Picture	ins19	other				4865127	1	30153	1	0	30000
Picture	response146	incorrect	2	34425	2	5181984	1	40148	1	0	40000
Picture	response149	hit	1	22195	2	5232294	1	40148	1	0	40000
Picture	response145	hit	1	22417	2	5282772	1	40148	1	0	40000
Picture	response150	hit	2	24581	2	5333249	1	40149	1	0	40000
Picture	response152	hit	1	26640	2	5383559	1	40149	1	0	40000
Picture	response151	hit	1	35283	2	5434036	1	40148	1	0	40000
Picture	response148	hit	1	25052	2	5484347	1	40148	1	0	40000
Picture	response147	hit	2	24355	2	5534824	1	40149	1	0	40000
Picture	ins1	other				5585135	1	30153	1	0	30000
Picture	response8	hit	2	15235	2	5901825	1	40148	1	0	40000
Picture	response6	hit	2	9087	2	5952302	1	40149	1	0	40000
Picture	response1	hit	2	8517	2	6002613	1	40148	1	0	40000
Picture	response4	hit	1	7539	2	6053090	1	40148	1	0	40000
Picture	response7	hit	2	7179	2	6103400	1	40149	1	0	40000
Picture	response3	hit	2	7751	2	6153877	1	40148	1	0	40000
Picture	response2	hit	1	10115	2	6204354	1	40148	1	0	40000
Picture	response5	hit	2	11894	2	6254665	1	40149	1	0	40000
Picture	ins11	other				6304976	1	30153	1	0	30000
Picture	response88	hit	2	29668	2	6621832	1	40149	1	0	40000
Picture	response81	hit	2	18450	2	6672309	1	40149	1	0	40000
Picture	response82	hit	2	27660	2	6722620	1	40148	1	0	40000
Picture	response85	hit	2	18223	2	6773097	1	40149	1	0	40000
Picture	response87	incorrect	2	30902	2	6823408	1	40148	1	0	40000
Picture	response84	hit	1	13665	2	6873885	1	40149	1	0	40000
Picture	response83	hit	1	15294	2	6924196	1	40148	1	0	40000
Picture	response86	hit	1	20647	2	6974673	1	40148	1	0	40000
Picture	ins21	other				7024983	1	30153	1	0	30000
Picture	response162	incorrect	2	30080	2	7341840	1	40148	1	0	40000
Picture	response168	hit	2	42263	2	7392317	1	40148	1	0	40000
Picture	response164	incorrect	2	15733	2	7442628	1	40149	1	0	40000
Picture	response163	hit	2	16926	2	7493105	1	40148	1	0	40000
Picture	response165	hit	2	21095	2	7543415	1	40149	1	0	40000
Picture	response161	hit	1	13088	2	7593893	1	40149	1	0	40000
Picture	response166	hit	1	24867	2	7644203	1	40149	1	0	40000
Picture	response167	hit	2	22310	2	7694680	1	40148	1	0	40000
Picture	ins3	other				7744991	1	30153	1	0	30000
Picture	response21	hit	1	5363	2	8061847	1	40149	1	0	40000
Picture	response23	hit	2	7516	2	8112325	1	40149	1	0	40000
Picture	response18	hit	2	6505	2	8162635	1	40148	1	0	40000
Picture	response22	hit	1	4188	2	8213112	1	40149	1	0	40000
Picture	response24	hit	2	4158	2	8263423	1	40149	1	0	40000
Picture	response19	hit	2	7441	2	8313900	1	40148	1	0	40000
Picture	response17	hit	2	4600	2	8364211	1	40149	1	0	40000
Picture	response20	hit	2	5443	2	8414688	1	40149	1	0	40000
Picture	ins9	other				8464999	1	30153	1	0	30000
Picture	response70	hit	2	18726	2	8781855	1	40149	1	0	40000
Picture	response71	hit	1	33779	2	8832332	1	40149	1	0	40000
Picture	response65	hit	1	32168	2	8882643	1	40148	1	0	40000
Picture	response66	hit	1	29391	2	8933120	1	40149	1	0	40000
Picture	response67	hit	2	15041	2	8983430	1	40149	1	0	40000
Picture	response72	hit	1	13173	2	9033908	1	40148	1	0	40000
Picture	response69	hit	1	24704	2	9084218	1	40148	1	0	40000
Picture	response68	hit	2	25706	2	9134695	1	40149	1	0	40000
Picture	thanks	other				9184673	1	10162	1	0	10000


{
   "app": "Presentation Version 21.1 Build 09.05.19",
   "device": "LENOVO 20FBCTO1WW",
   "experiment": "{A2FC4E2A-B401-4E65-9CA9-5B09E294C871}",
   "os": "Windows 10 64 bit",
   "package": "",
   "parameters": {
      "configuration": "Default configuration"
   },
   "scenario": "Dimension experiment(1).sce",
   "subject": "A_HP_41",
   "timestamp": "2019/12/20 05:30:23 GMT"
}
