Scenario - 
Logfile written - 09/27/2019 11:58:08

Subject	Trial	Event Type	Code	Time	TTime	Uncertainty	Duration	Uncertainty	ReqTime	ReqDur	Stim Type	Pair Index

A_HP_15	1	Response	3	397972	397139	1
A_HP_15	1	Pulse	99	397972	397139	1
A_HP_15	2	Picture	ready	398204	0	1	10229	1	0	10000	other	0
A_HP_15	2	Pulse	99	417892	19688	1
A_HP_15	2	Pulse	99	437893	39689	1
A_HP_15	2	Pulse	99	457972	59768	1
A_HP_15	3	Picture	ins23	458761	232	1	30229	1	0	30000	other	0
A_HP_15	3	Pulse	99	477972	19443	1
A_HP_15	3	Pulse	99	497892	39363	1
A_HP_15	3	Pulse	99	517972	59443	1
A_HP_15	3	Pulse	99	537972	79444	1
A_HP_15	3	Pulse	99	557892	99364	1
A_HP_15	3	Pulse	99	577972	119444	1
A_HP_15	3	Pulse	99	597972	139444	1
A_HP_15	3	Pulse	99	617892	159364	1
A_HP_15	3	Pulse	99	637892	179364	1
A_HP_15	3	Pulse	99	657972	199444	1
A_HP_15	3	Pulse	99	677892	219363	1
A_HP_15	3	Pulse	99	697892	239364	1
A_HP_15	3	Pulse	99	717972	259444	1
A_HP_15	3	Pulse	99	737892	279363	1
A_HP_15	3	Pulse	99	757893	299364	1
A_HP_15	4	Response	3	777972	9213	1
A_HP_15	4	Pulse	99	777972	9213	1
A_HP_15	5	Picture	response178	778563	235	1	40229	1	0	40000	hit	27
A_HP_15	5	Pulse	99	797892	19565	1
A_HP_15	5	Response	1	808211	29884	1
A_HP_15	5	Pulse	99	817893	39565	1
A_HP_15	6	Picture	response180	829021	293	1	40230	1	0	40000	hit	31
A_HP_15	6	Pulse	99	837972	9244	1
A_HP_15	6	Response	1	856121	27393	1
A_HP_15	6	Pulse	99	857892	29163	1
A_HP_15	6	Pulse	99	877892	49164	1
A_HP_15	7	Picture	response182	879313	184	1	40229	1	0	40000	hit	36
A_HP_15	7	Pulse	99	897973	18844	1
A_HP_15	7	Response	1	898620	19491	1
A_HP_15	7	Pulse	99	917893	38764	1
A_HP_15	8	Picture	response177	929771	243	1	40229	1	0	40000	hit	41
A_HP_15	8	Pulse	99	937892	8364	1
A_HP_15	8	Pulse	99	957973	28444	1
A_HP_15	8	Response	1	967951	38423	1
A_HP_15	8	Pulse	99	977893	48364	1
A_HP_15	9	Picture	response184	980230	301	1	40229	1	0	40000	hit	45
A_HP_15	9	Pulse	99	997893	17964	1
A_HP_15	9	Response	1	1007362	27433	1
A_HP_15	9	Pulse	99	1017973	38044	1
A_HP_15	10	Picture	response179	1030521	193	1	40229	1	0	40000	hit	49
A_HP_15	10	Pulse	99	1037892	7564	1
A_HP_15	10	Response	1	1052392	22063	1
A_HP_15	10	Pulse	99	1057892	27564	1
A_HP_15	10	Pulse	99	1077973	47645	1
A_HP_15	11	Picture	response183	1080980	251	1	40229	1	0	40000	hit	53
A_HP_15	11	Response	2	1095512	14783	1
A_HP_15	11	Pulse	99	1097892	17163	1
A_HP_15	11	Pulse	99	1117893	37164	1
A_HP_15	12	Picture	response181	1131438	308	1	40229	1	0	40000	hit	59
A_HP_15	12	Pulse	99	1137973	6844	1
A_HP_15	12	Pulse	99	1157894	26764	1
A_HP_15	12	Response	2	1168362	37232	1
A_HP_15	12	Pulse	99	1177893	46764	1
A_HP_15	13	Picture	ins21	1181729	200	1	30229	1	0	30000	other	0
A_HP_15	13	Pulse	99	1197973	16444	1
A_HP_15	13	Pulse	99	1217893	36364	1
A_HP_15	13	Pulse	99	1237893	56364	1
A_HP_15	13	Pulse	99	1257893	76364	1
A_HP_15	13	Pulse	99	1277893	96364	1
A_HP_15	13	Pulse	99	1297893	116364	1
A_HP_15	13	Pulse	99	1317893	136364	1
A_HP_15	13	Pulse	99	1337973	156444	1
A_HP_15	13	Pulse	99	1357894	176365	1
A_HP_15	13	Pulse	99	1377893	196364	1
A_HP_15	13	Pulse	99	1397973	216444	1
A_HP_15	13	Pulse	99	1417893	236364	1
A_HP_15	13	Pulse	99	1437893	256364	1
A_HP_15	13	Pulse	99	1457973	276444	1
A_HP_15	13	Pulse	99	1477893	296364	1
A_HP_15	14	Response	3	1497893	6134	1
A_HP_15	14	Pulse	99	1497893	6134	1
A_HP_15	15	Picture	response164	1498466	237	1	40229	1	0	40000	hit	81
A_HP_15	15	Pulse	99	1517974	19744	1
A_HP_15	15	Response	1	1520261	22032	1
A_HP_15	15	Pulse	99	1537893	39664	1
A_HP_15	16	Picture	response168	1548924	295	1	40229	1	0	40000	incorrect	85
A_HP_15	16	Pulse	99	1557893	9264	1
A_HP_15	16	Response	1	1571182	22553	1
A_HP_15	16	Pulse	99	1577974	29344	1
A_HP_15	16	Pulse	99	1597894	49264	1
A_HP_15	17	Picture	response161	1599216	186	1	40229	1	0	40000	hit	89
A_HP_15	17	Response	1	1615402	16373	1
A_HP_15	17	Pulse	99	1617893	18863	1
A_HP_15	17	Pulse	99	1637973	38944	1
A_HP_15	18	Picture	response167	1649674	244	1	40229	1	0	40000	hit	95
A_HP_15	18	Pulse	99	1657894	8464	1
A_HP_15	18	Pulse	99	1677894	28464	1
A_HP_15	18	Response	2	1678262	28832	1
A_HP_15	18	Pulse	99	1697973	48544	1
A_HP_15	19	Picture	response163	1699966	136	1	40229	1	0	40000	hit	98
A_HP_15	19	Response	2	1711643	11813	1
A_HP_15	19	Pulse	99	1717893	18063	1
A_HP_15	19	Pulse	99	1737894	38064	1
A_HP_15	20	Picture	response165	1750591	360	1	40230	1	0	40000	hit	103
A_HP_15	20	Pulse	99	1757974	7743	1
A_HP_15	20	Response	2	1769362	19132	1
A_HP_15	20	Pulse	99	1777893	27663	1
A_HP_15	20	Pulse	99	1797894	47663	1
A_HP_15	21	Picture	response166	1800883	253	1	40229	1	0	40000	hit	108
A_HP_15	21	Pulse	99	1817894	17264	1
A_HP_15	21	Response	1	1823122	22492	1
A_HP_15	21	Pulse	99	1837894	37264	1
A_HP_15	22	Picture	response162	1851174	144	1	40229	1	0	40000	hit	112
A_HP_15	22	Pulse	99	1857894	6864	1
A_HP_15	22	Response	1	1868162	17133	1
A_HP_15	22	Pulse	99	1877893	26864	1
A_HP_15	22	Pulse	99	1897895	46865	1
A_HP_15	23	Picture	ins7	1901632	202	1	30229	1	0	30000	other	0
A_HP_15	23	Pulse	99	1917894	16464	1
A_HP_15	23	Pulse	99	1937894	36464	1
A_HP_15	23	Pulse	99	1957894	56464	1
A_HP_15	23	Pulse	99	1977894	76464	1
A_HP_15	23	Pulse	99	1997895	96465	1
A_HP_15	23	Pulse	99	2017894	116464	1
A_HP_15	23	Pulse	99	2037894	136464	1
A_HP_15	23	Pulse	99	2057894	156464	1
A_HP_15	23	Pulse	99	2077894	176464	1
A_HP_15	23	Pulse	99	2097894	196465	1
A_HP_15	23	Pulse	99	2117894	216465	1
A_HP_15	23	Pulse	99	2137894	236464	1
A_HP_15	23	Pulse	99	2157894	256465	1
A_HP_15	23	Pulse	99	2177894	276464	1
A_HP_15	23	Pulse	99	2197975	296545	1
A_HP_15	24	Response	3	2217895	6235	1
A_HP_15	24	Pulse	99	2217895	6235	1
A_HP_15	25	Picture	response56	2218466	235	1	40229	1	0	40000	hit	134
A_HP_15	25	Response	2	2230693	12462	1
A_HP_15	25	Pulse	99	2237895	19664	1
A_HP_15	25	Pulse	99	2257975	39744	1
A_HP_15	26	Picture	response49	2268924	293	1	40229	1	0	40000	hit	140
A_HP_15	26	Pulse	99	2277895	9265	1
A_HP_15	26	Pulse	99	2297895	29264	1
A_HP_15	26	Response	2	2299272	30642	1
A_HP_15	26	Pulse	99	2317975	49344	1
A_HP_15	27	Picture	response53	2319215	184	1	40230	1	0	40000	hit	143
A_HP_15	27	Response	1	2327453	8423	1
A_HP_15	27	Pulse	99	2337895	18864	1
A_HP_15	27	Pulse	99	2357895	38864	1
A_HP_15	28	Picture	response55	2369674	243	1	40229	1	0	40000	hit	148
A_HP_15	28	Pulse	99	2377895	8465	1
A_HP_15	28	Response	2	2381953	12522	1
A_HP_15	28	Pulse	99	2397895	28464	1
A_HP_15	28	Pulse	99	2417895	48464	1
A_HP_15	29	Picture	response50	2419965	134	1	40229	1	0	40000	hit	153
A_HP_15	29	Pulse	99	2437895	18064	1
A_HP_15	29	Response	2	2445923	26092	1
A_HP_15	29	Pulse	99	2457895	38064	1
A_HP_15	30	Picture	response51	2470590	359	1	40229	1	0	40000	hit	157
A_HP_15	30	Pulse	99	2477895	7664	1
A_HP_15	30	Response	1	2482623	12392	1
A_HP_15	30	Pulse	99	2497895	27664	1
A_HP_15	30	Pulse	99	2517895	47664	1
A_HP_15	31	Picture	response54	2520882	251	1	40229	1	0	40000	hit	161
A_HP_15	31	Response	1	2531683	11052	1
A_HP_15	31	Pulse	99	2537894	17263	1
A_HP_15	31	Pulse	99	2557895	37264	1
A_HP_15	32	Picture	response52	2571174	143	1	40229	1	0	40000	hit	166
A_HP_15	32	Pulse	99	2577895	6864	1
A_HP_15	32	Response	2	2594134	23103	1
A_HP_15	32	Pulse	99	2597894	26863	1
A_HP_15	32	Pulse	99	2617895	46864	1
A_HP_15	33	Picture	ins5	2621632	201	1	30229	1	0	30000	other	0
A_HP_15	33	Pulse	99	2637895	16464	1
A_HP_15	33	Pulse	99	2657895	36464	1
A_HP_15	33	Pulse	99	2677895	56464	1
A_HP_15	33	Pulse	99	2697895	76464	1
A_HP_15	33	Pulse	99	2717896	96464	1
A_HP_15	33	Pulse	99	2737895	116464	1
A_HP_15	33	Pulse	99	2757895	136464	1
A_HP_15	33	Pulse	99	2777896	156464	1
A_HP_15	33	Pulse	99	2797895	176464	1
A_HP_15	33	Pulse	99	2817895	196464	1
A_HP_15	33	Pulse	99	2837895	216464	1
A_HP_15	33	Pulse	99	2857896	236464	1
A_HP_15	33	Pulse	99	2877896	256465	1
A_HP_15	33	Pulse	99	2897896	276464	1
A_HP_15	33	Pulse	99	2917895	296464	1
A_HP_15	34	Response	3	2937896	6234	1
A_HP_15	34	Pulse	99	2937896	6234	1
A_HP_15	35	Picture	response36	2938469	237	1	40230	1	0	40000	hit	188
A_HP_15	35	Response	1	2945914	7682	1
A_HP_15	35	Pulse	99	2957895	19663	1
A_HP_15	35	Pulse	99	2977897	39665	1
A_HP_15	36	Picture	response37	2988927	296	1	40229	1	0	40000	hit	192
A_HP_15	36	Response	1	2992865	4233	1
A_HP_15	36	Pulse	99	2997895	9264	1
A_HP_15	36	Pulse	99	3017896	29264	1
A_HP_15	36	Pulse	99	3037896	49264	1
A_HP_15	37	Picture	response40	3039219	187	1	40396	1	0	40000	hit	197
A_HP_15	37	Response	1	3043465	4433	1
A_HP_15	37	Pulse	99	3057896	18864	1
A_HP_15	37	Pulse	99	3077896	38864	1
A_HP_15	38	Picture	response38	3089677	245	1	40229	1	0	40000	hit	201
A_HP_15	38	Response	2	3094194	4762	1
A_HP_15	38	Pulse	99	3097895	8463	1
A_HP_15	38	Pulse	99	3117896	28464	1
A_HP_15	38	Pulse	99	3137896	48464	1
A_HP_15	39	Picture	response35	3139969	137	1	40229	1	0	40000	hit	206
A_HP_15	39	Response	2	3144805	4973	1
A_HP_15	39	Pulse	99	3157896	18064	1
A_HP_15	39	Pulse	99	3177896	38064	1
A_HP_15	40	Picture	response39	3190427	195	1	40230	1	0	40000	hit	210
A_HP_15	40	Response	2	3195295	5063	1
A_HP_15	40	Pulse	99	3197895	7663	1
A_HP_15	40	Pulse	99	3217896	27664	1
A_HP_15	40	Pulse	99	3237896	47664	1
A_HP_15	41	Picture	response33	3240886	254	1	40396	1	0	40000	hit	215
A_HP_15	41	Response	2	3249645	9012	1
A_HP_15	41	Pulse	99	3257896	17263	1
A_HP_15	41	Pulse	99	3277896	37264	1
A_HP_15	42	Picture	response34	3291177	145	1	40229	1	0	40000	hit	219
A_HP_15	42	Response	1	3297245	6213	1
A_HP_15	42	Pulse	99	3297895	6863	1
A_HP_15	42	Pulse	99	3317896	26864	1
A_HP_15	42	Pulse	99	3337896	46864	1
A_HP_15	43	Picture	ins15	3341636	203	1	30229	1	0	30000	other	0
A_HP_15	43	Pulse	99	3357897	16464	1
A_HP_15	43	Pulse	99	3377896	36464	1
A_HP_15	43	Pulse	99	3397896	56464	1
A_HP_15	43	Pulse	99	3417896	76464	1
A_HP_15	43	Pulse	99	3437896	96464	1
A_HP_15	43	Pulse	99	3457896	116464	1
A_HP_15	43	Pulse	99	3477897	136464	1
A_HP_15	43	Pulse	99	3497896	156464	1
A_HP_15	43	Pulse	99	3517896	176464	1
A_HP_15	43	Pulse	99	3537897	196465	1
A_HP_15	43	Pulse	99	3557896	216464	1
A_HP_15	43	Pulse	99	3577896	236464	1
A_HP_15	43	Pulse	99	3597896	256464	1
A_HP_15	43	Pulse	99	3617897	276465	1
A_HP_15	43	Pulse	99	3637896	296464	1
A_HP_15	44	Response	3	3657896	6234	1
A_HP_15	44	Pulse	99	3657896	6234	1
A_HP_15	45	Picture	response115	3658471	239	1	40229	1	0	40000	incorrect	243
A_HP_15	45	Pulse	99	3677897	19664	1
A_HP_15	45	Response	1	3696575	38343	1
A_HP_15	45	Pulse	99	3697896	39663	1
A_HP_15	46	Picture	response116	3708929	296	1	40229	1	0	40000	hit	247
A_HP_15	46	Pulse	99	3717897	9264	1
A_HP_15	46	Response	1	3725235	16602	1
A_HP_15	46	Pulse	99	3737897	29264	1
A_HP_15	46	Pulse	99	3757896	49264	1
A_HP_15	47	Picture	response114	3759221	188	1	40396	1	0	40000	hit	251
A_HP_15	47	Response	2	3777135	18103	1
A_HP_15	47	Pulse	99	3777896	18864	1
A_HP_15	47	Pulse	99	3797897	38864	1
A_HP_15	48	Picture	response117	3809679	246	1	40230	1	0	40000	hit	256
A_HP_15	48	Pulse	99	3817897	8464	1
A_HP_15	48	Response	2	3823085	13652	1
A_HP_15	48	Pulse	99	3837897	28464	1
A_HP_15	48	Pulse	99	3857897	48464	1
A_HP_15	49	Picture	response118	3859971	138	1	40229	1	0	40000	hit	260
A_HP_15	49	Response	1	3873106	13273	1
A_HP_15	49	Pulse	99	3877896	18063	1
A_HP_15	49	Pulse	99	3897897	38064	1
A_HP_15	50	Picture	response119	3910595	361	1	40229	1	0	40000	hit	266
A_HP_15	50	Pulse	99	3917897	7663	1
A_HP_15	50	Pulse	99	3937897	27663	1
A_HP_15	50	Response	1	3944796	34562	1
A_HP_15	50	Pulse	99	3957897	47663	1
A_HP_15	51	Picture	response120	3960887	254	1	40396	1	0	40000	hit	269
A_HP_15	51	Response	1	3977196	16563	1
A_HP_15	51	Pulse	99	3977896	17263	1
A_HP_15	51	Pulse	99	3997897	37264	1
A_HP_15	52	Picture	response113	4011179	146	1	40229	1	0	40000	hit	274
A_HP_15	52	Pulse	99	4017897	6864	1
A_HP_15	52	Response	2	4027476	16443	1
A_HP_15	52	Pulse	99	4037897	26864	1
A_HP_15	52	Pulse	99	4057897	46864	1
A_HP_15	53	Picture	ins17	4061637	203	1	30229	1	0	30000	other	0
A_HP_15	53	Pulse	99	4077897	16464	1
A_HP_15	53	Pulse	99	4097898	36464	1
A_HP_15	53	Pulse	99	4117897	56464	1
A_HP_15	53	Pulse	99	4137897	76464	1
A_HP_15	53	Pulse	99	4157897	96464	1
A_HP_15	53	Pulse	99	4177897	116464	1
A_HP_15	53	Pulse	99	4197897	136464	1
A_HP_15	53	Pulse	99	4217897	156464	1
A_HP_15	53	Pulse	99	4237897	176464	1
A_HP_15	53	Pulse	99	4257897	196464	1
A_HP_15	53	Pulse	99	4277897	216464	1
A_HP_15	53	Pulse	99	4297898	236464	1
A_HP_15	53	Pulse	99	4317898	256464	1
A_HP_15	53	Pulse	99	4337898	276464	1
A_HP_15	53	Pulse	99	4357897	296464	1
A_HP_15	54	Response	3	4377897	6234	1
A_HP_15	54	Pulse	99	4377897	6234	1
A_HP_15	55	Picture	response136	4378467	234	1	40229	1	0	40000	hit	297
A_HP_15	55	Pulse	99	4397898	19664	1
A_HP_15	55	Response	1	4415147	36913	1
A_HP_15	55	Pulse	99	4417897	39663	1
A_HP_15	56	Picture	response130	4428925	291	1	40229	1	0	40000	hit	302
A_HP_15	56	Pulse	99	4437898	9264	1
A_HP_15	56	Pulse	99	4457898	29264	1
A_HP_15	56	Response	2	4462376	33742	1
A_HP_15	56	Pulse	99	4477898	49264	1
A_HP_15	57	Picture	response135	4479217	183	1	40229	1	0	40000	hit	305
A_HP_15	57	Response	2	4494656	15622	1
A_HP_15	57	Pulse	99	4497897	18863	1
A_HP_15	57	Pulse	99	4517898	38864	1
A_HP_15	58	Picture	response133	4529675	241	1	40229	1	0	40000	hit	311
A_HP_15	58	Pulse	99	4537898	8464	1
A_HP_15	58	Pulse	99	4557898	28464	1
A_HP_15	58	Response	1	4563436	34002	1
A_HP_15	58	Pulse	99	4577898	48464	1
A_HP_15	59	Picture	response134	4579966	132	1	40229	1	0	40000	hit	315
A_HP_15	59	Pulse	99	4597898	18064	1
A_HP_15	59	Response	2	4598945	19111	1
A_HP_15	59	Pulse	99	4617898	38064	1
A_HP_15	60	Picture	response131	4630591	356	1	40230	1	0	40000	hit	320
A_HP_15	60	Pulse	99	4637897	7663	1
A_HP_15	60	Pulse	99	4657898	27664	1
A_HP_15	60	Response	1	4660257	30022	1
A_HP_15	60	Pulse	99	4677898	47664	1
A_HP_15	61	Picture	response129	4680883	248	1	40229	1	0	40000	hit	324
A_HP_15	61	Pulse	99	4697898	17264	1
A_HP_15	61	Response	1	4709627	28992	1
A_HP_15	61	Pulse	99	4717898	37263	1
A_HP_15	62	Picture	response132	4731174	140	1	40229	1	0	40000	hit	328
A_HP_15	62	Pulse	99	4737899	6864	1
A_HP_15	62	Response	2	4754207	23173	1
A_HP_15	62	Pulse	99	4757897	26863	1
A_HP_15	62	Pulse	99	4777898	46864	1
A_HP_15	63	Picture	ins19	4781633	198	1	30229	1	0	30000	other	0
A_HP_15	63	Pulse	99	4797899	16464	1
A_HP_15	63	Pulse	99	4817898	36464	1
A_HP_15	63	Pulse	99	4837898	56464	1
A_HP_15	63	Pulse	99	4857898	76464	1
A_HP_15	63	Pulse	99	4877898	96464	1
A_HP_15	63	Pulse	99	4897899	116464	1
A_HP_15	63	Pulse	99	4917899	136464	1
A_HP_15	63	Pulse	99	4937899	156464	1
A_HP_15	63	Pulse	99	4957898	176464	1
A_HP_15	63	Pulse	99	4977897	196463	1
A_HP_15	63	Pulse	99	4997899	216464	1
A_HP_15	63	Pulse	99	5017899	236465	1
A_HP_15	63	Pulse	99	5037899	256464	1
A_HP_15	63	Pulse	99	5057899	276464	1
A_HP_15	63	Pulse	99	5077899	296464	1
A_HP_15	64	Response	3	5097899	6234	1
A_HP_15	64	Pulse	99	5097899	6234	1
A_HP_15	65	Picture	response151	5098471	236	1	40229	1	0	40000	hit	350
A_HP_15	65	Response	1	5117487	19252	1
A_HP_15	65	Pulse	99	5117898	19663	1
A_HP_15	65	Pulse	99	5137899	39663	1
A_HP_15	66	Picture	response148	5148929	294	1	40229	1	0	40000	hit	355
A_HP_15	66	Pulse	99	5157898	9264	1
A_HP_15	66	Response	1	5165347	16712	1
A_HP_15	66	Pulse	99	5177898	29264	1
A_HP_15	66	Pulse	99	5197899	49264	1
A_HP_15	67	Picture	response146	5199220	185	1	40229	1	0	40000	hit	359
A_HP_15	67	Response	1	5214138	15103	1
A_HP_15	67	Pulse	99	5217898	18864	1
A_HP_15	67	Pulse	99	5237899	38865	1
A_HP_15	68	Picture	response145	5249678	243	1	40229	1	0	40000	hit	365
A_HP_15	68	Pulse	99	5257899	8463	1
A_HP_15	68	Pulse	99	5277899	28464	1
A_HP_15	68	Response	1	5289868	40433	1
A_HP_15	68	Pulse	99	5297899	48464	1
A_HP_15	69	Picture	response147	5299970	135	1	40229	1	0	40000	hit	368
A_HP_15	69	Response	2	5315408	15572	1
A_HP_15	69	Pulse	99	5317898	18063	1
A_HP_15	69	Pulse	99	5337899	38064	1
A_HP_15	70	Picture	response149	5350428	193	1	40229	1	0	40000	hit	373
A_HP_15	70	Pulse	99	5357899	7664	1
A_HP_15	70	Response	1	5370568	20333	1
A_HP_15	70	Pulse	99	5377899	27664	1
A_HP_15	70	Pulse	99	5397899	47664	1
A_HP_15	71	Picture	response150	5400886	251	1	40229	1	0	40000	hit	378
A_HP_15	71	Pulse	99	5417899	17264	1
A_HP_15	71	Response	2	5428988	28353	1
A_HP_15	71	Pulse	99	5437899	37264	1
A_HP_15	72	Picture	response152	5451178	143	1	40229	1	0	40000	incorrect	383
A_HP_15	72	Pulse	99	5457899	6864	1
A_HP_15	72	Pulse	99	5477899	26864	1
A_HP_15	72	Response	2	5480757	29722	1
A_HP_15	72	Pulse	99	5497899	46864	1
A_HP_15	73	Picture	ins11	5501636	201	1	30229	1	0	30000	other	0
A_HP_15	73	Pulse	99	5517899	16464	1
A_HP_15	73	Pulse	99	5537899	36464	1
A_HP_15	73	Pulse	99	5557899	56464	1
A_HP_15	73	Pulse	99	5577900	76464	1
A_HP_15	73	Pulse	99	5597899	96464	1
A_HP_15	73	Pulse	99	5617900	116464	1
A_HP_15	73	Pulse	99	5637900	136464	1
A_HP_15	73	Pulse	99	5657900	156464	1
A_HP_15	73	Pulse	99	5677900	176464	1
A_HP_15	73	Pulse	99	5697900	196464	1
A_HP_15	73	Pulse	99	5717900	216465	1
A_HP_15	73	Pulse	99	5737900	236464	1
A_HP_15	73	Pulse	99	5757900	256464	1
A_HP_15	73	Pulse	99	5777899	276464	1
A_HP_15	73	Pulse	99	5797900	296464	1
A_HP_15	74	Response	3	5817900	6233	1
A_HP_15	74	Pulse	99	5817900	6233	1
A_HP_15	75	Picture	response81	5818472	235	1	40229	1	0	40000	hit	405
A_HP_15	75	Pulse	99	5837900	19664	1
A_HP_15	75	Response	2	5845148	26912	1
A_HP_15	75	Pulse	99	5857900	39664	1
A_HP_15	76	Picture	response87	5868930	294	1	40229	1	0	40000	hit	409
A_HP_15	76	Pulse	99	5877900	9264	1
A_HP_15	76	Response	1	5892488	23852	1
A_HP_15	76	Pulse	99	5897900	29264	1
A_HP_15	76	Pulse	99	5917900	49264	1
A_HP_15	77	Picture	response85	5919221	185	1	40229	1	0	40000	hit	414
A_HP_15	77	Pulse	99	5937900	18864	1
A_HP_15	77	Response	2	5943439	24403	1
A_HP_15	77	Pulse	99	5957900	38864	1
A_HP_15	78	Picture	response88	5969679	243	1	40229	1	0	40000	hit	418
A_HP_15	78	Pulse	99	5977899	8463	1
A_HP_15	78	Response	2	5989429	19993	1
A_HP_15	78	Pulse	99	5997900	28464	1
A_HP_15	78	Pulse	99	6017900	48464	1
A_HP_15	79	Picture	response84	6019971	135	1	40229	1	0	40000	hit	422
A_HP_15	79	Response	1	6035849	16013	1
A_HP_15	79	Pulse	99	6037900	18063	1
A_HP_15	79	Pulse	99	6057900	38064	1
A_HP_15	80	Picture	response86	6070430	193	1	40229	1	0	40000	hit	428
A_HP_15	80	Pulse	99	6077900	7664	1
A_HP_15	80	Pulse	99	6097900	27664	1
A_HP_15	80	Response	1	6097998	27762	1
A_HP_15	80	Pulse	99	6117900	47664	1
A_HP_15	81	Picture	response82	6120888	252	1	40229	1	0	40000	hit	432
A_HP_15	81	Pulse	99	6137900	17264	1
A_HP_15	81	Response	2	6143449	22813	1
A_HP_15	81	Pulse	99	6157900	37264	1
A_HP_15	82	Picture	response83	6171180	144	1	40230	1	0	40000	hit	437
A_HP_15	82	Pulse	99	6177900	6864	1
A_HP_15	82	Pulse	99	6197900	26864	1
A_HP_15	82	Response	1	6200029	28993	1
A_HP_15	82	Pulse	99	6217900	46864	1
A_HP_15	83	Picture	ins13	6221638	202	1	30229	1	0	30000	other	0
A_HP_15	83	Pulse	99	6237900	16464	1
A_HP_15	83	Pulse	99	6257900	36464	1
A_HP_15	83	Pulse	99	6277901	56464	1
A_HP_15	83	Pulse	99	6297900	76464	1
A_HP_15	83	Pulse	99	6317900	96464	1
A_HP_15	83	Pulse	99	6337901	116464	1
A_HP_15	83	Pulse	99	6357901	136464	1
A_HP_15	83	Pulse	99	6377901	156464	1
A_HP_15	83	Pulse	99	6397900	176464	1
A_HP_15	83	Pulse	99	6417900	196464	1
A_HP_15	83	Pulse	99	6437901	216464	1
A_HP_15	83	Pulse	99	6457900	236464	1
A_HP_15	83	Pulse	99	6477902	256465	1
A_HP_15	83	Pulse	99	6497901	276464	1
A_HP_15	83	Pulse	99	6517901	296465	1
A_HP_15	84	Response	3	6537900	6233	1
A_HP_15	84	Pulse	99	6537900	6233	1
A_HP_15	85	Picture	response104	6538472	235	1	40229	1	0	40000	hit	459
A_HP_15	85	Pulse	99	6557901	19664	1
A_HP_15	85	Response	2	6559388	21151	1
A_HP_15	85	Pulse	99	6577900	39663	1
A_HP_15	86	Picture	response97	6588929	293	1	40229	1	0	40000	hit	463
A_HP_15	86	Pulse	99	6597901	9264	1
A_HP_15	86	Response	1	6598659	10022	1
A_HP_15	86	Pulse	99	6617901	29264	1
A_HP_15	86	Pulse	99	6637901	49264	1
A_HP_15	87	Picture	response99	6639220	184	1	40229	1	0	40000	hit	468
A_HP_15	87	Pulse	99	6657901	18864	1
A_HP_15	87	Response	2	6664710	25673	1
A_HP_15	87	Pulse	99	6677901	38864	1
A_HP_15	88	Picture	response100	6689679	241	1	40229	1	0	40000	hit	472
A_HP_15	88	Pulse	99	6697901	8464	1
A_HP_15	88	Response	2	6702259	12822	1
A_HP_15	88	Pulse	99	6717901	28464	1
A_HP_15	88	Pulse	99	6737901	48464	1
A_HP_15	89	Picture	response103	6739970	132	1	40229	1	0	40000	hit	476
A_HP_15	89	Response	1	6754640	14802	1
A_HP_15	89	Pulse	99	6757900	18063	1
A_HP_15	89	Pulse	99	6777901	38064	1
A_HP_15	90	Picture	response98	6790428	191	1	40229	1	0	40000	hit	481
A_HP_15	90	Pulse	99	6797901	7664	1
A_HP_15	90	Response	2	6808350	18112	1
A_HP_15	90	Pulse	99	6817901	27664	1
A_HP_15	90	Pulse	99	6837901	47664	1
A_HP_15	91	Picture	response101	6840886	249	1	40229	1	0	40000	hit	485
A_HP_15	91	Response	1	6856100	15463	1
A_HP_15	91	Pulse	99	6857901	17264	1
A_HP_15	91	Pulse	99	6877901	37264	1
A_HP_15	92	Picture	response102	6891178	140	1	40230	1	0	40000	hit	490
A_HP_15	92	Pulse	99	6897901	6864	1
A_HP_15	92	Response	1	6904100	13063	1
A_HP_15	92	Pulse	99	6917902	26864	1
A_HP_15	92	Pulse	99	6937902	46864	1
A_HP_15	93	Picture	ins3	6941636	198	1	30229	1	0	30000	other	0
A_HP_15	93	Pulse	99	6957901	16463	1
A_HP_15	93	Pulse	99	6977901	36463	1
A_HP_15	93	Pulse	99	6997901	56464	1
A_HP_15	93	Pulse	99	7017901	76464	1
A_HP_15	93	Pulse	99	7037901	96463	1
A_HP_15	93	Pulse	99	7057902	116464	1
A_HP_15	93	Pulse	99	7077901	136464	1
A_HP_15	93	Pulse	99	7097901	156464	1
A_HP_15	93	Pulse	99	7117901	176464	1
A_HP_15	93	Pulse	99	7137901	196463	1
A_HP_15	93	Pulse	99	7157902	216464	1
A_HP_15	93	Pulse	99	7177902	236464	1
A_HP_15	93	Pulse	99	7197901	256464	1
A_HP_15	93	Pulse	99	7217902	276464	1
A_HP_15	93	Pulse	99	7237901	296463	1
A_HP_15	94	Response	3	7257902	6233	1
A_HP_15	94	Pulse	99	7257902	6233	1
A_HP_15	95	Picture	response17	7258475	237	1	40229	1	0	40000	hit	512
A_HP_15	95	Response	2	7265070	6833	1
A_HP_15	95	Pulse	99	7277902	19664	1
A_HP_15	95	Pulse	99	7297902	39664	1
A_HP_15	96	Picture	response19	7308933	295	1	40229	1	0	40000	hit	516
A_HP_15	96	Response	2	7314551	5913	1
A_HP_15	96	Pulse	99	7317904	9266	1
A_HP_15	96	Pulse	99	7337902	29263	1
A_HP_15	96	Pulse	99	7357902	49264	1
A_HP_15	97	Picture	response18	7359224	186	1	40229	1	0	40000	hit	521
A_HP_15	97	Response	2	7365671	6633	1
A_HP_15	97	Pulse	99	7377902	18864	1
A_HP_15	97	Pulse	99	7397902	38864	1
A_HP_15	98	Picture	response24	7409682	244	1	40229	1	0	40000	hit	525
A_HP_15	98	Response	2	7415581	6143	1
A_HP_15	98	Pulse	99	7417901	8463	1
A_HP_15	98	Pulse	99	7437902	28464	1
A_HP_15	98	Pulse	99	7457902	48463	1
A_HP_15	99	Picture	response23	7459974	136	1	40229	1	0	40000	hit	530
A_HP_15	99	Response	2	7466011	6173	1
A_HP_15	99	Pulse	99	7477902	18064	1
A_HP_15	99	Pulse	99	7497902	38064	1
A_HP_15	100	Picture	response22	7510432	194	1	40229	1	0	40000	hit	534
A_HP_15	100	Response	1	7516011	5773	1
A_HP_15	100	Pulse	99	7517902	7664	1
A_HP_15	100	Pulse	99	7537902	27664	1
A_HP_15	100	Pulse	99	7557902	47664	1
A_HP_15	101	Picture	response21	7560891	253	1	40229	1	0	40000	hit	539
A_HP_15	101	Response	1	7566701	6063	1
A_HP_15	101	Pulse	99	7577902	17264	1
A_HP_15	101	Pulse	99	7597902	37264	1
A_HP_15	102	Picture	response20	7611182	144	1	40229	1	0	40000	hit	543
A_HP_15	102	Response	2	7616231	5192	1
A_HP_15	102	Pulse	99	7617902	6864	1
A_HP_15	102	Pulse	99	7637902	26864	1
A_HP_15	102	Pulse	99	7657902	46864	1
A_HP_15	103	Picture	ins9	7661641	202	1	30229	1	0	30000	other	0
A_HP_15	103	Pulse	99	7677902	16464	1
A_HP_15	103	Pulse	99	7697902	36464	1
A_HP_15	103	Pulse	99	7717902	56464	1
A_HP_15	103	Pulse	99	7737903	76464	1
A_HP_15	103	Pulse	99	7757903	96464	1
A_HP_15	103	Pulse	99	7777902	116464	1
A_HP_15	103	Pulse	99	7797903	136464	1
A_HP_15	103	Pulse	99	7817902	156464	1
A_HP_15	103	Pulse	99	7837903	176464	1
A_HP_15	103	Pulse	99	7857903	196465	1
A_HP_15	103	Pulse	99	7877902	216464	1
A_HP_15	103	Pulse	99	7897903	236464	1
A_HP_15	103	Pulse	99	7917823	256384	1
A_HP_15	103	Pulse	99	7937903	276464	1
A_HP_15	103	Pulse	99	7957903	296464	1
A_HP_15	104	Response	3	7977823	6154	1
A_HP_15	104	Pulse	99	7977823	6154	1
A_HP_15	105	Picture	response67	7978470	231	1	40229	1	0	40000	hit	567
A_HP_15	105	Pulse	99	7997902	19664	1
A_HP_15	105	Response	2	7999651	21412	1
A_HP_15	105	Pulse	99	8017902	39664	1
A_HP_15	106	Picture	response68	8028928	289	1	40229	1	0	40000	hit	571
A_HP_15	106	Pulse	99	8037903	9264	1
A_HP_15	106	Response	2	8044531	15893	1
A_HP_15	106	Pulse	99	8057903	29264	1
A_HP_15	106	Pulse	99	8077903	49264	1
A_HP_15	107	Picture	response69	8079219	180	1	40229	1	0	40000	hit	576
A_HP_15	107	Pulse	99	8097903	18863	1
A_HP_15	107	Response	1	8100731	21692	1
A_HP_15	107	Pulse	99	8117903	38864	1
A_HP_15	108	Picture	response70	8129677	238	1	40229	1	0	40000	hit	580
A_HP_15	108	Pulse	99	8137903	8464	1
A_HP_15	108	Response	2	8145671	16232	1
A_HP_15	108	Pulse	99	8157902	28463	1
A_HP_15	108	Pulse	99	8177903	48464	1
A_HP_15	109	Picture	response71	8179969	130	1	40229	1	0	40000	hit	585
A_HP_15	109	Pulse	99	8197903	18064	1
A_HP_15	109	Response	1	8207032	27193	1
A_HP_15	109	Pulse	99	8217903	38064	1
A_HP_15	110	Picture	response65	8230594	355	1	40230	1	0	40000	hit	589
A_HP_15	110	Pulse	99	8237903	7664	1
A_HP_15	110	Response	1	8248072	17833	1
A_HP_15	110	Pulse	99	8257903	27664	1
A_HP_15	110	Pulse	99	8277903	47664	1
A_HP_15	111	Picture	response66	8280886	246	1	40229	1	0	40000	hit	594
A_HP_15	111	Pulse	99	8297903	17264	1
A_HP_15	111	Response	1	8313692	33053	1
A_HP_15	111	Pulse	99	8317903	37264	1
A_HP_15	112	Picture	response72	8331178	138	1	40229	1	0	40000	hit	599
A_HP_15	112	Pulse	99	8337903	6864	1
A_HP_15	112	Pulse	99	8357903	26864	1
A_HP_15	112	Response	1	8358351	27312	1
A_HP_15	112	Pulse	99	8377903	46864	1
A_HP_15	113	Picture	ins1	8381636	196	1	30229	1	0	30000	other	0
A_HP_15	113	Pulse	99	8397903	16464	1
A_HP_15	113	Pulse	99	8417904	36464	1
A_HP_15	113	Pulse	99	8437903	56464	1
A_HP_15	113	Pulse	99	8457904	76464	1
A_HP_15	113	Pulse	99	8477823	96384	1
A_HP_15	113	Pulse	99	8497904	116464	1
A_HP_15	113	Pulse	99	8517903	136464	1
A_HP_15	113	Pulse	99	8537823	156384	1
A_HP_15	113	Pulse	99	8557903	176464	1
A_HP_15	113	Pulse	99	8577903	196464	1
A_HP_15	113	Pulse	99	8597824	216384	1
A_HP_15	113	Pulse	99	8617904	236464	1
A_HP_15	113	Pulse	99	8637904	256464	1
A_HP_15	113	Pulse	99	8657824	276384	1
A_HP_15	113	Pulse	99	8677904	296464	1
A_HP_15	114	Response	3	8697904	6234	1
A_HP_15	114	Pulse	99	8697904	6234	1
A_HP_15	115	Picture	response2	8698473	233	1	40229	1	0	40000	hit	620
A_HP_15	115	Response	1	8707932	9693	1
A_HP_15	115	Pulse	99	8717824	19584	1
A_HP_15	115	Pulse	99	8737903	39664	1
A_HP_15	116	Picture	response5	8748931	291	1	40229	1	0	40000	hit	625
A_HP_15	116	Pulse	99	8757904	9264	1
A_HP_15	116	Response	2	8760592	11952	1
A_HP_15	116	Pulse	99	8777824	29184	1
A_HP_15	116	Pulse	99	8797904	49264	1
A_HP_15	117	Picture	response4	8799222	182	1	40229	1	0	40000	hit	629
A_HP_15	117	Response	1	8815932	16893	1
A_HP_15	117	Pulse	99	8817904	18864	1
A_HP_15	117	Pulse	99	8837904	38864	1
A_HP_15	118	Picture	response8	8849679	239	1	40229	1	0	40000	hit	634
A_HP_15	118	Pulse	99	8857906	8466	1
A_HP_15	118	Response	2	8862253	12812	1
A_HP_15	118	Pulse	99	8877904	28464	1
A_HP_15	118	Pulse	99	8897904	48464	1
A_HP_15	119	Picture	response6	8899971	130	1	40229	1	0	40000	hit	638
A_HP_15	119	Response	2	8913113	13273	1
A_HP_15	119	Pulse	99	8917904	18063	1
A_HP_15	119	Pulse	99	8937904	38064	1
A_HP_15	120	Picture	response1	8950595	355	1	40229	1	0	40000	hit	643
A_HP_15	120	Pulse	99	8957904	7664	1
A_HP_15	120	Response	2	8961812	11572	1
A_HP_15	120	Pulse	99	8977904	27664	1
A_HP_15	120	Pulse	99	8997904	47664	1
A_HP_15	121	Picture	response7	9000887	247	1	40229	1	0	40000	hit	647
A_HP_15	121	Response	2	9010183	9543	1
A_HP_15	121	Pulse	99	9017904	17264	1
A_HP_15	121	Pulse	99	9037904	37264	1
A_HP_15	122	Picture	response3	9051179	139	1	40229	1	0	40000	hit	652
A_HP_15	122	Pulse	99	9057904	6864	1
A_HP_15	122	Response	2	9065833	14793	1
A_HP_15	122	Pulse	99	9077904	26864	1
A_HP_15	122	Pulse	99	9097824	46784	1
A_HP_15	123	Picture	thanks	9101139	0	1	10229	1	0	10000	other	0
A_HP_15	123	Pulse	99	9117904	16766	1


Event Type	Code	Type	Response	RT	RT Uncertainty	Time	Uncertainty	Duration	Uncertainty	ReqTime	ReqDur

Picture	ready	other				398204	1	10229	1	0	10000
Picture	ins23	other				458761	1	30229	1	0	30000
Picture	response178	hit	1	29649	2	778563	1	40229	1	0	40000
Picture	response180	hit	1	27100	2	829021	1	40230	1	0	40000
Picture	response182	hit	1	19308	2	879313	1	40229	1	0	40000
Picture	response177	hit	1	38180	2	929771	1	40229	1	0	40000
Picture	response184	hit	1	27132	2	980230	1	40229	1	0	40000
Picture	response179	hit	1	21870	2	1030521	1	40229	1	0	40000
Picture	response183	hit	2	14532	2	1080980	1	40229	1	0	40000
Picture	response181	hit	2	36924	2	1131438	1	40229	1	0	40000
Picture	ins21	other				1181729	1	30229	1	0	30000
Picture	response164	hit	1	21795	2	1498466	1	40229	1	0	40000
Picture	response168	incorrect	1	22258	2	1548924	1	40229	1	0	40000
Picture	response161	hit	1	16186	2	1599216	1	40229	1	0	40000
Picture	response167	hit	2	28588	2	1649674	1	40229	1	0	40000
Picture	response163	hit	2	11677	2	1699966	1	40229	1	0	40000
Picture	response165	hit	2	18772	2	1750591	1	40230	1	0	40000
Picture	response166	hit	1	22240	2	1800883	1	40229	1	0	40000
Picture	response162	hit	1	16989	2	1851174	1	40229	1	0	40000
Picture	ins7	other				1901632	1	30229	1	0	30000
Picture	response56	hit	2	12227	2	2218466	1	40229	1	0	40000
Picture	response49	hit	2	30349	2	2268924	1	40229	1	0	40000
Picture	response53	hit	1	8238	2	2319215	1	40230	1	0	40000
Picture	response55	hit	2	12279	2	2369674	1	40229	1	0	40000
Picture	response50	hit	2	25958	2	2419965	1	40229	1	0	40000
Picture	response51	hit	1	12032	2	2470590	1	40229	1	0	40000
Picture	response54	hit	1	10801	2	2520882	1	40229	1	0	40000
Picture	response52	hit	2	22959	2	2571174	1	40229	1	0	40000
Picture	ins5	other				2621632	1	30229	1	0	30000
Picture	response36	hit	1	7445	2	2938469	1	40230	1	0	40000
Picture	response37	hit	1	3937	2	2988927	1	40229	1	0	40000
Picture	response40	hit	1	4246	2	3039219	1	40396	1	0	40000
Picture	response38	hit	2	4517	2	3089677	1	40229	1	0	40000
Picture	response35	hit	2	4836	2	3139969	1	40229	1	0	40000
Picture	response39	hit	2	4867	2	3190427	1	40230	1	0	40000
Picture	response33	hit	2	8759	2	3240886	1	40396	1	0	40000
Picture	response34	hit	1	6068	2	3291177	1	40229	1	0	40000
Picture	ins15	other				3341636	1	30229	1	0	30000
Picture	response115	incorrect	1	38104	2	3658471	1	40229	1	0	40000
Picture	response116	hit	1	16306	2	3708929	1	40229	1	0	40000
Picture	response114	hit	2	17915	2	3759221	1	40396	1	0	40000
Picture	response117	hit	2	13406	2	3809679	1	40230	1	0	40000
Picture	response118	hit	1	13135	2	3859971	1	40229	1	0	40000
Picture	response119	hit	1	34200	2	3910595	1	40229	1	0	40000
Picture	response120	hit	1	16309	2	3960887	1	40396	1	0	40000
Picture	response113	hit	2	16297	2	4011179	1	40229	1	0	40000
Picture	ins17	other				4061637	1	30229	1	0	30000
Picture	response136	hit	1	36679	2	4378467	1	40229	1	0	40000
Picture	response130	hit	2	33451	2	4428925	1	40229	1	0	40000
Picture	response135	hit	2	15440	2	4479217	1	40229	1	0	40000
Picture	response133	hit	1	33761	2	4529675	1	40229	1	0	40000
Picture	response134	hit	2	18979	2	4579966	1	40229	1	0	40000
Picture	response131	hit	1	29666	2	4630591	1	40230	1	0	40000
Picture	response129	hit	1	28744	2	4680883	1	40229	1	0	40000
Picture	response132	hit	2	23033	2	4731174	1	40229	1	0	40000
Picture	ins19	other				4781633	1	30229	1	0	30000
Picture	response151	hit	1	19016	2	5098471	1	40229	1	0	40000
Picture	response148	hit	1	16418	2	5148929	1	40229	1	0	40000
Picture	response146	hit	1	14918	2	5199220	1	40229	1	0	40000
Picture	response145	hit	1	40190	2	5249678	1	40229	1	0	40000
Picture	response147	hit	2	15438	2	5299970	1	40229	1	0	40000
Picture	response149	hit	1	20139	2	5350428	1	40229	1	0	40000
Picture	response150	hit	2	28102	2	5400886	1	40229	1	0	40000
Picture	response152	incorrect	2	29579	2	5451178	1	40229	1	0	40000
Picture	ins11	other				5501636	1	30229	1	0	30000
Picture	response81	hit	2	26677	2	5818472	1	40229	1	0	40000
Picture	response87	hit	1	23559	2	5868930	1	40229	1	0	40000
Picture	response85	hit	2	24217	2	5919221	1	40229	1	0	40000
Picture	response88	hit	2	19749	2	5969679	1	40229	1	0	40000
Picture	response84	hit	1	15878	2	6019971	1	40229	1	0	40000
Picture	response86	hit	1	27569	2	6070430	1	40229	1	0	40000
Picture	response82	hit	2	22561	2	6120888	1	40229	1	0	40000
Picture	response83	hit	1	28849	2	6171180	1	40230	1	0	40000
Picture	ins13	other				6221638	1	30229	1	0	30000
Picture	response104	hit	2	20917	2	6538472	1	40229	1	0	40000
Picture	response97	hit	1	9729	2	6588929	1	40229	1	0	40000
Picture	response99	hit	2	25489	2	6639220	1	40229	1	0	40000
Picture	response100	hit	2	12581	2	6689679	1	40229	1	0	40000
Picture	response103	hit	1	14670	2	6739970	1	40229	1	0	40000
Picture	response98	hit	2	17922	2	6790428	1	40229	1	0	40000
Picture	response101	hit	1	15214	2	6840886	1	40229	1	0	40000
Picture	response102	hit	1	12922	2	6891178	1	40230	1	0	40000
Picture	ins3	other				6941636	1	30229	1	0	30000
Picture	response17	hit	2	6596	2	7258475	1	40229	1	0	40000
Picture	response19	hit	2	5618	2	7308933	1	40229	1	0	40000
Picture	response18	hit	2	6446	2	7359224	1	40229	1	0	40000
Picture	response24	hit	2	5898	2	7409682	1	40229	1	0	40000
Picture	response23	hit	2	6037	2	7459974	1	40229	1	0	40000
Picture	response22	hit	1	5579	2	7510432	1	40229	1	0	40000
Picture	response21	hit	1	5810	2	7560891	1	40229	1	0	40000
Picture	response20	hit	2	5049	2	7611182	1	40229	1	0	40000
Picture	ins9	other				7661641	1	30229	1	0	30000
Picture	response67	hit	2	21181	2	7978470	1	40229	1	0	40000
Picture	response68	hit	2	15603	2	8028928	1	40229	1	0	40000
Picture	response69	hit	1	21512	2	8079219	1	40229	1	0	40000
Picture	response70	hit	2	15994	2	8129677	1	40229	1	0	40000
Picture	response71	hit	1	27063	2	8179969	1	40229	1	0	40000
Picture	response65	hit	1	17478	2	8230594	1	40230	1	0	40000
Picture	response66	hit	1	32806	2	8280886	1	40229	1	0	40000
Picture	response72	hit	1	27173	2	8331178	1	40229	1	0	40000
Picture	ins1	other				8381636	1	30229	1	0	30000
Picture	response2	hit	1	9459	2	8698473	1	40229	1	0	40000
Picture	response5	hit	2	11661	2	8748931	1	40229	1	0	40000
Picture	response4	hit	1	16711	2	8799222	1	40229	1	0	40000
Picture	response8	hit	2	12573	2	8849679	1	40229	1	0	40000
Picture	response6	hit	2	13142	2	8899971	1	40229	1	0	40000
Picture	response1	hit	2	11217	2	8950595	1	40229	1	0	40000
Picture	response7	hit	2	9296	2	9000887	1	40229	1	0	40000
Picture	response3	hit	2	14654	2	9051179	1	40229	1	0	40000
Picture	thanks	other				9101139	1	10229	1	0	10000


{
   "app": "Presentation Version 21.0 Build 06.06.19",
   "device": "LENOVO 20KHCTO1WW",
   "experiment": "{A2FC4E2A-B401-4E65-9CA9-5B09E294C871}",
   "os": "Windows 10 64 bit",
   "package": "",
   "parameters": {
      "configuration": "Default configuration"
   },
   "scenario": "Dimension experiment(1).sce",
   "subject": "A_HP_15",
   "timestamp": "2019/09/27 02:42:46 GMT"
}
