Scenario - 
Logfile written - 10/31/2019 13:19:41

Subject	Trial	Event Type	Code	Time	TTime	Uncertainty	Duration	Uncertainty	ReqTime	ReqDur	Stim Type	Pair Index

A_HP_24	1	Response	5	588733	587566	1
A_HP_24	1	Pulse	99	588733	587566	1
A_HP_24	2	Picture	ready	588966	0	1	10230	1	0	10000	other	0
A_HP_24	2	Pulse	99	608732	19767	1
A_HP_24	2	Pulse	99	628732	39766	1
A_HP_24	2	Pulse	99	648733	59767	1
A_HP_24	3	Picture	ins1	649522	234	1	30230	1	0	30000	other	0
A_HP_24	3	Pulse	99	668732	19444	1
A_HP_24	3	Pulse	99	688732	39443	1
A_HP_24	3	Pulse	99	708733	59444	1
A_HP_24	3	Pulse	99	728733	79444	1
A_HP_24	3	Pulse	99	748733	99444	1
A_HP_24	3	Pulse	99	768733	119444	1
A_HP_24	3	Pulse	99	788733	139444	1
A_HP_24	3	Pulse	99	808733	159444	1
A_HP_24	3	Pulse	99	828733	179444	1
A_HP_24	3	Pulse	99	848732	199443	1
A_HP_24	3	Pulse	99	868733	219444	1
A_HP_24	3	Pulse	99	888732	239443	1
A_HP_24	3	Pulse	99	908733	259444	1
A_HP_24	3	Pulse	99	928733	279444	1
A_HP_24	3	Pulse	99	948732	299443	1
A_HP_24	4	Response	5	968733	9213	1
A_HP_24	4	Pulse	99	968733	9213	1
A_HP_24	5	Picture	response7	969319	230	1	20229	1	0	20000	hit	26
A_HP_24	5	Response	1	974851	5761	1
A_HP_24	5	Pulse	99	988732	19643	1
A_HP_24	6	Picture	response2	999777	289	1	20229	1	0	20000	hit	29
A_HP_24	6	Response	1	1005961	6472	1
A_HP_24	6	Pulse	99	1008732	9243	1
A_HP_24	6	Pulse	99	1028733	29244	1
A_HP_24	7	Picture	response5	1030069	180	1	20396	1	0	20000	hit	33
A_HP_24	7	Response	1	1036961	7072	1
A_HP_24	7	Pulse	99	1048732	18843	1
A_HP_24	8	Picture	response1	1060526	237	1	20229	1	0	20000	hit	36
A_HP_24	8	Response	1	1064302	4013	1
A_HP_24	8	Pulse	99	1068732	8443	1
A_HP_24	8	Pulse	99	1088732	28443	1
A_HP_24	9	Picture	response6	1090817	128	1	20229	1	0	20000	hit	40
A_HP_24	9	Response	1	1093601	2912	1
A_HP_24	9	Pulse	99	1108733	18044	1
A_HP_24	10	Picture	response8	1121442	353	1	20229	1	0	20000	hit	43
A_HP_24	10	Response	1	1124242	3153	1
A_HP_24	10	Pulse	99	1128732	7643	1
A_HP_24	10	Pulse	99	1148732	27643	1
A_HP_24	11	Picture	response3	1151733	244	1	20229	1	0	20000	hit	47
A_HP_24	11	Response	1	1155491	4003	1
A_HP_24	11	Pulse	99	1168732	17244	1
A_HP_24	12	Picture	response4	1182024	136	1	20230	1	0	20000	hit	50
A_HP_24	12	Response	1	1186121	4233	1
A_HP_24	12	Pulse	99	1188732	6843	1
A_HP_24	12	Pulse	99	1208732	26844	1
A_HP_24	13	Picture	ins11	1212483	194	1	30229	1	0	30000	other	0
A_HP_24	13	Pulse	99	1228733	16444	1
A_HP_24	13	Pulse	99	1248733	36444	1
A_HP_24	13	Pulse	99	1268732	56443	1
A_HP_24	13	Pulse	99	1288732	76443	1
A_HP_24	13	Pulse	99	1308733	96444	1
A_HP_24	13	Pulse	99	1328733	116444	1
A_HP_24	13	Pulse	99	1348733	136444	1
A_HP_24	13	Pulse	99	1368733	156444	1
A_HP_24	13	Pulse	99	1388733	176444	1
A_HP_24	13	Pulse	99	1408732	196443	1
A_HP_24	13	Pulse	99	1428732	216443	1
A_HP_24	13	Pulse	99	1448732	236443	1
A_HP_24	13	Pulse	99	1468732	256443	1
A_HP_24	13	Pulse	99	1488732	276443	1
A_HP_24	13	Pulse	99	1508732	296443	1
A_HP_24	14	Response	5	1528732	6213	1
A_HP_24	14	Pulse	99	1528732	6213	1
A_HP_24	15	Picture	response88	1529318	230	1	20229	1	0	20000	hit	72
A_HP_24	15	Response	3	1535391	6302	1
A_HP_24	15	Pulse	99	1548732	19644	1
A_HP_24	16	Picture	response83	1559777	288	1	20229	1	0	20000	hit	75
A_HP_24	16	Response	3	1565761	6272	1
A_HP_24	16	Pulse	99	1568731	9243	1
A_HP_24	16	Pulse	99	1588732	29244	1
A_HP_24	17	Picture	response85	1590068	180	1	20396	1	0	20000	hit	79
A_HP_24	17	Response	1	1596401	6512	1
A_HP_24	17	Pulse	99	1608731	18843	1
A_HP_24	18	Picture	response87	1620527	238	1	20230	1	0	20000	hit	82
A_HP_24	18	Response	3	1626350	6062	1
A_HP_24	18	Pulse	99	1628732	8444	1
A_HP_24	18	Pulse	99	1648732	28444	1
A_HP_24	19	Picture	response82	1650819	130	1	20229	1	0	20000	hit	86
A_HP_24	19	Response	3	1656131	5442	1
A_HP_24	19	Pulse	99	1668732	18044	1
A_HP_24	20	Picture	response86	1681444	355	1	20229	1	0	20000	hit	90
A_HP_24	20	Pulse	99	1688732	7643	1
A_HP_24	20	Response	1	1689041	7952	1
A_HP_24	20	Pulse	99	1708733	27644	1
A_HP_24	21	Picture	response84	1711735	247	1	20396	1	0	20000	hit	93
A_HP_24	21	Response	1	1717101	5613	1
A_HP_24	21	Pulse	99	1728732	17244	1
A_HP_24	22	Picture	response81	1742027	138	1	20229	1	0	20000	hit	97
A_HP_24	22	Pulse	99	1748732	6844	1
A_HP_24	22	Response	1	1748961	7072	1
A_HP_24	22	Pulse	99	1768732	26843	1
A_HP_24	23	Picture	ins7	1772485	196	1	30229	1	0	30000	other	0
A_HP_24	23	Pulse	99	1788732	16444	1
A_HP_24	23	Pulse	99	1808732	36443	1
A_HP_24	23	Pulse	99	1828732	56443	1
A_HP_24	23	Pulse	99	1848732	76443	1
A_HP_24	23	Pulse	99	1868732	96443	1
A_HP_24	23	Pulse	99	1888732	116443	1
A_HP_24	23	Pulse	99	1908732	136443	1
A_HP_24	23	Pulse	99	1928732	156443	1
A_HP_24	23	Pulse	99	1948732	176443	1
A_HP_24	23	Pulse	99	1968732	196443	1
A_HP_24	23	Pulse	99	1988732	216443	1
A_HP_24	23	Pulse	99	2008732	236443	1
A_HP_24	23	Pulse	99	2028732	256443	1
A_HP_24	23	Pulse	99	2048732	276443	1
A_HP_24	23	Pulse	99	2068652	296363	1
A_HP_24	24	Response	5	2088732	6213	1
A_HP_24	24	Pulse	99	2088732	6213	1
A_HP_24	25	Picture	response51	2089318	230	1	20229	1	0	20000	hit	118
A_HP_24	25	Response	4	2093600	4512	1
A_HP_24	25	Pulse	99	2108731	19643	1
A_HP_24	26	Picture	response54	2119776	288	1	20229	1	0	20000	hit	121
A_HP_24	26	Response	4	2123520	4032	1
A_HP_24	26	Pulse	99	2128731	9243	1
A_HP_24	26	Pulse	99	2148732	29244	1
A_HP_24	27	Picture	response55	2150068	180	1	20396	1	0	20000	hit	125
A_HP_24	27	Response	4	2155701	5813	1
A_HP_24	27	Pulse	99	2168732	18844	1
A_HP_24	28	Picture	response49	2180525	237	1	20229	1	0	20000	hit	128
A_HP_24	28	Response	4	2186291	6003	1
A_HP_24	28	Pulse	99	2188731	8443	1
A_HP_24	28	Pulse	99	2208732	28444	1
A_HP_24	29	Picture	response53	2210817	129	1	20229	1	0	20000	hit	132
A_HP_24	29	Response	4	2216490	5802	1
A_HP_24	29	Pulse	99	2228731	18043	1
A_HP_24	30	Picture	response52	2241441	354	1	20229	1	0	20000	hit	135
A_HP_24	30	Response	4	2247220	6133	1
A_HP_24	30	Pulse	99	2248731	7643	1
A_HP_24	30	Pulse	99	2268732	27644	1
A_HP_24	31	Picture	response56	2271732	244	1	20229	1	0	20000	hit	139
A_HP_24	31	Response	4	2279090	7602	1
A_HP_24	31	Pulse	99	2288731	17243	1
A_HP_24	32	Picture	response50	2302023	135	1	20229	1	0	20000	hit	143
A_HP_24	32	Pulse	99	2308732	6844	1
A_HP_24	32	Response	4	2310749	8861	1
A_HP_24	32	Pulse	99	2328652	26764	1
A_HP_24	33	Picture	ins17	2332482	194	1	30229	1	0	30000	other	0
A_HP_24	33	Pulse	99	2348731	16443	1
A_HP_24	33	Pulse	99	2368732	36444	1
A_HP_24	33	Pulse	99	2388652	56365	1
A_HP_24	33	Pulse	99	2408731	76443	1
A_HP_24	33	Pulse	99	2428732	96444	1
A_HP_24	33	Pulse	99	2448732	116444	1
A_HP_24	33	Pulse	99	2468732	136444	1
A_HP_24	33	Pulse	99	2488732	156444	1
A_HP_24	33	Pulse	99	2508731	176443	1
A_HP_24	33	Pulse	99	2528731	196443	1
A_HP_24	33	Pulse	99	2548732	216444	1
A_HP_24	33	Pulse	99	2568732	236444	1
A_HP_24	33	Pulse	99	2588651	256363	1
A_HP_24	33	Pulse	99	2608732	276444	1
A_HP_24	33	Pulse	99	2628732	296444	1
A_HP_24	34	Response	5	2648652	6134	1
A_HP_24	34	Pulse	99	2648652	6134	1
A_HP_24	35	Picture	response130	2649219	231	1	20229	1	0	20000	hit	164
A_HP_24	35	Response	1	2658131	9142	1
A_HP_24	35	Pulse	99	2668732	19743	1
A_HP_24	36	Picture	response133	2679511	123	1	20229	1	0	20000	hit	167
A_HP_24	36	Response	1	2687581	8192	1
A_HP_24	36	Pulse	99	2688731	9343	1
A_HP_24	36	Pulse	99	2708732	29343	1
A_HP_24	37	Picture	response132	2709969	181	1	20229	1	0	20000	hit	171
A_HP_24	37	Response	4	2725351	15562	1
A_HP_24	37	Pulse	99	2728732	18943	1
A_HP_24	38	Picture	response136	2740427	239	1	20229	1	0	20000	hit	175
A_HP_24	38	Pulse	99	2748732	8543	1
A_HP_24	38	Response	4	2748870	8682	1
A_HP_24	38	Pulse	99	2768732	28544	1
A_HP_24	39	Picture	response129	2770885	297	1	20229	1	0	20000	hit	178
A_HP_24	39	Response	1	2779850	9262	1
A_HP_24	39	Pulse	99	2788732	18144	1
A_HP_24	40	Picture	response134	2801177	190	1	20229	1	0	20000	hit	181
A_HP_24	40	Response	4	2808640	7653	1
A_HP_24	40	Pulse	99	2808731	7744	1
A_HP_24	40	Pulse	99	2828732	27744	1
A_HP_24	41	Picture	response135	2831469	81	1	20230	1	0	20000	hit	185
A_HP_24	41	Response	1	2839010	7622	1
A_HP_24	41	Pulse	99	2848651	17263	1
A_HP_24	42	Picture	response131	2862094	305	1	20229	1	0	20000	hit	189
A_HP_24	42	Pulse	99	2868732	6943	1
A_HP_24	42	Response	2	2875940	14152	1
A_HP_24	42	Pulse	99	2888731	26943	1
A_HP_24	43	Picture	ins21	2892385	197	1	30229	1	0	30000	other	0
A_HP_24	43	Pulse	99	2908651	16463	1
A_HP_24	43	Pulse	99	2928732	36544	1
A_HP_24	43	Pulse	99	2948732	56544	1
A_HP_24	43	Pulse	99	2968652	76464	1
A_HP_24	43	Pulse	99	2988732	96544	1
A_HP_24	43	Pulse	99	3008731	116543	1
A_HP_24	43	Pulse	99	3028732	136544	1
A_HP_24	43	Pulse	99	3048652	156464	1
A_HP_24	43	Pulse	99	3068732	176544	1
A_HP_24	43	Pulse	99	3088732	196544	1
A_HP_24	43	Pulse	99	3108655	216467	1
A_HP_24	43	Pulse	99	3128732	236544	1
A_HP_24	43	Pulse	99	3148731	256543	1
A_HP_24	43	Pulse	99	3168652	276464	1
A_HP_24	43	Pulse	99	3188731	296543	1
A_HP_24	44	Response	5	3208731	6313	1
A_HP_24	44	Pulse	99	3208731	6313	1
A_HP_24	45	Picture	response168	3209318	230	1	20229	1	0	20000	hit	210
A_HP_24	45	Response	4	3217160	8072	1
A_HP_24	45	Pulse	99	3228652	19564	1
A_HP_24	46	Picture	response165	3239776	288	1	20230	1	0	20000	hit	213
A_HP_24	46	Response	3	3246320	6833	1
A_HP_24	46	Pulse	99	3248731	9243	1
A_HP_24	46	Pulse	99	3268731	29243	1
A_HP_24	47	Picture	response162	3270068	180	1	20229	1	0	20000	hit	217
A_HP_24	47	Response	4	3278600	8712	1
A_HP_24	47	Pulse	99	3288732	18844	1
A_HP_24	48	Picture	response166	3300526	238	1	20229	1	0	20000	hit	221
A_HP_24	48	Pulse	99	3308651	8363	1
A_HP_24	48	Response	4	3309220	8932	1
A_HP_24	48	Pulse	99	3328731	28444	1
A_HP_24	49	Picture	response161	3330817	129	1	20229	1	0	20000	hit	224
A_HP_24	49	Response	2	3337830	7142	1
A_HP_24	49	Pulse	99	3348732	18044	1
A_HP_24	50	Picture	response167	3361441	353	1	20229	1	0	20000	hit	227
A_HP_24	50	Response	2	3366310	5222	1
A_HP_24	50	Pulse	99	3368651	7563	1
A_HP_24	50	Pulse	99	3388731	27644	1
A_HP_24	51	Picture	response163	3391732	245	1	20396	1	0	20000	hit	231
A_HP_24	51	Response	2	3398190	6702	1
A_HP_24	51	Pulse	99	3408732	17244	1
A_HP_24	52	Picture	response164	3422023	135	1	20230	1	0	20000	hit	235
A_HP_24	52	Pulse	99	3428651	6763	1
A_HP_24	52	Response	1	3429740	7852	1
A_HP_24	52	Pulse	99	3448731	26843	1
A_HP_24	53	Picture	ins3	3452482	194	1	30229	1	0	30000	other	0
A_HP_24	53	Pulse	99	3468732	16444	1
A_HP_24	53	Pulse	99	3488652	36364	1
A_HP_24	53	Pulse	99	3508731	56443	1
A_HP_24	53	Pulse	99	3528731	76443	1
A_HP_24	53	Pulse	99	3548732	96444	1
A_HP_24	53	Pulse	99	3568652	116364	1
A_HP_24	53	Pulse	99	3588731	136443	1
A_HP_24	53	Pulse	99	3608731	156443	1
A_HP_24	53	Pulse	99	3628652	176364	1
A_HP_24	53	Pulse	99	3648731	196443	1
A_HP_24	53	Pulse	99	3668731	216443	1
A_HP_24	53	Pulse	99	3688651	236363	1
A_HP_24	53	Pulse	99	3708731	256443	1
A_HP_24	53	Pulse	99	3728731	276443	1
A_HP_24	53	Pulse	99	3748651	296363	1
A_HP_24	54	Response	5	3768731	6213	1
A_HP_24	54	Pulse	99	3768731	6213	1
A_HP_24	55	Picture	response18	3769317	230	1	20229	1	0	20000	hit	256
A_HP_24	55	Response	2	3773710	4622	1
A_HP_24	55	Pulse	99	3788731	19644	1
A_HP_24	56	Picture	response24	3799776	288	1	20229	1	0	20000	hit	259
A_HP_24	56	Response	2	3805730	6243	1
A_HP_24	56	Pulse	99	3808651	9163	1
A_HP_24	56	Pulse	99	3828651	29163	1
A_HP_24	57	Picture	response21	3830067	180	1	20396	1	0	20000	hit	263
A_HP_24	57	Response	2	3836310	6423	1
A_HP_24	57	Pulse	99	3848731	18844	1
A_HP_24	58	Picture	response19	3860525	237	1	20229	1	0	20000	hit	266
A_HP_24	58	Response	2	3865520	5232	1
A_HP_24	58	Pulse	99	3868731	8444	1
A_HP_24	58	Pulse	99	3888651	28364	1
A_HP_24	59	Picture	response20	3890816	129	1	20229	1	0	20000	hit	270
A_HP_24	59	Response	2	3895540	4853	1
A_HP_24	59	Pulse	99	3908731	18043	1
A_HP_24	60	Picture	response17	3921442	355	1	20230	1	0	20000	hit	273
A_HP_24	60	Response	2	3926680	5593	1
A_HP_24	60	Pulse	99	3928730	7643	1
A_HP_24	60	Pulse	99	3948651	27564	1
A_HP_24	61	Picture	response23	3951734	247	1	20229	1	0	20000	hit	277
A_HP_24	61	Response	2	3959810	8323	1
A_HP_24	61	Pulse	99	3968731	17244	1
A_HP_24	62	Picture	response22	3982025	138	1	20229	1	0	20000	hit	280
A_HP_24	62	Response	2	3988330	6443	1
A_HP_24	62	Pulse	99	3988731	6844	1
A_HP_24	62	Pulse	99	4008651	26764	1
A_HP_24	63	Picture	ins13	4012483	196	1	30229	1	0	30000	other	0
A_HP_24	63	Pulse	99	4028650	16363	1
A_HP_24	63	Pulse	99	4048731	36444	1
A_HP_24	63	Pulse	99	4068651	56364	1
A_HP_24	63	Pulse	99	4088651	76364	1
A_HP_24	63	Pulse	99	4108731	96444	1
A_HP_24	63	Pulse	99	4128731	116444	1
A_HP_24	63	Pulse	99	4148651	136364	1
A_HP_24	63	Pulse	99	4168731	156444	1
A_HP_24	63	Pulse	99	4188731	176444	1
A_HP_24	63	Pulse	99	4208651	196364	1
A_HP_24	63	Pulse	99	4228731	216444	1
A_HP_24	63	Pulse	99	4248731	236444	1
A_HP_24	63	Pulse	99	4268651	256364	1
A_HP_24	63	Pulse	99	4288652	276365	1
A_HP_24	63	Pulse	99	4308731	296444	1
A_HP_24	64	Response	5	4328651	6134	1
A_HP_24	64	Pulse	99	4328651	6134	1
A_HP_24	65	Picture	response103	4329218	230	1	20229	1	0	20000	hit	302
A_HP_24	65	Response	2	4334300	5312	1
A_HP_24	65	Pulse	99	4348651	19663	1
A_HP_24	66	Picture	response100	4359509	121	1	20229	1	0	20000	hit	305
A_HP_24	66	Response	2	4364700	5313	1
A_HP_24	66	Pulse	99	4368731	9343	1
A_HP_24	66	Pulse	99	4388651	29264	1
A_HP_24	67	Picture	response101	4389967	180	1	20230	1	0	20000	hit	309
A_HP_24	67	Response	2	4395500	5714	1
A_HP_24	67	Pulse	99	4408651	18865	1
A_HP_24	68	Picture	response98	4420425	237	1	20229	1	0	20000	hit	312
A_HP_24	68	Response	2	4425230	5042	1
A_HP_24	68	Pulse	99	4428731	8543	1
A_HP_24	68	Pulse	99	4448731	28543	1
A_HP_24	69	Picture	response102	4450883	296	1	20229	1	0	20000	hit	316
A_HP_24	69	Response	2	4456410	5822	1
A_HP_24	69	Pulse	99	4468651	18063	1
A_HP_24	70	Picture	response97	4481174	187	1	20229	1	0	20000	hit	319
A_HP_24	70	Response	3	4485690	4703	1
A_HP_24	70	Pulse	99	4488730	7743	1
A_HP_24	70	Pulse	99	4508731	27744	1
A_HP_24	71	Picture	response99	4511465	77	1	20230	1	0	20000	hit	323
A_HP_24	71	Response	3	4516380	4992	1
A_HP_24	71	Pulse	99	4528651	17263	1
A_HP_24	72	Picture	response104	4542090	303	1	20229	1	0	20000	hit	327
A_HP_24	72	Pulse	99	4548651	6864	1
A_HP_24	72	Response	2	4550029	8242	1
A_HP_24	72	Pulse	99	4568731	26944	1
A_HP_24	73	Picture	ins9	4572381	194	1	30229	1	0	30000	other	0
A_HP_24	73	Pulse	99	4588651	16464	1
A_HP_24	73	Pulse	99	4608651	36464	1
A_HP_24	73	Pulse	99	4628731	56543	1
A_HP_24	73	Pulse	99	4648651	76463	1
A_HP_24	73	Pulse	99	4668651	96464	1
A_HP_24	73	Pulse	99	4688731	116544	1
A_HP_24	73	Pulse	99	4708731	136544	1
A_HP_24	73	Pulse	99	4728651	156463	1
A_HP_24	73	Pulse	99	4748651	176464	1
A_HP_24	73	Pulse	99	4768731	196544	1
A_HP_24	73	Pulse	99	4788652	216465	1
A_HP_24	73	Pulse	99	4808651	236464	1
A_HP_24	73	Pulse	99	4828731	256544	1
A_HP_24	73	Pulse	99	4848651	276464	1
A_HP_24	73	Pulse	99	4868650	296463	1
A_HP_24	74	Response	5	4888730	6313	1
A_HP_24	74	Pulse	99	4888730	6313	1
A_HP_24	75	Picture	response68	4889317	230	1	20229	1	0	20000	hit	348
A_HP_24	75	Response	2	4894099	5013	1
A_HP_24	75	Pulse	99	4908650	19564	1
A_HP_24	76	Picture	response71	4919775	288	1	20229	1	0	20000	hit	351
A_HP_24	76	Response	2	4926980	7493	1
A_HP_24	76	Pulse	99	4928650	9163	1
A_HP_24	76	Pulse	99	4948730	29244	1
A_HP_24	77	Picture	response72	4950066	180	1	20229	1	0	20000	hit	355
A_HP_24	77	Response	1	4956689	6802	1
A_HP_24	77	Pulse	99	4968730	18843	1
A_HP_24	78	Picture	response66	4980525	238	1	20229	1	0	20000	hit	359
A_HP_24	78	Pulse	99	4988650	8364	1
A_HP_24	78	Response	2	4990198	9911	1
A_HP_24	78	Pulse	99	5008650	28363	1
A_HP_24	79	Picture	response65	5010817	130	1	20229	1	0	20000	hit	362
A_HP_24	79	Response	1	5018099	7413	1
A_HP_24	79	Pulse	99	5028730	18044	1
A_HP_24	80	Picture	response69	5041441	355	1	20229	1	0	20000	hit	366
A_HP_24	80	Pulse	99	5048650	7564	1
A_HP_24	80	Response	2	5052669	11582	1
A_HP_24	80	Pulse	99	5068650	27564	1
A_HP_24	81	Picture	response70	5071733	246	1	20229	1	0	20000	hit	369
A_HP_24	81	Response	2	5077289	5803	1
A_HP_24	81	Pulse	99	5088731	17244	1
A_HP_24	82	Picture	response67	5102024	138	1	20229	1	0	20000	hit	372
A_HP_24	82	Response	2	5108219	6333	1
A_HP_24	82	Pulse	99	5108650	6763	1
A_HP_24	82	Pulse	99	5128650	26764	1
A_HP_24	83	Picture	ins23	5132483	196	1	30229	1	0	30000	other	0
A_HP_24	83	Pulse	99	5148730	16443	1
A_HP_24	83	Pulse	99	5168650	36364	1
A_HP_24	83	Pulse	99	5188650	56364	1
A_HP_24	83	Pulse	99	5208730	76444	1
A_HP_24	83	Pulse	99	5228650	96363	1
A_HP_24	83	Pulse	99	5248650	116363	1
A_HP_24	83	Pulse	99	5268650	136363	1
A_HP_24	83	Pulse	99	5288730	156444	1
A_HP_24	83	Pulse	99	5308650	176363	1
A_HP_24	83	Pulse	99	5328651	196364	1
A_HP_24	83	Pulse	99	5348730	216443	1
A_HP_24	83	Pulse	99	5368650	236364	1
A_HP_24	83	Pulse	99	5388650	256363	1
A_HP_24	83	Pulse	99	5408730	276443	1
A_HP_24	83	Pulse	99	5428650	296364	1
A_HP_24	84	Response	5	5448650	6133	1
A_HP_24	84	Pulse	99	5448650	6133	1
A_HP_24	85	Picture	response178	5449216	230	1	20229	1	0	20000	hit	394
A_HP_24	85	Response	2	5455889	6902	1
A_HP_24	85	Pulse	99	5468650	19664	1
A_HP_24	86	Picture	response184	5479508	122	1	20230	1	0	20000	hit	398
A_HP_24	86	Pulse	99	5488650	9264	1
A_HP_24	86	Response	3	5489408	10021	1
A_HP_24	86	Pulse	99	5508650	29264	1
A_HP_24	87	Picture	response181	5509967	180	1	20229	1	0	20000	hit	401
A_HP_24	87	Response	2	5517959	8172	1
A_HP_24	87	Pulse	99	5528649	18863	1
A_HP_24	88	Picture	response177	5540425	238	1	20231	1	0	20000	hit	404
A_HP_24	88	Response	1	5545939	5752	1
A_HP_24	88	Pulse	99	5548729	8543	1
A_HP_24	88	Pulse	99	5568651	28464	1
A_HP_24	89	Picture	response180	5570885	299	1	20229	1	0	20000	hit	408
A_HP_24	89	Response	1	5577249	6662	1
A_HP_24	89	Pulse	99	5588650	18064	1
A_HP_24	90	Picture	response179	5601177	191	1	20229	1	0	20000	hit	412
A_HP_24	90	Pulse	99	5608730	7744	1
A_HP_24	90	Response	3	5609088	8102	1
A_HP_24	90	Pulse	99	5628650	27664	1
A_HP_24	91	Picture	response183	5631469	82	1	20229	1	0	20000	hit	415
A_HP_24	91	Response	4	5637259	5873	1
A_HP_24	91	Pulse	99	5648650	17264	1
A_HP_24	92	Picture	response182	5662094	307	1	20229	1	0	20000	hit	419
A_HP_24	92	Pulse	99	5668730	6943	1
A_HP_24	92	Response	2	5668958	7172	1
A_HP_24	92	Pulse	99	5688651	26864	1
A_HP_24	93	Picture	ins15	5692385	199	1	30230	1	0	30000	other	0
A_HP_24	93	Pulse	99	5708650	16464	1
A_HP_24	93	Pulse	99	5728650	36464	1
A_HP_24	93	Pulse	99	5748650	56464	1
A_HP_24	93	Pulse	99	5768650	76464	1
A_HP_24	93	Pulse	99	5788650	96464	1
A_HP_24	93	Pulse	99	5808730	116544	1
A_HP_24	93	Pulse	99	5828650	136464	1
A_HP_24	93	Pulse	99	5848650	156464	1
A_HP_24	93	Pulse	99	5868730	176544	1
A_HP_24	93	Pulse	99	5888650	196464	1
A_HP_24	93	Pulse	99	5908650	216464	1
A_HP_24	93	Pulse	99	5928730	236544	1
A_HP_24	93	Pulse	99	5948650	256464	1
A_HP_24	93	Pulse	99	5968650	276464	1
A_HP_24	93	Pulse	99	5988650	296464	1
A_HP_24	94	Response	5	6008650	6234	1
A_HP_24	94	Pulse	99	6008650	6234	1
A_HP_24	95	Picture	response116	6009216	230	1	20229	1	0	20000	hit	440
A_HP_24	95	Response	4	6018249	9263	1
A_HP_24	95	Pulse	99	6028650	19664	1
A_HP_24	96	Picture	response114	6039508	122	1	20230	1	0	20000	hit	443
A_HP_24	96	Response	4	6046558	7172	1
A_HP_24	96	Pulse	99	6048649	9263	1
A_HP_24	96	Pulse	99	6068650	29264	1
A_HP_24	97	Picture	response119	6069967	181	1	20229	1	0	20000	hit	447
A_HP_24	97	Response	4	6082108	12322	1
A_HP_24	97	Pulse	99	6088650	18864	1
A_HP_24	98	Picture	response113	6100425	239	1	20229	1	0	20000	hit	450
A_HP_24	98	Response	2	6106438	6252	1
A_HP_24	98	Pulse	99	6108649	8463	1
A_HP_24	98	Pulse	99	6128730	28544	1
A_HP_24	99	Picture	response117	6130883	297	1	20229	1	0	20000	hit	454
A_HP_24	99	Response	4	6140059	9473	1
A_HP_24	99	Pulse	99	6148649	18063	1
A_HP_24	100	Picture	response118	6161175	189	1	20229	1	0	20000	hit	458
A_HP_24	100	Pulse	99	6168650	7664	1
A_HP_24	100	Response	2	6169278	8292	1
A_HP_24	100	Pulse	99	6188650	27664	1
A_HP_24	101	Picture	response120	6191466	80	1	20229	1	0	20000	hit	461
A_HP_24	101	Response	4	6198659	7272	1
A_HP_24	101	Pulse	99	6208651	17265	1
A_HP_24	102	Picture	response115	6222091	305	1	20229	1	0	20000	hit	465
A_HP_24	102	Pulse	99	6228650	6863	1
A_HP_24	102	Response	2	6229407	7621	1
A_HP_24	102	Pulse	99	6248650	26864	1
A_HP_24	103	Picture	ins5	6252382	196	1	30229	1	0	30000	other	0
A_HP_24	103	Pulse	99	6268649	16464	1
A_HP_24	103	Pulse	99	6288650	36464	1
A_HP_24	103	Pulse	99	6308650	56464	1
A_HP_24	103	Pulse	99	6328650	76464	1
A_HP_24	103	Pulse	99	6348650	96464	1
A_HP_24	103	Pulse	99	6368650	116464	1
A_HP_24	103	Pulse	99	6388730	136544	1
A_HP_24	103	Pulse	99	6408649	156463	1
A_HP_24	103	Pulse	99	6428650	176464	1
A_HP_24	103	Pulse	99	6448650	196464	1
A_HP_24	103	Pulse	99	6468650	216464	1
A_HP_24	103	Pulse	99	6488650	236464	1
A_HP_24	103	Pulse	99	6508650	256464	1
A_HP_24	103	Pulse	99	6528650	276464	1
A_HP_24	103	Pulse	99	6548650	296464	1
A_HP_24	104	Response	5	6568650	6233	1
A_HP_24	104	Pulse	99	6568650	6233	1
A_HP_24	105	Picture	response34	6569216	230	1	20229	1	0	20000	hit	486
A_HP_24	105	Response	3	6578959	9972	1
A_HP_24	105	Pulse	99	6588650	19664	1
A_HP_24	106	Picture	response36	6599508	121	1	20229	1	0	20000	hit	489
A_HP_24	106	Response	3	6604549	5162	1
A_HP_24	106	Pulse	99	6608649	9263	1
A_HP_24	106	Pulse	99	6628650	29264	1
A_HP_24	107	Picture	response38	6629966	181	1	20229	1	0	20000	hit	493
A_HP_24	107	Response	3	6635398	5613	1
A_HP_24	107	Pulse	99	6648730	18945	1
A_HP_24	108	Picture	response39	6660424	238	1	20229	1	0	20000	hit	496
A_HP_24	108	Response	3	6666629	6443	1
A_HP_24	108	Pulse	99	6668649	8463	1
A_HP_24	108	Pulse	99	6688650	28463	1
A_HP_24	109	Picture	response40	6690882	295	1	20229	1	0	20000	hit	500
A_HP_24	109	Response	3	6697259	6672	1
A_HP_24	109	Pulse	99	6708650	18063	1
A_HP_24	110	Picture	response33	6721173	186	1	20229	1	0	20000	hit	503
A_HP_24	110	Response	3	6725429	4442	1
A_HP_24	110	Pulse	99	6728649	7663	1
A_HP_24	110	Pulse	99	6748650	27663	1
A_HP_24	111	Picture	response37	6751464	78	1	20229	1	0	20000	hit	507
A_HP_24	111	Response	3	6757758	6372	1
A_HP_24	111	Pulse	99	6768650	17264	1
A_HP_24	112	Picture	response35	6782089	303	1	20229	1	0	20000	hit	511
A_HP_24	112	Pulse	99	6788650	6864	1
A_HP_24	112	Response	3	6791618	9832	1
A_HP_24	112	Pulse	99	6808650	26864	1
A_HP_24	113	Picture	ins19	6812380	194	1	30229	1	0	30000	other	0
A_HP_24	113	Pulse	99	6828650	16464	1
A_HP_24	113	Pulse	99	6848650	36463	1
A_HP_24	113	Pulse	99	6868650	56463	1
A_HP_24	113	Pulse	99	6888650	76463	1
A_HP_24	113	Pulse	99	6908650	96464	1
A_HP_24	113	Pulse	99	6928650	116463	1
A_HP_24	113	Pulse	99	6948650	136464	1
A_HP_24	113	Pulse	99	6968650	156464	1
A_HP_24	113	Pulse	99	6988650	176463	1
A_HP_24	113	Pulse	99	7008650	196463	1
A_HP_24	113	Pulse	99	7028650	216463	1
A_HP_24	113	Pulse	99	7048650	236464	1
A_HP_24	113	Pulse	99	7068649	256463	1
A_HP_24	113	Pulse	99	7088650	276464	1
A_HP_24	113	Pulse	99	7108652	296466	1
A_HP_24	114	Response	5	7128650	6233	1
A_HP_24	114	Pulse	99	7128650	6233	1
A_HP_24	115	Picture	response152	7129216	230	1	20229	1	0	20000	hit	532
A_HP_24	115	Response	2	7140098	11112	1
A_HP_24	115	Pulse	99	7148649	19663	1
A_HP_24	116	Picture	response148	7159507	121	1	20229	1	0	20000	hit	535
A_HP_24	116	Response	2	7165478	6092	1
A_HP_24	116	Pulse	99	7168649	9264	1
A_HP_24	116	Pulse	99	7188649	29264	1
A_HP_24	117	Picture	response146	7189964	180	1	20229	1	0	20000	hit	539
A_HP_24	117	Response	1	7198158	8374	1
A_HP_24	117	Pulse	99	7208649	18865	1
A_HP_24	118	Picture	response145	7220422	237	1	20229	1	0	20000	hit	542
A_HP_24	118	Response	1	7226578	6392	1
A_HP_24	118	Pulse	99	7228649	8463	1
A_HP_24	118	Pulse	99	7248649	28464	1
A_HP_24	119	Picture	response149	7250880	295	1	20229	1	0	20000	hit	546
A_HP_24	119	Response	3	7256838	6253	1
A_HP_24	119	Pulse	99	7268649	18064	1
A_HP_24	120	Picture	response150	7281172	186	1	20229	1	0	20000	hit	549
A_HP_24	120	Response	4	7286548	5563	1
A_HP_24	120	Pulse	99	7288649	7663	1
A_HP_24	120	Pulse	99	7308649	27664	1
A_HP_24	121	Picture	response151	7311463	78	1	20229	1	0	20000	hit	553
A_HP_24	121	Response	2	7320868	9482	1
A_HP_24	121	Pulse	99	7328649	17264	1
A_HP_24	122	Picture	response147	7342088	302	1	20229	1	0	20000	hit	557
A_HP_24	122	Pulse	99	7348649	6864	1
A_HP_24	122	Response	3	7351987	10202	1
A_HP_24	122	Pulse	99	7368649	26864	1
A_HP_24	123	Picture	thanks	7372046	0	1	10230	1	0	10000	other	0
A_HP_24	123	Pulse	99	7388649	16604	1


Event Type	Code	Type	Response	RT	RT Uncertainty	Time	Uncertainty	Duration	Uncertainty	ReqTime	ReqDur

Picture	ready	other				588966	1	10230	1	0	10000
Picture	ins1	other				649522	1	30230	1	0	30000
Picture	response7	hit	1	5532	2	969319	1	20229	1	0	20000
Picture	response2	hit	1	6184	2	999777	1	20229	1	0	20000
Picture	response5	hit	1	6892	2	1030069	1	20396	1	0	20000
Picture	response1	hit	1	3775	2	1060526	1	20229	1	0	20000
Picture	response6	hit	1	2784	2	1090817	1	20229	1	0	20000
Picture	response8	hit	1	2800	2	1121442	1	20229	1	0	20000
Picture	response3	hit	1	3759	2	1151733	1	20229	1	0	20000
Picture	response4	hit	1	4097	2	1182024	1	20230	1	0	20000
Picture	ins11	other				1212483	1	30229	1	0	30000
Picture	response88	hit	3	6072	2	1529318	1	20229	1	0	20000
Picture	response83	hit	3	5984	2	1559777	1	20229	1	0	20000
Picture	response85	hit	1	6333	2	1590068	1	20396	1	0	20000
Picture	response87	hit	3	5824	2	1620527	1	20230	1	0	20000
Picture	response82	hit	3	5312	2	1650819	1	20229	1	0	20000
Picture	response86	hit	1	7597	2	1681444	1	20229	1	0	20000
Picture	response84	hit	1	5366	2	1711735	1	20396	1	0	20000
Picture	response81	hit	1	6934	2	1742027	1	20229	1	0	20000
Picture	ins7	other				1772485	1	30229	1	0	30000
Picture	response51	hit	4	4282	2	2089318	1	20229	1	0	20000
Picture	response54	hit	4	3744	2	2119776	1	20229	1	0	20000
Picture	response55	hit	4	5633	2	2150068	1	20396	1	0	20000
Picture	response49	hit	4	5765	2	2180525	1	20229	1	0	20000
Picture	response53	hit	4	5673	2	2210817	1	20229	1	0	20000
Picture	response52	hit	4	5779	2	2241441	1	20229	1	0	20000
Picture	response56	hit	4	7358	2	2271732	1	20229	1	0	20000
Picture	response50	hit	4	8726	2	2302023	1	20229	1	0	20000
Picture	ins17	other				2332482	1	30229	1	0	30000
Picture	response130	hit	1	8912	2	2649219	1	20229	1	0	20000
Picture	response133	hit	1	8070	2	2679511	1	20229	1	0	20000
Picture	response132	hit	4	15381	2	2709969	1	20229	1	0	20000
Picture	response136	hit	4	8443	2	2740427	1	20229	1	0	20000
Picture	response129	hit	1	8965	2	2770885	1	20229	1	0	20000
Picture	response134	hit	4	7463	2	2801177	1	20229	1	0	20000
Picture	response135	hit	1	7542	2	2831469	1	20230	1	0	20000
Picture	response131	hit	2	13847	2	2862094	1	20229	1	0	20000
Picture	ins21	other				2892385	1	30229	1	0	30000
Picture	response168	hit	4	7843	2	3209318	1	20229	1	0	20000
Picture	response165	hit	3	6545	2	3239776	1	20230	1	0	20000
Picture	response162	hit	4	8533	2	3270068	1	20229	1	0	20000
Picture	response166	hit	4	8694	2	3300526	1	20229	1	0	20000
Picture	response161	hit	2	7013	2	3330817	1	20229	1	0	20000
Picture	response167	hit	2	4869	2	3361441	1	20229	1	0	20000
Picture	response163	hit	2	6458	2	3391732	1	20396	1	0	20000
Picture	response164	hit	1	7716	2	3422023	1	20230	1	0	20000
Picture	ins3	other				3452482	1	30229	1	0	30000
Picture	response18	hit	2	4392	2	3769317	1	20229	1	0	20000
Picture	response24	hit	2	5955	2	3799776	1	20229	1	0	20000
Picture	response21	hit	2	6243	2	3830067	1	20396	1	0	20000
Picture	response19	hit	2	4995	2	3860525	1	20229	1	0	20000
Picture	response20	hit	2	4724	2	3890816	1	20229	1	0	20000
Picture	response17	hit	2	5238	2	3921442	1	20230	1	0	20000
Picture	response23	hit	2	8076	2	3951734	1	20229	1	0	20000
Picture	response22	hit	2	6305	2	3982025	1	20229	1	0	20000
Picture	ins13	other				4012483	1	30229	1	0	30000
Picture	response103	hit	2	5082	2	4329218	1	20229	1	0	20000
Picture	response100	hit	2	5191	2	4359509	1	20229	1	0	20000
Picture	response101	hit	2	5533	2	4389967	1	20230	1	0	20000
Picture	response98	hit	2	4805	2	4420425	1	20229	1	0	20000
Picture	response102	hit	2	5527	2	4450883	1	20229	1	0	20000
Picture	response97	hit	3	4516	2	4481174	1	20229	1	0	20000
Picture	response99	hit	3	4915	2	4511465	1	20230	1	0	20000
Picture	response104	hit	2	7939	2	4542090	1	20229	1	0	20000
Picture	ins9	other				4572381	1	30229	1	0	30000
Picture	response68	hit	2	4783	2	4889317	1	20229	1	0	20000
Picture	response71	hit	2	7205	2	4919775	1	20229	1	0	20000
Picture	response72	hit	1	6623	2	4950066	1	20229	1	0	20000
Picture	response66	hit	2	9673	2	4980525	1	20229	1	0	20000
Picture	response65	hit	1	7283	2	5010817	1	20229	1	0	20000
Picture	response69	hit	2	11227	2	5041441	1	20229	1	0	20000
Picture	response70	hit	2	5556	2	5071733	1	20229	1	0	20000
Picture	response67	hit	2	6195	2	5102024	1	20229	1	0	20000
Picture	ins23	other				5132483	1	30229	1	0	30000
Picture	response178	hit	2	6672	2	5449216	1	20229	1	0	20000
Picture	response184	hit	3	9900	2	5479508	1	20230	1	0	20000
Picture	response181	hit	2	7992	2	5509967	1	20229	1	0	20000
Picture	response177	hit	1	5514	2	5540425	1	20231	1	0	20000
Picture	response180	hit	1	6364	2	5570885	1	20229	1	0	20000
Picture	response179	hit	3	7911	2	5601177	1	20229	1	0	20000
Picture	response183	hit	4	5790	2	5631469	1	20229	1	0	20000
Picture	response182	hit	2	6865	2	5662094	1	20229	1	0	20000
Picture	ins15	other				5692385	1	30230	1	0	30000
Picture	response116	hit	4	9032	2	6009216	1	20229	1	0	20000
Picture	response114	hit	4	7050	2	6039508	1	20230	1	0	20000
Picture	response119	hit	4	12142	2	6069967	1	20229	1	0	20000
Picture	response113	hit	2	6013	2	6100425	1	20229	1	0	20000
Picture	response117	hit	4	9176	2	6130883	1	20229	1	0	20000
Picture	response118	hit	2	8103	2	6161175	1	20229	1	0	20000
Picture	response120	hit	4	7192	2	6191466	1	20229	1	0	20000
Picture	response115	hit	2	7317	2	6222091	1	20229	1	0	20000
Picture	ins5	other				6252382	1	30229	1	0	30000
Picture	response34	hit	3	9742	2	6569216	1	20229	1	0	20000
Picture	response36	hit	3	5041	2	6599508	1	20229	1	0	20000
Picture	response38	hit	3	5433	2	6629966	1	20229	1	0	20000
Picture	response39	hit	3	6205	2	6660424	1	20229	1	0	20000
Picture	response40	hit	3	6377	2	6690882	1	20229	1	0	20000
Picture	response33	hit	3	4256	2	6721173	1	20229	1	0	20000
Picture	response37	hit	3	6294	2	6751464	1	20229	1	0	20000
Picture	response35	hit	3	9529	2	6782089	1	20229	1	0	20000
Picture	ins19	other				6812380	1	30229	1	0	30000
Picture	response152	hit	2	10882	2	7129216	1	20229	1	0	20000
Picture	response148	hit	2	5971	2	7159507	1	20229	1	0	20000
Picture	response146	hit	1	8194	2	7189964	1	20229	1	0	20000
Picture	response145	hit	1	6156	2	7220422	1	20229	1	0	20000
Picture	response149	hit	3	5958	2	7250880	1	20229	1	0	20000
Picture	response150	hit	4	5377	2	7281172	1	20229	1	0	20000
Picture	response151	hit	2	9405	2	7311463	1	20229	1	0	20000
Picture	response147	hit	3	9899	2	7342088	1	20229	1	0	20000
Picture	thanks	other				7372046	1	10230	1	0	10000


{
   "app": "Presentation Version 21.0 Build 06.06.19",
   "device": "LENOVO 20KHCTO1WW",
   "experiment": "{C0C68DB1-10BA-42F2-8F79-3F2AFFEED4E4}",
   "os": "Windows 10 64 bit",
   "package": "",
   "parameters": {
      "configuration": "Default configuration"
   },
   "scenario": "Response experiment(1).sce",
   "subject": "A_HP_24",
   "timestamp": "2019/10/31 04:07:13 GMT"
}
