Scenario - 
Logfile written - 07/19/2019 14:27:27

Subject	Trial	Event Type	Code	Time	TTime	Uncertainty	Duration	Uncertainty	ReqTime	ReqDur	Stim Type	Pair Index

A_HP_04	1	Response	5	364686	363354	1
A_HP_04	1	Pulse	99	364686	363354	1
A_HP_04	2	Picture	ready	364922	0	1	10230	1	0	10000	other	0
A_HP_04	2	Pulse	99	384766	19844	1
A_HP_04	2	Pulse	99	404686	39764	1
A_HP_04	2	Pulse	99	424686	59764	1
A_HP_04	3	Picture	ins15	425534	236	1	30230	1	0	30000	other	0
A_HP_04	3	Pulse	99	444766	19469	1
A_HP_04	3	Pulse	99	464686	39389	1
A_HP_04	3	Pulse	99	484686	59389	1
A_HP_04	3	Pulse	99	504686	79389	1
A_HP_04	3	Pulse	99	524686	99389	1
A_HP_04	3	Pulse	99	544686	119389	1
A_HP_04	3	Pulse	99	564686	139389	1
A_HP_04	3	Pulse	99	584686	159389	1
A_HP_04	3	Pulse	99	604686	179389	1
A_HP_04	3	Pulse	99	624686	199389	1
A_HP_04	3	Pulse	99	644686	219389	1
A_HP_04	3	Pulse	99	664687	239389	1
A_HP_04	3	Pulse	99	684686	259389	1
A_HP_04	3	Pulse	99	704766	279469	1
A_HP_04	3	Pulse	99	724686	299388	1
A_HP_04	4	Response	5	744686	9156	1
A_HP_04	4	Pulse	99	744686	9156	1
A_HP_04	5	Picture	response118	745329	232	1	20230	1	0	20000	hit	26
A_HP_04	5	Response	2	756965	11868	1
A_HP_04	5	Pulse	99	764766	19668	1
A_HP_04	6	Picture	response115	775622	125	1	20230	1	0	20000	hit	30
A_HP_04	6	Pulse	99	784686	9189	1
A_HP_04	6	Response	2	786604	11107	1
A_HP_04	6	Pulse	99	804687	29189	1
A_HP_04	7	Picture	response120	806083	186	1	20230	1	0	20000	hit	33
A_HP_04	7	Response	4	812215	6318	1
A_HP_04	7	Pulse	99	824766	18869	1
A_HP_04	8	Picture	response119	836543	246	1	20230	1	0	20000	hit	37
A_HP_04	8	Pulse	99	844686	8389	1
A_HP_04	8	Response	4	844844	8547	1
A_HP_04	8	Pulse	99	864686	28389	1
A_HP_04	9	Picture	response113	866837	140	1	20230	1	0	20000	hit	40
A_HP_04	9	Response	2	873245	6548	1
A_HP_04	9	Pulse	99	884766	18069	1
A_HP_04	10	Picture	response117	897297	200	1	20230	1	0	20000	hit	44
A_HP_04	10	Pulse	99	904686	7589	1
A_HP_04	10	Response	4	905834	8737	1
A_HP_04	10	Pulse	99	924686	27589	1
A_HP_04	11	Picture	response116	927590	93	1	20230	1	0	20000	hit	47
A_HP_04	11	Response	4	937785	10288	1
A_HP_04	11	Pulse	99	944766	17269	1
A_HP_04	12	Picture	response114	958217	320	1	20230	1	0	20000	hit	51
A_HP_04	12	Pulse	99	964686	6789	1
A_HP_04	12	Response	4	964894	6997	1
A_HP_04	12	Pulse	99	984686	26789	1
A_HP_04	13	Picture	ins11	988510	214	1	30230	1	0	30000	other	0
A_HP_04	13	Pulse	99	1004686	16389	1
A_HP_04	13	Pulse	99	1024686	36389	1
A_HP_04	13	Pulse	99	1044687	56390	1
A_HP_04	13	Pulse	99	1064686	76389	1
A_HP_04	13	Pulse	99	1084686	96390	1
A_HP_04	13	Pulse	99	1104686	116390	1
A_HP_04	13	Pulse	99	1124686	136389	1
A_HP_04	13	Pulse	99	1144686	156390	1
A_HP_04	13	Pulse	99	1164686	176390	1
A_HP_04	13	Pulse	99	1184686	196389	1
A_HP_04	13	Pulse	99	1204686	216390	1
A_HP_04	13	Pulse	99	1224686	236390	1
A_HP_04	13	Pulse	99	1244686	256390	1
A_HP_04	13	Pulse	99	1264687	276390	1
A_HP_04	13	Pulse	99	1284686	296390	1
A_HP_04	14	Response	5	1304686	6157	1
A_HP_04	14	Pulse	99	1304686	6157	1
A_HP_04	15	Picture	response81	1305329	232	1	20230	1	0	20000	hit	72
A_HP_04	15	Response	1	1312355	7258	1
A_HP_04	15	Pulse	99	1324686	19589	1
A_HP_04	16	Picture	response84	1335623	125	1	20230	1	0	20000	hit	75
A_HP_04	16	Response	1	1344515	9018	1
A_HP_04	16	Pulse	99	1344686	9188	1
A_HP_04	16	Pulse	99	1364686	29189	1
A_HP_04	17	Picture	response86	1366083	185	1	20230	1	0	20000	hit	79
A_HP_04	17	Response	1	1372105	6208	1
A_HP_04	17	Pulse	99	1384767	18869	1
A_HP_04	18	Picture	response88	1396543	245	1	20230	1	0	20000	hit	82
A_HP_04	18	Response	3	1401965	5668	1
A_HP_04	18	Pulse	99	1404687	8389	1
A_HP_04	18	Pulse	99	1424687	28389	1
A_HP_04	19	Picture	response85	1426836	139	1	20230	1	0	20000	hit	86
A_HP_04	19	Response	1	1432395	5698	1
A_HP_04	19	Pulse	99	1444767	18069	1
A_HP_04	20	Picture	response87	1457296	199	1	20232	1	0	20000	hit	89
A_HP_04	20	Response	3	1462905	5808	1
A_HP_04	20	Pulse	99	1464686	7588	1
A_HP_04	20	Pulse	99	1484687	27589	1
A_HP_04	21	Picture	response83	1487591	94	1	20230	1	0	20000	hit	93
A_HP_04	21	Response	3	1492135	4638	1
A_HP_04	21	Pulse	99	1504767	17269	1
A_HP_04	22	Picture	response82	1518218	321	1	20230	1	0	20000	hit	96
A_HP_04	22	Response	3	1523106	5209	1
A_HP_04	22	Pulse	99	1524686	6789	1
A_HP_04	22	Pulse	99	1544687	26790	1
A_HP_04	23	Picture	ins9	1548512	215	1	30230	1	0	30000	other	0
A_HP_04	23	Pulse	99	1564687	16389	1
A_HP_04	23	Pulse	99	1584687	36389	1
A_HP_04	23	Pulse	99	1604687	56389	1
A_HP_04	23	Pulse	99	1624687	76389	1
A_HP_04	23	Pulse	99	1644687	96389	1
A_HP_04	23	Pulse	99	1664687	116389	1
A_HP_04	23	Pulse	99	1684687	136389	1
A_HP_04	23	Pulse	99	1704687	156389	1
A_HP_04	23	Pulse	99	1724687	176389	1
A_HP_04	23	Pulse	99	1744687	196389	1
A_HP_04	23	Pulse	99	1764687	216389	1
A_HP_04	23	Pulse	99	1784687	236389	1
A_HP_04	23	Pulse	99	1804687	256389	1
A_HP_04	23	Pulse	99	1824687	276389	1
A_HP_04	23	Pulse	99	1844687	296389	1
A_HP_04	24	Response	5	1864687	6157	1
A_HP_04	24	Pulse	99	1864687	6157	1
A_HP_04	25	Picture	response67	1865329	231	1	20230	1	0	20000	hit	118
A_HP_04	25	Response	2	1878556	13458	1
A_HP_04	25	Pulse	99	1884687	19589	1
A_HP_04	26	Picture	response68	1895623	125	1	20230	1	0	20000	hit	121
A_HP_04	26	Response	2	1903366	7868	1
A_HP_04	26	Pulse	99	1904686	9188	1
A_HP_04	26	Pulse	99	1924687	29189	1
A_HP_04	27	Picture	response70	1926083	186	1	20230	1	0	20000	hit	125
A_HP_04	27	Response	2	1931816	5918	1
A_HP_04	27	Pulse	99	1944687	18789	1
A_HP_04	28	Picture	response66	1956543	246	1	20230	1	0	20000	hit	128
A_HP_04	28	Response	2	1961796	5498	1
A_HP_04	28	Pulse	99	1964686	8388	1
A_HP_04	28	Pulse	99	1984687	28389	1
A_HP_04	29	Picture	response69	1987004	306	1	20230	1	0	20000	hit	132
A_HP_04	29	Response	2	1993226	6528	1
A_HP_04	29	Pulse	99	2004687	17989	1
A_HP_04	30	Picture	response72	2017298	201	1	20231	1	0	20000	hit	135
A_HP_04	30	Response	1	2023496	6398	1
A_HP_04	30	Pulse	99	2024686	7589	1
A_HP_04	30	Pulse	99	2044687	27590	1
A_HP_04	31	Picture	response71	2047593	95	1	20230	1	0	20000	hit	139
A_HP_04	31	Response	2	2054486	6988	1
A_HP_04	31	Pulse	99	2064687	17189	1
A_HP_04	32	Picture	response65	2078219	322	1	20230	1	0	20000	hit	143
A_HP_04	32	Pulse	99	2084687	6790	1
A_HP_04	32	Response	1	2084695	6798	1
A_HP_04	32	Pulse	99	2104687	26790	1
A_HP_04	33	Picture	ins3	2108513	215	1	30230	1	0	30000	other	0
A_HP_04	33	Pulse	99	2124687	16389	1
A_HP_04	33	Pulse	99	2144687	36389	1
A_HP_04	33	Pulse	99	2164687	56389	1
A_HP_04	33	Pulse	99	2184687	76389	1
A_HP_04	33	Pulse	99	2204687	96389	1
A_HP_04	33	Pulse	99	2224687	116389	1
A_HP_04	33	Pulse	99	2244687	136389	1
A_HP_04	33	Pulse	99	2264687	156389	1
A_HP_04	33	Pulse	99	2284687	176389	1
A_HP_04	33	Pulse	99	2304687	196389	1
A_HP_04	33	Pulse	99	2324687	216389	1
A_HP_04	33	Pulse	99	2344687	236389	1
A_HP_04	33	Pulse	99	2364687	256389	1
A_HP_04	33	Pulse	99	2384687	276389	1
A_HP_04	33	Pulse	99	2404687	296389	1
A_HP_04	34	Response	5	2424688	6157	1
A_HP_04	34	Pulse	99	2424688	6157	1
A_HP_04	35	Picture	response20	2425272	174	1	20230	1	0	20000	hit	164
A_HP_04	35	Response	2	2431486	6388	1
A_HP_04	35	Pulse	99	2444687	19589	1
A_HP_04	36	Picture	response24	2455733	235	1	20230	1	0	20000	hit	167
A_HP_04	36	Response	2	2463006	7508	1
A_HP_04	36	Pulse	99	2464687	9189	1
A_HP_04	36	Pulse	99	2484687	29189	1
A_HP_04	37	Picture	response18	2486193	295	1	20230	1	0	20000	hit	171
A_HP_04	37	Response	2	2489036	3138	1
A_HP_04	37	Pulse	99	2504687	18789	1
A_HP_04	38	Picture	response22	2516487	189	1	20230	1	0	20000	hit	174
A_HP_04	38	Response	2	2519636	3338	1
A_HP_04	38	Pulse	99	2524687	8389	1
A_HP_04	38	Pulse	99	2544687	28389	1
A_HP_04	39	Picture	response21	2546781	84	1	20230	1	0	20000	hit	178
A_HP_04	39	Response	2	2549375	2678	1
A_HP_04	39	Pulse	99	2564687	17989	1
A_HP_04	40	Picture	response23	2577408	311	1	20230	1	0	20000	hit	181
A_HP_04	40	Response	2	2579856	2758	1
A_HP_04	40	Pulse	99	2584686	7588	1
A_HP_04	40	Pulse	99	2604687	27589	1
A_HP_04	41	Picture	response19	2607702	204	1	20230	1	0	20000	hit	185
A_HP_04	41	Response	2	2611806	4308	1
A_HP_04	41	Pulse	99	2624687	17189	1
A_HP_04	42	Picture	response17	2638162	265	1	20230	1	0	20000	hit	188
A_HP_04	42	Response	2	2641686	3788	1
A_HP_04	42	Pulse	99	2644686	6788	1
A_HP_04	42	Pulse	99	2664687	26789	1
A_HP_04	43	Picture	ins13	2668456	158	1	30230	1	0	30000	other	0
A_HP_04	43	Pulse	99	2684687	16389	1
A_HP_04	43	Pulse	99	2704687	36389	1
A_HP_04	43	Pulse	99	2724688	56390	1
A_HP_04	43	Pulse	99	2744687	76389	1
A_HP_04	43	Pulse	99	2764687	96389	1
A_HP_04	43	Pulse	99	2784687	116389	1
A_HP_04	43	Pulse	99	2804687	136389	1
A_HP_04	43	Pulse	99	2824687	156389	1
A_HP_04	43	Pulse	99	2844687	176389	1
A_HP_04	43	Pulse	99	2864687	196389	1
A_HP_04	43	Pulse	99	2884688	216390	1
A_HP_04	43	Pulse	99	2904687	236389	1
A_HP_04	43	Pulse	99	2924687	256389	1
A_HP_04	43	Pulse	99	2944687	276389	1
A_HP_04	43	Pulse	99	2964687	296389	1
A_HP_04	44	Response	5	2984687	6156	1
A_HP_04	44	Pulse	99	2984687	6156	1
A_HP_04	45	Picture	response99	2985330	232	1	20230	1	0	20000	hit	210
A_HP_04	45	Response	3	3001196	16098	1
A_HP_04	45	Pulse	99	3004687	19588	1
A_HP_04	46	Picture	response103	3015624	125	1	20231	1	0	20000	hit	213
A_HP_04	46	Response	2	3022976	7478	1
A_HP_04	46	Pulse	99	3024687	9188	1
A_HP_04	46	Pulse	99	3044687	29189	1
A_HP_04	47	Picture	response100	3046084	186	1	20230	1	0	20000	hit	217
A_HP_04	47	Response	2	3051806	5908	1
A_HP_04	47	Pulse	99	3064687	18789	1
A_HP_04	48	Picture	response98	3076544	246	1	20230	1	0	20000	hit	220
A_HP_04	48	Response	2	3081056	4758	1
A_HP_04	48	Pulse	99	3084686	8388	1
A_HP_04	48	Pulse	99	3104687	28389	1
A_HP_04	49	Picture	response104	3106838	140	1	20230	1	0	20000	hit	224
A_HP_04	49	Response	2	3112446	5748	1
A_HP_04	49	Pulse	99	3124687	17989	1
A_HP_04	50	Picture	response97	3137298	200	1	20230	1	0	20000	hit	227
A_HP_04	50	Response	3	3142076	4978	1
A_HP_04	50	Pulse	99	3144686	7588	1
A_HP_04	50	Pulse	99	3164687	27589	1
A_HP_04	51	Picture	response102	3167592	94	1	20230	1	0	20000	hit	231
A_HP_04	51	Response	2	3172456	4958	1
A_HP_04	51	Pulse	99	3184688	17189	1
A_HP_04	52	Picture	response101	3198219	321	1	20230	1	0	20000	hit	235
A_HP_04	52	Pulse	99	3204688	6790	1
A_HP_04	52	Response	2	3210166	12268	1
A_HP_04	52	Pulse	99	3224688	26790	1
A_HP_04	53	Picture	ins5	3228512	214	1	30230	1	0	30000	other	0
A_HP_04	53	Pulse	99	3244688	16389	1
A_HP_04	53	Pulse	99	3264688	36390	1
A_HP_04	53	Pulse	99	3284688	56390	1
A_HP_04	53	Pulse	99	3304687	76389	1
A_HP_04	53	Pulse	99	3324688	96389	1
A_HP_04	53	Pulse	99	3344688	116389	1
A_HP_04	53	Pulse	99	3364688	136389	1
A_HP_04	53	Pulse	99	3384687	156389	1
A_HP_04	53	Pulse	99	3404687	176389	1
A_HP_04	53	Pulse	99	3424688	196389	1
A_HP_04	53	Pulse	99	3444687	216389	1
A_HP_04	53	Pulse	99	3464688	236389	1
A_HP_04	53	Pulse	99	3484688	256390	1
A_HP_04	53	Pulse	99	3504688	276389	1
A_HP_04	53	Pulse	99	3524688	296389	1
A_HP_04	54	Response	5	3544688	6157	1
A_HP_04	54	Pulse	99	3544688	6157	1
A_HP_04	55	Picture	response38	3545330	231	1	20230	1	0	20000	hit	256
A_HP_04	55	Response	3	3551176	6078	1
A_HP_04	55	Pulse	99	3564688	19589	1
A_HP_04	56	Picture	response40	3575624	125	1	20230	1	0	20000	hit	259
A_HP_04	56	Response	3	3581976	6478	1
A_HP_04	56	Pulse	99	3584687	9188	1
A_HP_04	56	Pulse	99	3604688	29189	1
A_HP_04	57	Picture	response33	3606084	186	1	20230	1	0	20000	hit	263
A_HP_04	57	Response	3	3610936	5038	1
A_HP_04	57	Pulse	99	3624688	18790	1
A_HP_04	58	Picture	response34	3636544	246	1	20230	1	0	20000	hit	266
A_HP_04	58	Response	3	3639246	2948	1
A_HP_04	58	Pulse	99	3644688	8389	1
A_HP_04	58	Pulse	99	3664688	28389	1
A_HP_04	59	Picture	response36	3667005	306	1	20230	1	0	20000	hit	270
A_HP_04	59	Response	3	3670717	4018	1
A_HP_04	59	Pulse	99	3684687	17989	1
A_HP_04	60	Picture	response35	3697298	200	1	20124	1	0	20000	hit	273
A_HP_04	60	Response	3	3700306	3208	1
A_HP_04	60	Pulse	99	3704687	7588	1
A_HP_04	60	Pulse	99	3724688	27589	1
A_HP_04	61	Picture	response37	3727652	153	1	20231	1	0	20000	hit	277
A_HP_04	61	Response	3	3733207	5708	1
A_HP_04	61	Pulse	99	3744688	17189	1
A_HP_04	62	Picture	response39	3758112	214	1	20231	1	0	20000	hit	281
A_HP_04	62	Pulse	99	3764688	6789	1
A_HP_04	62	Response	3	3765086	7188	1
A_HP_04	62	Pulse	99	3784688	26790	1
A_HP_04	63	Picture	ins23	3788572	274	1	30230	1	0	30000	other	0
A_HP_04	63	Pulse	99	3804688	16390	1
A_HP_04	63	Pulse	99	3824688	36390	1
A_HP_04	63	Pulse	99	3844688	56389	1
A_HP_04	63	Pulse	99	3864688	76389	1
A_HP_04	63	Pulse	99	3884688	96389	1
A_HP_04	63	Pulse	99	3904688	116389	1
A_HP_04	63	Pulse	99	3924688	136389	1
A_HP_04	63	Pulse	99	3944688	156389	1
A_HP_04	63	Pulse	99	3964688	176389	1
A_HP_04	63	Pulse	99	3984688	196390	1
A_HP_04	63	Pulse	99	4004688	216390	1
A_HP_04	63	Pulse	99	4024688	236390	1
A_HP_04	63	Pulse	99	4044688	256389	1
A_HP_04	63	Pulse	99	4064688	276390	1
A_HP_04	63	Pulse	99	4084688	296390	1
A_HP_04	64	Response	5	4104688	6157	1
A_HP_04	64	Pulse	99	4104688	6157	1
A_HP_04	65	Picture	response177	4105330	232	1	20230	1	0	20000	incorrect	303
A_HP_04	65	Pulse	99	4124687	19589	1
A_HP_04	65	Response	2	4126046	20947	1
A_HP_04	66	Picture	response183	4135624	126	1	20230	1	0	20000	hit	306
A_HP_04	66	Pulse	99	4144688	9190	1
A_HP_04	66	Response	4	4147046	11548	1
A_HP_04	66	Pulse	99	4164688	29190	1
A_HP_04	67	Picture	response181	4166085	186	1	20230	1	0	20000	incorrect	309
A_HP_04	67	Response	4	4182117	16218	1
A_HP_04	67	Pulse	99	4184687	18788	1
A_HP_04	68	Picture	response182	4196545	246	1	20230	1	0	20000	hit	312
A_HP_04	68	Response	2	4203821	7522	1
A_HP_04	68	Pulse	99	4204687	8389	1
A_HP_04	68	Pulse	99	4224688	28389	1
A_HP_04	69	Picture	response178	4226839	140	1	20230	1	0	20000	hit	316
A_HP_04	69	Response	2	4233907	7208	1
A_HP_04	69	Pulse	99	4244688	17989	1
A_HP_04	70	Picture	response184	4257299	200	1	20230	1	0	20000	hit	320
A_HP_04	70	Pulse	99	4264687	7589	1
A_HP_04	70	Response	3	4268656	11557	1
A_HP_04	70	Pulse	99	4284688	27589	1
A_HP_04	71	Picture	response180	4287592	94	1	20230	1	0	20000	hit	323
A_HP_04	71	Response	1	4296986	9487	1
A_HP_04	71	Pulse	99	4304688	17189	1
A_HP_04	72	Picture	response179	4318156	257	1	20230	1	0	20000	hit	327
A_HP_04	72	Pulse	99	4324688	6789	1
A_HP_04	72	Response	3	4329607	11708	1
A_HP_04	72	Pulse	99	4344688	26789	1
A_HP_04	73	Picture	ins19	4348450	151	1	30230	1	0	30000	other	0
A_HP_04	73	Pulse	99	4364688	16389	1
A_HP_04	73	Pulse	99	4384688	36389	1
A_HP_04	73	Pulse	99	4404688	56389	1
A_HP_04	73	Pulse	99	4424688	76389	1
A_HP_04	73	Pulse	99	4444688	96389	1
A_HP_04	73	Pulse	99	4464688	116389	1
A_HP_04	73	Pulse	99	4484688	136389	1
A_HP_04	73	Pulse	99	4504688	156389	1
A_HP_04	73	Pulse	99	4524688	176389	1
A_HP_04	73	Pulse	99	4544688	196389	1
A_HP_04	73	Pulse	99	4564688	216389	1
A_HP_04	73	Pulse	99	4584688	236389	1
A_HP_04	73	Pulse	99	4604688	256389	1
A_HP_04	73	Pulse	99	4624688	276389	1
A_HP_04	73	Pulse	99	4644688	296389	1
A_HP_04	74	Response	5	4664688	6157	1
A_HP_04	74	Pulse	99	4664688	6157	1
A_HP_04	75	Picture	response149	4665331	232	1	20230	1	0	20000	hit	348
A_HP_04	75	Response	3	4674037	8938	1
A_HP_04	75	Pulse	99	4684688	19589	1
A_HP_04	76	Picture	response145	4695624	125	1	20230	1	0	20000	hit	352
A_HP_04	76	Pulse	99	4704688	9189	1
A_HP_04	76	Response	1	4704906	9407	1
A_HP_04	76	Pulse	99	4724688	29189	1
A_HP_04	77	Picture	response151	4726085	186	1	20230	1	0	20000	hit	355
A_HP_04	77	Response	2	4734137	8239	1
A_HP_04	77	Pulse	99	4744688	18790	1
A_HP_04	78	Picture	response148	4756545	246	1	20231	1	0	20000	hit	358
A_HP_04	78	Response	2	4761957	5658	1
A_HP_04	78	Pulse	99	4764688	8389	1
A_HP_04	78	Pulse	99	4784688	28389	1
A_HP_04	79	Picture	response150	4787006	306	1	20230	1	0	20000	hit	362
A_HP_04	79	Response	4	4792377	5678	1
A_HP_04	79	Pulse	99	4804688	17989	1
A_HP_04	80	Picture	response146	4817300	201	1	20230	1	0	20000	hit	365
A_HP_04	80	Response	1	4824027	6928	1
A_HP_04	80	Pulse	99	4824687	7589	1
A_HP_04	80	Pulse	99	4844688	27589	1
A_HP_04	81	Picture	response147	4847593	94	1	20230	1	0	20000	hit	369
A_HP_04	81	Response	3	4855537	8038	1
A_HP_04	81	Pulse	99	4864688	17189	1
A_HP_04	82	Picture	response152	4878219	321	1	20230	1	0	20000	hit	373
A_HP_04	82	Pulse	99	4884688	6790	1
A_HP_04	82	Response	2	4890447	12548	1
A_HP_04	82	Pulse	99	4904688	26790	1
A_HP_04	83	Picture	ins1	4908513	214	1	30230	1	0	30000	other	0
A_HP_04	83	Pulse	99	4924689	16389	1
A_HP_04	83	Pulse	99	4944688	36389	1
A_HP_04	83	Pulse	99	4964688	56389	1
A_HP_04	83	Pulse	99	4984688	76389	1
A_HP_04	83	Pulse	99	5004689	96389	1
A_HP_04	83	Pulse	99	5024688	116389	1
A_HP_04	83	Pulse	99	5044688	136389	1
A_HP_04	83	Pulse	99	5064688	156389	1
A_HP_04	83	Pulse	99	5084688	176389	1
A_HP_04	83	Pulse	99	5104689	196389	1
A_HP_04	83	Pulse	99	5124688	216389	1
A_HP_04	83	Pulse	99	5144688	236389	1
A_HP_04	83	Pulse	99	5164689	256390	1
A_HP_04	83	Pulse	99	5184688	276389	1
A_HP_04	83	Pulse	99	5204688	296389	1
A_HP_04	84	Response	5	5224689	6156	1
A_HP_04	84	Pulse	99	5224689	6156	1
A_HP_04	85	Picture	response2	5225331	232	1	20230	1	0	20000	hit	394
A_HP_04	85	Response	1	5231427	6327	1
A_HP_04	85	Pulse	99	5244688	19588	1
A_HP_04	86	Picture	response6	5255625	125	1	20230	1	0	20000	hit	397
A_HP_04	86	Response	1	5260867	5368	1
A_HP_04	86	Pulse	99	5264688	9188	1
A_HP_04	86	Pulse	99	5284688	29189	1
A_HP_04	87	Picture	response1	5286085	186	1	20230	1	0	20000	hit	401
A_HP_04	87	Response	1	5292487	6588	1
A_HP_04	87	Pulse	99	5304688	18789	1
A_HP_04	88	Picture	response8	5316545	245	1	20230	1	0	20000	hit	404
A_HP_04	88	Response	1	5319957	3658	1
A_HP_04	88	Pulse	99	5324688	8388	1
A_HP_04	88	Pulse	99	5344688	28389	1
A_HP_04	89	Picture	response3	5347005	306	1	20230	1	0	20000	hit	408
A_HP_04	89	Response	1	5350037	3338	1
A_HP_04	89	Pulse	99	5364688	17989	1
A_HP_04	90	Picture	response4	5377299	200	1	20230	1	0	20000	hit	411
A_HP_04	90	Response	1	5382687	5588	1
A_HP_04	90	Pulse	99	5384688	7589	1
A_HP_04	90	Pulse	99	5404688	27589	1
A_HP_04	91	Picture	response5	5407593	94	1	20231	1	0	20000	hit	415
A_HP_04	91	Response	1	5411047	3548	1
A_HP_04	91	Pulse	99	5424688	17189	1
A_HP_04	92	Picture	response7	5438222	324	1	20231	1	0	20000	hit	418
A_HP_04	92	Response	1	5441177	3279	1
A_HP_04	92	Pulse	99	5444689	6791	1
A_HP_04	92	Pulse	99	5464689	26790	1
A_HP_04	93	Picture	ins17	5468518	218	1	30230	1	0	30000	other	0
A_HP_04	93	Pulse	99	5484688	16389	1
A_HP_04	93	Pulse	99	5504688	36389	1
A_HP_04	93	Pulse	99	5524688	56389	1
A_HP_04	93	Pulse	99	5544689	76389	1
A_HP_04	93	Pulse	99	5564688	96389	1
A_HP_04	93	Pulse	99	5584688	116389	1
A_HP_04	93	Pulse	99	5604689	136390	1
A_HP_04	93	Pulse	99	5624688	156389	1
A_HP_04	93	Pulse	99	5644688	176389	1
A_HP_04	93	Pulse	99	5664688	196389	1
A_HP_04	93	Pulse	99	5684688	216389	1
A_HP_04	93	Pulse	99	5704689	236389	1
A_HP_04	93	Pulse	99	5724689	256389	1
A_HP_04	93	Pulse	99	5744689	276389	1
A_HP_04	93	Pulse	99	5764689	296389	1
A_HP_04	94	Response	5	5784689	6157	1
A_HP_04	94	Pulse	99	5784689	6157	1
A_HP_04	95	Picture	response135	5785331	231	1	20230	1	0	20000	hit	440
A_HP_04	95	Response	1	5802468	17368	1
A_HP_04	95	Pulse	99	5804688	19588	1
A_HP_04	96	Picture	response133	5815625	125	1	20230	1	0	20000	hit	443
A_HP_04	96	Response	1	5823437	7938	1
A_HP_04	96	Pulse	99	5824688	9189	1
A_HP_04	96	Pulse	99	5844689	29189	1
A_HP_04	97	Picture	response134	5846085	185	1	20230	1	0	20000	hit	447
A_HP_04	97	Response	4	5859947	14048	1
A_HP_04	97	Pulse	99	5864688	18789	1
A_HP_04	98	Picture	response131	5876545	246	1	20230	1	0	20000	hit	451
A_HP_04	98	Pulse	99	5884689	8389	1
A_HP_04	98	Response	2	5885327	9027	1
A_HP_04	98	Pulse	99	5904689	28389	1
A_HP_04	99	Picture	response136	5907006	306	1	20230	1	0	20000	hit	454
A_HP_04	99	Response	4	5914347	7648	1
A_HP_04	99	Pulse	99	5924688	17989	1
A_HP_04	100	Picture	response132	5937299	199	1	20230	1	0	20000	hit	457
A_HP_04	100	Response	4	5943387	6288	1
A_HP_04	100	Pulse	99	5944688	7589	1
A_HP_04	100	Pulse	99	5964689	27589	1
A_HP_04	101	Picture	response130	5967593	93	1	20230	1	0	20000	hit	461
A_HP_04	101	Response	1	5975597	8098	1
A_HP_04	101	Pulse	99	5984689	17189	1
A_HP_04	102	Picture	response129	5998219	320	1	20230	1	0	20000	hit	464
A_HP_04	102	Response	1	6003878	5978	1
A_HP_04	102	Pulse	99	6004688	6789	1
A_HP_04	102	Pulse	99	6024689	26789	1
A_HP_04	103	Picture	ins21	6028514	214	1	30230	1	0	30000	other	0
A_HP_04	103	Pulse	99	6044689	16389	1
A_HP_04	103	Pulse	99	6064689	36389	1
A_HP_04	103	Pulse	99	6084689	56389	1
A_HP_04	103	Pulse	99	6104688	76389	1
A_HP_04	103	Pulse	99	6124689	96389	1
A_HP_04	103	Pulse	99	6144689	116389	1
A_HP_04	103	Pulse	99	6164689	136389	1
A_HP_04	103	Pulse	99	6184689	156389	1
A_HP_04	103	Pulse	99	6204689	176389	1
A_HP_04	103	Pulse	99	6224689	196390	1
A_HP_04	103	Pulse	99	6244689	216389	1
A_HP_04	103	Pulse	99	6264689	236389	1
A_HP_04	103	Pulse	99	6284689	256390	1
A_HP_04	103	Pulse	99	6304689	276389	1
A_HP_04	103	Pulse	99	6324689	296390	1
A_HP_04	104	Response	5	6344689	6157	1
A_HP_04	104	Pulse	99	6344689	6157	1
A_HP_04	105	Picture	response162	6345331	231	1	20230	1	0	20000	hit	486
A_HP_04	105	Response	4	6351348	6248	1
A_HP_04	105	Pulse	99	6364689	19589	1
A_HP_04	106	Picture	response167	6375625	125	1	20230	1	0	20000	hit	490
A_HP_04	106	Pulse	99	6384689	9189	1
A_HP_04	106	Response	2	6386387	10887	1
A_HP_04	106	Pulse	99	6404689	29189	1
A_HP_04	107	Picture	response164	6406085	186	1	20230	1	0	20000	hit	493
A_HP_04	107	Response	1	6419028	13129	1
A_HP_04	107	Pulse	99	6424688	18789	1
A_HP_04	108	Picture	response168	6436545	245	1	20230	1	0	20000	hit	497
A_HP_04	108	Pulse	99	6444689	8389	1
A_HP_04	108	Response	4	6453278	16978	1
A_HP_04	108	Pulse	99	6464689	28389	1
A_HP_04	109	Picture	response161	6467006	306	1	20230	1	0	20000	hit	500
A_HP_04	109	Response	2	6476848	10148	1
A_HP_04	109	Pulse	99	6484689	17989	1
A_HP_04	110	Picture	response165	6497300	200	1	20230	1	0	20000	hit	504
A_HP_04	110	Pulse	99	6504689	7589	1
A_HP_04	110	Response	3	6506927	9827	1
A_HP_04	110	Pulse	99	6524689	27589	1
A_HP_04	111	Picture	response163	6527594	94	1	20231	1	0	20000	incorrect	507
A_HP_04	111	Response	4	6540328	12828	1
A_HP_04	111	Pulse	99	6544688	17188	1
A_HP_04	112	Picture	response166	6558222	322	1	20230	1	0	20000	hit	511
A_HP_04	112	Pulse	99	6564689	6789	1
A_HP_04	112	Response	4	6570968	13068	1
A_HP_04	112	Pulse	99	6584689	26790	1
A_HP_04	113	Picture	ins7	6588515	216	1	30397	1	0	30000	other	0
A_HP_04	113	Pulse	99	6604689	16389	1
A_HP_04	113	Pulse	99	6624689	36389	1
A_HP_04	113	Pulse	99	6644689	56389	1
A_HP_04	113	Pulse	99	6664689	76389	1
A_HP_04	113	Pulse	99	6684689	96389	1
A_HP_04	113	Pulse	99	6704689	116389	1
A_HP_04	113	Pulse	99	6724689	136389	1
A_HP_04	113	Pulse	99	6744690	156390	1
A_HP_04	113	Pulse	99	6764690	176390	1
A_HP_04	113	Pulse	99	6784690	196390	1
A_HP_04	113	Pulse	99	6804689	216389	1
A_HP_04	113	Pulse	99	6824689	236389	1
A_HP_04	113	Pulse	99	6844689	256389	1
A_HP_04	113	Pulse	99	6864689	276389	1
A_HP_04	113	Pulse	99	6884689	296389	1
A_HP_04	114	Response	5	6904689	6155	1
A_HP_04	114	Pulse	99	6904689	6155	1
A_HP_04	115	Picture	response49	6905332	232	1	20230	1	0	20000	hit	532
A_HP_04	115	Response	4	6909698	4598	1
A_HP_04	115	Pulse	99	6924689	19589	1
A_HP_04	116	Picture	response54	6935625	125	1	20230	1	0	20000	hit	535
A_HP_04	116	Response	4	6941328	5828	1
A_HP_04	116	Pulse	99	6944688	9188	1
A_HP_04	116	Pulse	99	6964689	29189	1
A_HP_04	117	Picture	response55	6966085	186	1	20230	1	0	20000	hit	539
A_HP_04	117	Response	4	6970228	4328	1
A_HP_04	117	Pulse	99	6984689	18790	1
A_HP_04	118	Picture	response51	6996545	245	1	20230	1	0	20000	hit	542
A_HP_04	118	Response	4	7000688	4388	1
A_HP_04	118	Pulse	99	7004689	8389	1
A_HP_04	118	Pulse	99	7024689	28389	1
A_HP_04	119	Picture	response53	7027007	307	1	20231	1	0	20000	hit	546
A_HP_04	119	Response	4	7033858	7158	1
A_HP_04	119	Pulse	99	7044689	17989	1
A_HP_04	120	Picture	response52	7057301	201	1	20230	1	0	20000	hit	549
A_HP_04	120	Response	4	7063128	6028	1
A_HP_04	120	Pulse	99	7064689	7589	1
A_HP_04	120	Pulse	99	7084690	27590	1
A_HP_04	121	Picture	response50	7087595	95	1	20230	1	0	20000	hit	553
A_HP_04	121	Response	4	7093498	5998	1
A_HP_04	121	Pulse	99	7104689	17189	1
A_HP_04	122	Picture	response56	7118222	322	1	20230	1	0	20000	hit	557
A_HP_04	122	Pulse	99	7124690	6790	1
A_HP_04	122	Response	4	7125637	7738	1
A_HP_04	122	Pulse	99	7144690	26790	1
A_HP_04	123	Picture	thanks	7148183	0	1	10397	1	0	10000	other	0
A_HP_04	123	Pulse	99	7164689	16507	1


Event Type	Code	Type	Response	RT	RT Uncertainty	Time	Uncertainty	Duration	Uncertainty	ReqTime	ReqDur

Picture	ready	other				364922	1	10230	1	0	10000
Picture	ins15	other				425534	1	30230	1	0	30000
Picture	response118	hit	2	11636	2	745329	1	20230	1	0	20000
Picture	response115	hit	2	10982	2	775622	1	20230	1	0	20000
Picture	response120	hit	4	6132	2	806083	1	20230	1	0	20000
Picture	response119	hit	4	8301	2	836543	1	20230	1	0	20000
Picture	response113	hit	2	6408	2	866837	1	20230	1	0	20000
Picture	response117	hit	4	8537	2	897297	1	20230	1	0	20000
Picture	response116	hit	4	10195	2	927590	1	20230	1	0	20000
Picture	response114	hit	4	6678	2	958217	1	20230	1	0	20000
Picture	ins11	other				988510	1	30230	1	0	30000
Picture	response81	hit	1	7026	2	1305329	1	20230	1	0	20000
Picture	response84	hit	1	8893	2	1335623	1	20230	1	0	20000
Picture	response86	hit	1	6023	2	1366083	1	20230	1	0	20000
Picture	response88	hit	3	5423	2	1396543	1	20230	1	0	20000
Picture	response85	hit	1	5559	2	1426836	1	20230	1	0	20000
Picture	response87	hit	3	5609	2	1457296	1	20232	1	0	20000
Picture	response83	hit	3	4544	2	1487591	1	20230	1	0	20000
Picture	response82	hit	3	4887	2	1518218	1	20230	1	0	20000
Picture	ins9	other				1548512	1	30230	1	0	30000
Picture	response67	hit	2	13227	2	1865329	1	20230	1	0	20000
Picture	response68	hit	2	7743	2	1895623	1	20230	1	0	20000
Picture	response70	hit	2	5733	2	1926083	1	20230	1	0	20000
Picture	response66	hit	2	5252	2	1956543	1	20230	1	0	20000
Picture	response69	hit	2	6222	2	1987004	1	20230	1	0	20000
Picture	response72	hit	1	6198	2	2017298	1	20231	1	0	20000
Picture	response71	hit	2	6893	2	2047593	1	20230	1	0	20000
Picture	response65	hit	1	6476	2	2078219	1	20230	1	0	20000
Picture	ins3	other				2108513	1	30230	1	0	30000
Picture	response20	hit	2	6213	2	2425272	1	20230	1	0	20000
Picture	response24	hit	2	7273	2	2455733	1	20230	1	0	20000
Picture	response18	hit	2	2842	2	2486193	1	20230	1	0	20000
Picture	response22	hit	2	3149	2	2516487	1	20230	1	0	20000
Picture	response21	hit	2	2594	2	2546781	1	20230	1	0	20000
Picture	response23	hit	2	2447	2	2577408	1	20230	1	0	20000
Picture	response19	hit	2	4104	2	2607702	1	20230	1	0	20000
Picture	response17	hit	2	3524	2	2638162	1	20230	1	0	20000
Picture	ins13	other				2668456	1	30230	1	0	30000
Picture	response99	hit	3	15866	2	2985330	1	20230	1	0	20000
Picture	response103	hit	2	7353	2	3015624	1	20231	1	0	20000
Picture	response100	hit	2	5722	2	3046084	1	20230	1	0	20000
Picture	response98	hit	2	4512	2	3076544	1	20230	1	0	20000
Picture	response104	hit	2	5608	2	3106838	1	20230	1	0	20000
Picture	response97	hit	3	4778	2	3137298	1	20230	1	0	20000
Picture	response102	hit	2	4864	2	3167592	1	20230	1	0	20000
Picture	response101	hit	2	11947	2	3198219	1	20230	1	0	20000
Picture	ins5	other				3228512	1	30230	1	0	30000
Picture	response38	hit	3	5847	2	3545330	1	20230	1	0	20000
Picture	response40	hit	3	6353	2	3575624	1	20230	1	0	20000
Picture	response33	hit	3	4852	2	3606084	1	20230	1	0	20000
Picture	response34	hit	3	2702	2	3636544	1	20230	1	0	20000
Picture	response36	hit	3	3712	2	3667005	1	20230	1	0	20000
Picture	response35	hit	3	3008	2	3697298	1	20124	1	0	20000
Picture	response37	hit	3	5555	2	3727652	1	20231	1	0	20000
Picture	response39	hit	3	6974	2	3758112	1	20231	1	0	20000
Picture	ins23	other				3788572	1	30230	1	0	30000
Picture	response177	incorrect	2	20716	2	4105330	1	20230	1	0	20000
Picture	response183	hit	4	11422	2	4135624	1	20230	1	0	20000
Picture	response181	incorrect	4	16032	2	4166085	1	20230	1	0	20000
Picture	response182	hit	2	7276	2	4196545	1	20230	1	0	20000
Picture	response178	hit	2	7068	2	4226839	1	20230	1	0	20000
Picture	response184	hit	3	11357	2	4257299	1	20230	1	0	20000
Picture	response180	hit	1	9394	1	4287592	1	20230	1	0	20000
Picture	response179	hit	3	11450	2	4318156	1	20230	1	0	20000
Picture	ins19	other				4348450	1	30230	1	0	30000
Picture	response149	hit	3	8706	2	4665331	1	20230	1	0	20000
Picture	response145	hit	1	9282	2	4695624	1	20230	1	0	20000
Picture	response151	hit	2	8053	2	4726085	1	20230	1	0	20000
Picture	response148	hit	2	5412	2	4756545	1	20231	1	0	20000
Picture	response150	hit	4	5371	2	4787006	1	20230	1	0	20000
Picture	response146	hit	1	6727	2	4817300	1	20230	1	0	20000
Picture	response147	hit	3	7944	2	4847593	1	20230	1	0	20000
Picture	response152	hit	2	12227	2	4878219	1	20230	1	0	20000
Picture	ins1	other				4908513	1	30230	1	0	30000
Picture	response2	hit	1	6095	2	5225331	1	20230	1	0	20000
Picture	response6	hit	1	5242	2	5255625	1	20230	1	0	20000
Picture	response1	hit	1	6402	2	5286085	1	20230	1	0	20000
Picture	response8	hit	1	3412	2	5316545	1	20230	1	0	20000
Picture	response3	hit	1	3032	2	5347005	1	20230	1	0	20000
Picture	response4	hit	1	5388	2	5377299	1	20230	1	0	20000
Picture	response5	hit	1	3455	2	5407593	1	20231	1	0	20000
Picture	response7	hit	1	2955	2	5438222	1	20231	1	0	20000
Picture	ins17	other				5468518	1	30230	1	0	30000
Picture	response135	hit	1	17137	2	5785331	1	20230	1	0	20000
Picture	response133	hit	1	7813	2	5815625	1	20230	1	0	20000
Picture	response134	hit	4	13863	2	5846085	1	20230	1	0	20000
Picture	response131	hit	2	8782	2	5876545	1	20230	1	0	20000
Picture	response136	hit	4	7342	2	5907006	1	20230	1	0	20000
Picture	response132	hit	4	6089	2	5937299	1	20230	1	0	20000
Picture	response130	hit	1	8005	2	5967593	1	20230	1	0	20000
Picture	response129	hit	1	5658	2	5998219	1	20230	1	0	20000
Picture	ins21	other				6028514	1	30230	1	0	30000
Picture	response162	hit	4	6016	2	6345331	1	20230	1	0	20000
Picture	response167	hit	2	10762	2	6375625	1	20230	1	0	20000
Picture	response164	hit	1	12943	2	6406085	1	20230	1	0	20000
Picture	response168	hit	4	16733	2	6436545	1	20230	1	0	20000
Picture	response161	hit	2	9841	2	6467006	1	20230	1	0	20000
Picture	response165	hit	3	9627	2	6497300	1	20230	1	0	20000
Picture	response163	incorrect	4	12734	2	6527594	1	20231	1	0	20000
Picture	response166	hit	4	12746	2	6558222	1	20230	1	0	20000
Picture	ins7	other				6588515	1	30397	1	0	30000
Picture	response49	hit	4	4366	2	6905332	1	20230	1	0	20000
Picture	response54	hit	4	5703	2	6935625	1	20230	1	0	20000
Picture	response55	hit	4	4143	2	6966085	1	20230	1	0	20000
Picture	response51	hit	4	4143	2	6996545	1	20230	1	0	20000
Picture	response53	hit	4	6851	2	7027007	1	20231	1	0	20000
Picture	response52	hit	4	5827	2	7057301	1	20230	1	0	20000
Picture	response50	hit	4	5903	2	7087595	1	20230	1	0	20000
Picture	response56	hit	4	7415	2	7118222	1	20230	1	0	20000
Picture	thanks	other				7148183	1	10397	1	0	10000


{
   "app": "Presentation Version 21.0 Build 06.06.19",
   "device": "LENOVO 20KHCTO1WW",
   "experiment": "{C0C68DB1-10BA-42F2-8F79-3F2AFFEED4E4}",
   "os": "Windows 10 64 bit",
   "package": "",
   "parameters": {
      "configuration": "Default configuration"
   },
   "scenario": "Response experiment(1).sce",
   "subject": "A_HP_04",
   "timestamp": "2019/07/19 05:15:21 GMT"
}
