Scenario - 
Logfile written - 02/20/2020 11:10:48

Subject	Trial	Event Type	Code	Time	TTime	Uncertainty	Duration	Uncertainty	ReqTime	ReqDur	Stim Type	Pair Index

A_HP_51	1	Response	5	459335	458502	1
A_HP_51	1	Pulse	99	459335	458502	1
A_HP_51	2	Picture	ready	459458	0	1	10162	1	0	10000	other	0
A_HP_51	2	Pulse	99	479335	19876	1
A_HP_51	2	Pulse	99	499335	39876	1
A_HP_51	2	Pulse	99	519335	59877	1
A_HP_51	3	Picture	ins13	519931	131	1	30153	1	0	30000	other	0
A_HP_51	3	Pulse	99	539335	19535	1
A_HP_51	3	Pulse	99	559335	39535	1
A_HP_51	3	Pulse	99	579335	59535	1
A_HP_51	3	Pulse	99	599254	79455	1
A_HP_51	3	Pulse	99	619335	99535	1
A_HP_51	3	Pulse	99	639334	119535	1
A_HP_51	3	Pulse	99	659254	139455	1
A_HP_51	3	Pulse	99	679334	159535	1
A_HP_51	3	Pulse	99	699334	179535	1
A_HP_51	3	Pulse	99	719254	199455	1
A_HP_51	3	Pulse	99	739335	219535	1
A_HP_51	3	Pulse	99	759335	239535	1
A_HP_51	3	Pulse	99	779255	259455	1
A_HP_51	3	Pulse	99	799334	279535	1
A_HP_51	3	Pulse	99	819335	299535	1
A_HP_51	4	Response	5	839334	9378	1
A_HP_51	4	Pulse	99	839334	9378	1
A_HP_51	5	Picture	response101	839786	86	1	20158	1	0	20000	hit	27
A_HP_51	5	Pulse	99	859335	19635	1
A_HP_51	5	Response	2	861993	22294	1
A_HP_51	6	Picture	response99	870272	173	1	20158	1	0	20000	hit	30
A_HP_51	6	Pulse	99	879335	9235	1
A_HP_51	6	Response	3	883174	13075	1
A_HP_51	6	Pulse	99	899335	29235	1
A_HP_51	7	Picture	response102	900591	92	1	20158	1	0	20000	hit	33
A_HP_51	7	Response	2	907444	6945	1
A_HP_51	7	Pulse	99	919335	18835	1
A_HP_51	8	Picture	response100	931078	178	1	20158	1	0	20000	hit	36
A_HP_51	8	Response	2	938974	8074	1
A_HP_51	8	Pulse	99	939334	8435	1
A_HP_51	8	Pulse	99	959334	28435	1
A_HP_51	9	Picture	response98	961397	98	1	20158	1	0	20000	hit	40
A_HP_51	9	Response	2	967253	5954	1
A_HP_51	9	Pulse	99	979335	18035	1
A_HP_51	10	Picture	response97	991884	184	1	20158	1	0	20000	hit	43
A_HP_51	10	Response	3	998453	6754	1
A_HP_51	10	Pulse	99	999335	7635	1
A_HP_51	10	Pulse	99	1019335	27635	1
A_HP_51	11	Picture	response104	1022203	104	1	20158	1	0	20000	hit	47
A_HP_51	11	Response	2	1032463	10364	1
A_HP_51	11	Pulse	99	1039335	17235	1
A_HP_51	12	Picture	response103	1052689	190	1	20158	1	0	20000	hit	50
A_HP_51	12	Response	2	1059064	6564	1
A_HP_51	12	Pulse	99	1059334	6835	1
A_HP_51	12	Pulse	99	1079335	26835	1
A_HP_51	13	Picture	ins1	1083009	110	1	30153	1	0	30000	other	0
A_HP_51	13	Pulse	99	1099334	16435	1
A_HP_51	13	Pulse	99	1119334	36435	1
A_HP_51	13	Pulse	99	1139334	56435	1
A_HP_51	13	Pulse	99	1159256	76356	1
A_HP_51	13	Pulse	99	1179334	96435	1
A_HP_51	13	Pulse	99	1199334	116435	1
A_HP_51	13	Pulse	99	1219255	136355	1
A_HP_51	13	Pulse	99	1239335	156435	1
A_HP_51	13	Pulse	99	1259334	176435	1
A_HP_51	13	Pulse	99	1279254	196355	1
A_HP_51	13	Pulse	99	1299335	216436	1
A_HP_51	13	Pulse	99	1319334	236435	1
A_HP_51	13	Pulse	99	1339254	256355	1
A_HP_51	13	Pulse	99	1359334	276435	1
A_HP_51	13	Pulse	99	1379335	296435	1
A_HP_51	14	Response	5	1399255	6219	1
A_HP_51	14	Pulse	99	1399255	6219	1
A_HP_51	15	Picture	response7	1399699	99	1	20158	1	0	20000	hit	72
A_HP_51	15	Response	1	1406693	7094	1
A_HP_51	15	Pulse	99	1419335	19735	1
A_HP_51	16	Picture	response4	1430185	186	1	20158	1	0	20000	hit	75
A_HP_51	16	Response	1	1437983	7984	1
A_HP_51	16	Pulse	99	1439334	9335	1
A_HP_51	16	Pulse	99	1459255	29255	1
A_HP_51	17	Picture	response1	1460505	105	1	20158	1	0	20000	hit	79
A_HP_51	17	Response	1	1465893	5494	1
A_HP_51	17	Pulse	99	1479334	18935	1
A_HP_51	18	Picture	response8	1490991	191	1	20157	1	0	20000	hit	82
A_HP_51	18	Response	1	1495953	5154	1
A_HP_51	18	Pulse	99	1499334	8535	1
A_HP_51	18	Pulse	99	1519255	28455	1
A_HP_51	19	Picture	response2	1521310	111	1	20158	1	0	20000	hit	86
A_HP_51	19	Response	1	1527243	6044	1
A_HP_51	19	Pulse	99	1539335	18136	1
A_HP_51	20	Picture	response3	1551797	197	1	20158	1	0	20000	hit	89
A_HP_51	20	Response	1	1556833	5234	1
A_HP_51	20	Pulse	99	1559335	7735	1
A_HP_51	20	Pulse	99	1579255	27655	1
A_HP_51	21	Picture	response5	1582116	117	1	20157	1	0	20000	hit	93
A_HP_51	21	Response	1	1588743	6744	1
A_HP_51	21	Pulse	99	1599335	17335	1
A_HP_51	22	Picture	response6	1612436	36	1	20158	1	0	20000	hit	96
A_HP_51	22	Response	1	1618553	6154	1
A_HP_51	22	Pulse	99	1619334	6935	1
A_HP_51	22	Pulse	99	1639254	26855	1
A_HP_51	23	Picture	ins19	1642922	123	1	30153	1	0	30000	other	0
A_HP_51	23	Pulse	99	1659254	16455	1
A_HP_51	23	Pulse	99	1679334	36535	1
A_HP_51	23	Pulse	99	1699255	56455	1
A_HP_51	23	Pulse	99	1719255	76455	1
A_HP_51	23	Pulse	99	1739335	96535	1
A_HP_51	23	Pulse	99	1759254	116455	1
A_HP_51	23	Pulse	99	1779254	136455	1
A_HP_51	23	Pulse	99	1799335	156535	1
A_HP_51	23	Pulse	99	1819254	176455	1
A_HP_51	23	Pulse	99	1839255	196455	1
A_HP_51	23	Pulse	99	1859335	216535	1
A_HP_51	23	Pulse	99	1879255	236455	1
A_HP_51	23	Pulse	99	1899255	256455	1
A_HP_51	23	Pulse	99	1919335	276535	1
A_HP_51	23	Pulse	99	1939334	296535	1
A_HP_51	24	Response	5	1959255	6306	1
A_HP_51	24	Pulse	99	1959255	6306	1
A_HP_51	25	Picture	response148	1959778	179	1	20158	1	0	20000	hit	118
A_HP_51	25	Response	2	1975403	15804	1
A_HP_51	25	Pulse	99	1979334	19735	1
A_HP_51	26	Picture	response145	1990098	99	1	20157	1	0	20000	hit	121
A_HP_51	26	Response	1	1998073	8074	1
A_HP_51	26	Pulse	99	1999334	9335	1
A_HP_51	26	Pulse	99	2019254	29255	1
A_HP_51	27	Picture	response152	2020584	185	1	20158	1	0	20000	hit	125
A_HP_51	27	Response	2	2029433	9034	1
A_HP_51	27	Pulse	99	2039335	18935	1
A_HP_51	28	Picture	response146	2050904	105	1	20157	1	0	20000	hit	128
A_HP_51	28	Response	1	2058923	8124	1
A_HP_51	28	Pulse	99	2059334	8535	1
A_HP_51	28	Pulse	99	2079255	28455	1
A_HP_51	29	Picture	response151	2081390	191	1	20158	1	0	20000	hit	132
A_HP_51	29	Response	2	2090173	8974	1
A_HP_51	29	Pulse	99	2099335	18135	1
A_HP_51	30	Picture	response150	2111710	110	1	20158	1	0	20000	hit	136
A_HP_51	30	Pulse	99	2119335	7736	1
A_HP_51	30	Response	4	2119943	8343	1
A_HP_51	30	Pulse	99	2139254	27655	1
A_HP_51	31	Picture	response147	2142196	196	1	20158	1	0	20000	hit	139
A_HP_51	31	Response	3	2152093	10094	1
A_HP_51	31	Pulse	99	2159254	17255	1
A_HP_51	32	Picture	response149	2172515	116	1	20158	1	0	20000	hit	143
A_HP_51	32	Pulse	99	2179335	6935	1
A_HP_51	32	Response	3	2179803	7404	1
A_HP_51	32	Pulse	99	2199255	26855	1
A_HP_51	33	Picture	ins7	2202835	36	1	30153	1	0	30000	other	0
A_HP_51	33	Pulse	99	2219255	16456	1
A_HP_51	33	Pulse	99	2239334	36535	1
A_HP_51	33	Pulse	99	2259255	56455	1
A_HP_51	33	Pulse	99	2279254	76455	1
A_HP_51	33	Pulse	99	2299335	96535	1
A_HP_51	33	Pulse	99	2319254	116455	1
A_HP_51	33	Pulse	99	2339254	136455	1
A_HP_51	33	Pulse	99	2359334	156535	1
A_HP_51	33	Pulse	99	2379256	176456	1
A_HP_51	33	Pulse	99	2399255	196455	1
A_HP_51	33	Pulse	99	2419335	216535	1
A_HP_51	33	Pulse	99	2439254	236455	1
A_HP_51	33	Pulse	99	2459255	256455	1
A_HP_51	33	Pulse	99	2479334	276535	1
A_HP_51	33	Pulse	99	2499255	296455	1
A_HP_51	34	Response	5	2519254	6393	1
A_HP_51	34	Pulse	99	2519254	6393	1
A_HP_51	35	Picture	response54	2519691	92	1	20158	1	0	20000	hit	164
A_HP_51	35	Response	4	2525433	5834	1
A_HP_51	35	Pulse	99	2539334	19735	1
A_HP_51	36	Picture	response49	2550178	178	1	20158	1	0	20000	hit	167
A_HP_51	36	Response	4	2555983	5984	1
A_HP_51	36	Pulse	99	2559255	9255	1
A_HP_51	36	Pulse	99	2579255	29255	1
A_HP_51	37	Picture	response55	2580497	98	1	20158	1	0	20000	hit	171
A_HP_51	37	Response	4	2585113	4714	1
A_HP_51	37	Pulse	99	2599334	18935	1
A_HP_51	38	Picture	response52	2610983	184	1	20157	1	0	20000	hit	174
A_HP_51	38	Response	4	2615823	5024	1
A_HP_51	38	Pulse	99	2619254	8455	1
A_HP_51	38	Pulse	99	2639254	28455	1
A_HP_51	39	Picture	response50	2641303	104	1	20157	1	0	20000	hit	178
A_HP_51	39	Response	4	2646393	5194	1
A_HP_51	39	Pulse	99	2659334	18135	1
A_HP_51	40	Picture	response53	2671789	190	1	20158	1	0	20000	hit	182
A_HP_51	40	Pulse	99	2679254	7655	1
A_HP_51	40	Response	4	2688953	17354	1
A_HP_51	40	Pulse	99	2699254	27655	1
A_HP_51	41	Picture	response51	2702109	110	1	20158	1	0	20000	hit	185
A_HP_51	41	Response	4	2708924	6924	1
A_HP_51	41	Pulse	99	2719254	17255	1
A_HP_51	42	Picture	response56	2732595	196	1	20158	1	0	20000	hit	188
A_HP_51	42	Response	4	2737773	5374	1
A_HP_51	42	Pulse	99	2739255	6855	1
A_HP_51	42	Pulse	99	2759255	26855	1
A_HP_51	43	Picture	ins21	2762915	115	1	30153	1	0	30000	other	0
A_HP_51	43	Pulse	99	2779254	16455	1
A_HP_51	43	Pulse	99	2799254	36455	1
A_HP_51	43	Pulse	99	2819254	56455	1
A_HP_51	43	Pulse	99	2839255	76455	1
A_HP_51	43	Pulse	99	2859254	96455	1
A_HP_51	43	Pulse	99	2879255	116455	1
A_HP_51	43	Pulse	99	2899255	136455	1
A_HP_51	43	Pulse	99	2919254	156455	1
A_HP_51	43	Pulse	99	2939254	176455	1
A_HP_51	43	Pulse	99	2959254	196455	1
A_HP_51	43	Pulse	99	2979254	216455	1
A_HP_51	43	Pulse	99	2999255	236455	1
A_HP_51	43	Pulse	99	3019254	256455	1
A_HP_51	43	Pulse	99	3039335	276536	1
A_HP_51	43	Pulse	99	3059255	296455	1
A_HP_51	44	Response	5	3079254	6314	1
A_HP_51	44	Pulse	99	3079254	6314	1
A_HP_51	45	Picture	response161	3079771	172	1	20158	1	0	20000	hit	211
A_HP_51	45	Pulse	99	3099335	19735	1
A_HP_51	45	Response	2	3100303	20704	1
A_HP_51	46	Picture	response168	3110091	91	1	20157	1	0	20000	hit	214
A_HP_51	46	Pulse	99	3119254	9255	1
A_HP_51	46	Response	4	3123523	13524	1
A_HP_51	46	Pulse	99	3139255	29256	1
A_HP_51	47	Picture	response164	3140577	177	1	20158	1	0	20000	hit	217
A_HP_51	47	Response	1	3152323	11924	1
A_HP_51	47	Pulse	99	3159334	18935	1
A_HP_51	48	Picture	response165	3170896	97	1	20157	1	0	20000	hit	220
A_HP_51	48	Response	3	3178643	7844	1
A_HP_51	48	Pulse	99	3179254	8455	1
A_HP_51	48	Pulse	99	3199254	28455	1
A_HP_51	49	Picture	response163	3201383	183	1	20158	1	0	20000	hit	224
A_HP_51	49	Response	2	3212543	11344	1
A_HP_51	49	Pulse	99	3219335	18135	1
A_HP_51	50	Picture	response162	3231702	103	1	20158	1	0	20000	hit	227
A_HP_51	50	Response	4	3238373	6774	1
A_HP_51	50	Pulse	99	3239254	7655	1
A_HP_51	50	Pulse	99	3259255	27655	1
A_HP_51	51	Picture	response166	3262188	189	1	20158	1	0	20000	hit	231
A_HP_51	51	Response	4	3269873	7874	1
A_HP_51	51	Pulse	99	3279254	17255	1
A_HP_51	52	Picture	response167	3292508	109	1	20158	1	0	20000	hit	235
A_HP_51	52	Pulse	99	3299254	6855	1
A_HP_51	52	Response	2	3303863	11464	1
A_HP_51	52	Pulse	99	3319254	26855	1
A_HP_51	53	Picture	ins9	3322994	195	1	30153	1	0	30000	other	0
A_HP_51	53	Pulse	99	3339254	16455	1
A_HP_51	53	Pulse	99	3359254	36455	1
A_HP_51	53	Pulse	99	3379254	56455	1
A_HP_51	53	Pulse	99	3399254	76455	1
A_HP_51	53	Pulse	99	3419255	96456	1
A_HP_51	53	Pulse	99	3439254	116455	1
A_HP_51	53	Pulse	99	3459254	136455	1
A_HP_51	53	Pulse	99	3479254	156455	1
A_HP_51	53	Pulse	99	3499255	176455	1
A_HP_51	53	Pulse	99	3519255	196455	1
A_HP_51	53	Pulse	99	3539254	216455	1
A_HP_51	53	Pulse	99	3559255	236455	1
A_HP_51	53	Pulse	99	3579255	256455	1
A_HP_51	53	Pulse	99	3599254	276455	1
A_HP_51	53	Pulse	99	3619255	296455	1
A_HP_51	54	Response	5	3639254	6400	1
A_HP_51	54	Pulse	99	3639254	6400	1
A_HP_51	55	Picture	response65	3639684	85	1	20158	1	0	20000	hit	256
A_HP_51	55	Response	1	3650873	11274	1
A_HP_51	55	Pulse	99	3659254	19655	1
A_HP_51	56	Picture	response70	3670170	171	1	20158	1	0	20000	hit	260
A_HP_51	56	Pulse	99	3679255	9255	1
A_HP_51	56	Response	2	3681213	11214	1
A_HP_51	56	Pulse	99	3699254	29255	1
A_HP_51	57	Picture	response69	3700490	91	1	20158	1	0	20000	hit	263
A_HP_51	57	Response	2	3710593	10194	1
A_HP_51	57	Pulse	99	3719254	18855	1
A_HP_51	58	Picture	response72	3730976	176	1	20158	1	0	20000	hit	267
A_HP_51	58	Pulse	99	3739255	8455	1
A_HP_51	58	Response	1	3739603	8804	1
A_HP_51	58	Pulse	99	3759255	28455	1
A_HP_51	59	Picture	response66	3761295	96	1	20158	1	0	20000	hit	270
A_HP_51	59	Response	2	3768163	6964	1
A_HP_51	59	Pulse	99	3779254	18055	1
A_HP_51	60	Picture	response68	3791782	183	1	20158	1	0	20000	hit	274
A_HP_51	60	Pulse	99	3799255	7655	1
A_HP_51	60	Response	2	3799713	8113	1
A_HP_51	60	Pulse	99	3819254	27655	1
A_HP_51	61	Picture	response71	3822101	102	1	20158	1	0	20000	incorrect	277
A_HP_51	61	Response	1	3834313	12314	1
A_HP_51	61	Pulse	99	3839254	17255	1
A_HP_51	62	Picture	response67	3852588	188	1	20158	1	0	20000	incorrect	280
A_HP_51	62	Response	1	3858363	5964	1
A_HP_51	62	Pulse	99	3859254	6855	1
A_HP_51	62	Pulse	99	3879256	26856	1
A_HP_51	63	Picture	ins17	3882907	108	1	30153	1	0	30000	other	0
A_HP_51	63	Pulse	99	3899255	16455	1
A_HP_51	63	Pulse	99	3919255	36456	1
A_HP_51	63	Pulse	99	3939254	56455	1
A_HP_51	63	Pulse	99	3959255	76455	1
A_HP_51	63	Pulse	99	3979254	96455	1
A_HP_51	63	Pulse	99	3999254	116455	1
A_HP_51	63	Pulse	99	4019255	136455	1
A_HP_51	63	Pulse	99	4039254	156455	1
A_HP_51	63	Pulse	99	4059254	176455	1
A_HP_51	63	Pulse	99	4079254	196455	1
A_HP_51	63	Pulse	99	4099254	216455	1
A_HP_51	63	Pulse	99	4119254	236455	1
A_HP_51	63	Pulse	99	4139255	256455	1
A_HP_51	63	Pulse	99	4159254	276455	1
A_HP_51	63	Pulse	99	4179254	296455	1
A_HP_51	64	Response	5	4199254	6321	1
A_HP_51	64	Pulse	99	4199254	6321	1
A_HP_51	65	Picture	response133	4199764	164	1	20158	1	0	20000	hit	302
A_HP_51	65	Response	1	4216003	16404	1
A_HP_51	65	Pulse	99	4219254	19655	1
A_HP_51	66	Picture	response129	4230083	84	1	20157	1	0	20000	hit	305
A_HP_51	66	Response	1	4238293	8294	1
A_HP_51	66	Pulse	99	4239254	9255	1
A_HP_51	66	Pulse	99	4259257	29258	1
A_HP_51	67	Picture	response135	4260569	170	1	20158	1	0	20000	hit	309
A_HP_51	67	Response	1	4268123	7724	1
A_HP_51	67	Pulse	99	4279254	18855	1
A_HP_51	68	Picture	response132	4290889	90	1	20158	1	0	20000	hit	313
A_HP_51	68	Pulse	99	4299255	8455	1
A_HP_51	68	Response	4	4302734	11934	1
A_HP_51	68	Pulse	99	4319254	28455	1
A_HP_51	69	Picture	response136	4321375	176	1	20158	1	0	20000	hit	316
A_HP_51	69	Response	4	4328813	7614	1
A_HP_51	69	Pulse	99	4339254	18055	1
A_HP_51	70	Picture	response131	4351695	96	1	20158	1	0	20000	hit	320
A_HP_51	70	Pulse	99	4359254	7655	1
A_HP_51	70	Response	2	4359302	7703	1
A_HP_51	70	Pulse	99	4379254	27655	1
A_HP_51	71	Picture	response130	4382181	182	1	20158	1	0	20000	hit	323
A_HP_51	71	Response	1	4392993	10994	1
A_HP_51	71	Pulse	99	4399255	17255	1
A_HP_51	72	Picture	response134	4412501	101	1	20158	1	0	20000	hit	327
A_HP_51	72	Pulse	99	4419254	6855	1
A_HP_51	72	Response	4	4427983	15584	1
A_HP_51	72	Pulse	99	4439254	26855	1
A_HP_51	73	Picture	ins11	4442987	188	1	30153	1	0	30000	other	0
A_HP_51	73	Pulse	99	4459254	16455	1
A_HP_51	73	Pulse	99	4479254	36455	1
A_HP_51	73	Pulse	99	4499254	56455	1
A_HP_51	73	Pulse	99	4519254	76455	1
A_HP_51	73	Pulse	99	4539254	96455	1
A_HP_51	73	Pulse	99	4559254	116455	1
A_HP_51	73	Pulse	99	4579255	136455	1
A_HP_51	73	Pulse	99	4599254	156455	1
A_HP_51	73	Pulse	99	4619255	176455	1
A_HP_51	73	Pulse	99	4639255	196455	1
A_HP_51	73	Pulse	99	4659254	216455	1
A_HP_51	73	Pulse	99	4679254	236455	1
A_HP_51	73	Pulse	99	4699254	256455	1
A_HP_51	73	Pulse	99	4719254	276455	1
A_HP_51	73	Pulse	99	4739254	296455	1
A_HP_51	74	Response	5	4759254	6408	1
A_HP_51	74	Pulse	99	4759254	6408	1
A_HP_51	75	Picture	response86	4759677	77	1	20158	1	0	20000	hit	348
A_HP_51	75	Response	1	4769413	9814	1
A_HP_51	75	Pulse	99	4779254	19655	1
A_HP_51	76	Picture	response81	4790163	164	1	20158	1	0	20000	hit	351
A_HP_51	76	Response	1	4795563	5564	1
A_HP_51	76	Pulse	99	4799254	9255	1
A_HP_51	76	Pulse	99	4819254	29255	1
A_HP_51	77	Picture	response82	4820482	83	1	20158	1	0	20000	hit	355
A_HP_51	77	Response	3	4827243	6844	1
A_HP_51	77	Pulse	99	4839254	18855	1
A_HP_51	78	Picture	response87	4850969	169	1	20158	1	0	20000	hit	358
A_HP_51	78	Response	3	4858074	7274	1
A_HP_51	78	Pulse	99	4859254	8455	1
A_HP_51	78	Pulse	99	4879254	28455	1
A_HP_51	79	Picture	response85	4881288	89	1	20157	1	0	20000	hit	362
A_HP_51	79	Response	1	4893213	12014	1
A_HP_51	79	Pulse	99	4899254	18055	1
A_HP_51	80	Picture	response88	4911774	175	1	20158	1	0	20000	hit	365
A_HP_51	80	Response	3	4916823	5224	1
A_HP_51	80	Pulse	99	4919254	7655	1
A_HP_51	80	Pulse	99	4939254	27655	1
A_HP_51	81	Picture	response83	4942094	95	1	20157	1	0	20000	hit	369
A_HP_51	81	Response	3	4953633	11634	1
A_HP_51	81	Pulse	99	4959254	17255	1
A_HP_51	82	Picture	response84	4972580	181	1	20158	1	0	20000	hit	372
A_HP_51	82	Response	1	4978172	5773	1
A_HP_51	82	Pulse	99	4979254	6855	1
A_HP_51	82	Pulse	99	4999254	26855	1
A_HP_51	83	Picture	ins15	5002900	101	1	30153	1	0	30000	other	0
A_HP_51	83	Pulse	99	5019254	16455	1
A_HP_51	83	Pulse	99	5039254	36455	1
A_HP_51	83	Pulse	99	5059254	56455	1
A_HP_51	83	Pulse	99	5079255	76455	1
A_HP_51	83	Pulse	99	5099254	96455	1
A_HP_51	83	Pulse	99	5119255	116456	1
A_HP_51	83	Pulse	99	5139254	136455	1
A_HP_51	83	Pulse	99	5159254	156455	1
A_HP_51	83	Pulse	99	5179254	176455	1
A_HP_51	83	Pulse	99	5199254	196455	1
A_HP_51	83	Pulse	99	5219254	216455	1
A_HP_51	83	Pulse	99	5239254	236455	1
A_HP_51	83	Pulse	99	5259254	256455	1
A_HP_51	83	Pulse	99	5279254	276455	1
A_HP_51	83	Pulse	99	5299254	296455	1
A_HP_51	84	Response	5	5319254	6328	1
A_HP_51	84	Pulse	99	5319254	6328	1
A_HP_51	85	Picture	response113	5319756	157	1	20158	1	0	20000	hit	394
A_HP_51	85	Response	2	5326203	6604	1
A_HP_51	85	Pulse	99	5339254	19655	1
A_HP_51	86	Picture	response118	5350076	77	1	20158	1	0	20000	hit	397
A_HP_51	86	Response	2	5355123	5124	1
A_HP_51	86	Pulse	99	5359254	9255	1
A_HP_51	86	Pulse	99	5379254	29255	1
A_HP_51	87	Picture	response119	5380562	163	1	20158	1	0	20000	hit	401
A_HP_51	87	Response	4	5390933	10534	1
A_HP_51	87	Pulse	99	5399254	18855	1
A_HP_51	88	Picture	response117	5410882	83	1	20157	1	0	20000	hit	404
A_HP_51	88	Response	4	5418903	8104	1
A_HP_51	88	Pulse	99	5419255	8456	1
A_HP_51	88	Pulse	99	5439254	28455	1
A_HP_51	89	Picture	response116	5441368	169	1	20158	1	0	20000	hit	408
A_HP_51	89	Response	4	5454423	13224	1
A_HP_51	89	Pulse	99	5459254	18055	1
A_HP_51	90	Picture	response115	5471687	88	1	20158	1	0	20000	hit	411
A_HP_51	90	Response	2	5477913	6314	1
A_HP_51	90	Pulse	99	5479254	7655	1
A_HP_51	90	Pulse	99	5499254	27655	1
A_HP_51	91	Picture	response120	5502174	174	1	20158	1	0	20000	hit	415
A_HP_51	91	Response	4	5509203	7204	1
A_HP_51	91	Pulse	99	5519254	17255	1
A_HP_51	92	Picture	response114	5532493	94	1	20158	1	0	20000	hit	418
A_HP_51	92	Response	4	5539074	6675	1
A_HP_51	92	Pulse	99	5539253	6854	1
A_HP_51	92	Pulse	99	5559254	26855	1
A_HP_51	93	Picture	ins3	5562979	180	1	30153	1	0	30000	other	0
A_HP_51	93	Pulse	99	5579254	16455	1
A_HP_51	93	Pulse	99	5599254	36455	1
A_HP_51	93	Pulse	99	5619254	56455	1
A_HP_51	93	Pulse	99	5639254	76455	1
A_HP_51	93	Pulse	99	5659254	96455	1
A_HP_51	93	Pulse	99	5679254	116455	1
A_HP_51	93	Pulse	99	5699254	136455	1
A_HP_51	93	Pulse	99	5719254	156455	1
A_HP_51	93	Pulse	99	5739254	176455	1
A_HP_51	93	Pulse	99	5759254	196455	1
A_HP_51	93	Pulse	99	5779254	216455	1
A_HP_51	93	Pulse	99	5799255	236456	1
A_HP_51	93	Pulse	99	5819254	256455	1
A_HP_51	93	Pulse	99	5839254	276455	1
A_HP_51	93	Pulse	99	5859254	296455	1
A_HP_51	94	Response	5	5879254	6415	1
A_HP_51	94	Pulse	99	5879254	6415	1
A_HP_51	95	Picture	response17	5879669	70	1	20158	1	0	20000	hit	440
A_HP_51	95	Response	2	5884253	4654	1
A_HP_51	95	Pulse	99	5899254	19655	1
A_HP_51	96	Picture	response19	5910155	156	1	20157	1	0	20000	hit	443
A_HP_51	96	Response	2	5914683	4684	1
A_HP_51	96	Pulse	99	5919254	9255	1
A_HP_51	96	Pulse	99	5939255	29256	1
A_HP_51	97	Picture	response20	5940475	76	1	20158	1	0	20000	hit	447
A_HP_51	97	Response	2	5945453	5054	1
A_HP_51	97	Pulse	99	5959254	18855	1
A_HP_51	98	Picture	response21	5970961	162	1	20158	1	0	20000	hit	450
A_HP_51	98	Response	2	5973693	2894	1
A_HP_51	98	Pulse	99	5979254	8455	1
A_HP_51	98	Pulse	99	5999254	28455	1
A_HP_51	99	Picture	response23	6001281	82	1	20157	1	0	20000	hit	454
A_HP_51	99	Response	2	6009163	7964	1
A_HP_51	99	Pulse	99	6019254	18055	1
A_HP_51	100	Picture	response24	6031767	168	1	20158	1	0	20000	hit	457
A_HP_51	100	Response	2	6037633	6034	1
A_HP_51	100	Pulse	99	6039253	7654	1
A_HP_51	100	Pulse	99	6059254	27655	1
A_HP_51	101	Picture	response18	6062087	87	1	20157	1	0	20000	hit	461
A_HP_51	101	Response	2	6068363	6364	1
A_HP_51	101	Pulse	99	6079254	17255	1
A_HP_51	102	Picture	response22	6092573	174	1	20158	1	0	20000	hit	464
A_HP_51	102	Response	2	6097253	4854	1
A_HP_51	102	Pulse	99	6099254	6855	1
A_HP_51	102	Pulse	99	6119254	26855	1
A_HP_51	103	Picture	ins23	6122892	93	1	30153	1	0	30000	other	0
A_HP_51	103	Pulse	99	6139254	16455	1
A_HP_51	103	Pulse	99	6159254	36455	1
A_HP_51	103	Pulse	99	6179254	56455	1
A_HP_51	103	Pulse	99	6199254	76455	1
A_HP_51	103	Pulse	99	6219254	96455	1
A_HP_51	103	Pulse	99	6239254	116455	1
A_HP_51	103	Pulse	99	6259254	136455	1
A_HP_51	103	Pulse	99	6279254	156455	1
A_HP_51	103	Pulse	99	6299254	176455	1
A_HP_51	103	Pulse	99	6319254	196455	1
A_HP_51	103	Pulse	99	6339254	216455	1
A_HP_51	103	Pulse	99	6359254	236455	1
A_HP_51	103	Pulse	99	6379254	256455	1
A_HP_51	103	Pulse	99	6399254	276455	1
A_HP_51	103	Pulse	99	6419254	296455	1
A_HP_51	104	Response	5	6439254	6336	1
A_HP_51	104	Pulse	99	6439254	6336	1
A_HP_51	105	Picture	response182	6439749	150	1	20158	1	0	20000	hit	486
A_HP_51	105	Response	2	6452043	12444	1
A_HP_51	105	Pulse	99	6459254	19655	1
A_HP_51	106	Picture	response183	6470068	69	1	20158	1	0	20000	hit	489
A_HP_51	106	Response	4	6478283	8284	1
A_HP_51	106	Pulse	99	6479254	9255	1
A_HP_51	106	Pulse	99	6499255	29255	1
A_HP_51	107	Picture	response177	6500555	156	1	20158	1	0	20000	hit	493
A_HP_51	107	Response	1	6512293	11894	1
A_HP_51	107	Pulse	99	6519254	18855	1
A_HP_51	108	Picture	response181	6530874	75	1	20158	1	0	20000	hit	497
A_HP_51	108	Pulse	99	6539254	8455	1
A_HP_51	108	Response	2	6548083	17284	1
A_HP_51	108	Pulse	99	6559254	28455	1
A_HP_51	109	Picture	response180	6561360	161	1	20158	1	0	20000	hit	500
A_HP_51	109	Response	1	6576543	15344	1
A_HP_51	109	Pulse	99	6579175	17976	1
A_HP_51	110	Picture	response184	6591680	81	1	20158	1	0	20000	hit	504
A_HP_51	110	Pulse	99	6599254	7655	1
A_HP_51	110	Response	3	6599342	7743	1
A_HP_51	110	Pulse	99	6619254	27655	1
A_HP_51	111	Picture	response179	6622166	167	1	20158	1	0	20000	incorrect	508
A_HP_51	111	Pulse	99	6639174	17175	1
A_HP_51	111	Response	4	6644053	22054	1
A_HP_51	112	Picture	response178	6652486	87	1	20158	1	0	20000	hit	511
A_HP_51	112	Pulse	99	6659254	6855	1
A_HP_51	112	Response	2	6667173	14774	1
A_HP_51	112	Pulse	99	6679254	26855	1
A_HP_51	113	Picture	ins5	6682972	173	1	30153	1	0	30000	other	0
A_HP_51	113	Pulse	99	6699254	16455	1
A_HP_51	113	Pulse	99	6719254	36455	1
A_HP_51	113	Pulse	99	6739254	56455	1
A_HP_51	113	Pulse	99	6759254	76455	1
A_HP_51	113	Pulse	99	6779254	96455	1
A_HP_51	113	Pulse	99	6799254	116455	1
A_HP_51	113	Pulse	99	6819254	136455	1
A_HP_51	113	Pulse	99	6839254	156455	1
A_HP_51	113	Pulse	99	6859254	176455	1
A_HP_51	113	Pulse	99	6879254	196455	1
A_HP_51	113	Pulse	99	6899254	216455	1
A_HP_51	113	Pulse	99	6919254	236455	1
A_HP_51	113	Pulse	99	6939254	256455	1
A_HP_51	113	Pulse	99	6959254	276455	1
A_HP_51	113	Pulse	99	6979254	296455	1
A_HP_51	114	Response	5	6999254	6256	1
A_HP_51	114	Pulse	99	6999254	6256	1
A_HP_51	115	Picture	response37	6999662	63	1	20158	1	0	20000	hit	532
A_HP_51	115	Response	3	7008523	8924	1
A_HP_51	115	Pulse	99	7019254	19655	1
A_HP_51	116	Picture	response39	7030148	149	1	20158	1	0	20000	hit	536
A_HP_51	116	Pulse	99	7039254	9255	1
A_HP_51	116	Response	3	7039652	9653	1
A_HP_51	116	Pulse	99	7059254	29255	1
A_HP_51	117	Picture	response36	7060468	69	1	20158	1	0	20000	hit	539
A_HP_51	117	Response	3	7070313	9914	1
A_HP_51	117	Pulse	99	7079254	18855	1
A_HP_51	118	Picture	response40	7090954	155	1	20157	1	0	20000	hit	542
A_HP_51	118	Response	3	7098503	7704	1
A_HP_51	118	Pulse	99	7099254	8455	1
A_HP_51	118	Pulse	99	7119254	28455	1
A_HP_51	119	Picture	response33	7121273	74	1	20158	1	0	20000	hit	546
A_HP_51	119	Response	3	7130413	9214	1
A_HP_51	119	Pulse	99	7139174	17975	1
A_HP_51	120	Picture	response35	7151759	161	1	20158	1	0	20000	hit	549
A_HP_51	120	Response	3	7156483	4884	1
A_HP_51	120	Pulse	99	7159254	7655	1
A_HP_51	120	Pulse	99	7179254	27655	1
A_HP_51	121	Picture	response38	7182079	80	1	20157	1	0	20000	hit	553
A_HP_51	121	Response	3	7188194	6195	1
A_HP_51	121	Pulse	99	7199174	17175	1
A_HP_51	122	Picture	response34	7212565	166	1	20158	1	0	20000	hit	556
A_HP_51	122	Response	3	7219213	6814	1
A_HP_51	122	Pulse	99	7219253	6854	1
A_HP_51	122	Pulse	99	7239254	26855	1
A_HP_51	123	Picture	thanks	7242552	0	1	10162	1	0	10000	other	0
A_HP_51	123	Pulse	99	7259175	16623	1


Event Type	Code	Type	Response	RT	RT Uncertainty	Time	Uncertainty	Duration	Uncertainty	ReqTime	ReqDur

Picture	ready	other				459458	1	10162	1	0	10000
Picture	ins13	other				519931	1	30153	1	0	30000
Picture	response101	hit	2	22208	2	839786	1	20158	1	0	20000
Picture	response99	hit	3	12902	2	870272	1	20158	1	0	20000
Picture	response102	hit	2	6853	2	900591	1	20158	1	0	20000
Picture	response100	hit	2	7896	2	931078	1	20158	1	0	20000
Picture	response98	hit	2	5856	2	961397	1	20158	1	0	20000
Picture	response97	hit	3	6570	2	991884	1	20158	1	0	20000
Picture	response104	hit	2	10260	2	1022203	1	20158	1	0	20000
Picture	response103	hit	2	6374	2	1052689	1	20158	1	0	20000
Picture	ins1	other				1083009	1	30153	1	0	30000
Picture	response7	hit	1	6994	2	1399699	1	20158	1	0	20000
Picture	response4	hit	1	7798	2	1430185	1	20158	1	0	20000
Picture	response1	hit	1	5389	2	1460505	1	20158	1	0	20000
Picture	response8	hit	1	4962	2	1490991	1	20157	1	0	20000
Picture	response2	hit	1	5933	2	1521310	1	20158	1	0	20000
Picture	response3	hit	1	5037	2	1551797	1	20158	1	0	20000
Picture	response5	hit	1	6627	2	1582116	1	20157	1	0	20000
Picture	response6	hit	1	6118	2	1612436	1	20158	1	0	20000
Picture	ins19	other				1642922	1	30153	1	0	30000
Picture	response148	hit	2	15625	2	1959778	1	20158	1	0	20000
Picture	response145	hit	1	7975	2	1990098	1	20157	1	0	20000
Picture	response152	hit	2	8849	2	2020584	1	20158	1	0	20000
Picture	response146	hit	1	8019	2	2050904	1	20157	1	0	20000
Picture	response151	hit	2	8783	2	2081390	1	20158	1	0	20000
Picture	response150	hit	4	8233	2	2111710	1	20158	1	0	20000
Picture	response147	hit	3	9898	2	2142196	1	20158	1	0	20000
Picture	response149	hit	3	7288	2	2172515	1	20158	1	0	20000
Picture	ins7	other				2202835	1	30153	1	0	30000
Picture	response54	hit	4	5742	2	2519691	1	20158	1	0	20000
Picture	response49	hit	4	5805	2	2550178	1	20158	1	0	20000
Picture	response55	hit	4	4616	2	2580497	1	20158	1	0	20000
Picture	response52	hit	4	4840	2	2610983	1	20157	1	0	20000
Picture	response50	hit	4	5090	2	2641303	1	20157	1	0	20000
Picture	response53	hit	4	17164	2	2671789	1	20158	1	0	20000
Picture	response51	hit	4	6815	2	2702109	1	20158	1	0	20000
Picture	response56	hit	4	5178	2	2732595	1	20158	1	0	20000
Picture	ins21	other				2762915	1	30153	1	0	30000
Picture	response161	hit	2	20532	2	3079771	1	20158	1	0	20000
Picture	response168	hit	4	13432	2	3110091	1	20157	1	0	20000
Picture	response164	hit	1	11747	2	3140577	1	20158	1	0	20000
Picture	response165	hit	3	7747	2	3170896	1	20157	1	0	20000
Picture	response163	hit	2	11161	2	3201383	1	20158	1	0	20000
Picture	response162	hit	4	6671	2	3231702	1	20158	1	0	20000
Picture	response166	hit	4	7685	2	3262188	1	20158	1	0	20000
Picture	response167	hit	2	11355	2	3292508	1	20158	1	0	20000
Picture	ins9	other				3322994	1	30153	1	0	30000
Picture	response65	hit	1	11189	2	3639684	1	20158	1	0	20000
Picture	response70	hit	2	11043	2	3670170	1	20158	1	0	20000
Picture	response69	hit	2	10104	2	3700490	1	20158	1	0	20000
Picture	response72	hit	1	8627	2	3730976	1	20158	1	0	20000
Picture	response66	hit	2	6868	2	3761295	1	20158	1	0	20000
Picture	response68	hit	2	7931	2	3791782	1	20158	1	0	20000
Picture	response71	incorrect	1	12212	2	3822101	1	20158	1	0	20000
Picture	response67	incorrect	1	5775	2	3852588	1	20158	1	0	20000
Picture	ins17	other				3882907	1	30153	1	0	30000
Picture	response133	hit	1	16239	2	4199764	1	20158	1	0	20000
Picture	response129	hit	1	8210	2	4230083	1	20157	1	0	20000
Picture	response135	hit	1	7554	2	4260569	1	20158	1	0	20000
Picture	response132	hit	4	11845	2	4290889	1	20158	1	0	20000
Picture	response136	hit	4	7438	2	4321375	1	20158	1	0	20000
Picture	response131	hit	2	7608	2	4351695	1	20158	1	0	20000
Picture	response130	hit	1	10812	2	4382181	1	20158	1	0	20000
Picture	response134	hit	4	15483	2	4412501	1	20158	1	0	20000
Picture	ins11	other				4442987	1	30153	1	0	30000
Picture	response86	hit	1	9737	2	4759677	1	20158	1	0	20000
Picture	response81	hit	1	5400	2	4790163	1	20158	1	0	20000
Picture	response82	hit	3	6761	2	4820482	1	20158	1	0	20000
Picture	response87	hit	3	7105	2	4850969	1	20158	1	0	20000
Picture	response85	hit	1	11925	2	4881288	1	20157	1	0	20000
Picture	response88	hit	3	5049	2	4911774	1	20158	1	0	20000
Picture	response83	hit	3	11539	2	4942094	1	20157	1	0	20000
Picture	response84	hit	1	5592	2	4972580	1	20158	1	0	20000
Picture	ins15	other				5002900	1	30153	1	0	30000
Picture	response113	hit	2	6447	2	5319756	1	20158	1	0	20000
Picture	response118	hit	2	5048	2	5350076	1	20158	1	0	20000
Picture	response119	hit	4	10371	2	5380562	1	20158	1	0	20000
Picture	response117	hit	4	8022	2	5410882	1	20157	1	0	20000
Picture	response116	hit	4	13055	2	5441368	1	20158	1	0	20000
Picture	response115	hit	2	6226	2	5471687	1	20158	1	0	20000
Picture	response120	hit	4	7029	2	5502174	1	20158	1	0	20000
Picture	response114	hit	4	6581	2	5532493	1	20158	1	0	20000
Picture	ins3	other				5562979	1	30153	1	0	30000
Picture	response17	hit	2	4584	2	5879669	1	20158	1	0	20000
Picture	response19	hit	2	4528	2	5910155	1	20157	1	0	20000
Picture	response20	hit	2	4978	2	5940475	1	20158	1	0	20000
Picture	response21	hit	2	2732	2	5970961	1	20158	1	0	20000
Picture	response23	hit	2	7882	2	6001281	1	20157	1	0	20000
Picture	response24	hit	2	5866	2	6031767	1	20158	1	0	20000
Picture	response18	hit	2	6276	2	6062087	1	20157	1	0	20000
Picture	response22	hit	2	4680	2	6092573	1	20158	1	0	20000
Picture	ins23	other				6122892	1	30153	1	0	30000
Picture	response182	hit	2	12294	2	6439749	1	20158	1	0	20000
Picture	response183	hit	4	8215	2	6470068	1	20158	1	0	20000
Picture	response177	hit	1	11739	2	6500555	1	20158	1	0	20000
Picture	response181	hit	2	17209	2	6530874	1	20158	1	0	20000
Picture	response180	hit	1	15183	2	6561360	1	20158	1	0	20000
Picture	response184	hit	3	7662	2	6591680	1	20158	1	0	20000
Picture	response179	incorrect	4	21887	2	6622166	1	20158	1	0	20000
Picture	response178	hit	2	14687	2	6652486	1	20158	1	0	20000
Picture	ins5	other				6682972	1	30153	1	0	30000
Picture	response37	hit	3	8861	2	6999662	1	20158	1	0	20000
Picture	response39	hit	3	9505	2	7030148	1	20158	1	0	20000
Picture	response36	hit	3	9845	2	7060468	1	20158	1	0	20000
Picture	response40	hit	3	7549	2	7090954	1	20157	1	0	20000
Picture	response33	hit	3	9139	2	7121273	1	20158	1	0	20000
Picture	response35	hit	3	4723	2	7151759	1	20158	1	0	20000
Picture	response38	hit	3	6115	2	7182079	1	20157	1	0	20000
Picture	response34	hit	3	6648	2	7212565	1	20158	1	0	20000
Picture	thanks	other				7242552	1	10162	1	0	10000


{
   "app": "Presentation Version 21.1 Build 09.05.19",
   "device": "LENOVO 20FBCTO1WW",
   "experiment": "{C0C68DB1-10BA-42F2-8F79-3F2AFFEED4E4}",
   "os": "Windows 10 64 bit",
   "package": "",
   "parameters": {
      "configuration": "Default configuration"
   },
   "scenario": "Response experiment(1).sce",
   "subject": "A_HP_51",
   "timestamp": "2020/02/20 01:58:35 GMT"
}
