Scenario - 
Logfile written - 11/22/2019 13:37:42

Subject	Trial	Event Type	Code	Time	TTime	Uncertainty	Duration	Uncertainty	ReqTime	ReqDur	Stim Type	Pair Index

A_HP_33	1	Response	5	479844	478678	1
A_HP_33	1	Pulse	99	479844	478678	1
A_HP_33	2	Picture	ready	480075	0	1	10229	1	0	10000	other	0
A_HP_33	2	Pulse	99	499844	19769	1
A_HP_33	2	Pulse	99	519844	39769	1
A_HP_33	2	Pulse	99	539844	59769	1
A_HP_33	3	Picture	ins17	540679	232	1	30229	1	0	30000	other	0
A_HP_33	3	Pulse	99	559844	19397	1
A_HP_33	3	Pulse	99	579844	39397	1
A_HP_33	3	Pulse	99	599844	59397	1
A_HP_33	3	Pulse	99	619844	79397	1
A_HP_33	3	Pulse	99	639844	99397	1
A_HP_33	3	Pulse	99	659844	119397	1
A_HP_33	3	Pulse	99	679844	139397	1
A_HP_33	3	Pulse	99	699844	159397	1
A_HP_33	3	Pulse	99	719845	179398	1
A_HP_33	3	Pulse	99	739844	199397	1
A_HP_33	3	Pulse	99	759844	219398	1
A_HP_33	3	Pulse	99	779844	239397	1
A_HP_33	3	Pulse	99	799764	259317	1
A_HP_33	3	Pulse	99	819844	279397	1
A_HP_33	3	Pulse	99	839844	299397	1
A_HP_33	4	Response	5	859844	9167	1
A_HP_33	4	Pulse	99	859844	9167	1
A_HP_33	5	Picture	response133	860477	230	1	20229	1	0	20000	hit	26
A_HP_33	5	Response	1	872003	11756	1
A_HP_33	5	Pulse	99	879843	19597	1
A_HP_33	6	Picture	response132	890937	290	1	20229	1	0	20000	hit	30
A_HP_33	6	Pulse	99	899844	9197	1
A_HP_33	6	Response	4	911503	20856	1
A_HP_33	6	Pulse	99	919844	29197	1
A_HP_33	7	Picture	response129	921229	181	1	20229	1	0	20000	hit	33
A_HP_33	7	Response	1	929143	8095	1
A_HP_33	7	Pulse	99	939844	18797	1
A_HP_33	8	Picture	response131	951687	240	1	20230	1	0	20000	hit	37
A_HP_33	8	Pulse	99	959844	8397	1
A_HP_33	8	Response	2	961742	10295	1
A_HP_33	8	Pulse	99	979844	28396	1
A_HP_33	9	Picture	response130	981979	133	1	20229	1	0	20000	hit	40
A_HP_33	9	Response	1	988582	6736	1
A_HP_33	9	Pulse	99	999844	17997	1
A_HP_33	10	Picture	response135	1012438	191	1	20229	1	0	20000	hit	43
A_HP_33	10	Response	1	1019162	6916	1
A_HP_33	10	Pulse	99	1019843	7596	1
A_HP_33	10	Pulse	99	1039844	27597	1
A_HP_33	11	Picture	response134	1042896	249	1	20229	1	0	20000	hit	47
A_HP_33	11	Response	4	1054853	12205	1
A_HP_33	11	Pulse	99	1059764	17116	1
A_HP_33	12	Picture	response136	1073188	140	1	20229	1	0	20000	hit	51
A_HP_33	12	Pulse	99	1079844	6797	1
A_HP_33	12	Response	4	1080492	7445	1
A_HP_33	12	Pulse	99	1099844	26797	1
A_HP_33	13	Picture	ins21	1103646	198	1	30229	1	0	30000	other	0
A_HP_33	13	Pulse	99	1119844	16397	1
A_HP_33	13	Pulse	99	1139844	36397	1
A_HP_33	13	Pulse	99	1159844	56397	1
A_HP_33	13	Pulse	99	1179844	76397	1
A_HP_33	13	Pulse	99	1199844	96397	1
A_HP_33	13	Pulse	99	1219844	116396	1
A_HP_33	13	Pulse	99	1239844	136397	1
A_HP_33	13	Pulse	99	1259764	156317	1
A_HP_33	13	Pulse	99	1279844	176397	1
A_HP_33	13	Pulse	99	1299844	196397	1
A_HP_33	13	Pulse	99	1319764	216317	1
A_HP_33	13	Pulse	99	1339844	236397	1
A_HP_33	13	Pulse	99	1359844	256397	1
A_HP_33	13	Pulse	99	1379764	276316	1
A_HP_33	13	Pulse	99	1399844	296397	1
A_HP_33	14	Response	5	1419844	6166	1
A_HP_33	14	Pulse	99	1419844	6166	1
A_HP_33	15	Picture	response161	1420477	230	1	20230	1	0	20000	hit	72
A_HP_33	15	Response	2	1434353	14105	1
A_HP_33	15	Pulse	99	1439844	19597	1
A_HP_33	16	Picture	response163	1450936	288	1	20229	1	0	20000	hit	75
A_HP_33	16	Response	2	1455693	5046	1
A_HP_33	16	Pulse	99	1459844	9196	1
A_HP_33	16	Pulse	99	1479844	29197	1
A_HP_33	17	Picture	response166	1481227	180	1	20229	1	0	20000	hit	79
A_HP_33	17	Response	4	1494772	13725	1
A_HP_33	17	Pulse	99	1499843	18796	1
A_HP_33	18	Picture	response168	1511686	239	1	20229	1	0	20000	hit	82
A_HP_33	18	Response	4	1517022	5576	1
A_HP_33	18	Pulse	99	1519763	8317	1
A_HP_33	18	Pulse	99	1539843	28397	1
A_HP_33	19	Picture	response167	1541978	131	1	20229	1	0	20000	hit	86
A_HP_33	19	Response	2	1551302	9456	1
A_HP_33	19	Pulse	99	1559843	17997	1
A_HP_33	20	Picture	response165	1572436	190	1	20230	1	0	20000	hit	90
A_HP_33	20	Pulse	99	1579763	7517	1
A_HP_33	20	Response	3	1582502	10255	1
A_HP_33	20	Pulse	99	1599843	27597	1
A_HP_33	21	Picture	response162	1602895	248	1	20229	1	0	20000	hit	93
A_HP_33	21	Response	4	1611182	8536	1
A_HP_33	21	Pulse	99	1619844	17197	1
A_HP_33	22	Picture	response164	1633187	140	1	20229	1	0	20000	hit	96
A_HP_33	22	Response	1	1639273	6226	1
A_HP_33	22	Pulse	99	1639763	6716	1
A_HP_33	22	Pulse	99	1659844	26797	1
A_HP_33	23	Picture	ins15	1663645	198	1	30229	1	0	30000	other	0
A_HP_33	23	Pulse	99	1679844	16397	1
A_HP_33	23	Pulse	99	1699844	36397	1
A_HP_33	23	Pulse	99	1719844	56397	1
A_HP_33	23	Pulse	99	1739844	76397	1
A_HP_33	23	Pulse	99	1759844	96397	1
A_HP_33	23	Pulse	99	1779764	116317	1
A_HP_33	23	Pulse	99	1799844	136397	1
A_HP_33	23	Pulse	99	1819844	156397	1
A_HP_33	23	Pulse	99	1839764	176317	1
A_HP_33	23	Pulse	99	1859844	196397	1
A_HP_33	23	Pulse	99	1879844	216397	1
A_HP_33	23	Pulse	99	1899764	236317	1
A_HP_33	23	Pulse	99	1919844	256397	1
A_HP_33	23	Pulse	99	1939844	276397	1
A_HP_33	23	Pulse	99	1959844	296397	1
A_HP_33	24	Response	5	1979764	6086	1
A_HP_33	24	Pulse	99	1979764	6086	1
A_HP_33	25	Picture	response117	1980377	230	1	20229	1	0	20000	hit	118
A_HP_33	25	Response	4	1989622	9475	1
A_HP_33	25	Pulse	99	1999844	19697	1
A_HP_33	26	Picture	response114	2010668	121	1	20229	1	0	20000	hit	121
A_HP_33	26	Response	4	2015473	4926	1
A_HP_33	26	Pulse	99	2019843	9296	1
A_HP_33	26	Pulse	99	2039764	29217	1
A_HP_33	27	Picture	response119	2041293	347	1	20229	1	0	20000	hit	125
A_HP_33	27	Response	4	2048062	7116	1
A_HP_33	27	Pulse	99	2059844	18898	1
A_HP_33	28	Picture	response115	2071584	237	1	20229	1	0	20000	hit	128
A_HP_33	28	Response	2	2077602	6256	1
A_HP_33	28	Pulse	99	2079843	8497	1
A_HP_33	28	Pulse	99	2099763	28416	1
A_HP_33	29	Picture	response118	2101876	129	1	20229	1	0	20000	hit	132
A_HP_33	29	Response	2	2106382	4636	1
A_HP_33	29	Pulse	99	2119844	18097	1
A_HP_33	30	Picture	response116	2132334	187	1	20229	1	0	20000	hit	135
A_HP_33	30	Response	4	2138202	6055	1
A_HP_33	30	Pulse	99	2139843	7696	1
A_HP_33	30	Pulse	99	2159764	27617	1
A_HP_33	31	Picture	response120	2162792	246	1	20229	1	0	20000	hit	139
A_HP_33	31	Response	4	2167302	4756	1
A_HP_33	31	Pulse	99	2179844	17297	1
A_HP_33	32	Picture	response113	2193251	304	1	20229	1	0	20000	hit	142
A_HP_33	32	Response	2	2198892	5946	1
A_HP_33	32	Pulse	99	2199843	6896	1
A_HP_33	32	Pulse	99	2219844	26897	1
A_HP_33	33	Picture	ins11	2223542	196	1	30229	1	0	30000	other	0
A_HP_33	33	Pulse	99	2239764	16417	1
A_HP_33	33	Pulse	99	2259844	36497	1
A_HP_33	33	Pulse	99	2279844	56497	1
A_HP_33	33	Pulse	99	2299764	76417	1
A_HP_33	33	Pulse	99	2319844	96497	1
A_HP_33	33	Pulse	99	2339844	116497	1
A_HP_33	33	Pulse	99	2359764	136417	1
A_HP_33	33	Pulse	99	2379843	156497	1
A_HP_33	33	Pulse	99	2399844	176497	1
A_HP_33	33	Pulse	99	2419764	196417	1
A_HP_33	33	Pulse	99	2439763	216417	1
A_HP_33	33	Pulse	99	2459844	236497	1
A_HP_33	33	Pulse	99	2479844	256497	1
A_HP_33	33	Pulse	99	2499764	276417	1
A_HP_33	33	Pulse	99	2519844	296497	1
A_HP_33	34	Response	5	2539843	6266	1
A_HP_33	34	Pulse	99	2539843	6266	1
A_HP_33	35	Picture	response87	2540477	230	1	20229	1	0	20000	hit	164
A_HP_33	35	Response	3	2549852	9606	1
A_HP_33	35	Pulse	99	2559763	19517	1
A_HP_33	36	Picture	response88	2570935	288	1	20229	1	0	20000	hit	167
A_HP_33	36	Response	3	2574122	3476	1
A_HP_33	36	Pulse	99	2579843	9197	1
A_HP_33	36	Pulse	99	2599843	29197	1
A_HP_33	37	Picture	response83	2601226	180	1	20229	1	0	20000	hit	171
A_HP_33	37	Response	3	2605862	4816	1
A_HP_33	37	Pulse	99	2619763	18717	1
A_HP_33	38	Picture	response86	2631685	238	1	20229	1	0	20000	hit	174
A_HP_33	38	Response	1	2636542	5095	1
A_HP_33	38	Pulse	99	2639843	8396	1
A_HP_33	38	Pulse	99	2659844	28397	1
A_HP_33	39	Picture	response84	2661976	130	1	20229	1	0	20000	hit	178
A_HP_33	39	Response	1	2665772	3925	1
A_HP_33	39	Pulse	99	2679763	17917	1
A_HP_33	40	Picture	response81	2692435	188	1	20229	1	0	20000	hit	181
A_HP_33	40	Response	1	2696782	4535	1
A_HP_33	40	Pulse	99	2699763	7516	1
A_HP_33	40	Pulse	99	2719843	27597	1
A_HP_33	41	Picture	response82	2722893	246	1	20229	1	0	20000	hit	185
A_HP_33	41	Response	3	2727872	5225	1
A_HP_33	41	Pulse	99	2739763	17117	1
A_HP_33	42	Picture	response85	2753185	138	1	20229	1	0	20000	hit	188
A_HP_33	42	Response	1	2758612	5566	1
A_HP_33	42	Pulse	99	2759763	6716	1
A_HP_33	42	Pulse	99	2779844	26797	1
A_HP_33	43	Picture	ins1	2783643	196	1	30229	1	0	30000	other	0
A_HP_33	43	Pulse	99	2799843	16397	1
A_HP_33	43	Pulse	99	2819763	36317	1
A_HP_33	43	Pulse	99	2839843	56397	1
A_HP_33	43	Pulse	99	2859843	76397	1
A_HP_33	43	Pulse	99	2879763	96317	1
A_HP_33	43	Pulse	99	2899763	116317	1
A_HP_33	43	Pulse	99	2919843	136397	1
A_HP_33	43	Pulse	99	2939763	156317	1
A_HP_33	43	Pulse	99	2959763	176316	1
A_HP_33	43	Pulse	99	2979843	196397	1
A_HP_33	43	Pulse	99	2999763	216316	1
A_HP_33	43	Pulse	99	3019763	236317	1
A_HP_33	43	Pulse	99	3039843	256397	1
A_HP_33	43	Pulse	99	3059843	276397	1
A_HP_33	43	Pulse	99	3079763	296316	1
A_HP_33	44	Response	5	3099843	6166	1
A_HP_33	44	Pulse	99	3099843	6166	1
A_HP_33	45	Picture	response4	3100476	230	1	20229	1	0	20000	hit	210
A_HP_33	45	Response	1	3103362	3115	1
A_HP_33	45	Pulse	99	3119843	19597	1
A_HP_33	46	Picture	response3	3130934	288	1	20229	1	0	20000	hit	213
A_HP_33	46	Response	1	3133281	2635	1
A_HP_33	46	Pulse	99	3139763	9116	1
A_HP_33	46	Pulse	99	3159763	29117	1
A_HP_33	47	Picture	response1	3161226	179	1	20229	1	0	20000	hit	217
A_HP_33	47	Response	1	3163732	2685	1
A_HP_33	47	Pulse	99	3179843	18797	1
A_HP_33	48	Picture	response6	3191684	238	1	20229	1	0	20000	hit	220
A_HP_33	48	Response	1	3195502	4055	1
A_HP_33	48	Pulse	99	3199764	8317	1
A_HP_33	48	Pulse	99	3219763	28316	1
A_HP_33	49	Picture	response2	3221976	129	1	20229	1	0	20000	hit	224
A_HP_33	49	Response	1	3226822	4975	1
A_HP_33	49	Pulse	99	3239843	17997	1
A_HP_33	50	Picture	response7	3252434	188	1	20229	1	0	20000	hit	227
A_HP_33	50	Response	1	3254992	2746	1
A_HP_33	50	Pulse	99	3259763	7516	1
A_HP_33	50	Pulse	99	3279763	27517	1
A_HP_33	51	Picture	response5	3282892	246	1	20229	1	0	20000	hit	231
A_HP_33	51	Response	1	3285812	3166	1
A_HP_33	51	Pulse	99	3299843	17197	1
A_HP_33	52	Picture	response8	3313184	138	1	20229	1	0	20000	hit	234
A_HP_33	52	Response	1	3316622	3576	1
A_HP_33	52	Pulse	99	3319843	6796	1
A_HP_33	52	Pulse	99	3339763	26717	1
A_HP_33	53	Picture	ins9	3343642	196	1	30229	1	0	30000	other	0
A_HP_33	53	Pulse	99	3359843	16397	1
A_HP_33	53	Pulse	99	3379843	36397	1
A_HP_33	53	Pulse	99	3399763	56316	1
A_HP_33	53	Pulse	99	3419763	76317	1
A_HP_33	53	Pulse	99	3439842	96396	1
A_HP_33	53	Pulse	99	3459763	116317	1
A_HP_33	53	Pulse	99	3479763	136316	1
A_HP_33	53	Pulse	99	3499843	156397	1
A_HP_33	53	Pulse	99	3519762	176316	1
A_HP_33	53	Pulse	99	3539762	196316	1
A_HP_33	53	Pulse	99	3559843	216397	1
A_HP_33	53	Pulse	99	3579843	236397	1
A_HP_33	53	Pulse	99	3599763	256316	1
A_HP_33	53	Pulse	99	3619763	276317	1
A_HP_33	53	Pulse	99	3639843	296397	1
A_HP_33	54	Response	5	3659763	6086	1
A_HP_33	54	Pulse	99	3659763	6086	1
A_HP_33	55	Picture	response67	3660376	230	1	20229	1	0	20000	hit	256
A_HP_33	55	Response	2	3672012	11865	1
A_HP_33	55	Pulse	99	3679763	19616	1
A_HP_33	56	Picture	response66	3690668	122	1	20229	1	0	20000	hit	259
A_HP_33	56	Response	2	3697132	6586	1
A_HP_33	56	Pulse	99	3699843	9296	1
A_HP_33	56	Pulse	99	3719763	29217	1
A_HP_33	57	Picture	response65	3721293	347	1	20229	1	0	20000	hit	263
A_HP_33	57	Response	1	3727142	6195	1
A_HP_33	57	Pulse	99	3739763	18816	1
A_HP_33	58	Picture	response71	3751585	239	1	20229	1	0	20000	hit	267
A_HP_33	58	Pulse	99	3759843	8497	1
A_HP_33	58	Response	2	3759871	8525	1
A_HP_33	58	Pulse	99	3779763	28417	1
A_HP_33	59	Picture	response72	3781877	131	1	20229	1	0	20000	hit	270
A_HP_33	59	Response	1	3788221	6475	1
A_HP_33	59	Pulse	99	3799763	18017	1
A_HP_33	60	Picture	response70	3812336	189	1	20229	1	0	20000	hit	273
A_HP_33	60	Response	2	3816412	4265	1
A_HP_33	60	Pulse	99	3819842	7696	1
A_HP_33	60	Pulse	99	3839843	27696	1
A_HP_33	61	Picture	response68	3842794	248	1	20229	1	0	20000	hit	277
A_HP_33	61	Response	2	3847142	4595	1
A_HP_33	61	Pulse	99	3859763	17217	1
A_HP_33	62	Picture	response69	3873253	307	1	20229	1	0	20000	hit	281
A_HP_33	62	Pulse	99	3879763	6817	1
A_HP_33	62	Response	2	3881731	8785	1
A_HP_33	62	Pulse	99	3899842	26896	1
A_HP_33	63	Picture	ins23	3903544	199	1	30229	1	0	30000	other	0
A_HP_33	63	Pulse	99	3919762	16417	1
A_HP_33	63	Pulse	99	3939763	36417	1
A_HP_33	63	Pulse	99	3959842	56497	1
A_HP_33	63	Pulse	99	3979763	76417	1
A_HP_33	63	Pulse	99	3999763	96417	1
A_HP_33	63	Pulse	99	4019843	116497	1
A_HP_33	63	Pulse	99	4039762	136417	1
A_HP_33	63	Pulse	99	4059762	156417	1
A_HP_33	63	Pulse	99	4079762	176417	1
A_HP_33	63	Pulse	99	4099763	196417	1
A_HP_33	63	Pulse	99	4119762	216417	1
A_HP_33	63	Pulse	99	4139763	236417	1
A_HP_33	63	Pulse	99	4159842	256497	1
A_HP_33	63	Pulse	99	4179763	276417	1
A_HP_33	63	Pulse	99	4199763	296417	1
A_HP_33	64	Response	5	4219842	6265	1
A_HP_33	64	Pulse	99	4219842	6265	1
A_HP_33	65	Picture	response180	4220476	230	1	20229	1	0	20000	hit	302
A_HP_33	65	Response	1	4228891	8645	1
A_HP_33	65	Pulse	99	4239762	19517	1
A_HP_33	66	Picture	response177	4250934	288	1	20229	1	0	20000	hit	305
A_HP_33	66	Response	1	4255431	4785	1
A_HP_33	66	Pulse	99	4259762	9116	1
A_HP_33	66	Pulse	99	4279842	29197	1
A_HP_33	67	Picture	response179	4281226	180	1	20229	1	0	20000	hit	309
A_HP_33	67	Response	3	4288661	7615	1
A_HP_33	67	Pulse	99	4299762	18717	1
A_HP_33	68	Picture	response184	4311684	238	1	20229	1	0	20000	hit	312
A_HP_33	68	Response	3	4317071	5625	1
A_HP_33	68	Pulse	99	4319762	8316	1
A_HP_33	68	Pulse	99	4339762	28317	1
A_HP_33	69	Picture	response178	4341976	130	1	20229	1	0	20000	hit	316
A_HP_33	69	Response	2	4351651	9805	1
A_HP_33	69	Pulse	99	4359762	17916	1
A_HP_33	70	Picture	response181	4372434	189	1	20229	1	0	20000	hit	319
A_HP_33	70	Response	2	4376771	4525	1
A_HP_33	70	Pulse	99	4379761	7516	1
A_HP_33	70	Pulse	99	4399762	27517	1
A_HP_33	71	Picture	response182	4402893	247	1	20229	1	0	20000	hit	323
A_HP_33	71	Response	2	4408101	5455	1
A_HP_33	71	Pulse	99	4419842	17197	1
A_HP_33	72	Picture	response183	4433184	139	1	20229	1	0	20000	hit	326
A_HP_33	72	Response	4	4438791	5746	1
A_HP_33	72	Pulse	99	4439762	6716	1
A_HP_33	72	Pulse	99	4459762	26717	1
A_HP_33	73	Picture	ins13	4463643	197	1	30229	1	0	30000	other	0
A_HP_33	73	Pulse	99	4479843	16397	1
A_HP_33	73	Pulse	99	4499763	36317	1
A_HP_33	73	Pulse	99	4519763	56317	1
A_HP_33	73	Pulse	99	4539843	76397	1
A_HP_33	73	Pulse	99	4559762	96317	1
A_HP_33	73	Pulse	99	4579762	116317	1
A_HP_33	73	Pulse	99	4599762	136317	1
A_HP_33	73	Pulse	99	4619763	156317	1
A_HP_33	73	Pulse	99	4639762	176317	1
A_HP_33	73	Pulse	99	4659763	196317	1
A_HP_33	73	Pulse	99	4679843	216397	1
A_HP_33	73	Pulse	99	4699762	236317	1
A_HP_33	73	Pulse	99	4719762	256317	1
A_HP_33	73	Pulse	99	4739843	276397	1
A_HP_33	73	Pulse	99	4759762	296317	1
A_HP_33	74	Response	5	4779762	6086	1
A_HP_33	74	Pulse	99	4779762	6086	1
A_HP_33	75	Picture	response101	4780375	230	1	20229	1	0	20000	hit	348
A_HP_33	75	Response	2	4785731	5585	1
A_HP_33	75	Pulse	99	4799762	19617	1
A_HP_33	76	Picture	response99	4810667	122	1	20229	1	0	20000	hit	351
A_HP_33	76	Response	3	4814471	3926	1
A_HP_33	76	Pulse	99	4819762	9216	1
A_HP_33	76	Pulse	99	4839762	29217	1
A_HP_33	77	Picture	response100	4841292	347	1	20229	1	0	20000	hit	355
A_HP_33	77	Response	2	4848251	7305	1
A_HP_33	77	Pulse	99	4859762	18817	1
A_HP_33	78	Picture	response102	4871584	239	1	20229	1	0	20000	hit	358
A_HP_33	78	Response	2	4877811	6465	1
A_HP_33	78	Pulse	99	4879762	8416	1
A_HP_33	78	Pulse	99	4899762	28417	1
A_HP_33	79	Picture	response97	4901876	131	1	20230	1	0	20000	hit	362
A_HP_33	79	Response	3	4906361	4615	1
A_HP_33	79	Pulse	99	4919762	18017	1
A_HP_33	80	Picture	response98	4932334	189	1	20229	1	0	20000	hit	365
A_HP_33	80	Response	2	4937701	5555	1
A_HP_33	80	Pulse	99	4939842	7696	1
A_HP_33	80	Pulse	99	4959762	27617	1
A_HP_33	81	Picture	response103	4962793	247	1	20229	1	0	20000	hit	369
A_HP_33	81	Response	2	4969261	6715	1
A_HP_33	81	Pulse	99	4979762	17216	1
A_HP_33	82	Picture	response104	4993251	306	1	20229	1	0	20000	hit	372
A_HP_33	82	Response	2	4999141	6195	1
A_HP_33	82	Pulse	99	4999842	6896	1
A_HP_33	82	Pulse	99	5019762	26817	1
A_HP_33	83	Picture	ins7	5023543	197	1	30229	1	0	30000	other	0
A_HP_33	83	Pulse	99	5039762	16417	1
A_HP_33	83	Pulse	99	5059762	36417	1
A_HP_33	83	Pulse	99	5079762	56417	1
A_HP_33	83	Pulse	99	5099762	76417	1
A_HP_33	83	Pulse	99	5119762	96417	1
A_HP_33	83	Pulse	99	5139762	116417	1
A_HP_33	83	Pulse	99	5159762	136417	1
A_HP_33	83	Pulse	99	5179762	156417	1
A_HP_33	83	Pulse	99	5199842	176497	1
A_HP_33	83	Pulse	99	5219762	196417	1
A_HP_33	83	Pulse	99	5239762	216417	1
A_HP_33	83	Pulse	99	5259762	236417	1
A_HP_33	83	Pulse	99	5279762	256416	1
A_HP_33	83	Pulse	99	5299762	276417	1
A_HP_33	83	Pulse	99	5319762	296416	1
A_HP_33	84	Response	5	5339762	6187	1
A_HP_33	84	Pulse	99	5339762	6187	1
A_HP_33	85	Picture	response56	5340375	230	1	20229	1	0	20000	hit	394
A_HP_33	85	Response	4	5344591	4445	1
A_HP_33	85	Pulse	99	5359762	19617	1
A_HP_33	86	Picture	response49	5370666	121	1	20229	1	0	20000	hit	397
A_HP_33	86	Response	4	5373811	3266	1
A_HP_33	86	Pulse	99	5379761	9216	1
A_HP_33	86	Pulse	99	5399762	29217	1
A_HP_33	87	Picture	response54	5401291	347	1	20229	1	0	20000	hit	401
A_HP_33	87	Response	4	5405010	4066	1
A_HP_33	87	Pulse	99	5419762	18818	1
A_HP_33	88	Picture	response53	5431582	237	1	20230	1	0	20000	hit	404
A_HP_33	88	Response	4	5435291	3946	1
A_HP_33	88	Pulse	99	5439761	8416	1
A_HP_33	88	Pulse	99	5459762	28417	1
A_HP_33	89	Picture	response52	5461874	128	1	20229	1	0	20000	hit	408
A_HP_33	89	Response	4	5464981	3235	1
A_HP_33	89	Pulse	99	5479762	18016	1
A_HP_33	90	Picture	response50	5492332	187	1	20230	1	0	20000	hit	411
A_HP_33	90	Response	4	5496000	3855	1
A_HP_33	90	Pulse	99	5499761	7616	1
A_HP_33	90	Pulse	99	5519762	27617	1
A_HP_33	91	Picture	response51	5522791	246	1	20229	1	0	20000	hit	415
A_HP_33	91	Response	4	5526231	3685	1
A_HP_33	91	Pulse	99	5539762	17217	1
A_HP_33	92	Picture	response55	5553250	304	1	20229	1	0	20000	hit	418
A_HP_33	92	Response	4	5559160	6215	1
A_HP_33	92	Pulse	99	5559761	6816	1
A_HP_33	92	Pulse	99	5579763	26817	1
A_HP_33	93	Picture	ins3	5583541	196	1	30229	1	0	30000	other	0
A_HP_33	93	Pulse	99	5599762	16417	1
A_HP_33	93	Pulse	99	5619762	36416	1
A_HP_33	93	Pulse	99	5639762	56416	1
A_HP_33	93	Pulse	99	5659762	76417	1
A_HP_33	93	Pulse	99	5679762	96417	1
A_HP_33	93	Pulse	99	5699762	116417	1
A_HP_33	93	Pulse	99	5719762	136417	1
A_HP_33	93	Pulse	99	5739762	156417	1
A_HP_33	93	Pulse	99	5759762	176417	1
A_HP_33	93	Pulse	99	5779762	196417	1
A_HP_33	93	Pulse	99	5799762	216417	1
A_HP_33	93	Pulse	99	5819762	236417	1
A_HP_33	93	Pulse	99	5839762	256417	1
A_HP_33	93	Pulse	99	5859762	276417	1
A_HP_33	93	Pulse	99	5879762	296417	1
A_HP_33	94	Response	5	5899762	6186	1
A_HP_33	94	Pulse	99	5899762	6186	1
A_HP_33	95	Picture	response22	5900375	230	1	20229	1	0	20000	hit	440
A_HP_33	95	Response	2	5906110	5965	1
A_HP_33	95	Pulse	99	5919762	19617	1
A_HP_33	96	Picture	response21	5930666	121	1	20229	1	0	20000	hit	443
A_HP_33	96	Response	2	5936000	5455	1
A_HP_33	96	Pulse	99	5939762	9217	1
A_HP_33	96	Pulse	99	5959762	29217	1
A_HP_33	97	Picture	response24	5961291	347	1	20229	1	0	20000	hit	447
A_HP_33	97	Response	2	5963790	2847	1
A_HP_33	97	Pulse	99	5979762	18818	1
A_HP_33	98	Picture	response20	5991582	237	1	20229	1	0	20000	hit	450
A_HP_33	98	Response	2	5994061	2716	1
A_HP_33	98	Pulse	99	5999761	8416	1
A_HP_33	98	Pulse	99	6019762	28417	1
A_HP_33	99	Picture	response23	6021874	129	1	20229	1	0	20000	hit	454
A_HP_33	99	Response	2	6024850	3105	1
A_HP_33	99	Pulse	99	6039761	18016	1
A_HP_33	100	Picture	response18	6052333	188	1	20229	1	0	20000	hit	457
A_HP_33	100	Response	2	6057360	5216	1
A_HP_33	100	Pulse	99	6059761	7617	1
A_HP_33	100	Pulse	99	6079761	27617	1
A_HP_33	101	Picture	response19	6082791	247	1	20229	1	0	20000	hit	461
A_HP_33	101	Response	2	6089121	6576	1
A_HP_33	101	Pulse	99	6099761	17217	1
A_HP_33	102	Picture	response17	6113249	305	1	20229	1	0	20000	hit	464
A_HP_33	102	Response	2	6117390	4446	1
A_HP_33	102	Pulse	99	6119760	6816	1
A_HP_33	102	Pulse	99	6139762	26817	1
A_HP_33	103	Picture	ins19	6143541	196	1	30229	1	0	30000	other	0
A_HP_33	103	Pulse	99	6159762	16417	1
A_HP_33	103	Pulse	99	6179762	36417	1
A_HP_33	103	Pulse	99	6199762	56417	1
A_HP_33	103	Pulse	99	6219762	76417	1
A_HP_33	103	Pulse	99	6239762	96417	1
A_HP_33	103	Pulse	99	6259762	116417	1
A_HP_33	103	Pulse	99	6279762	136417	1
A_HP_33	103	Pulse	99	6299762	156417	1
A_HP_33	103	Pulse	99	6319761	176417	1
A_HP_33	103	Pulse	99	6339762	196417	1
A_HP_33	103	Pulse	99	6359761	216417	1
A_HP_33	103	Pulse	99	6379762	236417	1
A_HP_33	103	Pulse	99	6399762	256417	1
A_HP_33	103	Pulse	99	6419762	276417	1
A_HP_33	103	Pulse	99	6439762	296417	1
A_HP_33	104	Response	5	6459761	6186	1
A_HP_33	104	Pulse	99	6459761	6186	1
A_HP_33	105	Picture	response149	6460375	230	1	20229	1	0	20000	hit	486
A_HP_33	105	Response	3	6470860	10715	1
A_HP_33	105	Pulse	99	6479761	19616	1
A_HP_33	106	Picture	response151	6490667	122	1	20229	1	0	20000	hit	489
A_HP_33	106	Response	2	6497560	7016	1
A_HP_33	106	Pulse	99	6499761	9216	1
A_HP_33	106	Pulse	99	6519761	29217	1
A_HP_33	107	Picture	response152	6521292	347	1	20229	1	0	20000	hit	493
A_HP_33	107	Response	2	6526080	5135	1
A_HP_33	107	Pulse	99	6539762	18817	1
A_HP_33	108	Picture	response150	6551583	238	1	20229	1	0	20000	hit	496
A_HP_33	108	Response	4	6559650	8305	1
A_HP_33	108	Pulse	99	6559761	8416	1
A_HP_33	108	Pulse	99	6579761	28416	1
A_HP_33	109	Picture	response146	6581875	130	1	20229	1	0	20000	hit	500
A_HP_33	109	Response	1	6589390	7645	1
A_HP_33	109	Pulse	99	6599761	18016	1
A_HP_33	110	Picture	response147	6612333	188	1	20229	1	0	20000	hit	504
A_HP_33	110	Pulse	99	6619761	7617	1
A_HP_33	110	Response	3	6621060	8915	1
A_HP_33	110	Pulse	99	6639761	27616	1
A_HP_33	111	Picture	response145	6642791	246	1	20229	1	0	20000	hit	507
A_HP_33	111	Response	1	6650000	7456	1
A_HP_33	111	Pulse	99	6659761	17217	1
A_HP_33	112	Picture	response148	6673250	305	1	20229	1	0	20000	hit	511
A_HP_33	112	Pulse	99	6679761	6817	1
A_HP_33	112	Response	2	6681380	8435	1
A_HP_33	112	Pulse	99	6699762	26817	1
A_HP_33	113	Picture	ins5	6703541	197	1	30229	1	0	30000	other	0
A_HP_33	113	Pulse	99	6719761	16417	1
A_HP_33	113	Pulse	99	6739762	36417	1
A_HP_33	113	Pulse	99	6759761	56417	1
A_HP_33	113	Pulse	99	6779761	76417	1
A_HP_33	113	Pulse	99	6799761	96417	1
A_HP_33	113	Pulse	99	6819761	116417	1
A_HP_33	113	Pulse	99	6839761	136417	1
A_HP_33	113	Pulse	99	6859761	156417	1
A_HP_33	113	Pulse	99	6879761	176417	1
A_HP_33	113	Pulse	99	6899761	196417	1
A_HP_33	113	Pulse	99	6919761	216417	1
A_HP_33	113	Pulse	99	6939761	236417	1
A_HP_33	113	Pulse	99	6959761	256417	1
A_HP_33	113	Pulse	99	6979761	276417	1
A_HP_33	113	Pulse	99	6999761	296417	1
A_HP_33	114	Response	5	7019761	6186	1
A_HP_33	114	Pulse	99	7019761	6186	1
A_HP_33	115	Picture	response36	7020374	230	1	20229	1	0	20000	hit	532
A_HP_33	115	Response	3	7029430	9286	1
A_HP_33	115	Pulse	99	7039761	19617	1
A_HP_33	116	Picture	response39	7050666	122	1	20229	1	0	20000	hit	535
A_HP_33	116	Response	3	7058130	7586	1
A_HP_33	116	Pulse	99	7059761	9216	1
A_HP_33	116	Pulse	99	7079761	29217	1
A_HP_33	117	Picture	response40	7081291	346	1	20229	1	0	20000	hit	539
A_HP_33	117	Response	3	7090310	9365	1
A_HP_33	117	Pulse	99	7099761	18816	1
A_HP_33	118	Picture	response37	7111583	239	1	20229	1	0	20000	hit	542
A_HP_33	118	Response	3	7116930	5586	1
A_HP_33	118	Pulse	99	7119761	8417	1
A_HP_33	118	Pulse	99	7139761	28417	1
A_HP_33	119	Picture	response33	7141874	130	1	20229	1	0	20000	hit	546
A_HP_33	119	Response	3	7148570	6826	1
A_HP_33	119	Pulse	99	7159761	18017	1
A_HP_33	120	Picture	response34	7172332	187	1	20229	1	0	20000	hit	549
A_HP_33	120	Response	3	7178340	6196	1
A_HP_33	120	Pulse	99	7179761	7616	1
A_HP_33	120	Pulse	99	7199761	27617	1
A_HP_33	121	Picture	response35	7202790	245	1	20229	1	0	20000	hit	553
A_HP_33	121	Response	3	7209990	7445	1
A_HP_33	121	Pulse	99	7219761	17217	1
A_HP_33	122	Picture	response38	7233248	304	1	20229	1	0	20000	hit	556
A_HP_33	122	Response	3	7239450	6505	1
A_HP_33	122	Pulse	99	7239761	6816	1
A_HP_33	122	Pulse	99	7259761	26817	1
A_HP_33	123	Picture	thanks	7263207	0	1	10230	1	0	10000	other	0
A_HP_33	123	Pulse	99	7279761	16554	1


Event Type	Code	Type	Response	RT	RT Uncertainty	Time	Uncertainty	Duration	Uncertainty	ReqTime	ReqDur

Picture	ready	other				480075	1	10229	1	0	10000
Picture	ins17	other				540679	1	30229	1	0	30000
Picture	response133	hit	1	11526	2	860477	1	20229	1	0	20000
Picture	response132	hit	4	20566	2	890937	1	20229	1	0	20000
Picture	response129	hit	1	7914	2	921229	1	20229	1	0	20000
Picture	response131	hit	2	10055	2	951687	1	20230	1	0	20000
Picture	response130	hit	1	6603	2	981979	1	20229	1	0	20000
Picture	response135	hit	1	6725	2	1012438	1	20229	1	0	20000
Picture	response134	hit	4	11957	2	1042896	1	20229	1	0	20000
Picture	response136	hit	4	7305	2	1073188	1	20229	1	0	20000
Picture	ins21	other				1103646	1	30229	1	0	30000
Picture	response161	hit	2	13875	2	1420477	1	20230	1	0	20000
Picture	response163	hit	2	4757	2	1450936	1	20229	1	0	20000
Picture	response166	hit	4	13545	2	1481227	1	20229	1	0	20000
Picture	response168	hit	4	5337	2	1511686	1	20229	1	0	20000
Picture	response167	hit	2	9325	2	1541978	1	20229	1	0	20000
Picture	response165	hit	3	10065	2	1572436	1	20230	1	0	20000
Picture	response162	hit	4	8288	2	1602895	1	20229	1	0	20000
Picture	response164	hit	1	6086	2	1633187	1	20229	1	0	20000
Picture	ins15	other				1663645	1	30229	1	0	30000
Picture	response117	hit	4	9245	2	1980377	1	20229	1	0	20000
Picture	response114	hit	4	4805	2	2010668	1	20229	1	0	20000
Picture	response119	hit	4	6769	2	2041293	1	20229	1	0	20000
Picture	response115	hit	2	6018	2	2071584	1	20229	1	0	20000
Picture	response118	hit	2	4506	2	2101876	1	20229	1	0	20000
Picture	response116	hit	4	5868	2	2132334	1	20229	1	0	20000
Picture	response120	hit	4	4510	2	2162792	1	20229	1	0	20000
Picture	response113	hit	2	5642	2	2193251	1	20229	1	0	20000
Picture	ins11	other				2223542	1	30229	1	0	30000
Picture	response87	hit	3	9376	2	2540477	1	20229	1	0	20000
Picture	response88	hit	3	3187	2	2570935	1	20229	1	0	20000
Picture	response83	hit	3	4636	2	2601226	1	20229	1	0	20000
Picture	response86	hit	1	4857	2	2631685	1	20229	1	0	20000
Picture	response84	hit	1	3796	2	2661976	1	20229	1	0	20000
Picture	response81	hit	1	4348	2	2692435	1	20229	1	0	20000
Picture	response82	hit	3	4979	2	2722893	1	20229	1	0	20000
Picture	response85	hit	1	5427	2	2753185	1	20229	1	0	20000
Picture	ins1	other				2783643	1	30229	1	0	30000
Picture	response4	hit	1	2886	2	3100476	1	20229	1	0	20000
Picture	response3	hit	1	2347	2	3130934	1	20229	1	0	20000
Picture	response1	hit	1	2506	2	3161226	1	20229	1	0	20000
Picture	response6	hit	1	3818	2	3191684	1	20229	1	0	20000
Picture	response2	hit	1	4846	2	3221976	1	20229	1	0	20000
Picture	response7	hit	1	2558	2	3252434	1	20229	1	0	20000
Picture	response5	hit	1	2920	2	3282892	1	20229	1	0	20000
Picture	response8	hit	1	3438	2	3313184	1	20229	1	0	20000
Picture	ins9	other				3343642	1	30229	1	0	30000
Picture	response67	hit	2	11635	2	3660376	1	20229	1	0	20000
Picture	response66	hit	2	6464	2	3690668	1	20229	1	0	20000
Picture	response65	hit	1	5848	2	3721293	1	20229	1	0	20000
Picture	response71	hit	2	8286	2	3751585	1	20229	1	0	20000
Picture	response72	hit	1	6344	2	3781877	1	20229	1	0	20000
Picture	response70	hit	2	4076	2	3812336	1	20229	1	0	20000
Picture	response68	hit	2	4348	2	3842794	1	20229	1	0	20000
Picture	response69	hit	2	8478	2	3873253	1	20229	1	0	20000
Picture	ins23	other				3903544	1	30229	1	0	30000
Picture	response180	hit	1	8415	2	4220476	1	20229	1	0	20000
Picture	response177	hit	1	4497	2	4250934	1	20229	1	0	20000
Picture	response179	hit	3	7435	2	4281226	1	20229	1	0	20000
Picture	response184	hit	3	5387	2	4311684	1	20229	1	0	20000
Picture	response178	hit	2	9675	2	4341976	1	20229	1	0	20000
Picture	response181	hit	2	4337	2	4372434	1	20229	1	0	20000
Picture	response182	hit	2	5208	2	4402893	1	20229	1	0	20000
Picture	response183	hit	4	5607	2	4433184	1	20229	1	0	20000
Picture	ins13	other				4463643	1	30229	1	0	30000
Picture	response101	hit	2	5355	2	4780375	1	20229	1	0	20000
Picture	response99	hit	3	3804	2	4810667	1	20229	1	0	20000
Picture	response100	hit	2	6959	2	4841292	1	20229	1	0	20000
Picture	response102	hit	2	6226	2	4871584	1	20229	1	0	20000
Picture	response97	hit	3	4485	2	4901876	1	20230	1	0	20000
Picture	response98	hit	2	5367	2	4932334	1	20229	1	0	20000
Picture	response103	hit	2	6468	2	4962793	1	20229	1	0	20000
Picture	response104	hit	2	5890	2	4993251	1	20229	1	0	20000
Picture	ins7	other				5023543	1	30229	1	0	30000
Picture	response56	hit	4	4216	2	5340375	1	20229	1	0	20000
Picture	response49	hit	4	3145	2	5370666	1	20229	1	0	20000
Picture	response54	hit	4	3719	2	5401291	1	20229	1	0	20000
Picture	response53	hit	4	3709	2	5431582	1	20230	1	0	20000
Picture	response52	hit	4	3107	2	5461874	1	20229	1	0	20000
Picture	response50	hit	4	3668	2	5492332	1	20230	1	0	20000
Picture	response51	hit	4	3440	2	5522791	1	20229	1	0	20000
Picture	response55	hit	4	5911	2	5553250	1	20229	1	0	20000
Picture	ins3	other				5583541	1	30229	1	0	30000
Picture	response22	hit	2	5736	2	5900375	1	20229	1	0	20000
Picture	response21	hit	2	5334	2	5930666	1	20229	1	0	20000
Picture	response24	hit	2	2500	2	5961291	1	20229	1	0	20000
Picture	response20	hit	2	2479	2	5991582	1	20229	1	0	20000
Picture	response23	hit	2	2976	2	6021874	1	20229	1	0	20000
Picture	response18	hit	2	5027	2	6052333	1	20229	1	0	20000
Picture	response19	hit	2	6330	2	6082791	1	20229	1	0	20000
Picture	response17	hit	2	4141	2	6113249	1	20229	1	0	20000
Picture	ins19	other				6143541	1	30229	1	0	30000
Picture	response149	hit	3	10485	2	6460375	1	20229	1	0	20000
Picture	response151	hit	2	6894	2	6490667	1	20229	1	0	20000
Picture	response152	hit	2	4789	2	6521292	1	20229	1	0	20000
Picture	response150	hit	4	8067	2	6551583	1	20229	1	0	20000
Picture	response146	hit	1	7515	2	6581875	1	20229	1	0	20000
Picture	response147	hit	3	8726	2	6612333	1	20229	1	0	20000
Picture	response145	hit	1	7209	2	6642791	1	20229	1	0	20000
Picture	response148	hit	2	8130	2	6673250	1	20229	1	0	20000
Picture	ins5	other				6703541	1	30229	1	0	30000
Picture	response36	hit	3	9056	2	7020374	1	20229	1	0	20000
Picture	response39	hit	3	7464	2	7050666	1	20229	1	0	20000
Picture	response40	hit	3	9019	2	7081291	1	20229	1	0	20000
Picture	response37	hit	3	5347	2	7111583	1	20229	1	0	20000
Picture	response33	hit	3	6696	2	7141874	1	20229	1	0	20000
Picture	response34	hit	3	6008	2	7172332	1	20229	1	0	20000
Picture	response35	hit	3	7200	2	7202790	1	20229	1	0	20000
Picture	response38	hit	3	6202	2	7233248	1	20229	1	0	20000
Picture	thanks	other				7263207	1	10230	1	0	10000


{
   "app": "Presentation Version 21.0 Build 06.06.19",
   "device": "LENOVO 20KHCTO1WW",
   "experiment": "{C0C68DB1-10BA-42F2-8F79-3F2AFFEED4E4}",
   "os": "Windows 10 64 bit",
   "package": "",
   "parameters": {
      "configuration": "Default configuration"
   },
   "scenario": "Response experiment(1).sce",
   "subject": "A_HP_33",
   "timestamp": "2019/11/22 04:25:25 GMT"
}
