Scenario - 
Logfile written - 12/19/2019 11:48:28

Subject	Trial	Event Type	Code	Time	TTime	Uncertainty	Duration	Uncertainty	ReqTime	ReqDur	Stim Type	Pair Index

A_HP_40	1	Response	5	548866	547715	1
A_HP_40	1	Pulse	99	548866	547715	1
A_HP_40	2	Picture	ready	548903	0	1	10162	1	0	10000	other	0
A_HP_40	2	Pulse	99	568865	19963	1
A_HP_40	2	Pulse	99	588865	39963	1
A_HP_40	2	Pulse	99	608865	59963	1
A_HP_40	3	Picture	ins17	609375	125	1	30153	1	0	30000	other	0
A_HP_40	3	Pulse	99	628865	19615	1
A_HP_40	3	Pulse	99	648866	39615	1
A_HP_40	3	Pulse	99	668865	59615	1
A_HP_40	3	Pulse	99	688866	79615	1
A_HP_40	3	Pulse	99	708866	99615	1
A_HP_40	3	Pulse	99	728865	119615	1
A_HP_40	3	Pulse	99	748866	139615	1
A_HP_40	3	Pulse	99	768866	159615	1
A_HP_40	3	Pulse	99	788866	179615	1
A_HP_40	3	Pulse	99	808866	199615	1
A_HP_40	3	Pulse	99	828865	219615	1
A_HP_40	3	Pulse	99	848865	239615	1
A_HP_40	3	Pulse	99	868866	259615	1
A_HP_40	3	Pulse	99	888866	279615	1
A_HP_40	3	Pulse	99	908866	299616	1
A_HP_40	4	Response	5	928866	9464	1
A_HP_40	4	Pulse	99	928866	9464	1
A_HP_40	5	Picture	response129	929397	147	1	20158	1	0	20000	hit	27
A_HP_40	5	Pulse	99	948866	19615	1
A_HP_40	5	Response	1	951534	22284	1
A_HP_40	6	Picture	response131	959716	66	1	20158	1	0	20000	hit	30
A_HP_40	6	Pulse	99	968866	9215	1
A_HP_40	6	Response	2	976464	16814	1
A_HP_40	6	Pulse	99	988866	29215	1
A_HP_40	7	Picture	response134	990203	152	1	20158	1	0	20000	hit	33
A_HP_40	7	Response	4	1000525	10474	1
A_HP_40	7	Pulse	99	1008866	18816	1
A_HP_40	8	Picture	response135	1020523	72	1	20158	1	0	20000	hit	37
A_HP_40	8	Pulse	99	1028866	8415	1
A_HP_40	8	Response	1	1031974	11523	1
A_HP_40	8	Pulse	99	1048866	28415	1
A_HP_40	9	Picture	response136	1051009	158	1	20158	1	0	20000	hit	41
A_HP_40	9	Pulse	99	1068866	18015	1
A_HP_40	9	Response	4	1072704	21854	1
A_HP_40	10	Picture	response130	1081328	78	1	20158	1	0	20000	hit	44
A_HP_40	10	Pulse	99	1088866	7615	1
A_HP_40	10	Response	1	1098485	17234	1
A_HP_40	10	Pulse	99	1108866	27615	1
A_HP_40	11	Picture	response133	1111815	164	1	20157	1	0	20000	hit	47
A_HP_40	11	Response	1	1122764	11114	1
A_HP_40	11	Pulse	99	1128866	17215	1
A_HP_40	12	Picture	response132	1142134	84	1	20158	1	0	20000	hit	51
A_HP_40	12	Pulse	99	1148866	6815	1
A_HP_40	12	Response	4	1158394	16344	1
A_HP_40	12	Pulse	99	1168866	26815	1
A_HP_40	13	Picture	ins7	1172620	170	1	30153	1	0	30000	other	0
A_HP_40	13	Pulse	99	1188866	16415	1
A_HP_40	13	Pulse	99	1208866	36415	1
A_HP_40	13	Pulse	99	1228866	56415	1
A_HP_40	13	Pulse	99	1248866	76415	1
A_HP_40	13	Pulse	99	1268866	96415	1
A_HP_40	13	Pulse	99	1288866	116415	1
A_HP_40	13	Pulse	99	1308866	136415	1
A_HP_40	13	Pulse	99	1328866	156415	1
A_HP_40	13	Pulse	99	1348866	176415	1
A_HP_40	13	Pulse	99	1368866	196415	1
A_HP_40	13	Pulse	99	1388866	216415	1
A_HP_40	13	Pulse	99	1408866	236415	1
A_HP_40	13	Pulse	99	1428866	256415	1
A_HP_40	13	Pulse	99	1448866	276415	1
A_HP_40	13	Pulse	99	1468866	296415	1
A_HP_40	14	Response	5	1488866	6219	1
A_HP_40	14	Pulse	99	1488866	6219	1
A_HP_40	15	Picture	response50	1489310	60	1	20158	1	0	20000	hit	72
A_HP_40	15	Response	4	1496315	7064	1
A_HP_40	15	Pulse	99	1508866	19615	1
A_HP_40	16	Picture	response49	1519797	146	1	20157	1	0	20000	hit	76
A_HP_40	16	Pulse	99	1528866	9215	1
A_HP_40	16	Response	4	1529114	9463	1
A_HP_40	16	Pulse	99	1548866	29215	1
A_HP_40	17	Picture	response51	1550116	65	1	20158	1	0	20000	hit	79
A_HP_40	17	Response	4	1559304	9254	1
A_HP_40	17	Pulse	99	1568866	18815	1
A_HP_40	18	Picture	response52	1580603	152	1	20158	1	0	20000	hit	82
A_HP_40	18	Response	4	1586395	5944	1
A_HP_40	18	Pulse	99	1588866	8415	1
A_HP_40	18	Pulse	99	1608866	28415	1
A_HP_40	19	Picture	response56	1610922	71	1	20157	1	0	20000	hit	86
A_HP_40	19	Response	4	1621195	10344	1
A_HP_40	19	Pulse	99	1628866	18015	1
A_HP_40	20	Picture	response54	1641408	157	1	20158	1	0	20000	hit	89
A_HP_40	20	Response	4	1646795	5544	1
A_HP_40	20	Pulse	99	1648865	7614	1
A_HP_40	20	Pulse	99	1668866	27615	1
A_HP_40	21	Picture	response55	1671728	77	1	20158	1	0	20000	hit	93
A_HP_40	21	Response	4	1676905	5254	1
A_HP_40	21	Pulse	99	1688866	17215	1
A_HP_40	22	Picture	response53	1702214	163	1	20158	1	0	20000	hit	96
A_HP_40	22	Response	4	1706815	4764	1
A_HP_40	22	Pulse	99	1708866	6815	1
A_HP_40	22	Pulse	99	1728866	26815	1
A_HP_40	23	Picture	ins23	1732534	83	1	30153	1	0	30000	other	0
A_HP_40	23	Pulse	99	1748866	16415	1
A_HP_40	23	Pulse	99	1768866	36415	1
A_HP_40	23	Pulse	99	1788866	56415	1
A_HP_40	23	Pulse	99	1808866	76415	1
A_HP_40	23	Pulse	99	1828866	96415	1
A_HP_40	23	Pulse	99	1848866	116415	1
A_HP_40	23	Pulse	99	1868866	136415	1
A_HP_40	23	Pulse	99	1888866	156415	1
A_HP_40	23	Pulse	99	1908866	176415	1
A_HP_40	23	Pulse	99	1928866	196415	1
A_HP_40	23	Pulse	99	1948866	216415	1
A_HP_40	23	Pulse	99	1968866	236415	1
A_HP_40	23	Pulse	99	1988866	256415	1
A_HP_40	23	Pulse	99	2008866	276415	1
A_HP_40	23	Pulse	99	2028866	296415	1
A_HP_40	24	Response	5	2048866	6306	1
A_HP_40	24	Pulse	99	2048866	6306	1
A_HP_40	25	Picture	response181	2049390	139	1	20158	1	0	20000	hit	118
A_HP_40	25	Response	2	2064825	15574	1
A_HP_40	25	Pulse	99	2068866	19615	1
A_HP_40	26	Picture	response183	2079710	59	1	20158	1	0	20000	hit	122
A_HP_40	26	Pulse	99	2088866	9215	1
A_HP_40	26	Response	4	2089925	10274	1
A_HP_40	26	Pulse	99	2108866	29215	1
A_HP_40	27	Picture	response179	2110196	145	1	20158	1	0	20000	hit	126
A_HP_40	27	Pulse	99	2128866	18815	1
A_HP_40	27	Response	3	2129165	19114	1
A_HP_40	28	Picture	response178	2140516	65	1	20158	1	0	20000	incorrect	129
A_HP_40	28	Pulse	99	2148866	8415	1
A_HP_40	28	Response	4	2166945	26494	1
A_HP_40	28	Pulse	99	2168866	28415	1
A_HP_40	29	Picture	response177	2171002	151	1	20158	1	0	20000	hit	132
A_HP_40	29	Response	1	2186305	15454	1
A_HP_40	29	Pulse	99	2188866	18015	1
A_HP_40	30	Picture	response184	2201322	71	1	20158	1	0	20000	hit	136
A_HP_40	30	Pulse	99	2208866	7615	1
A_HP_40	30	Response	3	2214015	12764	1
A_HP_40	30	Pulse	99	2228866	27615	1
A_HP_40	31	Picture	response180	2231808	157	1	20158	1	0	20000	hit	140
A_HP_40	31	Pulse	99	2248866	17215	1
A_HP_40	31	Response	1	2250415	18764	1
A_HP_40	32	Picture	response182	2262128	76	1	20157	1	0	20000	hit	143
A_HP_40	32	Pulse	99	2268866	6815	1
A_HP_40	32	Response	2	2277055	15004	1
A_HP_40	32	Pulse	99	2288866	26815	1
A_HP_40	33	Picture	ins1	2292614	162	1	30153	1	0	30000	other	0
A_HP_40	33	Pulse	99	2308866	16415	1
A_HP_40	33	Pulse	99	2328866	36415	1
A_HP_40	33	Pulse	99	2348866	56415	1
A_HP_40	33	Pulse	99	2368866	76415	1
A_HP_40	33	Pulse	99	2388867	96416	1
A_HP_40	33	Pulse	99	2408867	116415	1
A_HP_40	33	Pulse	99	2428867	136415	1
A_HP_40	33	Pulse	99	2448866	156415	1
A_HP_40	33	Pulse	99	2468866	176415	1
A_HP_40	33	Pulse	99	2488867	196415	1
A_HP_40	33	Pulse	99	2508866	216415	1
A_HP_40	33	Pulse	99	2528867	236415	1
A_HP_40	33	Pulse	99	2548867	256415	1
A_HP_40	33	Pulse	99	2568867	276415	1
A_HP_40	33	Pulse	99	2588866	296415	1
A_HP_40	34	Response	5	2608867	6227	1
A_HP_40	34	Pulse	99	2608867	6227	1
A_HP_40	35	Picture	response2	2609304	52	1	20157	1	0	20000	hit	164
A_HP_40	35	Response	1	2615695	6444	1
A_HP_40	35	Pulse	99	2628866	19615	1
A_HP_40	36	Picture	response5	2639790	139	1	20157	1	0	20000	hit	167
A_HP_40	36	Response	1	2644735	5084	1
A_HP_40	36	Pulse	99	2648867	9215	1
A_HP_40	36	Pulse	99	2668867	29215	1
A_HP_40	37	Picture	response6	2670110	58	1	20158	1	0	20000	hit	171
A_HP_40	37	Response	1	2677525	7474	1
A_HP_40	37	Pulse	99	2688867	18815	1
A_HP_40	38	Picture	response4	2700596	144	1	20158	1	0	20000	hit	175
A_HP_40	38	Pulse	99	2708866	8415	1
A_HP_40	38	Response	1	2709975	9524	1
A_HP_40	38	Pulse	99	2728867	28415	1
A_HP_40	39	Picture	response7	2730915	64	1	20158	1	0	20000	hit	178
A_HP_40	39	Response	1	2737025	6174	1
A_HP_40	39	Pulse	99	2748867	18015	1
A_HP_40	40	Picture	response3	2761402	150	1	20158	1	0	20000	hit	181
A_HP_40	40	Response	1	2767145	5894	1
A_HP_40	40	Pulse	99	2768867	7615	1
A_HP_40	40	Pulse	99	2788867	27615	1
A_HP_40	41	Picture	response1	2791721	70	1	20158	1	0	20000	hit	185
A_HP_40	41	Response	1	2797195	5544	1
A_HP_40	41	Pulse	99	2808867	17215	1
A_HP_40	42	Picture	response8	2822207	156	1	20158	1	0	20000	hit	188
A_HP_40	42	Response	1	2827476	5424	1
A_HP_40	42	Pulse	99	2828867	6815	1
A_HP_40	42	Pulse	99	2848867	26815	1
A_HP_40	43	Picture	ins21	2852527	76	1	30153	1	0	30000	other	0
A_HP_40	43	Pulse	99	2868867	16415	1
A_HP_40	43	Pulse	99	2888867	36415	1
A_HP_40	43	Pulse	99	2908867	56415	1
A_HP_40	43	Pulse	99	2928867	76415	1
A_HP_40	43	Pulse	99	2948867	96415	1
A_HP_40	43	Pulse	99	2968867	116416	1
A_HP_40	43	Pulse	99	2988867	136415	1
A_HP_40	43	Pulse	99	3008867	156415	1
A_HP_40	43	Pulse	99	3028867	176415	1
A_HP_40	43	Pulse	99	3048867	196415	1
A_HP_40	43	Pulse	99	3068867	216415	1
A_HP_40	43	Pulse	99	3088867	236415	1
A_HP_40	43	Pulse	99	3108867	256415	1
A_HP_40	43	Pulse	99	3128867	276415	1
A_HP_40	43	Pulse	99	3148787	296335	1
A_HP_40	44	Response	5	3168867	6313	1
A_HP_40	44	Pulse	99	3168867	6313	1
A_HP_40	45	Picture	response168	3169384	132	1	20158	1	0	20000	hit	210
A_HP_40	45	Response	4	3185866	16614	1
A_HP_40	45	Pulse	99	3188867	19615	1
A_HP_40	46	Picture	response163	3199703	52	1	20158	1	0	20000	hit	214
A_HP_40	46	Pulse	99	3208787	9135	1
A_HP_40	46	Response	2	3215285	15634	1
A_HP_40	46	Pulse	99	3228867	29215	1
A_HP_40	47	Picture	response165	3230190	138	1	20158	1	0	20000	hit	217
A_HP_40	47	Response	3	3246886	16834	1
A_HP_40	47	Pulse	99	3248867	18815	1
A_HP_40	48	Picture	response161	3260509	57	1	20157	1	0	20000	hit	221
A_HP_40	48	Pulse	99	3268787	8335	1
A_HP_40	48	Response	2	3274546	14094	1
A_HP_40	48	Pulse	99	3288867	28415	1
A_HP_40	49	Picture	response167	3290995	144	1	20158	1	0	20000	hit	224
A_HP_40	49	Response	2	3308656	17804	1
A_HP_40	49	Pulse	99	3308866	18015	1
A_HP_40	50	Picture	response164	3321315	63	1	20157	1	0	20000	hit	228
A_HP_40	50	Pulse	99	3328787	7535	1
A_HP_40	50	Response	1	3329505	8253	1
A_HP_40	50	Pulse	99	3348867	27615	1
A_HP_40	51	Picture	response162	3351801	149	1	20158	1	0	20000	hit	231
A_HP_40	51	Response	4	3367036	15384	1
A_HP_40	51	Pulse	99	3368867	17215	1
A_HP_40	52	Picture	response166	3382121	69	1	20157	1	0	20000	hit	235
A_HP_40	52	Pulse	99	3388867	6815	1
A_HP_40	52	Response	4	3390335	8283	1
A_HP_40	52	Pulse	99	3408867	26815	1
A_HP_40	53	Picture	ins19	3412607	155	1	30153	1	0	30000	other	0
A_HP_40	53	Pulse	99	3428867	16415	1
A_HP_40	53	Pulse	99	3448867	36415	1
A_HP_40	53	Pulse	99	3468867	56415	1
A_HP_40	53	Pulse	99	3488867	76415	1
A_HP_40	53	Pulse	99	3508867	96415	1
A_HP_40	53	Pulse	99	3528867	116415	1
A_HP_40	53	Pulse	99	3548867	136415	1
A_HP_40	53	Pulse	99	3568867	156415	1
A_HP_40	53	Pulse	99	3588787	176335	1
A_HP_40	53	Pulse	99	3608867	196415	1
A_HP_40	53	Pulse	99	3628867	216415	1
A_HP_40	53	Pulse	99	3648787	236335	1
A_HP_40	53	Pulse	99	3668867	256415	1
A_HP_40	53	Pulse	99	3688867	276415	1
A_HP_40	53	Pulse	99	3708787	296335	1
A_HP_40	54	Response	5	3728867	6234	1
A_HP_40	54	Pulse	99	3728867	6234	1
A_HP_40	55	Picture	response147	3729297	45	1	20158	1	0	20000	hit	256
A_HP_40	55	Response	3	3747866	18614	1
A_HP_40	55	Pulse	99	3748867	19615	1
A_HP_40	56	Picture	response148	3759783	131	1	20158	1	0	20000	hit	260
A_HP_40	56	Pulse	99	3768787	9135	1
A_HP_40	56	Response	2	3773616	13964	1
A_HP_40	56	Pulse	99	3788867	29215	1
A_HP_40	57	Picture	response152	3790103	51	1	20158	1	0	20000	hit	263
A_HP_40	57	Response	2	3798136	8084	1
A_HP_40	57	Pulse	99	3808867	18815	1
A_HP_40	58	Picture	response150	3820589	137	1	20158	1	0	20000	hit	267
A_HP_40	58	Pulse	99	3828787	8335	1
A_HP_40	58	Response	4	3847196	26744	1
A_HP_40	58	Pulse	99	3848867	28415	1
A_HP_40	59	Picture	response146	3850909	57	1	20158	1	0	20000	hit	270
A_HP_40	59	Response	1	3868456	17604	1
A_HP_40	59	Pulse	99	3868867	18015	1
A_HP_40	60	Picture	response145	3881395	143	1	20158	1	0	20000	hit	273
A_HP_40	60	Response	1	3886326	5074	1
A_HP_40	60	Pulse	99	3888787	7535	1
A_HP_40	60	Pulse	99	3908867	27615	1
A_HP_40	61	Picture	response149	3911715	62	1	20158	1	0	20000	hit	277
A_HP_40	61	Response	3	3923616	11964	1
A_HP_40	61	Pulse	99	3928867	17215	1
A_HP_40	62	Picture	response151	3942201	149	1	20158	1	0	20000	hit	281
A_HP_40	62	Pulse	99	3948787	6735	1
A_HP_40	62	Response	2	3962076	20024	1
A_HP_40	62	Pulse	99	3968867	26815	1
A_HP_40	63	Picture	ins13	3972520	68	1	30153	1	0	30000	other	0
A_HP_40	63	Pulse	99	3988867	16415	1
A_HP_40	63	Pulse	99	4008787	36335	1
A_HP_40	63	Pulse	99	4028787	56335	1
A_HP_40	63	Pulse	99	4048867	76415	1
A_HP_40	63	Pulse	99	4068787	96335	1
A_HP_40	63	Pulse	99	4088787	116335	1
A_HP_40	63	Pulse	99	4108867	136415	1
A_HP_40	63	Pulse	99	4128787	156335	1
A_HP_40	63	Pulse	99	4148788	176335	1
A_HP_40	63	Pulse	99	4168867	196415	1
A_HP_40	63	Pulse	99	4188868	216415	1
A_HP_40	63	Pulse	99	4208788	236335	1
A_HP_40	63	Pulse	99	4228868	256415	1
A_HP_40	63	Pulse	99	4248867	276415	1
A_HP_40	63	Pulse	99	4268787	296335	1
A_HP_40	64	Response	5	4288868	6321	1
A_HP_40	64	Pulse	99	4288868	6321	1
A_HP_40	65	Picture	response98	4289377	125	1	20158	1	0	20000	hit	303
A_HP_40	65	Pulse	99	4308868	19615	1
A_HP_40	65	Response	2	4310866	21614	1
A_HP_40	66	Picture	response101	4319697	44	1	20158	1	0	20000	hit	306
A_HP_40	66	Pulse	99	4328788	9135	1
A_HP_40	66	Response	2	4331516	11863	1
A_HP_40	66	Pulse	99	4348871	29218	1
A_HP_40	67	Picture	response99	4350183	130	1	20158	1	0	20000	hit	309
A_HP_40	67	Response	3	4358556	8504	1
A_HP_40	67	Pulse	99	4368867	18815	1
A_HP_40	68	Picture	response104	4380502	50	1	20157	1	0	20000	hit	312
A_HP_40	68	Response	2	4387696	7244	1
A_HP_40	68	Pulse	99	4388787	8335	1
A_HP_40	68	Pulse	99	4408867	28415	1
A_HP_40	69	Picture	response102	4410989	136	1	20157	1	0	20000	hit	316
A_HP_40	69	Response	2	4417556	6704	1
A_HP_40	69	Pulse	99	4428868	18015	1
A_HP_40	70	Picture	response103	4441308	56	1	20157	1	0	20000	hit	320
A_HP_40	70	Pulse	99	4448787	7535	1
A_HP_40	70	Response	2	4449156	7904	1
A_HP_40	70	Pulse	99	4468867	27615	1
A_HP_40	71	Picture	response100	4471794	142	1	20158	1	0	20000	hit	323
A_HP_40	71	Response	2	4483496	11844	1
A_HP_40	71	Pulse	99	4488867	17215	1
A_HP_40	72	Picture	response97	4502114	61	1	20158	1	0	20000	hit	326
A_HP_40	72	Response	3	4508427	6374	1
A_HP_40	72	Pulse	99	4508787	6734	1
A_HP_40	72	Pulse	99	4528787	26735	1
A_HP_40	73	Picture	ins9	4532600	148	1	30153	1	0	30000	other	0
A_HP_40	73	Pulse	99	4548868	16415	1
A_HP_40	73	Pulse	99	4568788	36335	1
A_HP_40	73	Pulse	99	4588788	56335	1
A_HP_40	73	Pulse	99	4608868	76415	1
A_HP_40	73	Pulse	99	4628788	96335	1
A_HP_40	73	Pulse	99	4648788	116335	1
A_HP_40	73	Pulse	99	4668868	136415	1
A_HP_40	73	Pulse	99	4688788	156336	1
A_HP_40	73	Pulse	99	4708788	176335	1
A_HP_40	73	Pulse	99	4728869	196416	1
A_HP_40	73	Pulse	99	4748788	216335	1
A_HP_40	73	Pulse	99	4768788	236335	1
A_HP_40	73	Pulse	99	4788868	256415	1
A_HP_40	73	Pulse	99	4808788	276335	1
A_HP_40	73	Pulse	99	4828788	296335	1
A_HP_40	74	Response	5	4848868	6241	1
A_HP_40	74	Pulse	99	4848868	6241	1
A_HP_40	75	Picture	response68	4849290	38	1	20157	1	0	20000	hit	348
A_HP_40	75	Response	2	4868217	18964	1
A_HP_40	75	Pulse	99	4868788	19535	1
A_HP_40	76	Picture	response67	4879776	124	1	20158	1	0	20000	hit	352
A_HP_40	76	Pulse	99	4888788	9135	1
A_HP_40	76	Response	2	4898586	18934	1
A_HP_40	76	Pulse	99	4908868	29215	1
A_HP_40	77	Picture	response70	4910096	44	1	20158	1	0	20000	hit	355
A_HP_40	77	Response	2	4928177	18124	1
A_HP_40	77	Pulse	99	4928787	18735	1
A_HP_40	78	Picture	response65	4940582	130	1	20158	1	0	20000	hit	358
A_HP_40	78	Response	1	4948557	8104	1
A_HP_40	78	Pulse	99	4948787	8334	1
A_HP_40	78	Pulse	99	4968788	28335	1
A_HP_40	79	Picture	response71	4970902	49	1	20158	1	0	20000	hit	362
A_HP_40	79	Response	2	4979497	8644	1
A_HP_40	79	Pulse	99	4988868	18015	1
A_HP_40	80	Picture	response72	5001388	135	1	20158	1	0	20000	hit	366
A_HP_40	80	Pulse	99	5008788	7535	1
A_HP_40	80	Response	1	5017707	16454	1
A_HP_40	80	Pulse	99	5028788	27535	1
A_HP_40	81	Picture	response66	5031708	55	1	20158	1	0	20000	hit	369
A_HP_40	81	Response	2	5041577	9924	1
A_HP_40	81	Pulse	99	5048868	17215	1
A_HP_40	82	Picture	response69	5062194	141	1	20158	1	0	20000	hit	373
A_HP_40	82	Pulse	99	5068788	6735	1
A_HP_40	82	Response	2	5076397	14344	1
A_HP_40	82	Pulse	99	5088788	26735	1
A_HP_40	83	Picture	ins11	5092514	61	1	30153	1	0	30000	other	0
A_HP_40	83	Pulse	99	5108868	16415	1
A_HP_40	83	Pulse	99	5128788	36335	1
A_HP_40	83	Pulse	99	5148788	56335	1
A_HP_40	83	Pulse	99	5168868	76415	1
A_HP_40	83	Pulse	99	5188788	96335	1
A_HP_40	83	Pulse	99	5208788	116335	1
A_HP_40	83	Pulse	99	5228868	136415	1
A_HP_40	83	Pulse	99	5248788	156335	1
A_HP_40	83	Pulse	99	5268788	176335	1
A_HP_40	83	Pulse	99	5288868	196415	1
A_HP_40	83	Pulse	99	5308788	216335	1
A_HP_40	83	Pulse	99	5328788	236335	1
A_HP_40	83	Pulse	99	5348868	256415	1
A_HP_40	83	Pulse	99	5368788	276335	1
A_HP_40	83	Pulse	99	5388788	296335	1
A_HP_40	84	Response	5	5408788	6248	1
A_HP_40	84	Pulse	99	5408788	6248	1
A_HP_40	85	Picture	response87	5409204	51	1	20158	1	0	20000	hit	394
A_HP_40	85	Response	3	5419307	10154	1
A_HP_40	85	Pulse	99	5428788	19635	1
A_HP_40	86	Picture	response83	5439690	137	1	20158	1	0	20000	hit	397
A_HP_40	86	Response	3	5448767	9214	1
A_HP_40	86	Pulse	99	5448787	9234	1
A_HP_40	86	Pulse	99	5468788	29235	1
A_HP_40	87	Picture	response88	5470010	56	1	20158	1	0	20000	hit	401
A_HP_40	87	Response	3	5486367	16414	1
A_HP_40	87	Pulse	99	5488788	18834	1
A_HP_40	88	Picture	response84	5500496	143	1	20158	1	0	20000	hit	405
A_HP_40	88	Pulse	99	5508788	8435	1
A_HP_40	88	Response	1	5508797	8444	1
A_HP_40	88	Pulse	99	5528788	28435	1
A_HP_40	89	Picture	response82	5530815	62	1	20158	1	0	20000	hit	409
A_HP_40	89	Pulse	99	5548788	18035	1
A_HP_40	89	Response	3	5549236	18483	1
A_HP_40	90	Picture	response81	5561302	148	1	20158	1	0	20000	hit	412
A_HP_40	90	Pulse	99	5568789	7636	1
A_HP_40	90	Response	1	5572607	11454	1
A_HP_40	90	Pulse	99	5588788	27635	1
A_HP_40	91	Picture	response86	5591621	68	1	20158	1	0	20000	hit	415
A_HP_40	91	Response	1	5605187	13634	1
A_HP_40	91	Pulse	99	5608788	17235	1
A_HP_40	92	Picture	response85	5622107	154	1	20158	1	0	20000	hit	419
A_HP_40	92	Pulse	99	5628788	6835	1
A_HP_40	92	Response	1	5635847	13894	1
A_HP_40	92	Pulse	99	5648788	26835	1
A_HP_40	93	Picture	ins5	5652427	74	1	30153	1	0	30000	other	0
A_HP_40	93	Pulse	99	5668788	16435	1
A_HP_40	93	Pulse	99	5688788	36435	1
A_HP_40	93	Pulse	99	5708788	56435	1
A_HP_40	93	Pulse	99	5728788	76435	1
A_HP_40	93	Pulse	99	5748788	96435	1
A_HP_40	93	Pulse	99	5768788	116435	1
A_HP_40	93	Pulse	99	5788868	136515	1
A_HP_40	93	Pulse	99	5808788	156435	1
A_HP_40	93	Pulse	99	5828788	176435	1
A_HP_40	93	Pulse	99	5848788	196435	1
A_HP_40	93	Pulse	99	5868789	216435	1
A_HP_40	93	Pulse	99	5888789	236435	1
A_HP_40	93	Pulse	99	5908789	256435	1
A_HP_40	93	Pulse	99	5928788	276435	1
A_HP_40	93	Pulse	99	5948788	296435	1
A_HP_40	94	Response	5	5968788	6335	1
A_HP_40	94	Pulse	99	5968788	6335	1
A_HP_40	95	Picture	response33	5969284	130	1	20157	1	0	20000	hit	440
A_HP_40	95	Response	3	5978137	8984	1
A_HP_40	95	Pulse	99	5988788	19635	1
A_HP_40	96	Picture	response37	5999603	50	1	20158	1	0	20000	hit	443
A_HP_40	96	Response	3	6005397	5844	1
A_HP_40	96	Pulse	99	6008788	9235	1
A_HP_40	96	Pulse	99	6028789	29235	1
A_HP_40	97	Picture	response36	6030090	136	1	20158	1	0	20000	hit	448
A_HP_40	97	Pulse	99	6048789	18835	1
A_HP_40	97	Response	3	6050187	20234	1
A_HP_40	98	Picture	response34	6060409	56	1	20158	1	0	20000	hit	451
A_HP_40	98	Pulse	99	6068788	8435	1
A_HP_40	98	Response	3	6073147	12794	1
A_HP_40	98	Pulse	99	6088789	28435	1
A_HP_40	99	Picture	response40	6090895	142	1	20158	1	0	20000	hit	454
A_HP_40	99	Response	3	6098698	7944	1
A_HP_40	99	Pulse	99	6108789	18035	1
A_HP_40	100	Picture	response35	6121215	61	1	20158	1	0	20000	hit	458
A_HP_40	100	Pulse	99	6128789	7635	1
A_HP_40	100	Response	3	6133087	11934	1
A_HP_40	100	Pulse	99	6148788	27635	1
A_HP_40	101	Picture	response39	6151701	148	1	20158	1	0	20000	hit	461
A_HP_40	101	Response	3	6156747	5194	1
A_HP_40	101	Pulse	99	6168789	17235	1
A_HP_40	102	Picture	response38	6182021	67	1	20158	1	0	20000	hit	465
A_HP_40	102	Pulse	99	6188789	6835	1
A_HP_40	102	Response	3	6190247	8293	1
A_HP_40	102	Pulse	99	6208788	26835	1
A_HP_40	103	Picture	ins3	6212507	153	1	30153	1	0	30000	other	0
A_HP_40	103	Pulse	99	6228789	16435	1
A_HP_40	103	Pulse	99	6248789	36435	1
A_HP_40	103	Pulse	99	6268789	56435	1
A_HP_40	103	Pulse	99	6288789	76435	1
A_HP_40	103	Pulse	99	6308789	96435	1
A_HP_40	103	Pulse	99	6328789	116435	1
A_HP_40	103	Pulse	99	6348789	136435	1
A_HP_40	103	Pulse	99	6368789	156435	1
A_HP_40	103	Pulse	99	6388789	176435	1
A_HP_40	103	Pulse	99	6408789	196435	1
A_HP_40	103	Pulse	99	6428789	216435	1
A_HP_40	103	Pulse	99	6448789	236435	1
A_HP_40	103	Pulse	99	6468789	256435	1
A_HP_40	103	Pulse	99	6488789	276435	1
A_HP_40	103	Pulse	99	6508789	296435	1
A_HP_40	104	Response	5	6528789	6255	1
A_HP_40	104	Pulse	99	6528789	6255	1
A_HP_40	105	Picture	response22	6529197	43	1	20158	1	0	20000	hit	486
A_HP_40	105	Response	2	6536197	7044	1
A_HP_40	105	Pulse	99	6548789	19635	1
A_HP_40	106	Picture	response24	6559683	129	1	20158	1	0	20000	miss	0
A_HP_40	106	Pulse	99	6568789	9235	1
A_HP_40	106	Pulse	99	6588789	29235	1
A_HP_40	107	Picture	response23	6590003	49	1	20157	1	0	20000	hit	493
A_HP_40	107	Pulse	99	6608789	18835	1
A_HP_40	107	Response	2	6617877	27924	1
A_HP_40	108	Picture	response19	6620489	135	1	20158	1	0	20000	hit	496
A_HP_40	108	Pulse	99	6628789	8435	1
A_HP_40	108	Response	2	6640927	20574	1
A_HP_40	108	Pulse	99	6648789	28435	1
A_HP_40	109	Picture	response20	6650809	55	1	20158	1	0	20000	hit	499
A_HP_40	109	Response	2	6666268	15514	1
A_HP_40	109	Pulse	99	6668788	18034	1
A_HP_40	110	Picture	response21	6681295	141	1	20158	1	0	20000	hit	502
A_HP_40	110	Response	2	6687268	6114	1
A_HP_40	110	Pulse	99	6688788	7635	1
A_HP_40	110	Pulse	99	6708789	27635	1
A_HP_40	111	Picture	response18	6711615	61	1	20157	1	0	20000	hit	506
A_HP_40	111	Response	2	6715158	3604	1
A_HP_40	111	Pulse	99	6728789	17235	1
A_HP_40	112	Picture	response17	6742101	147	1	20158	1	0	20000	hit	509
A_HP_40	112	Response	2	6747368	5414	1
A_HP_40	112	Pulse	99	6748789	6835	1
A_HP_40	112	Pulse	99	6768789	26835	1
A_HP_40	113	Picture	ins15	6772420	66	1	30153	1	0	30000	other	0
A_HP_40	113	Pulse	99	6788789	16435	1
A_HP_40	113	Pulse	99	6808789	36435	1
A_HP_40	113	Pulse	99	6828789	56435	1
A_HP_40	113	Pulse	99	6848789	76435	1
A_HP_40	113	Pulse	99	6868789	96435	1
A_HP_40	113	Pulse	99	6888789	116435	1
A_HP_40	113	Pulse	99	6908789	136435	1
A_HP_40	113	Pulse	99	6928789	156435	1
A_HP_40	113	Pulse	99	6948789	176435	1
A_HP_40	113	Pulse	99	6968789	196435	1
A_HP_40	113	Pulse	99	6988789	216435	1
A_HP_40	113	Pulse	99	7008789	236435	1
A_HP_40	113	Pulse	99	7028789	256435	1
A_HP_40	113	Pulse	99	7048789	276435	1
A_HP_40	113	Pulse	99	7068789	296435	1
A_HP_40	114	Response	5	7088789	6342	1
A_HP_40	114	Pulse	99	7088789	6342	1
A_HP_40	115	Picture	response118	7089277	123	1	20158	1	0	20000	hit	531
A_HP_40	115	Response	2	7102898	13744	1
A_HP_40	115	Pulse	99	7108789	19635	1
A_HP_40	116	Picture	response117	7119597	43	1	20158	1	0	20000	hit	534
A_HP_40	116	Response	4	7125558	6004	1
A_HP_40	116	Pulse	99	7128789	9235	1
A_HP_40	116	Pulse	99	7148789	29235	1
A_HP_40	117	Picture	response114	7150083	129	1	20158	1	0	20000	hit	538
A_HP_40	117	Response	4	7158388	8434	1
A_HP_40	117	Pulse	99	7168789	18835	1
A_HP_40	118	Picture	response113	7180402	48	1	20158	1	0	20000	hit	542
A_HP_40	118	Pulse	99	7188789	8435	1
A_HP_40	118	Response	2	7193658	13304	1
A_HP_40	118	Pulse	99	7208789	28435	1
A_HP_40	119	Picture	response119	7210889	134	1	20158	1	0	20000	hit	545
A_HP_40	119	Response	4	7224678	13924	1
A_HP_40	119	Pulse	99	7228789	18035	1
A_HP_40	120	Picture	response116	7241208	54	1	20157	1	0	20000	hit	549
A_HP_40	120	Pulse	99	7248789	7635	1
A_HP_40	120	Response	4	7251188	10034	1
A_HP_40	120	Pulse	99	7268789	27635	1
A_HP_40	121	Picture	response120	7271694	140	1	20158	1	0	20000	hit	552
A_HP_40	121	Response	4	7286898	15344	1
A_HP_40	121	Pulse	99	7288789	17235	1
A_HP_40	122	Picture	response115	7302014	60	1	20157	1	0	20000	hit	556
A_HP_40	122	Pulse	99	7308789	6835	1
A_HP_40	122	Response	2	7309467	7513	1
A_HP_40	122	Pulse	99	7328789	26835	1
A_HP_40	123	Picture	thanks	7332000	0	1	10162	1	0	10000	other	0
A_HP_40	123	Pulse	99	7348789	16789	1


Event Type	Code	Type	Response	RT	RT Uncertainty	Time	Uncertainty	Duration	Uncertainty	ReqTime	ReqDur

Picture	ready	other				548903	1	10162	1	0	10000
Picture	ins17	other				609375	1	30153	1	0	30000
Picture	response129	hit	1	22137	2	929397	1	20158	1	0	20000
Picture	response131	hit	2	16748	2	959716	1	20158	1	0	20000
Picture	response134	hit	4	10322	2	990203	1	20158	1	0	20000
Picture	response135	hit	1	11451	2	1020523	1	20158	1	0	20000
Picture	response136	hit	4	21696	2	1051009	1	20158	1	0	20000
Picture	response130	hit	1	17156	2	1081328	1	20158	1	0	20000
Picture	response133	hit	1	10950	2	1111815	1	20157	1	0	20000
Picture	response132	hit	4	16260	2	1142134	1	20158	1	0	20000
Picture	ins7	other				1172620	1	30153	1	0	30000
Picture	response50	hit	4	7004	2	1489310	1	20158	1	0	20000
Picture	response49	hit	4	9317	2	1519797	1	20157	1	0	20000
Picture	response51	hit	4	9188	2	1550116	1	20158	1	0	20000
Picture	response52	hit	4	5792	2	1580603	1	20158	1	0	20000
Picture	response56	hit	4	10273	2	1610922	1	20157	1	0	20000
Picture	response54	hit	4	5387	2	1641408	1	20158	1	0	20000
Picture	response55	hit	4	5177	2	1671728	1	20158	1	0	20000
Picture	response53	hit	4	4601	2	1702214	1	20158	1	0	20000
Picture	ins23	other				1732534	1	30153	1	0	30000
Picture	response181	hit	2	15435	2	2049390	1	20158	1	0	20000
Picture	response183	hit	4	10215	2	2079710	1	20158	1	0	20000
Picture	response179	hit	3	18969	2	2110196	1	20158	1	0	20000
Picture	response178	incorrect	4	26429	2	2140516	1	20158	1	0	20000
Picture	response177	hit	1	15303	2	2171002	1	20158	1	0	20000
Picture	response184	hit	3	12693	2	2201322	1	20158	1	0	20000
Picture	response180	hit	1	18608	2	2231808	1	20158	1	0	20000
Picture	response182	hit	2	14927	2	2262128	1	20157	1	0	20000
Picture	ins1	other				2292614	1	30153	1	0	30000
Picture	response2	hit	1	6392	2	2609304	1	20157	1	0	20000
Picture	response5	hit	1	4945	2	2639790	1	20157	1	0	20000
Picture	response6	hit	1	7416	2	2670110	1	20158	1	0	20000
Picture	response4	hit	1	9379	2	2700596	1	20158	1	0	20000
Picture	response7	hit	1	6110	2	2730915	1	20158	1	0	20000
Picture	response3	hit	1	5744	2	2761402	1	20158	1	0	20000
Picture	response1	hit	1	5474	2	2791721	1	20158	1	0	20000
Picture	response8	hit	1	5268	2	2822207	1	20158	1	0	20000
Picture	ins21	other				2852527	1	30153	1	0	30000
Picture	response168	hit	4	16482	2	3169384	1	20158	1	0	20000
Picture	response163	hit	2	15582	2	3199703	1	20158	1	0	20000
Picture	response165	hit	3	16696	2	3230190	1	20158	1	0	20000
Picture	response161	hit	2	14037	2	3260509	1	20157	1	0	20000
Picture	response167	hit	2	17660	2	3290995	1	20158	1	0	20000
Picture	response164	hit	1	8190	2	3321315	1	20157	1	0	20000
Picture	response162	hit	4	15235	2	3351801	1	20158	1	0	20000
Picture	response166	hit	4	8214	2	3382121	1	20157	1	0	20000
Picture	ins19	other				3412607	1	30153	1	0	30000
Picture	response147	hit	3	18569	2	3729297	1	20158	1	0	20000
Picture	response148	hit	2	13833	2	3759783	1	20158	1	0	20000
Picture	response152	hit	2	8033	2	3790103	1	20158	1	0	20000
Picture	response150	hit	4	26607	2	3820589	1	20158	1	0	20000
Picture	response146	hit	1	17547	2	3850909	1	20158	1	0	20000
Picture	response145	hit	1	4931	2	3881395	1	20158	1	0	20000
Picture	response149	hit	3	11902	2	3911715	1	20158	1	0	20000
Picture	response151	hit	2	19875	2	3942201	1	20158	1	0	20000
Picture	ins13	other				3972520	1	30153	1	0	30000
Picture	response98	hit	2	21489	2	4289377	1	20158	1	0	20000
Picture	response101	hit	2	11819	2	4319697	1	20158	1	0	20000
Picture	response99	hit	3	8374	2	4350183	1	20158	1	0	20000
Picture	response104	hit	2	7194	2	4380502	1	20157	1	0	20000
Picture	response102	hit	2	6567	2	4410989	1	20157	1	0	20000
Picture	response103	hit	2	7848	2	4441308	1	20157	1	0	20000
Picture	response100	hit	2	11702	2	4471794	1	20158	1	0	20000
Picture	response97	hit	3	6312	2	4502114	1	20158	1	0	20000
Picture	ins9	other				4532600	1	30153	1	0	30000
Picture	response68	hit	2	18926	2	4849290	1	20157	1	0	20000
Picture	response67	hit	2	18810	2	4879776	1	20158	1	0	20000
Picture	response70	hit	2	18081	2	4910096	1	20158	1	0	20000
Picture	response65	hit	1	7974	2	4940582	1	20158	1	0	20000
Picture	response71	hit	2	8595	2	4970902	1	20158	1	0	20000
Picture	response72	hit	1	16318	2	5001388	1	20158	1	0	20000
Picture	response66	hit	2	9869	2	5031708	1	20158	1	0	20000
Picture	response69	hit	2	14203	2	5062194	1	20158	1	0	20000
Picture	ins11	other				5092514	1	30153	1	0	30000
Picture	response87	hit	3	10103	2	5409204	1	20158	1	0	20000
Picture	response83	hit	3	9077	2	5439690	1	20158	1	0	20000
Picture	response88	hit	3	16357	2	5470010	1	20158	1	0	20000
Picture	response84	hit	1	8301	2	5500496	1	20158	1	0	20000
Picture	response82	hit	3	18421	2	5530815	1	20158	1	0	20000
Picture	response81	hit	1	11305	2	5561302	1	20158	1	0	20000
Picture	response86	hit	1	13566	2	5591621	1	20158	1	0	20000
Picture	response85	hit	1	13739	2	5622107	1	20158	1	0	20000
Picture	ins5	other				5652427	1	30153	1	0	30000
Picture	response33	hit	3	8853	2	5969284	1	20157	1	0	20000
Picture	response37	hit	3	5794	2	5999603	1	20158	1	0	20000
Picture	response36	hit	3	20098	2	6030090	1	20158	1	0	20000
Picture	response34	hit	3	12738	2	6060409	1	20158	1	0	20000
Picture	response40	hit	3	7802	2	6090895	1	20158	1	0	20000
Picture	response35	hit	3	11872	2	6121215	1	20158	1	0	20000
Picture	response39	hit	3	5046	2	6151701	1	20158	1	0	20000
Picture	response38	hit	3	8226	2	6182021	1	20158	1	0	20000
Picture	ins3	other				6212507	1	30153	1	0	30000
Picture	response22	hit	2	7000	2	6529197	1	20158	1	0	20000
Picture	response24	miss				6559683	1	20158	1	0	20000
Picture	response23	hit	2	27874	2	6590003	1	20157	1	0	20000
Picture	response19	hit	2	20438	2	6620489	1	20158	1	0	20000
Picture	response20	hit	2	15459	2	6650809	1	20158	1	0	20000
Picture	response21	hit	2	5973	2	6681295	1	20158	1	0	20000
Picture	response18	hit	2	3543	2	6711615	1	20157	1	0	20000
Picture	response17	hit	2	5267	2	6742101	1	20158	1	0	20000
Picture	ins15	other				6772420	1	30153	1	0	30000
Picture	response118	hit	2	13621	2	7089277	1	20158	1	0	20000
Picture	response117	hit	4	5961	2	7119597	1	20158	1	0	20000
Picture	response114	hit	4	8305	2	7150083	1	20158	1	0	20000
Picture	response113	hit	2	13255	2	7180402	1	20158	1	0	20000
Picture	response119	hit	4	13789	2	7210889	1	20158	1	0	20000
Picture	response116	hit	4	9979	2	7241208	1	20157	1	0	20000
Picture	response120	hit	4	15204	2	7271694	1	20158	1	0	20000
Picture	response115	hit	2	7453	2	7302014	1	20157	1	0	20000
Picture	thanks	other				7332000	1	10162	1	0	10000


{
   "app": "Presentation Version 21.1 Build 09.05.19",
   "device": "LENOVO 20FBCTO1WW",
   "experiment": "{C0C68DB1-10BA-42F2-8F79-3F2AFFEED4E4}",
   "os": "Windows 10 64 bit",
   "package": "",
   "parameters": {
      "configuration": "Default configuration"
   },
   "scenario": "Response experiment(1).sce",
   "subject": "A_HP_40",
   "timestamp": "2019/12/19 02:36:06 GMT"
}
