Scenario - 
Logfile written - 11/08/2019 13:49:09

Subject	Trial	Event Type	Code	Time	TTime	Uncertainty	Duration	Uncertainty	ReqTime	ReqDur	Stim Type	Pair Index

A_HP_27	1	Response	5	673133	671967	1
A_HP_27	1	Pulse	99	673133	671967	1
A_HP_27	2	Picture	ready	673365	0	1	10230	1	0	10000	other	0
A_HP_27	2	Pulse	99	693133	19768	1
A_HP_27	2	Pulse	99	713053	39688	1
A_HP_27	2	Pulse	99	733133	59768	1
A_HP_27	3	Picture	ins13	733917	232	1	30229	1	0	30000	other	0
A_HP_27	3	Pulse	99	753133	19448	1
A_HP_27	3	Pulse	99	773053	39368	1
A_HP_27	3	Pulse	99	793053	59367	1
A_HP_27	3	Pulse	99	813133	79448	1
A_HP_27	3	Pulse	99	833053	99368	1
A_HP_27	3	Pulse	99	853053	119368	1
A_HP_27	3	Pulse	99	873133	139447	1
A_HP_27	3	Pulse	99	893053	159367	1
A_HP_27	3	Pulse	99	913053	179367	1
A_HP_27	3	Pulse	99	933133	199448	1
A_HP_27	3	Pulse	99	953053	219368	1
A_HP_27	3	Pulse	99	973053	239367	1
A_HP_27	3	Pulse	99	993133	259447	1
A_HP_27	3	Pulse	99	1013052	279367	1
A_HP_27	3	Pulse	99	1033053	299367	1
A_HP_27	4	Response	5	1053133	9217	1
A_HP_27	4	Pulse	99	1053133	9217	1
A_HP_27	5	Picture	response97	1053714	230	1	20229	1	0	20000	hit	26
A_HP_27	5	Response	3	1060601	7117	1
A_HP_27	5	Pulse	99	1073053	19568	1
A_HP_27	6	Picture	response104	1084172	288	1	20229	1	0	20000	hit	29
A_HP_27	6	Response	2	1091411	7527	1
A_HP_27	6	Pulse	99	1093052	9167	1
A_HP_27	6	Pulse	99	1113133	29248	1
A_HP_27	7	Picture	response102	1114464	180	1	20229	1	0	20000	hit	33
A_HP_27	7	Response	2	1120571	6286	1
A_HP_27	7	Pulse	99	1133053	18768	1
A_HP_27	8	Picture	response100	1144922	238	1	20229	1	0	20000	hit	36
A_HP_27	8	Response	2	1151231	6547	1
A_HP_27	8	Pulse	99	1153052	8368	1
A_HP_27	8	Pulse	99	1173133	28448	1
A_HP_27	9	Picture	response99	1175214	129	1	20229	1	0	20000	hit	40
A_HP_27	9	Response	3	1180961	5877	1
A_HP_27	9	Pulse	99	1193052	17968	1
A_HP_27	10	Picture	response103	1205672	188	1	20229	1	0	20000	hit	43
A_HP_27	10	Response	2	1213031	7547	1
A_HP_27	10	Pulse	99	1213052	7567	1
A_HP_27	10	Pulse	99	1233133	27648	1
A_HP_27	11	Picture	response101	1236130	246	1	20229	1	0	20000	hit	47
A_HP_27	11	Response	2	1241511	5627	1
A_HP_27	11	Pulse	99	1253052	17168	1
A_HP_27	12	Picture	response98	1266422	138	1	20229	1	0	20000	hit	51
A_HP_27	12	Pulse	99	1273053	6769	1
A_HP_27	12	Response	2	1273711	7426	1
A_HP_27	12	Pulse	99	1293132	26848	1
A_HP_27	13	Picture	ins9	1296880	196	1	30230	1	0	30000	other	0
A_HP_27	13	Pulse	99	1313053	16368	1
A_HP_27	13	Pulse	99	1333052	36368	1
A_HP_27	13	Pulse	99	1353132	56448	1
A_HP_27	13	Pulse	99	1373052	76368	1
A_HP_27	13	Pulse	99	1393052	96368	1
A_HP_27	13	Pulse	99	1413132	116448	1
A_HP_27	13	Pulse	99	1433053	136368	1
A_HP_27	13	Pulse	99	1453053	156368	1
A_HP_27	13	Pulse	99	1473132	176448	1
A_HP_27	13	Pulse	99	1493053	196368	1
A_HP_27	13	Pulse	99	1513052	216368	1
A_HP_27	13	Pulse	99	1533132	236448	1
A_HP_27	13	Pulse	99	1553053	256368	1
A_HP_27	13	Pulse	99	1573053	276368	1
A_HP_27	13	Pulse	99	1593132	296448	1
A_HP_27	14	Response	5	1613052	6138	1
A_HP_27	14	Pulse	99	1613052	6138	1
A_HP_27	15	Picture	response70	1613614	230	1	20229	1	0	20000	hit	72
A_HP_27	15	Response	2	1619991	6607	1
A_HP_27	15	Pulse	99	1633052	19668	1
A_HP_27	16	Picture	response66	1643906	122	1	20229	1	0	20000	hit	75
A_HP_27	16	Response	2	1650571	6787	1
A_HP_27	16	Pulse	99	1653132	9348	1
A_HP_27	16	Pulse	99	1673052	29268	1
A_HP_27	17	Picture	response67	1674531	348	1	20229	1	0	20000	hit	79
A_HP_27	17	Response	2	1683971	9788	1
A_HP_27	17	Pulse	99	1693052	18869	1
A_HP_27	18	Picture	response65	1704823	239	1	20229	1	0	20000	hit	82
A_HP_27	18	Response	1	1710891	6307	1
A_HP_27	18	Pulse	99	1713052	8468	1
A_HP_27	18	Pulse	99	1733052	28468	1
A_HP_27	19	Picture	response72	1735114	130	1	20229	1	0	20000	hit	86
A_HP_27	19	Response	1	1744901	9917	1
A_HP_27	19	Pulse	99	1753053	18069	1
A_HP_27	20	Picture	response71	1765573	189	1	20229	1	0	20000	hit	90
A_HP_27	20	Pulse	99	1773052	7668	1
A_HP_27	20	Response	2	1773301	7917	1
A_HP_27	20	Pulse	99	1793052	27668	1
A_HP_27	21	Picture	response68	1796031	247	1	20229	1	0	20000	hit	93
A_HP_27	21	Response	2	1803361	7577	1
A_HP_27	21	Pulse	99	1813052	17268	1
A_HP_27	22	Picture	response69	1826490	306	1	20229	1	0	20000	hit	97
A_HP_27	22	Pulse	99	1833052	6868	1
A_HP_27	22	Response	2	1836411	10227	1
A_HP_27	22	Pulse	99	1853052	26868	1
A_HP_27	23	Picture	ins19	1856781	197	1	30229	1	0	30000	other	0
A_HP_27	23	Pulse	99	1873052	16469	1
A_HP_27	23	Pulse	99	1893052	36468	1
A_HP_27	23	Pulse	99	1913052	56468	1
A_HP_27	23	Pulse	99	1933052	76468	1
A_HP_27	23	Pulse	99	1953052	96468	1
A_HP_27	23	Pulse	99	1973052	116468	1
A_HP_27	23	Pulse	99	1993052	136468	1
A_HP_27	23	Pulse	99	2013052	156468	1
A_HP_27	23	Pulse	99	2033052	176468	1
A_HP_27	23	Pulse	99	2053052	196468	1
A_HP_27	23	Pulse	99	2073052	216468	1
A_HP_27	23	Pulse	99	2093052	236468	1
A_HP_27	23	Pulse	99	2113052	256468	1
A_HP_27	23	Pulse	99	2133052	276468	1
A_HP_27	23	Pulse	99	2153052	296468	1
A_HP_27	24	Response	5	2173052	6238	1
A_HP_27	24	Pulse	99	2173052	6238	1
A_HP_27	25	Picture	response146	2173614	230	1	20229	1	0	20000	hit	118
A_HP_27	25	Response	1	2187781	14397	1
A_HP_27	25	Pulse	99	2193052	19668	1
A_HP_27	26	Picture	response145	2203906	122	1	20229	1	0	20000	hit	122
A_HP_27	26	Pulse	99	2213052	9268	1
A_HP_27	26	Response	1	2215820	12036	1
A_HP_27	26	Pulse	99	2233052	29268	1
A_HP_27	27	Picture	response148	2234531	347	1	20229	1	0	20000	hit	125
A_HP_27	27	Response	2	2248721	14537	1
A_HP_27	27	Pulse	99	2253051	18867	1
A_HP_27	28	Picture	response151	2264822	239	1	20229	1	0	20000	hit	129
A_HP_27	28	Pulse	99	2273052	8469	1
A_HP_27	28	Response	2	2275230	10646	1
A_HP_27	28	Pulse	99	2293052	28468	1
A_HP_27	29	Picture	response152	2295114	130	1	20229	1	0	20000	hit	132
A_HP_27	29	Response	2	2307511	12527	1
A_HP_27	29	Pulse	99	2313052	18068	1
A_HP_27	30	Picture	response147	2325573	189	1	20229	1	0	20000	hit	136
A_HP_27	30	Pulse	99	2333132	7748	1
A_HP_27	30	Response	3	2335831	10447	1
A_HP_27	30	Pulse	99	2353052	27668	1
A_HP_27	31	Picture	response150	2356031	247	1	20229	1	0	20000	hit	139
A_HP_27	31	Response	4	2366911	11127	1
A_HP_27	31	Pulse	99	2373051	17268	1
A_HP_27	32	Picture	response149	2386489	306	1	20229	1	0	20000	hit	143
A_HP_27	32	Pulse	99	2393132	6948	1
A_HP_27	32	Response	3	2400141	13957	1
A_HP_27	32	Pulse	99	2413052	26868	1
A_HP_27	33	Picture	ins21	2416781	198	1	30229	1	0	30000	other	0
A_HP_27	33	Pulse	99	2433052	16468	1
A_HP_27	33	Pulse	99	2453132	36548	1
A_HP_27	33	Pulse	99	2473052	56468	1
A_HP_27	33	Pulse	99	2493052	76468	1
A_HP_27	33	Pulse	99	2513132	96548	1
A_HP_27	33	Pulse	99	2533052	116468	1
A_HP_27	33	Pulse	99	2553052	136468	1
A_HP_27	33	Pulse	99	2573052	156468	1
A_HP_27	33	Pulse	99	2593051	176468	1
A_HP_27	33	Pulse	99	2613052	196468	1
A_HP_27	33	Pulse	99	2633052	216469	1
A_HP_27	33	Pulse	99	2653052	236468	1
A_HP_27	33	Pulse	99	2673052	256469	1
A_HP_27	33	Pulse	99	2693052	276469	1
A_HP_27	33	Pulse	99	2713052	296468	1
A_HP_27	34	Response	5	2733052	6238	1
A_HP_27	34	Pulse	99	2733052	6238	1
A_HP_27	35	Picture	response168	2733614	230	1	20229	1	0	20000	hit	164
A_HP_27	35	Response	4	2741261	7877	1
A_HP_27	35	Pulse	99	2753052	19668	1
A_HP_27	36	Picture	response164	2763905	122	1	20229	1	0	20000	hit	168
A_HP_27	36	Pulse	99	2773052	9268	1
A_HP_27	36	Response	1	2776541	12757	1
A_HP_27	36	Pulse	99	2793052	29268	1
A_HP_27	37	Picture	response166	2794530	347	1	20229	1	0	20000	hit	171
A_HP_27	37	Response	4	2807661	13478	1
A_HP_27	37	Pulse	99	2813052	18869	1
A_HP_27	38	Picture	response163	2824822	238	1	20229	1	0	20000	hit	175
A_HP_27	38	Pulse	99	2833052	8468	1
A_HP_27	38	Response	2	2839251	14667	1
A_HP_27	38	Pulse	99	2853052	28468	1
A_HP_27	39	Picture	response165	2855114	130	1	20229	1	0	20000	hit	178
A_HP_27	39	Response	3	2868151	13167	1
A_HP_27	39	Pulse	99	2873051	18068	1
A_HP_27	40	Picture	response162	2885572	188	1	20229	1	0	20000	hit	182
A_HP_27	40	Pulse	99	2893052	7668	1
A_HP_27	40	Response	4	2899591	14207	1
A_HP_27	40	Pulse	99	2913052	27668	1
A_HP_27	41	Picture	response167	2916031	247	1	20229	1	0	20000	hit	185
A_HP_27	41	Response	2	2925691	9907	1
A_HP_27	41	Pulse	99	2933052	17268	1
A_HP_27	42	Picture	response161	2946489	305	1	20229	1	0	20000	hit	189
A_HP_27	42	Pulse	99	2953052	6868	1
A_HP_27	42	Response	2	2955651	9467	1
A_HP_27	42	Pulse	99	2973052	26868	1
A_HP_27	43	Picture	ins23	2976780	197	1	30229	1	0	30000	other	0
A_HP_27	43	Pulse	99	2993052	16468	1
A_HP_27	43	Pulse	99	3013052	36468	1
A_HP_27	43	Pulse	99	3033052	56468	1
A_HP_27	43	Pulse	99	3053052	76468	1
A_HP_27	43	Pulse	99	3073052	96468	1
A_HP_27	43	Pulse	99	3093052	116468	1
A_HP_27	43	Pulse	99	3113052	136468	1
A_HP_27	43	Pulse	99	3133052	156468	1
A_HP_27	43	Pulse	99	3153052	176468	1
A_HP_27	43	Pulse	99	3173052	196468	1
A_HP_27	43	Pulse	99	3193052	216468	1
A_HP_27	43	Pulse	99	3213052	236468	1
A_HP_27	43	Pulse	99	3233052	256468	1
A_HP_27	43	Pulse	99	3253052	276468	1
A_HP_27	43	Pulse	99	3273052	296468	1
A_HP_27	44	Response	5	3293052	6238	1
A_HP_27	44	Pulse	99	3293052	6238	1
A_HP_27	45	Picture	response180	3293614	230	1	20229	1	0	20000	hit	210
A_HP_27	45	Response	1	3302721	9337	1
A_HP_27	45	Pulse	99	3313052	19668	1
A_HP_27	46	Picture	response183	3323905	122	1	20229	1	0	20000	hit	213
A_HP_27	46	Response	4	3331661	7877	1
A_HP_27	46	Pulse	99	3333052	9268	1
A_HP_27	46	Pulse	99	3353052	29268	1
A_HP_27	47	Picture	response178	3354530	347	1	20229	1	0	20000	hit	217
A_HP_27	47	Response	2	3363660	9477	1
A_HP_27	47	Pulse	99	3373051	18868	1
A_HP_27	48	Picture	response182	3384821	238	1	20229	1	0	20000	hit	221
A_HP_27	48	Pulse	99	3393052	8468	1
A_HP_27	48	Response	2	3393090	8507	1
A_HP_27	48	Pulse	99	3413052	28468	1
A_HP_27	49	Picture	response184	3415113	129	1	20229	1	0	20000	hit	224
A_HP_27	49	Response	3	3421880	6897	1
A_HP_27	49	Pulse	99	3433052	18068	1
A_HP_27	50	Picture	response181	3445571	187	1	20229	1	0	20000	hit	228
A_HP_27	50	Pulse	99	3453052	7668	1
A_HP_27	50	Response	2	3458310	12926	1
A_HP_27	50	Pulse	99	3473052	27668	1
A_HP_27	51	Picture	response179	3476030	246	1	20229	1	0	20000	hit	231
A_HP_27	51	Response	3	3486341	10557	1
A_HP_27	51	Pulse	99	3493052	17268	1
A_HP_27	52	Picture	response177	3506488	304	1	20229	1	0	20000	hit	235
A_HP_27	52	Pulse	99	3513052	6868	1
A_HP_27	52	Response	1	3517000	10817	1
A_HP_27	52	Pulse	99	3533052	26868	1
A_HP_27	53	Picture	ins7	3536780	196	1	30229	1	0	30000	other	0
A_HP_27	53	Pulse	99	3553052	16468	1
A_HP_27	53	Pulse	99	3573052	36468	1
A_HP_27	53	Pulse	99	3593052	56468	1
A_HP_27	53	Pulse	99	3613052	76468	1
A_HP_27	53	Pulse	99	3633052	96468	1
A_HP_27	53	Pulse	99	3653052	116468	1
A_HP_27	53	Pulse	99	3673052	136468	1
A_HP_27	53	Pulse	99	3693051	156468	1
A_HP_27	53	Pulse	99	3713051	176468	1
A_HP_27	53	Pulse	99	3733051	196468	1
A_HP_27	53	Pulse	99	3753052	216468	1
A_HP_27	53	Pulse	99	3773052	236468	1
A_HP_27	53	Pulse	99	3793052	256468	1
A_HP_27	53	Pulse	99	3813052	276468	1
A_HP_27	53	Pulse	99	3833052	296469	1
A_HP_27	54	Response	5	3853052	6238	1
A_HP_27	54	Pulse	99	3853052	6238	1
A_HP_27	55	Picture	response49	3853614	230	1	20229	1	0	20000	hit	256
A_HP_27	55	Response	4	3862990	9606	1
A_HP_27	55	Pulse	99	3873051	19667	1
A_HP_27	56	Picture	response56	3883906	122	1	20229	1	0	20000	hit	259
A_HP_27	56	Response	4	3888730	4947	1
A_HP_27	56	Pulse	99	3893051	9268	1
A_HP_27	56	Pulse	99	3913052	29268	1
A_HP_27	57	Picture	response54	3914531	347	1	20229	1	0	20000	hit	263
A_HP_27	57	Response	4	3921730	7547	1
A_HP_27	57	Pulse	99	3933051	18868	1
A_HP_27	58	Picture	response50	3944822	239	1	20229	1	0	20000	hit	266
A_HP_27	58	Response	4	3951090	6507	1
A_HP_27	58	Pulse	99	3953051	8467	1
A_HP_27	58	Pulse	99	3973051	28468	1
A_HP_27	59	Picture	response55	3975114	131	1	20230	1	0	20000	hit	270
A_HP_27	59	Response	4	3980340	5357	1
A_HP_27	59	Pulse	99	3993051	18068	1
A_HP_27	60	Picture	response52	4005573	190	1	20229	1	0	20000	hit	273
A_HP_27	60	Response	4	4011880	6497	1
A_HP_27	60	Pulse	99	4013051	7668	1
A_HP_27	60	Pulse	99	4033051	27668	1
A_HP_27	61	Picture	response51	4036031	248	1	20229	1	0	20000	hit	277
A_HP_27	61	Response	4	4043370	7587	1
A_HP_27	61	Pulse	99	4053051	17268	1
A_HP_27	62	Picture	response53	4066490	307	1	20229	1	0	20000	hit	281
A_HP_27	62	Pulse	99	4073051	6868	1
A_HP_27	62	Response	4	4076900	10717	1
A_HP_27	62	Pulse	99	4093051	26868	1
A_HP_27	63	Picture	ins1	4096782	199	1	30230	1	0	30000	other	0
A_HP_27	63	Pulse	99	4113051	16469	1
A_HP_27	63	Pulse	99	4133051	36468	1
A_HP_27	63	Pulse	99	4153051	56468	1
A_HP_27	63	Pulse	99	4173051	76468	1
A_HP_27	63	Pulse	99	4193051	96468	1
A_HP_27	63	Pulse	99	4213051	116468	1
A_HP_27	63	Pulse	99	4233051	136468	1
A_HP_27	63	Pulse	99	4253051	156469	1
A_HP_27	63	Pulse	99	4273051	176468	1
A_HP_27	63	Pulse	99	4293051	196468	1
A_HP_27	63	Pulse	99	4313051	216468	1
A_HP_27	63	Pulse	99	4333051	236468	1
A_HP_27	63	Pulse	99	4353051	256468	1
A_HP_27	63	Pulse	99	4373051	276468	1
A_HP_27	63	Pulse	99	4393051	296468	1
A_HP_27	64	Response	5	4413051	6238	1
A_HP_27	64	Pulse	99	4413051	6238	1
A_HP_27	65	Picture	response3	4413613	230	1	20230	1	0	20000	hit	302
A_HP_27	65	Response	1	4422830	9447	1
A_HP_27	65	Pulse	99	4433051	19668	1
A_HP_27	66	Picture	response4	4443905	122	1	20229	1	0	20000	hit	305
A_HP_27	66	Response	1	4450480	6697	1
A_HP_27	66	Pulse	99	4453051	9269	1
A_HP_27	66	Pulse	99	4473051	29268	1
A_HP_27	67	Picture	response8	4474530	347	1	20229	1	0	20000	hit	309
A_HP_27	67	Response	1	4479849	5667	1
A_HP_27	67	Pulse	99	4493051	18868	1
A_HP_27	68	Picture	response7	4504822	239	1	20230	1	0	20000	hit	312
A_HP_27	68	Response	1	4509880	5297	1
A_HP_27	68	Pulse	99	4513051	8468	1
A_HP_27	68	Pulse	99	4533051	28469	1
A_HP_27	69	Picture	response6	4535114	131	1	20230	1	0	20000	hit	316
A_HP_27	69	Response	1	4541330	6347	1
A_HP_27	69	Pulse	99	4553053	18070	1
A_HP_27	70	Picture	response5	4565572	190	1	20230	1	0	20000	hit	319
A_HP_27	70	Response	1	4571730	6347	1
A_HP_27	70	Pulse	99	4573050	7668	1
A_HP_27	70	Pulse	99	4593051	27668	1
A_HP_27	71	Picture	response2	4596031	248	1	20229	1	0	20000	hit	323
A_HP_27	71	Response	1	4601389	5607	1
A_HP_27	71	Pulse	99	4613051	17268	1
A_HP_27	72	Picture	response1	4626489	307	1	20229	1	0	20000	hit	327
A_HP_27	72	Pulse	99	4633051	6868	1
A_HP_27	72	Response	1	4633089	6906	1
A_HP_27	72	Pulse	99	4653051	26868	1
A_HP_27	73	Picture	ins17	4656781	198	1	30229	1	0	30000	other	0
A_HP_27	73	Pulse	99	4673051	16468	1
A_HP_27	73	Pulse	99	4693051	36468	1
A_HP_27	73	Pulse	99	4713051	56468	1
A_HP_27	73	Pulse	99	4733051	76468	1
A_HP_27	73	Pulse	99	4753051	96468	1
A_HP_27	73	Pulse	99	4773051	116468	1
A_HP_27	73	Pulse	99	4793051	136468	1
A_HP_27	73	Pulse	99	4813051	156468	1
A_HP_27	73	Pulse	99	4833051	176468	1
A_HP_27	73	Pulse	99	4853051	196469	1
A_HP_27	73	Pulse	99	4873051	216468	1
A_HP_27	73	Pulse	99	4893051	236468	1
A_HP_27	73	Pulse	99	4913051	256468	1
A_HP_27	73	Pulse	99	4933051	276468	1
A_HP_27	73	Pulse	99	4953051	296469	1
A_HP_27	74	Response	5	4973051	6238	1
A_HP_27	74	Pulse	99	4973051	6238	1
A_HP_27	75	Picture	response133	4973613	230	1	20229	1	0	20000	hit	348
A_HP_27	75	Response	1	4983660	10277	1
A_HP_27	75	Pulse	99	4993051	19668	1
A_HP_27	76	Picture	response136	5003904	122	1	20230	1	0	20000	hit	352
A_HP_27	76	Pulse	99	5013051	9268	1
A_HP_27	76	Response	4	5018590	14807	1
A_HP_27	76	Pulse	99	5033051	29268	1
A_HP_27	77	Picture	response132	5034529	346	1	20229	1	0	20000	hit	355
A_HP_27	77	Response	4	5045660	11477	1
A_HP_27	77	Pulse	99	5053051	18868	1
A_HP_27	78	Picture	response134	5064821	238	1	20229	1	0	20000	hit	359
A_HP_27	78	Pulse	99	5073051	8468	1
A_HP_27	78	Response	4	5074559	9976	1
A_HP_27	78	Pulse	99	5093051	28468	1
A_HP_27	79	Picture	response130	5095112	130	1	20229	1	0	20000	hit	362
A_HP_27	79	Response	1	5103740	8757	1
A_HP_27	79	Pulse	99	5113051	18068	1
A_HP_27	80	Picture	response135	5125570	188	1	20229	1	0	20000	hit	366
A_HP_27	80	Pulse	99	5133051	7668	1
A_HP_27	80	Response	1	5134999	9616	1
A_HP_27	80	Pulse	99	5153051	27668	1
A_HP_27	81	Picture	response131	5156029	246	1	20320	1	0	20000	hit	369
A_HP_27	81	Response	2	5166120	10337	1
A_HP_27	81	Pulse	99	5173051	17268	1
A_HP_27	82	Picture	response129	5186411	229	1	20229	1	0	20000	hit	373
A_HP_27	82	Pulse	99	5193051	6868	1
A_HP_27	82	Response	1	5198910	12727	1
A_HP_27	82	Pulse	99	5213051	26868	1
A_HP_27	83	Picture	ins11	5216703	120	1	30229	1	0	30000	other	0
A_HP_27	83	Pulse	99	5233051	16468	1
A_HP_27	83	Pulse	99	5253051	36468	1
A_HP_27	83	Pulse	99	5273051	56468	1
A_HP_27	83	Pulse	99	5293051	76468	1
A_HP_27	83	Pulse	99	5313051	96468	1
A_HP_27	83	Pulse	99	5333051	116468	1
A_HP_27	83	Pulse	99	5353051	136468	1
A_HP_27	83	Pulse	99	5373051	156468	1
A_HP_27	83	Pulse	99	5393051	176468	1
A_HP_27	83	Pulse	99	5413051	196468	1
A_HP_27	83	Pulse	99	5433050	216468	1
A_HP_27	83	Pulse	99	5453051	236468	1
A_HP_27	83	Pulse	99	5473050	256468	1
A_HP_27	83	Pulse	99	5493051	276468	1
A_HP_27	83	Pulse	99	5513051	296468	1
A_HP_27	84	Response	5	5533051	6238	1
A_HP_27	84	Pulse	99	5533051	6238	1
A_HP_27	85	Picture	response82	5533613	230	1	20229	1	0	20000	hit	394
A_HP_27	85	Response	3	5539279	5897	1
A_HP_27	85	Pulse	99	5553051	19668	1
A_HP_27	86	Picture	response83	5563904	122	1	20229	1	0	20000	hit	397
A_HP_27	86	Response	3	5569150	5367	1
A_HP_27	86	Pulse	99	5573051	9268	1
A_HP_27	86	Pulse	99	5593051	29269	1
A_HP_27	87	Picture	response88	5594529	347	1	20229	1	0	20000	hit	401
A_HP_27	87	Response	3	5602020	7837	1
A_HP_27	87	Pulse	99	5613051	18868	1
A_HP_27	88	Picture	response86	5624821	238	1	20229	1	0	20000	hit	404
A_HP_27	88	Response	1	5631410	6827	1
A_HP_27	88	Pulse	99	5633051	8468	1
A_HP_27	88	Pulse	99	5653050	28468	1
A_HP_27	89	Picture	response84	5655113	130	1	20229	1	0	20000	hit	408
A_HP_27	89	Response	1	5661449	6467	1
A_HP_27	89	Pulse	99	5673051	18068	1
A_HP_27	90	Picture	response87	5685571	188	1	20229	1	0	20000	hit	411
A_HP_27	90	Response	3	5691939	6556	1
A_HP_27	90	Pulse	99	5693051	7668	1
A_HP_27	90	Pulse	99	5713051	27668	1
A_HP_27	91	Picture	response81	5716029	247	1	20229	1	0	20000	hit	415
A_HP_27	91	Response	1	5725849	10066	1
A_HP_27	91	Pulse	99	5733051	17268	1
A_HP_27	92	Picture	response85	5746488	305	1	20229	1	0	20000	hit	419
A_HP_27	92	Pulse	99	5753050	6868	1
A_HP_27	92	Response	1	5754149	7966	1
A_HP_27	92	Pulse	99	5773051	26868	1
A_HP_27	93	Picture	ins3	5776703	120	1	30229	1	0	30000	other	0
A_HP_27	93	Pulse	99	5793051	16468	1
A_HP_27	93	Pulse	99	5813051	36468	1
A_HP_27	93	Pulse	99	5833050	56468	1
A_HP_27	93	Pulse	99	5853051	76468	1
A_HP_27	93	Pulse	99	5873050	96468	1
A_HP_27	93	Pulse	99	5893050	116468	1
A_HP_27	93	Pulse	99	5913051	136468	1
A_HP_27	93	Pulse	99	5933050	156468	1
A_HP_27	93	Pulse	99	5953051	176468	1
A_HP_27	93	Pulse	99	5973051	196468	1
A_HP_27	93	Pulse	99	5993051	216468	1
A_HP_27	93	Pulse	99	6013051	236468	1
A_HP_27	93	Pulse	99	6033051	256468	1
A_HP_27	93	Pulse	99	6053050	276468	1
A_HP_27	93	Pulse	99	6073051	296468	1
A_HP_27	94	Response	5	6093050	6238	1
A_HP_27	94	Pulse	99	6093050	6238	1
A_HP_27	95	Picture	response19	6093613	230	1	20229	1	0	20000	hit	440
A_HP_27	95	Response	2	6106179	12797	1
A_HP_27	95	Pulse	99	6113050	19668	1
A_HP_27	96	Picture	response22	6123904	122	1	20229	1	0	20000	hit	443
A_HP_27	96	Response	2	6130259	6477	1
A_HP_27	96	Pulse	99	6133050	9268	1
A_HP_27	96	Pulse	99	6153050	29268	1
A_HP_27	97	Picture	response17	6154529	347	1	20229	1	0	20000	hit	447
A_HP_27	97	Response	2	6157899	3717	1
A_HP_27	97	Pulse	99	6173051	18868	1
A_HP_27	98	Picture	response18	6184821	239	1	20229	1	0	20000	hit	450
A_HP_27	98	Response	2	6189759	5177	1
A_HP_27	98	Pulse	99	6193050	8468	1
A_HP_27	98	Pulse	99	6213050	28468	1
A_HP_27	99	Picture	response21	6215113	130	1	20229	1	0	20000	hit	454
A_HP_27	99	Response	2	6219859	4877	1
A_HP_27	99	Pulse	99	6233051	18068	1
A_HP_27	100	Picture	response20	6245571	189	1	20229	1	0	20000	hit	458
A_HP_27	100	Pulse	99	6253050	7668	1
A_HP_27	100	Response	2	6255229	9846	1
A_HP_27	100	Pulse	99	6273051	27668	1
A_HP_27	101	Picture	response24	6276029	247	1	20229	1	0	20000	hit	461
A_HP_27	101	Response	2	6283749	7967	1
A_HP_27	101	Pulse	99	6293051	17268	1
A_HP_27	102	Picture	response23	6306488	306	1	20229	1	0	20000	hit	465
A_HP_27	102	Pulse	99	6313050	6868	1
A_HP_27	102	Response	2	6314139	7957	1
A_HP_27	102	Pulse	99	6333050	26868	1
A_HP_27	103	Picture	ins15	6336779	197	1	30229	1	0	30000	other	0
A_HP_27	103	Pulse	99	6353050	16468	1
A_HP_27	103	Pulse	99	6373050	36468	1
A_HP_27	103	Pulse	99	6393051	56469	1
A_HP_27	103	Pulse	99	6413050	76468	1
A_HP_27	103	Pulse	99	6433050	96468	1
A_HP_27	103	Pulse	99	6453050	116468	1
A_HP_27	103	Pulse	99	6473050	136468	1
A_HP_27	103	Pulse	99	6493050	156468	1
A_HP_27	103	Pulse	99	6513050	176468	1
A_HP_27	103	Pulse	99	6533050	196468	1
A_HP_27	103	Pulse	99	6553050	216468	1
A_HP_27	103	Pulse	99	6573050	236468	1
A_HP_27	103	Pulse	99	6593050	256468	1
A_HP_27	103	Pulse	99	6613050	276468	1
A_HP_27	103	Pulse	99	6633050	296468	1
A_HP_27	104	Response	5	6653053	6241	1
A_HP_27	104	Pulse	99	6653053	6241	1
A_HP_27	105	Picture	response120	6653612	230	1	20229	1	0	20000	hit	486
A_HP_27	105	Response	4	6659689	6307	1
A_HP_27	105	Pulse	99	6673050	19668	1
A_HP_27	106	Picture	response117	6683904	122	1	20229	1	0	20000	hit	489
A_HP_27	106	Response	4	6688889	5107	1
A_HP_27	106	Pulse	99	6693050	9268	1
A_HP_27	106	Pulse	99	6713050	29268	1
A_HP_27	107	Picture	response113	6714528	347	1	20229	1	0	20000	hit	493
A_HP_27	107	Response	2	6719239	5058	1
A_HP_27	107	Pulse	99	6733050	18868	1
A_HP_27	108	Picture	response114	6744820	238	1	20229	1	0	20000	hit	496
A_HP_27	108	Response	4	6749829	5247	1
A_HP_27	108	Pulse	99	6753049	8467	1
A_HP_27	108	Pulse	99	6773050	28468	1
A_HP_27	109	Picture	response115	6775111	129	1	20229	1	0	20000	hit	500
A_HP_27	109	Response	2	6780949	5967	1
A_HP_27	109	Pulse	99	6793050	18068	1
A_HP_27	110	Picture	response118	6805570	187	1	20229	1	0	20000	hit	503
A_HP_27	110	Response	2	6812919	7537	1
A_HP_27	110	Pulse	99	6813050	7667	1
A_HP_27	110	Pulse	99	6833050	27668	1
A_HP_27	111	Picture	response116	6836028	246	1	20229	1	0	20000	hit	507
A_HP_27	111	Response	4	6845609	9827	1
A_HP_27	111	Pulse	99	6853050	17268	1
A_HP_27	112	Picture	response119	6866486	304	1	20229	1	0	20000	hit	510
A_HP_27	112	Response	4	6871879	5697	1
A_HP_27	112	Pulse	99	6873050	6868	1
A_HP_27	112	Pulse	99	6893050	26868	1
A_HP_27	113	Picture	ins5	6896778	196	1	30229	1	0	30000	other	0
A_HP_27	113	Pulse	99	6913050	16468	1
A_HP_27	113	Pulse	99	6933050	36468	1
A_HP_27	113	Pulse	99	6953050	56468	1
A_HP_27	113	Pulse	99	6973050	76468	1
A_HP_27	113	Pulse	99	6993050	96468	1
A_HP_27	113	Pulse	99	7013050	116468	1
A_HP_27	113	Pulse	99	7033051	136469	1
A_HP_27	113	Pulse	99	7053050	156468	1
A_HP_27	113	Pulse	99	7073050	176468	1
A_HP_27	113	Pulse	99	7093050	196468	1
A_HP_27	113	Pulse	99	7113050	216468	1
A_HP_27	113	Pulse	99	7133050	236468	1
A_HP_27	113	Pulse	99	7153050	256468	1
A_HP_27	113	Pulse	99	7173050	276468	1
A_HP_27	113	Pulse	99	7193050	296468	1
A_HP_27	114	Response	5	7213050	6238	1
A_HP_27	114	Pulse	99	7213050	6238	1
A_HP_27	115	Picture	response34	7213612	230	1	20229	1	0	20000	hit	532
A_HP_27	115	Response	3	7219549	6167	1
A_HP_27	115	Pulse	99	7233050	19668	1
A_HP_27	116	Picture	response33	7243904	122	1	20230	1	0	20000	hit	535
A_HP_27	116	Response	3	7248099	4317	1
A_HP_27	116	Pulse	99	7253049	9268	1
A_HP_27	116	Pulse	99	7273049	29268	1
A_HP_27	117	Picture	response36	7274529	347	1	20229	1	0	20000	hit	539
A_HP_27	117	Response	3	7279408	5226	1
A_HP_27	117	Pulse	99	7293050	18868	1
A_HP_27	118	Picture	response40	7304821	239	1	20229	1	0	20000	hit	542
A_HP_27	118	Response	3	7309038	4457	1
A_HP_27	118	Pulse	99	7313049	8468	1
A_HP_27	118	Pulse	99	7333050	28468	1
A_HP_27	119	Picture	response37	7335113	132	1	20230	1	0	20000	hit	546
A_HP_27	119	Response	3	7342579	7597	1
A_HP_27	119	Pulse	99	7353050	18068	1
A_HP_27	120	Picture	response38	7365572	190	1	20229	1	0	20000	hit	550
A_HP_27	120	Pulse	99	7373050	7668	1
A_HP_27	120	Response	3	7373748	8366	1
A_HP_27	120	Pulse	99	7393050	27668	1
A_HP_27	121	Picture	response35	7396030	249	1	20229	1	0	20000	hit	553
A_HP_27	121	Response	3	7403108	7327	1
A_HP_27	121	Pulse	99	7413049	17268	1
A_HP_27	122	Picture	response39	7426489	307	1	20229	1	0	20000	hit	557
A_HP_27	122	Pulse	99	7433050	6868	1
A_HP_27	122	Response	3	7433368	7186	1
A_HP_27	122	Pulse	99	7453050	26868	1
A_HP_27	123	Picture	thanks	7456447	0	1	10230	1	0	10000	other	0
A_HP_27	123	Pulse	99	7473050	16602	1


Event Type	Code	Type	Response	RT	RT Uncertainty	Time	Uncertainty	Duration	Uncertainty	ReqTime	ReqDur

Picture	ready	other				673365	1	10230	1	0	10000
Picture	ins13	other				733917	1	30229	1	0	30000
Picture	response97	hit	3	6887	2	1053714	1	20229	1	0	20000
Picture	response104	hit	2	7239	2	1084172	1	20229	1	0	20000
Picture	response102	hit	2	6107	2	1114464	1	20229	1	0	20000
Picture	response100	hit	2	6309	2	1144922	1	20229	1	0	20000
Picture	response99	hit	3	5747	2	1175214	1	20229	1	0	20000
Picture	response103	hit	2	7359	2	1205672	1	20229	1	0	20000
Picture	response101	hit	2	5381	2	1236130	1	20229	1	0	20000
Picture	response98	hit	2	7289	2	1266422	1	20229	1	0	20000
Picture	ins9	other				1296880	1	30230	1	0	30000
Picture	response70	hit	2	6377	2	1613614	1	20229	1	0	20000
Picture	response66	hit	2	6665	2	1643906	1	20229	1	0	20000
Picture	response67	hit	2	9440	2	1674531	1	20229	1	0	20000
Picture	response65	hit	1	6068	2	1704823	1	20229	1	0	20000
Picture	response72	hit	1	9786	2	1735114	1	20229	1	0	20000
Picture	response71	hit	2	7728	2	1765573	1	20229	1	0	20000
Picture	response68	hit	2	7330	2	1796031	1	20229	1	0	20000
Picture	response69	hit	2	9921	2	1826490	1	20229	1	0	20000
Picture	ins19	other				1856781	1	30229	1	0	30000
Picture	response146	hit	1	14167	2	2173614	1	20229	1	0	20000
Picture	response145	hit	1	11915	2	2203906	1	20229	1	0	20000
Picture	response148	hit	2	14190	2	2234531	1	20229	1	0	20000
Picture	response151	hit	2	10408	2	2264822	1	20229	1	0	20000
Picture	response152	hit	2	12397	2	2295114	1	20229	1	0	20000
Picture	response147	hit	3	10258	2	2325573	1	20229	1	0	20000
Picture	response150	hit	4	10880	2	2356031	1	20229	1	0	20000
Picture	response149	hit	3	13651	2	2386489	1	20229	1	0	20000
Picture	ins21	other				2416781	1	30229	1	0	30000
Picture	response168	hit	4	7647	2	2733614	1	20229	1	0	20000
Picture	response164	hit	1	12635	2	2763905	1	20229	1	0	20000
Picture	response166	hit	4	13131	2	2794530	1	20229	1	0	20000
Picture	response163	hit	2	14429	2	2824822	1	20229	1	0	20000
Picture	response165	hit	3	13037	2	2855114	1	20229	1	0	20000
Picture	response162	hit	4	14019	2	2885572	1	20229	1	0	20000
Picture	response167	hit	2	9660	2	2916031	1	20229	1	0	20000
Picture	response161	hit	2	9162	2	2946489	1	20229	1	0	20000
Picture	ins23	other				2976780	1	30229	1	0	30000
Picture	response180	hit	1	9107	2	3293614	1	20229	1	0	20000
Picture	response183	hit	4	7755	2	3323905	1	20229	1	0	20000
Picture	response178	hit	2	9130	2	3354530	1	20229	1	0	20000
Picture	response182	hit	2	8269	2	3384821	1	20229	1	0	20000
Picture	response184	hit	3	6768	2	3415113	1	20229	1	0	20000
Picture	response181	hit	2	12739	2	3445571	1	20229	1	0	20000
Picture	response179	hit	3	10311	2	3476030	1	20229	1	0	20000
Picture	response177	hit	1	10512	2	3506488	1	20229	1	0	20000
Picture	ins7	other				3536780	1	30229	1	0	30000
Picture	response49	hit	4	9377	2	3853614	1	20229	1	0	20000
Picture	response56	hit	4	4825	2	3883906	1	20229	1	0	20000
Picture	response54	hit	4	7200	2	3914531	1	20229	1	0	20000
Picture	response50	hit	4	6268	2	3944822	1	20229	1	0	20000
Picture	response55	hit	4	5226	2	3975114	1	20230	1	0	20000
Picture	response52	hit	4	6307	2	4005573	1	20229	1	0	20000
Picture	response51	hit	4	7339	2	4036031	1	20229	1	0	20000
Picture	response53	hit	4	10410	2	4066490	1	20229	1	0	20000
Picture	ins1	other				4096782	1	30230	1	0	30000
Picture	response3	hit	1	9217	2	4413613	1	20230	1	0	20000
Picture	response4	hit	1	6575	2	4443905	1	20229	1	0	20000
Picture	response8	hit	1	5320	2	4474530	1	20229	1	0	20000
Picture	response7	hit	1	5058	2	4504822	1	20230	1	0	20000
Picture	response6	hit	1	6216	2	4535114	1	20230	1	0	20000
Picture	response5	hit	1	6157	2	4565572	1	20230	1	0	20000
Picture	response2	hit	1	5358	2	4596031	1	20229	1	0	20000
Picture	response1	hit	1	6600	2	4626489	1	20229	1	0	20000
Picture	ins17	other				4656781	1	30229	1	0	30000
Picture	response133	hit	1	10047	2	4973613	1	20229	1	0	20000
Picture	response136	hit	4	14686	2	5003904	1	20230	1	0	20000
Picture	response132	hit	4	11130	2	5034529	1	20229	1	0	20000
Picture	response134	hit	4	9739	2	5064821	1	20229	1	0	20000
Picture	response130	hit	1	8627	2	5095112	1	20229	1	0	20000
Picture	response135	hit	1	9429	2	5125570	1	20229	1	0	20000
Picture	response131	hit	2	10091	2	5156029	1	20320	1	0	20000
Picture	response129	hit	1	12498	2	5186411	1	20229	1	0	20000
Picture	ins11	other				5216703	1	30229	1	0	30000
Picture	response82	hit	3	5667	2	5533613	1	20229	1	0	20000
Picture	response83	hit	3	5245	2	5563904	1	20229	1	0	20000
Picture	response88	hit	3	7490	2	5594529	1	20229	1	0	20000
Picture	response86	hit	1	6589	2	5624821	1	20229	1	0	20000
Picture	response84	hit	1	6337	2	5655113	1	20229	1	0	20000
Picture	response87	hit	3	6368	2	5685571	1	20229	1	0	20000
Picture	response81	hit	1	9820	2	5716029	1	20229	1	0	20000
Picture	response85	hit	1	7661	2	5746488	1	20229	1	0	20000
Picture	ins3	other				5776703	1	30229	1	0	30000
Picture	response19	hit	2	12567	2	6093613	1	20229	1	0	20000
Picture	response22	hit	2	6355	2	6123904	1	20229	1	0	20000
Picture	response17	hit	2	3370	2	6154529	1	20229	1	0	20000
Picture	response18	hit	2	4938	2	6184821	1	20229	1	0	20000
Picture	response21	hit	2	4747	2	6215113	1	20229	1	0	20000
Picture	response20	hit	2	9658	2	6245571	1	20229	1	0	20000
Picture	response24	hit	2	7720	2	6276029	1	20229	1	0	20000
Picture	response23	hit	2	7651	2	6306488	1	20229	1	0	20000
Picture	ins15	other				6336779	1	30229	1	0	30000
Picture	response120	hit	4	6077	2	6653612	1	20229	1	0	20000
Picture	response117	hit	4	4985	2	6683904	1	20229	1	0	20000
Picture	response113	hit	2	4711	2	6714528	1	20229	1	0	20000
Picture	response114	hit	4	5009	2	6744820	1	20229	1	0	20000
Picture	response115	hit	2	5837	2	6775111	1	20229	1	0	20000
Picture	response118	hit	2	7349	2	6805570	1	20229	1	0	20000
Picture	response116	hit	4	9581	2	6836028	1	20229	1	0	20000
Picture	response119	hit	4	5393	2	6866486	1	20229	1	0	20000
Picture	ins5	other				6896778	1	30229	1	0	30000
Picture	response34	hit	3	5937	2	7213612	1	20229	1	0	20000
Picture	response33	hit	3	4195	2	7243904	1	20230	1	0	20000
Picture	response36	hit	3	4879	2	7274529	1	20229	1	0	20000
Picture	response40	hit	3	4217	2	7304821	1	20229	1	0	20000
Picture	response37	hit	3	7465	2	7335113	1	20230	1	0	20000
Picture	response38	hit	3	8176	2	7365572	1	20229	1	0	20000
Picture	response35	hit	3	7078	2	7396030	1	20229	1	0	20000
Picture	response39	hit	3	6879	2	7426489	1	20229	1	0	20000
Picture	thanks	other				7456447	1	10230	1	0	10000


{
   "app": "Presentation Version 21.0 Build 06.06.19",
   "device": "LENOVO 20KHCTO1WW",
   "experiment": "{C0C68DB1-10BA-42F2-8F79-3F2AFFEED4E4}",
   "os": "Windows 10 64 bit",
   "package": "",
   "parameters": {
      "configuration": "Default configuration"
   },
   "scenario": "Response experiment(1).sce",
   "subject": "A_HP_27",
   "timestamp": "2019/11/08 04:36:33 GMT"
}
