Scenario - 
Logfile written - 10/17/2019 15:27:28

Subject	Trial	Event Type	Code	Time	TTime	Uncertainty	Duration	Uncertainty	ReqTime	ReqDur	Stim Type	Pair Index

A_HP_22	1	Response	5	432170	431170	1
A_HP_22	1	Pulse	99	432170	431170	1
A_HP_22	2	Picture	ready	432401	0	1	10229	1	0	10000	other	0
A_HP_22	2	Pulse	99	452169	19768	1
A_HP_22	2	Pulse	99	472169	39768	1
A_HP_22	2	Pulse	99	492169	59768	1
A_HP_22	3	Picture	ins9	493011	232	1	30229	1	0	30000	other	0
A_HP_22	3	Pulse	99	512169	19390	1
A_HP_22	3	Pulse	99	532169	39390	1
A_HP_22	3	Pulse	99	552169	59390	1
A_HP_22	3	Pulse	99	572169	79390	1
A_HP_22	3	Pulse	99	592169	99390	1
A_HP_22	3	Pulse	99	612169	119390	1
A_HP_22	3	Pulse	99	632169	139390	1
A_HP_22	3	Pulse	99	652169	159390	1
A_HP_22	3	Pulse	99	672169	179390	1
A_HP_22	3	Pulse	99	692169	199390	1
A_HP_22	3	Pulse	99	712169	219390	1
A_HP_22	3	Pulse	99	732169	239390	1
A_HP_22	3	Pulse	99	752169	259390	1
A_HP_22	3	Pulse	99	772169	279390	1
A_HP_22	3	Pulse	99	792169	299390	1
A_HP_22	4	Response	5	812169	9160	1
A_HP_22	4	Pulse	99	812169	9160	1
A_HP_22	5	Picture	response72	812809	230	1	20173	1	0	20000	hit	26
A_HP_22	5	Response	1	824338	11759	1
A_HP_22	5	Pulse	99	832169	19590	1
A_HP_22	6	Picture	response69	843044	65	1	20229	1	0	20000	incorrect	30
A_HP_22	6	Pulse	99	852169	9190	1
A_HP_22	6	Response	1	854907	11929	1
A_HP_22	6	Pulse	99	872169	29190	1
A_HP_22	7	Picture	response67	873669	290	1	20229	1	0	20000	incorrect	33
A_HP_22	7	Response	1	881298	7919	1
A_HP_22	7	Pulse	99	892169	18790	1
A_HP_22	8	Picture	response70	903960	181	1	20229	1	0	20000	hit	36
A_HP_22	8	Response	2	911668	7889	1
A_HP_22	8	Pulse	99	912169	8390	1
A_HP_22	8	Pulse	99	932169	28391	1
A_HP_22	9	Picture	response68	934418	239	1	20229	1	0	20000	hit	40
A_HP_22	9	Response	2	938558	4379	1
A_HP_22	9	Pulse	99	952169	17990	1
A_HP_22	10	Picture	response65	964710	131	1	20230	1	0	20000	hit	44
A_HP_22	10	Pulse	99	972169	7590	1
A_HP_22	10	Response	1	973217	8639	1
A_HP_22	10	Pulse	99	992169	27591	1
A_HP_22	11	Picture	response71	995168	190	1	20229	1	0	20000	hit	48
A_HP_22	11	Pulse	99	1012169	17191	1
A_HP_22	11	Response	2	1013067	18089	1
A_HP_22	12	Picture	response66	1025627	248	1	20230	1	0	20000	hit	51
A_HP_22	12	Pulse	99	1032169	6790	1
A_HP_22	12	Response	2	1038158	12779	1
A_HP_22	12	Pulse	99	1052169	26790	1
A_HP_22	13	Picture	ins11	1055919	140	1	30229	1	0	30000	other	0
A_HP_22	13	Pulse	99	1072169	16390	1
A_HP_22	13	Pulse	99	1092169	36390	1
A_HP_22	13	Pulse	99	1112169	56390	1
A_HP_22	13	Pulse	99	1132169	76390	1
A_HP_22	13	Pulse	99	1152169	96390	1
A_HP_22	13	Pulse	99	1172169	116390	1
A_HP_22	13	Pulse	99	1192169	136390	1
A_HP_22	13	Pulse	99	1212169	156390	1
A_HP_22	13	Pulse	99	1232169	176390	1
A_HP_22	13	Pulse	99	1252169	196390	1
A_HP_22	13	Pulse	99	1272169	216390	1
A_HP_22	13	Pulse	99	1292169	236390	1
A_HP_22	13	Pulse	99	1312169	256390	1
A_HP_22	13	Pulse	99	1332169	276390	1
A_HP_22	13	Pulse	99	1352169	296390	1
A_HP_22	14	Response	5	1372169	6160	1
A_HP_22	14	Pulse	99	1372169	6160	1
A_HP_22	15	Picture	response85	1372809	230	1	20396	1	0	20000	hit	72
A_HP_22	15	Response	1	1385148	12569	1
A_HP_22	15	Pulse	99	1392169	19590	1
A_HP_22	16	Picture	response83	1403101	122	1	20229	1	0	20000	hit	75
A_HP_22	16	Response	3	1409578	6599	1
A_HP_22	16	Pulse	99	1412169	9190	1
A_HP_22	16	Pulse	99	1432169	29190	1
A_HP_22	17	Picture	response81	1433671	292	1	20229	1	0	20000	hit	79
A_HP_22	17	Response	1	1441307	7929	1
A_HP_22	17	Pulse	99	1452168	18790	1
A_HP_22	18	Picture	response84	1463962	184	1	20229	1	0	20000	hit	83
A_HP_22	18	Pulse	99	1472169	8390	1
A_HP_22	18	Response	1	1476977	13198	1
A_HP_22	18	Pulse	99	1492168	28390	1
A_HP_22	19	Picture	response87	1494420	241	1	20229	1	0	20000	hit	86
A_HP_22	19	Response	3	1498538	4359	1
A_HP_22	19	Pulse	99	1512169	17990	1
A_HP_22	20	Picture	response86	1524727	149	1	20229	1	0	20000	hit	89
A_HP_22	20	Response	1	1530737	6159	1
A_HP_22	20	Pulse	99	1532168	7590	1
A_HP_22	20	Pulse	99	1552168	27590	1
A_HP_22	21	Picture	response82	1555185	206	1	20229	1	0	20000	hit	93
A_HP_22	21	Response	3	1562517	7539	1
A_HP_22	21	Pulse	99	1572169	17191	1
A_HP_22	22	Picture	response88	1585642	264	1	20396	1	0	20000	hit	96
A_HP_22	22	Response	3	1590958	5579	1
A_HP_22	22	Pulse	99	1592169	6790	1
A_HP_22	22	Pulse	99	1612169	26790	1
A_HP_22	23	Picture	ins5	1615934	155	1	30229	1	0	30000	other	0
A_HP_22	23	Pulse	99	1632169	16390	1
A_HP_22	23	Pulse	99	1652169	36390	1
A_HP_22	23	Pulse	99	1672169	56390	1
A_HP_22	23	Pulse	99	1692169	76391	1
A_HP_22	23	Pulse	99	1712169	96391	1
A_HP_22	23	Pulse	99	1732169	116390	1
A_HP_22	23	Pulse	99	1752169	136390	1
A_HP_22	23	Pulse	99	1772169	156391	1
A_HP_22	23	Pulse	99	1792169	176390	1
A_HP_22	23	Pulse	99	1812168	196390	1
A_HP_22	23	Pulse	99	1832169	216390	1
A_HP_22	23	Pulse	99	1852169	236391	1
A_HP_22	23	Pulse	99	1872168	256390	1
A_HP_22	23	Pulse	99	1892168	276390	1
A_HP_22	23	Pulse	99	1912168	296390	1
A_HP_22	24	Response	5	1932168	6159	1
A_HP_22	24	Pulse	99	1932168	6159	1
A_HP_22	25	Picture	response37	1932808	230	1	20229	1	0	20000	hit	118
A_HP_22	25	Response	3	1939587	7009	1
A_HP_22	25	Pulse	99	1952168	19590	1
A_HP_22	26	Picture	response38	1963099	121	1	20229	1	0	20000	hit	122
A_HP_22	26	Pulse	99	1972168	9190	1
A_HP_22	26	Response	3	1973366	10388	1
A_HP_22	26	Pulse	99	1992168	29190	1
A_HP_22	27	Picture	response40	1993557	180	1	20229	1	0	20000	hit	125
A_HP_22	27	Response	3	2001287	7910	1
A_HP_22	27	Pulse	99	2012168	18791	1
A_HP_22	28	Picture	response33	2024015	236	1	20229	1	0	20000	hit	129
A_HP_22	28	Pulse	99	2032168	8390	1
A_HP_22	28	Response	3	2032557	8779	1
A_HP_22	28	Pulse	99	2052169	28391	1
A_HP_22	29	Picture	response39	2054473	295	1	20229	1	0	20000	hit	132
A_HP_22	29	Response	3	2062768	8589	1
A_HP_22	29	Pulse	99	2072168	17990	1
A_HP_22	30	Picture	response36	2084765	186	1	20229	1	0	20000	hit	136
A_HP_22	30	Pulse	99	2092169	7590	1
A_HP_22	30	Response	3	2092577	7998	1
A_HP_22	30	Pulse	99	2112168	27590	1
A_HP_22	31	Picture	response34	2115056	78	1	20229	1	0	20000	hit	139
A_HP_22	31	Response	3	2125747	10769	1
A_HP_22	31	Pulse	99	2132168	17190	1
A_HP_22	32	Picture	response35	2145681	303	1	20229	1	0	20000	hit	143
A_HP_22	32	Pulse	99	2152168	6790	1
A_HP_22	32	Response	3	2153797	8419	1
A_HP_22	32	Pulse	99	2172169	26790	1
A_HP_22	33	Picture	ins21	2175973	194	1	30229	1	0	30000	other	0
A_HP_22	33	Pulse	99	2192169	16390	1
A_HP_22	33	Pulse	99	2212169	36390	1
A_HP_22	33	Pulse	99	2232169	56390	1
A_HP_22	33	Pulse	99	2252168	76389	1
A_HP_22	33	Pulse	99	2272168	96390	1
A_HP_22	33	Pulse	99	2292169	116390	1
A_HP_22	33	Pulse	99	2312169	136390	1
A_HP_22	33	Pulse	99	2332169	156390	1
A_HP_22	33	Pulse	99	2352169	176390	1
A_HP_22	33	Pulse	99	2372169	196390	1
A_HP_22	33	Pulse	99	2392169	216390	1
A_HP_22	33	Pulse	99	2412169	236390	1
A_HP_22	33	Pulse	99	2432169	256390	1
A_HP_22	33	Pulse	99	2452168	276390	1
A_HP_22	33	Pulse	99	2472169	296390	1
A_HP_22	34	Response	5	2492168	6159	1
A_HP_22	34	Pulse	99	2492168	6159	1
A_HP_22	35	Picture	response167	2492808	230	1	20396	1	0	20000	incorrect	164
A_HP_22	35	Response	1	2506577	13999	1
A_HP_22	35	Pulse	99	2512168	19590	1
A_HP_22	36	Picture	response162	2523100	121	1	20229	1	0	20000	hit	168
A_HP_22	36	Pulse	99	2532168	9190	1
A_HP_22	36	Response	4	2537467	14488	1
A_HP_22	36	Pulse	99	2552168	29190	1
A_HP_22	37	Picture	response165	2553558	180	1	20229	1	0	20000	hit	171
A_HP_22	37	Response	3	2563207	9830	1
A_HP_22	37	Pulse	99	2572168	18791	1
A_HP_22	38	Picture	response161	2584015	237	1	20229	1	0	20000	hit	175
A_HP_22	38	Pulse	99	2592168	8390	1
A_HP_22	38	Response	2	2602427	18649	1
A_HP_22	38	Pulse	99	2612168	28390	1
A_HP_22	39	Picture	response166	2614473	295	1	20229	1	0	20000	hit	178
A_HP_22	39	Response	4	2626907	12729	1
A_HP_22	39	Pulse	99	2632168	17990	1
A_HP_22	40	Picture	response163	2644765	186	1	20229	1	0	20000	hit	182
A_HP_22	40	Pulse	99	2652168	7590	1
A_HP_22	40	Response	2	2657697	13118	1
A_HP_22	40	Pulse	99	2672168	27590	1
A_HP_22	41	Picture	response168	2675056	78	1	20229	1	0	20000	hit	185
A_HP_22	41	Response	4	2687177	12199	1
A_HP_22	41	Pulse	99	2692168	17190	1
A_HP_22	42	Picture	response164	2705681	303	1	20229	1	0	20000	hit	189
A_HP_22	42	Pulse	99	2712168	6790	1
A_HP_22	42	Response	1	2722997	17619	1
A_HP_22	42	Pulse	99	2732168	26790	1
A_HP_22	43	Picture	ins13	2735972	194	1	30229	1	0	30000	other	0
A_HP_22	43	Pulse	99	2752168	16390	1
A_HP_22	43	Pulse	99	2772168	36390	1
A_HP_22	43	Pulse	99	2792168	56390	1
A_HP_22	43	Pulse	99	2812168	76390	1
A_HP_22	43	Pulse	99	2832168	96390	1
A_HP_22	43	Pulse	99	2852168	116390	1
A_HP_22	43	Pulse	99	2872168	136390	1
A_HP_22	43	Pulse	99	2892168	156390	1
A_HP_22	43	Pulse	99	2912168	176390	1
A_HP_22	43	Pulse	99	2932168	196390	1
A_HP_22	43	Pulse	99	2952089	216310	1
A_HP_22	43	Pulse	99	2972168	236390	1
A_HP_22	43	Pulse	99	2992168	256390	1
A_HP_22	43	Pulse	99	3012168	276390	1
A_HP_22	43	Pulse	99	3032088	296310	1
A_HP_22	44	Response	5	3052168	6160	1
A_HP_22	44	Pulse	99	3052168	6160	1
A_HP_22	45	Picture	response99	3052808	230	1	20396	1	0	20000	hit	210
A_HP_22	45	Response	3	3059277	6699	1
A_HP_22	45	Pulse	99	3072168	19590	1
A_HP_22	46	Picture	response103	3083100	122	1	20229	1	0	20000	hit	214
A_HP_22	46	Pulse	99	3092088	9110	1
A_HP_22	46	Response	2	3092766	9788	1
A_HP_22	46	Pulse	99	3112168	29190	1
A_HP_22	47	Picture	response101	3113558	180	1	20229	1	0	20000	hit	217
A_HP_22	47	Response	2	3122387	9009	1
A_HP_22	47	Pulse	99	3132168	18790	1
A_HP_22	48	Picture	response104	3144016	238	1	20229	1	0	20000	hit	221
A_HP_22	48	Pulse	99	3152168	8390	1
A_HP_22	48	Response	2	3155016	11239	1
A_HP_22	48	Pulse	99	3172088	28310	1
A_HP_22	49	Picture	response102	3174474	297	1	20396	1	0	20000	hit	224
A_HP_22	49	Response	2	3179397	5219	1
A_HP_22	49	Pulse	99	3192168	17991	1
A_HP_22	50	Picture	response98	3204766	188	1	20229	1	0	20000	hit	227
A_HP_22	50	Response	2	3211457	6879	1
A_HP_22	50	Pulse	99	3212167	7590	1
A_HP_22	50	Pulse	99	3232088	27510	1
A_HP_22	51	Picture	response97	3235058	80	1	20229	1	0	20000	hit	231
A_HP_22	51	Response	3	3242037	7059	1
A_HP_22	51	Pulse	99	3252168	17190	1
A_HP_22	52	Picture	response100	3265683	305	1	20229	1	0	20000	hit	235
A_HP_22	52	Pulse	99	3272168	6790	1
A_HP_22	52	Response	2	3275736	10359	1
A_HP_22	52	Pulse	99	3292168	26790	1
A_HP_22	53	Picture	ins23	3295974	197	1	30396	1	0	30000	other	0
A_HP_22	53	Pulse	99	3312088	16311	1
A_HP_22	53	Pulse	99	3332168	36391	1
A_HP_22	53	Pulse	99	3352168	56391	1
A_HP_22	53	Pulse	99	3372088	76311	1
A_HP_22	53	Pulse	99	3392168	96391	1
A_HP_22	53	Pulse	99	3412168	116391	1
A_HP_22	53	Pulse	99	3432168	136390	1
A_HP_22	53	Pulse	99	3452088	156311	1
A_HP_22	53	Pulse	99	3472168	176391	1
A_HP_22	53	Pulse	99	3492168	196391	1
A_HP_22	53	Pulse	99	3512088	216311	1
A_HP_22	53	Pulse	99	3532168	236390	1
A_HP_22	53	Pulse	99	3552168	256391	1
A_HP_22	53	Pulse	99	3572168	276391	1
A_HP_22	53	Pulse	99	3592088	296311	1
A_HP_22	54	Response	5	3612168	6160	1
A_HP_22	54	Pulse	99	3612168	6160	1
A_HP_22	55	Picture	response178	3612808	230	1	20396	1	0	20000	hit	256
A_HP_22	55	Response	2	3630437	17859	1
A_HP_22	55	Pulse	99	3632167	19589	1
A_HP_22	56	Picture	response183	3643099	121	1	20229	1	0	20000	miss	0
A_HP_22	56	Pulse	99	3652088	9110	1
A_HP_22	56	Pulse	99	3672168	29190	1
A_HP_22	57	Picture	response180	3673557	180	1	20229	1	0	20000	hit	262
A_HP_22	57	Response	1	3688656	15280	1
A_HP_22	57	Pulse	99	3692168	18791	1
A_HP_22	58	Picture	response181	3704015	238	1	20229	1	0	20000	hit	266
A_HP_22	58	Pulse	99	3712168	8391	1
A_HP_22	58	Response	2	3715476	11699	1
A_HP_22	58	Pulse	99	3732088	28310	1
A_HP_22	59	Picture	response179	3734474	297	1	20396	1	0	20000	hit	269
A_HP_22	59	Response	3	3739366	5189	1
A_HP_22	59	Pulse	99	3752168	17990	1
A_HP_22	60	Picture	response177	3764766	188	1	20229	1	0	20000	hit	273
A_HP_22	60	Pulse	99	3772168	7590	1
A_HP_22	60	Response	1	3774076	9498	1
A_HP_22	60	Pulse	99	3792088	27510	1
A_HP_22	61	Picture	response182	3795057	79	1	20229	1	0	20000	hit	276
A_HP_22	61	Response	2	3800807	5829	1
A_HP_22	61	Pulse	99	3812168	17190	1
A_HP_22	62	Picture	response184	3825681	303	1	20229	1	0	20000	hit	280
A_HP_22	62	Pulse	99	3832168	6790	1
A_HP_22	62	Response	3	3832796	7418	1
A_HP_22	62	Pulse	99	3852168	26790	1
A_HP_22	63	Picture	ins7	3855972	195	1	30229	1	0	30000	other	0
A_HP_22	63	Pulse	99	3872088	16310	1
A_HP_22	63	Pulse	99	3892168	36391	1
A_HP_22	63	Pulse	99	3912168	56390	1
A_HP_22	63	Pulse	99	3932088	76310	1
A_HP_22	63	Pulse	99	3952168	96390	1
A_HP_22	63	Pulse	99	3972168	116390	1
A_HP_22	63	Pulse	99	3992167	136390	1
A_HP_22	63	Pulse	99	4012088	156310	1
A_HP_22	63	Pulse	99	4032168	176390	1
A_HP_22	63	Pulse	99	4052167	196390	1
A_HP_22	63	Pulse	99	4072088	216310	1
A_HP_22	63	Pulse	99	4092088	236310	1
A_HP_22	63	Pulse	99	4112168	256390	1
A_HP_22	63	Pulse	99	4132168	276390	1
A_HP_22	63	Pulse	99	4152088	296310	1
A_HP_22	64	Response	5	4172168	6160	1
A_HP_22	64	Pulse	99	4172168	6160	1
A_HP_22	65	Picture	response56	4172807	230	1	20396	1	0	20000	hit	301
A_HP_22	65	Response	4	4179436	6859	1
A_HP_22	65	Pulse	99	4192168	19590	1
A_HP_22	66	Picture	response53	4203098	121	1	20229	1	0	20000	hit	304
A_HP_22	66	Response	4	4209386	6409	1
A_HP_22	66	Pulse	99	4212087	9110	1
A_HP_22	66	Pulse	99	4232088	29111	1
A_HP_22	67	Picture	response51	4233556	179	1	20229	1	0	20000	hit	308
A_HP_22	67	Response	4	4238317	4940	1
A_HP_22	67	Pulse	99	4252168	18791	1
A_HP_22	68	Picture	response50	4264014	237	1	20229	1	0	20000	hit	311
A_HP_22	68	Response	4	4268387	4609	1
A_HP_22	68	Pulse	99	4272167	8390	1
A_HP_22	68	Pulse	99	4292088	28310	1
A_HP_22	69	Picture	response49	4294530	352	1	20229	1	0	20000	hit	315
A_HP_22	69	Response	4	4299517	5339	1
A_HP_22	69	Pulse	99	4312168	17990	1
A_HP_22	70	Picture	response54	4324821	244	1	20229	1	0	20000	hit	318
A_HP_22	70	Response	4	4330157	5579	1
A_HP_22	70	Pulse	99	4332167	7589	1
A_HP_22	70	Pulse	99	4352088	27510	1
A_HP_22	71	Picture	response55	4355113	136	1	20229	1	0	20000	hit	322
A_HP_22	71	Response	4	4360466	5489	1
A_HP_22	71	Pulse	99	4372088	17111	1
A_HP_22	72	Picture	response52	4385571	194	1	20229	1	0	20000	hit	325
A_HP_22	72	Response	4	4391626	6249	1
A_HP_22	72	Pulse	99	4392167	6790	1
A_HP_22	72	Pulse	99	4412167	26790	1
A_HP_22	73	Picture	ins19	4416029	251	1	30229	1	0	30000	other	0
A_HP_22	73	Pulse	99	4432088	16310	1
A_HP_22	73	Pulse	99	4452167	36390	1
A_HP_22	73	Pulse	99	4472167	56390	1
A_HP_22	73	Pulse	99	4492087	76310	1
A_HP_22	73	Pulse	99	4512087	96310	1
A_HP_22	73	Pulse	99	4532167	116390	1
A_HP_22	73	Pulse	99	4552167	136390	1
A_HP_22	73	Pulse	99	4572087	156310	1
A_HP_22	73	Pulse	99	4592167	176390	1
A_HP_22	73	Pulse	99	4612167	196390	1
A_HP_22	73	Pulse	99	4632087	216310	1
A_HP_22	73	Pulse	99	4652087	236310	1
A_HP_22	73	Pulse	99	4672167	256390	1
A_HP_22	73	Pulse	99	4692167	276390	1
A_HP_22	73	Pulse	99	4712087	296310	1
A_HP_22	74	Response	5	4732167	6159	1
A_HP_22	74	Pulse	99	4732167	6159	1
A_HP_22	75	Picture	response149	4732807	230	1	20396	1	0	20000	hit	347
A_HP_22	75	Response	3	4740427	7849	1
A_HP_22	75	Pulse	99	4752167	19590	1
A_HP_22	76	Picture	response151	4763099	122	1	20229	1	0	20000	incorrect	351
A_HP_22	76	Pulse	99	4772087	9110	1
A_HP_22	76	Response	4	4774996	12019	1
A_HP_22	76	Pulse	99	4792088	29111	1
A_HP_22	77	Picture	response147	4793557	181	1	20230	1	0	20000	hit	354
A_HP_22	77	Response	3	4799307	5931	1
A_HP_22	77	Pulse	99	4812166	18791	1
A_HP_22	78	Picture	response152	4824016	239	1	20229	1	0	20000	incorrect	357
A_HP_22	78	Response	4	4830866	7089	1
A_HP_22	78	Pulse	99	4832167	8390	1
A_HP_22	78	Pulse	99	4852087	28311	1
A_HP_22	79	Picture	response145	4854474	297	1	20396	1	0	20000	hit	361
A_HP_22	79	Response	1	4862936	8759	1
A_HP_22	79	Pulse	99	4872166	17989	1
A_HP_22	80	Picture	response150	4884765	188	1	20229	1	0	20000	hit	365
A_HP_22	80	Pulse	99	4892167	7590	1
A_HP_22	80	Response	4	4899466	14889	1
A_HP_22	80	Pulse	99	4912087	27510	1
A_HP_22	81	Picture	response146	4915057	80	1	20229	1	0	20000	hit	368
A_HP_22	81	Response	1	4924756	9779	1
A_HP_22	81	Pulse	99	4932087	17111	1
A_HP_22	82	Picture	response148	4945681	305	1	20229	1	0	20000	hit	372
A_HP_22	82	Pulse	99	4952167	6790	1
A_HP_22	82	Response	2	4955485	10109	1
A_HP_22	82	Pulse	99	4972167	26790	1
A_HP_22	83	Picture	ins1	4975973	196	1	30396	1	0	30000	other	0
A_HP_22	83	Pulse	99	4992087	16310	1
A_HP_22	83	Pulse	99	5012167	36390	1
A_HP_22	83	Pulse	99	5032167	56390	1
A_HP_22	83	Pulse	99	5052087	76310	1
A_HP_22	83	Pulse	99	5072087	96310	1
A_HP_22	83	Pulse	99	5092167	116390	1
A_HP_22	83	Pulse	99	5112167	136390	1
A_HP_22	83	Pulse	99	5132087	156310	1
A_HP_22	83	Pulse	99	5152087	176310	1
A_HP_22	83	Pulse	99	5172167	196390	1
A_HP_22	83	Pulse	99	5192088	216311	1
A_HP_22	83	Pulse	99	5212087	236310	1
A_HP_22	83	Pulse	99	5232167	256390	1
A_HP_22	83	Pulse	99	5252167	276390	1
A_HP_22	83	Pulse	99	5272087	296311	1
A_HP_22	84	Response	5	5292087	6079	1
A_HP_22	84	Pulse	99	5292087	6079	1
A_HP_22	85	Picture	response7	5292707	230	1	20229	1	0	20000	hit	393
A_HP_22	85	Response	1	5297046	4569	1
A_HP_22	85	Pulse	99	5312167	19690	1
A_HP_22	86	Picture	response6	5323165	289	1	20229	1	0	20000	hit	396
A_HP_22	86	Response	1	5328556	5679	1
A_HP_22	86	Pulse	99	5332086	9210	1
A_HP_22	86	Pulse	99	5352087	29211	1
A_HP_22	87	Picture	response5	5353457	180	1	20229	1	0	20000	hit	400
A_HP_22	87	Response	1	5358796	5519	1
A_HP_22	87	Pulse	99	5372167	18890	1
A_HP_22	88	Picture	response1	5383915	238	1	20229	1	0	20000	hit	403
A_HP_22	88	Response	1	5388415	4739	1
A_HP_22	88	Pulse	99	5392087	8410	1
A_HP_22	88	Pulse	99	5412087	28410	1
A_HP_22	89	Picture	response4	5414207	130	1	20229	1	0	20000	hit	407
A_HP_22	89	Response	1	5421056	6979	1
A_HP_22	89	Pulse	99	5432087	18010	1
A_HP_22	90	Picture	response2	5444665	187	1	20229	1	0	20000	hit	410
A_HP_22	90	Response	1	5451796	7318	1
A_HP_22	90	Pulse	99	5452166	7689	1
A_HP_22	90	Pulse	99	5472087	27610	1
A_HP_22	91	Picture	response3	5475123	247	1	20229	1	0	20000	hit	414
A_HP_22	91	Response	1	5483306	8429	1
A_HP_22	91	Pulse	99	5492087	17210	1
A_HP_22	92	Picture	response8	5505415	138	1	20230	1	0	20000	hit	417
A_HP_22	92	Response	1	5510376	5099	1
A_HP_22	92	Pulse	99	5512167	6890	1
A_HP_22	92	Pulse	99	5532087	26810	1
A_HP_22	93	Picture	ins3	5535874	197	1	30229	1	0	30000	other	0
A_HP_22	93	Pulse	99	5552087	16410	1
A_HP_22	93	Pulse	99	5572087	36410	1
A_HP_22	93	Pulse	99	5592167	56490	1
A_HP_22	93	Pulse	99	5612087	76410	1
A_HP_22	93	Pulse	99	5632087	96410	1
A_HP_22	93	Pulse	99	5652167	116490	1
A_HP_22	93	Pulse	99	5672087	136410	1
A_HP_22	93	Pulse	99	5692087	156410	1
A_HP_22	93	Pulse	99	5712087	176410	1
A_HP_22	93	Pulse	99	5732167	196490	1
A_HP_22	93	Pulse	99	5752087	216410	1
A_HP_22	93	Pulse	99	5772087	236410	1
A_HP_22	93	Pulse	99	5792167	256490	1
A_HP_22	93	Pulse	99	5812087	276410	1
A_HP_22	93	Pulse	99	5832087	296410	1
A_HP_22	94	Response	5	5852087	6180	1
A_HP_22	94	Pulse	99	5852087	6180	1
A_HP_22	95	Picture	response24	5852706	230	1	20229	1	0	20000	hit	439
A_HP_22	95	Response	2	5860575	8099	1
A_HP_22	95	Pulse	99	5872167	19690	1
A_HP_22	96	Picture	response18	5883164	288	1	20229	1	0	20000	hit	442
A_HP_22	96	Response	2	5889116	6239	1
A_HP_22	96	Pulse	99	5892086	9210	1
A_HP_22	96	Pulse	99	5912087	29210	1
A_HP_22	97	Picture	response20	5913455	179	1	20229	1	0	20000	hit	446
A_HP_22	97	Response	2	5918295	5019	1
A_HP_22	97	Pulse	99	5932167	18890	1
A_HP_22	98	Picture	response17	5943913	237	1	20229	1	0	20000	hit	449
A_HP_22	98	Response	2	5949585	5909	1
A_HP_22	98	Pulse	99	5952086	8410	1
A_HP_22	98	Pulse	99	5972086	28410	1
A_HP_22	99	Picture	response21	5974205	128	1	20229	1	0	20000	hit	453
A_HP_22	99	Response	2	5979935	5859	1
A_HP_22	99	Pulse	99	5992087	18010	1
A_HP_22	100	Picture	response19	6004663	186	1	20229	1	0	20000	hit	456
A_HP_22	100	Response	2	6010135	5659	1
A_HP_22	100	Pulse	99	6012166	7690	1
A_HP_22	100	Pulse	99	6032087	27611	1
A_HP_22	101	Picture	response22	6035121	244	1	20229	1	0	20000	hit	460
A_HP_22	101	Response	2	6041776	6899	1
A_HP_22	101	Pulse	99	6052087	17210	1
A_HP_22	102	Picture	response23	6065412	136	1	20229	1	0	20000	hit	463
A_HP_22	102	Response	2	6071285	6009	1
A_HP_22	102	Pulse	99	6072086	6810	1
A_HP_22	102	Pulse	99	6092087	26810	1
A_HP_22	103	Picture	ins17	6096036	360	1	30229	1	0	30000	other	0
A_HP_22	103	Pulse	99	6112087	16410	1
A_HP_22	103	Pulse	99	6132087	36410	1
A_HP_22	103	Pulse	99	6152167	56490	1
A_HP_22	103	Pulse	99	6172087	76410	1
A_HP_22	103	Pulse	99	6192087	96410	1
A_HP_22	103	Pulse	99	6212087	116410	1
A_HP_22	103	Pulse	99	6232087	136410	1
A_HP_22	103	Pulse	99	6252087	156410	1
A_HP_22	103	Pulse	99	6272087	176411	1
A_HP_22	103	Pulse	99	6292167	196490	1
A_HP_22	103	Pulse	99	6312087	216411	1
A_HP_22	103	Pulse	99	6332086	236410	1
A_HP_22	103	Pulse	99	6352087	256411	1
A_HP_22	103	Pulse	99	6372087	276410	1
A_HP_22	103	Pulse	99	6392086	296410	1
A_HP_22	104	Response	5	6412086	6179	1
A_HP_22	104	Pulse	99	6412086	6179	1
A_HP_22	105	Picture	response136	6412706	230	1	20229	1	0	20000	hit	485
A_HP_22	105	Response	4	6419405	6929	1
A_HP_22	105	Pulse	99	6432166	19690	1
A_HP_22	106	Picture	response135	6443164	288	1	20229	1	0	20000	hit	488
A_HP_22	106	Response	1	6451725	8849	1
A_HP_22	106	Pulse	99	6452086	9210	1
A_HP_22	106	Pulse	99	6472086	29210	1
A_HP_22	107	Picture	response131	6473456	180	1	20229	1	0	20000	hit	492
A_HP_22	107	Response	2	6479415	6139	1
A_HP_22	107	Pulse	99	6492086	18810	1
A_HP_22	108	Picture	response133	6503913	237	1	20229	1	0	20000	hit	496
A_HP_22	108	Pulse	99	6512086	8410	1
A_HP_22	108	Response	1	6516214	12539	1
A_HP_22	108	Pulse	99	6532086	28410	1
A_HP_22	109	Picture	response129	6534205	129	1	20229	1	0	20000	hit	499
A_HP_22	109	Response	1	6541655	7579	1
A_HP_22	109	Pulse	99	6552086	18010	1
A_HP_22	110	Picture	response134	6564663	188	1	20229	1	0	20000	incorrect	503
A_HP_22	110	Pulse	99	6572166	7691	1
A_HP_22	110	Response	2	6583235	18759	1
A_HP_22	110	Pulse	99	6592086	27611	1
A_HP_22	111	Picture	response132	6595121	245	1	20229	1	0	20000	incorrect	506
A_HP_22	111	Response	2	6604935	10059	1
A_HP_22	111	Pulse	99	6612086	17210	1
A_HP_22	112	Picture	response130	6625413	137	1	20229	1	0	20000	hit	509
A_HP_22	112	Response	1	6631735	6459	1
A_HP_22	112	Pulse	99	6632085	6809	1
A_HP_22	112	Pulse	99	6652086	26810	1
A_HP_22	113	Picture	ins15	6655871	195	1	30230	1	0	30000	other	0
A_HP_22	113	Pulse	99	6672087	16411	1
A_HP_22	113	Pulse	99	6692087	36411	1
A_HP_22	113	Pulse	99	6712167	56491	1
A_HP_22	113	Pulse	99	6732086	76411	1
A_HP_22	113	Pulse	99	6752087	96411	1
A_HP_22	113	Pulse	99	6772086	116410	1
A_HP_22	113	Pulse	99	6792086	136410	1
A_HP_22	113	Pulse	99	6812086	156411	1
A_HP_22	113	Pulse	99	6832086	176411	1
A_HP_22	113	Pulse	99	6852166	196491	1
A_HP_22	113	Pulse	99	6872086	216410	1
A_HP_22	113	Pulse	99	6892086	236410	1
A_HP_22	113	Pulse	99	6912086	256411	1
A_HP_22	113	Pulse	99	6932086	276411	1
A_HP_22	113	Pulse	99	6952086	296411	1
A_HP_22	114	Response	5	6972086	6180	1
A_HP_22	114	Pulse	99	6972086	6180	1
A_HP_22	115	Picture	response119	6972706	230	1	20229	1	0	20000	incorrect	531
A_HP_22	115	Response	2	6988825	16349	1
A_HP_22	115	Pulse	99	6992086	19609	1
A_HP_22	116	Picture	response114	7003164	288	1	20229	1	0	20000	hit	534
A_HP_22	116	Response	4	7011795	8919	1
A_HP_22	116	Pulse	99	7012086	9210	1
A_HP_22	116	Pulse	99	7032086	29210	1
A_HP_22	117	Picture	response115	7033455	180	1	20229	1	0	20000	hit	538
A_HP_22	117	Response	2	7038875	5599	1
A_HP_22	117	Pulse	99	7052086	18810	1
A_HP_22	118	Picture	response113	7063913	238	1	20229	1	0	20000	hit	541
A_HP_22	118	Response	2	7070025	6349	1
A_HP_22	118	Pulse	99	7072086	8410	1
A_HP_22	118	Pulse	99	7092086	28411	1
A_HP_22	119	Picture	response116	7094205	129	1	20229	1	0	20000	hit	545
A_HP_22	119	Response	4	7100285	6209	1
A_HP_22	119	Pulse	99	7112086	18011	1
A_HP_22	120	Picture	response120	7124663	188	1	20229	1	0	20000	hit	548
A_HP_22	120	Response	4	7130425	5949	1
A_HP_22	120	Pulse	99	7132086	7610	1
A_HP_22	120	Pulse	99	7152086	27610	1
A_HP_22	121	Picture	response118	7155121	245	1	20229	1	0	20000	hit	552
A_HP_22	121	Response	2	7164975	10099	1
A_HP_22	121	Pulse	99	7172086	17210	1
A_HP_22	122	Picture	response117	7185412	137	1	20229	1	0	20000	incorrect	556
A_HP_22	122	Pulse	99	7192086	6811	1
A_HP_22	122	Response	2	7201775	16499	1
A_HP_22	122	Pulse	99	7212086	26810	1
A_HP_22	123	Picture	thanks	7215370	0	1	10229	1	0	10000	other	0
A_HP_22	123	Pulse	99	7232086	16716	1


Event Type	Code	Type	Response	RT	RT Uncertainty	Time	Uncertainty	Duration	Uncertainty	ReqTime	ReqDur

Picture	ready	other				432401	1	10229	1	0	10000
Picture	ins9	other				493011	1	30229	1	0	30000
Picture	response72	hit	1	11529	2	812809	1	20173	1	0	20000
Picture	response69	incorrect	1	11863	2	843044	1	20229	1	0	20000
Picture	response67	incorrect	1	7629	2	873669	1	20229	1	0	20000
Picture	response70	hit	2	7708	2	903960	1	20229	1	0	20000
Picture	response68	hit	2	4140	2	934418	1	20229	1	0	20000
Picture	response65	hit	1	8508	2	964710	1	20230	1	0	20000
Picture	response71	hit	2	17899	2	995168	1	20229	1	0	20000
Picture	response66	hit	2	12531	2	1025627	1	20230	1	0	20000
Picture	ins11	other				1055919	1	30229	1	0	30000
Picture	response85	hit	1	12339	2	1372809	1	20396	1	0	20000
Picture	response83	hit	3	6477	2	1403101	1	20229	1	0	20000
Picture	response81	hit	1	7637	2	1433671	1	20229	1	0	20000
Picture	response84	hit	1	13015	2	1463962	1	20229	1	0	20000
Picture	response87	hit	3	4118	2	1494420	1	20229	1	0	20000
Picture	response86	hit	1	6011	2	1524727	1	20229	1	0	20000
Picture	response82	hit	3	7333	2	1555185	1	20229	1	0	20000
Picture	response88	hit	3	5316	2	1585642	1	20396	1	0	20000
Picture	ins5	other				1615934	1	30229	1	0	30000
Picture	response37	hit	3	6779	2	1932808	1	20229	1	0	20000
Picture	response38	hit	3	10267	2	1963099	1	20229	1	0	20000
Picture	response40	hit	3	7730	2	1993557	1	20229	1	0	20000
Picture	response33	hit	3	8542	2	2024015	1	20229	1	0	20000
Picture	response39	hit	3	8295	2	2054473	1	20229	1	0	20000
Picture	response36	hit	3	7812	2	2084765	1	20229	1	0	20000
Picture	response34	hit	3	10691	2	2115056	1	20229	1	0	20000
Picture	response35	hit	3	8116	2	2145681	1	20229	1	0	20000
Picture	ins21	other				2175973	1	30229	1	0	30000
Picture	response167	incorrect	1	13769	2	2492808	1	20396	1	0	20000
Picture	response162	hit	4	14367	2	2523100	1	20229	1	0	20000
Picture	response165	hit	3	9650	2	2553558	1	20229	1	0	20000
Picture	response161	hit	2	18412	2	2584015	1	20229	1	0	20000
Picture	response166	hit	4	12434	2	2614473	1	20229	1	0	20000
Picture	response163	hit	2	12932	2	2644765	1	20229	1	0	20000
Picture	response168	hit	4	12121	2	2675056	1	20229	1	0	20000
Picture	response164	hit	1	17316	2	2705681	1	20229	1	0	20000
Picture	ins13	other				2735972	1	30229	1	0	30000
Picture	response99	hit	3	6469	2	3052808	1	20396	1	0	20000
Picture	response103	hit	2	9666	2	3083100	1	20229	1	0	20000
Picture	response101	hit	2	8829	2	3113558	1	20229	1	0	20000
Picture	response104	hit	2	11000	2	3144016	1	20229	1	0	20000
Picture	response102	hit	2	4922	2	3174474	1	20396	1	0	20000
Picture	response98	hit	2	6691	2	3204766	1	20229	1	0	20000
Picture	response97	hit	3	6979	2	3235058	1	20229	1	0	20000
Picture	response100	hit	2	10054	2	3265683	1	20229	1	0	20000
Picture	ins23	other				3295974	1	30396	1	0	30000
Picture	response178	hit	2	17629	2	3612808	1	20396	1	0	20000
Picture	response183	miss				3643099	1	20229	1	0	20000
Picture	response180	hit	1	15099	2	3673557	1	20229	1	0	20000
Picture	response181	hit	2	11461	2	3704015	1	20229	1	0	20000
Picture	response179	hit	3	4893	2	3734474	1	20396	1	0	20000
Picture	response177	hit	1	9310	2	3764766	1	20229	1	0	20000
Picture	response182	hit	2	5750	2	3795057	1	20229	1	0	20000
Picture	response184	hit	3	7115	2	3825681	1	20229	1	0	20000
Picture	ins7	other				3855972	1	30229	1	0	30000
Picture	response56	hit	4	6629	2	4172807	1	20396	1	0	20000
Picture	response53	hit	4	6288	2	4203098	1	20229	1	0	20000
Picture	response51	hit	4	4761	2	4233556	1	20229	1	0	20000
Picture	response50	hit	4	4373	2	4264014	1	20229	1	0	20000
Picture	response49	hit	4	4987	2	4294530	1	20229	1	0	20000
Picture	response54	hit	4	5336	2	4324821	1	20229	1	0	20000
Picture	response55	hit	4	5353	2	4355113	1	20229	1	0	20000
Picture	response52	hit	4	6055	2	4385571	1	20229	1	0	20000
Picture	ins19	other				4416029	1	30229	1	0	30000
Picture	response149	hit	3	7620	2	4732807	1	20396	1	0	20000
Picture	response151	incorrect	4	11898	2	4763099	1	20229	1	0	20000
Picture	response147	hit	3	5750	2	4793557	1	20230	1	0	20000
Picture	response152	incorrect	4	6850	2	4824016	1	20229	1	0	20000
Picture	response145	hit	1	8462	2	4854474	1	20396	1	0	20000
Picture	response150	hit	4	14701	2	4884765	1	20229	1	0	20000
Picture	response146	hit	1	9699	2	4915057	1	20229	1	0	20000
Picture	response148	hit	2	9804	2	4945681	1	20229	1	0	20000
Picture	ins1	other				4975973	1	30396	1	0	30000
Picture	response7	hit	1	4339	2	5292707	1	20229	1	0	20000
Picture	response6	hit	1	5391	2	5323165	1	20229	1	0	20000
Picture	response5	hit	1	5339	2	5353457	1	20229	1	0	20000
Picture	response1	hit	1	4501	2	5383915	1	20229	1	0	20000
Picture	response4	hit	1	6849	2	5414207	1	20229	1	0	20000
Picture	response2	hit	1	7131	2	5444665	1	20229	1	0	20000
Picture	response3	hit	1	8182	2	5475123	1	20229	1	0	20000
Picture	response8	hit	1	4961	2	5505415	1	20230	1	0	20000
Picture	ins3	other				5535874	1	30229	1	0	30000
Picture	response24	hit	2	7869	2	5852706	1	20229	1	0	20000
Picture	response18	hit	2	5951	2	5883164	1	20229	1	0	20000
Picture	response20	hit	2	4840	2	5913455	1	20229	1	0	20000
Picture	response17	hit	2	5672	2	5943913	1	20229	1	0	20000
Picture	response21	hit	2	5731	2	5974205	1	20229	1	0	20000
Picture	response19	hit	2	5473	2	6004663	1	20229	1	0	20000
Picture	response22	hit	2	6655	2	6035121	1	20229	1	0	20000
Picture	response23	hit	2	5873	2	6065412	1	20229	1	0	20000
Picture	ins17	other				6096036	1	30229	1	0	30000
Picture	response136	hit	4	6699	2	6412706	1	20229	1	0	20000
Picture	response135	hit	1	8561	2	6443164	1	20229	1	0	20000
Picture	response131	hit	2	5959	2	6473456	1	20229	1	0	20000
Picture	response133	hit	1	12301	2	6503913	1	20229	1	0	20000
Picture	response129	hit	1	7451	2	6534205	1	20229	1	0	20000
Picture	response134	incorrect	2	18572	2	6564663	1	20229	1	0	20000
Picture	response132	incorrect	2	9814	2	6595121	1	20229	1	0	20000
Picture	response130	hit	1	6322	2	6625413	1	20229	1	0	20000
Picture	ins15	other				6655871	1	30230	1	0	30000
Picture	response119	incorrect	2	16119	2	6972706	1	20229	1	0	20000
Picture	response114	hit	4	8631	2	7003164	1	20229	1	0	20000
Picture	response115	hit	2	5420	2	7033455	1	20229	1	0	20000
Picture	response113	hit	2	6112	2	7063913	1	20229	1	0	20000
Picture	response116	hit	4	6080	2	7094205	1	20229	1	0	20000
Picture	response120	hit	4	5762	2	7124663	1	20229	1	0	20000
Picture	response118	hit	2	9854	2	7155121	1	20229	1	0	20000
Picture	response117	incorrect	2	16363	2	7185412	1	20229	1	0	20000
Picture	thanks	other				7215370	1	10229	1	0	10000


{
   "app": "Presentation Version 21.0 Build 06.06.19",
   "device": "LENOVO 20KHCTO1WW",
   "experiment": "{C0C68DB1-10BA-42F2-8F79-3F2AFFEED4E4}",
   "os": "Windows 10 64 bit",
   "package": "",
   "parameters": {
      "configuration": "Default configuration"
   },
   "scenario": "Response experiment(1).sce",
   "subject": "A_HP_22",
   "timestamp": "2019/10/17 06:15:16 GMT"
}
