Scenario - 
Logfile written - 01/16/2020 16:39:01

Subject	Trial	Event Type	Code	Time	TTime	Uncertainty	Duration	Uncertainty	ReqTime	ReqDur	Stim Type	Pair Index

A_HP_49	1	Response	5	290784	289956	1
A_HP_49	1	Pulse	99	290784	289956	1
A_HP_49	2	Picture	ready	290864	0	1	10162	1	0	10000	other	0
A_HP_49	2	Pulse	99	310784	19920	1
A_HP_49	2	Pulse	99	330864	40000	1
A_HP_49	2	Pulse	99	350784	59920	1
A_HP_49	3	Picture	ins3	351337	149	1	30153	1	0	30000	other	0
A_HP_49	3	Pulse	99	370784	19597	1
A_HP_49	3	Pulse	99	390865	39677	1
A_HP_49	3	Pulse	99	410784	59597	1
A_HP_49	3	Pulse	99	430784	79597	1
A_HP_49	3	Pulse	99	450864	99677	1
A_HP_49	3	Pulse	99	470865	119677	1
A_HP_49	3	Pulse	99	490785	139598	1
A_HP_49	3	Pulse	99	510864	159677	1
A_HP_49	3	Pulse	99	530865	179677	1
A_HP_49	3	Pulse	99	550784	199597	1
A_HP_49	3	Pulse	99	570784	219597	1
A_HP_49	3	Pulse	99	590864	239676	1
A_HP_49	3	Pulse	99	610784	259597	1
A_HP_49	3	Pulse	99	630784	279597	1
A_HP_49	3	Pulse	99	650864	299677	1
A_HP_49	4	Response	5	670784	9421	1
A_HP_49	4	Pulse	99	670784	9421	1
A_HP_49	5	Picture	response17	671358	171	1	20158	1	0	20000	hit	26
A_HP_49	5	Response	2	686513	15326	1
A_HP_49	5	Pulse	99	690784	19597	1
A_HP_49	6	Picture	response19	701678	90	1	20158	1	0	20000	hit	30
A_HP_49	6	Pulse	99	710865	9277	1
A_HP_49	6	Response	2	712333	10745	1
A_HP_49	6	Pulse	99	730785	29197	1
A_HP_49	7	Picture	response21	732164	177	1	20157	1	0	20000	hit	33
A_HP_49	7	Response	2	740324	8336	1
A_HP_49	7	Pulse	99	750785	18797	1
A_HP_49	8	Picture	response20	762484	96	1	20158	1	0	20000	hit	37
A_HP_49	8	Pulse	99	770865	8477	1
A_HP_49	8	Response	2	773163	10775	1
A_HP_49	8	Pulse	99	790785	28397	1
A_HP_49	9	Picture	response23	792970	182	1	20158	1	0	20000	hit	40
A_HP_49	9	Response	2	803213	10426	1
A_HP_49	9	Pulse	99	810784	17997	1
A_HP_49	10	Picture	response24	823290	102	1	20158	1	0	20000	hit	44
A_HP_49	10	Pulse	99	830864	7676	1
A_HP_49	10	Response	2	834003	10816	1
A_HP_49	10	Pulse	99	850785	27597	1
A_HP_49	11	Picture	response18	853776	188	1	20157	1	0	20000	hit	47
A_HP_49	11	Response	2	860823	7236	1
A_HP_49	11	Pulse	99	870785	17197	1
A_HP_49	12	Picture	response22	884096	108	1	20157	1	0	20000	hit	51
A_HP_49	12	Pulse	99	890865	6877	1
A_HP_49	12	Response	2	899773	15785	1
A_HP_49	12	Pulse	99	910785	26797	1
A_HP_49	13	Picture	ins13	914582	194	1	30153	1	0	30000	other	0
A_HP_49	13	Pulse	99	930784	16397	1
A_HP_49	13	Pulse	99	950864	36476	1
A_HP_49	13	Pulse	99	970785	56397	1
A_HP_49	13	Pulse	99	990785	76397	1
A_HP_49	13	Pulse	99	1010865	96477	1
A_HP_49	13	Pulse	99	1030785	116397	1
A_HP_49	13	Pulse	99	1050785	136397	1
A_HP_49	13	Pulse	99	1070865	156477	1
A_HP_49	13	Pulse	99	1090785	176397	1
A_HP_49	13	Pulse	99	1110785	196397	1
A_HP_49	13	Pulse	99	1130865	216477	1
A_HP_49	13	Pulse	99	1150785	236397	1
A_HP_49	13	Pulse	99	1170785	256397	1
A_HP_49	13	Pulse	99	1190865	276477	1
A_HP_49	13	Pulse	99	1210785	296397	1
A_HP_49	14	Response	5	1230785	6343	1
A_HP_49	14	Pulse	99	1230785	6343	1
A_HP_49	15	Picture	response104	1231272	84	1	20158	1	0	20000	hit	72
A_HP_49	15	Response	2	1241623	10435	1
A_HP_49	15	Pulse	99	1250785	19597	1
A_HP_49	16	Picture	response101	1261758	170	1	20158	1	0	20000	hit	76
A_HP_49	16	Pulse	99	1270785	9197	1
A_HP_49	16	Response	2	1270803	9215	1
A_HP_49	16	Pulse	99	1290785	29197	1
A_HP_49	17	Picture	response102	1292078	90	1	20157	1	0	20000	hit	79
A_HP_49	17	Response	2	1297664	5676	1
A_HP_49	17	Pulse	99	1310785	18797	1
A_HP_49	18	Picture	response98	1322564	176	1	20158	1	0	20000	hit	82
A_HP_49	18	Response	2	1328094	5706	1
A_HP_49	18	Pulse	99	1330785	8397	1
A_HP_49	18	Pulse	99	1350785	28397	1
A_HP_49	19	Picture	response97	1352883	95	1	20158	1	0	20000	hit	86
A_HP_49	19	Response	3	1358004	5216	1
A_HP_49	19	Pulse	99	1370785	17997	1
A_HP_49	20	Picture	response100	1383370	182	1	20158	1	0	20000	hit	89
A_HP_49	20	Response	2	1388884	5696	1
A_HP_49	20	Pulse	99	1390784	7596	1
A_HP_49	20	Pulse	99	1410785	27597	1
A_HP_49	21	Picture	response99	1413689	101	1	20158	1	0	20000	hit	93
A_HP_49	21	Response	3	1417374	3786	1
A_HP_49	21	Pulse	99	1430785	17197	1
A_HP_49	22	Picture	response103	1444176	187	1	20157	1	0	20000	hit	97
A_HP_49	22	Pulse	99	1450785	6797	1
A_HP_49	22	Response	2	1452724	8736	1
A_HP_49	22	Pulse	99	1470785	26797	1
A_HP_49	23	Picture	ins5	1474495	107	1	30153	1	0	30000	other	0
A_HP_49	23	Pulse	99	1490785	16396	1
A_HP_49	23	Pulse	99	1510785	36397	1
A_HP_49	23	Pulse	99	1530785	56397	1
A_HP_49	23	Pulse	99	1550785	76396	1
A_HP_49	23	Pulse	99	1570785	96397	1
A_HP_49	23	Pulse	99	1590785	116397	1
A_HP_49	23	Pulse	99	1610785	136397	1
A_HP_49	23	Pulse	99	1630785	156397	1
A_HP_49	23	Pulse	99	1650785	176397	1
A_HP_49	23	Pulse	99	1670785	196397	1
A_HP_49	23	Pulse	99	1690785	216397	1
A_HP_49	23	Pulse	99	1710785	236397	1
A_HP_49	23	Pulse	99	1730785	256397	1
A_HP_49	23	Pulse	99	1750785	276397	1
A_HP_49	23	Pulse	99	1770785	296397	1
A_HP_49	24	Response	5	1790785	6264	1
A_HP_49	24	Pulse	99	1790785	6264	1
A_HP_49	25	Picture	response34	1791352	163	1	20157	1	0	20000	hit	118
A_HP_49	25	Response	3	1799594	8405	1
A_HP_49	25	Pulse	99	1810785	19597	1
A_HP_49	26	Picture	response36	1821671	83	1	20158	1	0	20000	hit	122
A_HP_49	26	Pulse	99	1830785	9197	1
A_HP_49	26	Response	3	1830803	9215	1
A_HP_49	26	Pulse	99	1850785	29197	1
A_HP_49	27	Picture	response33	1852157	169	1	20158	1	0	20000	hit	125
A_HP_49	27	Response	3	1858514	6526	1
A_HP_49	27	Pulse	99	1870785	18797	1
A_HP_49	28	Picture	response38	1882477	89	1	20158	1	0	20000	hit	128
A_HP_49	28	Response	3	1888264	5875	1
A_HP_49	28	Pulse	99	1890785	8396	1
A_HP_49	28	Pulse	99	1910785	28397	1
A_HP_49	29	Picture	response37	1912963	175	1	20158	1	0	20000	hit	132
A_HP_49	29	Response	3	1919294	6505	1
A_HP_49	29	Pulse	99	1930785	17997	1
A_HP_49	30	Picture	response40	1943283	95	1	20158	1	0	20000	hit	136
A_HP_49	30	Pulse	99	1950785	7597	1
A_HP_49	30	Response	3	1953714	10526	1
A_HP_49	30	Pulse	99	1970785	27597	1
A_HP_49	31	Picture	response35	1973769	181	1	20158	1	0	20000	hit	139
A_HP_49	31	Response	3	1981524	7936	1
A_HP_49	31	Pulse	99	1990785	17197	1
A_HP_49	32	Picture	response39	2004089	100	1	20158	1	0	20000	hit	142
A_HP_49	32	Response	3	2009944	5956	1
A_HP_49	32	Pulse	99	2010785	6797	1
A_HP_49	32	Pulse	99	2030785	26797	1
A_HP_49	33	Picture	ins9	2034575	187	1	30153	1	0	30000	other	0
A_HP_49	33	Pulse	99	2050785	16397	1
A_HP_49	33	Pulse	99	2070785	36397	1
A_HP_49	33	Pulse	99	2090785	56397	1
A_HP_49	33	Pulse	99	2110785	76397	1
A_HP_49	33	Pulse	99	2130785	96397	1
A_HP_49	33	Pulse	99	2150785	116397	1
A_HP_49	33	Pulse	99	2170785	136397	1
A_HP_49	33	Pulse	99	2190785	156397	1
A_HP_49	33	Pulse	99	2210786	176397	1
A_HP_49	33	Pulse	99	2230785	196397	1
A_HP_49	33	Pulse	99	2250785	216397	1
A_HP_49	33	Pulse	99	2270785	236397	1
A_HP_49	33	Pulse	99	2290785	256397	1
A_HP_49	33	Pulse	99	2310785	276397	1
A_HP_49	33	Pulse	99	2330786	296397	1
A_HP_49	34	Response	5	2350785	6350	1
A_HP_49	34	Pulse	99	2350785	6350	1
A_HP_49	35	Picture	response72	2351265	77	1	20158	1	0	20000	hit	164
A_HP_49	35	Response	1	2358374	7185	1
A_HP_49	35	Pulse	99	2370785	19597	1
A_HP_49	36	Picture	response67	2381751	163	1	20158	1	0	20000	hit	167
A_HP_49	36	Response	2	2390224	8636	1
A_HP_49	36	Pulse	99	2390785	9196	1
A_HP_49	36	Pulse	99	2410786	29197	1
A_HP_49	37	Picture	response65	2412071	82	1	20158	1	0	20000	hit	171
A_HP_49	37	Response	1	2417184	5196	1
A_HP_49	37	Pulse	99	2430785	18797	1
A_HP_49	38	Picture	response69	2442557	169	1	20158	1	0	20000	hit	174
A_HP_49	38	Response	2	2448814	6426	1
A_HP_49	38	Pulse	99	2450785	8396	1
A_HP_49	38	Pulse	99	2470786	28397	1
A_HP_49	39	Picture	response68	2472877	88	1	20158	1	0	20000	hit	178
A_HP_49	39	Response	2	2478174	5385	1
A_HP_49	39	Pulse	99	2490785	17997	1
A_HP_49	40	Picture	response70	2503363	174	1	20157	1	0	20000	hit	181
A_HP_49	40	Response	2	2508374	5185	1
A_HP_49	40	Pulse	99	2510785	7596	1
A_HP_49	40	Pulse	99	2530785	27596	1
A_HP_49	41	Picture	response71	2533683	94	1	20158	1	0	20000	hit	185
A_HP_49	41	Response	2	2544244	10655	1
A_HP_49	41	Pulse	99	2550785	17197	1
A_HP_49	42	Picture	response66	2564169	180	1	20158	1	0	20000	hit	188
A_HP_49	42	Response	2	2567824	3835	1
A_HP_49	42	Pulse	99	2570786	6798	1
A_HP_49	42	Pulse	99	2590786	26797	1
A_HP_49	43	Picture	ins21	2594488	100	1	30153	1	0	30000	other	0
A_HP_49	43	Pulse	99	2610786	16397	1
A_HP_49	43	Pulse	99	2630786	36397	1
A_HP_49	43	Pulse	99	2650786	56397	1
A_HP_49	43	Pulse	99	2670785	76397	1
A_HP_49	43	Pulse	99	2690786	96397	1
A_HP_49	43	Pulse	99	2710785	116396	1
A_HP_49	43	Pulse	99	2730785	136397	1
A_HP_49	43	Pulse	99	2750786	156397	1
A_HP_49	43	Pulse	99	2770785	176397	1
A_HP_49	43	Pulse	99	2790786	196397	1
A_HP_49	43	Pulse	99	2810786	216397	1
A_HP_49	43	Pulse	99	2830786	236397	1
A_HP_49	43	Pulse	99	2850786	256397	1
A_HP_49	43	Pulse	99	2870786	276397	1
A_HP_49	43	Pulse	99	2890786	296397	1
A_HP_49	44	Response	5	2910786	6271	1
A_HP_49	44	Pulse	99	2910786	6271	1
A_HP_49	45	Picture	response163	2911345	156	1	20158	1	0	20000	hit	210
A_HP_49	45	Response	2	2928915	17726	1
A_HP_49	45	Pulse	99	2930785	19596	1
A_HP_49	46	Picture	response167	2941665	76	1	20158	1	0	20000	hit	214
A_HP_49	46	Pulse	99	2950786	9197	1
A_HP_49	46	Response	2	2951184	9595	1
A_HP_49	46	Pulse	99	2970786	29197	1
A_HP_49	47	Picture	response162	2972151	162	1	20157	1	0	20000	hit	217
A_HP_49	47	Response	4	2986355	14366	1
A_HP_49	47	Pulse	99	2990786	18797	1
A_HP_49	48	Picture	response164	3002471	82	1	20157	1	0	20000	hit	221
A_HP_49	48	Pulse	99	3010786	8397	1
A_HP_49	48	Response	1	3015075	12685	1
A_HP_49	48	Pulse	99	3030786	28397	1
A_HP_49	49	Picture	response161	3032957	168	1	20158	1	0	20000	hit	224
A_HP_49	49	Response	2	3042645	9856	1
A_HP_49	49	Pulse	99	3050786	17997	1
A_HP_49	50	Picture	response165	3063276	87	1	20158	1	0	20000	hit	227
A_HP_49	50	Response	3	3070745	7555	1
A_HP_49	50	Pulse	99	3070785	7596	1
A_HP_49	50	Pulse	99	3090786	27597	1
A_HP_49	51	Picture	response168	3093763	173	1	20158	1	0	20000	hit	231
A_HP_49	51	Response	4	3104174	10585	1
A_HP_49	51	Pulse	99	3110786	17197	1
A_HP_49	52	Picture	response166	3124082	93	1	20158	1	0	20000	hit	234
A_HP_49	52	Response	4	3129825	5836	1
A_HP_49	52	Pulse	99	3130785	6796	1
A_HP_49	52	Pulse	99	3150786	26797	1
A_HP_49	53	Picture	ins15	3154568	179	1	30153	1	0	30000	other	0
A_HP_49	53	Pulse	99	3170786	16397	1
A_HP_49	53	Pulse	99	3190786	36397	1
A_HP_49	53	Pulse	99	3210786	56397	1
A_HP_49	53	Pulse	99	3230786	76397	1
A_HP_49	53	Pulse	99	3250786	96397	1
A_HP_49	53	Pulse	99	3270786	116397	1
A_HP_49	53	Pulse	99	3290786	136397	1
A_HP_49	53	Pulse	99	3310786	156397	1
A_HP_49	53	Pulse	99	3330786	176397	1
A_HP_49	53	Pulse	99	3350786	196397	1
A_HP_49	53	Pulse	99	3370786	216397	1
A_HP_49	53	Pulse	99	3390787	236398	1
A_HP_49	53	Pulse	99	3410786	256397	1
A_HP_49	53	Pulse	99	3430786	276397	1
A_HP_49	53	Pulse	99	3450786	296397	1
A_HP_49	54	Response	5	3470786	6358	1
A_HP_49	54	Pulse	99	3470786	6358	1
A_HP_49	55	Picture	response119	3471258	69	1	20158	1	0	20000	hit	257
A_HP_49	55	Pulse	99	3490786	19597	1
A_HP_49	55	Response	4	3494565	23375	1
A_HP_49	56	Picture	response120	3501745	155	1	20158	1	0	20000	hit	260
A_HP_49	56	Pulse	99	3510786	9197	1
A_HP_49	56	Response	4	3513005	11416	1
A_HP_49	56	Pulse	99	3530786	29197	1
A_HP_49	57	Picture	response114	3532064	75	1	20157	1	0	20000	hit	263
A_HP_49	57	Response	4	3537405	5415	1
A_HP_49	57	Pulse	99	3550786	18797	1
A_HP_49	58	Picture	response118	3562550	161	1	20158	1	0	20000	hit	266
A_HP_49	58	Response	2	3570335	7946	1
A_HP_49	58	Pulse	99	3570786	8396	1
A_HP_49	58	Pulse	99	3590786	28397	1
A_HP_49	59	Picture	response117	3592870	81	1	20158	1	0	20000	hit	270
A_HP_49	59	Response	4	3600015	7226	1
A_HP_49	59	Pulse	99	3610787	17997	1
A_HP_49	60	Picture	response115	3623356	167	1	20158	1	0	20000	hit	274
A_HP_49	60	Pulse	99	3630786	7597	1
A_HP_49	60	Response	2	3632175	8985	1
A_HP_49	60	Pulse	99	3650786	27597	1
A_HP_49	61	Picture	response116	3653676	87	1	20158	1	0	20000	hit	277
A_HP_49	61	Response	4	3661335	7746	1
A_HP_49	61	Pulse	99	3670786	17197	1
A_HP_49	62	Picture	response113	3684162	173	1	20158	1	0	20000	hit	280
A_HP_49	62	Response	2	3688105	4116	1
A_HP_49	62	Pulse	99	3690786	6797	1
A_HP_49	62	Pulse	99	3710786	26797	1
A_HP_49	63	Picture	ins1	3714482	92	1	30153	1	0	30000	other	0
A_HP_49	63	Pulse	99	3730786	16397	1
A_HP_49	63	Pulse	99	3750786	36396	1
A_HP_49	63	Pulse	99	3770786	56396	1
A_HP_49	63	Pulse	99	3790786	76397	1
A_HP_49	63	Pulse	99	3810786	96397	1
A_HP_49	63	Pulse	99	3830786	116397	1
A_HP_49	63	Pulse	99	3850786	136397	1
A_HP_49	63	Pulse	99	3870786	156397	1
A_HP_49	63	Pulse	99	3890786	176397	1
A_HP_49	63	Pulse	99	3910786	196397	1
A_HP_49	63	Pulse	99	3930786	216397	1
A_HP_49	63	Pulse	99	3950786	236397	1
A_HP_49	63	Pulse	99	3970786	256397	1
A_HP_49	63	Pulse	99	3990786	276397	1
A_HP_49	63	Pulse	99	4010786	296397	1
A_HP_49	64	Response	5	4030786	6278	1
A_HP_49	64	Pulse	99	4030786	6278	1
A_HP_49	65	Picture	response4	4031338	149	1	20158	1	0	20000	hit	302
A_HP_49	65	Response	1	4034825	3636	1
A_HP_49	65	Pulse	99	4050786	19597	1
A_HP_49	66	Picture	response1	4061658	68	1	20158	1	0	20000	hit	305
A_HP_49	66	Response	1	4064515	2926	1
A_HP_49	66	Pulse	99	4070786	9197	1
A_HP_49	66	Pulse	99	4090786	29197	1
A_HP_49	67	Picture	response3	4092144	155	1	20157	1	0	20000	hit	309
A_HP_49	67	Response	1	4097495	5505	1
A_HP_49	67	Pulse	99	4110786	18797	1
A_HP_49	68	Picture	response8	4122464	74	1	20158	1	0	20000	hit	313
A_HP_49	68	Pulse	99	4130786	8397	1
A_HP_49	68	Response	1	4130904	8515	1
A_HP_49	68	Pulse	99	4150786	28396	1
A_HP_49	69	Picture	response2	4152950	160	1	20158	1	0	20000	hit	316
A_HP_49	69	Response	1	4156136	3346	1
A_HP_49	69	Pulse	99	4170787	17997	1
A_HP_49	70	Picture	response5	4183270	80	1	20157	1	0	20000	hit	319
A_HP_49	70	Response	1	4185825	2636	1
A_HP_49	70	Pulse	99	4190786	7597	1
A_HP_49	70	Pulse	99	4210787	27597	1
A_HP_49	71	Picture	response6	4213756	166	1	20158	1	0	20000	hit	323
A_HP_49	71	Response	1	4216095	2505	1
A_HP_49	71	Pulse	99	4230786	17197	1
A_HP_49	72	Picture	response7	4244075	85	1	20158	1	0	20000	hit	326
A_HP_49	72	Response	1	4246895	2905	1
A_HP_49	72	Pulse	99	4250786	6797	1
A_HP_49	72	Pulse	99	4270786	26797	1
A_HP_49	73	Picture	ins23	4274562	172	1	30153	1	0	30000	other	0
A_HP_49	73	Pulse	99	4290787	16397	1
A_HP_49	73	Pulse	99	4310786	36397	1
A_HP_49	73	Pulse	99	4330786	56397	1
A_HP_49	73	Pulse	99	4350787	76397	1
A_HP_49	73	Pulse	99	4370787	96397	1
A_HP_49	73	Pulse	99	4390786	116397	1
A_HP_49	73	Pulse	99	4410787	136397	1
A_HP_49	73	Pulse	99	4430786	156397	1
A_HP_49	73	Pulse	99	4450787	176397	1
A_HP_49	73	Pulse	99	4470787	196397	1
A_HP_49	73	Pulse	99	4490788	216399	1
A_HP_49	73	Pulse	99	4510786	236397	1
A_HP_49	73	Pulse	99	4530787	256397	1
A_HP_49	73	Pulse	99	4550787	276397	1
A_HP_49	73	Pulse	99	4570786	296397	1
A_HP_49	74	Response	5	4590787	6198	1
A_HP_49	74	Pulse	99	4590787	6198	1
A_HP_49	75	Picture	response181	4591252	62	1	20157	1	0	20000	hit	348
A_HP_49	75	Response	2	4609526	18336	1
A_HP_49	75	Pulse	99	4610786	19596	1
A_HP_49	76	Picture	response180	4621738	148	1	20158	1	0	20000	hit	351
A_HP_49	76	Response	1	4630606	9016	1
A_HP_49	76	Pulse	99	4630786	9196	1
A_HP_49	76	Pulse	99	4650787	29197	1
A_HP_49	77	Picture	response183	4652057	67	1	20158	1	0	20000	hit	355
A_HP_49	77	Response	4	4658226	6236	1
A_HP_49	77	Pulse	99	4670787	18797	1
A_HP_49	78	Picture	response182	4682544	154	1	20158	1	0	20000	hit	359
A_HP_49	78	Pulse	99	4690787	8397	1
A_HP_49	78	Response	2	4691155	8765	1
A_HP_49	78	Pulse	99	4710787	28397	1
A_HP_49	79	Picture	response178	4712863	73	1	20158	1	0	20000	hit	362
A_HP_49	79	Response	2	4718906	6116	1
A_HP_49	79	Pulse	99	4730787	17997	1
A_HP_49	80	Picture	response179	4743350	160	1	20158	1	0	20000	hit	365
A_HP_49	80	Response	3	4747296	4106	1
A_HP_49	80	Pulse	99	4750787	7597	1
A_HP_49	80	Pulse	99	4770787	27597	1
A_HP_49	81	Picture	response177	4773669	79	1	20158	1	0	20000	hit	369
A_HP_49	81	Response	1	4783135	9545	1
A_HP_49	81	Pulse	99	4790787	17197	1
A_HP_49	82	Picture	response184	4804155	165	1	20158	1	0	20000	hit	373
A_HP_49	82	Pulse	99	4810787	6797	1
A_HP_49	82	Response	3	4811435	7445	1
A_HP_49	82	Pulse	99	4830787	26797	1
A_HP_49	83	Picture	ins19	4834475	85	1	30153	1	0	30000	other	0
A_HP_49	83	Pulse	99	4850787	16397	1
A_HP_49	83	Pulse	99	4870787	36397	1
A_HP_49	83	Pulse	99	4890787	56397	1
A_HP_49	83	Pulse	99	4910787	76397	1
A_HP_49	83	Pulse	99	4930787	96397	1
A_HP_49	83	Pulse	99	4950787	116397	1
A_HP_49	83	Pulse	99	4970787	136397	1
A_HP_49	83	Pulse	99	4990787	156397	1
A_HP_49	83	Pulse	99	5010787	176397	1
A_HP_49	83	Pulse	99	5030786	196396	1
A_HP_49	83	Pulse	99	5050787	216397	1
A_HP_49	83	Pulse	99	5070787	236397	1
A_HP_49	83	Pulse	99	5090787	256397	1
A_HP_49	83	Pulse	99	5110787	276397	1
A_HP_49	83	Pulse	99	5130787	296397	1
A_HP_49	84	Response	5	5150787	6286	1
A_HP_49	84	Pulse	99	5150787	6286	1
A_HP_49	85	Picture	response149	5151332	142	1	20157	1	0	20000	hit	394
A_HP_49	85	Response	3	5162516	11326	1
A_HP_49	85	Pulse	99	5170787	19597	1
A_HP_49	86	Picture	response152	5181651	61	1	20157	1	0	20000	hit	398
A_HP_49	86	Pulse	99	5190787	9197	1
A_HP_49	86	Response	2	5190985	9395	1
A_HP_49	86	Pulse	99	5210787	29197	1
A_HP_49	87	Picture	response146	5212138	147	1	20157	1	0	20000	hit	401
A_HP_49	87	Response	1	5221166	9176	1
A_HP_49	87	Pulse	99	5230787	18797	1
A_HP_49	88	Picture	response150	5242457	67	1	20158	1	0	20000	hit	404
A_HP_49	88	Response	4	5249906	7516	1
A_HP_49	88	Pulse	99	5250786	8396	1
A_HP_49	88	Pulse	99	5270787	28397	1
A_HP_49	89	Picture	response148	5272943	153	1	20158	1	0	20000	hit	408
A_HP_49	89	Response	2	5283916	11126	1
A_HP_49	89	Pulse	99	5290787	17997	1
A_HP_49	90	Picture	response151	5303263	73	1	20157	1	0	20000	hit	411
A_HP_49	90	Response	2	5309786	6595	1
A_HP_49	90	Pulse	99	5310787	7596	1
A_HP_49	90	Pulse	99	5330787	27597	1
A_HP_49	91	Picture	response145	5333749	159	1	20158	1	0	20000	hit	415
A_HP_49	91	Response	1	5339636	6046	1
A_HP_49	91	Pulse	99	5350787	17197	1
A_HP_49	92	Picture	response147	5364069	78	1	20157	1	0	20000	hit	418
A_HP_49	92	Response	3	5367926	3936	1
A_HP_49	92	Pulse	99	5370788	6798	1
A_HP_49	92	Pulse	99	5390707	26717	1
A_HP_49	93	Picture	ins17	5394555	165	1	30153	1	0	30000	other	0
A_HP_49	93	Pulse	99	5410787	16397	1
A_HP_49	93	Pulse	99	5430787	36397	1
A_HP_49	93	Pulse	99	5450708	56318	1
A_HP_49	93	Pulse	99	5470787	76397	1
A_HP_49	93	Pulse	99	5490787	96397	1
A_HP_49	93	Pulse	99	5510707	116317	1
A_HP_49	93	Pulse	99	5530786	136396	1
A_HP_49	93	Pulse	99	5550787	156397	1
A_HP_49	93	Pulse	99	5570707	176317	1
A_HP_49	93	Pulse	99	5590787	196397	1
A_HP_49	93	Pulse	99	5610788	216397	1
A_HP_49	93	Pulse	99	5630707	236317	1
A_HP_49	93	Pulse	99	5650787	256397	1
A_HP_49	93	Pulse	99	5670787	276397	1
A_HP_49	93	Pulse	99	5690707	296317	1
A_HP_49	94	Response	5	5710787	6206	1
A_HP_49	94	Pulse	99	5710787	6206	1
A_HP_49	95	Picture	response136	5711245	55	1	20157	1	0	20000	hit	440
A_HP_49	95	Response	4	5722337	11146	1
A_HP_49	95	Pulse	99	5730787	19597	1
A_HP_49	96	Picture	response131	5741731	141	1	20158	1	0	20000	hit	444
A_HP_49	96	Pulse	99	5750707	9117	1
A_HP_49	96	Response	2	5756156	14566	1
A_HP_49	96	Pulse	99	5770787	29197	1
A_HP_49	97	Picture	response135	5772051	60	1	20158	1	0	20000	hit	447
A_HP_49	97	Response	1	5780756	8766	1
A_HP_49	97	Pulse	99	5790787	18797	1
A_HP_49	98	Picture	response130	5802537	147	1	20158	1	0	20000	hit	450
A_HP_49	98	Response	1	5807376	4986	1
A_HP_49	98	Pulse	99	5810707	8317	1
A_HP_49	98	Pulse	99	5830787	28397	1
A_HP_49	99	Picture	response134	5832857	66	1	20158	1	0	20000	hit	455
A_HP_49	99	Pulse	99	5850788	17997	1
A_HP_49	99	Response	4	5851525	18735	1
A_HP_49	100	Picture	response132	5863343	152	1	20158	1	0	20000	hit	458
A_HP_49	100	Pulse	99	5870707	7517	1
A_HP_49	100	Response	4	5874757	11566	1
A_HP_49	100	Pulse	99	5890787	27597	1
A_HP_49	101	Picture	response133	5893662	72	1	20158	1	0	20000	hit	461
A_HP_49	101	Response	1	5900056	6466	1
A_HP_49	101	Pulse	99	5910787	17197	1
A_HP_49	102	Picture	response129	5924149	158	1	20158	1	0	20000	hit	464
A_HP_49	102	Response	1	5930536	6546	1
A_HP_49	102	Pulse	99	5930707	6716	1
A_HP_49	102	Pulse	99	5950788	26797	1
A_HP_49	103	Picture	ins7	5954468	78	1	30153	1	0	30000	other	0
A_HP_49	103	Pulse	99	5970788	16397	1
A_HP_49	103	Pulse	99	5990707	36317	1
A_HP_49	103	Pulse	99	6010788	56397	1
A_HP_49	103	Pulse	99	6030787	76397	1
A_HP_49	103	Pulse	99	6050707	96317	1
A_HP_49	103	Pulse	99	6070707	116317	1
A_HP_49	103	Pulse	99	6090788	136397	1
A_HP_49	103	Pulse	99	6110708	156317	1
A_HP_49	103	Pulse	99	6130708	176317	1
A_HP_49	103	Pulse	99	6150788	196397	1
A_HP_49	103	Pulse	99	6170707	216317	1
A_HP_49	103	Pulse	99	6190708	236317	1
A_HP_49	103	Pulse	99	6210788	256397	1
A_HP_49	103	Pulse	99	6230707	276317	1
A_HP_49	103	Pulse	99	6250708	296317	1
A_HP_49	104	Response	5	6270787	6293	1
A_HP_49	104	Pulse	99	6270787	6293	1
A_HP_49	105	Picture	response50	6271325	134	1	20158	1	0	20000	hit	486
A_HP_49	105	Response	4	6283256	12066	1
A_HP_49	105	Pulse	99	6290708	19517	1
A_HP_49	106	Picture	response54	6301645	54	1	20157	1	0	20000	hit	489
A_HP_49	106	Response	4	6305876	4285	1
A_HP_49	106	Pulse	99	6310707	9116	1
A_HP_49	106	Pulse	99	6330788	29197	1
A_HP_49	107	Picture	response53	6332131	140	1	20158	1	0	20000	hit	493
A_HP_49	107	Response	4	6336427	4436	1
A_HP_49	107	Pulse	99	6350708	18717	1
A_HP_49	108	Picture	response49	6362450	59	1	20158	1	0	20000	hit	496
A_HP_49	108	Response	4	6369977	7586	1
A_HP_49	108	Pulse	99	6370707	8316	1
A_HP_49	108	Pulse	99	6390788	28397	1
A_HP_49	109	Picture	response56	6392937	146	1	20158	1	0	20000	hit	500
A_HP_49	109	Response	4	6395746	2955	1
A_HP_49	109	Pulse	99	6410708	17917	1
A_HP_49	110	Picture	response55	6423256	65	1	20158	1	0	20000	hit	503
A_HP_49	110	Response	4	6426417	3226	1
A_HP_49	110	Pulse	99	6430707	7517	1
A_HP_49	110	Pulse	99	6450788	27597	1
A_HP_49	111	Picture	response52	6453742	152	1	20158	1	0	20000	hit	507
A_HP_49	111	Response	4	6457847	4256	1
A_HP_49	111	Pulse	99	6470708	17117	1
A_HP_49	112	Picture	response51	6484062	71	1	20158	1	0	20000	hit	510
A_HP_49	112	Response	4	6490616	6625	1
A_HP_49	112	Pulse	99	6490707	6716	1
A_HP_49	112	Pulse	99	6510788	26797	1
A_HP_49	113	Picture	ins11	6514548	157	1	30153	1	0	30000	other	0
A_HP_49	113	Pulse	99	6530708	16317	1
A_HP_49	113	Pulse	99	6550708	36317	1
A_HP_49	113	Pulse	99	6570788	56397	1
A_HP_49	113	Pulse	99	6590708	76317	1
A_HP_49	113	Pulse	99	6610708	96317	1
A_HP_49	113	Pulse	99	6630788	116397	1
A_HP_49	113	Pulse	99	6650708	136317	1
A_HP_49	113	Pulse	99	6670708	156317	1
A_HP_49	113	Pulse	99	6690788	176397	1
A_HP_49	113	Pulse	99	6710788	196397	1
A_HP_49	113	Pulse	99	6730708	216317	1
A_HP_49	113	Pulse	99	6750708	236317	1
A_HP_49	113	Pulse	99	6770788	256397	1
A_HP_49	113	Pulse	99	6790708	276317	1
A_HP_49	113	Pulse	99	6810708	296317	1
A_HP_49	114	Response	5	6830788	6213	1
A_HP_49	114	Pulse	99	6830788	6213	1
A_HP_49	115	Picture	response86	6831238	47	1	20158	1	0	20000	hit	532
A_HP_49	115	Response	1	6848817	17626	1
A_HP_49	115	Pulse	99	6850708	19517	1
A_HP_49	116	Picture	response82	6861725	133	1	20158	1	0	20000	hit	535
A_HP_49	116	Response	3	6866177	4585	1
A_HP_49	116	Pulse	99	6870708	9117	1
A_HP_49	116	Pulse	99	6890788	29197	1
A_HP_49	117	Picture	response84	6892044	53	1	20158	1	0	20000	hit	539
A_HP_49	117	Response	1	6897777	5786	1
A_HP_49	117	Pulse	99	6910708	18717	1
A_HP_49	118	Picture	response83	6922530	139	1	20158	1	0	20000	hit	542
A_HP_49	118	Response	3	6929957	7565	1
A_HP_49	118	Pulse	99	6930707	8316	1
A_HP_49	118	Pulse	99	6950788	28397	1
A_HP_49	119	Picture	response87	6952850	59	1	20158	1	0	20000	hit	546
A_HP_49	119	Response	3	6957176	4385	1
A_HP_49	119	Pulse	99	6970708	17917	1
A_HP_49	120	Picture	response88	6983336	145	1	20157	1	0	20000	hit	549
A_HP_49	120	Response	3	6989647	6455	1
A_HP_49	120	Pulse	99	6990709	7518	1
A_HP_49	120	Pulse	99	7010788	27597	1
A_HP_49	121	Picture	response85	7013656	64	1	20158	1	0	20000	hit	553
A_HP_49	121	Response	1	7021297	7706	1
A_HP_49	121	Pulse	99	7030708	17117	1
A_HP_49	122	Picture	response81	7044142	151	1	20157	1	0	20000	hit	556
A_HP_49	122	Response	1	7047607	3616	1
A_HP_49	122	Pulse	99	7050708	6717	1
A_HP_49	122	Pulse	99	7070788	26797	1
A_HP_49	123	Picture	thanks	7074128	0	1	10162	1	0	10000	other	0
A_HP_49	123	Pulse	99	7090708	16579	1


Event Type	Code	Type	Response	RT	RT Uncertainty	Time	Uncertainty	Duration	Uncertainty	ReqTime	ReqDur

Picture	ready	other				290864	1	10162	1	0	10000
Picture	ins3	other				351337	1	30153	1	0	30000
Picture	response17	hit	2	15155	2	671358	1	20158	1	0	20000
Picture	response19	hit	2	10655	2	701678	1	20158	1	0	20000
Picture	response21	hit	2	8159	2	732164	1	20157	1	0	20000
Picture	response20	hit	2	10679	2	762484	1	20158	1	0	20000
Picture	response23	hit	2	10243	2	792970	1	20158	1	0	20000
Picture	response24	hit	2	10714	2	823290	1	20158	1	0	20000
Picture	response18	hit	2	7047	2	853776	1	20157	1	0	20000
Picture	response22	hit	2	15677	2	884096	1	20157	1	0	20000
Picture	ins13	other				914582	1	30153	1	0	30000
Picture	response104	hit	2	10352	2	1231272	1	20158	1	0	20000
Picture	response101	hit	2	9045	2	1261758	1	20158	1	0	20000
Picture	response102	hit	2	5586	2	1292078	1	20157	1	0	20000
Picture	response98	hit	2	5530	2	1322564	1	20158	1	0	20000
Picture	response97	hit	3	5120	2	1352883	1	20158	1	0	20000
Picture	response100	hit	2	5514	2	1383370	1	20158	1	0	20000
Picture	response99	hit	3	3685	2	1413689	1	20158	1	0	20000
Picture	response103	hit	2	8548	2	1444176	1	20157	1	0	20000
Picture	ins5	other				1474495	1	30153	1	0	30000
Picture	response34	hit	3	8242	2	1791352	1	20157	1	0	20000
Picture	response36	hit	3	9132	2	1821671	1	20158	1	0	20000
Picture	response33	hit	3	6357	2	1852157	1	20158	1	0	20000
Picture	response38	hit	3	5787	2	1882477	1	20158	1	0	20000
Picture	response37	hit	3	6330	2	1912963	1	20158	1	0	20000
Picture	response40	hit	3	10431	2	1943283	1	20158	1	0	20000
Picture	response35	hit	3	7755	2	1973769	1	20158	1	0	20000
Picture	response39	hit	3	5855	2	2004089	1	20158	1	0	20000
Picture	ins9	other				2034575	1	30153	1	0	30000
Picture	response72	hit	1	7109	2	2351265	1	20158	1	0	20000
Picture	response67	hit	2	8473	2	2381751	1	20158	1	0	20000
Picture	response65	hit	1	5113	2	2412071	1	20158	1	0	20000
Picture	response69	hit	2	6257	2	2442557	1	20158	1	0	20000
Picture	response68	hit	2	5297	2	2472877	1	20158	1	0	20000
Picture	response70	hit	2	5011	2	2503363	1	20157	1	0	20000
Picture	response71	hit	2	10562	2	2533683	1	20158	1	0	20000
Picture	response66	hit	2	3655	2	2564169	1	20158	1	0	20000
Picture	ins21	other				2594488	1	30153	1	0	30000
Picture	response163	hit	2	17570	2	2911345	1	20158	1	0	20000
Picture	response167	hit	2	9519	2	2941665	1	20158	1	0	20000
Picture	response162	hit	4	14204	2	2972151	1	20157	1	0	20000
Picture	response164	hit	1	12604	2	3002471	1	20157	1	0	20000
Picture	response161	hit	2	9688	2	3032957	1	20158	1	0	20000
Picture	response165	hit	3	7468	2	3063276	1	20158	1	0	20000
Picture	response168	hit	4	10412	2	3093763	1	20158	1	0	20000
Picture	response166	hit	4	5743	2	3124082	1	20158	1	0	20000
Picture	ins15	other				3154568	1	30153	1	0	30000
Picture	response119	hit	4	23306	2	3471258	1	20158	1	0	20000
Picture	response120	hit	4	11260	2	3501745	1	20158	1	0	20000
Picture	response114	hit	4	5341	2	3532064	1	20157	1	0	20000
Picture	response118	hit	2	7784	2	3562550	1	20158	1	0	20000
Picture	response117	hit	4	7145	2	3592870	1	20158	1	0	20000
Picture	response115	hit	2	8819	2	3623356	1	20158	1	0	20000
Picture	response116	hit	4	7659	2	3653676	1	20158	1	0	20000
Picture	response113	hit	2	3943	2	3684162	1	20158	1	0	20000
Picture	ins1	other				3714482	1	30153	1	0	30000
Picture	response4	hit	1	3487	2	4031338	1	20158	1	0	20000
Picture	response1	hit	1	2857	2	4061658	1	20158	1	0	20000
Picture	response3	hit	1	5351	2	4092144	1	20157	1	0	20000
Picture	response8	hit	1	8441	2	4122464	1	20158	1	0	20000
Picture	response2	hit	1	3186	2	4152950	1	20158	1	0	20000
Picture	response5	hit	1	2556	2	4183270	1	20157	1	0	20000
Picture	response6	hit	1	2339	2	4213756	1	20158	1	0	20000
Picture	response7	hit	1	2820	2	4244075	1	20158	1	0	20000
Picture	ins23	other				4274562	1	30153	1	0	30000
Picture	response181	hit	2	18274	2	4591252	1	20157	1	0	20000
Picture	response180	hit	1	8868	2	4621738	1	20158	1	0	20000
Picture	response183	hit	4	6168	2	4652057	1	20158	1	0	20000
Picture	response182	hit	2	8611	2	4682544	1	20158	1	0	20000
Picture	response178	hit	2	6042	2	4712863	1	20158	1	0	20000
Picture	response179	hit	3	3946	2	4743350	1	20158	1	0	20000
Picture	response177	hit	1	9466	2	4773669	1	20158	1	0	20000
Picture	response184	hit	3	7279	2	4804155	1	20158	1	0	20000
Picture	ins19	other				4834475	1	30153	1	0	30000
Picture	response149	hit	3	11184	2	5151332	1	20157	1	0	20000
Picture	response152	hit	2	9334	2	5181651	1	20157	1	0	20000
Picture	response146	hit	1	9028	2	5212138	1	20157	1	0	20000
Picture	response150	hit	4	7449	2	5242457	1	20158	1	0	20000
Picture	response148	hit	2	10973	2	5272943	1	20158	1	0	20000
Picture	response151	hit	2	6523	2	5303263	1	20157	1	0	20000
Picture	response145	hit	1	5887	2	5333749	1	20158	1	0	20000
Picture	response147	hit	3	3857	2	5364069	1	20157	1	0	20000
Picture	ins17	other				5394555	1	30153	1	0	30000
Picture	response136	hit	4	11091	2	5711245	1	20157	1	0	20000
Picture	response131	hit	2	14425	2	5741731	1	20158	1	0	20000
Picture	response135	hit	1	8705	2	5772051	1	20158	1	0	20000
Picture	response130	hit	1	4839	2	5802537	1	20158	1	0	20000
Picture	response134	hit	4	18669	2	5832857	1	20158	1	0	20000
Picture	response132	hit	4	11414	2	5863343	1	20158	1	0	20000
Picture	response133	hit	1	6394	2	5893662	1	20158	1	0	20000
Picture	response129	hit	1	6388	2	5924149	1	20158	1	0	20000
Picture	ins7	other				5954468	1	30153	1	0	30000
Picture	response50	hit	4	11932	2	6271325	1	20158	1	0	20000
Picture	response54	hit	4	4231	2	6301645	1	20157	1	0	20000
Picture	response53	hit	4	4296	2	6332131	1	20158	1	0	20000
Picture	response49	hit	4	7526	2	6362450	1	20158	1	0	20000
Picture	response56	hit	4	2810	2	6392937	1	20158	1	0	20000
Picture	response55	hit	4	3160	2	6423256	1	20158	1	0	20000
Picture	response52	hit	4	4104	2	6453742	1	20158	1	0	20000
Picture	response51	hit	4	6554	2	6484062	1	20158	1	0	20000
Picture	ins11	other				6514548	1	30153	1	0	30000
Picture	response86	hit	1	17579	2	6831238	1	20158	1	0	20000
Picture	response82	hit	3	4452	2	6861725	1	20158	1	0	20000
Picture	response84	hit	1	5733	2	6892044	1	20158	1	0	20000
Picture	response83	hit	3	7426	2	6922530	1	20158	1	0	20000
Picture	response87	hit	3	4326	2	6952850	1	20158	1	0	20000
Picture	response88	hit	3	6310	2	6983336	1	20157	1	0	20000
Picture	response85	hit	1	7641	2	7013656	1	20158	1	0	20000
Picture	response81	hit	1	3465	2	7044142	1	20157	1	0	20000
Picture	thanks	other				7074128	1	10162	1	0	10000


{
   "app": "Presentation Version 21.1 Build 09.05.19",
   "device": "LENOVO 20FBCTO1WW",
   "experiment": "{C0C68DB1-10BA-42F2-8F79-3F2AFFEED4E4}",
   "os": "Windows 10 64 bit",
   "package": "",
   "parameters": {
      "configuration": "Default configuration"
   },
   "scenario": "Response experiment(1).sce",
   "subject": "A_HP_49",
   "timestamp": "2020/01/16 07:27:04 GMT"
}
