Scenario - 
Logfile written - 10/31/2019 15:40:35

Subject	Trial	Event Type	Code	Time	TTime	Uncertainty	Duration	Uncertainty	ReqTime	ReqDur	Stim Type	Pair Index

A_HP_26	1	Response	5	407572	406406	1
A_HP_26	1	Pulse	99	407572	406406	1
A_HP_26	2	Picture	ready	407804	0	1	10229	1	0	10000	other	0
A_HP_26	2	Pulse	99	427572	19768	1
A_HP_26	2	Pulse	99	447573	39769	1
A_HP_26	2	Pulse	99	467572	59768	1
A_HP_26	3	Picture	ins19	468403	232	1	30229	1	0	30000	other	0
A_HP_26	3	Pulse	99	487572	19401	1
A_HP_26	3	Pulse	99	507572	39401	1
A_HP_26	3	Pulse	99	527572	59401	1
A_HP_26	3	Pulse	99	547573	79402	1
A_HP_26	3	Pulse	99	567572	99401	1
A_HP_26	3	Pulse	99	587572	119401	1
A_HP_26	3	Pulse	99	607573	139402	1
A_HP_26	3	Pulse	99	627572	159401	1
A_HP_26	3	Pulse	99	647573	179402	1
A_HP_26	3	Pulse	99	667573	199401	1
A_HP_26	3	Pulse	99	687573	219401	1
A_HP_26	3	Pulse	99	707572	239401	1
A_HP_26	3	Pulse	99	727573	259402	1
A_HP_26	3	Pulse	99	747573	279402	1
A_HP_26	3	Pulse	99	767573	299402	1
A_HP_26	4	Response	5	787572	9171	1
A_HP_26	4	Pulse	99	787572	9171	1
A_HP_26	5	Picture	response152	788202	230	1	20229	1	0	20000	hit	26
A_HP_26	5	Response	2	793691	5720	1
A_HP_26	5	Pulse	99	807572	19601	1
A_HP_26	6	Picture	response146	818493	121	1	20229	1	0	20000	hit	29
A_HP_26	6	Response	1	824871	6500	1
A_HP_26	6	Pulse	99	827572	9201	1
A_HP_26	6	Pulse	99	847573	29201	1
A_HP_26	7	Picture	response145	849117	346	1	20229	1	0	20000	hit	33
A_HP_26	7	Response	1	853351	4580	1
A_HP_26	7	Pulse	99	867573	18801	1
A_HP_26	8	Picture	response151	879409	238	1	20229	1	0	20000	hit	36
A_HP_26	8	Response	2	884831	5660	1
A_HP_26	8	Pulse	99	887572	8401	1
A_HP_26	8	Pulse	99	907572	28401	1
A_HP_26	9	Picture	response147	909700	129	1	20229	1	0	20000	hit	40
A_HP_26	9	Response	3	914411	4840	1
A_HP_26	9	Pulse	99	927572	18001	1
A_HP_26	10	Picture	response150	940157	187	1	20229	1	0	20000	hit	43
A_HP_26	10	Response	4	944541	4571	1
A_HP_26	10	Pulse	99	947572	7601	1
A_HP_26	10	Pulse	99	967572	27601	1
A_HP_26	11	Picture	response148	970615	244	1	20229	1	0	20000	hit	47
A_HP_26	11	Response	2	976113	5742	1
A_HP_26	11	Pulse	99	987573	17201	1
A_HP_26	12	Picture	response149	1001072	301	1	20229	1	0	20000	hit	50
A_HP_26	12	Response	3	1006461	5690	1
A_HP_26	12	Pulse	99	1007572	6801	1
A_HP_26	12	Pulse	99	1027572	26801	1
A_HP_26	13	Picture	ins15	1031364	193	1	30229	1	0	30000	other	0
A_HP_26	13	Pulse	99	1047573	16402	1
A_HP_26	13	Pulse	99	1067573	36402	1
A_HP_26	13	Pulse	99	1087573	56402	1
A_HP_26	13	Pulse	99	1107573	76402	1
A_HP_26	13	Pulse	99	1127572	96402	1
A_HP_26	13	Pulse	99	1147573	116402	1
A_HP_26	13	Pulse	99	1167572	136402	1
A_HP_26	13	Pulse	99	1187572	156401	1
A_HP_26	13	Pulse	99	1207572	176402	1
A_HP_26	13	Pulse	99	1227572	196401	1
A_HP_26	13	Pulse	99	1247573	216403	1
A_HP_26	13	Pulse	99	1267572	236401	1
A_HP_26	13	Pulse	99	1287572	256402	1
A_HP_26	13	Pulse	99	1307572	276401	1
A_HP_26	13	Pulse	99	1327572	296401	1
A_HP_26	14	Response	5	1347572	6171	1
A_HP_26	14	Pulse	99	1347572	6171	1
A_HP_26	15	Picture	response113	1348201	230	1	20229	1	0	20000	hit	72
A_HP_26	15	Response	2	1351451	3479	1
A_HP_26	15	Pulse	99	1367572	19601	1
A_HP_26	16	Picture	response114	1378493	122	1	20229	1	0	20000	hit	75
A_HP_26	16	Response	4	1383201	4830	1
A_HP_26	16	Pulse	99	1387572	9201	1
A_HP_26	16	Pulse	99	1407572	29201	1
A_HP_26	17	Picture	response116	1409118	347	1	20229	1	0	20000	hit	79
A_HP_26	17	Response	4	1412931	4160	1
A_HP_26	17	Pulse	99	1427572	18801	1
A_HP_26	18	Picture	response117	1439409	238	1	20229	1	0	20000	hit	82
A_HP_26	18	Response	4	1444101	4929	1
A_HP_26	18	Pulse	99	1447572	8401	1
A_HP_26	18	Pulse	99	1467572	28401	1
A_HP_26	19	Picture	response120	1469701	130	1	20229	1	0	20000	hit	86
A_HP_26	19	Response	4	1473281	3710	1
A_HP_26	19	Pulse	99	1487572	18001	1
A_HP_26	20	Picture	response118	1500159	188	1	20229	1	0	20000	hit	89
A_HP_26	20	Response	2	1502642	2670	1
A_HP_26	20	Pulse	99	1507572	7600	1
A_HP_26	20	Pulse	99	1527572	27601	1
A_HP_26	21	Picture	response119	1530617	246	1	20229	1	0	20000	hit	93
A_HP_26	21	Response	4	1534621	4250	1
A_HP_26	21	Pulse	99	1547572	17201	1
A_HP_26	22	Picture	response115	1561076	305	1	20229	1	0	20000	hit	96
A_HP_26	22	Response	2	1565381	4610	1
A_HP_26	22	Pulse	99	1567572	6801	1
A_HP_26	22	Pulse	99	1587572	26801	1
A_HP_26	23	Picture	ins21	1591367	196	1	30229	1	0	30000	other	0
A_HP_26	23	Pulse	99	1607572	16402	1
A_HP_26	23	Pulse	99	1627572	36401	1
A_HP_26	23	Pulse	99	1647572	56401	1
A_HP_26	23	Pulse	99	1667572	76401	1
A_HP_26	23	Pulse	99	1687572	96401	1
A_HP_26	23	Pulse	99	1707571	116401	1
A_HP_26	23	Pulse	99	1727572	136401	1
A_HP_26	23	Pulse	99	1747573	156402	1
A_HP_26	23	Pulse	99	1767573	176402	1
A_HP_26	23	Pulse	99	1787572	196401	1
A_HP_26	23	Pulse	99	1807572	216401	1
A_HP_26	23	Pulse	99	1827572	236401	1
A_HP_26	23	Pulse	99	1847572	256401	1
A_HP_26	23	Pulse	99	1867572	276401	1
A_HP_26	23	Pulse	99	1887572	296401	1
A_HP_26	24	Response	5	1907572	6171	1
A_HP_26	24	Pulse	99	1907572	6171	1
A_HP_26	25	Picture	response165	1908201	230	1	20229	1	0	20000	hit	118
A_HP_26	25	Response	3	1914081	6110	1
A_HP_26	25	Pulse	99	1927572	19601	1
A_HP_26	26	Picture	response166	1938493	122	1	20229	1	0	20000	hit	121
A_HP_26	26	Response	4	1942561	4190	1
A_HP_26	26	Pulse	99	1947572	9201	1
A_HP_26	26	Pulse	99	1967572	29201	1
A_HP_26	27	Picture	response163	1969118	347	1	20229	1	0	20000	hit	125
A_HP_26	27	Response	2	1974711	5940	1
A_HP_26	27	Pulse	99	1987572	18801	1
A_HP_26	28	Picture	response164	1999409	239	1	20229	1	0	20000	hit	128
A_HP_26	28	Response	1	2002911	3740	1
A_HP_26	28	Pulse	99	2007572	8401	1
A_HP_26	28	Pulse	99	2027572	28401	1
A_HP_26	29	Picture	response161	2029701	130	1	20229	1	0	20000	hit	132
A_HP_26	29	Response	2	2034131	4561	1
A_HP_26	29	Pulse	99	2047573	18002	1
A_HP_26	30	Picture	response162	2060159	188	1	20229	1	0	20000	hit	135
A_HP_26	30	Response	4	2064761	4790	1
A_HP_26	30	Pulse	99	2067571	7601	1
A_HP_26	30	Pulse	99	2087572	27601	1
A_HP_26	31	Picture	response167	2090617	246	1	20229	1	0	20000	hit	139
A_HP_26	31	Response	2	2096151	5780	1
A_HP_26	31	Pulse	99	2107572	17201	1
A_HP_26	32	Picture	response168	2121075	304	1	20229	1	0	20000	hit	142
A_HP_26	32	Response	4	2125531	4760	1
A_HP_26	32	Pulse	99	2127571	6801	1
A_HP_26	32	Pulse	99	2147572	26801	1
A_HP_26	33	Picture	ins5	2151366	195	1	30229	1	0	30000	other	0
A_HP_26	33	Pulse	99	2167572	16401	1
A_HP_26	33	Pulse	99	2187572	36401	1
A_HP_26	33	Pulse	99	2207572	56401	1
A_HP_26	33	Pulse	99	2227572	76401	1
A_HP_26	33	Pulse	99	2247572	96401	1
A_HP_26	33	Pulse	99	2267572	116401	1
A_HP_26	33	Pulse	99	2287572	136401	1
A_HP_26	33	Pulse	99	2307571	156401	1
A_HP_26	33	Pulse	99	2327572	176401	1
A_HP_26	33	Pulse	99	2347572	196401	1
A_HP_26	33	Pulse	99	2367571	216401	1
A_HP_26	33	Pulse	99	2387572	236401	1
A_HP_26	33	Pulse	99	2407572	256402	1
A_HP_26	33	Pulse	99	2427572	276401	1
A_HP_26	33	Pulse	99	2447572	296401	1
A_HP_26	34	Response	5	2467572	6171	1
A_HP_26	34	Pulse	99	2467572	6171	1
A_HP_26	35	Picture	response37	2468201	230	1	20229	1	0	20000	hit	164
A_HP_26	35	Response	3	2470510	2540	1
A_HP_26	35	Pulse	99	2487571	19601	1
A_HP_26	36	Picture	response33	2498492	121	1	20229	1	0	20000	hit	167
A_HP_26	36	Response	3	2501510	3140	1
A_HP_26	36	Pulse	99	2507571	9201	1
A_HP_26	36	Pulse	99	2527572	29201	1
A_HP_26	37	Picture	response38	2529117	346	1	20229	1	0	20000	hit	171
A_HP_26	37	Response	3	2531151	2380	1
A_HP_26	37	Pulse	99	2547572	18801	1
A_HP_26	38	Picture	response40	2559408	238	1	20229	1	0	20000	hit	174
A_HP_26	38	Response	3	2562131	2961	1
A_HP_26	38	Pulse	99	2567571	8401	1
A_HP_26	38	Pulse	99	2587571	28401	1
A_HP_26	39	Picture	response34	2589700	129	1	20229	1	0	20000	hit	178
A_HP_26	39	Response	3	2592351	2780	1
A_HP_26	39	Pulse	99	2607572	18001	1
A_HP_26	40	Picture	response39	2620158	187	1	20229	1	0	20000	hit	181
A_HP_26	40	Response	3	2623310	3340	1
A_HP_26	40	Pulse	99	2627571	7601	1
A_HP_26	40	Pulse	99	2647571	27601	1
A_HP_26	41	Picture	response35	2650616	246	1	20229	1	0	20000	hit	185
A_HP_26	41	Response	3	2653280	2910	1
A_HP_26	41	Pulse	99	2667572	17201	1
A_HP_26	42	Picture	response36	2681074	303	1	20229	1	0	20000	hit	188
A_HP_26	42	Response	3	2683981	3210	1
A_HP_26	42	Pulse	99	2687571	6801	1
A_HP_26	42	Pulse	99	2707572	26801	1
A_HP_26	43	Picture	ins11	2711365	194	1	30229	1	0	30000	other	0
A_HP_26	43	Pulse	99	2727572	16401	1
A_HP_26	43	Pulse	99	2747572	36401	1
A_HP_26	43	Pulse	99	2767572	56401	1
A_HP_26	43	Pulse	99	2787571	76401	1
A_HP_26	43	Pulse	99	2807571	96401	1
A_HP_26	43	Pulse	99	2827571	116401	1
A_HP_26	43	Pulse	99	2847571	136401	1
A_HP_26	43	Pulse	99	2867572	156401	1
A_HP_26	43	Pulse	99	2887572	176401	1
A_HP_26	43	Pulse	99	2907572	196401	1
A_HP_26	43	Pulse	99	2927572	216401	1
A_HP_26	43	Pulse	99	2947572	236401	1
A_HP_26	43	Pulse	99	2967572	256401	1
A_HP_26	43	Pulse	99	2987571	276401	1
A_HP_26	43	Pulse	99	3007572	296401	1
A_HP_26	44	Response	5	3027572	6171	1
A_HP_26	44	Pulse	99	3027572	6171	1
A_HP_26	45	Picture	response81	3028200	230	1	20229	1	0	20000	hit	210
A_HP_26	45	Response	1	3032550	4579	1
A_HP_26	45	Pulse	99	3047572	19601	1
A_HP_26	46	Picture	response87	3058492	122	1	20230	1	0	20000	hit	213
A_HP_26	46	Response	3	3062120	3750	1
A_HP_26	46	Pulse	99	3067571	9201	1
A_HP_26	46	Pulse	99	3087571	29201	1
A_HP_26	47	Picture	response88	3089117	346	1	20229	1	0	20000	hit	217
A_HP_26	47	Response	3	3092690	3919	1
A_HP_26	47	Pulse	99	3107571	18801	1
A_HP_26	48	Picture	response86	3119408	238	1	20229	1	0	20000	hit	220
A_HP_26	48	Response	1	3122420	3250	1
A_HP_26	48	Pulse	99	3127571	8400	1
A_HP_26	48	Pulse	99	3147571	28401	1
A_HP_26	49	Picture	response82	3149700	130	1	20229	1	0	20000	incorrect	224
A_HP_26	49	Response	1	3153250	3680	1
A_HP_26	49	Pulse	99	3167571	18001	1
A_HP_26	50	Picture	response83	3180157	187	1	20230	1	0	20000	hit	227
A_HP_26	50	Response	3	3185160	5190	1
A_HP_26	50	Pulse	99	3187571	7600	1
A_HP_26	50	Pulse	99	3207571	27601	1
A_HP_26	51	Picture	response84	3210616	246	1	20229	1	0	20000	hit	231
A_HP_26	51	Response	1	3214460	4090	1
A_HP_26	51	Pulse	99	3227571	17201	1
A_HP_26	52	Picture	response85	3241074	304	1	20229	1	0	20000	hit	234
A_HP_26	52	Response	1	3246040	5270	1
A_HP_26	52	Pulse	99	3247571	6800	1
A_HP_26	52	Pulse	99	3267571	26801	1
A_HP_26	53	Picture	ins9	3271366	195	1	30229	1	0	30000	other	0
A_HP_26	53	Pulse	99	3287572	16401	1
A_HP_26	53	Pulse	99	3307571	36401	1
A_HP_26	53	Pulse	99	3327571	56401	1
A_HP_26	53	Pulse	99	3347571	76401	1
A_HP_26	53	Pulse	99	3367571	96401	1
A_HP_26	53	Pulse	99	3387571	116401	1
A_HP_26	53	Pulse	99	3407571	136401	1
A_HP_26	53	Pulse	99	3427571	156401	1
A_HP_26	53	Pulse	99	3447491	176321	1
A_HP_26	53	Pulse	99	3467571	196400	1
A_HP_26	53	Pulse	99	3487571	216400	1
A_HP_26	53	Pulse	99	3507571	236400	1
A_HP_26	53	Pulse	99	3527571	256401	1
A_HP_26	53	Pulse	99	3547571	276401	1
A_HP_26	53	Pulse	99	3567571	296401	1
A_HP_26	54	Response	5	3587571	6171	1
A_HP_26	54	Pulse	99	3587571	6171	1
A_HP_26	55	Picture	response66	3588200	230	1	20229	1	0	20000	hit	256
A_HP_26	55	Response	2	3592730	4760	1
A_HP_26	55	Pulse	99	3607571	19601	1
A_HP_26	56	Picture	response69	3618491	121	1	20229	1	0	20000	hit	259
A_HP_26	56	Response	2	3621550	3180	1
A_HP_26	56	Pulse	99	3627571	9201	1
A_HP_26	56	Pulse	99	3647491	29121	1
A_HP_26	57	Picture	response71	3649116	346	1	20229	1	0	20000	hit	263
A_HP_26	57	Response	2	3652200	3429	1
A_HP_26	57	Pulse	99	3667571	18801	1
A_HP_26	58	Picture	response67	3679408	238	1	20229	1	0	20000	hit	266
A_HP_26	58	Response	2	3683030	3860	1
A_HP_26	58	Pulse	99	3687570	8401	1
A_HP_26	58	Pulse	99	3707491	28321	1
A_HP_26	59	Picture	response72	3709699	130	1	20229	1	0	20000	hit	270
A_HP_26	59	Response	1	3712770	3200	1
A_HP_26	59	Pulse	99	3727571	18002	1
A_HP_26	60	Picture	response68	3740157	188	1	20229	1	0	20000	hit	273
A_HP_26	60	Response	2	3746740	6770	1
A_HP_26	60	Pulse	99	3747570	7601	1
A_HP_26	60	Pulse	99	3767571	27601	1
A_HP_26	61	Picture	response65	3770615	246	1	20229	1	0	20000	hit	277
A_HP_26	61	Response	1	3775310	4940	1
A_HP_26	61	Pulse	99	3787571	17201	1
A_HP_26	62	Picture	response70	3801073	303	1	20229	1	0	20000	hit	280
A_HP_26	62	Response	2	3805240	4470	1
A_HP_26	62	Pulse	99	3807570	6801	1
A_HP_26	62	Pulse	99	3827571	26801	1
A_HP_26	63	Picture	ins7	3831365	195	1	30229	1	0	30000	other	0
A_HP_26	63	Pulse	99	3847571	16402	1
A_HP_26	63	Pulse	99	3867571	36401	1
A_HP_26	63	Pulse	99	3887571	56401	1
A_HP_26	63	Pulse	99	3907491	76321	1
A_HP_26	63	Pulse	99	3927571	96402	1
A_HP_26	63	Pulse	99	3947571	116402	1
A_HP_26	63	Pulse	99	3967571	136402	1
A_HP_26	63	Pulse	99	3987571	156402	1
A_HP_26	63	Pulse	99	4007571	176402	1
A_HP_26	63	Pulse	99	4027571	196402	1
A_HP_26	63	Pulse	99	4047571	216402	1
A_HP_26	63	Pulse	99	4067571	236402	1
A_HP_26	63	Pulse	99	4087571	256401	1
A_HP_26	63	Pulse	99	4107491	276322	1
A_HP_26	63	Pulse	99	4127571	296402	1
A_HP_26	64	Response	5	4147571	6172	1
A_HP_26	64	Pulse	99	4147571	6172	1
A_HP_26	65	Picture	response54	4148200	230	1	20229	1	0	20000	hit	302
A_HP_26	65	Response	4	4151550	3580	1
A_HP_26	65	Pulse	99	4167491	19521	1
A_HP_26	66	Picture	response52	4178491	122	1	20229	1	0	20000	hit	305
A_HP_26	66	Response	4	4181420	3050	1
A_HP_26	66	Pulse	99	4187570	9200	1
A_HP_26	66	Pulse	99	4207570	29201	1
A_HP_26	67	Picture	response56	4209116	346	1	20229	1	0	20000	hit	309
A_HP_26	67	Response	4	4211750	2980	1
A_HP_26	67	Pulse	99	4227571	18801	1
A_HP_26	68	Picture	response50	4239408	238	1	20229	1	0	20000	hit	312
A_HP_26	68	Response	4	4241290	2120	1
A_HP_26	68	Pulse	99	4247571	8401	1
A_HP_26	68	Pulse	99	4267571	28400	1
A_HP_26	69	Picture	response55	4269699	130	1	20229	1	0	20000	hit	316
A_HP_26	69	Response	4	4272259	2690	1
A_HP_26	69	Pulse	99	4287571	18001	1
A_HP_26	70	Picture	response49	4300157	188	1	20229	1	0	20000	hit	319
A_HP_26	70	Response	4	4302929	2960	1
A_HP_26	70	Pulse	99	4307490	7521	1
A_HP_26	70	Pulse	99	4327571	27601	1
A_HP_26	71	Picture	response53	4330615	246	1	20229	1	0	20000	hit	323
A_HP_26	71	Response	4	4335069	4700	1
A_HP_26	71	Pulse	99	4347571	17201	1
A_HP_26	72	Picture	response51	4361073	304	1	20229	1	0	20000	hit	326
A_HP_26	72	Response	4	4364159	3390	1
A_HP_26	72	Pulse	99	4367490	6721	1
A_HP_26	72	Pulse	99	4387571	26802	1
A_HP_26	73	Picture	ins17	4391364	195	1	30229	1	0	30000	other	0
A_HP_26	73	Pulse	99	4407571	16402	1
A_HP_26	73	Pulse	99	4427490	36321	1
A_HP_26	73	Pulse	99	4447570	56401	1
A_HP_26	73	Pulse	99	4467571	76402	1
A_HP_26	73	Pulse	99	4487571	96401	1
A_HP_26	73	Pulse	99	4507491	116322	1
A_HP_26	73	Pulse	99	4527570	136401	1
A_HP_26	73	Pulse	99	4547571	156402	1
A_HP_26	73	Pulse	99	4567490	176321	1
A_HP_26	73	Pulse	99	4587571	196402	1
A_HP_26	73	Pulse	99	4607571	216402	1
A_HP_26	73	Pulse	99	4627491	236322	1
A_HP_26	73	Pulse	99	4647571	256402	1
A_HP_26	73	Pulse	99	4667570	276401	1
A_HP_26	73	Pulse	99	4687491	296322	1
A_HP_26	74	Response	5	4707571	6172	1
A_HP_26	74	Pulse	99	4707571	6172	1
A_HP_26	75	Picture	response130	4708200	230	1	20229	1	0	20000	hit	348
A_HP_26	75	Response	1	4715389	7420	1
A_HP_26	75	Pulse	99	4727571	19601	1
A_HP_26	76	Picture	response135	4738491	122	1	20207	1	0	20000	hit	351
A_HP_26	76	Response	1	4742809	4440	1
A_HP_26	76	Pulse	99	4747570	9201	1
A_HP_26	76	Pulse	99	4767491	29121	1
A_HP_26	77	Picture	response134	4769094	325	1	20229	1	0	20000	incorrect	355
A_HP_26	77	Response	3	4776479	7710	1
A_HP_26	77	Pulse	99	4787571	18802	1
A_HP_26	78	Picture	response131	4799385	216	1	20396	1	0	20000	hit	358
A_HP_26	78	Response	2	4805789	6620	1
A_HP_26	78	Pulse	99	4807570	8401	1
A_HP_26	78	Pulse	99	4827491	28322	1
A_HP_26	79	Picture	response129	4829844	274	1	20229	1	0	20000	hit	362
A_HP_26	79	Response	1	4837850	8280	1
A_HP_26	79	Pulse	99	4847570	18001	1
A_HP_26	80	Picture	response133	4860135	166	1	20229	1	0	20000	hit	365
A_HP_26	80	Response	1	4865459	5490	1
A_HP_26	80	Pulse	99	4867570	7601	1
A_HP_26	80	Pulse	99	4887491	27522	1
A_HP_26	81	Picture	response136	4890593	224	1	20229	1	0	20000	incorrect	369
A_HP_26	81	Response	3	4904229	13860	1
A_HP_26	81	Pulse	99	4907570	17200	1
A_HP_26	82	Picture	response132	4921051	281	1	20229	1	0	20000	incorrect	373
A_HP_26	82	Pulse	99	4927571	6801	1
A_HP_26	82	Response	3	4930679	9909	1
A_HP_26	82	Pulse	99	4947491	26721	1
A_HP_26	83	Picture	ins13	4951342	173	1	30230	1	0	30000	other	0
A_HP_26	83	Pulse	99	4967491	16321	1
A_HP_26	83	Pulse	99	4987570	36401	1
A_HP_26	83	Pulse	99	5007570	56400	1
A_HP_26	83	Pulse	99	5027490	76320	1
A_HP_26	83	Pulse	99	5047570	96401	1
A_HP_26	83	Pulse	99	5067570	116400	1
A_HP_26	83	Pulse	99	5087490	136321	1
A_HP_26	83	Pulse	99	5107570	156400	1
A_HP_26	83	Pulse	99	5127570	176400	1
A_HP_26	83	Pulse	99	5147490	196320	1
A_HP_26	83	Pulse	99	5167490	216320	1
A_HP_26	83	Pulse	99	5187570	236400	1
A_HP_26	83	Pulse	99	5207570	256400	1
A_HP_26	83	Pulse	99	5227490	276320	1
A_HP_26	83	Pulse	99	5247570	296400	1
A_HP_26	84	Response	5	5267570	6170	1
A_HP_26	84	Pulse	99	5267570	6170	1
A_HP_26	85	Picture	response99	5268199	229	1	20229	1	0	20000	hit	394
A_HP_26	85	Response	3	5274259	6290	1
A_HP_26	85	Pulse	99	5287490	19521	1
A_HP_26	86	Picture	response97	5298490	121	1	20229	1	0	20000	hit	397
A_HP_26	86	Response	3	5302719	4350	1
A_HP_26	86	Pulse	99	5307570	9200	1
A_HP_26	86	Pulse	99	5327570	29201	1
A_HP_26	87	Picture	response98	5329115	347	1	20229	1	0	20000	hit	401
A_HP_26	87	Response	2	5332579	3811	1
A_HP_26	87	Pulse	99	5347490	18722	1
A_HP_26	88	Picture	response100	5359372	203	1	20230	1	0	20000	hit	404
A_HP_26	88	Response	2	5363619	4450	1
A_HP_26	88	Pulse	99	5367490	8321	1
A_HP_26	88	Pulse	99	5387571	28401	1
A_HP_26	89	Picture	response104	5389664	95	1	20229	1	0	20000	hit	408
A_HP_26	89	Response	2	5393669	4100	1
A_HP_26	89	Pulse	99	5407490	17921	1
A_HP_26	90	Picture	response101	5420122	153	1	20230	1	0	20000	hit	411
A_HP_26	90	Response	2	5424669	4700	1
A_HP_26	90	Pulse	99	5427490	7521	1
A_HP_26	90	Pulse	99	5447570	27602	1
A_HP_26	91	Picture	response103	5450580	211	1	20229	1	0	20000	hit	415
A_HP_26	91	Response	2	5453950	3580	1
A_HP_26	91	Pulse	99	5467570	17201	1
A_HP_26	92	Picture	response102	5481038	269	1	20229	1	0	20000	hit	418
A_HP_26	92	Response	2	5484440	3671	1
A_HP_26	92	Pulse	99	5487490	6721	1
A_HP_26	92	Pulse	99	5507571	26802	1
A_HP_26	93	Picture	ins1	5511329	160	1	30229	1	0	30000	other	0
A_HP_26	93	Pulse	99	5527570	16401	1
A_HP_26	93	Pulse	99	5547490	36320	1
A_HP_26	93	Pulse	99	5567570	56400	1
A_HP_26	93	Pulse	99	5587570	76401	1
A_HP_26	93	Pulse	99	5607490	96320	1
A_HP_26	93	Pulse	99	5627490	116320	1
A_HP_26	93	Pulse	99	5647570	136400	1
A_HP_26	93	Pulse	99	5667490	156320	1
A_HP_26	93	Pulse	99	5687489	176320	1
A_HP_26	93	Pulse	99	5707570	196401	1
A_HP_26	93	Pulse	99	5727570	216400	1
A_HP_26	93	Pulse	99	5747490	236320	1
A_HP_26	93	Pulse	99	5767570	256400	1
A_HP_26	93	Pulse	99	5787570	276400	1
A_HP_26	93	Pulse	99	5807490	296320	1
A_HP_26	94	Response	5	5827490	6090	1
A_HP_26	94	Pulse	99	5827490	6090	1
A_HP_26	95	Picture	response2	5828099	230	1	20229	1	0	20000	hit	440
A_HP_26	95	Response	1	5830568	2699	1
A_HP_26	95	Pulse	99	5847570	19701	1
A_HP_26	96	Picture	response7	5858558	289	1	20229	1	0	20000	hit	443
A_HP_26	96	Response	1	5860729	2460	1
A_HP_26	96	Pulse	99	5867490	9221	1
A_HP_26	96	Pulse	99	5887490	29221	1
A_HP_26	97	Picture	response4	5888849	180	1	20229	1	0	20000	hit	447
A_HP_26	97	Response	1	5890909	2240	1
A_HP_26	97	Pulse	99	5907570	18901	1
A_HP_26	98	Picture	response1	5919141	72	1	20229	1	0	20000	hit	450
A_HP_26	98	Response	1	5922209	3140	1
A_HP_26	98	Pulse	99	5927490	8421	1
A_HP_26	98	Pulse	99	5947490	28421	1
A_HP_26	99	Picture	response8	5949765	297	1	20229	1	0	20000	hit	454
A_HP_26	99	Response	1	5952439	2970	1
A_HP_26	99	Pulse	99	5967570	18101	1
A_HP_26	100	Picture	response6	5980057	189	1	20229	1	0	20000	hit	457
A_HP_26	100	Response	1	5983489	3620	1
A_HP_26	100	Pulse	99	5987569	7701	1
A_HP_26	100	Pulse	99	6007490	27621	1
A_HP_26	101	Picture	response3	6010515	246	1	20229	1	0	20000	hit	461
A_HP_26	101	Response	1	6013629	3360	1
A_HP_26	101	Pulse	99	6027490	17221	1
A_HP_26	102	Picture	response5	6040807	138	1	20230	1	0	20000	hit	464
A_HP_26	102	Response	1	6044379	3710	1
A_HP_26	102	Pulse	99	6047569	6901	1
A_HP_26	102	Pulse	99	6067490	26821	1
A_HP_26	103	Picture	ins23	6071265	196	1	30229	1	0	30000	other	0
A_HP_26	103	Pulse	99	6087490	16421	1
A_HP_26	103	Pulse	99	6107570	36501	1
A_HP_26	103	Pulse	99	6127490	56421	1
A_HP_26	103	Pulse	99	6147490	76421	1
A_HP_26	103	Pulse	99	6167570	96501	1
A_HP_26	103	Pulse	99	6187570	116501	1
A_HP_26	103	Pulse	99	6207490	136421	1
A_HP_26	103	Pulse	99	6227490	156421	1
A_HP_26	103	Pulse	99	6247570	176501	1
A_HP_26	103	Pulse	99	6267490	196421	1
A_HP_26	103	Pulse	99	6287490	216421	1
A_HP_26	103	Pulse	99	6307570	236501	1
A_HP_26	103	Pulse	99	6327489	256420	1
A_HP_26	103	Pulse	99	6347490	276421	1
A_HP_26	103	Pulse	99	6367570	296501	1
A_HP_26	104	Response	5	6387489	6190	1
A_HP_26	104	Pulse	99	6387489	6190	1
A_HP_26	105	Picture	response182	6388098	230	1	20229	1	0	20000	hit	486
A_HP_26	105	Response	2	6395968	8100	1
A_HP_26	105	Pulse	99	6407490	19621	1
A_HP_26	106	Picture	response180	6418556	288	1	20229	1	0	20000	hit	489
A_HP_26	106	Response	1	6423488	5220	1
A_HP_26	106	Pulse	99	6427569	9301	1
A_HP_26	106	Pulse	99	6447570	29301	1
A_HP_26	107	Picture	response184	6448848	180	1	20229	1	0	20000	hit	493
A_HP_26	107	Response	3	6454038	5370	1
A_HP_26	107	Pulse	99	6467490	18821	1
A_HP_26	108	Picture	response177	6479139	71	1	20229	1	0	20000	hit	497
A_HP_26	108	Pulse	99	6487489	8421	1
A_HP_26	108	Response	1	6491738	12670	1
A_HP_26	108	Pulse	99	6507569	28501	1
A_HP_26	109	Picture	response178	6509764	296	1	20229	1	0	20000	hit	500
A_HP_26	109	Response	2	6514768	5300	1
A_HP_26	109	Pulse	99	6527490	18021	1
A_HP_26	110	Picture	response179	6540055	187	1	20241	1	0	20000	hit	503
A_HP_26	110	Response	3	6545038	5170	1
A_HP_26	110	Pulse	99	6547489	7621	1
A_HP_26	110	Pulse	99	6567569	27701	1
A_HP_26	111	Picture	response181	6570525	258	1	20230	1	0	20000	hit	507
A_HP_26	111	Response	2	6576478	6211	1
A_HP_26	111	Pulse	99	6587490	17222	1
A_HP_26	112	Picture	response183	6600817	149	1	20229	1	0	20000	hit	510
A_HP_26	112	Response	4	6607058	6390	1
A_HP_26	112	Pulse	99	6607489	6821	1
A_HP_26	112	Pulse	99	6627569	26901	1
A_HP_26	113	Picture	ins3	6631276	208	1	30229	1	0	30000	other	0
A_HP_26	113	Pulse	99	6647489	16421	1
A_HP_26	113	Pulse	99	6667490	36421	1
A_HP_26	113	Pulse	99	6687490	56421	1
A_HP_26	113	Pulse	99	6707570	76501	1
A_HP_26	113	Pulse	99	6727490	96421	1
A_HP_26	113	Pulse	99	6747490	116421	1
A_HP_26	113	Pulse	99	6767569	136501	1
A_HP_26	113	Pulse	99	6787489	156421	1
A_HP_26	113	Pulse	99	6807489	176421	1
A_HP_26	113	Pulse	99	6827569	196501	1
A_HP_26	113	Pulse	99	6847489	216421	1
A_HP_26	113	Pulse	99	6867489	236421	1
A_HP_26	113	Pulse	99	6887489	256421	1
A_HP_26	113	Pulse	99	6907490	276421	1
A_HP_26	113	Pulse	99	6927489	296421	1
A_HP_26	114	Response	5	6947489	6191	1
A_HP_26	114	Pulse	99	6947489	6191	1
A_HP_26	115	Picture	response19	6948097	229	1	20229	1	0	20000	hit	532
A_HP_26	115	Response	2	6951058	3190	1
A_HP_26	115	Pulse	99	6967569	19701	1
A_HP_26	116	Picture	response22	6978555	287	1	20229	1	0	20000	hit	535
A_HP_26	116	Response	2	6981208	2940	1
A_HP_26	116	Pulse	99	6987489	9221	1
A_HP_26	116	Pulse	99	7007489	29221	1
A_HP_26	117	Picture	response24	7008847	179	1	20230	1	0	20000	hit	539
A_HP_26	117	Response	2	7011488	2820	1
A_HP_26	117	Pulse	99	7027569	18901	1
A_HP_26	118	Picture	response17	7039139	71	1	20229	1	0	20000	hit	542
A_HP_26	118	Response	2	7041688	2620	1
A_HP_26	118	Pulse	99	7047489	8421	1
A_HP_26	118	Pulse	99	7067489	28421	1
A_HP_26	119	Picture	response20	7069763	295	1	20230	1	0	20000	hit	546
A_HP_26	119	Response	2	7072198	2730	1
A_HP_26	119	Pulse	99	7087490	18021	1
A_HP_26	120	Picture	response23	7100055	186	1	20229	1	0	20000	hit	549
A_HP_26	120	Response	2	7102638	2770	1
A_HP_26	120	Pulse	99	7107489	7621	1
A_HP_26	120	Pulse	99	7127489	27621	1
A_HP_26	121	Picture	response21	7130512	244	1	20229	1	0	20000	hit	553
A_HP_26	121	Response	2	7132818	2550	1
A_HP_26	121	Pulse	99	7147490	17221	1
A_HP_26	122	Picture	response18	7160888	220	1	20229	1	0	20000	hit	556
A_HP_26	122	Response	2	7163778	3110	1
A_HP_26	122	Pulse	99	7167569	6900	1
A_HP_26	122	Pulse	99	7187489	26821	1
A_HP_26	123	Picture	thanks	7190846	0	1	10229	1	0	10000	other	0
A_HP_26	123	Pulse	99	7207490	16643	1


Event Type	Code	Type	Response	RT	RT Uncertainty	Time	Uncertainty	Duration	Uncertainty	ReqTime	ReqDur

Picture	ready	other				407804	1	10229	1	0	10000
Picture	ins19	other				468403	1	30229	1	0	30000
Picture	response152	hit	2	5490	2	788202	1	20229	1	0	20000
Picture	response146	hit	1	6379	2	818493	1	20229	1	0	20000
Picture	response145	hit	1	4234	2	849117	1	20229	1	0	20000
Picture	response151	hit	2	5423	2	879409	1	20229	1	0	20000
Picture	response147	hit	3	4711	2	909700	1	20229	1	0	20000
Picture	response150	hit	4	4384	2	940157	1	20229	1	0	20000
Picture	response148	hit	2	5498	2	970615	1	20229	1	0	20000
Picture	response149	hit	3	5389	2	1001072	1	20229	1	0	20000
Picture	ins15	other				1031364	1	30229	1	0	30000
Picture	response113	hit	2	3250	2	1348201	1	20229	1	0	20000
Picture	response114	hit	4	4708	2	1378493	1	20229	1	0	20000
Picture	response116	hit	4	3813	2	1409118	1	20229	1	0	20000
Picture	response117	hit	4	4691	2	1439409	1	20229	1	0	20000
Picture	response120	hit	4	3580	2	1469701	1	20229	1	0	20000
Picture	response118	hit	2	2483	2	1500159	1	20229	1	0	20000
Picture	response119	hit	4	4004	2	1530617	1	20229	1	0	20000
Picture	response115	hit	2	4306	2	1561076	1	20229	1	0	20000
Picture	ins21	other				1591367	1	30229	1	0	30000
Picture	response165	hit	3	5880	2	1908201	1	20229	1	0	20000
Picture	response166	hit	4	4068	2	1938493	1	20229	1	0	20000
Picture	response163	hit	2	5593	2	1969118	1	20229	1	0	20000
Picture	response164	hit	1	3501	2	1999409	1	20229	1	0	20000
Picture	response161	hit	2	4430	2	2029701	1	20229	1	0	20000
Picture	response162	hit	4	4602	2	2060159	1	20229	1	0	20000
Picture	response167	hit	2	5534	2	2090617	1	20229	1	0	20000
Picture	response168	hit	4	4456	2	2121075	1	20229	1	0	20000
Picture	ins5	other				2151366	1	30229	1	0	30000
Picture	response37	hit	3	2310	2	2468201	1	20229	1	0	20000
Picture	response33	hit	3	3019	2	2498492	1	20229	1	0	20000
Picture	response38	hit	3	2034	2	2529117	1	20229	1	0	20000
Picture	response40	hit	3	2723	2	2559408	1	20229	1	0	20000
Picture	response34	hit	3	2651	2	2589700	1	20229	1	0	20000
Picture	response39	hit	3	3153	2	2620158	1	20229	1	0	20000
Picture	response35	hit	3	2664	2	2650616	1	20229	1	0	20000
Picture	response36	hit	3	2907	2	2681074	1	20229	1	0	20000
Picture	ins11	other				2711365	1	30229	1	0	30000
Picture	response81	hit	1	4350	2	3028200	1	20229	1	0	20000
Picture	response87	hit	3	3628	2	3058492	1	20230	1	0	20000
Picture	response88	hit	3	3573	2	3089117	1	20229	1	0	20000
Picture	response86	hit	1	3012	2	3119408	1	20229	1	0	20000
Picture	response82	incorrect	1	3550	2	3149700	1	20229	1	0	20000
Picture	response83	hit	3	5003	2	3180157	1	20230	1	0	20000
Picture	response84	hit	1	3844	2	3210616	1	20229	1	0	20000
Picture	response85	hit	1	4966	2	3241074	1	20229	1	0	20000
Picture	ins9	other				3271366	1	30229	1	0	30000
Picture	response66	hit	2	4530	2	3588200	1	20229	1	0	20000
Picture	response69	hit	2	3059	2	3618491	1	20229	1	0	20000
Picture	response71	hit	2	3084	2	3649116	1	20229	1	0	20000
Picture	response67	hit	2	3622	2	3679408	1	20229	1	0	20000
Picture	response72	hit	1	3070	2	3709699	1	20229	1	0	20000
Picture	response68	hit	2	6582	2	3740157	1	20229	1	0	20000
Picture	response65	hit	1	4694	2	3770615	1	20229	1	0	20000
Picture	response70	hit	2	4167	2	3801073	1	20229	1	0	20000
Picture	ins7	other				3831365	1	30229	1	0	30000
Picture	response54	hit	4	3350	2	4148200	1	20229	1	0	20000
Picture	response52	hit	4	2928	2	4178491	1	20229	1	0	20000
Picture	response56	hit	4	2633	2	4209116	1	20229	1	0	20000
Picture	response50	hit	4	1882	2	4239408	1	20229	1	0	20000
Picture	response55	hit	4	2560	2	4269699	1	20229	1	0	20000
Picture	response49	hit	4	2772	2	4300157	1	20229	1	0	20000
Picture	response53	hit	4	4454	2	4330615	1	20229	1	0	20000
Picture	response51	hit	4	3086	2	4361073	1	20229	1	0	20000
Picture	ins17	other				4391364	1	30229	1	0	30000
Picture	response130	hit	1	7190	2	4708200	1	20229	1	0	20000
Picture	response135	hit	1	4318	2	4738491	1	20207	1	0	20000
Picture	response134	incorrect	3	7385	2	4769094	1	20229	1	0	20000
Picture	response131	hit	2	6404	2	4799385	1	20396	1	0	20000
Picture	response129	hit	1	8006	2	4829844	1	20229	1	0	20000
Picture	response133	hit	1	5325	2	4860135	1	20229	1	0	20000
Picture	response136	incorrect	3	13636	2	4890593	1	20229	1	0	20000
Picture	response132	incorrect	3	9628	2	4921051	1	20229	1	0	20000
Picture	ins13	other				4951342	1	30230	1	0	30000
Picture	response99	hit	3	6060	2	5268199	1	20229	1	0	20000
Picture	response97	hit	3	4228	2	5298490	1	20229	1	0	20000
Picture	response98	hit	2	3463	2	5329115	1	20229	1	0	20000
Picture	response100	hit	2	4247	2	5359372	1	20230	1	0	20000
Picture	response104	hit	2	4005	2	5389664	1	20229	1	0	20000
Picture	response101	hit	2	4547	2	5420122	1	20230	1	0	20000
Picture	response103	hit	2	3369	2	5450580	1	20229	1	0	20000
Picture	response102	hit	2	3401	2	5481038	1	20229	1	0	20000
Picture	ins1	other				5511329	1	30229	1	0	30000
Picture	response2	hit	1	2469	2	5828099	1	20229	1	0	20000
Picture	response7	hit	1	2172	2	5858558	1	20229	1	0	20000
Picture	response4	hit	1	2060	2	5888849	1	20229	1	0	20000
Picture	response1	hit	1	3068	2	5919141	1	20229	1	0	20000
Picture	response8	hit	1	2673	2	5949765	1	20229	1	0	20000
Picture	response6	hit	1	3432	2	5980057	1	20229	1	0	20000
Picture	response3	hit	1	3114	2	6010515	1	20229	1	0	20000
Picture	response5	hit	1	3572	2	6040807	1	20230	1	0	20000
Picture	ins23	other				6071265	1	30229	1	0	30000
Picture	response182	hit	2	7870	2	6388098	1	20229	1	0	20000
Picture	response180	hit	1	4932	2	6418556	1	20229	1	0	20000
Picture	response184	hit	3	5190	2	6448848	1	20229	1	0	20000
Picture	response177	hit	1	12599	2	6479139	1	20229	1	0	20000
Picture	response178	hit	2	5004	2	6509764	1	20229	1	0	20000
Picture	response179	hit	3	4983	2	6540055	1	20241	1	0	20000
Picture	response181	hit	2	5953	2	6570525	1	20230	1	0	20000
Picture	response183	hit	4	6241	2	6600817	1	20229	1	0	20000
Picture	ins3	other				6631276	1	30229	1	0	30000
Picture	response19	hit	2	2961	2	6948097	1	20229	1	0	20000
Picture	response22	hit	2	2653	2	6978555	1	20229	1	0	20000
Picture	response24	hit	2	2641	2	7008847	1	20230	1	0	20000
Picture	response17	hit	2	2549	2	7039139	1	20229	1	0	20000
Picture	response20	hit	2	2435	2	7069763	1	20230	1	0	20000
Picture	response23	hit	2	2584	2	7100055	1	20229	1	0	20000
Picture	response21	hit	2	2306	2	7130512	1	20229	1	0	20000
Picture	response18	hit	2	2890	2	7160888	1	20229	1	0	20000
Picture	thanks	other				7190846	1	10229	1	0	10000


{
   "app": "Presentation Version 21.0 Build 06.06.19",
   "device": "LENOVO 20KHCTO1WW",
   "experiment": "{C0C68DB1-10BA-42F2-8F79-3F2AFFEED4E4}",
   "os": "Windows 10 64 bit",
   "package": "",
   "parameters": {
      "configuration": "Default configuration"
   },
   "scenario": "Response experiment(1).sce",
   "subject": "A_HP_26",
   "timestamp": "2019/10/31 06:28:25 GMT"
}
