Scenario - 
Logfile written - 10/30/2019 15:29:49

Subject	Trial	Event Type	Code	Time	TTime	Uncertainty	Duration	Uncertainty	ReqTime	ReqDur	Stim Type	Pair Index

A_HP_25	1	Response	5	90588	89421	1
A_HP_25	1	Pulse	99	90588	89421	1
A_HP_25	2	Picture	ready	90819	0	1	10229	1	0	10000	other	0
A_HP_25	2	Pulse	99	110507	19688	1
A_HP_25	2	Pulse	99	130507	39688	1
A_HP_25	2	Pulse	99	150587	59768	1
A_HP_25	3	Picture	ins13	151455	231	1	30230	1	0	30000	other	0
A_HP_25	3	Pulse	99	170508	19285	1
A_HP_25	3	Pulse	99	190507	39284	1
A_HP_25	3	Pulse	99	210507	59284	1
A_HP_25	3	Pulse	99	230506	79283	1
A_HP_25	3	Pulse	99	250507	99284	1
A_HP_25	3	Pulse	99	270507	119284	1
A_HP_25	3	Pulse	99	290587	139364	1
A_HP_25	3	Pulse	99	310507	159284	1
A_HP_25	3	Pulse	99	330508	179285	1
A_HP_25	3	Pulse	99	350587	199364	1
A_HP_25	3	Pulse	99	370507	219284	1
A_HP_25	3	Pulse	99	390507	239284	1
A_HP_25	3	Pulse	99	410587	259364	1
A_HP_25	3	Pulse	99	430507	279284	1
A_HP_25	3	Pulse	99	450507	299284	1
A_HP_25	4	Response	5	470587	9133	1
A_HP_25	4	Pulse	99	470587	9133	1
A_HP_25	5	Picture	response97	471152	230	1	20089	1	0	20000	hit	27
A_HP_25	5	Pulse	99	490507	19584	1
A_HP_25	5	Response	3	494097	23174	1
A_HP_25	6	Picture	response100	501470	147	1	20229	1	0	20000	hit	30
A_HP_25	6	Pulse	99	510507	9184	1
A_HP_25	6	Response	2	513425	12102	1
A_HP_25	6	Pulse	99	530507	29184	1
A_HP_25	7	Picture	response103	531928	205	1	20229	1	0	20000	hit	33
A_HP_25	7	Response	2	538686	6963	1
A_HP_25	7	Pulse	99	550506	18783	1
A_HP_25	8	Picture	response104	562386	263	1	20229	1	0	20000	hit	36
A_HP_25	8	Response	2	567396	5273	1
A_HP_25	8	Pulse	99	570507	8384	1
A_HP_25	8	Pulse	99	590507	28384	1
A_HP_25	9	Picture	response102	592678	155	1	20229	1	0	20000	hit	40
A_HP_25	9	Response	2	597126	4603	1
A_HP_25	9	Pulse	99	610507	17984	1
A_HP_25	10	Picture	response101	623135	212	1	20229	1	0	20000	hit	43
A_HP_25	10	Response	2	628446	5523	1
A_HP_25	10	Pulse	99	630507	7583	1
A_HP_25	10	Pulse	99	650507	27584	1
A_HP_25	11	Picture	response99	653426	103	1	20229	1	0	20000	hit	47
A_HP_25	11	Response	3	657416	4093	1
A_HP_25	11	Pulse	99	670587	17264	1
A_HP_25	12	Picture	response98	684051	328	1	20229	1	0	20000	hit	50
A_HP_25	12	Response	2	688416	4693	1
A_HP_25	12	Pulse	99	690507	6784	1
A_HP_25	12	Pulse	99	710507	26784	1
A_HP_25	13	Picture	ins17	714343	220	1	30229	1	0	30000	other	0
A_HP_25	13	Pulse	99	730588	16465	1
A_HP_25	13	Pulse	99	750507	36384	1
A_HP_25	13	Pulse	99	770507	56384	1
A_HP_25	13	Pulse	99	790507	76384	1
A_HP_25	13	Pulse	99	810507	96384	1
A_HP_25	13	Pulse	99	830507	116384	1
A_HP_25	13	Pulse	99	850507	136384	1
A_HP_25	13	Pulse	99	870507	156384	1
A_HP_25	13	Pulse	99	890507	176384	1
A_HP_25	13	Pulse	99	910507	196384	1
A_HP_25	13	Pulse	99	930505	216382	1
A_HP_25	13	Pulse	99	950507	236384	1
A_HP_25	13	Pulse	99	970507	256384	1
A_HP_25	13	Pulse	99	990507	276384	1
A_HP_25	13	Pulse	99	1010507	296384	1
A_HP_25	14	Response	5	1030507	6154	1
A_HP_25	14	Pulse	99	1030507	6154	1
A_HP_25	15	Picture	response133	1031153	230	1	20229	1	0	20000	hit	72
A_HP_25	15	Response	1	1037596	6672	1
A_HP_25	15	Pulse	99	1050587	19664	1
A_HP_25	16	Picture	response134	1061501	178	1	20229	1	0	20000	hit	76
A_HP_25	16	Pulse	99	1070506	9183	1
A_HP_25	16	Response	4	1082295	20972	1
A_HP_25	16	Pulse	99	1090506	29183	1
A_HP_25	17	Picture	response129	1091959	237	1	20229	1	0	20000	hit	79
A_HP_25	17	Response	1	1105855	14133	1
A_HP_25	17	Pulse	99	1110507	18784	1
A_HP_25	18	Picture	response131	1122251	128	1	20229	1	0	20000	hit	82
A_HP_25	18	Response	2	1129466	7343	1
A_HP_25	18	Pulse	99	1130505	8383	1
A_HP_25	18	Pulse	99	1150507	28384	1
A_HP_25	19	Picture	response132	1152709	187	1	20229	1	0	20000	hit	86
A_HP_25	19	Response	4	1165046	12524	1
A_HP_25	19	Pulse	99	1170507	17984	1
A_HP_25	20	Picture	response136	1183167	244	1	20229	1	0	20000	hit	89
A_HP_25	20	Response	4	1190056	7133	1
A_HP_25	20	Pulse	99	1190506	7584	1
A_HP_25	20	Pulse	99	1210507	27584	1
A_HP_25	21	Picture	response135	1213459	136	1	20229	1	0	20000	hit	93
A_HP_25	21	Response	1	1224316	10993	1
A_HP_25	21	Pulse	99	1230507	17184	1
A_HP_25	22	Picture	response130	1243917	194	1	20229	1	0	20000	hit	96
A_HP_25	22	Response	1	1250435	6712	1
A_HP_25	22	Pulse	99	1250505	6783	1
A_HP_25	22	Pulse	99	1270507	26784	1
A_HP_25	23	Picture	ins23	1274375	253	1	30230	1	0	30000	other	0
A_HP_25	23	Pulse	99	1290507	16384	1
A_HP_25	23	Pulse	99	1310507	36384	1
A_HP_25	23	Pulse	99	1330507	56384	1
A_HP_25	23	Pulse	99	1350506	76384	1
A_HP_25	23	Pulse	99	1370506	96384	1
A_HP_25	23	Pulse	99	1390507	116384	1
A_HP_25	23	Pulse	99	1410506	136384	1
A_HP_25	23	Pulse	99	1430506	156384	1
A_HP_25	23	Pulse	99	1450506	176384	1
A_HP_25	23	Pulse	99	1470507	196384	1
A_HP_25	23	Pulse	99	1490506	216384	1
A_HP_25	23	Pulse	99	1510507	236384	1
A_HP_25	23	Pulse	99	1530506	256384	1
A_HP_25	23	Pulse	99	1550507	276384	1
A_HP_25	23	Pulse	99	1570507	296384	1
A_HP_25	24	Response	5	1590507	6153	1
A_HP_25	24	Pulse	99	1590507	6153	1
A_HP_25	25	Picture	response183	1591153	230	1	20229	1	0	20000	hit	118
A_HP_25	25	Response	4	1600785	9863	1
A_HP_25	25	Pulse	99	1610506	19584	1
A_HP_25	26	Picture	response180	1621445	122	1	20229	1	0	20000	hit	122
A_HP_25	26	Pulse	99	1630506	9184	1
A_HP_25	26	Response	1	1636125	14803	1
A_HP_25	26	Pulse	99	1650507	29184	1
A_HP_25	27	Picture	response182	1651903	181	1	20230	1	0	20000	hit	125
A_HP_25	27	Response	2	1656625	4903	1
A_HP_25	27	Pulse	99	1670506	18784	1
A_HP_25	28	Picture	response178	1682362	240	1	20229	1	0	20000	hit	128
A_HP_25	28	Response	2	1688965	6843	1
A_HP_25	28	Pulse	99	1690506	8384	1
A_HP_25	28	Pulse	99	1710506	28384	1
A_HP_25	29	Picture	response184	1712654	131	1	20229	1	0	20000	hit	132
A_HP_25	29	Response	3	1722265	9743	1
A_HP_25	29	Pulse	99	1730506	17984	1
A_HP_25	30	Picture	response181	1743112	190	1	20230	1	0	20000	hit	136
A_HP_25	30	Pulse	99	1750506	7584	1
A_HP_25	30	Response	2	1753025	10102	1
A_HP_25	30	Pulse	99	1770506	27584	1
A_HP_25	31	Picture	response177	1773404	82	1	20230	1	0	20000	hit	139
A_HP_25	31	Response	1	1781155	7833	1
A_HP_25	31	Pulse	99	1790506	17184	1
A_HP_25	32	Picture	response179	1804029	307	1	20230	1	0	20000	hit	143
A_HP_25	32	Pulse	99	1810507	6785	1
A_HP_25	32	Response	3	1813864	10142	1
A_HP_25	32	Pulse	99	1830506	26784	1
A_HP_25	33	Picture	ins7	1834321	199	1	30229	1	0	30000	other	0
A_HP_25	33	Pulse	99	1850506	16384	1
A_HP_25	33	Pulse	99	1870507	36385	1
A_HP_25	33	Pulse	99	1890507	56385	1
A_HP_25	33	Pulse	99	1910506	76384	1
A_HP_25	33	Pulse	99	1930507	96385	1
A_HP_25	33	Pulse	99	1950506	116384	1
A_HP_25	33	Pulse	99	1970506	136384	1
A_HP_25	33	Pulse	99	1990506	156384	1
A_HP_25	33	Pulse	99	2010506	176384	1
A_HP_25	33	Pulse	99	2030506	196385	1
A_HP_25	33	Pulse	99	2050507	216385	1
A_HP_25	33	Pulse	99	2070506	236384	1
A_HP_25	33	Pulse	99	2090506	256384	1
A_HP_25	33	Pulse	99	2110506	276384	1
A_HP_25	33	Pulse	99	2130506	296384	1
A_HP_25	34	Response	5	2150506	6153	1
A_HP_25	34	Pulse	99	2150506	6153	1
A_HP_25	35	Picture	response54	2151152	230	1	20229	1	0	20000	hit	164
A_HP_25	35	Response	4	2155235	4313	1
A_HP_25	35	Pulse	99	2170506	19584	1
A_HP_25	36	Picture	response55	2181443	121	1	20230	1	0	20000	hit	167
A_HP_25	36	Response	4	2183815	2493	1
A_HP_25	36	Pulse	99	2190506	9184	1
A_HP_25	36	Pulse	99	2210506	29184	1
A_HP_25	37	Picture	response52	2212069	347	1	20229	1	0	20000	hit	171
A_HP_25	37	Response	4	2215785	4063	1
A_HP_25	37	Pulse	99	2230506	18784	1
A_HP_25	38	Picture	response49	2242361	239	1	20229	1	0	20000	hit	174
A_HP_25	38	Response	4	2245075	2953	1
A_HP_25	38	Pulse	99	2250506	8384	1
A_HP_25	38	Pulse	99	2270506	28384	1
A_HP_25	39	Picture	response53	2272652	130	1	20230	1	0	20000	hit	178
A_HP_25	39	Response	4	2275835	3313	1
A_HP_25	39	Pulse	99	2290506	17984	1
A_HP_25	40	Picture	response50	2303111	189	1	20229	1	0	20000	hit	181
A_HP_25	40	Response	4	2307345	4423	1
A_HP_25	40	Pulse	99	2310506	7584	1
A_HP_25	40	Pulse	99	2330506	27584	1
A_HP_25	41	Picture	response56	2333403	80	1	20229	1	0	20000	hit	185
A_HP_25	41	Response	4	2337645	4323	1
A_HP_25	41	Pulse	99	2350507	17184	1
A_HP_25	42	Picture	response51	2364027	305	1	20229	1	0	20000	hit	188
A_HP_25	42	Response	4	2367205	3483	1
A_HP_25	42	Pulse	99	2370506	6784	1
A_HP_25	42	Pulse	99	2390506	26784	1
A_HP_25	43	Picture	ins1	2394319	197	1	30229	1	0	30000	other	0
A_HP_25	43	Pulse	99	2410507	16384	1
A_HP_25	43	Pulse	99	2430506	36384	1
A_HP_25	43	Pulse	99	2450506	56384	1
A_HP_25	43	Pulse	99	2470506	76384	1
A_HP_25	43	Pulse	99	2490506	96384	1
A_HP_25	43	Pulse	99	2510506	116384	1
A_HP_25	43	Pulse	99	2530506	136384	1
A_HP_25	43	Pulse	99	2550506	156384	1
A_HP_25	43	Pulse	99	2570506	176384	1
A_HP_25	43	Pulse	99	2590506	196384	1
A_HP_25	43	Pulse	99	2610507	216385	1
A_HP_25	43	Pulse	99	2630506	236384	1
A_HP_25	43	Pulse	99	2650506	256384	1
A_HP_25	43	Pulse	99	2670506	276383	1
A_HP_25	43	Pulse	99	2690506	296384	1
A_HP_25	44	Response	5	2710506	6153	1
A_HP_25	44	Pulse	99	2710506	6153	1
A_HP_25	45	Picture	response5	2711152	230	1	20229	1	0	20000	hit	210
A_HP_25	45	Response	1	2714355	3433	1
A_HP_25	45	Pulse	99	2730506	19584	1
A_HP_25	46	Picture	response7	2741443	122	1	20229	1	0	20000	hit	213
A_HP_25	46	Response	1	2744175	2853	1
A_HP_25	46	Pulse	99	2750506	9185	1
A_HP_25	46	Pulse	99	2770506	29184	1
A_HP_25	47	Picture	response6	2771931	209	1	20230	1	0	20000	hit	217
A_HP_25	47	Response	1	2774825	3103	1
A_HP_25	47	Pulse	99	2790505	18784	1
A_HP_25	48	Picture	response4	2802390	268	1	20229	1	0	20000	hit	220
A_HP_25	48	Response	1	2807886	5764	1
A_HP_25	48	Pulse	99	2810506	8385	1
A_HP_25	48	Pulse	99	2830506	28384	1
A_HP_25	49	Picture	response2	2832682	159	1	20229	1	0	20000	hit	224
A_HP_25	49	Response	1	2836845	4323	1
A_HP_25	49	Pulse	99	2850506	17984	1
A_HP_25	50	Picture	response1	2863140	218	1	20229	1	0	20000	hit	227
A_HP_25	50	Response	1	2866275	3353	1
A_HP_25	50	Pulse	99	2870506	7584	1
A_HP_25	50	Pulse	99	2890506	27584	1
A_HP_25	51	Picture	response8	2893431	110	1	20204	1	0	20000	hit	231
A_HP_25	51	Response	1	2898845	5523	1
A_HP_25	51	Pulse	99	2910506	17185	1
A_HP_25	52	Picture	response3	2924031	310	1	20229	1	0	20000	hit	234
A_HP_25	52	Response	1	2927914	4193	1
A_HP_25	52	Pulse	99	2930505	6784	1
A_HP_25	52	Pulse	99	2950506	26784	1
A_HP_25	53	Picture	ins9	2954323	202	1	30229	1	0	30000	other	0
A_HP_25	53	Pulse	99	2970506	16384	1
A_HP_25	53	Pulse	99	2990506	36385	1
A_HP_25	53	Pulse	99	3010505	56384	1
A_HP_25	53	Pulse	99	3030506	76384	1
A_HP_25	53	Pulse	99	3050506	96384	1
A_HP_25	53	Pulse	99	3070506	116384	1
A_HP_25	53	Pulse	99	3090506	136384	1
A_HP_25	53	Pulse	99	3110506	156384	1
A_HP_25	53	Pulse	99	3130506	176384	1
A_HP_25	53	Pulse	99	3150506	196384	1
A_HP_25	53	Pulse	99	3170506	216384	1
A_HP_25	53	Pulse	99	3190506	236384	1
A_HP_25	53	Pulse	99	3210506	256384	1
A_HP_25	53	Pulse	99	3230506	276384	1
A_HP_25	53	Pulse	99	3250506	296384	1
A_HP_25	54	Response	5	3270506	6154	1
A_HP_25	54	Pulse	99	3270506	6154	1
A_HP_25	55	Picture	response67	3271152	230	1	20229	1	0	20000	hit	256
A_HP_25	55	Response	2	3289525	18603	1
A_HP_25	55	Pulse	99	3290505	19583	1
A_HP_25	56	Picture	response68	3301443	122	1	20229	1	0	20000	hit	259
A_HP_25	56	Response	2	3308575	7253	1
A_HP_25	56	Pulse	99	3310505	9183	1
A_HP_25	56	Pulse	99	3330506	29184	1
A_HP_25	57	Picture	response65	3332068	347	1	20229	1	0	20000	hit	263
A_HP_25	57	Response	1	3337914	6193	1
A_HP_25	57	Pulse	99	3350506	18784	1
A_HP_25	58	Picture	response72	3362360	238	1	20229	1	0	20000	hit	266
A_HP_25	58	Response	1	3367525	5403	1
A_HP_25	58	Pulse	99	3370505	8383	1
A_HP_25	58	Pulse	99	3390506	28384	1
A_HP_25	59	Picture	response71	3392651	129	1	20229	1	0	20000	hit	270
A_HP_25	59	Response	2	3397645	5123	1
A_HP_25	59	Pulse	99	3410506	17984	1
A_HP_25	60	Picture	response66	3423109	187	1	20229	1	0	20000	hit	273
A_HP_25	60	Response	2	3427435	4513	1
A_HP_25	60	Pulse	99	3430505	7583	1
A_HP_25	60	Pulse	99	3450506	27584	1
A_HP_25	61	Picture	response69	3453567	245	1	20229	1	0	20000	incorrect	278
A_HP_25	61	Pulse	99	3470505	17184	1
A_HP_25	61	Response	1	3481505	28183	1
A_HP_25	62	Picture	response70	3484026	304	1	20229	1	0	20000	incorrect	281
A_HP_25	62	Pulse	99	3490506	6784	1
A_HP_25	62	Response	1	3503025	19303	1
A_HP_25	62	Pulse	99	3510506	26784	1
A_HP_25	63	Picture	ins15	3514317	195	1	30229	1	0	30000	other	0
A_HP_25	63	Pulse	99	3530505	16384	1
A_HP_25	63	Pulse	99	3550506	36384	1
A_HP_25	63	Pulse	99	3570506	56384	1
A_HP_25	63	Pulse	99	3590506	76384	1
A_HP_25	63	Pulse	99	3610505	96383	1
A_HP_25	63	Pulse	99	3630506	116384	1
A_HP_25	63	Pulse	99	3650506	136384	1
A_HP_25	63	Pulse	99	3670506	156384	1
A_HP_25	63	Pulse	99	3690506	176384	1
A_HP_25	63	Pulse	99	3710505	196384	1
A_HP_25	63	Pulse	99	3730505	216384	1
A_HP_25	63	Pulse	99	3750505	236384	1
A_HP_25	63	Pulse	99	3770506	256384	1
A_HP_25	63	Pulse	99	3790506	276385	1
A_HP_25	63	Pulse	99	3810506	296384	1
A_HP_25	64	Response	5	3830505	6153	1
A_HP_25	64	Pulse	99	3830505	6153	1
A_HP_25	65	Picture	response114	3831152	230	1	20229	1	0	20000	hit	302
A_HP_25	65	Response	4	3837864	6942	1
A_HP_25	65	Pulse	99	3850505	19583	1
A_HP_25	66	Picture	response116	3861444	122	1	20229	1	0	20000	hit	305
A_HP_25	66	Response	4	3866055	4733	1
A_HP_25	66	Pulse	99	3870505	9183	1
A_HP_25	66	Pulse	99	3890505	29184	1
A_HP_25	67	Picture	response118	3891902	180	1	20229	1	0	20000	hit	309
A_HP_25	67	Response	2	3899764	8043	1
A_HP_25	67	Pulse	99	3910505	18783	1
A_HP_25	68	Picture	response115	3922360	239	1	20230	1	0	20000	hit	312
A_HP_25	68	Response	2	3928195	6073	1
A_HP_25	68	Pulse	99	3930506	8384	1
A_HP_25	68	Pulse	99	3950506	28384	1
A_HP_25	69	Picture	response120	3952652	131	1	20229	1	0	20000	hit	316
A_HP_25	69	Response	4	3960024	7503	1
A_HP_25	69	Pulse	99	3970505	17984	1
A_HP_25	70	Picture	response113	3983110	189	1	20230	1	0	20000	hit	319
A_HP_25	70	Response	2	3988624	5703	1
A_HP_25	70	Pulse	99	3990505	7583	1
A_HP_25	70	Pulse	99	4010505	27584	1
A_HP_25	71	Picture	response117	4013403	82	1	20230	1	0	20000	hit	323
A_HP_25	71	Response	4	4019154	5833	1
A_HP_25	71	Pulse	99	4030505	17183	1
A_HP_25	72	Picture	response119	4044028	307	1	20229	1	0	20000	hit	327
A_HP_25	72	Pulse	99	4050505	6784	1
A_HP_25	72	Response	4	4051464	7742	1
A_HP_25	72	Pulse	99	4070505	26784	1
A_HP_25	73	Picture	ins19	4074319	198	1	30229	1	0	30000	other	0
A_HP_25	73	Pulse	99	4090505	16384	1
A_HP_25	73	Pulse	99	4110505	36384	1
A_HP_25	73	Pulse	99	4130505	56384	1
A_HP_25	73	Pulse	99	4150505	76384	1
A_HP_25	73	Pulse	99	4170505	96384	1
A_HP_25	73	Pulse	99	4190505	116384	1
A_HP_25	73	Pulse	99	4210505	136384	1
A_HP_25	73	Pulse	99	4230505	156384	1
A_HP_25	73	Pulse	99	4250505	176384	1
A_HP_25	73	Pulse	99	4270505	196384	1
A_HP_25	73	Pulse	99	4290505	216384	1
A_HP_25	73	Pulse	99	4310505	236384	1
A_HP_25	73	Pulse	99	4330505	256384	1
A_HP_25	73	Pulse	99	4350505	276384	1
A_HP_25	73	Pulse	99	4370505	296384	1
A_HP_25	74	Response	5	4390505	6153	1
A_HP_25	74	Pulse	99	4390505	6153	1
A_HP_25	75	Picture	response150	4391151	230	1	20229	1	0	20000	hit	348
A_HP_25	75	Response	4	4400883	9963	1
A_HP_25	75	Pulse	99	4410504	19583	1
A_HP_25	76	Picture	response147	4421442	121	1	20229	1	0	20000	hit	352
A_HP_25	76	Pulse	99	4430505	9184	1
A_HP_25	76	Response	3	4432984	11663	1
A_HP_25	76	Pulse	99	4450505	29184	1
A_HP_25	77	Picture	response146	4452066	345	1	20229	1	0	20000	hit	355
A_HP_25	77	Response	1	4459914	8193	1
A_HP_25	77	Pulse	99	4470505	18784	1
A_HP_25	78	Picture	response151	4482358	237	1	20229	1	0	20000	hit	358
A_HP_25	78	Response	2	4489474	7353	1
A_HP_25	78	Pulse	99	4490504	8384	1
A_HP_25	78	Pulse	99	4510505	28384	1
A_HP_25	79	Picture	response145	4512816	294	1	20229	1	0	20000	hit	362
A_HP_25	79	Response	1	4520484	7962	1
A_HP_25	79	Pulse	99	4530505	17983	1
A_HP_25	80	Picture	response152	4543107	186	1	20229	1	0	20000	hit	365
A_HP_25	80	Response	2	4548354	5433	1
A_HP_25	80	Pulse	99	4550505	7583	1
A_HP_25	80	Pulse	99	4570505	27583	1
A_HP_25	81	Picture	response149	4573566	245	1	20229	1	0	20000	hit	369
A_HP_25	81	Response	3	4580254	6933	1
A_HP_25	81	Pulse	99	4590505	17184	1
A_HP_25	82	Picture	response148	4604024	303	1	20229	1	0	20000	hit	373
A_HP_25	82	Pulse	99	4610505	6784	1
A_HP_25	82	Response	2	4613333	9612	1
A_HP_25	82	Pulse	99	4630505	26784	1
A_HP_25	83	Picture	ins3	4634315	194	1	30229	1	0	30000	other	0
A_HP_25	83	Pulse	99	4650505	16384	1
A_HP_25	83	Pulse	99	4670503	36382	1
A_HP_25	83	Pulse	99	4690505	56384	1
A_HP_25	83	Pulse	99	4710505	76384	1
A_HP_25	83	Pulse	99	4730505	96384	1
A_HP_25	83	Pulse	99	4750504	116383	1
A_HP_25	83	Pulse	99	4770505	136384	1
A_HP_25	83	Pulse	99	4790505	156384	1
A_HP_25	83	Pulse	99	4810505	176384	1
A_HP_25	83	Pulse	99	4830505	196384	1
A_HP_25	83	Pulse	99	4850505	216384	1
A_HP_25	83	Pulse	99	4870505	236384	1
A_HP_25	83	Pulse	99	4890506	256385	1
A_HP_25	83	Pulse	99	4910505	276384	1
A_HP_25	83	Pulse	99	4930505	296384	1
A_HP_25	84	Response	5	4950505	6154	1
A_HP_25	84	Pulse	99	4950505	6154	1
A_HP_25	85	Picture	response18	4951151	230	1	20229	1	0	20000	hit	394
A_HP_25	85	Response	2	4953584	2663	1
A_HP_25	85	Pulse	99	4970504	19583	1
A_HP_25	86	Picture	response20	4981443	122	1	20229	1	0	20000	hit	397
A_HP_25	86	Response	2	4984104	2783	1
A_HP_25	86	Pulse	99	4990505	9185	1
A_HP_25	86	Pulse	99	5010505	29184	1
A_HP_25	87	Picture	response22	5012067	346	1	20229	1	0	20000	hit	401
A_HP_25	87	Response	2	5015154	3432	1
A_HP_25	87	Pulse	99	5030505	18784	1
A_HP_25	88	Picture	response23	5042359	238	1	20229	1	0	20000	hit	404
A_HP_25	88	Response	2	5046494	4373	1
A_HP_25	88	Pulse	99	5050504	8383	1
A_HP_25	88	Pulse	99	5070505	28384	1
A_HP_25	89	Picture	response19	5072651	130	1	20229	1	0	20000	hit	408
A_HP_25	89	Response	2	5079434	6913	1
A_HP_25	89	Pulse	99	5090505	17984	1
A_HP_25	90	Picture	response21	5103109	188	1	20229	1	0	20000	hit	411
A_HP_25	90	Response	2	5105694	2773	1
A_HP_25	90	Pulse	99	5110505	7584	1
A_HP_25	90	Pulse	99	5130505	27584	1
A_HP_25	91	Picture	response24	5133567	246	1	20230	1	0	20000	hit	415
A_HP_25	91	Response	2	5138204	4883	1
A_HP_25	91	Pulse	99	5150505	17184	1
A_HP_25	92	Picture	response17	5164026	305	1	20230	1	0	20000	hit	418
A_HP_25	92	Response	2	5168444	4723	1
A_HP_25	92	Pulse	99	5170504	6784	1
A_HP_25	92	Pulse	99	5190505	26784	1
A_HP_25	93	Picture	ins21	5194319	198	1	30230	1	0	30000	other	0
A_HP_25	93	Pulse	99	5210505	16384	1
A_HP_25	93	Pulse	99	5230505	36384	1
A_HP_25	93	Pulse	99	5250505	56384	1
A_HP_25	93	Pulse	99	5270505	76384	1
A_HP_25	93	Pulse	99	5290505	96384	1
A_HP_25	93	Pulse	99	5310505	116384	1
A_HP_25	93	Pulse	99	5330505	136384	1
A_HP_25	93	Pulse	99	5350505	156385	1
A_HP_25	93	Pulse	99	5370505	176384	1
A_HP_25	93	Pulse	99	5390505	196384	1
A_HP_25	93	Pulse	99	5410505	216384	1
A_HP_25	93	Pulse	99	5430505	236384	1
A_HP_25	93	Pulse	99	5450505	256384	1
A_HP_25	93	Pulse	99	5470504	276383	1
A_HP_25	93	Pulse	99	5490505	296384	1
A_HP_25	94	Response	5	5510504	6153	1
A_HP_25	94	Pulse	99	5510504	6153	1
A_HP_25	95	Picture	response162	5511150	230	1	20229	1	0	20000	hit	440
A_HP_25	95	Response	4	5515913	4993	1
A_HP_25	95	Pulse	99	5530504	19584	1
A_HP_25	96	Picture	response168	5541442	122	1	20229	1	0	20000	hit	443
A_HP_25	96	Response	4	5546814	5493	1
A_HP_25	96	Pulse	99	5550505	9184	1
A_HP_25	96	Pulse	99	5570504	29184	1
A_HP_25	97	Picture	response165	5571901	180	1	20229	1	0	20000	hit	447
A_HP_25	97	Response	3	5577614	5893	1
A_HP_25	97	Pulse	99	5590505	18784	1
A_HP_25	98	Picture	response167	5602359	238	1	20229	1	0	20000	hit	451
A_HP_25	98	Pulse	99	5610505	8384	1
A_HP_25	98	Response	2	5611773	9652	1
A_HP_25	98	Pulse	99	5630504	28383	1
A_HP_25	99	Picture	response164	5632651	130	1	20229	1	0	20000	hit	454
A_HP_25	99	Response	1	5637864	5343	1
A_HP_25	99	Pulse	99	5650504	17983	1
A_HP_25	100	Picture	response166	5663109	188	1	20229	1	0	20000	hit	458
A_HP_25	100	Pulse	99	5670505	7584	1
A_HP_25	100	Response	4	5674963	12042	1
A_HP_25	100	Pulse	99	5690504	27584	1
A_HP_25	101	Picture	response161	5693400	80	1	20229	1	0	20000	hit	461
A_HP_25	101	Response	2	5701664	8343	1
A_HP_25	101	Pulse	99	5710505	17184	1
A_HP_25	102	Picture	response163	5724025	305	1	20229	1	0	20000	hit	464
A_HP_25	102	Response	2	5729693	5973	1
A_HP_25	102	Pulse	99	5730505	6784	1
A_HP_25	102	Pulse	99	5750504	26784	1
A_HP_25	103	Picture	ins5	5754317	196	1	30229	1	0	30000	other	0
A_HP_25	103	Pulse	99	5770504	16384	1
A_HP_25	103	Pulse	99	5790505	36385	1
A_HP_25	103	Pulse	99	5810505	56384	1
A_HP_25	103	Pulse	99	5830504	76384	1
A_HP_25	103	Pulse	99	5850504	96384	1
A_HP_25	103	Pulse	99	5870505	116384	1
A_HP_25	103	Pulse	99	5890505	136384	1
A_HP_25	103	Pulse	99	5910505	156384	1
A_HP_25	103	Pulse	99	5930504	176384	1
A_HP_25	103	Pulse	99	5950505	196384	1
A_HP_25	103	Pulse	99	5970505	216385	1
A_HP_25	103	Pulse	99	5990504	236383	1
A_HP_25	103	Pulse	99	6010504	256384	1
A_HP_25	103	Pulse	99	6030505	276384	1
A_HP_25	103	Pulse	99	6050505	296385	1
A_HP_25	104	Response	5	6070504	6153	1
A_HP_25	104	Pulse	99	6070504	6153	1
A_HP_25	105	Picture	response37	6071151	230	1	20229	1	0	20000	hit	486
A_HP_25	105	Response	3	6074643	3722	1
A_HP_25	105	Pulse	99	6090504	19583	1
A_HP_25	106	Picture	response35	6101442	122	1	20229	1	0	20000	hit	489
A_HP_25	106	Response	3	6103594	2273	1
A_HP_25	106	Pulse	99	6110504	9183	1
A_HP_25	106	Pulse	99	6130504	29184	1
A_HP_25	107	Picture	response34	6132066	346	1	20229	1	0	20000	hit	493
A_HP_25	107	Response	3	6135933	4213	1
A_HP_25	107	Pulse	99	6150505	18784	1
A_HP_25	108	Picture	response40	6162358	238	1	20229	1	0	20000	hit	497
A_HP_25	108	Pulse	99	6170504	8384	1
A_HP_25	108	Response	3	6178963	16843	1
A_HP_25	108	Pulse	99	6190504	28384	1
A_HP_25	109	Picture	response39	6192650	129	1	20229	1	0	20000	hit	500
A_HP_25	109	Response	3	6198594	6073	1
A_HP_25	109	Pulse	99	6210505	17984	1
A_HP_25	110	Picture	response33	6223108	188	1	20229	1	0	20000	hit	503
A_HP_25	110	Response	3	6227402	4482	1
A_HP_25	110	Pulse	99	6230504	7584	1
A_HP_25	110	Pulse	99	6250504	27584	1
A_HP_25	111	Picture	response36	6253400	80	1	20230	1	0	20000	hit	507
A_HP_25	111	Response	3	6258083	4763	1
A_HP_25	111	Pulse	99	6270504	17184	1
A_HP_25	112	Picture	response38	6284026	306	1	20229	1	0	20000	hit	510
A_HP_25	112	Response	3	6288883	5163	1
A_HP_25	112	Pulse	99	6290506	6786	1
A_HP_25	112	Pulse	99	6310504	26784	1
A_HP_25	113	Picture	ins11	6314317	198	1	30229	1	0	30000	other	0
A_HP_25	113	Pulse	99	6330504	16384	1
A_HP_25	113	Pulse	99	6350504	36385	1
A_HP_25	113	Pulse	99	6370504	56385	1
A_HP_25	113	Pulse	99	6390504	76384	1
A_HP_25	113	Pulse	99	6410504	96385	1
A_HP_25	113	Pulse	99	6430504	116385	1
A_HP_25	113	Pulse	99	6450505	136385	1
A_HP_25	113	Pulse	99	6470504	156384	1
A_HP_25	113	Pulse	99	6490504	176384	1
A_HP_25	113	Pulse	99	6510425	196305	1
A_HP_25	113	Pulse	99	6530504	216384	1
A_HP_25	113	Pulse	99	6550504	236384	1
A_HP_25	113	Pulse	99	6570504	256384	1
A_HP_25	113	Pulse	99	6590504	276384	1
A_HP_25	113	Pulse	99	6610504	296384	1
A_HP_25	114	Response	5	6630504	6154	1
A_HP_25	114	Pulse	99	6630504	6154	1
A_HP_25	115	Picture	response83	6631150	230	1	20229	1	0	20000	hit	532
A_HP_25	115	Response	3	6636683	5763	1
A_HP_25	115	Pulse	99	6650504	19584	1
A_HP_25	116	Picture	response87	6661441	122	1	20229	1	0	20000	hit	535
A_HP_25	116	Response	3	6666913	5593	1
A_HP_25	116	Pulse	99	6670503	9184	1
A_HP_25	116	Pulse	99	6690503	29184	1
A_HP_25	117	Picture	response86	6691900	180	1	20230	1	0	20000	hit	539
A_HP_25	117	Response	1	6696733	5013	1
A_HP_25	117	Pulse	99	6710504	18784	1
A_HP_25	118	Picture	response84	6722359	239	1	20230	1	0	20000	hit	542
A_HP_25	118	Response	1	6725633	3513	1
A_HP_25	118	Pulse	99	6730504	8384	1
A_HP_25	118	Pulse	99	6750504	28384	1
A_HP_25	119	Picture	response81	6752651	131	1	20229	1	0	20000	hit	546
A_HP_25	119	Response	1	6758943	6423	1
A_HP_25	119	Pulse	99	6770424	17904	1
A_HP_25	120	Picture	response82	6783109	189	1	20229	1	0	20000	hit	549
A_HP_25	120	Response	3	6788483	5563	1
A_HP_25	120	Pulse	99	6790504	7584	1
A_HP_25	120	Pulse	99	6810505	27584	1
A_HP_25	121	Picture	response85	6813401	81	1	20229	1	0	20000	hit	553
A_HP_25	121	Response	1	6819103	5783	1
A_HP_25	121	Pulse	99	6830424	17104	1
A_HP_25	122	Picture	response88	6844025	305	1	20229	1	0	20000	hit	557
A_HP_25	122	Pulse	99	6850504	6784	1
A_HP_25	122	Response	3	6852913	9193	1
A_HP_25	122	Pulse	99	6870504	26784	1
A_HP_25	123	Picture	thanks	6873983	0	1	10229	1	0	10000	other	0
A_HP_25	123	Pulse	99	6890504	16521	1


Event Type	Code	Type	Response	RT	RT Uncertainty	Time	Uncertainty	Duration	Uncertainty	ReqTime	ReqDur

Picture	ready	other				90819	1	10229	1	0	10000
Picture	ins13	other				151455	1	30230	1	0	30000
Picture	response97	hit	3	22944	2	471152	1	20089	1	0	20000
Picture	response100	hit	2	11955	2	501470	1	20229	1	0	20000
Picture	response103	hit	2	6758	2	531928	1	20229	1	0	20000
Picture	response104	hit	2	5010	2	562386	1	20229	1	0	20000
Picture	response102	hit	2	4449	2	592678	1	20229	1	0	20000
Picture	response101	hit	2	5311	2	623135	1	20229	1	0	20000
Picture	response99	hit	3	3990	2	653426	1	20229	1	0	20000
Picture	response98	hit	2	4365	2	684051	1	20229	1	0	20000
Picture	ins17	other				714343	1	30229	1	0	30000
Picture	response133	hit	1	6443	2	1031153	1	20229	1	0	20000
Picture	response134	hit	4	20794	2	1061501	1	20229	1	0	20000
Picture	response129	hit	1	13896	2	1091959	1	20229	1	0	20000
Picture	response131	hit	2	7215	2	1122251	1	20229	1	0	20000
Picture	response132	hit	4	12337	2	1152709	1	20229	1	0	20000
Picture	response136	hit	4	6888	2	1183167	1	20229	1	0	20000
Picture	response135	hit	1	10857	2	1213459	1	20229	1	0	20000
Picture	response130	hit	1	6518	2	1243917	1	20229	1	0	20000
Picture	ins23	other				1274375	1	30230	1	0	30000
Picture	response183	hit	4	9633	2	1591153	1	20229	1	0	20000
Picture	response180	hit	1	14680	2	1621445	1	20229	1	0	20000
Picture	response182	hit	2	4722	2	1651903	1	20230	1	0	20000
Picture	response178	hit	2	6603	2	1682362	1	20229	1	0	20000
Picture	response184	hit	3	9612	2	1712654	1	20229	1	0	20000
Picture	response181	hit	2	9912	2	1743112	1	20230	1	0	20000
Picture	response177	hit	1	7751	2	1773404	1	20230	1	0	20000
Picture	response179	hit	3	9835	2	1804029	1	20230	1	0	20000
Picture	ins7	other				1834321	1	30229	1	0	30000
Picture	response54	hit	4	4083	2	2151152	1	20229	1	0	20000
Picture	response55	hit	4	2372	2	2181443	1	20230	1	0	20000
Picture	response52	hit	4	3716	2	2212069	1	20229	1	0	20000
Picture	response49	hit	4	2714	2	2242361	1	20229	1	0	20000
Picture	response53	hit	4	3183	2	2272652	1	20230	1	0	20000
Picture	response50	hit	4	4234	2	2303111	1	20229	1	0	20000
Picture	response56	hit	4	4243	2	2333403	1	20229	1	0	20000
Picture	response51	hit	4	3178	2	2364027	1	20229	1	0	20000
Picture	ins1	other				2394319	1	30229	1	0	30000
Picture	response5	hit	1	3203	2	2711152	1	20229	1	0	20000
Picture	response7	hit	1	2732	2	2741443	1	20229	1	0	20000
Picture	response6	hit	1	2894	2	2771931	1	20230	1	0	20000
Picture	response4	hit	1	5496	2	2802390	1	20229	1	0	20000
Picture	response2	hit	1	4163	2	2832682	1	20229	1	0	20000
Picture	response1	hit	1	3135	2	2863140	1	20229	1	0	20000
Picture	response8	hit	1	5414	2	2893431	1	20204	1	0	20000
Picture	response3	hit	1	3883	2	2924031	1	20229	1	0	20000
Picture	ins9	other				2954323	1	30229	1	0	30000
Picture	response67	hit	2	18373	2	3271152	1	20229	1	0	20000
Picture	response68	hit	2	7131	2	3301443	1	20229	1	0	20000
Picture	response65	hit	1	5846	2	3332068	1	20229	1	0	20000
Picture	response72	hit	1	5165	2	3362360	1	20229	1	0	20000
Picture	response71	hit	2	4994	2	3392651	1	20229	1	0	20000
Picture	response66	hit	2	4326	2	3423109	1	20229	1	0	20000
Picture	response69	incorrect	1	27938	2	3453567	1	20229	1	0	20000
Picture	response70	incorrect	1	18999	2	3484026	1	20229	1	0	20000
Picture	ins15	other				3514317	1	30229	1	0	30000
Picture	response114	hit	4	6713	2	3831152	1	20229	1	0	20000
Picture	response116	hit	4	4611	2	3861444	1	20229	1	0	20000
Picture	response118	hit	2	7862	2	3891902	1	20229	1	0	20000
Picture	response115	hit	2	5834	2	3922360	1	20230	1	0	20000
Picture	response120	hit	4	7372	2	3952652	1	20229	1	0	20000
Picture	response113	hit	2	5514	2	3983110	1	20230	1	0	20000
Picture	response117	hit	4	5751	2	4013403	1	20230	1	0	20000
Picture	response119	hit	4	7436	2	4044028	1	20229	1	0	20000
Picture	ins19	other				4074319	1	30229	1	0	30000
Picture	response150	hit	4	9733	2	4391151	1	20229	1	0	20000
Picture	response147	hit	3	11542	2	4421442	1	20229	1	0	20000
Picture	response146	hit	1	7848	2	4452066	1	20229	1	0	20000
Picture	response151	hit	2	7116	2	4482358	1	20229	1	0	20000
Picture	response145	hit	1	7668	2	4512816	1	20229	1	0	20000
Picture	response152	hit	2	5247	2	4543107	1	20229	1	0	20000
Picture	response149	hit	3	6688	2	4573566	1	20229	1	0	20000
Picture	response148	hit	2	9310	2	4604024	1	20229	1	0	20000
Picture	ins3	other				4634315	1	30229	1	0	30000
Picture	response18	hit	2	2433	2	4951151	1	20229	1	0	20000
Picture	response20	hit	2	2661	2	4981443	1	20229	1	0	20000
Picture	response22	hit	2	3086	2	5012067	1	20229	1	0	20000
Picture	response23	hit	2	4135	2	5042359	1	20229	1	0	20000
Picture	response19	hit	2	6783	2	5072651	1	20229	1	0	20000
Picture	response21	hit	2	2585	2	5103109	1	20229	1	0	20000
Picture	response24	hit	2	4637	2	5133567	1	20230	1	0	20000
Picture	response17	hit	2	4418	2	5164026	1	20230	1	0	20000
Picture	ins21	other				5194319	1	30230	1	0	30000
Picture	response162	hit	4	4763	2	5511150	1	20229	1	0	20000
Picture	response168	hit	4	5371	2	5541442	1	20229	1	0	20000
Picture	response165	hit	3	5713	2	5571901	1	20229	1	0	20000
Picture	response167	hit	2	9414	2	5602359	1	20229	1	0	20000
Picture	response164	hit	1	5213	2	5632651	1	20229	1	0	20000
Picture	response166	hit	4	11854	2	5663109	1	20229	1	0	20000
Picture	response161	hit	2	8263	2	5693400	1	20229	1	0	20000
Picture	response163	hit	2	5668	2	5724025	1	20229	1	0	20000
Picture	ins5	other				5754317	1	30229	1	0	30000
Picture	response37	hit	3	3492	2	6071151	1	20229	1	0	20000
Picture	response35	hit	3	2152	2	6101442	1	20229	1	0	20000
Picture	response34	hit	3	3867	2	6132066	1	20229	1	0	20000
Picture	response40	hit	3	16605	2	6162358	1	20229	1	0	20000
Picture	response39	hit	3	5944	2	6192650	1	20229	1	0	20000
Picture	response33	hit	3	4294	2	6223108	1	20229	1	0	20000
Picture	response36	hit	3	4683	2	6253400	1	20230	1	0	20000
Picture	response38	hit	3	4857	2	6284026	1	20229	1	0	20000
Picture	ins11	other				6314317	1	30229	1	0	30000
Picture	response83	hit	3	5533	2	6631150	1	20229	1	0	20000
Picture	response87	hit	3	5472	2	6661441	1	20229	1	0	20000
Picture	response86	hit	1	4833	2	6691900	1	20230	1	0	20000
Picture	response84	hit	1	3274	2	6722359	1	20230	1	0	20000
Picture	response81	hit	1	6292	2	6752651	1	20229	1	0	20000
Picture	response82	hit	3	5374	2	6783109	1	20229	1	0	20000
Picture	response85	hit	1	5702	2	6813401	1	20229	1	0	20000
Picture	response88	hit	3	8888	2	6844025	1	20229	1	0	20000
Picture	thanks	other				6873983	1	10229	1	0	10000


{
   "app": "Presentation Version 21.0 Build 06.06.19",
   "device": "LENOVO 20KHCTO1WW",
   "experiment": "{C0C68DB1-10BA-42F2-8F79-3F2AFFEED4E4}",
   "os": "Windows 10 64 bit",
   "package": "",
   "parameters": {
      "configuration": "Default configuration"
   },
   "scenario": "Response experiment(1).sce",
   "subject": "A_HP_25",
   "timestamp": "2019/10/30 06:18:11 GMT"
}
