Scenario - 
Logfile written - 01/16/2020 11:12:20

Subject	Trial	Event Type	Code	Time	TTime	Uncertainty	Duration	Uncertainty	ReqTime	ReqDur	Stim Type	Pair Index

A_HP_45	1	Response	5	577756	576613	1
A_HP_45	1	Pulse	99	577756	576613	1
A_HP_45	2	Picture	ready	577883	0	1	10162	1	0	10000	other	0
A_HP_45	2	Pulse	99	597756	19874	1
A_HP_45	2	Pulse	99	617756	39873	1
A_HP_45	2	Pulse	99	637756	59874	1
A_HP_45	3	Picture	ins15	638355	92	1	30153	1	0	30000	other	0
A_HP_45	3	Pulse	99	657756	19493	1
A_HP_45	3	Pulse	99	677756	39493	1
A_HP_45	3	Pulse	99	697756	59493	1
A_HP_45	3	Pulse	99	717756	79493	1
A_HP_45	3	Pulse	99	737757	99493	1
A_HP_45	3	Pulse	99	757756	119493	1
A_HP_45	3	Pulse	99	777756	139493	1
A_HP_45	3	Pulse	99	797756	159493	1
A_HP_45	3	Pulse	99	817757	179493	1
A_HP_45	3	Pulse	99	837757	199494	1
A_HP_45	3	Pulse	99	857756	219493	1
A_HP_45	3	Pulse	99	877756	239493	1
A_HP_45	3	Pulse	99	897757	259494	1
A_HP_45	3	Pulse	99	917756	279493	1
A_HP_45	3	Pulse	99	937757	299493	1
A_HP_45	4	Response	5	957757	9376	1
A_HP_45	4	Pulse	99	957757	9376	1
A_HP_45	5	Picture	response119	958211	47	1	20158	1	0	20000	hit	26
A_HP_45	5	Response	4	970505	12342	1
A_HP_45	5	Pulse	99	977756	19593	1
A_HP_45	6	Picture	response115	988697	134	1	20158	1	0	20000	hit	29
A_HP_45	6	Response	2	995845	7282	1
A_HP_45	6	Pulse	99	997756	9193	1
A_HP_45	6	Pulse	99	1017756	29193	1
A_HP_45	7	Picture	response117	1019016	53	1	20158	1	0	20000	hit	33
A_HP_45	7	Response	4	1025985	7021	1
A_HP_45	7	Pulse	99	1037756	18793	1
A_HP_45	8	Picture	response114	1049503	139	1	20158	1	0	20000	incorrect	36
A_HP_45	8	Response	2	1056015	6652	1
A_HP_45	8	Pulse	99	1057757	8393	1
A_HP_45	8	Pulse	99	1077756	28393	1
A_HP_45	9	Picture	response113	1079822	59	1	20157	1	0	20000	hit	40
A_HP_45	9	Response	2	1091055	11292	1
A_HP_45	9	Pulse	99	1097756	17993	1
A_HP_45	10	Picture	response118	1110309	145	1	20157	1	0	20000	hit	43
A_HP_45	10	Response	2	1115315	5152	1
A_HP_45	10	Pulse	99	1117756	7593	1
A_HP_45	10	Pulse	99	1137756	27593	1
A_HP_45	11	Picture	response116	1140628	65	1	20158	1	0	20000	incorrect	47
A_HP_45	11	Response	2	1150185	9622	1
A_HP_45	11	Pulse	99	1157756	17193	1
A_HP_45	12	Picture	response120	1171114	151	1	20158	1	0	20000	hit	50
A_HP_45	12	Response	4	1175545	4582	1
A_HP_45	12	Pulse	99	1177756	6793	1
A_HP_45	12	Pulse	99	1197757	26793	1
A_HP_45	13	Picture	ins19	1201434	71	1	30153	1	0	30000	other	0
A_HP_45	13	Pulse	99	1217757	16393	1
A_HP_45	13	Pulse	99	1237757	36393	1
A_HP_45	13	Pulse	99	1257757	56393	1
A_HP_45	13	Pulse	99	1277757	76393	1
A_HP_45	13	Pulse	99	1297757	96393	1
A_HP_45	13	Pulse	99	1317757	116393	1
A_HP_45	13	Pulse	99	1337757	136393	1
A_HP_45	13	Pulse	99	1357757	156393	1
A_HP_45	13	Pulse	99	1377757	176393	1
A_HP_45	13	Pulse	99	1397757	196393	1
A_HP_45	13	Pulse	99	1417757	216393	1
A_HP_45	13	Pulse	99	1437757	236393	1
A_HP_45	13	Pulse	99	1457757	256393	1
A_HP_45	13	Pulse	99	1477757	276393	1
A_HP_45	13	Pulse	99	1497758	296395	1
A_HP_45	14	Response	5	1517757	6296	1
A_HP_45	14	Pulse	99	1517757	6296	1
A_HP_45	15	Picture	response145	1518291	127	1	20158	1	0	20000	hit	73
A_HP_45	15	Pulse	99	1537757	19593	1
A_HP_45	15	Response	1	1540436	22272	1
A_HP_45	16	Picture	response146	1548610	47	1	20158	1	0	20000	hit	76
A_HP_45	16	Pulse	99	1557757	9193	1
A_HP_45	16	Response	1	1561705	13142	1
A_HP_45	16	Pulse	99	1577757	29193	1
A_HP_45	17	Picture	response152	1579096	133	1	20158	1	0	20000	hit	79
A_HP_45	17	Response	2	1586746	7782	1
A_HP_45	17	Pulse	99	1597757	18793	1
A_HP_45	18	Picture	response148	1609416	52	1	20157	1	0	20000	hit	82
A_HP_45	18	Response	2	1613126	3762	1
A_HP_45	18	Pulse	99	1617757	8393	1
A_HP_45	18	Pulse	99	1637757	28393	1
A_HP_45	19	Picture	response149	1639902	139	1	20158	1	0	20000	hit	86
A_HP_45	19	Response	3	1647346	7582	1
A_HP_45	19	Pulse	99	1657757	17993	1
A_HP_45	20	Picture	response150	1670222	58	1	20158	1	0	20000	hit	90
A_HP_45	20	Pulse	99	1677757	7593	1
A_HP_45	20	Response	4	1680695	10532	1
A_HP_45	20	Pulse	99	1697757	27593	1
A_HP_45	21	Picture	response147	1700708	144	1	20158	1	0	20000	hit	93
A_HP_45	21	Response	3	1708996	8432	1
A_HP_45	21	Pulse	99	1717757	17193	1
A_HP_45	22	Picture	response151	1731028	64	1	20158	1	0	20000	incorrect	97
A_HP_45	22	Pulse	99	1737757	6793	1
A_HP_45	22	Response	4	1738935	7971	1
A_HP_45	22	Pulse	99	1757757	26793	1
A_HP_45	23	Picture	ins9	1761514	150	1	30153	1	0	30000	other	0
A_HP_45	23	Pulse	99	1777757	16393	1
A_HP_45	23	Pulse	99	1797758	36394	1
A_HP_45	23	Pulse	99	1817757	56393	1
A_HP_45	23	Pulse	99	1837757	76394	1
A_HP_45	23	Pulse	99	1857758	96394	1
A_HP_45	23	Pulse	99	1877758	116394	1
A_HP_45	23	Pulse	99	1897757	136393	1
A_HP_45	23	Pulse	99	1917757	156393	1
A_HP_45	23	Pulse	99	1937757	176393	1
A_HP_45	23	Pulse	99	1957757	196393	1
A_HP_45	23	Pulse	99	1977757	216393	1
A_HP_45	23	Pulse	99	1997757	236393	1
A_HP_45	23	Pulse	99	2017757	256393	1
A_HP_45	23	Pulse	99	2037757	276394	1
A_HP_45	23	Pulse	99	2057757	296393	1
A_HP_45	24	Response	5	2077757	6217	1
A_HP_45	24	Pulse	99	2077757	6217	1
A_HP_45	25	Picture	response72	2078204	40	1	20158	1	0	20000	incorrect	118
A_HP_45	25	Response	2	2089836	11672	1
A_HP_45	25	Pulse	99	2097757	19593	1
A_HP_45	26	Picture	response68	2108690	126	1	20158	1	0	20000	incorrect	122
A_HP_45	26	Pulse	99	2117757	9193	1
A_HP_45	26	Response	3	2130596	22032	1
A_HP_45	26	Pulse	99	2137757	29193	1
A_HP_45	27	Picture	response67	2139010	46	1	20158	1	0	20000	hit	125
A_HP_45	27	Response	2	2155196	16232	1
A_HP_45	27	Pulse	99	2157756	18792	1
A_HP_45	28	Picture	response69	2169496	132	4	20158	5	0	20000	hit	129
A_HP_45	28	Pulse	99	2177757	8393	1
A_HP_45	28	Response	2	2188696	19332	1
A_HP_45	28	Pulse	99	2197757	28393	1
A_HP_45	29	Picture	response66	2199816	51	1	20158	1	0	20000	incorrect	133
A_HP_45	29	Pulse	99	2217757	17993	1
A_HP_45	29	Response	4	2219856	20092	1
A_HP_45	30	Picture	response65	2230302	138	1	20158	1	0	20000	hit	136
A_HP_45	30	Pulse	99	2237757	7593	1
A_HP_45	30	Response	1	2241506	11342	1
A_HP_45	30	Pulse	99	2257757	27593	1
A_HP_45	31	Picture	response71	2260621	57	1	20157	1	0	20000	hit	140
A_HP_45	31	Pulse	99	2277757	17193	1
A_HP_45	31	Response	2	2283166	22602	1
A_HP_45	32	Picture	response70	2291108	143	1	20158	1	0	20000	incorrect	143
A_HP_45	32	Pulse	99	2297757	6793	1
A_HP_45	32	Response	3	2298025	7061	1
A_HP_45	32	Pulse	99	2317757	26793	1
A_HP_45	33	Picture	ins21	2321427	63	1	30153	1	0	30000	other	0
A_HP_45	33	Pulse	99	2337757	16393	1
A_HP_45	33	Pulse	99	2357757	36393	1
A_HP_45	33	Pulse	99	2377758	56394	1
A_HP_45	33	Pulse	99	2397757	76393	1
A_HP_45	33	Pulse	99	2417757	96393	1
A_HP_45	33	Pulse	99	2437757	116393	1
A_HP_45	33	Pulse	99	2457758	136394	1
A_HP_45	33	Pulse	99	2477757	156393	1
A_HP_45	33	Pulse	99	2497757	176393	1
A_HP_45	33	Pulse	99	2517757	196393	1
A_HP_45	33	Pulse	99	2537757	216393	1
A_HP_45	33	Pulse	99	2557757	236393	1
A_HP_45	33	Pulse	99	2577757	256393	1
A_HP_45	33	Pulse	99	2597757	276393	1
A_HP_45	33	Pulse	99	2617757	296393	1
A_HP_45	34	Response	5	2637757	6304	1
A_HP_45	34	Pulse	99	2637757	6304	1
A_HP_45	35	Picture	response167	2638284	119	1	20158	1	0	20000	hit	164
A_HP_45	35	Response	2	2653976	15812	1
A_HP_45	35	Pulse	99	2657757	19593	1
A_HP_45	36	Picture	response168	2668604	39	1	20158	1	0	20000	hit	167
A_HP_45	36	Response	4	2676076	7512	1
A_HP_45	36	Pulse	99	2677757	9193	1
A_HP_45	36	Pulse	99	2697757	29193	1
A_HP_45	37	Picture	response165	2699090	125	1	20158	1	0	20000	hit	171
A_HP_45	37	Response	3	2707126	8162	1
A_HP_45	37	Pulse	99	2717757	18793	1
A_HP_45	38	Picture	response162	2729409	45	1	20158	1	0	20000	hit	175
A_HP_45	38	Pulse	99	2737758	8393	1
A_HP_45	38	Response	4	2751036	21672	1
A_HP_45	38	Pulse	99	2757677	28313	1
A_HP_45	39	Picture	response164	2759896	131	1	20158	1	0	20000	hit	178
A_HP_45	39	Response	1	2772546	12782	1
A_HP_45	39	Pulse	99	2777757	17992	1
A_HP_45	40	Picture	response166	2790215	51	1	20158	1	0	20000	hit	182
A_HP_45	40	Pulse	99	2797758	7593	1
A_HP_45	40	Response	4	2800536	10372	1
A_HP_45	40	Pulse	99	2817677	27513	1
A_HP_45	41	Picture	response161	2820701	137	1	20158	1	0	20000	hit	185
A_HP_45	41	Response	2	2828506	7942	1
A_HP_45	41	Pulse	99	2837757	17193	1
A_HP_45	42	Picture	response163	2851021	57	1	20158	1	0	20000	hit	188
A_HP_45	42	Response	2	2857717	6753	1
A_HP_45	42	Pulse	99	2857757	6792	1
A_HP_45	42	Pulse	99	2877677	26713	1
A_HP_45	43	Picture	ins7	2881507	143	1	30153	1	0	30000	other	0
A_HP_45	43	Pulse	99	2897758	16394	1
A_HP_45	43	Pulse	99	2917758	36393	1
A_HP_45	43	Pulse	99	2937678	56313	1
A_HP_45	43	Pulse	99	2957758	76393	1
A_HP_45	43	Pulse	99	2977758	96393	1
A_HP_45	43	Pulse	99	2997678	116313	1
A_HP_45	43	Pulse	99	3017758	136393	1
A_HP_45	43	Pulse	99	3037758	156393	1
A_HP_45	43	Pulse	99	3057678	176313	1
A_HP_45	43	Pulse	99	3077758	196393	1
A_HP_45	43	Pulse	99	3097757	216393	1
A_HP_45	43	Pulse	99	3117677	236313	1
A_HP_45	43	Pulse	99	3137758	256393	1
A_HP_45	43	Pulse	99	3157758	276393	1
A_HP_45	43	Pulse	99	3177678	296313	1
A_HP_45	44	Response	5	3197758	6224	1
A_HP_45	44	Pulse	99	3197758	6224	1
A_HP_45	45	Picture	response53	3198197	33	1	20158	1	0	20000	hit	210
A_HP_45	45	Response	4	3206597	8432	1
A_HP_45	45	Pulse	99	3217758	19593	1
A_HP_45	46	Picture	response49	3228683	119	1	20158	1	0	20000	hit	214
A_HP_45	46	Pulse	99	3237678	9113	1
A_HP_45	46	Response	4	3238256	9691	1
A_HP_45	46	Pulse	99	3257758	29193	1
A_HP_45	47	Picture	response55	3259003	38	1	20158	1	0	20000	hit	217
A_HP_45	47	Response	4	3263967	5002	1
A_HP_45	47	Pulse	99	3277758	18793	1
A_HP_45	48	Picture	response54	3289489	125	1	20158	1	0	20000	hit	221
A_HP_45	48	Pulse	99	3297678	8313	1
A_HP_45	48	Response	4	3298016	8651	1
A_HP_45	48	Pulse	99	3317758	28393	1
A_HP_45	49	Picture	response50	3319809	44	1	20157	1	0	20000	hit	224
A_HP_45	49	Response	4	3329337	9572	1
A_HP_45	49	Pulse	99	3337758	17993	1
A_HP_45	50	Picture	response56	3350295	130	1	20158	1	0	20000	hit	227
A_HP_45	50	Response	4	3354826	4662	1
A_HP_45	50	Pulse	99	3357678	7513	1
A_HP_45	50	Pulse	99	3377678	27513	1
A_HP_45	51	Picture	response51	3380615	50	1	20157	1	0	20000	hit	232
A_HP_45	51	Pulse	99	3397758	17193	1
A_HP_45	51	Response	4	3397926	17361	1
A_HP_45	52	Picture	response52	3411101	136	1	20158	1	0	20000	hit	235
A_HP_45	52	Pulse	99	3417678	6713	1
A_HP_45	52	Response	4	3417756	6791	1
A_HP_45	52	Pulse	99	3437678	26713	1
A_HP_45	53	Picture	ins3	3441421	56	1	30153	1	0	30000	other	0
A_HP_45	53	Pulse	99	3457759	16394	1
A_HP_45	53	Pulse	99	3477758	36393	1
A_HP_45	53	Pulse	99	3497678	56313	1
A_HP_45	53	Pulse	99	3517758	76393	1
A_HP_45	53	Pulse	99	3537758	96393	1
A_HP_45	53	Pulse	99	3557678	116313	1
A_HP_45	53	Pulse	99	3577758	136393	1
A_HP_45	53	Pulse	99	3597758	156393	1
A_HP_45	53	Pulse	99	3617678	176313	1
A_HP_45	53	Pulse	99	3637758	196393	1
A_HP_45	53	Pulse	99	3657758	216393	1
A_HP_45	53	Pulse	99	3677678	236313	1
A_HP_45	53	Pulse	99	3697758	256393	1
A_HP_45	53	Pulse	99	3717758	276393	1
A_HP_45	53	Pulse	99	3737678	296313	1
A_HP_45	54	Response	5	3757758	6311	1
A_HP_45	54	Pulse	99	3757758	6311	1
A_HP_45	55	Picture	response23	3758277	112	1	20158	1	0	20000	hit	256
A_HP_45	55	Response	2	3765757	7592	1
A_HP_45	55	Pulse	99	3777758	19593	1
A_HP_45	56	Picture	response22	3788763	198	1	20158	1	0	20000	hit	259
A_HP_45	56	Response	2	3795877	7312	1
A_HP_45	56	Pulse	99	3797678	9113	1
A_HP_45	56	Pulse	99	3817758	29193	1
A_HP_45	57	Picture	response18	3819083	118	1	20158	1	0	20000	hit	263
A_HP_45	57	Response	2	3825307	6342	1
A_HP_45	57	Pulse	99	3837758	18793	1
A_HP_45	58	Picture	response20	3849403	38	1	20157	1	0	20000	hit	267
A_HP_45	58	Pulse	99	3857679	8314	1
A_HP_45	58	Response	2	3870767	21402	1
A_HP_45	58	Pulse	99	3877758	28393	1
A_HP_45	59	Picture	response21	3879889	124	1	20158	1	0	20000	hit	270
A_HP_45	59	Response	2	3882027	2262	1
A_HP_45	59	Pulse	99	3897758	17993	1
A_HP_45	60	Picture	response24	3910208	43	1	20158	1	0	20000	hit	273
A_HP_45	60	Response	2	3912007	1842	1
A_HP_45	60	Pulse	99	3917678	7513	1
A_HP_45	60	Pulse	99	3937758	27593	1
A_HP_45	61	Picture	response17	3940695	130	1	20157	1	0	20000	hit	277
A_HP_45	61	Response	2	3942957	2392	1
A_HP_45	61	Pulse	99	3957758	17193	1
A_HP_45	62	Picture	response19	3971014	49	1	20158	1	0	20000	hit	280
A_HP_45	62	Response	2	3973927	2962	1
A_HP_45	62	Pulse	99	3977678	6713	1
A_HP_45	62	Pulse	99	3997678	26713	1
A_HP_45	63	Picture	ins11	4001500	135	1	30153	1	0	30000	other	0
A_HP_45	63	Pulse	99	4017759	16394	1
A_HP_45	63	Pulse	99	4037678	36313	1
A_HP_45	63	Pulse	99	4057678	56313	1
A_HP_45	63	Pulse	99	4077758	76393	1
A_HP_45	63	Pulse	99	4097678	96313	1
A_HP_45	63	Pulse	99	4117678	116313	1
A_HP_45	63	Pulse	99	4137758	136393	1
A_HP_45	63	Pulse	99	4157678	156313	1
A_HP_45	63	Pulse	99	4177678	176313	1
A_HP_45	63	Pulse	99	4197759	196394	1
A_HP_45	63	Pulse	99	4217678	216313	1
A_HP_45	63	Pulse	99	4237678	236313	1
A_HP_45	63	Pulse	99	4257758	256393	1
A_HP_45	63	Pulse	99	4277678	276313	1
A_HP_45	63	Pulse	99	4297678	296313	1
A_HP_45	64	Response	5	4317759	6232	1
A_HP_45	64	Pulse	99	4317759	6232	1
A_HP_45	65	Picture	response87	4318190	25	1	20158	1	0	20000	incorrect	302
A_HP_45	65	Response	1	4324637	6472	1
A_HP_45	65	Pulse	99	4337678	19513	1
A_HP_45	66	Picture	response81	4348677	112	1	20158	1	0	20000	hit	305
A_HP_45	66	Response	1	4353318	4752	1
A_HP_45	66	Pulse	99	4357678	9113	1
A_HP_45	66	Pulse	99	4377759	29193	1
A_HP_45	67	Picture	response86	4379163	198	1	20158	1	0	20000	hit	309
A_HP_45	67	Response	1	4390897	11932	1
A_HP_45	67	Pulse	99	4397679	18713	1
A_HP_45	68	Picture	response85	4409483	117	1	20158	1	0	20000	hit	312
A_HP_45	68	Response	1	4417367	8002	1
A_HP_45	68	Pulse	99	4417678	8312	1
A_HP_45	68	Pulse	99	4437758	28393	1
A_HP_45	69	Picture	response83	4439802	37	1	20157	1	0	20000	hit	316
A_HP_45	69	Response	3	4444857	5092	1
A_HP_45	69	Pulse	99	4457678	17913	1
A_HP_45	70	Picture	response84	4470288	123	1	20158	1	0	20000	incorrect	319
A_HP_45	70	Response	3	4476917	6752	1
A_HP_45	70	Pulse	99	4477678	7513	1
A_HP_45	70	Pulse	99	4497758	27593	1
A_HP_45	71	Picture	response88	4500608	43	1	20158	1	0	20000	hit	323
A_HP_45	71	Response	3	4506957	6392	1
A_HP_45	71	Pulse	99	4517678	17113	1
A_HP_45	72	Picture	response82	4531094	129	1	20158	1	0	20000	hit	326
A_HP_45	72	Response	3	4536757	5792	1
A_HP_45	72	Pulse	99	4537678	6713	1
A_HP_45	72	Pulse	99	4557759	26793	1
A_HP_45	73	Picture	ins13	4561414	48	1	30153	1	0	30000	other	0
A_HP_45	73	Pulse	99	4577678	16313	1
A_HP_45	73	Pulse	99	4597678	36313	1
A_HP_45	73	Pulse	99	4617679	56313	1
A_HP_45	73	Pulse	99	4637678	76313	1
A_HP_45	73	Pulse	99	4657679	96313	1
A_HP_45	73	Pulse	99	4677678	116313	1
A_HP_45	73	Pulse	99	4697678	136313	1
A_HP_45	73	Pulse	99	4717678	156313	1
A_HP_45	73	Pulse	99	4737679	176313	1
A_HP_45	73	Pulse	99	4757678	196313	1
A_HP_45	73	Pulse	99	4777679	216313	1
A_HP_45	73	Pulse	99	4797678	236313	1
A_HP_45	73	Pulse	99	4817679	256313	1
A_HP_45	73	Pulse	99	4837678	276313	1
A_HP_45	73	Pulse	99	4857679	296313	1
A_HP_45	74	Response	5	4877679	6239	1
A_HP_45	74	Pulse	99	4877679	6239	1
A_HP_45	75	Picture	response98	4878104	38	1	20157	1	0	20000	hit	348
A_HP_45	75	Response	2	4886287	8222	1
A_HP_45	75	Pulse	99	4897679	19613	1
A_HP_45	76	Picture	response103	4908590	125	1	20158	1	0	20000	hit	352
A_HP_45	76	Pulse	99	4917679	9213	1
A_HP_45	76	Response	2	4920217	11752	1
A_HP_45	76	Pulse	99	4937762	29297	1
A_HP_45	77	Picture	response102	4938909	44	1	20158	1	0	20000	hit	355
A_HP_45	77	Response	2	4949027	10162	1
A_HP_45	77	Pulse	99	4957678	18813	1
A_HP_45	78	Picture	response97	4969396	130	1	20158	1	0	20000	hit	358
A_HP_45	78	Response	3	4975878	6612	1
A_HP_45	78	Pulse	99	4977678	8413	1
A_HP_45	78	Pulse	99	4997759	28493	1
A_HP_45	79	Picture	response101	4999716	50	1	20158	1	0	20000	incorrect	362
A_HP_45	79	Response	3	5015997	16332	1
A_HP_45	79	Pulse	99	5017679	18013	1
A_HP_45	80	Picture	response100	5030202	136	1	20158	1	0	20000	hit	366
A_HP_45	80	Pulse	99	5037680	7614	1
A_HP_45	80	Response	2	5039487	9422	1
A_HP_45	80	Pulse	99	5057759	27693	1
A_HP_45	81	Picture	response99	5060521	56	1	20158	1	0	20000	hit	369
A_HP_45	81	Response	3	5067457	6992	1
A_HP_45	81	Pulse	99	5077679	17213	1
A_HP_45	82	Picture	response104	5091008	142	1	20158	1	0	20000	hit	373
A_HP_45	82	Pulse	99	5097679	6813	1
A_HP_45	82	Response	2	5104468	13602	1
A_HP_45	82	Pulse	99	5117759	26893	1
A_HP_45	83	Picture	ins5	5121327	61	1	30153	1	0	30000	other	0
A_HP_45	83	Pulse	99	5137679	16414	1
A_HP_45	83	Pulse	99	5157679	36413	1
A_HP_45	83	Pulse	99	5177759	56493	1
A_HP_45	83	Pulse	99	5197679	76413	1
A_HP_45	83	Pulse	99	5217679	96413	1
A_HP_45	83	Pulse	99	5237679	116413	1
A_HP_45	83	Pulse	99	5257679	136413	1
A_HP_45	83	Pulse	99	5277680	156414	1
A_HP_45	83	Pulse	99	5297679	176413	1
A_HP_45	83	Pulse	99	5317679	196413	1
A_HP_45	83	Pulse	99	5337679	216414	1
A_HP_45	83	Pulse	99	5357679	236413	1
A_HP_45	83	Pulse	99	5377679	256413	1
A_HP_45	83	Pulse	99	5397679	276413	1
A_HP_45	83	Pulse	99	5417679	296413	1
A_HP_45	84	Response	5	5437679	6326	1
A_HP_45	84	Pulse	99	5437679	6326	1
A_HP_45	85	Picture	response33	5438184	118	1	20158	1	0	20000	hit	394
A_HP_45	85	Response	3	5443828	5762	1
A_HP_45	85	Pulse	99	5457679	19613	1
A_HP_45	86	Picture	response38	5468503	38	1	20157	1	0	20000	hit	397
A_HP_45	86	Response	3	5471668	3202	1
A_HP_45	86	Pulse	99	5477679	9213	1
A_HP_45	86	Pulse	99	5497680	29214	1
A_HP_45	87	Picture	response35	5498990	124	1	20158	1	0	20000	hit	401
A_HP_45	87	Response	3	5505098	6232	1
A_HP_45	87	Pulse	99	5517679	18813	1
A_HP_45	88	Picture	response39	5529309	43	1	20157	1	0	20000	hit	404
A_HP_45	88	Response	3	5533808	4542	1
A_HP_45	88	Pulse	99	5537679	8413	1
A_HP_45	88	Pulse	99	5557679	28413	1
A_HP_45	89	Picture	response37	5559795	130	1	20158	1	0	20000	hit	409
A_HP_45	89	Pulse	99	5577679	18013	1
A_HP_45	89	Response	3	5588498	28832	1
A_HP_45	90	Picture	response36	5590115	49	1	20157	1	0	20000	hit	411
A_HP_45	90	Response	3	5591008	942	1
A_HP_45	90	Pulse	99	5597679	7613	1
A_HP_45	90	Pulse	99	5617679	27613	1
A_HP_45	91	Picture	response34	5620601	135	1	20158	1	0	20000	hit	415
A_HP_45	91	Response	3	5624088	3622	1
A_HP_45	91	Pulse	99	5637679	17213	1
A_HP_45	92	Picture	response40	5650921	55	1	20158	1	0	20000	hit	418
A_HP_45	92	Response	3	5654698	3832	1
A_HP_45	92	Pulse	99	5657679	6813	1
A_HP_45	92	Pulse	99	5677679	26813	1
A_HP_45	93	Picture	ins23	5681407	141	1	30153	1	0	30000	other	0
A_HP_45	93	Pulse	99	5697679	16413	1
A_HP_45	93	Pulse	99	5717679	36413	1
A_HP_45	93	Pulse	99	5737679	56413	1
A_HP_45	93	Pulse	99	5757680	76414	1
A_HP_45	93	Pulse	99	5777679	96413	1
A_HP_45	93	Pulse	99	5797679	116413	1
A_HP_45	93	Pulse	99	5817679	136413	1
A_HP_45	93	Pulse	99	5837679	156413	1
A_HP_45	93	Pulse	99	5857679	176413	1
A_HP_45	93	Pulse	99	5877679	196413	1
A_HP_45	93	Pulse	99	5897679	216413	1
A_HP_45	93	Pulse	99	5917679	236413	1
A_HP_45	93	Pulse	99	5937679	256413	1
A_HP_45	93	Pulse	99	5957679	276413	1
A_HP_45	93	Pulse	99	5977679	296413	1
A_HP_45	94	Response	5	5997679	6246	1
A_HP_45	94	Pulse	99	5997679	6246	1
A_HP_45	95	Picture	response179	5998097	31	1	20157	1	0	20000	hit	440
A_HP_45	95	Response	3	6012378	14312	1
A_HP_45	95	Pulse	99	6017679	19613	1
A_HP_45	96	Picture	response178	6028583	117	1	20158	1	0	20000	hit	444
A_HP_45	96	Pulse	99	6037679	9213	1
A_HP_45	96	Response	2	6043328	14862	1
A_HP_45	96	Pulse	99	6057679	29213	1
A_HP_45	97	Picture	response183	6058903	37	1	20158	1	0	20000	hit	447
A_HP_45	97	Response	4	6068928	10062	1
A_HP_45	97	Pulse	99	6077679	18813	1
A_HP_45	98	Picture	response182	6089389	123	1	20158	1	0	20000	hit	451
A_HP_45	98	Pulse	99	6097680	8413	1
A_HP_45	98	Response	2	6104188	14922	1
A_HP_45	98	Pulse	99	6117679	28413	1
A_HP_45	99	Picture	response180	6119709	43	1	20158	1	0	20000	hit	454
A_HP_45	99	Response	1	6131358	11692	1
A_HP_45	99	Pulse	99	6137680	18014	1
A_HP_45	100	Picture	response181	6150195	129	1	20158	1	0	20000	hit	458
A_HP_45	100	Pulse	99	6157679	7613	1
A_HP_45	100	Response	2	6167088	17022	1
A_HP_45	100	Pulse	99	6177679	27613	1
A_HP_45	101	Picture	response184	6180515	48	1	20158	1	0	20000	hit	461
A_HP_45	101	Response	3	6192238	11772	1
A_HP_45	101	Pulse	99	6197679	17213	1
A_HP_45	102	Picture	response177	6211001	134	1	20158	1	0	20000	hit	465
A_HP_45	102	Pulse	99	6217679	6813	1
A_HP_45	102	Response	1	6227588	16722	1
A_HP_45	102	Pulse	99	6237679	26813	1
A_HP_45	103	Picture	ins1	6241320	54	1	30153	1	0	30000	other	0
A_HP_45	103	Pulse	99	6257679	16413	1
A_HP_45	103	Pulse	99	6277679	36413	1
A_HP_45	103	Pulse	99	6297679	56413	1
A_HP_45	103	Pulse	99	6317679	76413	1
A_HP_45	103	Pulse	99	6337679	96413	1
A_HP_45	103	Pulse	99	6357680	116413	1
A_HP_45	103	Pulse	99	6377680	136414	1
A_HP_45	103	Pulse	99	6397679	156413	1
A_HP_45	103	Pulse	99	6417679	176413	1
A_HP_45	103	Pulse	99	6437680	196413	1
A_HP_45	103	Pulse	99	6457679	216413	1
A_HP_45	103	Pulse	99	6477680	236413	1
A_HP_45	103	Pulse	99	6497680	256413	1
A_HP_45	103	Pulse	99	6517679	276413	1
A_HP_45	103	Pulse	99	6537680	296413	1
A_HP_45	104	Response	5	6557680	6333	1
A_HP_45	104	Pulse	99	6557680	6333	1
A_HP_45	105	Picture	response2	6558177	111	1	20158	1	0	20000	hit	486
A_HP_45	105	Response	1	6562369	4302	1
A_HP_45	105	Pulse	99	6577679	19613	1
A_HP_45	106	Picture	response5	6588663	197	1	20158	1	0	20000	hit	489
A_HP_45	106	Response	1	6591959	3492	1
A_HP_45	106	Pulse	99	6597680	9213	1
A_HP_45	106	Pulse	99	6617680	29213	1
A_HP_45	107	Picture	response7	6618983	116	1	20158	1	0	20000	hit	493
A_HP_45	107	Response	1	6621668	2802	1
A_HP_45	107	Pulse	99	6637680	18813	1
A_HP_45	108	Picture	response8	6649303	36	1	20158	1	0	20000	hit	496
A_HP_45	108	Response	1	6652008	2741	1
A_HP_45	108	Pulse	99	6657680	8413	1
A_HP_45	108	Pulse	99	6677680	28413	1
A_HP_45	109	Picture	response6	6679789	122	1	20157	1	0	20000	hit	500
A_HP_45	109	Response	1	6681448	1782	1
A_HP_45	109	Pulse	99	6697680	18013	1
A_HP_45	110	Picture	response4	6710108	42	1	20157	1	0	20000	hit	503
A_HP_45	110	Response	1	6715168	5102	1
A_HP_45	110	Pulse	99	6717679	7613	1
A_HP_45	110	Pulse	99	6737680	27613	1
A_HP_45	111	Picture	response1	6740595	128	1	20158	1	0	20000	hit	507
A_HP_45	111	Response	1	6742968	2502	1
A_HP_45	111	Pulse	99	6757679	17213	1
A_HP_45	112	Picture	response3	6770914	48	1	20158	1	0	20000	hit	511
A_HP_45	112	Pulse	99	6777680	6813	1
A_HP_45	112	Response	1	6778128	7261	1
A_HP_45	112	Pulse	99	6797680	26813	1
A_HP_45	113	Picture	ins17	6801400	134	1	30153	1	0	30000	other	0
A_HP_45	113	Pulse	99	6817680	16413	1
A_HP_45	113	Pulse	99	6837680	36413	1
A_HP_45	113	Pulse	99	6857680	56413	1
A_HP_45	113	Pulse	99	6877680	76413	1
A_HP_45	113	Pulse	99	6897680	96413	1
A_HP_45	113	Pulse	99	6917680	116413	1
A_HP_45	113	Pulse	99	6937680	136413	1
A_HP_45	113	Pulse	99	6957680	156413	1
A_HP_45	113	Pulse	99	6977680	176413	1
A_HP_45	113	Pulse	99	6997680	196413	1
A_HP_45	113	Pulse	99	7017680	216413	1
A_HP_45	113	Pulse	99	7037680	236413	1
A_HP_45	113	Pulse	99	7057680	256413	1
A_HP_45	113	Pulse	99	7077680	276413	1
A_HP_45	113	Pulse	99	7097680	296413	1
A_HP_45	114	Response	5	7117680	6253	1
A_HP_45	114	Pulse	99	7117680	6253	1
A_HP_45	115	Picture	response135	7118090	24	1	20158	1	0	20000	hit	532
A_HP_45	115	Response	1	7125089	7022	1
A_HP_45	115	Pulse	99	7137680	19613	1
A_HP_45	116	Picture	response134	7148577	110	1	20158	1	0	20000	hit	535
A_HP_45	116	Response	4	7157529	9062	1
A_HP_45	116	Pulse	99	7157679	9212	1
A_HP_45	116	Pulse	99	7177680	29213	1
A_HP_45	117	Picture	response132	7179063	196	1	20158	1	0	20000	hit	539
A_HP_45	117	Response	4	7186429	7562	1
A_HP_45	117	Pulse	99	7197680	18813	1
A_HP_45	118	Picture	response131	7209382	115	1	20158	1	0	20000	hit	543
A_HP_45	118	Pulse	99	7217681	8414	1
A_HP_45	118	Response	2	7218679	9412	1
A_HP_45	118	Pulse	99	7237680	28413	1
A_HP_45	119	Picture	response129	7239702	35	1	20158	1	0	20000	hit	546
A_HP_45	119	Response	1	7248959	9292	1
A_HP_45	119	Pulse	99	7257680	18013	1
A_HP_45	120	Picture	response130	7270188	121	1	20158	1	0	20000	hit	549
A_HP_45	120	Response	1	7276229	6162	1
A_HP_45	120	Pulse	99	7277680	7613	1
A_HP_45	120	Pulse	99	7297680	27613	1
A_HP_45	121	Picture	response136	7300508	41	1	20158	1	0	20000	hit	553
A_HP_45	121	Response	4	7314419	13952	1
A_HP_45	121	Pulse	99	7317679	17213	1
A_HP_45	122	Picture	response133	7330994	127	1	20158	1	0	20000	hit	557
A_HP_45	122	Pulse	99	7337680	6813	1
A_HP_45	122	Response	1	7344319	13452	1
A_HP_45	122	Pulse	99	7357681	26814	1
A_HP_45	123	Picture	thanks	7360981	0	1	10162	1	0	10000	other	0
A_HP_45	123	Pulse	99	7377680	16699	1


Event Type	Code	Type	Response	RT	RT Uncertainty	Time	Uncertainty	Duration	Uncertainty	ReqTime	ReqDur

Picture	ready	other				577883	1	10162	1	0	10000
Picture	ins15	other				638355	1	30153	1	0	30000
Picture	response119	hit	4	12295	2	958211	1	20158	1	0	20000
Picture	response115	hit	2	7149	2	988697	1	20158	1	0	20000
Picture	response117	hit	4	6968	2	1019016	1	20158	1	0	20000
Picture	response114	incorrect	2	6513	2	1049503	1	20158	1	0	20000
Picture	response113	hit	2	11233	2	1079822	1	20157	1	0	20000
Picture	response118	hit	2	5007	2	1110309	1	20157	1	0	20000
Picture	response116	incorrect	2	9557	2	1140628	1	20158	1	0	20000
Picture	response120	hit	4	4431	2	1171114	1	20158	1	0	20000
Picture	ins19	other				1201434	1	30153	1	0	30000
Picture	response145	hit	1	22145	2	1518291	1	20158	1	0	20000
Picture	response146	hit	1	13095	2	1548610	1	20158	1	0	20000
Picture	response152	hit	2	7649	2	1579096	1	20158	1	0	20000
Picture	response148	hit	2	3710	2	1609416	1	20157	1	0	20000
Picture	response149	hit	3	7443	2	1639902	1	20158	1	0	20000
Picture	response150	hit	4	10474	2	1670222	1	20158	1	0	20000
Picture	response147	hit	3	8288	2	1700708	1	20158	1	0	20000
Picture	response151	incorrect	4	7907	2	1731028	1	20158	1	0	20000
Picture	ins9	other				1761514	1	30153	1	0	30000
Picture	response72	incorrect	2	11633	2	2078204	1	20158	1	0	20000
Picture	response68	incorrect	3	21906	2	2108690	1	20158	1	0	20000
Picture	response67	hit	2	16186	2	2139010	1	20158	1	0	20000
Picture	response69	hit	2	19200	5	2169496	4	20158	5	0	20000
Picture	response66	incorrect	4	20040	2	2199816	1	20158	1	0	20000
Picture	response65	hit	1	11204	2	2230302	1	20158	1	0	20000
Picture	response71	hit	2	22545	2	2260621	1	20157	1	0	20000
Picture	response70	incorrect	3	6918	2	2291108	1	20158	1	0	20000
Picture	ins21	other				2321427	1	30153	1	0	30000
Picture	response167	hit	2	15692	2	2638284	1	20158	1	0	20000
Picture	response168	hit	4	7473	2	2668604	1	20158	1	0	20000
Picture	response165	hit	3	8037	2	2699090	1	20158	1	0	20000
Picture	response162	hit	4	21627	2	2729409	1	20158	1	0	20000
Picture	response164	hit	1	12651	2	2759896	1	20158	1	0	20000
Picture	response166	hit	4	10321	2	2790215	1	20158	1	0	20000
Picture	response161	hit	2	7805	2	2820701	1	20158	1	0	20000
Picture	response163	hit	2	6696	2	2851021	1	20158	1	0	20000
Picture	ins7	other				2881507	1	30153	1	0	30000
Picture	response53	hit	4	8399	2	3198197	1	20158	1	0	20000
Picture	response49	hit	4	9572	2	3228683	1	20158	1	0	20000
Picture	response55	hit	4	4964	2	3259003	1	20158	1	0	20000
Picture	response54	hit	4	8527	2	3289489	1	20158	1	0	20000
Picture	response50	hit	4	9528	2	3319809	1	20157	1	0	20000
Picture	response56	hit	4	4531	2	3350295	1	20158	1	0	20000
Picture	response51	hit	4	17311	2	3380615	1	20157	1	0	20000
Picture	response52	hit	4	6655	2	3411101	1	20158	1	0	20000
Picture	ins3	other				3441421	1	30153	1	0	30000
Picture	response23	hit	2	7480	2	3758277	1	20158	1	0	20000
Picture	response22	hit	2	7114	2	3788763	1	20158	1	0	20000
Picture	response18	hit	2	6224	2	3819083	1	20158	1	0	20000
Picture	response20	hit	2	21364	2	3849403	1	20157	1	0	20000
Picture	response21	hit	2	2138	2	3879889	1	20158	1	0	20000
Picture	response24	hit	2	1798	2	3910208	1	20158	1	0	20000
Picture	response17	hit	2	2262	2	3940695	1	20157	1	0	20000
Picture	response19	hit	2	2913	2	3971014	1	20158	1	0	20000
Picture	ins11	other				4001500	1	30153	1	0	30000
Picture	response87	incorrect	1	6447	2	4318190	1	20158	1	0	20000
Picture	response81	hit	1	4641	2	4348677	1	20158	1	0	20000
Picture	response86	hit	1	11734	2	4379163	1	20158	1	0	20000
Picture	response85	hit	1	7885	2	4409483	1	20158	1	0	20000
Picture	response83	hit	3	5055	2	4439802	1	20157	1	0	20000
Picture	response84	incorrect	3	6629	2	4470288	1	20158	1	0	20000
Picture	response88	hit	3	6349	2	4500608	1	20158	1	0	20000
Picture	response82	hit	3	5663	2	4531094	1	20158	1	0	20000
Picture	ins13	other				4561414	1	30153	1	0	30000
Picture	response98	hit	2	8183	2	4878104	1	20157	1	0	20000
Picture	response103	hit	2	11627	2	4908590	1	20158	1	0	20000
Picture	response102	hit	2	10118	2	4938909	1	20158	1	0	20000
Picture	response97	hit	3	6482	2	4969396	1	20158	1	0	20000
Picture	response101	incorrect	3	16282	2	4999716	1	20158	1	0	20000
Picture	response100	hit	2	9285	2	5030202	1	20158	1	0	20000
Picture	response99	hit	3	6936	2	5060521	1	20158	1	0	20000
Picture	response104	hit	2	13460	2	5091008	1	20158	1	0	20000
Picture	ins5	other				5121327	1	30153	1	0	30000
Picture	response33	hit	3	5644	2	5438184	1	20158	1	0	20000
Picture	response38	hit	3	3164	2	5468503	1	20157	1	0	20000
Picture	response35	hit	3	6108	2	5498990	1	20158	1	0	20000
Picture	response39	hit	3	4499	2	5529309	1	20157	1	0	20000
Picture	response37	hit	3	28702	2	5559795	1	20158	1	0	20000
Picture	response36	hit	3	893	2	5590115	1	20157	1	0	20000
Picture	response34	hit	3	3487	2	5620601	1	20158	1	0	20000
Picture	response40	hit	3	3777	2	5650921	1	20158	1	0	20000
Picture	ins23	other				5681407	1	30153	1	0	30000
Picture	response179	hit	3	14281	2	5998097	1	20157	1	0	20000
Picture	response178	hit	2	14745	2	6028583	1	20158	1	0	20000
Picture	response183	hit	4	10025	2	6058903	1	20158	1	0	20000
Picture	response182	hit	2	14799	2	6089389	1	20158	1	0	20000
Picture	response180	hit	1	11649	2	6119709	1	20158	1	0	20000
Picture	response181	hit	2	16893	2	6150195	1	20158	1	0	20000
Picture	response184	hit	3	11723	2	6180515	1	20158	1	0	20000
Picture	response177	hit	1	16588	2	6211001	1	20158	1	0	20000
Picture	ins1	other				6241320	1	30153	1	0	30000
Picture	response2	hit	1	4192	2	6558177	1	20158	1	0	20000
Picture	response5	hit	1	3295	2	6588663	1	20158	1	0	20000
Picture	response7	hit	1	2686	2	6618983	1	20158	1	0	20000
Picture	response8	hit	1	2705	2	6649303	1	20158	1	0	20000
Picture	response6	hit	1	1660	2	6679789	1	20157	1	0	20000
Picture	response4	hit	1	5060	2	6710108	1	20157	1	0	20000
Picture	response1	hit	1	2374	2	6740595	1	20158	1	0	20000
Picture	response3	hit	1	7214	2	6770914	1	20158	1	0	20000
Picture	ins17	other				6801400	1	30153	1	0	30000
Picture	response135	hit	1	6998	2	7118090	1	20158	1	0	20000
Picture	response134	hit	4	8952	2	7148577	1	20158	1	0	20000
Picture	response132	hit	4	7366	2	7179063	1	20158	1	0	20000
Picture	response131	hit	2	9296	2	7209382	1	20158	1	0	20000
Picture	response129	hit	1	9257	2	7239702	1	20158	1	0	20000
Picture	response130	hit	1	6041	2	7270188	1	20158	1	0	20000
Picture	response136	hit	4	13911	2	7300508	1	20158	1	0	20000
Picture	response133	hit	1	13325	2	7330994	1	20158	1	0	20000
Picture	thanks	other				7360981	1	10162	1	0	10000


{
   "app": "Presentation Version 21.1 Build 09.05.19",
   "device": "LENOVO 20FBCTO1WW",
   "experiment": "{C0C68DB1-10BA-42F2-8F79-3F2AFFEED4E4}",
   "os": "Windows 10 64 bit",
   "package": "",
   "parameters": {
      "configuration": "Default configuration"
   },
   "scenario": "Response experiment(1).sce",
   "subject": "A_HP_45",
   "timestamp": "2020/01/16 01:59:55 GMT"
}
