Scenario - 
Logfile written - 02/20/2020 16:06:21

Subject	Trial	Event Type	Code	Time	TTime	Uncertainty	Duration	Uncertainty	ReqTime	ReqDur	Stim Type	Pair Index

A_HP_52	1	Response	5	777424	776425	1
A_HP_52	1	Pulse	99	777424	776425	1
A_HP_52	2	Picture	ready	777481	0	1	10162	1	0	10000	other	0
A_HP_52	2	Pulse	99	797424	19943	1
A_HP_52	2	Pulse	99	817424	39943	1
A_HP_52	2	Pulse	99	837424	59943	1
A_HP_52	3	Picture	ins7	837953	109	1	30153	1	0	30000	other	0
A_HP_52	3	Pulse	99	857424	19580	1
A_HP_52	3	Pulse	99	877424	39580	1
A_HP_52	3	Pulse	99	897424	59580	1
A_HP_52	3	Pulse	99	917424	79580	1
A_HP_52	3	Pulse	99	937423	99579	1
A_HP_52	3	Pulse	99	957423	119579	1
A_HP_52	3	Pulse	99	977424	139580	1
A_HP_52	3	Pulse	99	997423	159579	1
A_HP_52	3	Pulse	99	1017424	179580	1
A_HP_52	3	Pulse	99	1037424	199580	1
A_HP_52	3	Pulse	99	1057424	219580	1
A_HP_52	3	Pulse	99	1077424	239580	1
A_HP_52	3	Pulse	99	1097424	259580	1
A_HP_52	3	Pulse	99	1117424	279580	1
A_HP_52	3	Pulse	99	1137424	299580	1
A_HP_52	4	Response	5	1157423	9444	1
A_HP_52	4	Pulse	99	1157423	9444	1
A_HP_52	5	Picture	response55	1157808	64	1	20157	1	0	20000	hit	26
A_HP_52	5	Response	4	1165162	7418	1
A_HP_52	5	Pulse	99	1177423	19679	1
A_HP_52	6	Picture	response49	1188295	151	1	20158	1	0	20000	hit	29
A_HP_52	6	Response	4	1195802	7658	1
A_HP_52	6	Pulse	99	1197423	9279	1
A_HP_52	6	Pulse	99	1217424	29280	1
A_HP_52	7	Picture	response51	1218614	70	1	20158	1	0	20000	hit	33
A_HP_52	7	Response	4	1223472	4928	1
A_HP_52	7	Pulse	99	1237423	18879	1
A_HP_52	8	Picture	response50	1249100	156	1	20158	1	0	20000	hit	36
A_HP_52	8	Response	4	1254912	5968	1
A_HP_52	8	Pulse	99	1257424	8480	1
A_HP_52	8	Pulse	99	1277424	28479	1
A_HP_52	9	Picture	response56	1279420	76	1	20157	1	0	20000	hit	40
A_HP_52	9	Response	4	1285832	6488	1
A_HP_52	9	Pulse	99	1297423	18079	1
A_HP_52	10	Picture	response52	1309906	162	1	20158	1	0	20000	hit	43
A_HP_52	10	Response	4	1316552	6808	1
A_HP_52	10	Pulse	99	1317423	7679	1
A_HP_52	10	Pulse	99	1337423	27679	1
A_HP_52	11	Picture	response54	1340226	82	1	20157	1	0	20000	hit	47
A_HP_52	11	Response	4	1350152	10008	1
A_HP_52	11	Pulse	99	1357424	17280	1
A_HP_52	12	Picture	response53	1370712	168	1	20158	1	0	20000	hit	50
A_HP_52	12	Response	4	1375412	4868	1
A_HP_52	12	Pulse	99	1377423	6879	1
A_HP_52	12	Pulse	99	1397423	26880	1
A_HP_52	13	Picture	ins13	1401032	88	1	30153	1	0	30000	other	0
A_HP_52	13	Pulse	99	1417423	16480	1
A_HP_52	13	Pulse	99	1437424	36480	1
A_HP_52	13	Pulse	99	1457424	56480	1
A_HP_52	13	Pulse	99	1477424	76480	1
A_HP_52	13	Pulse	99	1497424	96480	1
A_HP_52	13	Pulse	99	1517423	116479	1
A_HP_52	13	Pulse	99	1537423	136479	1
A_HP_52	13	Pulse	99	1557424	156480	1
A_HP_52	13	Pulse	99	1577423	176479	1
A_HP_52	13	Pulse	99	1597424	196480	1
A_HP_52	13	Pulse	99	1617424	216480	1
A_HP_52	13	Pulse	99	1637423	236479	1
A_HP_52	13	Pulse	99	1657344	256400	1
A_HP_52	13	Pulse	99	1677423	276479	1
A_HP_52	13	Pulse	99	1697423	296479	1
A_HP_52	14	Response	5	1717343	6286	1
A_HP_52	14	Pulse	99	1717343	6286	1
A_HP_52	15	Picture	response99	1717888	144	1	20158	1	0	20000	hit	72
A_HP_52	15	Response	3	1726192	8448	1
A_HP_52	15	Pulse	99	1737424	19680	1
A_HP_52	16	Picture	response102	1748208	64	1	20158	1	0	20000	hit	75
A_HP_52	16	Response	2	1756712	8568	1
A_HP_52	16	Pulse	99	1757423	9279	1
A_HP_52	16	Pulse	99	1777344	29200	1
A_HP_52	17	Picture	response104	1778694	150	1	20158	1	0	20000	hit	79
A_HP_52	17	Response	2	1785752	7208	1
A_HP_52	17	Pulse	99	1797424	18880	1
A_HP_52	18	Picture	response97	1809013	69	1	20158	1	0	20000	hit	82
A_HP_52	18	Response	3	1815572	6628	1
A_HP_52	18	Pulse	99	1817423	8479	1
A_HP_52	18	Pulse	99	1837344	28400	1
A_HP_52	19	Picture	response103	1839500	156	1	20157	1	0	20000	hit	86
A_HP_52	19	Response	2	1850342	10998	1
A_HP_52	19	Pulse	99	1857423	18079	1
A_HP_52	20	Picture	response101	1869819	75	1	20158	1	0	20000	hit	89
A_HP_52	20	Response	2	1876943	7199	1
A_HP_52	20	Pulse	99	1877423	7679	1
A_HP_52	20	Pulse	99	1897343	27599	1
A_HP_52	21	Picture	response98	1900305	161	1	20158	1	0	20000	hit	93
A_HP_52	21	Response	2	1907752	7608	1
A_HP_52	21	Pulse	99	1917423	17279	1
A_HP_52	22	Picture	response100	1930625	81	1	20157	1	0	20000	hit	96
A_HP_52	22	Response	2	1934712	4168	1
A_HP_52	22	Pulse	99	1937423	6879	1
A_HP_52	22	Pulse	99	1957343	26799	1
A_HP_52	23	Picture	ins23	1961111	167	1	30153	1	0	30000	other	0
A_HP_52	23	Pulse	99	1977424	16480	1
A_HP_52	23	Pulse	99	1997424	36480	1
A_HP_52	23	Pulse	99	2017344	56400	1
A_HP_52	23	Pulse	99	2037423	76479	1
A_HP_52	23	Pulse	99	2057423	96479	1
A_HP_52	23	Pulse	99	2077343	116399	1
A_HP_52	23	Pulse	99	2097423	136479	1
A_HP_52	23	Pulse	99	2117424	156480	1
A_HP_52	23	Pulse	99	2137343	176399	1
A_HP_52	23	Pulse	99	2157423	196479	1
A_HP_52	23	Pulse	99	2177423	216479	1
A_HP_52	23	Pulse	99	2197344	236400	1
A_HP_52	23	Pulse	99	2217423	256479	1
A_HP_52	23	Pulse	99	2237423	276480	1
A_HP_52	23	Pulse	99	2257423	296480	1
A_HP_52	24	Response	5	2277343	6206	1
A_HP_52	24	Pulse	99	2277343	6206	1
A_HP_52	25	Picture	response184	2277801	57	1	20158	1	0	20000	hit	118
A_HP_52	25	Response	3	2287352	9608	1
A_HP_52	25	Pulse	99	2297424	19680	1
A_HP_52	26	Picture	response177	2308287	143	1	20157	1	0	20000	hit	121
A_HP_52	26	Response	1	2316742	8598	1
A_HP_52	26	Pulse	99	2317423	9279	1
A_HP_52	26	Pulse	99	2337343	29199	1
A_HP_52	27	Picture	response181	2338607	63	1	20158	1	0	20000	hit	125
A_HP_52	27	Response	2	2351522	12978	1
A_HP_52	27	Pulse	99	2357423	18879	1
A_HP_52	28	Picture	response182	2369093	149	1	20158	1	0	20000	hit	128
A_HP_52	28	Response	2	2375772	6828	1
A_HP_52	28	Pulse	99	2377423	8479	1
A_HP_52	28	Pulse	99	2397343	28399	1
A_HP_52	29	Picture	response179	2399413	69	1	20157	1	0	20000	hit	132
A_HP_52	29	Response	3	2407292	7948	1
A_HP_52	29	Pulse	99	2417423	18080	1
A_HP_52	30	Picture	response178	2429899	155	1	20158	1	0	20000	hit	135
A_HP_52	30	Response	2	2436972	7228	1
A_HP_52	30	Pulse	99	2437423	7679	1
A_HP_52	30	Pulse	99	2457343	27599	1
A_HP_52	31	Picture	response183	2460218	74	1	20158	1	0	20000	hit	139
A_HP_52	31	Response	4	2468422	8278	1
A_HP_52	31	Pulse	99	2477423	17279	1
A_HP_52	32	Picture	response180	2490705	161	1	20158	1	0	20000	hit	143
A_HP_52	32	Pulse	99	2497423	6880	1
A_HP_52	32	Response	1	2498742	8198	1
A_HP_52	32	Pulse	99	2517343	26799	1
A_HP_52	33	Picture	ins17	2521024	80	1	30153	1	0	30000	other	0
A_HP_52	33	Pulse	99	2537423	16479	1
A_HP_52	33	Pulse	99	2557424	36480	1
A_HP_52	33	Pulse	99	2577344	56400	1
A_HP_52	33	Pulse	99	2597423	76479	1
A_HP_52	33	Pulse	99	2617423	96479	1
A_HP_52	33	Pulse	99	2637343	116399	1
A_HP_52	33	Pulse	99	2657423	136479	1
A_HP_52	33	Pulse	99	2677423	156479	1
A_HP_52	33	Pulse	99	2697343	176400	1
A_HP_52	33	Pulse	99	2717424	196480	1
A_HP_52	33	Pulse	99	2737423	216479	1
A_HP_52	33	Pulse	99	2757344	236400	1
A_HP_52	33	Pulse	99	2777424	256480	1
A_HP_52	33	Pulse	99	2797423	276480	1
A_HP_52	33	Pulse	99	2817343	296400	1
A_HP_52	34	Response	5	2837343	6293	1
A_HP_52	34	Pulse	99	2837343	6293	1
A_HP_52	35	Picture	response132	2837881	137	1	20158	1	0	20000	hit	164
A_HP_52	35	Response	4	2844602	6858	1
A_HP_52	35	Pulse	99	2857423	19679	1
A_HP_52	36	Picture	response134	2868200	56	1	20157	1	0	20000	hit	167
A_HP_52	36	Response	4	2874562	6418	1
A_HP_52	36	Pulse	99	2877343	9199	1
A_HP_52	36	Pulse	99	2897344	29200	1
A_HP_52	37	Picture	response133	2898686	142	1	20158	1	0	20000	hit	171
A_HP_52	37	Response	1	2910662	12118	1
A_HP_52	37	Pulse	99	2917423	18879	1
A_HP_52	38	Picture	response136	2929006	62	1	20158	1	0	20000	hit	174
A_HP_52	38	Response	4	2936382	7438	1
A_HP_52	38	Pulse	99	2937344	8400	1
A_HP_52	38	Pulse	99	2957343	28399	1
A_HP_52	39	Picture	response130	2959492	148	1	20158	1	0	20000	hit	178
A_HP_52	39	Response	1	2967102	7758	1
A_HP_52	39	Pulse	99	2977423	18079	1
A_HP_52	40	Picture	response135	2989812	68	1	20158	1	0	20000	hit	182
A_HP_52	40	Pulse	99	2997343	7599	1
A_HP_52	40	Response	1	2998202	8458	1
A_HP_52	40	Pulse	99	3017343	27599	1
A_HP_52	41	Picture	response129	3020298	154	1	20158	1	0	20000	hit	185
A_HP_52	41	Response	1	3027562	7418	1
A_HP_52	41	Pulse	99	3037423	17279	1
A_HP_52	42	Picture	response131	3050618	74	1	20157	1	0	20000	hit	189
A_HP_52	42	Pulse	99	3057344	6800	1
A_HP_52	42	Response	2	3058992	8448	1
A_HP_52	42	Pulse	99	3077343	26799	1
A_HP_52	43	Picture	ins21	3081104	160	1	30153	1	0	30000	other	0
A_HP_52	43	Pulse	99	3097424	16480	1
A_HP_52	43	Pulse	99	3117344	36400	1
A_HP_52	43	Pulse	99	3137344	56400	1
A_HP_52	43	Pulse	99	3157423	76480	1
A_HP_52	43	Pulse	99	3177343	96399	1
A_HP_52	43	Pulse	99	3197343	116399	1
A_HP_52	43	Pulse	99	3217423	136479	1
A_HP_52	43	Pulse	99	3237343	156399	1
A_HP_52	43	Pulse	99	3257344	176400	1
A_HP_52	43	Pulse	99	3277424	196480	1
A_HP_52	43	Pulse	99	3297343	216399	1
A_HP_52	43	Pulse	99	3317343	236399	1
A_HP_52	43	Pulse	99	3337423	256479	1
A_HP_52	43	Pulse	99	3357344	276400	1
A_HP_52	43	Pulse	99	3377343	296399	1
A_HP_52	44	Response	5	3397343	6213	1
A_HP_52	44	Pulse	99	3397343	6213	1
A_HP_52	45	Picture	response167	3397794	50	1	20157	1	0	20000	hit	210
A_HP_52	45	Response	2	3414012	16268	1
A_HP_52	45	Pulse	99	3417343	19600	1
A_HP_52	46	Picture	response165	3428280	136	1	20158	1	0	20000	hit	214
A_HP_52	46	Pulse	99	3437343	9199	1
A_HP_52	46	Response	3	3437811	9668	1
A_HP_52	46	Pulse	99	3457343	29200	1
A_HP_52	47	Picture	response168	3458599	56	1	20157	1	0	20000	hit	217
A_HP_52	47	Response	4	3470032	11488	1
A_HP_52	47	Pulse	99	3477343	18799	1
A_HP_52	48	Picture	response161	3489086	142	1	20158	1	0	20000	hit	221
A_HP_52	48	Pulse	99	3497344	8400	1
A_HP_52	48	Response	2	3498842	9898	1
A_HP_52	48	Pulse	99	3517343	28400	1
A_HP_52	49	Picture	response163	3519405	61	1	20157	1	0	20000	hit	224
A_HP_52	49	Response	2	3525273	5929	1
A_HP_52	49	Pulse	99	3537424	18080	1
A_HP_52	50	Picture	response164	3549891	147	1	20158	1	0	20000	hit	228
A_HP_52	50	Pulse	99	3557343	7600	1
A_HP_52	50	Response	1	3557911	8168	1
A_HP_52	50	Pulse	99	3577344	27600	1
A_HP_52	51	Picture	response162	3580211	67	1	20157	1	0	20000	hit	231
A_HP_52	51	Response	4	3589242	9098	1
A_HP_52	51	Pulse	99	3597423	17280	1
A_HP_52	52	Picture	response166	3610697	153	1	20157	1	0	20000	hit	235
A_HP_52	52	Pulse	99	3617343	6799	1
A_HP_52	52	Response	4	3618542	7998	1
A_HP_52	52	Pulse	99	3637343	26799	1
A_HP_52	53	Picture	ins15	3641017	73	1	30153	1	0	30000	other	0
A_HP_52	53	Pulse	99	3657423	16479	1
A_HP_52	53	Pulse	99	3677343	36400	1
A_HP_52	53	Pulse	99	3697343	56399	1
A_HP_52	53	Pulse	99	3717423	76480	1
A_HP_52	53	Pulse	99	3737344	96400	1
A_HP_52	53	Pulse	99	3757343	116400	1
A_HP_52	53	Pulse	99	3777423	136480	1
A_HP_52	53	Pulse	99	3797343	156399	1
A_HP_52	53	Pulse	99	3817343	176399	1
A_HP_52	53	Pulse	99	3837423	196479	1
A_HP_52	53	Pulse	99	3857343	216399	1
A_HP_52	53	Pulse	99	3877343	236399	1
A_HP_52	53	Pulse	99	3897423	256479	1
A_HP_52	53	Pulse	99	3917344	276400	1
A_HP_52	53	Pulse	99	3937344	296400	1
A_HP_52	54	Response	5	3957343	6300	1
A_HP_52	54	Pulse	99	3957343	6300	1
A_HP_52	55	Picture	response117	3957873	129	1	20158	1	0	20000	hit	256
A_HP_52	55	Response	4	3969662	11918	1
A_HP_52	55	Pulse	99	3977344	19600	1
A_HP_52	56	Picture	response113	3988193	49	1	20158	1	0	20000	hit	260
A_HP_52	56	Pulse	99	3997343	9200	1
A_HP_52	56	Response	2	3999742	11598	1
A_HP_52	56	Pulse	99	4017343	29200	1
A_HP_52	57	Picture	response116	4018679	135	1	20158	1	0	20000	hit	263
A_HP_52	57	Response	4	4026122	7578	1
A_HP_52	57	Pulse	99	4037343	18799	1
A_HP_52	58	Picture	response115	4048999	55	1	20158	1	0	20000	hit	266
A_HP_52	58	Response	2	4053682	4738	1
A_HP_52	58	Pulse	99	4057343	8399	1
A_HP_52	58	Pulse	99	4077343	28399	1
A_HP_52	59	Picture	response120	4079485	141	1	20158	1	0	20000	hit	270
A_HP_52	59	Response	4	4083172	3828	1
A_HP_52	59	Pulse	99	4097343	17999	1
A_HP_52	60	Picture	response118	4109804	61	1	20158	1	0	20000	hit	274
A_HP_52	60	Pulse	99	4117343	7600	1
A_HP_52	60	Response	2	4129312	19568	1
A_HP_52	60	Pulse	99	4137344	27600	1
A_HP_52	61	Picture	response114	4140291	147	1	20158	1	0	20000	hit	277
A_HP_52	61	Response	4	4147902	7758	1
A_HP_52	61	Pulse	99	4157343	17199	1
A_HP_52	62	Picture	response119	4170610	66	1	20158	1	0	20000	hit	281
A_HP_52	62	Pulse	99	4177343	6800	1
A_HP_52	62	Response	4	4179552	9008	1
A_HP_52	62	Pulse	99	4197343	26800	1
A_HP_52	63	Picture	ins19	4201096	153	1	30153	1	0	30000	other	0
A_HP_52	63	Pulse	99	4217343	16400	1
A_HP_52	63	Pulse	99	4237343	36400	1
A_HP_52	63	Pulse	99	4257344	56400	1
A_HP_52	63	Pulse	99	4277343	76399	1
A_HP_52	63	Pulse	99	4297343	96400	1
A_HP_52	63	Pulse	99	4317344	116400	1
A_HP_52	63	Pulse	99	4337344	136400	1
A_HP_52	63	Pulse	99	4357343	156400	1
A_HP_52	63	Pulse	99	4377343	176400	1
A_HP_52	63	Pulse	99	4397343	196399	1
A_HP_52	63	Pulse	99	4417343	216400	1
A_HP_52	63	Pulse	99	4437343	236399	1
A_HP_52	63	Pulse	99	4457343	256400	1
A_HP_52	63	Pulse	99	4477343	276400	1
A_HP_52	63	Pulse	99	4497343	296400	1
A_HP_52	64	Response	5	4517343	6221	1
A_HP_52	64	Pulse	99	4517343	6221	1
A_HP_52	65	Picture	response151	4517786	43	1	20157	1	0	20000	hit	302
A_HP_52	65	Response	2	4529002	11259	1
A_HP_52	65	Pulse	99	4537343	19600	1
A_HP_52	66	Picture	response148	4548272	129	1	20158	1	0	20000	hit	305
A_HP_52	66	Response	2	4554612	6468	1
A_HP_52	66	Pulse	99	4557343	9199	1
A_HP_52	66	Pulse	99	4577343	29200	1
A_HP_52	67	Picture	response152	4578592	48	1	20158	1	0	20000	hit	309
A_HP_52	67	Response	2	4583832	5289	1
A_HP_52	67	Pulse	99	4597343	18799	1
A_HP_52	68	Picture	response150	4609078	134	1	20158	1	0	20000	hit	312
A_HP_52	68	Response	4	4616572	7628	1
A_HP_52	68	Pulse	99	4617343	8400	1
A_HP_52	68	Pulse	99	4637344	28401	1
A_HP_52	69	Picture	response147	4639398	54	1	20157	1	0	20000	hit	316
A_HP_52	69	Response	3	4646562	7218	1
A_HP_52	69	Pulse	99	4657343	17999	1
A_HP_52	70	Picture	response145	4669884	140	1	20158	1	0	20000	hit	320
A_HP_52	70	Pulse	99	4677343	7599	1
A_HP_52	70	Response	1	4677851	8107	1
A_HP_52	70	Pulse	99	4697344	27600	1
A_HP_52	71	Picture	response149	4700204	60	1	20158	1	0	20000	hit	323
A_HP_52	71	Response	3	4707402	7258	1
A_HP_52	71	Pulse	99	4717343	17199	1
A_HP_52	72	Picture	response146	4730690	146	1	20158	1	0	20000	hit	327
A_HP_52	72	Pulse	99	4737343	6799	1
A_HP_52	72	Response	1	4742152	11608	1
A_HP_52	72	Pulse	99	4757343	26799	1
A_HP_52	73	Picture	ins3	4761009	65	1	30153	1	0	30000	other	0
A_HP_52	73	Pulse	99	4777343	16399	1
A_HP_52	73	Pulse	99	4797344	36400	1
A_HP_52	73	Pulse	99	4817343	56399	1
A_HP_52	73	Pulse	99	4837343	76399	1
A_HP_52	73	Pulse	99	4857343	96400	1
A_HP_52	73	Pulse	99	4877343	116400	1
A_HP_52	73	Pulse	99	4897343	136399	1
A_HP_52	73	Pulse	99	4917343	156399	1
A_HP_52	73	Pulse	99	4937343	176399	1
A_HP_52	73	Pulse	99	4957343	196400	1
A_HP_52	73	Pulse	99	4977343	216399	1
A_HP_52	73	Pulse	99	4997343	236399	1
A_HP_52	73	Pulse	99	5017343	256399	1
A_HP_52	73	Pulse	99	5037343	276399	1
A_HP_52	73	Pulse	99	5057343	296399	1
A_HP_52	74	Response	5	5077343	6308	1
A_HP_52	74	Pulse	99	5077343	6308	1
A_HP_52	75	Picture	response21	5077866	122	1	20158	1	0	20000	hit	348
A_HP_52	75	Response	2	5085862	8118	1
A_HP_52	75	Pulse	99	5097343	19600	1
A_HP_52	76	Picture	response18	5108185	42	1	20157	1	0	20000	hit	351
A_HP_52	76	Response	2	5113692	5548	1
A_HP_52	76	Pulse	99	5117343	9199	1
A_HP_52	76	Pulse	99	5137343	29199	1
A_HP_52	77	Picture	response24	5138672	128	1	20158	1	0	20000	hit	355
A_HP_52	77	Response	2	5151562	13018	1
A_HP_52	77	Pulse	99	5157343	18799	1
A_HP_52	78	Picture	response22	5168991	47	1	20158	1	0	20000	hit	358
A_HP_52	78	Response	2	5175602	6658	1
A_HP_52	78	Pulse	99	5177343	8400	1
A_HP_52	78	Pulse	99	5197344	28400	1
A_HP_52	79	Picture	response17	5199477	134	1	20157	1	0	20000	hit	362
A_HP_52	79	Response	2	5203882	4538	1
A_HP_52	79	Pulse	99	5217343	18000	1
A_HP_52	80	Picture	response19	5229797	53	1	20158	1	0	20000	hit	365
A_HP_52	80	Response	2	5233692	3948	1
A_HP_52	80	Pulse	99	5237343	7599	1
A_HP_52	80	Pulse	99	5257343	27599	1
A_HP_52	81	Picture	response23	5260283	139	1	20157	1	0	20000	hit	369
A_HP_52	81	Response	2	5263582	3438	1
A_HP_52	81	Pulse	99	5277343	17199	1
A_HP_52	82	Picture	response20	5290603	59	1	20158	1	0	20000	hit	372
A_HP_52	82	Response	2	5293692	3148	1
A_HP_52	82	Pulse	99	5297343	6800	1
A_HP_52	82	Pulse	99	5317343	26799	1
A_HP_52	83	Picture	ins9	5321089	145	1	30153	1	0	30000	other	0
A_HP_52	83	Pulse	99	5337343	16399	1
A_HP_52	83	Pulse	99	5357343	36399	1
A_HP_52	83	Pulse	99	5377343	56400	1
A_HP_52	83	Pulse	99	5397343	76399	1
A_HP_52	83	Pulse	99	5417343	96400	1
A_HP_52	83	Pulse	99	5437343	116399	1
A_HP_52	83	Pulse	99	5457343	136400	1
A_HP_52	83	Pulse	99	5477343	156399	1
A_HP_52	83	Pulse	99	5497343	176399	1
A_HP_52	83	Pulse	99	5517343	196399	1
A_HP_52	83	Pulse	99	5537343	216399	1
A_HP_52	83	Pulse	99	5557343	236399	1
A_HP_52	83	Pulse	99	5577343	256399	1
A_HP_52	83	Pulse	99	5597343	276399	1
A_HP_52	83	Pulse	99	5617343	296400	1
A_HP_52	84	Response	5	5637343	6228	1
A_HP_52	84	Pulse	99	5637343	6228	1
A_HP_52	85	Picture	response69	5637779	35	1	20157	1	0	20000	hit	394
A_HP_52	85	Response	2	5651262	13518	1
A_HP_52	85	Pulse	99	5657343	19599	1
A_HP_52	86	Picture	response67	5668265	121	1	20158	1	0	20000	hit	397
A_HP_52	86	Response	2	5675082	6938	1
A_HP_52	86	Pulse	99	5677342	9199	1
A_HP_52	86	Pulse	99	5697343	29199	1
A_HP_52	87	Picture	response70	5698584	41	1	20158	1	0	20000	hit	401
A_HP_52	87	Response	2	5712672	14128	1
A_HP_52	87	Pulse	99	5717344	18800	1
A_HP_52	88	Picture	response68	5729071	127	1	20158	1	0	20000	hit	404
A_HP_52	88	Response	2	5734702	5759	1
A_HP_52	88	Pulse	99	5737343	8399	1
A_HP_52	88	Pulse	99	5757343	28400	1
A_HP_52	89	Picture	response65	5759390	47	1	20158	1	0	20000	hit	408
A_HP_52	89	Response	1	5768352	9008	1
A_HP_52	89	Pulse	99	5777343	17999	1
A_HP_52	90	Picture	response72	5789877	133	1	20158	1	0	20000	hit	412
A_HP_52	90	Pulse	99	5797343	7599	1
A_HP_52	90	Response	1	5799692	9948	1
A_HP_52	90	Pulse	99	5817343	27599	1
A_HP_52	91	Picture	response71	5820196	52	1	20158	1	0	20000	hit	415
A_HP_52	91	Response	2	5828312	8168	1
A_HP_52	91	Pulse	99	5837343	17200	1
A_HP_52	92	Picture	response66	5850682	139	1	20158	1	0	20000	hit	419
A_HP_52	92	Pulse	99	5857343	6800	1
A_HP_52	92	Response	2	5858051	7508	1
A_HP_52	92	Pulse	99	5877343	26799	1
A_HP_52	93	Picture	ins5	5881002	58	1	30153	1	0	30000	other	0
A_HP_52	93	Pulse	99	5897343	16399	1
A_HP_52	93	Pulse	99	5917343	36399	1
A_HP_52	93	Pulse	99	5937343	56400	1
A_HP_52	93	Pulse	99	5957343	76399	1
A_HP_52	93	Pulse	99	5977343	96400	1
A_HP_52	93	Pulse	99	5997343	116399	1
A_HP_52	93	Pulse	99	6017343	136400	1
A_HP_52	93	Pulse	99	6037343	156400	1
A_HP_52	93	Pulse	99	6057343	176400	1
A_HP_52	93	Pulse	99	6077343	196399	1
A_HP_52	93	Pulse	99	6097342	216398	1
A_HP_52	93	Pulse	99	6117343	236399	1
A_HP_52	93	Pulse	99	6137343	256399	1
A_HP_52	93	Pulse	99	6157343	276399	1
A_HP_52	93	Pulse	99	6177343	296399	1
A_HP_52	94	Response	5	6197343	6315	1
A_HP_52	94	Pulse	99	6197343	6315	1
A_HP_52	95	Picture	response39	6197858	115	1	20158	1	0	20000	hit	440
A_HP_52	95	Response	3	6204482	6738	1
A_HP_52	95	Pulse	99	6217343	19600	1
A_HP_52	96	Picture	response34	6228178	34	1	20157	1	0	20000	hit	443
A_HP_52	96	Response	3	6232792	4649	1
A_HP_52	96	Pulse	99	6237343	9200	1
A_HP_52	96	Pulse	99	6257344	29200	1
A_HP_52	97	Picture	response36	6258664	121	1	20158	1	0	20000	hit	447
A_HP_52	97	Response	3	6263612	5069	1
A_HP_52	97	Pulse	99	6277343	18800	1
A_HP_52	98	Picture	response33	6288984	40	1	20157	1	0	20000	hit	450
A_HP_52	98	Response	3	6293502	4558	1
A_HP_52	98	Pulse	99	6297343	8399	1
A_HP_52	98	Pulse	99	6317343	28399	1
A_HP_52	99	Picture	response38	6319470	126	1	20158	1	0	20000	hit	454
A_HP_52	99	Response	3	6326662	7318	1
A_HP_52	99	Pulse	99	6337343	17999	1
A_HP_52	100	Picture	response37	6349790	46	1	20158	1	0	20000	hit	458
A_HP_52	100	Pulse	99	6357343	7599	1
A_HP_52	100	Response	3	6363342	13598	1
A_HP_52	100	Pulse	99	6377343	27599	1
A_HP_52	101	Picture	response40	6380276	132	1	20158	1	0	20000	hit	461
A_HP_52	101	Response	3	6388162	8018	1
A_HP_52	101	Pulse	99	6397343	17200	1
A_HP_52	102	Picture	response35	6410595	52	1	20158	1	0	20000	hit	465
A_HP_52	102	Pulse	99	6417343	6799	1
A_HP_52	102	Response	3	6419582	9038	1
A_HP_52	102	Pulse	99	6437344	26800	1
A_HP_52	103	Picture	ins11	6441081	138	1	30153	1	0	30000	other	0
A_HP_52	103	Pulse	99	6457343	16399	1
A_HP_52	103	Pulse	99	6477343	36399	1
A_HP_52	103	Pulse	99	6497343	56400	1
A_HP_52	103	Pulse	99	6517343	76399	1
A_HP_52	103	Pulse	99	6537343	96399	1
A_HP_52	103	Pulse	99	6557344	116400	1
A_HP_52	103	Pulse	99	6577343	136400	1
A_HP_52	103	Pulse	99	6597343	156400	1
A_HP_52	103	Pulse	99	6617343	176400	1
A_HP_52	103	Pulse	99	6637343	196400	1
A_HP_52	103	Pulse	99	6657343	216399	1
A_HP_52	103	Pulse	99	6677344	236400	1
A_HP_52	103	Pulse	99	6697343	256400	1
A_HP_52	103	Pulse	99	6717343	276399	1
A_HP_52	103	Pulse	99	6737343	296399	1
A_HP_52	104	Response	5	6757343	6236	1
A_HP_52	104	Pulse	99	6757343	6236	1
A_HP_52	105	Picture	response86	6757771	28	1	20158	1	0	20000	incorrect	487
A_HP_52	105	Pulse	99	6777343	19600	1
A_HP_52	105	Response	3	6777892	20148	1
A_HP_52	106	Picture	response85	6788258	114	1	20157	1	0	20000	hit	489
A_HP_52	106	Response	1	6795132	6988	1
A_HP_52	106	Pulse	99	6797343	9199	1
A_HP_52	106	Pulse	99	6817343	29199	1
A_HP_52	107	Picture	response82	6818577	33	1	20158	1	0	20000	hit	493
A_HP_52	107	Response	3	6827382	8838	1
A_HP_52	107	Pulse	99	6837343	18799	1
A_HP_52	108	Picture	response83	6849063	120	1	20158	1	0	20000	hit	497
A_HP_52	108	Pulse	99	6857343	8399	1
A_HP_52	108	Response	3	6857661	8717	1
A_HP_52	108	Pulse	99	6877343	28399	1
A_HP_52	109	Picture	response84	6879383	39	1	20158	1	0	20000	hit	500
A_HP_52	109	Response	1	6887222	7879	1
A_HP_52	109	Pulse	99	6897343	17999	1
A_HP_52	110	Picture	response88	6909869	125	1	20158	1	0	20000	hit	504
A_HP_52	110	Pulse	99	6917343	7600	1
A_HP_52	110	Response	3	6920462	10719	1
A_HP_52	110	Pulse	99	6937343	27600	1
A_HP_52	111	Picture	response87	6940189	45	1	20158	1	0	20000	hit	508
A_HP_52	111	Pulse	99	6957343	17199	1
A_HP_52	111	Response	3	6957811	17668	1
A_HP_52	112	Picture	response81	6970675	131	1	20158	1	0	20000	hit	511
A_HP_52	112	Pulse	99	6977344	6800	1
A_HP_52	112	Response	1	6991341	20798	1
A_HP_52	112	Pulse	99	6997343	26799	1
A_HP_52	113	Picture	ins1	7000994	51	1	30153	1	0	30000	other	0
A_HP_52	113	Pulse	99	7017343	16400	1
A_HP_52	113	Pulse	99	7037343	36399	1
A_HP_52	113	Pulse	99	7057343	56399	1
A_HP_52	113	Pulse	99	7077343	76399	1
A_HP_52	113	Pulse	99	7097343	96399	1
A_HP_52	113	Pulse	99	7117343	116399	1
A_HP_52	113	Pulse	99	7137343	136400	1
A_HP_52	113	Pulse	99	7157343	156399	1
A_HP_52	113	Pulse	99	7177343	176399	1
A_HP_52	113	Pulse	99	7197343	196399	1
A_HP_52	113	Pulse	99	7217343	216400	1
A_HP_52	113	Pulse	99	7237343	236399	1
A_HP_52	113	Pulse	99	7257343	256400	1
A_HP_52	113	Pulse	99	7277343	276400	1
A_HP_52	113	Pulse	99	7297343	296399	1
A_HP_52	114	Response	5	7317343	6322	1
A_HP_52	114	Pulse	99	7317343	6322	1
A_HP_52	115	Picture	response5	7317851	107	1	20158	1	0	20000	hit	532
A_HP_52	115	Response	1	7324452	6708	1
A_HP_52	115	Pulse	99	7337343	19599	1
A_HP_52	116	Picture	response6	7348337	194	1	20158	1	0	20000	hit	535
A_HP_52	116	Response	1	7353552	5408	1
A_HP_52	116	Pulse	99	7357343	9199	1
A_HP_52	116	Pulse	99	7377263	29120	1
A_HP_52	117	Picture	response8	7378657	113	1	20158	1	0	20000	hit	539
A_HP_52	117	Response	1	7384192	5649	1
A_HP_52	117	Pulse	99	7397343	18799	1
A_HP_52	118	Picture	response2	7408976	33	1	20157	1	0	20000	hit	542
A_HP_52	118	Response	1	7414912	5968	1
A_HP_52	118	Pulse	99	7417343	8399	1
A_HP_52	118	Pulse	99	7437263	28320	1
A_HP_52	119	Picture	response1	7439463	119	1	20157	1	0	20000	hit	546
A_HP_52	119	Response	1	7446382	7038	1
A_HP_52	119	Pulse	99	7457343	17999	1
A_HP_52	120	Picture	response4	7469782	39	1	20157	1	0	20000	hit	549
A_HP_52	120	Response	1	7475582	5839	1
A_HP_52	120	Pulse	99	7477343	7599	1
A_HP_52	120	Pulse	99	7497343	27599	1
A_HP_52	121	Picture	response3	7500268	125	1	20157	1	0	20000	hit	553
A_HP_52	121	Response	1	7504852	4708	1
A_HP_52	121	Pulse	99	7517343	17200	1
A_HP_52	122	Picture	response7	7530588	44	1	20158	1	0	20000	hit	556
A_HP_52	122	Response	1	7533692	3148	1
A_HP_52	122	Pulse	99	7537343	6799	1
A_HP_52	122	Pulse	99	7557343	26799	1
A_HP_52	123	Picture	thanks	7560741	0	1	10162	1	0	10000	other	0
A_HP_52	123	Pulse	99	7577343	16602	1


Event Type	Code	Type	Response	RT	RT Uncertainty	Time	Uncertainty	Duration	Uncertainty	ReqTime	ReqDur

Picture	ready	other				777481	1	10162	1	0	10000
Picture	ins7	other				837953	1	30153	1	0	30000
Picture	response55	hit	4	7354	2	1157808	1	20157	1	0	20000
Picture	response49	hit	4	7508	2	1188295	1	20158	1	0	20000
Picture	response51	hit	4	4858	2	1218614	1	20158	1	0	20000
Picture	response50	hit	4	5812	2	1249100	1	20158	1	0	20000
Picture	response56	hit	4	6412	2	1279420	1	20157	1	0	20000
Picture	response52	hit	4	6646	2	1309906	1	20158	1	0	20000
Picture	response54	hit	4	9926	2	1340226	1	20157	1	0	20000
Picture	response53	hit	4	4700	2	1370712	1	20158	1	0	20000
Picture	ins13	other				1401032	1	30153	1	0	30000
Picture	response99	hit	3	8304	2	1717888	1	20158	1	0	20000
Picture	response102	hit	2	8505	2	1748208	1	20158	1	0	20000
Picture	response104	hit	2	7059	2	1778694	1	20158	1	0	20000
Picture	response97	hit	3	6559	2	1809013	1	20158	1	0	20000
Picture	response103	hit	2	10843	2	1839500	1	20157	1	0	20000
Picture	response101	hit	2	7124	2	1869819	1	20158	1	0	20000
Picture	response98	hit	2	7447	2	1900305	1	20158	1	0	20000
Picture	response100	hit	2	4087	2	1930625	1	20157	1	0	20000
Picture	ins23	other				1961111	1	30153	1	0	30000
Picture	response184	hit	3	9551	2	2277801	1	20158	1	0	20000
Picture	response177	hit	1	8455	2	2308287	1	20157	1	0	20000
Picture	response181	hit	2	12916	2	2338607	1	20158	1	0	20000
Picture	response182	hit	2	6679	2	2369093	1	20158	1	0	20000
Picture	response179	hit	3	7880	2	2399413	1	20157	1	0	20000
Picture	response178	hit	2	7073	2	2429899	1	20158	1	0	20000
Picture	response183	hit	4	8204	2	2460218	1	20158	1	0	20000
Picture	response180	hit	1	8037	2	2490705	1	20158	1	0	20000
Picture	ins17	other				2521024	1	30153	1	0	30000
Picture	response132	hit	4	6721	2	2837881	1	20158	1	0	20000
Picture	response134	hit	4	6362	2	2868200	1	20157	1	0	20000
Picture	response133	hit	1	11976	2	2898686	1	20158	1	0	20000
Picture	response136	hit	4	7376	2	2929006	1	20158	1	0	20000
Picture	response130	hit	1	7610	2	2959492	1	20158	1	0	20000
Picture	response135	hit	1	8390	2	2989812	1	20158	1	0	20000
Picture	response129	hit	1	7264	2	3020298	1	20158	1	0	20000
Picture	response131	hit	2	8374	2	3050618	1	20157	1	0	20000
Picture	ins21	other				3081104	1	30153	1	0	30000
Picture	response167	hit	2	16218	2	3397794	1	20157	1	0	20000
Picture	response165	hit	3	9532	2	3428280	1	20158	1	0	20000
Picture	response168	hit	4	11433	2	3458599	1	20157	1	0	20000
Picture	response161	hit	2	9757	2	3489086	1	20158	1	0	20000
Picture	response163	hit	2	5867	2	3519405	1	20157	1	0	20000
Picture	response164	hit	1	8020	2	3549891	1	20158	1	0	20000
Picture	response162	hit	4	9031	2	3580211	1	20157	1	0	20000
Picture	response166	hit	4	7845	2	3610697	1	20157	1	0	20000
Picture	ins15	other				3641017	1	30153	1	0	30000
Picture	response117	hit	4	11789	2	3957873	1	20158	1	0	20000
Picture	response113	hit	2	11549	2	3988193	1	20158	1	0	20000
Picture	response116	hit	4	7443	2	4018679	1	20158	1	0	20000
Picture	response115	hit	2	4683	2	4048999	1	20158	1	0	20000
Picture	response120	hit	4	3687	2	4079485	1	20158	1	0	20000
Picture	response118	hit	2	19507	2	4109804	1	20158	1	0	20000
Picture	response114	hit	4	7612	2	4140291	1	20158	1	0	20000
Picture	response119	hit	4	8942	2	4170610	1	20158	1	0	20000
Picture	ins19	other				4201096	1	30153	1	0	30000
Picture	response151	hit	2	11216	2	4517786	1	20157	1	0	20000
Picture	response148	hit	2	6340	2	4548272	1	20158	1	0	20000
Picture	response152	hit	2	5241	2	4578592	1	20158	1	0	20000
Picture	response150	hit	4	7494	2	4609078	1	20158	1	0	20000
Picture	response147	hit	3	7164	2	4639398	1	20157	1	0	20000
Picture	response145	hit	1	7967	2	4669884	1	20158	1	0	20000
Picture	response149	hit	3	7198	2	4700204	1	20158	1	0	20000
Picture	response146	hit	1	11462	2	4730690	1	20158	1	0	20000
Picture	ins3	other				4761009	1	30153	1	0	30000
Picture	response21	hit	2	7996	2	5077866	1	20158	1	0	20000
Picture	response18	hit	2	5507	2	5108185	1	20157	1	0	20000
Picture	response24	hit	2	12890	2	5138672	1	20158	1	0	20000
Picture	response22	hit	2	6611	2	5168991	1	20158	1	0	20000
Picture	response17	hit	2	4405	2	5199477	1	20157	1	0	20000
Picture	response19	hit	2	3895	2	5229797	1	20158	1	0	20000
Picture	response23	hit	2	3299	2	5260283	1	20157	1	0	20000
Picture	response20	hit	2	3089	2	5290603	1	20158	1	0	20000
Picture	ins9	other				5321089	1	30153	1	0	30000
Picture	response69	hit	2	13483	2	5637779	1	20157	1	0	20000
Picture	response67	hit	2	6817	2	5668265	1	20158	1	0	20000
Picture	response70	hit	2	14088	2	5698584	1	20158	1	0	20000
Picture	response68	hit	2	5631	2	5729071	1	20158	1	0	20000
Picture	response65	hit	1	8962	2	5759390	1	20158	1	0	20000
Picture	response72	hit	1	9816	2	5789877	1	20158	1	0	20000
Picture	response71	hit	2	8116	2	5820196	1	20158	1	0	20000
Picture	response66	hit	2	7369	2	5850682	1	20158	1	0	20000
Picture	ins5	other				5881002	1	30153	1	0	30000
Picture	response39	hit	3	6624	2	6197858	1	20158	1	0	20000
Picture	response34	hit	3	4614	2	6228178	1	20157	1	0	20000
Picture	response36	hit	3	4948	2	6258664	1	20158	1	0	20000
Picture	response33	hit	3	4518	2	6288984	1	20157	1	0	20000
Picture	response38	hit	3	7192	2	6319470	1	20158	1	0	20000
Picture	response37	hit	3	13552	2	6349790	1	20158	1	0	20000
Picture	response40	hit	3	7886	2	6380276	1	20158	1	0	20000
Picture	response35	hit	3	8987	2	6410595	1	20158	1	0	20000
Picture	ins11	other				6441081	1	30153	1	0	30000
Picture	response86	incorrect	3	20120	2	6757771	1	20158	1	0	20000
Picture	response85	hit	1	6874	2	6788258	1	20157	1	0	20000
Picture	response82	hit	3	8805	2	6818577	1	20158	1	0	20000
Picture	response83	hit	3	8598	2	6849063	1	20158	1	0	20000
Picture	response84	hit	1	7839	2	6879383	1	20158	1	0	20000
Picture	response88	hit	3	10593	2	6909869	1	20158	1	0	20000
Picture	response87	hit	3	17623	2	6940189	1	20158	1	0	20000
Picture	response81	hit	1	20666	2	6970675	1	20158	1	0	20000
Picture	ins1	other				7000994	1	30153	1	0	30000
Picture	response5	hit	1	6601	2	7317851	1	20158	1	0	20000
Picture	response6	hit	1	5215	2	7348337	1	20158	1	0	20000
Picture	response8	hit	1	5535	2	7378657	1	20158	1	0	20000
Picture	response2	hit	1	5935	2	7408976	1	20157	1	0	20000
Picture	response1	hit	1	6919	2	7439463	1	20157	1	0	20000
Picture	response4	hit	1	5800	2	7469782	1	20157	1	0	20000
Picture	response3	hit	1	4583	2	7500268	1	20157	1	0	20000
Picture	response7	hit	1	3104	2	7530588	1	20158	1	0	20000
Picture	thanks	other				7560741	1	10162	1	0	10000


{
   "app": "Presentation Version 21.1 Build 09.05.19",
   "device": "LENOVO 20FBCTO1WW",
   "experiment": "{C0C68DB1-10BA-42F2-8F79-3F2AFFEED4E4}",
   "os": "Windows 10 64 bit",
   "package": "",
   "parameters": {
      "configuration": "Default configuration"
   },
   "scenario": "Response experiment(1).sce",
   "subject": "A_HP_52",
   "timestamp": "2020/02/20 06:53:36 GMT"
}
