Scenario - 
Logfile written - 09/26/2019 16:17:33

Subject	Trial	Event Type	Code	Time	TTime	Uncertainty	Duration	Uncertainty	ReqTime	ReqDur	Stim Type	Pair Index

A_HP_17	1	Response	5	445253	444420	1
A_HP_17	1	Pulse	99	445253	444420	1
A_HP_17	2	Picture	ready	445484	0	1	10229	1	0	10000	other	0
A_HP_17	2	Pulse	99	465253	19768	1
A_HP_17	2	Pulse	99	485173	39688	1
A_HP_17	2	Pulse	99	505253	59768	1
A_HP_17	3	Picture	ins3	506134	232	1	30229	1	0	30000	other	0
A_HP_17	3	Pulse	99	525253	19350	1
A_HP_17	3	Pulse	99	545174	39271	1
A_HP_17	3	Pulse	99	565253	59350	1
A_HP_17	3	Pulse	99	585253	79350	1
A_HP_17	3	Pulse	99	605253	99351	1
A_HP_17	3	Pulse	99	625173	119271	1
A_HP_17	3	Pulse	99	645253	139351	1
A_HP_17	3	Pulse	99	665253	159351	1
A_HP_17	3	Pulse	99	685173	179271	1
A_HP_17	3	Pulse	99	705253	199351	1
A_HP_17	3	Pulse	99	725253	219351	1
A_HP_17	3	Pulse	99	745173	239271	1
A_HP_17	3	Pulse	99	765253	259351	1
A_HP_17	3	Pulse	99	785254	279351	1
A_HP_17	3	Pulse	99	805173	299271	1
A_HP_17	4	Response	5	825253	9120	1
A_HP_17	4	Pulse	99	825253	9120	1
A_HP_17	5	Picture	response24	825833	230	1	20229	1	0	20000	hit	26
A_HP_17	5	Response	2	842202	16599	1
A_HP_17	5	Pulse	99	845253	19650	1
A_HP_17	6	Picture	response23	856291	288	1	20229	1	0	20000	hit	29
A_HP_17	6	Response	2	860852	4849	1
A_HP_17	6	Pulse	99	865173	9169	1
A_HP_17	6	Pulse	99	885174	29170	1
A_HP_17	7	Picture	response20	886583	180	1	20229	1	0	20000	hit	33
A_HP_17	7	Response	2	890452	4049	1
A_HP_17	7	Pulse	99	905254	18850	1
A_HP_17	8	Picture	response22	916875	72	1	20229	1	0	20000	hit	36
A_HP_17	8	Response	2	921133	4329	1
A_HP_17	8	Pulse	99	925253	8450	1
A_HP_17	8	Pulse	99	945174	28370	1
A_HP_17	9	Picture	response18	947500	297	1	20229	1	0	20000	hit	40
A_HP_17	9	Response	2	952673	5469	1
A_HP_17	9	Pulse	99	965254	18050	1
A_HP_17	10	Picture	response17	977792	188	1	20229	1	0	20000	hit	43
A_HP_17	10	Response	2	983373	5769	1
A_HP_17	10	Pulse	99	985253	7649	1
A_HP_17	10	Pulse	99	1005174	27570	1
A_HP_17	11	Picture	response19	1008250	246	1	20229	1	0	20000	hit	47
A_HP_17	11	Response	2	1013223	5219	1
A_HP_17	11	Pulse	99	1025254	17250	1
A_HP_17	12	Picture	response21	1038542	138	1	20229	1	0	20000	hit	50
A_HP_17	12	Response	2	1043943	5539	1
A_HP_17	12	Pulse	99	1045253	6849	1
A_HP_17	12	Pulse	99	1065174	26770	1
A_HP_17	13	Picture	ins19	1069000	196	1	30229	1	0	30000	other	0
A_HP_17	13	Pulse	99	1085254	16450	1
A_HP_17	13	Pulse	99	1105254	36450	1
A_HP_17	13	Pulse	99	1125174	56370	1
A_HP_17	13	Pulse	99	1145174	76370	1
A_HP_17	13	Pulse	99	1165254	96450	1
A_HP_17	13	Pulse	99	1185174	116370	1
A_HP_17	13	Pulse	99	1205174	136370	1
A_HP_17	13	Pulse	99	1225254	156450	1
A_HP_17	13	Pulse	99	1245254	176450	1
A_HP_17	13	Pulse	99	1265175	196371	1
A_HP_17	13	Pulse	99	1285254	216450	1
A_HP_17	13	Pulse	99	1305254	236450	1
A_HP_17	13	Pulse	99	1325174	256370	1
A_HP_17	13	Pulse	99	1345255	276451	1
A_HP_17	13	Pulse	99	1365254	296450	1
A_HP_17	14	Response	5	1385174	6140	1
A_HP_17	14	Pulse	99	1385174	6140	1
A_HP_17	15	Picture	response152	1385734	230	1	20229	1	0	20000	hit	73
A_HP_17	15	Pulse	99	1405254	19750	1
A_HP_17	15	Response	2	1407633	22129	1
A_HP_17	16	Picture	response151	1416192	288	1	20229	1	0	20000	hit	76
A_HP_17	16	Pulse	99	1425254	9350	1
A_HP_17	16	Response	2	1430823	14919	1
A_HP_17	16	Pulse	99	1445174	29270	1
A_HP_17	17	Picture	response146	1446483	179	1	20229	1	0	20000	miss	0
A_HP_17	17	Pulse	99	1465175	18871	1
A_HP_17	18	Picture	response150	1476942	238	1	20229	1	0	20000	hit	82
A_HP_17	18	Pulse	99	1485254	8550	1
A_HP_17	18	Response	4	1499213	22509	1
A_HP_17	18	Pulse	99	1505174	28471	1
A_HP_17	19	Picture	response147	1507233	129	1	20229	1	0	20000	hit	86
A_HP_17	19	Pulse	99	1525175	18071	1
A_HP_17	19	Response	3	1526042	18938	1
A_HP_17	20	Picture	response145	1537858	354	1	20229	1	0	20000	hit	89
A_HP_17	20	Pulse	99	1545255	7751	1
A_HP_17	20	Response	1	1549403	11899	1
A_HP_17	20	Pulse	99	1565255	27751	1
A_HP_17	21	Picture	response148	1568150	246	1	20229	1	0	20000	hit	92
A_HP_17	21	Response	2	1576093	8189	1
A_HP_17	21	Pulse	99	1585174	17270	1
A_HP_17	22	Picture	response149	1598441	137	1	20229	1	0	20000	hit	96
A_HP_17	22	Pulse	99	1605255	6950	1
A_HP_17	22	Response	3	1612943	14639	1
A_HP_17	22	Pulse	99	1625255	26950	1
A_HP_17	23	Picture	ins23	1628900	196	1	30229	1	0	30000	other	0
A_HP_17	23	Pulse	99	1645175	16470	1
A_HP_17	23	Pulse	99	1665255	36550	1
A_HP_17	23	Pulse	99	1685255	56550	1
A_HP_17	23	Pulse	99	1705175	76470	1
A_HP_17	23	Pulse	99	1725175	96470	1
A_HP_17	23	Pulse	99	1745255	116551	1
A_HP_17	23	Pulse	99	1765175	136470	1
A_HP_17	23	Pulse	99	1785175	156470	1
A_HP_17	23	Pulse	99	1805255	176550	1
A_HP_17	23	Pulse	99	1825175	196471	1
A_HP_17	23	Pulse	99	1845175	216470	1
A_HP_17	23	Pulse	99	1865256	236551	1
A_HP_17	23	Pulse	99	1885255	256550	1
A_HP_17	23	Pulse	99	1905175	276471	1
A_HP_17	23	Pulse	99	1925255	296551	1
A_HP_17	24	Response	5	1945255	6320	1
A_HP_17	24	Pulse	99	1945255	6320	1
A_HP_17	25	Picture	response182	1945835	230	1	20229	1	0	20000	hit	117
A_HP_17	25	Response	2	1962544	16939	1
A_HP_17	25	Pulse	99	1965175	19570	1
A_HP_17	26	Picture	response178	1976292	287	1	20229	1	0	20000	hit	120
A_HP_17	26	Response	2	1984724	8719	1
A_HP_17	26	Pulse	99	1985175	9169	1
A_HP_17	26	Pulse	99	2005255	29250	1
A_HP_17	27	Picture	response180	2006584	178	1	20229	1	0	20000	hit	124
A_HP_17	27	Response	1	2015664	9259	1
A_HP_17	27	Pulse	99	2025175	18770	1
A_HP_17	28	Picture	response181	2036875	70	1	20229	1	0	20000	hit	128
A_HP_17	28	Pulse	99	2045175	8370	1
A_HP_17	28	Response	2	2046653	9848	1
A_HP_17	28	Pulse	99	2065257	28452	1
A_HP_17	29	Picture	response179	2067499	294	1	20229	1	0	20000	hit	132
A_HP_17	29	Pulse	99	2085175	17970	1
A_HP_17	29	Response	3	2087134	19929	1
A_HP_17	30	Picture	response177	2097791	186	1	20229	1	0	20000	hit	135
A_HP_17	30	Pulse	99	2105175	7570	1
A_HP_17	30	Response	1	2111264	13658	1
A_HP_17	30	Pulse	99	2125256	27650	1
A_HP_17	31	Picture	response184	2128249	243	1	20229	1	0	20000	hit	138
A_HP_17	31	Response	3	2138854	10849	1
A_HP_17	31	Pulse	99	2145175	17169	1
A_HP_17	32	Picture	response183	2158540	135	1	20229	1	0	20000	hit	142
A_HP_17	32	Pulse	99	2165176	6770	1
A_HP_17	32	Response	4	2167654	9248	1
A_HP_17	32	Pulse	99	2185255	26850	1
A_HP_17	33	Picture	ins17	2188998	193	1	30229	1	0	30000	other	0
A_HP_17	33	Pulse	99	2205255	16450	1
A_HP_17	33	Pulse	99	2225175	36370	1
A_HP_17	33	Pulse	99	2245176	56370	1
A_HP_17	33	Pulse	99	2265256	76450	1
A_HP_17	33	Pulse	99	2285176	96370	1
A_HP_17	33	Pulse	99	2305176	116370	1
A_HP_17	33	Pulse	99	2325256	136450	1
A_HP_17	33	Pulse	99	2345176	156370	1
A_HP_17	33	Pulse	99	2365176	176371	1
A_HP_17	33	Pulse	99	2385256	196450	1
A_HP_17	33	Pulse	99	2405176	216370	1
A_HP_17	33	Pulse	99	2425176	236371	1
A_HP_17	33	Pulse	99	2445256	256450	1
A_HP_17	33	Pulse	99	2465176	276371	1
A_HP_17	33	Pulse	99	2485176	296370	1
A_HP_17	34	Response	5	2505256	6220	1
A_HP_17	34	Pulse	99	2505256	6220	1
A_HP_17	35	Picture	response134	2505836	230	1	20229	1	0	20000	hit	164
A_HP_17	35	Pulse	99	2525256	19650	1
A_HP_17	35	Response	4	2527285	21679	1
A_HP_17	36	Picture	response136	2536294	288	1	20229	1	0	20000	hit	167
A_HP_17	36	Pulse	99	2545175	9169	1
A_HP_17	36	Response	4	2550625	14619	1
A_HP_17	36	Pulse	99	2565176	29170	1
A_HP_17	37	Picture	response132	2566586	180	1	20230	1	0	20000	hit	170
A_HP_17	37	Response	4	2574435	8029	1
A_HP_17	37	Pulse	99	2585256	18850	1
A_HP_17	38	Picture	response130	2596878	72	1	20230	1	0	20000	hit	174
A_HP_17	38	Pulse	99	2605176	8370	1
A_HP_17	38	Response	1	2609184	12378	1
A_HP_17	38	Pulse	99	2625176	28370	1
A_HP_17	39	Picture	response131	2627503	298	1	20229	1	0	20000	hit	177
A_HP_17	39	Response	2	2635175	7969	1
A_HP_17	39	Pulse	99	2645256	18050	1
A_HP_17	40	Picture	response133	2657795	189	1	20229	1	0	20000	hit	181
A_HP_17	40	Pulse	99	2665176	7570	1
A_HP_17	40	Response	1	2667194	9588	1
A_HP_17	40	Pulse	99	2685176	27570	1
A_HP_17	41	Picture	response135	2688253	247	1	20229	1	0	20000	hit	184
A_HP_17	41	Response	1	2694815	6809	1
A_HP_17	41	Pulse	99	2705256	17250	1
A_HP_17	42	Picture	response129	2718545	139	1	20229	1	0	20000	hit	188
A_HP_17	42	Pulse	99	2725176	6770	1
A_HP_17	42	Response	1	2725764	7358	1
A_HP_17	42	Pulse	99	2745177	26770	1
A_HP_17	43	Picture	ins1	2749003	197	1	30230	1	0	30000	other	0
A_HP_17	43	Pulse	99	2765256	16450	1
A_HP_17	43	Pulse	99	2785176	36370	1
A_HP_17	43	Pulse	99	2805176	56370	1
A_HP_17	43	Pulse	99	2825178	76371	1
A_HP_17	43	Pulse	99	2845256	96450	1
A_HP_17	43	Pulse	99	2865177	116370	1
A_HP_17	43	Pulse	99	2885177	136370	1
A_HP_17	43	Pulse	99	2905257	156450	1
A_HP_17	43	Pulse	99	2925176	176370	1
A_HP_17	43	Pulse	99	2945177	196370	1
A_HP_17	43	Pulse	99	2965257	216450	1
A_HP_17	43	Pulse	99	2985181	236374	1
A_HP_17	43	Pulse	99	3005177	256370	1
A_HP_17	43	Pulse	99	3025257	276450	1
A_HP_17	43	Pulse	99	3045177	296370	1
A_HP_17	44	Response	5	3065177	6140	1
A_HP_17	44	Pulse	99	3065177	6140	1
A_HP_17	45	Picture	response7	3065737	230	1	20229	1	0	20000	hit	209
A_HP_17	45	Response	1	3070155	4649	1
A_HP_17	45	Pulse	99	3085177	19670	1
A_HP_17	46	Picture	response1	3096194	287	1	20229	1	0	20000	hit	212
A_HP_17	46	Response	1	3102946	7039	1
A_HP_17	46	Pulse	99	3105177	9270	1
A_HP_17	46	Pulse	99	3125177	29270	1
A_HP_17	47	Picture	response2	3126486	179	1	20229	1	0	20000	hit	216
A_HP_17	47	Response	1	3131516	5209	1
A_HP_17	47	Pulse	99	3145177	18870	1
A_HP_17	48	Picture	response5	3156943	236	1	20229	1	0	20000	hit	219
A_HP_17	48	Response	1	3162076	5369	1
A_HP_17	48	Pulse	99	3165256	8549	1
A_HP_17	48	Pulse	99	3185177	28470	1
A_HP_17	49	Picture	response6	3187234	127	1	20229	1	0	20000	hit	223
A_HP_17	49	Response	1	3193096	5989	1
A_HP_17	49	Pulse	99	3205177	18070	1
A_HP_17	50	Picture	response8	3217858	352	1	20229	1	0	20000	hit	226
A_HP_17	50	Response	1	3222426	4919	1
A_HP_17	50	Pulse	99	3225256	7749	1
A_HP_17	50	Pulse	99	3245177	27670	1
A_HP_17	51	Picture	response3	3248150	244	1	20229	1	0	20000	hit	230
A_HP_17	51	Response	1	3254876	6969	1
A_HP_17	51	Pulse	99	3265177	17270	1
A_HP_17	52	Picture	response4	3278442	135	1	20229	1	0	20000	hit	233
A_HP_17	52	Response	1	3283856	5549	1
A_HP_17	52	Pulse	99	3285257	6950	1
A_HP_17	52	Pulse	99	3305177	26870	1
A_HP_17	53	Picture	ins11	3308899	193	1	30229	1	0	30000	other	0
A_HP_17	53	Pulse	99	3325177	16470	1
A_HP_17	53	Pulse	99	3345177	36471	1
A_HP_17	53	Pulse	99	3365177	56471	1
A_HP_17	53	Pulse	99	3385177	76471	1
A_HP_17	53	Pulse	99	3405177	96470	1
A_HP_17	53	Pulse	99	3425177	116470	1
A_HP_17	53	Pulse	99	3445177	136471	1
A_HP_17	53	Pulse	99	3465177	156471	1
A_HP_17	53	Pulse	99	3485257	176551	1
A_HP_17	53	Pulse	99	3505177	196471	1
A_HP_17	53	Pulse	99	3525177	216471	1
A_HP_17	53	Pulse	99	3545258	236551	1
A_HP_17	53	Pulse	99	3565177	256471	1
A_HP_17	53	Pulse	99	3585178	276471	1
A_HP_17	53	Pulse	99	3605178	296471	1
A_HP_17	54	Response	5	3625177	6241	1
A_HP_17	54	Pulse	99	3625177	6241	1
A_HP_17	55	Picture	response88	3625737	230	1	20229	1	0	20000	hit	255
A_HP_17	55	Response	3	3637316	11809	1
A_HP_17	55	Pulse	99	3645178	19670	1
A_HP_17	56	Picture	response84	3656195	287	1	20229	1	0	20000	hit	259
A_HP_17	56	Pulse	99	3665178	9270	1
A_HP_17	56	Response	1	3665905	9998	1
A_HP_17	56	Pulse	99	3685178	29270	1
A_HP_17	57	Picture	response86	3686486	179	1	20229	1	0	20000	hit	262
A_HP_17	57	Response	1	3695607	9299	1
A_HP_17	57	Pulse	99	3705178	18870	1
A_HP_17	58	Picture	response87	3716943	236	1	20229	1	0	20000	hit	266
A_HP_17	58	Pulse	99	3725178	8470	1
A_HP_17	58	Response	3	3729007	12299	1
A_HP_17	58	Pulse	99	3745178	28470	1
A_HP_17	59	Picture	response83	3747235	127	1	20229	1	0	20000	hit	269
A_HP_17	59	Response	3	3754247	7139	1
A_HP_17	59	Pulse	99	3765178	18070	1
A_HP_17	60	Picture	response82	3777859	352	1	20229	1	0	20000	hit	273
A_HP_17	60	Pulse	99	3785178	7670	1
A_HP_17	60	Response	3	3788076	10569	1
A_HP_17	60	Pulse	99	3805178	27670	1
A_HP_17	61	Picture	response85	3808150	243	1	20229	1	0	20000	hit	276
A_HP_17	61	Response	1	3818036	10129	1
A_HP_17	61	Pulse	99	3825178	17270	1
A_HP_17	62	Picture	response81	3838441	134	1	20229	1	0	20000	hit	280
A_HP_17	62	Pulse	99	3845178	6871	1
A_HP_17	62	Response	1	3846756	8449	1
A_HP_17	62	Pulse	99	3865258	26951	1
A_HP_17	63	Picture	ins13	3868899	192	1	30229	1	0	30000	other	0
A_HP_17	63	Pulse	99	3885177	16470	1
A_HP_17	63	Pulse	99	3905178	36471	1
A_HP_17	63	Pulse	99	3925178	56471	1
A_HP_17	63	Pulse	99	3945178	76471	1
A_HP_17	63	Pulse	99	3965178	96471	1
A_HP_17	63	Pulse	99	3985178	116471	1
A_HP_17	63	Pulse	99	4005178	136471	1
A_HP_17	63	Pulse	99	4025178	156471	1
A_HP_17	63	Pulse	99	4045178	176471	1
A_HP_17	63	Pulse	99	4065178	196471	1
A_HP_17	63	Pulse	99	4085178	216471	1
A_HP_17	63	Pulse	99	4105178	236471	1
A_HP_17	63	Pulse	99	4125178	256470	1
A_HP_17	63	Pulse	99	4145178	276471	1
A_HP_17	63	Pulse	99	4165178	296471	1
A_HP_17	64	Response	5	4185178	6241	1
A_HP_17	64	Pulse	99	4185178	6241	1
A_HP_17	65	Picture	response100	4185738	230	1	20229	1	0	20000	hit	301
A_HP_17	65	Response	2	4194787	9279	1
A_HP_17	65	Pulse	99	4205178	19670	1
A_HP_17	66	Picture	response102	4216196	288	1	20229	1	0	20000	hit	304
A_HP_17	66	Response	2	4222757	6849	1
A_HP_17	66	Pulse	99	4225178	9269	1
A_HP_17	66	Pulse	99	4245179	29270	1
A_HP_17	67	Picture	response103	4246487	179	1	20229	1	0	20000	hit	308
A_HP_17	67	Response	2	4254307	7999	1
A_HP_17	67	Pulse	99	4265178	18870	1
A_HP_17	68	Picture	response101	4276946	237	1	20229	1	0	20000	hit	311
A_HP_17	68	Response	2	4283187	6479	1
A_HP_17	68	Pulse	99	4285178	8470	1
A_HP_17	68	Pulse	99	4305179	28471	1
A_HP_17	69	Picture	response98	4307237	129	1	20229	1	0	20000	hit	315
A_HP_17	69	Response	2	4313327	6219	1
A_HP_17	69	Pulse	99	4325179	18071	1
A_HP_17	70	Picture	response97	4337862	353	1	20229	1	0	20000	hit	318
A_HP_17	70	Response	3	4342568	5059	1
A_HP_17	70	Pulse	99	4345178	7670	1
A_HP_17	70	Pulse	99	4365179	27671	1
A_HP_17	71	Picture	response104	4368153	244	1	20229	1	0	20000	hit	322
A_HP_17	71	Response	2	4374367	6459	1
A_HP_17	71	Pulse	99	4385179	17270	1
A_HP_17	72	Picture	response99	4398444	136	1	20229	1	0	20000	hit	325
A_HP_17	72	Response	3	4402877	4569	1
A_HP_17	72	Pulse	99	4405178	6869	1
A_HP_17	72	Pulse	99	4425178	26870	1
A_HP_17	73	Picture	ins15	4428902	193	1	30230	1	0	30000	other	0
A_HP_17	73	Pulse	99	4445179	16470	1
A_HP_17	73	Pulse	99	4465179	36470	1
A_HP_17	73	Pulse	99	4485179	56471	1
A_HP_17	73	Pulse	99	4505179	76470	1
A_HP_17	73	Pulse	99	4525179	96470	1
A_HP_17	73	Pulse	99	4545178	116470	1
A_HP_17	73	Pulse	99	4565179	136470	1
A_HP_17	73	Pulse	99	4585179	156471	1
A_HP_17	73	Pulse	99	4605179	176470	1
A_HP_17	73	Pulse	99	4625179	196470	1
A_HP_17	73	Pulse	99	4645179	216470	1
A_HP_17	73	Pulse	99	4665179	236470	1
A_HP_17	73	Pulse	99	4685179	256470	1
A_HP_17	73	Pulse	99	4705179	276471	1
A_HP_17	73	Pulse	99	4725179	296471	1
A_HP_17	74	Response	5	4745179	6240	1
A_HP_17	74	Pulse	99	4745179	6240	1
A_HP_17	75	Picture	response117	4745739	230	1	20229	1	0	20000	hit	347
A_HP_17	75	Response	4	4760068	14559	1
A_HP_17	75	Pulse	99	4765179	19670	1
A_HP_17	76	Picture	response120	4776198	289	1	20230	1	0	20000	hit	351
A_HP_17	76	Pulse	99	4785179	9270	1
A_HP_17	76	Response	4	4787878	11969	1
A_HP_17	76	Pulse	99	4805179	29271	1
A_HP_17	77	Picture	response113	4806490	180	1	20230	1	0	20000	hit	354
A_HP_17	77	Response	2	4819398	13089	1
A_HP_17	77	Pulse	99	4825179	18870	1
A_HP_17	78	Picture	response118	4836949	240	1	20229	1	0	20000	hit	358
A_HP_17	78	Pulse	99	4845179	8470	1
A_HP_17	78	Response	2	4846067	9358	1
A_HP_17	78	Pulse	99	4865179	28471	1
A_HP_17	79	Picture	response114	4867240	130	1	20229	1	0	20000	hit	361
A_HP_17	79	Response	4	4875569	8459	1
A_HP_17	79	Pulse	99	4885179	18070	1
A_HP_17	80	Picture	response116	4897865	355	1	20229	1	0	20000	hit	365
A_HP_17	80	Pulse	99	4905180	7670	1
A_HP_17	80	Response	4	4907028	9518	1
A_HP_17	80	Pulse	99	4925180	27670	1
A_HP_17	81	Picture	response115	4928157	247	1	20229	1	0	20000	hit	368
A_HP_17	81	Response	2	4935888	7979	1
A_HP_17	81	Pulse	99	4945180	17270	1
A_HP_17	82	Picture	response119	4958449	139	1	20229	1	0	20000	hit	372
A_HP_17	82	Pulse	99	4965180	6870	1
A_HP_17	82	Response	4	4969228	10918	1
A_HP_17	82	Pulse	99	4985179	26870	1
A_HP_17	83	Picture	ins21	4988907	197	1	30229	1	0	30000	other	0
A_HP_17	83	Pulse	99	5005179	16470	1
A_HP_17	83	Pulse	99	5025180	36470	1
A_HP_17	83	Pulse	99	5045180	56470	1
A_HP_17	83	Pulse	99	5065180	76470	1
A_HP_17	83	Pulse	99	5085180	96470	1
A_HP_17	83	Pulse	99	5105179	116470	1
A_HP_17	83	Pulse	99	5125181	136472	1
A_HP_17	83	Pulse	99	5145179	156470	1
A_HP_17	83	Pulse	99	5165180	176470	1
A_HP_17	83	Pulse	99	5185180	196470	1
A_HP_17	83	Pulse	99	5205181	216472	1
A_HP_17	83	Pulse	99	5225180	236471	1
A_HP_17	83	Pulse	99	5245180	256470	1
A_HP_17	83	Pulse	99	5265180	276470	1
A_HP_17	83	Pulse	99	5285180	296471	1
A_HP_17	84	Response	5	5305180	6240	1
A_HP_17	84	Pulse	99	5305180	6240	1
A_HP_17	85	Picture	response167	5305740	230	1	20229	1	0	20000	incorrect	393
A_HP_17	85	Response	1	5314979	9469	1
A_HP_17	85	Pulse	99	5325180	19670	1
A_HP_17	86	Picture	response165	5336199	289	1	20229	1	0	20000	hit	397
A_HP_17	86	Pulse	99	5345180	9270	1
A_HP_17	86	Response	3	5352409	16499	1
A_HP_17	86	Pulse	99	5365180	29270	1
A_HP_17	87	Picture	response164	5366490	180	1	20229	1	0	20000	hit	400
A_HP_17	87	Response	1	5376429	10119	1
A_HP_17	87	Pulse	99	5385180	18870	1
A_HP_17	88	Picture	response168	5396949	239	1	20230	1	0	20000	incorrect	404
A_HP_17	88	Pulse	99	5405180	8470	1
A_HP_17	88	Response	3	5407788	11078	1
A_HP_17	88	Pulse	99	5425180	28470	1
A_HP_17	89	Picture	response163	5427241	131	1	20245	1	0	20000	hit	407
A_HP_17	89	Response	2	5438829	11719	1
A_HP_17	89	Pulse	99	5445180	18071	1
A_HP_17	90	Picture	response166	5457715	205	1	20229	1	0	20000	hit	411
A_HP_17	90	Pulse	99	5465180	7670	1
A_HP_17	90	Response	4	5473019	15509	1
A_HP_17	90	Pulse	99	5485180	27670	1
A_HP_17	91	Picture	response161	5488173	263	1	20229	1	0	20000	hit	414
A_HP_17	91	Response	2	5497669	9759	1
A_HP_17	91	Pulse	99	5505180	17270	1
A_HP_17	92	Picture	response162	5518465	154	1	20097	1	0	20000	hit	418
A_HP_17	92	Pulse	99	5525180	6870	1
A_HP_17	92	Response	4	5535399	17089	1
A_HP_17	92	Pulse	99	5545180	26870	1
A_HP_17	93	Picture	ins7	5548957	247	1	30229	1	0	30000	other	0
A_HP_17	93	Pulse	99	5565181	16470	1
A_HP_17	93	Pulse	99	5585180	36470	1
A_HP_17	93	Pulse	99	5605180	56470	1
A_HP_17	93	Pulse	99	5625180	76470	1
A_HP_17	93	Pulse	99	5645181	96470	1
A_HP_17	93	Pulse	99	5665181	116470	1
A_HP_17	93	Pulse	99	5685182	136472	1
A_HP_17	93	Pulse	99	5705181	156470	1
A_HP_17	93	Pulse	99	5725181	176470	1
A_HP_17	93	Pulse	99	5745181	196470	1
A_HP_17	93	Pulse	99	5765181	216470	1
A_HP_17	93	Pulse	99	5785181	236470	1
A_HP_17	93	Pulse	99	5805181	256470	1
A_HP_17	93	Pulse	99	5825181	276471	1
A_HP_17	93	Pulse	99	5845181	296471	1
A_HP_17	94	Response	5	5865181	6240	1
A_HP_17	94	Pulse	99	5865181	6240	1
A_HP_17	95	Picture	response51	5865741	230	1	20229	1	0	20000	hit	439
A_HP_17	95	Response	4	5871670	6159	1
A_HP_17	95	Pulse	99	5885181	19670	1
A_HP_17	96	Picture	response52	5896198	287	1	20229	1	0	20000	hit	442
A_HP_17	96	Response	4	5900380	4469	1
A_HP_17	96	Pulse	99	5905180	9270	1
A_HP_17	96	Pulse	99	5925181	29270	1
A_HP_17	97	Picture	response53	5926490	179	1	20229	1	0	20000	hit	446
A_HP_17	97	Response	4	5932670	6359	1
A_HP_17	97	Pulse	99	5945181	18870	1
A_HP_17	98	Picture	response55	5956948	237	1	20229	1	0	20000	hit	449
A_HP_17	98	Response	4	5963080	6369	1
A_HP_17	98	Pulse	99	5965180	8470	1
A_HP_17	98	Pulse	99	5985181	28471	1
A_HP_17	99	Picture	response50	5987239	128	1	20229	1	0	20000	hit	453
A_HP_17	99	Response	4	5994700	7589	1
A_HP_17	99	Pulse	99	6005181	18070	1
A_HP_17	100	Picture	response54	6017864	353	1	20229	1	0	20000	hit	456
A_HP_17	100	Response	4	6022970	5459	1
A_HP_17	100	Pulse	99	6025181	7669	1
A_HP_17	100	Pulse	99	6045181	27670	1
A_HP_17	101	Picture	response56	6048155	244	1	20229	1	0	20000	hit	460
A_HP_17	101	Response	4	6054960	7049	1
A_HP_17	101	Pulse	99	6065181	17270	1
A_HP_17	102	Picture	response49	6078446	135	1	20229	1	0	20000	hit	463
A_HP_17	102	Response	4	6083700	5389	1
A_HP_17	102	Pulse	99	6085181	6870	1
A_HP_17	102	Pulse	99	6105181	26870	1
A_HP_17	103	Picture	ins9	6108905	193	1	30229	1	0	30000	other	0
A_HP_17	103	Pulse	99	6125181	16469	1
A_HP_17	103	Pulse	99	6145181	36470	1
A_HP_17	103	Pulse	99	6165181	56470	1
A_HP_17	103	Pulse	99	6185181	76470	1
A_HP_17	103	Pulse	99	6205181	96470	1
A_HP_17	103	Pulse	99	6225181	116470	1
A_HP_17	103	Pulse	99	6245181	136470	1
A_HP_17	103	Pulse	99	6265182	156470	1
A_HP_17	103	Pulse	99	6285182	176470	1
A_HP_17	103	Pulse	99	6305182	196470	1
A_HP_17	103	Pulse	99	6325182	216470	1
A_HP_17	103	Pulse	99	6345182	236470	1
A_HP_17	103	Pulse	99	6365182	256470	1
A_HP_17	103	Pulse	99	6385181	276470	1
A_HP_17	103	Pulse	99	6405181	296470	1
A_HP_17	104	Response	5	6425181	6239	1
A_HP_17	104	Pulse	99	6425181	6239	1
A_HP_17	105	Picture	response72	6425741	230	1	20229	1	0	20000	hit	485
A_HP_17	105	Response	1	6434690	9179	1
A_HP_17	105	Pulse	99	6445182	19670	1
A_HP_17	106	Picture	response66	6456199	287	1	20229	1	0	20000	incorrect	489
A_HP_17	106	Pulse	99	6465182	9270	1
A_HP_17	106	Response	4	6478821	22909	1
A_HP_17	106	Pulse	99	6485181	29269	1
A_HP_17	107	Picture	response65	6486490	179	1	20229	1	0	20000	hit	493
A_HP_17	107	Pulse	99	6505182	18870	1
A_HP_17	107	Response	1	6507931	21619	1
A_HP_17	108	Picture	response68	6516948	236	1	20229	1	0	20000	incorrect	496
A_HP_17	108	Pulse	99	6525182	8470	1
A_HP_17	108	Response	4	6527851	11139	1
A_HP_17	108	Pulse	99	6545181	28470	1
A_HP_17	109	Picture	response70	6547240	128	1	20229	1	0	20000	hit	499
A_HP_17	109	Response	2	6560441	13329	1
A_HP_17	109	Pulse	99	6565182	18071	1
A_HP_17	110	Picture	response69	6577864	353	1	20229	1	0	20000	incorrect	503
A_HP_17	110	Pulse	99	6585182	7670	1
A_HP_17	110	Response	4	6599051	21539	1
A_HP_17	110	Pulse	99	6605182	27671	1
A_HP_17	111	Picture	response71	6608156	245	1	20229	1	0	20000	hit	506
A_HP_17	111	Response	2	6614201	6289	1
A_HP_17	111	Pulse	99	6625182	17270	1
A_HP_17	112	Picture	response67	6638447	136	1	20229	1	0	20000	incorrect	510
A_HP_17	112	Pulse	99	6645182	6871	1
A_HP_17	112	Response	4	6646470	8159	1
A_HP_17	112	Pulse	99	6665182	26870	1
A_HP_17	113	Picture	ins5	6668906	194	1	30229	1	0	30000	other	0
A_HP_17	113	Pulse	99	6685182	16471	1
A_HP_17	113	Pulse	99	6705182	36470	1
A_HP_17	113	Pulse	99	6725182	56471	1
A_HP_17	113	Pulse	99	6745182	76471	1
A_HP_17	113	Pulse	99	6765182	96471	1
A_HP_17	113	Pulse	99	6785183	116471	1
A_HP_17	113	Pulse	99	6805182	136471	1
A_HP_17	113	Pulse	99	6825183	156471	1
A_HP_17	113	Pulse	99	6845182	176471	1
A_HP_17	113	Pulse	99	6865182	196471	1
A_HP_17	113	Pulse	99	6885183	216471	1
A_HP_17	113	Pulse	99	6905183	236471	1
A_HP_17	113	Pulse	99	6925182	256471	1
A_HP_17	113	Pulse	99	6945182	276471	1
A_HP_17	113	Pulse	99	6965183	296471	1
A_HP_17	114	Response	5	6985182	6241	1
A_HP_17	114	Pulse	99	6985182	6241	1
A_HP_17	115	Picture	response37	6985742	230	1	20229	1	0	20000	hit	531
A_HP_17	115	Response	3	6992301	6789	1
A_HP_17	115	Pulse	99	7005182	19670	1
A_HP_17	116	Picture	response35	7016200	288	1	20229	1	0	20000	hit	535
A_HP_17	116	Pulse	99	7025182	9270	1
A_HP_17	116	Response	3	7028120	12208	1
A_HP_17	116	Pulse	99	7045183	29271	1
A_HP_17	117	Picture	response40	7046492	179	1	20229	1	0	20000	hit	538
A_HP_17	117	Response	3	7057301	10989	1
A_HP_17	117	Pulse	99	7065183	18870	1
A_HP_17	118	Picture	response34	7076950	237	1	20230	1	0	20000	hit	541
A_HP_17	118	Response	3	7081993	5281	1
A_HP_17	118	Pulse	99	7085182	8470	1
A_HP_17	118	Pulse	99	7105183	28470	1
A_HP_17	119	Picture	response33	7107242	129	1	20229	1	0	20000	hit	545
A_HP_17	119	Response	3	7115121	8009	1
A_HP_17	119	Pulse	99	7125182	18070	1
A_HP_17	120	Picture	response38	7137867	354	1	20229	1	0	20000	hit	549
A_HP_17	120	Pulse	99	7145183	7670	1
A_HP_17	120	Response	3	7145661	8149	1
A_HP_17	120	Pulse	99	7165183	27670	1
A_HP_17	121	Picture	response39	7168159	246	1	20230	1	0	20000	hit	552
A_HP_17	121	Response	3	7182681	14768	1
A_HP_17	121	Pulse	99	7185183	17270	1
A_HP_17	122	Picture	response36	7198451	138	1	20230	1	0	20000	hit	556
A_HP_17	122	Pulse	99	7205183	6870	1
A_HP_17	122	Response	3	7209831	11518	1
A_HP_17	122	Pulse	99	7225183	26870	1
A_HP_17	123	Picture	thanks	7228410	0	1	10230	1	0	10000	other	0
A_HP_17	123	Pulse	99	7245183	16773	1


Event Type	Code	Type	Response	RT	RT Uncertainty	Time	Uncertainty	Duration	Uncertainty	ReqTime	ReqDur

Picture	ready	other				445484	1	10229	1	0	10000
Picture	ins3	other				506134	1	30229	1	0	30000
Picture	response24	hit	2	16369	2	825833	1	20229	1	0	20000
Picture	response23	hit	2	4561	2	856291	1	20229	1	0	20000
Picture	response20	hit	2	3869	2	886583	1	20229	1	0	20000
Picture	response22	hit	2	4257	2	916875	1	20229	1	0	20000
Picture	response18	hit	2	5173	2	947500	1	20229	1	0	20000
Picture	response17	hit	2	5581	2	977792	1	20229	1	0	20000
Picture	response19	hit	2	4973	2	1008250	1	20229	1	0	20000
Picture	response21	hit	2	5401	2	1038542	1	20229	1	0	20000
Picture	ins19	other				1069000	1	30229	1	0	30000
Picture	response152	hit	2	21899	2	1385734	1	20229	1	0	20000
Picture	response151	hit	2	14631	2	1416192	1	20229	1	0	20000
Picture	response146	miss				1446483	1	20229	1	0	20000
Picture	response150	hit	4	22272	2	1476942	1	20229	1	0	20000
Picture	response147	hit	3	18809	2	1507233	1	20229	1	0	20000
Picture	response145	hit	1	11544	2	1537858	1	20229	1	0	20000
Picture	response148	hit	2	7944	2	1568150	1	20229	1	0	20000
Picture	response149	hit	3	14502	2	1598441	1	20229	1	0	20000
Picture	ins23	other				1628900	1	30229	1	0	30000
Picture	response182	hit	2	16709	2	1945835	1	20229	1	0	20000
Picture	response178	hit	2	8432	2	1976292	1	20229	1	0	20000
Picture	response180	hit	1	9080	2	2006584	1	20229	1	0	20000
Picture	response181	hit	2	9778	2	2036875	1	20229	1	0	20000
Picture	response179	hit	3	19635	2	2067499	1	20229	1	0	20000
Picture	response177	hit	1	13473	2	2097791	1	20229	1	0	20000
Picture	response184	hit	3	10605	2	2128249	1	20229	1	0	20000
Picture	response183	hit	4	9114	2	2158540	1	20229	1	0	20000
Picture	ins17	other				2188998	1	30229	1	0	30000
Picture	response134	hit	4	21449	2	2505836	1	20229	1	0	20000
Picture	response136	hit	4	14330	2	2536294	1	20229	1	0	20000
Picture	response132	hit	4	7849	2	2566586	1	20230	1	0	20000
Picture	response130	hit	1	12306	2	2596878	1	20230	1	0	20000
Picture	response131	hit	2	7672	2	2627503	1	20229	1	0	20000
Picture	response133	hit	1	9399	2	2657795	1	20229	1	0	20000
Picture	response135	hit	1	6562	2	2688253	1	20229	1	0	20000
Picture	response129	hit	1	7219	2	2718545	1	20229	1	0	20000
Picture	ins1	other				2749003	1	30230	1	0	30000
Picture	response7	hit	1	4419	2	3065737	1	20229	1	0	20000
Picture	response1	hit	1	6751	2	3096194	1	20229	1	0	20000
Picture	response2	hit	1	5030	2	3126486	1	20229	1	0	20000
Picture	response5	hit	1	5133	2	3156943	1	20229	1	0	20000
Picture	response6	hit	1	5862	2	3187234	1	20229	1	0	20000
Picture	response8	hit	1	4568	2	3217858	1	20229	1	0	20000
Picture	response3	hit	1	6726	2	3248150	1	20229	1	0	20000
Picture	response4	hit	1	5414	2	3278442	1	20229	1	0	20000
Picture	ins11	other				3308899	1	30229	1	0	30000
Picture	response88	hit	3	11579	2	3625737	1	20229	1	0	20000
Picture	response84	hit	1	9710	2	3656195	1	20229	1	0	20000
Picture	response86	hit	1	9120	2	3686486	1	20229	1	0	20000
Picture	response87	hit	3	12063	2	3716943	1	20229	1	0	20000
Picture	response83	hit	3	7012	2	3747235	1	20229	1	0	20000
Picture	response82	hit	3	10217	2	3777859	1	20229	1	0	20000
Picture	response85	hit	1	9886	2	3808150	1	20229	1	0	20000
Picture	response81	hit	1	8315	2	3838441	1	20229	1	0	20000
Picture	ins13	other				3868899	1	30229	1	0	30000
Picture	response100	hit	2	9049	2	4185738	1	20229	1	0	20000
Picture	response102	hit	2	6561	2	4216196	1	20229	1	0	20000
Picture	response103	hit	2	7820	2	4246487	1	20229	1	0	20000
Picture	response101	hit	2	6242	2	4276946	1	20229	1	0	20000
Picture	response98	hit	2	6090	2	4307237	1	20229	1	0	20000
Picture	response97	hit	3	4706	2	4337862	1	20229	1	0	20000
Picture	response104	hit	2	6215	2	4368153	1	20229	1	0	20000
Picture	response99	hit	3	4433	2	4398444	1	20229	1	0	20000
Picture	ins15	other				4428902	1	30230	1	0	30000
Picture	response117	hit	4	14329	2	4745739	1	20229	1	0	20000
Picture	response120	hit	4	11680	2	4776198	1	20230	1	0	20000
Picture	response113	hit	2	12908	2	4806490	1	20230	1	0	20000
Picture	response118	hit	2	9119	2	4836949	1	20229	1	0	20000
Picture	response114	hit	4	8329	2	4867240	1	20229	1	0	20000
Picture	response116	hit	4	9163	2	4897865	1	20229	1	0	20000
Picture	response115	hit	2	7732	2	4928157	1	20229	1	0	20000
Picture	response119	hit	4	10779	2	4958449	1	20229	1	0	20000
Picture	ins21	other				4988907	1	30229	1	0	30000
Picture	response167	incorrect	1	9239	2	5305740	1	20229	1	0	20000
Picture	response165	hit	3	16210	2	5336199	1	20229	1	0	20000
Picture	response164	hit	1	9939	2	5366490	1	20229	1	0	20000
Picture	response168	incorrect	3	10840	2	5396949	1	20230	1	0	20000
Picture	response163	hit	2	11589	2	5427241	1	20245	1	0	20000
Picture	response166	hit	4	15304	2	5457715	1	20229	1	0	20000
Picture	response161	hit	2	9496	2	5488173	1	20229	1	0	20000
Picture	response162	hit	4	16935	2	5518465	1	20097	1	0	20000
Picture	ins7	other				5548957	1	30229	1	0	30000
Picture	response51	hit	4	5929	2	5865741	1	20229	1	0	20000
Picture	response52	hit	4	4181	2	5896198	1	20229	1	0	20000
Picture	response53	hit	4	6179	2	5926490	1	20229	1	0	20000
Picture	response55	hit	4	6132	2	5956948	1	20229	1	0	20000
Picture	response50	hit	4	7461	2	5987239	1	20229	1	0	20000
Picture	response54	hit	4	5106	2	6017864	1	20229	1	0	20000
Picture	response56	hit	4	6805	2	6048155	1	20229	1	0	20000
Picture	response49	hit	4	5254	2	6078446	1	20229	1	0	20000
Picture	ins9	other				6108905	1	30229	1	0	30000
Picture	response72	hit	1	8949	2	6425741	1	20229	1	0	20000
Picture	response66	incorrect	4	22622	2	6456199	1	20229	1	0	20000
Picture	response65	hit	1	21440	2	6486490	1	20229	1	0	20000
Picture	response68	incorrect	4	10903	2	6516948	1	20229	1	0	20000
Picture	response70	hit	2	13201	2	6547240	1	20229	1	0	20000
Picture	response69	incorrect	4	21186	2	6577864	1	20229	1	0	20000
Picture	response71	hit	2	6045	2	6608156	1	20229	1	0	20000
Picture	response67	incorrect	4	8023	2	6638447	1	20229	1	0	20000
Picture	ins5	other				6668906	1	30229	1	0	30000
Picture	response37	hit	3	6559	2	6985742	1	20229	1	0	20000
Picture	response35	hit	3	11920	2	7016200	1	20229	1	0	20000
Picture	response40	hit	3	10810	2	7046492	1	20229	1	0	20000
Picture	response34	hit	3	5043	2	7076950	1	20230	1	0	20000
Picture	response33	hit	3	7879	2	7107242	1	20229	1	0	20000
Picture	response38	hit	3	7795	2	7137867	1	20229	1	0	20000
Picture	response39	hit	3	14523	2	7168159	1	20230	1	0	20000
Picture	response36	hit	3	11380	2	7198451	1	20230	1	0	20000
Picture	thanks	other				7228410	1	10230	1	0	10000


{
   "app": "Presentation Version 21.0 Build 06.06.19",
   "device": "LENOVO 20KHCTO1WW",
   "experiment": "{C0C68DB1-10BA-42F2-8F79-3F2AFFEED4E4}",
   "os": "Windows 10 64 bit",
   "package": "",
   "parameters": {
      "configuration": "Default configuration"
   },
   "scenario": "Response experiment(1).sce",
   "subject": "A_HP_17",
   "timestamp": "2019/09/26 07:05:20 GMT"
}
