Scenario - 
Logfile written - 07/19/2019 09:51:11

Subject	Trial	Event Type	Code	Time	TTime	Uncertainty	Duration	Uncertainty	ReqTime	ReqDur	Stim Type	Pair Index

A_HP_01	1	Response	5	167556	166057	1
A_HP_01	1	Pulse	99	167556	166057	1
A_HP_01	2	Picture	ready	167791	0	1	10231	1	0	10000	other	0
A_HP_01	2	Pulse	99	187556	19765	1
A_HP_01	2	Pulse	99	207556	39765	1
A_HP_01	2	Pulse	99	227556	59765	1
A_HP_01	3	Picture	ins9	228434	237	1	30231	1	0	30000	other	0
A_HP_01	3	Pulse	99	247556	19359	1
A_HP_01	3	Pulse	99	267556	39359	1
A_HP_01	3	Pulse	99	287557	59360	1
A_HP_01	3	Pulse	99	307556	79358	1
A_HP_01	3	Pulse	99	327556	99359	1
A_HP_01	3	Pulse	99	347556	119359	1
A_HP_01	3	Pulse	99	367556	139359	1
A_HP_01	3	Pulse	99	387556	159359	1
A_HP_01	3	Pulse	99	407556	179359	1
A_HP_01	3	Pulse	99	427556	199359	1
A_HP_01	3	Pulse	99	447556	219359	1
A_HP_01	3	Pulse	99	467556	239359	1
A_HP_01	3	Pulse	99	487556	259359	1
A_HP_01	3	Pulse	99	507556	279359	1
A_HP_01	3	Pulse	99	527556	299359	1
A_HP_01	4	Response	5	547556	9126	1
A_HP_01	4	Pulse	99	547556	9126	1
A_HP_01	5	Picture	response69	548129	231	1	20231	1	0	20000	hit	26
A_HP_01	5	Response	2	556465	8568	1
A_HP_01	5	Pulse	99	567556	19659	1
A_HP_01	6	Picture	response65	578590	292	1	20231	1	0	20000	hit	29
A_HP_01	6	Response	1	584245	5948	1
A_HP_01	6	Pulse	99	587556	9258	1
A_HP_01	6	Pulse	99	607556	29259	1
A_HP_01	7	Picture	response66	608884	187	1	20231	1	0	20000	hit	33
A_HP_01	7	Response	2	617775	9078	1
A_HP_01	7	Pulse	99	627556	18859	1
A_HP_01	8	Picture	response71	639344	247	1	20231	1	0	20000	hit	37
A_HP_01	8	Pulse	99	647556	8459	1
A_HP_01	8	Response	2	649304	10207	1
A_HP_01	8	Pulse	99	667557	28459	1
A_HP_01	9	Picture	response67	669639	142	1	20231	1	0	20000	hit	40
A_HP_01	9	Response	2	674995	5498	1
A_HP_01	9	Pulse	99	687557	18060	1
A_HP_01	10	Picture	response70	700099	202	1	20231	1	0	20000	hit	43
A_HP_01	10	Response	2	704895	4998	1
A_HP_01	10	Pulse	99	707476	7578	1
A_HP_01	10	Pulse	99	727556	27659	1
A_HP_01	11	Picture	response72	730560	263	1	20231	1	0	20000	hit	47
A_HP_01	11	Response	1	735345	5048	1
A_HP_01	11	Pulse	99	747556	17259	1
A_HP_01	12	Picture	response68	760855	158	1	20231	1	0	20000	hit	50
A_HP_01	12	Response	2	766035	5337	1
A_HP_01	12	Pulse	99	767556	6858	1
A_HP_01	12	Pulse	99	787556	26859	1
A_HP_01	13	Picture	ins23	791316	218	1	30230	1	0	30000	other	0
A_HP_01	13	Pulse	99	807557	16459	1
A_HP_01	13	Pulse	99	827556	36459	1
A_HP_01	13	Pulse	99	847556	56459	1
A_HP_01	13	Pulse	99	867556	76459	1
A_HP_01	13	Pulse	99	887556	96459	1
A_HP_01	13	Pulse	99	907557	116459	1
A_HP_01	13	Pulse	99	927556	136459	1
A_HP_01	13	Pulse	99	947556	156459	1
A_HP_01	13	Pulse	99	967556	176459	1
A_HP_01	13	Pulse	99	987556	196459	1
A_HP_01	13	Pulse	99	1007556	216459	1
A_HP_01	13	Pulse	99	1027557	236459	1
A_HP_01	13	Pulse	99	1047556	256459	1
A_HP_01	13	Pulse	99	1067556	276459	1
A_HP_01	13	Pulse	99	1087556	296459	1
A_HP_01	14	Response	5	1107556	6227	1
A_HP_01	14	Pulse	99	1107556	6227	1
A_HP_01	15	Picture	response180	1108129	232	1	20230	1	0	20000	hit	72
A_HP_01	15	Response	1	1115265	7367	1
A_HP_01	15	Pulse	99	1127556	19659	1
A_HP_01	16	Picture	response178	1138590	292	1	20230	1	0	20000	hit	76
A_HP_01	16	Pulse	99	1147476	9179	1
A_HP_01	16	Response	2	1149195	10897	1
A_HP_01	16	Pulse	99	1167556	29259	1
A_HP_01	17	Picture	response182	1168883	186	1	20230	1	0	20000	hit	79
A_HP_01	17	Response	2	1174285	5588	1
A_HP_01	17	Pulse	99	1187557	18859	1
A_HP_01	18	Picture	response184	1199344	246	1	20230	1	0	20000	hit	82
A_HP_01	18	Response	3	1206245	7148	1
A_HP_01	18	Pulse	99	1207476	8379	1
A_HP_01	18	Pulse	99	1227557	28459	1
A_HP_01	19	Picture	response179	1229638	140	1	20230	1	0	20000	hit	86
A_HP_01	19	Response	3	1236245	6748	1
A_HP_01	19	Pulse	99	1247557	18059	1
A_HP_01	20	Picture	response183	1260098	200	1	20230	1	0	20000	hit	89
A_HP_01	20	Response	4	1267045	7148	1
A_HP_01	20	Pulse	99	1267476	7579	1
A_HP_01	20	Pulse	99	1287557	27659	1
A_HP_01	21	Picture	response177	1290558	261	1	20231	1	0	20000	hit	93
A_HP_01	21	Response	1	1301485	11187	1
A_HP_01	21	Pulse	99	1307558	17261	1
A_HP_01	22	Picture	response181	1320853	155	1	20230	1	0	20000	hit	97
A_HP_01	22	Pulse	99	1327557	6859	1
A_HP_01	22	Response	2	1327675	6977	1
A_HP_01	22	Pulse	99	1347557	26859	1
A_HP_01	23	Picture	ins21	1351313	215	1	30230	1	0	30000	other	0
A_HP_01	23	Pulse	99	1367557	16459	1
A_HP_01	23	Pulse	99	1387557	36459	1
A_HP_01	23	Pulse	99	1407557	56459	1
A_HP_01	23	Pulse	99	1427557	76459	1
A_HP_01	23	Pulse	99	1447557	96459	1
A_HP_01	23	Pulse	99	1467557	116459	1
A_HP_01	23	Pulse	99	1487557	136459	1
A_HP_01	23	Pulse	99	1507557	156459	1
A_HP_01	23	Pulse	99	1527557	176459	1
A_HP_01	23	Pulse	99	1547557	196459	1
A_HP_01	23	Pulse	99	1567557	216459	1
A_HP_01	23	Pulse	99	1587477	236379	1
A_HP_01	23	Pulse	99	1607557	256459	1
A_HP_01	23	Pulse	99	1627557	276459	1
A_HP_01	23	Pulse	99	1647477	296379	1
A_HP_01	24	Response	5	1667557	6226	1
A_HP_01	24	Pulse	99	1667557	6226	1
A_HP_01	25	Picture	response166	1668130	232	1	20230	1	0	20000	hit	119
A_HP_01	25	Pulse	99	1687557	19659	1
A_HP_01	25	Response	4	1689315	21417	1
A_HP_01	26	Picture	response167	1698590	292	1	20230	1	0	20000	hit	122
A_HP_01	26	Pulse	99	1707477	9179	1
A_HP_01	26	Response	2	1712325	14028	1
A_HP_01	26	Pulse	99	1727559	29262	1
A_HP_01	27	Picture	response161	1728884	186	1	20230	1	0	20000	hit	125
A_HP_01	27	Response	2	1737846	9148	1
A_HP_01	27	Pulse	99	1747556	18859	1
A_HP_01	28	Picture	response162	1759344	246	1	20230	1	0	20000	hit	129
A_HP_01	28	Pulse	99	1767477	8379	1
A_HP_01	28	Response	4	1767495	8397	1
A_HP_01	28	Pulse	99	1787557	28459	1
A_HP_01	29	Picture	response168	1789637	140	1	20231	1	0	20000	hit	132
A_HP_01	29	Response	4	1794656	5158	1
A_HP_01	29	Pulse	99	1807557	18059	1
A_HP_01	30	Picture	response164	1820098	200	1	20230	1	0	20000	hit	136
A_HP_01	30	Pulse	99	1827477	7579	1
A_HP_01	30	Response	1	1829456	9558	1
A_HP_01	30	Pulse	99	1847557	27659	1
A_HP_01	31	Picture	response163	1850558	261	1	20230	1	0	20000	hit	139
A_HP_01	31	Response	2	1863156	12858	1
A_HP_01	31	Pulse	99	1867556	17258	1
A_HP_01	32	Picture	response165	1880852	154	1	20230	1	0	20000	hit	143
A_HP_01	32	Pulse	99	1887557	6859	1
A_HP_01	32	Response	3	1888775	8077	1
A_HP_01	32	Pulse	99	1907557	26859	1
A_HP_01	33	Picture	ins15	1911313	214	1	30230	1	0	30000	other	0
A_HP_01	33	Pulse	99	1927557	16459	1
A_HP_01	33	Pulse	99	1947557	36459	1
A_HP_01	33	Pulse	99	1967557	56459	1
A_HP_01	33	Pulse	99	1987558	76460	1
A_HP_01	33	Pulse	99	2007557	96459	1
A_HP_01	33	Pulse	99	2027557	116459	1
A_HP_01	33	Pulse	99	2047557	136459	1
A_HP_01	33	Pulse	99	2067557	156459	1
A_HP_01	33	Pulse	99	2087477	176379	1
A_HP_01	33	Pulse	99	2107557	196459	1
A_HP_01	33	Pulse	99	2127557	216459	1
A_HP_01	33	Pulse	99	2147477	236379	1
A_HP_01	33	Pulse	99	2167557	256459	1
A_HP_01	33	Pulse	99	2187557	276459	1
A_HP_01	33	Pulse	99	2207477	296379	1
A_HP_01	34	Response	5	2227557	6226	1
A_HP_01	34	Pulse	99	2227557	6226	1
A_HP_01	35	Picture	response120	2228030	232	1	20230	1	0	20000	hit	164
A_HP_01	35	Response	4	2236936	9137	1
A_HP_01	35	Pulse	99	2247557	19759	1
A_HP_01	36	Picture	response118	2258324	225	1	20230	1	0	20000	hit	167
A_HP_01	36	Response	2	2263686	5587	1
A_HP_01	36	Pulse	99	2267476	9378	1
A_HP_01	36	Pulse	99	2287554	29456	3
A_HP_01	37	Picture	response119	2288618	220	1	20230	1	0	20000	hit	171
A_HP_01	37	Response	4	2294476	6078	1
A_HP_01	37	Pulse	99	2307557	19159	1
A_HP_01	38	Picture	response114	2318911	213	1	20230	1	0	20000	hit	174
A_HP_01	38	Response	4	2324326	5628	1
A_HP_01	38	Pulse	99	2327476	8778	1
A_HP_01	38	Pulse	99	2347557	28859	1
A_HP_01	39	Picture	response113	2349205	207	1	20230	1	0	20000	hit	178
A_HP_01	39	Response	2	2354386	5388	1
A_HP_01	39	Pulse	99	2367557	18559	1
A_HP_01	40	Picture	response117	2379499	200	1	20231	1	0	20000	hit	181
A_HP_01	40	Response	4	2384086	4788	1
A_HP_01	40	Pulse	99	2387477	8179	1
A_HP_01	40	Pulse	99	2407557	28259	1
A_HP_01	41	Picture	response115	2409793	195	1	20230	1	0	20000	hit	185
A_HP_01	41	Response	2	2415456	5858	1
A_HP_01	41	Pulse	99	2427557	17959	1
A_HP_01	42	Picture	response116	2440253	355	1	20230	1	0	20000	hit	188
A_HP_01	42	Response	4	2444925	5027	1
A_HP_01	42	Pulse	99	2447477	7578	1
A_HP_01	42	Pulse	99	2467558	27659	1
A_HP_01	43	Picture	ins19	2470380	182	1	30230	1	0	30000	other	0
A_HP_01	43	Pulse	99	2487557	17359	1
A_HP_01	43	Pulse	99	2507558	37360	1
A_HP_01	43	Pulse	99	2527477	57279	1
A_HP_01	43	Pulse	99	2547557	77359	1
A_HP_01	43	Pulse	99	2567559	97361	1
A_HP_01	43	Pulse	99	2587477	117279	1
A_HP_01	43	Pulse	99	2607557	137359	1
A_HP_01	43	Pulse	99	2627557	157359	1
A_HP_01	43	Pulse	99	2647477	177280	1
A_HP_01	43	Pulse	99	2667559	197362	1
A_HP_01	43	Pulse	99	2687557	217359	1
A_HP_01	43	Pulse	99	2707477	237279	1
A_HP_01	43	Pulse	99	2727557	257360	1
A_HP_01	43	Pulse	99	2747557	277359	1
A_HP_01	43	Pulse	99	2767477	297280	1
A_HP_01	44	Response	5	2787557	7127	1
A_HP_01	44	Pulse	99	2787557	7127	1
A_HP_01	45	Picture	response151	2788030	232	1	20230	1	0	20000	hit	210
A_HP_01	45	Response	2	2805826	18027	1
A_HP_01	45	Pulse	99	2807557	19758	1
A_HP_01	46	Picture	response152	2818324	226	1	20230	1	0	20000	hit	213
A_HP_01	46	Response	2	2823536	5438	1
A_HP_01	46	Pulse	99	2827477	9379	1
A_HP_01	46	Pulse	99	2847555	29456	5
A_HP_01	47	Picture	response147	2848620	222	1	20230	1	0	20000	hit	217
A_HP_01	47	Response	3	2854706	6308	1
A_HP_01	47	Pulse	99	2867557	19159	1
A_HP_01	48	Picture	response150	2878914	216	1	20230	1	0	20000	hit	220
A_HP_01	48	Response	4	2884946	6248	1
A_HP_01	48	Pulse	99	2887477	8779	1
A_HP_01	48	Pulse	99	2907557	28859	1
A_HP_01	49	Picture	response145	2909208	210	1	20230	1	0	20000	hit	224
A_HP_01	49	Response	1	2914266	5268	1
A_HP_01	49	Pulse	99	2927558	18559	1
A_HP_01	50	Picture	response146	2939502	203	1	20230	1	0	20000	hit	227
A_HP_01	50	Response	1	2944176	4878	1
A_HP_01	50	Pulse	99	2947477	8178	1
A_HP_01	50	Pulse	99	2967478	28179	1
A_HP_01	51	Picture	response148	2969796	197	1	20230	1	0	20000	hit	231
A_HP_01	51	Response	2	2980256	10658	1
A_HP_01	51	Pulse	99	2987557	17959	1
A_HP_01	52	Picture	response149	3000256	358	1	20230	1	0	20000	hit	234
A_HP_01	52	Response	3	3007456	7558	1
A_HP_01	52	Pulse	99	3007477	7579	1
A_HP_01	52	Pulse	99	3027477	27579	1
A_HP_01	53	Picture	ins17	3030383	184	1	30230	1	0	30000	other	0
A_HP_01	53	Pulse	99	3047557	17359	1
A_HP_01	53	Pulse	99	3067557	37358	1
A_HP_01	53	Pulse	99	3087477	57279	1
A_HP_01	53	Pulse	99	3107557	77359	1
A_HP_01	53	Pulse	99	3127557	97359	1
A_HP_01	53	Pulse	99	3147477	117279	1
A_HP_01	53	Pulse	99	3167557	137359	1
A_HP_01	53	Pulse	99	3187557	157359	1
A_HP_01	53	Pulse	99	3207478	177279	1
A_HP_01	53	Pulse	99	3227558	197359	1
A_HP_01	53	Pulse	99	3247558	217359	1
A_HP_01	53	Pulse	99	3267478	237279	1
A_HP_01	53	Pulse	99	3287557	257359	1
A_HP_01	53	Pulse	99	3307558	277359	1
A_HP_01	53	Pulse	99	3327478	297279	1
A_HP_01	54	Response	5	3347558	7126	1
A_HP_01	54	Pulse	99	3347558	7126	1
A_HP_01	55	Picture	response133	3348030	231	1	20231	1	0	20000	hit	256
A_HP_01	55	Response	1	3359966	12168	1
A_HP_01	55	Pulse	99	3367558	19759	1
A_HP_01	56	Picture	response132	3378329	231	1	20230	1	0	20000	hit	260
A_HP_01	56	Pulse	99	3387477	9379	1
A_HP_01	56	Response	4	3395846	17748	1
A_HP_01	56	Pulse	99	3407557	29459	1
A_HP_01	57	Picture	response136	3408623	224	1	20230	1	0	20000	hit	263
A_HP_01	57	Response	4	3413876	5477	1
A_HP_01	57	Pulse	99	3427557	19159	1
A_HP_01	58	Picture	response131	3438916	218	1	20230	1	0	20000	hit	266
A_HP_01	58	Response	2	3447456	8758	1
A_HP_01	58	Pulse	99	3447477	8778	1
A_HP_01	58	Pulse	99	3467477	28779	1
A_HP_01	59	Picture	response129	3469211	212	1	20231	1	0	20000	hit	270
A_HP_01	59	Response	1	3479136	10138	1
A_HP_01	59	Pulse	99	3487557	18559	1
A_HP_01	60	Picture	response130	3499505	206	1	20230	1	0	20000	hit	273
A_HP_01	60	Response	1	3504586	5288	1
A_HP_01	60	Pulse	99	3507477	8178	1
A_HP_01	60	Pulse	99	3527478	28180	1
A_HP_01	61	Picture	response135	3529799	200	1	20230	1	0	20000	hit	277
A_HP_01	61	Response	1	3534617	5018	1
A_HP_01	61	Pulse	99	3547558	17959	1
A_HP_01	62	Picture	response134	3560093	194	1	20230	1	0	20000	hit	281
A_HP_01	62	Pulse	99	3567478	7579	1
A_HP_01	62	Response	4	3572756	12857	1
A_HP_01	62	Pulse	99	3587478	27579	1
A_HP_01	63	Picture	ins7	3590386	188	1	30231	1	0	30000	other	0
A_HP_01	63	Pulse	99	3607557	17359	1
A_HP_01	63	Pulse	99	3627557	37359	1
A_HP_01	63	Pulse	99	3647477	57279	1
A_HP_01	63	Pulse	99	3667557	77359	1
A_HP_01	63	Pulse	99	3687557	97359	1
A_HP_01	63	Pulse	99	3707477	117279	1
A_HP_01	63	Pulse	99	3727559	137361	1
A_HP_01	63	Pulse	99	3747557	157359	1
A_HP_01	63	Pulse	99	3767477	177279	1
A_HP_01	63	Pulse	99	3787557	197359	1
A_HP_01	63	Pulse	99	3807558	217359	1
A_HP_01	63	Pulse	99	3827479	237280	1
A_HP_01	63	Pulse	99	3847558	257359	1
A_HP_01	63	Pulse	99	3867558	277359	1
A_HP_01	63	Pulse	99	3887478	297279	1
A_HP_01	64	Response	5	3907478	7046	1
A_HP_01	64	Pulse	99	3907478	7046	1
A_HP_01	65	Picture	response50	3907930	232	1	20230	1	0	20000	hit	302
A_HP_01	65	Response	4	3910516	2817	1
A_HP_01	65	Pulse	99	3927558	19859	1
A_HP_01	66	Picture	response56	3938224	225	1	20231	1	0	20000	hit	305
A_HP_01	66	Response	4	3942506	4507	1
A_HP_01	66	Pulse	99	3947477	9478	1
A_HP_01	66	Pulse	99	3967477	29478	1
A_HP_01	67	Picture	response54	3968520	221	1	20231	1	0	20000	hit	309
A_HP_01	67	Response	4	3973266	4968	1
A_HP_01	67	Pulse	99	3987558	19259	1
A_HP_01	68	Picture	response55	3998814	215	1	20231	1	0	20000	hit	312
A_HP_01	68	Response	4	4004686	6088	1
A_HP_01	68	Pulse	99	4007477	8879	1
A_HP_01	68	Pulse	99	4027478	28879	1
A_HP_01	69	Picture	response52	4029108	209	1	20230	1	0	20000	hit	316
A_HP_01	69	Response	4	4033596	4698	1
A_HP_01	69	Pulse	99	4047558	18659	1
A_HP_01	70	Picture	response51	4059401	202	1	20230	1	0	20000	hit	319
A_HP_01	70	Response	4	4063517	4318	1
A_HP_01	70	Pulse	99	4067477	8279	1
A_HP_01	70	Pulse	99	4087478	28279	1
A_HP_01	71	Picture	response49	4089695	196	1	20397	1	0	20000	hit	323
A_HP_01	71	Response	4	4094647	5148	1
A_HP_01	71	Pulse	99	4107558	18060	1
A_HP_01	72	Picture	response53	4119989	190	1	20230	1	0	20000	hit	326
A_HP_01	72	Response	4	4125376	5578	1
A_HP_01	72	Pulse	99	4127477	7678	1
A_HP_01	72	Pulse	99	4147478	27679	1
A_HP_01	73	Picture	ins5	4150283	184	1	30230	1	0	30000	other	0
A_HP_01	73	Pulse	99	4167558	17459	1
A_HP_01	73	Pulse	99	4187478	37379	1
A_HP_01	73	Pulse	99	4207478	57379	1
A_HP_01	73	Pulse	99	4227558	77459	1
A_HP_01	73	Pulse	99	4247558	97459	1
A_HP_01	73	Pulse	99	4267478	117379	1
A_HP_01	73	Pulse	99	4287558	137459	1
A_HP_01	73	Pulse	99	4307558	157459	1
A_HP_01	73	Pulse	99	4327478	177379	1
A_HP_01	73	Pulse	99	4347478	197379	1
A_HP_01	73	Pulse	99	4367558	217459	1
A_HP_01	73	Pulse	99	4387478	237379	1
A_HP_01	73	Pulse	99	4407478	257379	1
A_HP_01	73	Pulse	99	4427558	277459	1
A_HP_01	73	Pulse	99	4447478	297379	1
A_HP_01	74	Response	5	4467478	7146	1
A_HP_01	74	Pulse	99	4467478	7146	1
A_HP_01	75	Picture	response38	4467930	232	1	20230	1	0	20000	hit	348
A_HP_01	75	Response	3	4474636	6938	1
A_HP_01	75	Pulse	99	4487558	19859	1
A_HP_01	76	Picture	response40	4498224	225	1	20231	1	0	20000	hit	352
A_HP_01	76	Pulse	99	4507478	9479	1
A_HP_01	76	Response	3	4508126	10127	1
A_HP_01	76	Pulse	99	4527478	29479	1
A_HP_01	77	Picture	response34	4528518	218	1	20231	1	0	20000	hit	355
A_HP_01	77	Response	3	4534097	5797	1
A_HP_01	77	Pulse	99	4547558	19258	1
A_HP_01	78	Picture	response37	4558812	213	1	20230	1	0	20000	hit	358
A_HP_01	78	Response	3	4563587	4988	1
A_HP_01	78	Pulse	99	4567478	8878	1
A_HP_01	78	Pulse	99	4587478	28879	1
A_HP_01	79	Picture	response35	4589106	207	1	20231	1	0	20000	hit	362
A_HP_01	79	Response	3	4593767	4868	1
A_HP_01	79	Pulse	99	4607558	18659	1
A_HP_01	80	Picture	response33	4619400	201	1	20231	1	0	20000	hit	365
A_HP_01	80	Response	3	4622637	3438	1
A_HP_01	80	Pulse	99	4627477	8279	1
A_HP_01	80	Pulse	99	4647478	28279	1
A_HP_01	81	Picture	response39	4649694	195	1	20397	1	0	20000	hit	369
A_HP_01	81	Response	3	4651647	2148	1
A_HP_01	81	Pulse	99	4667558	18059	1
A_HP_01	82	Picture	response36	4679987	188	1	20231	1	0	20000	hit	372
A_HP_01	82	Response	3	4685437	5638	1
A_HP_01	82	Pulse	99	4687478	7679	1
A_HP_01	82	Pulse	99	4707478	27679	1
A_HP_01	83	Picture	ins11	4710281	182	1	30230	1	0	30000	other	0
A_HP_01	83	Pulse	99	4727558	17459	1
A_HP_01	83	Pulse	99	4747478	37379	1
A_HP_01	83	Pulse	99	4767478	57379	1
A_HP_01	83	Pulse	99	4787478	77379	1
A_HP_01	83	Pulse	99	4807558	97459	1
A_HP_01	83	Pulse	99	4827478	117379	1
A_HP_01	83	Pulse	99	4847478	137379	1
A_HP_01	83	Pulse	99	4867558	157459	1
A_HP_01	83	Pulse	99	4887478	177379	1
A_HP_01	83	Pulse	99	4907478	197379	1
A_HP_01	83	Pulse	99	4927558	217459	1
A_HP_01	83	Pulse	99	4947478	237379	1
A_HP_01	83	Pulse	99	4967478	257379	1
A_HP_01	83	Pulse	99	4987558	277459	1
A_HP_01	83	Pulse	99	5007478	297379	1
A_HP_01	84	Response	5	5027478	7146	1
A_HP_01	84	Pulse	99	5027478	7146	1
A_HP_01	85	Picture	response86	5027931	232	1	20230	1	0	20000	hit	394
A_HP_01	85	Response	1	5034757	7058	1
A_HP_01	85	Pulse	99	5047558	19859	1
A_HP_01	86	Picture	response81	5058225	225	1	20230	1	0	20000	hit	397
A_HP_01	86	Response	1	5063967	5968	1
A_HP_01	86	Pulse	99	5067478	9479	1
A_HP_01	86	Pulse	99	5087479	29480	1
A_HP_01	87	Picture	response84	5088518	219	1	20230	1	0	20000	hit	401
A_HP_01	87	Response	1	5092257	3958	1
A_HP_01	87	Pulse	99	5107558	19259	1
A_HP_01	88	Picture	response82	5118811	212	1	20230	1	0	20000	hit	404
A_HP_01	88	Response	3	5123627	5028	1
A_HP_01	88	Pulse	99	5127479	8879	1
A_HP_01	88	Pulse	99	5147478	28879	1
A_HP_01	89	Picture	response85	5149105	206	1	20231	1	0	20000	hit	408
A_HP_01	89	Response	1	5152977	4078	1
A_HP_01	89	Pulse	99	5167558	18659	1
A_HP_01	90	Picture	response83	5179399	199	1	20230	1	0	20000	hit	411
A_HP_01	90	Response	3	5183537	4337	1
A_HP_01	90	Pulse	99	5187478	8278	1
A_HP_01	90	Pulse	99	5207478	28279	1
A_HP_01	91	Picture	response88	5209692	193	1	20230	1	0	20000	hit	415
A_HP_01	91	Response	3	5214497	4998	1
A_HP_01	91	Pulse	99	5227558	18059	1
A_HP_01	92	Picture	response87	5239986	186	1	20230	1	0	20000	hit	418
A_HP_01	92	Response	3	5244367	4567	1
A_HP_01	92	Pulse	99	5247477	7678	1
A_HP_01	92	Pulse	99	5267479	27679	1
A_HP_01	93	Picture	ins3	5270280	181	1	30230	1	0	30000	other	0
A_HP_01	93	Pulse	99	5287479	17379	1
A_HP_01	93	Pulse	99	5307478	37379	1
A_HP_01	93	Pulse	99	5327478	57379	1
A_HP_01	93	Pulse	99	5347478	77379	1
A_HP_01	93	Pulse	99	5367559	97459	1
A_HP_01	93	Pulse	99	5387479	117379	1
A_HP_01	93	Pulse	99	5407479	137379	1
A_HP_01	93	Pulse	99	5427558	157459	1
A_HP_01	93	Pulse	99	5447478	177379	1
A_HP_01	93	Pulse	99	5467478	197379	1
A_HP_01	93	Pulse	99	5487559	217459	1
A_HP_01	93	Pulse	99	5507479	237379	1
A_HP_01	93	Pulse	99	5527479	257379	1
A_HP_01	93	Pulse	99	5547558	277459	1
A_HP_01	93	Pulse	99	5567479	297379	1
A_HP_01	94	Response	5	5587479	7146	1
A_HP_01	94	Pulse	99	5587479	7146	1
A_HP_01	95	Picture	response18	5587931	231	1	20230	1	0	20000	hit	440
A_HP_01	95	Response	2	5591878	4178	1
A_HP_01	95	Pulse	99	5607559	19859	1
A_HP_01	96	Picture	response19	5618225	226	1	20230	1	0	20000	hit	443
A_HP_01	96	Response	2	5620507	2508	1
A_HP_01	96	Pulse	99	5627479	9479	1
A_HP_01	96	Pulse	99	5647480	29481	1
A_HP_01	97	Picture	response20	5648519	219	1	20230	1	0	20000	hit	447
A_HP_01	97	Response	2	5650808	2508	1
A_HP_01	97	Pulse	99	5667559	19259	1
A_HP_01	98	Picture	response21	5678813	213	1	20230	1	0	20000	hit	450
A_HP_01	98	Response	2	5680838	2238	1
A_HP_01	98	Pulse	99	5687479	8879	1
A_HP_01	98	Pulse	99	5707479	28879	1
A_HP_01	99	Picture	response22	5709106	207	1	20230	1	0	20000	hit	454
A_HP_01	99	Response	2	5711587	2688	1
A_HP_01	99	Pulse	99	5727479	18579	1
A_HP_01	100	Picture	response24	5739400	201	1	20230	1	0	20000	hit	457
A_HP_01	100	Response	2	5742248	3048	1
A_HP_01	100	Pulse	99	5747479	8279	1
A_HP_01	100	Pulse	99	5767479	28279	1
A_HP_01	101	Picture	response17	5769694	194	1	20397	1	0	20000	hit	461
A_HP_01	101	Response	2	5774578	5078	1
A_HP_01	101	Pulse	99	5787479	17979	1
A_HP_01	102	Picture	response23	5799987	187	1	20230	1	0	20000	hit	464
A_HP_01	102	Response	2	5803747	3947	1
A_HP_01	102	Pulse	99	5807479	7679	1
A_HP_01	102	Pulse	99	5827479	27679	1
A_HP_01	103	Picture	ins13	5830281	181	1	30230	1	0	30000	other	0
A_HP_01	103	Pulse	99	5847479	17379	1
A_HP_01	103	Pulse	99	5867478	37379	1
A_HP_01	103	Pulse	99	5887479	57379	1
A_HP_01	103	Pulse	99	5907478	77379	1
A_HP_01	103	Pulse	99	5927559	97459	1
A_HP_01	103	Pulse	99	5947479	117379	1
A_HP_01	103	Pulse	99	5967479	137379	1
A_HP_01	103	Pulse	99	5987559	157459	1
A_HP_01	103	Pulse	99	6007479	177379	1
A_HP_01	103	Pulse	99	6027479	197379	1
A_HP_01	103	Pulse	99	6047559	217459	1
A_HP_01	103	Pulse	99	6067479	237379	1
A_HP_01	103	Pulse	99	6087479	257379	1
A_HP_01	103	Pulse	99	6107559	277459	1
A_HP_01	103	Pulse	99	6127479	297379	1
A_HP_01	104	Response	5	6147479	7147	1
A_HP_01	104	Pulse	99	6147479	7147	1
A_HP_01	105	Picture	response101	6147932	232	1	20230	1	0	20000	hit	486
A_HP_01	105	Response	2	6152037	4337	1
A_HP_01	105	Pulse	99	6167479	19779	1
A_HP_01	106	Picture	response102	6178225	225	1	20230	1	0	20000	hit	489
A_HP_01	106	Response	2	6181868	3868	1
A_HP_01	106	Pulse	99	6187479	9479	1
A_HP_01	106	Pulse	99	6207514	29514	1
A_HP_01	107	Picture	response103	6208519	219	1	20230	1	0	20000	hit	493
A_HP_01	107	Response	2	6212798	4498	1
A_HP_01	107	Pulse	99	6227479	19179	1
A_HP_01	108	Picture	response98	6238813	213	1	20230	1	0	20000	hit	496
A_HP_01	108	Response	2	6242428	3827	1
A_HP_01	108	Pulse	99	6247479	8879	1
A_HP_01	108	Pulse	99	6267479	28879	1
A_HP_01	109	Picture	response104	6269107	207	1	20230	1	0	20000	hit	500
A_HP_01	109	Response	2	6272768	3868	1
A_HP_01	109	Pulse	99	6287479	18579	1
A_HP_01	110	Picture	response99	6299400	201	1	20230	1	0	20000	hit	503
A_HP_01	110	Response	3	6303378	4178	1
A_HP_01	110	Pulse	99	6307479	8279	1
A_HP_01	110	Pulse	99	6327479	28279	1
A_HP_01	111	Picture	response97	6329694	194	1	20397	1	0	20000	hit	507
A_HP_01	111	Response	3	6333378	3878	1
A_HP_01	111	Pulse	99	6347479	17979	1
A_HP_01	112	Picture	response100	6359988	187	1	20230	1	0	20000	hit	510
A_HP_01	112	Response	2	6363108	3308	1
A_HP_01	112	Pulse	99	6367479	7678	1
A_HP_01	112	Pulse	99	6387479	27679	1
A_HP_01	113	Picture	ins1	6390282	182	1	30230	1	0	30000	other	0
A_HP_01	113	Pulse	99	6407479	17379	1
A_HP_01	113	Pulse	99	6427479	37379	1
A_HP_01	113	Pulse	99	6447479	57379	1
A_HP_01	113	Pulse	99	6467479	77379	1
A_HP_01	113	Pulse	99	6487479	97379	1
A_HP_01	113	Pulse	99	6507479	117379	1
A_HP_01	113	Pulse	99	6527479	137379	1
A_HP_01	113	Pulse	99	6547559	157459	1
A_HP_01	113	Pulse	99	6567479	177379	1
A_HP_01	113	Pulse	99	6587479	197379	1
A_HP_01	113	Pulse	99	6607479	217379	1
A_HP_01	113	Pulse	99	6627479	237379	1
A_HP_01	113	Pulse	99	6647479	257379	1
A_HP_01	113	Pulse	99	6667479	277379	1
A_HP_01	113	Pulse	99	6687479	297379	1
A_HP_01	114	Response	5	6707479	7146	1
A_HP_01	114	Pulse	99	6707479	7146	1
A_HP_01	115	Picture	response2	6707932	232	1	20230	1	0	20000	hit	532
A_HP_01	115	Response	1	6712918	5217	1
A_HP_01	115	Pulse	99	6727479	19779	1
A_HP_01	116	Picture	response7	6738226	226	1	20231	1	0	20000	hit	535
A_HP_01	116	Response	1	6740818	2818	1
A_HP_01	116	Pulse	99	6747480	9480	1
A_HP_01	116	Pulse	99	6767479	29479	1
A_HP_01	117	Picture	response8	6768521	221	1	20230	1	0	20000	hit	539
A_HP_01	117	Response	1	6770518	2218	1
A_HP_01	117	Pulse	99	6787479	19179	1
A_HP_01	118	Picture	response4	6798815	215	1	20231	1	0	20000	hit	542
A_HP_01	118	Response	1	6801428	2828	1
A_HP_01	118	Pulse	99	6807479	8878	1
A_HP_01	118	Pulse	99	6827479	28879	1
A_HP_01	119	Picture	response1	6829109	209	1	20230	1	0	20000	hit	546
A_HP_01	119	Response	1	6832568	3667	1
A_HP_01	119	Pulse	99	6847479	18579	1
A_HP_01	120	Picture	response3	6859403	203	1	20231	1	0	20000	hit	549
A_HP_01	120	Response	1	6863698	4498	1
A_HP_01	120	Pulse	99	6867478	8278	1
A_HP_01	120	Pulse	99	6887479	28279	1
A_HP_01	121	Picture	response5	6889697	197	1	20231	1	0	20000	hit	553
A_HP_01	121	Response	1	6892688	3188	1
A_HP_01	121	Pulse	99	6907479	17979	1
A_HP_01	122	Picture	response6	6919992	192	1	20230	1	0	20000	hit	556
A_HP_01	122	Response	1	6925708	5908	1
A_HP_01	122	Pulse	99	6927479	7679	1
A_HP_01	122	Pulse	99	6947479	27679	1
A_HP_01	123	Picture	thanks	6949952	0	1	10231	1	0	10000	other	0
A_HP_01	123	Pulse	99	6967479	17527	1


Event Type	Code	Type	Response	RT	RT Uncertainty	Time	Uncertainty	Duration	Uncertainty	ReqTime	ReqDur

Picture	ready	other				167791	1	10231	1	0	10000
Picture	ins9	other				228434	1	30231	1	0	30000
Picture	response69	hit	2	8336	2	548129	1	20231	1	0	20000
Picture	response65	hit	1	5655	2	578590	1	20231	1	0	20000
Picture	response66	hit	2	8891	2	608884	1	20231	1	0	20000
Picture	response71	hit	2	9960	2	639344	1	20231	1	0	20000
Picture	response67	hit	2	5357	2	669639	1	20231	1	0	20000
Picture	response70	hit	2	4796	2	700099	1	20231	1	0	20000
Picture	response72	hit	1	4785	2	730560	1	20231	1	0	20000
Picture	response68	hit	2	5180	2	760855	1	20231	1	0	20000
Picture	ins23	other				791316	1	30230	1	0	30000
Picture	response180	hit	1	7136	2	1108129	1	20230	1	0	20000
Picture	response178	hit	2	10605	2	1138590	1	20230	1	0	20000
Picture	response182	hit	2	5402	2	1168883	1	20230	1	0	20000
Picture	response184	hit	3	6901	2	1199344	1	20230	1	0	20000
Picture	response179	hit	3	6608	2	1229638	1	20230	1	0	20000
Picture	response183	hit	4	6947	2	1260098	1	20230	1	0	20000
Picture	response177	hit	1	10927	2	1290558	1	20231	1	0	20000
Picture	response181	hit	2	6822	2	1320853	1	20230	1	0	20000
Picture	ins21	other				1351313	1	30230	1	0	30000
Picture	response166	hit	4	21186	2	1668130	1	20230	1	0	20000
Picture	response167	hit	2	13736	2	1698590	1	20230	1	0	20000
Picture	response161	hit	2	8962	2	1728884	1	20230	1	0	20000
Picture	response162	hit	4	8151	2	1759344	1	20230	1	0	20000
Picture	response168	hit	4	5018	2	1789637	1	20231	1	0	20000
Picture	response164	hit	1	9358	2	1820098	1	20230	1	0	20000
Picture	response163	hit	2	12597	2	1850558	1	20230	1	0	20000
Picture	response165	hit	3	7923	2	1880852	1	20230	1	0	20000
Picture	ins15	other				1911313	1	30230	1	0	30000
Picture	response120	hit	4	8906	2	2228030	1	20230	1	0	20000
Picture	response118	hit	2	5362	2	2258324	1	20230	1	0	20000
Picture	response119	hit	4	5858	2	2288618	1	20230	1	0	20000
Picture	response114	hit	4	5414	2	2318911	1	20230	1	0	20000
Picture	response113	hit	2	5181	2	2349205	1	20230	1	0	20000
Picture	response117	hit	4	4588	2	2379499	1	20231	1	0	20000
Picture	response115	hit	2	5663	2	2409793	1	20230	1	0	20000
Picture	response116	hit	4	4672	2	2440253	1	20230	1	0	20000
Picture	ins19	other				2470380	1	30230	1	0	30000
Picture	response151	hit	2	17796	2	2788030	1	20230	1	0	20000
Picture	response152	hit	2	5212	2	2818324	1	20230	1	0	20000
Picture	response147	hit	3	6086	2	2848620	1	20230	1	0	20000
Picture	response150	hit	4	6032	2	2878914	1	20230	1	0	20000
Picture	response145	hit	1	5058	2	2909208	1	20230	1	0	20000
Picture	response146	hit	1	4674	2	2939502	1	20230	1	0	20000
Picture	response148	hit	2	10461	2	2969796	1	20230	1	0	20000
Picture	response149	hit	3	7201	2	3000256	1	20230	1	0	20000
Picture	ins17	other				3030383	1	30230	1	0	30000
Picture	response133	hit	1	11936	2	3348030	1	20231	1	0	20000
Picture	response132	hit	4	17517	2	3378329	1	20230	1	0	20000
Picture	response136	hit	4	5253	2	3408623	1	20230	1	0	20000
Picture	response131	hit	2	8540	2	3438916	1	20230	1	0	20000
Picture	response129	hit	1	9926	2	3469211	1	20231	1	0	20000
Picture	response130	hit	1	5081	2	3499505	1	20230	1	0	20000
Picture	response135	hit	1	4818	2	3529799	1	20230	1	0	20000
Picture	response134	hit	4	12663	2	3560093	1	20230	1	0	20000
Picture	ins7	other				3590386	1	30231	1	0	30000
Picture	response50	hit	4	2586	2	3907930	1	20230	1	0	20000
Picture	response56	hit	4	4282	2	3938224	1	20231	1	0	20000
Picture	response54	hit	4	4747	2	3968520	1	20231	1	0	20000
Picture	response55	hit	4	5873	2	3998814	1	20231	1	0	20000
Picture	response52	hit	4	4489	2	4029108	1	20230	1	0	20000
Picture	response51	hit	4	4116	2	4059401	1	20230	1	0	20000
Picture	response49	hit	4	4952	2	4089695	1	20397	1	0	20000
Picture	response53	hit	4	5388	2	4119989	1	20230	1	0	20000
Picture	ins5	other				4150283	1	30230	1	0	30000
Picture	response38	hit	3	6706	2	4467930	1	20230	1	0	20000
Picture	response40	hit	3	9902	2	4498224	1	20231	1	0	20000
Picture	response34	hit	3	5579	2	4528518	1	20231	1	0	20000
Picture	response37	hit	3	4775	2	4558812	1	20230	1	0	20000
Picture	response35	hit	3	4661	2	4589106	1	20231	1	0	20000
Picture	response33	hit	3	3237	2	4619400	1	20231	1	0	20000
Picture	response39	hit	3	1953	2	4649694	1	20397	1	0	20000
Picture	response36	hit	3	5449	2	4679987	1	20231	1	0	20000
Picture	ins11	other				4710281	1	30230	1	0	30000
Picture	response86	hit	1	6826	2	5027931	1	20230	1	0	20000
Picture	response81	hit	1	5742	2	5058225	1	20230	1	0	20000
Picture	response84	hit	1	3739	2	5088518	1	20230	1	0	20000
Picture	response82	hit	3	4816	2	5118811	1	20230	1	0	20000
Picture	response85	hit	1	3872	2	5149105	1	20231	1	0	20000
Picture	response83	hit	3	4138	2	5179399	1	20230	1	0	20000
Picture	response88	hit	3	4805	2	5209692	1	20230	1	0	20000
Picture	response87	hit	3	4381	2	5239986	1	20230	1	0	20000
Picture	ins3	other				5270280	1	30230	1	0	30000
Picture	response18	hit	2	3946	2	5587931	1	20230	1	0	20000
Picture	response19	hit	2	2282	2	5618225	1	20230	1	0	20000
Picture	response20	hit	2	2288	2	5648519	1	20230	1	0	20000
Picture	response21	hit	2	2025	2	5678813	1	20230	1	0	20000
Picture	response22	hit	2	2481	2	5709106	1	20230	1	0	20000
Picture	response24	hit	2	2848	2	5739400	1	20230	1	0	20000
Picture	response17	hit	2	4884	2	5769694	1	20397	1	0	20000
Picture	response23	hit	2	3760	2	5799987	1	20230	1	0	20000
Picture	ins13	other				5830281	1	30230	1	0	30000
Picture	response101	hit	2	4106	2	6147932	1	20230	1	0	20000
Picture	response102	hit	2	3642	2	6178225	1	20230	1	0	20000
Picture	response103	hit	2	4279	2	6208519	1	20230	1	0	20000
Picture	response98	hit	2	3615	2	6238813	1	20230	1	0	20000
Picture	response104	hit	2	3661	2	6269107	1	20230	1	0	20000
Picture	response99	hit	3	3978	2	6299400	1	20230	1	0	20000
Picture	response97	hit	3	3684	2	6329694	1	20397	1	0	20000
Picture	response100	hit	2	3120	2	6359988	1	20230	1	0	20000
Picture	ins1	other				6390282	1	30230	1	0	30000
Picture	response2	hit	1	4986	2	6707932	1	20230	1	0	20000
Picture	response7	hit	1	2592	2	6738226	1	20231	1	0	20000
Picture	response8	hit	1	1997	2	6768521	1	20230	1	0	20000
Picture	response4	hit	1	2613	2	6798815	1	20231	1	0	20000
Picture	response1	hit	1	3459	2	6829109	1	20230	1	0	20000
Picture	response3	hit	1	4295	2	6859403	1	20231	1	0	20000
Picture	response5	hit	1	2991	2	6889697	1	20231	1	0	20000
Picture	response6	hit	1	5716	2	6919992	1	20230	1	0	20000
Picture	thanks	other				6949952	1	10231	1	0	10000


{
   "app": "Presentation Version 21.0 Build 06.06.19",
   "device": "LENOVO 20KHCTO1WW",
   "experiment": "{C0C68DB1-10BA-42F2-8F79-3F2AFFEED4E4}",
   "os": "Windows 10 64 bit",
   "package": "",
   "parameters": {
      "configuration": "Default configuration"
   },
   "scenario": "Response experiment(1).sce",
   "subject": "A_HP_01",
   "timestamp": "2019/07/19 00:39:23 GMT"
}
