Scenario - 
Logfile written - 12/04/2019 15:42:35

Subject	Trial	Event Type	Code	Time	TTime	Uncertainty	Duration	Uncertainty	ReqTime	ReqDur	Stim Type	Pair Index

A_HP_37	1	Response	3	1178320	1177153	1
A_HP_37	1	Pulse	99	1178320	1177153	1
A_HP_37	2	Picture	ready	1178551	0	1	10229	1	0	10000	other	0
A_HP_37	2	Pulse	99	1198319	19768	1
A_HP_37	2	Pulse	99	1218319	39768	1
A_HP_37	2	Pulse	99	1238319	59768	1
A_HP_37	3	Picture	ins5	1239115	234	1	30229	1	0	30000	other	0
A_HP_37	3	Pulse	99	1258320	19439	1
A_HP_37	3	Pulse	99	1278320	39438	1
A_HP_37	3	Pulse	99	1298320	59439	1
A_HP_37	3	Pulse	99	1318320	79439	1
A_HP_37	3	Pulse	99	1338320	99439	1
A_HP_37	3	Pulse	99	1358320	119439	1
A_HP_37	3	Pulse	99	1378320	139439	1
A_HP_37	3	Pulse	99	1398319	159438	1
A_HP_37	3	Pulse	99	1418320	179439	1
A_HP_37	3	Pulse	99	1438320	199439	1
A_HP_37	3	Pulse	99	1458320	219439	1
A_HP_37	3	Pulse	99	1478320	239439	1
A_HP_37	3	Pulse	99	1498320	259439	1
A_HP_37	3	Pulse	99	1518320	279439	1
A_HP_37	3	Pulse	99	1538320	299439	1
A_HP_37	4	Response	3	1558320	9208	1
A_HP_37	4	Pulse	99	1558320	9208	1
A_HP_37	5	Picture	response38	1558912	230	1	40229	1	0	40000	hit	27
A_HP_37	5	Pulse	99	1578320	19638	1
A_HP_37	5	Response	1	1581638	22956	1
A_HP_37	5	Pulse	99	1598320	39638	1
A_HP_37	6	Picture	response36	1609370	289	1	40229	1	0	40000	hit	30
A_HP_37	6	Response	2	1615558	6477	1
A_HP_37	6	Pulse	99	1618319	9238	1
A_HP_37	6	Pulse	99	1638320	29239	1
A_HP_37	6	Pulse	99	1658240	49158	1
A_HP_37	7	Picture	response37	1659661	180	1	40229	1	0	40000	hit	35
A_HP_37	7	Response	2	1665978	6497	1
A_HP_37	7	Pulse	99	1678320	18838	1
A_HP_37	7	Pulse	99	1698320	38838	1
A_HP_37	8	Picture	response33	1710120	238	1	40229	1	0	40000	hit	39
A_HP_37	8	Response	2	1715078	5197	1
A_HP_37	8	Pulse	99	1718239	8358	1
A_HP_37	8	Pulse	99	1738320	28438	1
A_HP_37	8	Pulse	99	1758320	48438	1
A_HP_37	9	Picture	response39	1760412	130	1	40229	1	0	40000	hit	44
A_HP_37	9	Response	1	1770258	9977	1
A_HP_37	9	Pulse	99	1778240	17958	1
A_HP_37	9	Pulse	99	1798320	38038	1
A_HP_37	10	Picture	response34	1811037	356	1	40229	1	0	40000	hit	49
A_HP_37	10	Pulse	99	1818320	7638	1
A_HP_37	10	Response	2	1820618	9936	1
A_HP_37	10	Pulse	99	1838240	27558	1
A_HP_37	10	Pulse	99	1858319	47638	1
A_HP_37	11	Picture	response40	1861328	247	1	40229	1	0	40000	hit	53
A_HP_37	11	Response	2	1871288	10207	1
A_HP_37	11	Pulse	99	1878319	17238	1
A_HP_37	11	Pulse	99	1898239	37158	1
A_HP_37	12	Picture	response35	1911620	139	1	40229	1	0	40000	hit	58
A_HP_37	12	Pulse	99	1918320	6839	1
A_HP_37	12	Response	1	1927198	15717	1
A_HP_37	12	Pulse	99	1938319	26838	1
A_HP_37	12	Pulse	99	1958239	46758	1
A_HP_37	13	Picture	ins21	1962078	197	1	30229	1	0	30000	other	0
A_HP_37	13	Pulse	99	1978319	16438	1
A_HP_37	13	Pulse	99	1998319	36438	1
A_HP_37	13	Pulse	99	2018319	56438	1
A_HP_37	13	Pulse	99	2038319	76438	1
A_HP_37	13	Pulse	99	2058319	96438	1
A_HP_37	13	Pulse	99	2078319	116438	1
A_HP_37	13	Pulse	99	2098319	136438	1
A_HP_37	13	Pulse	99	2118320	156438	1
A_HP_37	13	Pulse	99	2138319	176438	1
A_HP_37	13	Pulse	99	2158319	196438	1
A_HP_37	13	Pulse	99	2178319	216438	1
A_HP_37	13	Pulse	99	2198319	236438	1
A_HP_37	13	Pulse	99	2218239	256358	1
A_HP_37	13	Pulse	99	2238319	276438	1
A_HP_37	13	Pulse	99	2258319	296438	1
A_HP_37	14	Response	3	2278239	6127	1
A_HP_37	14	Pulse	99	2278239	6127	1
A_HP_37	15	Picture	response168	2278811	230	1	40229	1	0	40000	hit	80
A_HP_37	15	Response	2	2292868	14287	1
A_HP_37	15	Pulse	99	2298319	19738	1
A_HP_37	15	Pulse	99	2318319	39739	1
A_HP_37	16	Picture	response167	2329102	121	1	40229	1	0	40000	hit	85
A_HP_37	16	Pulse	99	2338239	9258	1
A_HP_37	16	Response	2	2338407	9426	1
A_HP_37	16	Pulse	99	2358320	29339	1
A_HP_37	16	Pulse	99	2378320	49339	1
A_HP_37	17	Picture	response165	2379560	180	1	40229	1	0	40000	hit	89
A_HP_37	17	Response	1	2396938	17558	1
A_HP_37	17	Pulse	99	2398239	18859	1
A_HP_37	17	Pulse	99	2418319	38939	1
A_HP_37	18	Picture	response161	2430018	238	1	40229	1	0	40000	hit	94
A_HP_37	18	Pulse	99	2438319	8538	1
A_HP_37	18	Response	2	2443398	13617	1
A_HP_37	18	Pulse	99	2458239	28458	1
A_HP_37	18	Pulse	99	2478319	48538	1
A_HP_37	19	Picture	response162	2480477	296	1	40229	1	0	40000	hit	100
A_HP_37	19	Pulse	99	2498319	18138	1
A_HP_37	19	Pulse	99	2518240	38059	1
A_HP_37	19	Response	1	2525838	45657	1
A_HP_37	20	Picture	response164	2530768	188	1	40229	1	0	40000	hit	104
A_HP_37	20	Pulse	99	2538319	7738	1
A_HP_37	20	Pulse	99	2558319	27739	1
A_HP_37	20	Response	1	2558847	28267	1
A_HP_37	20	Pulse	99	2578239	47659	1
A_HP_37	21	Picture	response166	2581060	79	1	40229	1	0	40000	hit	107
A_HP_37	21	Response	1	2597718	16738	1
A_HP_37	21	Pulse	99	2598319	17338	1
A_HP_37	21	Pulse	99	2618319	37339	1
A_HP_37	22	Picture	response163	2631685	304	1	40229	1	0	40000	hit	112
A_HP_37	22	Pulse	99	2638239	6859	1
A_HP_37	22	Response	2	2644078	12697	1
A_HP_37	22	Pulse	99	2658319	26938	1
A_HP_37	22	Pulse	99	2678319	46938	1
A_HP_37	23	Picture	ins23	2681977	197	1	30229	1	0	30000	other	0
A_HP_37	23	Pulse	99	2698239	16459	1
A_HP_37	23	Pulse	99	2718319	36538	1
A_HP_37	23	Pulse	99	2738319	56539	1
A_HP_37	23	Pulse	99	2758239	76458	1
A_HP_37	23	Pulse	99	2778239	96459	1
A_HP_37	23	Pulse	99	2798319	116539	1
A_HP_37	23	Pulse	99	2818239	136458	1
A_HP_37	23	Pulse	99	2838239	156458	1
A_HP_37	23	Pulse	99	2858319	176538	1
A_HP_37	23	Pulse	99	2878319	196538	1
A_HP_37	23	Pulse	99	2898238	216458	1
A_HP_37	23	Pulse	99	2918319	236538	1
A_HP_37	23	Pulse	99	2938318	256538	1
A_HP_37	23	Pulse	99	2958239	276458	1
A_HP_37	23	Pulse	99	2978319	296538	1
A_HP_37	24	Response	3	2998319	6308	1
A_HP_37	24	Pulse	99	2998319	6308	1
A_HP_37	25	Picture	response182	2998910	230	1	40229	1	0	40000	hit	134
A_HP_37	25	Response	2	3012158	13477	1
A_HP_37	25	Pulse	99	3018239	19558	1
A_HP_37	25	Pulse	99	3038319	39638	1
A_HP_37	26	Picture	response177	3049369	288	1	40229	1	0	40000	hit	139
A_HP_37	26	Pulse	99	3058319	9239	1
A_HP_37	26	Response	2	3070438	21357	1
A_HP_37	26	Pulse	99	3078239	29158	1
A_HP_37	26	Pulse	99	3098319	49238	1
A_HP_37	27	Picture	response180	3099660	180	1	40225	5	0	40000	hit	144
A_HP_37	27	Pulse	99	3118319	18838	1
A_HP_37	27	Response	1	3121767	22287	1
A_HP_37	27	Pulse	99	3138239	38758	1
A_HP_37	28	Picture	response179	3150114	233	1	40229	1	0	40000	hit	148
A_HP_37	28	Pulse	99	3158319	8438	1
A_HP_37	28	Response	2	3163628	13747	1
A_HP_37	28	Pulse	99	3178319	28438	1
A_HP_37	28	Pulse	99	3198239	48358	1
A_HP_37	29	Picture	response183	3200405	125	1	40229	1	0	40000	hit	153
A_HP_37	29	Pulse	99	3218319	18039	1
A_HP_37	29	Response	1	3220697	20417	1
A_HP_37	29	Pulse	99	3238319	38039	1
A_HP_37	30	Picture	response181	3251030	350	1	40230	1	0	40000	hit	158
A_HP_37	30	Pulse	99	3258238	7558	1
A_HP_37	30	Pulse	99	3278319	27639	1
A_HP_37	30	Response	2	3285717	35037	1
A_HP_37	30	Pulse	99	3298319	47639	1
A_HP_37	31	Picture	response184	3301322	242	1	40229	1	0	40000	incorrect	163
A_HP_37	31	Pulse	99	3318239	17159	1
A_HP_37	31	Pulse	99	3338239	37159	1
A_HP_37	31	Response	2	3346717	45637	1
A_HP_37	32	Picture	response178	3351614	134	1	40229	1	0	40000	hit	166
A_HP_37	32	Pulse	99	3358318	6838	1
A_HP_37	32	Response	1	3364677	13197	1
A_HP_37	32	Pulse	99	3378239	26758	1
A_HP_37	32	Pulse	99	3398239	46758	1
A_HP_37	33	Picture	ins7	3402072	192	1	30229	1	0	30000	other	0
A_HP_37	33	Pulse	99	3418318	16438	1
A_HP_37	33	Pulse	99	3438239	36358	1
A_HP_37	33	Pulse	99	3458239	56358	1
A_HP_37	33	Pulse	99	3478318	76438	1
A_HP_37	33	Pulse	99	3498239	96358	1
A_HP_37	33	Pulse	99	3518238	116358	1
A_HP_37	33	Pulse	99	3538319	136438	1
A_HP_37	33	Pulse	99	3558239	156359	1
A_HP_37	33	Pulse	99	3578239	176358	1
A_HP_37	33	Pulse	99	3598319	196438	1
A_HP_37	33	Pulse	99	3618238	216358	1
A_HP_37	33	Pulse	99	3638238	236358	1
A_HP_37	33	Pulse	99	3658318	256438	1
A_HP_37	33	Pulse	99	3678238	276358	1
A_HP_37	33	Pulse	99	3698239	296358	1
A_HP_37	34	Response	3	3718318	6208	1
A_HP_37	34	Pulse	99	3718318	6208	1
A_HP_37	35	Picture	response49	3718910	230	1	40229	1	0	40000	hit	189
A_HP_37	35	Pulse	99	3738318	19638	1
A_HP_37	35	Response	1	3746187	27507	1
A_HP_37	35	Pulse	99	3758238	39558	1
A_HP_37	36	Picture	response54	3769370	290	1	40230	1	0	40000	hit	193
A_HP_37	36	Pulse	99	3778318	9238	1
A_HP_37	36	Response	1	3779326	10246	1
A_HP_37	36	Pulse	99	3798318	29238	1
A_HP_37	36	Pulse	99	3818238	49158	1
A_HP_37	37	Picture	response50	3819662	182	1	40230	1	0	40000	hit	197
A_HP_37	37	Response	2	3831397	11917	1
A_HP_37	37	Pulse	99	3838318	18838	1
A_HP_37	37	Pulse	99	3858318	38838	1
A_HP_37	38	Picture	response55	3870121	241	1	40229	1	0	40000	hit	201
A_HP_37	38	Response	1	3878237	8358	1
A_HP_37	38	Pulse	99	3878237	8358	1
A_HP_37	38	Pulse	99	3898318	28439	1
A_HP_37	38	Pulse	99	3918318	48439	1
A_HP_37	39	Picture	response52	3920412	132	1	40229	1	0	40000	hit	206
A_HP_37	39	Response	1	3937187	16907	1
A_HP_37	39	Pulse	99	3938238	17958	1
A_HP_37	39	Pulse	99	3958238	37958	1
A_HP_37	40	Picture	response56	3971037	357	1	40229	1	0	40000	hit	211
A_HP_37	40	Pulse	99	3978318	7638	1
A_HP_37	40	Response	1	3979836	9156	1
A_HP_37	40	Pulse	99	3998238	27558	1
A_HP_37	40	Pulse	99	4018238	47558	1
A_HP_37	41	Picture	response51	4021329	249	1	40229	1	0	40000	hit	215
A_HP_37	41	Response	2	4031697	10617	1
A_HP_37	41	Pulse	99	4038318	17238	1
A_HP_37	41	Pulse	99	4058238	37158	1
A_HP_37	42	Picture	response53	4071621	141	1	40229	1	0	40000	hit	220
A_HP_37	42	Pulse	99	4078238	6758	1
A_HP_37	42	Response	2	4082246	10766	1
A_HP_37	42	Pulse	99	4098318	26838	1
A_HP_37	42	Pulse	99	4118238	46758	1
A_HP_37	43	Picture	ins15	4122079	199	1	30229	1	0	30000	other	0
A_HP_37	43	Pulse	99	4138238	16358	1
A_HP_37	43	Pulse	99	4158318	36438	1
A_HP_37	43	Pulse	99	4178238	56358	1
A_HP_37	43	Pulse	99	4198238	76358	1
A_HP_37	43	Pulse	99	4218318	96438	1
A_HP_37	43	Pulse	99	4238238	116358	1
A_HP_37	43	Pulse	99	4258238	136358	1
A_HP_37	43	Pulse	99	4278318	156438	1
A_HP_37	43	Pulse	99	4298238	176358	1
A_HP_37	43	Pulse	99	4318238	196358	1
A_HP_37	43	Pulse	99	4338318	216438	1
A_HP_37	43	Pulse	99	4358238	236358	1
A_HP_37	43	Pulse	99	4378238	256358	1
A_HP_37	43	Pulse	99	4398318	276438	1
A_HP_37	43	Pulse	99	4418238	296358	1
A_HP_37	44	Response	3	4438238	6128	1
A_HP_37	44	Pulse	99	4438238	6128	1
A_HP_37	45	Picture	response116	4438810	230	1	40229	1	0	40000	hit	242
A_HP_37	45	Response	1	4455377	16796	1
A_HP_37	45	Pulse	99	4458317	19737	1
A_HP_37	45	Pulse	99	4478238	39658	1
A_HP_37	46	Picture	response115	4489102	122	1	40230	1	0	40000	hit	247
A_HP_37	46	Pulse	99	4498238	9258	1
A_HP_37	46	Response	2	4511657	22677	1
A_HP_37	46	Pulse	99	4518238	29258	1
A_HP_37	46	Pulse	99	4538238	49258	1
A_HP_37	47	Picture	response118	4539561	181	1	40229	1	0	40000	hit	252
A_HP_37	47	Pulse	99	4558238	18858	1
A_HP_37	47	Response	2	4559426	20047	1
A_HP_37	47	Pulse	99	4578238	38858	1
A_HP_37	48	Picture	response119	4590019	239	1	40229	1	0	40000	hit	256
A_HP_37	48	Pulse	99	4598238	8458	1
A_HP_37	48	Response	2	4600677	10897	1
A_HP_37	48	Pulse	99	4618238	28458	1
A_HP_37	48	Pulse	99	4638238	48458	1
A_HP_37	49	Picture	response114	4640477	298	1	40229	1	0	40000	hit	260
A_HP_37	49	Response	1	4652647	12467	1
A_HP_37	49	Pulse	99	4658318	18138	1
A_HP_37	49	Pulse	99	4678238	38058	1
A_HP_37	50	Picture	response120	4690769	189	1	40229	1	0	40000	incorrect	265
A_HP_37	50	Pulse	99	4698238	7658	1
A_HP_37	50	Response	1	4701757	11177	1
A_HP_37	50	Pulse	99	4718318	27738	1
A_HP_37	50	Pulse	99	4738238	47658	1
A_HP_37	51	Picture	response117	4741061	81	1	40229	1	0	40000	hit	270
A_HP_37	51	Pulse	99	4758238	17258	1
A_HP_37	51	Response	1	4768427	27447	1
A_HP_37	51	Pulse	99	4778318	37338	1
A_HP_37	52	Picture	response113	4791686	306	1	40229	1	0	40000	hit	274
A_HP_37	52	Pulse	99	4798238	6858	1
A_HP_37	52	Response	2	4804526	13146	1
A_HP_37	52	Pulse	99	4818238	26858	1
A_HP_37	52	Pulse	99	4838318	46938	1
A_HP_37	53	Picture	ins13	4841978	198	1	30229	1	0	30000	other	0
A_HP_37	53	Pulse	99	4858238	16459	1
A_HP_37	53	Pulse	99	4878238	36459	1
A_HP_37	53	Pulse	99	4898318	56539	1
A_HP_37	53	Pulse	99	4918238	76459	1
A_HP_37	53	Pulse	99	4938238	96459	1
A_HP_37	53	Pulse	99	4958318	116538	1
A_HP_37	53	Pulse	99	4978238	136459	1
A_HP_37	53	Pulse	99	4998238	156459	1
A_HP_37	53	Pulse	99	5018318	176539	1
A_HP_37	53	Pulse	99	5038238	196458	1
A_HP_37	53	Pulse	99	5058238	216459	1
A_HP_37	53	Pulse	99	5078318	236539	1
A_HP_37	53	Pulse	99	5098238	256458	1
A_HP_37	53	Pulse	99	5118238	276459	1
A_HP_37	53	Pulse	99	5138238	296459	1
A_HP_37	54	Response	3	5158238	6228	1
A_HP_37	54	Pulse	99	5158238	6228	1
A_HP_37	55	Picture	response103	5158810	230	1	40229	1	0	40000	hit	297
A_HP_37	55	Pulse	99	5178238	19658	1
A_HP_37	55	Response	1	5184776	26197	1
A_HP_37	55	Pulse	99	5198238	39658	1
A_HP_37	56	Picture	response104	5209101	122	1	40229	1	0	40000	hit	301
A_HP_37	56	Pulse	99	5218238	9258	1
A_HP_37	56	Response	1	5219106	10126	1
A_HP_37	56	Pulse	99	5238238	29258	1
A_HP_37	56	Pulse	99	5258238	49258	1
A_HP_37	57	Picture	response97	5259560	180	1	40230	1	0	40000	hit	305
A_HP_37	57	Response	1	5270157	10777	1
A_HP_37	57	Pulse	99	5278237	18858	1
A_HP_37	57	Pulse	99	5298238	38858	1
A_HP_37	58	Picture	response102	5310019	239	1	40229	1	0	40000	hit	310
A_HP_37	58	Pulse	99	5318238	8458	1
A_HP_37	58	Response	2	5319176	9397	1
A_HP_37	58	Pulse	99	5338240	28461	1
A_HP_37	58	Pulse	99	5358238	48458	1
A_HP_37	59	Picture	response100	5360477	297	1	40230	1	0	40000	hit	314
A_HP_37	59	Response	2	5373116	12937	1
A_HP_37	59	Pulse	99	5378238	18058	1
A_HP_37	59	Pulse	99	5398239	38060	1
A_HP_37	60	Picture	response98	5410769	190	1	40229	1	0	40000	hit	319
A_HP_37	60	Pulse	99	5418238	7659	1
A_HP_37	60	Response	2	5418976	8397	1
A_HP_37	60	Pulse	99	5438238	27659	1
A_HP_37	60	Pulse	99	5458237	47658	1
A_HP_37	61	Picture	response99	5461060	81	1	40229	1	0	40000	hit	323
A_HP_37	61	Response	1	5476046	15067	1
A_HP_37	61	Pulse	99	5478237	17258	1
A_HP_37	61	Pulse	99	5498237	37258	1
A_HP_37	62	Picture	response101	5511686	307	1	40229	1	0	40000	hit	329
A_HP_37	62	Pulse	99	5518237	6858	1
A_HP_37	62	Pulse	99	5538237	26858	1
A_HP_37	62	Response	1	5541206	29827	1
A_HP_37	62	Pulse	99	5558237	46858	1
A_HP_37	63	Picture	thanks	5561644	0	1	10229	1	0	10000	other	0
A_HP_37	63	Pulse	99	5578317	16673	1


Event Type	Code	Type	Response	RT	RT Uncertainty	Time	Uncertainty	Duration	Uncertainty	ReqTime	ReqDur

Picture	ready	other				1178551	1	10229	1	0	10000
Picture	ins5	other				1239115	1	30229	1	0	30000
Picture	response38	hit	1	22726	2	1558912	1	40229	1	0	40000
Picture	response36	hit	2	6188	2	1609370	1	40229	1	0	40000
Picture	response37	hit	2	6317	2	1659661	1	40229	1	0	40000
Picture	response33	hit	2	4959	2	1710120	1	40229	1	0	40000
Picture	response39	hit	1	9847	2	1760412	1	40229	1	0	40000
Picture	response34	hit	2	9581	2	1811037	1	40229	1	0	40000
Picture	response40	hit	2	9959	2	1861328	1	40229	1	0	40000
Picture	response35	hit	1	15578	2	1911620	1	40229	1	0	40000
Picture	ins21	other				1962078	1	30229	1	0	30000
Picture	response168	hit	2	14057	2	2278811	1	40229	1	0	40000
Picture	response167	hit	2	9305	2	2329102	1	40229	1	0	40000
Picture	response165	hit	1	17378	2	2379560	1	40229	1	0	40000
Picture	response161	hit	2	13379	2	2430018	1	40229	1	0	40000
Picture	response162	hit	1	45362	2	2480477	1	40229	1	0	40000
Picture	response164	hit	1	28079	2	2530768	1	40229	1	0	40000
Picture	response166	hit	1	16658	2	2581060	1	40229	1	0	40000
Picture	response163	hit	2	12393	2	2631685	1	40229	1	0	40000
Picture	ins23	other				2681977	1	30229	1	0	30000
Picture	response182	hit	2	13248	2	2998910	1	40229	1	0	40000
Picture	response177	hit	2	21069	2	3049369	1	40229	1	0	40000
Picture	response180	hit	1	22107	2	3099660	1	40225	5	0	40000
Picture	response179	hit	2	13514	2	3150114	1	40229	1	0	40000
Picture	response183	hit	1	20292	2	3200405	1	40229	1	0	40000
Picture	response181	hit	2	34687	2	3251030	1	40230	1	0	40000
Picture	response184	incorrect	2	45395	2	3301322	1	40229	1	0	40000
Picture	response178	hit	1	13063	2	3351614	1	40229	1	0	40000
Picture	ins7	other				3402072	1	30229	1	0	30000
Picture	response49	hit	1	27277	2	3718910	1	40229	1	0	40000
Picture	response54	hit	1	9956	2	3769370	1	40230	1	0	40000
Picture	response50	hit	2	11735	2	3819662	1	40230	1	0	40000
Picture	response55	hit	1	8117	2	3870121	1	40229	1	0	40000
Picture	response52	hit	1	16775	2	3920412	1	40229	1	0	40000
Picture	response56	hit	1	8799	2	3971037	1	40229	1	0	40000
Picture	response51	hit	2	10368	2	4021329	1	40229	1	0	40000
Picture	response53	hit	2	10626	2	4071621	1	40229	1	0	40000
Picture	ins15	other				4122079	1	30229	1	0	30000
Picture	response116	hit	1	16566	2	4438810	1	40229	1	0	40000
Picture	response115	hit	2	22555	2	4489102	1	40230	1	0	40000
Picture	response118	hit	2	19866	2	4539561	1	40229	1	0	40000
Picture	response119	hit	2	10658	2	4590019	1	40229	1	0	40000
Picture	response114	hit	1	12169	2	4640477	1	40229	1	0	40000
Picture	response120	incorrect	1	10987	2	4690769	1	40229	1	0	40000
Picture	response117	hit	1	27366	2	4741061	1	40229	1	0	40000
Picture	response113	hit	2	12841	2	4791686	1	40229	1	0	40000
Picture	ins13	other				4841978	1	30229	1	0	30000
Picture	response103	hit	1	25967	2	5158810	1	40229	1	0	40000
Picture	response104	hit	1	10004	2	5209101	1	40229	1	0	40000
Picture	response97	hit	1	10597	2	5259560	1	40230	1	0	40000
Picture	response102	hit	2	9157	2	5310019	1	40229	1	0	40000
Picture	response100	hit	2	12640	2	5360477	1	40230	1	0	40000
Picture	response98	hit	2	8207	2	5410769	1	40229	1	0	40000
Picture	response99	hit	1	14986	2	5461060	1	40229	1	0	40000
Picture	response101	hit	1	29520	2	5511686	1	40229	1	0	40000
Picture	thanks	other				5561644	1	10229	1	0	10000


{
   "app": "Presentation Version 21.0 Build 06.06.19",
   "device": "LENOVO 20KHCTO1WW",
   "experiment": "{C0C68DB1-10BA-42F2-8F79-3F2AFFEED4E4}",
   "os": "Windows 10 64 bit",
   "package": "",
   "parameters": {
      "configuration": "Default configuration"
   },
   "scenario": "Feature experiment(2).sce",
   "subject": "A_HP_37",
   "timestamp": "2019/12/04 06:33:08 GMT"
}
