Scenario - 
Logfile written - 02/20/2020 13:47:41

Subject	Trial	Event Type	Code	Time	TTime	Uncertainty	Duration	Uncertainty	ReqTime	ReqDur	Stim Type	Pair Index

A_HP_53	1	Response	3	335176	334010	1
A_HP_53	1	Pulse	99	335176	334010	1
A_HP_53	2	Picture	ready	335348	0	1	10162	1	0	10000	other	0
A_HP_53	2	Pulse	99	355256	19908	1
A_HP_53	2	Pulse	99	375256	39908	1
A_HP_53	2	Pulse	99	395176	59828	1
A_HP_53	3	Picture	ins5	395820	69	1	30153	1	0	30000	other	0
A_HP_53	3	Pulse	99	415256	19505	1
A_HP_53	3	Pulse	99	435256	39505	1
A_HP_53	3	Pulse	99	455176	59425	1
A_HP_53	3	Pulse	99	475256	79505	1
A_HP_53	3	Pulse	99	495256	99505	1
A_HP_53	3	Pulse	99	515176	119425	1
A_HP_53	3	Pulse	99	535256	139505	1
A_HP_53	3	Pulse	99	555256	159505	1
A_HP_53	3	Pulse	99	575176	179425	1
A_HP_53	3	Pulse	99	595256	199505	1
A_HP_53	3	Pulse	99	615256	219505	1
A_HP_53	3	Pulse	99	635176	239425	1
A_HP_53	3	Pulse	99	655256	259505	1
A_HP_53	3	Pulse	99	675256	279505	1
A_HP_53	3	Pulse	99	695176	299425	1
A_HP_53	4	Response	3	715256	9409	1
A_HP_53	4	Pulse	99	715256	9409	1
A_HP_53	5	Picture	response38	715675	24	1	40149	1	0	40000	hit	26
A_HP_53	5	Response	1	729385	13734	1
A_HP_53	5	Pulse	99	735256	19605	1
A_HP_53	5	Pulse	99	755176	39525	1
A_HP_53	6	Picture	response39	766153	102	1	40148	1	0	40000	hit	30
A_HP_53	6	Response	1	770305	4254	1
A_HP_53	6	Pulse	99	775256	9205	1
A_HP_53	6	Pulse	99	795256	29205	1
A_HP_53	6	Pulse	99	815176	49125	1
A_HP_53	7	Picture	response36	816630	178	1	40149	1	0	40000	hit	35
A_HP_53	7	Response	2	823365	6914	1
A_HP_53	7	Pulse	99	835176	18725	1
A_HP_53	7	Pulse	99	855256	38805	1
A_HP_53	8	Picture	response37	866940	89	1	40148	1	0	40000	hit	39
A_HP_53	8	Response	2	871955	5104	1
A_HP_53	8	Pulse	99	875176	8325	1
A_HP_53	8	Pulse	99	895176	28325	1
A_HP_53	8	Pulse	99	915256	48405	1
A_HP_53	9	Picture	response33	917417	166	1	40149	1	0	40000	hit	44
A_HP_53	9	Response	2	925095	7844	1
A_HP_53	9	Pulse	99	935176	17925	1
A_HP_53	9	Pulse	99	955176	37925	1
A_HP_53	10	Picture	response34	967728	77	1	40148	1	0	40000	hit	48
A_HP_53	10	Response	2	972875	5224	1
A_HP_53	10	Pulse	99	975255	7604	1
A_HP_53	10	Pulse	99	995176	27525	1
A_HP_53	10	Pulse	99	1015176	47525	1
A_HP_53	11	Picture	response35	1018205	154	1	40149	1	0	40000	hit	53
A_HP_53	11	Response	1	1029265	11214	1
A_HP_53	11	Pulse	99	1035256	17205	1
A_HP_53	11	Pulse	99	1055176	37125	1
A_HP_53	12	Picture	response40	1068516	64	1	40149	1	0	40000	hit	58
A_HP_53	12	Pulse	99	1075176	6725	1
A_HP_53	12	Response	2	1082334	13883	1
A_HP_53	12	Pulse	99	1095256	26805	1
A_HP_53	12	Pulse	99	1115256	46805	1
A_HP_53	13	Picture	ins7	1118993	142	1	30153	1	0	30000	other	0
A_HP_53	13	Pulse	99	1135176	16325	1
A_HP_53	13	Pulse	99	1155256	36405	1
A_HP_53	13	Pulse	99	1175256	56405	1
A_HP_53	13	Pulse	99	1195176	76325	1
A_HP_53	13	Pulse	99	1215256	96405	1
A_HP_53	13	Pulse	99	1235256	116405	1
A_HP_53	13	Pulse	99	1255176	136325	1
A_HP_53	13	Pulse	99	1275257	156406	1
A_HP_53	13	Pulse	99	1295256	176405	1
A_HP_53	13	Pulse	99	1315176	196325	1
A_HP_53	13	Pulse	99	1335176	216325	1
A_HP_53	13	Pulse	99	1355256	236405	1
A_HP_53	13	Pulse	99	1375176	256325	1
A_HP_53	13	Pulse	99	1395176	276325	1
A_HP_53	13	Pulse	99	1415256	296405	1
A_HP_53	14	Response	3	1435176	6157	1
A_HP_53	14	Pulse	99	1435176	6157	1
A_HP_53	15	Picture	response49	1435683	132	1	40148	1	0	40000	hit	80
A_HP_53	15	Response	1	1448005	12454	1
A_HP_53	15	Pulse	99	1455176	19625	1
A_HP_53	15	Pulse	99	1475256	39705	1
A_HP_53	16	Picture	response54	1485993	42	1	40149	1	0	40000	hit	85
A_HP_53	16	Pulse	99	1495176	9225	1
A_HP_53	16	Response	1	1501585	15634	1
A_HP_53	16	Pulse	99	1515176	29225	1
A_HP_53	16	Pulse	99	1535256	49305	1
A_HP_53	17	Picture	response56	1536470	119	1	40148	1	0	40000	hit	89
A_HP_53	17	Response	1	1549565	13213	1
A_HP_53	17	Pulse	99	1555176	18825	1
A_HP_53	17	Pulse	99	1575176	38825	1
A_HP_53	18	Picture	response51	1586947	196	1	40149	1	0	40000	hit	93
A_HP_53	18	Response	2	1595195	8444	1
A_HP_53	18	Pulse	99	1595255	8504	1
A_HP_53	18	Pulse	99	1615176	28425	1
A_HP_53	18	Pulse	99	1635176	48425	1
A_HP_53	19	Picture	response53	1637258	107	1	40148	1	0	40000	hit	98
A_HP_53	19	Response	2	1643685	6534	1
A_HP_53	19	Pulse	99	1655256	18105	1
A_HP_53	19	Pulse	99	1675176	38025	1
A_HP_53	20	Picture	response55	1687735	184	1	40149	1	0	40000	hit	103
A_HP_53	20	Pulse	99	1695176	7625	1
A_HP_53	20	Response	1	1701435	13884	1
A_HP_53	20	Pulse	99	1715256	27705	1
A_HP_53	20	Pulse	99	1735176	47625	1
A_HP_53	21	Picture	response50	1738046	94	1	40148	1	0	40000	hit	107
A_HP_53	21	Response	2	1745815	7863	1
A_HP_53	21	Pulse	99	1755176	17225	1
A_HP_53	21	Pulse	99	1775256	37305	1
A_HP_53	22	Picture	response52	1788523	172	1	40148	1	0	40000	hit	112
A_HP_53	22	Pulse	99	1795176	6825	1
A_HP_53	22	Response	1	1798585	10234	1
A_HP_53	22	Pulse	99	1815176	26825	1
A_HP_53	22	Pulse	99	1835176	46825	1
A_HP_53	23	Picture	ins23	1838833	82	1	30153	1	0	30000	other	0
A_HP_53	23	Pulse	99	1855176	16425	1
A_HP_53	23	Pulse	99	1875176	36425	1
A_HP_53	23	Pulse	99	1895176	56425	1
A_HP_53	23	Pulse	99	1915176	76425	1
A_HP_53	23	Pulse	99	1935176	96425	1
A_HP_53	23	Pulse	99	1955176	116425	1
A_HP_53	23	Pulse	99	1975176	136425	1
A_HP_53	23	Pulse	99	1995177	156426	1
A_HP_53	23	Pulse	99	2015176	176425	1
A_HP_53	23	Pulse	99	2035256	196505	1
A_HP_53	23	Pulse	99	2055176	216425	1
A_HP_53	23	Pulse	99	2075176	236425	1
A_HP_53	23	Pulse	99	2095256	256505	1
A_HP_53	23	Pulse	99	2115176	276425	1
A_HP_53	23	Pulse	99	2135175	296424	1
A_HP_53	24	Response	3	2155256	6396	1
A_HP_53	24	Pulse	99	2155256	6396	1
A_HP_53	25	Picture	response182	2155690	39	1	40148	1	0	40000	hit	134
A_HP_53	25	Response	2	2172515	16864	1
A_HP_53	25	Pulse	99	2175176	19525	1
A_HP_53	25	Pulse	99	2195176	39525	1
A_HP_53	26	Picture	response184	2206167	116	1	40148	1	0	40000	hit	139
A_HP_53	26	Pulse	99	2215256	9205	1
A_HP_53	26	Response	1	2223725	17674	1
A_HP_53	26	Pulse	99	2235176	29125	1
A_HP_53	26	Pulse	99	2255175	49124	1
A_HP_53	27	Picture	response183	2256644	193	1	40148	1	0	40000	hit	144
A_HP_53	27	Pulse	99	2275256	18805	1
A_HP_53	27	Response	1	2277075	20623	1
A_HP_53	27	Pulse	99	2295177	38726	1
A_HP_53	28	Picture	response177	2306955	104	1	40148	1	0	40000	hit	148
A_HP_53	28	Pulse	99	2315176	8325	1
A_HP_53	28	Response	2	2317144	10293	1
A_HP_53	28	Pulse	99	2335176	28325	1
A_HP_53	28	Pulse	99	2355176	48325	1
A_HP_53	29	Picture	response180	2357432	181	1	40148	1	0	40000	hit	152
A_HP_53	29	Response	1	2373845	16594	1
A_HP_53	29	Pulse	99	2375176	17925	1
A_HP_53	29	Pulse	99	2395176	37925	1
A_HP_53	30	Picture	response181	2407742	91	1	40148	1	0	40000	hit	158
A_HP_53	30	Pulse	99	2415176	7525	1
A_HP_53	30	Pulse	99	2435176	27525	1
A_HP_53	30	Response	2	2436184	28533	1
A_HP_53	30	Pulse	99	2455175	47524	1
A_HP_53	31	Picture	response179	2458219	168	1	40149	1	0	40000	hit	162
A_HP_53	31	Pulse	99	2475176	17125	1
A_HP_53	31	Response	2	2477635	19584	1
A_HP_53	31	Pulse	99	2495176	37125	1
A_HP_53	32	Picture	response178	2508530	79	1	40149	1	0	40000	hit	166
A_HP_53	32	Pulse	99	2515176	6725	1
A_HP_53	32	Response	1	2530515	22064	1
A_HP_53	32	Pulse	99	2535176	26725	1
A_HP_53	32	Pulse	99	2555176	46725	1
A_HP_53	33	Picture	ins13	2559007	156	1	30153	1	0	30000	other	0
A_HP_53	33	Pulse	99	2575176	16325	1
A_HP_53	33	Pulse	99	2595176	36325	1
A_HP_53	33	Pulse	99	2615176	56325	1
A_HP_53	33	Pulse	99	2635176	76325	1
A_HP_53	33	Pulse	99	2655176	96325	1
A_HP_53	33	Pulse	99	2675176	116325	1
A_HP_53	33	Pulse	99	2695176	136325	1
A_HP_53	33	Pulse	99	2715176	156325	1
A_HP_53	33	Pulse	99	2735176	176325	1
A_HP_53	33	Pulse	99	2755176	196325	1
A_HP_53	33	Pulse	99	2775176	216325	1
A_HP_53	33	Pulse	99	2795176	236325	1
A_HP_53	33	Pulse	99	2815176	256325	1
A_HP_53	33	Pulse	99	2835176	276325	1
A_HP_53	33	Pulse	99	2855176	296325	1
A_HP_53	34	Response	3	2875176	6143	1
A_HP_53	34	Pulse	99	2875176	6143	1
A_HP_53	35	Picture	response103	2875697	146	1	40148	1	0	40000	hit	189
A_HP_53	35	Pulse	99	2895176	19625	1
A_HP_53	35	Response	1	2899865	24314	1
A_HP_53	35	Pulse	99	2915176	39625	1
A_HP_53	36	Picture	response104	2926007	57	1	40148	1	0	40000	hit	193
A_HP_53	36	Pulse	99	2935176	9225	1
A_HP_53	36	Response	1	2951555	25604	1
A_HP_53	36	Pulse	99	2955174	29223	1
A_HP_53	36	Pulse	99	2975175	49224	1
A_HP_53	37	Picture	response102	2976485	134	1	40148	1	0	40000	hit	197
A_HP_53	37	Response	2	2982814	6463	1
A_HP_53	37	Pulse	99	2995176	18825	1
A_HP_53	37	Pulse	99	3015176	38825	1
A_HP_53	38	Picture	response99	3026795	44	1	40148	1	0	40000	hit	202
A_HP_53	38	Pulse	99	3035176	8425	1
A_HP_53	38	Response	1	3042964	16213	1
A_HP_53	38	Pulse	99	3055175	28425	1
A_HP_53	38	Pulse	99	3075176	48425	1
A_HP_53	39	Picture	response97	3077272	121	1	40148	1	0	40000	hit	207
A_HP_53	39	Pulse	99	3095176	18025	1
A_HP_53	39	Response	1	3095454	18303	1
A_HP_53	39	Pulse	99	3115176	38025	1
A_HP_53	40	Picture	response98	3127749	198	1	40148	1	0	40000	hit	211
A_HP_53	40	Pulse	99	3135176	7625	1
A_HP_53	40	Response	2	3136544	8993	1
A_HP_53	40	Pulse	99	3155176	27625	1
A_HP_53	40	Pulse	99	3175176	47625	1
A_HP_53	41	Picture	response101	3178060	109	1	40149	1	0	40000	hit	215
A_HP_53	41	Response	1	3192175	14224	1
A_HP_53	41	Pulse	99	3195176	17225	1
A_HP_53	41	Pulse	99	3215176	37225	1
A_HP_53	42	Picture	response100	3228537	186	1	40148	1	0	40000	hit	220
A_HP_53	42	Pulse	99	3235176	6825	1
A_HP_53	42	Response	2	3238604	10253	1
A_HP_53	42	Pulse	99	3255176	26825	1
A_HP_53	42	Pulse	99	3275176	46825	1
A_HP_53	43	Picture	ins15	3278848	97	1	30153	1	0	30000	other	0
A_HP_53	43	Pulse	99	3295176	16425	1
A_HP_53	43	Pulse	99	3315176	36425	1
A_HP_53	43	Pulse	99	3335176	56425	1
A_HP_53	43	Pulse	99	3355176	76425	1
A_HP_53	43	Pulse	99	3375176	96425	1
A_HP_53	43	Pulse	99	3395176	116425	1
A_HP_53	43	Pulse	99	3415176	136425	1
A_HP_53	43	Pulse	99	3435176	156425	1
A_HP_53	43	Pulse	99	3455176	176425	1
A_HP_53	43	Pulse	99	3475176	196425	1
A_HP_53	43	Pulse	99	3495176	216425	1
A_HP_53	43	Pulse	99	3515176	236425	1
A_HP_53	43	Pulse	99	3535176	256425	1
A_HP_53	43	Pulse	99	3555176	276425	1
A_HP_53	43	Pulse	99	3575176	296425	1
A_HP_53	44	Response	3	3595175	6301	1
A_HP_53	44	Pulse	99	3595175	6301	1
A_HP_53	45	Picture	response115	3595704	153	1	40148	1	0	40000	hit	242
A_HP_53	45	Response	2	3605005	9454	1
A_HP_53	45	Pulse	99	3615176	19625	1
A_HP_53	45	Pulse	99	3635176	39625	1
A_HP_53	46	Picture	response116	3646014	64	1	40149	1	0	40000	hit	247
A_HP_53	46	Pulse	99	3655176	9225	1
A_HP_53	46	Response	1	3663655	17704	1
A_HP_53	46	Pulse	99	3675176	29225	1
A_HP_53	46	Pulse	99	3695178	49227	1
A_HP_53	47	Picture	response114	3696492	141	1	40148	1	0	40000	hit	252
A_HP_53	47	Pulse	99	3715176	18825	1
A_HP_53	47	Response	1	3716885	20534	1
A_HP_53	47	Pulse	99	3735176	38825	1
A_HP_53	48	Picture	response117	3746802	51	1	40149	1	0	40000	hit	256
A_HP_53	48	Pulse	99	3755176	8425	1
A_HP_53	48	Response	1	3759604	12853	1
A_HP_53	48	Pulse	99	3775176	28425	1
A_HP_53	48	Pulse	99	3795176	48425	1
A_HP_53	49	Picture	response118	3797279	129	1	40148	1	0	40000	hit	260
A_HP_53	49	Response	2	3804355	7204	1
A_HP_53	49	Pulse	99	3815176	18025	1
A_HP_53	49	Pulse	99	3835176	38025	1
A_HP_53	50	Picture	response113	3847590	39	1	40148	1	0	40000	hit	265
A_HP_53	50	Pulse	99	3855176	7625	1
A_HP_53	50	Response	2	3862555	15004	1
A_HP_53	50	Pulse	99	3875176	27625	1
A_HP_53	50	Pulse	99	3895176	47625	1
A_HP_53	51	Picture	response119	3898067	116	1	40149	1	0	40000	hit	269
A_HP_53	51	Response	2	3906084	8134	1
A_HP_53	51	Pulse	99	3915176	17225	1
A_HP_53	51	Pulse	99	3935176	37225	1
A_HP_53	52	Picture	response120	3948544	193	1	40148	1	0	40000	hit	274
A_HP_53	52	Pulse	99	3955176	6826	1
A_HP_53	52	Response	2	3959355	11004	1
A_HP_53	52	Pulse	99	3975176	26825	1
A_HP_53	52	Pulse	99	3995176	46825	1
A_HP_53	53	Picture	ins21	3998855	104	1	30153	1	0	30000	other	0
A_HP_53	53	Pulse	99	4015176	16425	1
A_HP_53	53	Pulse	99	4035176	36425	1
A_HP_53	53	Pulse	99	4055176	56425	1
A_HP_53	53	Pulse	99	4075176	76425	1
A_HP_53	53	Pulse	99	4095176	96425	1
A_HP_53	53	Pulse	99	4115176	116425	1
A_HP_53	53	Pulse	99	4135176	136425	1
A_HP_53	53	Pulse	99	4155176	156425	1
A_HP_53	53	Pulse	99	4175176	176425	1
A_HP_53	53	Pulse	99	4195176	196425	1
A_HP_53	53	Pulse	99	4215176	216425	1
A_HP_53	53	Pulse	99	4235176	236425	1
A_HP_53	53	Pulse	99	4255176	256425	1
A_HP_53	53	Pulse	99	4275176	276425	1
A_HP_53	53	Pulse	99	4295176	296425	1
A_HP_53	54	Response	3	4315176	6295	1
A_HP_53	54	Pulse	99	4315176	6295	1
A_HP_53	55	Picture	response165	4315711	160	1	40148	1	0	40000	hit	296
A_HP_53	55	Response	1	4329064	13514	1
A_HP_53	55	Pulse	99	4335176	19625	1
A_HP_53	55	Pulse	99	4355176	39625	1
A_HP_53	56	Picture	response166	4366022	71	1	40148	1	0	40000	hit	301
A_HP_53	56	Pulse	99	4375176	9225	1
A_HP_53	56	Response	1	4377644	11694	1
A_HP_53	56	Pulse	99	4395176	29225	1
A_HP_53	56	Pulse	99	4415175	49224	1
A_HP_53	57	Picture	response167	4416499	148	1	40148	1	0	40000	hit	305
A_HP_53	57	Response	2	4424125	7774	1
A_HP_53	57	Pulse	99	4435176	18825	1
A_HP_53	57	Pulse	99	4455176	38825	1
A_HP_53	58	Picture	response164	4466809	58	1	40149	1	0	40000	hit	310
A_HP_53	58	Pulse	99	4475176	8425	1
A_HP_53	58	Response	1	4485345	18594	1
A_HP_53	58	Pulse	99	4495176	28425	1
A_HP_53	58	Pulse	99	4515176	48425	1
A_HP_53	59	Picture	response161	4517287	136	1	40148	1	0	40000	hit	314
A_HP_53	59	Response	2	4528274	11123	1
A_HP_53	59	Pulse	99	4535176	18025	1
A_HP_53	59	Pulse	99	4555176	38025	1
A_HP_53	60	Picture	response163	4567597	46	1	40148	1	0	40000	hit	319
A_HP_53	60	Pulse	99	4575176	7625	1
A_HP_53	60	Response	2	4587905	20354	1
A_HP_53	60	Pulse	99	4595176	27625	1
A_HP_53	60	Pulse	99	4615176	47625	1
A_HP_53	61	Picture	response168	4618074	123	1	40148	1	0	40000	hit	323
A_HP_53	61	Response	2	4630974	13024	1
A_HP_53	61	Pulse	99	4635175	17224	1
A_HP_53	61	Pulse	99	4655176	37225	1
A_HP_53	62	Picture	response162	4668385	34	1	40148	1	0	40000	hit	328
A_HP_53	62	Pulse	99	4675176	6825	1
A_HP_53	62	Response	1	4683096	14745	1
A_HP_53	62	Pulse	99	4695176	26825	1
A_HP_53	62	Pulse	99	4715176	46825	1
A_HP_53	63	Picture	thanks	4718529	0	1	10162	1	0	10000	other	0
A_HP_53	63	Pulse	99	4735176	16647	1


Event Type	Code	Type	Response	RT	RT Uncertainty	Time	Uncertainty	Duration	Uncertainty	ReqTime	ReqDur

Picture	ready	other				335348	1	10162	1	0	10000
Picture	ins5	other				395820	1	30153	1	0	30000
Picture	response38	hit	1	13709	2	715675	1	40149	1	0	40000
Picture	response39	hit	1	4152	2	766153	1	40148	1	0	40000
Picture	response36	hit	2	6736	2	816630	1	40149	1	0	40000
Picture	response37	hit	2	5014	2	866940	1	40148	1	0	40000
Picture	response33	hit	2	7678	2	917417	1	40149	1	0	40000
Picture	response34	hit	2	5147	2	967728	1	40148	1	0	40000
Picture	response35	hit	1	11060	2	1018205	1	40149	1	0	40000
Picture	response40	hit	2	13818	2	1068516	1	40149	1	0	40000
Picture	ins7	other				1118993	1	30153	1	0	30000
Picture	response49	hit	1	12322	2	1435683	1	40148	1	0	40000
Picture	response54	hit	1	15592	2	1485993	1	40149	1	0	40000
Picture	response56	hit	1	13094	2	1536470	1	40148	1	0	40000
Picture	response51	hit	2	8247	2	1586947	1	40149	1	0	40000
Picture	response53	hit	2	6427	2	1637258	1	40148	1	0	40000
Picture	response55	hit	1	13700	2	1687735	1	40149	1	0	40000
Picture	response50	hit	2	7769	2	1738046	1	40148	1	0	40000
Picture	response52	hit	1	10062	2	1788523	1	40148	1	0	40000
Picture	ins23	other				1838833	1	30153	1	0	30000
Picture	response182	hit	2	16825	2	2155690	1	40148	1	0	40000
Picture	response184	hit	1	17558	2	2206167	1	40148	1	0	40000
Picture	response183	hit	1	20431	2	2256644	1	40148	1	0	40000
Picture	response177	hit	2	10190	2	2306955	1	40148	1	0	40000
Picture	response180	hit	1	16413	2	2357432	1	40148	1	0	40000
Picture	response181	hit	2	28442	2	2407742	1	40148	1	0	40000
Picture	response179	hit	2	19415	2	2458219	1	40149	1	0	40000
Picture	response178	hit	1	21985	2	2508530	1	40149	1	0	40000
Picture	ins13	other				2559007	1	30153	1	0	30000
Picture	response103	hit	1	24168	2	2875697	1	40148	1	0	40000
Picture	response104	hit	1	25547	2	2926007	1	40148	1	0	40000
Picture	response102	hit	2	6330	2	2976485	1	40148	1	0	40000
Picture	response99	hit	1	16169	2	3026795	1	40148	1	0	40000
Picture	response97	hit	1	18182	2	3077272	1	40148	1	0	40000
Picture	response98	hit	2	8795	2	3127749	1	40148	1	0	40000
Picture	response101	hit	1	14115	2	3178060	1	40149	1	0	40000
Picture	response100	hit	2	10067	2	3228537	1	40148	1	0	40000
Picture	ins15	other				3278848	1	30153	1	0	30000
Picture	response115	hit	2	9301	2	3595704	1	40148	1	0	40000
Picture	response116	hit	1	17640	2	3646014	1	40149	1	0	40000
Picture	response114	hit	1	20393	2	3696492	1	40148	1	0	40000
Picture	response117	hit	1	12802	2	3746802	1	40149	1	0	40000
Picture	response118	hit	2	7075	2	3797279	1	40148	1	0	40000
Picture	response113	hit	2	14965	2	3847590	1	40148	1	0	40000
Picture	response119	hit	2	8017	2	3898067	1	40149	1	0	40000
Picture	response120	hit	2	10810	2	3948544	1	40148	1	0	40000
Picture	ins21	other				3998855	1	30153	1	0	30000
Picture	response165	hit	1	13353	2	4315711	1	40148	1	0	40000
Picture	response166	hit	1	11623	2	4366022	1	40148	1	0	40000
Picture	response167	hit	2	7626	2	4416499	1	40148	1	0	40000
Picture	response164	hit	1	18536	2	4466809	1	40149	1	0	40000
Picture	response161	hit	2	10988	2	4517287	1	40148	1	0	40000
Picture	response163	hit	2	20308	2	4567597	1	40148	1	0	40000
Picture	response168	hit	2	12900	2	4618074	1	40148	1	0	40000
Picture	response162	hit	1	14711	2	4668385	1	40148	1	0	40000
Picture	thanks	other				4718529	1	10162	1	0	10000


{
   "app": "Presentation Version 21.1 Build 09.05.19",
   "device": "LENOVO 20FBCTO1WW",
   "experiment": "{C0C68DB1-10BA-42F2-8F79-3F2AFFEED4E4}",
   "os": "Windows 10 64 bit",
   "package": "",
   "parameters": {
      "configuration": "Default configuration"
   },
   "scenario": "Feature experiment(2).sce",
   "subject": "A_HP_53",
   "timestamp": "2020/02/20 04:39:40 GMT"
}
