Scenario - 
Logfile written - 08/30/2019 15:57:14

Subject	Trial	Event Type	Code	Time	TTime	Uncertainty	Duration	Uncertainty	ReqTime	ReqDur	Stim Type	Pair Index

A_HP_11	1	Response	3	250230	249397	1
A_HP_11	1	Pulse	99	250230	249397	1
A_HP_11	2	Picture	ready	250462	0	1	10229	1	0	10000	other	0
A_HP_11	2	Pulse	99	270230	19768	1
A_HP_11	2	Pulse	99	290230	39768	1
A_HP_11	2	Pulse	99	310230	59768	1
A_HP_11	3	Picture	ins7	311112	234	1	30229	1	0	30000	other	0
A_HP_11	3	Pulse	99	330230	19351	1
A_HP_11	3	Pulse	99	350230	39351	1
A_HP_11	3	Pulse	99	370230	59352	1
A_HP_11	3	Pulse	99	390230	79351	1
A_HP_11	3	Pulse	99	410230	99352	1
A_HP_11	3	Pulse	99	430230	119352	1
A_HP_11	3	Pulse	99	450229	139351	1
A_HP_11	3	Pulse	99	470230	159351	1
A_HP_11	3	Pulse	99	490230	179351	1
A_HP_11	3	Pulse	99	510229	199351	1
A_HP_11	3	Pulse	99	530230	219351	1
A_HP_11	3	Pulse	99	550230	239351	1
A_HP_11	3	Pulse	99	570229	259351	1
A_HP_11	3	Pulse	99	590230	279351	1
A_HP_11	3	Pulse	99	610230	299351	1
A_HP_11	4	Response	3	630229	9121	1
A_HP_11	4	Pulse	99	630229	9121	1
A_HP_11	5	Picture	response51	630811	233	1	40229	1	0	40000	hit	26
A_HP_11	5	Response	2	639128	8550	1
A_HP_11	5	Pulse	99	650230	19652	1
A_HP_11	5	Pulse	99	670230	39652	1
A_HP_11	6	Picture	response55	681103	125	1	40229	1	0	40000	hit	30
A_HP_11	6	Response	1	687158	6180	1
A_HP_11	6	Pulse	99	690229	9251	1
A_HP_11	6	Pulse	99	710230	29252	1
A_HP_11	6	Pulse	99	730230	49252	1
A_HP_11	7	Picture	response50	731561	183	1	40229	1	0	40000	hit	35
A_HP_11	7	Response	2	740889	9511	1
A_HP_11	7	Pulse	99	750229	18851	1
A_HP_11	7	Pulse	99	770229	38852	1
A_HP_11	8	Picture	response52	782019	241	1	40229	1	0	40000	hit	40
A_HP_11	8	Pulse	99	790230	8452	1
A_HP_11	8	Response	1	790727	8950	1
A_HP_11	8	Pulse	99	810229	28452	1
A_HP_11	8	Pulse	99	830230	48452	1
A_HP_11	9	Picture	response56	832477	300	1	40229	1	0	40000	hit	44
A_HP_11	9	Response	1	836298	4121	1
A_HP_11	9	Pulse	99	850229	18052	1
A_HP_11	9	Pulse	99	870229	38052	1
A_HP_11	10	Picture	response53	882769	191	1	40229	1	0	40000	hit	48
A_HP_11	10	Response	2	889018	6441	1
A_HP_11	10	Pulse	99	890229	7652	1
A_HP_11	10	Pulse	99	910229	27652	1
A_HP_11	10	Pulse	99	930229	47652	1
A_HP_11	11	Picture	response54	933061	83	1	40230	1	0	40000	hit	53
A_HP_11	11	Response	1	939938	6960	1
A_HP_11	11	Pulse	99	950229	17251	1
A_HP_11	11	Pulse	99	970230	37252	1
A_HP_11	12	Picture	response49	983686	308	1	40230	1	0	40000	hit	57
A_HP_11	12	Response	1	990027	6650	1
A_HP_11	12	Pulse	99	990229	6852	1
A_HP_11	12	Pulse	99	1010229	26851	1
A_HP_11	12	Pulse	99	1030229	46852	1
A_HP_11	13	Picture	ins15	1033978	201	1	30229	1	0	30000	other	0
A_HP_11	13	Pulse	99	1050229	16452	1
A_HP_11	13	Pulse	99	1070229	36452	1
A_HP_11	13	Pulse	99	1090230	56452	1
A_HP_11	13	Pulse	99	1110229	76452	1
A_HP_11	13	Pulse	99	1130229	96452	1
A_HP_11	13	Pulse	99	1150229	116452	1
A_HP_11	13	Pulse	99	1170229	136452	1
A_HP_11	13	Pulse	99	1190229	156452	1
A_HP_11	13	Pulse	99	1210229	176451	1
A_HP_11	13	Pulse	99	1230229	196451	1
A_HP_11	13	Pulse	99	1250229	216451	1
A_HP_11	13	Pulse	99	1270229	236451	1
A_HP_11	13	Pulse	99	1290229	256451	1
A_HP_11	13	Pulse	99	1310229	276452	1
A_HP_11	13	Pulse	99	1330229	296452	1
A_HP_11	14	Response	3	1350229	6220	1
A_HP_11	14	Pulse	99	1350229	6220	1
A_HP_11	15	Picture	response115	1350807	230	1	40229	1	0	40000	hit	80
A_HP_11	15	Response	2	1358377	7800	1
A_HP_11	15	Pulse	99	1370228	19652	1
A_HP_11	15	Pulse	99	1390228	39652	1
A_HP_11	16	Picture	response119	1401098	121	1	40229	1	0	40000	hit	84
A_HP_11	16	Response	2	1408348	7370	1
A_HP_11	16	Pulse	99	1410229	9251	1
A_HP_11	16	Pulse	99	1430229	29252	1
A_HP_11	16	Pulse	99	1450229	49252	1
A_HP_11	17	Picture	response114	1451556	180	1	40229	1	0	40000	hit	89
A_HP_11	17	Response	1	1465478	14101	1
A_HP_11	17	Pulse	99	1470229	18852	1
A_HP_11	17	Pulse	99	1490229	38852	1
A_HP_11	18	Picture	response120	1502014	237	1	40229	1	0	40000	hit	94
A_HP_11	18	Pulse	99	1510229	8452	1
A_HP_11	18	Response	2	1510597	8820	1
A_HP_11	18	Pulse	99	1530229	28452	1
A_HP_11	18	Pulse	99	1550229	48452	1
A_HP_11	19	Picture	response118	1552473	295	1	40229	1	0	40000	hit	98
A_HP_11	19	Response	2	1561888	9710	1
A_HP_11	19	Pulse	99	1570229	18052	1
A_HP_11	19	Pulse	99	1590229	38052	1
A_HP_11	20	Picture	response117	1602764	187	1	40229	1	0	40000	hit	103
A_HP_11	20	Pulse	99	1610230	7652	1
A_HP_11	20	Response	1	1611417	8840	1
A_HP_11	20	Pulse	99	1630229	27652	1
A_HP_11	20	Pulse	99	1650229	47652	1
A_HP_11	21	Picture	response116	1653056	78	1	40229	1	0	40000	hit	107
A_HP_11	21	Response	1	1662438	9461	1
A_HP_11	21	Pulse	99	1670229	17251	1
A_HP_11	21	Pulse	99	1690229	37252	1
A_HP_11	22	Picture	response113	1703681	303	1	40230	1	0	40000	hit	112
A_HP_11	22	Pulse	99	1710229	6852	1
A_HP_11	22	Response	2	1715917	12540	1
A_HP_11	22	Pulse	99	1730229	26852	1
A_HP_11	22	Pulse	99	1750229	46852	1
A_HP_11	23	Picture	ins21	1753973	196	1	30229	1	0	30000	other	0
A_HP_11	23	Pulse	99	1770229	16452	1
A_HP_11	23	Pulse	99	1790229	36452	1
A_HP_11	23	Pulse	99	1810229	56452	1
A_HP_11	23	Pulse	99	1830229	76452	1
A_HP_11	23	Pulse	99	1850229	96452	1
A_HP_11	23	Pulse	99	1870229	116452	1
A_HP_11	23	Pulse	99	1890230	136452	1
A_HP_11	23	Pulse	99	1910229	156452	1
A_HP_11	23	Pulse	99	1930229	176452	1
A_HP_11	23	Pulse	99	1950229	196452	1
A_HP_11	23	Pulse	99	1970229	216452	1
A_HP_11	23	Pulse	99	1990229	236452	1
A_HP_11	23	Pulse	99	2010229	256452	1
A_HP_11	23	Pulse	99	2030229	276451	1
A_HP_11	23	Pulse	99	2050229	296452	1
A_HP_11	24	Response	3	2070229	6221	1
A_HP_11	24	Pulse	99	2070229	6221	1
A_HP_11	25	Picture	response164	2070807	230	1	40229	1	0	40000	hit	134
A_HP_11	25	Response	1	2084927	14350	1
A_HP_11	25	Pulse	99	2090228	19651	1
A_HP_11	25	Pulse	99	2110229	39652	1
A_HP_11	26	Picture	response165	2121099	122	1	40230	1	0	40000	hit	139
A_HP_11	26	Pulse	99	2130229	9252	1
A_HP_11	26	Response	1	2131037	10060	1
A_HP_11	26	Pulse	99	2150229	29252	1
A_HP_11	26	Pulse	99	2170229	49252	1
A_HP_11	27	Picture	response161	2171558	181	1	40229	1	0	40000	hit	143
A_HP_11	27	Response	2	2182108	10731	1
A_HP_11	27	Pulse	99	2190229	18853	1
A_HP_11	27	Pulse	99	2210229	38853	1
A_HP_11	28	Picture	response166	2222016	239	1	40229	1	0	40000	hit	148
A_HP_11	28	Pulse	99	2230229	8452	1
A_HP_11	28	Response	1	2233637	11860	1
A_HP_11	28	Pulse	99	2250229	28452	1
A_HP_11	28	Pulse	99	2270229	48452	1
A_HP_11	29	Picture	response167	2272474	297	1	40229	1	0	40000	hit	152
A_HP_11	29	Response	2	2281778	9601	1
A_HP_11	29	Pulse	99	2290229	18052	1
A_HP_11	29	Pulse	99	2310228	38051	1
A_HP_11	30	Picture	response163	2322766	190	1	40229	1	0	40000	hit	156
A_HP_11	30	Response	2	2330037	7461	1
A_HP_11	30	Pulse	99	2330228	7652	1
A_HP_11	30	Pulse	99	2350228	27652	1
A_HP_11	30	Pulse	99	2370228	47652	1
A_HP_11	31	Picture	response162	2373058	81	1	40229	1	0	40000	hit	161
A_HP_11	31	Response	1	2387747	14771	1
A_HP_11	31	Pulse	99	2390228	17252	1
A_HP_11	31	Pulse	99	2410228	37252	1
A_HP_11	32	Picture	response168	2423682	306	1	40229	1	0	40000	hit	166
A_HP_11	32	Pulse	99	2430228	6852	1
A_HP_11	32	Response	2	2436766	13390	1
A_HP_11	32	Pulse	99	2450228	26852	1
A_HP_11	32	Pulse	99	2470228	46852	1
A_HP_11	33	Picture	ins23	2473973	197	1	30229	1	0	30000	other	0
A_HP_11	33	Pulse	99	2490228	16452	1
A_HP_11	33	Pulse	99	2510229	36452	1
A_HP_11	33	Pulse	99	2530228	56452	1
A_HP_11	33	Pulse	99	2550228	76452	1
A_HP_11	33	Pulse	99	2570229	96453	1
A_HP_11	33	Pulse	99	2590229	116453	1
A_HP_11	33	Pulse	99	2610229	136453	1
A_HP_11	33	Pulse	99	2630229	156453	1
A_HP_11	33	Pulse	99	2650229	176453	1
A_HP_11	33	Pulse	99	2670229	196453	1
A_HP_11	33	Pulse	99	2690229	216452	1
A_HP_11	33	Pulse	99	2710229	236452	1
A_HP_11	33	Pulse	99	2730228	256452	1
A_HP_11	33	Pulse	99	2750229	276452	1
A_HP_11	33	Pulse	99	2770229	296453	1
A_HP_11	34	Response	3	2790229	6222	1
A_HP_11	34	Pulse	99	2790229	6222	1
A_HP_11	35	Picture	response178	2790807	230	1	40229	1	0	40000	hit	188
A_HP_11	35	Response	1	2807977	17401	1
A_HP_11	35	Pulse	99	2810228	19651	1
A_HP_11	35	Pulse	99	2830228	39651	1
A_HP_11	36	Picture	response181	2841098	122	1	40229	1	0	40000	incorrect	193
A_HP_11	36	Pulse	99	2850229	9252	1
A_HP_11	36	Response	1	2861487	20511	1
A_HP_11	36	Pulse	99	2870229	29252	1
A_HP_11	36	Pulse	99	2890229	49252	1
A_HP_11	37	Picture	response180	2891557	181	1	40229	1	0	40000	hit	198
A_HP_11	37	Pulse	99	2910228	18853	1
A_HP_11	37	Response	1	2910947	19571	1
A_HP_11	37	Pulse	99	2930228	38853	1
A_HP_11	38	Picture	response184	2942015	238	1	40229	1	0	40000	hit	201
A_HP_11	38	Response	1	2948397	6620	1
A_HP_11	38	Pulse	99	2950228	8451	1
A_HP_11	38	Pulse	99	2970229	28452	1
A_HP_11	38	Pulse	99	2990228	48451	1
A_HP_11	39	Picture	response179	2992473	296	1	40229	1	0	40000	hit	206
A_HP_11	39	Response	2	3004447	12271	1
A_HP_11	39	Pulse	99	3010228	18052	1
A_HP_11	39	Pulse	99	3030228	38052	1
A_HP_11	40	Picture	response182	3042764	188	1	40229	1	0	40000	incorrect	211
A_HP_11	40	Pulse	99	3050228	7652	1
A_HP_11	40	Response	1	3063827	21250	1
A_HP_11	40	Pulse	99	3070228	27651	1
A_HP_11	40	Pulse	99	3090228	47652	1
A_HP_11	41	Picture	response177	3093056	79	1	40229	1	0	40000	hit	215
A_HP_11	41	Response	2	3108227	15250	1
A_HP_11	41	Pulse	99	3110228	17251	1
A_HP_11	41	Pulse	99	3130228	37252	1
A_HP_11	42	Picture	response183	3143680	303	1	40229	1	0	40000	hit	220
A_HP_11	42	Pulse	99	3150229	6852	1
A_HP_11	42	Response	1	3159337	15960	1
A_HP_11	42	Pulse	99	3170228	26851	1
A_HP_11	42	Pulse	99	3190228	46851	1
A_HP_11	43	Picture	ins5	3193972	195	1	30229	1	0	30000	other	0
A_HP_11	43	Pulse	99	3210229	16452	1
A_HP_11	43	Pulse	99	3230229	36452	1
A_HP_11	43	Pulse	99	3250228	56452	1
A_HP_11	43	Pulse	99	3270229	76452	1
A_HP_11	43	Pulse	99	3290228	96452	1
A_HP_11	43	Pulse	99	3310228	116452	1
A_HP_11	43	Pulse	99	3330228	136452	1
A_HP_11	43	Pulse	99	3350229	156452	1
A_HP_11	43	Pulse	99	3370228	176452	1
A_HP_11	43	Pulse	99	3390228	196452	1
A_HP_11	43	Pulse	99	3410228	216452	1
A_HP_11	43	Pulse	99	3430229	236452	1
A_HP_11	43	Pulse	99	3450229	256452	1
A_HP_11	43	Pulse	99	3470149	276372	1
A_HP_11	43	Pulse	99	3490228	296452	1
A_HP_11	44	Response	3	3510229	6222	1
A_HP_11	44	Pulse	99	3510229	6222	1
A_HP_11	45	Picture	response40	3510807	230	1	40229	1	0	40000	hit	242
A_HP_11	45	Response	2	3516167	5590	1
A_HP_11	45	Pulse	99	3530228	19651	1
A_HP_11	45	Pulse	99	3550229	39652	1
A_HP_11	46	Picture	response33	3561098	122	1	40229	1	0	40000	hit	246
A_HP_11	46	Response	2	3566697	5721	1
A_HP_11	46	Pulse	99	3570227	9251	1
A_HP_11	46	Pulse	99	3590228	29252	1
A_HP_11	46	Pulse	99	3610228	49252	1
A_HP_11	47	Picture	response36	3611556	181	1	40229	1	0	40000	hit	251
A_HP_11	47	Response	2	3617037	5661	1
A_HP_11	47	Pulse	99	3630228	18852	1
A_HP_11	47	Pulse	99	3650228	38853	1
A_HP_11	48	Picture	response35	3662014	238	1	40229	1	0	40000	hit	255
A_HP_11	48	Response	1	3668907	7130	1
A_HP_11	48	Pulse	99	3670228	8451	1
A_HP_11	48	Pulse	99	3690228	28452	1
A_HP_11	48	Pulse	99	3710228	48452	1
A_HP_11	49	Picture	response34	3712472	296	1	40229	1	0	40000	hit	260
A_HP_11	49	Response	2	3717797	5621	1
A_HP_11	49	Pulse	99	3730228	18051	1
A_HP_11	49	Pulse	99	3750228	38052	1
A_HP_11	50	Picture	response39	3762764	187	1	40229	1	0	40000	hit	264
A_HP_11	50	Response	1	3768237	5661	1
A_HP_11	50	Pulse	99	3770228	7651	1
A_HP_11	50	Pulse	99	3790148	27572	1
A_HP_11	50	Pulse	99	3810228	47652	1
A_HP_11	51	Picture	response37	3813055	79	1	40229	1	0	40000	hit	269
A_HP_11	51	Response	2	3820517	7541	1
A_HP_11	51	Pulse	99	3830228	17252	1
A_HP_11	51	Pulse	99	3850149	37172	1
A_HP_11	52	Picture	response38	3863680	303	1	40229	1	0	40000	hit	274
A_HP_11	52	Pulse	99	3870228	6852	1
A_HP_11	52	Response	1	3872676	9300	1
A_HP_11	52	Pulse	99	3890228	26851	1
A_HP_11	52	Pulse	99	3910228	46852	1
A_HP_11	53	Picture	ins13	3913971	195	1	30230	1	0	30000	other	0
A_HP_11	53	Pulse	99	3930228	16452	1
A_HP_11	53	Pulse	99	3950228	36452	1
A_HP_11	53	Pulse	99	3970228	56452	1
A_HP_11	53	Pulse	99	3990228	76452	1
A_HP_11	53	Pulse	99	4010228	96452	1
A_HP_11	53	Pulse	99	4030228	116452	1
A_HP_11	53	Pulse	99	4050228	136452	1
A_HP_11	53	Pulse	99	4070228	156452	1
A_HP_11	53	Pulse	99	4090228	176452	1
A_HP_11	53	Pulse	99	4110148	196372	1
A_HP_11	53	Pulse	99	4130228	216452	1
A_HP_11	53	Pulse	99	4150228	236452	1
A_HP_11	53	Pulse	99	4170148	256372	1
A_HP_11	53	Pulse	99	4190228	276452	1
A_HP_11	53	Pulse	99	4210228	296452	1
A_HP_11	54	Response	3	4230148	6141	1
A_HP_11	54	Pulse	99	4230148	6141	1
A_HP_11	55	Picture	response98	4230706	230	1	40233	1	0	40000	hit	296
A_HP_11	55	Response	2	4238666	8190	1
A_HP_11	55	Pulse	99	4250227	19751	1
A_HP_11	55	Pulse	99	4270228	39751	1
A_HP_11	56	Picture	response101	4281168	293	1	40229	1	0	40000	hit	300
A_HP_11	56	Response	1	4288696	7821	1
A_HP_11	56	Pulse	99	4290227	9351	1
A_HP_11	56	Pulse	99	4310227	29352	1
A_HP_11	56	Pulse	99	4330228	49352	1
A_HP_11	57	Picture	response99	4331460	185	1	40229	1	0	40000	hit	305
A_HP_11	57	Response	1	4345156	13881	1
A_HP_11	57	Pulse	99	4350227	18951	1
A_HP_11	57	Pulse	99	4370228	38953	1
A_HP_11	58	Picture	response104	4381918	242	1	40230	1	0	40000	hit	310
A_HP_11	58	Pulse	99	4390228	8552	1
A_HP_11	58	Response	1	4393166	11490	1
A_HP_11	58	Pulse	99	4410228	28552	1
A_HP_11	58	Pulse	99	4430148	48472	1
A_HP_11	59	Picture	response100	4432210	134	1	40229	1	0	40000	hit	314
A_HP_11	59	Response	2	4439456	7380	1
A_HP_11	59	Pulse	99	4450227	18151	1
A_HP_11	59	Pulse	99	4470228	38152	1
A_HP_11	60	Picture	response97	4482668	192	1	40229	1	0	40000	hit	319
A_HP_11	60	Pulse	99	4490148	7672	1
A_HP_11	60	Response	1	4491976	9500	1
A_HP_11	60	Pulse	99	4510228	27751	1
A_HP_11	60	Pulse	99	4530228	47752	1
A_HP_11	61	Picture	response102	4533126	250	1	40229	1	0	40000	hit	323
A_HP_11	61	Response	2	4540197	7321	1
A_HP_11	61	Pulse	99	4550147	17271	1
A_HP_11	61	Pulse	99	4570228	37352	1
A_HP_11	62	Picture	response103	4583418	142	1	40229	1	0	40000	hit	328
A_HP_11	62	Pulse	99	4590228	6952	1
A_HP_11	62	Response	1	4592486	9210	1
A_HP_11	62	Pulse	99	4610147	26871	1
A_HP_11	62	Pulse	99	4630228	46952	1
A_HP_11	63	Picture	thanks	4633376	0	1	10230	1	0	10000	other	0
A_HP_11	63	Pulse	99	4650228	16852	1


Event Type	Code	Type	Response	RT	RT Uncertainty	Time	Uncertainty	Duration	Uncertainty	ReqTime	ReqDur

Picture	ready	other				250462	1	10229	1	0	10000
Picture	ins7	other				311112	1	30229	1	0	30000
Picture	response51	hit	2	8317	2	630811	1	40229	1	0	40000
Picture	response55	hit	1	6056	2	681103	1	40229	1	0	40000
Picture	response50	hit	2	9328	2	731561	1	40229	1	0	40000
Picture	response52	hit	1	8709	2	782019	1	40229	1	0	40000
Picture	response56	hit	1	3821	2	832477	1	40229	1	0	40000
Picture	response53	hit	2	6249	2	882769	1	40229	1	0	40000
Picture	response54	hit	1	6878	2	933061	1	40230	1	0	40000
Picture	response49	hit	1	6342	2	983686	1	40230	1	0	40000
Picture	ins15	other				1033978	1	30229	1	0	30000
Picture	response115	hit	2	7570	2	1350807	1	40229	1	0	40000
Picture	response119	hit	2	7250	2	1401098	1	40229	1	0	40000
Picture	response114	hit	1	13922	2	1451556	1	40229	1	0	40000
Picture	response120	hit	2	8583	2	1502014	1	40229	1	0	40000
Picture	response118	hit	2	9415	2	1552473	1	40229	1	0	40000
Picture	response117	hit	1	8653	2	1602764	1	40229	1	0	40000
Picture	response116	hit	1	9382	2	1653056	1	40229	1	0	40000
Picture	response113	hit	2	12236	2	1703681	1	40230	1	0	40000
Picture	ins21	other				1753973	1	30229	1	0	30000
Picture	response164	hit	1	14120	2	2070807	1	40229	1	0	40000
Picture	response165	hit	1	9938	2	2121099	1	40230	1	0	40000
Picture	response161	hit	2	10550	2	2171558	1	40229	1	0	40000
Picture	response166	hit	1	11621	2	2222016	1	40229	1	0	40000
Picture	response167	hit	2	9303	2	2272474	1	40229	1	0	40000
Picture	response163	hit	2	7271	2	2322766	1	40229	1	0	40000
Picture	response162	hit	1	14689	2	2373058	1	40229	1	0	40000
Picture	response168	hit	2	13084	2	2423682	1	40229	1	0	40000
Picture	ins23	other				2473973	1	30229	1	0	30000
Picture	response178	hit	1	17171	2	2790807	1	40229	1	0	40000
Picture	response181	incorrect	1	20389	2	2841098	1	40229	1	0	40000
Picture	response180	hit	1	19390	2	2891557	1	40229	1	0	40000
Picture	response184	hit	1	6383	2	2942015	1	40229	1	0	40000
Picture	response179	hit	2	11975	2	2992473	1	40229	1	0	40000
Picture	response182	incorrect	1	21063	2	3042764	1	40229	1	0	40000
Picture	response177	hit	2	15171	2	3093056	1	40229	1	0	40000
Picture	response183	hit	1	15657	2	3143680	1	40229	1	0	40000
Picture	ins5	other				3193972	1	30229	1	0	30000
Picture	response40	hit	2	5360	2	3510807	1	40229	1	0	40000
Picture	response33	hit	2	5599	2	3561098	1	40229	1	0	40000
Picture	response36	hit	2	5481	2	3611556	1	40229	1	0	40000
Picture	response35	hit	1	6893	2	3662014	1	40229	1	0	40000
Picture	response34	hit	2	5325	2	3712472	1	40229	1	0	40000
Picture	response39	hit	1	5474	2	3762764	1	40229	1	0	40000
Picture	response37	hit	2	7462	2	3813055	1	40229	1	0	40000
Picture	response38	hit	1	8996	2	3863680	1	40229	1	0	40000
Picture	ins13	other				3913971	1	30230	1	0	30000
Picture	response98	hit	2	7960	2	4230706	1	40233	1	0	40000
Picture	response101	hit	1	7528	2	4281168	1	40229	1	0	40000
Picture	response99	hit	1	13696	2	4331460	1	40229	1	0	40000
Picture	response104	hit	1	11248	2	4381918	1	40230	1	0	40000
Picture	response100	hit	2	7247	2	4432210	1	40229	1	0	40000
Picture	response97	hit	1	9308	2	4482668	1	40229	1	0	40000
Picture	response102	hit	2	7070	2	4533126	1	40229	1	0	40000
Picture	response103	hit	1	9068	2	4583418	1	40229	1	0	40000
Picture	thanks	other				4633376	1	10230	1	0	10000


{
   "app": "Presentation Version 21.0 Build 06.06.19",
   "device": "LENOVO 20KHCTO1WW",
   "experiment": "{C0C68DB1-10BA-42F2-8F79-3F2AFFEED4E4}",
   "os": "Windows 10 64 bit",
   "package": "",
   "parameters": {
      "configuration": "Default configuration"
   },
   "scenario": "Feature experiment(2).sce",
   "subject": "A_HP_11",
   "timestamp": "2019/08/30 06:49:20 GMT"
}
