Scenario - 
Logfile written - 02/21/2020 12:07:07

Subject	Trial	Event Type	Code	Time	TTime	Uncertainty	Duration	Uncertainty	ReqTime	ReqDur	Stim Type	Pair Index

A_HP_52	1	Response	3	360579	359413	1
A_HP_52	1	Pulse	99	360579	359413	1
A_HP_52	2	Picture	ready	360670	0	1	10162	1	0	10000	other	0
A_HP_52	2	Pulse	99	380579	19909	1
A_HP_52	2	Pulse	99	400579	39910	1
A_HP_52	2	Pulse	99	420580	59910	1
A_HP_52	3	Picture	ins7	421142	86	1	30153	1	0	30000	other	0
A_HP_52	3	Pulse	99	440579	19523	1
A_HP_52	3	Pulse	99	460579	39523	1
A_HP_52	3	Pulse	99	480579	59523	1
A_HP_52	3	Pulse	99	500579	79523	1
A_HP_52	3	Pulse	99	520579	99523	1
A_HP_52	3	Pulse	99	540579	119523	1
A_HP_52	3	Pulse	99	560579	139523	1
A_HP_52	3	Pulse	99	580579	159523	1
A_HP_52	3	Pulse	99	600579	179523	1
A_HP_52	3	Pulse	99	620579	199523	1
A_HP_52	3	Pulse	99	640579	219523	1
A_HP_52	3	Pulse	99	660579	239523	1
A_HP_52	3	Pulse	99	680579	259523	1
A_HP_52	3	Pulse	99	700579	279523	1
A_HP_52	3	Pulse	99	720579	299523	1
A_HP_52	4	Response	3	740579	9411	1
A_HP_52	4	Pulse	99	740579	9411	1
A_HP_52	5	Picture	response52	740997	41	1	40148	1	0	40000	hit	26
A_HP_52	5	Response	1	760308	19352	1
A_HP_52	5	Pulse	99	760578	19622	1
A_HP_52	5	Pulse	99	780579	39623	1
A_HP_52	6	Picture	response50	791474	118	1	40148	1	0	40000	hit	31
A_HP_52	6	Pulse	99	800579	9223	1
A_HP_52	6	Response	2	800607	9251	1
A_HP_52	6	Pulse	99	820579	29223	1
A_HP_52	6	Pulse	99	840579	49223	1
A_HP_52	7	Picture	response51	841952	195	1	40148	1	0	40000	hit	35
A_HP_52	7	Response	2	851418	9662	1
A_HP_52	7	Pulse	99	860579	18823	1
A_HP_52	7	Pulse	99	880579	38823	1
A_HP_52	8	Picture	response54	892262	106	1	40149	1	0	40000	hit	40
A_HP_52	8	Pulse	99	900579	8423	1
A_HP_52	8	Response	1	902118	9962	1
A_HP_52	8	Pulse	99	920579	28423	1
A_HP_52	8	Pulse	99	940579	48423	1
A_HP_52	9	Picture	response53	942739	183	1	40148	1	0	40000	hit	44
A_HP_52	9	Response	2	951558	9002	1
A_HP_52	9	Pulse	99	960579	18023	1
A_HP_52	9	Pulse	99	980579	38023	1
A_HP_52	10	Picture	response56	993050	94	1	40149	1	0	40000	hit	49
A_HP_52	10	Pulse	99	1000579	7623	1
A_HP_52	10	Response	1	1001417	8461	1
A_HP_52	10	Pulse	99	1020579	27623	1
A_HP_52	10	Pulse	99	1040579	47623	1
A_HP_52	11	Picture	response55	1043527	171	1	40148	1	0	40000	hit	53
A_HP_52	11	Response	1	1049548	6192	1
A_HP_52	11	Pulse	99	1060579	17223	1
A_HP_52	11	Pulse	99	1080579	37223	1
A_HP_52	12	Picture	response49	1093837	81	1	40149	1	0	40000	hit	58
A_HP_52	12	Pulse	99	1100579	6823	1
A_HP_52	12	Response	1	1106788	13032	1
A_HP_52	12	Pulse	99	1120579	26823	1
A_HP_52	12	Pulse	99	1140579	46823	1
A_HP_52	13	Picture	ins15	1144315	159	1	30153	1	0	30000	other	0
A_HP_52	13	Pulse	99	1160579	16423	1
A_HP_52	13	Pulse	99	1180579	36423	1
A_HP_52	13	Pulse	99	1200579	56423	1
A_HP_52	13	Pulse	99	1220578	76422	1
A_HP_52	13	Pulse	99	1240579	96423	1
A_HP_52	13	Pulse	99	1260579	116423	1
A_HP_52	13	Pulse	99	1280578	136422	1
A_HP_52	13	Pulse	99	1300580	156424	1
A_HP_52	13	Pulse	99	1320579	176423	1
A_HP_52	13	Pulse	99	1340579	196423	1
A_HP_52	13	Pulse	99	1360579	216423	1
A_HP_52	13	Pulse	99	1380579	236423	1
A_HP_52	13	Pulse	99	1400579	256423	1
A_HP_52	13	Pulse	99	1420579	276423	1
A_HP_52	13	Pulse	99	1440579	296423	1
A_HP_52	14	Response	3	1460579	6238	1
A_HP_52	14	Pulse	99	1460579	6238	1
A_HP_52	15	Picture	response115	1461004	48	1	40149	1	0	40000	hit	81
A_HP_52	15	Pulse	99	1480580	19624	1
A_HP_52	15	Response	2	1482448	21492	1
A_HP_52	15	Pulse	99	1500579	39623	1
A_HP_52	16	Picture	response113	1511482	126	1	40148	1	0	40000	hit	85
A_HP_52	16	Pulse	99	1520579	9223	1
A_HP_52	16	Response	2	1523858	12502	1
A_HP_52	16	Pulse	99	1540579	29223	1
A_HP_52	16	Pulse	99	1560579	49223	1
A_HP_52	17	Picture	response118	1561792	36	1	40148	1	0	40000	hit	89
A_HP_52	17	Response	2	1570328	8572	1
A_HP_52	17	Pulse	99	1580579	18823	1
A_HP_52	17	Pulse	99	1600579	38823	1
A_HP_52	18	Picture	response114	1612269	113	1	40148	1	0	40000	hit	94
A_HP_52	18	Pulse	99	1620579	8423	1
A_HP_52	18	Response	1	1623468	11312	1
A_HP_52	18	Pulse	99	1640579	28423	1
A_HP_52	18	Pulse	99	1660579	48423	1
A_HP_52	19	Picture	response119	1662746	190	1	40148	1	0	40000	hit	98
A_HP_52	19	Response	2	1676328	13772	1
A_HP_52	19	Pulse	99	1680579	18023	1
A_HP_52	19	Pulse	99	1700579	38023	1
A_HP_52	20	Picture	response120	1713057	101	1	40148	1	0	40000	hit	103
A_HP_52	20	Pulse	99	1720579	7623	1
A_HP_52	20	Response	2	1722358	9402	1
A_HP_52	20	Pulse	99	1740579	27623	1
A_HP_52	20	Pulse	99	1760579	47623	1
A_HP_52	21	Picture	response116	1763534	178	1	40149	1	0	40000	hit	107
A_HP_52	21	Response	1	1772278	8922	1
A_HP_52	21	Pulse	99	1780579	17223	1
A_HP_52	21	Pulse	99	1800579	37223	1
A_HP_52	22	Picture	response117	1813845	89	1	40148	1	0	40000	hit	112
A_HP_52	22	Pulse	99	1820579	6823	1
A_HP_52	22	Response	1	1835317	21561	1
A_HP_52	22	Pulse	99	1840579	26823	1
A_HP_52	22	Pulse	99	1860579	46823	1
A_HP_52	23	Picture	ins5	1864322	166	1	30153	1	0	30000	other	0
A_HP_52	23	Pulse	99	1880579	16423	1
A_HP_52	23	Pulse	99	1900579	36423	1
A_HP_52	23	Pulse	99	1920579	56423	1
A_HP_52	23	Pulse	99	1940579	76423	1
A_HP_52	23	Pulse	99	1960579	96423	1
A_HP_52	23	Pulse	99	1980579	116423	1
A_HP_52	23	Pulse	99	2000579	136423	1
A_HP_52	23	Pulse	99	2020580	156424	1
A_HP_52	23	Pulse	99	2040579	176423	1
A_HP_52	23	Pulse	99	2060579	196423	1
A_HP_52	23	Pulse	99	2080579	216423	1
A_HP_52	23	Pulse	99	2100579	236423	1
A_HP_52	23	Pulse	99	2120579	256423	1
A_HP_52	23	Pulse	99	2140579	276423	1
A_HP_52	23	Pulse	99	2160579	296423	1
A_HP_52	24	Response	3	2180579	6231	1
A_HP_52	24	Pulse	99	2180579	6231	1
A_HP_52	25	Picture	response34	2181012	56	1	40148	1	0	40000	hit	134
A_HP_52	25	Response	2	2200038	19082	1
A_HP_52	25	Pulse	99	2200578	19623	1
A_HP_52	25	Pulse	99	2220579	39623	1
A_HP_52	26	Picture	response36	2231489	133	1	40149	1	0	40000	hit	139
A_HP_52	26	Pulse	99	2240579	9223	1
A_HP_52	26	Response	2	2247078	15722	1
A_HP_52	26	Pulse	99	2260579	29223	1
A_HP_52	26	Pulse	99	2280579	49223	1
A_HP_52	27	Picture	response39	2281799	43	1	40149	1	0	40000	hit	143
A_HP_52	27	Response	1	2294359	12603	1
A_HP_52	27	Pulse	99	2300579	18823	1
A_HP_52	27	Pulse	99	2320579	38823	1
A_HP_52	28	Picture	response37	2332276	120	1	40148	1	0	40000	hit	148
A_HP_52	28	Pulse	99	2340579	8423	1
A_HP_52	28	Response	2	2341918	9762	1
A_HP_52	28	Pulse	99	2360579	28423	1
A_HP_52	28	Pulse	99	2380579	48423	1
A_HP_52	29	Picture	response40	2382753	197	1	40149	1	0	40000	hit	152
A_HP_52	29	Response	2	2392678	10122	1
A_HP_52	29	Pulse	99	2400579	18023	1
A_HP_52	29	Pulse	99	2420579	38023	1
A_HP_52	30	Picture	response33	2433064	108	1	40148	1	0	40000	hit	157
A_HP_52	30	Pulse	99	2440579	7623	1
A_HP_52	30	Response	2	2442077	9122	1
A_HP_52	30	Pulse	99	2460579	27623	1
A_HP_52	30	Pulse	99	2480579	47623	1
A_HP_52	31	Picture	response38	2483541	185	1	40148	1	0	40000	hit	161
A_HP_52	31	Response	1	2494378	11022	1
A_HP_52	31	Pulse	99	2500579	17223	1
A_HP_52	31	Pulse	99	2520579	37223	1
A_HP_52	32	Picture	response35	2533852	96	1	40148	1	0	40000	hit	166
A_HP_52	32	Pulse	99	2540579	6823	1
A_HP_52	32	Response	1	2541467	7711	1
A_HP_52	32	Pulse	99	2560579	26823	1
A_HP_52	32	Pulse	99	2580579	46823	1
A_HP_52	33	Picture	ins21	2584329	173	1	30153	1	0	30000	other	0
A_HP_52	33	Pulse	99	2600579	16423	1
A_HP_52	33	Pulse	99	2620579	36423	1
A_HP_52	33	Pulse	99	2640579	56423	1
A_HP_52	33	Pulse	99	2660499	76343	1
A_HP_52	33	Pulse	99	2680579	96423	1
A_HP_52	33	Pulse	99	2700579	116423	1
A_HP_52	33	Pulse	99	2720499	136343	1
A_HP_52	33	Pulse	99	2740579	156423	1
A_HP_52	33	Pulse	99	2760579	176423	1
A_HP_52	33	Pulse	99	2780499	196343	1
A_HP_52	33	Pulse	99	2800579	216423	1
A_HP_52	33	Pulse	99	2820580	236424	1
A_HP_52	33	Pulse	99	2840499	256343	1
A_HP_52	33	Pulse	99	2860579	276423	1
A_HP_52	33	Pulse	99	2880579	296423	1
A_HP_52	34	Response	3	2900499	6310	1
A_HP_52	34	Pulse	99	2900499	6310	1
A_HP_52	35	Picture	response166	2901019	163	1	40148	1	0	40000	hit	189
A_HP_52	35	Pulse	99	2920579	19723	1
A_HP_52	35	Response	1	2921277	20421	1
A_HP_52	35	Pulse	99	2940579	39723	1
A_HP_52	36	Picture	response167	2951329	73	1	40149	1	0	40000	hit	193
A_HP_52	36	Pulse	99	2960499	9243	1
A_HP_52	36	Response	2	2971268	20012	1
A_HP_52	36	Pulse	99	2980579	29323	1
A_HP_52	36	Pulse	99	3000579	49323	1
A_HP_52	37	Picture	response168	3001806	150	1	40148	1	0	40000	hit	198
A_HP_52	37	Pulse	99	3020579	18923	1
A_HP_52	37	Response	2	3026688	25032	1
A_HP_52	37	Pulse	99	3040579	38923	1
A_HP_52	38	Picture	response162	3052117	61	1	40148	1	0	40000	hit	202
A_HP_52	38	Pulse	99	3060579	8523	1
A_HP_52	38	Response	1	3078418	26362	1
A_HP_52	38	Pulse	99	3080578	28522	1
A_HP_52	38	Pulse	99	3100579	48523	1
A_HP_52	39	Picture	response161	3102594	138	1	40148	1	0	40000	hit	206
A_HP_52	39	Response	2	3114848	12392	1
A_HP_52	39	Pulse	99	3120579	18123	1
A_HP_52	39	Pulse	99	3140579	38123	1
A_HP_52	40	Picture	response163	3152905	49	1	40148	1	0	40000	hit	211
A_HP_52	40	Pulse	99	3160499	7643	1
A_HP_52	40	Response	2	3177698	24842	1
A_HP_52	40	Pulse	99	3180579	27723	1
A_HP_52	40	Pulse	99	3200579	47723	1
A_HP_52	41	Picture	response164	3203382	126	1	40148	1	0	40000	hit	216
A_HP_52	41	Pulse	99	3220499	17243	1
A_HP_52	41	Response	1	3230028	26772	1
A_HP_52	41	Pulse	99	3240579	37323	1
A_HP_52	42	Picture	response165	3253692	36	1	40148	1	0	40000	incorrect	220
A_HP_52	42	Pulse	99	3260579	6923	1
A_HP_52	42	Response	2	3267828	14172	1
A_HP_52	42	Pulse	99	3280499	26843	1
A_HP_52	42	Pulse	99	3300579	46923	1
A_HP_52	43	Picture	ins13	3304169	113	1	30153	1	0	30000	other	0
A_HP_52	43	Pulse	99	3320579	16523	1
A_HP_52	43	Pulse	99	3340499	36443	1
A_HP_52	43	Pulse	99	3360579	56523	1
A_HP_52	43	Pulse	99	3380579	76523	1
A_HP_52	43	Pulse	99	3400499	96443	1
A_HP_52	43	Pulse	99	3420579	116523	1
A_HP_52	43	Pulse	99	3440579	136523	1
A_HP_52	43	Pulse	99	3460499	156443	1
A_HP_52	43	Pulse	99	3480579	176523	1
A_HP_52	43	Pulse	99	3500579	196523	1
A_HP_52	43	Pulse	99	3520499	216443	1
A_HP_52	43	Pulse	99	3540579	236523	1
A_HP_52	43	Pulse	99	3560579	256523	1
A_HP_52	43	Pulse	99	3580499	276443	1
A_HP_52	43	Pulse	99	3600579	296523	1
A_HP_52	44	Response	3	3620579	6383	1
A_HP_52	44	Pulse	99	3620579	6383	1
A_HP_52	45	Picture	response104	3621026	70	1	40148	1	0	40000	hit	243
A_HP_52	45	Pulse	99	3640499	19543	1
A_HP_52	45	Response	1	3640958	20002	1
A_HP_52	45	Pulse	99	3660499	39543	1
A_HP_52	46	Picture	response103	3671503	147	1	40148	1	0	40000	hit	246
A_HP_52	46	Response	1	3679818	8462	1
A_HP_52	46	Pulse	99	3680579	9223	1
A_HP_52	46	Pulse	99	3700499	29143	1
A_HP_52	46	Pulse	99	3720499	49143	1
A_HP_52	47	Picture	response99	3721814	58	1	40148	1	0	40000	hit	251
A_HP_52	47	Response	1	3732278	10522	1
A_HP_52	47	Pulse	99	3740579	18823	1
A_HP_52	47	Pulse	99	3760499	38743	1
A_HP_52	48	Picture	response101	3772291	135	1	40148	1	0	40000	hit	256
A_HP_52	48	Pulse	99	3780499	8343	1
A_HP_52	48	Response	1	3783647	11491	1
A_HP_52	48	Pulse	99	3800579	28423	1
A_HP_52	48	Pulse	99	3820499	48343	1
A_HP_52	49	Picture	response97	3822601	45	1	40148	1	0	40000	hit	260
A_HP_52	49	Response	1	3831758	9202	1
A_HP_52	49	Pulse	99	3840499	17943	1
A_HP_52	49	Pulse	99	3860579	38023	1
A_HP_52	50	Picture	response102	3873078	122	1	40148	1	0	40000	hit	265
A_HP_52	50	Pulse	99	3880499	7543	1
A_HP_52	50	Response	2	3887287	14332	1
A_HP_52	50	Pulse	99	3900499	27543	1
A_HP_52	50	Pulse	99	3920579	47623	1
A_HP_52	51	Picture	response100	3923389	33	1	40148	1	0	40000	hit	269
A_HP_52	51	Response	2	3932108	8752	1
A_HP_52	51	Pulse	99	3940579	17223	1
A_HP_52	51	Pulse	99	3960499	37143	1
A_HP_52	52	Picture	response98	3973866	110	1	40148	1	0	40000	hit	274
A_HP_52	52	Pulse	99	3980579	6823	1
A_HP_52	52	Response	2	3981587	7831	1
A_HP_52	52	Pulse	99	4000579	26823	1
A_HP_52	52	Pulse	99	4020499	46743	1
A_HP_52	53	Picture	ins23	4024343	187	1	30153	1	0	30000	other	0
A_HP_52	53	Pulse	99	4040579	16423	1
A_HP_52	53	Pulse	99	4060579	36423	1
A_HP_52	53	Pulse	99	4080499	56343	1
A_HP_52	53	Pulse	99	4100579	76423	1
A_HP_52	53	Pulse	99	4120579	96423	1
A_HP_52	53	Pulse	99	4140499	116343	1
A_HP_52	53	Pulse	99	4160499	136343	1
A_HP_52	53	Pulse	99	4180579	156423	1
A_HP_52	53	Pulse	99	4200499	176343	1
A_HP_52	53	Pulse	99	4220499	196343	1
A_HP_52	53	Pulse	99	4240579	216423	1
A_HP_52	53	Pulse	99	4260499	236343	1
A_HP_52	53	Pulse	99	4280499	256343	1
A_HP_52	53	Pulse	99	4300579	276423	1
A_HP_52	53	Pulse	99	4320499	296343	1
A_HP_52	54	Response	3	4340499	6296	1
A_HP_52	54	Pulse	99	4340499	6296	1
A_HP_52	55	Picture	response183	4341033	177	1	40149	1	0	40000	hit	296
A_HP_52	55	Response	1	4352698	11842	1
A_HP_52	55	Pulse	99	4360579	19723	1
A_HP_52	55	Pulse	99	4380499	39643	1
A_HP_52	56	Picture	response179	4391344	88	1	40149	1	0	40000	hit	301
A_HP_52	56	Pulse	99	4400499	9243	1
A_HP_52	56	Response	2	4405218	13962	1
A_HP_52	56	Pulse	99	4420579	29323	1
A_HP_52	56	Pulse	99	4440500	49244	1
A_HP_52	57	Picture	response181	4441820	165	1	40149	1	0	40000	hit	306
A_HP_52	57	Pulse	99	4460499	18843	1
A_HP_52	57	Response	2	4465768	24112	1
A_HP_52	57	Pulse	99	4480579	38923	1
A_HP_52	58	Picture	response182	4492131	75	1	40148	1	0	40000	hit	310
A_HP_52	58	Pulse	99	4500499	8443	1
A_HP_52	58	Response	2	4505498	13442	1
A_HP_52	58	Pulse	99	4520499	28443	1
A_HP_52	58	Pulse	99	4540579	48523	1
A_HP_52	59	Picture	response178	4542608	152	1	40148	1	0	40000	incorrect	315
A_HP_52	59	Pulse	99	4560499	18043	1
A_HP_52	59	Response	2	4564727	22272	1
A_HP_52	59	Pulse	99	4580499	38043	1
A_HP_52	60	Picture	response177	4592919	63	1	40148	1	0	40000	hit	319
A_HP_52	60	Pulse	99	4600579	7723	1
A_HP_52	60	Response	2	4607608	14752	1
A_HP_52	60	Pulse	99	4620499	27643	1
A_HP_52	60	Pulse	99	4640499	47643	1
A_HP_52	61	Picture	response184	4643396	140	1	40148	1	0	40000	hit	323
A_HP_52	61	Response	1	4659298	16042	1
A_HP_52	61	Pulse	99	4660498	17243	1
A_HP_52	61	Pulse	99	4680499	37243	1
A_HP_52	62	Picture	response180	4693706	51	1	40149	1	0	40000	hit	328
A_HP_52	62	Pulse	99	4700499	6843	1
A_HP_52	62	Response	1	4702407	8751	1
A_HP_52	62	Pulse	99	4720499	26843	1
A_HP_52	62	Pulse	99	4740499	46843	1
A_HP_52	63	Picture	thanks	4743850	0	1	10162	1	0	10000	other	0
A_HP_52	63	Pulse	99	4760499	16648	1


Event Type	Code	Type	Response	RT	RT Uncertainty	Time	Uncertainty	Duration	Uncertainty	ReqTime	ReqDur

Picture	ready	other				360670	1	10162	1	0	10000
Picture	ins7	other				421142	1	30153	1	0	30000
Picture	response52	hit	1	19311	2	740997	1	40148	1	0	40000
Picture	response50	hit	2	9132	2	791474	1	40148	1	0	40000
Picture	response51	hit	2	9467	2	841952	1	40148	1	0	40000
Picture	response54	hit	1	9855	2	892262	1	40149	1	0	40000
Picture	response53	hit	2	8819	2	942739	1	40148	1	0	40000
Picture	response56	hit	1	8367	2	993050	1	40149	1	0	40000
Picture	response55	hit	1	6021	2	1043527	1	40148	1	0	40000
Picture	response49	hit	1	12950	2	1093837	1	40149	1	0	40000
Picture	ins15	other				1144315	1	30153	1	0	30000
Picture	response115	hit	2	21443	2	1461004	1	40149	1	0	40000
Picture	response113	hit	2	12376	2	1511482	1	40148	1	0	40000
Picture	response118	hit	2	8536	2	1561792	1	40148	1	0	40000
Picture	response114	hit	1	11198	2	1612269	1	40148	1	0	40000
Picture	response119	hit	2	13581	2	1662746	1	40148	1	0	40000
Picture	response120	hit	2	9301	2	1713057	1	40148	1	0	40000
Picture	response116	hit	1	8744	2	1763534	1	40149	1	0	40000
Picture	response117	hit	1	21473	2	1813845	1	40148	1	0	40000
Picture	ins5	other				1864322	1	30153	1	0	30000
Picture	response34	hit	2	19026	2	2181012	1	40148	1	0	40000
Picture	response36	hit	2	15589	2	2231489	1	40149	1	0	40000
Picture	response39	hit	1	12559	2	2281799	1	40149	1	0	40000
Picture	response37	hit	2	9641	2	2332276	1	40148	1	0	40000
Picture	response40	hit	2	9924	2	2382753	1	40149	1	0	40000
Picture	response33	hit	2	9013	2	2433064	1	40148	1	0	40000
Picture	response38	hit	1	10837	2	2483541	1	40148	1	0	40000
Picture	response35	hit	1	7615	2	2533852	1	40148	1	0	40000
Picture	ins21	other				2584329	1	30153	1	0	30000
Picture	response166	hit	1	20258	2	2901019	1	40148	1	0	40000
Picture	response167	hit	2	19939	2	2951329	1	40149	1	0	40000
Picture	response168	hit	2	24881	2	3001806	1	40148	1	0	40000
Picture	response162	hit	1	26301	2	3052117	1	40148	1	0	40000
Picture	response161	hit	2	12254	2	3102594	1	40148	1	0	40000
Picture	response163	hit	2	24793	2	3152905	1	40148	1	0	40000
Picture	response164	hit	1	26646	2	3203382	1	40148	1	0	40000
Picture	response165	incorrect	2	14136	2	3253692	1	40148	1	0	40000
Picture	ins13	other				3304169	1	30153	1	0	30000
Picture	response104	hit	1	19932	2	3621026	1	40148	1	0	40000
Picture	response103	hit	1	8315	2	3671503	1	40148	1	0	40000
Picture	response99	hit	1	10464	2	3721814	1	40148	1	0	40000
Picture	response101	hit	1	11357	2	3772291	1	40148	1	0	40000
Picture	response97	hit	1	9157	2	3822601	1	40148	1	0	40000
Picture	response102	hit	2	14209	2	3873078	1	40148	1	0	40000
Picture	response100	hit	2	8719	2	3923389	1	40148	1	0	40000
Picture	response98	hit	2	7721	2	3973866	1	40148	1	0	40000
Picture	ins23	other				4024343	1	30153	1	0	30000
Picture	response183	hit	1	11665	2	4341033	1	40149	1	0	40000
Picture	response179	hit	2	13874	2	4391344	1	40149	1	0	40000
Picture	response181	hit	2	23947	2	4441820	1	40149	1	0	40000
Picture	response182	hit	2	13366	2	4492131	1	40148	1	0	40000
Picture	response178	incorrect	2	22119	2	4542608	1	40148	1	0	40000
Picture	response177	hit	2	14689	2	4592919	1	40148	1	0	40000
Picture	response184	hit	1	15902	2	4643396	1	40148	1	0	40000
Picture	response180	hit	1	8701	2	4693706	1	40149	1	0	40000
Picture	thanks	other				4743850	1	10162	1	0	10000


{
   "app": "Presentation Version 21.1 Build 09.05.19",
   "device": "LENOVO 20FBCTO1WW",
   "experiment": "{C0C68DB1-10BA-42F2-8F79-3F2AFFEED4E4}",
   "os": "Windows 10 64 bit",
   "package": "",
   "parameters": {
      "configuration": "Default configuration"
   },
   "scenario": "Feature experiment(2).sce",
   "subject": "A_HP_52",
   "timestamp": "2020/02/21 02:59:03 GMT"
}
