Scenario - 
Logfile written - 10/18/2019 09:19:11

Subject	Trial	Event Type	Code	Time	TTime	Uncertainty	Duration	Uncertainty	ReqTime	ReqDur	Stim Type	Pair Index

A_HP_18	1	Response	3	243404	242071	1
A_HP_18	1	Pulse	99	243404	242071	1
A_HP_18	2	Picture	ready	243635	0	1	10396	1	0	10000	other	0
A_HP_18	2	Pulse	99	263404	19769	1
A_HP_18	2	Pulse	99	283404	39769	1
A_HP_18	2	Pulse	99	303404	59769	1
A_HP_18	3	Picture	ins15	304228	233	1	30229	1	0	30000	other	0
A_HP_18	3	Pulse	99	323403	19409	1
A_HP_18	3	Pulse	99	343403	39409	1
A_HP_18	3	Pulse	99	363403	59409	1
A_HP_18	3	Pulse	99	383403	79409	1
A_HP_18	3	Pulse	99	403403	99409	1
A_HP_18	3	Pulse	99	423403	119409	1
A_HP_18	3	Pulse	99	443403	139409	1
A_HP_18	3	Pulse	99	463404	159409	1
A_HP_18	3	Pulse	99	483403	179409	1
A_HP_18	3	Pulse	99	503403	199409	1
A_HP_18	3	Pulse	99	523403	219409	1
A_HP_18	3	Pulse	99	543404	239409	1
A_HP_18	3	Pulse	99	563404	259409	1
A_HP_18	3	Pulse	99	583403	279409	1
A_HP_18	3	Pulse	99	603403	299409	1
A_HP_18	4	Response	3	623403	9179	1
A_HP_18	4	Pulse	99	623403	9179	1
A_HP_18	5	Picture	response116	624024	231	1	40229	1	0	40000	hit	26
A_HP_18	5	Response	1	631522	7728	1
A_HP_18	5	Pulse	99	643403	19610	1
A_HP_18	5	Pulse	99	663403	39610	1
A_HP_18	6	Picture	response118	674482	288	1	40229	1	0	40000	hit	30
A_HP_18	6	Response	2	681972	7778	1
A_HP_18	6	Pulse	99	683402	9209	1
A_HP_18	6	Pulse	99	703403	29210	1
A_HP_18	6	Pulse	99	723403	49210	1
A_HP_18	7	Picture	response119	724773	179	1	40229	1	0	40000	hit	35
A_HP_18	7	Response	2	730972	6378	1
A_HP_18	7	Pulse	99	743403	18810	1
A_HP_18	7	Pulse	99	763403	38809	1
A_HP_18	8	Picture	response114	775231	238	1	40229	1	0	40000	hit	39
A_HP_18	8	Response	1	781572	6579	1
A_HP_18	8	Pulse	99	783402	8409	1
A_HP_18	8	Pulse	99	803403	28410	1
A_HP_18	8	Pulse	99	823403	48410	1
A_HP_18	9	Picture	response120	825690	296	1	40229	1	0	40000	hit	44
A_HP_18	9	Response	2	832052	6658	1
A_HP_18	9	Pulse	99	843403	18009	1
A_HP_18	9	Pulse	99	863403	38010	1
A_HP_18	10	Picture	response115	875981	188	1	40229	1	0	40000	hit	48
A_HP_18	10	Response	2	881672	5878	1
A_HP_18	10	Pulse	99	883403	7609	1
A_HP_18	10	Pulse	99	903403	27610	1
A_HP_18	10	Pulse	99	923404	47610	1
A_HP_18	11	Picture	response117	926440	246	1	40229	1	0	40000	hit	53
A_HP_18	11	Response	1	933002	6808	1
A_HP_18	11	Pulse	99	943403	17210	1
A_HP_18	11	Pulse	99	963403	37210	1
A_HP_18	12	Picture	response113	976731	138	1	40229	1	0	40000	hit	58
A_HP_18	12	Pulse	99	983403	6809	1
A_HP_18	12	Response	2	984421	7827	1
A_HP_18	12	Pulse	99	1003403	26809	1
A_HP_18	12	Pulse	99	1023403	46810	1
A_HP_18	13	Picture	ins21	1027356	363	1	30229	1	0	30000	other	0
A_HP_18	13	Pulse	99	1043403	16410	1
A_HP_18	13	Pulse	99	1063403	36410	1
A_HP_18	13	Pulse	99	1083403	56409	1
A_HP_18	13	Pulse	99	1103403	76410	1
A_HP_18	13	Pulse	99	1123403	96410	1
A_HP_18	13	Pulse	99	1143403	116409	1
A_HP_18	13	Pulse	99	1163403	136410	1
A_HP_18	13	Pulse	99	1183403	156410	1
A_HP_18	13	Pulse	99	1203403	176409	1
A_HP_18	13	Pulse	99	1223403	196410	1
A_HP_18	13	Pulse	99	1243403	216409	1
A_HP_18	13	Pulse	99	1263403	236410	1
A_HP_18	13	Pulse	99	1283403	256409	1
A_HP_18	13	Pulse	99	1303403	276410	1
A_HP_18	13	Pulse	99	1323403	296409	1
A_HP_18	14	Response	3	1343403	6180	1
A_HP_18	14	Pulse	99	1343403	6180	1
A_HP_18	15	Picture	response162	1344024	230	1	40229	1	0	40000	hit	81
A_HP_18	15	Pulse	99	1363403	19609	1
A_HP_18	15	Response	1	1372282	28488	1
A_HP_18	15	Pulse	99	1383403	39609	1
A_HP_18	16	Picture	response164	1394482	288	1	40229	1	0	40000	hit	85
A_HP_18	16	Pulse	99	1403403	9209	1
A_HP_18	16	Response	1	1420772	26578	1
A_HP_18	16	Pulse	99	1423402	29208	1
A_HP_18	16	Pulse	99	1443403	49209	1
A_HP_18	17	Picture	response163	1444773	180	1	40229	1	0	40000	hit	89
A_HP_18	17	Response	2	1454712	10118	1
A_HP_18	17	Pulse	99	1463403	18809	1
A_HP_18	17	Pulse	99	1483403	38809	1
A_HP_18	18	Picture	response167	1495231	237	1	40229	1	0	40000	hit	93
A_HP_18	18	Response	2	1502312	7318	1
A_HP_18	18	Pulse	99	1503402	8408	1
A_HP_18	18	Pulse	99	1523403	28409	1
A_HP_18	18	Pulse	99	1543403	48409	1
A_HP_18	19	Picture	response161	1545689	295	1	40229	1	0	40000	hit	99
A_HP_18	19	Pulse	99	1563403	18009	1
A_HP_18	19	Response	2	1564851	19457	1
A_HP_18	19	Pulse	99	1583403	38009	1
A_HP_18	20	Picture	response168	1595980	187	1	40229	1	0	40000	hit	103
A_HP_18	20	Pulse	99	1603403	7609	1
A_HP_18	20	Response	2	1606331	10538	1
A_HP_18	20	Pulse	99	1623403	27609	1
A_HP_18	20	Pulse	99	1643403	47609	1
A_HP_18	21	Picture	response166	1646439	246	1	40230	1	0	40000	hit	108
A_HP_18	21	Pulse	99	1663403	17210	1
A_HP_18	21	Response	1	1669122	22929	1
A_HP_18	21	Pulse	99	1683403	37210	1
A_HP_18	22	Picture	response165	1696731	138	1	40229	1	0	40000	hit	111
A_HP_18	22	Response	1	1702671	6079	1
A_HP_18	22	Pulse	99	1703322	6729	1
A_HP_18	22	Pulse	99	1723403	26810	1
A_HP_18	22	Pulse	99	1743403	46810	1
A_HP_18	23	Picture	ins13	1747356	363	1	30230	1	0	30000	other	0
A_HP_18	23	Pulse	99	1763403	16410	1
A_HP_18	23	Pulse	99	1783403	36410	1
A_HP_18	23	Pulse	99	1803402	56409	1
A_HP_18	23	Pulse	99	1823402	76409	1
A_HP_18	23	Pulse	99	1843402	96409	1
A_HP_18	23	Pulse	99	1863403	116410	1
A_HP_18	23	Pulse	99	1883402	136409	1
A_HP_18	23	Pulse	99	1903403	156410	1
A_HP_18	23	Pulse	99	1923403	176410	1
A_HP_18	23	Pulse	99	1943404	196411	1
A_HP_18	23	Pulse	99	1963322	216329	1
A_HP_18	23	Pulse	99	1983403	236410	1
A_HP_18	23	Pulse	99	2003403	256410	1
A_HP_18	23	Pulse	99	2023323	276330	1
A_HP_18	23	Pulse	99	2043403	296410	1
A_HP_18	24	Response	3	2063403	6179	1
A_HP_18	24	Pulse	99	2063403	6179	1
A_HP_18	25	Picture	response99	2064022	230	1	40229	1	0	40000	hit	134
A_HP_18	25	Response	1	2075461	11669	1
A_HP_18	25	Pulse	99	2083403	19610	1
A_HP_18	25	Pulse	99	2103403	39610	1
A_HP_18	26	Picture	response98	2114481	288	1	40229	1	0	40000	hit	138
A_HP_18	26	Response	2	2122061	7869	1
A_HP_18	26	Pulse	99	2123402	9209	1
A_HP_18	26	Pulse	99	2143403	29210	1
A_HP_18	26	Pulse	99	2163403	49210	1
A_HP_18	27	Picture	response104	2164772	180	1	40230	1	0	40000	hit	143
A_HP_18	27	Response	1	2175873	11280	1
A_HP_18	27	Pulse	99	2183402	18809	1
A_HP_18	27	Pulse	99	2203403	38810	1
A_HP_18	28	Picture	response100	2215230	238	1	40229	1	0	40000	hit	147
A_HP_18	28	Response	2	2220992	5999	1
A_HP_18	28	Pulse	99	2223402	8409	1
A_HP_18	28	Pulse	99	2243402	28409	1
A_HP_18	28	Pulse	99	2263402	48410	1
A_HP_18	29	Picture	response102	2265689	296	1	40229	1	0	40000	hit	152
A_HP_18	29	Response	2	2271861	6468	1
A_HP_18	29	Pulse	99	2283323	17929	1
A_HP_18	29	Pulse	99	2303403	38009	1
A_HP_18	30	Picture	response103	2315980	188	1	40230	1	0	40000	hit	157
A_HP_18	30	Pulse	99	2323402	7609	1
A_HP_18	30	Response	1	2325811	10018	1
A_HP_18	30	Pulse	99	2343322	27530	1
A_HP_18	30	Pulse	99	2363402	47610	1
A_HP_18	31	Picture	response97	2366439	246	1	40230	1	0	40000	hit	161
A_HP_18	31	Response	1	2372881	6688	1
A_HP_18	31	Pulse	99	2383402	17209	1
A_HP_18	31	Pulse	99	2403323	37130	1
A_HP_18	32	Picture	response101	2416731	138	1	40229	1	0	40000	hit	166
A_HP_18	32	Pulse	99	2423402	6809	1
A_HP_18	32	Response	1	2423420	6828	1
A_HP_18	32	Pulse	99	2443402	26810	1
A_HP_18	32	Pulse	99	2463403	46810	1
A_HP_18	33	Picture	ins23	2467356	363	1	30229	1	0	30000	other	0
A_HP_18	33	Pulse	99	2483403	16410	1
A_HP_18	33	Pulse	99	2503402	36410	1
A_HP_18	33	Pulse	99	2523402	56409	1
A_HP_18	33	Pulse	99	2543322	76329	1
A_HP_18	33	Pulse	99	2563403	96410	1
A_HP_18	33	Pulse	99	2583402	116410	1
A_HP_18	33	Pulse	99	2603322	136329	1
A_HP_18	33	Pulse	99	2623402	156410	1
A_HP_18	33	Pulse	99	2643403	176410	1
A_HP_18	33	Pulse	99	2663322	196329	1
A_HP_18	33	Pulse	99	2683402	216409	1
A_HP_18	33	Pulse	99	2703402	236410	1
A_HP_18	33	Pulse	99	2723322	256329	1
A_HP_18	33	Pulse	99	2743402	276409	1
A_HP_18	33	Pulse	99	2763402	296410	1
A_HP_18	34	Response	3	2783402	6178	1
A_HP_18	34	Pulse	99	2783402	6178	1
A_HP_18	35	Picture	response177	2784023	230	1	40229	1	0	40000	hit	189
A_HP_18	35	Pulse	99	2803402	19610	1
A_HP_18	35	Response	2	2807700	23908	1
A_HP_18	35	Pulse	99	2823402	39610	1
A_HP_18	36	Picture	response182	2834481	288	1	40229	1	0	40000	hit	193
A_HP_18	36	Pulse	99	2843402	9210	1
A_HP_18	36	Response	2	2851881	17688	1
A_HP_18	36	Pulse	99	2863322	29129	1
A_HP_18	36	Pulse	99	2883402	49210	1
A_HP_18	37	Picture	response184	2884773	180	1	40229	1	0	40000	hit	197
A_HP_18	37	Response	1	2898971	14378	1
A_HP_18	37	Pulse	99	2903402	18809	1
A_HP_18	37	Pulse	99	2923322	38729	1
A_HP_18	38	Picture	response180	2935230	238	1	40229	1	0	40000	hit	201
A_HP_18	38	Response	1	2940861	5868	1
A_HP_18	38	Pulse	99	2943402	8409	1
A_HP_18	38	Pulse	99	2963402	28410	1
A_HP_18	38	Pulse	99	2983322	48330	1
A_HP_18	39	Picture	response178	2985689	296	1	40229	1	0	40000	hit	206
A_HP_18	39	Response	1	2996681	11288	1
A_HP_18	39	Pulse	99	3003402	18009	1
A_HP_18	39	Pulse	99	3023402	38010	1
A_HP_18	40	Picture	response183	3035980	188	1	40229	1	0	40000	hit	211
A_HP_18	40	Pulse	99	3043322	7530	1
A_HP_18	40	Response	1	3055441	19648	1
A_HP_18	40	Pulse	99	3063402	27609	1
A_HP_18	40	Pulse	99	3083402	47610	1
A_HP_18	41	Picture	response181	3086438	245	1	40229	1	0	40000	hit	215
A_HP_18	41	Response	2	3099011	12818	1
A_HP_18	41	Pulse	99	3103322	17128	1
A_HP_18	41	Pulse	99	3123322	37129	1
A_HP_18	42	Picture	response179	3136729	136	1	40229	1	0	40000	hit	220
A_HP_18	42	Pulse	99	3143402	6809	1
A_HP_18	42	Response	2	3149530	12937	1
A_HP_18	42	Pulse	99	3163402	26809	1
A_HP_18	42	Pulse	99	3183322	46729	1
A_HP_18	43	Picture	ins7	3187353	360	1	30229	1	0	30000	other	0
A_HP_18	43	Pulse	99	3203402	16409	1
A_HP_18	43	Pulse	99	3223402	36409	1
A_HP_18	43	Pulse	99	3243322	56329	1
A_HP_18	43	Pulse	99	3263402	76409	1
A_HP_18	43	Pulse	99	3283402	96409	1
A_HP_18	43	Pulse	99	3303322	116329	1
A_HP_18	43	Pulse	99	3323402	136409	1
A_HP_18	43	Pulse	99	3343402	156409	1
A_HP_18	43	Pulse	99	3363322	176329	1
A_HP_18	43	Pulse	99	3383402	196409	1
A_HP_18	43	Pulse	99	3403402	216409	1
A_HP_18	43	Pulse	99	3423322	236329	1
A_HP_18	43	Pulse	99	3443322	256329	1
A_HP_18	43	Pulse	99	3463402	276409	1
A_HP_18	43	Pulse	99	3483402	296409	1
A_HP_18	44	Response	3	3503322	6099	1
A_HP_18	44	Pulse	99	3503322	6099	1
A_HP_18	45	Picture	response49	3503923	230	1	40229	1	0	40000	hit	242
A_HP_18	45	Response	1	3510391	6698	1
A_HP_18	45	Pulse	99	3523402	19709	1
A_HP_18	45	Pulse	99	3543402	39709	1
A_HP_18	46	Picture	response51	3554214	121	1	40229	1	0	40000	hit	246
A_HP_18	46	Response	2	3559761	5668	1
A_HP_18	46	Pulse	99	3563321	9228	1
A_HP_18	46	Pulse	99	3583402	29309	1
A_HP_18	46	Pulse	99	3603402	49309	1
A_HP_18	47	Picture	response53	3604839	347	1	40229	1	0	40000	hit	251
A_HP_18	47	Response	2	3610120	5628	1
A_HP_18	47	Pulse	99	3623322	18829	1
A_HP_18	47	Pulse	99	3643401	38909	1
A_HP_18	48	Picture	response54	3655131	239	1	40229	1	0	40000	hit	255
A_HP_18	48	Response	1	3661311	6419	1
A_HP_18	48	Pulse	99	3663402	8510	1
A_HP_18	48	Pulse	99	3683321	28429	1
A_HP_18	48	Pulse	99	3703321	48429	1
A_HP_18	49	Picture	response55	3705422	130	1	40229	1	0	40000	hit	260
A_HP_18	49	Response	1	3711110	5818	1
A_HP_18	49	Pulse	99	3723402	18110	1
A_HP_18	49	Pulse	99	3743322	38030	1
A_HP_18	50	Picture	response56	3755889	196	1	40229	1	0	40000	hit	264
A_HP_18	50	Response	1	3760351	4658	1
A_HP_18	50	Pulse	99	3763321	7629	1
A_HP_18	50	Pulse	99	3783402	27709	1
A_HP_18	50	Pulse	99	3803322	47629	1
A_HP_18	51	Picture	response50	3806347	256	1	40229	1	0	40000	hit	269
A_HP_18	51	Response	2	3812010	5919	1
A_HP_18	51	Pulse	99	3823322	17230	1
A_HP_18	51	Pulse	99	3843402	37310	1
A_HP_18	52	Picture	response52	3856806	314	1	40230	1	0	40000	hit	273
A_HP_18	52	Response	1	3860960	4468	1
A_HP_18	52	Pulse	99	3863401	6909	1
A_HP_18	52	Pulse	99	3883322	26830	1
A_HP_18	52	Pulse	99	3903401	46909	1
A_HP_18	53	Picture	ins5	3907097	206	1	30229	1	0	30000	other	0
A_HP_18	53	Pulse	99	3923401	16510	1
A_HP_18	53	Pulse	99	3943321	36429	1
A_HP_18	53	Pulse	99	3963402	56510	1
A_HP_18	53	Pulse	99	3983402	76510	1
A_HP_18	53	Pulse	99	4003322	96430	1
A_HP_18	53	Pulse	99	4023322	116430	1
A_HP_18	53	Pulse	99	4043402	136510	1
A_HP_18	53	Pulse	99	4063322	156430	1
A_HP_18	53	Pulse	99	4083321	176429	1
A_HP_18	53	Pulse	99	4103401	196509	1
A_HP_18	53	Pulse	99	4123322	216430	1
A_HP_18	53	Pulse	99	4143322	236430	1
A_HP_18	53	Pulse	99	4163402	256510	1
A_HP_18	53	Pulse	99	4183401	276509	1
A_HP_18	53	Pulse	99	4203322	296430	1
A_HP_18	54	Response	3	4223402	6279	1
A_HP_18	54	Pulse	99	4223402	6279	1
A_HP_18	55	Picture	response37	4224022	230	1	40229	1	0	40000	hit	296
A_HP_18	55	Response	2	4227830	4037	1
A_HP_18	55	Pulse	99	4243402	19609	1
A_HP_18	55	Pulse	99	4263321	39529	1
A_HP_18	56	Picture	response34	4274481	288	1	40229	1	0	40000	hit	301
A_HP_18	56	Pulse	99	4283402	9209	1
A_HP_18	56	Response	2	4290150	15957	1
A_HP_18	56	Pulse	99	4303402	29209	1
A_HP_18	56	Pulse	99	4323322	49129	1
A_HP_18	57	Picture	response38	4324773	180	1	40230	1	0	40000	hit	305
A_HP_18	57	Response	1	4328720	4128	1
A_HP_18	57	Pulse	99	4343322	18729	1
A_HP_18	57	Pulse	99	4363402	38809	1
A_HP_18	58	Picture	response33	4375231	238	1	40229	1	0	40000	hit	309
A_HP_18	58	Response	2	4379670	4678	1
A_HP_18	58	Pulse	99	4383321	8328	1
A_HP_18	58	Pulse	99	4403321	28329	1
A_HP_18	58	Pulse	99	4423401	48409	1
A_HP_18	59	Picture	response40	4425689	297	1	40229	1	0	40000	hit	314
A_HP_18	59	Response	2	4430970	5578	1
A_HP_18	59	Pulse	99	4443321	17929	1
A_HP_18	59	Pulse	99	4463322	37929	1
A_HP_18	60	Picture	response39	4475980	188	1	40229	1	0	40000	hit	318
A_HP_18	60	Response	1	4480420	4628	1
A_HP_18	60	Pulse	99	4483401	7609	1
A_HP_18	60	Pulse	99	4503321	27529	1
A_HP_18	60	Pulse	99	4523321	47529	1
A_HP_18	61	Picture	response36	4526438	247	1	40230	1	0	40000	hit	323
A_HP_18	61	Response	2	4530370	4178	1
A_HP_18	61	Pulse	99	4543401	17210	1
A_HP_18	61	Pulse	99	4563401	37209	1
A_HP_18	62	Picture	response35	4576730	138	1	40229	1	0	40000	hit	327
A_HP_18	62	Response	1	4580551	3959	1
A_HP_18	62	Pulse	99	4583321	6729	1
A_HP_18	62	Pulse	99	4603321	26729	1
A_HP_18	62	Pulse	99	4623401	46809	1
A_HP_18	63	Picture	thanks	4626856	0	1	10230	1	0	10000	other	0
A_HP_18	63	Pulse	99	4643321	16466	1


Event Type	Code	Type	Response	RT	RT Uncertainty	Time	Uncertainty	Duration	Uncertainty	ReqTime	ReqDur

Picture	ready	other				243635	1	10396	1	0	10000
Picture	ins15	other				304228	1	30229	1	0	30000
Picture	response116	hit	1	7498	2	624024	1	40229	1	0	40000
Picture	response118	hit	2	7490	2	674482	1	40229	1	0	40000
Picture	response119	hit	2	6199	2	724773	1	40229	1	0	40000
Picture	response114	hit	1	6341	2	775231	1	40229	1	0	40000
Picture	response120	hit	2	6362	2	825690	1	40229	1	0	40000
Picture	response115	hit	2	5691	2	875981	1	40229	1	0	40000
Picture	response117	hit	1	6562	2	926440	1	40229	1	0	40000
Picture	response113	hit	2	7689	2	976731	1	40229	1	0	40000
Picture	ins21	other				1027356	1	30229	1	0	30000
Picture	response162	hit	1	28258	2	1344024	1	40229	1	0	40000
Picture	response164	hit	1	26290	2	1394482	1	40229	1	0	40000
Picture	response163	hit	2	9938	2	1444773	1	40229	1	0	40000
Picture	response167	hit	2	7081	2	1495231	1	40229	1	0	40000
Picture	response161	hit	2	19162	2	1545689	1	40229	1	0	40000
Picture	response168	hit	2	10351	2	1595980	1	40229	1	0	40000
Picture	response166	hit	1	22683	2	1646439	1	40230	1	0	40000
Picture	response165	hit	1	5941	2	1696731	1	40229	1	0	40000
Picture	ins13	other				1747356	1	30230	1	0	30000
Picture	response99	hit	1	11439	2	2064022	1	40229	1	0	40000
Picture	response98	hit	2	7581	2	2114481	1	40229	1	0	40000
Picture	response104	hit	1	11100	2	2164772	1	40230	1	0	40000
Picture	response100	hit	2	5762	2	2215230	1	40229	1	0	40000
Picture	response102	hit	2	6173	2	2265689	1	40229	1	0	40000
Picture	response103	hit	1	9830	2	2315980	1	40230	1	0	40000
Picture	response97	hit	1	6442	2	2366439	1	40230	1	0	40000
Picture	response101	hit	1	6689	2	2416731	1	40229	1	0	40000
Picture	ins23	other				2467356	1	30229	1	0	30000
Picture	response177	hit	2	23678	2	2784023	1	40229	1	0	40000
Picture	response182	hit	2	17400	2	2834481	1	40229	1	0	40000
Picture	response184	hit	1	14198	2	2884773	1	40229	1	0	40000
Picture	response180	hit	1	5630	2	2935230	1	40229	1	0	40000
Picture	response178	hit	1	10992	2	2985689	1	40229	1	0	40000
Picture	response183	hit	1	19461	2	3035980	1	40229	1	0	40000
Picture	response181	hit	2	12573	2	3086438	1	40229	1	0	40000
Picture	response179	hit	2	12801	2	3136729	1	40229	1	0	40000
Picture	ins7	other				3187353	1	30229	1	0	30000
Picture	response49	hit	1	6468	2	3503923	1	40229	1	0	40000
Picture	response51	hit	2	5547	2	3554214	1	40229	1	0	40000
Picture	response53	hit	2	5281	2	3604839	1	40229	1	0	40000
Picture	response54	hit	1	6180	2	3655131	1	40229	1	0	40000
Picture	response55	hit	1	5688	2	3705422	1	40229	1	0	40000
Picture	response56	hit	1	4462	2	3755889	1	40229	1	0	40000
Picture	response50	hit	2	5663	2	3806347	1	40229	1	0	40000
Picture	response52	hit	1	4155	2	3856806	1	40230	1	0	40000
Picture	ins5	other				3907097	1	30229	1	0	30000
Picture	response37	hit	2	3808	2	4224022	1	40229	1	0	40000
Picture	response34	hit	2	15669	2	4274481	1	40229	1	0	40000
Picture	response38	hit	1	3948	2	4324773	1	40230	1	0	40000
Picture	response33	hit	2	4440	2	4375231	1	40229	1	0	40000
Picture	response40	hit	2	5281	2	4425689	1	40229	1	0	40000
Picture	response39	hit	1	4440	2	4475980	1	40229	1	0	40000
Picture	response36	hit	2	3932	2	4526438	1	40230	1	0	40000
Picture	response35	hit	1	3820	2	4576730	1	40229	1	0	40000
Picture	thanks	other				4626856	1	10230	1	0	10000


{
   "app": "Presentation Version 21.0 Build 06.06.19",
   "device": "LENOVO 20KHCTO1WW",
   "experiment": "{C0C68DB1-10BA-42F2-8F79-3F2AFFEED4E4}",
   "os": "Windows 10 64 bit",
   "package": "",
   "parameters": {
      "configuration": "Default configuration"
   },
   "scenario": "Feature experiment(2).sce",
   "subject": "A_HP_18",
   "timestamp": "2019/10/18 00:11:17 GMT"
}
