Scenario - 
Logfile written - 12/19/2019 10:11:57

Subject	Trial	Event Type	Code	Time	TTime	Uncertainty	Duration	Uncertainty	ReqTime	ReqDur	Stim Type	Pair Index

A_HP_38	1	Response	3	393871	392872	1
A_HP_38	1	Pulse	99	393871	392872	1
A_HP_38	2	Picture	ready	393988	0	1	10162	1	0	10000	other	0
A_HP_38	2	Pulse	99	413871	19883	1
A_HP_38	2	Pulse	99	433791	39803	1
A_HP_38	2	Pulse	99	453871	59883	1
A_HP_38	3	Picture	ins23	454461	107	1	30153	1	0	30000	other	0
A_HP_38	3	Pulse	99	473872	19519	1
A_HP_38	3	Pulse	99	493791	39438	1
A_HP_38	3	Pulse	99	513871	59518	1
A_HP_38	3	Pulse	99	533871	79518	1
A_HP_38	3	Pulse	99	553793	99439	1
A_HP_38	3	Pulse	99	573871	119518	1
A_HP_38	3	Pulse	99	593871	139518	1
A_HP_38	3	Pulse	99	613791	159438	1
A_HP_38	3	Pulse	99	633871	179518	1
A_HP_38	3	Pulse	99	653872	199518	1
A_HP_38	3	Pulse	99	673791	219438	1
A_HP_38	3	Pulse	99	693871	239518	1
A_HP_38	3	Pulse	99	713872	259519	1
A_HP_38	3	Pulse	99	733792	279439	1
A_HP_38	3	Pulse	99	753872	299519	1
A_HP_38	4	Response	3	773872	9385	1
A_HP_38	4	Pulse	99	773872	9385	1
A_HP_38	5	Picture	response179	774316	62	1	40149	1	0	40000	hit	26
A_HP_38	5	Response	2	792890	18637	1
A_HP_38	5	Pulse	99	793791	19538	1
A_HP_38	5	Pulse	99	813792	39538	1
A_HP_38	6	Picture	response181	824793	140	1	40149	1	0	40000	incorrect	31
A_HP_38	6	Pulse	99	833872	9218	1
A_HP_38	6	Response	1	840991	16337	1
A_HP_38	6	Pulse	99	853792	29138	1
A_HP_38	6	Pulse	99	873792	49138	1
A_HP_38	7	Picture	response182	875104	50	1	40148	1	0	40000	hit	35
A_HP_38	7	Response	2	886210	11157	1
A_HP_38	7	Pulse	99	893872	18818	1
A_HP_38	7	Pulse	99	913792	38738	1
A_HP_38	8	Picture	response183	925581	127	1	40148	1	0	40000	hit	40
A_HP_38	8	Pulse	99	933792	8338	1
A_HP_38	8	Response	1	941490	16037	1
A_HP_38	8	Pulse	99	953872	28418	1
A_HP_38	8	Pulse	99	973792	48338	1
A_HP_38	9	Picture	response177	975891	38	1	40148	1	0	40000	hit	44
A_HP_38	9	Response	2	986650	10797	1
A_HP_38	9	Pulse	99	993792	17938	1
A_HP_38	9	Pulse	99	1013872	38018	1
A_HP_38	10	Picture	response180	1026369	115	1	40148	1	0	40000	incorrect	50
A_HP_38	10	Pulse	99	1033792	7538	1
A_HP_38	10	Pulse	99	1053792	27538	1
A_HP_38	10	Response	2	1063731	37477	1
A_HP_38	10	Pulse	99	1073872	47618	1
A_HP_38	11	Picture	response184	1076846	192	1	40148	1	0	40000	incorrect	54
A_HP_38	11	Pulse	99	1093792	17138	1
A_HP_38	11	Response	2	1095631	18977	1
A_HP_38	11	Pulse	99	1113792	37138	1
A_HP_38	12	Picture	response178	1127156	103	1	40149	1	0	40000	hit	58
A_HP_38	12	Pulse	99	1133872	6819	1
A_HP_38	12	Response	1	1151711	24657	1
A_HP_38	12	Pulse	99	1153791	26738	1
A_HP_38	12	Pulse	99	1173792	46738	1
A_HP_38	13	Picture	ins5	1177633	180	1	30153	1	0	30000	other	0
A_HP_38	13	Pulse	99	1193872	16418	1
A_HP_38	13	Pulse	99	1213792	36338	1
A_HP_38	13	Pulse	99	1233792	56338	1
A_HP_38	13	Pulse	99	1253872	76418	1
A_HP_38	13	Pulse	99	1273792	96338	1
A_HP_38	13	Pulse	99	1293793	116339	1
A_HP_38	13	Pulse	99	1313872	136418	1
A_HP_38	13	Pulse	99	1333792	156338	1
A_HP_38	13	Pulse	99	1353792	176338	1
A_HP_38	13	Pulse	99	1373872	196419	1
A_HP_38	13	Pulse	99	1393792	216339	1
A_HP_38	13	Pulse	99	1413792	236338	1
A_HP_38	13	Pulse	99	1433872	256419	1
A_HP_38	13	Pulse	99	1453792	276339	1
A_HP_38	13	Pulse	99	1473792	296338	1
A_HP_38	14	Response	3	1493792	6299	1
A_HP_38	14	Pulse	99	1493792	6299	1
A_HP_38	15	Picture	response37	1494323	170	1	40149	1	0	40000	hit	80
A_HP_38	15	Response	2	1503501	9347	1
A_HP_38	15	Pulse	99	1513792	19638	1
A_HP_38	15	Pulse	99	1533792	39638	1
A_HP_38	16	Picture	response33	1544634	80	1	40148	1	0	40000	hit	84
A_HP_38	16	Response	2	1548731	4177	1
A_HP_38	16	Pulse	99	1553792	9238	1
A_HP_38	16	Pulse	99	1573792	29239	1
A_HP_38	16	Pulse	99	1593795	49241	1
A_HP_38	17	Picture	response39	1595111	158	1	40148	1	0	40000	hit	89
A_HP_38	17	Response	1	1605291	10337	1
A_HP_38	17	Pulse	99	1613792	18838	1
A_HP_38	17	Pulse	99	1633792	38839	1
A_HP_38	18	Picture	response40	1645422	68	1	40149	1	0	40000	hit	95
A_HP_38	18	Pulse	99	1653792	8438	1
A_HP_38	18	Pulse	99	1673792	28438	1
A_HP_38	18	Response	2	1688991	43637	1
A_HP_38	18	Pulse	99	1693792	48438	1
A_HP_38	19	Picture	response34	1695899	145	1	40149	1	0	40000	hit	98
A_HP_38	19	Response	2	1707201	11447	1
A_HP_38	19	Pulse	99	1713792	18038	1
A_HP_38	19	Pulse	99	1733792	38038	1
A_HP_38	20	Picture	response35	1746209	56	1	40149	1	0	40000	hit	103
A_HP_38	20	Pulse	99	1753792	7639	1
A_HP_38	20	Response	1	1757101	10947	1
A_HP_38	20	Pulse	99	1773792	27638	1
A_HP_38	20	Pulse	99	1793792	47638	1
A_HP_38	21	Picture	response38	1796687	133	1	40149	1	0	40000	hit	107
A_HP_38	21	Response	1	1804001	7447	1
A_HP_38	21	Pulse	99	1813792	17238	1
A_HP_38	21	Pulse	99	1833792	37238	1
A_HP_38	22	Picture	response36	1846997	43	1	40148	1	0	40000	hit	112
A_HP_38	22	Pulse	99	1853792	6839	1
A_HP_38	22	Response	2	1854020	7067	1
A_HP_38	22	Pulse	99	1873792	26838	1
A_HP_38	22	Pulse	99	1893792	46838	1
A_HP_38	23	Picture	ins7	1897474	120	1	30153	1	0	30000	other	0
A_HP_38	23	Pulse	99	1913792	16438	1
A_HP_38	23	Pulse	99	1933872	36518	1
A_HP_38	23	Pulse	99	1953792	56438	1
A_HP_38	23	Pulse	99	1973792	76438	1
A_HP_38	23	Pulse	99	1993872	96518	1
A_HP_38	23	Pulse	99	2013792	116438	1
A_HP_38	23	Pulse	99	2033792	136438	1
A_HP_38	23	Pulse	99	2053873	156519	1
A_HP_38	23	Pulse	99	2073792	176439	1
A_HP_38	23	Pulse	99	2093792	196438	1
A_HP_38	23	Pulse	99	2113872	216518	1
A_HP_38	23	Pulse	99	2133793	236439	1
A_HP_38	23	Pulse	99	2153793	256439	1
A_HP_38	23	Pulse	99	2173793	276439	1
A_HP_38	23	Pulse	99	2193793	296439	1
A_HP_38	24	Response	3	2213792	6292	1
A_HP_38	24	Pulse	99	2213792	6292	1
A_HP_38	25	Picture	response51	2214331	177	1	40149	1	0	40000	hit	134
A_HP_38	25	Response	2	2223391	9237	1
A_HP_38	25	Pulse	99	2233792	19638	1
A_HP_38	25	Pulse	99	2253792	39638	1
A_HP_38	26	Picture	response50	2264642	88	1	40149	1	0	40000	hit	138
A_HP_38	26	Response	2	2273321	8767	1
A_HP_38	26	Pulse	99	2273792	9238	1
A_HP_38	26	Pulse	99	2293792	29238	1
A_HP_38	26	Pulse	99	2313793	49239	1
A_HP_38	27	Picture	response54	2315119	165	1	40149	1	0	40000	hit	143
A_HP_38	27	Response	1	2321791	6837	1
A_HP_38	27	Pulse	99	2333792	18838	1
A_HP_38	27	Pulse	99	2353792	38838	1
A_HP_38	28	Picture	response55	2365429	75	1	40149	1	0	40000	hit	147
A_HP_38	28	Response	1	2370751	5397	1
A_HP_38	28	Pulse	99	2373792	8438	1
A_HP_38	28	Pulse	99	2393792	28438	1
A_HP_38	28	Pulse	99	2413792	48438	1
A_HP_38	29	Picture	response52	2415906	152	1	40149	1	0	40000	hit	152
A_HP_38	29	Response	1	2420161	4407	1
A_HP_38	29	Pulse	99	2433792	18038	1
A_HP_38	29	Pulse	99	2453793	38039	1
A_HP_38	30	Picture	response53	2466217	63	1	40148	1	0	40000	hit	156
A_HP_38	30	Response	2	2470801	4647	1
A_HP_38	30	Pulse	99	2473792	7638	1
A_HP_38	30	Pulse	99	2493792	27638	1
A_HP_38	30	Pulse	99	2513792	47638	1
A_HP_38	31	Picture	response56	2516694	140	1	40148	1	0	40000	hit	161
A_HP_38	31	Response	1	2522041	5487	1
A_HP_38	31	Pulse	99	2533793	17238	1
A_HP_38	31	Pulse	99	2553792	37238	1
A_HP_38	32	Picture	response49	2567005	51	1	40148	1	0	40000	hit	165
A_HP_38	32	Response	1	2573642	6687	1
A_HP_38	32	Pulse	99	2573792	6838	1
A_HP_38	32	Pulse	99	2593793	26838	1
A_HP_38	32	Pulse	99	2613793	46838	1
A_HP_38	33	Picture	ins13	2617482	128	1	30153	1	0	30000	other	0
A_HP_38	33	Pulse	99	2633793	16438	1
A_HP_38	33	Pulse	99	2653793	36438	1
A_HP_38	33	Pulse	99	2673793	56439	1
A_HP_38	33	Pulse	99	2693793	76438	1
A_HP_38	33	Pulse	99	2713793	96438	1
A_HP_38	33	Pulse	99	2733793	116438	1
A_HP_38	33	Pulse	99	2753792	136438	1
A_HP_38	33	Pulse	99	2773793	156438	1
A_HP_38	33	Pulse	99	2793793	176439	1
A_HP_38	33	Pulse	99	2813793	196438	1
A_HP_38	33	Pulse	99	2833793	216438	1
A_HP_38	33	Pulse	99	2853793	236438	1
A_HP_38	33	Pulse	99	2873793	256439	1
A_HP_38	33	Pulse	99	2893793	276438	1
A_HP_38	33	Pulse	99	2913793	296439	1
A_HP_38	34	Response	3	2933793	6284	1
A_HP_38	34	Pulse	99	2933793	6284	1
A_HP_38	35	Picture	response103	2934339	184	1	40148	1	0	40000	hit	188
A_HP_38	35	Response	1	2951412	17257	1
A_HP_38	35	Pulse	99	2953793	19638	1
A_HP_38	35	Pulse	99	2973793	39638	1
A_HP_38	36	Picture	response98	2984649	94	1	40149	1	0	40000	hit	193
A_HP_38	36	Pulse	99	2993793	9238	1
A_HP_38	36	Response	2	3001571	17017	1
A_HP_38	36	Pulse	99	3013793	29238	1
A_HP_38	36	Pulse	99	3033793	49238	1
A_HP_38	37	Picture	response102	3035126	172	1	40149	1	0	40000	hit	197
A_HP_38	37	Response	2	3041601	6647	1
A_HP_38	37	Pulse	99	3053793	18839	1
A_HP_38	37	Pulse	99	3073793	38838	1
A_HP_38	38	Picture	response99	3085437	82	1	40149	1	0	40000	hit	202
A_HP_38	38	Pulse	99	3093793	8438	1
A_HP_38	38	Response	1	3098541	13187	1
A_HP_38	38	Pulse	99	3113793	28438	1
A_HP_38	38	Pulse	99	3133793	48438	1
A_HP_38	39	Picture	response97	3135914	160	1	40148	1	0	40000	hit	206
A_HP_38	39	Response	1	3150932	15177	1
A_HP_38	39	Pulse	99	3153793	18038	1
A_HP_38	39	Pulse	99	3173793	38038	1
A_HP_38	40	Picture	response101	3186225	70	1	40148	1	0	40000	hit	211
A_HP_38	40	Pulse	99	3193793	7638	1
A_HP_38	40	Response	1	3209312	23157	1
A_HP_38	40	Pulse	99	3213793	27638	1
A_HP_38	40	Pulse	99	3233793	47638	1
A_HP_38	41	Picture	response104	3236702	147	1	40149	1	0	40000	hit	216
A_HP_38	41	Pulse	99	3253794	17239	1
A_HP_38	41	Response	1	3256941	20386	1
A_HP_38	41	Pulse	99	3273793	37239	1
A_HP_38	42	Picture	response100	3287012	58	1	40148	1	0	40000	hit	220
A_HP_38	42	Pulse	99	3293793	6838	1
A_HP_38	42	Response	2	3296852	9897	1
A_HP_38	42	Pulse	99	3313793	26838	1
A_HP_38	42	Pulse	99	3333793	46838	1
A_HP_38	43	Picture	ins15	3337490	135	1	30153	1	0	30000	other	0
A_HP_38	43	Pulse	99	3353793	16439	1
A_HP_38	43	Pulse	99	3373793	36438	1
A_HP_38	43	Pulse	99	3393793	56438	1
A_HP_38	43	Pulse	99	3413794	76439	1
A_HP_38	43	Pulse	99	3433793	96438	1
A_HP_38	43	Pulse	99	3453793	116439	1
A_HP_38	43	Pulse	99	3473793	136438	1
A_HP_38	43	Pulse	99	3493793	156439	1
A_HP_38	43	Pulse	99	3513793	176438	1
A_HP_38	43	Pulse	99	3533793	196438	1
A_HP_38	43	Pulse	99	3553793	216438	1
A_HP_38	43	Pulse	99	3573793	236438	1
A_HP_38	43	Pulse	99	3593793	256439	1
A_HP_38	43	Pulse	99	3613793	276438	1
A_HP_38	43	Pulse	99	3633793	296438	1
A_HP_38	44	Response	3	3653793	6277	1
A_HP_38	44	Pulse	99	3653793	6277	1
A_HP_38	45	Picture	response113	3654180	25	1	40149	1	0	40000	incorrect	243
A_HP_38	45	Pulse	99	3673793	19638	1
A_HP_38	45	Response	1	3688412	34257	1
A_HP_38	45	Pulse	99	3693793	39638	1
A_HP_38	46	Picture	response116	3704657	102	1	40149	1	0	40000	incorrect	248
A_HP_38	46	Pulse	99	3713793	9239	1
A_HP_38	46	Pulse	99	3733793	29238	1
A_HP_38	46	Response	2	3743192	38637	1
A_HP_38	46	Pulse	99	3753793	49238	1
A_HP_38	47	Picture	response114	3755134	179	1	40149	1	0	40000	hit	251
A_HP_38	47	Response	1	3764642	9688	1
A_HP_38	47	Pulse	99	3773793	18838	1
A_HP_38	47	Pulse	99	3793793	38838	1
A_HP_38	48	Picture	response115	3805445	90	1	40149	1	0	40000	hit	255
A_HP_38	48	Response	2	3811172	5817	1
A_HP_38	48	Pulse	99	3813793	8438	1
A_HP_38	48	Pulse	99	3833793	28438	1
A_HP_38	48	Pulse	99	3853793	48438	1
A_HP_38	49	Picture	response117	3855922	167	1	40149	1	0	40000	hit	260
A_HP_38	49	Response	1	3864532	8777	1
A_HP_38	49	Pulse	99	3873793	18039	1
A_HP_38	49	Pulse	99	3893793	38038	1
A_HP_38	50	Picture	response120	3906232	77	1	40148	1	0	40000	hit	265
A_HP_38	50	Pulse	99	3913793	7638	1
A_HP_38	50	Response	2	3918142	11987	1
A_HP_38	50	Pulse	99	3933793	27638	1
A_HP_38	50	Pulse	99	3953793	47638	1
A_HP_38	51	Picture	response119	3956709	154	1	40149	1	0	40000	hit	269
A_HP_38	51	Response	2	3966522	9967	1
A_HP_38	51	Pulse	99	3973793	17238	1
A_HP_38	51	Pulse	99	3993794	37239	1
A_HP_38	52	Picture	response118	4007020	65	1	40149	1	0	40000	hit	274
A_HP_38	52	Pulse	99	4013793	6838	1
A_HP_38	52	Response	2	4015742	8787	1
A_HP_38	52	Pulse	99	4033793	26838	1
A_HP_38	52	Pulse	99	4053793	46838	1
A_HP_38	53	Picture	ins21	4057497	142	1	30153	1	0	30000	other	0
A_HP_38	53	Pulse	99	4073794	16439	1
A_HP_38	53	Pulse	99	4093793	36438	1
A_HP_38	53	Pulse	99	4113793	56438	1
A_HP_38	53	Pulse	99	4133794	76439	1
A_HP_38	53	Pulse	99	4153794	96439	1
A_HP_38	53	Pulse	99	4173794	116439	1
A_HP_38	53	Pulse	99	4193793	136438	1
A_HP_38	53	Pulse	99	4213793	156438	1
A_HP_38	53	Pulse	99	4233794	176438	1
A_HP_38	53	Pulse	99	4253793	196438	1
A_HP_38	53	Pulse	99	4273793	216438	1
A_HP_38	53	Pulse	99	4293793	236438	1
A_HP_38	53	Pulse	99	4313794	256439	1
A_HP_38	53	Pulse	99	4333794	276439	1
A_HP_38	53	Pulse	99	4353794	296439	1
A_HP_38	54	Response	3	4373794	6270	1
A_HP_38	54	Pulse	99	4373794	6270	1
A_HP_38	55	Picture	response167	4374187	32	1	40149	1	0	40000	incorrect	297
A_HP_38	55	Pulse	99	4393794	19638	1
A_HP_38	55	Response	1	4394032	19876	1
A_HP_38	55	Pulse	99	4413794	39638	1
A_HP_38	56	Picture	response162	4424664	109	1	40149	1	0	40000	incorrect	300
A_HP_38	56	Response	2	4432452	7897	1
A_HP_38	56	Pulse	99	4433794	9238	1
A_HP_38	56	Pulse	99	4453794	29238	1
A_HP_38	56	Pulse	99	4473794	49238	1
A_HP_38	57	Picture	response161	4475142	186	1	40148	1	0	40000	hit	305
A_HP_38	57	Response	2	4488203	13247	1
A_HP_38	57	Pulse	99	4493794	18839	1
A_HP_38	57	Pulse	99	4513794	38838	1
A_HP_38	58	Picture	response166	4525452	97	1	40148	1	0	40000	hit	310
A_HP_38	58	Pulse	99	4533794	8439	1
A_HP_38	58	Response	1	4552793	27437	1
A_HP_38	58	Pulse	99	4553794	28438	1
A_HP_38	58	Pulse	99	4573794	48438	1
A_HP_38	59	Picture	response164	4575929	174	1	40149	1	0	40000	hit	315
A_HP_38	59	Pulse	99	4593794	18038	1
A_HP_38	59	Response	1	4604852	29097	1
A_HP_38	59	Pulse	99	4613794	38038	1
A_HP_38	60	Picture	response168	4626240	85	1	40149	1	0	40000	hit	319
A_HP_38	60	Pulse	99	4633794	7638	1
A_HP_38	60	Response	2	4639883	13727	1
A_HP_38	60	Pulse	99	4653794	27638	1
A_HP_38	60	Pulse	99	4673794	47638	1
A_HP_38	61	Picture	response163	4676717	162	1	40148	1	0	40000	hit	323
A_HP_38	61	Response	2	4693353	16797	1
A_HP_38	61	Pulse	99	4693793	17238	1
A_HP_38	61	Pulse	99	4713794	37239	1
A_HP_38	62	Picture	response165	4727028	72	1	40148	1	0	40000	hit	329
A_HP_38	62	Pulse	99	4733794	6839	1
A_HP_38	62	Pulse	99	4753794	26839	1
A_HP_38	62	Response	1	4753882	26926	1
A_HP_38	62	Pulse	99	4773794	46838	1
A_HP_38	63	Picture	thanks	4777005	0	1	10162	1	0	10000	other	0
A_HP_38	63	Pulse	99	4793794	16789	1


Event Type	Code	Type	Response	RT	RT Uncertainty	Time	Uncertainty	Duration	Uncertainty	ReqTime	ReqDur

Picture	ready	other				393988	1	10162	1	0	10000
Picture	ins23	other				454461	1	30153	1	0	30000
Picture	response179	hit	2	18575	2	774316	1	40149	1	0	40000
Picture	response181	incorrect	1	16197	2	824793	1	40149	1	0	40000
Picture	response182	hit	2	11107	2	875104	1	40148	1	0	40000
Picture	response183	hit	1	15910	2	925581	1	40148	1	0	40000
Picture	response177	hit	2	10759	2	975891	1	40148	1	0	40000
Picture	response180	incorrect	2	37362	2	1026369	1	40148	1	0	40000
Picture	response184	incorrect	2	18785	2	1076846	1	40148	1	0	40000
Picture	response178	hit	1	24554	2	1127156	1	40149	1	0	40000
Picture	ins5	other				1177633	1	30153	1	0	30000
Picture	response37	hit	2	9177	2	1494323	1	40149	1	0	40000
Picture	response33	hit	2	4097	2	1544634	1	40148	1	0	40000
Picture	response39	hit	1	10180	2	1595111	1	40148	1	0	40000
Picture	response40	hit	2	43569	2	1645422	1	40149	1	0	40000
Picture	response34	hit	2	11302	2	1695899	1	40149	1	0	40000
Picture	response35	hit	1	10891	2	1746209	1	40149	1	0	40000
Picture	response38	hit	1	7314	2	1796687	1	40149	1	0	40000
Picture	response36	hit	2	7023	2	1846997	1	40148	1	0	40000
Picture	ins7	other				1897474	1	30153	1	0	30000
Picture	response51	hit	2	9060	2	2214331	1	40149	1	0	40000
Picture	response50	hit	2	8680	2	2264642	1	40149	1	0	40000
Picture	response54	hit	1	6673	2	2315119	1	40149	1	0	40000
Picture	response55	hit	1	5322	2	2365429	1	40149	1	0	40000
Picture	response52	hit	1	4255	2	2415906	1	40149	1	0	40000
Picture	response53	hit	2	4584	2	2466217	1	40148	1	0	40000
Picture	response56	hit	1	5347	2	2516694	1	40148	1	0	40000
Picture	response49	hit	1	6637	2	2567005	1	40148	1	0	40000
Picture	ins13	other				2617482	1	30153	1	0	30000
Picture	response103	hit	1	17073	2	2934339	1	40148	1	0	40000
Picture	response98	hit	2	16922	2	2984649	1	40149	1	0	40000
Picture	response102	hit	2	6475	2	3035126	1	40149	1	0	40000
Picture	response99	hit	1	13104	2	3085437	1	40149	1	0	40000
Picture	response97	hit	1	15018	2	3135914	1	40148	1	0	40000
Picture	response101	hit	1	23087	2	3186225	1	40148	1	0	40000
Picture	response104	hit	1	20239	2	3236702	1	40149	1	0	40000
Picture	response100	hit	2	9839	2	3287012	1	40148	1	0	40000
Picture	ins15	other				3337490	1	30153	1	0	30000
Picture	response113	incorrect	1	34233	2	3654180	1	40149	1	0	40000
Picture	response116	incorrect	2	38535	2	3704657	1	40149	1	0	40000
Picture	response114	hit	1	9509	2	3755134	1	40149	1	0	40000
Picture	response115	hit	2	5727	2	3805445	1	40149	1	0	40000
Picture	response117	hit	1	8610	2	3855922	1	40149	1	0	40000
Picture	response120	hit	2	11910	2	3906232	1	40148	1	0	40000
Picture	response119	hit	2	9813	2	3956709	1	40149	1	0	40000
Picture	response118	hit	2	8722	2	4007020	1	40149	1	0	40000
Picture	ins21	other				4057497	1	30153	1	0	30000
Picture	response167	incorrect	1	19845	2	4374187	1	40149	1	0	40000
Picture	response162	incorrect	2	7788	2	4424664	1	40149	1	0	40000
Picture	response161	hit	2	13061	2	4475142	1	40148	1	0	40000
Picture	response166	hit	1	27341	2	4525452	1	40148	1	0	40000
Picture	response164	hit	1	28923	2	4575929	1	40149	1	0	40000
Picture	response168	hit	2	13643	2	4626240	1	40149	1	0	40000
Picture	response163	hit	2	16636	2	4676717	1	40148	1	0	40000
Picture	response165	hit	1	26854	2	4727028	1	40148	1	0	40000
Picture	thanks	other				4777005	1	10162	1	0	10000


{
   "app": "Presentation Version 21.1 Build 09.05.19",
   "device": "LENOVO 20FBCTO1WW",
   "experiment": "{C0C68DB1-10BA-42F2-8F79-3F2AFFEED4E4}",
   "os": "Windows 10 64 bit",
   "package": "",
   "parameters": {
      "configuration": "Default configuration"
   },
   "scenario": "Feature experiment(2).sce",
   "subject": "A_HP_38",
   "timestamp": "2019/12/19 01:03:50 GMT"
}
