Scenario - 
Logfile written - 02/20/2020 09:54:18

Subject	Trial	Event Type	Code	Time	TTime	Uncertainty	Duration	Uncertainty	ReqTime	ReqDur	Stim Type	Pair Index

A_HP_50	1	Response	3	342129	340969	1
A_HP_50	1	Pulse	99	342129	340969	1
A_HP_50	2	Picture	ready	342171	0	1	10162	1	0	10000	other	0
A_HP_50	2	Pulse	99	362129	19957	1
A_HP_50	2	Pulse	99	382129	39958	1
A_HP_50	2	Pulse	99	402129	59957	1
A_HP_50	3	Picture	ins23	402811	218	1	30153	1	0	30000	other	0
A_HP_50	3	Pulse	99	422129	19537	1
A_HP_50	3	Pulse	99	442129	39536	1
A_HP_50	3	Pulse	99	462129	59537	1
A_HP_50	3	Pulse	99	482129	79536	1
A_HP_50	3	Pulse	99	502129	99537	1
A_HP_50	3	Pulse	99	522130	119537	1
A_HP_50	3	Pulse	99	542129	139537	1
A_HP_50	3	Pulse	99	562129	159537	1
A_HP_50	3	Pulse	99	582129	179537	1
A_HP_50	3	Pulse	99	602129	199536	1
A_HP_50	3	Pulse	99	622129	219537	1
A_HP_50	3	Pulse	99	642129	239537	1
A_HP_50	3	Pulse	99	662129	259537	1
A_HP_50	3	Pulse	99	682129	279536	1
A_HP_50	3	Pulse	99	702129	299537	1
A_HP_50	4	Response	3	722129	9458	1
A_HP_50	4	Pulse	99	722129	9458	1
A_HP_50	5	Picture	response180	722666	173	1	40149	1	0	40000	hit	26
A_HP_50	5	Response	1	740258	17765	1
A_HP_50	5	Pulse	99	742129	19637	1
A_HP_50	5	Pulse	99	762129	39637	1
A_HP_50	6	Picture	response179	772976	84	1	40148	1	0	40000	incorrect	31
A_HP_50	6	Pulse	99	782129	9237	1
A_HP_50	6	Response	1	793787	20895	1
A_HP_50	6	Pulse	99	802129	29236	1
A_HP_50	6	Pulse	99	822129	49237	1
A_HP_50	7	Picture	response182	823454	161	1	40149	1	0	40000	hit	36
A_HP_50	7	Pulse	99	842129	18836	1
A_HP_50	7	Response	2	856698	33405	1
A_HP_50	7	Pulse	99	862129	38836	1
A_HP_50	8	Picture	response184	873764	72	1	40148	1	0	40000	incorrect	41
A_HP_50	8	Pulse	99	882129	8436	1
A_HP_50	8	Pulse	99	902129	28437	1
A_HP_50	8	Response	2	903598	29905	1
A_HP_50	8	Pulse	99	922129	48436	1
A_HP_50	9	Picture	response183	924241	149	1	40148	1	0	40000	hit	45
A_HP_50	9	Pulse	99	942129	18036	1
A_HP_50	9	Response	1	949298	25205	1
A_HP_50	9	Pulse	99	962129	38036	1
A_HP_50	10	Picture	response178	974552	60	1	40148	1	0	40000	hit	49
A_HP_50	10	Pulse	99	982129	7637	1
A_HP_50	10	Response	1	989498	15006	1
A_HP_50	10	Pulse	99	1002129	27637	1
A_HP_50	10	Pulse	99	1022129	47637	1
A_HP_50	11	Picture	response177	1025029	137	1	40148	1	0	40000	hit	54
A_HP_50	11	Pulse	99	1042129	17237	1
A_HP_50	11	Response	2	1056218	31326	1
A_HP_50	11	Pulse	99	1062129	37237	1
A_HP_50	12	Picture	response181	1075339	47	1	40148	1	0	40000	hit	58
A_HP_50	12	Pulse	99	1082129	6837	1
A_HP_50	12	Response	2	1091098	15805	1
A_HP_50	12	Pulse	99	1102129	26837	1
A_HP_50	12	Pulse	99	1122129	46837	1
A_HP_50	13	Picture	ins21	1125817	124	1	30153	1	0	30000	other	0
A_HP_50	13	Pulse	99	1142129	16437	1
A_HP_50	13	Pulse	99	1162129	36436	1
A_HP_50	13	Pulse	99	1182129	56436	1
A_HP_50	13	Pulse	99	1202129	76437	1
A_HP_50	13	Pulse	99	1222129	96436	1
A_HP_50	13	Pulse	99	1242129	116437	1
A_HP_50	13	Pulse	99	1262129	136437	1
A_HP_50	13	Pulse	99	1282129	156437	1
A_HP_50	13	Pulse	99	1302129	176436	1
A_HP_50	13	Pulse	99	1322129	196437	1
A_HP_50	13	Pulse	99	1342129	216437	1
A_HP_50	13	Pulse	99	1362129	236437	1
A_HP_50	13	Pulse	99	1382129	256437	1
A_HP_50	13	Pulse	99	1402129	276436	1
A_HP_50	13	Pulse	99	1422129	296437	1
A_HP_50	14	Response	3	1442130	6287	1
A_HP_50	14	Pulse	99	1442130	6287	1
A_HP_50	15	Picture	response167	1442673	181	1	40148	1	0	40000	hit	80
A_HP_50	15	Response	2	1460398	17906	1
A_HP_50	15	Pulse	99	1462129	19637	1
A_HP_50	15	Pulse	99	1482129	39637	1
A_HP_50	16	Picture	response164	1492984	91	1	40148	1	0	40000	hit	85
A_HP_50	16	Pulse	99	1502129	9237	1
A_HP_50	16	Response	1	1510978	18085	1
A_HP_50	16	Pulse	99	1522129	29237	1
A_HP_50	16	Pulse	99	1542129	49236	1
A_HP_50	17	Picture	response161	1543461	168	1	40148	1	0	40000	hit	90
A_HP_50	17	Pulse	99	1562129	18837	1
A_HP_50	17	Response	2	1566768	23475	1
A_HP_50	17	Pulse	99	1582129	38837	1
A_HP_50	18	Picture	response165	1593771	79	1	40148	1	0	40000	hit	94
A_HP_50	18	Pulse	99	1602129	8437	1
A_HP_50	18	Response	1	1613158	19466	1
A_HP_50	18	Pulse	99	1622129	28436	1
A_HP_50	18	Pulse	99	1642129	48437	1
A_HP_50	19	Picture	response168	1644248	156	1	40148	1	0	40000	incorrect	99
A_HP_50	19	Pulse	99	1662129	18036	1
A_HP_50	19	Response	1	1674267	30175	1
A_HP_50	19	Pulse	99	1682129	38036	1
A_HP_50	20	Picture	response162	1694559	67	1	40148	1	0	40000	hit	103
A_HP_50	20	Pulse	99	1702129	7636	1
A_HP_50	20	Response	1	1721747	27255	1
A_HP_50	20	Pulse	99	1722128	27636	1
A_HP_50	20	Pulse	99	1742129	47637	1
A_HP_50	21	Picture	response166	1745036	144	1	40148	1	0	40000	hit	107
A_HP_50	21	Response	1	1760348	15455	1
A_HP_50	21	Pulse	99	1762129	17237	1
A_HP_50	21	Pulse	99	1782129	37237	1
A_HP_50	22	Picture	response163	1795347	54	1	40149	1	0	40000	hit	113
A_HP_50	22	Pulse	99	1802129	6836	1
A_HP_50	22	Pulse	99	1822129	26837	1
A_HP_50	22	Response	2	1822617	27324	1
A_HP_50	22	Pulse	99	1842129	46837	1
A_HP_50	23	Picture	ins5	1845824	131	1	30153	1	0	30000	other	0
A_HP_50	23	Pulse	99	1862129	16436	1
A_HP_50	23	Pulse	99	1882129	36437	1
A_HP_50	23	Pulse	99	1902129	56436	1
A_HP_50	23	Pulse	99	1922129	76436	1
A_HP_50	23	Pulse	99	1942129	96437	1
A_HP_50	23	Pulse	99	1962129	116436	1
A_HP_50	23	Pulse	99	1982129	136436	1
A_HP_50	23	Pulse	99	2002129	156437	1
A_HP_50	23	Pulse	99	2022129	176436	1
A_HP_50	23	Pulse	99	2042129	196436	1
A_HP_50	23	Pulse	99	2062129	216436	1
A_HP_50	23	Pulse	99	2082129	236436	1
A_HP_50	23	Pulse	99	2102129	256437	1
A_HP_50	23	Pulse	99	2122129	276436	1
A_HP_50	23	Pulse	99	2142129	296436	1
A_HP_50	24	Response	3	2162129	6279	1
A_HP_50	24	Pulse	99	2162129	6279	1
A_HP_50	25	Picture	response34	2162680	188	1	40148	1	0	40000	hit	134
A_HP_50	25	Response	2	2176087	13595	1
A_HP_50	25	Pulse	99	2182129	19637	1
A_HP_50	25	Pulse	99	2202129	39637	1
A_HP_50	26	Picture	response39	2212991	99	1	40148	1	0	40000	hit	139
A_HP_50	26	Pulse	99	2222129	9237	1
A_HP_50	26	Response	1	2228278	15385	1
A_HP_50	26	Pulse	99	2242129	29236	1
A_HP_50	26	Pulse	99	2262049	49157	1
A_HP_50	27	Picture	response37	2263468	176	1	40148	1	0	40000	hit	143
A_HP_50	27	Response	2	2278238	14945	1
A_HP_50	27	Pulse	99	2282129	18836	1
A_HP_50	27	Pulse	99	2302129	38837	1
A_HP_50	28	Picture	response35	2313778	86	1	40148	1	0	40000	hit	148
A_HP_50	28	Pulse	99	2322049	8357	1
A_HP_50	28	Response	1	2328548	14855	1
A_HP_50	28	Pulse	99	2342129	28436	1
A_HP_50	28	Pulse	99	2362129	48437	1
A_HP_50	29	Picture	response36	2364256	163	1	40148	1	0	40000	hit	152
A_HP_50	29	Response	2	2377348	13255	1
A_HP_50	29	Pulse	99	2382049	17957	1
A_HP_50	29	Pulse	99	2402129	38036	1
A_HP_50	30	Picture	response40	2414566	74	1	40149	1	0	40000	hit	157
A_HP_50	30	Pulse	99	2422129	7637	1
A_HP_50	30	Response	2	2432348	17855	1
A_HP_50	30	Pulse	99	2442049	27557	1
A_HP_50	30	Pulse	99	2462129	47637	1
A_HP_50	31	Picture	response33	2465043	151	1	40149	1	0	40000	hit	161
A_HP_50	31	Response	2	2478798	13905	1
A_HP_50	31	Pulse	99	2482129	17237	1
A_HP_50	31	Pulse	99	2502049	37157	1
A_HP_50	32	Picture	response38	2515354	61	1	40148	1	0	40000	hit	166
A_HP_50	32	Pulse	99	2522128	6836	1
A_HP_50	32	Response	1	2526978	11685	1
A_HP_50	32	Pulse	99	2542129	26837	1
A_HP_50	32	Pulse	99	2562049	46756	1
A_HP_50	33	Picture	ins15	2565831	139	1	30153	1	0	30000	other	0
A_HP_50	33	Pulse	99	2582129	16437	1
A_HP_50	33	Pulse	99	2602129	36437	1
A_HP_50	33	Pulse	99	2622049	56356	1
A_HP_50	33	Pulse	99	2642129	76436	1
A_HP_50	33	Pulse	99	2662129	96437	1
A_HP_50	33	Pulse	99	2682129	116436	1
A_HP_50	33	Pulse	99	2702129	136437	1
A_HP_50	33	Pulse	99	2722129	156436	1
A_HP_50	33	Pulse	99	2742129	176436	1
A_HP_50	33	Pulse	99	2762129	196436	1
A_HP_50	33	Pulse	99	2782129	216437	1
A_HP_50	33	Pulse	99	2802129	236437	1
A_HP_50	33	Pulse	99	2822050	256358	1
A_HP_50	33	Pulse	99	2842129	276437	1
A_HP_50	33	Pulse	99	2862129	296437	1
A_HP_50	34	Response	3	2882049	6192	1
A_HP_50	34	Pulse	99	2882049	6192	1
A_HP_50	35	Picture	response115	2882521	128	1	40148	1	0	40000	hit	188
A_HP_50	35	Response	2	2896328	13935	1
A_HP_50	35	Pulse	99	2902129	19736	1
A_HP_50	35	Pulse	99	2922129	39737	1
A_HP_50	36	Picture	response118	2932831	39	1	40148	1	0	40000	hit	193
A_HP_50	36	Pulse	99	2942049	9257	1
A_HP_50	36	Response	2	2949408	16615	1
A_HP_50	36	Pulse	99	2962129	29337	1
A_HP_50	36	Pulse	99	2982129	49337	1
A_HP_50	37	Picture	response113	2983308	116	1	40148	1	0	40000	hit	197
A_HP_50	37	Response	2	3000587	17395	1
A_HP_50	37	Pulse	99	3002049	18856	1
A_HP_50	37	Pulse	99	3022129	38937	1
A_HP_50	38	Picture	response117	3033785	193	1	40149	1	0	40000	hit	202
A_HP_50	38	Pulse	99	3042129	8537	1
A_HP_50	38	Response	1	3048908	15315	1
A_HP_50	38	Pulse	99	3062049	28457	1
A_HP_50	38	Pulse	99	3082129	48536	1
A_HP_50	39	Picture	response119	3084096	104	1	40148	1	0	40000	hit	206
A_HP_50	39	Response	2	3096578	12585	1
A_HP_50	39	Pulse	99	3102129	18137	1
A_HP_50	39	Pulse	99	3122049	38057	1
A_HP_50	40	Picture	response120	3134573	181	1	40149	1	0	40000	hit	211
A_HP_50	40	Pulse	99	3142129	7736	1
A_HP_50	40	Response	2	3148867	14475	1
A_HP_50	40	Pulse	99	3162129	27736	1
A_HP_50	40	Pulse	99	3182049	47657	1
A_HP_50	41	Picture	response116	3184884	91	1	40149	1	0	40000	hit	215
A_HP_50	41	Response	1	3196708	11915	1
A_HP_50	41	Pulse	99	3202128	17336	1
A_HP_50	41	Pulse	99	3222129	37337	1
A_HP_50	42	Picture	response114	3235361	169	1	40148	1	0	40000	hit	220
A_HP_50	42	Pulse	99	3242049	6856	1
A_HP_50	42	Response	1	3250147	14955	1
A_HP_50	42	Pulse	99	3262129	26937	1
A_HP_50	42	Pulse	99	3282129	46937	1
A_HP_50	43	Picture	ins13	3285671	79	1	30153	1	0	30000	other	0
A_HP_50	43	Pulse	99	3302049	16457	1
A_HP_50	43	Pulse	99	3322129	36537	1
A_HP_50	43	Pulse	99	3342129	56536	1
A_HP_50	43	Pulse	99	3362049	76457	1
A_HP_50	43	Pulse	99	3382128	96536	1
A_HP_50	43	Pulse	99	3402129	116536	1
A_HP_50	43	Pulse	99	3422049	136457	1
A_HP_50	43	Pulse	99	3442049	156457	1
A_HP_50	43	Pulse	99	3462129	176537	1
A_HP_50	43	Pulse	99	3482049	196456	1
A_HP_50	43	Pulse	99	3502049	216456	1
A_HP_50	43	Pulse	99	3522129	236536	1
A_HP_50	43	Pulse	99	3542049	256457	1
A_HP_50	43	Pulse	99	3562048	276456	1
A_HP_50	43	Pulse	99	3582129	296536	1
A_HP_50	44	Response	3	3602049	6351	1
A_HP_50	44	Pulse	99	3602049	6351	1
A_HP_50	45	Picture	response102	3602528	136	1	40149	1	0	40000	hit	242
A_HP_50	45	Response	2	3613508	11116	1
A_HP_50	45	Pulse	99	3622049	19656	1
A_HP_50	45	Pulse	99	3642129	39737	1
A_HP_50	46	Picture	response104	3652838	46	1	40148	1	0	40000	hit	247
A_HP_50	46	Pulse	99	3662049	9257	1
A_HP_50	46	Response	1	3665937	13145	1
A_HP_50	46	Pulse	99	3682049	29257	1
A_HP_50	46	Pulse	99	3702129	49336	1
A_HP_50	47	Picture	response97	3703316	124	1	40148	1	0	40000	hit	252
A_HP_50	47	Pulse	99	3722049	18857	1
A_HP_50	47	Response	1	3725297	22105	1
A_HP_50	47	Pulse	99	3742049	38857	1
A_HP_50	48	Picture	response101	3753626	34	1	40148	1	0	40000	hit	256
A_HP_50	48	Pulse	99	3762129	8537	1
A_HP_50	48	Response	1	3766578	12986	1
A_HP_50	48	Pulse	99	3782049	28457	1
A_HP_50	48	Pulse	99	3802049	48457	1
A_HP_50	49	Picture	response103	3804103	111	1	40148	1	0	40000	hit	260
A_HP_50	49	Response	1	3816577	12585	1
A_HP_50	49	Pulse	99	3822128	18136	1
A_HP_50	49	Pulse	99	3842049	38057	1
A_HP_50	50	Picture	response100	3854580	188	1	40148	1	0	40000	hit	265
A_HP_50	50	Pulse	99	3862049	7657	1
A_HP_50	50	Response	2	3872637	18245	1
A_HP_50	50	Pulse	99	3882129	27736	1
A_HP_50	50	Pulse	99	3902049	47657	1
A_HP_50	51	Picture	response99	3904891	99	1	40149	1	0	40000	hit	269
A_HP_50	51	Response	1	3921117	16325	1
A_HP_50	51	Pulse	99	3922049	17256	1
A_HP_50	51	Pulse	99	3942129	37337	1
A_HP_50	52	Picture	response98	3955368	176	1	40148	1	0	40000	hit	274
A_HP_50	52	Pulse	99	3962049	6857	1
A_HP_50	52	Response	2	3970007	14815	1
A_HP_50	52	Pulse	99	3982049	26857	1
A_HP_50	52	Pulse	99	4002129	46937	1
A_HP_50	53	Picture	ins7	4005678	86	1	30153	1	0	30000	other	0
A_HP_50	53	Pulse	99	4022049	16456	1
A_HP_50	53	Pulse	99	4042049	36457	1
A_HP_50	53	Pulse	99	4062049	56456	1
A_HP_50	53	Pulse	99	4082049	76457	1
A_HP_50	53	Pulse	99	4102049	96457	1
A_HP_50	53	Pulse	99	4122049	116457	1
A_HP_50	53	Pulse	99	4142129	136536	1
A_HP_50	53	Pulse	99	4162049	156457	1
A_HP_50	53	Pulse	99	4182049	176456	1
A_HP_50	53	Pulse	99	4202129	196537	1
A_HP_50	53	Pulse	99	4222049	216457	1
A_HP_50	53	Pulse	99	4242049	236457	1
A_HP_50	53	Pulse	99	4262129	256537	1
A_HP_50	53	Pulse	99	4282049	276457	1
A_HP_50	53	Pulse	99	4302049	296457	1
A_HP_50	54	Response	3	4322129	6425	1
A_HP_50	54	Pulse	99	4322129	6425	1
A_HP_50	55	Picture	response50	4322535	42	1	40149	1	0	40000	hit	296
A_HP_50	55	Response	2	4336597	14105	1
A_HP_50	55	Pulse	99	4342049	19557	1
A_HP_50	55	Pulse	99	4362049	39557	1
A_HP_50	56	Picture	response53	4373012	120	1	40148	1	0	40000	hit	301
A_HP_50	56	Pulse	99	4382129	9237	1
A_HP_50	56	Response	2	4390717	17825	1
A_HP_50	56	Pulse	99	4402048	29156	1
A_HP_50	56	Pulse	99	4422049	49157	1
A_HP_50	57	Picture	response56	4423489	197	1	40148	1	0	40000	hit	305
A_HP_50	57	Response	1	4439617	16325	1
A_HP_50	57	Pulse	99	4442128	18836	1
A_HP_50	57	Pulse	99	4462049	38757	1
A_HP_50	58	Picture	response54	4473800	108	1	40148	1	0	40000	hit	310
A_HP_50	58	Pulse	99	4482048	8356	1
A_HP_50	58	Response	1	4490627	16935	1
A_HP_50	58	Pulse	99	4502129	28437	1
A_HP_50	58	Pulse	99	4522048	48356	1
A_HP_50	59	Picture	response51	4524277	185	1	40148	1	0	40000	hit	314
A_HP_50	59	Response	2	4536398	12305	1
A_HP_50	59	Pulse	99	4542049	17957	1
A_HP_50	59	Pulse	99	4562129	38036	1
A_HP_50	60	Picture	response55	4574587	95	1	40148	1	0	40000	hit	319
A_HP_50	60	Pulse	99	4582049	7557	1
A_HP_50	60	Response	1	4585257	10765	1
A_HP_50	60	Pulse	99	4602049	27557	1
A_HP_50	60	Pulse	99	4622049	47557	1
A_HP_50	61	Picture	response49	4625065	173	1	40148	1	0	40000	hit	323
A_HP_50	61	Response	1	4632327	7435	1
A_HP_50	61	Pulse	99	4642049	17157	1
A_HP_50	61	Pulse	99	4662048	37157	1
A_HP_50	62	Picture	response52	4675375	83	1	40148	1	0	40000	hit	328
A_HP_50	62	Pulse	99	4682049	6757	1
A_HP_50	62	Response	1	4687267	11975	1
A_HP_50	62	Pulse	99	4702049	26757	1
A_HP_50	62	Pulse	99	4722049	46756	1
A_HP_50	63	Picture	thanks	4725352	0	1	10162	1	0	10000	other	0
A_HP_50	63	Pulse	99	4742049	16696	1


Event Type	Code	Type	Response	RT	RT Uncertainty	Time	Uncertainty	Duration	Uncertainty	ReqTime	ReqDur

Picture	ready	other				342171	1	10162	1	0	10000
Picture	ins23	other				402811	1	30153	1	0	30000
Picture	response180	hit	1	17592	2	722666	1	40149	1	0	40000
Picture	response179	incorrect	1	20811	2	772976	1	40148	1	0	40000
Picture	response182	hit	2	33244	2	823454	1	40149	1	0	40000
Picture	response184	incorrect	2	29834	2	873764	1	40148	1	0	40000
Picture	response183	hit	1	25056	2	924241	1	40148	1	0	40000
Picture	response178	hit	1	14946	2	974552	1	40148	1	0	40000
Picture	response177	hit	2	31189	2	1025029	1	40148	1	0	40000
Picture	response181	hit	2	15758	2	1075339	1	40148	1	0	40000
Picture	ins21	other				1125817	1	30153	1	0	30000
Picture	response167	hit	2	17725	2	1442673	1	40148	1	0	40000
Picture	response164	hit	1	17994	2	1492984	1	40148	1	0	40000
Picture	response161	hit	2	23307	2	1543461	1	40148	1	0	40000
Picture	response165	hit	1	19387	2	1593771	1	40148	1	0	40000
Picture	response168	incorrect	1	30019	2	1644248	1	40148	1	0	40000
Picture	response162	hit	1	27188	2	1694559	1	40148	1	0	40000
Picture	response166	hit	1	15312	2	1745036	1	40148	1	0	40000
Picture	response163	hit	2	27270	2	1795347	1	40149	1	0	40000
Picture	ins5	other				1845824	1	30153	1	0	30000
Picture	response34	hit	2	13407	2	2162680	1	40148	1	0	40000
Picture	response39	hit	1	15287	2	2212991	1	40148	1	0	40000
Picture	response37	hit	2	14770	2	2263468	1	40148	1	0	40000
Picture	response35	hit	1	14769	2	2313778	1	40148	1	0	40000
Picture	response36	hit	2	13092	2	2364256	1	40148	1	0	40000
Picture	response40	hit	2	17782	2	2414566	1	40149	1	0	40000
Picture	response33	hit	2	13755	2	2465043	1	40149	1	0	40000
Picture	response38	hit	1	11624	2	2515354	1	40148	1	0	40000
Picture	ins15	other				2565831	1	30153	1	0	30000
Picture	response115	hit	2	13807	2	2882521	1	40148	1	0	40000
Picture	response118	hit	2	16576	2	2932831	1	40148	1	0	40000
Picture	response113	hit	2	17279	2	2983308	1	40148	1	0	40000
Picture	response117	hit	1	15122	2	3033785	1	40149	1	0	40000
Picture	response119	hit	2	12481	2	3084096	1	40148	1	0	40000
Picture	response120	hit	2	14294	2	3134573	1	40149	1	0	40000
Picture	response116	hit	1	11824	2	3184884	1	40149	1	0	40000
Picture	response114	hit	1	14787	2	3235361	1	40148	1	0	40000
Picture	ins13	other				3285671	1	30153	1	0	30000
Picture	response102	hit	2	10980	2	3602528	1	40149	1	0	40000
Picture	response104	hit	1	13099	2	3652838	1	40148	1	0	40000
Picture	response97	hit	1	21982	2	3703316	1	40148	1	0	40000
Picture	response101	hit	1	12952	2	3753626	1	40148	1	0	40000
Picture	response103	hit	1	12474	2	3804103	1	40148	1	0	40000
Picture	response100	hit	2	18057	2	3854580	1	40148	1	0	40000
Picture	response99	hit	1	16226	2	3904891	1	40149	1	0	40000
Picture	response98	hit	2	14639	2	3955368	1	40148	1	0	40000
Picture	ins7	other				4005678	1	30153	1	0	30000
Picture	response50	hit	2	14063	2	4322535	1	40149	1	0	40000
Picture	response53	hit	2	17705	2	4373012	1	40148	1	0	40000
Picture	response56	hit	1	16128	2	4423489	1	40148	1	0	40000
Picture	response54	hit	1	16828	2	4473800	1	40148	1	0	40000
Picture	response51	hit	2	12121	2	4524277	1	40148	1	0	40000
Picture	response55	hit	1	10670	2	4574587	1	40148	1	0	40000
Picture	response49	hit	1	7263	2	4625065	1	40148	1	0	40000
Picture	response52	hit	1	11892	2	4675375	1	40148	1	0	40000
Picture	thanks	other				4725352	1	10162	1	0	10000


{
   "app": "Presentation Version 21.1 Build 09.05.19",
   "device": "LENOVO 20FBCTO1WW",
   "experiment": "{C0C68DB1-10BA-42F2-8F79-3F2AFFEED4E4}",
   "os": "Windows 10 64 bit",
   "package": "",
   "parameters": {
      "configuration": "Default configuration"
   },
   "scenario": "Feature experiment(2).sce",
   "subject": "A_HP_50",
   "timestamp": "2020/02/20 00:46:16 GMT"
}
