Scenario - 
Logfile written - 07/26/2019 13:56:35

Subject	Trial	Event Type	Code	Time	TTime	Uncertainty	Duration	Uncertainty	ReqTime	ReqDur	Stim Type	Pair Index

A_HP_05	1	Response	3	403480	402147	1
A_HP_05	1	Pulse	99	403480	402147	1
A_HP_05	2	Picture	ready	403712	0	1	10229	1	0	10000	other	0
A_HP_05	2	Pulse	99	423480	19768	1
A_HP_05	2	Pulse	99	443480	39769	1
A_HP_05	2	Pulse	99	463480	59768	1
A_HP_05	3	Picture	ins5	464328	234	1	30230	1	0	30000	other	0
A_HP_05	3	Pulse	99	483480	19386	1
A_HP_05	3	Pulse	99	503480	39386	1
A_HP_05	3	Pulse	99	523480	59386	1
A_HP_05	3	Pulse	99	543480	79386	1
A_HP_05	3	Pulse	99	563479	99386	1
A_HP_05	3	Pulse	99	583480	119386	1
A_HP_05	3	Pulse	99	603479	139386	1
A_HP_05	3	Pulse	99	623480	159386	1
A_HP_05	3	Pulse	99	643480	179386	1
A_HP_05	3	Pulse	99	663480	199386	1
A_HP_05	3	Pulse	99	683479	219385	1
A_HP_05	3	Pulse	99	703479	239385	1
A_HP_05	3	Pulse	99	723479	259385	1
A_HP_05	3	Pulse	99	743479	279385	1
A_HP_05	3	Pulse	99	763479	299385	1
A_HP_05	4	Response	3	783479	9155	1
A_HP_05	4	Pulse	99	783479	9155	1
A_HP_05	5	Picture	response40	784293	400	1	40229	1	0	40000	hit	26
A_HP_05	5	Response	2	791348	7455	1
A_HP_05	5	Pulse	99	803480	19586	1
A_HP_05	5	Pulse	99	823479	39586	1
A_HP_05	6	Picture	response35	834585	291	1	40229	1	0	40000	hit	30
A_HP_05	6	Response	1	841708	7415	1
A_HP_05	6	Pulse	99	843479	9185	1
A_HP_05	6	Pulse	99	863480	29186	1
A_HP_05	6	Pulse	99	883480	49186	1
A_HP_05	7	Picture	response37	884876	183	1	40229	1	0	40000	hit	35
A_HP_05	7	Response	2	890248	5554	1
A_HP_05	7	Pulse	99	903479	18786	1
A_HP_05	7	Pulse	99	923479	38786	1
A_HP_05	8	Picture	response39	935334	241	1	40229	1	0	40000	hit	39
A_HP_05	8	Response	1	940948	5854	1
A_HP_05	8	Pulse	99	943479	8385	1
A_HP_05	8	Pulse	99	963480	28386	1
A_HP_05	8	Pulse	99	983479	48385	1
A_HP_05	9	Picture	response38	985793	299	1	40229	1	0	40000	hit	44
A_HP_05	9	Response	1	990668	5174	1
A_HP_05	9	Pulse	99	1003479	17986	1
A_HP_05	9	Pulse	99	1023479	37986	1
A_HP_05	10	Picture	response34	1036084	191	1	40229	1	0	40000	hit	48
A_HP_05	10	Response	2	1041218	5325	1
A_HP_05	10	Pulse	99	1043479	7586	1
A_HP_05	10	Pulse	99	1063479	27586	1
A_HP_05	10	Pulse	99	1083479	47586	1
A_HP_05	11	Picture	response36	1086542	249	1	40229	1	0	40000	hit	53
A_HP_05	11	Response	2	1093128	6834	1
A_HP_05	11	Pulse	99	1103479	17186	1
A_HP_05	11	Pulse	99	1123479	37185	1
A_HP_05	12	Picture	response33	1136834	140	1	40229	1	0	40000	hit	57
A_HP_05	12	Response	2	1142698	6004	1
A_HP_05	12	Pulse	99	1143478	6785	1
A_HP_05	12	Pulse	99	1163479	26786	1
A_HP_05	12	Pulse	99	1183479	46786	1
A_HP_05	13	Picture	ins13	1187458	365	1	30229	1	0	30000	other	0
A_HP_05	13	Pulse	99	1203479	16386	1
A_HP_05	13	Pulse	99	1223479	36386	1
A_HP_05	13	Pulse	99	1243479	56386	1
A_HP_05	13	Pulse	99	1263479	76386	1
A_HP_05	13	Pulse	99	1283479	96386	1
A_HP_05	13	Pulse	99	1303479	116386	1
A_HP_05	13	Pulse	99	1323479	136386	1
A_HP_05	13	Pulse	99	1343479	156386	1
A_HP_05	13	Pulse	99	1363479	176385	1
A_HP_05	13	Pulse	99	1383479	196386	1
A_HP_05	13	Pulse	99	1403479	216386	1
A_HP_05	13	Pulse	99	1423479	236386	1
A_HP_05	13	Pulse	99	1443478	256385	1
A_HP_05	13	Pulse	99	1463479	276386	1
A_HP_05	13	Pulse	99	1483479	296386	1
A_HP_05	14	Response	3	1503478	6155	1
A_HP_05	14	Pulse	99	1503478	6155	1
A_HP_05	15	Picture	response98	1504123	230	1	40229	1	0	40000	hit	80
A_HP_05	15	Response	2	1511457	7564	1
A_HP_05	15	Pulse	99	1523478	19586	1
A_HP_05	15	Pulse	99	1543478	39585	1
A_HP_05	16	Picture	response97	1554582	289	1	40229	1	0	40000	hit	85
A_HP_05	16	Pulse	99	1563478	9186	1
A_HP_05	16	Response	1	1566307	12014	1
A_HP_05	16	Pulse	99	1583478	29186	1
A_HP_05	16	Pulse	99	1603398	49106	1
A_HP_05	17	Picture	response104	1604873	181	1	40229	1	0	40000	hit	89
A_HP_05	17	Response	1	1613687	8995	1
A_HP_05	17	Pulse	99	1623478	18786	1
A_HP_05	17	Pulse	99	1643479	38786	1
A_HP_05	18	Picture	response99	1655331	239	1	40229	1	0	40000	hit	94
A_HP_05	18	Pulse	99	1663478	8386	1
A_HP_05	18	Response	1	1679567	24474	1
A_HP_05	18	Pulse	99	1683477	28385	1
A_HP_05	18	Pulse	99	1703478	48386	1
A_HP_05	19	Picture	response102	1705789	297	1	40229	1	0	40000	hit	98
A_HP_05	19	Response	2	1711437	5945	1
A_HP_05	19	Pulse	99	1723478	17986	1
A_HP_05	19	Pulse	99	1743479	37986	1
A_HP_05	20	Picture	response100	1756080	189	1	40229	1	0	40000	hit	103
A_HP_05	20	Pulse	99	1763478	7586	1
A_HP_05	20	Response	2	1770757	14865	1
A_HP_05	20	Pulse	99	1783478	27586	1
A_HP_05	20	Pulse	99	1803478	47586	1
A_HP_05	21	Picture	response103	1806538	246	1	40230	1	0	40000	hit	107
A_HP_05	21	Response	1	1815276	8984	1
A_HP_05	21	Pulse	99	1823477	17185	1
A_HP_05	21	Pulse	99	1843478	37185	1
A_HP_05	22	Picture	response101	1856830	138	1	40229	1	0	40000	hit	112
A_HP_05	22	Pulse	99	1863478	6786	1
A_HP_05	22	Response	1	1864116	7424	1
A_HP_05	22	Pulse	99	1883478	26786	1
A_HP_05	22	Pulse	99	1903477	46785	1
A_HP_05	23	Picture	ins21	1907455	363	1	30229	1	0	30000	other	0
A_HP_05	23	Pulse	99	1923478	16386	1
A_HP_05	23	Pulse	99	1943478	36386	1
A_HP_05	23	Pulse	99	1963478	56386	1
A_HP_05	23	Pulse	99	1983478	76386	1
A_HP_05	23	Pulse	99	2003478	96386	1
A_HP_05	23	Pulse	99	2023478	116386	1
A_HP_05	23	Pulse	99	2043398	136306	1
A_HP_05	23	Pulse	99	2063478	156386	1
A_HP_05	23	Pulse	99	2083478	176386	1
A_HP_05	23	Pulse	99	2103398	196306	1
A_HP_05	23	Pulse	99	2123478	216386	1
A_HP_05	23	Pulse	99	2143478	236386	1
A_HP_05	23	Pulse	99	2163398	256306	1
A_HP_05	23	Pulse	99	2183478	276385	1
A_HP_05	23	Pulse	99	2203477	296385	1
A_HP_05	24	Response	3	2223477	6155	1
A_HP_05	24	Pulse	99	2223477	6155	1
A_HP_05	25	Picture	response165	2224122	230	1	40229	1	0	40000	hit	134
A_HP_05	25	Response	1	2233316	9424	1
A_HP_05	25	Pulse	99	2243477	19585	1
A_HP_05	25	Pulse	99	2263477	39585	1
A_HP_05	26	Picture	response166	2274607	315	1	40229	1	0	40000	hit	139
A_HP_05	26	Pulse	99	2283477	9185	1
A_HP_05	26	Response	1	2284126	9834	1
A_HP_05	26	Pulse	99	2303477	29185	1
A_HP_05	26	Pulse	99	2323477	49185	1
A_HP_05	27	Picture	response163	2324899	207	1	40230	1	0	40000	hit	143
A_HP_05	27	Response	2	2342206	17514	1
A_HP_05	27	Pulse	99	2343477	18785	1
A_HP_05	27	Pulse	99	2363478	38786	1
A_HP_05	28	Picture	response162	2375357	266	1	40229	1	0	40000	hit	148
A_HP_05	28	Pulse	99	2383477	8386	1
A_HP_05	28	Response	1	2391826	16734	1
A_HP_05	28	Pulse	99	2403477	28386	1
A_HP_05	28	Pulse	99	2423477	48386	1
A_HP_05	29	Picture	response168	2425649	157	1	40229	1	0	40000	hit	152
A_HP_05	29	Response	2	2436266	10774	1
A_HP_05	29	Pulse	99	2443477	17985	1
A_HP_05	29	Pulse	99	2463477	37985	1
A_HP_05	30	Picture	response161	2476107	215	1	40229	1	0	40000	hit	157
A_HP_05	30	Pulse	99	2483397	7506	1
A_HP_05	30	Response	2	2490266	14374	1
A_HP_05	30	Pulse	99	2503477	27585	1
A_HP_05	30	Pulse	99	2523477	47585	1
A_HP_05	31	Picture	response164	2526565	274	1	40229	1	0	40000	hit	162
A_HP_05	31	Pulse	99	2543397	17106	1
A_HP_05	31	Response	1	2548246	21954	1
A_HP_05	31	Pulse	99	2563477	37186	1
A_HP_05	32	Picture	response167	2576857	165	1	40229	1	0	40000	hit	166
A_HP_05	32	Pulse	99	2583477	6785	1
A_HP_05	32	Response	2	2587285	10594	1
A_HP_05	32	Pulse	99	2603397	26705	1
A_HP_05	32	Pulse	99	2623477	46785	1
A_HP_05	33	Picture	ins15	2627315	224	1	30229	1	0	30000	other	0
A_HP_05	33	Pulse	99	2643477	16385	1
A_HP_05	33	Pulse	99	2663397	36305	1
A_HP_05	33	Pulse	99	2683477	56385	1
A_HP_05	33	Pulse	99	2703476	76385	1
A_HP_05	33	Pulse	99	2723397	96305	1
A_HP_05	33	Pulse	99	2743477	116385	1
A_HP_05	33	Pulse	99	2763477	136385	1
A_HP_05	33	Pulse	99	2783397	156305	1
A_HP_05	33	Pulse	99	2803477	176385	1
A_HP_05	33	Pulse	99	2823477	196385	1
A_HP_05	33	Pulse	99	2843477	216385	1
A_HP_05	33	Pulse	99	2863477	236385	1
A_HP_05	33	Pulse	99	2883476	256385	1
A_HP_05	33	Pulse	99	2903476	276385	1
A_HP_05	33	Pulse	99	2923476	296385	1
A_HP_05	34	Response	3	2943476	6154	1
A_HP_05	34	Pulse	99	2943476	6154	1
A_HP_05	35	Picture	response120	2944121	230	1	40229	1	0	40000	hit	188
A_HP_05	35	Response	2	2955515	11624	1
A_HP_05	35	Pulse	99	2963476	19585	1
A_HP_05	35	Pulse	99	2983396	39505	1
A_HP_05	36	Picture	response115	2994579	289	1	40229	1	0	40000	hit	192
A_HP_05	36	Response	2	3002825	8535	1
A_HP_05	36	Pulse	99	3003476	9186	1
A_HP_05	36	Pulse	99	3023476	29186	1
A_HP_05	36	Pulse	99	3043396	49106	1
A_HP_05	37	Picture	response117	3044871	181	1	40229	1	0	40000	hit	197
A_HP_05	37	Response	1	3054795	10105	1
A_HP_05	37	Pulse	99	3063476	18786	1
A_HP_05	37	Pulse	99	3083476	38786	1
A_HP_05	38	Picture	response118	3095329	238	1	40229	1	0	40000	hit	201
A_HP_05	38	Response	2	3102205	7115	1
A_HP_05	38	Pulse	99	3103396	8305	1
A_HP_05	38	Pulse	99	3123476	28386	1
A_HP_05	38	Pulse	99	3143476	48386	1
A_HP_05	39	Picture	response116	3145787	297	1	40230	1	0	40000	hit	206
A_HP_05	39	Response	1	3155854	10364	1
A_HP_05	39	Pulse	99	3163396	17905	1
A_HP_05	39	Pulse	99	3183476	37986	1
A_HP_05	40	Picture	response114	3196079	189	1	40229	1	0	40000	hit	211
A_HP_05	40	Pulse	99	3203476	7585	1
A_HP_05	40	Response	1	3207625	11734	1
A_HP_05	40	Pulse	99	3223396	27505	1
A_HP_05	40	Pulse	99	3243476	47585	1
A_HP_05	41	Picture	response119	3246539	248	1	40229	1	0	40000	hit	215
A_HP_05	41	Response	2	3253825	7534	1
A_HP_05	41	Pulse	99	3263475	17185	1
A_HP_05	41	Pulse	99	3283395	37105	1
A_HP_05	42	Picture	response113	3296830	140	1	40229	1	0	40000	hit	220
A_HP_05	42	Pulse	99	3303476	6786	1
A_HP_05	42	Response	2	3305994	9304	1
A_HP_05	42	Pulse	99	3323476	26786	1
A_HP_05	42	Pulse	99	3343395	46706	1
A_HP_05	43	Picture	ins7	3347455	365	1	30229	1	0	30000	other	0
A_HP_05	43	Pulse	99	3363476	16385	1
A_HP_05	43	Pulse	99	3383476	36385	1
A_HP_05	43	Pulse	99	3403396	56305	1
A_HP_05	43	Pulse	99	3423396	76305	1
A_HP_05	43	Pulse	99	3443476	96385	1
A_HP_05	43	Pulse	99	3463475	116385	1
A_HP_05	43	Pulse	99	3483396	136305	1
A_HP_05	43	Pulse	99	3503476	156385	1
A_HP_05	43	Pulse	99	3523475	176385	1
A_HP_05	43	Pulse	99	3543395	196305	1
A_HP_05	43	Pulse	99	3563475	216385	1
A_HP_05	43	Pulse	99	3583475	236385	1
A_HP_05	43	Pulse	99	3603395	256305	1
A_HP_05	43	Pulse	99	3623475	276385	1
A_HP_05	43	Pulse	99	3643475	296385	1
A_HP_05	44	Response	3	3663395	6074	1
A_HP_05	44	Pulse	99	3663395	6074	1
A_HP_05	45	Picture	response54	3664020	230	1	40230	1	0	40000	hit	242
A_HP_05	45	Response	1	3671324	7534	1
A_HP_05	45	Pulse	99	3683475	19685	1
A_HP_05	45	Pulse	99	3703475	39685	1
A_HP_05	46	Picture	response55	3714311	122	1	40229	1	0	40000	hit	246
A_HP_05	46	Response	1	3718714	4525	1
A_HP_05	46	Pulse	99	3723395	9205	1
A_HP_05	46	Pulse	99	3743476	29286	1
A_HP_05	46	Pulse	99	3763475	49285	1
A_HP_05	47	Picture	response49	3764936	346	1	40229	1	0	40000	hit	251
A_HP_05	47	Response	1	3771134	6544	1
A_HP_05	47	Pulse	99	3783395	18805	1
A_HP_05	47	Pulse	99	3803475	38885	1
A_HP_05	48	Picture	response53	3815227	238	1	40229	1	0	40000	hit	255
A_HP_05	48	Response	2	3821454	6465	1
A_HP_05	48	Pulse	99	3823475	8485	1
A_HP_05	48	Pulse	99	3843395	28406	1
A_HP_05	48	Pulse	99	3863395	48406	1
A_HP_05	49	Picture	response50	3865519	129	1	40230	1	0	40000	hit	260
A_HP_05	49	Response	2	3871063	5674	1
A_HP_05	49	Pulse	99	3883475	18085	1
A_HP_05	49	Pulse	99	3903395	38006	1
A_HP_05	50	Picture	response51	3915977	188	1	40230	1	0	40000	hit	264
A_HP_05	50	Response	2	3921804	6015	1
A_HP_05	50	Pulse	99	3923395	7606	1
A_HP_05	50	Pulse	99	3943475	27686	1
A_HP_05	50	Pulse	99	3963395	47606	1
A_HP_05	51	Picture	response52	3966435	246	1	40229	1	0	40000	hit	269
A_HP_05	51	Response	1	3977864	11675	1
A_HP_05	51	Pulse	99	3983395	17205	1
A_HP_05	51	Pulse	99	4003475	37286	1
A_HP_05	52	Picture	response56	4016893	304	1	40229	1	0	40000	hit	273
A_HP_05	52	Response	1	4022393	5804	1
A_HP_05	52	Pulse	99	4023394	6805	1
A_HP_05	52	Pulse	99	4043395	26806	1
A_HP_05	52	Pulse	99	4063475	46886	1
A_HP_05	53	Picture	ins23	4067185	196	1	30229	1	0	30000	other	0
A_HP_05	53	Pulse	99	4083475	16486	1
A_HP_05	53	Pulse	99	4103395	36406	1
A_HP_05	53	Pulse	99	4123474	56485	1
A_HP_05	53	Pulse	99	4143474	76485	1
A_HP_05	53	Pulse	99	4163394	96405	1
A_HP_05	53	Pulse	99	4183475	116486	1
A_HP_05	53	Pulse	99	4203474	136485	1
A_HP_05	53	Pulse	99	4223395	156406	1
A_HP_05	53	Pulse	99	4243474	176485	1
A_HP_05	53	Pulse	99	4263475	196486	1
A_HP_05	53	Pulse	99	4283394	216405	1
A_HP_05	53	Pulse	99	4303394	236405	1
A_HP_05	53	Pulse	99	4323474	256485	1
A_HP_05	53	Pulse	99	4343394	276405	1
A_HP_05	53	Pulse	99	4363395	296406	1
A_HP_05	54	Response	3	4383474	6254	1
A_HP_05	54	Pulse	99	4383474	6254	1
A_HP_05	55	Picture	response181	4384119	230	1	40229	1	0	40000	hit	296
A_HP_05	55	Response	2	4397873	13984	1
A_HP_05	55	Pulse	99	4403394	19505	1
A_HP_05	55	Pulse	99	4423394	39505	1
A_HP_05	56	Picture	response180	4434577	288	1	40229	1	0	40000	hit	301
A_HP_05	56	Pulse	99	4443474	9185	1
A_HP_05	56	Response	1	4451672	17383	1
A_HP_05	56	Pulse	99	4463394	29105	1
A_HP_05	56	Pulse	99	4483394	49105	1
A_HP_05	57	Picture	response184	4484869	180	1	40230	1	0	40000	hit	305
A_HP_05	57	Response	1	4492163	7474	1
A_HP_05	57	Pulse	99	4503474	18785	1
A_HP_05	57	Pulse	99	4523394	38705	1
A_HP_05	58	Picture	response183	4535328	239	1	40229	1	0	40000	hit	310
A_HP_05	58	Pulse	99	4543394	8305	1
A_HP_05	58	Response	1	4551033	15944	1
A_HP_05	58	Pulse	99	4563474	28385	1
A_HP_05	58	Pulse	99	4583394	48306	1
A_HP_05	59	Picture	response182	4585786	297	1	40229	1	0	40000	hit	314
A_HP_05	59	Response	2	4596793	11304	1
A_HP_05	59	Pulse	99	4603394	17905	1
A_HP_05	59	Pulse	99	4623474	37985	1
A_HP_05	60	Picture	response178	4636077	189	1	40229	1	0	40000	hit	318
A_HP_05	60	Response	1	4642693	6804	1
A_HP_05	60	Pulse	99	4643393	7505	1
A_HP_05	60	Pulse	99	4663394	27505	1
A_HP_05	60	Pulse	99	4683474	47585	1
A_HP_05	61	Picture	response177	4686536	247	1	40229	1	0	40000	hit	323
A_HP_05	61	Response	2	4699843	13554	1
A_HP_05	61	Pulse	99	4703474	17185	1
A_HP_05	61	Pulse	99	4723394	37105	1
A_HP_05	62	Picture	response179	4736828	140	1	40229	1	0	40000	hit	328
A_HP_05	62	Pulse	99	4743394	6705	1
A_HP_05	62	Response	2	4756702	20014	1
A_HP_05	62	Pulse	99	4763474	26786	1
A_HP_05	62	Pulse	99	4783394	46705	1
A_HP_05	63	Picture	thanks	4786953	0	1	10229	1	0	10000	other	0
A_HP_05	63	Pulse	99	4803394	16441	1


Event Type	Code	Type	Response	RT	RT Uncertainty	Time	Uncertainty	Duration	Uncertainty	ReqTime	ReqDur

Picture	ready	other				403712	1	10229	1	0	10000
Picture	ins5	other				464328	1	30230	1	0	30000
Picture	response40	hit	2	7055	2	784293	1	40229	1	0	40000
Picture	response35	hit	1	7123	2	834585	1	40229	1	0	40000
Picture	response37	hit	2	5372	2	884876	1	40229	1	0	40000
Picture	response39	hit	1	5614	2	935334	1	40229	1	0	40000
Picture	response38	hit	1	4875	2	985793	1	40229	1	0	40000
Picture	response34	hit	2	5134	2	1036084	1	40229	1	0	40000
Picture	response36	hit	2	6586	2	1086542	1	40229	1	0	40000
Picture	response33	hit	2	5864	2	1136834	1	40229	1	0	40000
Picture	ins13	other				1187458	1	30229	1	0	30000
Picture	response98	hit	2	7334	2	1504123	1	40229	1	0	40000
Picture	response97	hit	1	11725	2	1554582	1	40229	1	0	40000
Picture	response104	hit	1	8814	2	1604873	1	40229	1	0	40000
Picture	response99	hit	1	24235	2	1655331	1	40229	1	0	40000
Picture	response102	hit	2	5648	2	1705789	1	40229	1	0	40000
Picture	response100	hit	2	14676	2	1756080	1	40229	1	0	40000
Picture	response103	hit	1	8738	2	1806538	1	40230	1	0	40000
Picture	response101	hit	1	7286	2	1856830	1	40229	1	0	40000
Picture	ins21	other				1907455	1	30229	1	0	30000
Picture	response165	hit	1	9194	2	2224122	1	40229	1	0	40000
Picture	response166	hit	1	9519	2	2274607	1	40229	1	0	40000
Picture	response163	hit	2	17308	2	2324899	1	40230	1	0	40000
Picture	response162	hit	1	16469	2	2375357	1	40229	1	0	40000
Picture	response168	hit	2	10617	2	2425649	1	40229	1	0	40000
Picture	response161	hit	2	14159	2	2476107	1	40229	1	0	40000
Picture	response164	hit	1	21680	2	2526565	1	40229	1	0	40000
Picture	response167	hit	2	10429	2	2576857	1	40229	1	0	40000
Picture	ins15	other				2627315	1	30229	1	0	30000
Picture	response120	hit	2	11394	2	2944121	1	40229	1	0	40000
Picture	response115	hit	2	8246	2	2994579	1	40229	1	0	40000
Picture	response117	hit	1	9924	2	3044871	1	40229	1	0	40000
Picture	response118	hit	2	6876	2	3095329	1	40229	1	0	40000
Picture	response116	hit	1	10067	2	3145787	1	40230	1	0	40000
Picture	response114	hit	1	11546	2	3196079	1	40229	1	0	40000
Picture	response119	hit	2	7286	2	3246539	1	40229	1	0	40000
Picture	response113	hit	2	9164	2	3296830	1	40229	1	0	40000
Picture	ins7	other				3347455	1	30229	1	0	30000
Picture	response54	hit	1	7304	2	3664020	1	40230	1	0	40000
Picture	response55	hit	1	4403	2	3714311	1	40229	1	0	40000
Picture	response49	hit	1	6198	2	3764936	1	40229	1	0	40000
Picture	response53	hit	2	6227	2	3815227	1	40229	1	0	40000
Picture	response50	hit	2	5545	2	3865519	1	40230	1	0	40000
Picture	response51	hit	2	5827	2	3915977	1	40230	1	0	40000
Picture	response52	hit	1	11429	2	3966435	1	40229	1	0	40000
Picture	response56	hit	1	5500	2	4016893	1	40229	1	0	40000
Picture	ins23	other				4067185	1	30229	1	0	30000
Picture	response181	hit	2	13754	2	4384119	1	40229	1	0	40000
Picture	response180	hit	1	17095	2	4434577	1	40229	1	0	40000
Picture	response184	hit	1	7294	2	4484869	1	40230	1	0	40000
Picture	response183	hit	1	15705	2	4535328	1	40229	1	0	40000
Picture	response182	hit	2	11007	2	4585786	1	40229	1	0	40000
Picture	response178	hit	1	6615	2	4636077	1	40229	1	0	40000
Picture	response177	hit	2	13307	2	4686536	1	40229	1	0	40000
Picture	response179	hit	2	19874	2	4736828	1	40229	1	0	40000
Picture	thanks	other				4786953	1	10229	1	0	10000


{
   "app": "Presentation Version 21.0 Build 06.06.19",
   "device": "LENOVO 20KHCTO1WW",
   "experiment": "{C0C68DB1-10BA-42F2-8F79-3F2AFFEED4E4}",
   "os": "Windows 10 64 bit",
   "package": "",
   "parameters": {
      "configuration": "Default configuration"
   },
   "scenario": "Feature experiment(2).sce",
   "subject": "A_HP_05",
   "timestamp": "2019/07/26 04:48:26 GMT"
}
