Scenario - 
Logfile written - 09/26/2019 15:11:28

Subject	Trial	Event Type	Code	Time	TTime	Uncertainty	Duration	Uncertainty	ReqTime	ReqDur	Stim Type	Pair Index

A_HP_16	1	Response	3	153545	152212	1
A_HP_16	1	Pulse	99	153545	152212	1
A_HP_16	2	Picture	ready	153776	0	1	10229	1	0	10000	other	0
A_HP_16	2	Pulse	99	173545	19769	1
A_HP_16	2	Pulse	99	193545	39769	1
A_HP_16	2	Pulse	99	213545	59768	1
A_HP_16	3	Picture	ins15	214344	233	1	30229	1	0	30000	other	0
A_HP_16	3	Pulse	99	233545	19435	1
A_HP_16	3	Pulse	99	253545	39435	1
A_HP_16	3	Pulse	99	273545	59435	1
A_HP_16	3	Pulse	99	293545	79435	1
A_HP_16	3	Pulse	99	313545	99435	1
A_HP_16	3	Pulse	99	333545	119435	1
A_HP_16	3	Pulse	99	353545	139435	1
A_HP_16	3	Pulse	99	373545	159435	1
A_HP_16	3	Pulse	99	393545	179435	1
A_HP_16	3	Pulse	99	413545	199435	1
A_HP_16	3	Pulse	99	433545	219435	1
A_HP_16	3	Pulse	99	453545	239435	1
A_HP_16	3	Pulse	99	473546	259435	1
A_HP_16	3	Pulse	99	493546	279435	1
A_HP_16	3	Pulse	99	513546	299435	1
A_HP_16	4	Response	3	533546	9205	1
A_HP_16	4	Pulse	99	533546	9205	1
A_HP_16	5	Picture	response120	534141	230	1	40229	1	0	40000	hit	26
A_HP_16	5	Response	2	543834	9923	1
A_HP_16	5	Pulse	99	553546	19635	1
A_HP_16	5	Pulse	99	573546	39634	1
A_HP_16	6	Picture	response115	584600	289	1	40229	1	0	40000	hit	30
A_HP_16	6	Response	2	590834	6523	1
A_HP_16	6	Pulse	99	593545	9234	1
A_HP_16	6	Pulse	99	613546	29235	1
A_HP_16	6	Pulse	99	633546	49235	1
A_HP_16	7	Picture	response118	634892	180	1	40229	1	0	40000	hit	35
A_HP_16	7	Response	2	644594	9883	1
A_HP_16	7	Pulse	99	653546	18834	1
A_HP_16	7	Pulse	99	673546	38835	1
A_HP_16	8	Picture	response114	685350	238	1	40230	1	0	40000	hit	39
A_HP_16	8	Response	1	691725	6613	1
A_HP_16	8	Pulse	99	693545	8434	1
A_HP_16	8	Pulse	99	713546	28435	1
A_HP_16	8	Pulse	99	733546	48435	1
A_HP_16	9	Picture	response119	735642	131	1	40229	1	0	40000	hit	44
A_HP_16	9	Response	2	742015	6504	1
A_HP_16	9	Pulse	99	753546	18035	1
A_HP_16	9	Pulse	99	773546	38035	1
A_HP_16	10	Picture	response116	786267	356	1	40229	1	0	40000	hit	49
A_HP_16	10	Pulse	99	793546	7635	1
A_HP_16	10	Response	1	799665	13754	1
A_HP_16	10	Pulse	99	813546	27635	1
A_HP_16	10	Pulse	99	833546	47635	1
A_HP_16	11	Picture	response117	836559	248	1	40229	1	0	40000	hit	53
A_HP_16	11	Response	1	844285	7974	1
A_HP_16	11	Pulse	99	853546	17235	1
A_HP_16	11	Pulse	99	873546	37235	1
A_HP_16	12	Picture	response113	886851	139	1	40229	1	0	40000	hit	58
A_HP_16	12	Pulse	99	893546	6835	1
A_HP_16	12	Response	2	895168	8457	1
A_HP_16	12	Pulse	99	913546	26835	1
A_HP_16	12	Pulse	99	933546	46835	1
A_HP_16	13	Picture	ins5	937309	197	1	30229	1	0	30000	other	0
A_HP_16	13	Pulse	99	953546	16435	1
A_HP_16	13	Pulse	99	973546	36435	1
A_HP_16	13	Pulse	99	993546	56435	1
A_HP_16	13	Pulse	99	1013546	76435	1
A_HP_16	13	Pulse	99	1033546	96435	1
A_HP_16	13	Pulse	99	1053546	116435	1
A_HP_16	13	Pulse	99	1073546	136435	1
A_HP_16	13	Pulse	99	1093547	156435	1
A_HP_16	13	Pulse	99	1113547	176435	1
A_HP_16	13	Pulse	99	1133547	196435	1
A_HP_16	13	Pulse	99	1153547	216435	1
A_HP_16	13	Pulse	99	1173547	236435	1
A_HP_16	13	Pulse	99	1193547	256435	1
A_HP_16	13	Pulse	99	1213547	276435	1
A_HP_16	13	Pulse	99	1233547	296435	1
A_HP_16	14	Response	3	1253547	6205	1
A_HP_16	14	Pulse	99	1253547	6205	1
A_HP_16	15	Picture	response35	1254142	230	1	40229	1	0	40000	hit	80
A_HP_16	15	Response	1	1259955	6044	1
A_HP_16	15	Pulse	99	1273547	19635	1
A_HP_16	15	Pulse	99	1293547	39635	1
A_HP_16	16	Picture	response40	1304599	288	1	40229	1	0	40000	hit	84
A_HP_16	16	Response	2	1310066	5754	1
A_HP_16	16	Pulse	99	1313546	9234	1
A_HP_16	16	Pulse	99	1333547	29235	1
A_HP_16	16	Pulse	99	1353547	49235	1
A_HP_16	17	Picture	response34	1354891	179	1	40229	1	0	40000	hit	89
A_HP_16	17	Response	2	1359716	5004	1
A_HP_16	17	Pulse	99	1373547	18835	1
A_HP_16	17	Pulse	99	1393547	38835	1
A_HP_16	18	Picture	response36	1405348	236	1	40229	1	0	40000	hit	93
A_HP_16	18	Response	2	1412026	6914	1
A_HP_16	18	Pulse	99	1413546	8434	1
A_HP_16	18	Pulse	99	1433547	28435	1
A_HP_16	18	Pulse	99	1453547	48435	1
A_HP_16	19	Picture	response38	1455640	128	1	40229	1	0	40000	hit	98
A_HP_16	19	Response	1	1460536	5024	1
A_HP_16	19	Pulse	99	1473547	18035	1
A_HP_16	19	Pulse	99	1493547	38035	1
A_HP_16	20	Picture	response37	1506264	352	1	40229	1	0	40000	hit	102
A_HP_16	20	Response	2	1511056	5144	1
A_HP_16	20	Pulse	99	1513546	7634	1
A_HP_16	20	Pulse	99	1533547	27635	1
A_HP_16	20	Pulse	99	1553547	47635	1
A_HP_16	21	Picture	response39	1556556	243	1	40229	1	0	40000	hit	107
A_HP_16	21	Response	1	1561246	4934	1
A_HP_16	21	Pulse	99	1573547	17235	1
A_HP_16	21	Pulse	99	1593547	37235	1
A_HP_16	22	Picture	response33	1606847	135	1	40229	1	0	40000	hit	111
A_HP_16	22	Response	2	1611686	4974	1
A_HP_16	22	Pulse	99	1613546	6834	1
A_HP_16	22	Pulse	99	1633547	26835	1
A_HP_16	22	Pulse	99	1653547	46835	1
A_HP_16	23	Picture	ins21	1657305	193	1	30229	1	0	30000	other	0
A_HP_16	23	Pulse	99	1673547	16435	1
A_HP_16	23	Pulse	99	1693547	36435	1
A_HP_16	23	Pulse	99	1713547	56435	1
A_HP_16	23	Pulse	99	1733547	76435	1
A_HP_16	23	Pulse	99	1753547	96435	1
A_HP_16	23	Pulse	99	1773547	116435	1
A_HP_16	23	Pulse	99	1793547	136435	1
A_HP_16	23	Pulse	99	1813547	156435	1
A_HP_16	23	Pulse	99	1833547	176435	1
A_HP_16	23	Pulse	99	1853548	196435	1
A_HP_16	23	Pulse	99	1873548	216435	1
A_HP_16	23	Pulse	99	1893548	236435	1
A_HP_16	23	Pulse	99	1913548	256435	1
A_HP_16	23	Pulse	99	1933548	276435	1
A_HP_16	23	Pulse	99	1953548	296435	1
A_HP_16	24	Response	3	1973548	6205	1
A_HP_16	24	Pulse	99	1973548	6205	1
A_HP_16	25	Picture	response166	1974143	230	1	40229	1	0	40000	hit	134
A_HP_16	25	Response	1	1990547	16633	1
A_HP_16	25	Pulse	99	1993547	19634	1
A_HP_16	25	Pulse	99	2013548	39634	1
A_HP_16	26	Picture	response163	2024601	288	1	40230	1	0	40000	incorrect	139
A_HP_16	26	Pulse	99	2033548	9235	1
A_HP_16	26	Response	1	2040587	16274	1
A_HP_16	26	Pulse	99	2053548	29235	1
A_HP_16	26	Pulse	99	2073548	49235	1
A_HP_16	27	Picture	response165	2074893	180	1	40229	1	0	40000	hit	143
A_HP_16	27	Response	1	2093497	18784	1
A_HP_16	27	Pulse	99	2093547	18834	1
A_HP_16	27	Pulse	99	2113548	38835	1
A_HP_16	28	Picture	response164	2125351	238	1	40229	1	0	40000	incorrect	148
A_HP_16	28	Pulse	99	2133548	8435	1
A_HP_16	28	Response	2	2148767	23653	1
A_HP_16	28	Pulse	99	2153548	28435	1
A_HP_16	28	Pulse	99	2173548	48435	1
A_HP_16	29	Picture	response168	2175643	129	1	40229	1	0	40000	hit	152
A_HP_16	29	Response	2	2190967	15454	1
A_HP_16	29	Pulse	99	2193547	18034	1
A_HP_16	29	Pulse	99	2213548	38035	1
A_HP_16	30	Picture	response162	2226267	354	1	40229	1	0	40000	hit	157
A_HP_16	30	Pulse	99	2233548	7635	1
A_HP_16	30	Response	1	2238517	12603	1
A_HP_16	30	Pulse	99	2253548	27635	1
A_HP_16	30	Pulse	99	2273548	47635	1
A_HP_16	31	Picture	response167	2276559	246	1	40229	1	0	40000	hit	161
A_HP_16	31	Response	2	2284187	7874	1
A_HP_16	31	Pulse	99	2293548	17235	1
A_HP_16	31	Pulse	99	2313548	37235	1
A_HP_16	32	Picture	response161	2326850	137	1	40229	1	0	40000	hit	166
A_HP_16	32	Pulse	99	2333548	6835	1
A_HP_16	32	Response	2	2342797	16083	1
A_HP_16	32	Pulse	99	2353548	26835	1
A_HP_16	32	Pulse	99	2373548	46835	1
A_HP_16	33	Picture	ins7	2377308	195	1	30229	1	0	30000	other	0
A_HP_16	33	Pulse	99	2393548	16435	1
A_HP_16	33	Pulse	99	2413548	36435	1
A_HP_16	33	Pulse	99	2433548	56435	1
A_HP_16	33	Pulse	99	2453548	76435	1
A_HP_16	33	Pulse	99	2473548	96435	1
A_HP_16	33	Pulse	99	2493549	116435	1
A_HP_16	33	Pulse	99	2513549	136435	1
A_HP_16	33	Pulse	99	2533548	156435	1
A_HP_16	33	Pulse	99	2553548	176435	1
A_HP_16	33	Pulse	99	2573549	196435	1
A_HP_16	33	Pulse	99	2593549	216435	1
A_HP_16	33	Pulse	99	2613549	236435	1
A_HP_16	33	Pulse	99	2633549	256435	1
A_HP_16	33	Pulse	99	2653549	276436	1
A_HP_16	33	Pulse	99	2673549	296435	1
A_HP_16	34	Response	3	2693549	6206	1
A_HP_16	34	Pulse	99	2693549	6206	1
A_HP_16	35	Picture	response55	2694144	230	1	40229	1	0	40000	hit	188
A_HP_16	35	Response	1	2699198	5283	1
A_HP_16	35	Pulse	99	2713549	19635	1
A_HP_16	35	Pulse	99	2733549	39635	1
A_HP_16	36	Picture	response51	2744602	288	1	40229	1	0	40000	hit	192
A_HP_16	36	Response	2	2749258	4944	1
A_HP_16	36	Pulse	99	2753549	9235	1
A_HP_16	36	Pulse	99	2773549	29235	1
A_HP_16	36	Pulse	99	2793549	49235	1
A_HP_16	37	Picture	response49	2794893	179	1	40229	1	0	40000	hit	197
A_HP_16	37	Response	1	2803128	8414	1
A_HP_16	37	Pulse	99	2813549	18835	1
A_HP_16	37	Pulse	99	2833549	38835	1
A_HP_16	38	Picture	response50	2845352	237	1	40229	1	0	40000	hit	201
A_HP_16	38	Response	2	2850378	5263	1
A_HP_16	38	Pulse	99	2853548	8434	1
A_HP_16	38	Pulse	99	2873549	28435	1
A_HP_16	38	Pulse	99	2893549	48435	1
A_HP_16	39	Picture	response53	2895643	129	1	40230	1	0	40000	hit	206
A_HP_16	39	Response	2	2901218	5703	1
A_HP_16	39	Pulse	99	2913549	18035	1
A_HP_16	39	Pulse	99	2933549	38035	1
A_HP_16	40	Picture	response56	2946269	355	1	40229	1	0	40000	hit	210
A_HP_16	40	Response	1	2951568	5654	1
A_HP_16	40	Pulse	99	2953548	7634	1
A_HP_16	40	Pulse	99	2973549	27635	1
A_HP_16	40	Pulse	99	2993549	47635	1
A_HP_16	41	Picture	response52	2996560	246	1	40229	1	0	40000	hit	215
A_HP_16	41	Response	1	3000288	3974	1
A_HP_16	41	Pulse	99	3013549	17235	1
A_HP_16	41	Pulse	99	3033549	37235	1
A_HP_16	42	Picture	response54	3046852	138	1	40229	1	0	40000	hit	219
A_HP_16	42	Response	1	3051268	4554	1
A_HP_16	42	Pulse	99	3053548	6834	1
A_HP_16	42	Pulse	99	3073549	26835	1
A_HP_16	42	Pulse	99	3093549	46835	1
A_HP_16	43	Picture	ins13	3097310	196	1	30229	1	0	30000	other	0
A_HP_16	43	Pulse	99	3113550	16436	1
A_HP_16	43	Pulse	99	3133549	36435	1
A_HP_16	43	Pulse	99	3153549	56435	1
A_HP_16	43	Pulse	99	3173550	76435	1
A_HP_16	43	Pulse	99	3193549	96435	1
A_HP_16	43	Pulse	99	3213549	116435	1
A_HP_16	43	Pulse	99	3233549	136435	1
A_HP_16	43	Pulse	99	3253550	156435	1
A_HP_16	43	Pulse	99	3273549	176435	1
A_HP_16	43	Pulse	99	3293550	196435	1
A_HP_16	43	Pulse	99	3313550	216435	1
A_HP_16	43	Pulse	99	3333550	236435	1
A_HP_16	43	Pulse	99	3353550	256436	1
A_HP_16	43	Pulse	99	3373550	276436	1
A_HP_16	43	Pulse	99	3393550	296435	1
A_HP_16	44	Response	3	3413550	6206	1
A_HP_16	44	Pulse	99	3413550	6206	1
A_HP_16	45	Picture	response104	3414145	230	1	40229	1	0	40000	hit	242
A_HP_16	45	Response	1	3422619	8703	1
A_HP_16	45	Pulse	99	3433550	19634	1
A_HP_16	45	Pulse	99	3453550	39635	1
A_HP_16	46	Picture	response100	3464603	288	1	40229	1	0	40000	hit	246
A_HP_16	46	Response	2	3471389	7074	1
A_HP_16	46	Pulse	99	3473549	9234	1
A_HP_16	46	Pulse	99	3493550	29235	1
A_HP_16	46	Pulse	99	3513550	49235	1
A_HP_16	47	Picture	response97	3514895	180	1	40229	1	0	40000	hit	251
A_HP_16	47	Response	1	3522329	7614	1
A_HP_16	47	Pulse	99	3533550	18835	1
A_HP_16	47	Pulse	99	3553550	38835	1
A_HP_16	48	Picture	response99	3565353	238	1	40229	1	0	40000	hit	256
A_HP_16	48	Pulse	99	3573550	8435	1
A_HP_16	48	Response	1	3576078	10963	1
A_HP_16	48	Pulse	99	3593550	28435	1
A_HP_16	48	Pulse	99	3613550	48435	1
A_HP_16	49	Picture	response102	3615644	129	1	40229	1	0	40000	hit	260
A_HP_16	49	Response	2	3622289	6774	1
A_HP_16	49	Pulse	99	3633550	18035	1
A_HP_16	49	Pulse	99	3653550	38035	1
A_HP_16	50	Picture	response101	3666269	353	1	40229	1	0	40000	hit	264
A_HP_16	50	Response	1	3672749	6834	1
A_HP_16	50	Pulse	99	3673550	7634	1
A_HP_16	50	Pulse	99	3693550	27635	1
A_HP_16	50	Pulse	99	3713470	47555	1
A_HP_16	51	Picture	response98	3716560	244	1	40229	1	0	40000	hit	269
A_HP_16	51	Response	2	3727559	11243	1
A_HP_16	51	Pulse	99	3733550	17234	1
A_HP_16	51	Pulse	99	3753550	37235	1
A_HP_16	52	Picture	response103	3766851	136	1	40229	1	0	40000	hit	274
A_HP_16	52	Pulse	99	3773470	6755	1
A_HP_16	52	Response	1	3776088	9372	1
A_HP_16	52	Pulse	99	3793550	26835	1
A_HP_16	52	Pulse	99	3813550	46835	1
A_HP_16	53	Picture	ins23	3817309	194	1	30229	1	0	30000	other	0
A_HP_16	53	Pulse	99	3833551	16435	1
A_HP_16	53	Pulse	99	3853551	36435	1
A_HP_16	53	Pulse	99	3873551	56435	1
A_HP_16	53	Pulse	99	3893551	76435	1
A_HP_16	53	Pulse	99	3913551	96435	1
A_HP_16	53	Pulse	99	3933551	116435	1
A_HP_16	53	Pulse	99	3953551	136435	1
A_HP_16	53	Pulse	99	3973551	156435	1
A_HP_16	53	Pulse	99	3993551	176435	1
A_HP_16	53	Pulse	99	4013551	196435	1
A_HP_16	53	Pulse	99	4033471	216355	1
A_HP_16	53	Pulse	99	4053551	236435	1
A_HP_16	53	Pulse	99	4073551	256435	1
A_HP_16	53	Pulse	99	4093471	276356	1
A_HP_16	53	Pulse	99	4113551	296435	1
A_HP_16	54	Response	3	4133551	6205	1
A_HP_16	54	Pulse	99	4133551	6205	1
A_HP_16	55	Picture	response183	4134146	230	1	40229	1	0	40000	hit	296
A_HP_16	55	Response	1	4149540	15624	1
A_HP_16	55	Pulse	99	4153550	19634	1
A_HP_16	55	Pulse	99	4173551	39635	1
A_HP_16	56	Picture	response182	4184604	288	1	40229	1	0	40000	hit	301
A_HP_16	56	Pulse	99	4193551	9235	1
A_HP_16	56	Response	2	4196259	11943	1
A_HP_16	56	Pulse	99	4213551	29235	1
A_HP_16	56	Pulse	99	4233551	49235	1
A_HP_16	57	Picture	response179	4234895	179	1	40229	1	0	40000	hit	305
A_HP_16	57	Response	2	4246660	11944	1
A_HP_16	57	Pulse	99	4253551	18835	1
A_HP_16	57	Pulse	99	4273551	38835	1
A_HP_16	58	Picture	response181	4285353	237	1	40229	1	0	40000	hit	310
A_HP_16	58	Pulse	99	4293471	8355	1
A_HP_16	58	Response	2	4300850	15734	1
A_HP_16	58	Pulse	99	4313551	28435	1
A_HP_16	58	Pulse	99	4333551	48435	1
A_HP_16	59	Picture	response178	4335644	128	1	40229	1	0	40000	hit	314
A_HP_16	59	Response	1	4344860	9344	1
A_HP_16	59	Pulse	99	4353471	17955	1
A_HP_16	59	Pulse	99	4373551	38035	1
A_HP_16	60	Picture	response180	4386268	352	1	40229	1	0	40000	hit	319
A_HP_16	60	Pulse	99	4393551	7635	1
A_HP_16	60	Response	1	4399690	13774	1
A_HP_16	60	Pulse	99	4413471	27555	1
A_HP_16	60	Pulse	99	4433551	47635	1
A_HP_16	61	Picture	response177	4436560	243	1	40229	1	0	40000	hit	323
A_HP_16	61	Response	2	4449970	13653	1
A_HP_16	61	Pulse	99	4453551	17235	1
A_HP_16	61	Pulse	99	4473472	37155	1
A_HP_16	62	Picture	response184	4486851	135	1	40229	1	0	40000	hit	328
A_HP_16	62	Pulse	99	4493552	6835	1
A_HP_16	62	Response	1	4501260	14544	1
A_HP_16	62	Pulse	99	4513552	26835	1
A_HP_16	62	Pulse	99	4533551	46835	1
A_HP_16	63	Picture	thanks	4536809	0	1	10229	1	0	10000	other	0
A_HP_16	63	Pulse	99	4553551	16742	1


Event Type	Code	Type	Response	RT	RT Uncertainty	Time	Uncertainty	Duration	Uncertainty	ReqTime	ReqDur

Picture	ready	other				153776	1	10229	1	0	10000
Picture	ins15	other				214344	1	30229	1	0	30000
Picture	response120	hit	2	9693	2	534141	1	40229	1	0	40000
Picture	response115	hit	2	6234	2	584600	1	40229	1	0	40000
Picture	response118	hit	2	9703	2	634892	1	40229	1	0	40000
Picture	response114	hit	1	6375	2	685350	1	40230	1	0	40000
Picture	response119	hit	2	6373	2	735642	1	40229	1	0	40000
Picture	response116	hit	1	13399	2	786267	1	40229	1	0	40000
Picture	response117	hit	1	7726	2	836559	1	40229	1	0	40000
Picture	response113	hit	2	8317	2	886851	1	40229	1	0	40000
Picture	ins5	other				937309	1	30229	1	0	30000
Picture	response35	hit	1	5814	2	1254142	1	40229	1	0	40000
Picture	response40	hit	2	5466	2	1304599	1	40229	1	0	40000
Picture	response34	hit	2	4825	2	1354891	1	40229	1	0	40000
Picture	response36	hit	2	6678	2	1405348	1	40229	1	0	40000
Picture	response38	hit	1	4896	2	1455640	1	40229	1	0	40000
Picture	response37	hit	2	4791	2	1506264	1	40229	1	0	40000
Picture	response39	hit	1	4690	2	1556556	1	40229	1	0	40000
Picture	response33	hit	2	4839	2	1606847	1	40229	1	0	40000
Picture	ins21	other				1657305	1	30229	1	0	30000
Picture	response166	hit	1	16404	2	1974143	1	40229	1	0	40000
Picture	response163	incorrect	1	15985	2	2024601	1	40230	1	0	40000
Picture	response165	hit	1	18604	2	2074893	1	40229	1	0	40000
Picture	response164	incorrect	2	23416	2	2125351	1	40229	1	0	40000
Picture	response168	hit	2	15324	2	2175643	1	40229	1	0	40000
Picture	response162	hit	1	12249	2	2226267	1	40229	1	0	40000
Picture	response167	hit	2	7628	2	2276559	1	40229	1	0	40000
Picture	response161	hit	2	15947	2	2326850	1	40229	1	0	40000
Picture	ins7	other				2377308	1	30229	1	0	30000
Picture	response55	hit	1	5054	2	2694144	1	40229	1	0	40000
Picture	response51	hit	2	4656	2	2744602	1	40229	1	0	40000
Picture	response49	hit	1	8234	2	2794893	1	40229	1	0	40000
Picture	response50	hit	2	5026	2	2845352	1	40229	1	0	40000
Picture	response53	hit	2	5574	2	2895643	1	40230	1	0	40000
Picture	response56	hit	1	5299	2	2946269	1	40229	1	0	40000
Picture	response52	hit	1	3727	2	2996560	1	40229	1	0	40000
Picture	response54	hit	1	4416	2	3046852	1	40229	1	0	40000
Picture	ins13	other				3097310	1	30229	1	0	30000
Picture	response104	hit	1	8474	2	3414145	1	40229	1	0	40000
Picture	response100	hit	2	6786	2	3464603	1	40229	1	0	40000
Picture	response97	hit	1	7434	2	3514895	1	40229	1	0	40000
Picture	response99	hit	1	10725	2	3565353	1	40229	1	0	40000
Picture	response102	hit	2	6645	2	3615644	1	40229	1	0	40000
Picture	response101	hit	1	6480	2	3666269	1	40229	1	0	40000
Picture	response98	hit	2	10999	2	3716560	1	40229	1	0	40000
Picture	response103	hit	1	9237	2	3766851	1	40229	1	0	40000
Picture	ins23	other				3817309	1	30229	1	0	30000
Picture	response183	hit	1	15394	2	4134146	1	40229	1	0	40000
Picture	response182	hit	2	11655	2	4184604	1	40229	1	0	40000
Picture	response179	hit	2	11765	2	4234895	1	40229	1	0	40000
Picture	response181	hit	2	15497	2	4285353	1	40229	1	0	40000
Picture	response178	hit	1	9216	2	4335644	1	40229	1	0	40000
Picture	response180	hit	1	13422	2	4386268	1	40229	1	0	40000
Picture	response177	hit	2	13410	2	4436560	1	40229	1	0	40000
Picture	response184	hit	1	14409	2	4486851	1	40229	1	0	40000
Picture	thanks	other				4536809	1	10229	1	0	10000


{
   "app": "Presentation Version 21.0 Build 06.06.19",
   "device": "LENOVO 20KHCTO1WW",
   "experiment": "{C0C68DB1-10BA-42F2-8F79-3F2AFFEED4E4}",
   "os": "Windows 10 64 bit",
   "package": "",
   "parameters": {
      "configuration": "Default configuration"
   },
   "scenario": "Feature experiment(2).sce",
   "subject": "A_HP_16",
   "timestamp": "2019/09/26 06:03:44 GMT"
}
