Scenario - 
Logfile written - 01/16/2020 14:55:17

Subject	Trial	Event Type	Code	Time	TTime	Uncertainty	Duration	Uncertainty	ReqTime	ReqDur	Stim Type	Pair Index

A_HP_48	1	Response	3	262675	261676	1
A_HP_48	1	Pulse	99	262675	261676	1
A_HP_48	2	Picture	ready	262714	0	1	10162	1	0	10000	other	0
A_HP_48	2	Pulse	99	282675	19961	1
A_HP_48	2	Pulse	99	302675	39961	1
A_HP_48	2	Pulse	99	322675	59961	1
A_HP_48	3	Picture	ins5	323187	67	1	30153	1	0	30000	other	0
A_HP_48	3	Pulse	99	342675	19555	1
A_HP_48	3	Pulse	99	362675	39554	1
A_HP_48	3	Pulse	99	382675	59555	1
A_HP_48	3	Pulse	99	402675	79554	1
A_HP_48	3	Pulse	99	422675	99555	1
A_HP_48	3	Pulse	99	442675	119554	1
A_HP_48	3	Pulse	99	462675	139555	1
A_HP_48	3	Pulse	99	482675	159555	1
A_HP_48	3	Pulse	99	502675	179555	1
A_HP_48	3	Pulse	99	522675	199555	1
A_HP_48	3	Pulse	99	542675	219555	1
A_HP_48	3	Pulse	99	562675	239555	1
A_HP_48	3	Pulse	99	582675	259555	1
A_HP_48	3	Pulse	99	602675	279555	1
A_HP_48	3	Pulse	99	622675	299555	1
A_HP_48	4	Response	3	642675	9462	1
A_HP_48	4	Pulse	99	642675	9462	1
A_HP_48	5	Picture	response40	643209	188	1	40149	1	0	40000	hit	26
A_HP_48	5	Response	2	654684	11663	1
A_HP_48	5	Pulse	99	662675	19654	1
A_HP_48	5	Pulse	99	682675	39654	1
A_HP_48	6	Picture	response35	693519	99	1	40149	1	0	40000	hit	30
A_HP_48	6	Response	1	700754	7333	1
A_HP_48	6	Pulse	99	702675	9254	1
A_HP_48	6	Pulse	99	722675	29254	1
A_HP_48	6	Pulse	99	742675	49255	1
A_HP_48	7	Picture	response36	743996	176	1	40149	1	0	40000	hit	35
A_HP_48	7	Response	2	750463	6643	1
A_HP_48	7	Pulse	99	762675	18855	1
A_HP_48	7	Pulse	99	782675	38855	1
A_HP_48	8	Picture	response33	794307	87	1	40148	1	0	40000	hit	39
A_HP_48	8	Response	2	801444	7223	1
A_HP_48	8	Pulse	99	802675	8454	1
A_HP_48	8	Pulse	99	822675	28455	1
A_HP_48	8	Pulse	99	842675	48454	1
A_HP_48	9	Picture	response37	844784	164	1	40149	1	0	40000	hit	44
A_HP_48	9	Response	2	850414	5793	1
A_HP_48	9	Pulse	99	862675	18054	1
A_HP_48	9	Pulse	99	882675	38055	1
A_HP_48	10	Picture	response34	895095	74	1	40149	1	0	40000	hit	48
A_HP_48	10	Response	2	901343	6323	1
A_HP_48	10	Pulse	99	902675	7654	1
A_HP_48	10	Pulse	99	922675	27654	1
A_HP_48	10	Pulse	99	942675	47654	1
A_HP_48	11	Picture	response38	945572	151	1	40149	1	0	40000	hit	53
A_HP_48	11	Response	1	954334	8913	1
A_HP_48	11	Pulse	99	962675	17254	1
A_HP_48	11	Pulse	99	982675	37254	1
A_HP_48	12	Picture	response39	995882	62	1	40149	1	0	40000	hit	57
A_HP_48	12	Response	1	1001344	5523	1
A_HP_48	12	Pulse	99	1002675	6854	1
A_HP_48	12	Pulse	99	1022675	26854	1
A_HP_48	12	Pulse	99	1042675	46854	1
A_HP_48	13	Picture	ins23	1046360	139	1	30153	1	0	30000	other	0
A_HP_48	13	Pulse	99	1062675	16455	1
A_HP_48	13	Pulse	99	1082675	36454	1
A_HP_48	13	Pulse	99	1102675	56455	1
A_HP_48	13	Pulse	99	1122675	76455	1
A_HP_48	13	Pulse	99	1142675	96455	1
A_HP_48	13	Pulse	99	1162675	116455	1
A_HP_48	13	Pulse	99	1182675	136455	1
A_HP_48	13	Pulse	99	1202675	156454	1
A_HP_48	13	Pulse	99	1222675	176455	1
A_HP_48	13	Pulse	99	1242675	196454	1
A_HP_48	13	Pulse	99	1262675	216454	1
A_HP_48	13	Pulse	99	1282675	236455	1
A_HP_48	13	Pulse	99	1302675	256455	1
A_HP_48	13	Pulse	99	1322675	276454	1
A_HP_48	13	Pulse	99	1342675	296455	1
A_HP_48	14	Response	3	1362675	6289	1
A_HP_48	14	Pulse	99	1362675	6289	1
A_HP_48	15	Picture	response183	1363216	196	1	40148	1	0	40000	hit	81
A_HP_48	15	Pulse	99	1382675	19655	1
A_HP_48	15	Response	1	1389424	26403	1
A_HP_48	15	Pulse	99	1402675	39655	1
A_HP_48	16	Picture	response180	1413527	106	1	40148	1	0	40000	hit	85
A_HP_48	16	Pulse	99	1422675	9255	1
A_HP_48	16	Response	1	1430974	17553	1
A_HP_48	16	Pulse	99	1442675	29254	1
A_HP_48	16	Pulse	99	1462675	49255	1
A_HP_48	17	Picture	response178	1464004	183	1	40149	1	0	40000	hit	89
A_HP_48	17	Response	1	1474184	10363	1
A_HP_48	17	Pulse	99	1482675	18854	1
A_HP_48	17	Pulse	99	1502676	38855	1
A_HP_48	18	Picture	response182	1514315	94	1	40149	1	0	40000	hit	94
A_HP_48	18	Pulse	99	1522675	8454	1
A_HP_48	18	Response	2	1523163	8942	1
A_HP_48	18	Pulse	99	1542676	28455	1
A_HP_48	18	Pulse	99	1562675	48454	1
A_HP_48	19	Picture	response179	1564792	171	1	40149	1	0	40000	hit	99
A_HP_48	19	Pulse	99	1582676	18055	1
A_HP_48	19	Response	2	1583274	18653	1
A_HP_48	19	Pulse	99	1602676	38055	1
A_HP_48	20	Picture	response177	1615102	81	1	40148	1	0	40000	hit	103
A_HP_48	20	Pulse	99	1622675	7654	1
A_HP_48	20	Response	2	1634674	19653	1
A_HP_48	20	Pulse	99	1642675	27655	1
A_HP_48	20	Pulse	99	1662675	47654	1
A_HP_48	21	Picture	response184	1665579	158	1	40149	1	0	40000	hit	107
A_HP_48	21	Response	1	1681214	15793	1
A_HP_48	21	Pulse	99	1682675	17254	1
A_HP_48	21	Pulse	99	1702675	37254	1
A_HP_48	22	Picture	response181	1715890	69	1	40149	1	0	40000	hit	112
A_HP_48	22	Pulse	99	1722675	6855	1
A_HP_48	22	Response	2	1733135	17314	1
A_HP_48	22	Pulse	99	1742675	26855	1
A_HP_48	22	Pulse	99	1762676	46855	1
A_HP_48	23	Picture	ins7	1766367	146	1	30153	1	0	30000	other	0
A_HP_48	23	Pulse	99	1782675	16454	1
A_HP_48	23	Pulse	99	1802675	36454	1
A_HP_48	23	Pulse	99	1822676	56454	1
A_HP_48	23	Pulse	99	1842676	76455	1
A_HP_48	23	Pulse	99	1862676	96455	1
A_HP_48	23	Pulse	99	1882676	116455	1
A_HP_48	23	Pulse	99	1902676	136455	1
A_HP_48	23	Pulse	99	1922675	156454	1
A_HP_48	23	Pulse	99	1942676	176455	1
A_HP_48	23	Pulse	99	1962675	196454	1
A_HP_48	23	Pulse	99	1982676	216455	1
A_HP_48	23	Pulse	99	2002676	236455	1
A_HP_48	23	Pulse	99	2022676	256455	1
A_HP_48	23	Pulse	99	2042676	276455	1
A_HP_48	23	Pulse	99	2062676	296455	1
A_HP_48	24	Response	3	2082676	6282	1
A_HP_48	24	Pulse	99	2082676	6282	1
A_HP_48	25	Picture	response52	2083057	36	1	40148	1	0	40000	hit	134
A_HP_48	25	Response	1	2092205	9183	1
A_HP_48	25	Pulse	99	2102676	19654	1
A_HP_48	25	Pulse	99	2122676	39654	1
A_HP_48	26	Picture	response54	2133534	113	1	40148	1	0	40000	hit	138
A_HP_48	26	Response	1	2139284	5863	1
A_HP_48	26	Pulse	99	2142676	9254	1
A_HP_48	26	Pulse	99	2162676	29254	1
A_HP_48	26	Pulse	99	2182676	49255	1
A_HP_48	27	Picture	response55	2184012	190	1	40149	1	0	40000	hit	143
A_HP_48	27	Response	1	2188995	5173	1
A_HP_48	27	Pulse	99	2202676	18854	1
A_HP_48	27	Pulse	99	2222676	38854	1
A_HP_48	28	Picture	response56	2234322	101	1	40148	1	0	40000	hit	147
A_HP_48	28	Response	1	2241895	7673	1
A_HP_48	28	Pulse	99	2242676	8454	1
A_HP_48	28	Pulse	99	2262676	28455	1
A_HP_48	28	Pulse	99	2282676	48455	1
A_HP_48	29	Picture	response51	2284799	178	1	40149	1	0	40000	hit	152
A_HP_48	29	Response	2	2293844	9223	1
A_HP_48	29	Pulse	99	2302676	18055	1
A_HP_48	29	Pulse	99	2322676	38055	1
A_HP_48	30	Picture	response50	2335110	88	1	40149	1	0	40000	hit	157
A_HP_48	30	Pulse	99	2342676	7655	1
A_HP_48	30	Response	2	2345185	10163	1
A_HP_48	30	Pulse	99	2362676	27654	1
A_HP_48	30	Pulse	99	2382676	47655	1
A_HP_48	31	Picture	response49	2385587	166	1	40149	1	0	40000	hit	162
A_HP_48	31	Pulse	99	2402676	17255	1
A_HP_48	31	Response	1	2411295	25873	1
A_HP_48	31	Pulse	99	2422676	37254	1
A_HP_48	32	Picture	response53	2435898	76	1	40148	1	0	40000	hit	166
A_HP_48	32	Pulse	99	2442676	6854	1
A_HP_48	32	Response	2	2444524	8703	1
A_HP_48	32	Pulse	99	2462676	26855	1
A_HP_48	32	Pulse	99	2482676	46854	1
A_HP_48	33	Picture	ins21	2486375	153	1	30153	1	0	30000	other	0
A_HP_48	33	Pulse	99	2502676	16454	1
A_HP_48	33	Pulse	99	2522676	36454	1
A_HP_48	33	Pulse	99	2542676	56454	1
A_HP_48	33	Pulse	99	2562676	76455	1
A_HP_48	33	Pulse	99	2582676	96455	1
A_HP_48	33	Pulse	99	2602676	116455	1
A_HP_48	33	Pulse	99	2622676	136454	1
A_HP_48	33	Pulse	99	2642676	156455	1
A_HP_48	33	Pulse	99	2662676	176455	1
A_HP_48	33	Pulse	99	2682676	196455	1
A_HP_48	33	Pulse	99	2702676	216454	1
A_HP_48	33	Pulse	99	2722676	236455	1
A_HP_48	33	Pulse	99	2742676	256455	1
A_HP_48	33	Pulse	99	2762676	276454	1
A_HP_48	33	Pulse	99	2782676	296455	1
A_HP_48	34	Response	3	2802676	6275	1
A_HP_48	34	Pulse	99	2802676	6275	1
A_HP_48	35	Picture	response167	2803065	43	1	40148	1	0	40000	hit	188
A_HP_48	35	Response	2	2818225	15203	1
A_HP_48	35	Pulse	99	2822676	19654	1
A_HP_48	35	Pulse	99	2842676	39655	1
A_HP_48	36	Picture	response163	2853542	120	1	40149	1	0	40000	hit	193
A_HP_48	36	Pulse	99	2862676	9255	1
A_HP_48	36	Response	2	2882575	29153	1
A_HP_48	36	Pulse	99	2882675	29254	1
A_HP_48	36	Pulse	99	2902676	49254	1
A_HP_48	37	Picture	response166	2904019	198	1	40149	1	0	40000	hit	198
A_HP_48	37	Pulse	99	2922676	18855	1
A_HP_48	37	Response	1	2930875	27054	1
A_HP_48	37	Pulse	99	2942676	38855	1
A_HP_48	38	Picture	response165	2954330	108	1	40149	1	0	40000	hit	202
A_HP_48	38	Pulse	99	2962676	8454	1
A_HP_48	38	Response	1	2965695	11473	1
A_HP_48	38	Pulse	99	2982676	28455	1
A_HP_48	38	Pulse	99	3002676	48455	1
A_HP_48	39	Picture	response164	3004807	185	1	40149	1	0	40000	hit	206
A_HP_48	39	Response	1	3019765	15143	1
A_HP_48	39	Pulse	99	3022676	18054	1
A_HP_48	39	Pulse	99	3042676	38054	1
A_HP_48	40	Picture	response168	3055118	96	1	40148	1	0	40000	hit	211
A_HP_48	40	Pulse	99	3062676	7654	1
A_HP_48	40	Response	2	3074675	19653	1
A_HP_48	40	Pulse	99	3082597	27575	1
A_HP_48	40	Pulse	99	3102676	47655	1
A_HP_48	41	Picture	response162	3105595	173	1	40148	1	0	40000	hit	215
A_HP_48	41	Response	1	3118655	13233	1
A_HP_48	41	Pulse	99	3122676	17254	1
A_HP_48	41	Pulse	99	3142597	37175	1
A_HP_48	42	Picture	response161	3155905	83	1	40149	1	0	40000	hit	220
A_HP_48	42	Pulse	99	3162676	6854	1
A_HP_48	42	Response	2	3168935	13113	1
A_HP_48	42	Pulse	99	3182676	26854	1
A_HP_48	42	Pulse	99	3202596	46775	1
A_HP_48	43	Picture	ins15	3206382	161	1	30153	1	0	30000	other	0
A_HP_48	43	Pulse	99	3222676	16454	1
A_HP_48	43	Pulse	99	3242676	36454	1
A_HP_48	43	Pulse	99	3262597	56375	1
A_HP_48	43	Pulse	99	3282676	76454	1
A_HP_48	43	Pulse	99	3302676	96455	1
A_HP_48	43	Pulse	99	3322597	116375	1
A_HP_48	43	Pulse	99	3342676	136454	1
A_HP_48	43	Pulse	99	3362676	156454	1
A_HP_48	43	Pulse	99	3382677	176455	1
A_HP_48	43	Pulse	99	3402676	196455	1
A_HP_48	43	Pulse	99	3422677	216455	1
A_HP_48	43	Pulse	99	3442676	236455	1
A_HP_48	43	Pulse	99	3462677	256455	1
A_HP_48	43	Pulse	99	3482676	276455	1
A_HP_48	43	Pulse	99	3502676	296455	1
A_HP_48	44	Response	3	3522677	6268	1
A_HP_48	44	Pulse	99	3522677	6268	1
A_HP_48	45	Picture	response115	3523073	51	1	40148	1	0	40000	hit	242
A_HP_48	45	Response	2	3532355	9333	1
A_HP_48	45	Pulse	99	3542676	19654	1
A_HP_48	45	Pulse	99	3562677	39655	1
A_HP_48	46	Picture	response119	3573550	128	1	40148	1	0	40000	hit	247
A_HP_48	46	Pulse	99	3582676	9254	1
A_HP_48	46	Response	2	3584595	11173	1
A_HP_48	46	Pulse	99	3602676	29254	1
A_HP_48	46	Pulse	99	3622677	49255	1
A_HP_48	47	Picture	response114	3623860	38	1	40149	1	0	40000	hit	252
A_HP_48	47	Pulse	99	3642597	18775	1
A_HP_48	47	Response	1	3657665	33843	1
A_HP_48	47	Pulse	99	3662676	38854	1
A_HP_48	48	Picture	response117	3674337	115	1	40149	1	0	40000	hit	256
A_HP_48	48	Pulse	99	3682677	8455	1
A_HP_48	48	Response	1	3685995	11773	1
A_HP_48	48	Pulse	99	3702597	28375	1
A_HP_48	48	Pulse	99	3722677	48454	1
A_HP_48	49	Picture	response116	3724815	192	1	40149	1	0	40000	hit	260
A_HP_48	49	Response	1	3737726	13103	1
A_HP_48	49	Pulse	99	3742676	18054	1
A_HP_48	49	Pulse	99	3762597	37975	1
A_HP_48	50	Picture	response113	3775125	103	1	40148	1	0	40000	hit	265
A_HP_48	50	Pulse	99	3782677	7655	1
A_HP_48	50	Response	2	3783075	8053	1
A_HP_48	50	Pulse	99	3802677	27654	1
A_HP_48	50	Pulse	99	3822597	47574	1
A_HP_48	51	Picture	response118	3825602	180	1	40149	1	0	40000	hit	269
A_HP_48	51	Response	2	3833456	8033	1
A_HP_48	51	Pulse	99	3842677	17254	1
A_HP_48	51	Pulse	99	3862677	37254	1
A_HP_48	52	Picture	response120	3875913	91	1	40149	1	0	40000	hit	274
A_HP_48	52	Pulse	99	3882597	6774	1
A_HP_48	52	Response	2	3889155	13333	1
A_HP_48	52	Pulse	99	3902677	26854	1
A_HP_48	52	Pulse	99	3922677	46855	1
A_HP_48	53	Picture	ins13	3926390	168	1	30153	1	0	30000	other	0
A_HP_48	53	Pulse	99	3942597	16375	1
A_HP_48	53	Pulse	99	3962677	36454	1
A_HP_48	53	Pulse	99	3982677	56455	1
A_HP_48	53	Pulse	99	4002597	76375	1
A_HP_48	53	Pulse	99	4022677	96454	1
A_HP_48	53	Pulse	99	4042677	116454	1
A_HP_48	53	Pulse	99	4062597	136375	1
A_HP_48	53	Pulse	99	4082677	156454	1
A_HP_48	53	Pulse	99	4102677	176455	1
A_HP_48	53	Pulse	99	4122598	196375	1
A_HP_48	53	Pulse	99	4142677	216455	1
A_HP_48	53	Pulse	99	4162677	236454	1
A_HP_48	53	Pulse	99	4182597	256375	1
A_HP_48	53	Pulse	99	4202597	276375	1
A_HP_48	53	Pulse	99	4222677	296455	1
A_HP_48	54	Response	3	4242597	6181	1
A_HP_48	54	Pulse	99	4242597	6181	1
A_HP_48	55	Picture	response104	4243080	158	1	40149	1	0	40000	hit	296
A_HP_48	55	Response	1	4254456	11533	1
A_HP_48	55	Pulse	99	4262597	19675	1
A_HP_48	55	Pulse	99	4282677	39755	1
A_HP_48	56	Picture	response101	4293391	68	1	40149	1	0	40000	hit	301
A_HP_48	56	Pulse	99	4302597	9275	1
A_HP_48	56	Response	1	4311746	18423	1
A_HP_48	56	Pulse	99	4322597	29275	1
A_HP_48	56	Pulse	99	4342677	49355	1
A_HP_48	57	Picture	response102	4343868	145	1	40149	1	0	40000	hit	305
A_HP_48	57	Response	2	4355005	11283	1
A_HP_48	57	Pulse	99	4362597	18875	1
A_HP_48	57	Pulse	99	4382597	38875	1
A_HP_48	58	Picture	response99	4394178	56	1	40148	1	0	40000	hit	310
A_HP_48	58	Pulse	99	4402677	8554	1
A_HP_48	58	Response	1	4406236	12113	1
A_HP_48	58	Pulse	99	4422598	28475	1
A_HP_48	58	Pulse	99	4442597	48475	1
A_HP_48	59	Picture	response97	4444656	133	1	40148	1	0	40000	hit	314
A_HP_48	59	Response	1	4454226	9703	1
A_HP_48	59	Pulse	99	4462677	18155	1
A_HP_48	59	Pulse	99	4482597	38075	1
A_HP_48	60	Picture	response100	4494966	44	1	40148	1	0	40000	hit	319
A_HP_48	60	Pulse	99	4502597	7674	1
A_HP_48	60	Response	2	4508336	13413	1
A_HP_48	60	Pulse	99	4522677	27754	1
A_HP_48	60	Pulse	99	4542597	47674	1
A_HP_48	61	Picture	response98	4545443	121	1	40148	1	0	40000	hit	323
A_HP_48	61	Response	2	4556796	11473	1
A_HP_48	61	Pulse	99	4562597	17274	1
A_HP_48	61	Pulse	99	4582677	37354	1
A_HP_48	62	Picture	response103	4595920	198	1	40148	1	0	40000	hit	328
A_HP_48	62	Pulse	99	4602677	6954	1
A_HP_48	62	Response	1	4610256	14533	1
A_HP_48	62	Pulse	99	4622597	26874	1
A_HP_48	62	Pulse	99	4642677	46954	1
A_HP_48	63	Picture	thanks	4645898	0	1	10162	1	0	10000	other	0
A_HP_48	63	Pulse	99	4662677	16779	1


Event Type	Code	Type	Response	RT	RT Uncertainty	Time	Uncertainty	Duration	Uncertainty	ReqTime	ReqDur

Picture	ready	other				262714	1	10162	1	0	10000
Picture	ins5	other				323187	1	30153	1	0	30000
Picture	response40	hit	2	11475	2	643209	1	40149	1	0	40000
Picture	response35	hit	1	7235	2	693519	1	40149	1	0	40000
Picture	response36	hit	2	6467	2	743996	1	40149	1	0	40000
Picture	response33	hit	2	7137	2	794307	1	40148	1	0	40000
Picture	response37	hit	2	5630	2	844784	1	40149	1	0	40000
Picture	response34	hit	2	6249	2	895095	1	40149	1	0	40000
Picture	response38	hit	1	8762	2	945572	1	40149	1	0	40000
Picture	response39	hit	1	5462	2	995882	1	40149	1	0	40000
Picture	ins23	other				1046360	1	30153	1	0	30000
Picture	response183	hit	1	26208	2	1363216	1	40148	1	0	40000
Picture	response180	hit	1	17447	2	1413527	1	40148	1	0	40000
Picture	response178	hit	1	10180	2	1464004	1	40149	1	0	40000
Picture	response182	hit	2	8849	2	1514315	1	40149	1	0	40000
Picture	response179	hit	2	18482	2	1564792	1	40149	1	0	40000
Picture	response177	hit	2	19572	2	1615102	1	40148	1	0	40000
Picture	response184	hit	1	15635	2	1665579	1	40149	1	0	40000
Picture	response181	hit	2	17245	2	1715890	1	40149	1	0	40000
Picture	ins7	other				1766367	1	30153	1	0	30000
Picture	response52	hit	1	9147	2	2083057	1	40148	1	0	40000
Picture	response54	hit	1	5750	2	2133534	1	40148	1	0	40000
Picture	response55	hit	1	4983	2	2184012	1	40149	1	0	40000
Picture	response56	hit	1	7572	2	2234322	1	40148	1	0	40000
Picture	response51	hit	2	9045	2	2284799	1	40149	1	0	40000
Picture	response50	hit	2	10075	2	2335110	1	40149	1	0	40000
Picture	response49	hit	1	25708	2	2385587	1	40149	1	0	40000
Picture	response53	hit	2	8627	2	2435898	1	40148	1	0	40000
Picture	ins21	other				2486375	1	30153	1	0	30000
Picture	response167	hit	2	15160	2	2803065	1	40148	1	0	40000
Picture	response163	hit	2	29033	2	2853542	1	40149	1	0	40000
Picture	response166	hit	1	26856	2	2904019	1	40149	1	0	40000
Picture	response165	hit	1	11365	2	2954330	1	40149	1	0	40000
Picture	response164	hit	1	14958	2	3004807	1	40149	1	0	40000
Picture	response168	hit	2	19557	2	3055118	1	40148	1	0	40000
Picture	response162	hit	1	13060	2	3105595	1	40148	1	0	40000
Picture	response161	hit	2	13030	2	3155905	1	40149	1	0	40000
Picture	ins15	other				3206382	1	30153	1	0	30000
Picture	response115	hit	2	9283	2	3523073	1	40148	1	0	40000
Picture	response119	hit	2	11045	2	3573550	1	40148	1	0	40000
Picture	response114	hit	1	33805	2	3623860	1	40149	1	0	40000
Picture	response117	hit	1	11658	2	3674337	1	40149	1	0	40000
Picture	response116	hit	1	12911	2	3724815	1	40149	1	0	40000
Picture	response113	hit	2	7950	2	3775125	1	40148	1	0	40000
Picture	response118	hit	2	7853	2	3825602	1	40149	1	0	40000
Picture	response120	hit	2	13242	2	3875913	1	40149	1	0	40000
Picture	ins13	other				3926390	1	30153	1	0	30000
Picture	response104	hit	1	11376	2	4243080	1	40149	1	0	40000
Picture	response101	hit	1	18355	2	4293391	1	40149	1	0	40000
Picture	response102	hit	2	11138	2	4343868	1	40149	1	0	40000
Picture	response99	hit	1	12057	2	4394178	1	40148	1	0	40000
Picture	response97	hit	1	9570	2	4444656	1	40148	1	0	40000
Picture	response100	hit	2	13370	2	4494966	1	40148	1	0	40000
Picture	response98	hit	2	11352	2	4545443	1	40148	1	0	40000
Picture	response103	hit	1	14336	2	4595920	1	40148	1	0	40000
Picture	thanks	other				4645898	1	10162	1	0	10000


{
   "app": "Presentation Version 21.1 Build 09.05.19",
   "device": "LENOVO 20FBCTO1WW",
   "experiment": "{C0C68DB1-10BA-42F2-8F79-3F2AFFEED4E4}",
   "os": "Windows 10 64 bit",
   "package": "",
   "parameters": {
      "configuration": "Default configuration"
   },
   "scenario": "Feature experiment(2).sce",
   "subject": "A_HP_48",
   "timestamp": "2020/01/16 05:47:23 GMT"
}
