Scenario - 
Logfile written - 11/21/2019 09:20:11

Subject	Trial	Event Type	Code	Time	TTime	Uncertainty	Duration	Uncertainty	ReqTime	ReqDur	Stim Type	Pair Index

A_HP_30	1	Response	3	334075	332909	1
A_HP_30	1	Pulse	99	334075	332909	1
A_HP_30	2	Picture	ready	334307	0	1	10229	1	0	10000	other	0
A_HP_30	2	Pulse	99	354075	19768	1
A_HP_30	2	Pulse	99	374075	39768	1
A_HP_30	2	Pulse	99	394075	59768	1
A_HP_30	3	Picture	ins15	394922	233	1	30229	1	0	30000	other	0
A_HP_30	3	Pulse	99	414155	19466	1
A_HP_30	3	Pulse	99	434075	39386	1
A_HP_30	3	Pulse	99	454075	59386	1
A_HP_30	3	Pulse	99	474155	79466	1
A_HP_30	3	Pulse	99	494075	99386	1
A_HP_30	3	Pulse	99	514075	119386	1
A_HP_30	3	Pulse	99	534155	139466	1
A_HP_30	3	Pulse	99	554075	159386	1
A_HP_30	3	Pulse	99	574075	179386	1
A_HP_30	3	Pulse	99	594075	199386	1
A_HP_30	3	Pulse	99	614076	219386	1
A_HP_30	3	Pulse	99	634075	239386	1
A_HP_30	3	Pulse	99	654076	259386	1
A_HP_30	3	Pulse	99	674075	279386	1
A_HP_30	3	Pulse	99	694075	299385	1
A_HP_30	4	Response	3	714075	9156	1
A_HP_30	4	Pulse	99	714075	9156	1
A_HP_30	5	Picture	response120	714720	230	1	40229	1	0	40000	hit	26
A_HP_30	5	Response	2	722773	8284	1
A_HP_30	5	Pulse	99	734075	19586	1
A_HP_30	5	Pulse	99	754075	39585	1
A_HP_30	6	Picture	response116	765012	123	1	40229	1	0	40000	hit	31
A_HP_30	6	Pulse	99	774075	9186	1
A_HP_30	6	Response	1	777104	12215	1
A_HP_30	6	Pulse	99	794155	29266	1
A_HP_30	6	Pulse	99	814075	49186	1
A_HP_30	7	Picture	response117	815637	347	1	40230	1	0	40000	hit	35
A_HP_30	7	Response	1	824814	9524	1
A_HP_30	7	Pulse	99	834075	18786	1
A_HP_30	7	Pulse	99	854155	38865	1
A_HP_30	8	Picture	response118	865929	239	1	40230	1	0	40000	hit	40
A_HP_30	8	Pulse	99	874074	8385	1
A_HP_30	8	Response	2	874083	8393	1
A_HP_30	8	Pulse	99	894075	28385	1
A_HP_30	8	Pulse	99	914075	48385	1
A_HP_30	9	Picture	response114	916221	132	1	40132	1	0	40000	hit	44
A_HP_30	9	Response	1	928824	12735	1
A_HP_30	9	Pulse	99	934075	17986	1
A_HP_30	9	Pulse	99	954075	37986	1
A_HP_30	10	Picture	response113	966748	259	1	40230	1	0	40000	hit	49
A_HP_30	10	Pulse	99	974075	7586	1
A_HP_30	10	Response	2	979793	13304	1
A_HP_30	10	Pulse	99	994075	27586	1
A_HP_30	10	Pulse	99	1014075	47586	1
A_HP_30	11	Picture	response119	1017040	151	1	40229	1	0	40000	hit	53
A_HP_30	11	Response	2	1026014	9125	1
A_HP_30	11	Pulse	99	1034075	17186	1
A_HP_30	11	Pulse	99	1054075	37186	1
A_HP_30	12	Picture	response115	1067498	209	1	40229	1	0	40000	hit	57
A_HP_30	12	Response	2	1072414	5125	1
A_HP_30	12	Pulse	99	1074075	6786	1
A_HP_30	12	Pulse	99	1094075	26786	1
A_HP_30	12	Pulse	99	1114075	46786	1
A_HP_30	13	Picture	ins7	1117956	268	1	30229	1	0	30000	other	0
A_HP_30	13	Pulse	99	1134075	16386	1
A_HP_30	13	Pulse	99	1154075	36386	1
A_HP_30	13	Pulse	99	1174155	56466	1
A_HP_30	13	Pulse	99	1194075	76386	1
A_HP_30	13	Pulse	99	1214075	96386	1
A_HP_30	13	Pulse	99	1234075	116386	1
A_HP_30	13	Pulse	99	1254075	136386	1
A_HP_30	13	Pulse	99	1274074	156386	1
A_HP_30	13	Pulse	99	1294075	176386	1
A_HP_30	13	Pulse	99	1314075	196386	1
A_HP_30	13	Pulse	99	1334074	216386	1
A_HP_30	13	Pulse	99	1354075	236386	1
A_HP_30	13	Pulse	99	1374075	256386	1
A_HP_30	13	Pulse	99	1394075	276386	1
A_HP_30	13	Pulse	99	1414075	296386	1
A_HP_30	14	Response	3	1434075	6156	1
A_HP_30	14	Pulse	99	1434075	6156	1
A_HP_30	15	Picture	response54	1434719	230	1	40229	1	0	40000	hit	80
A_HP_30	15	Response	1	1441594	7104	1
A_HP_30	15	Pulse	99	1454075	19586	1
A_HP_30	15	Pulse	99	1474075	39585	1
A_HP_30	16	Picture	response52	1485011	122	1	40229	1	0	40000	hit	84
A_HP_30	16	Response	1	1491483	6594	1
A_HP_30	16	Pulse	99	1494074	9185	1
A_HP_30	16	Pulse	99	1514075	29186	1
A_HP_30	16	Pulse	99	1534075	49185	1
A_HP_30	17	Picture	response49	1535636	347	1	40229	1	0	40000	hit	89
A_HP_30	17	Response	1	1543803	8514	1
A_HP_30	17	Pulse	99	1554075	18786	1
A_HP_30	17	Pulse	99	1574075	38785	1
A_HP_30	18	Picture	response55	1585928	239	1	40229	1	0	40000	hit	94
A_HP_30	18	Pulse	99	1594075	8385	1
A_HP_30	18	Response	1	1596673	10983	1
A_HP_30	18	Pulse	99	1614075	28386	1
A_HP_30	18	Pulse	99	1634075	48385	1
A_HP_30	19	Picture	response56	1636220	131	1	40230	1	0	40000	hit	98
A_HP_30	19	Response	1	1642563	6474	1
A_HP_30	19	Pulse	99	1654075	17986	1
A_HP_30	19	Pulse	99	1674075	37986	1
A_HP_30	20	Picture	response50	1686678	189	1	40230	1	0	40000	hit	102
A_HP_30	20	Response	2	1694043	7554	1
A_HP_30	20	Pulse	99	1694074	7585	1
A_HP_30	20	Pulse	99	1714074	27585	1
A_HP_30	20	Pulse	99	1734074	47585	1
A_HP_30	21	Picture	response53	1737137	248	1	40229	1	0	40000	hit	107
A_HP_30	21	Response	2	1744783	7894	1
A_HP_30	21	Pulse	99	1754074	17185	1
A_HP_30	21	Pulse	99	1774074	37185	1
A_HP_30	22	Picture	response51	1787596	307	1	40229	1	0	40000	hit	112
A_HP_30	22	Pulse	99	1794074	6786	1
A_HP_30	22	Response	2	1794383	7094	1
A_HP_30	22	Pulse	99	1814075	26787	1
A_HP_30	22	Pulse	99	1834074	46785	1
A_HP_30	23	Picture	ins23	1837887	199	1	30230	1	0	30000	other	0
A_HP_30	23	Pulse	99	1854074	16385	1
A_HP_30	23	Pulse	99	1874074	36386	1
A_HP_30	23	Pulse	99	1894074	56385	1
A_HP_30	23	Pulse	99	1914074	76386	1
A_HP_30	23	Pulse	99	1934075	96386	1
A_HP_30	23	Pulse	99	1954075	116386	1
A_HP_30	23	Pulse	99	1974074	136386	1
A_HP_30	23	Pulse	99	1994074	156386	1
A_HP_30	23	Pulse	99	2014075	176386	1
A_HP_30	23	Pulse	99	2034074	196386	1
A_HP_30	23	Pulse	99	2054075	216386	1
A_HP_30	23	Pulse	99	2074074	236386	1
A_HP_30	23	Pulse	99	2094074	256386	1
A_HP_30	23	Pulse	99	2114074	276386	1
A_HP_30	23	Pulse	99	2134074	296386	1
A_HP_30	24	Response	3	2154074	6156	1
A_HP_30	24	Pulse	99	2154074	6156	1
A_HP_30	25	Picture	response181	2154719	230	1	40229	1	0	40000	incorrect	134
A_HP_30	25	Response	1	2162373	7884	1
A_HP_30	25	Pulse	99	2174074	19585	1
A_HP_30	25	Pulse	99	2194074	39585	1
A_HP_30	26	Picture	response178	2205011	122	1	40229	1	0	40000	hit	139
A_HP_30	26	Pulse	99	2214074	9185	1
A_HP_30	26	Response	1	2217662	12773	1
A_HP_30	26	Pulse	99	2234074	29185	1
A_HP_30	26	Pulse	99	2254074	49185	1
A_HP_30	27	Picture	response180	2255636	347	1	40230	1	0	40000	incorrect	143
A_HP_30	27	Response	2	2271473	16184	1
A_HP_30	27	Pulse	99	2274074	18785	1
A_HP_30	27	Pulse	99	2294074	38785	1
A_HP_30	28	Picture	response183	2305927	239	1	40229	1	0	40000	hit	148
A_HP_30	28	Pulse	99	2314074	8386	1
A_HP_30	28	Response	1	2320973	15284	1
A_HP_30	28	Pulse	99	2334075	28386	1
A_HP_30	28	Pulse	99	2354074	48386	1
A_HP_30	29	Picture	response182	2356220	131	1	40229	1	0	40000	hit	152
A_HP_30	29	Response	2	2370813	14725	1
A_HP_30	29	Pulse	99	2374074	17985	1
A_HP_30	29	Pulse	99	2394074	37986	1
A_HP_30	30	Picture	response184	2406678	189	1	40229	1	0	40000	hit	157
A_HP_30	30	Pulse	99	2414074	7585	1
A_HP_30	30	Response	1	2418723	12234	1
A_HP_30	30	Pulse	99	2434074	27586	1
A_HP_30	30	Pulse	99	2454074	47586	1
A_HP_30	31	Picture	response177	2457136	248	1	40229	1	0	40000	hit	161
A_HP_30	31	Response	2	2471703	14814	1
A_HP_30	31	Pulse	99	2474073	17185	1
A_HP_30	31	Pulse	99	2494074	37185	1
A_HP_30	32	Picture	response179	2507595	306	1	40229	1	0	40000	hit	166
A_HP_30	32	Pulse	99	2514074	6786	1
A_HP_30	32	Response	2	2519423	12135	1
A_HP_30	32	Pulse	99	2534074	26786	1
A_HP_30	32	Pulse	99	2554074	46786	1
A_HP_30	33	Picture	ins13	2557887	198	1	30229	1	0	30000	other	0
A_HP_30	33	Pulse	99	2574074	16386	1
A_HP_30	33	Pulse	99	2594074	36386	1
A_HP_30	33	Pulse	99	2614074	56386	1
A_HP_30	33	Pulse	99	2634074	76385	1
A_HP_30	33	Pulse	99	2654074	96386	1
A_HP_30	33	Pulse	99	2674074	116386	1
A_HP_30	33	Pulse	99	2694074	136386	1
A_HP_30	33	Pulse	99	2714074	156386	1
A_HP_30	33	Pulse	99	2734074	176386	1
A_HP_30	33	Pulse	99	2754074	196386	1
A_HP_30	33	Pulse	99	2774074	216386	1
A_HP_30	33	Pulse	99	2794074	236386	1
A_HP_30	33	Pulse	99	2814074	256385	1
A_HP_30	33	Pulse	99	2834074	276386	1
A_HP_30	33	Pulse	99	2854074	296386	1
A_HP_30	34	Response	3	2874075	6156	1
A_HP_30	34	Pulse	99	2874075	6156	1
A_HP_30	35	Picture	response101	2874719	230	1	40229	1	0	40000	hit	188
A_HP_30	35	Response	1	2884293	9804	1
A_HP_30	35	Pulse	99	2894074	19585	1
A_HP_30	35	Pulse	99	2914074	39585	1
A_HP_30	36	Picture	response97	2925010	121	1	40230	1	0	40000	hit	193
A_HP_30	36	Pulse	99	2934074	9185	1
A_HP_30	36	Response	1	2934862	9973	1
A_HP_30	36	Pulse	99	2954074	29185	1
A_HP_30	36	Pulse	99	2974074	49185	1
A_HP_30	37	Picture	response104	2975635	347	1	40230	1	0	40000	hit	197
A_HP_30	37	Response	1	2986353	11064	1
A_HP_30	37	Pulse	99	2994074	18785	1
A_HP_30	37	Pulse	99	3014074	38785	1
A_HP_30	38	Picture	response98	3025976	288	1	40229	1	0	40000	hit	201
A_HP_30	38	Response	2	3031122	5435	1
A_HP_30	38	Pulse	99	3034073	8385	1
A_HP_30	38	Pulse	99	3054074	28386	1
A_HP_30	38	Pulse	99	3074074	48386	1
A_HP_30	39	Picture	response99	3076267	179	1	40230	1	0	40000	hit	206
A_HP_30	39	Response	1	3088563	12475	1
A_HP_30	39	Pulse	99	3094074	17986	1
A_HP_30	39	Pulse	99	3114074	37986	1
A_HP_30	40	Picture	response100	3126726	238	1	40229	1	0	40000	hit	211
A_HP_30	40	Pulse	99	3134074	7586	1
A_HP_30	40	Response	2	3135972	9484	1
A_HP_30	40	Pulse	99	3154074	27586	1
A_HP_30	40	Pulse	99	3174074	47586	1
A_HP_30	41	Picture	response103	3177018	129	1	40229	1	0	40000	hit	215
A_HP_30	41	Response	1	3186063	9174	1
A_HP_30	41	Pulse	99	3194074	17185	1
A_HP_30	41	Pulse	99	3214074	37185	1
A_HP_30	42	Picture	response102	3227643	354	1	40229	1	0	40000	hit	220
A_HP_30	42	Pulse	99	3234074	6786	1
A_HP_30	42	Response	2	3234722	7433	1
A_HP_30	42	Pulse	99	3254074	26785	1
A_HP_30	42	Pulse	99	3274074	46785	1
A_HP_30	43	Picture	ins21	3277935	247	1	30229	1	0	30000	other	0
A_HP_30	43	Pulse	99	3294074	16386	1
A_HP_30	43	Pulse	99	3314074	36386	1
A_HP_30	43	Pulse	99	3334074	56386	1
A_HP_30	43	Pulse	99	3354074	76386	1
A_HP_30	43	Pulse	99	3374074	96386	1
A_HP_30	43	Pulse	99	3394073	116385	1
A_HP_30	43	Pulse	99	3414073	136385	1
A_HP_30	43	Pulse	99	3434073	156385	1
A_HP_30	43	Pulse	99	3454074	176386	1
A_HP_30	43	Pulse	99	3474074	196386	1
A_HP_30	43	Pulse	99	3494074	216386	1
A_HP_30	43	Pulse	99	3514074	236386	1
A_HP_30	43	Pulse	99	3534073	256385	1
A_HP_30	43	Pulse	99	3554074	276386	1
A_HP_30	43	Pulse	99	3574074	296386	1
A_HP_30	44	Response	3	3594074	6155	1
A_HP_30	44	Pulse	99	3594074	6155	1
A_HP_30	45	Picture	response167	3594718	230	1	40229	1	0	40000	hit	242
A_HP_30	45	Response	2	3608722	14234	1
A_HP_30	45	Pulse	99	3614074	19585	1
A_HP_30	45	Pulse	99	3634074	39585	1
A_HP_30	46	Picture	response163	3645010	121	1	40230	1	0	40000	hit	247
A_HP_30	46	Pulse	99	3654074	9185	1
A_HP_30	46	Response	2	3658212	13324	1
A_HP_30	46	Pulse	99	3674073	29185	1
A_HP_30	46	Pulse	99	3694074	49185	1
A_HP_30	47	Picture	response161	3695635	347	1	40229	1	0	40000	hit	251
A_HP_30	47	Response	2	3708312	13024	1
A_HP_30	47	Pulse	99	3714073	18785	1
A_HP_30	47	Pulse	99	3734074	38786	1
A_HP_30	48	Picture	response168	3745927	239	1	40229	1	0	40000	hit	256
A_HP_30	48	Pulse	99	3754074	8386	1
A_HP_30	48	Response	2	3760412	14724	1
A_HP_30	48	Pulse	99	3774074	28386	1
A_HP_30	48	Pulse	99	3794073	48386	1
A_HP_30	49	Picture	response162	3796218	130	1	40229	1	0	40000	hit	260
A_HP_30	49	Response	1	3804273	8185	1
A_HP_30	49	Pulse	99	3814074	17986	1
A_HP_30	49	Pulse	99	3834074	37986	1
A_HP_30	50	Picture	response166	3846676	188	1	40229	1	0	40000	hit	265
A_HP_30	50	Pulse	99	3854074	7585	1
A_HP_30	50	Response	1	3854372	7883	1
A_HP_30	50	Pulse	99	3874074	27585	1
A_HP_30	50	Pulse	99	3894074	47586	1
A_HP_30	51	Picture	response164	3897134	247	1	40229	1	0	40000	incorrect	270
A_HP_30	51	Pulse	99	3914074	17186	1
A_HP_30	51	Response	2	3917062	20174	1
A_HP_30	51	Pulse	99	3934074	37186	1
A_HP_30	52	Picture	response165	3947593	305	1	40229	1	0	40000	hit	274
A_HP_30	52	Pulse	99	3954074	6786	1
A_HP_30	52	Response	1	3959833	12545	1
A_HP_30	52	Pulse	99	3974073	26786	1
A_HP_30	52	Pulse	99	3994074	46786	1
A_HP_30	53	Picture	ins5	3997885	197	1	30229	1	0	30000	other	0
A_HP_30	53	Pulse	99	4014073	16386	1
A_HP_30	53	Pulse	99	4034073	36386	1
A_HP_30	53	Pulse	99	4054073	56386	1
A_HP_30	53	Pulse	99	4074074	76387	1
A_HP_30	53	Pulse	99	4094074	96386	1
A_HP_30	53	Pulse	99	4114073	116386	1
A_HP_30	53	Pulse	99	4134073	136386	1
A_HP_30	53	Pulse	99	4154073	156386	1
A_HP_30	53	Pulse	99	4174073	176386	1
A_HP_30	53	Pulse	99	4194073	196386	1
A_HP_30	53	Pulse	99	4214074	216386	1
A_HP_30	53	Pulse	99	4234074	236386	1
A_HP_30	53	Pulse	99	4254073	256386	1
A_HP_30	53	Pulse	99	4274073	276386	1
A_HP_30	53	Pulse	99	4294073	296386	1
A_HP_30	54	Response	3	4314073	6155	1
A_HP_30	54	Pulse	99	4314073	6155	1
A_HP_30	55	Picture	response33	4314718	230	1	40229	1	0	40000	hit	296
A_HP_30	55	Response	2	4324162	9674	1
A_HP_30	55	Pulse	99	4334073	19585	1
A_HP_30	55	Pulse	99	4354073	39585	1
A_HP_30	56	Picture	response36	4365010	122	1	40229	1	0	40000	hit	300
A_HP_30	56	Response	2	4373522	8634	1
A_HP_30	56	Pulse	99	4374073	9185	1
A_HP_30	56	Pulse	99	4394073	29185	1
A_HP_30	56	Pulse	99	4414073	49186	1
A_HP_30	57	Picture	response39	4415635	347	1	40230	1	0	40000	hit	305
A_HP_30	57	Response	1	4426582	11294	1
A_HP_30	57	Pulse	99	4434073	18785	1
A_HP_30	57	Pulse	99	4454074	38786	1
A_HP_30	58	Picture	response37	4465927	239	1	40229	1	0	40000	hit	310
A_HP_30	58	Pulse	99	4474073	8385	1
A_HP_30	58	Response	2	4476832	11144	1
A_HP_30	58	Pulse	99	4494073	28385	1
A_HP_30	58	Pulse	99	4514073	48385	1
A_HP_30	59	Picture	response34	4516219	132	1	40230	1	0	40000	hit	314
A_HP_30	59	Response	2	4525212	9125	1
A_HP_30	59	Pulse	99	4534073	17986	1
A_HP_30	59	Pulse	99	4554073	37986	1
A_HP_30	60	Picture	response38	4566677	190	1	40229	1	0	40000	incorrect	319
A_HP_30	60	Pulse	99	4574073	7586	1
A_HP_30	60	Response	2	4576282	9794	1
A_HP_30	60	Pulse	99	4594073	27586	1
A_HP_30	60	Pulse	99	4614073	47585	1
A_HP_30	61	Picture	response40	4617135	247	1	40229	1	0	40000	hit	323
A_HP_30	61	Response	2	4625502	8614	1
A_HP_30	61	Pulse	99	4634073	17185	1
A_HP_30	61	Pulse	99	4654073	37185	1
A_HP_30	62	Picture	response35	4667593	306	1	40230	1	0	40000	hit	328
A_HP_30	62	Pulse	99	4674073	6786	1
A_HP_30	62	Response	1	4675641	8354	1
A_HP_30	62	Pulse	99	4694073	26785	1
A_HP_30	62	Pulse	99	4714073	46785	1
A_HP_30	63	Picture	thanks	4717552	0	1	10229	1	0	10000	other	0
A_HP_30	63	Pulse	99	4734073	16521	1


Event Type	Code	Type	Response	RT	RT Uncertainty	Time	Uncertainty	Duration	Uncertainty	ReqTime	ReqDur

Picture	ready	other				334307	1	10229	1	0	10000
Picture	ins15	other				394922	1	30229	1	0	30000
Picture	response120	hit	2	8054	2	714720	1	40229	1	0	40000
Picture	response116	hit	1	12092	2	765012	1	40229	1	0	40000
Picture	response117	hit	1	9177	2	815637	1	40230	1	0	40000
Picture	response118	hit	2	8154	2	865929	1	40230	1	0	40000
Picture	response114	hit	1	12603	2	916221	1	40132	1	0	40000
Picture	response113	hit	2	13045	2	966748	1	40230	1	0	40000
Picture	response119	hit	2	8974	2	1017040	1	40229	1	0	40000
Picture	response115	hit	2	4916	2	1067498	1	40229	1	0	40000
Picture	ins7	other				1117956	1	30229	1	0	30000
Picture	response54	hit	1	6874	2	1434719	1	40229	1	0	40000
Picture	response52	hit	1	6472	2	1485011	1	40229	1	0	40000
Picture	response49	hit	1	8167	2	1535636	1	40229	1	0	40000
Picture	response55	hit	1	10745	2	1585928	1	40229	1	0	40000
Picture	response56	hit	1	6344	2	1636220	1	40230	1	0	40000
Picture	response50	hit	2	7365	2	1686678	1	40230	1	0	40000
Picture	response53	hit	2	7646	2	1737137	1	40229	1	0	40000
Picture	response51	hit	2	6787	2	1787596	1	40229	1	0	40000
Picture	ins23	other				1837887	1	30230	1	0	30000
Picture	response181	incorrect	1	7654	2	2154719	1	40229	1	0	40000
Picture	response178	hit	1	12652	2	2205011	1	40229	1	0	40000
Picture	response180	incorrect	2	15837	2	2255636	1	40230	1	0	40000
Picture	response183	hit	1	15045	2	2305927	1	40229	1	0	40000
Picture	response182	hit	2	14593	2	2356220	1	40229	1	0	40000
Picture	response184	hit	1	12045	2	2406678	1	40229	1	0	40000
Picture	response177	hit	2	14566	2	2457136	1	40229	1	0	40000
Picture	response179	hit	2	11828	2	2507595	1	40229	1	0	40000
Picture	ins13	other				2557887	1	30229	1	0	30000
Picture	response101	hit	1	9574	2	2874719	1	40229	1	0	40000
Picture	response97	hit	1	9852	2	2925010	1	40230	1	0	40000
Picture	response104	hit	1	10717	2	2975635	1	40230	1	0	40000
Picture	response98	hit	2	5146	2	3025976	1	40229	1	0	40000
Picture	response99	hit	1	12296	2	3076267	1	40230	1	0	40000
Picture	response100	hit	2	9246	2	3126726	1	40229	1	0	40000
Picture	response103	hit	1	9045	2	3177018	1	40229	1	0	40000
Picture	response102	hit	2	7079	2	3227643	1	40229	1	0	40000
Picture	ins21	other				3277935	1	30229	1	0	30000
Picture	response167	hit	2	14004	2	3594718	1	40229	1	0	40000
Picture	response163	hit	2	13202	2	3645010	1	40230	1	0	40000
Picture	response161	hit	2	12677	2	3695635	1	40229	1	0	40000
Picture	response168	hit	2	14486	2	3745927	1	40229	1	0	40000
Picture	response162	hit	1	8055	2	3796218	1	40229	1	0	40000
Picture	response166	hit	1	7696	2	3846676	1	40229	1	0	40000
Picture	response164	incorrect	2	19928	2	3897134	1	40229	1	0	40000
Picture	response165	hit	1	12240	2	3947593	1	40229	1	0	40000
Picture	ins5	other				3997885	1	30229	1	0	30000
Picture	response33	hit	2	9445	2	4314718	1	40229	1	0	40000
Picture	response36	hit	2	8512	2	4365010	1	40229	1	0	40000
Picture	response39	hit	1	10947	2	4415635	1	40230	1	0	40000
Picture	response37	hit	2	10905	2	4465927	1	40229	1	0	40000
Picture	response34	hit	2	8993	2	4516219	1	40230	1	0	40000
Picture	response38	incorrect	2	9604	2	4566677	1	40229	1	0	40000
Picture	response40	hit	2	8367	2	4617135	1	40229	1	0	40000
Picture	response35	hit	1	8048	2	4667593	1	40230	1	0	40000
Picture	thanks	other				4717552	1	10229	1	0	10000


{
   "app": "Presentation Version 21.0 Build 06.06.19",
   "device": "LENOVO 20KHCTO1WW",
   "experiment": "{C0C68DB1-10BA-42F2-8F79-3F2AFFEED4E4}",
   "os": "Windows 10 64 bit",
   "package": "",
   "parameters": {
      "configuration": "Default configuration"
   },
   "scenario": "Feature experiment(2).sce",
   "subject": "A_HP_30",
   "timestamp": "2019/11/21 00:12:08 GMT"
}
