Scenario - 
Logfile written - 01/16/2020 13:55:53

Subject	Trial	Event Type	Code	Time	TTime	Uncertainty	Duration	Uncertainty	ReqTime	ReqDur	Stim Type	Pair Index

A_HP_47	1	Response	3	335180	334029	1
A_HP_47	1	Pulse	99	335180	334029	1
A_HP_47	2	Picture	ready	335333	0	1	10162	1	0	10000	other	0
A_HP_47	2	Pulse	99	355180	19847	1
A_HP_47	2	Pulse	99	375100	39766	1
A_HP_47	2	Pulse	99	395180	59847	1
A_HP_47	3	Picture	ins7	395806	133	1	30153	1	0	30000	other	0
A_HP_47	3	Pulse	99	415180	19507	1
A_HP_47	3	Pulse	99	435100	39427	1
A_HP_47	3	Pulse	99	455180	59507	1
A_HP_47	3	Pulse	99	475180	79507	1
A_HP_47	3	Pulse	99	495100	99427	1
A_HP_47	3	Pulse	99	515180	119507	1
A_HP_47	3	Pulse	99	535180	139507	1
A_HP_47	3	Pulse	99	555100	159427	1
A_HP_47	3	Pulse	99	575180	179507	1
A_HP_47	3	Pulse	99	595180	199507	1
A_HP_47	3	Pulse	99	615100	219427	1
A_HP_47	3	Pulse	99	635180	239507	1
A_HP_47	3	Pulse	99	655180	259507	1
A_HP_47	3	Pulse	99	675100	279427	1
A_HP_47	3	Pulse	99	695100	299427	1
A_HP_47	4	Response	3	715180	9348	1
A_HP_47	4	Pulse	99	715180	9348	1
A_HP_47	5	Picture	response53	715661	88	1	40149	1	0	40000	hit	26
A_HP_47	5	Response	2	727339	11766	1
A_HP_47	5	Pulse	99	735100	19527	1
A_HP_47	5	Pulse	99	755101	39528	1
A_HP_47	6	Picture	response49	766138	165	1	40148	1	0	40000	hit	31
A_HP_47	6	Pulse	99	775180	9207	1
A_HP_47	6	Response	1	776558	10585	1
A_HP_47	6	Pulse	99	795100	29127	1
A_HP_47	6	Pulse	99	815100	49127	1
A_HP_47	7	Picture	response52	816449	76	1	40149	1	0	40000	hit	35
A_HP_47	7	Response	1	825809	9436	1
A_HP_47	7	Pulse	99	835180	18807	1
A_HP_47	7	Pulse	99	855100	38727	1
A_HP_47	8	Picture	response54	866926	153	1	40149	1	0	40000	hit	40
A_HP_47	8	Pulse	99	875100	8327	1
A_HP_47	8	Response	1	889219	22446	1
A_HP_47	8	Pulse	99	895180	28407	1
A_HP_47	8	Pulse	99	915100	48327	1
A_HP_47	9	Picture	response50	917237	64	1	40149	1	0	40000	hit	44
A_HP_47	9	Response	2	924829	7656	1
A_HP_47	9	Pulse	99	935100	17927	1
A_HP_47	9	Pulse	99	955180	38007	1
A_HP_47	10	Picture	response51	967714	141	1	40149	1	0	40000	hit	49
A_HP_47	10	Pulse	99	975099	7526	1
A_HP_47	10	Response	2	978869	11296	1
A_HP_47	10	Pulse	99	995100	27527	1
A_HP_47	10	Pulse	99	1015180	47607	1
A_HP_47	11	Picture	response56	1018024	51	1	40148	1	0	40000	hit	53
A_HP_47	11	Response	1	1031889	13916	1
A_HP_47	11	Pulse	99	1035180	17207	1
A_HP_47	11	Pulse	99	1055100	37127	1
A_HP_47	12	Picture	response55	1068501	128	1	40149	1	0	40000	hit	58
A_HP_47	12	Pulse	99	1075180	6807	1
A_HP_47	12	Response	1	1092329	23956	1
A_HP_47	12	Pulse	99	1095180	26807	1
A_HP_47	12	Pulse	99	1115100	46727	1
A_HP_47	13	Picture	ins21	1118812	39	1	30153	1	0	30000	other	0
A_HP_47	13	Pulse	99	1135180	16407	1
A_HP_47	13	Pulse	99	1155180	36407	1
A_HP_47	13	Pulse	99	1175100	56327	1
A_HP_47	13	Pulse	99	1195180	76407	1
A_HP_47	13	Pulse	99	1215180	96407	1
A_HP_47	13	Pulse	99	1235100	116327	1
A_HP_47	13	Pulse	99	1255180	136407	1
A_HP_47	13	Pulse	99	1275180	156407	1
A_HP_47	13	Pulse	99	1295100	176327	1
A_HP_47	13	Pulse	99	1315180	196407	1
A_HP_47	13	Pulse	99	1335180	216407	1
A_HP_47	13	Pulse	99	1355100	236327	1
A_HP_47	13	Pulse	99	1375100	256327	1
A_HP_47	13	Pulse	99	1395180	276407	1
A_HP_47	13	Pulse	99	1415100	296327	1
A_HP_47	14	Response	3	1435100	6262	1
A_HP_47	14	Pulse	99	1435100	6262	1
A_HP_47	15	Picture	response166	1435502	29	1	40149	1	0	40000	hit	81
A_HP_47	15	Pulse	99	1455180	19707	1
A_HP_47	15	Response	1	1466889	31416	1
A_HP_47	15	Pulse	99	1475100	39627	1
A_HP_47	16	Picture	response161	1485979	106	1	40148	1	0	40000	hit	85
A_HP_47	16	Pulse	99	1495100	9227	1
A_HP_47	16	Response	2	1501329	15456	1
A_HP_47	16	Pulse	99	1515180	29307	1
A_HP_47	16	Pulse	99	1535100	49227	1
A_HP_47	17	Picture	response168	1536456	183	1	40149	1	0	40000	hit	90
A_HP_47	17	Pulse	99	1555100	18827	1
A_HP_47	17	Response	2	1563659	27386	1
A_HP_47	17	Pulse	99	1575180	38907	1
A_HP_47	18	Picture	response164	1586767	94	1	40148	1	0	40000	hit	94
A_HP_47	18	Pulse	99	1595101	8427	1
A_HP_47	18	Response	1	1597989	11315	1
A_HP_47	18	Pulse	99	1615100	28427	1
A_HP_47	18	Pulse	99	1635180	48507	1
A_HP_47	19	Picture	response167	1637244	171	1	40148	1	0	40000	hit	99
A_HP_47	19	Pulse	99	1655101	18027	1
A_HP_47	19	Response	2	1670829	33756	1
A_HP_47	19	Pulse	99	1675100	38027	1
A_HP_47	20	Picture	response163	1687555	81	1	40149	1	0	40000	hit	103
A_HP_47	20	Pulse	99	1695180	7707	1
A_HP_47	20	Response	2	1700049	12576	1
A_HP_47	20	Pulse	99	1715101	27627	1
A_HP_47	20	Pulse	99	1735101	47627	1
A_HP_47	21	Picture	response165	1738032	158	1	40148	1	0	40000	hit	107
A_HP_47	21	Response	1	1748619	10746	1
A_HP_47	21	Pulse	99	1755181	17307	1
A_HP_47	21	Pulse	99	1775100	37227	1
A_HP_47	22	Picture	response162	1788342	69	1	40149	1	0	40000	hit	112
A_HP_47	22	Pulse	99	1795101	6827	1
A_HP_47	22	Response	1	1809490	21216	1
A_HP_47	22	Pulse	99	1815180	26907	1
A_HP_47	22	Pulse	99	1835101	46827	1
A_HP_47	23	Picture	ins5	1838820	146	1	30153	1	0	30000	other	0
A_HP_47	23	Pulse	99	1855100	16427	1
A_HP_47	23	Pulse	99	1875180	36507	1
A_HP_47	23	Pulse	99	1895100	56427	1
A_HP_47	23	Pulse	99	1915101	76427	1
A_HP_47	23	Pulse	99	1935180	96507	1
A_HP_47	23	Pulse	99	1955100	116427	1
A_HP_47	23	Pulse	99	1975101	136427	1
A_HP_47	23	Pulse	99	1995101	156427	1
A_HP_47	23	Pulse	99	2015100	176427	1
A_HP_47	23	Pulse	99	2035101	196428	1
A_HP_47	23	Pulse	99	2055101	216427	1
A_HP_47	23	Pulse	99	2075101	236427	1
A_HP_47	23	Pulse	99	2095101	256427	1
A_HP_47	23	Pulse	99	2115101	276427	1
A_HP_47	23	Pulse	99	2135101	296427	1
A_HP_47	24	Response	3	2155101	6255	1
A_HP_47	24	Pulse	99	2155101	6255	1
A_HP_47	25	Picture	response36	2155510	36	1	40148	1	0	40000	hit	134
A_HP_47	25	Response	2	2166450	10976	1
A_HP_47	25	Pulse	99	2175101	19627	1
A_HP_47	25	Pulse	99	2195101	39627	1
A_HP_47	26	Picture	response37	2205987	113	1	40149	1	0	40000	hit	138
A_HP_47	26	Response	2	2213369	7496	1
A_HP_47	26	Pulse	99	2215101	9227	1
A_HP_47	26	Pulse	99	2235101	29227	1
A_HP_47	26	Pulse	99	2255101	49227	1
A_HP_47	27	Picture	response39	2256464	190	1	40149	1	0	40000	hit	143
A_HP_47	27	Response	1	2266439	10165	1
A_HP_47	27	Pulse	99	2275101	18827	1
A_HP_47	27	Pulse	99	2295101	38827	1
A_HP_47	28	Picture	response35	2306774	101	1	40149	1	0	40000	hit	148
A_HP_47	28	Pulse	99	2315101	8427	1
A_HP_47	28	Response	1	2315179	8505	1
A_HP_47	28	Pulse	99	2335101	28427	1
A_HP_47	28	Pulse	99	2355101	48427	1
A_HP_47	29	Picture	response40	2357252	178	1	40148	1	0	40000	hit	152
A_HP_47	29	Response	2	2363020	5946	1
A_HP_47	29	Pulse	99	2375101	18027	1
A_HP_47	29	Pulse	99	2395101	38027	1
A_HP_47	30	Picture	response33	2407562	88	1	40148	1	0	40000	hit	157
A_HP_47	30	Pulse	99	2415101	7627	1
A_HP_47	30	Response	2	2421649	14175	1
A_HP_47	30	Pulse	99	2435101	27627	1
A_HP_47	30	Pulse	99	2455101	47627	1
A_HP_47	31	Picture	response34	2458039	166	1	40149	1	0	40000	hit	161
A_HP_47	31	Response	2	2465080	7206	1
A_HP_47	31	Pulse	99	2475101	17227	1
A_HP_47	31	Pulse	99	2495101	37227	1
A_HP_47	32	Picture	response38	2508350	76	1	40148	1	0	40000	hit	166
A_HP_47	32	Pulse	99	2515101	6827	1
A_HP_47	32	Response	1	2516459	8185	1
A_HP_47	32	Pulse	99	2535101	26827	1
A_HP_47	32	Pulse	99	2555101	46827	1
A_HP_47	33	Picture	ins23	2558827	153	1	30153	1	0	30000	other	0
A_HP_47	33	Pulse	99	2575101	16427	1
A_HP_47	33	Pulse	99	2595101	36427	1
A_HP_47	33	Pulse	99	2615101	56427	1
A_HP_47	33	Pulse	99	2635101	76427	1
A_HP_47	33	Pulse	99	2655101	96427	1
A_HP_47	33	Pulse	99	2675101	116427	1
A_HP_47	33	Pulse	99	2695101	136427	1
A_HP_47	33	Pulse	99	2715101	156427	1
A_HP_47	33	Pulse	99	2735101	176427	1
A_HP_47	33	Pulse	99	2755101	196427	1
A_HP_47	33	Pulse	99	2775101	216427	1
A_HP_47	33	Pulse	99	2795101	236427	1
A_HP_47	33	Pulse	99	2815101	256427	1
A_HP_47	33	Pulse	99	2835101	276427	1
A_HP_47	33	Pulse	99	2855101	296427	1
A_HP_47	34	Response	3	2875101	6247	1
A_HP_47	34	Pulse	99	2875101	6247	1
A_HP_47	35	Picture	response181	2875517	43	1	40149	1	0	40000	hit	188
A_HP_47	35	Response	2	2889400	13926	1
A_HP_47	35	Pulse	99	2895101	19627	1
A_HP_47	35	Pulse	99	2915101	39627	1
A_HP_47	36	Picture	response177	2925994	120	1	40149	1	0	40000	incorrect	193
A_HP_47	36	Pulse	99	2935101	9227	1
A_HP_47	36	Response	1	2946620	20746	1
A_HP_47	36	Pulse	99	2955101	29227	1
A_HP_47	36	Pulse	99	2975101	49227	1
A_HP_47	37	Picture	response180	2976472	197	1	40148	1	0	40000	hit	197
A_HP_47	37	Response	1	2988910	12636	1
A_HP_47	37	Pulse	99	2995101	18827	1
A_HP_47	37	Pulse	99	3015101	38827	1
A_HP_47	38	Picture	response182	3026782	108	1	40148	1	0	40000	hit	202
A_HP_47	38	Pulse	99	3035101	8427	1
A_HP_47	38	Response	2	3036700	10025	1
A_HP_47	38	Pulse	99	3055102	28428	1
A_HP_47	38	Pulse	99	3075101	48427	1
A_HP_47	39	Picture	response184	3077259	185	1	40148	1	0	40000	hit	206
A_HP_47	39	Response	1	3091220	14146	1
A_HP_47	39	Pulse	99	3095101	18027	1
A_HP_47	39	Pulse	99	3115101	38027	1
A_HP_47	40	Picture	response183	3127570	96	1	40148	1	0	40000	hit	211
A_HP_47	40	Pulse	99	3135101	7627	1
A_HP_47	40	Response	1	3140740	13266	1
A_HP_47	40	Pulse	99	3155102	27628	1
A_HP_47	40	Pulse	99	3175101	47627	1
A_HP_47	41	Picture	response178	3178047	173	1	40148	1	0	40000	incorrect	215
A_HP_47	41	Response	2	3188550	10676	1
A_HP_47	41	Pulse	99	3195101	17227	1
A_HP_47	41	Pulse	99	3215101	37227	1
A_HP_47	42	Picture	response179	3228358	83	1	40148	1	0	40000	incorrect	220
A_HP_47	42	Pulse	99	3235101	6827	1
A_HP_47	42	Response	1	3243690	15416	1
A_HP_47	42	Pulse	99	3255101	26827	1
A_HP_47	42	Pulse	99	3275101	46827	1
A_HP_47	43	Picture	ins15	3278835	160	1	30153	1	0	30000	other	0
A_HP_47	43	Pulse	99	3295101	16427	1
A_HP_47	43	Pulse	99	3315101	36427	1
A_HP_47	43	Pulse	99	3335101	56427	1
A_HP_47	43	Pulse	99	3355102	76427	1
A_HP_47	43	Pulse	99	3375101	96427	1
A_HP_47	43	Pulse	99	3395101	116427	1
A_HP_47	43	Pulse	99	3415101	136427	1
A_HP_47	43	Pulse	99	3435101	156427	1
A_HP_47	43	Pulse	99	3455101	176427	1
A_HP_47	43	Pulse	99	3475102	196427	1
A_HP_47	43	Pulse	99	3495101	216427	1
A_HP_47	43	Pulse	99	3515102	236427	1
A_HP_47	43	Pulse	99	3535101	256427	1
A_HP_47	43	Pulse	99	3555101	276427	1
A_HP_47	43	Pulse	99	3575101	296427	1
A_HP_47	44	Response	3	3595101	6240	1
A_HP_47	44	Pulse	99	3595101	6240	1
A_HP_47	45	Picture	response117	3595525	50	1	40149	1	0	40000	hit	243
A_HP_47	45	Pulse	99	3615101	19627	1
A_HP_47	45	Response	1	3617650	22176	1
A_HP_47	45	Pulse	99	3635102	39627	1
A_HP_47	46	Picture	response114	3646002	127	1	40149	1	0	40000	hit	246
A_HP_47	46	Response	1	3652810	6936	1
A_HP_47	46	Pulse	99	3655102	9227	1
A_HP_47	46	Pulse	99	3675102	29227	1
A_HP_47	46	Pulse	99	3695101	49227	1
A_HP_47	47	Picture	response118	3696312	38	1	40149	1	0	40000	hit	251
A_HP_47	47	Response	2	3706980	10706	1
A_HP_47	47	Pulse	99	3715102	18827	1
A_HP_47	47	Pulse	99	3735102	38827	1
A_HP_47	48	Picture	response115	3746790	115	1	40148	1	0	40000	hit	255
A_HP_47	48	Response	2	3754430	7756	1
A_HP_47	48	Pulse	99	3755101	8426	1
A_HP_47	48	Pulse	99	3775102	28427	1
A_HP_47	48	Pulse	99	3795101	48427	1
A_HP_47	49	Picture	response116	3797267	192	1	40148	1	0	40000	hit	260
A_HP_47	49	Response	1	3801991	4916	1
A_HP_47	49	Pulse	99	3815102	18027	1
A_HP_47	49	Pulse	99	3835102	38027	1
A_HP_47	50	Picture	response113	3847578	103	1	40148	1	0	40000	incorrect	264
A_HP_47	50	Response	1	3854300	6826	1
A_HP_47	50	Pulse	99	3855101	7626	1
A_HP_47	50	Pulse	99	3875102	27627	1
A_HP_47	50	Pulse	99	3895102	47627	1
A_HP_47	51	Picture	response119	3898055	180	1	40149	1	0	40000	hit	269
A_HP_47	51	Response	2	3904410	6536	1
A_HP_47	51	Pulse	99	3915102	17227	1
A_HP_47	51	Pulse	99	3935101	37227	1
A_HP_47	52	Picture	response120	3948365	90	1	40149	1	0	40000	hit	274
A_HP_47	52	Pulse	99	3955102	6827	1
A_HP_47	52	Response	2	3961991	13716	1
A_HP_47	52	Pulse	99	3975102	26827	1
A_HP_47	52	Pulse	99	3995102	46827	1
A_HP_47	53	Picture	ins13	3998842	168	1	30153	1	0	30000	other	0
A_HP_47	53	Pulse	99	4015102	16427	1
A_HP_47	53	Pulse	99	4035102	36427	1
A_HP_47	53	Pulse	99	4055102	56427	1
A_HP_47	53	Pulse	99	4075102	76427	1
A_HP_47	53	Pulse	99	4095102	96427	1
A_HP_47	53	Pulse	99	4115102	116427	1
A_HP_47	53	Pulse	99	4135102	136427	1
A_HP_47	53	Pulse	99	4155102	156427	1
A_HP_47	53	Pulse	99	4175102	176427	1
A_HP_47	53	Pulse	99	4195102	196427	1
A_HP_47	53	Pulse	99	4215102	216427	1
A_HP_47	53	Pulse	99	4235102	236427	1
A_HP_47	53	Pulse	99	4255102	256427	1
A_HP_47	53	Pulse	99	4275102	276427	1
A_HP_47	53	Pulse	99	4295102	296427	1
A_HP_47	54	Response	3	4315102	6233	1
A_HP_47	54	Pulse	99	4315102	6233	1
A_HP_47	55	Picture	response103	4315532	57	1	40149	1	0	40000	hit	297
A_HP_47	55	Pulse	99	4335102	19627	1
A_HP_47	55	Response	1	4335770	20295	1
A_HP_47	55	Pulse	99	4355102	39627	1
A_HP_47	56	Picture	response97	4366010	135	1	40149	1	0	40000	incorrect	301
A_HP_47	56	Pulse	99	4375103	9228	1
A_HP_47	56	Response	2	4376860	10985	1
A_HP_47	56	Pulse	99	4395102	29227	1
A_HP_47	56	Pulse	99	4415102	49227	1
A_HP_47	57	Picture	response100	4416320	45	1	40149	1	0	40000	incorrect	305
A_HP_47	57	Response	1	4426381	10106	1
A_HP_47	57	Pulse	99	4435102	18827	1
A_HP_47	57	Pulse	99	4455102	38827	1
A_HP_47	58	Picture	response104	4466797	122	1	40148	1	0	40000	incorrect	310
A_HP_47	58	Pulse	99	4475102	8427	1
A_HP_47	58	Response	2	4479591	12916	1
A_HP_47	58	Pulse	99	4495102	28427	1
A_HP_47	58	Pulse	99	4515102	48427	1
A_HP_47	59	Picture	response102	4517108	33	1	40148	1	0	40000	hit	314
A_HP_47	59	Response	2	4525751	8676	1
A_HP_47	59	Pulse	99	4535102	18027	1
A_HP_47	59	Pulse	99	4555102	38027	1
A_HP_47	60	Picture	response99	4567585	110	1	40148	1	0	40000	incorrect	319
A_HP_47	60	Pulse	99	4575102	7627	1
A_HP_47	60	Response	2	4594631	27156	1
A_HP_47	60	Pulse	99	4595102	27626	1
A_HP_47	60	Pulse	99	4615102	47627	1
A_HP_47	61	Picture	response101	4618062	187	1	40149	1	0	40000	hit	324
A_HP_47	61	Pulse	99	4635102	17227	1
A_HP_47	61	Response	1	4644091	26216	1
A_HP_47	61	Pulse	99	4655102	37227	1
A_HP_47	62	Picture	response98	4668373	98	1	40148	1	0	40000	hit	328
A_HP_47	62	Pulse	99	4675102	6827	1
A_HP_47	62	Response	2	4676021	7745	1
A_HP_47	62	Pulse	99	4695102	26827	1
A_HP_47	62	Pulse	99	4715102	46827	1
A_HP_47	63	Picture	thanks	4718350	0	1	10162	1	0	10000	other	0
A_HP_47	63	Pulse	99	4735102	16752	1


Event Type	Code	Type	Response	RT	RT Uncertainty	Time	Uncertainty	Duration	Uncertainty	ReqTime	ReqDur

Picture	ready	other				335333	1	10162	1	0	10000
Picture	ins7	other				395806	1	30153	1	0	30000
Picture	response53	hit	2	11678	2	715661	1	40149	1	0	40000
Picture	response49	hit	1	10420	2	766138	1	40148	1	0	40000
Picture	response52	hit	1	9360	2	816449	1	40149	1	0	40000
Picture	response54	hit	1	22293	2	866926	1	40149	1	0	40000
Picture	response50	hit	2	7592	2	917237	1	40149	1	0	40000
Picture	response51	hit	2	11155	2	967714	1	40149	1	0	40000
Picture	response56	hit	1	13864	2	1018024	1	40148	1	0	40000
Picture	response55	hit	1	23828	2	1068501	1	40149	1	0	40000
Picture	ins21	other				1118812	1	30153	1	0	30000
Picture	response166	hit	1	31387	2	1435502	1	40149	1	0	40000
Picture	response161	hit	2	15350	2	1485979	1	40148	1	0	40000
Picture	response168	hit	2	27203	2	1536456	1	40149	1	0	40000
Picture	response164	hit	1	11222	2	1586767	1	40148	1	0	40000
Picture	response167	hit	2	33585	2	1637244	1	40148	1	0	40000
Picture	response163	hit	2	12494	2	1687555	1	40149	1	0	40000
Picture	response165	hit	1	10587	2	1738032	1	40148	1	0	40000
Picture	response162	hit	1	21147	2	1788342	1	40149	1	0	40000
Picture	ins5	other				1838820	1	30153	1	0	30000
Picture	response36	hit	2	10940	2	2155510	1	40148	1	0	40000
Picture	response37	hit	2	7383	2	2205987	1	40149	1	0	40000
Picture	response39	hit	1	9975	2	2256464	1	40149	1	0	40000
Picture	response35	hit	1	8404	2	2306774	1	40149	1	0	40000
Picture	response40	hit	2	5768	2	2357252	1	40148	1	0	40000
Picture	response33	hit	2	14087	2	2407562	1	40148	1	0	40000
Picture	response34	hit	2	7040	2	2458039	1	40149	1	0	40000
Picture	response38	hit	1	8109	2	2508350	1	40148	1	0	40000
Picture	ins23	other				2558827	1	30153	1	0	30000
Picture	response181	hit	2	13883	2	2875517	1	40149	1	0	40000
Picture	response177	incorrect	1	20626	2	2925994	1	40149	1	0	40000
Picture	response180	hit	1	12438	2	2976472	1	40148	1	0	40000
Picture	response182	hit	2	9917	2	3026782	1	40148	1	0	40000
Picture	response184	hit	1	13961	2	3077259	1	40148	1	0	40000
Picture	response183	hit	1	13170	2	3127570	1	40148	1	0	40000
Picture	response178	incorrect	2	10503	2	3178047	1	40148	1	0	40000
Picture	response179	incorrect	1	15332	2	3228358	1	40148	1	0	40000
Picture	ins15	other				3278835	1	30153	1	0	30000
Picture	response117	hit	1	22125	2	3595525	1	40149	1	0	40000
Picture	response114	hit	1	6808	2	3646002	1	40149	1	0	40000
Picture	response118	hit	2	10668	2	3696312	1	40149	1	0	40000
Picture	response115	hit	2	7641	2	3746790	1	40148	1	0	40000
Picture	response116	hit	1	4724	2	3797267	1	40148	1	0	40000
Picture	response113	incorrect	1	6723	2	3847578	1	40148	1	0	40000
Picture	response119	hit	2	6356	2	3898055	1	40149	1	0	40000
Picture	response120	hit	2	13625	2	3948365	1	40149	1	0	40000
Picture	ins13	other				3998842	1	30153	1	0	30000
Picture	response103	hit	1	20238	2	4315532	1	40149	1	0	40000
Picture	response97	incorrect	2	10851	2	4366010	1	40149	1	0	40000
Picture	response100	incorrect	1	10061	2	4416320	1	40149	1	0	40000
Picture	response104	incorrect	2	12793	2	4466797	1	40148	1	0	40000
Picture	response102	hit	2	8643	2	4517108	1	40148	1	0	40000
Picture	response99	incorrect	2	27046	2	4567585	1	40148	1	0	40000
Picture	response101	hit	1	26029	2	4618062	1	40149	1	0	40000
Picture	response98	hit	2	7648	2	4668373	1	40148	1	0	40000
Picture	thanks	other				4718350	1	10162	1	0	10000


{
   "app": "Presentation Version 21.1 Build 09.05.19",
   "device": "LENOVO 20FBCTO1WW",
   "experiment": "{C0C68DB1-10BA-42F2-8F79-3F2AFFEED4E4}",
   "os": "Windows 10 64 bit",
   "package": "",
   "parameters": {
      "configuration": "Default configuration"
   },
   "scenario": "Feature experiment(2).sce",
   "subject": "A_HP_47",
   "timestamp": "2020/01/16 04:47:52 GMT"
}
