Scenario - 
Logfile written - 11/21/2019 14:52:44

Subject	Trial	Event Type	Code	Time	TTime	Uncertainty	Duration	Uncertainty	ReqTime	ReqDur	Stim Type	Pair Index

A_HP_34	1	Response	3	277221	276389	1
A_HP_34	1	Pulse	99	277221	276389	1
A_HP_34	2	Picture	ready	277453	0	1	10229	1	0	10000	other	0
A_HP_34	2	Pulse	99	297220	19768	1
A_HP_34	2	Pulse	99	317221	39768	1
A_HP_34	2	Pulse	99	337140	59688	1
A_HP_34	3	Picture	ins23	338091	234	1	30230	1	0	30000	other	0
A_HP_34	3	Pulse	99	357221	19364	1
A_HP_34	3	Pulse	99	377221	39364	1
A_HP_34	3	Pulse	99	397222	59364	1
A_HP_34	3	Pulse	99	417221	79364	1
A_HP_34	3	Pulse	99	437221	99364	1
A_HP_34	3	Pulse	99	457221	119364	1
A_HP_34	3	Pulse	99	477221	139363	1
A_HP_34	3	Pulse	99	497220	159363	1
A_HP_34	3	Pulse	99	517220	179363	1
A_HP_34	3	Pulse	99	537220	199363	1
A_HP_34	3	Pulse	99	557221	219364	1
A_HP_34	3	Pulse	99	577221	239363	1
A_HP_34	3	Pulse	99	597141	259283	1
A_HP_34	3	Pulse	99	617221	279363	1
A_HP_34	3	Pulse	99	637221	299363	1
A_HP_34	4	Response	3	657221	9133	1
A_HP_34	4	Pulse	99	657221	9133	1
A_HP_34	5	Picture	response179	657787	230	1	40229	1	0	40000	incorrect	26
A_HP_34	5	Response	1	675450	17892	1
A_HP_34	5	Pulse	99	677221	19663	1
A_HP_34	5	Pulse	99	697221	39663	1
A_HP_34	6	Picture	response181	708246	288	1	40229	1	0	40000	incorrect	31
A_HP_34	6	Pulse	99	717221	9263	1
A_HP_34	6	Response	1	735130	27172	1
A_HP_34	6	Pulse	99	737220	29262	1
A_HP_34	6	Pulse	99	757221	49263	1
A_HP_34	7	Picture	response183	758537	180	1	40229	1	0	40000	hit	36
A_HP_34	7	Pulse	99	777221	18863	1
A_HP_34	7	Response	1	777449	19092	1
A_HP_34	7	Pulse	99	797221	38863	1
A_HP_34	8	Picture	response184	808828	71	1	40229	1	0	40000	hit	40
A_HP_34	8	Pulse	99	817221	8463	1
A_HP_34	8	Response	1	820969	12212	1
A_HP_34	8	Pulse	99	837221	28463	1
A_HP_34	8	Pulse	99	857141	48383	1
A_HP_34	9	Picture	response177	859453	296	1	40229	1	0	40000	hit	44
A_HP_34	9	Response	2	872510	13352	1
A_HP_34	9	Pulse	99	877220	18063	1
A_HP_34	9	Pulse	99	897221	38063	1
A_HP_34	10	Picture	response178	909745	188	1	40230	1	0	40000	hit	49
A_HP_34	10	Pulse	99	917141	7583	1
A_HP_34	10	Response	1	932820	23263	1
A_HP_34	10	Pulse	99	937220	27663	1
A_HP_34	10	Pulse	99	957220	47663	1
A_HP_34	11	Picture	response182	960204	246	1	40229	1	0	40000	hit	53
A_HP_34	11	Response	2	973819	13861	1
A_HP_34	11	Pulse	99	977220	17262	1
A_HP_34	11	Pulse	99	997221	37263	1
A_HP_34	12	Picture	response180	1010495	137	1	40229	1	0	40000	hit	58
A_HP_34	12	Pulse	99	1017221	6863	1
A_HP_34	12	Response	1	1025219	14862	1
A_HP_34	12	Pulse	99	1037220	26863	1
A_HP_34	12	Pulse	99	1057221	46863	1
A_HP_34	13	Picture	ins21	1060953	195	1	30229	1	0	30000	other	0
A_HP_34	13	Pulse	99	1077221	16463	1
A_HP_34	13	Pulse	99	1097220	36463	1
A_HP_34	13	Pulse	99	1117141	56383	1
A_HP_34	13	Pulse	99	1137221	76463	1
A_HP_34	13	Pulse	99	1157221	96463	1
A_HP_34	13	Pulse	99	1177141	116383	1
A_HP_34	13	Pulse	99	1197221	136463	1
A_HP_34	13	Pulse	99	1217221	156463	1
A_HP_34	13	Pulse	99	1237221	176463	1
A_HP_34	13	Pulse	99	1257221	196463	1
A_HP_34	13	Pulse	99	1277221	216463	1
A_HP_34	13	Pulse	99	1297221	236463	1
A_HP_34	13	Pulse	99	1317221	256464	1
A_HP_34	13	Pulse	99	1337221	276463	1
A_HP_34	13	Pulse	99	1357221	296463	1
A_HP_34	14	Response	3	1377140	6152	1
A_HP_34	14	Pulse	99	1377140	6152	1
A_HP_34	15	Picture	response163	1377788	230	1	40229	1	0	40000	hit	80
A_HP_34	15	Response	2	1390930	13372	1
A_HP_34	15	Pulse	99	1397220	19663	1
A_HP_34	15	Pulse	99	1417221	39663	1
A_HP_34	16	Picture	response164	1428245	289	1	40229	1	0	40000	hit	85
A_HP_34	16	Pulse	99	1437140	9184	1
A_HP_34	16	Response	1	1438088	10131	1
A_HP_34	16	Pulse	99	1457220	29263	1
A_HP_34	16	Pulse	99	1477220	49264	1
A_HP_34	17	Picture	response168	1478537	179	1	40229	1	0	40000	hit	89
A_HP_34	17	Response	2	1492969	14612	1
A_HP_34	17	Pulse	99	1497140	18782	1
A_HP_34	17	Pulse	99	1517220	38863	1
A_HP_34	18	Picture	response167	1528828	71	1	40229	1	0	40000	hit	94
A_HP_34	18	Pulse	99	1537221	8463	1
A_HP_34	18	Response	2	1549849	21092	1
A_HP_34	18	Pulse	99	1557221	28463	1
A_HP_34	18	Pulse	99	1577140	48383	1
A_HP_34	19	Picture	response161	1579453	297	1	40229	1	0	40000	hit	98
A_HP_34	19	Response	2	1595569	16412	1
A_HP_34	19	Pulse	99	1597220	18064	1
A_HP_34	19	Pulse	99	1617220	38063	1
A_HP_34	20	Picture	response166	1629745	189	1	40229	1	0	40000	hit	103
A_HP_34	20	Pulse	99	1637141	7584	1
A_HP_34	20	Response	1	1652459	22902	1
A_HP_34	20	Pulse	99	1657220	27663	1
A_HP_34	20	Pulse	99	1677220	47664	1
A_HP_34	21	Picture	response165	1680203	246	1	40229	1	0	40000	hit	107
A_HP_34	21	Response	1	1691779	11822	1
A_HP_34	21	Pulse	99	1697140	17183	1
A_HP_34	21	Pulse	99	1717220	37264	1
A_HP_34	22	Picture	response162	1730495	138	1	40229	1	0	40000	hit	112
A_HP_34	22	Pulse	99	1737220	6863	1
A_HP_34	22	Response	1	1745158	14802	1
A_HP_34	22	Pulse	99	1757140	26784	1
A_HP_34	22	Pulse	99	1777220	46864	1
A_HP_34	23	Picture	ins13	1780953	196	1	30229	1	0	30000	other	0
A_HP_34	23	Pulse	99	1797220	16463	1
A_HP_34	23	Pulse	99	1817140	36383	1
A_HP_34	23	Pulse	99	1837140	56383	1
A_HP_34	23	Pulse	99	1857221	76464	1
A_HP_34	23	Pulse	99	1877221	96463	1
A_HP_34	23	Pulse	99	1897140	116383	1
A_HP_34	23	Pulse	99	1917220	136463	1
A_HP_34	23	Pulse	99	1937221	156464	1
A_HP_34	23	Pulse	99	1957140	176383	1
A_HP_34	23	Pulse	99	1977220	196463	1
A_HP_34	23	Pulse	99	1997220	216463	1
A_HP_34	23	Pulse	99	2017140	236383	1
A_HP_34	23	Pulse	99	2037220	256463	1
A_HP_34	23	Pulse	99	2057220	276463	1
A_HP_34	23	Pulse	99	2077140	296383	1
A_HP_34	24	Response	3	2097140	6153	1
A_HP_34	24	Pulse	99	2097140	6153	1
A_HP_34	25	Picture	response102	2097787	230	1	40229	1	0	40000	hit	134
A_HP_34	25	Response	2	2108449	10892	1
A_HP_34	25	Pulse	99	2117221	19663	1
A_HP_34	25	Pulse	99	2137220	39663	1
A_HP_34	26	Picture	response97	2148245	289	1	40229	1	0	40000	hit	139
A_HP_34	26	Pulse	99	2157140	9183	1
A_HP_34	26	Response	1	2161599	13642	1
A_HP_34	26	Pulse	99	2177220	29264	1
A_HP_34	26	Pulse	99	2197220	49263	1
A_HP_34	27	Picture	response98	2198537	180	1	40229	1	0	40000	hit	143
A_HP_34	27	Response	2	2208690	10333	1
A_HP_34	27	Pulse	99	2217140	18783	1
A_HP_34	27	Pulse	99	2237220	38863	1
A_HP_34	28	Picture	response104	2248828	71	1	40229	1	0	40000	hit	148
A_HP_34	28	Pulse	99	2257220	8463	1
A_HP_34	28	Response	1	2262218	13461	1
A_HP_34	28	Pulse	99	2277140	28383	1
A_HP_34	28	Pulse	99	2297220	48463	1
A_HP_34	29	Picture	response101	2299453	296	1	40229	1	0	40000	hit	152
A_HP_34	29	Response	1	2309209	10052	1
A_HP_34	29	Pulse	99	2317220	18063	1
A_HP_34	29	Pulse	99	2337140	37983	1
A_HP_34	30	Picture	response100	2349745	188	1	40229	1	0	40000	hit	157
A_HP_34	30	Pulse	99	2357141	7584	1
A_HP_34	30	Response	2	2360928	11372	1
A_HP_34	30	Pulse	99	2377220	27664	1
A_HP_34	30	Pulse	99	2397140	47583	1
A_HP_34	31	Picture	response99	2400203	247	1	40229	1	0	40000	hit	161
A_HP_34	31	Response	1	2416479	16522	1
A_HP_34	31	Pulse	99	2417139	17183	1
A_HP_34	31	Pulse	99	2437220	37263	1
A_HP_34	32	Picture	response103	2450495	138	1	40230	1	0	40000	hit	166
A_HP_34	32	Pulse	99	2457220	6864	1
A_HP_34	32	Response	1	2459828	9472	1
A_HP_34	32	Pulse	99	2477139	26783	1
A_HP_34	32	Pulse	99	2497219	46863	1
A_HP_34	33	Picture	ins5	2500954	196	1	30229	1	0	30000	other	0
A_HP_34	33	Pulse	99	2517220	16463	1
A_HP_34	33	Pulse	99	2537140	36382	1
A_HP_34	33	Pulse	99	2557220	56463	1
A_HP_34	33	Pulse	99	2577221	76463	1
A_HP_34	33	Pulse	99	2597139	96382	1
A_HP_34	33	Pulse	99	2617139	116382	1
A_HP_34	33	Pulse	99	2637220	136463	1
A_HP_34	33	Pulse	99	2657140	156382	1
A_HP_34	33	Pulse	99	2677140	176383	1
A_HP_34	33	Pulse	99	2697221	196464	1
A_HP_34	33	Pulse	99	2717220	216463	1
A_HP_34	33	Pulse	99	2737140	236382	1
A_HP_34	33	Pulse	99	2757220	256463	1
A_HP_34	33	Pulse	99	2777220	276463	1
A_HP_34	33	Pulse	99	2797140	296382	1
A_HP_34	34	Response	3	2817220	6233	1
A_HP_34	34	Pulse	99	2817220	6233	1
A_HP_34	35	Picture	response37	2817787	230	1	40229	1	0	40000	hit	188
A_HP_34	35	Response	2	2829599	12042	1
A_HP_34	35	Pulse	99	2837220	19663	1
A_HP_34	35	Pulse	99	2857140	39583	1
A_HP_34	36	Picture	response35	2868245	288	1	40229	1	0	40000	hit	193
A_HP_34	36	Pulse	99	2877140	9183	1
A_HP_34	36	Response	1	2877528	9571	1
A_HP_34	36	Pulse	99	2897220	29263	1
A_HP_34	36	Pulse	99	2917140	49183	1
A_HP_34	37	Picture	response34	2918537	181	1	40229	1	0	40000	hit	197
A_HP_34	37	Response	2	2927038	8682	1
A_HP_34	37	Pulse	99	2937139	18783	1
A_HP_34	37	Pulse	99	2957220	38864	1
A_HP_34	38	Picture	response38	2968828	71	1	40229	1	0	40000	hit	202
A_HP_34	38	Pulse	99	2977140	8383	1
A_HP_34	38	Response	1	2977828	9072	1
A_HP_34	38	Pulse	99	2997139	28383	1
A_HP_34	38	Pulse	99	3017220	48463	1
A_HP_34	39	Picture	response39	3019452	296	1	40229	1	0	40000	hit	206
A_HP_34	39	Response	1	3025848	6692	1
A_HP_34	39	Pulse	99	3037220	18064	1
A_HP_34	39	Pulse	99	3057140	37983	1
A_HP_34	40	Picture	response33	3069744	187	1	40229	1	0	40000	hit	211
A_HP_34	40	Pulse	99	3077220	7664	1
A_HP_34	40	Response	2	3077248	7692	1
A_HP_34	40	Pulse	99	3097220	27664	1
A_HP_34	40	Pulse	99	3117139	47583	1
A_HP_34	41	Picture	response40	3120202	245	1	40229	1	0	40000	hit	215
A_HP_34	41	Response	2	3130478	10521	1
A_HP_34	41	Pulse	99	3137139	17182	1
A_HP_34	41	Pulse	99	3157220	37263	1
A_HP_34	42	Picture	response36	3170494	137	1	40229	1	0	40000	hit	220
A_HP_34	42	Pulse	99	3177140	6783	1
A_HP_34	42	Response	2	3178698	8342	1
A_HP_34	42	Pulse	99	3197139	26783	1
A_HP_34	42	Pulse	99	3217220	46864	1
A_HP_34	43	Picture	ins15	3220952	195	1	30229	1	0	30000	other	0
A_HP_34	43	Pulse	99	3237140	16383	1
A_HP_34	43	Pulse	99	3257140	36383	1
A_HP_34	43	Pulse	99	3277219	56463	1
A_HP_34	43	Pulse	99	3297140	76383	1
A_HP_34	43	Pulse	99	3317139	96383	1
A_HP_34	43	Pulse	99	3337219	116463	1
A_HP_34	43	Pulse	99	3357220	136464	1
A_HP_34	43	Pulse	99	3377140	156384	1
A_HP_34	43	Pulse	99	3397140	176384	1
A_HP_34	43	Pulse	99	3417221	196464	1
A_HP_34	43	Pulse	99	3437139	216383	1
A_HP_34	43	Pulse	99	3457139	236383	1
A_HP_34	43	Pulse	99	3477220	256464	1
A_HP_34	43	Pulse	99	3497139	276383	1
A_HP_34	43	Pulse	99	3517139	296383	1
A_HP_34	44	Response	3	3537220	6233	1
A_HP_34	44	Pulse	99	3537220	6233	1
A_HP_34	45	Picture	response114	3537786	230	1	40229	1	0	40000	hit	242
A_HP_34	45	Response	1	3550118	12562	1
A_HP_34	45	Pulse	99	3557139	19583	1
A_HP_34	45	Pulse	99	3577139	39583	1
A_HP_34	46	Picture	response118	3588244	288	1	40229	1	0	40000	hit	247
A_HP_34	46	Pulse	99	3597139	9183	1
A_HP_34	46	Response	2	3597328	9372	1
A_HP_34	46	Pulse	99	3617219	29263	1
A_HP_34	46	Pulse	99	3637139	49183	1
A_HP_34	47	Picture	response115	3638536	180	1	40229	1	0	40000	hit	251
A_HP_34	47	Response	2	3647508	9152	1
A_HP_34	47	Pulse	99	3657139	18783	1
A_HP_34	47	Pulse	99	3677220	38864	1
A_HP_34	48	Picture	response116	3688827	71	1	40229	1	0	40000	hit	256
A_HP_34	48	Pulse	99	3697140	8384	1
A_HP_34	48	Response	1	3703118	14362	1
A_HP_34	48	Pulse	99	3717139	28383	1
A_HP_34	48	Pulse	99	3737219	48463	1
A_HP_34	49	Picture	response113	3739452	296	1	40229	1	0	40000	hit	260
A_HP_34	49	Response	2	3750928	11772	1
A_HP_34	49	Pulse	99	3757139	17983	1
A_HP_34	49	Pulse	99	3777139	37983	1
A_HP_34	50	Picture	response120	3789744	188	1	40230	1	0	40000	hit	265
A_HP_34	50	Pulse	99	3797219	7664	1
A_HP_34	50	Response	2	3804198	14642	1
A_HP_34	50	Pulse	99	3817139	27583	1
A_HP_34	50	Pulse	99	3837139	47584	1
A_HP_34	51	Picture	response117	3840202	246	1	40230	1	0	40000	hit	269
A_HP_34	51	Response	1	3852898	12942	1
A_HP_34	51	Pulse	99	3857139	17183	1
A_HP_34	51	Pulse	99	3877139	37183	1
A_HP_34	52	Picture	response119	3890494	138	1	40229	1	0	40000	hit	274
A_HP_34	52	Pulse	99	3897139	6783	1
A_HP_34	52	Response	2	3903068	12712	1
A_HP_34	52	Pulse	99	3917139	26783	1
A_HP_34	52	Pulse	99	3937219	46863	1
A_HP_34	53	Picture	ins7	3940953	196	1	30229	1	0	30000	other	0
A_HP_34	53	Pulse	99	3957139	16383	1
A_HP_34	53	Pulse	99	3977139	36383	1
A_HP_34	53	Pulse	99	3997219	56463	1
A_HP_34	53	Pulse	99	4017140	76383	1
A_HP_34	53	Pulse	99	4037139	96383	1
A_HP_34	53	Pulse	99	4057219	116463	1
A_HP_34	53	Pulse	99	4077139	136383	1
A_HP_34	53	Pulse	99	4097138	156382	1
A_HP_34	53	Pulse	99	4117139	176383	1
A_HP_34	53	Pulse	99	4137139	196383	1
A_HP_34	53	Pulse	99	4157139	216383	1
A_HP_34	53	Pulse	99	4177139	236383	1
A_HP_34	53	Pulse	99	4197219	256463	1
A_HP_34	53	Pulse	99	4217139	276383	1
A_HP_34	53	Pulse	99	4237139	296383	1
A_HP_34	54	Response	3	4257219	6232	1
A_HP_34	54	Pulse	99	4257219	6232	1
A_HP_34	55	Picture	response52	4257785	230	1	40229	1	0	40000	hit	296
A_HP_34	55	Response	1	4267148	9592	1
A_HP_34	55	Pulse	99	4277139	19584	1
A_HP_34	55	Pulse	99	4297139	39583	1
A_HP_34	56	Picture	response54	4308243	288	1	40229	1	0	40000	hit	301
A_HP_34	56	Pulse	99	4317219	9264	1
A_HP_34	56	Response	1	4318267	10312	1
A_HP_34	56	Pulse	99	4337138	29183	1
A_HP_34	56	Pulse	99	4357139	49184	1
A_HP_34	57	Picture	response49	4358535	180	1	40229	1	0	40000	hit	305
A_HP_34	57	Response	1	4365417	7062	1
A_HP_34	57	Pulse	99	4377139	18784	1
A_HP_34	57	Pulse	99	4397139	38783	1
A_HP_34	58	Picture	response51	4408827	71	1	40229	1	0	40000	hit	310
A_HP_34	58	Pulse	99	4417139	8384	1
A_HP_34	58	Response	2	4417267	8512	1
A_HP_34	58	Pulse	99	4437139	28384	1
A_HP_34	58	Pulse	99	4457139	48383	1
A_HP_34	59	Picture	response50	4459451	296	1	40229	1	0	40000	hit	314
A_HP_34	59	Response	2	4466748	7592	1
A_HP_34	59	Pulse	99	4477138	17983	1
A_HP_34	59	Pulse	99	4497139	37984	1
A_HP_34	60	Picture	response53	4509743	188	1	40229	1	0	40000	hit	319
A_HP_34	60	Pulse	99	4517218	7663	1
A_HP_34	60	Response	2	4519556	10001	1
A_HP_34	60	Pulse	99	4537139	27583	1
A_HP_34	60	Pulse	99	4557139	47583	1
A_HP_34	61	Picture	response56	4560201	246	1	40229	1	0	40000	hit	323
A_HP_34	61	Response	1	4570598	10642	1
A_HP_34	61	Pulse	99	4577218	17263	1
A_HP_34	61	Pulse	99	4597138	37183	1
A_HP_34	62	Picture	response55	4610492	137	1	40229	1	0	40000	hit	328
A_HP_34	62	Pulse	99	4617139	6784	1
A_HP_34	62	Response	1	4622007	11652	1
A_HP_34	62	Pulse	99	4637139	26784	1
A_HP_34	62	Pulse	99	4657138	46783	1
A_HP_34	63	Picture	thanks	4660617	0	1	10229	1	0	10000	other	0
A_HP_34	63	Pulse	99	4677139	16522	1


Event Type	Code	Type	Response	RT	RT Uncertainty	Time	Uncertainty	Duration	Uncertainty	ReqTime	ReqDur

Picture	ready	other				277453	1	10229	1	0	10000
Picture	ins23	other				338091	1	30230	1	0	30000
Picture	response179	incorrect	1	17662	2	657787	1	40229	1	0	40000
Picture	response181	incorrect	1	26884	2	708246	1	40229	1	0	40000
Picture	response183	hit	1	18912	2	758537	1	40229	1	0	40000
Picture	response184	hit	1	12141	2	808828	1	40229	1	0	40000
Picture	response177	hit	2	13056	2	859453	1	40229	1	0	40000
Picture	response178	hit	1	23074	2	909745	1	40230	1	0	40000
Picture	response182	hit	2	13616	2	960204	1	40229	1	0	40000
Picture	response180	hit	1	14725	2	1010495	1	40229	1	0	40000
Picture	ins21	other				1060953	1	30229	1	0	30000
Picture	response163	hit	2	13142	2	1377788	1	40229	1	0	40000
Picture	response164	hit	1	9843	2	1428245	1	40229	1	0	40000
Picture	response168	hit	2	14433	2	1478537	1	40229	1	0	40000
Picture	response167	hit	2	21021	2	1528828	1	40229	1	0	40000
Picture	response161	hit	2	16116	2	1579453	1	40229	1	0	40000
Picture	response166	hit	1	22714	2	1629745	1	40229	1	0	40000
Picture	response165	hit	1	11576	2	1680203	1	40229	1	0	40000
Picture	response162	hit	1	14664	2	1730495	1	40229	1	0	40000
Picture	ins13	other				1780953	1	30229	1	0	30000
Picture	response102	hit	2	10662	2	2097787	1	40229	1	0	40000
Picture	response97	hit	1	13354	2	2148245	1	40229	1	0	40000
Picture	response98	hit	2	10153	2	2198537	1	40229	1	0	40000
Picture	response104	hit	1	13390	2	2248828	1	40229	1	0	40000
Picture	response101	hit	1	9756	2	2299453	1	40229	1	0	40000
Picture	response100	hit	2	11183	2	2349745	1	40229	1	0	40000
Picture	response99	hit	1	16275	2	2400203	1	40229	1	0	40000
Picture	response103	hit	1	9333	2	2450495	1	40230	1	0	40000
Picture	ins5	other				2500954	1	30229	1	0	30000
Picture	response37	hit	2	11812	2	2817787	1	40229	1	0	40000
Picture	response35	hit	1	9283	2	2868245	1	40229	1	0	40000
Picture	response34	hit	2	8502	2	2918537	1	40229	1	0	40000
Picture	response38	hit	1	9000	2	2968828	1	40229	1	0	40000
Picture	response39	hit	1	6396	2	3019452	1	40229	1	0	40000
Picture	response33	hit	2	7504	2	3069744	1	40229	1	0	40000
Picture	response40	hit	2	10276	2	3120202	1	40229	1	0	40000
Picture	response36	hit	2	8204	2	3170494	1	40229	1	0	40000
Picture	ins15	other				3220952	1	30229	1	0	30000
Picture	response114	hit	1	12332	2	3537786	1	40229	1	0	40000
Picture	response118	hit	2	9084	2	3588244	1	40229	1	0	40000
Picture	response115	hit	2	8972	2	3638536	1	40229	1	0	40000
Picture	response116	hit	1	14291	2	3688827	1	40229	1	0	40000
Picture	response113	hit	2	11476	2	3739452	1	40229	1	0	40000
Picture	response120	hit	2	14454	2	3789744	1	40230	1	0	40000
Picture	response117	hit	1	12696	2	3840202	1	40230	1	0	40000
Picture	response119	hit	2	12573	2	3890494	1	40229	1	0	40000
Picture	ins7	other				3940953	1	30229	1	0	30000
Picture	response52	hit	1	9362	2	4257785	1	40229	1	0	40000
Picture	response54	hit	1	10024	2	4308243	1	40229	1	0	40000
Picture	response49	hit	1	6882	2	4358535	1	40229	1	0	40000
Picture	response51	hit	2	8440	2	4408827	1	40229	1	0	40000
Picture	response50	hit	2	7296	2	4459451	1	40229	1	0	40000
Picture	response53	hit	2	9814	2	4509743	1	40229	1	0	40000
Picture	response56	hit	1	10397	2	4560201	1	40229	1	0	40000
Picture	response55	hit	1	11515	2	4610492	1	40229	1	0	40000
Picture	thanks	other				4660617	1	10229	1	0	10000


{
   "app": "Presentation Version 21.0 Build 06.06.19",
   "device": "LENOVO 20KHCTO1WW",
   "experiment": "{C0C68DB1-10BA-42F2-8F79-3F2AFFEED4E4}",
   "os": "Windows 10 64 bit",
   "package": "",
   "parameters": {
      "configuration": "Default configuration"
   },
   "scenario": "Feature experiment(2).sce",
   "subject": "A_HP_34",
   "timestamp": "2019/11/21 05:44:48 GMT"
}
