Scenario - 
Logfile written - 11/07/2019 15:36:44

Subject	Trial	Event Type	Code	Time	TTime	Uncertainty	Duration	Uncertainty	ReqTime	ReqDur	Stim Type	Pair Index

A_HP_28	1	Response	3	308007	306841	1
A_HP_28	1	Pulse	99	308007	306841	1
A_HP_28	2	Picture	ready	308238	0	1	10229	1	0	10000	other	0
A_HP_28	2	Pulse	99	328007	19768	1
A_HP_28	2	Pulse	99	348007	39768	1
A_HP_28	2	Pulse	99	368007	59768	1
A_HP_28	3	Picture	ins21	368809	234	1	30229	1	0	30000	other	0
A_HP_28	3	Pulse	99	388006	19432	1
A_HP_28	3	Pulse	99	408006	39432	1
A_HP_28	3	Pulse	99	428007	59432	1
A_HP_28	3	Pulse	99	448007	79432	1
A_HP_28	3	Pulse	99	468006	99432	1
A_HP_28	3	Pulse	99	488006	119432	1
A_HP_28	3	Pulse	99	508007	139432	1
A_HP_28	3	Pulse	99	528006	159432	1
A_HP_28	3	Pulse	99	548006	179432	1
A_HP_28	3	Pulse	99	568007	199432	1
A_HP_28	3	Pulse	99	588007	219432	1
A_HP_28	3	Pulse	99	608007	239432	1
A_HP_28	3	Pulse	99	628006	259432	1
A_HP_28	3	Pulse	99	648006	279432	1
A_HP_28	3	Pulse	99	668007	299432	1
A_HP_28	4	Response	3	688006	9201	1
A_HP_28	4	Pulse	99	688006	9201	1
A_HP_28	5	Picture	response162	688605	230	1	40229	1	0	40000	hit	27
A_HP_28	5	Pulse	99	708006	19632	1
A_HP_28	5	Response	1	708085	19710	1
A_HP_28	5	Pulse	99	728007	39632	1
A_HP_28	6	Picture	response161	738896	122	1	40229	1	0	40000	hit	31
A_HP_28	6	Pulse	99	748006	9232	1
A_HP_28	6	Response	2	752975	14200	1
A_HP_28	6	Pulse	99	768007	29232	1
A_HP_28	6	Pulse	99	788007	49232	1
A_HP_28	7	Picture	response165	789521	346	1	40229	1	0	40000	hit	35
A_HP_28	7	Response	1	796615	7441	1
A_HP_28	7	Pulse	99	808007	18832	1
A_HP_28	7	Pulse	99	828007	38832	1
A_HP_28	8	Picture	response167	839812	236	1	40230	1	0	40000	hit	40
A_HP_28	8	Pulse	99	848007	8431	1
A_HP_28	8	Response	2	848594	9019	1
A_HP_28	8	Pulse	99	868007	28431	1
A_HP_28	8	Pulse	99	888007	48431	1
A_HP_28	9	Picture	response166	890103	128	1	40230	1	0	40000	hit	44
A_HP_28	9	Response	1	900615	10640	1
A_HP_28	9	Pulse	99	908007	18031	1
A_HP_28	9	Pulse	99	928007	38031	1
A_HP_28	10	Picture	response164	940563	187	1	40229	1	0	40000	hit	49
A_HP_28	10	Pulse	99	948006	7631	1
A_HP_28	10	Response	1	951185	10809	1
A_HP_28	10	Pulse	99	968007	27631	1
A_HP_28	10	Pulse	99	988007	47631	1
A_HP_28	11	Picture	response168	991021	245	1	40230	1	0	40000	hit	53
A_HP_28	11	Response	2	999356	8580	1
A_HP_28	11	Pulse	99	1008006	17231	1
A_HP_28	11	Pulse	99	1028007	37231	1
A_HP_28	12	Picture	response163	1041479	304	1	40229	1	0	40000	hit	58
A_HP_28	12	Pulse	99	1048007	6831	1
A_HP_28	12	Response	2	1060215	19040	1
A_HP_28	12	Pulse	99	1068006	26831	1
A_HP_28	12	Pulse	99	1088006	46831	1
A_HP_28	13	Picture	ins7	1091771	196	1	30230	1	0	30000	other	0
A_HP_28	13	Pulse	99	1108006	16432	1
A_HP_28	13	Pulse	99	1128006	36432	1
A_HP_28	13	Pulse	99	1148006	56432	1
A_HP_28	13	Pulse	99	1168007	76432	1
A_HP_28	13	Pulse	99	1188006	96431	1
A_HP_28	13	Pulse	99	1208006	116431	1
A_HP_28	13	Pulse	99	1228006	136431	1
A_HP_28	13	Pulse	99	1248007	156432	1
A_HP_28	13	Pulse	99	1268006	176431	1
A_HP_28	13	Pulse	99	1288006	196431	1
A_HP_28	13	Pulse	99	1308006	216431	1
A_HP_28	13	Pulse	99	1328006	236431	1
A_HP_28	13	Pulse	99	1348009	256434	1
A_HP_28	13	Pulse	99	1368006	276431	1
A_HP_28	13	Pulse	99	1388006	296431	1
A_HP_28	14	Response	3	1408006	6201	1
A_HP_28	14	Pulse	99	1408006	6201	1
A_HP_28	15	Picture	response49	1408604	230	1	40229	1	0	40000	hit	80
A_HP_28	15	Response	1	1417215	8841	1
A_HP_28	15	Pulse	99	1428006	19632	1
A_HP_28	15	Pulse	99	1448006	39632	1
A_HP_28	16	Picture	response56	1458895	121	1	40229	1	0	40000	hit	84
A_HP_28	16	Response	1	1463675	4901	1
A_HP_28	16	Pulse	99	1468006	9232	1
A_HP_28	16	Pulse	99	1488006	29232	1
A_HP_28	16	Pulse	99	1508006	49232	1
A_HP_28	17	Picture	response54	1509520	346	1	40229	1	0	40000	hit	89
A_HP_28	17	Response	1	1513565	4391	1
A_HP_28	17	Pulse	99	1528006	18833	1
A_HP_28	17	Pulse	99	1548006	38833	1
A_HP_28	18	Picture	response55	1559812	237	1	40229	1	0	40000	hit	93
A_HP_28	18	Response	1	1563295	3720	1
A_HP_28	18	Pulse	99	1568006	8431	1
A_HP_28	18	Pulse	99	1588006	28431	1
A_HP_28	18	Pulse	99	1608006	48431	1
A_HP_28	19	Picture	response52	1610103	128	1	40229	1	0	40000	hit	98
A_HP_28	19	Response	1	1614765	4791	1
A_HP_28	19	Pulse	99	1628006	18031	1
A_HP_28	19	Pulse	99	1648006	38031	1
A_HP_28	20	Picture	response50	1660561	187	1	40229	1	0	40000	hit	103
A_HP_28	20	Pulse	99	1668006	7632	1
A_HP_28	20	Response	2	1669634	9259	1
A_HP_28	20	Pulse	99	1688006	27631	1
A_HP_28	20	Pulse	99	1708006	47631	1
A_HP_28	21	Picture	response51	1711019	244	1	40229	1	0	40000	hit	107
A_HP_28	21	Response	2	1717815	7040	1
A_HP_28	21	Pulse	99	1728006	17231	1
A_HP_28	21	Pulse	99	1748006	37231	1
A_HP_28	22	Picture	response53	1761477	302	1	40229	1	0	40000	hit	112
A_HP_28	22	Pulse	99	1768006	6831	1
A_HP_28	22	Response	2	1772325	11150	1
A_HP_28	22	Pulse	99	1788006	26831	1
A_HP_28	22	Pulse	99	1808006	46831	1
A_HP_28	23	Picture	ins5	1811768	194	1	30229	1	0	30000	other	0
A_HP_28	23	Pulse	99	1828006	16431	1
A_HP_28	23	Pulse	99	1848006	36431	1
A_HP_28	23	Pulse	99	1868006	56431	1
A_HP_28	23	Pulse	99	1888006	76431	1
A_HP_28	23	Pulse	99	1908006	96431	1
A_HP_28	23	Pulse	99	1928006	116431	1
A_HP_28	23	Pulse	99	1948006	136431	1
A_HP_28	23	Pulse	99	1968006	156431	1
A_HP_28	23	Pulse	99	1988006	176431	1
A_HP_28	23	Pulse	99	2008006	196431	1
A_HP_28	23	Pulse	99	2028006	216431	1
A_HP_28	23	Pulse	99	2048006	236431	1
A_HP_28	23	Pulse	99	2068006	256431	1
A_HP_28	23	Pulse	99	2088006	276431	1
A_HP_28	23	Pulse	99	2108006	296431	1
A_HP_28	24	Response	3	2128006	6201	1
A_HP_28	24	Pulse	99	2128006	6201	1
A_HP_28	25	Picture	response38	2128605	230	1	40230	1	0	40000	hit	134
A_HP_28	25	Response	1	2138155	9780	1
A_HP_28	25	Pulse	99	2148006	19631	1
A_HP_28	25	Pulse	99	2168006	39631	1
A_HP_28	26	Picture	response35	2178896	122	1	40229	1	0	40000	hit	138
A_HP_28	26	Response	1	2182864	4090	1
A_HP_28	26	Pulse	99	2188006	9231	1
A_HP_28	26	Pulse	99	2208006	29231	1
A_HP_28	26	Pulse	99	2228006	49231	1
A_HP_28	27	Picture	response37	2229521	347	1	40229	1	0	40000	hit	143
A_HP_28	27	Response	2	2235805	6631	1
A_HP_28	27	Pulse	99	2248006	18832	1
A_HP_28	27	Pulse	99	2268006	38832	1
A_HP_28	28	Picture	response36	2279812	237	1	40229	1	0	40000	hit	147
A_HP_28	28	Response	2	2286704	7130	1
A_HP_28	28	Pulse	99	2288006	8431	1
A_HP_28	28	Pulse	99	2308006	28431	1
A_HP_28	28	Pulse	99	2328006	48431	1
A_HP_28	29	Picture	response33	2330103	128	1	40229	1	0	40000	hit	152
A_HP_28	29	Response	2	2335064	5090	1
A_HP_28	29	Pulse	99	2348006	18031	1
A_HP_28	29	Pulse	99	2368006	38031	1
A_HP_28	30	Picture	response39	2380561	186	1	40229	1	0	40000	hit	156
A_HP_28	30	Response	1	2385024	4649	1
A_HP_28	30	Pulse	99	2388005	7631	1
A_HP_28	30	Pulse	99	2408006	27631	1
A_HP_28	30	Pulse	99	2428006	47631	1
A_HP_28	31	Picture	response40	2431019	245	1	40230	1	0	40000	hit	161
A_HP_28	31	Response	2	2437275	6500	1
A_HP_28	31	Pulse	99	2448006	17231	1
A_HP_28	31	Pulse	99	2467926	37151	1
A_HP_28	32	Picture	response34	2481478	303	1	40230	1	0	40000	hit	165
A_HP_28	32	Response	2	2487074	5900	1
A_HP_28	32	Pulse	99	2488005	6831	1
A_HP_28	32	Pulse	99	2508006	26831	1
A_HP_28	32	Pulse	99	2527926	46751	1
A_HP_28	33	Picture	ins15	2531770	196	1	30229	1	0	30000	other	0
A_HP_28	33	Pulse	99	2548005	16431	1
A_HP_28	33	Pulse	99	2568006	36431	1
A_HP_28	33	Pulse	99	2587926	56351	1
A_HP_28	33	Pulse	99	2608006	76431	1
A_HP_28	33	Pulse	99	2628006	96431	1
A_HP_28	33	Pulse	99	2647926	116352	1
A_HP_28	33	Pulse	99	2668006	136431	1
A_HP_28	33	Pulse	99	2688006	156431	1
A_HP_28	33	Pulse	99	2707926	176351	1
A_HP_28	33	Pulse	99	2728006	196431	1
A_HP_28	33	Pulse	99	2748006	216431	1
A_HP_28	33	Pulse	99	2767925	236351	1
A_HP_28	33	Pulse	99	2788005	256431	1
A_HP_28	33	Pulse	99	2808005	276431	1
A_HP_28	33	Pulse	99	2827925	296351	1
A_HP_28	34	Response	3	2848005	6201	1
A_HP_28	34	Pulse	99	2848005	6201	1
A_HP_28	35	Picture	response118	2848604	230	1	40229	1	0	40000	hit	188
A_HP_28	35	Response	2	2855214	6840	1
A_HP_28	35	Pulse	99	2868005	19632	1
A_HP_28	35	Pulse	99	2888006	39632	1
A_HP_28	36	Picture	response117	2898895	120	1	40229	1	0	40000	hit	193
A_HP_28	36	Pulse	99	2908006	9232	1
A_HP_28	36	Response	1	2909713	10939	1
A_HP_28	36	Pulse	99	2928006	29232	1
A_HP_28	36	Pulse	99	2948005	49231	1
A_HP_28	37	Picture	response120	2949519	346	1	40229	1	0	40000	hit	197
A_HP_28	37	Response	2	2962374	13201	1
A_HP_28	37	Pulse	99	2968005	18831	1
A_HP_28	37	Pulse	99	2988005	38832	1
A_HP_28	38	Picture	response114	2999811	237	1	40229	1	0	40000	hit	202
A_HP_28	38	Pulse	99	3008005	8431	1
A_HP_28	38	Response	1	3010884	11310	1
A_HP_28	38	Pulse	99	3028005	28431	1
A_HP_28	38	Pulse	99	3048005	48431	1
A_HP_28	39	Picture	response116	3050102	128	1	40229	1	0	40000	hit	206
A_HP_28	39	Response	1	3060334	10360	1
A_HP_28	39	Pulse	99	3068005	18031	1
A_HP_28	39	Pulse	99	3088005	38031	1
A_HP_28	40	Picture	response119	3100560	186	1	40229	1	0	40000	hit	210
A_HP_28	40	Response	2	3107644	7270	1
A_HP_28	40	Pulse	99	3108005	7631	1
A_HP_28	40	Pulse	99	3128005	27631	1
A_HP_28	40	Pulse	99	3148005	47631	1
A_HP_28	41	Picture	response115	3151018	244	1	40229	1	0	40000	hit	215
A_HP_28	41	Response	2	3156904	6130	1
A_HP_28	41	Pulse	99	3168005	17231	1
A_HP_28	41	Pulse	99	3188005	37231	1
A_HP_28	42	Picture	response113	3201477	303	1	40229	1	0	40000	hit	220
A_HP_28	42	Pulse	99	3208005	6832	1
A_HP_28	42	Response	2	3214814	13640	1
A_HP_28	42	Pulse	99	3228005	26832	1
A_HP_28	42	Pulse	99	3248005	46832	1
A_HP_28	43	Picture	ins13	3251769	195	1	30229	1	0	30000	other	0
A_HP_28	43	Pulse	99	3267925	16352	1
A_HP_28	43	Pulse	99	3288005	36432	1
A_HP_28	43	Pulse	99	3308005	56432	1
A_HP_28	43	Pulse	99	3327926	76352	1
A_HP_28	43	Pulse	99	3348005	96432	1
A_HP_28	43	Pulse	99	3368005	116432	1
A_HP_28	43	Pulse	99	3387924	136351	1
A_HP_28	43	Pulse	99	3408005	156432	1
A_HP_28	43	Pulse	99	3428005	176432	1
A_HP_28	43	Pulse	99	3447925	196352	1
A_HP_28	43	Pulse	99	3468005	216432	1
A_HP_28	43	Pulse	99	3488005	236432	1
A_HP_28	43	Pulse	99	3507925	256352	1
A_HP_28	43	Pulse	99	3528005	276432	1
A_HP_28	43	Pulse	99	3548005	296432	1
A_HP_28	44	Response	3	3567925	6121	1
A_HP_28	44	Pulse	99	3567925	6121	1
A_HP_28	45	Picture	response102	3568504	230	1	40229	1	0	40000	hit	242
A_HP_28	45	Response	2	3574644	6370	1
A_HP_28	45	Pulse	99	3588005	19731	1
A_HP_28	45	Pulse	99	3608005	39731	1
A_HP_28	46	Picture	response99	3618963	289	1	40229	1	0	40000	hit	246
A_HP_28	46	Response	1	3626254	7580	1
A_HP_28	46	Pulse	99	3627925	9251	1
A_HP_28	46	Pulse	99	3648005	29331	1
A_HP_28	46	Pulse	99	3668005	49331	1
A_HP_28	47	Picture	response98	3669255	181	1	40229	1	0	40000	hit	251
A_HP_28	47	Response	2	3675094	6020	1
A_HP_28	47	Pulse	99	3687925	18851	1
A_HP_28	47	Pulse	99	3708005	38931	1
A_HP_28	48	Picture	response101	3719547	74	1	40229	1	0	40000	hit	256
A_HP_28	48	Pulse	99	3728005	8532	1
A_HP_28	48	Response	1	3731333	11860	1
A_HP_28	48	Pulse	99	3747925	28452	1
A_HP_28	48	Pulse	99	3768005	48532	1
A_HP_28	49	Picture	response104	3770172	298	1	40230	1	0	40000	hit	260
A_HP_28	49	Response	1	3778454	8581	1
A_HP_28	49	Pulse	99	3788005	18131	1
A_HP_28	49	Pulse	99	3807925	38052	1
A_HP_28	50	Picture	response100	3820464	190	1	40229	1	0	40000	hit	265
A_HP_28	50	Pulse	99	3828005	7732	1
A_HP_28	50	Response	2	3830633	10360	1
A_HP_28	50	Pulse	99	3848005	27732	1
A_HP_28	50	Pulse	99	3867925	47652	1
A_HP_28	51	Picture	response103	3870921	248	1	40229	1	0	40000	hit	269
A_HP_28	51	Response	1	3880394	9720	1
A_HP_28	51	Pulse	99	3888005	17331	1
A_HP_28	51	Pulse	99	3908004	37331	1
A_HP_28	52	Picture	response97	3921212	140	1	40229	1	0	40000	hit	273
A_HP_28	52	Response	1	3927733	6661	1
A_HP_28	52	Pulse	99	3927924	6851	1
A_HP_28	52	Pulse	99	3948005	26932	1
A_HP_28	52	Pulse	99	3968005	46932	1
A_HP_28	53	Picture	ins23	3971670	197	1	30229	1	0	30000	other	0
A_HP_28	53	Pulse	99	3987924	16451	1
A_HP_28	53	Pulse	99	4008005	36532	1
A_HP_28	53	Pulse	99	4028005	56532	1
A_HP_28	53	Pulse	99	4047925	76452	1
A_HP_28	53	Pulse	99	4067925	96452	1
A_HP_28	53	Pulse	99	4088005	116532	1
A_HP_28	53	Pulse	99	4107925	136452	1
A_HP_28	53	Pulse	99	4127925	156451	1
A_HP_28	53	Pulse	99	4148005	176531	1
A_HP_28	53	Pulse	99	4167924	196451	1
A_HP_28	53	Pulse	99	4187925	216452	1
A_HP_28	53	Pulse	99	4208005	236532	1
A_HP_28	53	Pulse	99	4227925	256452	1
A_HP_28	53	Pulse	99	4247925	276452	1
A_HP_28	53	Pulse	99	4268005	296532	1
A_HP_28	54	Response	3	4287925	6221	1
A_HP_28	54	Pulse	99	4287925	6221	1
A_HP_28	55	Picture	response180	4288503	230	1	40229	1	0	40000	hit	296
A_HP_28	55	Response	1	4296863	8590	1
A_HP_28	55	Pulse	99	4307925	19651	1
A_HP_28	55	Pulse	99	4328005	39731	1
A_HP_28	56	Picture	response177	4338961	288	1	40229	1	0	40000	hit	300
A_HP_28	56	Response	2	4347334	8660	1
A_HP_28	56	Pulse	99	4347924	9251	1
A_HP_28	56	Pulse	99	4367925	29251	1
A_HP_28	56	Pulse	99	4388005	49331	1
A_HP_28	57	Picture	response178	4389253	179	1	40229	1	0	40000	hit	305
A_HP_28	57	Response	1	4400644	11571	1
A_HP_28	57	Pulse	99	4408005	18931	1
A_HP_28	57	Pulse	99	4427925	38851	1
A_HP_28	58	Picture	response183	4439544	71	1	40229	1	0	40000	hit	310
A_HP_28	58	Pulse	99	4448005	8531	1
A_HP_28	58	Response	1	4453063	13589	1
A_HP_28	58	Pulse	99	4468005	28531	1
A_HP_28	58	Pulse	99	4487925	48451	1
A_HP_28	59	Picture	response179	4490169	296	1	40229	1	0	40000	hit	314
A_HP_28	59	Response	2	4501043	11170	1
A_HP_28	59	Pulse	99	4508005	18131	1
A_HP_28	59	Pulse	99	4528005	38131	1
A_HP_28	60	Picture	response184	4540461	187	1	40229	1	0	40000	incorrect	319
A_HP_28	60	Pulse	99	4547925	7652	1
A_HP_28	60	Response	2	4554932	14659	1
A_HP_28	60	Pulse	99	4568005	27732	1
A_HP_28	60	Pulse	99	4588005	47731	1
A_HP_28	61	Picture	response182	4590918	245	1	40229	1	0	40000	hit	323
A_HP_28	61	Response	2	4607403	16730	1
A_HP_28	61	Pulse	99	4607924	17251	1
A_HP_28	61	Pulse	99	4628005	37331	1
A_HP_28	62	Picture	response181	4641210	137	1	40230	1	0	40000	hit	328
A_HP_28	62	Pulse	99	4648005	6931	1
A_HP_28	62	Response	2	4650793	9720	1
A_HP_28	62	Pulse	99	4667925	26851	1
A_HP_28	62	Pulse	99	4688005	46931	1
A_HP_28	63	Picture	thanks	4691336	0	1	10229	1	0	10000	other	0
A_HP_28	63	Pulse	99	4708005	16669	1


Event Type	Code	Type	Response	RT	RT Uncertainty	Time	Uncertainty	Duration	Uncertainty	ReqTime	ReqDur

Picture	ready	other				308238	1	10229	1	0	10000
Picture	ins21	other				368809	1	30229	1	0	30000
Picture	response162	hit	1	19480	2	688605	1	40229	1	0	40000
Picture	response161	hit	2	14079	2	738896	1	40229	1	0	40000
Picture	response165	hit	1	7095	2	789521	1	40229	1	0	40000
Picture	response167	hit	2	8783	2	839812	1	40230	1	0	40000
Picture	response166	hit	1	10512	2	890103	1	40230	1	0	40000
Picture	response164	hit	1	10622	2	940563	1	40229	1	0	40000
Picture	response168	hit	2	8335	2	991021	1	40230	1	0	40000
Picture	response163	hit	2	18736	2	1041479	1	40229	1	0	40000
Picture	ins7	other				1091771	1	30230	1	0	30000
Picture	response49	hit	1	8611	2	1408604	1	40229	1	0	40000
Picture	response56	hit	1	4780	2	1458895	1	40229	1	0	40000
Picture	response54	hit	1	4045	2	1509520	1	40229	1	0	40000
Picture	response55	hit	1	3484	2	1559812	1	40229	1	0	40000
Picture	response52	hit	1	4662	2	1610103	1	40229	1	0	40000
Picture	response50	hit	2	9073	2	1660561	1	40229	1	0	40000
Picture	response51	hit	2	6796	2	1711019	1	40229	1	0	40000
Picture	response53	hit	2	10848	2	1761477	1	40229	1	0	40000
Picture	ins5	other				1811768	1	30229	1	0	30000
Picture	response38	hit	1	9550	2	2128605	1	40230	1	0	40000
Picture	response35	hit	1	3968	2	2178896	1	40229	1	0	40000
Picture	response37	hit	2	6284	2	2229521	1	40229	1	0	40000
Picture	response36	hit	2	6893	2	2279812	1	40229	1	0	40000
Picture	response33	hit	2	4961	2	2330103	1	40229	1	0	40000
Picture	response39	hit	1	4463	2	2380561	1	40229	1	0	40000
Picture	response40	hit	2	6256	2	2431019	1	40230	1	0	40000
Picture	response34	hit	2	5597	2	2481478	1	40230	1	0	40000
Picture	ins15	other				2531770	1	30229	1	0	30000
Picture	response118	hit	2	6610	2	2848604	1	40229	1	0	40000
Picture	response117	hit	1	10819	2	2898895	1	40229	1	0	40000
Picture	response120	hit	2	12855	2	2949519	1	40229	1	0	40000
Picture	response114	hit	1	11073	2	2999811	1	40229	1	0	40000
Picture	response116	hit	1	10232	2	3050102	1	40229	1	0	40000
Picture	response119	hit	2	7084	2	3100560	1	40229	1	0	40000
Picture	response115	hit	2	5886	2	3151018	1	40229	1	0	40000
Picture	response113	hit	2	13337	2	3201477	1	40229	1	0	40000
Picture	ins13	other				3251769	1	30229	1	0	30000
Picture	response102	hit	2	6140	2	3568504	1	40229	1	0	40000
Picture	response99	hit	1	7292	2	3618963	1	40229	1	0	40000
Picture	response98	hit	2	5839	2	3669255	1	40229	1	0	40000
Picture	response101	hit	1	11787	2	3719547	1	40229	1	0	40000
Picture	response104	hit	1	8283	2	3770172	1	40230	1	0	40000
Picture	response100	hit	2	10169	2	3820464	1	40229	1	0	40000
Picture	response103	hit	1	9472	2	3870921	1	40229	1	0	40000
Picture	response97	hit	1	6521	2	3921212	1	40229	1	0	40000
Picture	ins23	other				3971670	1	30229	1	0	30000
Picture	response180	hit	1	8360	2	4288503	1	40229	1	0	40000
Picture	response177	hit	2	8372	2	4338961	1	40229	1	0	40000
Picture	response178	hit	1	11391	2	4389253	1	40229	1	0	40000
Picture	response183	hit	1	13519	2	4439544	1	40229	1	0	40000
Picture	response179	hit	2	10874	2	4490169	1	40229	1	0	40000
Picture	response184	incorrect	2	14472	2	4540461	1	40229	1	0	40000
Picture	response182	hit	2	16485	2	4590918	1	40229	1	0	40000
Picture	response181	hit	2	9583	2	4641210	1	40230	1	0	40000
Picture	thanks	other				4691336	1	10229	1	0	10000


{
   "app": "Presentation Version 21.0 Build 06.06.19",
   "device": "LENOVO 20KHCTO1WW",
   "experiment": "{C0C68DB1-10BA-42F2-8F79-3F2AFFEED4E4}",
   "os": "Windows 10 64 bit",
   "package": "",
   "parameters": {
      "configuration": "Default configuration"
   },
   "scenario": "Feature experiment(2).sce",
   "subject": "A_HP_28",
   "timestamp": "2019/11/07 06:28:44 GMT"
}
