Scenario - 
Logfile written - 10/18/2019 15:52:42

Subject	Trial	Event Type	Code	Time	TTime	Uncertainty	Duration	Uncertainty	ReqTime	ReqDur	Stim Type	Pair Index

A_HP_23	1	Response	3	279081	278081	1
A_HP_23	1	Pulse	99	279081	278081	1
A_HP_23	2	Picture	ready	279312	0	1	10133	1	0	10000	other	0
A_HP_23	2	Pulse	99	299081	19768	1
A_HP_23	2	Pulse	99	319081	39769	1
A_HP_23	2	Pulse	99	339081	59769	1
A_HP_23	3	Picture	ins15	339962	235	1	30229	1	0	30000	other	0
A_HP_23	3	Pulse	99	359082	19355	1
A_HP_23	3	Pulse	99	379081	39354	1
A_HP_23	3	Pulse	99	399081	59354	1
A_HP_23	3	Pulse	99	419081	79354	1
A_HP_23	3	Pulse	99	439081	99354	1
A_HP_23	3	Pulse	99	459081	119354	1
A_HP_23	3	Pulse	99	479081	139354	1
A_HP_23	3	Pulse	99	499081	159354	1
A_HP_23	3	Pulse	99	519081	179354	1
A_HP_23	3	Pulse	99	539081	199354	1
A_HP_23	3	Pulse	99	559080	219354	1
A_HP_23	3	Pulse	99	579081	239354	1
A_HP_23	3	Pulse	99	599081	259354	1
A_HP_23	3	Pulse	99	619081	279354	1
A_HP_23	3	Pulse	99	639081	299354	1
A_HP_23	4	Response	3	659081	9124	1
A_HP_23	4	Pulse	99	659081	9124	1
A_HP_23	5	Picture	response115	659659	233	1	40229	1	0	40000	hit	26
A_HP_23	5	Response	2	669810	10384	1
A_HP_23	5	Pulse	99	679080	19654	1
A_HP_23	5	Pulse	99	699081	39655	1
A_HP_23	6	Picture	response117	710117	290	1	40229	1	0	40000	hit	31
A_HP_23	6	Pulse	99	719081	9254	1
A_HP_23	6	Response	1	722809	12982	1
A_HP_23	6	Pulse	99	739081	29254	1
A_HP_23	6	Pulse	99	759081	49254	1
A_HP_23	7	Picture	response118	760408	182	1	40229	1	0	40000	hit	35
A_HP_23	7	Response	2	769559	9333	1
A_HP_23	7	Pulse	99	779080	18854	1
A_HP_23	7	Pulse	99	799081	38854	1
A_HP_23	8	Picture	response116	810700	74	1	40229	1	0	40000	hit	40
A_HP_23	8	Pulse	99	819081	8455	1
A_HP_23	8	Response	1	822909	12283	1
A_HP_23	8	Pulse	99	839000	28375	1
A_HP_23	8	Pulse	99	859080	48455	1
A_HP_23	9	Picture	response119	861325	299	1	40229	1	0	40000	hit	44
A_HP_23	9	Response	2	869349	8323	1
A_HP_23	9	Pulse	99	879081	18055	1
A_HP_23	9	Pulse	99	899001	37975	1
A_HP_23	10	Picture	response114	911616	190	1	40230	1	0	40000	hit	49
A_HP_23	10	Pulse	99	919081	7655	1
A_HP_23	10	Response	1	927549	16123	1
A_HP_23	10	Pulse	99	939081	27655	1
A_HP_23	10	Pulse	99	959001	47575	1
A_HP_23	11	Picture	response113	962075	249	1	40230	1	0	40000	hit	53
A_HP_23	11	Response	2	975569	13743	1
A_HP_23	11	Pulse	99	979080	17253	1
A_HP_23	11	Pulse	99	999080	37254	1
A_HP_23	12	Picture	response120	1012367	141	1	40229	1	0	40000	hit	58
A_HP_23	12	Pulse	99	1019001	6775	1
A_HP_23	12	Response	2	1022609	10382	1
A_HP_23	12	Pulse	99	1039081	26855	1
A_HP_23	12	Pulse	99	1059081	46855	1
A_HP_23	13	Picture	ins23	1062825	198	1	30229	1	0	30000	other	0
A_HP_23	13	Pulse	99	1079001	16374	1
A_HP_23	13	Pulse	99	1099080	36454	1
A_HP_23	13	Pulse	99	1119081	56455	1
A_HP_23	13	Pulse	99	1139001	76374	1
A_HP_23	13	Pulse	99	1159080	96454	1
A_HP_23	13	Pulse	99	1179081	116454	1
A_HP_23	13	Pulse	99	1199081	136454	1
A_HP_23	13	Pulse	99	1219080	156454	1
A_HP_23	13	Pulse	99	1239081	176454	1
A_HP_23	13	Pulse	99	1259081	196454	1
A_HP_23	13	Pulse	99	1279081	216454	1
A_HP_23	13	Pulse	99	1299081	236454	1
A_HP_23	13	Pulse	99	1319080	256454	1
A_HP_23	13	Pulse	99	1339080	276454	1
A_HP_23	13	Pulse	99	1359081	296454	1
A_HP_23	14	Response	3	1379080	6224	1
A_HP_23	14	Pulse	99	1379080	6224	1
A_HP_23	15	Picture	response180	1379656	230	1	40229	1	0	40000	hit	80
A_HP_23	15	Response	1	1392109	12682	1
A_HP_23	15	Pulse	99	1399080	19654	1
A_HP_23	15	Pulse	99	1419080	39654	1
A_HP_23	16	Picture	response184	1430114	289	1	40230	1	0	40000	hit	85
A_HP_23	16	Pulse	99	1439080	9255	1
A_HP_23	16	Response	1	1442009	12183	1
A_HP_23	16	Pulse	99	1459080	29254	1
A_HP_23	16	Pulse	99	1479080	49255	1
A_HP_23	17	Picture	response177	1480406	181	1	40230	1	0	40000	hit	90
A_HP_23	17	Pulse	99	1499080	18855	1
A_HP_23	17	Response	2	1500808	20583	1
A_HP_23	17	Pulse	99	1519000	38775	1
A_HP_23	18	Picture	response182	1530698	72	1	40229	1	0	40000	hit	94
A_HP_23	18	Pulse	99	1539080	8454	1
A_HP_23	18	Response	2	1544409	13783	1
A_HP_23	18	Pulse	99	1559080	28454	1
A_HP_23	18	Pulse	99	1579001	48374	1
A_HP_23	19	Picture	response178	1581324	297	1	40229	1	0	40000	hit	99
A_HP_23	19	Pulse	99	1599081	18055	1
A_HP_23	19	Response	1	1605649	24623	1
A_HP_23	19	Pulse	99	1619080	38054	1
A_HP_23	20	Picture	response179	1631615	190	1	40229	1	0	40000	hit	103
A_HP_23	20	Pulse	99	1639000	7575	1
A_HP_23	20	Response	2	1653059	21634	1
A_HP_23	20	Pulse	99	1659080	27654	1
A_HP_23	20	Pulse	99	1679080	47655	1
A_HP_23	21	Picture	response181	1682073	247	1	40229	1	0	40000	hit	108
A_HP_23	21	Pulse	99	1699001	17175	1
A_HP_23	21	Response	2	1710849	29023	1
A_HP_23	21	Pulse	99	1719080	37254	1
A_HP_23	22	Picture	response183	1732531	305	1	40229	1	0	40000	hit	112
A_HP_23	22	Pulse	99	1739081	6855	1
A_HP_23	22	Response	1	1748839	16613	1
A_HP_23	22	Pulse	99	1759000	26774	1
A_HP_23	22	Pulse	99	1779080	46854	1
A_HP_23	23	Picture	ins5	1782823	197	1	30229	1	0	30000	other	0
A_HP_23	23	Pulse	99	1799080	16454	1
A_HP_23	23	Pulse	99	1819000	36375	1
A_HP_23	23	Pulse	99	1839080	56455	1
A_HP_23	23	Pulse	99	1859080	76455	1
A_HP_23	23	Pulse	99	1879001	96375	1
A_HP_23	23	Pulse	99	1899080	116455	1
A_HP_23	23	Pulse	99	1919080	136454	1
A_HP_23	23	Pulse	99	1939001	156375	1
A_HP_23	23	Pulse	99	1959080	176454	1
A_HP_23	23	Pulse	99	1979080	196455	1
A_HP_23	23	Pulse	99	1999000	216374	1
A_HP_23	23	Pulse	99	2019080	236454	1
A_HP_23	23	Pulse	99	2039080	256454	1
A_HP_23	23	Pulse	99	2059001	276375	1
A_HP_23	23	Pulse	99	2079080	296455	1
A_HP_23	24	Response	3	2099080	6224	1
A_HP_23	24	Pulse	99	2099080	6224	1
A_HP_23	25	Picture	response35	2099656	230	1	40229	1	0	40000	hit	134
A_HP_23	25	Response	1	2105779	6353	1
A_HP_23	25	Pulse	99	2119000	19574	1
A_HP_23	25	Pulse	99	2139000	39574	1
A_HP_23	26	Picture	response38	2150113	288	1	40229	1	0	40000	hit	138
A_HP_23	26	Response	1	2154679	4853	1
A_HP_23	26	Pulse	99	2159080	9254	1
A_HP_23	26	Pulse	99	2179000	29174	1
A_HP_23	26	Pulse	99	2199000	49175	1
A_HP_23	27	Picture	response39	2200405	179	1	40229	1	0	40000	hit	143
A_HP_23	27	Response	1	2205529	5303	1
A_HP_23	27	Pulse	99	2219080	18854	1
A_HP_23	27	Pulse	99	2239081	38855	1
A_HP_23	28	Picture	response34	2250863	237	1	40229	1	0	40000	hit	147
A_HP_23	28	Response	2	2256039	5413	1
A_HP_23	28	Pulse	99	2258999	8374	1
A_HP_23	28	Pulse	99	2279080	28454	1
A_HP_23	28	Pulse	99	2299080	48454	1
A_HP_23	29	Picture	response37	2301321	296	1	40229	1	0	40000	hit	152
A_HP_23	29	Response	2	2307229	6204	1
A_HP_23	29	Pulse	99	2318999	17975	1
A_HP_23	29	Pulse	99	2339080	38055	1
A_HP_23	30	Picture	response40	2351612	188	1	40230	1	0	40000	hit	157
A_HP_23	30	Pulse	99	2359080	7655	1
A_HP_23	30	Response	2	2362129	10704	1
A_HP_23	30	Pulse	99	2378999	27575	1
A_HP_23	30	Pulse	99	2399080	47655	1
A_HP_23	31	Picture	response33	2402071	246	1	40229	1	0	40000	hit	162
A_HP_23	31	Pulse	99	2419080	17254	1
A_HP_23	31	Response	2	2425839	24013	1
A_HP_23	31	Pulse	99	2439000	37175	1
A_HP_23	32	Picture	response36	2452529	304	1	40229	1	0	40000	hit	166
A_HP_23	32	Pulse	99	2459080	6855	1
A_HP_23	32	Response	2	2462388	10163	1
A_HP_23	32	Pulse	99	2479080	26855	1
A_HP_23	32	Pulse	99	2498999	46774	1
A_HP_23	33	Picture	ins21	2502821	196	1	30229	1	0	30000	other	0
A_HP_23	33	Pulse	99	2519080	16455	1
A_HP_23	33	Pulse	99	2539080	36455	1
A_HP_23	33	Pulse	99	2559000	56375	1
A_HP_23	33	Pulse	99	2579080	76455	1
A_HP_23	33	Pulse	99	2599080	96455	1
A_HP_23	33	Pulse	99	2618999	116374	1
A_HP_23	33	Pulse	99	2639080	136455	1
A_HP_23	33	Pulse	99	2659079	156454	1
A_HP_23	33	Pulse	99	2679000	176375	1
A_HP_23	33	Pulse	99	2699080	196455	1
A_HP_23	33	Pulse	99	2719079	216454	1
A_HP_23	33	Pulse	99	2739000	236375	1
A_HP_23	33	Pulse	99	2759080	256455	1
A_HP_23	33	Pulse	99	2779080	276455	1
A_HP_23	33	Pulse	99	2799000	296375	1
A_HP_23	34	Response	3	2819000	6144	1
A_HP_23	34	Pulse	99	2819000	6144	1
A_HP_23	35	Picture	response164	2819555	230	1	40229	1	0	40000	hit	188
A_HP_23	35	Response	1	2828309	8983	1
A_HP_23	35	Pulse	99	2839080	19755	1
A_HP_23	35	Pulse	99	2859000	39675	1
A_HP_23	36	Picture	response166	2870013	288	1	40230	1	0	40000	hit	193
A_HP_23	36	Pulse	99	2879000	9275	1
A_HP_23	36	Response	1	2890678	20953	1
A_HP_23	36	Pulse	99	2899079	29354	1
A_HP_23	36	Pulse	99	2919000	49275	1
A_HP_23	37	Picture	response167	2920305	180	1	40230	1	0	40000	hit	197
A_HP_23	37	Response	2	2930958	10833	1
A_HP_23	37	Pulse	99	2938999	18874	1
A_HP_23	37	Pulse	99	2959080	38954	1
A_HP_23	38	Picture	response162	2970764	238	1	40229	1	0	40000	hit	202
A_HP_23	38	Pulse	99	2979000	8474	1
A_HP_23	38	Response	1	2988858	18333	1
A_HP_23	38	Pulse	99	2998999	28474	1
A_HP_23	38	Pulse	99	3019080	48554	1
A_HP_23	39	Picture	response161	3021056	131	1	40229	1	0	40000	hit	206
A_HP_23	39	Response	2	3036828	15903	1
A_HP_23	39	Pulse	99	3039000	18075	1
A_HP_23	39	Pulse	99	3059000	38075	1
A_HP_23	40	Picture	response163	3071681	356	1	40229	1	0	40000	hit	211
A_HP_23	40	Pulse	99	3079079	7754	1
A_HP_23	40	Response	2	3089948	18623	1
A_HP_23	40	Pulse	99	3098999	27675	1
A_HP_23	40	Pulse	99	3119000	47675	1
A_HP_23	41	Picture	response165	3121972	247	1	40229	1	0	40000	hit	215
A_HP_23	41	Response	1	3133438	11714	1
A_HP_23	41	Pulse	99	3139079	17354	1
A_HP_23	41	Pulse	99	3159000	37275	1
A_HP_23	42	Picture	response168	3172264	139	1	40229	1	0	40000	hit	220
A_HP_23	42	Pulse	99	3179000	6875	1
A_HP_23	42	Response	2	3184028	11903	1
A_HP_23	42	Pulse	99	3199080	26955	1
A_HP_23	42	Pulse	99	3218999	46875	1
A_HP_23	43	Picture	ins13	3222722	197	1	30229	1	0	30000	other	0
A_HP_23	43	Pulse	99	3238999	16475	1
A_HP_23	43	Pulse	99	3259080	36555	1
A_HP_23	43	Pulse	99	3279080	56555	1
A_HP_23	43	Pulse	99	3298999	76474	1
A_HP_23	43	Pulse	99	3319080	96555	1
A_HP_23	43	Pulse	99	3339079	116555	1
A_HP_23	43	Pulse	99	3359000	136475	1
A_HP_23	43	Pulse	99	3379079	156555	1
A_HP_23	43	Pulse	99	3399079	176555	1
A_HP_23	43	Pulse	99	3418999	196474	1
A_HP_23	43	Pulse	99	3438999	216475	1
A_HP_23	43	Pulse	99	3459080	236555	1
A_HP_23	43	Pulse	99	3478999	256475	1
A_HP_23	43	Pulse	99	3498999	276475	1
A_HP_23	43	Pulse	99	3519079	296555	1
A_HP_23	44	Response	3	3538999	6244	1
A_HP_23	44	Pulse	99	3538999	6244	1
A_HP_23	45	Picture	response101	3539555	230	1	40229	1	0	40000	hit	242
A_HP_23	45	Response	1	3547798	8473	1
A_HP_23	45	Pulse	99	3558999	19674	1
A_HP_23	45	Pulse	99	3579079	39754	1
A_HP_23	46	Picture	response103	3590013	287	1	40229	1	0	40000	hit	247
A_HP_23	46	Pulse	99	3598999	9274	1
A_HP_23	46	Response	1	3600587	10862	1
A_HP_23	46	Pulse	99	3618999	29274	1
A_HP_23	46	Pulse	99	3639079	49354	1
A_HP_23	47	Picture	response104	3640304	180	1	40229	1	0	40000	hit	251
A_HP_23	47	Response	1	3652848	12724	1
A_HP_23	47	Pulse	99	3658998	18874	1
A_HP_23	47	Pulse	99	3678999	38875	1
A_HP_23	48	Picture	response98	3690762	238	1	40224	5	0	40000	hit	255
A_HP_23	48	Response	2	3697628	7103	1
A_HP_23	48	Pulse	99	3699078	8554	1
A_HP_23	48	Pulse	99	3718999	28475	1
A_HP_23	48	Pulse	99	3738999	48475	1
A_HP_23	49	Picture	response99	3741049	125	1	40229	1	0	40000	hit	260
A_HP_23	49	Response	1	3754658	13734	1
A_HP_23	49	Pulse	99	3759078	18154	1
A_HP_23	49	Pulse	99	3778999	38075	1
A_HP_23	50	Picture	response97	3791674	349	1	40229	1	0	40000	hit	265
A_HP_23	50	Pulse	99	3799000	7675	1
A_HP_23	50	Response	1	3799637	8313	1
A_HP_23	50	Pulse	99	3819079	27755	1
A_HP_23	50	Pulse	99	3838999	47675	1
A_HP_23	51	Picture	response102	3841965	240	1	40229	1	0	40000	hit	269
A_HP_23	51	Response	2	3849828	8103	1
A_HP_23	51	Pulse	99	3858999	17274	1
A_HP_23	51	Pulse	99	3879079	37355	1
A_HP_23	52	Picture	response100	3892256	132	1	40229	1	0	40000	hit	274
A_HP_23	52	Pulse	99	3898999	6875	1
A_HP_23	52	Response	2	3905838	13713	1
A_HP_23	52	Pulse	99	3918999	26875	1
A_HP_23	52	Pulse	99	3939079	46955	1
A_HP_23	53	Picture	ins7	3942714	189	1	30229	1	0	30000	other	0
A_HP_23	53	Pulse	99	3958999	16475	1
A_HP_23	53	Pulse	99	3978999	36475	1
A_HP_23	53	Pulse	99	3999079	56555	1
A_HP_23	53	Pulse	99	4018999	76475	1
A_HP_23	53	Pulse	99	4038999	96475	1
A_HP_23	53	Pulse	99	4058999	116475	1
A_HP_23	53	Pulse	99	4078999	136475	1
A_HP_23	53	Pulse	99	4098999	156475	1
A_HP_23	53	Pulse	99	4118999	176475	1
A_HP_23	53	Pulse	99	4138999	196475	1
A_HP_23	53	Pulse	99	4158999	216475	1
A_HP_23	53	Pulse	99	4178999	236475	1
A_HP_23	53	Pulse	99	4198999	256475	1
A_HP_23	53	Pulse	99	4218999	276474	1
A_HP_23	53	Pulse	99	4238999	296475	1
A_HP_23	54	Response	3	4259079	6325	1
A_HP_23	54	Pulse	99	4259079	6325	1
A_HP_23	55	Picture	response55	4259655	230	1	40229	1	0	40000	hit	296
A_HP_23	55	Response	1	4268198	8773	1
A_HP_23	55	Pulse	99	4278999	19574	1
A_HP_23	55	Pulse	99	4298999	39574	1
A_HP_23	56	Picture	response51	4310113	288	1	40229	1	0	40000	hit	301
A_HP_23	56	Pulse	99	4319079	9254	1
A_HP_23	56	Response	2	4319787	9963	1
A_HP_23	56	Pulse	99	4338999	29174	1
A_HP_23	56	Pulse	99	4358999	49174	1
A_HP_23	57	Picture	response52	4360405	180	1	40229	1	0	40000	hit	305
A_HP_23	57	Response	1	4365327	5103	1
A_HP_23	57	Pulse	99	4379079	18854	1
A_HP_23	57	Pulse	99	4398999	38775	1
A_HP_23	58	Picture	response56	4410697	72	1	40229	1	0	40000	hit	309
A_HP_23	58	Response	1	4416968	6343	1
A_HP_23	58	Pulse	99	4418998	8374	1
A_HP_23	58	Pulse	99	4439079	28454	1
A_HP_23	58	Pulse	99	4458999	48374	1
A_HP_23	59	Picture	response50	4461322	297	1	40229	1	0	40000	hit	314
A_HP_23	59	Response	2	4467358	6333	1
A_HP_23	59	Pulse	99	4478999	17974	1
A_HP_23	59	Pulse	99	4499079	38054	1
A_HP_23	60	Picture	response49	4511613	189	1	40230	1	0	40000	hit	319
A_HP_23	60	Pulse	99	4518999	7575	1
A_HP_23	60	Response	1	4520827	9403	1
A_HP_23	60	Pulse	99	4538999	27575	1
A_HP_23	60	Pulse	99	4559079	47655	1
A_HP_23	61	Picture	response53	4562072	247	1	40229	1	0	40000	hit	323
A_HP_23	61	Response	2	4569228	7404	1
A_HP_23	61	Pulse	99	4578999	17174	1
A_HP_23	61	Pulse	99	4598999	37174	1
A_HP_23	62	Picture	response54	4612364	140	1	40229	1	0	40000	hit	328
A_HP_23	62	Pulse	99	4619079	6854	1
A_HP_23	62	Response	1	4619497	7272	1
A_HP_23	62	Pulse	99	4638999	26774	1
A_HP_23	62	Pulse	99	4658999	46774	1
A_HP_23	63	Picture	thanks	4662489	0	1	10229	1	0	10000	other	0
A_HP_23	63	Pulse	99	4679079	16590	1


Event Type	Code	Type	Response	RT	RT Uncertainty	Time	Uncertainty	Duration	Uncertainty	ReqTime	ReqDur

Picture	ready	other				279312	1	10133	1	0	10000
Picture	ins15	other				339962	1	30229	1	0	30000
Picture	response115	hit	2	10151	2	659659	1	40229	1	0	40000
Picture	response117	hit	1	12692	2	710117	1	40229	1	0	40000
Picture	response118	hit	2	9151	2	760408	1	40229	1	0	40000
Picture	response116	hit	1	12209	2	810700	1	40229	1	0	40000
Picture	response119	hit	2	8025	2	861325	1	40229	1	0	40000
Picture	response114	hit	1	15933	2	911616	1	40230	1	0	40000
Picture	response113	hit	2	13494	2	962075	1	40230	1	0	40000
Picture	response120	hit	2	10242	2	1012367	1	40229	1	0	40000
Picture	ins23	other				1062825	1	30229	1	0	30000
Picture	response180	hit	1	12453	2	1379656	1	40229	1	0	40000
Picture	response184	hit	1	11894	2	1430114	1	40230	1	0	40000
Picture	response177	hit	2	20402	2	1480406	1	40230	1	0	40000
Picture	response182	hit	2	13711	2	1530698	1	40229	1	0	40000
Picture	response178	hit	1	24325	2	1581324	1	40229	1	0	40000
Picture	response179	hit	2	21444	2	1631615	1	40229	1	0	40000
Picture	response181	hit	2	28776	2	1682073	1	40229	1	0	40000
Picture	response183	hit	1	16308	2	1732531	1	40229	1	0	40000
Picture	ins5	other				1782823	1	30229	1	0	30000
Picture	response35	hit	1	6123	2	2099656	1	40229	1	0	40000
Picture	response38	hit	1	4566	2	2150113	1	40229	1	0	40000
Picture	response39	hit	1	5124	2	2200405	1	40229	1	0	40000
Picture	response34	hit	2	5176	2	2250863	1	40229	1	0	40000
Picture	response37	hit	2	5908	2	2301321	1	40229	1	0	40000
Picture	response40	hit	2	10516	2	2351612	1	40230	1	0	40000
Picture	response33	hit	2	23768	2	2402071	1	40229	1	0	40000
Picture	response36	hit	2	9859	2	2452529	1	40229	1	0	40000
Picture	ins21	other				2502821	1	30229	1	0	30000
Picture	response164	hit	1	8753	2	2819555	1	40229	1	0	40000
Picture	response166	hit	1	20665	2	2870013	1	40230	1	0	40000
Picture	response167	hit	2	10653	2	2920305	1	40230	1	0	40000
Picture	response162	hit	1	18094	2	2970764	1	40229	1	0	40000
Picture	response161	hit	2	15772	2	3021056	1	40229	1	0	40000
Picture	response163	hit	2	18267	2	3071681	1	40229	1	0	40000
Picture	response165	hit	1	11467	2	3121972	1	40229	1	0	40000
Picture	response168	hit	2	11764	2	3172264	1	40229	1	0	40000
Picture	ins13	other				3222722	1	30229	1	0	30000
Picture	response101	hit	1	8243	2	3539555	1	40229	1	0	40000
Picture	response103	hit	1	10575	2	3590013	1	40229	1	0	40000
Picture	response104	hit	1	12544	2	3640304	1	40229	1	0	40000
Picture	response98	hit	2	6865	2	3690762	1	40224	5	0	40000
Picture	response99	hit	1	13609	2	3741049	1	40229	1	0	40000
Picture	response97	hit	1	7963	2	3791674	1	40229	1	0	40000
Picture	response102	hit	2	7863	2	3841965	1	40229	1	0	40000
Picture	response100	hit	2	13582	2	3892256	1	40229	1	0	40000
Picture	ins7	other				3942714	1	30229	1	0	30000
Picture	response55	hit	1	8543	2	4259655	1	40229	1	0	40000
Picture	response51	hit	2	9674	2	4310113	1	40229	1	0	40000
Picture	response52	hit	1	4923	2	4360405	1	40229	1	0	40000
Picture	response56	hit	1	6271	2	4410697	1	40229	1	0	40000
Picture	response50	hit	2	6036	2	4461322	1	40229	1	0	40000
Picture	response49	hit	1	9213	2	4511613	1	40230	1	0	40000
Picture	response53	hit	2	7156	2	4562072	1	40229	1	0	40000
Picture	response54	hit	1	7133	2	4612364	1	40229	1	0	40000
Picture	thanks	other				4662489	1	10229	1	0	10000


{
   "app": "Presentation Version 21.0 Build 06.06.19",
   "device": "LENOVO 20KHCTO1WW",
   "experiment": "{C0C68DB1-10BA-42F2-8F79-3F2AFFEED4E4}",
   "os": "Windows 10 64 bit",
   "package": "",
   "parameters": {
      "configuration": "Default configuration"
   },
   "scenario": "Feature experiment(2).sce",
   "subject": "A_HP_23",
   "timestamp": "2019/10/18 06:44:45 GMT"
}
