Scenario - 
Logfile written - 09/26/2019 10:16:48

Subject	Trial	Event Type	Code	Time	TTime	Uncertainty	Duration	Uncertainty	ReqTime	ReqDur	Stim Type	Pair Index

A_HP_12	1	Response	3	267145	265646	1
A_HP_12	1	Pulse	99	267145	265646	1
A_HP_12	2	Picture	ready	267377	0	1	10229	1	0	10000	other	0
A_HP_12	2	Pulse	99	287145	19768	1
A_HP_12	2	Pulse	99	307065	39688	1
A_HP_12	2	Pulse	99	327145	59769	1
A_HP_12	3	Picture	ins5	328013	234	1	30229	1	0	30000	other	0
A_HP_12	3	Pulse	99	347145	19366	1
A_HP_12	3	Pulse	99	367065	39287	1
A_HP_12	3	Pulse	99	387146	59367	1
A_HP_12	3	Pulse	99	407145	79367	1
A_HP_12	3	Pulse	99	427065	99286	1
A_HP_12	3	Pulse	99	447145	119367	1
A_HP_12	3	Pulse	99	467145	139367	1
A_HP_12	3	Pulse	99	487065	159287	1
A_HP_12	3	Pulse	99	507145	179367	1
A_HP_12	3	Pulse	99	527145	199366	1
A_HP_12	3	Pulse	99	547066	219287	1
A_HP_12	3	Pulse	99	567146	239367	1
A_HP_12	3	Pulse	99	587146	259367	1
A_HP_12	3	Pulse	99	607066	279287	1
A_HP_12	3	Pulse	99	627146	299367	1
A_HP_12	4	Response	3	647146	9137	1
A_HP_12	4	Pulse	99	647146	9137	1
A_HP_12	5	Picture	response35	647709	230	1	40229	1	0	40000	hit	26
A_HP_12	5	Response	1	652095	4615	1
A_HP_12	5	Pulse	99	667066	19587	1
A_HP_12	5	Pulse	99	687146	39667	1
A_HP_12	6	Picture	response34	698168	288	1	40229	1	0	40000	hit	30
A_HP_12	6	Response	2	704385	6506	1
A_HP_12	6	Pulse	99	707148	9269	1
A_HP_12	6	Pulse	99	727066	29187	1
A_HP_12	6	Pulse	99	747066	49187	1
A_HP_12	7	Picture	response37	748459	181	1	40229	1	0	40000	hit	35
A_HP_12	7	Response	2	754005	5726	1
A_HP_12	7	Pulse	99	767146	18867	1
A_HP_12	7	Pulse	99	787066	38787	1
A_HP_12	8	Picture	response36	798918	239	1	40229	1	0	40000	hit	39
A_HP_12	8	Response	2	804455	5776	1
A_HP_12	8	Pulse	99	807066	8387	1
A_HP_12	8	Pulse	99	827146	28467	1
A_HP_12	8	Pulse	99	847066	48387	1
A_HP_12	9	Picture	response39	849209	130	1	40225	5	0	40000	hit	44
A_HP_12	9	Response	1	854195	5115	1
A_HP_12	9	Pulse	99	867066	17986	1
A_HP_12	9	Pulse	99	887146	38067	1
A_HP_12	10	Picture	response40	899664	184	1	40230	1	0	40000	hit	49
A_HP_12	10	Pulse	99	907146	7667	1
A_HP_12	10	Response	2	907344	7865	1
A_HP_12	10	Pulse	99	927066	27587	1
A_HP_12	10	Pulse	99	947146	47667	1
A_HP_12	11	Picture	response33	950122	243	1	40229	1	0	40000	hit	53
A_HP_12	11	Response	2	956185	6305	1
A_HP_12	11	Pulse	99	967146	17267	1
A_HP_12	11	Pulse	99	987066	37187	1
A_HP_12	12	Picture	response38	1000414	135	1	40229	1	0	40000	hit	57
A_HP_12	12	Response	1	1005825	5546	1
A_HP_12	12	Pulse	99	1007146	6867	1
A_HP_12	12	Pulse	99	1027146	26867	1
A_HP_12	12	Pulse	99	1047066	46787	1
A_HP_12	13	Picture	ins23	1050873	193	1	30230	1	0	30000	other	0
A_HP_12	13	Pulse	99	1067146	16467	1
A_HP_12	13	Pulse	99	1087146	36467	1
A_HP_12	13	Pulse	99	1107066	56387	1
A_HP_12	13	Pulse	99	1127147	76467	1
A_HP_12	13	Pulse	99	1147147	96467	1
A_HP_12	13	Pulse	99	1167067	116388	1
A_HP_12	13	Pulse	99	1187067	136387	1
A_HP_12	13	Pulse	99	1207147	156468	1
A_HP_12	13	Pulse	99	1227067	176387	1
A_HP_12	13	Pulse	99	1247067	196388	1
A_HP_12	13	Pulse	99	1267147	216467	1
A_HP_12	13	Pulse	99	1287070	236391	1
A_HP_12	13	Pulse	99	1307067	256387	1
A_HP_12	13	Pulse	99	1327147	276467	1
A_HP_12	13	Pulse	99	1347067	296388	1
A_HP_12	14	Response	3	1367067	6157	1
A_HP_12	14	Pulse	99	1367067	6157	1
A_HP_12	15	Picture	response183	1367710	230	1	40229	1	0	40000	hit	81
A_HP_12	15	Pulse	99	1387146	19666	1
A_HP_12	15	Response	1	1387675	20195	1
A_HP_12	15	Pulse	99	1407067	39587	1
A_HP_12	16	Picture	response178	1418169	288	1	40230	1	0	40000	hit	85
A_HP_12	16	Pulse	99	1427067	9187	1
A_HP_12	16	Response	1	1435706	17826	1
A_HP_12	16	Pulse	99	1447147	29267	1
A_HP_12	16	Pulse	99	1467067	49187	1
A_HP_12	17	Picture	response180	1468461	180	1	40229	1	0	40000	hit	89
A_HP_12	17	Response	1	1480546	12265	1
A_HP_12	17	Pulse	99	1487067	18787	1
A_HP_12	17	Pulse	99	1507147	38866	1
A_HP_12	18	Picture	response184	1518919	239	1	40229	1	0	40000	hit	93
A_HP_12	18	Response	1	1526846	8165	1
A_HP_12	18	Pulse	99	1527147	8466	1
A_HP_12	18	Pulse	99	1547067	28387	1
A_HP_12	18	Pulse	99	1567147	48467	1
A_HP_12	19	Picture	response177	1569211	130	1	40229	1	0	40000	hit	98
A_HP_12	19	Response	2	1580206	11125	1
A_HP_12	19	Pulse	99	1587147	18066	1
A_HP_12	19	Pulse	99	1607067	37987	1
A_HP_12	20	Picture	response182	1619669	189	1	40229	1	0	40000	hit	103
A_HP_12	20	Pulse	99	1627147	7667	1
A_HP_12	20	Response	2	1629696	10215	1
A_HP_12	20	Pulse	99	1647147	27667	1
A_HP_12	20	Pulse	99	1667067	47587	1
A_HP_12	21	Picture	response179	1670127	247	1	40229	1	0	40000	hit	107
A_HP_12	21	Response	2	1680996	11116	1
A_HP_12	21	Pulse	99	1687068	17188	1
A_HP_12	21	Pulse	99	1707148	37268	1
A_HP_12	22	Picture	response181	1720420	140	1	40229	1	0	40000	hit	112
A_HP_12	22	Pulse	99	1727068	6788	1
A_HP_12	22	Response	2	1736646	16366	1
A_HP_12	22	Pulse	99	1747067	26787	1
A_HP_12	22	Pulse	99	1767148	46868	1
A_HP_12	23	Picture	ins13	1770878	198	1	30229	1	0	30000	other	0
A_HP_12	23	Pulse	99	1787067	16387	1
A_HP_12	23	Pulse	99	1807067	36387	1
A_HP_12	23	Pulse	99	1827148	56467	1
A_HP_12	23	Pulse	99	1847067	76387	1
A_HP_12	23	Pulse	99	1867067	96387	1
A_HP_12	23	Pulse	99	1887147	116467	1
A_HP_12	23	Pulse	99	1907068	136387	1
A_HP_12	23	Pulse	99	1927068	156387	1
A_HP_12	23	Pulse	99	1947148	176467	1
A_HP_12	23	Pulse	99	1967068	196387	1
A_HP_12	23	Pulse	99	1987068	216387	1
A_HP_12	23	Pulse	99	2007148	236467	1
A_HP_12	23	Pulse	99	2027068	256387	1
A_HP_12	23	Pulse	99	2047068	276387	1
A_HP_12	23	Pulse	99	2067148	296467	1
A_HP_12	24	Response	3	2087068	6157	1
A_HP_12	24	Pulse	99	2087068	6157	1
A_HP_12	25	Picture	response102	2087710	230	1	40230	1	0	40000	hit	134
A_HP_12	25	Response	2	2095447	7966	1
A_HP_12	25	Pulse	99	2107068	19587	1
A_HP_12	25	Pulse	99	2127068	39587	1
A_HP_12	26	Picture	response101	2138169	288	1	40229	1	0	40000	hit	138
A_HP_12	26	Response	1	2146397	8516	1
A_HP_12	26	Pulse	99	2147148	9267	1
A_HP_12	26	Pulse	99	2167068	29187	1
A_HP_12	26	Pulse	99	2187068	49187	1
A_HP_12	27	Picture	response99	2188461	180	1	40229	1	0	40000	hit	143
A_HP_12	27	Response	1	2200467	12186	1
A_HP_12	27	Pulse	99	2207148	18867	1
A_HP_12	27	Pulse	99	2227068	38787	1
A_HP_12	28	Picture	response100	2238919	238	1	40229	1	0	40000	hit	148
A_HP_12	28	Pulse	99	2247068	8387	1
A_HP_12	28	Response	2	2247117	8436	1
A_HP_12	28	Pulse	99	2267148	28467	1
A_HP_12	28	Pulse	99	2287068	48387	1
A_HP_12	29	Picture	response103	2289211	130	1	40229	1	0	40000	hit	152
A_HP_12	29	Response	1	2298867	9786	1
A_HP_12	29	Pulse	99	2307068	17987	1
A_HP_12	29	Pulse	99	2327148	38067	1
A_HP_12	30	Picture	response97	2339669	188	1	40229	1	0	40000	hit	157
A_HP_12	30	Pulse	99	2347068	7587	1
A_HP_12	30	Response	1	2347106	7625	1
A_HP_12	30	Pulse	99	2367068	27587	1
A_HP_12	30	Pulse	99	2387148	47667	1
A_HP_12	31	Picture	response104	2390127	246	1	40229	1	0	40000	hit	161
A_HP_12	31	Response	1	2399877	9996	1
A_HP_12	31	Pulse	99	2407068	17187	1
A_HP_12	31	Pulse	99	2427068	37187	1
A_HP_12	32	Picture	response98	2440419	138	1	40229	1	0	40000	hit	165
A_HP_12	32	Response	2	2446027	5746	1
A_HP_12	32	Pulse	99	2447148	6867	1
A_HP_12	32	Pulse	99	2467068	26787	1
A_HP_12	32	Pulse	99	2487069	46787	1
A_HP_12	33	Picture	ins7	2490877	196	1	30229	1	0	30000	other	0
A_HP_12	33	Pulse	99	2507148	16467	1
A_HP_12	33	Pulse	99	2527068	36387	1
A_HP_12	33	Pulse	99	2547069	56387	1
A_HP_12	33	Pulse	99	2567069	76387	1
A_HP_12	33	Pulse	99	2587069	96387	1
A_HP_12	33	Pulse	99	2607069	116388	1
A_HP_12	33	Pulse	99	2627070	136388	1
A_HP_12	33	Pulse	99	2647069	156387	1
A_HP_12	33	Pulse	99	2667069	176387	1
A_HP_12	33	Pulse	99	2687069	196388	1
A_HP_12	33	Pulse	99	2707069	216388	1
A_HP_12	33	Pulse	99	2727068	236387	1
A_HP_12	33	Pulse	99	2747069	256388	1
A_HP_12	33	Pulse	99	2767149	276467	1
A_HP_12	33	Pulse	99	2787069	296387	1
A_HP_12	34	Response	3	2807069	6157	1
A_HP_12	34	Pulse	99	2807069	6157	1
A_HP_12	35	Picture	response55	2807711	229	1	40229	1	0	40000	hit	188
A_HP_12	35	Response	1	2814948	7466	1
A_HP_12	35	Pulse	99	2827149	19667	1
A_HP_12	35	Pulse	99	2847069	39587	1
A_HP_12	36	Picture	response53	2858170	287	1	40229	1	0	40000	hit	192
A_HP_12	36	Response	2	2863248	5365	1
A_HP_12	36	Pulse	99	2867068	9186	1
A_HP_12	36	Pulse	99	2887149	29267	1
A_HP_12	36	Pulse	99	2907070	49187	1
A_HP_12	37	Picture	response50	2908461	179	1	40229	1	0	40000	hit	197
A_HP_12	37	Response	2	2913078	4796	1
A_HP_12	37	Pulse	99	2927069	18787	1
A_HP_12	37	Pulse	99	2947149	38867	1
A_HP_12	38	Picture	response56	2958920	238	1	40229	1	0	40000	hit	201
A_HP_12	38	Response	1	2963168	4486	1
A_HP_12	38	Pulse	99	2967068	8386	1
A_HP_12	38	Pulse	99	2987069	28387	1
A_HP_12	38	Pulse	99	3007149	48467	1
A_HP_12	39	Picture	response54	3009211	129	1	40229	1	0	40000	hit	206
A_HP_12	39	Response	1	3012918	3836	1
A_HP_12	39	Pulse	99	3027069	17987	1
A_HP_12	39	Pulse	99	3047069	37987	1
A_HP_12	40	Picture	response51	3059669	187	1	40229	1	0	40000	hit	210
A_HP_12	40	Response	2	3063178	3696	1
A_HP_12	40	Pulse	99	3067069	7587	1
A_HP_12	40	Pulse	99	3087069	27587	1
A_HP_12	40	Pulse	99	3107069	47587	1
A_HP_12	41	Picture	response49	3110128	245	1	40229	1	0	40000	hit	215
A_HP_12	41	Response	1	3115778	5896	1
A_HP_12	41	Pulse	99	3127069	17187	1
A_HP_12	41	Pulse	99	3147069	37187	1
A_HP_12	42	Picture	response52	3160420	137	1	40230	1	0	40000	hit	220
A_HP_12	42	Pulse	99	3167069	6787	1
A_HP_12	42	Response	1	3171108	10826	1
A_HP_12	42	Pulse	99	3187070	26788	1
A_HP_12	42	Pulse	99	3207070	46787	1
A_HP_12	43	Picture	ins21	3210878	195	1	30229	1	0	30000	other	0
A_HP_12	43	Pulse	99	3227070	16387	1
A_HP_12	43	Pulse	99	3247070	36387	1
A_HP_12	43	Pulse	99	3267070	56387	1
A_HP_12	43	Pulse	99	3287070	76387	1
A_HP_12	43	Pulse	99	3307070	96387	1
A_HP_12	43	Pulse	99	3327070	116387	1
A_HP_12	43	Pulse	99	3347070	136387	1
A_HP_12	43	Pulse	99	3367070	156387	1
A_HP_12	43	Pulse	99	3387150	176467	1
A_HP_12	43	Pulse	99	3407070	196387	1
A_HP_12	43	Pulse	99	3427070	216387	1
A_HP_12	43	Pulse	99	3447150	236467	1
A_HP_12	43	Pulse	99	3467070	256387	1
A_HP_12	43	Pulse	99	3487070	276387	1
A_HP_12	43	Pulse	99	3507070	296387	1
A_HP_12	44	Response	3	3527070	6157	1
A_HP_12	44	Pulse	99	3527070	6157	1
A_HP_12	45	Picture	response161	3527714	230	1	40230	1	0	40000	hit	242
A_HP_12	45	Response	2	3537259	9775	1
A_HP_12	45	Pulse	99	3547070	19586	1
A_HP_12	45	Pulse	99	3567070	39587	1
A_HP_12	46	Picture	response163	3578172	289	1	40229	1	0	40000	hit	247
A_HP_12	46	Pulse	99	3587071	9187	1
A_HP_12	46	Response	2	3587488	9605	1
A_HP_12	46	Pulse	99	3607070	29186	1
A_HP_12	46	Pulse	99	3627070	49187	1
A_HP_12	47	Picture	response166	3628464	180	1	40229	1	0	40000	hit	251
A_HP_12	47	Response	1	3644429	16145	1
A_HP_12	47	Pulse	99	3647070	18786	1
A_HP_12	47	Pulse	99	3667070	38787	1
A_HP_12	48	Picture	response164	3678922	239	1	40229	1	0	40000	hit	256
A_HP_12	48	Pulse	99	3687070	8386	1
A_HP_12	48	Response	1	3691719	13035	1
A_HP_12	48	Pulse	99	3707070	28386	1
A_HP_12	48	Pulse	99	3727070	48387	1
A_HP_12	49	Picture	response167	3729214	130	1	40229	1	0	40000	hit	260
A_HP_12	49	Response	2	3739609	10525	1
A_HP_12	49	Pulse	99	3747070	17986	1
A_HP_12	49	Pulse	99	3767070	37987	1
A_HP_12	50	Picture	response168	3779672	188	1	40229	1	0	40000	hit	265
A_HP_12	50	Pulse	99	3787070	7587	1
A_HP_12	50	Response	2	3789639	10155	1
A_HP_12	50	Pulse	99	3807071	27587	1
A_HP_12	50	Pulse	99	3827071	47587	1
A_HP_12	51	Picture	response162	3830130	246	1	40230	1	0	40000	hit	269
A_HP_12	51	Response	1	3841809	11925	1
A_HP_12	51	Pulse	99	3847071	17187	1
A_HP_12	51	Pulse	99	3867070	37186	1
A_HP_12	52	Picture	response165	3880421	137	1	40230	1	0	40000	hit	274
A_HP_12	52	Pulse	99	3887071	6787	1
A_HP_12	52	Response	1	3890339	10055	1
A_HP_12	52	Pulse	99	3907071	26787	1
A_HP_12	52	Pulse	99	3927071	46787	1
A_HP_12	53	Picture	ins15	3930880	197	1	30229	1	0	30000	other	0
A_HP_12	53	Pulse	99	3947071	16387	1
A_HP_12	53	Pulse	99	3967071	36387	1
A_HP_12	53	Pulse	99	3987070	56387	1
A_HP_12	53	Pulse	99	4007071	76387	1
A_HP_12	53	Pulse	99	4027071	96387	1
A_HP_12	53	Pulse	99	4047071	116387	1
A_HP_12	53	Pulse	99	4067071	136387	1
A_HP_12	53	Pulse	99	4087070	156387	1
A_HP_12	53	Pulse	99	4107071	176387	1
A_HP_12	53	Pulse	99	4127071	196387	1
A_HP_12	53	Pulse	99	4147071	216387	1
A_HP_12	53	Pulse	99	4167071	236387	1
A_HP_12	53	Pulse	99	4187071	256387	1
A_HP_12	53	Pulse	99	4207071	276387	1
A_HP_12	53	Pulse	99	4227071	296387	1
A_HP_12	54	Response	3	4247071	6157	1
A_HP_12	54	Pulse	99	4247071	6157	1
A_HP_12	55	Picture	response119	4247714	230	1	40229	1	0	40000	hit	296
A_HP_12	55	Response	2	4256300	8816	1
A_HP_12	55	Pulse	99	4267071	19587	1
A_HP_12	55	Pulse	99	4287071	39587	1
A_HP_12	56	Picture	response114	4298172	288	1	40229	1	0	40000	hit	300
A_HP_12	56	Response	1	4305730	7845	1
A_HP_12	56	Pulse	99	4307071	9186	1
A_HP_12	56	Pulse	99	4327071	29187	1
A_HP_12	56	Pulse	99	4347071	49187	1
A_HP_12	57	Picture	response117	4348464	179	1	40229	1	0	40000	hit	305
A_HP_12	57	Response	1	4355260	6975	1
A_HP_12	57	Pulse	99	4367071	18786	1
A_HP_12	57	Pulse	99	4387071	38787	1
A_HP_12	58	Picture	response116	4398922	237	1	40230	1	0	40000	hit	310
A_HP_12	58	Pulse	99	4407071	8387	1
A_HP_12	58	Response	1	4408719	10035	1
A_HP_12	58	Pulse	99	4427072	28387	1
A_HP_12	58	Pulse	99	4447072	48387	1
A_HP_12	59	Picture	response115	4449214	129	1	40229	1	0	40000	hit	314
A_HP_12	59	Response	2	4455570	6485	1
A_HP_12	59	Pulse	99	4467071	17987	1
A_HP_12	59	Pulse	99	4487072	37987	1
A_HP_12	60	Picture	response118	4499672	187	1	40229	1	0	40000	hit	318
A_HP_12	60	Response	2	4506220	6735	1
A_HP_12	60	Pulse	99	4507071	7586	1
A_HP_12	60	Pulse	99	4527071	27587	1
A_HP_12	60	Pulse	99	4547071	47587	1
A_HP_12	61	Picture	response113	4550130	245	1	40229	1	0	40000	hit	323
A_HP_12	61	Response	2	4561460	11576	1
A_HP_12	61	Pulse	99	4567071	17186	1
A_HP_12	61	Pulse	99	4587071	37187	1
A_HP_12	62	Picture	response120	4600422	137	1	40229	1	0	40000	hit	328
A_HP_12	62	Pulse	99	4607072	6787	1
A_HP_12	62	Response	2	4608800	8515	1
A_HP_12	62	Pulse	99	4627072	26786	1
A_HP_12	62	Pulse	99	4647072	46787	1
A_HP_12	63	Picture	thanks	4650381	0	1	10229	1	0	10000	other	0
A_HP_12	63	Pulse	99	4667072	16691	1


Event Type	Code	Type	Response	RT	RT Uncertainty	Time	Uncertainty	Duration	Uncertainty	ReqTime	ReqDur

Picture	ready	other				267377	1	10229	1	0	10000
Picture	ins5	other				328013	1	30229	1	0	30000
Picture	response35	hit	1	4385	2	647709	1	40229	1	0	40000
Picture	response34	hit	2	6218	2	698168	1	40229	1	0	40000
Picture	response37	hit	2	5546	2	748459	1	40229	1	0	40000
Picture	response36	hit	2	5537	2	798918	1	40229	1	0	40000
Picture	response39	hit	1	4986	2	849209	1	40225	5	0	40000
Picture	response40	hit	2	7681	2	899664	1	40230	1	0	40000
Picture	response33	hit	2	6062	2	950122	1	40229	1	0	40000
Picture	response38	hit	1	5411	2	1000414	1	40229	1	0	40000
Picture	ins23	other				1050873	1	30230	1	0	30000
Picture	response183	hit	1	19965	2	1367710	1	40229	1	0	40000
Picture	response178	hit	1	17537	2	1418169	1	40230	1	0	40000
Picture	response180	hit	1	12085	2	1468461	1	40229	1	0	40000
Picture	response184	hit	1	7927	2	1518919	1	40229	1	0	40000
Picture	response177	hit	2	10995	2	1569211	1	40229	1	0	40000
Picture	response182	hit	2	10027	2	1619669	1	40229	1	0	40000
Picture	response179	hit	2	10869	2	1670127	1	40229	1	0	40000
Picture	response181	hit	2	16226	2	1720420	1	40229	1	0	40000
Picture	ins13	other				1770878	1	30229	1	0	30000
Picture	response102	hit	2	7736	2	2087710	1	40230	1	0	40000
Picture	response101	hit	1	8228	2	2138169	1	40229	1	0	40000
Picture	response99	hit	1	12006	2	2188461	1	40229	1	0	40000
Picture	response100	hit	2	8198	2	2238919	1	40229	1	0	40000
Picture	response103	hit	1	9656	2	2289211	1	40229	1	0	40000
Picture	response97	hit	1	7437	2	2339669	1	40229	1	0	40000
Picture	response104	hit	1	9750	2	2390127	1	40229	1	0	40000
Picture	response98	hit	2	5608	2	2440419	1	40229	1	0	40000
Picture	ins7	other				2490877	1	30229	1	0	30000
Picture	response55	hit	1	7237	2	2807711	1	40229	1	0	40000
Picture	response53	hit	2	5078	2	2858170	1	40229	1	0	40000
Picture	response50	hit	2	4617	2	2908461	1	40229	1	0	40000
Picture	response56	hit	1	4248	2	2958920	1	40229	1	0	40000
Picture	response54	hit	1	3707	2	3009211	1	40229	1	0	40000
Picture	response51	hit	2	3509	2	3059669	1	40229	1	0	40000
Picture	response49	hit	1	5651	2	3110128	1	40229	1	0	40000
Picture	response52	hit	1	10688	2	3160420	1	40230	1	0	40000
Picture	ins21	other				3210878	1	30229	1	0	30000
Picture	response161	hit	2	9545	2	3527714	1	40230	1	0	40000
Picture	response163	hit	2	9316	2	3578172	1	40229	1	0	40000
Picture	response166	hit	1	15965	2	3628464	1	40229	1	0	40000
Picture	response164	hit	1	12797	2	3678922	1	40229	1	0	40000
Picture	response167	hit	2	10395	2	3729214	1	40229	1	0	40000
Picture	response168	hit	2	9967	2	3779672	1	40229	1	0	40000
Picture	response162	hit	1	11680	2	3830130	1	40230	1	0	40000
Picture	response165	hit	1	9918	2	3880421	1	40230	1	0	40000
Picture	ins15	other				3930880	1	30229	1	0	30000
Picture	response119	hit	2	8586	2	4247714	1	40229	1	0	40000
Picture	response114	hit	1	7558	2	4298172	1	40229	1	0	40000
Picture	response117	hit	1	6796	2	4348464	1	40229	1	0	40000
Picture	response116	hit	1	9797	2	4398922	1	40230	1	0	40000
Picture	response115	hit	2	6356	2	4449214	1	40229	1	0	40000
Picture	response118	hit	2	6548	2	4499672	1	40229	1	0	40000
Picture	response113	hit	2	11331	2	4550130	1	40229	1	0	40000
Picture	response120	hit	2	8377	2	4600422	1	40229	1	0	40000
Picture	thanks	other				4650381	1	10229	1	0	10000


{
   "app": "Presentation Version 21.0 Build 06.06.19",
   "device": "LENOVO 20KHCTO1WW",
   "experiment": "{C0C68DB1-10BA-42F2-8F79-3F2AFFEED4E4}",
   "os": "Windows 10 64 bit",
   "package": "",
   "parameters": {
      "configuration": "Default configuration"
   },
   "scenario": "Feature experiment(2).sce",
   "subject": "A_HP_12",
   "timestamp": "2019/09/26 01:08:53 GMT"
}
