Scenario - 
Logfile written - 09/27/2019 15:33:13

Subject	Trial	Event Type	Code	Time	TTime	Uncertainty	Duration	Uncertainty	ReqTime	ReqDur	Stim Type	Pair Index

A_HP_17	1	Response	3	192280	191114	1
A_HP_17	1	Pulse	99	192280	191114	1
A_HP_17	2	Picture	ready	192363	0	1	10229	1	0	10000	other	0
A_HP_17	2	Pulse	99	212280	19917	1
A_HP_17	2	Pulse	99	232280	39917	1
A_HP_17	2	Pulse	99	252280	59917	1
A_HP_17	3	Picture	ins23	252989	234	1	30229	1	0	30000	other	0
A_HP_17	3	Pulse	99	272280	19525	1
A_HP_17	3	Pulse	99	292280	39525	1
A_HP_17	3	Pulse	99	312280	59525	1
A_HP_17	3	Pulse	99	332280	79525	1
A_HP_17	3	Pulse	99	352280	99524	1
A_HP_17	3	Pulse	99	372280	119525	1
A_HP_17	3	Pulse	99	392360	139605	1
A_HP_17	3	Pulse	99	412280	159525	1
A_HP_17	3	Pulse	99	432280	179525	1
A_HP_17	3	Pulse	99	452280	199525	1
A_HP_17	3	Pulse	99	472280	219525	1
A_HP_17	3	Pulse	99	492280	239525	1
A_HP_17	3	Pulse	99	512280	259525	1
A_HP_17	3	Pulse	99	532280	279525	1
A_HP_17	3	Pulse	99	552280	299525	1
A_HP_17	4	Response	3	572280	9294	1
A_HP_17	4	Pulse	99	572280	9294	1
A_HP_17	5	Picture	response179	572884	230	1	40229	1	0	40000	hit	27
A_HP_17	5	Pulse	99	592280	19625	1
A_HP_17	5	Response	2	593538	20883	1
A_HP_17	5	Pulse	99	612280	39625	1
A_HP_17	6	Picture	response184	623176	121	1	40229	1	0	40000	hit	31
A_HP_17	6	Pulse	99	632280	9225	1
A_HP_17	6	Response	1	648569	25514	1
A_HP_17	6	Pulse	99	652280	29225	1
A_HP_17	6	Pulse	99	672280	49225	1
A_HP_17	7	Picture	response177	673634	180	1	40229	1	0	40000	hit	36
A_HP_17	7	Pulse	99	692280	18826	1
A_HP_17	7	Response	2	697858	24404	1
A_HP_17	7	Pulse	99	712280	38826	1
A_HP_17	8	Picture	response178	724092	237	1	40229	1	0	40000	hit	41
A_HP_17	8	Pulse	99	732281	8425	1
A_HP_17	8	Pulse	99	752280	28425	1
A_HP_17	8	Response	1	752629	28773	1
A_HP_17	8	Pulse	99	772280	48425	1
A_HP_17	9	Picture	response183	774383	128	1	40229	1	0	40000	hit	45
A_HP_17	9	Pulse	99	792281	18026	1
A_HP_17	9	Response	1	793468	19213	1
A_HP_17	9	Pulse	99	812281	38025	1
A_HP_17	10	Picture	response181	824842	186	1	40229	1	0	40000	hit	49
A_HP_17	10	Pulse	99	832281	7625	1
A_HP_17	10	Response	2	840919	16264	1
A_HP_17	10	Pulse	99	852281	27625	1
A_HP_17	10	Pulse	99	872281	47625	1
A_HP_17	11	Picture	response180	875299	244	1	40229	1	0	40000	hit	54
A_HP_17	11	Pulse	99	892281	17225	1
A_HP_17	11	Response	1	901690	26634	1
A_HP_17	11	Pulse	99	912281	37225	1
A_HP_17	12	Picture	response182	925591	135	1	40229	1	0	40000	hit	58
A_HP_17	12	Pulse	99	932281	6825	1
A_HP_17	12	Response	2	944690	19234	1
A_HP_17	12	Pulse	99	952281	26825	1
A_HP_17	12	Pulse	99	972281	46825	1
A_HP_17	13	Picture	ins21	976049	194	1	30229	1	0	30000	other	0
A_HP_17	13	Pulse	99	992281	16425	1
A_HP_17	13	Pulse	99	1012281	36425	1
A_HP_17	13	Pulse	99	1032281	56425	1
A_HP_17	13	Pulse	99	1052281	76426	1
A_HP_17	13	Pulse	99	1072281	96426	1
A_HP_17	13	Pulse	99	1092281	116425	1
A_HP_17	13	Pulse	99	1112281	136426	1
A_HP_17	13	Pulse	99	1132281	156426	1
A_HP_17	13	Pulse	99	1152281	176426	1
A_HP_17	13	Pulse	99	1172281	196425	1
A_HP_17	13	Pulse	99	1192281	216426	1
A_HP_17	13	Pulse	99	1212281	236425	1
A_HP_17	13	Pulse	99	1232281	256426	1
A_HP_17	13	Pulse	99	1252281	276426	1
A_HP_17	13	Pulse	99	1272281	296426	1
A_HP_17	14	Response	3	1292281	6196	1
A_HP_17	14	Pulse	99	1292281	6196	1
A_HP_17	15	Picture	response165	1292886	230	1	40229	1	0	40000	hit	81
A_HP_17	15	Pulse	99	1312281	19625	1
A_HP_17	15	Response	1	1313789	21133	1
A_HP_17	15	Pulse	99	1332281	39625	1
A_HP_17	16	Picture	response168	1343177	121	1	40229	1	0	40000	hit	85
A_HP_17	16	Pulse	99	1352281	9226	1
A_HP_17	16	Response	2	1358430	15374	1
A_HP_17	16	Pulse	99	1372282	29226	1
A_HP_17	16	Pulse	99	1392281	49226	1
A_HP_17	17	Picture	response162	1393670	213	1	40229	1	0	40000	hit	89
A_HP_17	17	Response	1	1409350	15894	1
A_HP_17	17	Pulse	99	1412281	18824	1
A_HP_17	17	Pulse	99	1432281	38825	1
A_HP_17	18	Picture	response166	1444128	271	1	40229	1	0	40000	hit	93
A_HP_17	18	Response	1	1451821	7964	1
A_HP_17	18	Pulse	99	1452281	8425	1
A_HP_17	18	Pulse	99	1472282	28425	1
A_HP_17	18	Pulse	99	1492282	48425	1
A_HP_17	19	Picture	response163	1494419	162	1	40229	1	0	40000	hit	98
A_HP_17	19	Response	2	1506140	11884	1
A_HP_17	19	Pulse	99	1512281	18025	1
A_HP_17	19	Pulse	99	1532282	38026	1
A_HP_17	20	Picture	response161	1544877	220	1	40229	1	0	40000	hit	103
A_HP_17	20	Pulse	99	1552282	7625	1
A_HP_17	20	Response	2	1562520	17864	1
A_HP_17	20	Pulse	99	1572282	27625	1
A_HP_17	20	Pulse	99	1592282	47625	1
A_HP_17	21	Picture	response167	1595334	278	1	40229	1	0	40000	hit	107
A_HP_17	21	Response	2	1606470	11414	1
A_HP_17	21	Pulse	99	1612281	17225	1
A_HP_17	21	Pulse	99	1632282	37226	1
A_HP_17	22	Picture	response164	1645626	169	1	40229	1	0	40000	hit	112
A_HP_17	22	Pulse	99	1652282	6825	1
A_HP_17	22	Response	1	1658761	13304	1
A_HP_17	22	Pulse	99	1672282	26825	1
A_HP_17	22	Pulse	99	1692282	46825	1
A_HP_17	23	Picture	ins5	1696084	227	1	30229	1	0	30000	other	0
A_HP_17	23	Pulse	99	1712282	16425	1
A_HP_17	23	Pulse	99	1732282	36425	1
A_HP_17	23	Pulse	99	1752282	56425	1
A_HP_17	23	Pulse	99	1772282	76425	1
A_HP_17	23	Pulse	99	1792282	96425	1
A_HP_17	23	Pulse	99	1812282	116425	1
A_HP_17	23	Pulse	99	1832282	136425	1
A_HP_17	23	Pulse	99	1852282	156425	1
A_HP_17	23	Pulse	99	1872282	176425	1
A_HP_17	23	Pulse	99	1892282	196425	1
A_HP_17	23	Pulse	99	1912282	216425	1
A_HP_17	23	Pulse	99	1932282	236425	1
A_HP_17	23	Pulse	99	1952282	256425	1
A_HP_17	23	Pulse	99	1972282	276426	1
A_HP_17	23	Pulse	99	1992282	296426	1
A_HP_17	24	Response	3	2012282	6195	1
A_HP_17	24	Pulse	99	2012282	6195	1
A_HP_17	25	Picture	response36	2012886	230	1	40229	1	0	40000	hit	134
A_HP_17	25	Response	2	2020421	7764	1
A_HP_17	25	Pulse	99	2032282	19625	1
A_HP_17	25	Pulse	99	2052282	39626	1
A_HP_17	26	Picture	response33	2063178	120	1	40229	1	0	40000	hit	138
A_HP_17	26	Response	2	2067931	4874	1
A_HP_17	26	Pulse	99	2072282	9224	1
A_HP_17	26	Pulse	99	2092282	29225	1
A_HP_17	26	Pulse	99	2112282	49225	1
A_HP_17	27	Picture	response39	2113635	178	1	40229	1	0	40000	hit	143
A_HP_17	27	Response	1	2119791	6335	1
A_HP_17	27	Pulse	99	2132282	18826	1
A_HP_17	27	Pulse	99	2152283	38826	1
A_HP_17	28	Picture	response35	2164093	236	1	40230	1	0	40000	hit	147
A_HP_17	28	Response	1	2168781	4924	1
A_HP_17	28	Pulse	99	2172282	8425	1
A_HP_17	28	Pulse	99	2192283	28425	1
A_HP_17	28	Pulse	99	2212283	48425	1
A_HP_17	29	Picture	response40	2214385	128	1	40229	1	0	40000	hit	152
A_HP_17	29	Response	2	2220691	6434	1
A_HP_17	29	Pulse	99	2232282	18025	1
A_HP_17	29	Pulse	99	2252283	38025	1
A_HP_17	30	Picture	response38	2264843	186	1	40230	1	0	40000	hit	157
A_HP_17	30	Pulse	99	2272283	7626	1
A_HP_17	30	Response	1	2274210	9553	1
A_HP_17	30	Pulse	99	2292283	27625	1
A_HP_17	30	Pulse	99	2312283	47625	1
A_HP_17	31	Picture	response37	2315302	244	1	40229	1	0	40000	hit	161
A_HP_17	31	Response	2	2321671	6614	1
A_HP_17	31	Pulse	99	2332283	17225	1
A_HP_17	31	Pulse	99	2352283	37225	1
A_HP_17	32	Picture	response34	2365594	136	1	40229	1	0	40000	hit	166
A_HP_17	32	Pulse	99	2372283	6825	1
A_HP_17	32	Response	2	2376532	11074	1
A_HP_17	32	Pulse	99	2392283	26825	1
A_HP_17	32	Pulse	99	2412283	46825	1
A_HP_17	33	Picture	ins7	2416052	194	1	30229	1	0	30000	other	0
A_HP_17	33	Pulse	99	2432283	16425	1
A_HP_17	33	Pulse	99	2452283	36425	1
A_HP_17	33	Pulse	99	2472283	56425	1
A_HP_17	33	Pulse	99	2492283	76425	1
A_HP_17	33	Pulse	99	2512283	96425	1
A_HP_17	33	Pulse	99	2532283	116426	1
A_HP_17	33	Pulse	99	2552283	136426	1
A_HP_17	33	Pulse	99	2572283	156425	1
A_HP_17	33	Pulse	99	2592283	176425	1
A_HP_17	33	Pulse	99	2612283	196426	1
A_HP_17	33	Pulse	99	2632283	216426	1
A_HP_17	33	Pulse	99	2652283	236426	1
A_HP_17	33	Pulse	99	2672283	256426	1
A_HP_17	33	Pulse	99	2692288	276430	1
A_HP_17	33	Pulse	99	2712283	296426	1
A_HP_17	34	Response	3	2732283	6195	1
A_HP_17	34	Pulse	99	2732283	6195	1
A_HP_17	35	Picture	response51	2732889	230	1	40229	1	0	40000	hit	188
A_HP_17	35	Response	2	2739602	6944	1
A_HP_17	35	Pulse	99	2752283	19625	1
A_HP_17	35	Pulse	99	2772283	39625	1
A_HP_17	36	Picture	response55	2783180	122	1	40229	1	0	40000	hit	192
A_HP_17	36	Response	1	2791212	8154	1
A_HP_17	36	Pulse	99	2792283	9225	1
A_HP_17	36	Pulse	99	2812283	29225	1
A_HP_17	36	Pulse	99	2832284	49225	1
A_HP_17	37	Picture	response49	2833639	180	1	40229	1	0	40000	hit	197
A_HP_17	37	Response	1	2840402	6944	1
A_HP_17	37	Pulse	99	2852283	18824	1
A_HP_17	37	Pulse	99	2872284	38825	1
A_HP_17	38	Picture	response56	2884097	238	1	40230	1	0	40000	hit	201
A_HP_17	38	Response	1	2887912	4054	1
A_HP_17	38	Pulse	99	2892282	8424	1
A_HP_17	38	Pulse	99	2912284	28425	1
A_HP_17	38	Pulse	99	2932284	48425	1
A_HP_17	39	Picture	response54	2934389	131	1	40229	1	0	40000	hit	206
A_HP_17	39	Response	1	2939812	5554	1
A_HP_17	39	Pulse	99	2952284	18025	1
A_HP_17	39	Pulse	99	2972284	38025	1
A_HP_17	40	Picture	response50	2984847	188	1	40229	1	0	40000	hit	210
A_HP_17	40	Response	2	2991573	6914	1
A_HP_17	40	Pulse	99	2992283	7625	1
A_HP_17	40	Pulse	99	3012284	27625	1
A_HP_17	40	Pulse	99	3032284	47625	1
A_HP_17	41	Picture	response53	3035305	247	1	40230	1	0	40000	hit	215
A_HP_17	41	Response	2	3044973	9914	1
A_HP_17	41	Pulse	99	3052284	17225	1
A_HP_17	41	Pulse	99	3072284	37225	1
A_HP_17	42	Picture	response52	3085597	139	1	40229	1	0	40000	hit	219
A_HP_17	42	Response	1	3090783	5324	1
A_HP_17	42	Pulse	99	3092283	6825	1
A_HP_17	42	Pulse	99	3112284	26825	1
A_HP_17	42	Pulse	99	3132284	46826	1
A_HP_17	43	Picture	ins13	3136056	197	1	30229	1	0	30000	other	0
A_HP_17	43	Pulse	99	3152284	16425	1
A_HP_17	43	Pulse	99	3172284	36425	1
A_HP_17	43	Pulse	99	3192284	56425	1
A_HP_17	43	Pulse	99	3212284	76425	1
A_HP_17	43	Pulse	99	3232284	96425	1
A_HP_17	43	Pulse	99	3252284	116425	1
A_HP_17	43	Pulse	99	3272284	136425	1
A_HP_17	43	Pulse	99	3292284	156425	1
A_HP_17	43	Pulse	99	3312284	176425	1
A_HP_17	43	Pulse	99	3332284	196425	1
A_HP_17	43	Pulse	99	3352284	216425	1
A_HP_17	43	Pulse	99	3372284	236425	1
A_HP_17	43	Pulse	99	3392284	256425	1
A_HP_17	43	Pulse	99	3412284	276426	1
A_HP_17	43	Pulse	99	3432284	296425	1
A_HP_17	44	Response	3	3452284	6195	1
A_HP_17	44	Pulse	99	3452284	6195	1
A_HP_17	45	Picture	response100	3452890	230	1	40229	1	0	40000	hit	242
A_HP_17	45	Response	2	3468383	15724	1
A_HP_17	45	Pulse	99	3472284	19624	1
A_HP_17	45	Pulse	99	3492284	39625	1
A_HP_17	46	Picture	response103	3503181	122	1	40229	1	0	40000	hit	248
A_HP_17	46	Pulse	99	3512284	9225	1
A_HP_17	46	Pulse	99	3532285	29225	1
A_HP_17	46	Response	1	3533332	30273	1
A_HP_17	46	Pulse	99	3552285	49225	1
A_HP_17	47	Picture	response104	3553639	181	1	40229	1	0	40000	hit	251
A_HP_17	47	Response	1	3563483	10025	1
A_HP_17	47	Pulse	99	3572285	18826	1
A_HP_17	47	Pulse	99	3592285	38826	1
A_HP_17	48	Picture	response99	3604097	238	1	40229	1	0	40000	incorrect	257
A_HP_17	48	Pulse	99	3612285	8425	1
A_HP_17	48	Pulse	99	3632284	28425	1
A_HP_17	48	Response	2	3634623	30763	1
A_HP_17	48	Pulse	99	3652285	48425	1
A_HP_17	49	Picture	response102	3654390	130	1	40230	1	0	40000	hit	260
A_HP_17	49	Response	2	3668853	14594	1
A_HP_17	49	Pulse	99	3672284	18024	1
A_HP_17	49	Pulse	99	3692284	38025	1
A_HP_17	50	Picture	response98	3704848	189	1	40229	1	0	40000	hit	265
A_HP_17	50	Pulse	99	3712285	7625	1
A_HP_17	50	Response	2	3718193	13533	1
A_HP_17	50	Pulse	99	3732285	27625	1
A_HP_17	50	Pulse	99	3752285	47625	1
A_HP_17	51	Picture	response97	3755307	247	1	40229	1	0	40000	hit	270
A_HP_17	51	Pulse	99	3772285	17225	1
A_HP_17	51	Response	1	3772803	17743	1
A_HP_17	51	Pulse	99	3792285	37225	1
A_HP_17	52	Picture	response101	3805598	139	1	40229	1	0	40000	hit	274
A_HP_17	52	Pulse	99	3812285	6825	1
A_HP_17	52	Response	1	3815033	9573	1
A_HP_17	52	Pulse	99	3832285	26825	1
A_HP_17	52	Pulse	99	3852285	46825	1
A_HP_17	53	Picture	ins15	3856056	197	1	30229	1	0	30000	other	0
A_HP_17	53	Pulse	99	3872285	16425	1
A_HP_17	53	Pulse	99	3892285	36425	1
A_HP_17	53	Pulse	99	3912285	56426	1
A_HP_17	53	Pulse	99	3932285	76426	1
A_HP_17	53	Pulse	99	3952285	96426	1
A_HP_17	53	Pulse	99	3972285	116426	1
A_HP_17	53	Pulse	99	3992285	136425	1
A_HP_17	53	Pulse	99	4012285	156426	1
A_HP_17	53	Pulse	99	4032285	176426	1
A_HP_17	53	Pulse	99	4052285	196426	1
A_HP_17	53	Pulse	99	4072285	216426	1
A_HP_17	53	Pulse	99	4092285	236426	1
A_HP_17	53	Pulse	99	4112285	256426	1
A_HP_17	53	Pulse	99	4132286	276426	1
A_HP_17	53	Pulse	99	4152286	296426	1
A_HP_17	54	Response	3	4172285	6196	1
A_HP_17	54	Pulse	99	4172285	6196	1
A_HP_17	55	Picture	response119	4172890	230	1	40229	1	0	40000	hit	296
A_HP_17	55	Response	2	4181914	9254	1
A_HP_17	55	Pulse	99	4192286	19625	1
A_HP_17	55	Pulse	99	4212286	39625	1
A_HP_17	56	Picture	response114	4223182	121	1	40229	1	0	40000	hit	302
A_HP_17	56	Pulse	99	4232286	9225	1
A_HP_17	56	Pulse	99	4252286	29225	1
A_HP_17	56	Response	1	4254603	31543	1
A_HP_17	56	Pulse	99	4272286	49225	1
A_HP_17	57	Picture	response120	4273640	180	1	40229	1	0	40000	hit	305
A_HP_17	57	Response	2	4285394	11935	1
A_HP_17	57	Pulse	99	4292285	18826	1
A_HP_17	57	Pulse	99	4312285	38826	1
A_HP_17	58	Picture	response115	4324098	237	1	40229	1	0	40000	hit	309
A_HP_17	58	Response	2	4331524	7664	1
A_HP_17	58	Pulse	99	4332285	8424	1
A_HP_17	58	Pulse	99	4352286	28425	1
A_HP_17	58	Pulse	99	4372286	48425	1
A_HP_17	59	Picture	response116	4374390	130	1	40229	1	0	40000	hit	315
A_HP_17	59	Pulse	99	4392286	18025	1
A_HP_17	59	Response	1	4393734	19474	1
A_HP_17	59	Pulse	99	4412286	38026	1
A_HP_17	60	Picture	response113	4424849	188	1	40229	1	0	40000	hit	319
A_HP_17	60	Pulse	99	4432286	7625	1
A_HP_17	60	Response	2	4440294	15633	1
A_HP_17	60	Pulse	99	4452285	27625	1
A_HP_17	60	Pulse	99	4472286	47625	1
A_HP_17	61	Picture	response118	4475307	246	1	40229	1	0	40000	hit	323
A_HP_17	61	Response	2	4483065	8004	1
A_HP_17	61	Pulse	99	4492286	17225	1
A_HP_17	61	Pulse	99	4512286	37225	1
A_HP_17	62	Picture	response117	4525599	139	1	40229	1	0	40000	hit	328
A_HP_17	62	Pulse	99	4532286	6825	1
A_HP_17	62	Response	1	4537274	11813	1
A_HP_17	62	Pulse	99	4552286	26825	1
A_HP_17	62	Pulse	99	4572286	46825	1
A_HP_17	63	Picture	thanks	4575558	0	1	10229	1	0	10000	other	0
A_HP_17	63	Pulse	99	4592286	16728	1


Event Type	Code	Type	Response	RT	RT Uncertainty	Time	Uncertainty	Duration	Uncertainty	ReqTime	ReqDur

Picture	ready	other				192363	1	10229	1	0	10000
Picture	ins23	other				252989	1	30229	1	0	30000
Picture	response179	hit	2	20654	2	572884	1	40229	1	0	40000
Picture	response184	hit	1	25393	2	623176	1	40229	1	0	40000
Picture	response177	hit	2	24225	2	673634	1	40229	1	0	40000
Picture	response178	hit	1	28537	2	724092	1	40229	1	0	40000
Picture	response183	hit	1	19085	2	774383	1	40229	1	0	40000
Picture	response181	hit	2	16078	2	824842	1	40229	1	0	40000
Picture	response180	hit	1	26390	2	875299	1	40229	1	0	40000
Picture	response182	hit	2	19099	2	925591	1	40229	1	0	40000
Picture	ins21	other				976049	1	30229	1	0	30000
Picture	response165	hit	1	20904	2	1292886	1	40229	1	0	40000
Picture	response168	hit	2	15253	2	1343177	1	40229	1	0	40000
Picture	response162	hit	1	15681	2	1393670	1	40229	1	0	40000
Picture	response166	hit	1	7693	2	1444128	1	40229	1	0	40000
Picture	response163	hit	2	11721	2	1494419	1	40229	1	0	40000
Picture	response161	hit	2	17644	2	1544877	1	40229	1	0	40000
Picture	response167	hit	2	11136	2	1595334	1	40229	1	0	40000
Picture	response164	hit	1	13135	2	1645626	1	40229	1	0	40000
Picture	ins5	other				1696084	1	30229	1	0	30000
Picture	response36	hit	2	7535	2	2012886	1	40229	1	0	40000
Picture	response33	hit	2	4754	2	2063178	1	40229	1	0	40000
Picture	response39	hit	1	6156	2	2113635	1	40229	1	0	40000
Picture	response35	hit	1	4688	2	2164093	1	40230	1	0	40000
Picture	response40	hit	2	6306	2	2214385	1	40229	1	0	40000
Picture	response38	hit	1	9367	2	2264843	1	40230	1	0	40000
Picture	response37	hit	2	6369	2	2315302	1	40229	1	0	40000
Picture	response34	hit	2	10938	2	2365594	1	40229	1	0	40000
Picture	ins7	other				2416052	1	30229	1	0	30000
Picture	response51	hit	2	6713	2	2732889	1	40229	1	0	40000
Picture	response55	hit	1	8032	2	2783180	1	40229	1	0	40000
Picture	response49	hit	1	6764	2	2833639	1	40229	1	0	40000
Picture	response56	hit	1	3816	2	2884097	1	40230	1	0	40000
Picture	response54	hit	1	5424	2	2934389	1	40229	1	0	40000
Picture	response50	hit	2	6725	2	2984847	1	40229	1	0	40000
Picture	response53	hit	2	9667	2	3035305	1	40230	1	0	40000
Picture	response52	hit	1	5186	2	3085597	1	40229	1	0	40000
Picture	ins13	other				3136056	1	30229	1	0	30000
Picture	response100	hit	2	15493	2	3452890	1	40229	1	0	40000
Picture	response103	hit	1	30151	2	3503181	1	40229	1	0	40000
Picture	response104	hit	1	9844	2	3553639	1	40229	1	0	40000
Picture	response99	incorrect	2	30525	2	3604097	1	40229	1	0	40000
Picture	response102	hit	2	14464	2	3654390	1	40230	1	0	40000
Picture	response98	hit	2	13345	2	3704848	1	40229	1	0	40000
Picture	response97	hit	1	17496	2	3755307	1	40229	1	0	40000
Picture	response101	hit	1	9435	2	3805598	1	40229	1	0	40000
Picture	ins15	other				3856056	1	30229	1	0	30000
Picture	response119	hit	2	9024	2	4172890	1	40229	1	0	40000
Picture	response114	hit	1	31422	2	4223182	1	40229	1	0	40000
Picture	response120	hit	2	11755	2	4273640	1	40229	1	0	40000
Picture	response115	hit	2	7427	2	4324098	1	40229	1	0	40000
Picture	response116	hit	1	19344	2	4374390	1	40229	1	0	40000
Picture	response113	hit	2	15445	2	4424849	1	40229	1	0	40000
Picture	response118	hit	2	7757	2	4475307	1	40229	1	0	40000
Picture	response117	hit	1	11675	2	4525599	1	40229	1	0	40000
Picture	thanks	other				4575558	1	10229	1	0	10000


{
   "app": "Presentation Version 21.0 Build 06.06.19",
   "device": "LENOVO 20KHCTO1WW",
   "experiment": "{C0C68DB1-10BA-42F2-8F79-3F2AFFEED4E4}",
   "os": "Windows 10 64 bit",
   "package": "",
   "parameters": {
      "configuration": "Default configuration"
   },
   "scenario": "Feature experiment(2).sce",
   "subject": "A_HP_17",
   "timestamp": "2019/09/27 06:25:24 GMT"
}
