Scenario - 
Logfile written - 08/30/2019 11:10:54

Subject	Trial	Event Type	Code	Time	TTime	Uncertainty	Duration	Uncertainty	ReqTime	ReqDur	Stim Type	Pair Index

A_HP_08	1	Response	3	382021	381188	1
A_HP_08	1	Pulse	99	382021	381188	1
A_HP_08	2	Picture	ready	382253	0	1	10229	1	0	10000	other	0
A_HP_08	2	Pulse	99	402021	19768	1
A_HP_08	2	Pulse	99	422021	39768	1
A_HP_08	2	Pulse	99	442021	59768	1
A_HP_08	3	Picture	ins7	442857	234	1	30229	1	0	30000	other	0
A_HP_08	3	Pulse	99	462021	19398	1
A_HP_08	3	Pulse	99	482021	39398	1
A_HP_08	3	Pulse	99	502021	59398	1
A_HP_08	3	Pulse	99	522021	79398	1
A_HP_08	3	Pulse	99	542021	99398	1
A_HP_08	3	Pulse	99	562021	119398	1
A_HP_08	3	Pulse	99	582021	139398	1
A_HP_08	3	Pulse	99	602021	159398	1
A_HP_08	3	Pulse	99	622021	179398	1
A_HP_08	3	Pulse	99	642021	199398	1
A_HP_08	3	Pulse	99	662022	219398	1
A_HP_08	3	Pulse	99	682021	239398	1
A_HP_08	3	Pulse	99	702021	259398	1
A_HP_08	3	Pulse	99	722022	279398	1
A_HP_08	3	Pulse	99	742021	299398	1
A_HP_08	4	Response	3	762022	9168	1
A_HP_08	4	Pulse	99	762022	9168	1
A_HP_08	5	Picture	response50	762657	233	1	40229	1	0	40000	hit	26
A_HP_08	5	Response	2	767830	5406	1
A_HP_08	5	Pulse	99	782022	19598	1
A_HP_08	5	Pulse	99	802022	39598	1
A_HP_08	6	Picture	response51	813115	292	1	40229	1	0	40000	hit	30
A_HP_08	6	Response	2	817790	4967	1
A_HP_08	6	Pulse	99	822021	9197	1
A_HP_08	6	Pulse	99	842021	29198	1
A_HP_08	6	Pulse	99	862021	49198	1
A_HP_08	7	Picture	response54	863406	183	1	40229	1	0	40000	hit	35
A_HP_08	7	Response	1	869670	6447	1
A_HP_08	7	Pulse	99	882022	18798	1
A_HP_08	7	Pulse	99	902021	38798	1
A_HP_08	8	Picture	response52	913864	241	1	40229	1	0	40000	hit	39
A_HP_08	8	Response	1	919580	5956	1
A_HP_08	8	Pulse	99	922020	8397	1
A_HP_08	8	Pulse	99	942021	28397	1
A_HP_08	8	Pulse	99	962020	48397	1
A_HP_08	9	Picture	response55	964156	133	1	40229	1	0	40000	hit	44
A_HP_08	9	Response	1	967889	3866	1
A_HP_08	9	Pulse	99	982020	17997	1
A_HP_08	9	Pulse	99	1002021	37997	1
A_HP_08	10	Picture	response53	1014787	363	1	40229	1	0	40000	hit	48
A_HP_08	10	Response	2	1019370	4947	1
A_HP_08	10	Pulse	99	1022021	7597	1
A_HP_08	10	Pulse	99	1042021	27598	1
A_HP_08	10	Pulse	99	1062021	47598	1
A_HP_08	11	Picture	response49	1065078	255	1	40229	1	0	40000	hit	53
A_HP_08	11	Response	1	1072690	7866	1
A_HP_08	11	Pulse	99	1082021	17198	1
A_HP_08	11	Pulse	99	1102021	37198	1
A_HP_08	12	Picture	response56	1115370	147	1	40229	1	0	40000	hit	58
A_HP_08	12	Pulse	99	1122021	6798	1
A_HP_08	12	Response	1	1130899	15676	1
A_HP_08	12	Pulse	99	1142021	26798	1
A_HP_08	12	Pulse	99	1162021	46798	1
A_HP_08	13	Picture	ins23	1165828	205	1	30230	1	0	30000	other	0
A_HP_08	13	Pulse	99	1182021	16398	1
A_HP_08	13	Pulse	99	1202021	36398	1
A_HP_08	13	Pulse	99	1222021	56398	1
A_HP_08	13	Pulse	99	1242021	76398	1
A_HP_08	13	Pulse	99	1262021	96398	1
A_HP_08	13	Pulse	99	1282021	116398	1
A_HP_08	13	Pulse	99	1302021	136398	1
A_HP_08	13	Pulse	99	1322021	156398	1
A_HP_08	13	Pulse	99	1342021	176398	1
A_HP_08	13	Pulse	99	1362021	196398	1
A_HP_08	13	Pulse	99	1382021	216398	1
A_HP_08	13	Pulse	99	1402021	236398	1
A_HP_08	13	Pulse	99	1422021	256398	1
A_HP_08	13	Pulse	99	1442021	276398	1
A_HP_08	13	Pulse	99	1462021	296398	1
A_HP_08	14	Response	3	1482021	6167	1
A_HP_08	14	Pulse	99	1482021	6167	1
A_HP_08	15	Picture	response184	1482653	230	1	40229	1	0	40000	incorrect	80
A_HP_08	15	Response	2	1495670	13246	1
A_HP_08	15	Pulse	99	1502021	19598	1
A_HP_08	15	Pulse	99	1522021	39597	1
A_HP_08	16	Picture	response177	1533110	287	1	40229	1	0	40000	hit	85
A_HP_08	16	Pulse	99	1542021	9198	1
A_HP_08	16	Response	2	1550530	17706	1
A_HP_08	16	Pulse	99	1562021	29198	1
A_HP_08	16	Pulse	99	1582021	49198	1
A_HP_08	17	Picture	response179	1583401	178	1	40230	1	0	40000	hit	89
A_HP_08	17	Response	2	1599859	16636	1
A_HP_08	17	Pulse	99	1602020	18797	1
A_HP_08	17	Pulse	99	1622021	38798	1
A_HP_08	18	Picture	response181	1633859	236	1	40229	1	0	40000	hit	94
A_HP_08	18	Pulse	99	1642021	8398	1
A_HP_08	18	Response	2	1652510	18886	1
A_HP_08	18	Pulse	99	1662021	28397	1
A_HP_08	18	Pulse	99	1682021	48398	1
A_HP_08	19	Picture	response183	1684151	128	1	40229	1	0	40000	hit	98
A_HP_08	19	Response	1	1693639	9616	1
A_HP_08	19	Pulse	99	1702020	17997	1
A_HP_08	19	Pulse	99	1722020	37997	1
A_HP_08	20	Picture	response180	1734775	352	1	40229	1	0	40000	hit	103
A_HP_08	20	Pulse	99	1742021	7598	1
A_HP_08	20	Response	1	1747709	13286	1
A_HP_08	20	Pulse	99	1762021	27598	1
A_HP_08	20	Pulse	99	1782021	47598	1
A_HP_08	21	Picture	response178	1785066	243	1	40229	1	0	40000	hit	108
A_HP_08	21	Pulse	99	1802021	17198	1
A_HP_08	21	Response	1	1803059	18236	1
A_HP_08	21	Pulse	99	1822020	37197	1
A_HP_08	22	Picture	response182	1835357	134	1	40229	1	0	40000	hit	112
A_HP_08	22	Pulse	99	1842021	6798	1
A_HP_08	22	Response	2	1843069	7846	1
A_HP_08	22	Pulse	99	1862021	26798	1
A_HP_08	22	Pulse	99	1882021	46798	1
A_HP_08	23	Picture	ins5	1885815	192	1	30229	1	0	30000	other	0
A_HP_08	23	Pulse	99	1902020	16398	1
A_HP_08	23	Pulse	99	1922021	36398	1
A_HP_08	23	Pulse	99	1942021	56398	1
A_HP_08	23	Pulse	99	1962021	76398	1
A_HP_08	23	Pulse	99	1982021	96398	1
A_HP_08	23	Pulse	99	2002020	116398	1
A_HP_08	23	Pulse	99	2022021	136398	1
A_HP_08	23	Pulse	99	2042020	156397	1
A_HP_08	23	Pulse	99	2062021	176398	1
A_HP_08	23	Pulse	99	2082021	196398	1
A_HP_08	23	Pulse	99	2102021	216398	1
A_HP_08	23	Pulse	99	2122021	236398	1
A_HP_08	23	Pulse	99	2142021	256398	1
A_HP_08	23	Pulse	99	2162021	276398	1
A_HP_08	23	Pulse	99	2182021	296398	1
A_HP_08	24	Response	3	2202021	6167	1
A_HP_08	24	Pulse	99	2202021	6167	1
A_HP_08	25	Picture	response40	2202653	230	1	40229	1	0	40000	hit	134
A_HP_08	25	Response	2	2209919	7496	1
A_HP_08	25	Pulse	99	2222021	19598	1
A_HP_08	25	Pulse	99	2242021	39598	1
A_HP_08	26	Picture	response36	2253110	287	1	40229	1	0	40000	hit	138
A_HP_08	26	Response	2	2259459	6636	1
A_HP_08	26	Pulse	99	2262020	9197	1
A_HP_08	26	Pulse	99	2282020	29197	1
A_HP_08	26	Pulse	99	2302020	49197	1
A_HP_08	27	Picture	response39	2303401	179	1	40229	1	0	40000	hit	143
A_HP_08	27	Response	1	2313949	10726	1
A_HP_08	27	Pulse	99	2322020	18797	1
A_HP_08	27	Pulse	99	2342020	38798	1
A_HP_08	28	Picture	response33	2353859	236	1	40229	1	0	40000	hit	147
A_HP_08	28	Response	2	2358289	4666	1
A_HP_08	28	Pulse	99	2362020	8397	1
A_HP_08	28	Pulse	99	2382020	28397	1
A_HP_08	28	Pulse	99	2402020	48398	1
A_HP_08	29	Picture	response34	2404151	128	1	40229	1	0	40000	hit	152
A_HP_08	29	Response	2	2408879	4856	1
A_HP_08	29	Pulse	99	2422020	17997	1
A_HP_08	29	Pulse	99	2442020	37997	1
A_HP_08	30	Picture	response38	2454776	352	1	40230	1	0	40000	hit	156
A_HP_08	30	Response	1	2461229	6806	1
A_HP_08	30	Pulse	99	2462020	7597	1
A_HP_08	30	Pulse	99	2482020	27597	1
A_HP_08	30	Pulse	99	2502020	47597	1
A_HP_08	31	Picture	response37	2505068	247	1	40230	1	0	40000	hit	161
A_HP_08	31	Response	2	2512029	7207	1
A_HP_08	31	Pulse	99	2522020	17198	1
A_HP_08	31	Pulse	99	2542020	37199	1
A_HP_08	32	Picture	response35	2555360	138	1	40230	1	0	40000	hit	166
A_HP_08	32	Pulse	99	2562020	6798	1
A_HP_08	32	Response	1	2562548	7326	1
A_HP_08	32	Pulse	99	2582020	26798	1
A_HP_08	32	Pulse	99	2602020	46798	1
A_HP_08	33	Picture	ins13	2605819	196	1	30229	1	0	30000	other	0
A_HP_08	33	Pulse	99	2622021	16398	1
A_HP_08	33	Pulse	99	2642020	36397	1
A_HP_08	33	Pulse	99	2662020	56397	1
A_HP_08	33	Pulse	99	2682020	76397	1
A_HP_08	33	Pulse	99	2702021	96398	1
A_HP_08	33	Pulse	99	2722020	116397	1
A_HP_08	33	Pulse	99	2742020	136397	1
A_HP_08	33	Pulse	99	2762020	156397	1
A_HP_08	33	Pulse	99	2782020	176397	1
A_HP_08	33	Pulse	99	2802020	196397	1
A_HP_08	33	Pulse	99	2822020	216397	1
A_HP_08	33	Pulse	99	2842020	236397	1
A_HP_08	33	Pulse	99	2862020	256397	1
A_HP_08	33	Pulse	99	2882020	276397	1
A_HP_08	33	Pulse	99	2902020	296397	1
A_HP_08	34	Response	3	2922020	6167	1
A_HP_08	34	Pulse	99	2922020	6167	1
A_HP_08	35	Picture	response102	2922652	230	1	40229	1	0	40000	hit	188
A_HP_08	35	Response	2	2933559	11136	1
A_HP_08	35	Pulse	99	2942020	19597	1
A_HP_08	35	Pulse	99	2962020	39598	1
A_HP_08	36	Picture	response103	2973110	288	1	40229	1	0	40000	hit	193
A_HP_08	36	Pulse	99	2982020	9198	1
A_HP_08	36	Response	1	2994388	21566	1
A_HP_08	36	Pulse	99	3002019	29197	1
A_HP_08	36	Pulse	99	3022020	49198	1
A_HP_08	37	Picture	response101	3023402	180	1	40229	1	0	40000	hit	197
A_HP_08	37	Response	1	3031188	7966	1
A_HP_08	37	Pulse	99	3042019	18797	1
A_HP_08	37	Pulse	99	3062020	38798	1
A_HP_08	38	Picture	response99	3073860	238	1	40229	1	0	40000	hit	202
A_HP_08	38	Pulse	99	3082020	8398	1
A_HP_08	38	Response	1	3090628	17006	1
A_HP_08	38	Pulse	99	3102020	28398	1
A_HP_08	38	Pulse	99	3122020	48398	1
A_HP_08	39	Picture	response98	3124152	130	1	40229	1	0	40000	hit	206
A_HP_08	39	Response	2	3134708	10686	1
A_HP_08	39	Pulse	99	3142019	17997	1
A_HP_08	39	Pulse	99	3162019	37997	1
A_HP_08	40	Picture	response97	3174777	355	1	40229	1	0	40000	hit	211
A_HP_08	40	Pulse	99	3182020	7598	1
A_HP_08	40	Response	1	3186618	12196	1
A_HP_08	40	Pulse	99	3202020	27598	1
A_HP_08	40	Pulse	99	3222020	47598	1
A_HP_08	41	Picture	response104	3225068	246	1	40229	1	0	40000	hit	215
A_HP_08	41	Response	1	3234269	9447	1
A_HP_08	41	Pulse	99	3242020	17197	1
A_HP_08	41	Pulse	99	3262020	37197	1
A_HP_08	42	Picture	response100	3275360	138	1	40229	1	0	40000	hit	220
A_HP_08	42	Pulse	99	3282020	6798	1
A_HP_08	42	Response	2	3286988	11766	1
A_HP_08	42	Pulse	99	3302020	26798	1
A_HP_08	42	Pulse	99	3322020	46798	1
A_HP_08	43	Picture	ins21	3325818	195	1	30229	1	0	30000	other	0
A_HP_08	43	Pulse	99	3342020	16398	1
A_HP_08	43	Pulse	99	3362020	36398	1
A_HP_08	43	Pulse	99	3382020	56398	1
A_HP_08	43	Pulse	99	3402020	76398	1
A_HP_08	43	Pulse	99	3422020	96398	1
A_HP_08	43	Pulse	99	3442020	116398	1
A_HP_08	43	Pulse	99	3462020	136398	1
A_HP_08	43	Pulse	99	3482020	156397	1
A_HP_08	43	Pulse	99	3502020	176398	1
A_HP_08	43	Pulse	99	3522020	196398	1
A_HP_08	43	Pulse	99	3542020	216397	1
A_HP_08	43	Pulse	99	3562020	236398	1
A_HP_08	43	Pulse	99	3582020	256398	1
A_HP_08	43	Pulse	99	3602020	276398	1
A_HP_08	43	Pulse	99	3622020	296397	1
A_HP_08	44	Response	3	3642020	6168	1
A_HP_08	44	Pulse	99	3642020	6168	1
A_HP_08	45	Picture	response163	3642652	230	1	40229	1	0	40000	hit	242
A_HP_08	45	Response	2	3655749	13326	1
A_HP_08	45	Pulse	99	3662019	19597	1
A_HP_08	45	Pulse	99	3682020	39598	1
A_HP_08	46	Picture	response165	3693110	287	1	40229	1	0	40000	hit	247
A_HP_08	46	Pulse	99	3702020	9198	1
A_HP_08	46	Response	1	3716669	23847	1
A_HP_08	46	Pulse	99	3722019	29197	1
A_HP_08	46	Pulse	99	3742020	49198	1
A_HP_08	47	Picture	response162	3743401	179	1	40229	1	0	40000	hit	251
A_HP_08	47	Response	1	3754409	11186	1
A_HP_08	47	Pulse	99	3762020	18797	1
A_HP_08	47	Pulse	99	3782020	38798	1
A_HP_08	48	Picture	response166	3793859	236	1	40229	1	0	40000	hit	256
A_HP_08	48	Pulse	99	3802020	8398	1
A_HP_08	48	Response	1	3803588	9966	1
A_HP_08	48	Pulse	99	3822020	28397	1
A_HP_08	48	Pulse	99	3842020	48397	1
A_HP_08	49	Picture	response164	3844150	128	1	40229	1	0	40000	hit	260
A_HP_08	49	Response	1	3854989	10967	1
A_HP_08	49	Pulse	99	3862020	17998	1
A_HP_08	49	Pulse	99	3882020	37998	1
A_HP_08	50	Picture	response168	3894774	352	1	40229	1	0	40000	hit	265
A_HP_08	50	Pulse	99	3902020	7598	1
A_HP_08	50	Response	2	3913388	18966	1
A_HP_08	50	Pulse	99	3922020	27598	1
A_HP_08	50	Pulse	99	3942020	47598	1
A_HP_08	51	Picture	response167	3945066	244	1	40229	1	0	40000	hit	270
A_HP_08	51	Pulse	99	3962020	17198	1
A_HP_08	51	Response	2	3962907	18085	1
A_HP_08	51	Pulse	99	3982020	37198	1
A_HP_08	52	Picture	response161	3995357	135	1	40229	1	0	40000	hit	274
A_HP_08	52	Pulse	99	4002019	6798	1
A_HP_08	52	Response	2	4009438	14216	1
A_HP_08	52	Pulse	99	4022020	26798	1
A_HP_08	52	Pulse	99	4042020	46798	1
A_HP_08	53	Picture	ins15	4045815	193	1	30229	1	0	30000	other	0
A_HP_08	53	Pulse	99	4062020	16398	1
A_HP_08	53	Pulse	99	4082019	36397	1
A_HP_08	53	Pulse	99	4102019	56397	1
A_HP_08	53	Pulse	99	4122019	76397	1
A_HP_08	53	Pulse	99	4142019	96397	1
A_HP_08	53	Pulse	99	4162019	116397	1
A_HP_08	53	Pulse	99	4182019	136397	1
A_HP_08	53	Pulse	99	4202019	156397	1
A_HP_08	53	Pulse	99	4222019	176397	1
A_HP_08	53	Pulse	99	4242019	196397	1
A_HP_08	53	Pulse	99	4262020	216398	1
A_HP_08	53	Pulse	99	4282019	236397	1
A_HP_08	53	Pulse	99	4302019	256397	1
A_HP_08	53	Pulse	99	4322019	276397	1
A_HP_08	53	Pulse	99	4342019	296397	1
A_HP_08	54	Response	3	4362019	6167	1
A_HP_08	54	Pulse	99	4362019	6167	1
A_HP_08	55	Picture	response117	4362651	230	1	40229	1	0	40000	hit	297
A_HP_08	55	Pulse	99	4382019	19598	1
A_HP_08	55	Response	1	4384068	21646	1
A_HP_08	55	Pulse	99	4402019	39598	1
A_HP_08	56	Picture	response120	4413110	288	1	40229	1	0	40000	hit	300
A_HP_08	56	Response	2	4421298	8476	1
A_HP_08	56	Pulse	99	4421939	9117	1
A_HP_08	56	Pulse	99	4442019	29197	1
A_HP_08	56	Pulse	99	4462019	49197	1
A_HP_08	57	Picture	response113	4463401	179	1	40229	1	0	40000	hit	305
A_HP_08	57	Response	2	4472728	9507	1
A_HP_08	57	Pulse	99	4482019	18797	1
A_HP_08	57	Pulse	99	4502019	38797	1
A_HP_08	58	Picture	response114	4513859	238	1	40229	1	0	40000	hit	310
A_HP_08	58	Pulse	99	4522019	8398	1
A_HP_08	58	Response	1	4527327	13706	1
A_HP_08	58	Pulse	99	4542019	28398	1
A_HP_08	58	Pulse	99	4562019	48397	1
A_HP_08	59	Picture	response119	4564151	130	1	40229	1	0	40000	hit	314
A_HP_08	59	Response	2	4571298	7276	1
A_HP_08	59	Pulse	99	4582019	17997	1
A_HP_08	59	Pulse	99	4602019	37998	1
A_HP_08	60	Picture	response115	4614776	355	1	40229	1	0	40000	hit	318
A_HP_08	60	Response	2	4620688	6267	1
A_HP_08	60	Pulse	99	4622019	7598	1
A_HP_08	60	Pulse	99	4642019	27597	1
A_HP_08	60	Pulse	99	4662019	47598	1
A_HP_08	61	Picture	response118	4665067	245	1	40229	1	0	40000	hit	323
A_HP_08	61	Response	2	4670838	6016	1
A_HP_08	61	Pulse	99	4681939	17117	1
A_HP_08	61	Pulse	99	4702019	37198	1
A_HP_08	62	Picture	response116	4715358	137	1	40229	1	0	40000	hit	328
A_HP_08	62	Pulse	99	4722019	6798	1
A_HP_08	62	Response	1	4727067	11846	1
A_HP_08	62	Pulse	99	4741939	26717	1
A_HP_08	62	Pulse	99	4762019	46797	1
A_HP_08	63	Picture	thanks	4765317	0	1	10229	1	0	10000	other	0
A_HP_08	63	Pulse	99	4782019	16702	1


Event Type	Code	Type	Response	RT	RT Uncertainty	Time	Uncertainty	Duration	Uncertainty	ReqTime	ReqDur

Picture	ready	other				382253	1	10229	1	0	10000
Picture	ins7	other				442857	1	30229	1	0	30000
Picture	response50	hit	2	5173	2	762657	1	40229	1	0	40000
Picture	response51	hit	2	4675	2	813115	1	40229	1	0	40000
Picture	response54	hit	1	6264	2	863406	1	40229	1	0	40000
Picture	response52	hit	1	5716	2	913864	1	40229	1	0	40000
Picture	response55	hit	1	3733	2	964156	1	40229	1	0	40000
Picture	response53	hit	2	4583	2	1014787	1	40229	1	0	40000
Picture	response49	hit	1	7611	2	1065078	1	40229	1	0	40000
Picture	response56	hit	1	15529	2	1115370	1	40229	1	0	40000
Picture	ins23	other				1165828	1	30230	1	0	30000
Picture	response184	incorrect	2	13017	2	1482653	1	40229	1	0	40000
Picture	response177	hit	2	17419	2	1533110	1	40229	1	0	40000
Picture	response179	hit	2	16458	2	1583401	1	40230	1	0	40000
Picture	response181	hit	2	18650	2	1633859	1	40229	1	0	40000
Picture	response183	hit	1	9489	2	1684151	1	40229	1	0	40000
Picture	response180	hit	1	12934	2	1734775	1	40229	1	0	40000
Picture	response178	hit	1	17993	2	1785066	1	40229	1	0	40000
Picture	response182	hit	2	7712	2	1835357	1	40229	1	0	40000
Picture	ins5	other				1885815	1	30229	1	0	30000
Picture	response40	hit	2	7267	2	2202653	1	40229	1	0	40000
Picture	response36	hit	2	6349	2	2253110	1	40229	1	0	40000
Picture	response39	hit	1	10548	2	2303401	1	40229	1	0	40000
Picture	response33	hit	2	4430	2	2353859	1	40229	1	0	40000
Picture	response34	hit	2	4728	2	2404151	1	40229	1	0	40000
Picture	response38	hit	1	6453	2	2454776	1	40230	1	0	40000
Picture	response37	hit	2	6960	2	2505068	1	40230	1	0	40000
Picture	response35	hit	1	7188	2	2555360	1	40230	1	0	40000
Picture	ins13	other				2605819	1	30229	1	0	30000
Picture	response102	hit	2	10907	2	2922652	1	40229	1	0	40000
Picture	response103	hit	1	21278	2	2973110	1	40229	1	0	40000
Picture	response101	hit	1	7787	2	3023402	1	40229	1	0	40000
Picture	response99	hit	1	16768	2	3073860	1	40229	1	0	40000
Picture	response98	hit	2	10556	1	3124152	1	40229	1	0	40000
Picture	response97	hit	1	11842	2	3174777	1	40229	1	0	40000
Picture	response104	hit	1	9201	2	3225068	1	40229	1	0	40000
Picture	response100	hit	2	11628	2	3275360	1	40229	1	0	40000
Picture	ins21	other				3325818	1	30229	1	0	30000
Picture	response163	hit	2	13097	2	3642652	1	40229	1	0	40000
Picture	response165	hit	1	23559	2	3693110	1	40229	1	0	40000
Picture	response162	hit	1	11008	2	3743401	1	40229	1	0	40000
Picture	response166	hit	1	9729	2	3793859	1	40229	1	0	40000
Picture	response164	hit	1	10839	2	3844150	1	40229	1	0	40000
Picture	response168	hit	2	18614	2	3894774	1	40229	1	0	40000
Picture	response167	hit	2	17841	2	3945066	1	40229	1	0	40000
Picture	response161	hit	2	14081	2	3995357	1	40229	1	0	40000
Picture	ins15	other				4045815	1	30229	1	0	30000
Picture	response117	hit	1	21416	2	4362651	1	40229	1	0	40000
Picture	response120	hit	2	8189	2	4413110	1	40229	1	0	40000
Picture	response113	hit	2	9327	2	4463401	1	40229	1	0	40000
Picture	response114	hit	1	13468	2	4513859	1	40229	1	0	40000
Picture	response119	hit	2	7147	2	4564151	1	40229	1	0	40000
Picture	response115	hit	2	5912	2	4614776	1	40229	1	0	40000
Picture	response118	hit	2	5771	2	4665067	1	40229	1	0	40000
Picture	response116	hit	1	11709	2	4715358	1	40229	1	0	40000
Picture	thanks	other				4765317	1	10229	1	0	10000


{
   "app": "Presentation Version 21.0 Build 06.06.19",
   "device": "LENOVO 20KHCTO1WW",
   "experiment": "{C0C68DB1-10BA-42F2-8F79-3F2AFFEED4E4}",
   "os": "Windows 10 64 bit",
   "package": "",
   "parameters": {
      "configuration": "Default configuration"
   },
   "scenario": "Feature experiment(2).sce",
   "subject": "A_HP_08",
   "timestamp": "2019/08/30 02:02:47 GMT"
}
