Scenario - 
Logfile written - 10/17/2019 14:58:02

Subject	Trial	Event Type	Code	Time	TTime	Uncertainty	Duration	Uncertainty	ReqTime	ReqDur	Stim Type	Pair Index

A_HP_22	1	Response	3	221758	220758	1
A_HP_22	1	Pulse	99	221758	220758	1
A_HP_22	2	Picture	ready	221989	0	1	10229	1	0	10000	other	0
A_HP_22	2	Pulse	99	241758	19768	1
A_HP_22	2	Pulse	99	261758	39768	1
A_HP_22	2	Pulse	99	281758	59768	1
A_HP_22	3	Picture	ins7	282602	233	1	30229	1	0	30000	other	0
A_HP_22	3	Pulse	99	301757	19388	1
A_HP_22	3	Pulse	99	321757	39389	1
A_HP_22	3	Pulse	99	341757	59388	1
A_HP_22	3	Pulse	99	361758	79389	1
A_HP_22	3	Pulse	99	381757	99388	1
A_HP_22	3	Pulse	99	401757	119388	1
A_HP_22	3	Pulse	99	421757	139389	1
A_HP_22	3	Pulse	99	441757	159389	1
A_HP_22	3	Pulse	99	461757	179389	1
A_HP_22	3	Pulse	99	481757	199388	1
A_HP_22	3	Pulse	99	501757	219388	1
A_HP_22	3	Pulse	99	521757	239388	1
A_HP_22	3	Pulse	99	541757	259388	1
A_HP_22	3	Pulse	99	561757	279388	1
A_HP_22	3	Pulse	99	581757	299388	1
A_HP_22	4	Response	3	601757	9158	1
A_HP_22	4	Pulse	99	601757	9158	1
A_HP_22	5	Picture	response53	602403	234	1	40229	1	0	40000	hit	26
A_HP_22	5	Response	2	609916	7747	1
A_HP_22	5	Pulse	99	621757	19588	1
A_HP_22	5	Pulse	99	641757	39588	1
A_HP_22	6	Picture	response49	652695	126	1	40229	1	0	40000	hit	31
A_HP_22	6	Pulse	99	661757	9189	1
A_HP_22	6	Response	1	663835	11267	1
A_HP_22	6	Pulse	99	681757	29188	1
A_HP_22	6	Pulse	99	701757	49188	1
A_HP_22	7	Picture	response51	703320	352	1	40229	1	0	40000	hit	35
A_HP_22	7	Response	2	710386	7418	1
A_HP_22	7	Pulse	99	721757	18789	1
A_HP_22	7	Pulse	99	741757	38789	1
A_HP_22	8	Picture	response52	753612	243	1	40229	1	0	40000	hit	39
A_HP_22	8	Response	1	760786	7418	1
A_HP_22	8	Pulse	99	761757	8388	1
A_HP_22	8	Pulse	99	781757	28389	1
A_HP_22	8	Pulse	99	801757	48389	1
A_HP_22	9	Picture	response50	803903	135	1	40229	1	0	40000	hit	44
A_HP_22	9	Response	2	812096	8327	1
A_HP_22	9	Pulse	99	821757	17988	1
A_HP_22	9	Pulse	99	841757	37988	1
A_HP_22	10	Picture	response55	854362	193	1	40229	1	0	40000	hit	49
A_HP_22	10	Pulse	99	861757	7588	1
A_HP_22	10	Response	1	864415	10247	1
A_HP_22	10	Pulse	99	881757	27589	1
A_HP_22	10	Pulse	99	901757	47589	1
A_HP_22	11	Picture	response56	904820	252	1	40229	1	0	40000	hit	53
A_HP_22	11	Response	1	912266	7698	1
A_HP_22	11	Pulse	99	921757	17189	1
A_HP_22	11	Pulse	99	941757	37189	1
A_HP_22	12	Picture	response54	955278	310	1	40229	1	0	40000	hit	57
A_HP_22	12	Response	1	961076	6108	1
A_HP_22	12	Pulse	99	961757	6788	1
A_HP_22	12	Pulse	99	981757	26789	1
A_HP_22	12	Pulse	99	1001757	46788	1
A_HP_22	13	Picture	ins5	1005570	202	1	30230	1	0	30000	other	0
A_HP_22	13	Pulse	99	1021757	16389	1
A_HP_22	13	Pulse	99	1041757	36389	1
A_HP_22	13	Pulse	99	1061757	56389	1
A_HP_22	13	Pulse	99	1081757	76389	1
A_HP_22	13	Pulse	99	1101757	96389	1
A_HP_22	13	Pulse	99	1121757	116389	1
A_HP_22	13	Pulse	99	1141757	136389	1
A_HP_22	13	Pulse	99	1161757	156389	1
A_HP_22	13	Pulse	99	1181757	176389	1
A_HP_22	13	Pulse	99	1201757	196389	1
A_HP_22	13	Pulse	99	1221757	216389	1
A_HP_22	13	Pulse	99	1241757	236389	1
A_HP_22	13	Pulse	99	1261757	256389	1
A_HP_22	13	Pulse	99	1281757	276389	1
A_HP_22	13	Pulse	99	1301757	296389	1
A_HP_22	14	Response	3	1321757	6158	1
A_HP_22	14	Pulse	99	1321757	6158	1
A_HP_22	15	Picture	response33	1322398	230	1	40229	1	0	40000	hit	80
A_HP_22	15	Response	2	1331106	8938	1
A_HP_22	15	Pulse	99	1341757	19588	1
A_HP_22	15	Pulse	99	1361757	39589	1
A_HP_22	16	Picture	response34	1372689	121	1	40229	1	0	40000	hit	85
A_HP_22	16	Pulse	99	1381757	9189	1
A_HP_22	16	Response	2	1382665	10097	1
A_HP_22	16	Pulse	99	1401757	29189	1
A_HP_22	16	Pulse	99	1421757	49189	1
A_HP_22	17	Picture	response38	1423314	346	1	40229	1	0	40000	hit	89
A_HP_22	17	Response	1	1430226	7258	1
A_HP_22	17	Pulse	99	1441757	18789	1
A_HP_22	17	Pulse	99	1461756	38789	1
A_HP_22	18	Picture	response39	1473605	237	1	40229	1	0	40000	hit	93
A_HP_22	18	Response	1	1479866	6498	1
A_HP_22	18	Pulse	99	1481757	8389	1
A_HP_22	18	Pulse	99	1501757	28389	1
A_HP_22	18	Pulse	99	1521757	48389	1
A_HP_22	19	Picture	response35	1523897	129	1	40229	1	0	40000	hit	98
A_HP_22	19	Response	1	1528966	5198	1
A_HP_22	19	Pulse	99	1541757	17989	1
A_HP_22	19	Pulse	99	1561757	37989	1
A_HP_22	20	Picture	response37	1574356	188	1	40229	1	0	40000	hit	102
A_HP_22	20	Response	2	1580625	6458	1
A_HP_22	20	Pulse	99	1581756	7588	1
A_HP_22	20	Pulse	99	1601756	27589	1
A_HP_22	20	Pulse	99	1621757	47589	1
A_HP_22	21	Picture	response40	1624814	247	1	40230	1	0	40000	hit	107
A_HP_22	21	Response	2	1634635	10068	1
A_HP_22	21	Pulse	99	1641756	17189	1
A_HP_22	21	Pulse	99	1661756	37189	1
A_HP_22	22	Picture	response36	1675273	305	1	40229	1	0	40000	hit	112
A_HP_22	22	Pulse	99	1681756	6789	1
A_HP_22	22	Response	2	1686565	11598	1
A_HP_22	22	Pulse	99	1701756	26789	1
A_HP_22	22	Pulse	99	1721757	46789	1
A_HP_22	23	Picture	ins21	1725565	197	1	30229	1	0	30000	other	0
A_HP_22	23	Pulse	99	1741756	16389	1
A_HP_22	23	Pulse	99	1761757	36390	1
A_HP_22	23	Pulse	99	1781756	56389	1
A_HP_22	23	Pulse	99	1801756	76389	1
A_HP_22	23	Pulse	99	1821756	96389	1
A_HP_22	23	Pulse	99	1841757	116389	1
A_HP_22	23	Pulse	99	1861756	136389	1
A_HP_22	23	Pulse	99	1881756	156389	1
A_HP_22	23	Pulse	99	1901756	176389	1
A_HP_22	23	Pulse	99	1921756	196389	1
A_HP_22	23	Pulse	99	1941756	216389	1
A_HP_22	23	Pulse	99	1961757	236389	1
A_HP_22	23	Pulse	99	1981756	256389	1
A_HP_22	23	Pulse	99	2001757	276389	1
A_HP_22	23	Pulse	99	2021757	296389	1
A_HP_22	24	Response	3	2041757	6159	1
A_HP_22	24	Pulse	99	2041757	6159	1
A_HP_22	25	Picture	response162	2042398	230	1	40229	1	0	40000	incorrect	134
A_HP_22	25	Response	2	2060675	18508	1
A_HP_22	25	Pulse	99	2061756	19588	1
A_HP_22	25	Pulse	99	2081756	39588	1
A_HP_22	26	Picture	response167	2092689	122	1	40229	1	0	40000	hit	139
A_HP_22	26	Pulse	99	2101757	9189	1
A_HP_22	26	Response	2	2106475	13907	1
A_HP_22	26	Pulse	99	2121756	29189	1
A_HP_22	26	Pulse	99	2141757	49189	1
A_HP_22	27	Picture	response165	2143314	347	1	40229	1	0	40000	hit	143
A_HP_22	27	Response	1	2153485	10518	1
A_HP_22	27	Pulse	99	2161756	18789	1
A_HP_22	27	Pulse	99	2181757	38789	1
A_HP_22	28	Picture	response164	2193606	238	1	40229	1	0	40000	hit	148
A_HP_22	28	Pulse	99	2201757	8389	1
A_HP_22	28	Response	1	2214175	20808	1
A_HP_22	28	Pulse	99	2221756	28389	1
A_HP_22	28	Pulse	99	2241757	48389	1
A_HP_22	29	Picture	response161	2243897	129	1	40229	1	0	40000	hit	152
A_HP_22	29	Response	2	2253005	9237	1
A_HP_22	29	Pulse	99	2261756	17988	1
A_HP_22	29	Pulse	99	2281756	37988	1
A_HP_22	30	Picture	response163	2294355	188	1	40229	1	0	40000	hit	157
A_HP_22	30	Pulse	99	2301756	7589	1
A_HP_22	30	Response	2	2311955	17788	1
A_HP_22	30	Pulse	99	2321756	27589	1
A_HP_22	30	Pulse	99	2341756	47589	1
A_HP_22	31	Picture	response166	2344813	246	1	40229	1	0	40000	hit	162
A_HP_22	31	Pulse	99	2361756	17189	1
A_HP_22	31	Response	1	2365415	20847	1
A_HP_22	31	Pulse	99	2381756	37189	1
A_HP_22	32	Picture	response168	2395272	304	1	40229	1	0	40000	hit	166
A_HP_22	32	Pulse	99	2401757	6789	1
A_HP_22	32	Response	2	2412906	17938	1
A_HP_22	32	Pulse	99	2421756	26789	1
A_HP_22	32	Pulse	99	2441756	46789	1
A_HP_22	33	Picture	ins15	2445563	196	1	30229	1	0	30000	other	0
A_HP_22	33	Pulse	99	2461756	16389	1
A_HP_22	33	Pulse	99	2481756	36389	1
A_HP_22	33	Pulse	99	2501756	56389	1
A_HP_22	33	Pulse	99	2521756	76389	1
A_HP_22	33	Pulse	99	2541756	96389	1
A_HP_22	33	Pulse	99	2561756	116389	1
A_HP_22	33	Pulse	99	2581756	136389	1
A_HP_22	33	Pulse	99	2601756	156389	1
A_HP_22	33	Pulse	99	2621756	176389	1
A_HP_22	33	Pulse	99	2641756	196389	1
A_HP_22	33	Pulse	99	2661756	216389	1
A_HP_22	33	Pulse	99	2681756	236389	1
A_HP_22	33	Pulse	99	2701756	256389	1
A_HP_22	33	Pulse	99	2721756	276389	1
A_HP_22	33	Pulse	99	2741756	296389	1
A_HP_22	34	Response	3	2761756	6159	1
A_HP_22	34	Pulse	99	2761756	6159	1
A_HP_22	35	Picture	response120	2762398	230	1	40229	1	0	40000	hit	188
A_HP_22	35	Response	2	2771275	9107	1
A_HP_22	35	Pulse	99	2781756	19588	1
A_HP_22	35	Pulse	99	2801756	39588	1
A_HP_22	36	Picture	response118	2812689	122	1	40229	1	0	40000	hit	192
A_HP_22	36	Response	2	2821555	8987	1
A_HP_22	36	Pulse	99	2821756	9188	1
A_HP_22	36	Pulse	99	2841757	29189	1
A_HP_22	36	Pulse	99	2861756	49189	1
A_HP_22	37	Picture	response116	2863314	347	1	40229	1	0	40000	hit	197
A_HP_22	37	Response	1	2880185	17218	1
A_HP_22	37	Pulse	99	2881756	18789	1
A_HP_22	37	Pulse	99	2901756	38789	1
A_HP_22	38	Picture	response117	2913605	238	1	40229	1	0	40000	hit	202
A_HP_22	38	Pulse	99	2921756	8389	1
A_HP_22	38	Response	1	2922054	8687	1
A_HP_22	38	Pulse	99	2941756	28389	1
A_HP_22	38	Pulse	99	2961756	48389	1
A_HP_22	39	Picture	response115	2963897	129	1	40229	1	0	40000	hit	206
A_HP_22	39	Response	2	2972555	8788	1
A_HP_22	39	Pulse	99	2981756	17989	1
A_HP_22	39	Pulse	99	3001756	37989	1
A_HP_22	40	Picture	response113	3014354	187	1	40229	1	0	40000	hit	211
A_HP_22	40	Pulse	99	3021756	7589	1
A_HP_22	40	Response	2	3027535	13368	1
A_HP_22	40	Pulse	99	3041756	27589	1
A_HP_22	40	Pulse	99	3061756	47589	1
A_HP_22	41	Picture	response114	3064812	245	1	40230	1	0	40000	hit	215
A_HP_22	41	Response	1	3077075	12508	1
A_HP_22	41	Pulse	99	3081755	17188	1
A_HP_22	41	Pulse	99	3101756	37189	1
A_HP_22	42	Picture	response119	3115271	304	1	40229	1	0	40000	hit	220
A_HP_22	42	Pulse	99	3121756	6789	1
A_HP_22	42	Response	2	3122834	7867	1
A_HP_22	42	Pulse	99	3141756	26789	1
A_HP_22	42	Pulse	99	3161756	46789	1
A_HP_22	43	Picture	ins13	3165563	196	1	30229	1	0	30000	other	0
A_HP_22	43	Pulse	99	3181756	16389	1
A_HP_22	43	Pulse	99	3201756	36389	1
A_HP_22	43	Pulse	99	3221756	56389	1
A_HP_22	43	Pulse	99	3241755	76388	1
A_HP_22	43	Pulse	99	3261756	96389	1
A_HP_22	43	Pulse	99	3281756	116389	1
A_HP_22	43	Pulse	99	3301756	136389	1
A_HP_22	43	Pulse	99	3321756	156389	1
A_HP_22	43	Pulse	99	3341756	176390	1
A_HP_22	43	Pulse	99	3361756	196389	1
A_HP_22	43	Pulse	99	3381756	216389	1
A_HP_22	43	Pulse	99	3401756	236389	1
A_HP_22	43	Pulse	99	3421756	256389	1
A_HP_22	43	Pulse	99	3441756	276389	1
A_HP_22	43	Pulse	99	3461756	296389	1
A_HP_22	44	Response	3	3481756	6159	1
A_HP_22	44	Pulse	99	3481756	6159	1
A_HP_22	45	Picture	response104	3482397	230	1	40229	1	0	40000	hit	242
A_HP_22	45	Response	1	3494195	12027	1
A_HP_22	45	Pulse	99	3501756	19588	1
A_HP_22	45	Pulse	99	3521756	39588	1
A_HP_22	46	Picture	response100	3532689	122	1	40229	1	0	40000	hit	246
A_HP_22	46	Response	2	3540355	7788	1
A_HP_22	46	Pulse	99	3541756	9189	1
A_HP_22	46	Pulse	99	3561756	29189	1
A_HP_22	46	Pulse	99	3581756	49189	1
A_HP_22	47	Picture	response101	3583314	347	1	40229	1	0	40000	hit	251
A_HP_22	47	Response	1	3595255	12288	1
A_HP_22	47	Pulse	99	3601756	18789	1
A_HP_22	47	Pulse	99	3621756	38788	1
A_HP_22	48	Picture	response103	3633605	238	1	40229	1	0	40000	hit	256
A_HP_22	48	Pulse	99	3641756	8389	1
A_HP_22	48	Response	1	3657485	24118	1
A_HP_22	48	Pulse	99	3661755	28388	1
A_HP_22	48	Pulse	99	3681756	48389	1
A_HP_22	49	Picture	response97	3683897	130	1	40229	1	0	40000	hit	260
A_HP_22	49	Response	1	3692725	8958	1
A_HP_22	49	Pulse	99	3701756	17989	1
A_HP_22	49	Pulse	99	3721756	37989	1
A_HP_22	50	Picture	response102	3734355	188	1	40229	1	0	40000	hit	265
A_HP_22	50	Pulse	99	3741756	7589	1
A_HP_22	50	Response	2	3743193	9027	1
A_HP_22	50	Pulse	99	3761756	27589	1
A_HP_22	50	Pulse	99	3781756	47589	1
A_HP_22	51	Picture	response99	3784814	247	1	40229	1	0	40000	hit	269
A_HP_22	51	Response	1	3793134	8568	1
A_HP_22	51	Pulse	99	3801756	17189	1
A_HP_22	51	Pulse	99	3821756	37189	1
A_HP_22	52	Picture	response98	3835272	305	1	40229	1	0	40000	hit	274
A_HP_22	52	Pulse	99	3841755	6789	1
A_HP_22	52	Response	2	3843895	8928	1
A_HP_22	52	Pulse	99	3861755	26789	1
A_HP_22	52	Pulse	99	3881756	46789	1
A_HP_22	53	Picture	ins23	3885563	197	1	30229	1	0	30000	other	0
A_HP_22	53	Pulse	99	3901756	16389	1
A_HP_22	53	Pulse	99	3921756	36389	1
A_HP_22	53	Pulse	99	3941756	56389	1
A_HP_22	53	Pulse	99	3961756	76389	1
A_HP_22	53	Pulse	99	3981756	96389	1
A_HP_22	53	Pulse	99	4001756	116389	1
A_HP_22	53	Pulse	99	4021756	136389	1
A_HP_22	53	Pulse	99	4041756	156389	1
A_HP_22	53	Pulse	99	4061756	176389	1
A_HP_22	53	Pulse	99	4081756	196389	1
A_HP_22	53	Pulse	99	4101756	216389	1
A_HP_22	53	Pulse	99	4121756	236389	1
A_HP_22	53	Pulse	99	4141756	256389	1
A_HP_22	53	Pulse	99	4161756	276389	1
A_HP_22	53	Pulse	99	4181756	296389	1
A_HP_22	54	Response	3	4201756	6158	1
A_HP_22	54	Pulse	99	4201756	6158	1
A_HP_22	55	Picture	response179	4202397	230	1	40229	1	0	40000	hit	296
A_HP_22	55	Response	2	4213774	11607	1
A_HP_22	55	Pulse	99	4221755	19588	1
A_HP_22	55	Pulse	99	4241755	39589	1
A_HP_22	56	Picture	response183	4252688	122	1	40229	1	0	40000	hit	301
A_HP_22	56	Pulse	99	4261756	9190	1
A_HP_22	56	Response	1	4268424	15858	1
A_HP_22	56	Pulse	99	4281756	29189	1
A_HP_22	56	Pulse	99	4301755	49189	1
A_HP_22	57	Picture	response184	4303313	347	1	40229	1	0	40000	hit	306
A_HP_22	57	Pulse	99	4321756	18789	1
A_HP_22	57	Response	1	4324214	21248	1
A_HP_22	57	Pulse	99	4341755	38789	1
A_HP_22	58	Picture	response180	4353605	238	1	40229	1	0	40000	hit	310
A_HP_22	58	Pulse	99	4361755	8389	1
A_HP_22	58	Response	1	4363043	9677	1
A_HP_22	58	Pulse	99	4381755	28389	1
A_HP_22	58	Pulse	99	4401755	48389	1
A_HP_22	59	Picture	response177	4403897	130	1	40229	1	0	40000	hit	314
A_HP_22	59	Response	2	4414734	10968	1
A_HP_22	59	Pulse	99	4421755	17989	1
A_HP_22	59	Pulse	99	4441755	37989	1
A_HP_22	60	Picture	response178	4454355	188	1	40229	1	0	40000	hit	319
A_HP_22	60	Pulse	99	4461755	7589	1
A_HP_22	60	Response	1	4469134	14967	1
A_HP_22	60	Pulse	99	4481756	27589	1
A_HP_22	60	Pulse	99	4501755	47589	1
A_HP_22	61	Picture	response182	4504813	246	1	40229	1	0	40000	hit	323
A_HP_22	61	Response	2	4517324	12758	1
A_HP_22	61	Pulse	99	4521755	17189	1
A_HP_22	61	Pulse	99	4541755	37189	1
A_HP_22	62	Picture	response181	4555270	304	1	40229	1	0	40000	hit	328
A_HP_22	62	Pulse	99	4561675	6708	1
A_HP_22	62	Response	2	4567814	12847	1
A_HP_22	62	Pulse	99	4581755	26789	1
A_HP_22	62	Pulse	99	4601756	46789	1
A_HP_22	63	Picture	thanks	4605228	0	1	10232	1	0	10000	other	0
A_HP_22	63	Pulse	99	4621755	16527	1


Event Type	Code	Type	Response	RT	RT Uncertainty	Time	Uncertainty	Duration	Uncertainty	ReqTime	ReqDur

Picture	ready	other				221989	1	10229	1	0	10000
Picture	ins7	other				282602	1	30229	1	0	30000
Picture	response53	hit	2	7513	2	602403	1	40229	1	0	40000
Picture	response49	hit	1	11140	2	652695	1	40229	1	0	40000
Picture	response51	hit	2	7066	2	703320	1	40229	1	0	40000
Picture	response52	hit	1	7174	2	753612	1	40229	1	0	40000
Picture	response50	hit	2	8193	2	803903	1	40229	1	0	40000
Picture	response55	hit	1	10054	2	854362	1	40229	1	0	40000
Picture	response56	hit	1	7446	2	904820	1	40229	1	0	40000
Picture	response54	hit	1	5798	2	955278	1	40229	1	0	40000
Picture	ins5	other				1005570	1	30230	1	0	30000
Picture	response33	hit	2	8708	2	1322398	1	40229	1	0	40000
Picture	response34	hit	2	9976	2	1372689	1	40229	1	0	40000
Picture	response38	hit	1	6912	2	1423314	1	40229	1	0	40000
Picture	response39	hit	1	6260	2	1473605	1	40229	1	0	40000
Picture	response35	hit	1	5069	2	1523897	1	40229	1	0	40000
Picture	response37	hit	2	6270	2	1574356	1	40229	1	0	40000
Picture	response40	hit	2	9821	2	1624814	1	40230	1	0	40000
Picture	response36	hit	2	11293	2	1675273	1	40229	1	0	40000
Picture	ins21	other				1725565	1	30229	1	0	30000
Picture	response162	incorrect	2	18278	2	2042398	1	40229	1	0	40000
Picture	response167	hit	2	13785	2	2092689	1	40229	1	0	40000
Picture	response165	hit	1	10171	2	2143314	1	40229	1	0	40000
Picture	response164	hit	1	20570	2	2193606	1	40229	1	0	40000
Picture	response161	hit	2	9108	2	2243897	1	40229	1	0	40000
Picture	response163	hit	2	17600	2	2294355	1	40229	1	0	40000
Picture	response166	hit	1	20602	2	2344813	1	40229	1	0	40000
Picture	response168	hit	2	17634	2	2395272	1	40229	1	0	40000
Picture	ins15	other				2445563	1	30229	1	0	30000
Picture	response120	hit	2	8877	2	2762398	1	40229	1	0	40000
Picture	response118	hit	2	8866	2	2812689	1	40229	1	0	40000
Picture	response116	hit	1	16871	2	2863314	1	40229	1	0	40000
Picture	response117	hit	1	8449	2	2913605	1	40229	1	0	40000
Picture	response115	hit	2	8659	2	2963897	1	40229	1	0	40000
Picture	response113	hit	2	13181	2	3014354	1	40229	1	0	40000
Picture	response114	hit	1	12263	2	3064812	1	40230	1	0	40000
Picture	response119	hit	2	7563	2	3115271	1	40229	1	0	40000
Picture	ins13	other				3165563	1	30229	1	0	30000
Picture	response104	hit	1	11798	2	3482397	1	40229	1	0	40000
Picture	response100	hit	2	7666	2	3532689	1	40229	1	0	40000
Picture	response101	hit	1	11941	2	3583314	1	40229	1	0	40000
Picture	response103	hit	1	23879	2	3633605	1	40229	1	0	40000
Picture	response97	hit	1	8828	2	3683897	1	40229	1	0	40000
Picture	response102	hit	2	8838	2	3734355	1	40229	1	0	40000
Picture	response99	hit	1	8321	2	3784814	1	40229	1	0	40000
Picture	response98	hit	2	8623	2	3835272	1	40229	1	0	40000
Picture	ins23	other				3885563	1	30229	1	0	30000
Picture	response179	hit	2	11378	2	4202397	1	40229	1	0	40000
Picture	response183	hit	1	15736	2	4252688	1	40229	1	0	40000
Picture	response184	hit	1	20901	2	4303313	1	40229	1	0	40000
Picture	response180	hit	1	9439	2	4353605	1	40229	1	0	40000
Picture	response177	hit	2	10838	2	4403897	1	40229	1	0	40000
Picture	response178	hit	1	14779	2	4454355	1	40229	1	0	40000
Picture	response182	hit	2	12511	2	4504813	1	40229	1	0	40000
Picture	response181	hit	2	12544	2	4555270	1	40229	1	0	40000
Picture	thanks	other				4605228	1	10232	1	0	10000


{
   "app": "Presentation Version 21.0 Build 06.06.19",
   "device": "LENOVO 20KHCTO1WW",
   "experiment": "{C0C68DB1-10BA-42F2-8F79-3F2AFFEED4E4}",
   "os": "Windows 10 64 bit",
   "package": "",
   "parameters": {
      "configuration": "Default configuration"
   },
   "scenario": "Feature experiment(2).sce",
   "subject": "A_HP_22",
   "timestamp": "2019/10/17 05:50:11 GMT"
}
