Scenario - 
Logfile written - 10/17/2019 11:08:27

Subject	Trial	Event Type	Code	Time	TTime	Uncertainty	Duration	Uncertainty	ReqTime	ReqDur	Stim Type	Pair Index

A_HP_19	1	Response	3	256430	255597	1
A_HP_19	1	Pulse	99	256430	255597	1
A_HP_19	2	Picture	ready	256662	0	1	10229	1	0	10000	other	0
A_HP_19	2	Pulse	99	276430	19768	1
A_HP_19	2	Pulse	99	296430	39768	1
A_HP_19	2	Pulse	99	316430	59768	1
A_HP_19	3	Picture	ins23	317298	234	1	30229	1	0	30000	other	0
A_HP_19	3	Pulse	99	336431	19368	1
A_HP_19	3	Pulse	99	356430	39366	1
A_HP_19	3	Pulse	99	376430	59366	1
A_HP_19	3	Pulse	99	396430	79367	1
A_HP_19	3	Pulse	99	416430	99367	1
A_HP_19	3	Pulse	99	436430	119367	1
A_HP_19	3	Pulse	99	456430	139366	1
A_HP_19	3	Pulse	99	476430	159366	1
A_HP_19	3	Pulse	99	496430	179367	1
A_HP_19	3	Pulse	99	516430	199366	1
A_HP_19	3	Pulse	99	536430	219366	1
A_HP_19	3	Pulse	99	556430	239367	1
A_HP_19	3	Pulse	99	576430	259366	1
A_HP_19	3	Pulse	99	596430	279366	1
A_HP_19	3	Pulse	99	616430	299367	1
A_HP_19	4	Response	3	636430	9136	1
A_HP_19	4	Pulse	99	636430	9136	1
A_HP_19	5	Picture	response184	636994	230	1	40229	1	0	40000	hit	26
A_HP_19	5	Response	1	650389	13625	1
A_HP_19	5	Pulse	99	656430	19666	1
A_HP_19	5	Pulse	99	676430	39666	1
A_HP_19	6	Picture	response183	687452	289	1	40229	1	0	40000	hit	31
A_HP_19	6	Pulse	99	696430	9266	1
A_HP_19	6	Response	1	703319	16155	1
A_HP_19	6	Pulse	99	716430	29266	1
A_HP_19	6	Pulse	99	736430	49266	1
A_HP_19	7	Picture	response178	737674	111	1	40229	1	0	40000	hit	35
A_HP_19	7	Response	1	753368	15805	1
A_HP_19	7	Pulse	99	756429	18866	1
A_HP_19	7	Pulse	99	776430	38866	1
A_HP_19	8	Picture	response177	788299	337	1	40230	1	0	40000	hit	40
A_HP_19	8	Pulse	99	796430	8467	1
A_HP_19	8	Response	2	801788	13826	1
A_HP_19	8	Pulse	99	816430	28467	1
A_HP_19	8	Pulse	99	836429	48467	1
A_HP_19	9	Picture	response179	838591	227	1	40229	1	0	40000	incorrect	44
A_HP_19	9	Response	1	850688	12325	1
A_HP_19	9	Pulse	99	856429	18066	1
A_HP_19	9	Pulse	99	876430	38066	1
A_HP_19	10	Picture	response180	888882	118	1	40229	1	0	40000	incorrect	49
A_HP_19	10	Pulse	99	896430	7666	1
A_HP_19	10	Response	2	903009	14245	1
A_HP_19	10	Pulse	99	916430	27666	1
A_HP_19	10	Pulse	99	936430	47666	1
A_HP_19	11	Picture	response181	939340	177	1	40229	1	0	40000	hit	54
A_HP_19	11	Pulse	99	956430	17267	1
A_HP_19	11	Response	2	957118	17955	1
A_HP_19	11	Pulse	99	976430	37266	1
A_HP_19	12	Picture	response182	989798	235	1	40229	1	0	40000	hit	58
A_HP_19	12	Pulse	99	996430	6866	1
A_HP_19	12	Response	2	1001678	12115	1
A_HP_19	12	Pulse	99	1016431	26868	1
A_HP_19	12	Pulse	99	1036430	46866	1
A_HP_19	13	Picture	ins15	1040256	293	1	30229	1	0	30000	other	0
A_HP_19	13	Pulse	99	1056430	16466	1
A_HP_19	13	Pulse	99	1076430	36466	1
A_HP_19	13	Pulse	99	1096429	56466	1
A_HP_19	13	Pulse	99	1116429	76466	1
A_HP_19	13	Pulse	99	1136429	96466	1
A_HP_19	13	Pulse	99	1156430	116466	1
A_HP_19	13	Pulse	99	1176430	136466	1
A_HP_19	13	Pulse	99	1196429	156466	1
A_HP_19	13	Pulse	99	1216429	176466	1
A_HP_19	13	Pulse	99	1236429	196466	1
A_HP_19	13	Pulse	99	1256429	216466	1
A_HP_19	13	Pulse	99	1276438	236474	1
A_HP_19	13	Pulse	99	1296429	256466	1
A_HP_19	13	Pulse	99	1316430	276467	1
A_HP_19	13	Pulse	99	1336429	296466	1
A_HP_19	14	Response	3	1356430	6236	1
A_HP_19	14	Pulse	99	1356430	6236	1
A_HP_19	15	Picture	response117	1356993	230	1	40229	1	0	40000	hit	80
A_HP_19	15	Response	1	1365938	9175	1
A_HP_19	15	Pulse	99	1376430	19666	1
A_HP_19	15	Pulse	99	1396430	39666	1
A_HP_19	16	Picture	response113	1407451	288	1	40229	1	0	40000	hit	84
A_HP_19	16	Response	2	1413428	6265	1
A_HP_19	16	Pulse	99	1416429	9266	1
A_HP_19	16	Pulse	99	1436430	29266	1
A_HP_19	16	Pulse	99	1456429	49266	1
A_HP_19	17	Picture	response115	1457743	179	1	40229	1	0	40000	hit	89
A_HP_19	17	Response	2	1463718	6155	1
A_HP_19	17	Pulse	99	1476429	18866	1
A_HP_19	17	Pulse	99	1496429	38866	1
A_HP_19	18	Picture	response120	1508201	238	1	40229	1	0	40000	incorrect	93
A_HP_19	18	Response	1	1514408	6445	1
A_HP_19	18	Pulse	99	1516429	8465	1
A_HP_19	18	Pulse	99	1536430	28466	1
A_HP_19	18	Pulse	99	1556430	48466	1
A_HP_19	19	Picture	response119	1558492	129	1	40229	1	0	40000	hit	98
A_HP_19	19	Response	2	1564228	5865	1
A_HP_19	19	Pulse	99	1576429	18066	1
A_HP_19	19	Pulse	99	1596429	38065	1
A_HP_19	20	Picture	response114	1608951	188	1	40229	1	0	40000	hit	103
A_HP_19	20	Pulse	99	1616429	7666	1
A_HP_19	20	Response	1	1618307	9544	1
A_HP_19	20	Pulse	99	1636429	27666	1
A_HP_19	20	Pulse	99	1656429	47666	1
A_HP_19	21	Picture	response118	1659408	245	1	40229	1	0	40000	hit	107
A_HP_19	21	Response	2	1667028	7865	1
A_HP_19	21	Pulse	99	1676430	17267	1
A_HP_19	21	Pulse	99	1696429	37266	1
A_HP_19	22	Picture	response116	1709699	136	1	40229	1	0	40000	hit	112
A_HP_19	22	Pulse	99	1716429	6866	1
A_HP_19	22	Response	1	1724538	14975	1
A_HP_19	22	Pulse	99	1736429	26866	1
A_HP_19	22	Pulse	99	1756429	46866	1
A_HP_19	23	Picture	ins21	1760157	194	1	30229	1	0	30000	other	0
A_HP_19	23	Pulse	99	1776429	16466	1
A_HP_19	23	Pulse	99	1796429	36466	1
A_HP_19	23	Pulse	99	1816429	56465	1
A_HP_19	23	Pulse	99	1836429	76466	1
A_HP_19	23	Pulse	99	1856429	96466	1
A_HP_19	23	Pulse	99	1876429	116466	1
A_HP_19	23	Pulse	99	1896429	136466	1
A_HP_19	23	Pulse	99	1916429	156466	1
A_HP_19	23	Pulse	99	1936429	176466	1
A_HP_19	23	Pulse	99	1956429	196466	1
A_HP_19	23	Pulse	99	1976429	216466	1
A_HP_19	23	Pulse	99	1996429	236466	1
A_HP_19	23	Pulse	99	2016429	256466	1
A_HP_19	23	Pulse	99	2036429	276466	1
A_HP_19	23	Pulse	99	2056429	296466	1
A_HP_19	24	Response	3	2076429	6236	1
A_HP_19	24	Pulse	99	2076429	6236	1
A_HP_19	25	Picture	response166	2076993	230	1	40229	1	0	40000	hit	134
A_HP_19	25	Response	1	2091498	14735	1
A_HP_19	25	Pulse	99	2096428	19665	1
A_HP_19	25	Pulse	99	2116429	39666	1
A_HP_19	26	Picture	response162	2127451	288	1	40229	1	0	40000	hit	138
A_HP_19	26	Response	1	2132458	5295	1
A_HP_19	26	Pulse	99	2136429	9266	1
A_HP_19	26	Pulse	99	2156429	29266	1
A_HP_19	26	Pulse	99	2176429	49266	1
A_HP_19	27	Picture	response163	2177743	180	1	40230	1	0	40000	hit	143
A_HP_19	27	Response	2	2188708	11145	1
A_HP_19	27	Pulse	99	2196429	18866	1
A_HP_19	27	Pulse	99	2216429	38866	1
A_HP_19	28	Picture	response161	2228201	238	1	40229	1	0	40000	hit	148
A_HP_19	28	Pulse	99	2236429	8466	1
A_HP_19	28	Response	2	2238047	10084	1
A_HP_19	28	Pulse	99	2256429	28466	1
A_HP_19	28	Pulse	99	2276429	48466	1
A_HP_19	29	Picture	response164	2278493	130	1	40229	1	0	40000	incorrect	152
A_HP_19	29	Response	2	2294898	16535	1
A_HP_19	29	Pulse	99	2296428	18065	1
A_HP_19	29	Pulse	99	2316429	38066	1
A_HP_19	30	Picture	response168	2328951	188	1	40229	1	0	40000	hit	157
A_HP_19	30	Pulse	99	2336429	7666	1
A_HP_19	30	Response	2	2348798	20035	1
A_HP_19	30	Pulse	99	2356429	27666	1
A_HP_19	30	Pulse	99	2376428	47665	1
A_HP_19	31	Picture	response167	2379409	246	1	40229	1	0	40000	hit	161
A_HP_19	31	Response	2	2389398	10235	1
A_HP_19	31	Pulse	99	2396429	17266	1
A_HP_19	31	Pulse	99	2416429	37266	1
A_HP_19	32	Picture	response165	2429700	137	1	40229	1	0	40000	hit	166
A_HP_19	32	Pulse	99	2436429	6866	1
A_HP_19	32	Response	1	2436987	7424	1
A_HP_19	32	Pulse	99	2456429	26866	1
A_HP_19	32	Pulse	99	2476430	46867	1
A_HP_19	33	Picture	ins13	2480158	195	1	30229	1	0	30000	other	0
A_HP_19	33	Pulse	99	2496429	16466	1
A_HP_19	33	Pulse	99	2516429	36466	1
A_HP_19	33	Pulse	99	2536429	56466	1
A_HP_19	33	Pulse	99	2556429	76466	1
A_HP_19	33	Pulse	99	2576429	96466	1
A_HP_19	33	Pulse	99	2596349	116386	1
A_HP_19	33	Pulse	99	2616429	136466	1
A_HP_19	33	Pulse	99	2636429	156466	1
A_HP_19	33	Pulse	99	2656429	176466	1
A_HP_19	33	Pulse	99	2676429	196466	1
A_HP_19	33	Pulse	99	2696429	216466	1
A_HP_19	33	Pulse	99	2716429	236466	1
A_HP_19	33	Pulse	99	2736429	256466	1
A_HP_19	33	Pulse	99	2756429	276466	1
A_HP_19	33	Pulse	99	2776429	296466	1
A_HP_19	34	Response	3	2796349	6156	1
A_HP_19	34	Pulse	99	2796349	6156	1
A_HP_19	35	Picture	response104	2796993	230	1	40229	1	0	40000	hit	188
A_HP_19	35	Response	1	2804228	7465	1
A_HP_19	35	Pulse	99	2816429	19666	1
A_HP_19	35	Pulse	99	2836429	39666	1
A_HP_19	36	Picture	response100	2847452	289	1	40230	1	0	40000	hit	192
A_HP_19	36	Response	2	2853708	6544	1
A_HP_19	36	Pulse	99	2856428	9265	1
A_HP_19	36	Pulse	99	2876429	29266	1
A_HP_19	36	Pulse	99	2896429	49266	1
A_HP_19	37	Picture	response102	2897744	181	1	40229	1	0	40000	hit	197
A_HP_19	37	Response	2	2907098	9535	1
A_HP_19	37	Pulse	99	2916429	18866	1
A_HP_19	37	Pulse	99	2936429	38866	1
A_HP_19	38	Picture	response103	2948202	239	1	40229	1	0	40000	hit	202
A_HP_19	38	Pulse	99	2956429	8466	1
A_HP_19	38	Response	1	2960767	12804	1
A_HP_19	38	Pulse	99	2976429	28466	1
A_HP_19	38	Pulse	99	2996349	48386	1
A_HP_19	39	Picture	response98	2998493	131	1	40229	1	0	40000	hit	206
A_HP_19	39	Response	2	3004707	6345	1
A_HP_19	39	Pulse	99	3016429	18066	1
A_HP_19	39	Pulse	99	3036429	38066	1
A_HP_19	40	Picture	response99	3048952	189	1	40230	1	0	40000	hit	211
A_HP_19	40	Pulse	99	3056349	7586	1
A_HP_19	40	Response	1	3057417	8654	1
A_HP_19	40	Pulse	99	3076429	27666	1
A_HP_19	40	Pulse	99	3096429	47666	1
A_HP_19	41	Picture	response101	3099410	247	1	40229	1	0	40000	hit	215
A_HP_19	41	Response	1	3110567	11405	1
A_HP_19	41	Pulse	99	3116428	17266	1
A_HP_19	41	Pulse	99	3136428	37266	1
A_HP_19	42	Picture	response97	3149701	138	1	40229	1	0	40000	hit	219
A_HP_19	42	Response	1	3156098	6535	1
A_HP_19	42	Pulse	99	3156428	6866	1
A_HP_19	42	Pulse	99	3176429	26866	1
A_HP_19	42	Pulse	99	3196349	46786	1
A_HP_19	43	Picture	ins5	3200159	197	1	30229	1	0	30000	other	0
A_HP_19	43	Pulse	99	3216428	16466	1
A_HP_19	43	Pulse	99	3236429	36466	1
A_HP_19	43	Pulse	99	3256348	56386	1
A_HP_19	43	Pulse	99	3276429	76466	1
A_HP_19	43	Pulse	99	3296428	96466	1
A_HP_19	43	Pulse	99	3316348	116386	1
A_HP_19	43	Pulse	99	3336428	136466	1
A_HP_19	43	Pulse	99	3356428	156466	1
A_HP_19	43	Pulse	99	3376429	176466	1
A_HP_19	43	Pulse	99	3396348	196386	1
A_HP_19	43	Pulse	99	3416428	216466	1
A_HP_19	43	Pulse	99	3436428	236466	1
A_HP_19	43	Pulse	99	3456348	256386	1
A_HP_19	43	Pulse	99	3476428	276466	1
A_HP_19	43	Pulse	99	3496428	296466	1
A_HP_19	44	Response	3	3516349	6156	1
A_HP_19	44	Pulse	99	3516349	6156	1
A_HP_19	45	Picture	response39	3516992	230	1	40229	1	0	40000	hit	242
A_HP_19	45	Response	1	3522767	6005	1
A_HP_19	45	Pulse	99	3536428	19666	1
A_HP_19	45	Pulse	99	3556428	39666	1
A_HP_19	46	Picture	response36	3567450	288	1	40229	1	0	40000	hit	246
A_HP_19	46	Response	2	3571737	4575	1
A_HP_19	46	Pulse	99	3576428	9266	1
A_HP_19	46	Pulse	99	3596348	29186	1
A_HP_19	46	Pulse	99	3616428	49266	1
A_HP_19	47	Picture	response38	3617741	178	1	40229	1	0	40000	hit	251
A_HP_19	47	Response	1	3622537	4975	1
A_HP_19	47	Pulse	99	3636428	18866	1
A_HP_19	47	Pulse	99	3656348	38785	1
A_HP_19	48	Picture	response34	3668199	237	1	40229	1	0	40000	hit	255
A_HP_19	48	Response	2	3672907	4945	1
A_HP_19	48	Pulse	99	3676428	8465	1
A_HP_19	48	Pulse	99	3696428	28466	1
A_HP_19	48	Pulse	99	3716348	48386	1
A_HP_19	49	Picture	response37	3718491	129	1	40229	1	0	40000	hit	260
A_HP_19	49	Response	2	3723157	4795	1
A_HP_19	49	Pulse	99	3736428	18065	1
A_HP_19	49	Pulse	99	3756429	38066	1
A_HP_19	50	Picture	response33	3768949	186	1	40229	1	0	40000	hit	264
A_HP_19	50	Response	2	3774157	5395	1
A_HP_19	50	Pulse	99	3776348	7585	1
A_HP_19	50	Pulse	99	3796429	27666	1
A_HP_19	50	Pulse	99	3816429	47666	1
A_HP_19	51	Picture	response40	3819407	245	1	40229	1	0	40000	hit	269
A_HP_19	51	Response	2	3824177	5015	1
A_HP_19	51	Pulse	99	3836428	17266	1
A_HP_19	51	Pulse	99	3856348	37185	1
A_HP_19	52	Picture	response35	3869699	136	1	40229	1	0	40000	hit	273
A_HP_19	52	Response	1	3874417	4855	1
A_HP_19	52	Pulse	99	3876428	6865	1
A_HP_19	52	Pulse	99	3896428	26866	1
A_HP_19	52	Pulse	99	3916347	46785	1
A_HP_19	53	Picture	ins7	3920156	194	1	30229	1	0	30000	other	0
A_HP_19	53	Pulse	99	3936428	16466	1
A_HP_19	53	Pulse	99	3956428	36466	1
A_HP_19	53	Pulse	99	3976348	56386	1
A_HP_19	53	Pulse	99	3996429	76466	1
A_HP_19	53	Pulse	99	4016428	96466	1
A_HP_19	53	Pulse	99	4036428	116466	1
A_HP_19	53	Pulse	99	4056348	136386	1
A_HP_19	53	Pulse	99	4076428	156466	1
A_HP_19	53	Pulse	99	4096429	176467	1
A_HP_19	53	Pulse	99	4116348	196386	1
A_HP_19	53	Pulse	99	4136428	216466	1
A_HP_19	53	Pulse	99	4156428	236466	1
A_HP_19	53	Pulse	99	4176348	256386	1
A_HP_19	53	Pulse	99	4196428	276466	1
A_HP_19	53	Pulse	99	4216428	296466	1
A_HP_19	54	Response	3	4236348	6156	1
A_HP_19	54	Pulse	99	4236348	6156	1
A_HP_19	55	Picture	response50	4236992	230	1	40229	1	0	40000	hit	296
A_HP_19	55	Response	2	4241167	4405	1
A_HP_19	55	Pulse	99	4256349	19587	1
A_HP_19	55	Pulse	99	4276428	39666	1
A_HP_19	56	Picture	response49	4287450	288	1	40229	1	0	40000	hit	300
A_HP_19	56	Response	1	4291637	4475	1
A_HP_19	56	Pulse	99	4296429	9267	1
A_HP_19	56	Pulse	99	4316348	29186	1
A_HP_19	56	Pulse	99	4336428	49266	1
A_HP_19	57	Picture	response56	4337741	179	1	40229	1	0	40000	hit	305
A_HP_19	57	Response	1	4341867	4305	1
A_HP_19	57	Pulse	99	4356429	18867	1
A_HP_19	57	Pulse	99	4376348	38786	1
A_HP_19	58	Picture	response52	4388199	237	1	40229	1	0	40000	hit	309
A_HP_19	58	Response	1	4392087	4125	1
A_HP_19	58	Pulse	99	4396428	8466	1
A_HP_19	58	Pulse	99	4416428	28466	1
A_HP_19	58	Pulse	99	4436348	48386	1
A_HP_19	59	Picture	response55	4438490	128	1	40229	1	0	40000	hit	314
A_HP_19	59	Response	1	4441916	3554	1
A_HP_19	59	Pulse	99	4456348	17986	1
A_HP_19	59	Pulse	99	4476428	38066	1
A_HP_19	60	Picture	response51	4488948	186	1	40229	1	0	40000	hit	318
A_HP_19	60	Response	2	4492287	3525	1
A_HP_19	60	Pulse	99	4496348	7586	1
A_HP_19	60	Pulse	99	4516348	27586	1
A_HP_19	60	Pulse	99	4536428	47666	1
A_HP_19	61	Picture	response54	4539406	244	1	40229	1	0	40000	hit	323
A_HP_19	61	Response	1	4543747	4584	1
A_HP_19	61	Pulse	99	4556428	17266	1
A_HP_19	61	Pulse	99	4576348	37185	1
A_HP_19	62	Picture	response53	4589698	136	1	40229	1	0	40000	hit	327
A_HP_19	62	Response	2	4593297	3735	1
A_HP_19	62	Pulse	99	4596428	6865	1
A_HP_19	62	Pulse	99	4616426	26864	1
A_HP_19	62	Pulse	99	4636348	46786	1
A_HP_19	63	Picture	thanks	4639658	0	1	10229	1	0	10000	other	0
A_HP_19	63	Pulse	99	4656348	16690	1


Event Type	Code	Type	Response	RT	RT Uncertainty	Time	Uncertainty	Duration	Uncertainty	ReqTime	ReqDur

Picture	ready	other				256662	1	10229	1	0	10000
Picture	ins23	other				317298	1	30229	1	0	30000
Picture	response184	hit	1	13395	2	636994	1	40229	1	0	40000
Picture	response183	hit	1	15866	2	687452	1	40229	1	0	40000
Picture	response178	hit	1	15694	2	737674	1	40229	1	0	40000
Picture	response177	hit	2	13489	2	788299	1	40230	1	0	40000
Picture	response179	incorrect	1	12098	2	838591	1	40229	1	0	40000
Picture	response180	incorrect	2	14127	2	888882	1	40229	1	0	40000
Picture	response181	hit	2	17778	2	939340	1	40229	1	0	40000
Picture	response182	hit	2	11880	2	989798	1	40229	1	0	40000
Picture	ins15	other				1040256	1	30229	1	0	30000
Picture	response117	hit	1	8945	2	1356993	1	40229	1	0	40000
Picture	response113	hit	2	5977	2	1407451	1	40229	1	0	40000
Picture	response115	hit	2	5976	2	1457743	1	40229	1	0	40000
Picture	response120	incorrect	1	6207	2	1508201	1	40229	1	0	40000
Picture	response119	hit	2	5736	2	1558492	1	40229	1	0	40000
Picture	response114	hit	1	9356	2	1608951	1	40229	1	0	40000
Picture	response118	hit	2	7620	2	1659408	1	40229	1	0	40000
Picture	response116	hit	1	14839	2	1709699	1	40229	1	0	40000
Picture	ins21	other				1760157	1	30229	1	0	30000
Picture	response166	hit	1	14505	2	2076993	1	40229	1	0	40000
Picture	response162	hit	1	5007	2	2127451	1	40229	1	0	40000
Picture	response163	hit	2	10965	2	2177743	1	40230	1	0	40000
Picture	response161	hit	2	9846	2	2228201	1	40229	1	0	40000
Picture	response164	incorrect	2	16405	2	2278493	1	40229	1	0	40000
Picture	response168	hit	2	19847	2	2328951	1	40229	1	0	40000
Picture	response167	hit	2	9989	2	2379409	1	40229	1	0	40000
Picture	response165	hit	1	7287	2	2429700	1	40229	1	0	40000
Picture	ins13	other				2480158	1	30229	1	0	30000
Picture	response104	hit	1	7235	2	2796993	1	40229	1	0	40000
Picture	response100	hit	2	6256	2	2847452	1	40230	1	0	40000
Picture	response102	hit	2	9354	2	2897744	1	40229	1	0	40000
Picture	response103	hit	1	12565	2	2948202	1	40229	1	0	40000
Picture	response98	hit	2	6214	2	2998493	1	40229	1	0	40000
Picture	response99	hit	1	8465	2	3048952	1	40230	1	0	40000
Picture	response101	hit	1	11157	2	3099410	1	40229	1	0	40000
Picture	response97	hit	1	6397	2	3149701	1	40229	1	0	40000
Picture	ins5	other				3200159	1	30229	1	0	30000
Picture	response39	hit	1	5775	2	3516992	1	40229	1	0	40000
Picture	response36	hit	2	4287	2	3567450	1	40229	1	0	40000
Picture	response38	hit	1	4796	2	3617741	1	40229	1	0	40000
Picture	response34	hit	2	4708	2	3668199	1	40229	1	0	40000
Picture	response37	hit	2	4666	2	3718491	1	40229	1	0	40000
Picture	response33	hit	2	5208	2	3768949	1	40229	1	0	40000
Picture	response40	hit	2	4770	2	3819407	1	40229	1	0	40000
Picture	response35	hit	1	4718	2	3869699	1	40229	1	0	40000
Picture	ins7	other				3920156	1	30229	1	0	30000
Picture	response50	hit	2	4175	2	4236992	1	40229	1	0	40000
Picture	response49	hit	1	4187	2	4287450	1	40229	1	0	40000
Picture	response56	hit	1	4126	2	4337741	1	40229	1	0	40000
Picture	response52	hit	1	3888	2	4388199	1	40229	1	0	40000
Picture	response55	hit	1	3426	2	4438490	1	40229	1	0	40000
Picture	response51	hit	2	3338	2	4488948	1	40229	1	0	40000
Picture	response54	hit	1	4340	2	4539406	1	40229	1	0	40000
Picture	response53	hit	2	3598	2	4589698	1	40229	1	0	40000
Picture	thanks	other				4639658	1	10229	1	0	10000


{
   "app": "Presentation Version 21.0 Build 06.06.19",
   "device": "LENOVO 20KHCTO1WW",
   "experiment": "{C0C68DB1-10BA-42F2-8F79-3F2AFFEED4E4}",
   "os": "Windows 10 64 bit",
   "package": "",
   "parameters": {
      "configuration": "Default configuration"
   },
   "scenario": "Feature experiment(2).sce",
   "subject": "A_HP_19",
   "timestamp": "2019/10/17 02:00:32 GMT"
}
