Scenario - 
Logfile written - 09/26/2019 13:54:50

Subject	Trial	Event Type	Code	Time	TTime	Uncertainty	Duration	Uncertainty	ReqTime	ReqDur	Stim Type	Pair Index

A_HP_15	1	Response	3	204295	203463	1
A_HP_15	1	Pulse	99	204295	203463	1
A_HP_15	2	Picture	ready	204528	0	1	10229	1	0	10000	other	0
A_HP_15	2	Pulse	99	224295	19767	1
A_HP_15	2	Pulse	99	244295	39768	1
A_HP_15	2	Pulse	99	264295	59768	1
A_HP_15	3	Picture	ins21	265083	233	1	30274	1	0	30000	other	0
A_HP_15	3	Pulse	99	284295	19446	1
A_HP_15	3	Pulse	99	304295	39446	1
A_HP_15	3	Pulse	99	324295	59446	1
A_HP_15	3	Pulse	99	344295	79446	1
A_HP_15	3	Pulse	99	364295	99446	1
A_HP_15	3	Pulse	99	384295	119446	1
A_HP_15	3	Pulse	99	404295	139446	1
A_HP_15	3	Pulse	99	424295	159446	1
A_HP_15	3	Pulse	99	444295	179446	1
A_HP_15	3	Pulse	99	464295	199446	1
A_HP_15	3	Pulse	99	484295	219446	1
A_HP_15	3	Pulse	99	504295	239446	1
A_HP_15	3	Pulse	99	524296	259446	1
A_HP_15	3	Pulse	99	544296	279446	1
A_HP_15	3	Pulse	99	564296	299446	1
A_HP_15	4	Response	3	584296	9216	1
A_HP_15	4	Pulse	99	584296	9216	1
A_HP_15	5	Picture	response166	584879	230	1	40229	1	0	40000	hit	27
A_HP_15	5	Pulse	99	604296	19646	1
A_HP_15	5	Response	1	605074	20424	1
A_HP_15	5	Pulse	99	624296	39646	1
A_HP_15	6	Picture	response163	635337	287	1	40229	1	0	40000	hit	31
A_HP_15	6	Pulse	99	644296	9246	1
A_HP_15	6	Response	2	648664	13615	1
A_HP_15	6	Pulse	99	664296	29246	1
A_HP_15	6	Pulse	99	684296	49246	1
A_HP_15	7	Picture	response162	685629	179	1	40229	1	0	40000	hit	35
A_HP_15	7	Response	1	695975	10525	1
A_HP_15	7	Pulse	99	704296	18846	1
A_HP_15	7	Pulse	99	724296	38846	1
A_HP_15	8	Picture	response165	735920	70	1	40229	1	0	40000	hit	39
A_HP_15	8	Response	1	742885	7035	1
A_HP_15	8	Pulse	99	744296	8446	1
A_HP_15	8	Pulse	99	764296	28446	1
A_HP_15	8	Pulse	99	784296	48446	1
A_HP_15	9	Picture	response161	786545	295	1	40229	1	0	40000	hit	44
A_HP_15	9	Response	2	795705	9455	1
A_HP_15	9	Pulse	99	804296	18046	1
A_HP_15	9	Pulse	99	824296	38046	1
A_HP_15	10	Picture	response167	836837	186	1	40229	1	0	40000	hit	49
A_HP_15	10	Pulse	99	844297	7646	1
A_HP_15	10	Response	2	847885	11235	1
A_HP_15	10	Pulse	99	864296	27645	1
A_HP_15	10	Pulse	99	884296	47646	1
A_HP_15	11	Picture	response164	887295	245	1	40229	1	0	40000	hit	54
A_HP_15	11	Pulse	99	904296	17246	1
A_HP_15	11	Response	1	911645	24595	1
A_HP_15	11	Pulse	99	924296	37246	1
A_HP_15	12	Picture	response168	937587	136	1	40229	1	0	40000	hit	58
A_HP_15	12	Pulse	99	944297	6846	1
A_HP_15	12	Response	2	957895	20445	1
A_HP_15	12	Pulse	99	964296	26846	1
A_HP_15	12	Pulse	99	984296	46846	1
A_HP_15	13	Picture	ins13	988045	194	1	30229	1	0	30000	other	0
A_HP_15	13	Pulse	99	1004296	16446	1
A_HP_15	13	Pulse	99	1024297	36446	1
A_HP_15	13	Pulse	99	1044297	56446	1
A_HP_15	13	Pulse	99	1064297	76446	1
A_HP_15	13	Pulse	99	1084297	96446	1
A_HP_15	13	Pulse	99	1104297	116446	1
A_HP_15	13	Pulse	99	1124297	136446	1
A_HP_15	13	Pulse	99	1144297	156446	1
A_HP_15	13	Pulse	99	1164297	176446	1
A_HP_15	13	Pulse	99	1184297	196446	1
A_HP_15	13	Pulse	99	1204297	216446	1
A_HP_15	13	Pulse	99	1224296	236446	1
A_HP_15	13	Pulse	99	1244297	256446	1
A_HP_15	13	Pulse	99	1264297	276446	1
A_HP_15	13	Pulse	99	1284297	296446	1
A_HP_15	14	Response	3	1304297	6216	1
A_HP_15	14	Pulse	99	1304297	6216	1
A_HP_15	15	Picture	response100	1304880	229	1	40229	1	0	40000	hit	80
A_HP_15	15	Response	2	1314656	10005	1
A_HP_15	15	Pulse	99	1324297	19646	1
A_HP_15	15	Pulse	99	1344297	39646	1
A_HP_15	16	Picture	response98	1355339	288	1	40229	1	0	40000	hit	85
A_HP_15	16	Pulse	99	1364297	9246	1
A_HP_15	16	Response	2	1365995	10944	1
A_HP_15	16	Pulse	99	1384297	29246	1
A_HP_15	16	Pulse	99	1404297	49246	1
A_HP_15	17	Picture	response104	1405630	179	1	40230	1	0	40000	hit	89
A_HP_15	17	Response	1	1417236	11785	1
A_HP_15	17	Pulse	99	1424297	18846	1
A_HP_15	17	Pulse	99	1444297	38846	1
A_HP_15	18	Picture	response101	1455923	72	1	40229	1	0	40000	hit	94
A_HP_15	18	Pulse	99	1464297	8446	1
A_HP_15	18	Response	1	1466045	10194	1
A_HP_15	18	Pulse	99	1484297	28446	1
A_HP_15	18	Pulse	99	1504297	48446	1
A_HP_15	19	Picture	response103	1506548	296	1	40229	1	0	40000	hit	98
A_HP_15	19	Response	1	1514696	8445	1
A_HP_15	19	Pulse	99	1524297	18046	1
A_HP_15	19	Pulse	99	1544297	38046	1
A_HP_15	20	Picture	response99	1556839	188	1	40229	1	0	40000	hit	103
A_HP_15	20	Pulse	99	1564297	7647	1
A_HP_15	20	Response	1	1574616	17965	1
A_HP_15	20	Pulse	99	1584297	27646	1
A_HP_15	20	Pulse	99	1604297	47646	1
A_HP_15	21	Picture	response97	1607297	246	1	40229	1	0	40000	hit	107
A_HP_15	21	Response	1	1615606	8554	1
A_HP_15	21	Pulse	99	1624297	17245	1
A_HP_15	21	Pulse	99	1644297	37246	1
A_HP_15	22	Picture	response102	1657589	138	1	40229	1	0	40000	hit	112
A_HP_15	22	Pulse	99	1664297	6846	1
A_HP_15	22	Response	2	1667506	10054	1
A_HP_15	22	Pulse	99	1684298	26846	1
A_HP_15	22	Pulse	99	1704297	46846	1
A_HP_15	23	Picture	ins7	1708047	196	1	30229	1	0	30000	other	0
A_HP_15	23	Pulse	99	1724297	16446	1
A_HP_15	23	Pulse	99	1744298	36446	1
A_HP_15	23	Pulse	99	1764298	56446	1
A_HP_15	23	Pulse	99	1784298	76447	1
A_HP_15	23	Pulse	99	1804298	96447	1
A_HP_15	23	Pulse	99	1824298	116447	1
A_HP_15	23	Pulse	99	1844298	136447	1
A_HP_15	23	Pulse	99	1864218	156367	1
A_HP_15	23	Pulse	99	1884298	176447	1
A_HP_15	23	Pulse	99	1904298	196447	1
A_HP_15	23	Pulse	99	1924298	216446	1
A_HP_15	23	Pulse	99	1944298	236447	1
A_HP_15	23	Pulse	99	1964298	256447	1
A_HP_15	23	Pulse	99	1984298	276447	1
A_HP_15	23	Pulse	99	2004298	296447	1
A_HP_15	24	Response	3	2024298	6216	1
A_HP_15	24	Pulse	99	2024298	6216	1
A_HP_15	25	Picture	response52	2024882	230	1	40230	1	0	40000	hit	134
A_HP_15	25	Response	1	2034817	10164	1
A_HP_15	25	Pulse	99	2044298	19645	1
A_HP_15	25	Pulse	99	2064298	39646	1
A_HP_15	26	Picture	response49	2075341	289	1	40229	1	0	40000	hit	138
A_HP_15	26	Response	1	2079337	4285	1
A_HP_15	26	Pulse	99	2084298	9246	1
A_HP_15	26	Pulse	99	2104298	29246	1
A_HP_15	26	Pulse	99	2124298	49246	1
A_HP_15	27	Picture	response55	2125633	181	1	40229	1	0	40000	hit	143
A_HP_15	27	Response	1	2129267	3815	1
A_HP_15	27	Pulse	99	2144298	18846	1
A_HP_15	27	Pulse	99	2164298	38846	1
A_HP_15	28	Picture	response56	2175924	72	1	40230	1	0	40000	hit	147
A_HP_15	28	Response	1	2179217	3365	1
A_HP_15	28	Pulse	99	2184218	8366	1
A_HP_15	28	Pulse	99	2204298	28446	1
A_HP_15	28	Pulse	99	2224298	48446	1
A_HP_15	29	Picture	response54	2226549	296	1	40229	1	0	40000	hit	152
A_HP_15	29	Response	1	2230177	3925	1
A_HP_15	29	Pulse	99	2244218	17966	1
A_HP_15	29	Pulse	99	2264298	38046	1
A_HP_15	30	Picture	response53	2276841	188	1	40229	1	0	40000	hit	156
A_HP_15	30	Response	2	2283237	6584	1
A_HP_15	30	Pulse	99	2284298	7645	1
A_HP_15	30	Pulse	99	2304298	27646	1
A_HP_15	30	Pulse	99	2324298	47646	1
A_HP_15	31	Picture	response51	2327299	246	1	40229	1	0	40000	hit	161
A_HP_15	31	Response	2	2333887	6835	1
A_HP_15	31	Pulse	99	2344298	17246	1
A_HP_15	31	Pulse	99	2364298	37246	1
A_HP_15	32	Picture	response50	2377591	138	1	40229	1	0	40000	hit	166
A_HP_15	32	Pulse	99	2384298	6846	1
A_HP_15	32	Response	2	2386036	8584	1
A_HP_15	32	Pulse	99	2404298	26846	1
A_HP_15	32	Pulse	99	2424299	46846	1
A_HP_15	33	Picture	ins5	2428048	196	1	30229	1	0	30000	other	0
A_HP_15	33	Pulse	99	2444298	16446	1
A_HP_15	33	Pulse	99	2464299	36446	1
A_HP_15	33	Pulse	99	2484299	56446	1
A_HP_15	33	Pulse	99	2504219	76366	1
A_HP_15	33	Pulse	99	2524299	96446	1
A_HP_15	33	Pulse	99	2544299	116446	1
A_HP_15	33	Pulse	99	2564219	136366	1
A_HP_15	33	Pulse	99	2584299	156446	1
A_HP_15	33	Pulse	99	2604299	176446	1
A_HP_15	33	Pulse	99	2624219	196366	1
A_HP_15	33	Pulse	99	2644299	216446	1
A_HP_15	33	Pulse	99	2664299	236447	1
A_HP_15	33	Pulse	99	2684219	256366	1
A_HP_15	33	Pulse	99	2704299	276447	1
A_HP_15	33	Pulse	99	2724299	296447	1
A_HP_15	34	Response	3	2744299	6216	1
A_HP_15	34	Pulse	99	2744299	6216	1
A_HP_15	35	Picture	response38	2744883	230	1	40229	1	0	40000	hit	188
A_HP_15	35	Response	1	2752137	7484	1
A_HP_15	35	Pulse	99	2764299	19646	1
A_HP_15	35	Pulse	99	2784299	39646	1
A_HP_15	36	Picture	response37	2795341	288	1	40229	1	0	40000	hit	192
A_HP_15	36	Response	2	2800108	5055	1
A_HP_15	36	Pulse	99	2804299	9246	1
A_HP_15	36	Pulse	99	2824219	29166	1
A_HP_15	36	Pulse	99	2844299	49247	1
A_HP_15	37	Picture	response40	2845631	179	1	40229	1	0	40000	hit	197
A_HP_15	37	Response	2	2852688	7235	1
A_HP_15	37	Pulse	99	2864299	18846	1
A_HP_15	37	Pulse	99	2884219	38766	1
A_HP_15	38	Picture	response36	2895923	70	1	40229	1	0	40000	hit	201
A_HP_15	38	Response	2	2901788	5934	1
A_HP_15	38	Pulse	99	2904298	8445	1
A_HP_15	38	Pulse	99	2924299	28446	1
A_HP_15	38	Pulse	99	2944220	48366	1
A_HP_15	39	Picture	response34	2946548	295	1	40229	1	0	40000	hit	206
A_HP_15	39	Response	2	2951738	5485	1
A_HP_15	39	Pulse	99	2964299	18046	1
A_HP_15	39	Pulse	99	2984299	38046	1
A_HP_15	40	Picture	response35	2996840	187	1	40229	1	0	40000	hit	210
A_HP_15	40	Response	1	3003698	7045	1
A_HP_15	40	Pulse	99	3004219	7566	1
A_HP_15	40	Pulse	99	3024299	27646	1
A_HP_15	40	Pulse	99	3044299	47646	1
A_HP_15	41	Picture	response33	3047298	244	1	40229	1	0	40000	hit	215
A_HP_15	41	Response	2	3052658	5604	1
A_HP_15	41	Pulse	99	3064219	17166	1
A_HP_15	41	Pulse	99	3084300	37246	1
A_HP_15	42	Picture	response39	3097590	137	1	40229	1	0	40000	hit	219
A_HP_15	42	Response	1	3104048	6595	1
A_HP_15	42	Pulse	99	3104299	6845	1
A_HP_15	42	Pulse	99	3124219	26766	1
A_HP_15	42	Pulse	99	3144219	46766	1
A_HP_15	43	Picture	ins23	3148048	195	1	30230	1	0	30000	other	0
A_HP_15	43	Pulse	99	3164300	16446	1
A_HP_15	43	Pulse	99	3184299	36446	1
A_HP_15	43	Pulse	99	3204220	56366	1
A_HP_15	43	Pulse	99	3224300	76446	1
A_HP_15	43	Pulse	99	3244300	96446	1
A_HP_15	43	Pulse	99	3264220	116366	1
A_HP_15	43	Pulse	99	3284300	136446	1
A_HP_15	43	Pulse	99	3304300	156446	1
A_HP_15	43	Pulse	99	3324220	176367	1
A_HP_15	43	Pulse	99	3344300	196446	1
A_HP_15	43	Pulse	99	3364300	216446	1
A_HP_15	43	Pulse	99	3384220	236366	1
A_HP_15	43	Pulse	99	3404300	256447	1
A_HP_15	43	Pulse	99	3424300	276447	1
A_HP_15	43	Pulse	99	3444220	296367	1
A_HP_15	44	Response	3	3464300	6216	1
A_HP_15	44	Pulse	99	3464300	6216	1
A_HP_15	45	Picture	response184	3464884	230	1	40229	1	0	40000	hit	242
A_HP_15	45	Response	1	3481379	16725	1
A_HP_15	45	Pulse	99	3484299	19645	1
A_HP_15	45	Pulse	99	3504220	39566	1
A_HP_15	46	Picture	response183	3515341	287	1	40229	1	0	40000	hit	247
A_HP_15	46	Pulse	99	3524220	9166	1
A_HP_15	46	Response	1	3528248	13194	1
A_HP_15	46	Pulse	99	3544300	29246	1
A_HP_15	46	Pulse	99	3564300	49246	1
A_HP_15	47	Picture	response181	3565632	178	1	40229	1	0	40000	hit	251
A_HP_15	47	Response	2	3580759	15305	1
A_HP_15	47	Pulse	99	3584219	18765	1
A_HP_15	47	Pulse	99	3604300	38846	1
A_HP_15	48	Picture	response178	3615924	70	1	40229	1	0	40000	incorrect	256
A_HP_15	48	Pulse	99	3624301	8446	1
A_HP_15	48	Response	2	3642389	26535	1
A_HP_15	48	Pulse	99	3644220	28365	1
A_HP_15	48	Pulse	99	3664300	48446	1
A_HP_15	49	Picture	response180	3666548	294	1	40229	1	0	40000	hit	260
A_HP_15	49	Response	1	3675419	9164	1
A_HP_15	49	Pulse	99	3684300	18045	1
A_HP_15	49	Pulse	99	3704221	37966	1
A_HP_15	50	Picture	response179	3716840	186	1	40230	1	0	40000	hit	265
A_HP_15	50	Pulse	99	3724300	7646	1
A_HP_15	50	Response	2	3725499	8845	1
A_HP_15	50	Pulse	99	3744300	27646	1
A_HP_15	50	Pulse	99	3764221	47567	1
A_HP_15	51	Picture	response177	3767298	244	1	40229	1	0	40000	hit	269
A_HP_15	51	Response	2	3777039	9985	1
A_HP_15	51	Pulse	99	3784300	17246	1
A_HP_15	51	Pulse	99	3804301	37246	1
A_HP_15	52	Picture	response182	3817590	136	1	40229	1	0	40000	hit	274
A_HP_15	52	Pulse	99	3824221	6766	1
A_HP_15	52	Response	2	3828729	11275	1
A_HP_15	52	Pulse	99	3844220	26766	1
A_HP_15	52	Pulse	99	3864301	46846	1
A_HP_15	53	Picture	ins15	3868049	194	1	30229	1	0	30000	other	0
A_HP_15	53	Pulse	99	3884221	16367	1
A_HP_15	53	Pulse	99	3904221	36366	1
A_HP_15	53	Pulse	99	3924301	56447	1
A_HP_15	53	Pulse	99	3944221	76366	1
A_HP_15	53	Pulse	99	3964221	96367	1
A_HP_15	53	Pulse	99	3984301	116447	1
A_HP_15	53	Pulse	99	4004301	136447	1
A_HP_15	53	Pulse	99	4024221	156367	1
A_HP_15	53	Pulse	99	4044301	176447	1
A_HP_15	53	Pulse	99	4064301	196447	1
A_HP_15	53	Pulse	99	4084221	216367	1
A_HP_15	53	Pulse	99	4104301	236447	1
A_HP_15	53	Pulse	99	4124301	256447	1
A_HP_15	53	Pulse	99	4144221	276367	1
A_HP_15	53	Pulse	99	4164221	296366	1
A_HP_15	54	Response	3	4184301	6217	1
A_HP_15	54	Pulse	99	4184301	6217	1
A_HP_15	55	Picture	response115	4184885	230	1	40229	1	0	40000	hit	296
A_HP_15	55	Response	2	4193550	8895	1
A_HP_15	55	Pulse	99	4204221	19566	1
A_HP_15	55	Pulse	99	4224221	39567	1
A_HP_15	56	Picture	response114	4235342	287	1	40229	1	0	40000	hit	302
A_HP_15	56	Pulse	99	4244301	9247	1
A_HP_15	56	Pulse	99	4264221	29166	1
A_HP_15	56	Response	1	4265709	30654	1
A_HP_15	56	Pulse	99	4284221	49167	1
A_HP_15	57	Picture	response118	4285633	177	1	40229	1	0	40000	hit	305
A_HP_15	57	Response	2	4292880	7425	1
A_HP_15	57	Pulse	99	4304301	18846	1
A_HP_15	57	Pulse	99	4324221	38766	1
A_HP_15	58	Picture	response120	4335924	69	1	40229	1	0	40000	hit	310
A_HP_15	58	Pulse	99	4344221	8366	1
A_HP_15	58	Response	2	4348370	12515	1
A_HP_15	58	Pulse	99	4364301	28446	1
A_HP_15	58	Pulse	99	4384302	48446	1
A_HP_15	59	Picture	response113	4386549	293	1	40229	1	0	40000	hit	314
A_HP_15	59	Response	2	4398750	12495	1
A_HP_15	59	Pulse	99	4404221	17966	1
A_HP_15	59	Pulse	99	4424302	38046	1
A_HP_15	60	Picture	response119	4436840	184	1	40229	1	0	40000	hit	318
A_HP_15	60	Response	2	4443720	7065	1
A_HP_15	60	Pulse	99	4444301	7646	1
A_HP_15	60	Pulse	99	4464224	27568	1
A_HP_15	60	Pulse	99	4484221	47566	1
A_HP_15	61	Picture	response116	4487298	243	1	40230	1	0	40000	hit	323
A_HP_15	61	Response	1	4495891	8835	1
A_HP_15	61	Pulse	99	4504301	17246	1
A_HP_15	61	Pulse	99	4524221	37166	1
A_HP_15	62	Picture	response117	4537590	135	1	40229	1	0	40000	hit	328
A_HP_15	62	Pulse	99	4544222	6766	1
A_HP_15	62	Response	1	4549869	12414	1
A_HP_15	62	Pulse	99	4564302	26846	1
A_HP_15	62	Pulse	99	4584222	46766	1
A_HP_15	63	Picture	thanks	4587715	0	1	10229	1	0	10000	other	0
A_HP_15	63	Pulse	99	4604222	16507	1


Event Type	Code	Type	Response	RT	RT Uncertainty	Time	Uncertainty	Duration	Uncertainty	ReqTime	ReqDur

Picture	ready	other				204528	1	10229	1	0	10000
Picture	ins21	other				265083	1	30274	1	0	30000
Picture	response166	hit	1	20195	2	584879	1	40229	1	0	40000
Picture	response163	hit	2	13327	2	635337	1	40229	1	0	40000
Picture	response162	hit	1	10346	2	685629	1	40229	1	0	40000
Picture	response165	hit	1	6965	2	735920	1	40229	1	0	40000
Picture	response161	hit	2	9160	2	786545	1	40229	1	0	40000
Picture	response167	hit	2	11048	2	836837	1	40229	1	0	40000
Picture	response164	hit	1	24350	2	887295	1	40229	1	0	40000
Picture	response168	hit	2	20309	2	937587	1	40229	1	0	40000
Picture	ins13	other				988045	1	30229	1	0	30000
Picture	response100	hit	2	9776	2	1304880	1	40229	1	0	40000
Picture	response98	hit	2	10656	2	1355339	1	40229	1	0	40000
Picture	response104	hit	1	11605	2	1405630	1	40230	1	0	40000
Picture	response101	hit	1	10122	2	1455923	1	40229	1	0	40000
Picture	response103	hit	1	8148	2	1506548	1	40229	1	0	40000
Picture	response99	hit	1	17777	2	1556839	1	40229	1	0	40000
Picture	response97	hit	1	8308	2	1607297	1	40229	1	0	40000
Picture	response102	hit	2	9917	2	1657589	1	40229	1	0	40000
Picture	ins7	other				1708047	1	30229	1	0	30000
Picture	response52	hit	1	9935	2	2024882	1	40230	1	0	40000
Picture	response49	hit	1	3996	2	2075341	1	40229	1	0	40000
Picture	response55	hit	1	3634	2	2125633	1	40229	1	0	40000
Picture	response56	hit	1	3293	2	2175924	1	40230	1	0	40000
Picture	response54	hit	1	3628	2	2226549	1	40229	1	0	40000
Picture	response53	hit	2	6396	2	2276841	1	40229	1	0	40000
Picture	response51	hit	2	6588	2	2327299	1	40229	1	0	40000
Picture	response50	hit	2	8446	2	2377591	1	40229	1	0	40000
Picture	ins5	other				2428048	1	30229	1	0	30000
Picture	response38	hit	1	7254	2	2744883	1	40229	1	0	40000
Picture	response37	hit	2	4767	2	2795341	1	40229	1	0	40000
Picture	response40	hit	2	7057	2	2845631	1	40229	1	0	40000
Picture	response36	hit	2	5865	2	2895923	1	40229	1	0	40000
Picture	response34	hit	2	5190	2	2946548	1	40229	1	0	40000
Picture	response35	hit	1	6858	2	2996840	1	40229	1	0	40000
Picture	response33	hit	2	5360	2	3047298	1	40229	1	0	40000
Picture	response39	hit	1	6458	2	3097590	1	40229	1	0	40000
Picture	ins23	other				3148048	1	30230	1	0	30000
Picture	response184	hit	1	16495	2	3464884	1	40229	1	0	40000
Picture	response183	hit	1	12907	2	3515341	1	40229	1	0	40000
Picture	response181	hit	2	15127	2	3565632	1	40229	1	0	40000
Picture	response178	incorrect	2	26466	2	3615924	1	40229	1	0	40000
Picture	response180	hit	1	8871	2	3666548	1	40229	1	0	40000
Picture	response179	hit	2	8659	2	3716840	1	40230	1	0	40000
Picture	response177	hit	2	9741	2	3767298	1	40229	1	0	40000
Picture	response182	hit	2	11138	2	3817590	1	40229	1	0	40000
Picture	ins15	other				3868049	1	30229	1	0	30000
Picture	response115	hit	2	8665	2	4184885	1	40229	1	0	40000
Picture	response114	hit	1	30367	2	4235342	1	40229	1	0	40000
Picture	response118	hit	2	7247	2	4285633	1	40229	1	0	40000
Picture	response120	hit	2	12446	2	4335924	1	40229	1	0	40000
Picture	response113	hit	2	12202	2	4386549	1	40229	1	0	40000
Picture	response119	hit	2	6881	2	4436840	1	40229	1	0	40000
Picture	response116	hit	1	8592	2	4487298	1	40230	1	0	40000
Picture	response117	hit	1	12279	2	4537590	1	40229	1	0	40000
Picture	thanks	other				4587715	1	10229	1	0	10000


{
   "app": "Presentation Version 21.0 Build 06.06.19",
   "device": "LENOVO 20KHCTO1WW",
   "experiment": "{C0C68DB1-10BA-42F2-8F79-3F2AFFEED4E4}",
   "os": "Windows 10 64 bit",
   "package": "",
   "parameters": {
      "configuration": "Default configuration"
   },
   "scenario": "Feature experiment(2).sce",
   "subject": "A_HP_15",
   "timestamp": "2019/09/26 04:47:01 GMT"
}
