Scenario - 
Logfile written - 07/18/2019 15:28:29

Subject	Trial	Event Type	Code	Time	TTime	Uncertainty	Duration	Uncertainty	ReqTime	ReqDur	Stim Type	Pair Index

A_HP_04	1	Response	3	214603	213604	1
A_HP_04	1	Pulse	99	214603	213604	1
A_HP_04	2	Picture	ready	214834	0	1	10229	1	0	10000	other	0
A_HP_04	2	Pulse	99	234603	19769	1
A_HP_04	2	Pulse	99	254523	39688	1
A_HP_04	2	Pulse	99	274603	59769	1
A_HP_04	3	Picture	ins13	275448	233	1	30229	1	0	30000	other	0
A_HP_04	3	Pulse	99	294603	19387	1
A_HP_04	3	Pulse	99	314523	39308	1
A_HP_04	3	Pulse	99	334603	59388	1
A_HP_04	3	Pulse	99	354603	79387	1
A_HP_04	3	Pulse	99	374523	99308	1
A_HP_04	3	Pulse	99	394603	119388	1
A_HP_04	3	Pulse	99	414603	139387	1
A_HP_04	3	Pulse	99	434523	159308	1
A_HP_04	3	Pulse	99	454603	179388	1
A_HP_04	3	Pulse	99	474603	199388	1
A_HP_04	3	Pulse	99	494523	219308	1
A_HP_04	3	Pulse	99	514603	239388	1
A_HP_04	3	Pulse	99	534603	259388	1
A_HP_04	3	Pulse	99	554603	279388	1
A_HP_04	3	Pulse	99	574603	299388	1
A_HP_04	4	Response	3	594603	9157	1
A_HP_04	4	Pulse	99	594603	9157	1
A_HP_04	5	Picture	response97	595245	230	1	40229	1	0	40000	hit	26
A_HP_04	5	Response	1	606422	11407	1
A_HP_04	5	Pulse	99	614603	19588	1
A_HP_04	5	Pulse	99	634523	39508	1
A_HP_04	6	Picture	response100	645535	120	1	40229	1	0	40000	hit	31
A_HP_04	6	Pulse	99	654603	9188	1
A_HP_04	6	Response	2	658432	13017	1
A_HP_04	6	Pulse	99	674603	29188	1
A_HP_04	6	Pulse	99	694523	49108	1
A_HP_04	7	Picture	response99	695993	179	1	40229	1	0	40000	hit	35
A_HP_04	7	Response	1	711052	15238	1
A_HP_04	7	Pulse	99	714602	18788	1
A_HP_04	7	Pulse	99	734603	38789	1
A_HP_04	8	Picture	response102	746451	236	1	40229	1	0	40000	hit	40
A_HP_04	8	Pulse	99	754523	8308	1
A_HP_04	8	Response	2	760282	14067	1
A_HP_04	8	Pulse	99	774603	28388	1
A_HP_04	8	Pulse	99	794603	48388	1
A_HP_04	9	Picture	response104	796742	127	1	40229	1	0	40000	hit	45
A_HP_04	9	Pulse	99	814523	17908	1
A_HP_04	9	Response	1	819012	22397	1
A_HP_04	9	Pulse	99	834603	37988	1
A_HP_04	10	Picture	response103	847200	185	1	40229	1	0	40000	hit	49
A_HP_04	10	Pulse	99	854603	7588	1
A_HP_04	10	Response	1	861742	14727	1
A_HP_04	10	Pulse	99	874523	27508	1
A_HP_04	10	Pulse	99	894603	47588	1
A_HP_04	11	Picture	response101	897658	242	1	40229	1	0	40000	hit	53
A_HP_04	11	Response	1	912142	14726	1
A_HP_04	11	Pulse	99	914603	17187	1
A_HP_04	11	Pulse	99	934523	37108	1
A_HP_04	12	Picture	response98	947949	134	1	40229	1	0	40000	hit	58
A_HP_04	12	Pulse	99	954603	6788	1
A_HP_04	12	Response	2	957161	9346	1
A_HP_04	12	Pulse	99	974603	26788	1
A_HP_04	12	Pulse	99	994524	46708	1
A_HP_04	13	Picture	ins15	998407	191	1	30229	1	0	30000	other	0
A_HP_04	13	Pulse	99	1014523	16308	1
A_HP_04	13	Pulse	99	1034603	36388	1
A_HP_04	13	Pulse	99	1054524	56308	1
A_HP_04	13	Pulse	99	1074523	76308	1
A_HP_04	13	Pulse	99	1094604	96388	1
A_HP_04	13	Pulse	99	1114603	116388	1
A_HP_04	13	Pulse	99	1134523	136308	1
A_HP_04	13	Pulse	99	1154603	156388	1
A_HP_04	13	Pulse	99	1174604	176388	1
A_HP_04	13	Pulse	99	1194524	196308	1
A_HP_04	13	Pulse	99	1214604	216388	1
A_HP_04	13	Pulse	99	1234604	236388	1
A_HP_04	13	Pulse	99	1254524	256308	1
A_HP_04	13	Pulse	99	1274604	276388	1
A_HP_04	13	Pulse	99	1294604	296388	1
A_HP_04	14	Response	3	1314523	6077	1
A_HP_04	14	Pulse	99	1314523	6077	1
A_HP_04	15	Picture	response119	1315146	230	1	40229	1	0	40000	hit	80
A_HP_04	15	Response	2	1327493	12577	1
A_HP_04	15	Pulse	99	1334603	19688	1
A_HP_04	15	Pulse	99	1354603	39687	1
A_HP_04	16	Picture	response114	1365437	121	1	40229	1	0	40000	hit	85
A_HP_04	16	Pulse	99	1374523	9208	1
A_HP_04	16	Response	1	1376362	11046	1
A_HP_04	16	Pulse	99	1394524	29208	1
A_HP_04	16	Pulse	99	1414604	49288	1
A_HP_04	17	Picture	response116	1415895	180	1	40229	1	0	40000	hit	89
A_HP_04	17	Response	1	1425872	10158	1
A_HP_04	17	Pulse	99	1434523	18808	1
A_HP_04	17	Pulse	99	1454524	38809	1
A_HP_04	18	Picture	response117	1466352	237	1	40229	1	0	40000	hit	94
A_HP_04	18	Pulse	99	1474604	8488	1
A_HP_04	18	Response	1	1482642	16527	1
A_HP_04	18	Pulse	99	1494524	28408	1
A_HP_04	18	Pulse	99	1514524	48408	1
A_HP_04	19	Picture	response120	1516810	295	1	40229	1	0	40000	hit	98
A_HP_04	19	Response	2	1528482	11967	1
A_HP_04	19	Pulse	99	1534604	18088	1
A_HP_04	19	Pulse	99	1554524	38008	1
A_HP_04	20	Picture	response115	1567185	269	1	40229	1	0	40000	hit	103
A_HP_04	20	Pulse	99	1574524	7608	1
A_HP_04	20	Response	2	1575192	8276	1
A_HP_04	20	Pulse	99	1594604	27688	1
A_HP_04	20	Pulse	99	1614604	47688	1
A_HP_04	21	Picture	response113	1617476	161	1	40229	1	0	40000	hit	107
A_HP_04	21	Response	2	1626773	9457	1
A_HP_04	21	Pulse	99	1634523	17208	1
A_HP_04	21	Pulse	99	1654604	37288	1
A_HP_04	22	Picture	response118	1667934	219	1	40229	1	0	40000	hit	112
A_HP_04	22	Pulse	99	1674604	6888	1
A_HP_04	22	Response	2	1680273	12557	1
A_HP_04	22	Pulse	99	1694524	26808	1
A_HP_04	22	Pulse	99	1714604	46888	1
A_HP_04	23	Picture	ins7	1718226	210	1	30229	1	0	30000	other	0
A_HP_04	23	Pulse	99	1734604	16588	1
A_HP_04	23	Pulse	99	1754524	36509	1
A_HP_04	23	Pulse	99	1774524	56508	1
A_HP_04	23	Pulse	99	1794604	76588	1
A_HP_04	23	Pulse	99	1814524	96509	1
A_HP_04	23	Pulse	99	1834524	116508	1
A_HP_04	23	Pulse	99	1854604	136589	1
A_HP_04	23	Pulse	99	1874524	156509	1
A_HP_04	23	Pulse	99	1894524	176508	1
A_HP_04	23	Pulse	99	1914604	196589	1
A_HP_04	23	Pulse	99	1934524	216509	1
A_HP_04	23	Pulse	99	1954524	236509	1
A_HP_04	23	Pulse	99	1974604	256589	1
A_HP_04	23	Pulse	99	1994524	276509	1
A_HP_04	23	Pulse	99	2014523	296508	1
A_HP_04	24	Response	3	2034603	6357	1
A_HP_04	24	Pulse	99	2034603	6357	1
A_HP_04	25	Picture	response55	2035145	230	1	40229	1	0	40000	hit	134
A_HP_04	25	Response	1	2050172	15257	1
A_HP_04	25	Pulse	99	2054523	19607	1
A_HP_04	25	Pulse	99	2074523	39608	1
A_HP_04	26	Picture	response50	2085436	221	1	40229	1	0	40000	hit	138
A_HP_04	26	Response	2	2094502	9287	1
A_HP_04	26	Pulse	99	2094603	9388	1
A_HP_04	26	Pulse	99	2114524	29308	1
A_HP_04	26	Pulse	99	2134524	49308	1
A_HP_04	27	Picture	response53	2135727	211	1	40229	1	0	40000	hit	143
A_HP_04	27	Response	2	2142013	6497	1
A_HP_04	27	Pulse	99	2154604	19088	1
A_HP_04	27	Pulse	99	2174604	39088	1
A_HP_04	28	Picture	response52	2186018	202	1	40230	1	0	40000	hit	147
A_HP_04	28	Response	1	2193303	7487	1
A_HP_04	28	Pulse	99	2194523	8707	1
A_HP_04	28	Pulse	99	2214523	28707	1
A_HP_04	28	Pulse	99	2234604	48788	1
A_HP_04	29	Picture	response54	2236309	193	1	40229	1	0	40000	hit	152
A_HP_04	29	Response	1	2248712	12596	1
A_HP_04	29	Pulse	99	2254524	18407	1
A_HP_04	29	Pulse	99	2274524	38408	1
A_HP_04	30	Picture	response49	2286601	184	1	40229	1	0	40000	hit	157
A_HP_04	30	Pulse	99	2294604	8188	1
A_HP_04	30	Response	1	2296002	9586	1
A_HP_04	30	Pulse	99	2314524	28108	1
A_HP_04	30	Pulse	99	2334524	48107	1
A_HP_04	31	Picture	response56	2336891	175	1	40229	1	0	40000	hit	161
A_HP_04	31	Response	1	2349523	12807	1
A_HP_04	31	Pulse	99	2354603	17887	1
A_HP_04	31	Pulse	99	2374524	37808	1
A_HP_04	32	Picture	response51	2387350	334	1	40229	1	0	40000	hit	166
A_HP_04	32	Pulse	99	2394524	7508	1
A_HP_04	32	Response	2	2406133	19117	1
A_HP_04	32	Pulse	99	2414604	27588	1
A_HP_04	32	Pulse	99	2434524	47508	1
A_HP_04	33	Picture	ins23	2437474	158	1	30229	1	0	30000	other	0
A_HP_04	33	Pulse	99	2454524	17208	1
A_HP_04	33	Pulse	99	2474604	37288	1
A_HP_04	33	Pulse	99	2494524	57208	1
A_HP_04	33	Pulse	99	2514524	77208	1
A_HP_04	33	Pulse	99	2534604	97288	1
A_HP_04	33	Pulse	99	2554524	117208	1
A_HP_04	33	Pulse	99	2574524	137208	1
A_HP_04	33	Pulse	99	2594524	157208	1
A_HP_04	33	Pulse	99	2614524	177208	1
A_HP_04	33	Pulse	99	2634524	197208	1
A_HP_04	33	Pulse	99	2654524	217208	1
A_HP_04	33	Pulse	99	2674604	237288	1
A_HP_04	33	Pulse	99	2694524	257208	1
A_HP_04	33	Pulse	99	2714524	277208	1
A_HP_04	33	Pulse	99	2734604	297288	1
A_HP_04	34	Response	3	2754524	6978	1
A_HP_04	34	Pulse	99	2754524	6978	1
A_HP_04	35	Picture	response179	2755046	229	1	40229	1	0	40000	hit	188
A_HP_04	35	Response	2	2766563	11747	1
A_HP_04	35	Pulse	99	2774524	19708	1
A_HP_04	35	Pulse	99	2794604	39788	1
A_HP_04	36	Picture	response180	2805337	221	1	40229	1	0	40000	hit	193
A_HP_04	36	Pulse	99	2814524	9408	1
A_HP_04	36	Response	1	2816822	11706	1
A_HP_04	36	Pulse	99	2834524	29408	1
A_HP_04	36	Pulse	99	2854625	49509	1
A_HP_04	37	Picture	response182	2855628	213	1	40229	1	0	40000	hit	197
A_HP_04	37	Response	2	2873183	17767	1
A_HP_04	37	Pulse	99	2874524	19109	1
A_HP_04	37	Pulse	99	2894524	39109	1
A_HP_04	38	Picture	response178	2905919	203	1	40229	1	0	40000	hit	202
A_HP_04	38	Pulse	99	2914604	8888	1
A_HP_04	38	Response	1	2917813	12097	1
A_HP_04	38	Pulse	99	2934524	28808	1
A_HP_04	38	Pulse	99	2954524	48808	1
A_HP_04	39	Picture	response177	2956210	194	1	40229	1	0	40000	hit	206
A_HP_04	39	Response	2	2969273	13257	1
A_HP_04	39	Pulse	99	2974524	18508	1
A_HP_04	39	Pulse	99	2994524	38508	1
A_HP_04	40	Picture	response183	3006501	186	1	40230	1	0	40000	hit	211
A_HP_04	40	Pulse	99	3014524	8208	1
A_HP_04	40	Response	1	3017132	10817	1
A_HP_04	40	Pulse	99	3034524	28208	1
A_HP_04	40	Pulse	99	3054524	48209	1
A_HP_04	41	Picture	response184	3056793	177	1	40230	1	0	40000	hit	216
A_HP_04	41	Pulse	99	3074524	17908	1
A_HP_04	41	Response	1	3081803	25187	1
A_HP_04	41	Pulse	99	3094524	37908	1
A_HP_04	42	Picture	response181	3107085	168	1	40229	1	0	40000	incorrect	220
A_HP_04	42	Pulse	99	3114524	7608	1
A_HP_04	42	Response	1	3124603	17687	1
A_HP_04	42	Pulse	99	3134524	27608	1
A_HP_04	42	Pulse	99	3154524	47608	1
A_HP_04	43	Picture	ins5	3157376	160	1	30229	1	0	30000	other	0
A_HP_04	43	Pulse	99	3174605	17388	1
A_HP_04	43	Pulse	99	3194525	37308	1
A_HP_04	43	Pulse	99	3214524	57308	1
A_HP_04	43	Pulse	99	3234604	77388	1
A_HP_04	43	Pulse	99	3254525	97308	1
A_HP_04	43	Pulse	99	3274524	117308	1
A_HP_04	43	Pulse	99	3294604	137388	1
A_HP_04	43	Pulse	99	3314524	157308	1
A_HP_04	43	Pulse	99	3334525	177308	1
A_HP_04	43	Pulse	99	3354605	197388	1
A_HP_04	43	Pulse	99	3374524	217308	1
A_HP_04	43	Pulse	99	3394524	237308	1
A_HP_04	43	Pulse	99	3414524	257308	1
A_HP_04	43	Pulse	99	3434524	277308	1
A_HP_04	43	Pulse	99	3454524	297308	1
A_HP_04	44	Response	3	3474524	7077	1
A_HP_04	44	Pulse	99	3474524	7077	1
A_HP_04	45	Picture	response33	3475046	230	1	40229	1	0	40000	hit	242
A_HP_04	45	Response	2	3483733	8917	1
A_HP_04	45	Pulse	99	3494524	19708	1
A_HP_04	45	Pulse	99	3514524	39708	1
A_HP_04	46	Picture	response35	3525337	221	1	40229	1	0	40000	hit	247
A_HP_04	46	Pulse	99	3534524	9408	1
A_HP_04	46	Response	1	3544913	19797	1
A_HP_04	46	Pulse	99	3554524	29408	1
A_HP_04	46	Pulse	99	3574524	49408	1
A_HP_04	47	Picture	response37	3575629	212	1	40229	1	0	40000	hit	251
A_HP_04	47	Response	2	3583883	8467	1
A_HP_04	47	Pulse	99	3594524	19108	1
A_HP_04	47	Pulse	99	3614524	39108	1
A_HP_04	48	Picture	response40	3625920	204	1	40229	1	0	40000	hit	255
A_HP_04	48	Response	2	3632763	7047	1
A_HP_04	48	Pulse	99	3634524	8808	1
A_HP_04	48	Pulse	99	3654525	28808	1
A_HP_04	48	Pulse	99	3674525	48808	1
A_HP_04	49	Picture	response39	3676211	194	1	40229	1	0	40000	hit	261
A_HP_04	49	Pulse	99	3694525	18508	1
A_HP_04	49	Response	1	3695063	19046	1
A_HP_04	49	Pulse	99	3714525	38508	1
A_HP_04	50	Picture	response38	3726502	185	1	40229	1	0	40000	hit	265
A_HP_04	50	Pulse	99	3734605	8288	1
A_HP_04	50	Response	1	3738953	12636	1
A_HP_04	50	Pulse	99	3754525	28208	1
A_HP_04	50	Pulse	99	3774525	48208	1
A_HP_04	51	Picture	response36	3776793	177	1	40230	1	0	40000	hit	269
A_HP_04	51	Response	2	3784874	8257	1
A_HP_04	51	Pulse	99	3794525	17908	1
A_HP_04	51	Pulse	99	3814525	37908	1
A_HP_04	52	Picture	response34	3827085	169	1	40229	1	0	40000	hit	273
A_HP_04	52	Response	2	3833363	6447	1
A_HP_04	52	Pulse	99	3834524	7607	1
A_HP_04	52	Pulse	99	3854525	27609	1
A_HP_04	52	Pulse	99	3874525	47608	1
A_HP_04	53	Picture	ins21	3877377	160	1	30229	1	0	30000	other	0
A_HP_04	53	Pulse	99	3894525	17308	1
A_HP_04	53	Pulse	99	3914525	37308	1
A_HP_04	53	Pulse	99	3934525	57308	1
A_HP_04	53	Pulse	99	3954525	77308	1
A_HP_04	53	Pulse	99	3974525	97308	1
A_HP_04	53	Pulse	99	3994525	117308	1
A_HP_04	53	Pulse	99	4014525	137308	1
A_HP_04	53	Pulse	99	4034525	157308	1
A_HP_04	53	Pulse	99	4054525	177308	1
A_HP_04	53	Pulse	99	4074525	197308	1
A_HP_04	53	Pulse	99	4094525	217308	1
A_HP_04	53	Pulse	99	4114525	237308	1
A_HP_04	53	Pulse	99	4134524	257307	1
A_HP_04	53	Pulse	99	4154525	277308	1
A_HP_04	53	Pulse	99	4174525	297308	1
A_HP_04	54	Response	3	4194525	7078	1
A_HP_04	54	Pulse	99	4194525	7078	1
A_HP_04	55	Picture	response163	4195046	230	1	40230	1	0	40000	hit	296
A_HP_04	55	Response	2	4206904	12087	1
A_HP_04	55	Pulse	99	4214525	19709	1
A_HP_04	55	Pulse	99	4234525	39708	1
A_HP_04	56	Picture	response167	4245338	221	1	40229	1	0	40000	hit	301
A_HP_04	56	Pulse	99	4254525	9408	1
A_HP_04	56	Response	2	4258344	13227	1
A_HP_04	56	Pulse	99	4274525	29408	1
A_HP_04	56	Pulse	99	4294525	49408	1
A_HP_04	57	Picture	response165	4295630	212	1	40229	1	0	40000	hit	305
A_HP_04	57	Response	1	4307874	12456	1
A_HP_04	57	Pulse	99	4314525	19107	1
A_HP_04	57	Pulse	99	4334525	39107	1
A_HP_04	58	Picture	response162	4345921	204	1	40229	1	0	40000	hit	310
A_HP_04	58	Pulse	99	4354525	8808	1
A_HP_04	58	Response	1	4368804	23087	1
A_HP_04	58	Pulse	99	4374525	28808	1
A_HP_04	58	Pulse	99	4394525	48807	1
A_HP_04	59	Picture	response168	4396213	197	1	40230	1	0	40000	hit	314
A_HP_04	59	Response	2	4407944	11927	1
A_HP_04	59	Pulse	99	4414525	18509	1
A_HP_04	59	Pulse	99	4434525	38509	1
A_HP_04	60	Picture	response164	4446505	188	1	40229	1	0	40000	incorrect	319
A_HP_04	60	Pulse	99	4454525	8208	1
A_HP_04	60	Response	2	4458243	11927	1
A_HP_04	60	Pulse	99	4474525	28208	1
A_HP_04	60	Pulse	99	4494525	48209	1
A_HP_04	61	Picture	response166	4496795	178	1	40229	1	0	40000	hit	324
A_HP_04	61	Pulse	99	4514525	17908	1
A_HP_04	61	Response	1	4527564	30947	1
A_HP_04	61	Pulse	99	4534525	37908	1
A_HP_04	62	Picture	response161	4547086	169	1	40229	1	0	40000	hit	328
A_HP_04	62	Pulse	99	4554525	7608	1
A_HP_04	62	Response	2	4561714	14797	1
A_HP_04	62	Pulse	99	4574525	27608	1
A_HP_04	62	Pulse	99	4594525	47608	1
A_HP_04	63	Picture	thanks	4597044	0	1	10229	1	0	10000	other	0
A_HP_04	63	Pulse	99	4614525	17480	1


Event Type	Code	Type	Response	RT	RT Uncertainty	Time	Uncertainty	Duration	Uncertainty	ReqTime	ReqDur

Picture	ready	other				214834	1	10229	1	0	10000
Picture	ins13	other				275448	1	30229	1	0	30000
Picture	response97	hit	1	11177	2	595245	1	40229	1	0	40000
Picture	response100	hit	2	12896	2	645535	1	40229	1	0	40000
Picture	response99	hit	1	15059	2	695993	1	40229	1	0	40000
Picture	response102	hit	2	13831	2	746451	1	40229	1	0	40000
Picture	response104	hit	1	22270	2	796742	1	40229	1	0	40000
Picture	response103	hit	1	14542	2	847200	1	40229	1	0	40000
Picture	response101	hit	1	14485	2	897658	1	40229	1	0	40000
Picture	response98	hit	2	9212	2	947949	1	40229	1	0	40000
Picture	ins15	other				998407	1	30229	1	0	30000
Picture	response119	hit	2	12347	2	1315146	1	40229	1	0	40000
Picture	response114	hit	1	10925	2	1365437	1	40229	1	0	40000
Picture	response116	hit	1	9978	2	1415895	1	40229	1	0	40000
Picture	response117	hit	1	16290	2	1466352	1	40229	1	0	40000
Picture	response120	hit	2	11672	2	1516810	1	40229	1	0	40000
Picture	response115	hit	2	8007	2	1567185	1	40229	1	0	40000
Picture	response113	hit	2	9296	2	1617476	1	40229	1	0	40000
Picture	response118	hit	2	12338	2	1667934	1	40229	1	0	40000
Picture	ins7	other				1718226	1	30229	1	0	30000
Picture	response55	hit	1	15027	2	2035145	1	40229	1	0	40000
Picture	response50	hit	2	9066	2	2085436	1	40229	1	0	40000
Picture	response53	hit	2	6285	2	2135727	1	40229	1	0	40000
Picture	response52	hit	1	7285	2	2186018	1	40230	1	0	40000
Picture	response54	hit	1	12403	2	2236309	1	40229	1	0	40000
Picture	response49	hit	1	9401	2	2286601	1	40229	1	0	40000
Picture	response56	hit	1	12631	2	2336891	1	40229	1	0	40000
Picture	response51	hit	2	18783	2	2387350	1	40229	1	0	40000
Picture	ins23	other				2437474	1	30229	1	0	30000
Picture	response179	hit	2	11517	2	2755046	1	40229	1	0	40000
Picture	response180	hit	1	11485	2	2805337	1	40229	1	0	40000
Picture	response182	hit	2	17555	2	2855628	1	40229	1	0	40000
Picture	response178	hit	1	11894	2	2905919	1	40229	1	0	40000
Picture	response177	hit	2	13063	2	2956210	1	40229	1	0	40000
Picture	response183	hit	1	10631	2	3006501	1	40230	1	0	40000
Picture	response184	hit	1	25010	2	3056793	1	40230	1	0	40000
Picture	response181	incorrect	1	17519	2	3107085	1	40229	1	0	40000
Picture	ins5	other				3157376	1	30229	1	0	30000
Picture	response33	hit	2	8687	2	3475046	1	40229	1	0	40000
Picture	response35	hit	1	19576	2	3525337	1	40229	1	0	40000
Picture	response37	hit	2	8254	2	3575629	1	40229	1	0	40000
Picture	response40	hit	2	6843	2	3625920	1	40229	1	0	40000
Picture	response39	hit	1	18852	2	3676211	1	40229	1	0	40000
Picture	response38	hit	1	12451	2	3726502	1	40229	1	0	40000
Picture	response36	hit	2	8080	2	3776793	1	40230	1	0	40000
Picture	response34	hit	2	6278	2	3827085	1	40229	1	0	40000
Picture	ins21	other				3877377	1	30229	1	0	30000
Picture	response163	hit	2	11857	2	4195046	1	40230	1	0	40000
Picture	response167	hit	2	13006	2	4245338	1	40229	1	0	40000
Picture	response165	hit	1	12244	2	4295630	1	40229	1	0	40000
Picture	response162	hit	1	22883	2	4345921	1	40229	1	0	40000
Picture	response168	hit	2	11731	2	4396213	1	40230	1	0	40000
Picture	response164	incorrect	2	11739	2	4446505	1	40229	1	0	40000
Picture	response166	hit	1	30769	2	4496795	1	40229	1	0	40000
Picture	response161	hit	2	14627	2	4547086	1	40229	1	0	40000
Picture	thanks	other				4597044	1	10229	1	0	10000


{
   "app": "Presentation Version 21.0 Build 06.06.19",
   "device": "LENOVO 20KHCTO1WW",
   "experiment": "{C0C68DB1-10BA-42F2-8F79-3F2AFFEED4E4}",
   "os": "Windows 10 64 bit",
   "package": "",
   "parameters": {
      "configuration": "Default configuration"
   },
   "scenario": "Feature experiment(2).sce",
   "subject": "A_HP_04",
   "timestamp": "2019/07/18 06:20:39 GMT"
}
