Scenario - 
Logfile written - 07/18/2019 14:03:59

Subject	Trial	Event Type	Code	Time	TTime	Uncertainty	Duration	Uncertainty	ReqTime	ReqDur	Stim Type	Pair Index

A_HP_03	1	Response	3	79277	78278	1
A_HP_03	1	Pulse	99	79277	78278	1
A_HP_03	2	Picture	ready	79475	0	1	10164	1	0	10000	other	0
A_HP_03	2	Pulse	99	99357	19882	1
A_HP_03	2	Pulse	99	119277	39802	1
A_HP_03	2	Pulse	99	139277	59802	1
A_HP_03	3	Picture	ins23	140123	259	1	30157	1	0	30000	other	0
A_HP_03	3	Pulse	99	159357	19492	1
A_HP_03	3	Pulse	99	179277	39412	1
A_HP_03	3	Pulse	99	199277	59413	1
A_HP_03	3	Pulse	99	219357	79492	1
A_HP_03	3	Pulse	99	239277	99413	1
A_HP_03	3	Pulse	99	259277	119413	1
A_HP_03	3	Pulse	99	279357	139493	1
A_HP_03	3	Pulse	99	299277	159413	1
A_HP_03	3	Pulse	99	319277	179413	1
A_HP_03	3	Pulse	99	339357	199492	1
A_HP_03	3	Pulse	99	359277	219413	1
A_HP_03	3	Pulse	99	379277	239413	1
A_HP_03	3	Pulse	99	399357	259493	1
A_HP_03	3	Pulse	99	419277	279413	1
A_HP_03	3	Pulse	99	439277	299413	1
A_HP_03	4	Response	3	459357	9162	1
A_HP_03	4	Pulse	99	459357	9162	1
A_HP_03	5	Picture	response179	460025	260	1	40321	1	0	40000	hit	26
A_HP_03	5	Response	2	478016	18251	1
A_HP_03	5	Pulse	99	479357	19592	1
A_HP_03	5	Pulse	99	499277	39512	1
A_HP_03	6	Picture	response178	510510	345	1	40321	1	0	40000	hit	31
A_HP_03	6	Pulse	99	519277	9112	1
A_HP_03	6	Response	1	533566	23401	1
A_HP_03	6	Pulse	99	539357	29192	1
A_HP_03	6	Pulse	99	559278	49113	1
A_HP_03	7	Picture	response184	560828	263	1	40154	1	0	40000	hit	36
A_HP_03	7	Pulse	99	579277	18712	1
A_HP_03	7	Response	1	583286	22721	1
A_HP_03	7	Pulse	99	599357	38792	1
A_HP_03	8	Picture	response182	611146	181	1	40154	1	0	40000	hit	40
A_HP_03	8	Pulse	99	619277	8312	1
A_HP_03	8	Response	2	626786	15821	1
A_HP_03	8	Pulse	99	639277	28312	1
A_HP_03	8	Pulse	99	659357	48392	1
A_HP_03	9	Picture	response183	661630	265	1	40154	1	0	40000	hit	45
A_HP_03	9	Pulse	99	679277	17912	1
A_HP_03	9	Response	1	696516	35151	1
A_HP_03	9	Pulse	99	699277	37911	1
A_HP_03	10	Picture	response177	711948	183	1	40154	1	0	40000	incorrect	49
A_HP_03	10	Pulse	99	719357	7593	1
A_HP_03	10	Response	1	729316	17551	1
A_HP_03	10	Pulse	99	739277	27513	1
A_HP_03	10	Pulse	99	759277	47513	1
A_HP_03	11	Picture	response181	762432	267	1	40154	1	0	40000	hit	53
A_HP_03	11	Response	2	770016	7851	1
A_HP_03	11	Pulse	99	779357	17192	1
A_HP_03	11	Pulse	99	799278	37113	1
A_HP_03	12	Picture	response180	812750	185	1	40154	1	0	40000	hit	58
A_HP_03	12	Pulse	99	819277	6712	1
A_HP_03	12	Response	1	834116	21551	1
A_HP_03	12	Pulse	99	839357	26792	1
A_HP_03	12	Pulse	99	859277	46712	1
A_HP_03	13	Picture	ins5	863068	103	1	30157	1	0	30000	other	0
A_HP_03	13	Pulse	99	879278	16312	1
A_HP_03	13	Pulse	99	899358	36392	1
A_HP_03	13	Pulse	99	919277	56312	1
A_HP_03	13	Pulse	99	939278	76312	1
A_HP_03	13	Pulse	99	959277	96312	1
A_HP_03	13	Pulse	99	979277	116312	1
A_HP_03	13	Pulse	99	999278	136313	1
A_HP_03	13	Pulse	99	1019278	156312	1
A_HP_03	13	Pulse	99	1039278	176312	1
A_HP_03	13	Pulse	99	1059278	196312	1
A_HP_03	13	Pulse	99	1079278	216312	1
A_HP_03	13	Pulse	99	1099358	236392	1
A_HP_03	13	Pulse	99	1119277	256312	1
A_HP_03	13	Pulse	99	1139278	276312	1
A_HP_03	13	Pulse	99	1159358	296392	1
A_HP_03	14	Response	3	1179278	6138	1
A_HP_03	14	Pulse	99	1179278	6138	1
A_HP_03	15	Picture	response38	1179804	139	1	40154	1	0	40000	hit	80
A_HP_03	15	Response	1	1193956	14291	1
A_HP_03	15	Pulse	99	1199277	19612	1
A_HP_03	15	Pulse	99	1219357	39692	1
A_HP_03	16	Picture	response40	1230289	223	1	40154	1	0	40000	hit	84
A_HP_03	16	Response	2	1236946	6881	1
A_HP_03	16	Pulse	99	1239278	9212	1
A_HP_03	16	Pulse	99	1259277	29212	1
A_HP_03	16	Pulse	99	1279357	49292	1
A_HP_03	17	Picture	response39	1280607	142	1	40154	1	0	40000	hit	89
A_HP_03	17	Response	1	1287187	6722	1
A_HP_03	17	Pulse	99	1299278	18813	1
A_HP_03	17	Pulse	99	1319278	38813	1
A_HP_03	18	Picture	response33	1331091	226	1	40154	1	0	40000	hit	93
A_HP_03	18	Response	2	1337537	6671	1
A_HP_03	18	Pulse	99	1339357	8492	1
A_HP_03	18	Pulse	99	1359278	28412	1
A_HP_03	18	Pulse	99	1379278	48413	1
A_HP_03	19	Picture	response36	1381409	144	1	40154	1	0	40000	hit	98
A_HP_03	19	Response	2	1392686	11421	1
A_HP_03	19	Pulse	99	1399278	18012	1
A_HP_03	19	Pulse	99	1419278	38012	1
A_HP_03	20	Picture	response37	1431894	228	1	40154	1	0	40000	hit	102
A_HP_03	20	Response	2	1438877	7211	1
A_HP_03	20	Pulse	99	1439277	7612	1
A_HP_03	20	Pulse	99	1459278	27613	1
A_HP_03	20	Pulse	99	1479277	47612	1
A_HP_03	21	Picture	response34	1482211	147	1	40321	1	0	40000	hit	107
A_HP_03	21	Response	2	1489626	7562	1
A_HP_03	21	Pulse	99	1499278	17213	1
A_HP_03	21	Pulse	99	1519278	37213	1
A_HP_03	22	Picture	response35	1532696	230	1	40321	1	0	40000	hit	111
A_HP_03	22	Response	1	1539197	6731	1
A_HP_03	22	Pulse	99	1539277	6811	1
A_HP_03	22	Pulse	99	1559278	26812	1
A_HP_03	22	Pulse	99	1579278	46812	1
A_HP_03	23	Picture	ins21	1583180	315	1	30324	1	0	30000	other	0
A_HP_03	23	Pulse	99	1599278	16412	1
A_HP_03	23	Pulse	99	1619278	36412	1
A_HP_03	23	Pulse	99	1639278	56412	1
A_HP_03	23	Pulse	99	1659278	76412	1
A_HP_03	23	Pulse	99	1679278	96412	1
A_HP_03	23	Pulse	99	1699278	116412	1
A_HP_03	23	Pulse	99	1719358	136493	1
A_HP_03	23	Pulse	99	1739278	156412	1
A_HP_03	23	Pulse	99	1759278	176412	1
A_HP_03	23	Pulse	99	1779358	196492	1
A_HP_03	23	Pulse	99	1799278	216412	1
A_HP_03	23	Pulse	99	1819278	236413	1
A_HP_03	23	Pulse	99	1839278	256412	1
A_HP_03	23	Pulse	99	1859278	276413	1
A_HP_03	23	Pulse	99	1879278	296412	1
A_HP_03	24	Response	3	1899278	6193	1
A_HP_03	24	Pulse	99	1899278	6193	1
A_HP_03	25	Picture	response166	1899750	84	1	40154	1	0	40000	hit	134
A_HP_03	25	Response	1	1916217	16551	1
A_HP_03	25	Pulse	99	1919278	19612	1
A_HP_03	25	Pulse	99	1939278	39612	1
A_HP_03	26	Picture	response167	1950234	169	1	40154	1	0	40000	hit	139
A_HP_03	26	Pulse	99	1959278	9213	1
A_HP_03	26	Response	2	1962177	12111	1
A_HP_03	26	Pulse	99	1979278	29213	1
A_HP_03	26	Pulse	99	1999278	49213	1
A_HP_03	27	Picture	response164	2000552	87	1	40154	1	0	40000	hit	144
A_HP_03	27	Pulse	99	2019278	18812	1
A_HP_03	27	Response	1	2029867	29401	1
A_HP_03	27	Pulse	99	2039278	38812	1
A_HP_03	28	Picture	response168	2051037	171	1	40321	1	0	40000	hit	147
A_HP_03	28	Response	2	2058797	7931	1
A_HP_03	28	Pulse	99	2059278	8412	1
A_HP_03	28	Pulse	99	2079278	28412	1
A_HP_03	28	Pulse	99	2099278	48412	1
A_HP_03	29	Picture	response162	2101521	256	1	40321	1	0	40000	hit	152
A_HP_03	29	Response	1	2116937	15672	1
A_HP_03	29	Pulse	99	2119278	18012	1
A_HP_03	29	Pulse	99	2139277	38012	1
A_HP_03	30	Picture	response163	2152006	340	1	40321	1	0	40000	incorrect	158
A_HP_03	30	Pulse	99	2159278	7612	1
A_HP_03	30	Pulse	99	2179278	27612	1
A_HP_03	30	Response	1	2180177	28511	1
A_HP_03	30	Pulse	99	2199278	47612	1
A_HP_03	31	Picture	response161	2202324	258	1	40154	1	0	40000	hit	161
A_HP_03	31	Response	2	2216937	14872	1
A_HP_03	31	Pulse	99	2219278	17213	1
A_HP_03	31	Pulse	99	2239278	37212	1
A_HP_03	32	Picture	response165	2252642	176	1	40154	1	0	40000	hit	166
A_HP_03	32	Pulse	99	2259278	6812	1
A_HP_03	32	Response	1	2270577	18111	1
A_HP_03	32	Pulse	99	2279278	26812	1
A_HP_03	32	Pulse	99	2299278	46813	1
A_HP_03	33	Picture	ins7	2303126	260	1	30157	1	0	30000	other	0
A_HP_03	33	Pulse	99	2319278	16412	1
A_HP_03	33	Pulse	99	2339278	36412	1
A_HP_03	33	Pulse	99	2359278	56413	1
A_HP_03	33	Pulse	99	2379278	76412	1
A_HP_03	33	Pulse	99	2399278	96412	1
A_HP_03	33	Pulse	99	2419278	116412	1
A_HP_03	33	Pulse	99	2439278	136412	1
A_HP_03	33	Pulse	99	2459278	156412	1
A_HP_03	33	Pulse	99	2479279	176413	1
A_HP_03	33	Pulse	99	2499278	196412	1
A_HP_03	33	Pulse	99	2519278	216412	1
A_HP_03	33	Pulse	99	2539279	236413	1
A_HP_03	33	Pulse	99	2559278	256413	1
A_HP_03	33	Pulse	99	2579278	276413	1
A_HP_03	33	Pulse	99	2599278	296412	1
A_HP_03	34	Response	3	2619279	6081	1
A_HP_03	34	Pulse	99	2619279	6081	1
A_HP_03	35	Picture	response50	2619862	196	1	40321	1	0	40000	hit	188
A_HP_03	35	Response	2	2628546	8880	1
A_HP_03	35	Pulse	99	2639278	19612	1
A_HP_03	35	Pulse	99	2659278	39612	1
A_HP_03	36	Picture	response56	2670347	281	1	40321	1	0	40000	hit	193
A_HP_03	36	Pulse	99	2679278	9212	1
A_HP_03	36	Response	1	2679897	9830	1
A_HP_03	36	Pulse	99	2699278	29212	1
A_HP_03	36	Pulse	99	2719278	49212	1
A_HP_03	37	Picture	response53	2720664	198	1	40154	1	0	40000	hit	197
A_HP_03	37	Response	2	2725367	4900	1
A_HP_03	37	Pulse	99	2739279	18812	1
A_HP_03	37	Pulse	99	2759279	38812	1
A_HP_03	38	Picture	response54	2771149	283	1	40154	1	0	40000	hit	201
A_HP_03	38	Response	1	2778067	7201	1
A_HP_03	38	Pulse	99	2779278	8412	1
A_HP_03	38	Pulse	99	2799279	28412	1
A_HP_03	38	Pulse	99	2819278	48412	1
A_HP_03	39	Picture	response55	2821467	201	1	40154	1	0	40000	hit	206
A_HP_03	39	Response	1	2829307	8041	1
A_HP_03	39	Pulse	99	2839278	18012	1
A_HP_03	39	Pulse	99	2859278	38012	1
A_HP_03	40	Picture	response52	2871951	285	1	40154	1	0	40000	hit	210
A_HP_03	40	Response	1	2878517	6851	1
A_HP_03	40	Pulse	99	2879277	7611	1
A_HP_03	40	Pulse	99	2899279	27612	1
A_HP_03	40	Pulse	99	2919279	47612	1
A_HP_03	41	Picture	response49	2922269	203	1	40154	1	0	40000	hit	215
A_HP_03	41	Response	1	2927707	5641	1
A_HP_03	41	Pulse	99	2939279	17212	1
A_HP_03	41	Pulse	99	2959279	37212	1
A_HP_03	42	Picture	response51	2972587	121	1	40154	1	0	40000	hit	219
A_HP_03	42	Response	2	2978257	5791	1
A_HP_03	42	Pulse	99	2979278	6812	1
A_HP_03	42	Pulse	99	2999279	26812	1
A_HP_03	42	Pulse	99	3019279	46812	1
A_HP_03	43	Picture	ins15	3023072	205	1	30157	1	0	30000	other	0
A_HP_03	43	Pulse	99	3039279	16412	1
A_HP_03	43	Pulse	99	3059279	36412	1
A_HP_03	43	Pulse	99	3079279	56412	1
A_HP_03	43	Pulse	99	3099279	76412	1
A_HP_03	43	Pulse	99	3119279	96412	1
A_HP_03	43	Pulse	99	3139279	116412	1
A_HP_03	43	Pulse	99	3159279	136412	1
A_HP_03	43	Pulse	99	3179278	156411	1
A_HP_03	43	Pulse	99	3199279	176412	1
A_HP_03	43	Pulse	99	3219279	196413	1
A_HP_03	43	Pulse	99	3239279	216412	1
A_HP_03	43	Pulse	99	3259279	236412	1
A_HP_03	43	Pulse	99	3279279	256412	1
A_HP_03	43	Pulse	99	3299279	276412	1
A_HP_03	43	Pulse	99	3319279	296412	1
A_HP_03	44	Response	3	3339279	6136	1
A_HP_03	44	Pulse	99	3339279	6136	1
A_HP_03	45	Picture	response115	3339808	141	1	40154	1	0	40000	hit	242
A_HP_03	45	Response	2	3349687	10021	1
A_HP_03	45	Pulse	99	3359278	19612	1
A_HP_03	45	Pulse	99	3379278	39612	1
A_HP_03	46	Picture	response117	3390292	226	1	40154	1	0	40000	hit	247
A_HP_03	46	Pulse	99	3399278	9212	1
A_HP_03	46	Response	1	3400407	10341	1
A_HP_03	46	Pulse	99	3419279	29213	1
A_HP_03	46	Pulse	99	3439278	49213	1
A_HP_03	47	Picture	response118	3440610	145	1	40154	1	0	40000	hit	251
A_HP_03	47	Response	2	3447377	6911	1
A_HP_03	47	Pulse	99	3459278	18813	1
A_HP_03	47	Pulse	99	3479278	38813	1
A_HP_03	48	Picture	response119	3491095	229	1	40154	1	0	40000	hit	256
A_HP_03	48	Pulse	99	3499278	8413	1
A_HP_03	48	Response	2	3500067	9201	1
A_HP_03	48	Pulse	99	3519279	28413	1
A_HP_03	48	Pulse	99	3539279	48413	1
A_HP_03	49	Picture	response113	3541413	146	1	40154	1	0	40000	hit	261
A_HP_03	49	Pulse	99	3559278	18012	1
A_HP_03	49	Response	2	3565487	24221	1
A_HP_03	49	Pulse	99	3579278	38012	1
A_HP_03	50	Picture	response120	3591897	231	1	40154	1	0	40000	hit	265
A_HP_03	50	Pulse	99	3599278	7613	1
A_HP_03	50	Response	2	3601147	9481	1
A_HP_03	50	Pulse	99	3619278	27613	1
A_HP_03	50	Pulse	99	3639279	47613	1
A_HP_03	51	Picture	response114	3642215	149	1	40154	1	0	40000	hit	269
A_HP_03	51	Response	1	3652377	10311	1
A_HP_03	51	Pulse	99	3659278	17213	1
A_HP_03	51	Pulse	99	3679278	37213	1
A_HP_03	52	Picture	response116	3692699	233	1	40321	1	0	40000	hit	274
A_HP_03	52	Pulse	99	3699278	6813	1
A_HP_03	52	Response	1	3703397	10931	1
A_HP_03	52	Pulse	99	3719279	26813	1
A_HP_03	52	Pulse	99	3739279	46813	1
A_HP_03	53	Picture	ins13	3743184	318	1	30324	1	0	30000	other	0
A_HP_03	53	Pulse	99	3759279	16413	1
A_HP_03	53	Pulse	99	3779278	36412	1
A_HP_03	53	Pulse	99	3799279	56413	1
A_HP_03	53	Pulse	99	3819278	76412	1
A_HP_03	53	Pulse	99	3839279	96413	1
A_HP_03	53	Pulse	99	3859279	116413	1
A_HP_03	53	Pulse	99	3879279	136413	1
A_HP_03	53	Pulse	99	3899279	156413	1
A_HP_03	53	Pulse	99	3919279	176413	1
A_HP_03	53	Pulse	99	3939279	196413	1
A_HP_03	53	Pulse	99	3959279	216413	1
A_HP_03	53	Pulse	99	3979279	236413	1
A_HP_03	53	Pulse	99	3999279	256413	1
A_HP_03	53	Pulse	99	4019279	276413	1
A_HP_03	53	Pulse	99	4039279	296413	1
A_HP_03	54	Response	3	4059279	6190	1
A_HP_03	54	Pulse	99	4059279	6190	1
A_HP_03	55	Picture	response97	4059753	87	1	40154	1	0	40000	hit	297
A_HP_03	55	Pulse	99	4079279	19612	1
A_HP_03	55	Response	1	4086478	26811	1
A_HP_03	55	Pulse	99	4099279	39612	1
A_HP_03	56	Picture	response101	4110238	172	1	40154	1	0	40000	hit	300
A_HP_03	56	Response	1	4117928	7862	1
A_HP_03	56	Pulse	99	4119279	9213	1
A_HP_03	56	Pulse	99	4139279	29213	1
A_HP_03	56	Pulse	99	4159279	49213	1
A_HP_03	57	Picture	response102	4160556	89	1	40154	1	0	40000	hit	305
A_HP_03	57	Response	2	4175248	14781	1
A_HP_03	57	Pulse	99	4179278	18811	1
A_HP_03	57	Pulse	99	4199279	38812	1
A_HP_03	58	Picture	response104	4211040	174	1	40321	1	0	40000	hit	310
A_HP_03	58	Pulse	99	4219279	8413	1
A_HP_03	58	Response	1	4230878	20012	1
A_HP_03	58	Pulse	99	4239279	28413	1
A_HP_03	58	Pulse	99	4259279	48413	1
A_HP_03	59	Picture	response103	4261525	258	1	40321	1	0	40000	incorrect	314
A_HP_03	59	Response	2	4277778	16511	1
A_HP_03	59	Pulse	99	4279279	18012	1
A_HP_03	59	Pulse	99	4299279	38012	1
A_HP_03	60	Picture	response98	4312009	342	1	40321	1	0	40000	hit	318
A_HP_03	60	Response	2	4318448	6781	1
A_HP_03	60	Pulse	99	4319279	7612	1
A_HP_03	60	Pulse	99	4339279	27612	1
A_HP_03	60	Pulse	99	4359279	47612	1
A_HP_03	61	Picture	response99	4362327	260	1	40154	1	0	40000	hit	323
A_HP_03	61	Response	1	4378908	16841	1
A_HP_03	61	Pulse	99	4379279	17212	1
A_HP_03	61	Pulse	99	4399279	37212	1
A_HP_03	62	Picture	response100	4412645	179	1	40154	1	0	40000	incorrect	329
A_HP_03	62	Pulse	99	4419279	6812	1
A_HP_03	62	Pulse	99	4439279	26813	1
A_HP_03	62	Response	1	4449588	37121	1
A_HP_03	62	Pulse	99	4459279	46813	1
A_HP_03	63	Picture	thanks	4462630	0	1	10164	1	0	10000	other	0
A_HP_03	63	Pulse	99	4479279	16649	1


Event Type	Code	Type	Response	RT	RT Uncertainty	Time	Uncertainty	Duration	Uncertainty	ReqTime	ReqDur

Picture	ready	other				79475	1	10164	1	0	10000
Picture	ins23	other				140123	1	30157	1	0	30000
Picture	response179	hit	2	17991	2	460025	1	40321	1	0	40000
Picture	response178	hit	1	23057	2	510510	1	40321	1	0	40000
Picture	response184	hit	1	22458	2	560828	1	40154	1	0	40000
Picture	response182	hit	2	15640	2	611146	1	40154	1	0	40000
Picture	response183	hit	1	34886	2	661630	1	40154	1	0	40000
Picture	response177	incorrect	1	17368	2	711948	1	40154	1	0	40000
Picture	response181	hit	2	7584	2	762432	1	40154	1	0	40000
Picture	response180	hit	1	21366	2	812750	1	40154	1	0	40000
Picture	ins5	other				863068	1	30157	1	0	30000
Picture	response38	hit	1	14152	2	1179804	1	40154	1	0	40000
Picture	response40	hit	2	6657	2	1230289	1	40154	1	0	40000
Picture	response39	hit	1	6580	2	1280607	1	40154	1	0	40000
Picture	response33	hit	2	6445	2	1331091	1	40154	1	0	40000
Picture	response36	hit	2	11277	2	1381409	1	40154	1	0	40000
Picture	response37	hit	2	6983	2	1431894	1	40154	1	0	40000
Picture	response34	hit	2	7415	2	1482211	1	40321	1	0	40000
Picture	response35	hit	1	6501	2	1532696	1	40321	1	0	40000
Picture	ins21	other				1583180	1	30324	1	0	30000
Picture	response166	hit	1	16467	2	1899750	1	40154	1	0	40000
Picture	response167	hit	2	11942	2	1950234	1	40154	1	0	40000
Picture	response164	hit	1	29315	2	2000552	1	40154	1	0	40000
Picture	response168	hit	2	7760	2	2051037	1	40321	1	0	40000
Picture	response162	hit	1	15416	2	2101521	1	40321	1	0	40000
Picture	response163	incorrect	1	28171	2	2152006	1	40321	1	0	40000
Picture	response161	hit	2	14614	2	2202324	1	40154	1	0	40000
Picture	response165	hit	1	17935	2	2252642	1	40154	1	0	40000
Picture	ins7	other				2303126	1	30157	1	0	30000
Picture	response50	hit	2	8684	2	2619862	1	40321	1	0	40000
Picture	response56	hit	1	9550	2	2670347	1	40321	1	0	40000
Picture	response53	hit	2	4703	2	2720664	1	40154	1	0	40000
Picture	response54	hit	1	6918	2	2771149	1	40154	1	0	40000
Picture	response55	hit	1	7840	2	2821467	1	40154	1	0	40000
Picture	response52	hit	1	6566	2	2871951	1	40154	1	0	40000
Picture	response49	hit	1	5438	2	2922269	1	40154	1	0	40000
Picture	response51	hit	2	5670	2	2972587	1	40154	1	0	40000
Picture	ins15	other				3023072	1	30157	1	0	30000
Picture	response115	hit	2	9879	2	3339808	1	40154	1	0	40000
Picture	response117	hit	1	10114	2	3390292	1	40154	1	0	40000
Picture	response118	hit	2	6767	2	3440610	1	40154	1	0	40000
Picture	response119	hit	2	8972	2	3491095	1	40154	1	0	40000
Picture	response113	hit	2	24075	2	3541413	1	40154	1	0	40000
Picture	response120	hit	2	9250	2	3591897	1	40154	1	0	40000
Picture	response114	hit	1	10162	2	3642215	1	40154	1	0	40000
Picture	response116	hit	1	10698	2	3692699	1	40321	1	0	40000
Picture	ins13	other				3743184	1	30324	1	0	30000
Picture	response97	hit	1	26724	2	4059753	1	40154	1	0	40000
Picture	response101	hit	1	7690	2	4110238	1	40154	1	0	40000
Picture	response102	hit	2	14692	2	4160556	1	40154	1	0	40000
Picture	response104	hit	1	19838	2	4211040	1	40321	1	0	40000
Picture	response103	incorrect	2	16253	2	4261525	1	40321	1	0	40000
Picture	response98	hit	2	6439	2	4312009	1	40321	1	0	40000
Picture	response99	hit	1	16581	2	4362327	1	40154	1	0	40000
Picture	response100	incorrect	1	36943	2	4412645	1	40154	1	0	40000
Picture	thanks	other				4462630	1	10164	1	0	10000


{
   "app": "Presentation Version 21.0 Build 06.06.19",
   "device": "LENOVO 20KHCTO1WW",
   "experiment": "{C0C68DB1-10BA-42F2-8F79-3F2AFFEED4E4}",
   "os": "Windows 10 64 bit",
   "package": "",
   "parameters": {
      "configuration": "Default configuration"
   },
   "scenario": "Feature experiment(2).sce",
   "subject": "A_HP_03",
   "timestamp": "2019/07/18 04:56:22 GMT"
}
