Scenario - 
Logfile written - 07/26/2019 14:46:21

Subject	Trial	Event Type	Code	Time	TTime	Uncertainty	Duration	Uncertainty	ReqTime	ReqDur	Stim Type	Pair Index

A_HP_06	1	Response	3	318575	317243	1
A_HP_06	1	Pulse	99	318575	317243	1
A_HP_06	2	Picture	ready	318807	0	1	10229	1	0	10000	other	0
A_HP_06	2	Pulse	99	338655	19849	1
A_HP_06	2	Pulse	99	358576	39769	1
A_HP_06	2	Pulse	99	378575	59769	1
A_HP_06	3	Picture	ins7	379445	233	1	30229	1	0	30000	other	0
A_HP_06	3	Pulse	99	398655	19444	1
A_HP_06	3	Pulse	99	418655	39444	1
A_HP_06	3	Pulse	99	438575	59364	1
A_HP_06	3	Pulse	99	458575	79364	1
A_HP_06	3	Pulse	99	478655	99444	1
A_HP_06	3	Pulse	99	498575	119364	1
A_HP_06	3	Pulse	99	518575	139364	1
A_HP_06	3	Pulse	99	538655	159444	1
A_HP_06	3	Pulse	99	558575	179364	1
A_HP_06	3	Pulse	99	578575	199363	1
A_HP_06	3	Pulse	99	598655	219444	1
A_HP_06	3	Pulse	99	618575	239364	1
A_HP_06	3	Pulse	99	638575	259364	1
A_HP_06	3	Pulse	99	658655	279443	1
A_HP_06	3	Pulse	99	678575	299364	1
A_HP_06	4	Response	3	698575	9133	1
A_HP_06	4	Pulse	99	698575	9133	1
A_HP_06	5	Picture	response55	699141	230	1	40229	1	0	40000	hit	26
A_HP_06	5	Response	1	703734	4822	1
A_HP_06	5	Pulse	99	718655	19744	1
A_HP_06	5	Pulse	99	738575	39664	1
A_HP_06	6	Picture	response51	749433	122	1	40229	1	0	40000	hit	30
A_HP_06	6	Response	2	756504	7193	1
A_HP_06	6	Pulse	99	758574	9263	1
A_HP_06	6	Pulse	99	778655	29344	1
A_HP_06	6	Pulse	99	798575	49264	1
A_HP_06	7	Picture	response49	800057	347	1	40229	1	0	40000	hit	35
A_HP_06	7	Response	1	805963	6253	1
A_HP_06	7	Pulse	99	818575	18865	1
A_HP_06	7	Pulse	99	838575	38865	1
A_HP_06	8	Picture	response54	850349	238	1	40229	1	0	40000	hit	39
A_HP_06	8	Response	1	854364	4253	1
A_HP_06	8	Pulse	99	858574	8463	1
A_HP_06	8	Pulse	99	878575	28464	1
A_HP_06	8	Pulse	99	898575	48464	1
A_HP_06	9	Picture	response52	900641	131	1	40229	1	0	40000	hit	44
A_HP_06	9	Response	1	905074	4563	1
A_HP_06	9	Pulse	99	918655	18145	1
A_HP_06	9	Pulse	99	938575	38064	1
A_HP_06	10	Picture	response56	951100	189	1	40230	1	0	40000	hit	48
A_HP_06	10	Response	1	955143	4233	1
A_HP_06	10	Pulse	99	958574	7663	1
A_HP_06	10	Pulse	99	978655	27744	1
A_HP_06	10	Pulse	99	998575	47664	1
A_HP_06	11	Picture	response53	1001558	248	1	40229	1	0	40000	hit	53
A_HP_06	11	Response	2	1007733	6423	1
A_HP_06	11	Pulse	99	1018574	17264	1
A_HP_06	11	Pulse	99	1038655	37344	1
A_HP_06	12	Picture	response50	1052016	306	1	40229	1	0	40000	hit	57
A_HP_06	12	Response	2	1057293	5583	1
A_HP_06	12	Pulse	99	1058576	6866	1
A_HP_06	12	Pulse	99	1078574	26864	1
A_HP_06	12	Pulse	99	1098654	46944	1
A_HP_06	13	Picture	ins23	1102308	198	1	30229	1	0	30000	other	0
A_HP_06	13	Pulse	99	1118574	16464	1
A_HP_06	13	Pulse	99	1138574	36464	1
A_HP_06	13	Pulse	99	1158654	56544	1
A_HP_06	13	Pulse	99	1178574	76464	1
A_HP_06	13	Pulse	99	1198575	96465	1
A_HP_06	13	Pulse	99	1218574	116464	1
A_HP_06	13	Pulse	99	1238574	136464	1
A_HP_06	13	Pulse	99	1258574	156464	1
A_HP_06	13	Pulse	99	1278574	176464	1
A_HP_06	13	Pulse	99	1298574	196464	1
A_HP_06	13	Pulse	99	1318574	216464	1
A_HP_06	13	Pulse	99	1338574	236464	1
A_HP_06	13	Pulse	99	1358574	256464	1
A_HP_06	13	Pulse	99	1378574	276464	1
A_HP_06	13	Pulse	99	1398574	296464	1
A_HP_06	14	Response	3	1418654	6314	1
A_HP_06	14	Pulse	99	1418654	6314	1
A_HP_06	15	Picture	response182	1419240	230	1	40229	1	0	40000	incorrect	80
A_HP_06	15	Response	1	1425003	5993	1
A_HP_06	15	Pulse	99	1438574	19564	1
A_HP_06	15	Pulse	99	1458574	39564	1
A_HP_06	16	Picture	response181	1469698	288	1	40228	2	0	40000	hit	85
A_HP_06	16	Pulse	99	1478654	9244	1
A_HP_06	16	Response	2	1487733	18323	1
A_HP_06	16	Pulse	99	1498574	29164	1
A_HP_06	16	Pulse	99	1518574	49164	1
A_HP_06	17	Picture	response179	1519988	179	1	40230	1	0	40000	hit	90
A_HP_06	17	Pulse	99	1538654	18844	1
A_HP_06	17	Response	2	1539122	19312	1
A_HP_06	17	Pulse	99	1558574	38764	1
A_HP_06	18	Picture	response180	1570447	237	1	40229	1	0	40000	hit	94
A_HP_06	18	Pulse	99	1578574	8364	1
A_HP_06	18	Response	1	1579812	9602	1
A_HP_06	18	Pulse	99	1598574	28364	1
A_HP_06	18	Pulse	99	1618574	48364	1
A_HP_06	19	Picture	response183	1620905	295	1	40229	1	0	40000	hit	98
A_HP_06	19	Response	1	1634402	13793	1
A_HP_06	19	Pulse	99	1638573	17963	1
A_HP_06	19	Pulse	99	1658574	37964	1
A_HP_06	20	Picture	response177	1671196	186	1	40229	1	0	40000	hit	103
A_HP_06	20	Pulse	99	1678573	7564	1
A_HP_06	20	Response	2	1680512	9503	1
A_HP_06	20	Pulse	99	1698575	27565	1
A_HP_06	20	Pulse	99	1718574	47564	1
A_HP_06	21	Picture	response184	1721654	245	1	40229	1	0	40000	hit	107
A_HP_06	21	Response	1	1731872	10462	1
A_HP_06	21	Pulse	99	1738573	17164	1
A_HP_06	21	Pulse	99	1758575	37166	1
A_HP_06	22	Picture	response178	1771946	137	1	40229	1	0	40000	hit	112
A_HP_06	22	Pulse	99	1778573	6764	1
A_HP_06	22	Response	1	1787412	15603	1
A_HP_06	22	Pulse	99	1798573	26764	1
A_HP_06	22	Pulse	99	1818573	46764	1
A_HP_06	23	Picture	ins13	1822571	362	1	30229	1	0	30000	other	0
A_HP_06	23	Pulse	99	1838574	16364	1
A_HP_06	23	Pulse	99	1858573	36364	1
A_HP_06	23	Pulse	99	1878573	56364	1
A_HP_06	23	Pulse	99	1898573	76364	1
A_HP_06	23	Pulse	99	1918653	96444	1
A_HP_06	23	Pulse	99	1938573	116364	1
A_HP_06	23	Pulse	99	1958573	136364	1
A_HP_06	23	Pulse	99	1978573	156364	1
A_HP_06	23	Pulse	99	1998576	176367	1
A_HP_06	23	Pulse	99	2018573	196364	1
A_HP_06	23	Pulse	99	2038573	216364	1
A_HP_06	23	Pulse	99	2058573	236364	1
A_HP_06	23	Pulse	99	2078573	256364	1
A_HP_06	23	Pulse	99	2098573	276364	1
A_HP_06	23	Pulse	99	2118573	296363	1
A_HP_06	24	Response	3	2138573	6133	1
A_HP_06	24	Pulse	99	2138573	6133	1
A_HP_06	25	Picture	response100	2139139	230	1	40229	1	0	40000	hit	134
A_HP_06	25	Response	2	2147174	8265	1
A_HP_06	25	Pulse	99	2158573	19664	1
A_HP_06	25	Pulse	99	2178573	39663	1
A_HP_06	26	Picture	response99	2189431	122	1	40229	1	0	40000	hit	139
A_HP_06	26	Pulse	99	2198573	9265	1
A_HP_06	26	Response	1	2201861	12552	1
A_HP_06	26	Pulse	99	2218573	29264	1
A_HP_06	26	Pulse	99	2238573	49264	1
A_HP_06	27	Picture	response101	2240055	348	1	40229	1	0	40000	hit	143
A_HP_06	27	Response	1	2246822	7114	1
A_HP_06	27	Pulse	99	2258572	18865	1
A_HP_06	27	Pulse	99	2278573	38865	1
A_HP_06	28	Picture	response104	2290347	238	1	40229	1	0	40000	hit	147
A_HP_06	28	Response	1	2297501	7393	1
A_HP_06	28	Pulse	99	2298572	8463	1
A_HP_06	28	Pulse	99	2318572	28463	1
A_HP_06	28	Pulse	99	2338572	48464	1
A_HP_06	29	Picture	response102	2340638	130	1	40229	1	0	40000	hit	152
A_HP_06	29	Response	2	2350541	10033	1
A_HP_06	29	Pulse	99	2358572	18064	1
A_HP_06	29	Pulse	99	2378573	38064	1
A_HP_06	30	Picture	response103	2391097	188	1	40229	1	0	40000	hit	157
A_HP_06	30	Pulse	99	2398573	7664	1
A_HP_06	30	Response	1	2400901	9993	1
A_HP_06	30	Pulse	99	2418573	27664	1
A_HP_06	30	Pulse	99	2438573	47664	1
A_HP_06	31	Picture	response98	2441555	246	1	40229	1	0	40000	hit	161
A_HP_06	31	Response	2	2451401	10093	1
A_HP_06	31	Pulse	99	2458573	17264	1
A_HP_06	31	Pulse	99	2478572	37264	1
A_HP_06	32	Picture	response97	2492013	305	1	40229	1	0	40000	hit	166
A_HP_06	32	Pulse	99	2498572	6864	1
A_HP_06	32	Response	1	2500651	8943	1
A_HP_06	32	Pulse	99	2518572	26864	1
A_HP_06	32	Pulse	99	2538572	46864	1
A_HP_06	33	Picture	ins21	2542304	196	1	30229	1	0	30000	other	0
A_HP_06	33	Pulse	99	2558575	16467	1
A_HP_06	33	Pulse	99	2578572	36464	1
A_HP_06	33	Pulse	99	2598572	56464	1
A_HP_06	33	Pulse	99	2618572	76464	1
A_HP_06	33	Pulse	99	2638572	96464	1
A_HP_06	33	Pulse	99	2658572	116464	1
A_HP_06	33	Pulse	99	2678572	136464	1
A_HP_06	33	Pulse	99	2698572	156464	1
A_HP_06	33	Pulse	99	2718572	176464	1
A_HP_06	33	Pulse	99	2738572	196464	1
A_HP_06	33	Pulse	99	2758572	216464	1
A_HP_06	33	Pulse	99	2778572	236463	1
A_HP_06	33	Pulse	99	2798572	256464	1
A_HP_06	33	Pulse	99	2818572	276464	1
A_HP_06	33	Pulse	99	2838572	296464	1
A_HP_06	34	Response	3	2858572	6234	1
A_HP_06	34	Pulse	99	2858572	6234	1
A_HP_06	35	Picture	response164	2859137	230	1	40229	1	0	40000	hit	188
A_HP_06	35	Response	1	2870590	11682	1
A_HP_06	35	Pulse	99	2878572	19664	1
A_HP_06	35	Pulse	99	2898572	39664	1
A_HP_06	36	Picture	response163	2909429	122	1	40229	1	0	40000	hit	192
A_HP_06	36	Response	2	2917211	7903	1
A_HP_06	36	Pulse	99	2918572	9264	1
A_HP_06	36	Pulse	99	2938571	29264	1
A_HP_06	36	Pulse	99	2958572	49264	1
A_HP_06	37	Picture	response166	2960054	347	1	40229	1	0	40000	hit	197
A_HP_06	37	Response	1	2972520	12813	1
A_HP_06	37	Pulse	99	2978571	18864	1
A_HP_06	37	Pulse	99	2998571	38864	1
A_HP_06	38	Picture	response167	3010346	239	1	40230	1	0	40000	hit	201
A_HP_06	38	Response	2	3016790	6683	1
A_HP_06	38	Pulse	99	3018571	8464	1
A_HP_06	38	Pulse	99	3038571	28464	1
A_HP_06	38	Pulse	99	3058571	48464	1
A_HP_06	39	Picture	response162	3060638	131	1	40229	1	0	40000	hit	206
A_HP_06	39	Response	1	3072670	12163	1
A_HP_06	39	Pulse	99	3078572	18064	1
A_HP_06	39	Pulse	99	3098572	38065	1
A_HP_06	40	Picture	response165	3111097	190	1	40229	1	0	40000	hit	211
A_HP_06	40	Pulse	99	3118572	7665	1
A_HP_06	40	Response	1	3118910	8003	1
A_HP_06	40	Pulse	99	3138572	27664	1
A_HP_06	40	Pulse	99	3158571	47664	1
A_HP_06	41	Picture	response161	3161555	248	1	40229	1	0	40000	hit	215
A_HP_06	41	Response	2	3170810	9503	1
A_HP_06	41	Pulse	99	3178571	17264	1
A_HP_06	41	Pulse	99	3198571	37264	1
A_HP_06	42	Picture	response168	3212013	306	1	40229	1	0	40000	hit	220
A_HP_06	42	Pulse	99	3218571	6864	1
A_HP_06	42	Response	2	3224219	12513	1
A_HP_06	42	Pulse	99	3238571	26864	1
A_HP_06	42	Pulse	99	3258571	46864	1
A_HP_06	43	Picture	ins15	3262305	198	1	30230	1	0	30000	other	0
A_HP_06	43	Pulse	99	3278571	16464	1
A_HP_06	43	Pulse	99	3298571	36464	1
A_HP_06	43	Pulse	99	3318571	56464	1
A_HP_06	43	Pulse	99	3338571	76465	1
A_HP_06	43	Pulse	99	3358573	96466	1
A_HP_06	43	Pulse	99	3378571	116464	1
A_HP_06	43	Pulse	99	3398571	136464	1
A_HP_06	43	Pulse	99	3418571	156464	1
A_HP_06	43	Pulse	99	3438571	176464	1
A_HP_06	43	Pulse	99	3458571	196464	1
A_HP_06	43	Pulse	99	3478572	216465	1
A_HP_06	43	Pulse	99	3498571	236464	1
A_HP_06	43	Pulse	99	3518571	256464	1
A_HP_06	43	Pulse	99	3538571	276464	1
A_HP_06	43	Pulse	99	3558571	296464	1
A_HP_06	44	Response	3	3578570	6233	1
A_HP_06	44	Pulse	99	3578570	6233	1
A_HP_06	45	Picture	response113	3579137	230	1	40229	1	0	40000	hit	242
A_HP_06	45	Response	2	3587530	8623	1
A_HP_06	45	Pulse	99	3598570	19663	1
A_HP_06	45	Pulse	99	3618571	39664	1
A_HP_06	46	Picture	response118	3629428	121	1	40229	1	0	40000	hit	246
A_HP_06	46	Response	2	3637279	7973	1
A_HP_06	46	Pulse	99	3638570	9264	1
A_HP_06	46	Pulse	99	3658571	29264	1
A_HP_06	46	Pulse	99	3678571	49264	1
A_HP_06	47	Picture	response115	3680053	347	1	40229	1	0	40000	hit	251
A_HP_06	47	Response	2	3687369	7664	1
A_HP_06	47	Pulse	99	3698571	18865	1
A_HP_06	47	Pulse	99	3718571	38865	1
A_HP_06	48	Picture	response120	3730344	238	1	40229	1	0	40000	hit	256
A_HP_06	48	Pulse	99	3738571	8464	1
A_HP_06	48	Response	2	3740909	10802	1
A_HP_06	48	Pulse	99	3758571	28464	1
A_HP_06	48	Pulse	99	3778571	48464	1
A_HP_06	49	Picture	response117	3780636	130	1	40229	1	0	40000	hit	260
A_HP_06	49	Response	1	3789299	8793	1
A_HP_06	49	Pulse	99	3798570	18064	1
A_HP_06	49	Pulse	99	3818571	38064	1
A_HP_06	50	Picture	response119	3831094	188	1	40229	1	0	40000	hit	264
A_HP_06	50	Response	2	3837779	6873	1
A_HP_06	50	Pulse	99	3838570	7664	1
A_HP_06	50	Pulse	99	3858570	27664	1
A_HP_06	50	Pulse	99	3878570	47664	1
A_HP_06	51	Picture	response114	3881552	246	1	40229	1	0	40000	hit	269
A_HP_06	51	Response	1	3891319	10013	1
A_HP_06	51	Pulse	99	3898570	17264	1
A_HP_06	51	Pulse	99	3918571	37265	1
A_HP_06	52	Picture	response116	3932010	304	1	40230	1	0	40000	hit	274
A_HP_06	52	Pulse	99	3938570	6864	1
A_HP_06	52	Response	1	3941388	9682	1
A_HP_06	52	Pulse	99	3958570	26864	1
A_HP_06	52	Pulse	99	3978570	46864	1
A_HP_06	53	Picture	ins5	3982302	196	1	30229	1	0	30000	other	0
A_HP_06	53	Pulse	99	3998570	16464	1
A_HP_06	53	Pulse	99	4018570	36464	1
A_HP_06	53	Pulse	99	4038570	56464	1
A_HP_06	53	Pulse	99	4058570	76464	1
A_HP_06	53	Pulse	99	4078570	96464	1
A_HP_06	53	Pulse	99	4098570	116464	1
A_HP_06	53	Pulse	99	4118570	136464	1
A_HP_06	53	Pulse	99	4138570	156464	1
A_HP_06	53	Pulse	99	4158570	176464	1
A_HP_06	53	Pulse	99	4178570	196464	1
A_HP_06	53	Pulse	99	4198570	216463	1
A_HP_06	53	Pulse	99	4218570	236463	1
A_HP_06	53	Pulse	99	4238570	256464	1
A_HP_06	53	Pulse	99	4258570	276463	1
A_HP_06	53	Pulse	99	4278570	296463	1
A_HP_06	54	Response	3	4298570	6233	1
A_HP_06	54	Pulse	99	4298570	6233	1
A_HP_06	55	Picture	response35	4299135	230	1	40229	1	0	40000	hit	296
A_HP_06	55	Response	1	4304238	5333	1
A_HP_06	55	Pulse	99	4318570	19664	1
A_HP_06	55	Pulse	99	4338570	39664	1
A_HP_06	56	Picture	response34	4349427	122	1	40231	1	0	40000	hit	300
A_HP_06	56	Response	2	4355748	6443	1
A_HP_06	56	Pulse	99	4358569	9264	1
A_HP_06	56	Pulse	99	4378570	29264	1
A_HP_06	56	Pulse	99	4398570	49265	1
A_HP_06	57	Picture	response36	4400054	348	1	40229	1	0	40000	hit	305
A_HP_06	57	Response	2	4405138	5433	1
A_HP_06	57	Pulse	99	4418569	18864	1
A_HP_06	57	Pulse	99	4438570	38864	1
A_HP_06	58	Picture	response39	4450345	240	1	40229	1	0	40000	hit	309
A_HP_06	58	Response	1	4454758	4653	1
A_HP_06	58	Pulse	99	4458569	8464	1
A_HP_06	58	Pulse	99	4478570	28464	1
A_HP_06	58	Pulse	99	4498570	48464	1
A_HP_06	59	Picture	response37	4500637	131	1	40229	1	0	40000	hit	314
A_HP_06	59	Response	2	4505618	5113	1
A_HP_06	59	Pulse	99	4518569	18064	1
A_HP_06	59	Pulse	99	4538569	38064	1
A_HP_06	60	Picture	response38	4551095	190	1	40229	1	0	40000	hit	318
A_HP_06	60	Response	1	4556759	5853	1
A_HP_06	60	Pulse	99	4558569	7663	1
A_HP_06	60	Pulse	99	4578570	27664	1
A_HP_06	60	Pulse	99	4598569	47664	1
A_HP_06	61	Picture	response33	4601553	248	1	40229	1	0	40000	hit	323
A_HP_06	61	Response	2	4608018	6713	1
A_HP_06	61	Pulse	99	4618569	17264	1
A_HP_06	61	Pulse	99	4638569	37264	1
A_HP_06	62	Picture	response40	4652012	307	1	40229	1	0	40000	hit	328
A_HP_06	62	Pulse	99	4658569	6864	1
A_HP_06	62	Response	2	4659907	8202	1
A_HP_06	62	Pulse	99	4678570	26864	1
A_HP_06	62	Pulse	99	4698569	46864	1
A_HP_06	63	Picture	thanks	4701970	0	1	10229	1	0	10000	other	0
A_HP_06	63	Pulse	99	4718569	16599	1


Event Type	Code	Type	Response	RT	RT Uncertainty	Time	Uncertainty	Duration	Uncertainty	ReqTime	ReqDur

Picture	ready	other				318807	1	10229	1	0	10000
Picture	ins7	other				379445	1	30229	1	0	30000
Picture	response55	hit	1	4592	2	699141	1	40229	1	0	40000
Picture	response51	hit	2	7071	2	749433	1	40229	1	0	40000
Picture	response49	hit	1	5906	2	800057	1	40229	1	0	40000
Picture	response54	hit	1	4014	2	850349	1	40229	1	0	40000
Picture	response52	hit	1	4433	2	900641	1	40229	1	0	40000
Picture	response56	hit	1	4044	2	951100	1	40230	1	0	40000
Picture	response53	hit	2	6175	2	1001558	1	40229	1	0	40000
Picture	response50	hit	2	5276	2	1052016	1	40229	1	0	40000
Picture	ins23	other				1102308	1	30229	1	0	30000
Picture	response182	incorrect	1	5763	2	1419240	1	40229	1	0	40000
Picture	response181	hit	2	18035	2	1469698	1	40228	2	0	40000
Picture	response179	hit	2	19134	2	1519988	1	40230	1	0	40000
Picture	response180	hit	1	9365	2	1570447	1	40229	1	0	40000
Picture	response183	hit	1	13498	2	1620905	1	40229	1	0	40000
Picture	response177	hit	2	9316	2	1671196	1	40229	1	0	40000
Picture	response184	hit	1	10217	2	1721654	1	40229	1	0	40000
Picture	response178	hit	1	15466	2	1771946	1	40229	1	0	40000
Picture	ins13	other				1822571	1	30229	1	0	30000
Picture	response100	hit	2	8035	2	2139139	1	40229	1	0	40000
Picture	response99	hit	1	12430	2	2189431	1	40229	1	0	40000
Picture	response101	hit	1	6767	2	2240055	1	40229	1	0	40000
Picture	response104	hit	1	7155	2	2290347	1	40229	1	0	40000
Picture	response102	hit	2	9903	2	2340638	1	40229	1	0	40000
Picture	response103	hit	1	9805	2	2391097	1	40229	1	0	40000
Picture	response98	hit	2	9846	2	2441555	1	40229	1	0	40000
Picture	response97	hit	1	8638	2	2492013	1	40229	1	0	40000
Picture	ins21	other				2542304	1	30229	1	0	30000
Picture	response164	hit	1	11453	2	2859137	1	40229	1	0	40000
Picture	response163	hit	2	7782	2	2909429	1	40229	1	0	40000
Picture	response166	hit	1	12466	2	2960054	1	40229	1	0	40000
Picture	response167	hit	2	6444	2	3010346	1	40230	1	0	40000
Picture	response162	hit	1	12033	2	3060638	1	40229	1	0	40000
Picture	response165	hit	1	7813	2	3111097	1	40229	1	0	40000
Picture	response161	hit	2	9255	2	3161555	1	40229	1	0	40000
Picture	response168	hit	2	12206	2	3212013	1	40229	1	0	40000
Picture	ins15	other				3262305	1	30230	1	0	30000
Picture	response113	hit	2	8393	2	3579137	1	40229	1	0	40000
Picture	response118	hit	2	7851	2	3629428	1	40229	1	0	40000
Picture	response115	hit	2	7317	2	3680053	1	40229	1	0	40000
Picture	response120	hit	2	10565	2	3730344	1	40229	1	0	40000
Picture	response117	hit	1	8663	2	3780636	1	40229	1	0	40000
Picture	response119	hit	2	6686	2	3831094	1	40229	1	0	40000
Picture	response114	hit	1	9767	2	3881552	1	40229	1	0	40000
Picture	response116	hit	1	9378	2	3932010	1	40230	1	0	40000
Picture	ins5	other				3982302	1	30229	1	0	30000
Picture	response35	hit	1	5103	2	4299135	1	40229	1	0	40000
Picture	response34	hit	2	6321	2	4349427	1	40231	1	0	40000
Picture	response36	hit	2	5085	2	4400054	1	40229	1	0	40000
Picture	response39	hit	1	4413	2	4450345	1	40229	1	0	40000
Picture	response37	hit	2	4982	2	4500637	1	40229	1	0	40000
Picture	response38	hit	1	5663	2	4551095	1	40229	1	0	40000
Picture	response33	hit	2	6465	2	4601553	1	40229	1	0	40000
Picture	response40	hit	2	7896	2	4652012	1	40229	1	0	40000
Picture	thanks	other				4701970	1	10229	1	0	10000


{
   "app": "Presentation Version 21.0 Build 06.06.19",
   "device": "LENOVO 20KHCTO1WW",
   "experiment": "{C0C68DB1-10BA-42F2-8F79-3F2AFFEED4E4}",
   "os": "Windows 10 64 bit",
   "package": "",
   "parameters": {
      "configuration": "Default configuration"
   },
   "scenario": "Feature experiment(2).sce",
   "subject": "A_HP_06",
   "timestamp": "2019/07/26 05:38:21 GMT"
}
