Scenario - 
Logfile written - 02/21/2020 10:54:35

Subject	Trial	Event Type	Code	Time	TTime	Uncertainty	Duration	Uncertainty	ReqTime	ReqDur	Stim Type	Pair Index

A_HP_51	1	Response	3	287909	286744	1
A_HP_51	1	Pulse	99	287909	286744	1
A_HP_51	2	Picture	ready	288036	0	1	10162	1	0	10000	other	0
A_HP_51	2	Pulse	99	307910	19875	1
A_HP_51	2	Pulse	99	327909	39874	1
A_HP_51	2	Pulse	99	347910	59875	1
A_HP_51	3	Picture	ins23	348508	138	1	30153	1	0	30000	other	0
A_HP_51	3	Pulse	99	367910	19540	1
A_HP_51	3	Pulse	99	387910	39540	1
A_HP_51	3	Pulse	99	407911	59540	1
A_HP_51	3	Pulse	99	427910	79540	1
A_HP_51	3	Pulse	99	447911	99540	1
A_HP_51	3	Pulse	99	467910	119540	1
A_HP_51	3	Pulse	99	487911	139540	1
A_HP_51	3	Pulse	99	507911	159540	1
A_HP_51	3	Pulse	99	527911	179540	1
A_HP_51	3	Pulse	99	547910	199540	1
A_HP_51	3	Pulse	99	567911	219540	1
A_HP_51	3	Pulse	99	587910	239540	1
A_HP_51	3	Pulse	99	607910	259540	1
A_HP_51	3	Pulse	99	627911	279540	1
A_HP_51	3	Pulse	99	647910	299540	1
A_HP_51	4	Response	3	667910	9376	1
A_HP_51	4	Pulse	99	667910	9376	1
A_HP_51	5	Picture	response181	668363	93	1	40148	1	0	40000	hit	27
A_HP_51	5	Pulse	99	687911	19640	1
A_HP_51	5	Response	2	697850	29579	1
A_HP_51	5	Pulse	99	707910	39640	1
A_HP_51	6	Picture	response178	718841	170	1	40149	1	0	40000	hit	31
A_HP_51	6	Pulse	99	727911	9240	1
A_HP_51	6	Response	1	744969	26299	1
A_HP_51	6	Pulse	99	747910	29240	1
A_HP_51	6	Pulse	99	767910	49240	1
A_HP_51	7	Picture	response177	769151	81	1	40149	1	0	40000	hit	35
A_HP_51	7	Response	2	781969	12899	1
A_HP_51	7	Pulse	99	787910	18840	1
A_HP_51	7	Pulse	99	807910	38840	1
A_HP_51	8	Picture	response182	819628	158	1	40149	1	0	40000	hit	40
A_HP_51	8	Pulse	99	827910	8440	1
A_HP_51	8	Response	2	830979	11509	1
A_HP_51	8	Pulse	99	847911	28440	1
A_HP_51	8	Pulse	99	867910	48440	1
A_HP_51	9	Picture	response180	869939	69	1	40148	1	0	40000	hit	45
A_HP_51	9	Pulse	99	887911	18041	1
A_HP_51	9	Response	1	892230	22360	1
A_HP_51	9	Pulse	99	907911	38041	1
A_HP_51	10	Picture	response183	920416	146	1	40148	1	0	40000	hit	49
A_HP_51	10	Pulse	99	927910	7640	1
A_HP_51	10	Response	1	941139	20869	1
A_HP_51	10	Pulse	99	947910	27640	1
A_HP_51	10	Pulse	99	967910	47640	1
A_HP_51	11	Picture	response184	970726	56	1	40148	1	0	40000	hit	54
A_HP_51	11	Pulse	99	987910	17240	1
A_HP_51	11	Response	1	1005239	34569	1
A_HP_51	11	Pulse	99	1007910	37240	1
A_HP_51	12	Picture	response179	1021204	133	1	40148	1	0	40000	hit	58
A_HP_51	12	Pulse	99	1027910	6840	1
A_HP_51	12	Response	2	1038329	17259	1
A_HP_51	12	Pulse	99	1047910	26840	1
A_HP_51	12	Pulse	99	1067910	46840	1
A_HP_51	13	Picture	ins21	1071681	210	1	30153	1	0	30000	other	0
A_HP_51	13	Pulse	99	1087911	16440	1
A_HP_51	13	Pulse	99	1107911	36440	1
A_HP_51	13	Pulse	99	1127910	56440	1
A_HP_51	13	Pulse	99	1147910	76440	1
A_HP_51	13	Pulse	99	1167911	96440	1
A_HP_51	13	Pulse	99	1187910	116440	1
A_HP_51	13	Pulse	99	1207910	136440	1
A_HP_51	13	Pulse	99	1227910	156440	1
A_HP_51	13	Pulse	99	1247911	176441	1
A_HP_51	13	Pulse	99	1267911	196441	1
A_HP_51	13	Pulse	99	1287910	216440	1
A_HP_51	13	Pulse	99	1307910	236440	1
A_HP_51	13	Pulse	99	1327910	256440	1
A_HP_51	13	Pulse	99	1347910	276440	1
A_HP_51	13	Pulse	99	1367910	296440	1
A_HP_51	14	Response	3	1387910	6370	1
A_HP_51	14	Pulse	99	1387910	6370	1
A_HP_51	15	Picture	response163	1388370	100	1	40148	1	0	40000	hit	81
A_HP_51	15	Pulse	99	1407910	19640	1
A_HP_51	15	Response	2	1412350	24080	1
A_HP_51	15	Pulse	99	1427911	39640	1
A_HP_51	16	Picture	response167	1438848	177	1	40149	1	0	40000	hit	85
A_HP_51	16	Pulse	99	1447911	9241	1
A_HP_51	16	Response	2	1455479	16809	1
A_HP_51	16	Pulse	99	1467911	29240	1
A_HP_51	16	Pulse	99	1487910	49240	1
A_HP_51	17	Picture	response166	1489158	88	1	40149	1	0	40000	incorrect	90
A_HP_51	17	Pulse	99	1507911	18841	1
A_HP_51	17	Response	2	1516589	27519	1
A_HP_51	17	Pulse	99	1527910	38840	1
A_HP_51	18	Picture	response168	1539635	165	1	40149	1	0	40000	hit	94
A_HP_51	18	Pulse	99	1547910	8440	1
A_HP_51	18	Response	2	1555199	15729	1
A_HP_51	18	Pulse	99	1567910	28440	1
A_HP_51	18	Pulse	99	1587911	48441	1
A_HP_51	19	Picture	response161	1589946	76	1	40148	1	0	40000	hit	99
A_HP_51	19	Pulse	99	1607910	18040	1
A_HP_51	19	Response	2	1626559	36689	1
A_HP_51	19	Pulse	99	1627910	38040	1
A_HP_51	20	Picture	response165	1640423	153	1	40148	1	0	40000	hit	103
A_HP_51	20	Pulse	99	1647910	7640	1
A_HP_51	20	Response	1	1653809	13539	1
A_HP_51	20	Pulse	99	1667910	27640	1
A_HP_51	20	Pulse	99	1687910	47640	1
A_HP_51	21	Picture	response164	1690733	63	1	40149	1	0	40000	hit	107
A_HP_51	21	Response	1	1707319	16649	1
A_HP_51	21	Pulse	99	1707910	17240	1
A_HP_51	21	Pulse	99	1727911	37240	1
A_HP_51	22	Picture	response162	1741211	140	1	40149	1	0	40000	hit	112
A_HP_51	22	Pulse	99	1747911	6841	1
A_HP_51	22	Response	1	1762159	21089	1
A_HP_51	22	Pulse	99	1767911	26840	1
A_HP_51	22	Pulse	99	1787910	46840	1
A_HP_51	23	Picture	ins13	1791521	51	1	30153	1	0	30000	other	0
A_HP_51	23	Pulse	99	1807911	16441	1
A_HP_51	23	Pulse	99	1827911	36441	1
A_HP_51	23	Pulse	99	1847910	56440	1
A_HP_51	23	Pulse	99	1867911	76441	1
A_HP_51	23	Pulse	99	1887910	96440	1
A_HP_51	23	Pulse	99	1907910	116440	1
A_HP_51	23	Pulse	99	1927910	136440	1
A_HP_51	23	Pulse	99	1947911	156441	1
A_HP_51	23	Pulse	99	1967910	176440	1
A_HP_51	23	Pulse	99	1987910	196440	1
A_HP_51	23	Pulse	99	2007910	216440	1
A_HP_51	23	Pulse	99	2027910	236440	1
A_HP_51	23	Pulse	99	2047910	256440	1
A_HP_51	23	Pulse	99	2067910	276440	1
A_HP_51	23	Pulse	99	2087910	296440	1
A_HP_51	24	Response	3	2107910	6363	1
A_HP_51	24	Pulse	99	2107910	6363	1
A_HP_51	25	Picture	response104	2108378	108	1	40148	1	0	40000	hit	135
A_HP_51	25	Pulse	99	2127911	19640	1
A_HP_51	25	Response	1	2127988	19718	1
A_HP_51	25	Pulse	99	2147910	39640	1
A_HP_51	26	Picture	response98	2158855	185	1	40148	1	0	40000	hit	139
A_HP_51	26	Pulse	99	2167911	9240	1
A_HP_51	26	Response	2	2168099	9428	1
A_HP_51	26	Pulse	99	2187910	29240	1
A_HP_51	26	Pulse	99	2207910	49240	1
A_HP_51	27	Picture	response97	2209165	95	1	40148	1	0	40000	hit	144
A_HP_51	27	Pulse	99	2227910	18840	1
A_HP_51	27	Response	1	2232659	23589	1
A_HP_51	27	Pulse	99	2247910	38840	1
A_HP_51	28	Picture	response102	2259642	172	1	40148	1	0	40000	hit	148
A_HP_51	28	Pulse	99	2267910	8440	1
A_HP_51	28	Response	2	2282969	23499	1
A_HP_51	28	Pulse	99	2287910	28440	1
A_HP_51	28	Pulse	99	2307910	48440	1
A_HP_51	29	Picture	response100	2309953	83	1	40148	1	0	40000	hit	152
A_HP_51	29	Response	2	2319299	9429	1
A_HP_51	29	Pulse	99	2327910	18040	1
A_HP_51	29	Pulse	99	2347910	38040	1
A_HP_51	30	Picture	response103	2360430	160	1	40148	1	0	40000	hit	157
A_HP_51	30	Pulse	99	2367910	7640	1
A_HP_51	30	Response	1	2380749	20479	1
A_HP_51	30	Pulse	99	2387910	27640	1
A_HP_51	30	Pulse	99	2407910	47640	1
A_HP_51	31	Picture	response99	2410741	71	1	40148	1	0	40000	hit	162
A_HP_51	31	Pulse	99	2427911	17241	1
A_HP_51	31	Response	1	2432529	21859	1
A_HP_51	31	Pulse	99	2447910	37240	1
A_HP_51	32	Picture	response101	2461218	148	1	40148	1	0	40000	hit	166
A_HP_51	32	Pulse	99	2467911	6841	1
A_HP_51	32	Response	1	2478189	17119	1
A_HP_51	32	Pulse	99	2487910	26840	1
A_HP_51	32	Pulse	99	2507910	46840	1
A_HP_51	33	Picture	ins7	2511528	58	1	30153	1	0	30000	other	0
A_HP_51	33	Pulse	99	2527910	16441	1
A_HP_51	33	Pulse	99	2547830	36360	1
A_HP_51	33	Pulse	99	2567910	56441	1
A_HP_51	33	Pulse	99	2587910	76440	1
A_HP_51	33	Pulse	99	2607830	96360	1
A_HP_51	33	Pulse	99	2627910	116440	1
A_HP_51	33	Pulse	99	2647910	136441	1
A_HP_51	33	Pulse	99	2667830	156360	1
A_HP_51	33	Pulse	99	2687911	176441	1
A_HP_51	33	Pulse	99	2707910	196440	1
A_HP_51	33	Pulse	99	2727910	216440	1
A_HP_51	33	Pulse	99	2747910	236440	1
A_HP_51	33	Pulse	99	2767910	256440	1
A_HP_51	33	Pulse	99	2787910	276440	1
A_HP_51	33	Pulse	99	2807910	296440	1
A_HP_51	34	Response	3	2827910	6356	1
A_HP_51	34	Pulse	99	2827910	6356	1
A_HP_51	35	Picture	response52	2828385	115	1	40148	1	0	40000	hit	188
A_HP_51	35	Response	1	2836119	7849	1
A_HP_51	35	Pulse	99	2847910	19640	1
A_HP_51	35	Pulse	99	2867910	39640	1
A_HP_51	36	Picture	response49	2878862	192	1	40149	1	0	40000	hit	193
A_HP_51	36	Pulse	99	2887910	9240	1
A_HP_51	36	Response	1	2895839	17169	1
A_HP_51	36	Pulse	99	2907910	29240	1
A_HP_51	36	Pulse	99	2927910	49240	1
A_HP_51	37	Picture	response55	2929172	103	1	40149	1	0	40000	hit	197
A_HP_51	37	Response	1	2934509	5439	1
A_HP_51	37	Pulse	99	2947910	18840	1
A_HP_51	37	Pulse	99	2967910	38841	1
A_HP_51	38	Picture	response50	2979650	180	1	40149	1	0	40000	hit	202
A_HP_51	38	Pulse	99	2987911	8441	1
A_HP_51	38	Response	2	2990689	11219	1
A_HP_51	38	Pulse	99	3007910	28440	1
A_HP_51	38	Pulse	99	3027911	48441	1
A_HP_51	39	Picture	response54	3029960	90	1	40148	1	0	40000	hit	206
A_HP_51	39	Response	1	3040599	10729	1
A_HP_51	39	Pulse	99	3047830	17960	1
A_HP_51	39	Pulse	99	3067911	38041	1
A_HP_51	40	Picture	response53	3080437	167	1	40148	1	0	40000	hit	211
A_HP_51	40	Pulse	99	3087910	7640	1
A_HP_51	40	Response	2	3100069	19799	1
A_HP_51	40	Pulse	99	3107830	27560	1
A_HP_51	40	Pulse	99	3127910	47640	1
A_HP_51	41	Picture	response56	3130748	78	1	40148	1	0	40000	hit	216
A_HP_51	41	Pulse	99	3147910	17240	1
A_HP_51	41	Response	1	3158629	27959	1
A_HP_51	41	Pulse	99	3167830	37160	1
A_HP_51	42	Picture	response51	3181225	155	1	40148	1	0	40000	hit	219
A_HP_51	42	Response	2	3187219	6149	1
A_HP_51	42	Pulse	99	3187910	6840	1
A_HP_51	42	Pulse	99	3207910	26840	1
A_HP_51	42	Pulse	99	3227830	46760	1
A_HP_51	43	Picture	ins5	3231536	66	1	30153	1	0	30000	other	0
A_HP_51	43	Pulse	99	3247911	16441	1
A_HP_51	43	Pulse	99	3267910	36440	1
A_HP_51	43	Pulse	99	3287830	56360	1
A_HP_51	43	Pulse	99	3307910	76440	1
A_HP_51	43	Pulse	99	3327910	96440	1
A_HP_51	43	Pulse	99	3347830	116360	1
A_HP_51	43	Pulse	99	3367910	136440	1
A_HP_51	43	Pulse	99	3387910	156440	1
A_HP_51	43	Pulse	99	3407830	176361	1
A_HP_51	43	Pulse	99	3427910	196440	1
A_HP_51	43	Pulse	99	3447910	216440	1
A_HP_51	43	Pulse	99	3467830	236360	1
A_HP_51	43	Pulse	99	3487830	256360	1
A_HP_51	43	Pulse	99	3507910	276440	1
A_HP_51	43	Pulse	99	3527830	296360	1
A_HP_51	44	Response	3	3547830	6269	1
A_HP_51	44	Pulse	99	3547830	6269	1
A_HP_51	45	Picture	response40	3548225	56	1	40148	1	0	40000	hit	242
A_HP_51	45	Response	2	3555340	7170	1
A_HP_51	45	Pulse	99	3567910	19740	1
A_HP_51	45	Pulse	99	3587910	39740	1
A_HP_51	46	Picture	response35	3598702	132	1	40148	1	0	40000	hit	247
A_HP_51	46	Pulse	99	3607830	9260	1
A_HP_51	46	Response	1	3611919	13349	1
A_HP_51	46	Pulse	99	3627910	29340	1
A_HP_51	46	Pulse	99	3647910	49340	1
A_HP_51	47	Picture	response34	3649180	210	1	40149	1	0	40000	hit	251
A_HP_51	47	Response	2	3659920	10950	1
A_HP_51	47	Pulse	99	3667830	18860	1
A_HP_51	47	Pulse	99	3687910	38940	1
A_HP_51	48	Picture	response33	3699490	120	1	40149	1	0	40000	hit	256
A_HP_51	48	Pulse	99	3707910	8540	1
A_HP_51	48	Response	2	3718899	19529	1
A_HP_51	48	Pulse	99	3727830	28460	1
A_HP_51	48	Pulse	99	3747910	48540	1
A_HP_51	49	Picture	response36	3749967	198	1	40148	1	0	40000	hit	260
A_HP_51	49	Response	2	3762649	12879	1
A_HP_51	49	Pulse	99	3767910	18140	1
A_HP_51	49	Pulse	99	3787830	38061	1
A_HP_51	50	Picture	response37	3800278	108	1	40148	1	0	40000	hit	265
A_HP_51	50	Pulse	99	3807910	7740	1
A_HP_51	50	Response	2	3819329	19159	1
A_HP_51	50	Pulse	99	3827910	27740	1
A_HP_51	50	Pulse	99	3847830	47660	1
A_HP_51	51	Picture	response38	3850755	185	1	40148	1	0	40000	hit	269
A_HP_51	51	Response	1	3856249	5679	1
A_HP_51	51	Pulse	99	3867910	17341	1
A_HP_51	51	Pulse	99	3887910	37340	1
A_HP_51	52	Picture	response39	3901065	96	1	40148	1	0	40000	hit	274
A_HP_51	52	Pulse	99	3907830	6860	1
A_HP_51	52	Response	1	3915129	14159	1
A_HP_51	52	Pulse	99	3927910	26941	1
A_HP_51	52	Pulse	99	3947910	46941	1
A_HP_51	53	Picture	ins15	3951543	173	1	30153	1	0	30000	other	0
A_HP_51	53	Pulse	99	3967830	16460	1
A_HP_51	53	Pulse	99	3987830	36460	1
A_HP_51	53	Pulse	99	4007910	56540	1
A_HP_51	53	Pulse	99	4027830	76460	1
A_HP_51	53	Pulse	99	4047830	96460	1
A_HP_51	53	Pulse	99	4067910	116541	1
A_HP_51	53	Pulse	99	4087830	136460	1
A_HP_51	53	Pulse	99	4107830	156460	1
A_HP_51	53	Pulse	99	4127910	176540	1
A_HP_51	53	Pulse	99	4147830	196460	1
A_HP_51	53	Pulse	99	4167830	216460	1
A_HP_51	53	Pulse	99	4187910	236540	1
A_HP_51	53	Pulse	99	4207830	256460	1
A_HP_51	53	Pulse	99	4227830	276460	1
A_HP_51	53	Pulse	99	4247910	296540	1
A_HP_51	54	Response	3	4267830	6261	1
A_HP_51	54	Pulse	99	4267830	6261	1
A_HP_51	55	Picture	response114	4268232	63	1	40148	1	0	40000	hit	297
A_HP_51	55	Pulse	99	4287830	19660	1
A_HP_51	55	Response	1	4290779	22609	1
A_HP_51	55	Pulse	99	4307910	39740	1
A_HP_51	56	Picture	response116	4318710	140	1	40148	1	0	40000	hit	301
A_HP_51	56	Pulse	99	4327830	9260	1
A_HP_51	56	Response	1	4329719	11149	1
A_HP_51	56	Pulse	99	4347830	29261	1
A_HP_51	56	Pulse	99	4367910	49340	1
A_HP_51	57	Picture	response120	4369020	50	1	40148	1	0	40000	hit	306
A_HP_51	57	Pulse	99	4387830	18860	1
A_HP_51	57	Response	2	4396019	27049	1
A_HP_51	57	Pulse	99	4407830	38860	1
A_HP_51	58	Picture	response118	4419497	127	1	40149	1	0	40000	hit	310
A_HP_51	58	Pulse	99	4427830	8460	1
A_HP_51	58	Response	2	4429409	10039	1
A_HP_51	58	Pulse	99	4447830	28460	1
A_HP_51	58	Pulse	99	4467830	48460	1
A_HP_51	59	Picture	response115	4469808	38	1	40149	1	0	40000	hit	314
A_HP_51	59	Response	2	4485089	15319	1
A_HP_51	59	Pulse	99	4487830	18060	1
A_HP_51	59	Pulse	99	4507910	38141	1
A_HP_51	60	Picture	response117	4520285	115	1	40149	1	0	40000	hit	319
A_HP_51	60	Pulse	99	4527830	7661	1
A_HP_51	60	Response	1	4542189	22019	1
A_HP_51	60	Pulse	99	4547830	27660	1
A_HP_51	60	Pulse	99	4567910	47740	1
A_HP_51	61	Picture	response113	4570762	192	1	40148	1	0	40000	hit	323
A_HP_51	61	Response	2	4586389	15819	1
A_HP_51	61	Pulse	99	4587830	17260	1
A_HP_51	61	Pulse	99	4607830	37260	1
A_HP_51	62	Picture	response119	4621073	103	1	40148	1	0	40000	hit	328
A_HP_51	62	Pulse	99	4627910	6940	1
A_HP_51	62	Response	2	4630159	9189	1
A_HP_51	62	Pulse	99	4647830	26860	1
A_HP_51	62	Pulse	99	4667830	46861	1
A_HP_51	63	Picture	thanks	4671050	0	1	10162	1	0	10000	other	0
A_HP_51	63	Pulse	99	4687910	16860	1


Event Type	Code	Type	Response	RT	RT Uncertainty	Time	Uncertainty	Duration	Uncertainty	ReqTime	ReqDur

Picture	ready	other				288036	1	10162	1	0	10000
Picture	ins23	other				348508	1	30153	1	0	30000
Picture	response181	hit	2	29486	2	668363	1	40148	1	0	40000
Picture	response178	hit	1	26129	2	718841	1	40149	1	0	40000
Picture	response177	hit	2	12818	2	769151	1	40149	1	0	40000
Picture	response182	hit	2	11351	2	819628	1	40149	1	0	40000
Picture	response180	hit	1	22291	2	869939	1	40148	1	0	40000
Picture	response183	hit	1	20723	2	920416	1	40148	1	0	40000
Picture	response184	hit	1	34513	2	970726	1	40148	1	0	40000
Picture	response179	hit	2	17126	2	1021204	1	40148	1	0	40000
Picture	ins21	other				1071681	1	30153	1	0	30000
Picture	response163	hit	2	23979	2	1388370	1	40148	1	0	40000
Picture	response167	hit	2	16631	2	1438848	1	40149	1	0	40000
Picture	response166	incorrect	2	27431	2	1489158	1	40149	1	0	40000
Picture	response168	hit	2	15564	2	1539635	1	40149	1	0	40000
Picture	response161	hit	2	36613	2	1589946	1	40148	1	0	40000
Picture	response165	hit	1	13386	2	1640423	1	40148	1	0	40000
Picture	response164	hit	1	16586	2	1690733	1	40149	1	0	40000
Picture	response162	hit	1	20948	2	1741211	1	40149	1	0	40000
Picture	ins13	other				1791521	1	30153	1	0	30000
Picture	response104	hit	1	19611	2	2108378	1	40148	1	0	40000
Picture	response98	hit	2	9244	2	2158855	1	40148	1	0	40000
Picture	response97	hit	1	23494	2	2209165	1	40148	1	0	40000
Picture	response102	hit	2	23327	2	2259642	1	40148	1	0	40000
Picture	response100	hit	2	9346	2	2309953	1	40148	1	0	40000
Picture	response103	hit	1	20319	2	2360430	1	40148	1	0	40000
Picture	response99	hit	1	21788	2	2410741	1	40148	1	0	40000
Picture	response101	hit	1	16971	2	2461218	1	40148	1	0	40000
Picture	ins7	other				2511528	1	30153	1	0	30000
Picture	response52	hit	1	7734	2	2828385	1	40148	1	0	40000
Picture	response49	hit	1	16977	2	2878862	1	40149	1	0	40000
Picture	response55	hit	1	5336	2	2929172	1	40149	1	0	40000
Picture	response50	hit	2	11039	2	2979650	1	40149	1	0	40000
Picture	response54	hit	1	10639	2	3029960	1	40148	1	0	40000
Picture	response53	hit	2	19632	2	3080437	1	40148	1	0	40000
Picture	response56	hit	1	27881	2	3130748	1	40148	1	0	40000
Picture	response51	hit	2	5994	2	3181225	1	40148	1	0	40000
Picture	ins5	other				3231536	1	30153	1	0	30000
Picture	response40	hit	2	7115	2	3548225	1	40148	1	0	40000
Picture	response35	hit	1	13216	2	3598702	1	40148	1	0	40000
Picture	response34	hit	2	10740	2	3649180	1	40149	1	0	40000
Picture	response33	hit	2	19409	2	3699490	1	40149	1	0	40000
Picture	response36	hit	2	12682	2	3749967	1	40148	1	0	40000
Picture	response37	hit	2	19051	2	3800278	1	40148	1	0	40000
Picture	response38	hit	1	5494	2	3850755	1	40148	1	0	40000
Picture	response39	hit	1	14063	2	3901065	1	40148	1	0	40000
Picture	ins15	other				3951543	1	30153	1	0	30000
Picture	response114	hit	1	22546	2	4268232	1	40148	1	0	40000
Picture	response116	hit	1	11009	2	4318710	1	40148	1	0	40000
Picture	response120	hit	2	26999	2	4369020	1	40148	1	0	40000
Picture	response118	hit	2	9911	2	4419497	1	40149	1	0	40000
Picture	response115	hit	2	15281	2	4469808	1	40149	1	0	40000
Picture	response117	hit	1	21904	2	4520285	1	40149	1	0	40000
Picture	response113	hit	2	15627	2	4570762	1	40148	1	0	40000
Picture	response119	hit	2	9087	2	4621073	1	40148	1	0	40000
Picture	thanks	other				4671050	1	10162	1	0	10000


{
   "app": "Presentation Version 21.1 Build 09.05.19",
   "device": "LENOVO 20FBCTO1WW",
   "experiment": "{C0C68DB1-10BA-42F2-8F79-3F2AFFEED4E4}",
   "os": "Windows 10 64 bit",
   "package": "",
   "parameters": {
      "configuration": "Default configuration"
   },
   "scenario": "Feature experiment(2).sce",
   "subject": "A_HP_51",
   "timestamp": "2020/02/21 01:46:39 GMT"
}
