Scenario - 
Logfile written - 10/18/2019 12:56:55

Subject	Trial	Event Type	Code	Time	TTime	Uncertainty	Duration	Uncertainty	ReqTime	ReqDur	Stim Type	Pair Index

A_HP_21	1	Response	3	349289	348123	1
A_HP_21	1	Pulse	99	349289	348123	1
A_HP_21	2	Picture	ready	349521	0	1	10230	1	0	10000	other	0
A_HP_21	2	Pulse	99	369289	19768	1
A_HP_21	2	Pulse	99	389289	39768	1
A_HP_21	2	Pulse	99	409289	59768	1
A_HP_21	3	Picture	ins15	410106	233	1	30230	1	0	30000	other	0
A_HP_21	3	Pulse	99	429289	19417	1
A_HP_21	3	Pulse	99	449289	39417	1
A_HP_21	3	Pulse	99	469289	59416	1
A_HP_21	3	Pulse	99	489289	79416	1
A_HP_21	3	Pulse	99	509289	99417	1
A_HP_21	3	Pulse	99	529289	119416	1
A_HP_21	3	Pulse	99	549288	139416	1
A_HP_21	3	Pulse	99	569288	159416	1
A_HP_21	3	Pulse	99	589288	179416	1
A_HP_21	3	Pulse	99	609289	199416	1
A_HP_21	3	Pulse	99	629288	219416	1
A_HP_21	3	Pulse	99	649288	239416	1
A_HP_21	3	Pulse	99	669289	259416	1
A_HP_21	3	Pulse	99	689288	279416	1
A_HP_21	3	Pulse	99	709288	299416	1
A_HP_21	4	Response	3	729289	9186	1
A_HP_21	4	Pulse	99	729289	9186	1
A_HP_21	5	Picture	response116	729903	230	1	40230	1	0	40000	hit	26
A_HP_21	5	Response	1	741267	11594	1
A_HP_21	5	Pulse	99	749288	19615	1
A_HP_21	5	Pulse	99	769289	39616	1
A_HP_21	6	Picture	response114	780361	289	1	40230	1	0	40000	hit	31
A_HP_21	6	Pulse	99	789289	9216	1
A_HP_21	6	Response	1	798827	18755	1
A_HP_21	6	Pulse	99	809288	29216	1
A_HP_21	6	Pulse	99	829289	49216	1
A_HP_21	7	Picture	response118	830653	181	1	40229	1	0	40000	hit	35
A_HP_21	7	Response	2	840567	10095	1
A_HP_21	7	Pulse	99	849289	18816	1
A_HP_21	7	Pulse	99	869289	38816	1
A_HP_21	8	Picture	response119	881112	239	1	40229	1	0	40000	hit	40
A_HP_21	8	Pulse	99	889288	8416	1
A_HP_21	8	Response	2	890196	9324	1
A_HP_21	8	Pulse	99	909289	28416	1
A_HP_21	8	Pulse	99	929288	48416	1
A_HP_21	9	Picture	response113	931403	130	1	40229	1	0	40000	hit	44
A_HP_21	9	Response	2	942517	11245	1
A_HP_21	9	Pulse	99	949288	18015	1
A_HP_21	9	Pulse	99	969288	38016	1
A_HP_21	10	Picture	response117	982028	356	1	40229	1	0	40000	hit	49
A_HP_21	10	Pulse	99	989288	7616	1
A_HP_21	10	Response	1	995617	13944	1
A_HP_21	10	Pulse	99	1009289	27616	1
A_HP_21	10	Pulse	99	1029288	47616	1
A_HP_21	11	Picture	response120	1032319	247	1	40229	1	0	40000	hit	53
A_HP_21	11	Response	2	1045857	13785	1
A_HP_21	11	Pulse	99	1049288	17216	1
A_HP_21	11	Pulse	99	1069289	37216	1
A_HP_21	12	Picture	response115	1082611	138	1	40229	1	0	40000	hit	58
A_HP_21	12	Pulse	99	1089288	6816	1
A_HP_21	12	Response	2	1089596	7124	1
A_HP_21	12	Pulse	99	1109289	26816	1
A_HP_21	12	Pulse	99	1129288	46816	1
A_HP_21	13	Picture	ins13	1133069	197	1	30229	1	0	30000	other	0
A_HP_21	13	Pulse	99	1149288	16416	1
A_HP_21	13	Pulse	99	1169288	36416	1
A_HP_21	13	Pulse	99	1189288	56416	1
A_HP_21	13	Pulse	99	1209288	76416	1
A_HP_21	13	Pulse	99	1229288	96416	1
A_HP_21	13	Pulse	99	1249288	116416	1
A_HP_21	13	Pulse	99	1269288	136415	1
A_HP_21	13	Pulse	99	1289288	156416	1
A_HP_21	13	Pulse	99	1309288	176416	1
A_HP_21	13	Pulse	99	1329288	196416	1
A_HP_21	13	Pulse	99	1349288	216416	1
A_HP_21	13	Pulse	99	1369288	236416	1
A_HP_21	13	Pulse	99	1389288	256416	1
A_HP_21	13	Pulse	99	1409288	276416	1
A_HP_21	13	Pulse	99	1429288	296416	1
A_HP_21	14	Response	3	1449288	6185	1
A_HP_21	14	Pulse	99	1449288	6185	1
A_HP_21	15	Picture	response103	1449902	230	1	40229	1	0	40000	hit	80
A_HP_21	15	Response	1	1466397	16725	1
A_HP_21	15	Pulse	99	1469287	19615	1
A_HP_21	15	Pulse	99	1489288	39616	1
A_HP_21	16	Picture	response102	1500360	288	1	40229	1	0	40000	hit	85
A_HP_21	16	Pulse	99	1509288	9216	1
A_HP_21	16	Response	2	1512526	12454	1
A_HP_21	16	Pulse	99	1529288	29216	1
A_HP_21	16	Pulse	99	1549288	49216	1
A_HP_21	17	Picture	response101	1550652	180	1	40229	1	0	40000	hit	89
A_HP_21	17	Response	1	1559697	9225	1
A_HP_21	17	Pulse	99	1569288	18816	1
A_HP_21	17	Pulse	99	1589288	38816	1
A_HP_21	18	Picture	response100	1601110	238	1	40229	1	0	40000	hit	94
A_HP_21	18	Pulse	99	1609288	8416	1
A_HP_21	18	Response	2	1611286	10414	1
A_HP_21	18	Pulse	99	1629288	28416	1
A_HP_21	18	Pulse	99	1649288	48416	1
A_HP_21	19	Picture	response98	1651401	130	1	40229	1	0	40000	hit	98
A_HP_21	19	Response	2	1659707	8435	1
A_HP_21	19	Pulse	99	1669288	18016	1
A_HP_21	19	Pulse	99	1689288	38016	1
A_HP_21	20	Picture	response99	1702026	354	1	40229	1	0	40000	hit	103
A_HP_21	20	Pulse	99	1709288	7616	1
A_HP_21	20	Response	1	1726687	25015	1
A_HP_21	20	Pulse	99	1729287	27615	1
A_HP_21	20	Pulse	99	1749288	47616	1
A_HP_21	21	Picture	response104	1752318	246	1	40229	1	0	40000	hit	107
A_HP_21	21	Response	1	1759667	7595	1
A_HP_21	21	Pulse	99	1769287	17216	1
A_HP_21	21	Pulse	99	1789288	37216	1
A_HP_21	22	Picture	response97	1802609	137	1	40229	1	0	40000	hit	112
A_HP_21	22	Pulse	99	1809288	6816	1
A_HP_21	22	Response	1	1812176	9704	1
A_HP_21	22	Pulse	99	1829288	26816	1
A_HP_21	22	Pulse	99	1849288	46816	1
A_HP_21	23	Picture	ins7	1853068	196	1	30229	1	0	30000	other	0
A_HP_21	23	Pulse	99	1869288	16416	1
A_HP_21	23	Pulse	99	1889288	36416	1
A_HP_21	23	Pulse	99	1909288	56416	1
A_HP_21	23	Pulse	99	1929288	76416	1
A_HP_21	23	Pulse	99	1949288	96416	1
A_HP_21	23	Pulse	99	1969288	116416	1
A_HP_21	23	Pulse	99	1989288	136416	1
A_HP_21	23	Pulse	99	2009288	156416	1
A_HP_21	23	Pulse	99	2029288	176416	1
A_HP_21	23	Pulse	99	2049288	196416	1
A_HP_21	23	Pulse	99	2069288	216416	1
A_HP_21	23	Pulse	99	2089288	236416	1
A_HP_21	23	Pulse	99	2109288	256416	1
A_HP_21	23	Pulse	99	2129288	276416	1
A_HP_21	23	Pulse	99	2149288	296416	1
A_HP_21	24	Response	3	2169288	6186	1
A_HP_21	24	Pulse	99	2169288	6186	1
A_HP_21	25	Picture	response55	2169902	230	1	40229	1	0	40000	hit	134
A_HP_21	25	Response	1	2177927	8255	1
A_HP_21	25	Pulse	99	2189288	19616	1
A_HP_21	25	Pulse	99	2209288	39616	1
A_HP_21	26	Picture	response52	2220360	288	1	40229	1	0	40000	hit	138
A_HP_21	26	Response	1	2226146	6075	1
A_HP_21	26	Pulse	99	2229287	9215	1
A_HP_21	26	Pulse	99	2249288	29216	1
A_HP_21	26	Pulse	99	2269288	49216	1
A_HP_21	27	Picture	response50	2270652	180	1	40229	1	0	40000	hit	143
A_HP_21	27	Response	2	2277767	7295	1
A_HP_21	27	Pulse	99	2289288	18816	1
A_HP_21	27	Pulse	99	2309288	38816	1
A_HP_21	28	Picture	response56	2321110	238	1	40229	1	0	40000	hit	147
A_HP_21	28	Response	1	2327726	6854	1
A_HP_21	28	Pulse	99	2329288	8416	1
A_HP_21	28	Pulse	99	2349288	28416	1
A_HP_21	28	Pulse	99	2369287	48416	1
A_HP_21	29	Picture	response49	2371401	130	1	40229	1	0	40000	hit	152
A_HP_21	29	Response	1	2377637	6365	1
A_HP_21	29	Pulse	99	2389287	18015	1
A_HP_21	29	Pulse	99	2409288	38016	1
A_HP_21	30	Picture	response54	2422026	354	1	40229	1	0	40000	hit	156
A_HP_21	30	Response	1	2428287	6614	1
A_HP_21	30	Pulse	99	2429287	7615	1
A_HP_21	30	Pulse	99	2449287	27615	1
A_HP_21	30	Pulse	99	2469288	47615	1
A_HP_21	31	Picture	response51	2472318	246	1	40229	1	0	40000	hit	161
A_HP_21	31	Response	2	2481506	9435	1
A_HP_21	31	Pulse	99	2489287	17216	1
A_HP_21	31	Pulse	99	2509288	37216	1
A_HP_21	32	Picture	response53	2522610	138	1	40230	1	0	40000	hit	165
A_HP_21	32	Response	2	2529257	6785	1
A_HP_21	32	Pulse	99	2529287	6815	1
A_HP_21	32	Pulse	99	2549288	26816	1
A_HP_21	32	Pulse	99	2569288	46816	1
A_HP_21	33	Picture	ins5	2573068	196	1	30229	1	0	30000	other	0
A_HP_21	33	Pulse	99	2589287	16415	1
A_HP_21	33	Pulse	99	2609288	36416	1
A_HP_21	33	Pulse	99	2629287	56415	1
A_HP_21	33	Pulse	99	2649287	76415	1
A_HP_21	33	Pulse	99	2669288	96416	1
A_HP_21	33	Pulse	99	2689288	116416	1
A_HP_21	33	Pulse	99	2709288	136416	1
A_HP_21	33	Pulse	99	2729288	156416	1
A_HP_21	33	Pulse	99	2749288	176416	1
A_HP_21	33	Pulse	99	2769288	196416	1
A_HP_21	33	Pulse	99	2789287	216415	1
A_HP_21	33	Pulse	99	2809287	236415	1
A_HP_21	33	Pulse	99	2829288	256416	1
A_HP_21	33	Pulse	99	2849287	276415	1
A_HP_21	33	Pulse	99	2869287	296415	1
A_HP_21	34	Response	3	2889288	6184	1
A_HP_21	34	Pulse	99	2889288	6184	1
A_HP_21	35	Picture	response34	2889902	230	1	40229	1	0	40000	hit	188
A_HP_21	35	Response	2	2898796	9125	1
A_HP_21	35	Pulse	99	2909287	19615	1
A_HP_21	35	Pulse	99	2929288	39616	1
A_HP_21	36	Picture	response38	2940360	288	1	40229	1	0	40000	hit	193
A_HP_21	36	Pulse	99	2949288	9216	1
A_HP_21	36	Response	1	2950295	10224	1
A_HP_21	36	Pulse	99	2969288	29216	1
A_HP_21	36	Pulse	99	2989287	49216	1
A_HP_21	37	Picture	response36	2990651	180	1	40229	1	0	40000	hit	197
A_HP_21	37	Response	2	2996726	6254	1
A_HP_21	37	Pulse	99	3009288	18816	1
A_HP_21	37	Pulse	99	3029287	38816	1
A_HP_21	38	Picture	response35	3041110	238	1	40229	1	0	40000	hit	202
A_HP_21	38	Pulse	99	3049288	8417	1
A_HP_21	38	Response	1	3051676	10804	1
A_HP_21	38	Pulse	99	3069288	28416	1
A_HP_21	38	Pulse	99	3089287	48416	1
A_HP_21	39	Picture	response39	3091401	130	1	40229	1	0	40000	hit	206
A_HP_21	39	Response	1	3097276	6005	1
A_HP_21	39	Pulse	99	3109287	18016	1
A_HP_21	39	Pulse	99	3129288	38016	1
A_HP_21	40	Picture	response33	3142026	355	1	40229	1	0	40000	hit	211
A_HP_21	40	Pulse	99	3149287	7616	1
A_HP_21	40	Response	2	3150106	8435	1
A_HP_21	40	Pulse	99	3169287	27616	1
A_HP_21	40	Pulse	99	3189287	47616	1
A_HP_21	41	Picture	response40	3192319	247	1	40229	1	0	40000	hit	215
A_HP_21	41	Response	2	3199046	6974	1
A_HP_21	41	Pulse	99	3209287	17215	1
A_HP_21	41	Pulse	99	3229287	37216	1
A_HP_21	42	Picture	response37	3242610	139	1	40229	1	0	40000	hit	220
A_HP_21	42	Pulse	99	3249287	6816	1
A_HP_21	42	Response	2	3253416	10945	1
A_HP_21	42	Pulse	99	3269287	26816	1
A_HP_21	42	Pulse	99	3289287	46816	1
A_HP_21	43	Picture	ins21	3293068	197	1	30229	1	0	30000	other	0
A_HP_21	43	Pulse	99	3309207	16336	1
A_HP_21	43	Pulse	99	3329287	36416	1
A_HP_21	43	Pulse	99	3349287	56416	1
A_HP_21	43	Pulse	99	3369207	76336	1
A_HP_21	43	Pulse	99	3389287	96416	1
A_HP_21	43	Pulse	99	3409287	116416	1
A_HP_21	43	Pulse	99	3429287	136416	1
A_HP_21	43	Pulse	99	3449287	156416	1
A_HP_21	43	Pulse	99	3469287	176416	1
A_HP_21	43	Pulse	99	3489287	196416	1
A_HP_21	43	Pulse	99	3509287	216416	1
A_HP_21	43	Pulse	99	3529287	236416	1
A_HP_21	43	Pulse	99	3549287	256416	1
A_HP_21	43	Pulse	99	3569287	276416	1
A_HP_21	43	Pulse	99	3589287	296416	1
A_HP_21	44	Response	3	3609287	6185	1
A_HP_21	44	Pulse	99	3609287	6185	1
A_HP_21	45	Picture	response163	3609901	230	1	40230	1	0	40000	hit	242
A_HP_21	45	Response	2	3624466	14795	1
A_HP_21	45	Pulse	99	3629287	19615	1
A_HP_21	45	Pulse	99	3649287	39616	1
A_HP_21	46	Picture	response166	3660360	289	1	40229	1	0	40000	hit	247
A_HP_21	46	Pulse	99	3669287	9216	1
A_HP_21	46	Response	1	3678976	18905	1
A_HP_21	46	Pulse	99	3689287	29216	1
A_HP_21	46	Pulse	99	3709287	49216	1
A_HP_21	47	Picture	response168	3710651	180	1	40229	1	0	40000	hit	251
A_HP_21	47	Response	2	3725256	14785	1
A_HP_21	47	Pulse	99	3729287	18816	1
A_HP_21	47	Pulse	99	3749207	38736	1
A_HP_21	48	Picture	response162	3761109	238	1	40229	1	0	40000	hit	256
A_HP_21	48	Pulse	99	3769287	8416	1
A_HP_21	48	Response	1	3772045	11174	1
A_HP_21	48	Pulse	99	3789287	28416	1
A_HP_21	48	Pulse	99	3809207	48336	1
A_HP_21	49	Picture	response164	3811400	130	1	40229	1	0	40000	hit	260
A_HP_21	49	Response	1	3826986	15715	1
A_HP_21	49	Pulse	99	3829287	18016	1
A_HP_21	49	Pulse	99	3849287	38016	1
A_HP_21	50	Picture	response165	3862025	355	1	40229	1	0	40000	hit	265
A_HP_21	50	Pulse	99	3869207	7536	1
A_HP_21	50	Response	1	3880886	19215	1
A_HP_21	50	Pulse	99	3889287	27616	1
A_HP_21	50	Pulse	99	3909287	47616	1
A_HP_21	51	Picture	response161	3912317	246	1	40229	1	0	40000	hit	269
A_HP_21	51	Response	2	3920886	8815	1
A_HP_21	51	Pulse	99	3929207	17136	1
A_HP_21	51	Pulse	99	3949287	37216	1
A_HP_21	52	Picture	response167	3962609	137	1	40230	1	0	40000	hit	274
A_HP_21	52	Pulse	99	3969287	6816	1
A_HP_21	52	Response	2	3976296	13824	1
A_HP_21	52	Pulse	99	3989207	26736	1
A_HP_21	52	Pulse	99	4009287	46816	1
A_HP_21	53	Picture	ins23	4013067	197	1	30229	1	0	30000	other	0
A_HP_21	53	Pulse	99	4029287	16416	1
A_HP_21	53	Pulse	99	4049287	36416	1
A_HP_21	53	Pulse	99	4069287	56416	1
A_HP_21	53	Pulse	99	4089287	76416	1
A_HP_21	53	Pulse	99	4109287	96416	1
A_HP_21	53	Pulse	99	4129287	116416	1
A_HP_21	53	Pulse	99	4149287	136416	1
A_HP_21	53	Pulse	99	4169287	156416	1
A_HP_21	53	Pulse	99	4189207	176336	1
A_HP_21	53	Pulse	99	4209287	196416	1
A_HP_21	53	Pulse	99	4229287	216416	1
A_HP_21	53	Pulse	99	4249207	236336	1
A_HP_21	53	Pulse	99	4269287	256416	1
A_HP_21	53	Pulse	99	4289287	276416	1
A_HP_21	53	Pulse	99	4309207	296336	1
A_HP_21	54	Response	3	4329287	6185	1
A_HP_21	54	Pulse	99	4329287	6185	1
A_HP_21	55	Picture	response177	4329900	230	1	40229	1	0	40000	hit	296
A_HP_21	55	Response	2	4345066	15395	1
A_HP_21	55	Pulse	99	4349286	19615	1
A_HP_21	55	Pulse	99	4369207	39536	1
A_HP_21	56	Picture	response180	4380359	288	1	40229	1	0	40000	hit	301
A_HP_21	56	Pulse	99	4389287	9216	1
A_HP_21	56	Response	1	4402006	21935	1
A_HP_21	56	Pulse	99	4409286	29216	1
A_HP_21	56	Pulse	99	4429207	49136	1
A_HP_21	57	Picture	response178	4430650	180	1	40229	1	0	40000	hit	305
A_HP_21	57	Response	1	4447415	16945	1
A_HP_21	57	Pulse	99	4449286	18815	1
A_HP_21	57	Pulse	99	4469287	38816	1
A_HP_21	58	Picture	response182	4481108	238	1	40229	1	0	40000	hit	310
A_HP_21	58	Pulse	99	4489207	8336	1
A_HP_21	58	Response	2	4492495	11625	1
A_HP_21	58	Pulse	99	4509287	28416	1
A_HP_21	58	Pulse	99	4529286	48416	1
A_HP_21	59	Picture	response183	4531400	129	1	40229	1	0	40000	hit	315
A_HP_21	59	Pulse	99	4549207	17936	1
A_HP_21	59	Response	1	4556755	25485	1
A_HP_21	59	Pulse	99	4569287	38016	1
A_HP_21	60	Picture	response184	4582025	354	1	40229	1	0	40000	hit	319
A_HP_21	60	Pulse	99	4589286	7616	1
A_HP_21	60	Response	1	4592805	11134	1
A_HP_21	60	Pulse	99	4609206	27536	1
A_HP_21	60	Pulse	99	4629206	47536	1
A_HP_21	61	Picture	response179	4632317	246	1	40230	1	0	40000	hit	324
A_HP_21	61	Pulse	99	4649287	17216	1
A_HP_21	61	Response	2	4651505	19434	1
A_HP_21	61	Pulse	99	4669286	37216	1
A_HP_21	62	Picture	response181	4682608	138	1	40229	1	0	40000	hit	328
A_HP_21	62	Pulse	99	4689206	6736	1
A_HP_21	62	Response	2	4696085	13614	1
A_HP_21	62	Pulse	99	4709287	26816	1
A_HP_21	62	Pulse	99	4729286	46816	1
A_HP_21	63	Picture	thanks	4732567	0	1	10229	1	0	10000	other	0
A_HP_21	63	Pulse	99	4749207	16640	1


Event Type	Code	Type	Response	RT	RT Uncertainty	Time	Uncertainty	Duration	Uncertainty	ReqTime	ReqDur

Picture	ready	other				349521	1	10230	1	0	10000
Picture	ins15	other				410106	1	30230	1	0	30000
Picture	response116	hit	1	11364	2	729903	1	40230	1	0	40000
Picture	response114	hit	1	18466	2	780361	1	40230	1	0	40000
Picture	response118	hit	2	9914	2	830653	1	40229	1	0	40000
Picture	response119	hit	2	9084	2	881112	1	40229	1	0	40000
Picture	response113	hit	2	11114	2	931403	1	40229	1	0	40000
Picture	response117	hit	1	13589	2	982028	1	40229	1	0	40000
Picture	response120	hit	2	13538	2	1032319	1	40229	1	0	40000
Picture	response115	hit	2	6986	2	1082611	1	40229	1	0	40000
Picture	ins13	other				1133069	1	30229	1	0	30000
Picture	response103	hit	1	16495	2	1449902	1	40229	1	0	40000
Picture	response102	hit	2	12166	2	1500360	1	40229	1	0	40000
Picture	response101	hit	1	9045	2	1550652	1	40229	1	0	40000
Picture	response100	hit	2	10176	2	1601110	1	40229	1	0	40000
Picture	response98	hit	2	8306	2	1651401	1	40229	1	0	40000
Picture	response99	hit	1	24661	2	1702026	1	40229	1	0	40000
Picture	response104	hit	1	7349	2	1752318	1	40229	1	0	40000
Picture	response97	hit	1	9567	2	1802609	1	40229	1	0	40000
Picture	ins7	other				1853068	1	30229	1	0	30000
Picture	response55	hit	1	8025	2	2169902	1	40229	1	0	40000
Picture	response52	hit	1	5786	2	2220360	1	40229	1	0	40000
Picture	response50	hit	2	7115	2	2270652	1	40229	1	0	40000
Picture	response56	hit	1	6616	2	2321110	1	40229	1	0	40000
Picture	response49	hit	1	6235	2	2371401	1	40229	1	0	40000
Picture	response54	hit	1	6260	2	2422026	1	40229	1	0	40000
Picture	response51	hit	2	9188	2	2472318	1	40229	1	0	40000
Picture	response53	hit	2	6647	2	2522610	1	40230	1	0	40000
Picture	ins5	other				2573068	1	30229	1	0	30000
Picture	response34	hit	2	8895	2	2889902	1	40229	1	0	40000
Picture	response38	hit	1	9936	2	2940360	1	40229	1	0	40000
Picture	response36	hit	2	6075	2	2990651	1	40229	1	0	40000
Picture	response35	hit	1	10566	2	3041110	1	40229	1	0	40000
Picture	response39	hit	1	5875	2	3091401	1	40229	1	0	40000
Picture	response33	hit	2	8080	2	3142026	1	40229	1	0	40000
Picture	response40	hit	2	6728	2	3192319	1	40229	1	0	40000
Picture	response37	hit	2	10806	2	3242610	1	40229	1	0	40000
Picture	ins21	other				3293068	1	30229	1	0	30000
Picture	response163	hit	2	14565	2	3609901	1	40230	1	0	40000
Picture	response166	hit	1	18617	2	3660360	1	40229	1	0	40000
Picture	response168	hit	2	14605	2	3710651	1	40229	1	0	40000
Picture	response162	hit	1	10936	2	3761109	1	40229	1	0	40000
Picture	response164	hit	1	15585	2	3811400	1	40229	1	0	40000
Picture	response165	hit	1	18860	2	3862025	1	40229	1	0	40000
Picture	response161	hit	2	8569	2	3912317	1	40229	1	0	40000
Picture	response167	hit	2	13687	2	3962609	1	40230	1	0	40000
Picture	ins23	other				4013067	1	30229	1	0	30000
Picture	response177	hit	2	15165	2	4329900	1	40229	1	0	40000
Picture	response180	hit	1	21647	2	4380359	1	40229	1	0	40000
Picture	response178	hit	1	16765	2	4430650	1	40229	1	0	40000
Picture	response182	hit	2	11387	2	4481108	1	40229	1	0	40000
Picture	response183	hit	1	25355	2	4531400	1	40229	1	0	40000
Picture	response184	hit	1	10780	2	4582025	1	40229	1	0	40000
Picture	response179	hit	2	19188	2	4632317	1	40230	1	0	40000
Picture	response181	hit	2	13477	2	4682608	1	40229	1	0	40000
Picture	thanks	other				4732567	1	10229	1	0	10000


{
   "app": "Presentation Version 21.0 Build 06.06.19",
   "device": "LENOVO 20KHCTO1WW",
   "experiment": "{C0C68DB1-10BA-42F2-8F79-3F2AFFEED4E4}",
   "os": "Windows 10 64 bit",
   "package": "",
   "parameters": {
      "configuration": "Default configuration"
   },
   "scenario": "Feature experiment(2).sce",
   "subject": "A_HP_21",
   "timestamp": "2019/10/18 03:48:51 GMT"
}
