Scenario - 
Logfile written - 12/04/2019 16:01:16

Subject	Trial	Event Type	Code	Time	TTime	Uncertainty	Duration	Uncertainty	ReqTime	ReqDur	Stim Type	Pair Index

A_HP_37	1	Response	3	783865	782866	1
A_HP_37	1	Pulse	99	783865	782866	1
A_HP_37	2	Picture	ready	784097	0	1	10229	1	0	10000	other	0
A_HP_37	2	Pulse	99	803785	19689	1
A_HP_37	2	Pulse	99	823786	39689	1
A_HP_37	2	Pulse	99	843865	59768	1
A_HP_37	3	Picture	ins16	844716	234	1	30229	1	0	30000	other	0
A_HP_37	3	Pulse	99	863785	19303	1
A_HP_37	3	Pulse	99	883786	39303	1
A_HP_37	3	Pulse	99	903865	59383	1
A_HP_37	3	Pulse	99	923786	79303	1
A_HP_37	3	Pulse	99	943786	99303	1
A_HP_37	3	Pulse	99	963785	119303	1
A_HP_37	3	Pulse	99	983786	139303	1
A_HP_37	3	Pulse	99	1003786	159303	1
A_HP_37	3	Pulse	99	1023786	179303	1
A_HP_37	3	Pulse	99	1043786	199303	1
A_HP_37	3	Pulse	99	1063786	219303	1
A_HP_37	3	Pulse	99	1083786	239303	1
A_HP_37	3	Pulse	99	1103786	259303	1
A_HP_37	3	Pulse	99	1123785	279303	1
A_HP_37	3	Pulse	99	1143785	299303	1
A_HP_37	4	Response	3	1163785	9072	1
A_HP_37	4	Pulse	99	1163785	9072	1
A_HP_37	5	Picture	response125	1164411	230	1	40229	1	0	40000	hit	27
A_HP_37	5	Pulse	99	1183785	19604	1
A_HP_37	5	Response	1	1193354	29173	1
A_HP_37	5	Pulse	99	1203785	39604	1
A_HP_37	6	Picture	response122	1214703	122	1	40230	1	0	40000	hit	30
A_HP_37	6	Response	1	1222924	8343	1
A_HP_37	6	Pulse	99	1223785	9203	1
A_HP_37	6	Pulse	99	1243785	29204	1
A_HP_37	6	Pulse	99	1263785	49204	1
A_HP_37	7	Picture	response121	1265162	180	1	40229	1	0	40000	hit	35
A_HP_37	7	Response	2	1277924	12943	1
A_HP_37	7	Pulse	99	1283785	18804	1
A_HP_37	7	Pulse	99	1303785	38804	1
A_HP_37	8	Picture	response127	1315620	238	1	40229	1	0	40000	incorrect	40
A_HP_37	8	Pulse	99	1323786	8403	1
A_HP_37	8	Response	1	1325703	10321	1
A_HP_37	8	Pulse	99	1343785	28403	1
A_HP_37	8	Pulse	99	1363785	48403	1
A_HP_37	9	Picture	response124	1366078	296	1	40396	1	0	40000	hit	44
A_HP_37	9	Response	1	1378614	12832	1
A_HP_37	9	Pulse	99	1383786	18003	1
A_HP_37	9	Pulse	99	1403785	38003	1
A_HP_37	10	Picture	response128	1416370	188	1	40229	1	0	40000	hit	49
A_HP_37	10	Pulse	99	1423785	7604	1
A_HP_37	10	Response	2	1427974	11792	1
A_HP_37	10	Pulse	99	1443785	27603	1
A_HP_37	10	Pulse	99	1463785	47603	1
A_HP_37	11	Picture	response126	1466661	80	1	40229	1	0	40000	hit	54
A_HP_37	11	Pulse	99	1483785	17203	1
A_HP_37	11	Response	2	1500214	33632	1
A_HP_37	11	Pulse	99	1503784	37202	1
A_HP_37	12	Picture	response123	1517286	305	1	40229	1	0	40000	incorrect	59
A_HP_37	12	Pulse	99	1523785	6804	1
A_HP_37	12	Pulse	99	1543785	26804	1
A_HP_37	12	Response	1	1546613	29632	1
A_HP_37	12	Pulse	99	1563785	46804	1
A_HP_37	13	Picture	ins8	1567578	196	1	30229	1	0	30000	other	0
A_HP_37	13	Pulse	99	1583786	16404	1
A_HP_37	13	Pulse	99	1603785	36403	1
A_HP_37	13	Pulse	99	1623785	56403	1
A_HP_37	13	Pulse	99	1643785	76404	1
A_HP_37	13	Pulse	99	1663785	96403	1
A_HP_37	13	Pulse	99	1683785	116403	1
A_HP_37	13	Pulse	99	1703785	136403	1
A_HP_37	13	Pulse	99	1723785	156403	1
A_HP_37	13	Pulse	99	1743785	176403	1
A_HP_37	13	Pulse	99	1763785	196403	1
A_HP_37	13	Pulse	99	1783785	216403	1
A_HP_37	13	Pulse	99	1803785	236403	1
A_HP_37	13	Pulse	99	1823785	256403	1
A_HP_37	13	Pulse	99	1843785	276403	1
A_HP_37	13	Pulse	99	1863785	296403	1
A_HP_37	14	Response	3	1883785	6173	1
A_HP_37	14	Pulse	99	1883785	6173	1
A_HP_37	15	Picture	response61	1884412	230	1	40396	1	0	40000	hit	80
A_HP_37	15	Response	2	1893394	9212	1
A_HP_37	15	Pulse	99	1903785	19604	1
A_HP_37	15	Pulse	99	1923785	39604	1
A_HP_37	16	Picture	response62	1934703	122	1	40229	1	0	40000	hit	85
A_HP_37	16	Pulse	99	1943785	9203	1
A_HP_37	16	Response	1	1948594	14012	1
A_HP_37	16	Pulse	99	1963785	29204	1
A_HP_37	16	Pulse	99	1983785	49204	1
A_HP_37	17	Picture	response63	1985162	180	1	40229	1	0	40000	hit	89
A_HP_37	17	Response	1	1992694	7712	1
A_HP_37	17	Pulse	99	2003785	18803	1
A_HP_37	17	Pulse	99	2023785	38803	1
A_HP_37	18	Picture	response60	2035619	238	1	40230	1	0	40000	hit	94
A_HP_37	18	Pulse	99	2043785	8404	1
A_HP_37	18	Response	1	2044393	9011	1
A_HP_37	18	Pulse	99	2063785	28403	1
A_HP_37	18	Pulse	99	2083785	48403	1
A_HP_37	19	Picture	response58	2086078	296	1	40229	1	0	40000	hit	98
A_HP_37	19	Response	2	2093324	7542	1
A_HP_37	19	Pulse	99	2103785	18004	1
A_HP_37	19	Pulse	99	2123785	38004	1
A_HP_37	20	Picture	response64	2136369	188	1	40229	1	0	40000	hit	103
A_HP_37	20	Pulse	99	2143785	7604	1
A_HP_37	20	Response	1	2146494	10312	1
A_HP_37	20	Pulse	99	2163785	27604	1
A_HP_37	20	Pulse	99	2183785	47604	1
A_HP_37	21	Picture	response59	2186660	78	1	40229	1	0	40000	hit	108
A_HP_37	21	Pulse	99	2203785	17203	1
A_HP_37	21	Response	2	2210604	24022	1
A_HP_37	21	Pulse	99	2223785	37203	1
A_HP_37	22	Picture	response57	2237285	303	1	40229	1	0	40000	hit	111
A_HP_37	22	Response	1	2243734	6752	1
A_HP_37	22	Pulse	99	2243784	6803	1
A_HP_37	22	Pulse	99	2263785	26803	1
A_HP_37	22	Pulse	99	2283785	46803	1
A_HP_37	23	Picture	ins6	2287576	194	1	30229	1	0	30000	other	0
A_HP_37	23	Pulse	99	2303785	16403	1
A_HP_37	23	Pulse	99	2323785	36403	1
A_HP_37	23	Pulse	99	2343785	56403	1
A_HP_37	23	Pulse	99	2363785	76403	1
A_HP_37	23	Pulse	99	2383785	96403	1
A_HP_37	23	Pulse	99	2403785	116403	1
A_HP_37	23	Pulse	99	2423785	136403	1
A_HP_37	23	Pulse	99	2443785	156404	1
A_HP_37	23	Pulse	99	2463785	176403	1
A_HP_37	23	Pulse	99	2483785	196403	1
A_HP_37	23	Pulse	99	2503785	216403	1
A_HP_37	23	Pulse	99	2523785	236403	1
A_HP_37	23	Pulse	99	2543785	256403	1
A_HP_37	23	Pulse	99	2563785	276403	1
A_HP_37	23	Pulse	99	2583785	296403	1
A_HP_37	24	Response	3	2603785	6173	1
A_HP_37	24	Pulse	99	2603785	6173	1
A_HP_37	25	Picture	response47	2604412	230	1	40395	1	0	40000	hit	134
A_HP_37	25	Response	1	2616774	12592	1
A_HP_37	25	Pulse	99	2623785	19604	1
A_HP_37	25	Pulse	99	2643785	39603	1
A_HP_37	26	Picture	response46	2654703	121	1	40229	1	0	40000	hit	139
A_HP_37	26	Pulse	99	2663785	9203	1
A_HP_37	26	Response	1	2664762	10181	1
A_HP_37	26	Pulse	99	2683785	29203	1
A_HP_37	26	Pulse	99	2703784	49203	1
A_HP_37	27	Picture	response44	2705160	180	1	40230	1	0	40000	hit	143
A_HP_37	27	Response	2	2712844	7864	1
A_HP_37	27	Pulse	99	2723785	18804	1
A_HP_37	27	Pulse	99	2743784	38804	1
A_HP_37	28	Picture	response45	2755619	238	1	40229	1	0	40000	hit	148
A_HP_37	28	Pulse	99	2763785	8404	1
A_HP_37	28	Response	2	2766033	10652	1
A_HP_37	28	Pulse	99	2783785	28403	1
A_HP_37	28	Pulse	99	2803785	48404	1
A_HP_37	29	Picture	response42	2806077	295	1	40229	1	0	40000	hit	152
A_HP_37	29	Response	2	2814043	8262	1
A_HP_37	29	Pulse	99	2823785	18003	1
A_HP_37	29	Pulse	99	2843785	38003	1
A_HP_37	30	Picture	response48	2856368	187	1	40230	1	0	40000	hit	156
A_HP_37	30	Response	2	2863694	7513	1
A_HP_37	30	Pulse	99	2863784	7603	1
A_HP_37	30	Pulse	99	2883785	27603	1
A_HP_37	30	Pulse	99	2903785	47604	1
A_HP_37	31	Picture	response43	2906660	79	1	40229	1	0	40000	hit	161
A_HP_37	31	Response	1	2914473	7892	1
A_HP_37	31	Pulse	99	2923785	17204	1
A_HP_37	31	Pulse	99	2943785	37204	1
A_HP_37	32	Picture	response41	2957285	304	1	40230	1	0	40000	hit	165
A_HP_37	32	Response	2	2963444	6462	1
A_HP_37	32	Pulse	99	2963784	6803	1
A_HP_37	32	Pulse	99	2983785	26803	1
A_HP_37	32	Pulse	99	3003785	46803	1
A_HP_37	33	Picture	ins14	3007577	196	1	30229	1	0	30000	other	0
A_HP_37	33	Pulse	99	3023785	16404	1
A_HP_37	33	Pulse	99	3043785	36403	1
A_HP_37	33	Pulse	99	3063785	56404	1
A_HP_37	33	Pulse	99	3083785	76404	1
A_HP_37	33	Pulse	99	3103785	96404	1
A_HP_37	33	Pulse	99	3123785	116403	1
A_HP_37	33	Pulse	99	3143785	136403	1
A_HP_37	33	Pulse	99	3163785	156403	1
A_HP_37	33	Pulse	99	3183784	176403	1
A_HP_37	33	Pulse	99	3203785	196404	1
A_HP_37	33	Pulse	99	3223785	216403	1
A_HP_37	33	Pulse	99	3243784	236403	1
A_HP_37	33	Pulse	99	3263784	256403	1
A_HP_37	33	Pulse	99	3283785	276403	1
A_HP_37	33	Pulse	99	3303784	296403	1
A_HP_37	34	Response	3	3323785	6173	1
A_HP_37	34	Pulse	99	3323785	6173	1
A_HP_37	35	Picture	response110	3324411	230	1	40396	1	0	40000	hit	188
A_HP_37	35	Response	2	3335383	11202	1
A_HP_37	35	Pulse	99	3343784	19603	1
A_HP_37	35	Pulse	99	3363784	39603	1
A_HP_37	36	Picture	response106	3374703	122	1	40230	1	0	40000	hit	192
A_HP_37	36	Response	2	3380443	5862	1
A_HP_37	36	Pulse	99	3383784	9203	1
A_HP_37	36	Pulse	99	3403785	29204	1
A_HP_37	36	Pulse	99	3423784	49203	1
A_HP_37	37	Picture	response107	3425161	180	1	40229	1	0	40000	hit	197
A_HP_37	37	Response	1	3434763	9782	1
A_HP_37	37	Pulse	99	3443784	18803	1
A_HP_37	37	Pulse	99	3463784	38803	1
A_HP_37	38	Picture	response112	3475619	238	1	40229	1	0	40000	hit	201
A_HP_37	38	Response	1	3482893	7512	1
A_HP_37	38	Pulse	99	3483784	8403	1
A_HP_37	38	Pulse	99	3503784	28403	1
A_HP_37	38	Pulse	99	3523784	48403	1
A_HP_37	39	Picture	response108	3526077	296	1	40396	1	0	40000	hit	206
A_HP_37	39	Response	2	3539883	14102	1
A_HP_37	39	Pulse	99	3543784	18003	1
A_HP_37	39	Pulse	99	3563785	38004	1
A_HP_37	40	Picture	response105	3576369	188	1	40229	1	0	40000	hit	211
A_HP_37	40	Pulse	99	3583784	7603	1
A_HP_37	40	Response	1	3588062	11881	1
A_HP_37	40	Pulse	99	3603784	27603	1
A_HP_37	40	Pulse	99	3623784	47603	1
A_HP_37	41	Picture	response111	3626659	79	1	40229	1	0	40000	hit	216
A_HP_37	41	Pulse	99	3643785	17204	1
A_HP_37	41	Response	1	3652713	26132	1
A_HP_37	41	Pulse	99	3663784	37204	1
A_HP_37	42	Picture	response109	3677284	303	1	40229	1	0	40000	incorrect	220
A_HP_37	42	Pulse	99	3683784	6803	1
A_HP_37	42	Response	2	3684392	7411	1
A_HP_37	42	Pulse	99	3703784	26803	1
A_HP_37	42	Pulse	99	3723784	46803	1
A_HP_37	43	Picture	ins24	3727575	194	1	30230	1	0	30000	other	0
A_HP_37	43	Pulse	99	3743785	16404	1
A_HP_37	43	Pulse	99	3763784	36403	1
A_HP_37	43	Pulse	99	3783784	56403	1
A_HP_37	43	Pulse	99	3803784	76403	1
A_HP_37	43	Pulse	99	3823784	96403	1
A_HP_37	43	Pulse	99	3843784	116403	1
A_HP_37	43	Pulse	99	3863784	136403	1
A_HP_37	43	Pulse	99	3883784	156403	1
A_HP_37	43	Pulse	99	3903784	176403	1
A_HP_37	43	Pulse	99	3923785	196404	1
A_HP_37	43	Pulse	99	3943784	216403	1
A_HP_37	43	Pulse	99	3963784	236403	1
A_HP_37	43	Pulse	99	3983784	256403	1
A_HP_37	43	Pulse	99	4003784	276403	1
A_HP_37	43	Pulse	99	4023784	296403	1
A_HP_37	44	Response	3	4043784	6173	1
A_HP_37	44	Pulse	99	4043784	6173	1
A_HP_37	45	Picture	response190	4044410	230	1	40396	1	0	40000	hit	243
A_HP_37	45	Pulse	99	4063784	19603	1
A_HP_37	45	Response	2	4067542	23362	1
A_HP_37	45	Pulse	99	4083784	39603	1
A_HP_37	46	Picture	response189	4094702	122	1	40229	1	0	40000	hit	247
A_HP_37	46	Pulse	99	4103785	9204	1
A_HP_37	46	Response	2	4107323	12742	1
A_HP_37	46	Pulse	99	4123784	29203	1
A_HP_37	46	Pulse	99	4143784	49203	1
A_HP_37	47	Picture	response188	4145161	180	1	40229	1	0	40000	incorrect	252
A_HP_37	47	Pulse	99	4163784	18803	1
A_HP_37	47	Response	2	4166432	21451	1
A_HP_37	47	Pulse	99	4183784	38803	1
A_HP_37	48	Picture	response192	4195618	238	1	40230	1	0	40000	hit	257
A_HP_37	48	Pulse	99	4203784	8403	1
A_HP_37	48	Pulse	99	4223784	28403	1
A_HP_37	48	Response	1	4225192	29811	1
A_HP_37	48	Pulse	99	4243784	48403	1
A_HP_37	49	Picture	response186	4246077	296	1	40396	1	0	40000	incorrect	261
A_HP_37	49	Pulse	99	4263784	18003	1
A_HP_37	49	Response	2	4265542	19761	1
A_HP_37	49	Pulse	99	4283784	38003	1
A_HP_37	50	Picture	response185	4296369	188	1	40230	1	0	40000	hit	265
A_HP_37	50	Pulse	99	4303784	7603	1
A_HP_37	50	Response	2	4310703	14522	1
A_HP_37	50	Pulse	99	4323784	27603	1
A_HP_37	50	Pulse	99	4343784	47603	1
A_HP_37	51	Picture	response187	4346661	80	1	40229	1	0	40000	incorrect	270
A_HP_37	51	Pulse	99	4363784	17203	1
A_HP_37	51	Response	1	4368233	21652	1
A_HP_37	51	Pulse	99	4383784	37203	1
A_HP_37	52	Picture	response191	4397285	304	1	40229	1	0	40000	incorrect	274
A_HP_37	52	Pulse	99	4403785	6804	1
A_HP_37	52	Response	2	4413983	17002	1
A_HP_37	52	Pulse	99	4423784	26804	1
A_HP_37	52	Pulse	99	4443784	46803	1
A_HP_37	53	Picture	ins22	4447577	197	1	30396	1	0	30000	other	0
A_HP_37	53	Pulse	99	4463784	16404	1
A_HP_37	53	Pulse	99	4483784	36404	1
A_HP_37	53	Pulse	99	4503784	56405	1
A_HP_37	53	Pulse	99	4523784	76404	1
A_HP_37	53	Pulse	99	4543784	96404	1
A_HP_37	53	Pulse	99	4563784	116404	1
A_HP_37	53	Pulse	99	4583784	136404	1
A_HP_37	53	Pulse	99	4603784	156404	1
A_HP_37	53	Pulse	99	4623784	176404	1
A_HP_37	53	Pulse	99	4643784	196404	1
A_HP_37	53	Pulse	99	4663784	216404	1
A_HP_37	53	Pulse	99	4683784	236404	1
A_HP_37	53	Pulse	99	4703784	256405	1
A_HP_37	53	Pulse	99	4723784	276404	1
A_HP_37	53	Pulse	99	4743784	296404	1
A_HP_37	54	Response	3	4763784	6174	1
A_HP_37	54	Pulse	99	4763784	6174	1
A_HP_37	55	Picture	response171	4764410	230	1	40396	1	0	40000	hit	296
A_HP_37	55	Response	2	4780042	15862	1
A_HP_37	55	Pulse	99	4783783	19603	1
A_HP_37	55	Pulse	99	4803784	39603	1
A_HP_37	56	Picture	response174	4814702	121	1	40229	1	0	40000	hit	301
A_HP_37	56	Pulse	99	4823784	9204	1
A_HP_37	56	Response	1	4826922	12342	1
A_HP_37	56	Pulse	99	4843784	29203	1
A_HP_37	56	Pulse	99	4863784	49203	1
A_HP_37	57	Picture	response175	4865160	181	1	40229	1	0	40000	hit	305
A_HP_37	57	Response	2	4877532	12553	1
A_HP_37	57	Pulse	99	4883783	18804	1
A_HP_37	57	Pulse	99	4903784	38805	1
A_HP_37	58	Picture	response169	4915617	237	1	40229	1	0	40000	hit	310
A_HP_37	58	Pulse	99	4923784	8403	1
A_HP_37	58	Response	2	4929822	14442	1
A_HP_37	58	Pulse	99	4943784	28403	1
A_HP_37	58	Pulse	99	4963784	48403	1
A_HP_37	59	Picture	response175	4966075	295	1	40229	1	0	40000	hit	315
A_HP_37	59	Pulse	99	4983784	18004	1
A_HP_37	59	Response	2	4991622	25842	1
A_HP_37	59	Pulse	99	5003784	38003	1
A_HP_37	60	Picture	response170	5016367	186	1	40229	1	0	40000	hit	319
A_HP_37	60	Pulse	99	5023784	7604	1
A_HP_37	60	Response	1	5029392	13212	1
A_HP_37	60	Pulse	99	5043784	27603	1
A_HP_37	60	Pulse	99	5063784	47604	1
A_HP_37	61	Picture	response172	5066658	77	1	40229	1	0	40000	incorrect	324
A_HP_37	61	Pulse	99	5083784	17203	1
A_HP_37	61	Response	2	5092602	26022	1
A_HP_37	61	Pulse	99	5103783	37203	1
A_HP_37	62	Picture	response173	5117283	303	1	40229	1	0	40000	hit	328
A_HP_37	62	Pulse	99	5123784	6804	1
A_HP_37	62	Response	1	5141542	24562	1
A_HP_37	62	Pulse	99	5143783	26803	1
A_HP_37	62	Pulse	99	5163783	46803	1
A_HP_37	63	Picture	thanks	5167242	0	1	10229	1	0	10000	other	0
A_HP_37	63	Pulse	99	5183783	16542	1


Event Type	Code	Type	Response	RT	RT Uncertainty	Time	Uncertainty	Duration	Uncertainty	ReqTime	ReqDur

Picture	ready	other				784097	1	10229	1	0	10000
Picture	ins16	other				844716	1	30229	1	0	30000
Picture	response125	hit	1	28943	2	1164411	1	40229	1	0	40000
Picture	response122	hit	1	8221	2	1214703	1	40230	1	0	40000
Picture	response121	hit	2	12762	2	1265162	1	40229	1	0	40000
Picture	response127	incorrect	1	10083	2	1315620	1	40229	1	0	40000
Picture	response124	hit	1	12536	2	1366078	1	40396	1	0	40000
Picture	response128	hit	2	11604	2	1416370	1	40229	1	0	40000
Picture	response126	hit	2	33552	2	1466661	1	40229	1	0	40000
Picture	response123	incorrect	1	29327	2	1517286	1	40229	1	0	40000
Picture	ins8	other				1567578	1	30229	1	0	30000
Picture	response61	hit	2	8982	2	1884412	1	40396	1	0	40000
Picture	response62	hit	1	13890	2	1934703	1	40229	1	0	40000
Picture	response63	hit	1	7532	2	1985162	1	40229	1	0	40000
Picture	response60	hit	1	8774	2	2035619	1	40230	1	0	40000
Picture	response58	hit	2	7246	2	2086078	1	40229	1	0	40000
Picture	response64	hit	1	10125	2	2136369	1	40229	1	0	40000
Picture	response59	hit	2	23944	2	2186660	1	40229	1	0	40000
Picture	response57	hit	1	6449	2	2237285	1	40229	1	0	40000
Picture	ins6	other				2287576	1	30229	1	0	30000
Picture	response47	hit	1	12362	2	2604412	1	40395	1	0	40000
Picture	response46	hit	1	10060	2	2654703	1	40229	1	0	40000
Picture	response44	hit	2	7684	2	2705160	1	40230	1	0	40000
Picture	response45	hit	2	10414	2	2755619	1	40229	1	0	40000
Picture	response42	hit	2	7967	2	2806077	1	40229	1	0	40000
Picture	response48	hit	2	7325	2	2856368	1	40230	1	0	40000
Picture	response43	hit	1	7813	2	2906660	1	40229	1	0	40000
Picture	response41	hit	2	6158	2	2957285	1	40230	1	0	40000
Picture	ins14	other				3007577	1	30229	1	0	30000
Picture	response110	hit	2	10972	2	3324411	1	40396	1	0	40000
Picture	response106	hit	2	5741	2	3374703	1	40230	1	0	40000
Picture	response107	hit	1	9602	2	3425161	1	40229	1	0	40000
Picture	response112	hit	1	7274	2	3475619	1	40229	1	0	40000
Picture	response108	hit	2	13806	2	3526077	1	40396	1	0	40000
Picture	response105	hit	1	11694	2	3576369	1	40229	1	0	40000
Picture	response111	hit	1	26054	2	3626659	1	40229	1	0	40000
Picture	response109	incorrect	2	7108	2	3677284	1	40229	1	0	40000
Picture	ins24	other				3727575	1	30230	1	0	30000
Picture	response190	hit	2	23132	2	4044410	1	40396	1	0	40000
Picture	response189	hit	2	12620	2	4094702	1	40229	1	0	40000
Picture	response188	incorrect	2	21271	2	4145161	1	40229	1	0	40000
Picture	response192	hit	1	29574	2	4195618	1	40230	1	0	40000
Picture	response186	incorrect	2	19465	2	4246077	1	40396	1	0	40000
Picture	response185	hit	2	14334	2	4296369	1	40230	1	0	40000
Picture	response187	incorrect	1	21572	2	4346661	1	40229	1	0	40000
Picture	response191	incorrect	2	16698	2	4397285	1	40229	1	0	40000
Picture	ins22	other				4447577	1	30396	1	0	30000
Picture	response171	hit	2	15632	2	4764410	1	40396	1	0	40000
Picture	response174	hit	1	12220	2	4814702	1	40229	1	0	40000
Picture	response175	hit	2	12373	2	4865160	1	40229	1	0	40000
Picture	response169	hit	2	14205	2	4915617	1	40229	1	0	40000
Picture	response175	hit	2	25547	2	4966075	1	40229	1	0	40000
Picture	response170	hit	1	13026	2	5016367	1	40229	1	0	40000
Picture	response172	incorrect	2	25944	2	5066658	1	40229	1	0	40000
Picture	response173	hit	1	24259	2	5117283	1	40229	1	0	40000
Picture	thanks	other				5167242	1	10229	1	0	10000


{
   "app": "Presentation Version 21.0 Build 06.06.19",
   "device": "LENOVO 20KHCTO1WW",
   "experiment": "{C0C68DB1-10BA-42F2-8F79-3F2AFFEED4E4}",
   "os": "Windows 10 64 bit",
   "package": "",
   "parameters": {
      "configuration": "Default configuration"
   },
   "scenario": "Feature experiment(4).sce",
   "subject": "A_HP_37",
   "timestamp": "2019/12/04 06:52:28 GMT"
}
