Scenario - 
Logfile written - 12/19/2019 14:38:42

Subject	Trial	Event Type	Code	Time	TTime	Uncertainty	Duration	Uncertainty	ReqTime	ReqDur	Stim Type	Pair Index

A_HP_41	1	Response	3	405509	404737	1
A_HP_41	1	Pulse	99	405509	404737	1
A_HP_41	2	Picture	ready	405589	0	1	10162	1	0	10000	other	0
A_HP_41	2	Pulse	99	425509	19920	1
A_HP_41	2	Pulse	99	445509	39920	1
A_HP_41	2	Pulse	99	465509	59920	1
A_HP_41	3	Picture	ins22	466062	71	1	30153	1	0	30000	other	0
A_HP_41	3	Pulse	99	485509	19518	1
A_HP_41	3	Pulse	99	505509	39518	1
A_HP_41	3	Pulse	99	525509	59518	1
A_HP_41	3	Pulse	99	545509	79519	1
A_HP_41	3	Pulse	99	565509	99518	1
A_HP_41	3	Pulse	99	585509	119518	1
A_HP_41	3	Pulse	99	605509	139518	1
A_HP_41	3	Pulse	99	625509	159518	1
A_HP_41	3	Pulse	99	645509	179518	1
A_HP_41	3	Pulse	99	665429	199438	1
A_HP_41	3	Pulse	99	685509	219519	1
A_HP_41	3	Pulse	99	705509	239518	1
A_HP_41	3	Pulse	99	725429	259438	1
A_HP_41	3	Pulse	99	745509	279518	1
A_HP_41	3	Pulse	99	765509	299518	1
A_HP_41	4	Response	3	785429	9341	1
A_HP_41	4	Pulse	99	785429	9341	1
A_HP_41	5	Picture	response173	785917	126	1	40149	1	0	40000	hit	27
A_HP_41	5	Pulse	99	805510	19719	1
A_HP_41	5	Response	1	806217	20426	1
A_HP_41	5	Pulse	99	825509	39718	1
A_HP_41	6	Picture	response174	836227	36	1	40149	1	0	40000	hit	31
A_HP_41	6	Pulse	99	845429	9238	1
A_HP_41	6	Response	1	846428	10237	1
A_HP_41	6	Pulse	99	865509	29318	1
A_HP_41	6	Pulse	99	885509	49318	1
A_HP_41	7	Picture	response172	886705	114	1	40149	1	0	40000	incorrect	36
A_HP_41	7	Pulse	99	905430	18839	1
A_HP_41	7	Response	2	907758	21167	1
A_HP_41	7	Pulse	99	925509	38918	1
A_HP_41	8	Picture	response170	937182	191	1	40149	1	0	40000	hit	40
A_HP_41	8	Pulse	99	945509	8518	1
A_HP_41	8	Response	1	950478	13487	1
A_HP_41	8	Pulse	99	965429	28438	1
A_HP_41	8	Pulse	99	985509	48518	1
A_HP_41	9	Picture	response175	987492	101	1	40149	1	0	40000	hit	44
A_HP_41	9	Response	2	1003278	15887	1
A_HP_41	9	Pulse	99	1005509	18118	1
A_HP_41	9	Pulse	99	1025430	38039	1
A_HP_41	10	Picture	response171	1037969	178	1	40149	1	0	40000	incorrect	49
A_HP_41	10	Pulse	99	1045509	7718	1
A_HP_41	10	Response	1	1064328	26537	1
A_HP_41	10	Pulse	99	1065509	27718	1
A_HP_41	10	Pulse	99	1085429	47638	1
A_HP_41	11	Picture	response175	1088280	89	1	40149	1	0	40000	hit	53
A_HP_41	11	Response	2	1105429	17238	1
A_HP_41	11	Pulse	99	1105430	17239	1
A_HP_41	11	Pulse	99	1125509	37318	1
A_HP_41	12	Picture	response169	1138757	166	1	40149	1	0	40000	hit	58
A_HP_41	12	Pulse	99	1145509	6918	1
A_HP_41	12	Response	2	1155028	16437	1
A_HP_41	12	Pulse	99	1165429	26838	1
A_HP_41	12	Pulse	99	1185509	46918	1
A_HP_41	13	Picture	ins8	1189068	77	1	30153	1	0	30000	other	0
A_HP_41	13	Pulse	99	1205509	16518	1
A_HP_41	13	Pulse	99	1225429	36438	1
A_HP_41	13	Pulse	99	1245510	56519	1
A_HP_41	13	Pulse	99	1265509	76518	1
A_HP_41	13	Pulse	99	1285430	96438	1
A_HP_41	13	Pulse	99	1305509	116518	1
A_HP_41	13	Pulse	99	1325509	136518	1
A_HP_41	13	Pulse	99	1345430	156439	1
A_HP_41	13	Pulse	99	1365510	176519	1
A_HP_41	13	Pulse	99	1385510	196519	1
A_HP_41	13	Pulse	99	1405430	216439	1
A_HP_41	13	Pulse	99	1425510	236518	1
A_HP_41	13	Pulse	99	1445510	256518	1
A_HP_41	13	Pulse	99	1465430	276438	1
A_HP_41	13	Pulse	99	1485510	296519	1
A_HP_41	14	Response	3	1505510	6415	1
A_HP_41	14	Pulse	99	1505510	6415	1
A_HP_41	15	Picture	response64	1505924	33	1	40148	1	0	40000	hit	80
A_HP_41	15	Response	1	1516378	10487	1
A_HP_41	15	Pulse	99	1525430	19538	1
A_HP_41	15	Pulse	99	1545430	39538	1
A_HP_41	16	Picture	response58	1556402	110	1	40149	1	0	40000	incorrect	84
A_HP_41	16	Response	1	1561599	5307	1
A_HP_41	16	Pulse	99	1565509	9218	1
A_HP_41	16	Pulse	99	1585430	29138	1
A_HP_41	16	Pulse	99	1605430	49138	1
A_HP_41	17	Picture	response57	1606879	187	1	40148	1	0	40000	hit	89
A_HP_41	17	Response	1	1613229	6537	1
A_HP_41	17	Pulse	99	1625510	18818	1
A_HP_41	17	Pulse	99	1645430	38738	1
A_HP_41	18	Picture	response61	1657189	98	1	40149	1	0	40000	hit	94
A_HP_41	18	Pulse	99	1665430	8339	1
A_HP_41	18	Response	2	1671568	14477	1
A_HP_41	18	Pulse	99	1685510	28418	1
A_HP_41	18	Pulse	99	1705430	48338	1
A_HP_41	19	Picture	response59	1707666	175	1	40149	1	0	40000	incorrect	98
A_HP_41	19	Response	1	1714838	7347	1
A_HP_41	19	Pulse	99	1725430	17938	1
A_HP_41	19	Pulse	99	1745510	38019	1
A_HP_41	20	Picture	response60	1757977	86	1	40148	1	0	40000	hit	103
A_HP_41	20	Pulse	99	1765430	7538	1
A_HP_41	20	Response	1	1772149	14257	1
A_HP_41	20	Pulse	99	1785430	27539	1
A_HP_41	20	Pulse	99	1805510	47619	1
A_HP_41	21	Picture	response63	1808454	163	1	40148	1	0	40000	hit	107
A_HP_41	21	Response	1	1817738	9447	1
A_HP_41	21	Pulse	99	1825430	17138	1
A_HP_41	21	Pulse	99	1845430	37138	1
A_HP_41	22	Picture	response62	1858765	73	1	40149	1	0	40000	hit	112
A_HP_41	22	Pulse	99	1865510	6818	1
A_HP_41	22	Response	1	1865938	7247	1
A_HP_41	22	Pulse	99	1885430	26738	1
A_HP_41	22	Pulse	99	1905430	46739	1
A_HP_41	23	Picture	ins16	1909242	150	1	30153	1	0	30000	other	0
A_HP_41	23	Pulse	99	1925510	16418	1
A_HP_41	23	Pulse	99	1945510	36419	1
A_HP_41	23	Pulse	99	1965430	56338	1
A_HP_41	23	Pulse	99	1985431	76339	1
A_HP_41	23	Pulse	99	2005510	96418	1
A_HP_41	23	Pulse	99	2025430	116338	1
A_HP_41	23	Pulse	99	2045430	136338	1
A_HP_41	23	Pulse	99	2065510	156418	1
A_HP_41	23	Pulse	99	2085430	176339	1
A_HP_41	23	Pulse	99	2105430	196338	1
A_HP_41	23	Pulse	99	2125510	216419	1
A_HP_41	23	Pulse	99	2145430	236338	1
A_HP_41	23	Pulse	99	2165430	256338	1
A_HP_41	23	Pulse	99	2185510	276418	1
A_HP_41	23	Pulse	99	2205430	296339	1
A_HP_41	24	Response	3	2225430	6162	1
A_HP_41	24	Pulse	99	2225430	6162	1
A_HP_41	25	Picture	response128	2225932	140	1	40148	1	0	40000	hit	134
A_HP_41	25	Response	2	2235729	9937	1
A_HP_41	25	Pulse	99	2245510	19719	1
A_HP_41	25	Pulse	99	2265430	39638	1
A_HP_41	26	Picture	response121	2276243	51	1	40148	1	0	40000	incorrect	140
A_HP_41	26	Pulse	99	2285430	9239	1
A_HP_41	26	Pulse	99	2305510	29318	1
A_HP_41	26	Response	1	2313729	37537	1
A_HP_41	26	Pulse	99	2325430	49239	1
A_HP_41	27	Picture	response122	2326720	128	1	40149	1	0	40000	incorrect	144
A_HP_41	27	Pulse	99	2345430	18838	1
A_HP_41	27	Response	2	2345478	18886	1
A_HP_41	27	Pulse	99	2365510	38918	1
A_HP_41	28	Picture	response123	2377030	39	1	40148	1	0	40000	hit	148
A_HP_41	28	Pulse	99	2385430	8438	1
A_HP_41	28	Response	2	2396009	19017	1
A_HP_41	28	Pulse	99	2405430	28439	1
A_HP_41	28	Pulse	99	2425430	48438	1
A_HP_41	29	Picture	response124	2427508	116	1	40149	1	0	40000	hit	153
A_HP_41	29	Pulse	99	2445430	18038	1
A_HP_41	29	Response	1	2446058	18667	1
A_HP_41	29	Pulse	99	2465430	38038	1
A_HP_41	30	Picture	response126	2477985	193	1	40149	1	0	40000	hit	157
A_HP_41	30	Pulse	99	2485430	7638	1
A_HP_41	30	Response	2	2486938	9147	1
A_HP_41	30	Pulse	99	2505430	27638	1
A_HP_41	30	Pulse	99	2525430	47639	1
A_HP_41	31	Picture	response127	2528295	103	1	40149	1	0	40000	hit	161
A_HP_41	31	Response	2	2536569	8377	1
A_HP_41	31	Pulse	99	2545430	17238	1
A_HP_41	31	Pulse	99	2565430	37238	1
A_HP_41	32	Picture	response125	2578772	180	1	40149	1	0	40000	hit	166
A_HP_41	32	Pulse	99	2585430	6838	1
A_HP_41	32	Response	1	2593649	15057	1
A_HP_41	32	Pulse	99	2605430	26838	1
A_HP_41	32	Pulse	99	2625430	46838	1
A_HP_41	33	Picture	ins6	2629083	91	1	30153	1	0	30000	other	0
A_HP_41	33	Pulse	99	2645430	16439	1
A_HP_41	33	Pulse	99	2665430	36438	1
A_HP_41	33	Pulse	99	2685510	56518	1
A_HP_41	33	Pulse	99	2705430	76438	1
A_HP_41	33	Pulse	99	2725431	96439	1
A_HP_41	33	Pulse	99	2745510	116518	1
A_HP_41	33	Pulse	99	2765431	136439	1
A_HP_41	33	Pulse	99	2785431	156439	1
A_HP_41	33	Pulse	99	2805510	176518	1
A_HP_41	33	Pulse	99	2825430	196439	1
A_HP_41	33	Pulse	99	2845431	216439	1
A_HP_41	33	Pulse	99	2865430	236439	1
A_HP_41	33	Pulse	99	2885431	256439	1
A_HP_41	33	Pulse	99	2905430	276439	1
A_HP_41	33	Pulse	99	2925430	296438	1
A_HP_41	34	Response	3	2945430	6321	1
A_HP_41	34	Pulse	99	2945430	6321	1
A_HP_41	35	Picture	response43	2945940	148	1	40149	1	0	40000	hit	188
A_HP_41	35	Response	1	2954159	8367	1
A_HP_41	35	Pulse	99	2965430	19638	1
A_HP_41	35	Pulse	99	2985430	39638	1
A_HP_41	36	Picture	response45	2996250	58	1	40148	1	0	40000	hit	192
A_HP_41	36	Response	2	3002139	5947	1
A_HP_41	36	Pulse	99	3005430	9238	1
A_HP_41	36	Pulse	99	3025431	29238	1
A_HP_41	36	Pulse	99	3045431	49239	1
A_HP_41	37	Picture	response44	3046727	135	1	40149	1	0	40000	hit	197
A_HP_41	37	Response	2	3056829	10237	1
A_HP_41	37	Pulse	99	3065431	18839	1
A_HP_41	37	Pulse	99	3085430	38838	1
A_HP_41	38	Picture	response46	3097038	46	1	40149	1	0	40000	hit	201
A_HP_41	38	Response	1	3101619	4627	1
A_HP_41	38	Pulse	99	3105431	8438	1
A_HP_41	38	Pulse	99	3125431	28438	1
A_HP_41	38	Pulse	99	3145431	48438	1
A_HP_41	39	Picture	response48	3147515	123	1	40148	1	0	40000	hit	206
A_HP_41	39	Response	2	3154579	7187	1
A_HP_41	39	Pulse	99	3165431	18038	1
A_HP_41	39	Pulse	99	3185431	38039	1
A_HP_41	40	Picture	response47	3197826	33	1	40148	1	0	40000	hit	210
A_HP_41	40	Response	1	3203269	5477	1
A_HP_41	40	Pulse	99	3205431	7638	1
A_HP_41	40	Pulse	99	3225431	27638	1
A_HP_41	40	Pulse	99	3245431	47638	1
A_HP_41	41	Picture	response42	3248303	111	1	40148	1	0	40000	hit	215
A_HP_41	41	Response	2	3264759	16567	1
A_HP_41	41	Pulse	99	3265430	17238	1
A_HP_41	41	Pulse	99	3285431	37238	1
A_HP_41	42	Picture	response41	3298780	188	1	40149	1	0	40000	hit	219
A_HP_41	42	Response	2	3304469	5877	1
A_HP_41	42	Pulse	99	3305431	6838	1
A_HP_41	42	Pulse	99	3325431	26839	1
A_HP_41	42	Pulse	99	3345431	46839	1
A_HP_41	43	Picture	ins24	3349091	98	1	30153	1	0	30000	other	0
A_HP_41	43	Pulse	99	3365431	16439	1
A_HP_41	43	Pulse	99	3385431	36438	1
A_HP_41	43	Pulse	99	3405431	56438	1
A_HP_41	43	Pulse	99	3425431	76438	1
A_HP_41	43	Pulse	99	3445431	96438	1
A_HP_41	43	Pulse	99	3465431	116438	1
A_HP_41	43	Pulse	99	3485431	136439	1
A_HP_41	43	Pulse	99	3505431	156439	1
A_HP_41	43	Pulse	99	3525431	176438	1
A_HP_41	43	Pulse	99	3545431	196438	1
A_HP_41	43	Pulse	99	3565431	216439	1
A_HP_41	43	Pulse	99	3585431	236438	1
A_HP_41	43	Pulse	99	3605431	256439	1
A_HP_41	43	Pulse	99	3625431	276439	1
A_HP_41	43	Pulse	99	3645431	296439	1
A_HP_41	44	Response	3	3665431	6314	1
A_HP_41	44	Pulse	99	3665431	6314	1
A_HP_41	45	Picture	response185	3665947	155	1	40149	1	0	40000	hit	243
A_HP_41	45	Pulse	99	3685431	19638	1
A_HP_41	45	Response	2	3701570	35777	1
A_HP_41	45	Pulse	99	3705431	39638	1
A_HP_41	46	Picture	response186	3716258	65	1	40148	1	0	40000	hit	247
A_HP_41	46	Pulse	99	3725431	9239	1
A_HP_41	46	Response	1	3737819	21627	1
A_HP_41	46	Pulse	99	3745431	29238	1
A_HP_41	46	Pulse	99	3765431	49239	1
A_HP_41	47	Picture	response188	3766735	142	1	40149	1	0	40000	incorrect	251
A_HP_41	47	Response	2	3784100	17507	1
A_HP_41	47	Pulse	99	3785431	18838	1
A_HP_41	47	Pulse	99	3805431	38838	1
A_HP_41	48	Picture	response190	3817046	53	1	40148	1	0	40000	hit	256
A_HP_41	48	Pulse	99	3825431	8438	1
A_HP_41	48	Response	2	3840510	23517	1
A_HP_41	48	Pulse	99	3845431	28438	1
A_HP_41	48	Pulse	99	3865431	48438	1
A_HP_41	49	Picture	response187	3867523	130	1	40149	1	0	40000	hit	261
A_HP_41	49	Pulse	99	3885431	18038	1
A_HP_41	49	Response	2	3903860	36467	1
A_HP_41	49	Pulse	99	3905431	38038	1
A_HP_41	50	Picture	response192	3917833	41	1	40149	1	0	40000	incorrect	265
A_HP_41	50	Pulse	99	3925431	7638	1
A_HP_41	50	Response	2	3940630	22837	1
A_HP_41	50	Pulse	99	3945431	27638	1
A_HP_41	50	Pulse	99	3965431	47638	1
A_HP_41	51	Picture	response189	3968310	118	1	40149	1	0	40000	hit	269
A_HP_41	51	Response	2	3982600	14407	1
A_HP_41	51	Pulse	99	3985431	17238	1
A_HP_41	51	Pulse	99	4005431	37238	1
A_HP_41	52	Picture	response191	4018788	195	1	40148	1	0	40000	hit	275
A_HP_41	52	Pulse	99	4025431	6838	1
A_HP_41	52	Pulse	99	4045431	26838	1
A_HP_41	52	Response	1	4050400	31807	1
A_HP_41	52	Pulse	99	4065431	46838	1
A_HP_41	53	Picture	ins14	4069098	105	1	30153	1	0	30000	other	0
A_HP_41	53	Pulse	99	4085431	16438	1
A_HP_41	53	Pulse	99	4105431	36438	1
A_HP_41	53	Pulse	99	4125431	56438	1
A_HP_41	53	Pulse	99	4145431	76439	1
A_HP_41	53	Pulse	99	4165431	96438	1
A_HP_41	53	Pulse	99	4185431	116438	1
A_HP_41	53	Pulse	99	4205431	136438	1
A_HP_41	53	Pulse	99	4225431	156439	1
A_HP_41	53	Pulse	99	4245431	176439	1
A_HP_41	53	Pulse	99	4265431	196438	1
A_HP_41	53	Pulse	99	4285431	216439	1
A_HP_41	53	Pulse	99	4305431	236439	1
A_HP_41	53	Pulse	99	4325431	256438	1
A_HP_41	53	Pulse	99	4345432	276439	1
A_HP_41	53	Pulse	99	4365431	296439	1
A_HP_41	54	Response	3	4385431	6307	1
A_HP_41	54	Pulse	99	4385431	6307	1
A_HP_41	55	Picture	response108	4385955	162	1	40149	1	0	40000	hit	297
A_HP_41	55	Pulse	99	4405431	19638	1
A_HP_41	55	Response	2	4408140	22347	1
A_HP_41	55	Pulse	99	4425431	39639	1
A_HP_41	56	Picture	response112	4436265	72	1	40148	1	0	40000	hit	301
A_HP_41	56	Pulse	99	4445432	9239	1
A_HP_41	56	Response	1	4451880	15687	1
A_HP_41	56	Pulse	99	4465431	29238	1
A_HP_41	56	Pulse	99	4485432	49239	1
A_HP_41	57	Picture	response109	4486743	150	1	40148	1	0	40000	hit	306
A_HP_41	57	Pulse	99	4505432	18839	1
A_HP_41	57	Response	1	4514720	28127	1
A_HP_41	57	Pulse	99	4525431	38838	1
A_HP_41	58	Picture	response106	4537053	60	1	40149	1	0	40000	hit	310
A_HP_41	58	Pulse	99	4545431	8438	1
A_HP_41	58	Response	2	4547990	10997	1
A_HP_41	58	Pulse	99	4565432	28438	1
A_HP_41	58	Pulse	99	4585431	48438	1
A_HP_41	59	Picture	response105	4587530	137	1	40149	1	0	40000	miss	0
A_HP_41	59	Pulse	99	4605432	18039	1
A_HP_41	59	Pulse	99	4625431	38038	1
A_HP_41	60	Picture	response107	4637841	48	1	40148	1	0	40000	hit	319
A_HP_41	60	Pulse	99	4645432	7639	1
A_HP_41	60	Pulse	99	4665431	27638	1
A_HP_41	60	Response	1	4670200	32407	1
A_HP_41	60	Pulse	99	4685432	47638	1
A_HP_41	61	Picture	response111	4688318	125	1	40149	1	0	40000	hit	322
A_HP_41	61	Response	1	4699140	10947	1
A_HP_41	61	Pulse	99	4705431	17238	1
A_HP_41	61	Pulse	99	4725432	37239	1
A_HP_41	62	Picture	response110	4738629	36	1	40149	1	0	40000	hit	327
A_HP_41	62	Pulse	99	4745431	6838	1
A_HP_41	62	Response	2	4751350	12757	1
A_HP_41	62	Pulse	99	4765431	26838	1
A_HP_41	62	Pulse	99	4785431	46838	1
A_HP_41	63	Picture	thanks	4788773	0	1	10162	1	0	10000	other	0
A_HP_41	63	Pulse	99	4805431	16659	1


Event Type	Code	Type	Response	RT	RT Uncertainty	Time	Uncertainty	Duration	Uncertainty	ReqTime	ReqDur

Picture	ready	other				405589	1	10162	1	0	10000
Picture	ins22	other				466062	1	30153	1	0	30000
Picture	response173	hit	1	20300	2	785917	1	40149	1	0	40000
Picture	response174	hit	1	10200	2	836227	1	40149	1	0	40000
Picture	response172	incorrect	2	21054	2	886705	1	40149	1	0	40000
Picture	response170	hit	1	13296	2	937182	1	40149	1	0	40000
Picture	response175	hit	2	15786	2	987492	1	40149	1	0	40000
Picture	response171	incorrect	1	26359	2	1037969	1	40149	1	0	40000
Picture	response175	hit	2	17149	2	1088280	1	40149	1	0	40000
Picture	response169	hit	2	16271	2	1138757	1	40149	1	0	40000
Picture	ins8	other				1189068	1	30153	1	0	30000
Picture	response64	hit	1	10453	2	1505924	1	40148	1	0	40000
Picture	response58	incorrect	1	5197	2	1556402	1	40149	1	0	40000
Picture	response57	hit	1	6350	2	1606879	1	40148	1	0	40000
Picture	response61	hit	2	14379	2	1657189	1	40149	1	0	40000
Picture	response59	incorrect	1	7172	2	1707666	1	40149	1	0	40000
Picture	response60	hit	1	14171	2	1757977	1	40148	1	0	40000
Picture	response63	hit	1	9284	2	1808454	1	40148	1	0	40000
Picture	response62	hit	1	7174	2	1858765	1	40149	1	0	40000
Picture	ins16	other				1909242	1	30153	1	0	30000
Picture	response128	hit	2	9797	2	2225932	1	40148	1	0	40000
Picture	response121	incorrect	1	37486	2	2276243	1	40148	1	0	40000
Picture	response122	incorrect	2	18758	2	2326720	1	40149	1	0	40000
Picture	response123	hit	2	18978	2	2377030	1	40148	1	0	40000
Picture	response124	hit	1	18551	2	2427508	1	40149	1	0	40000
Picture	response126	hit	2	8954	2	2477985	1	40149	1	0	40000
Picture	response127	hit	2	8274	2	2528295	1	40149	1	0	40000
Picture	response125	hit	1	14877	2	2578772	1	40149	1	0	40000
Picture	ins6	other				2629083	1	30153	1	0	30000
Picture	response43	hit	1	8220	2	2945940	1	40149	1	0	40000
Picture	response45	hit	2	5889	2	2996250	1	40148	1	0	40000
Picture	response44	hit	2	10102	2	3046727	1	40149	1	0	40000
Picture	response46	hit	1	4581	2	3097038	1	40149	1	0	40000
Picture	response48	hit	2	7064	2	3147515	1	40148	1	0	40000
Picture	response47	hit	1	5444	2	3197826	1	40148	1	0	40000
Picture	response42	hit	2	16456	2	3248303	1	40148	1	0	40000
Picture	response41	hit	2	5689	2	3298780	1	40149	1	0	40000
Picture	ins24	other				3349091	1	30153	1	0	30000
Picture	response185	hit	2	35622	2	3665947	1	40149	1	0	40000
Picture	response186	hit	1	21562	2	3716258	1	40148	1	0	40000
Picture	response188	incorrect	2	17365	2	3766735	1	40149	1	0	40000
Picture	response190	hit	2	23464	2	3817046	1	40148	1	0	40000
Picture	response187	hit	2	36337	2	3867523	1	40149	1	0	40000
Picture	response192	incorrect	2	22797	2	3917833	1	40149	1	0	40000
Picture	response189	hit	2	14290	2	3968310	1	40149	1	0	40000
Picture	response191	hit	1	31612	2	4018788	1	40148	1	0	40000
Picture	ins14	other				4069098	1	30153	1	0	30000
Picture	response108	hit	2	22185	2	4385955	1	40149	1	0	40000
Picture	response112	hit	1	15615	2	4436265	1	40148	1	0	40000
Picture	response109	hit	1	27978	2	4486743	1	40148	1	0	40000
Picture	response106	hit	2	10937	2	4537053	1	40149	1	0	40000
Picture	response105	miss				4587530	1	40149	1	0	40000
Picture	response107	hit	1	32359	2	4637841	1	40148	1	0	40000
Picture	response111	hit	1	10822	2	4688318	1	40149	1	0	40000
Picture	response110	hit	2	12722	2	4738629	1	40149	1	0	40000
Picture	thanks	other				4788773	1	10162	1	0	10000


{
   "app": "Presentation Version 21.1 Build 09.05.19",
   "device": "LENOVO 20FBCTO1WW",
   "experiment": "{C0C68DB1-10BA-42F2-8F79-3F2AFFEED4E4}",
   "os": "Windows 10 64 bit",
   "package": "",
   "parameters": {
      "configuration": "Default configuration"
   },
   "scenario": "Feature experiment(4).sce",
   "subject": "A_HP_41",
   "timestamp": "2019/12/19 05:30:34 GMT"
}
