Scenario - 
Logfile written - 07/26/2019 15:03:06

Subject	Trial	Event Type	Code	Time	TTime	Uncertainty	Duration	Uncertainty	ReqTime	ReqDur	Stim Type	Pair Index

A_HP_06	1	Response	3	338304	336805	1
A_HP_06	1	Pulse	99	338304	336805	1
A_HP_06	2	Picture	ready	338536	0	1	10229	1	0	10000	other	0
A_HP_06	2	Pulse	99	358304	19768	1
A_HP_06	2	Pulse	99	378304	39768	1
A_HP_06	2	Pulse	99	398304	59768	1
A_HP_06	3	Picture	ins24	399119	234	1	30229	1	0	30000	other	0
A_HP_06	3	Pulse	99	418304	19419	1
A_HP_06	3	Pulse	99	438304	39419	1
A_HP_06	3	Pulse	99	458304	59419	1
A_HP_06	3	Pulse	99	478304	79419	1
A_HP_06	3	Pulse	99	498304	99419	1
A_HP_06	3	Pulse	99	518304	119419	1
A_HP_06	3	Pulse	99	538304	139419	1
A_HP_06	3	Pulse	99	558304	159419	1
A_HP_06	3	Pulse	99	578304	179418	1
A_HP_06	3	Pulse	99	598304	199418	1
A_HP_06	3	Pulse	99	618304	219419	1
A_HP_06	3	Pulse	99	638304	239418	1
A_HP_06	3	Pulse	99	658304	259418	1
A_HP_06	3	Pulse	99	678304	279418	1
A_HP_06	3	Pulse	99	698304	299418	1
A_HP_06	4	Response	3	718304	9188	1
A_HP_06	4	Pulse	99	718304	9188	1
A_HP_06	5	Picture	response191	719081	397	1	40229	1	0	40000	hit	26
A_HP_06	5	Response	1	728553	9868	1
A_HP_06	5	Pulse	99	738304	19619	1
A_HP_06	5	Pulse	99	758304	39619	1
A_HP_06	6	Picture	response185	769373	289	1	40229	1	0	40000	hit	31
A_HP_06	6	Pulse	99	778303	9219	1
A_HP_06	6	Response	2	779432	10347	1
A_HP_06	6	Pulse	99	798304	29220	1
A_HP_06	6	Pulse	99	818304	49219	1
A_HP_06	7	Picture	response186	819665	181	1	40230	1	0	40000	hit	35
A_HP_06	7	Response	1	834153	14668	1
A_HP_06	7	Pulse	99	838303	18819	1
A_HP_06	7	Pulse	99	858304	38820	1
A_HP_06	8	Picture	response187	870123	239	1	40229	1	0	40000	hit	40
A_HP_06	8	Pulse	99	878304	8419	1
A_HP_06	8	Response	2	888742	18858	1
A_HP_06	8	Pulse	99	898303	28419	1
A_HP_06	8	Pulse	99	918304	48419	1
A_HP_06	9	Picture	response192	920582	297	1	40229	1	0	40000	hit	44
A_HP_06	9	Response	1	927452	7168	1
A_HP_06	9	Pulse	99	938303	18019	1
A_HP_06	9	Pulse	99	958303	38019	1
A_HP_06	10	Picture	response190	970873	189	1	40229	1	0	40000	hit	49
A_HP_06	10	Pulse	99	978304	7620	1
A_HP_06	10	Response	2	984602	13918	1
A_HP_06	10	Pulse	99	998303	27619	1
A_HP_06	10	Pulse	99	1018303	47619	1
A_HP_06	11	Picture	response188	1021331	248	1	40229	1	0	40000	hit	53
A_HP_06	11	Response	1	1034192	13108	1
A_HP_06	11	Pulse	99	1038303	17219	1
A_HP_06	11	Pulse	99	1058303	37219	1
A_HP_06	12	Picture	response189	1071623	139	1	40229	1	0	40000	hit	58
A_HP_06	12	Pulse	99	1078303	6819	1
A_HP_06	12	Response	2	1084952	13468	1
A_HP_06	12	Pulse	99	1098303	26819	1
A_HP_06	12	Pulse	99	1118303	46819	1
A_HP_06	13	Picture	ins6	1122248	364	1	30229	1	0	30000	other	0
A_HP_06	13	Pulse	99	1138303	16419	1
A_HP_06	13	Pulse	99	1158303	36419	1
A_HP_06	13	Pulse	99	1178303	56419	1
A_HP_06	13	Pulse	99	1198303	76419	1
A_HP_06	13	Pulse	99	1218303	96419	1
A_HP_06	13	Pulse	99	1238303	116419	1
A_HP_06	13	Pulse	99	1258303	136419	1
A_HP_06	13	Pulse	99	1278303	156419	1
A_HP_06	13	Pulse	99	1298303	176419	1
A_HP_06	13	Pulse	99	1318303	196419	1
A_HP_06	13	Pulse	99	1338303	216419	1
A_HP_06	13	Pulse	99	1358303	236419	1
A_HP_06	13	Pulse	99	1378303	256419	1
A_HP_06	13	Pulse	99	1398303	276419	1
A_HP_06	13	Pulse	99	1418303	296419	1
A_HP_06	14	Response	3	1438303	6188	1
A_HP_06	14	Pulse	99	1438303	6188	1
A_HP_06	15	Picture	response42	1439081	397	1	40229	1	0	40000	hit	80
A_HP_06	15	Response	2	1446271	7588	1
A_HP_06	15	Pulse	99	1458303	19619	1
A_HP_06	15	Pulse	99	1478303	39619	1
A_HP_06	16	Picture	response45	1489372	289	1	40230	1	0	40000	hit	84
A_HP_06	16	Response	2	1493981	4898	1
A_HP_06	16	Pulse	99	1498302	9219	1
A_HP_06	16	Pulse	99	1518303	29219	1
A_HP_06	16	Pulse	99	1538303	49219	1
A_HP_06	17	Picture	response44	1539664	181	1	40229	1	0	40000	hit	89
A_HP_06	17	Response	2	1544621	5138	1
A_HP_06	17	Pulse	99	1558302	18819	1
A_HP_06	17	Pulse	99	1578302	38819	1
A_HP_06	18	Picture	response43	1590122	239	1	40229	1	0	40000	hit	93
A_HP_06	18	Response	1	1594701	4818	1
A_HP_06	18	Pulse	99	1598302	8419	1
A_HP_06	18	Pulse	99	1618302	28419	1
A_HP_06	18	Pulse	99	1638302	48419	1
A_HP_06	19	Picture	response46	1640581	298	1	40229	1	0	40000	hit	98
A_HP_06	19	Response	1	1644551	4268	1
A_HP_06	19	Pulse	99	1658302	18019	1
A_HP_06	19	Pulse	99	1678302	38019	1
A_HP_06	20	Picture	response41	1690872	190	1	40229	1	0	40000	hit	103
A_HP_06	20	Pulse	99	1698302	7620	1
A_HP_06	20	Response	2	1698310	7628	1
A_HP_06	20	Pulse	99	1718302	27619	1
A_HP_06	20	Pulse	99	1738302	47619	1
A_HP_06	21	Picture	response48	1741331	248	1	40229	1	0	40000	hit	107
A_HP_06	21	Response	2	1747131	6048	1
A_HP_06	21	Pulse	99	1758302	17219	1
A_HP_06	21	Pulse	99	1778302	37220	1
A_HP_06	22	Picture	response47	1791622	139	1	40229	1	0	40000	hit	112
A_HP_06	22	Pulse	99	1798302	6819	1
A_HP_06	22	Response	1	1800480	8997	1
A_HP_06	22	Pulse	99	1818302	26819	1
A_HP_06	22	Pulse	99	1838302	46819	1
A_HP_06	23	Picture	ins16	1842247	365	1	30230	1	0	30000	other	0
A_HP_06	23	Pulse	99	1858302	16419	1
A_HP_06	23	Pulse	99	1878302	36419	1
A_HP_06	23	Pulse	99	1898302	56420	1
A_HP_06	23	Pulse	99	1918302	76419	1
A_HP_06	23	Pulse	99	1938302	96419	1
A_HP_06	23	Pulse	99	1958302	116419	1
A_HP_06	23	Pulse	99	1978302	136420	1
A_HP_06	23	Pulse	99	1998302	156419	1
A_HP_06	23	Pulse	99	2018302	176419	1
A_HP_06	23	Pulse	99	2038302	196420	1
A_HP_06	23	Pulse	99	2058302	216419	1
A_HP_06	23	Pulse	99	2078302	236419	1
A_HP_06	23	Pulse	99	2098302	256419	1
A_HP_06	23	Pulse	99	2118302	276419	1
A_HP_06	23	Pulse	99	2138302	296419	1
A_HP_06	24	Response	3	2158302	6189	1
A_HP_06	24	Pulse	99	2158302	6189	1
A_HP_06	25	Picture	response123	2158910	228	2	40229	2	0	40000	hit	134
A_HP_06	25	Response	2	2167150	8468	1
A_HP_06	25	Pulse	99	2178302	19620	1
A_HP_06	25	Pulse	99	2198302	39619	1
A_HP_06	26	Picture	response124	2209368	286	1	40229	1	0	40000	hit	139
A_HP_06	26	Pulse	99	2218301	9219	1
A_HP_06	26	Response	1	2221380	12298	1
A_HP_06	26	Pulse	99	2238302	29220	1
A_HP_06	26	Pulse	99	2258302	49220	1
A_HP_06	27	Picture	response127	2259660	178	1	40229	1	0	40000	hit	143
A_HP_06	27	Response	2	2265780	6298	1
A_HP_06	27	Pulse	99	2278302	18819	1
A_HP_06	27	Pulse	99	2298301	38819	1
A_HP_06	28	Picture	response121	2310118	236	1	40229	1	0	40000	hit	147
A_HP_06	28	Response	2	2317740	7858	1
A_HP_06	28	Pulse	99	2318301	8419	1
A_HP_06	28	Pulse	99	2338221	28339	1
A_HP_06	28	Pulse	99	2358302	48419	1
A_HP_06	29	Picture	response128	2360576	294	1	40229	1	0	40000	hit	152
A_HP_06	29	Response	2	2368970	8688	1
A_HP_06	29	Pulse	99	2378301	18019	1
A_HP_06	29	Pulse	99	2398301	38020	1
A_HP_06	30	Picture	response126	2410868	186	1	40229	1	0	40000	hit	156
A_HP_06	30	Response	2	2417270	6588	1
A_HP_06	30	Pulse	99	2418301	7619	1
A_HP_06	30	Pulse	99	2438301	27619	1
A_HP_06	30	Pulse	99	2458301	47619	1
A_HP_06	31	Picture	response125	2461326	244	1	40230	1	0	40000	incorrect	161
A_HP_06	31	Response	2	2468470	7388	1
A_HP_06	31	Pulse	99	2478301	17219	1
A_HP_06	31	Pulse	99	2498301	37219	1
A_HP_06	32	Picture	response122	2511618	136	1	40229	1	0	40000	hit	166
A_HP_06	32	Pulse	99	2518301	6819	1
A_HP_06	32	Response	1	2518599	7118	1
A_HP_06	32	Pulse	99	2538301	26819	1
A_HP_06	32	Pulse	99	2558301	46819	1
A_HP_06	33	Picture	ins22	2562242	361	1	30229	1	0	30000	other	0
A_HP_06	33	Pulse	99	2578301	16419	1
A_HP_06	33	Pulse	99	2598301	36419	1
A_HP_06	33	Pulse	99	2618301	56420	1
A_HP_06	33	Pulse	99	2638301	76419	1
A_HP_06	33	Pulse	99	2658301	96419	1
A_HP_06	33	Pulse	99	2678301	116419	1
A_HP_06	33	Pulse	99	2698301	136419	1
A_HP_06	33	Pulse	99	2718301	156419	1
A_HP_06	33	Pulse	99	2738301	176419	1
A_HP_06	33	Pulse	99	2758301	196419	1
A_HP_06	33	Pulse	99	2778221	216339	1
A_HP_06	33	Pulse	99	2798301	236419	1
A_HP_06	33	Pulse	99	2818301	256419	1
A_HP_06	33	Pulse	99	2838221	276339	1
A_HP_06	33	Pulse	99	2858300	296419	1
A_HP_06	34	Response	3	2878300	6188	1
A_HP_06	34	Pulse	99	2878300	6188	1
A_HP_06	35	Picture	response170	2879078	397	1	40229	1	0	40000	hit	188
A_HP_06	35	Response	1	2892229	13548	1
A_HP_06	35	Pulse	99	2898300	19619	1
A_HP_06	35	Pulse	99	2918300	39619	1
A_HP_06	36	Picture	response171	2929369	289	1	40229	1	0	40000	hit	193
A_HP_06	36	Pulse	99	2938300	9219	1
A_HP_06	36	Response	2	2940338	11257	1
A_HP_06	36	Pulse	99	2958300	29219	1
A_HP_06	36	Pulse	99	2978301	49220	1
A_HP_06	37	Picture	response175	2979661	180	1	40229	1	0	40000	hit	197
A_HP_06	37	Response	2	2996109	16628	1
A_HP_06	37	Pulse	99	2998300	18819	1
A_HP_06	37	Pulse	99	3018301	38819	1
A_HP_06	38	Picture	response172	3030119	238	1	40229	1	0	40000	hit	201
A_HP_06	38	Response	1	3036389	6508	1
A_HP_06	38	Pulse	99	3038300	8419	1
A_HP_06	38	Pulse	99	3058300	28419	1
A_HP_06	38	Pulse	99	3078300	48419	1
A_HP_06	39	Picture	response173	3080414	133	1	40229	1	0	40000	hit	206
A_HP_06	39	Response	1	3091739	11458	1
A_HP_06	39	Pulse	99	3098300	18019	1
A_HP_06	39	Pulse	99	3118300	38019	1
A_HP_06	40	Picture	response175	3130872	191	1	40229	1	0	40000	hit	211
A_HP_06	40	Pulse	99	3138300	7619	1
A_HP_06	40	Response	2	3139469	8788	1
A_HP_06	40	Pulse	99	3158220	27540	1
A_HP_06	40	Pulse	99	3178300	47619	1
A_HP_06	41	Picture	response169	3181330	249	1	40230	1	0	40000	hit	215
A_HP_06	41	Response	2	3191379	10298	1
A_HP_06	41	Pulse	99	3198300	17219	1
A_HP_06	41	Pulse	99	3218220	37139	1
A_HP_06	42	Picture	response174	3231623	141	1	40229	1	0	40000	hit	220
A_HP_06	42	Pulse	99	3238300	6819	1
A_HP_06	42	Response	1	3242869	11387	1
A_HP_06	42	Pulse	99	3258300	26819	1
A_HP_06	42	Pulse	99	3278220	46739	1
A_HP_06	43	Picture	ins8	3282081	200	1	30229	1	0	30000	other	0
A_HP_06	43	Pulse	99	3298300	16419	1
A_HP_06	43	Pulse	99	3318300	36419	1
A_HP_06	43	Pulse	99	3338220	56339	1
A_HP_06	43	Pulse	99	3358300	76419	1
A_HP_06	43	Pulse	99	3378300	96419	1
A_HP_06	43	Pulse	99	3398220	116339	1
A_HP_06	43	Pulse	99	3418300	136419	1
A_HP_06	43	Pulse	99	3438300	156419	1
A_HP_06	43	Pulse	99	3458300	176419	1
A_HP_06	43	Pulse	99	3478300	196419	1
A_HP_06	43	Pulse	99	3498300	216419	1
A_HP_06	43	Pulse	99	3518300	236419	1
A_HP_06	43	Pulse	99	3538220	256339	1
A_HP_06	43	Pulse	99	3558300	276419	1
A_HP_06	43	Pulse	99	3578300	296419	1
A_HP_06	44	Response	3	3598220	6108	1
A_HP_06	44	Pulse	99	3598220	6108	1
A_HP_06	45	Picture	response62	3598811	230	1	40229	1	0	40000	hit	242
A_HP_06	45	Response	1	3605058	6478	1
A_HP_06	45	Pulse	99	3618300	19719	1
A_HP_06	45	Pulse	99	3638300	39719	1
A_HP_06	46	Picture	response60	3649102	122	1	40229	1	0	40000	hit	246
A_HP_06	46	Response	1	3653908	4928	1
A_HP_06	46	Pulse	99	3658219	9239	1
A_HP_06	46	Pulse	99	3678299	29319	1
A_HP_06	46	Pulse	99	3698299	49319	1
A_HP_06	47	Picture	response64	3699726	347	1	40229	1	0	40000	hit	251
A_HP_06	47	Response	1	3704669	5290	1
A_HP_06	47	Pulse	99	3718219	18840	1
A_HP_06	47	Pulse	99	3738299	38920	1
A_HP_06	48	Picture	response61	3750018	237	1	40229	1	0	40000	hit	255
A_HP_06	48	Response	2	3755568	5788	1
A_HP_06	48	Pulse	99	3758299	8519	1
A_HP_06	48	Pulse	99	3778220	28439	1
A_HP_06	48	Pulse	99	3798299	48519	1
A_HP_06	49	Picture	response59	3800309	129	1	40229	1	0	40000	hit	260
A_HP_06	49	Response	2	3808508	8328	1
A_HP_06	49	Pulse	99	3818299	18119	1
A_HP_06	49	Pulse	99	3838219	38039	1
A_HP_06	50	Picture	response57	3850767	187	1	40229	1	0	40000	hit	264
A_HP_06	50	Response	1	3857218	6638	1
A_HP_06	50	Pulse	99	3858299	7719	1
A_HP_06	50	Pulse	99	3878299	27719	1
A_HP_06	50	Pulse	99	3898219	47639	1
A_HP_06	51	Picture	response63	3901225	245	1	40229	1	0	40000	hit	269
A_HP_06	51	Response	1	3911978	10998	1
A_HP_06	51	Pulse	99	3918299	17320	1
A_HP_06	51	Pulse	99	3938299	37319	1
A_HP_06	52	Picture	response58	3951683	304	1	40229	1	0	40000	hit	273
A_HP_06	52	Response	2	3956728	5348	1
A_HP_06	52	Pulse	99	3958299	6919	1
A_HP_06	52	Pulse	99	3978219	26839	1
A_HP_06	52	Pulse	99	3998299	46919	1
A_HP_06	53	Picture	ins14	4001975	196	1	30230	1	0	30000	other	0
A_HP_06	53	Pulse	99	4018299	16519	1
A_HP_06	53	Pulse	99	4038219	36439	1
A_HP_06	53	Pulse	99	4058299	56519	1
A_HP_06	53	Pulse	99	4078299	76519	1
A_HP_06	53	Pulse	99	4098219	96439	1
A_HP_06	53	Pulse	99	4118299	116519	1
A_HP_06	53	Pulse	99	4138299	136519	1
A_HP_06	53	Pulse	99	4158219	156439	1
A_HP_06	53	Pulse	99	4178299	176519	1
A_HP_06	53	Pulse	99	4198299	196519	1
A_HP_06	53	Pulse	99	4218219	216439	1
A_HP_06	53	Pulse	99	4238298	236519	1
A_HP_06	53	Pulse	99	4258299	256520	1
A_HP_06	53	Pulse	99	4278219	276439	1
A_HP_06	53	Pulse	99	4298298	296519	1
A_HP_06	54	Response	3	4318299	6289	1
A_HP_06	54	Pulse	99	4318299	6289	1
A_HP_06	55	Picture	response106	4319076	397	1	40229	1	0	40000	hit	296
A_HP_06	55	Response	2	4326547	7868	1
A_HP_06	55	Pulse	99	4338219	19539	1
A_HP_06	55	Pulse	99	4358219	39539	1
A_HP_06	56	Picture	response110	4369368	289	1	40229	1	0	40000	hit	300
A_HP_06	56	Response	2	4376767	7688	1
A_HP_06	56	Pulse	99	4378298	9219	1
A_HP_06	56	Pulse	99	4398219	29139	1
A_HP_06	56	Pulse	99	4418218	49139	1
A_HP_06	57	Picture	response105	4419659	180	1	40229	1	0	40000	hit	305
A_HP_06	57	Response	1	4429677	10198	1
A_HP_06	57	Pulse	99	4438298	18819	1
A_HP_06	57	Pulse	99	4458218	38739	1
A_HP_06	58	Picture	response112	4470117	238	1	40229	1	0	40000	hit	310
A_HP_06	58	Pulse	99	4478218	8339	1
A_HP_06	58	Response	1	4478846	8967	1
A_HP_06	58	Pulse	99	4498298	28419	1
A_HP_06	58	Pulse	99	4518298	48419	1
A_HP_06	59	Picture	response107	4520575	296	1	40229	1	0	40000	hit	314
A_HP_06	59	Response	1	4528687	8408	1
A_HP_06	59	Pulse	99	4538218	17939	1
A_HP_06	59	Pulse	99	4558298	38019	1
A_HP_06	60	Picture	response108	4570866	188	1	40229	1	0	40000	hit	319
A_HP_06	60	Pulse	99	4578298	7620	1
A_HP_06	60	Response	2	4582417	11738	1
A_HP_06	60	Pulse	99	4598218	27539	1
A_HP_06	60	Pulse	99	4618298	47619	1
A_HP_06	61	Picture	response109	4621324	246	1	40229	1	0	40000	hit	323
A_HP_06	61	Response	1	4628166	7087	1
A_HP_06	61	Pulse	99	4638298	17219	1
A_HP_06	61	Pulse	99	4658218	37139	1
A_HP_06	62	Picture	response111	4671616	137	1	40229	1	0	40000	hit	328
A_HP_06	62	Pulse	99	4678298	6819	1
A_HP_06	62	Response	1	4679706	8228	1
A_HP_06	62	Pulse	99	4698298	26819	1
A_HP_06	62	Pulse	99	4718218	46739	1
A_HP_06	63	Picture	thanks	4721741	0	1	10229	1	0	10000	other	0
A_HP_06	63	Pulse	99	4738298	16557	1


Event Type	Code	Type	Response	RT	RT Uncertainty	Time	Uncertainty	Duration	Uncertainty	ReqTime	ReqDur

Picture	ready	other				338536	1	10229	1	0	10000
Picture	ins24	other				399119	1	30229	1	0	30000
Picture	response191	hit	1	9471	2	719081	1	40229	1	0	40000
Picture	response185	hit	2	10059	2	769373	1	40229	1	0	40000
Picture	response186	hit	1	14488	2	819665	1	40230	1	0	40000
Picture	response187	hit	2	18619	2	870123	1	40229	1	0	40000
Picture	response192	hit	1	6871	2	920582	1	40229	1	0	40000
Picture	response190	hit	2	13729	2	970873	1	40229	1	0	40000
Picture	response188	hit	1	12861	2	1021331	1	40229	1	0	40000
Picture	response189	hit	2	13329	2	1071623	1	40229	1	0	40000
Picture	ins6	other				1122248	1	30229	1	0	30000
Picture	response42	hit	2	7191	2	1439081	1	40229	1	0	40000
Picture	response45	hit	2	4609	2	1489372	1	40230	1	0	40000
Picture	response44	hit	2	4957	2	1539664	1	40229	1	0	40000
Picture	response43	hit	1	4579	2	1590122	1	40229	1	0	40000
Picture	response46	hit	1	3971	2	1640581	1	40229	1	0	40000
Picture	response41	hit	2	7438	2	1690872	1	40229	1	0	40000
Picture	response48	hit	2	5800	2	1741331	1	40229	1	0	40000
Picture	response47	hit	1	8858	2	1791622	1	40229	1	0	40000
Picture	ins16	other				1842247	1	30230	1	0	30000
Picture	response123	hit	2	8240	3	2158910	2	40229	2	0	40000
Picture	response124	hit	1	12011	2	2209368	1	40229	1	0	40000
Picture	response127	hit	2	6120	2	2259660	1	40229	1	0	40000
Picture	response121	hit	2	7622	2	2310118	1	40229	1	0	40000
Picture	response128	hit	2	8394	2	2360576	1	40229	1	0	40000
Picture	response126	hit	2	6402	2	2410868	1	40229	1	0	40000
Picture	response125	incorrect	2	7144	2	2461326	1	40230	1	0	40000
Picture	response122	hit	1	6982	2	2511618	1	40229	1	0	40000
Picture	ins22	other				2562242	1	30229	1	0	30000
Picture	response170	hit	1	13152	2	2879078	1	40229	1	0	40000
Picture	response171	hit	2	10969	2	2929369	1	40229	1	0	40000
Picture	response175	hit	2	16449	2	2979661	1	40229	1	0	40000
Picture	response172	hit	1	6270	2	3030119	1	40229	1	0	40000
Picture	response173	hit	1	11325	2	3080414	1	40229	1	0	40000
Picture	response175	hit	2	8597	2	3130872	1	40229	1	0	40000
Picture	response169	hit	2	10049	2	3181330	1	40230	1	0	40000
Picture	response174	hit	1	11246	2	3231623	1	40229	1	0	40000
Picture	ins8	other				3282081	1	30229	1	0	30000
Picture	response62	hit	1	6248	2	3598811	1	40229	1	0	40000
Picture	response60	hit	1	4806	2	3649102	1	40229	1	0	40000
Picture	response64	hit	1	4943	2	3699726	1	40229	1	0	40000
Picture	response61	hit	2	5551	2	3750018	1	40229	1	0	40000
Picture	response59	hit	2	8199	2	3800309	1	40229	1	0	40000
Picture	response57	hit	1	6451	2	3850767	1	40229	1	0	40000
Picture	response63	hit	1	10753	2	3901225	1	40229	1	0	40000
Picture	response58	hit	2	5044	2	3951683	1	40229	1	0	40000
Picture	ins14	other				4001975	1	30230	1	0	30000
Picture	response106	hit	2	7471	2	4319076	1	40229	1	0	40000
Picture	response110	hit	2	7399	2	4369368	1	40229	1	0	40000
Picture	response105	hit	1	10018	2	4419659	1	40229	1	0	40000
Picture	response112	hit	1	8729	2	4470117	1	40229	1	0	40000
Picture	response107	hit	1	8112	2	4520575	1	40229	1	0	40000
Picture	response108	hit	2	11550	2	4570866	1	40229	1	0	40000
Picture	response109	hit	1	6842	2	4621324	1	40229	1	0	40000
Picture	response111	hit	1	8091	2	4671616	1	40229	1	0	40000
Picture	thanks	other				4721741	1	10229	1	0	10000


{
   "app": "Presentation Version 21.0 Build 06.06.19",
   "device": "LENOVO 20KHCTO1WW",
   "experiment": "{C0C68DB1-10BA-42F2-8F79-3F2AFFEED4E4}",
   "os": "Windows 10 64 bit",
   "package": "",
   "parameters": {
      "configuration": "Default configuration"
   },
   "scenario": "Feature experiment(4).sce",
   "subject": "A_HP_06",
   "timestamp": "2019/07/26 05:55:03 GMT"
}
