Scenario - 
Logfile written - 01/17/2020 15:00:16

Subject	Trial	Event Type	Code	Time	TTime	Uncertainty	Duration	Uncertainty	ReqTime	ReqDur	Stim Type	Pair Index

A_HP_49	1	Response	3	444051	443059	1
A_HP_49	1	Pulse	99	444051	443059	1
A_HP_49	2	Picture	ready	444124	0	1	10162	1	0	10000	other	0
A_HP_49	2	Pulse	99	464051	19927	1
A_HP_49	2	Pulse	99	484051	39926	1
A_HP_49	2	Pulse	99	504051	59926	1
A_HP_49	3	Picture	ins6	504597	102	1	30153	1	0	30000	other	0
A_HP_49	3	Pulse	99	524051	19555	1
A_HP_49	3	Pulse	99	544051	39555	1
A_HP_49	3	Pulse	99	564051	59555	1
A_HP_49	3	Pulse	99	584051	79555	1
A_HP_49	3	Pulse	99	604051	99555	1
A_HP_49	3	Pulse	99	624051	119555	1
A_HP_49	3	Pulse	99	644051	139555	1
A_HP_49	3	Pulse	99	664051	159555	1
A_HP_49	3	Pulse	99	684051	179555	1
A_HP_49	3	Pulse	99	704051	199555	1
A_HP_49	3	Pulse	99	724051	219555	1
A_HP_49	3	Pulse	99	744051	239556	1
A_HP_49	3	Pulse	99	764052	259556	1
A_HP_49	3	Pulse	99	784051	279556	1
A_HP_49	3	Pulse	99	804051	299555	1
A_HP_49	4	Response	3	824051	9427	1
A_HP_49	4	Pulse	99	824051	9427	1
A_HP_49	5	Picture	response41	824453	57	1	40148	1	0	40000	hit	27
A_HP_49	5	Pulse	99	844051	19655	1
A_HP_49	5	Response	2	857160	32764	1
A_HP_49	5	Pulse	99	864051	39655	1
A_HP_49	6	Picture	response44	874930	134	1	40148	1	0	40000	hit	30
A_HP_49	6	Response	2	881630	6834	1
A_HP_49	6	Pulse	99	884050	9255	1
A_HP_49	6	Pulse	99	904051	29256	1
A_HP_49	6	Pulse	99	924051	49255	1
A_HP_49	7	Picture	response48	925240	44	1	40148	1	0	40000	hit	35
A_HP_49	7	Response	2	930990	5794	1
A_HP_49	7	Pulse	99	944051	18855	1
A_HP_49	7	Pulse	99	964051	38855	1
A_HP_49	8	Picture	response46	975717	122	1	40148	1	0	40000	hit	39
A_HP_49	8	Response	1	979760	4164	1
A_HP_49	8	Pulse	99	984051	8455	1
A_HP_49	8	Pulse	99	1004051	28455	1
A_HP_49	8	Pulse	99	1024051	48456	1
A_HP_49	9	Picture	response43	1026195	199	1	40149	1	0	40000	hit	44
A_HP_49	9	Response	1	1033350	7354	1
A_HP_49	9	Pulse	99	1044051	18055	1
A_HP_49	9	Pulse	99	1064051	38055	1
A_HP_49	10	Picture	response47	1076505	109	1	40149	1	0	40000	hit	48
A_HP_49	10	Response	1	1081400	5004	1
A_HP_49	10	Pulse	99	1084051	7655	1
A_HP_49	10	Pulse	99	1104051	27655	1
A_HP_49	10	Pulse	99	1124051	47655	1
A_HP_49	11	Picture	response45	1126982	186	1	40149	1	0	40000	hit	53
A_HP_49	11	Response	2	1134250	7454	1
A_HP_49	11	Pulse	99	1144051	17255	1
A_HP_49	11	Pulse	99	1164051	37255	1
A_HP_49	12	Picture	response42	1177293	97	1	40148	1	0	40000	hit	58
A_HP_49	12	Pulse	99	1184051	6855	1
A_HP_49	12	Response	2	1184639	7443	1
A_HP_49	12	Pulse	99	1204051	26855	1
A_HP_49	12	Pulse	99	1224051	46855	1
A_HP_49	13	Picture	ins24	1227770	174	1	30153	1	0	30000	other	0
A_HP_49	13	Pulse	99	1244051	16455	1
A_HP_49	13	Pulse	99	1264051	36455	1
A_HP_49	13	Pulse	99	1284051	56455	1
A_HP_49	13	Pulse	99	1304051	76455	1
A_HP_49	13	Pulse	99	1324051	96455	1
A_HP_49	13	Pulse	99	1344051	116455	1
A_HP_49	13	Pulse	99	1364051	136455	1
A_HP_49	13	Pulse	99	1384052	156456	1
A_HP_49	13	Pulse	99	1404051	176455	1
A_HP_49	13	Pulse	99	1424051	196455	1
A_HP_49	13	Pulse	99	1444051	216455	1
A_HP_49	13	Pulse	99	1464051	236455	1
A_HP_49	13	Pulse	99	1484051	256455	1
A_HP_49	13	Pulse	99	1504051	276455	1
A_HP_49	13	Pulse	99	1524052	296455	1
A_HP_49	14	Response	3	1544050	6420	1
A_HP_49	14	Pulse	99	1544050	6420	1
A_HP_49	15	Picture	response187	1544460	64	1	40148	1	0	40000	hit	81
A_HP_49	15	Pulse	99	1564052	19655	1
A_HP_49	15	Response	2	1570830	26434	1
A_HP_49	15	Pulse	99	1584051	39655	1
A_HP_49	16	Picture	response189	1594937	141	1	40149	1	0	40000	hit	85
A_HP_49	16	Pulse	99	1604051	9255	1
A_HP_49	16	Response	2	1620570	25774	1
A_HP_49	16	Pulse	99	1624051	29255	1
A_HP_49	16	Pulse	99	1644052	49256	1
A_HP_49	17	Picture	response192	1645248	52	1	40149	1	0	40000	incorrect	90
A_HP_49	17	Pulse	99	1664051	18855	1
A_HP_49	17	Response	2	1666030	20834	1
A_HP_49	17	Pulse	99	1684052	38855	1
A_HP_49	18	Picture	response185	1695725	129	1	40148	1	0	40000	hit	94
A_HP_49	18	Pulse	99	1704052	8455	1
A_HP_49	18	Response	2	1717010	21414	1
A_HP_49	18	Pulse	99	1724051	28455	1
A_HP_49	18	Pulse	99	1744051	48455	1
A_HP_49	19	Picture	response190	1746035	39	1	40149	1	0	40000	hit	99
A_HP_49	19	Pulse	99	1764052	18056	1
A_HP_49	19	Response	2	1764109	18113	1
A_HP_49	19	Pulse	99	1783972	37975	1
A_HP_49	20	Picture	response188	1796513	117	1	40148	1	0	40000	hit	103
A_HP_49	20	Pulse	99	1804052	7655	1
A_HP_49	20	Response	1	1813870	17474	1
A_HP_49	20	Pulse	99	1824052	27655	1
A_HP_49	20	Pulse	99	1843973	47576	1
A_HP_49	21	Picture	response191	1846990	194	1	40149	1	0	40000	hit	107
A_HP_49	21	Response	1	1861300	14504	1
A_HP_49	21	Pulse	99	1864051	17255	1
A_HP_49	21	Pulse	99	1884052	37255	1
A_HP_49	22	Picture	response186	1897300	104	1	40149	1	0	40000	hit	113
A_HP_49	22	Pulse	99	1903971	6775	1
A_HP_49	22	Pulse	99	1924051	26855	1
A_HP_49	22	Response	1	1924640	27443	1
A_HP_49	22	Pulse	99	1944052	46855	1
A_HP_49	23	Picture	ins16	1947778	181	1	30153	1	0	30000	other	0
A_HP_49	23	Pulse	99	1963972	16375	1
A_HP_49	23	Pulse	99	1984052	36455	1
A_HP_49	23	Pulse	99	2004052	56455	1
A_HP_49	23	Pulse	99	2023972	76376	1
A_HP_49	23	Pulse	99	2044052	96456	1
A_HP_49	23	Pulse	99	2064052	116455	1
A_HP_49	23	Pulse	99	2084052	136455	1
A_HP_49	23	Pulse	99	2104052	156456	1
A_HP_49	23	Pulse	99	2124052	176456	1
A_HP_49	23	Pulse	99	2144052	196455	1
A_HP_49	23	Pulse	99	2164052	216455	1
A_HP_49	23	Pulse	99	2184052	236455	1
A_HP_49	23	Pulse	99	2204052	256455	1
A_HP_49	23	Pulse	99	2224052	276455	1
A_HP_49	23	Pulse	99	2244052	296455	1
A_HP_49	24	Response	3	2264052	6414	1
A_HP_49	24	Pulse	99	2264052	6414	1
A_HP_49	25	Picture	response127	2264468	71	1	40148	1	0	40000	hit	134
A_HP_49	25	Response	2	2275211	10814	1
A_HP_49	25	Pulse	99	2283972	19575	1
A_HP_49	25	Pulse	99	2304052	39655	1
A_HP_49	26	Picture	response128	2314945	148	1	40149	1	0	40000	hit	139
A_HP_49	26	Pulse	99	2324052	9256	1
A_HP_49	26	Response	2	2334751	19954	1
A_HP_49	26	Pulse	99	2343972	29175	1
A_HP_49	26	Pulse	99	2364052	49255	1
A_HP_49	27	Picture	response124	2365256	59	1	40148	1	0	40000	hit	143
A_HP_49	27	Response	1	2378321	13124	1
A_HP_49	27	Pulse	99	2384052	18855	1
A_HP_49	27	Pulse	99	2403972	38775	1
A_HP_49	28	Picture	response123	2415733	136	1	40149	1	0	40000	hit	148
A_HP_49	28	Pulse	99	2424052	8456	1
A_HP_49	28	Response	2	2432241	16644	1
A_HP_49	28	Pulse	99	2444052	28456	1
A_HP_49	28	Pulse	99	2463972	48375	1
A_HP_49	29	Picture	response121	2466043	47	1	40149	1	0	40000	hit	152
A_HP_49	29	Response	2	2481401	15404	1
A_HP_49	29	Pulse	99	2484052	18055	1
A_HP_49	29	Pulse	99	2504052	38055	1
A_HP_49	30	Picture	response126	2516520	124	1	40148	1	0	40000	hit	157
A_HP_49	30	Pulse	99	2523972	7575	1
A_HP_49	30	Response	2	2537311	20914	1
A_HP_49	30	Pulse	99	2544052	27656	1
A_HP_49	30	Pulse	99	2564052	47655	1
A_HP_49	31	Picture	response125	2566831	34	1	40148	1	0	40000	hit	161
A_HP_49	31	Response	1	2575541	8744	1
A_HP_49	31	Pulse	99	2583972	17175	1
A_HP_49	31	Pulse	99	2604052	37255	1
A_HP_49	32	Picture	response122	2617308	111	1	40148	1	0	40000	hit	166
A_HP_49	32	Pulse	99	2624052	6855	1
A_HP_49	32	Response	1	2624350	7153	1
A_HP_49	32	Pulse	99	2643973	26776	1
A_HP_49	32	Pulse	99	2664052	46855	1
A_HP_49	33	Picture	ins8	2667785	188	1	30153	1	0	30000	other	0
A_HP_49	33	Pulse	99	2684052	16455	1
A_HP_49	33	Pulse	99	2703972	36375	1
A_HP_49	33	Pulse	99	2724053	56456	1
A_HP_49	33	Pulse	99	2744052	76455	1
A_HP_49	33	Pulse	99	2763972	96375	1
A_HP_49	33	Pulse	99	2783973	116376	1
A_HP_49	33	Pulse	99	2804052	136455	1
A_HP_49	33	Pulse	99	2823974	156377	1
A_HP_49	33	Pulse	99	2843973	176376	1
A_HP_49	33	Pulse	99	2864052	196455	1
A_HP_49	33	Pulse	99	2883973	216376	1
A_HP_49	33	Pulse	99	2903972	236375	1
A_HP_49	33	Pulse	99	2924052	256455	1
A_HP_49	33	Pulse	99	2943974	276377	1
A_HP_49	33	Pulse	99	2963972	296375	1
A_HP_49	34	Response	3	2984052	6407	1
A_HP_49	34	Pulse	99	2984052	6407	1
A_HP_49	35	Picture	response64	2984475	78	1	40148	1	0	40000	hit	189
A_HP_49	35	Pulse	99	3003972	19575	1
A_HP_49	35	Response	1	3006861	22464	1
A_HP_49	35	Pulse	99	3023972	39575	1
A_HP_49	36	Picture	response63	3034952	155	1	40149	1	0	40000	hit	192
A_HP_49	36	Response	1	3042411	7614	1
A_HP_49	36	Pulse	99	3044053	9256	1
A_HP_49	36	Pulse	99	3063972	29175	1
A_HP_49	36	Pulse	99	3083972	49175	1
A_HP_49	37	Picture	response60	3085263	66	1	40148	1	0	40000	miss	0
A_HP_49	37	Pulse	99	3104052	18855	1
A_HP_49	37	Pulse	99	3124053	38856	1
A_HP_49	38	Picture	response58	3135740	143	1	40149	1	0	40000	hit	201
A_HP_49	38	Pulse	99	3143972	8375	1
A_HP_49	38	Response	2	3152801	17204	1
A_HP_49	38	Pulse	99	3164052	28455	1
A_HP_49	38	Pulse	99	3184052	48455	1
A_HP_49	39	Picture	response61	3186051	54	1	40148	1	0	40000	hit	205
A_HP_49	39	Response	2	3194151	8154	1
A_HP_49	39	Pulse	99	3203972	17975	1
A_HP_49	39	Pulse	99	3224052	38055	1
A_HP_49	40	Picture	response59	3236528	131	1	40149	1	0	40000	hit	209
A_HP_49	40	Response	2	3243171	6774	1
A_HP_49	40	Pulse	99	3244052	7655	1
A_HP_49	40	Pulse	99	3263972	27575	1
A_HP_49	40	Pulse	99	3284052	47655	1
A_HP_49	41	Picture	response62	3286839	41	1	40149	1	0	40000	hit	214
A_HP_49	41	Response	1	3294991	8194	1
A_HP_49	41	Pulse	99	3304052	17255	1
A_HP_49	41	Pulse	99	3323973	37175	1
A_HP_49	42	Picture	response57	3337316	119	1	40148	1	0	40000	hit	219
A_HP_49	42	Pulse	99	3343972	6774	1
A_HP_49	42	Response	1	3348561	11364	1
A_HP_49	42	Pulse	99	3364052	26855	1
A_HP_49	42	Pulse	99	3383973	46775	1
A_HP_49	43	Picture	ins14	3387793	196	1	30153	1	0	30000	other	0
A_HP_49	43	Pulse	99	3403972	16375	1
A_HP_49	43	Pulse	99	3424052	36455	1
A_HP_49	43	Pulse	99	3443972	56375	1
A_HP_49	43	Pulse	99	3463973	76376	1
A_HP_49	43	Pulse	99	3484052	96455	1
A_HP_49	43	Pulse	99	3503973	116376	1
A_HP_49	43	Pulse	99	3523972	136375	1
A_HP_49	43	Pulse	99	3544053	156455	1
A_HP_49	43	Pulse	99	3563973	176375	1
A_HP_49	43	Pulse	99	3583974	196377	1
A_HP_49	43	Pulse	99	3604054	216456	1
A_HP_49	43	Pulse	99	3623972	236375	1
A_HP_49	43	Pulse	99	3643972	256375	1
A_HP_49	43	Pulse	99	3664053	276455	1
A_HP_49	43	Pulse	99	3683973	296376	1
A_HP_49	44	Response	3	3703973	6320	1
A_HP_49	44	Pulse	99	3703973	6320	1
A_HP_49	45	Picture	response112	3704483	186	1	40149	1	0	40000	hit	241
A_HP_49	45	Response	1	3715921	11624	1
A_HP_49	45	Pulse	99	3724053	19755	1
A_HP_49	45	Pulse	99	3743973	39675	1
A_HP_49	46	Picture	response107	3754793	96	1	40149	1	0	40000	hit	246
A_HP_49	46	Pulse	99	3763973	9276	1
A_HP_49	46	Response	1	3764951	10253	1
A_HP_49	46	Pulse	99	3784053	29355	1
A_HP_49	46	Pulse	99	3803973	49276	1
A_HP_49	47	Picture	response111	3805271	173	1	40149	1	0	40000	hit	250
A_HP_49	47	Response	1	3822231	17134	1
A_HP_49	47	Pulse	99	3823972	18875	1
A_HP_49	47	Pulse	99	3843974	38877	1
A_HP_49	48	Picture	response109	3855581	84	1	40148	1	0	40000	hit	255
A_HP_49	48	Pulse	99	3863973	8476	1
A_HP_49	48	Response	1	3881172	25674	1
A_HP_49	48	Pulse	99	3883972	28475	1
A_HP_49	48	Pulse	99	3903973	48475	1
A_HP_49	49	Picture	response110	3906058	161	1	40148	1	0	40000	hit	259
A_HP_49	49	Response	2	3917382	11484	1
A_HP_49	49	Pulse	99	3923973	18075	1
A_HP_49	49	Pulse	99	3943973	38075	1
A_HP_49	50	Picture	response108	3956369	71	1	40149	1	0	40000	hit	264
A_HP_49	50	Pulse	99	3963973	7675	1
A_HP_49	50	Response	2	3975471	19174	1
A_HP_49	50	Pulse	99	3983973	27675	1
A_HP_49	50	Pulse	99	4003973	47675	1
A_HP_49	51	Picture	response105	4006846	149	1	40149	1	0	40000	hit	268
A_HP_49	51	Response	1	4019462	12764	1
A_HP_49	51	Pulse	99	4023973	17275	1
A_HP_49	51	Pulse	99	4043973	37276	1
A_HP_49	52	Picture	response106	4057157	59	1	40148	1	0	40000	hit	273
A_HP_49	52	Pulse	99	4063973	6875	1
A_HP_49	52	Response	2	4070401	13304	1
A_HP_49	52	Pulse	99	4083973	26876	1
A_HP_49	52	Pulse	99	4103973	46875	1
A_HP_49	53	Picture	ins22	4107634	136	1	30153	1	0	30000	other	0
A_HP_49	53	Pulse	99	4123974	16476	1
A_HP_49	53	Pulse	99	4143973	36475	1
A_HP_49	53	Pulse	99	4164053	56555	1
A_HP_49	53	Pulse	99	4183973	76476	1
A_HP_49	53	Pulse	99	4203973	96475	1
A_HP_49	53	Pulse	99	4224054	116557	1
A_HP_49	53	Pulse	99	4243973	136475	1
A_HP_49	53	Pulse	99	4263973	156476	1
A_HP_49	53	Pulse	99	4284052	176555	1
A_HP_49	53	Pulse	99	4303973	196476	1
A_HP_49	53	Pulse	99	4323973	216476	1
A_HP_49	53	Pulse	99	4343973	236476	1
A_HP_49	53	Pulse	99	4363973	256476	1
A_HP_49	53	Pulse	99	4383973	276476	1
A_HP_49	53	Pulse	99	4403973	296476	1
A_HP_49	54	Response	3	4423973	6313	1
A_HP_49	54	Pulse	99	4423973	6313	1
A_HP_49	55	Picture	response172	4424324	26	1	40149	1	0	40000	hit	295
A_HP_49	55	Response	1	4440842	16544	1
A_HP_49	55	Pulse	99	4443973	19675	1
A_HP_49	55	Pulse	99	4463973	39675	1
A_HP_49	56	Picture	response174	4474801	103	1	40148	1	0	40000	hit	300
A_HP_49	56	Pulse	99	4483974	9276	1
A_HP_49	56	Response	1	4490652	15954	1
A_HP_49	56	Pulse	99	4503973	29275	1
A_HP_49	56	Pulse	99	4523973	49276	1
A_HP_49	57	Picture	response169	4525278	180	1	40149	1	0	40000	hit	305
A_HP_49	57	Pulse	99	4543974	18876	1
A_HP_49	57	Response	2	4546762	21664	1
A_HP_49	57	Pulse	99	4563973	38875	1
A_HP_49	58	Picture	response175	4575589	91	1	40148	1	0	40000	hit	309
A_HP_49	58	Pulse	99	4583973	8475	1
A_HP_49	58	Response	2	4598872	23374	1
A_HP_49	58	Pulse	99	4603973	28475	1
A_HP_49	58	Pulse	99	4623973	48475	1
A_HP_49	59	Picture	response175	4626066	168	1	40149	1	0	40000	hit	313
A_HP_49	59	Response	2	4639882	13984	1
A_HP_49	59	Pulse	99	4643973	18076	1
A_HP_49	59	Pulse	99	4663973	38075	1
A_HP_49	60	Picture	response173	4676377	79	1	40149	1	0	40000	hit	318
A_HP_49	60	Pulse	99	4683973	7675	1
A_HP_49	60	Response	1	4698752	22454	1
A_HP_49	60	Pulse	99	4703973	27675	1
A_HP_49	60	Pulse	99	4723974	47676	1
A_HP_49	61	Picture	response170	4726854	156	1	40149	1	0	40000	hit	322
A_HP_49	61	Response	1	4742512	15814	1
A_HP_49	61	Pulse	99	4743973	17275	1
A_HP_49	61	Pulse	99	4763973	37275	1
A_HP_49	62	Picture	response171	4777164	66	1	40149	1	0	40000	hit	327
A_HP_49	62	Pulse	99	4783973	6875	1
A_HP_49	62	Response	2	4798982	21884	1
A_HP_49	62	Pulse	99	4803974	26876	1
A_HP_49	62	Pulse	99	4823973	46875	1
A_HP_49	63	Picture	thanks	4827142	0	1	10162	1	0	10000	other	0
A_HP_49	63	Pulse	99	4843973	16832	1


Event Type	Code	Type	Response	RT	RT Uncertainty	Time	Uncertainty	Duration	Uncertainty	ReqTime	ReqDur

Picture	ready	other				444124	1	10162	1	0	10000
Picture	ins6	other				504597	1	30153	1	0	30000
Picture	response41	hit	2	32707	2	824453	1	40148	1	0	40000
Picture	response44	hit	2	6700	2	874930	1	40148	1	0	40000
Picture	response48	hit	2	5749	2	925240	1	40148	1	0	40000
Picture	response46	hit	1	4043	2	975717	1	40148	1	0	40000
Picture	response43	hit	1	7155	2	1026195	1	40149	1	0	40000
Picture	response47	hit	1	4895	2	1076505	1	40149	1	0	40000
Picture	response45	hit	2	7268	2	1126982	1	40149	1	0	40000
Picture	response42	hit	2	7346	2	1177293	1	40148	1	0	40000
Picture	ins24	other				1227770	1	30153	1	0	30000
Picture	response187	hit	2	26370	2	1544460	1	40148	1	0	40000
Picture	response189	hit	2	25633	2	1594937	1	40149	1	0	40000
Picture	response192	incorrect	2	20782	2	1645248	1	40149	1	0	40000
Picture	response185	hit	2	21285	2	1695725	1	40148	1	0	40000
Picture	response190	hit	2	18074	2	1746035	1	40149	1	0	40000
Picture	response188	hit	1	17358	2	1796513	1	40148	1	0	40000
Picture	response191	hit	1	14311	2	1846990	1	40149	1	0	40000
Picture	response186	hit	1	27339	2	1897300	1	40149	1	0	40000
Picture	ins16	other				1947778	1	30153	1	0	30000
Picture	response127	hit	2	10743	2	2264468	1	40148	1	0	40000
Picture	response128	hit	2	19806	2	2314945	1	40149	1	0	40000
Picture	response124	hit	1	13065	2	2365256	1	40148	1	0	40000
Picture	response123	hit	2	16508	2	2415733	1	40149	1	0	40000
Picture	response121	hit	2	15358	2	2466043	1	40149	1	0	40000
Picture	response126	hit	2	20790	2	2516520	1	40148	1	0	40000
Picture	response125	hit	1	8710	2	2566831	1	40148	1	0	40000
Picture	response122	hit	1	7042	2	2617308	1	40148	1	0	40000
Picture	ins8	other				2667785	1	30153	1	0	30000
Picture	response64	hit	1	22386	2	2984475	1	40148	1	0	40000
Picture	response63	hit	1	7458	2	3034952	1	40149	1	0	40000
Picture	response60	miss				3085263	1	40148	1	0	40000
Picture	response58	hit	2	17061	2	3135740	1	40149	1	0	40000
Picture	response61	hit	2	8100	2	3186051	1	40148	1	0	40000
Picture	response59	hit	2	6643	2	3236528	1	40149	1	0	40000
Picture	response62	hit	1	8153	2	3286839	1	40149	1	0	40000
Picture	response57	hit	1	11245	2	3337316	1	40148	1	0	40000
Picture	ins14	other				3387793	1	30153	1	0	30000
Picture	response112	hit	1	11438	2	3704483	1	40149	1	0	40000
Picture	response107	hit	1	10157	2	3754793	1	40149	1	0	40000
Picture	response111	hit	1	16961	2	3805271	1	40149	1	0	40000
Picture	response109	hit	1	25590	2	3855581	1	40148	1	0	40000
Picture	response110	hit	2	11323	2	3906058	1	40148	1	0	40000
Picture	response108	hit	2	19102	2	3956369	1	40149	1	0	40000
Picture	response105	hit	1	12616	2	4006846	1	40149	1	0	40000
Picture	response106	hit	2	13245	2	4057157	1	40148	1	0	40000
Picture	ins22	other				4107634	1	30153	1	0	30000
Picture	response172	hit	1	16518	2	4424324	1	40149	1	0	40000
Picture	response174	hit	1	15851	2	4474801	1	40148	1	0	40000
Picture	response169	hit	2	21484	2	4525278	1	40149	1	0	40000
Picture	response175	hit	2	23283	2	4575589	1	40148	1	0	40000
Picture	response175	hit	2	13816	2	4626066	1	40149	1	0	40000
Picture	response173	hit	1	22376	2	4676377	1	40149	1	0	40000
Picture	response170	hit	1	15658	2	4726854	1	40149	1	0	40000
Picture	response171	hit	2	21817	2	4777164	1	40149	1	0	40000
Picture	thanks	other				4827142	1	10162	1	0	10000


{
   "app": "Presentation Version 21.1 Build 09.05.19",
   "device": "LENOVO 20FBCTO1WW",
   "experiment": "{C0C68DB1-10BA-42F2-8F79-3F2AFFEED4E4}",
   "os": "Windows 10 64 bit",
   "package": "",
   "parameters": {
      "configuration": "Default configuration"
   },
   "scenario": "Feature experiment(4).sce",
   "subject": "A_HP_49",
   "timestamp": "2020/01/17 05:52:05 GMT"
}
