Scenario - 
Logfile written - 08/30/2019 11:27:53

Subject	Trial	Event Type	Code	Time	TTime	Uncertainty	Duration	Uncertainty	ReqTime	ReqDur	Stim Type	Pair Index

A_HP_08	1	Response	3	334097	333264	1
A_HP_08	1	Pulse	99	334097	333264	1
A_HP_08	2	Picture	ready	334329	0	1	10229	1	0	10000	other	0
A_HP_08	2	Pulse	99	354097	19768	1
A_HP_08	2	Pulse	99	374097	39768	1
A_HP_08	2	Pulse	99	394097	59768	1
A_HP_08	3	Picture	ins22	394976	233	1	30229	1	0	30000	other	0
A_HP_08	3	Pulse	99	414097	19354	1
A_HP_08	3	Pulse	99	434097	39354	1
A_HP_08	3	Pulse	99	454097	59354	1
A_HP_08	3	Pulse	99	474097	79354	1
A_HP_08	3	Pulse	99	494097	99354	1
A_HP_08	3	Pulse	99	514097	119354	1
A_HP_08	3	Pulse	99	534096	139354	1
A_HP_08	3	Pulse	99	554097	159354	1
A_HP_08	3	Pulse	99	574097	179354	1
A_HP_08	3	Pulse	99	594097	199354	1
A_HP_08	3	Pulse	99	614098	219355	1
A_HP_08	3	Pulse	99	634097	239354	1
A_HP_08	3	Pulse	99	654096	259354	1
A_HP_08	3	Pulse	99	674097	279354	1
A_HP_08	3	Pulse	99	694097	299354	1
A_HP_08	4	Response	3	714097	9124	1
A_HP_08	4	Pulse	99	714097	9124	1
A_HP_08	5	Picture	response175	714672	230	1	40229	1	0	40000	incorrect	26
A_HP_08	5	Response	1	727216	12773	1
A_HP_08	5	Pulse	99	734096	19654	1
A_HP_08	5	Pulse	99	754097	39654	1
A_HP_08	6	Picture	response170	765130	288	1	40230	1	0	40000	hit	31
A_HP_08	6	Pulse	99	774097	9255	1
A_HP_08	6	Response	1	785175	20333	1
A_HP_08	6	Pulse	99	794096	29254	1
A_HP_08	6	Pulse	99	814097	49255	1
A_HP_08	7	Picture	response169	815422	180	1	40229	1	0	40000	hit	36
A_HP_08	7	Pulse	99	834097	18855	1
A_HP_08	7	Response	2	839885	24643	1
A_HP_08	7	Pulse	99	854096	38854	1
A_HP_08	8	Picture	response172	865713	71	1	40229	1	0	40000	hit	40
A_HP_08	8	Pulse	99	874097	8455	1
A_HP_08	8	Response	1	883255	17613	1
A_HP_08	8	Pulse	99	894096	28454	1
A_HP_08	8	Pulse	99	914097	48454	1
A_HP_08	9	Picture	response173	916337	295	1	40229	1	0	40000	hit	45
A_HP_08	9	Pulse	99	934097	18055	1
A_HP_08	9	Response	1	942635	26593	1
A_HP_08	9	Pulse	99	954097	38055	1
A_HP_08	10	Picture	response171	966629	187	1	40229	1	0	40000	hit	49
A_HP_08	10	Pulse	99	974097	7655	1
A_HP_08	10	Response	2	977935	11493	1
A_HP_08	10	Pulse	99	994097	27655	1
A_HP_08	10	Pulse	99	1014096	47655	1
A_HP_08	11	Picture	response174	1017087	245	1	40229	1	0	40000	hit	54
A_HP_08	11	Pulse	99	1034097	17255	1
A_HP_08	11	Response	1	1039175	22333	1
A_HP_08	11	Pulse	99	1054096	37254	1
A_HP_08	12	Picture	response175	1067378	136	1	40229	1	0	40000	hit	58
A_HP_08	12	Pulse	99	1074097	6855	1
A_HP_08	12	Response	2	1091165	23923	1
A_HP_08	12	Pulse	99	1094096	26854	1
A_HP_08	12	Pulse	99	1114097	46855	1
A_HP_08	13	Picture	ins6	1117836	194	1	30229	1	0	30000	other	0
A_HP_08	13	Pulse	99	1134096	16454	1
A_HP_08	13	Pulse	99	1154097	36455	1
A_HP_08	13	Pulse	99	1174096	56454	1
A_HP_08	13	Pulse	99	1194097	76455	1
A_HP_08	13	Pulse	99	1214097	96455	1
A_HP_08	13	Pulse	99	1234097	116455	1
A_HP_08	13	Pulse	99	1254097	136455	1
A_HP_08	13	Pulse	99	1274097	156455	1
A_HP_08	13	Pulse	99	1294096	176454	1
A_HP_08	13	Pulse	99	1314096	196454	1
A_HP_08	13	Pulse	99	1334097	216455	1
A_HP_08	13	Pulse	99	1354096	236454	1
A_HP_08	13	Pulse	99	1374096	256454	1
A_HP_08	13	Pulse	99	1394097	276455	1
A_HP_08	13	Pulse	99	1414097	296455	1
A_HP_08	14	Response	3	1434096	6224	1
A_HP_08	14	Pulse	99	1434096	6224	1
A_HP_08	15	Picture	response44	1434671	229	1	40229	1	0	40000	hit	80
A_HP_08	15	Response	2	1440825	6383	1
A_HP_08	15	Pulse	99	1454096	19654	1
A_HP_08	15	Pulse	99	1474096	39654	1
A_HP_08	16	Picture	response48	1485129	287	1	40229	1	0	40000	hit	84
A_HP_08	16	Response	2	1491135	6293	1
A_HP_08	16	Pulse	99	1494096	9254	1
A_HP_08	16	Pulse	99	1514096	29254	1
A_HP_08	16	Pulse	99	1534096	49254	1
A_HP_08	17	Picture	response42	1535420	178	1	40229	1	0	40000	hit	89
A_HP_08	17	Response	2	1541006	5764	1
A_HP_08	17	Pulse	99	1554096	18854	1
A_HP_08	17	Pulse	99	1574016	38774	1
A_HP_08	18	Picture	response41	1585711	70	1	40229	1	0	40000	hit	93
A_HP_08	18	Response	2	1590465	4823	1
A_HP_08	18	Pulse	99	1594096	8454	1
A_HP_08	18	Pulse	99	1614096	28455	1
A_HP_08	18	Pulse	99	1634097	48455	1
A_HP_08	19	Picture	response47	1636336	294	1	40230	1	0	40000	hit	98
A_HP_08	19	Response	1	1646685	10643	1
A_HP_08	19	Pulse	99	1654096	18054	1
A_HP_08	19	Pulse	99	1674096	38054	1
A_HP_08	20	Picture	response43	1686628	186	1	40229	1	0	40000	hit	102
A_HP_08	20	Response	1	1693075	6633	1
A_HP_08	20	Pulse	99	1694096	7654	1
A_HP_08	20	Pulse	99	1714096	27654	1
A_HP_08	20	Pulse	99	1734096	47654	1
A_HP_08	21	Picture	response45	1737085	244	1	40229	1	0	40000	hit	107
A_HP_08	21	Response	2	1743385	6543	1
A_HP_08	21	Pulse	99	1754096	17254	1
A_HP_08	21	Pulse	99	1774096	37255	1
A_HP_08	22	Picture	response46	1787377	135	1	40230	1	0	40000	hit	111
A_HP_08	22	Response	1	1792485	5243	1
A_HP_08	22	Pulse	99	1794096	6854	1
A_HP_08	22	Pulse	99	1814096	26855	1
A_HP_08	22	Pulse	99	1834096	46855	1
A_HP_08	23	Picture	ins8	1837835	193	1	30229	1	0	30000	other	0
A_HP_08	23	Pulse	99	1854096	16455	1
A_HP_08	23	Pulse	99	1874096	36455	1
A_HP_08	23	Pulse	99	1894016	56375	1
A_HP_08	23	Pulse	99	1914096	76454	1
A_HP_08	23	Pulse	99	1934097	96455	1
A_HP_08	23	Pulse	99	1954016	116375	1
A_HP_08	23	Pulse	99	1974096	136454	1
A_HP_08	23	Pulse	99	1994096	156455	1
A_HP_08	23	Pulse	99	2014096	176454	1
A_HP_08	23	Pulse	99	2034096	196455	1
A_HP_08	23	Pulse	99	2054096	216454	1
A_HP_08	23	Pulse	99	2074096	236454	1
A_HP_08	23	Pulse	99	2094096	256454	1
A_HP_08	23	Pulse	99	2114096	276455	1
A_HP_08	23	Pulse	99	2134096	296454	1
A_HP_08	24	Response	3	2154096	6224	1
A_HP_08	24	Pulse	99	2154096	6224	1
A_HP_08	25	Picture	response57	2154671	230	1	40229	1	0	40000	hit	134
A_HP_08	25	Response	1	2161785	7343	1
A_HP_08	25	Pulse	99	2174096	19654	1
A_HP_08	25	Pulse	99	2194096	39655	1
A_HP_08	26	Picture	response58	2205129	287	1	40229	1	0	40000	hit	138
A_HP_08	26	Response	2	2210555	5714	1
A_HP_08	26	Pulse	99	2214015	9174	1
A_HP_08	26	Pulse	99	2234096	29255	1
A_HP_08	26	Pulse	99	2254096	49255	1
A_HP_08	27	Picture	response64	2255420	179	1	40229	1	0	40000	hit	143
A_HP_08	27	Response	1	2260835	5593	1
A_HP_08	27	Pulse	99	2274016	18775	1
A_HP_08	27	Pulse	99	2294096	38854	1
A_HP_08	28	Picture	response63	2305711	70	1	40229	1	0	40000	hit	148
A_HP_08	28	Pulse	99	2314096	8454	1
A_HP_08	28	Response	1	2314404	8763	1
A_HP_08	28	Pulse	99	2334016	28374	1
A_HP_08	28	Pulse	99	2354096	48455	1
A_HP_08	29	Picture	response59	2356336	294	1	40229	1	0	40000	incorrect	152
A_HP_08	29	Response	1	2364524	8483	1
A_HP_08	29	Pulse	99	2374096	18055	1
A_HP_08	29	Pulse	99	2394096	38054	1
A_HP_08	30	Picture	response61	2406627	186	1	40229	1	0	40000	hit	157
A_HP_08	30	Pulse	99	2414096	7655	1
A_HP_08	30	Response	2	2419454	13013	1
A_HP_08	30	Pulse	99	2434096	27655	1
A_HP_08	30	Pulse	99	2454096	47655	1
A_HP_08	31	Picture	response60	2457085	244	1	40229	1	0	40000	hit	161
A_HP_08	31	Response	1	2464235	7393	1
A_HP_08	31	Pulse	99	2474096	17254	1
A_HP_08	31	Pulse	99	2494096	37255	1
A_HP_08	32	Picture	response62	2507377	135	1	40229	1	0	40000	hit	166
A_HP_08	32	Pulse	99	2514096	6855	1
A_HP_08	32	Response	1	2517244	10003	1
A_HP_08	32	Pulse	99	2534016	26775	1
A_HP_08	32	Pulse	99	2554096	46855	1
A_HP_08	33	Picture	ins14	2557835	193	1	30229	1	0	30000	other	0
A_HP_08	33	Pulse	99	2574096	16454	1
A_HP_08	33	Pulse	99	2594016	36374	1
A_HP_08	33	Pulse	99	2614096	56454	1
A_HP_08	33	Pulse	99	2634096	76455	1
A_HP_08	33	Pulse	99	2654016	96375	1
A_HP_08	33	Pulse	99	2674096	116454	1
A_HP_08	33	Pulse	99	2694096	136454	1
A_HP_08	33	Pulse	99	2714016	156374	1
A_HP_08	33	Pulse	99	2734096	176454	1
A_HP_08	33	Pulse	99	2754096	196455	1
A_HP_08	33	Pulse	99	2774096	216454	1
A_HP_08	33	Pulse	99	2794096	236454	1
A_HP_08	33	Pulse	99	2814095	256454	1
A_HP_08	33	Pulse	99	2834096	276454	1
A_HP_08	33	Pulse	99	2854016	296374	1
A_HP_08	34	Response	3	2874096	6224	1
A_HP_08	34	Pulse	99	2874096	6224	1
A_HP_08	35	Picture	response105	2874672	230	1	40229	1	0	40000	hit	188
A_HP_08	35	Response	1	2889074	14633	1
A_HP_08	35	Pulse	99	2894095	19653	1
A_HP_08	35	Pulse	99	2914016	39574	1
A_HP_08	36	Picture	response110	2925130	288	1	40229	1	0	40000	hit	193
A_HP_08	36	Pulse	99	2934096	9254	1
A_HP_08	36	Response	2	2939694	14852	1
A_HP_08	36	Pulse	99	2954095	29254	1
A_HP_08	36	Pulse	99	2974015	49174	1
A_HP_08	37	Picture	response111	2975422	180	1	40229	1	0	40000	incorrect	198
A_HP_08	37	Pulse	99	2994096	18854	1
A_HP_08	37	Response	2	3003354	28112	1
A_HP_08	37	Pulse	99	3014095	38853	1
A_HP_08	38	Picture	response106	3025713	72	1	40229	1	0	40000	hit	202
A_HP_08	38	Pulse	99	3034015	8375	1
A_HP_08	38	Response	2	3041154	15513	1
A_HP_08	38	Pulse	99	3054095	28454	1
A_HP_08	38	Pulse	99	3074095	48455	1
A_HP_08	39	Picture	response109	3076337	296	1	40229	1	0	40000	hit	207
A_HP_08	39	Pulse	99	3094016	17974	1
A_HP_08	39	Response	1	3094394	18353	1
A_HP_08	39	Pulse	99	3114096	38055	1
A_HP_08	40	Picture	response108	3126628	188	1	40229	1	0	40000	incorrect	211
A_HP_08	40	Pulse	99	3134095	7654	1
A_HP_08	40	Response	1	3140594	14153	1
A_HP_08	40	Pulse	99	3154096	27655	1
A_HP_08	40	Pulse	99	3174016	47575	1
A_HP_08	41	Picture	response112	3177086	245	1	40229	1	0	40000	hit	215
A_HP_08	41	Response	1	3184934	8093	1
A_HP_08	41	Pulse	99	3194095	17254	1
A_HP_08	41	Pulse	99	3214095	37254	1
A_HP_08	42	Picture	response107	3227377	136	1	40229	1	0	40000	hit	220
A_HP_08	42	Pulse	99	3234016	6774	1
A_HP_08	42	Response	1	3248984	21743	1
A_HP_08	42	Pulse	99	3254095	26854	1
A_HP_08	42	Pulse	99	3274095	46854	1
A_HP_08	43	Picture	ins24	3277835	193	1	30229	1	0	30000	other	0
A_HP_08	43	Pulse	99	3294015	16374	1
A_HP_08	43	Pulse	99	3314096	36454	1
A_HP_08	43	Pulse	99	3334095	56454	1
A_HP_08	43	Pulse	99	3354015	76374	1
A_HP_08	43	Pulse	99	3374095	96454	1
A_HP_08	43	Pulse	99	3394096	116454	1
A_HP_08	43	Pulse	99	3414015	136374	1
A_HP_08	43	Pulse	99	3434095	156454	1
A_HP_08	43	Pulse	99	3454095	176454	1
A_HP_08	43	Pulse	99	3474015	196374	1
A_HP_08	43	Pulse	99	3494015	216374	1
A_HP_08	43	Pulse	99	3514096	236454	1
A_HP_08	43	Pulse	99	3534015	256374	1
A_HP_08	43	Pulse	99	3554015	276374	1
A_HP_08	43	Pulse	99	3574095	296454	1
A_HP_08	44	Response	3	3594095	6224	1
A_HP_08	44	Pulse	99	3594095	6224	1
A_HP_08	45	Picture	response190	3594670	229	1	40229	1	0	40000	hit	243
A_HP_08	45	Pulse	99	3614015	19575	1
A_HP_08	45	Response	2	3617054	22613	1
A_HP_08	45	Pulse	99	3634095	39654	1
A_HP_08	46	Picture	response185	3645128	287	1	40229	1	0	40000	hit	247
A_HP_08	46	Pulse	99	3654096	9255	1
A_HP_08	46	Response	2	3656614	11773	1
A_HP_08	46	Pulse	99	3674015	29175	1
A_HP_08	46	Pulse	99	3694095	49255	1
A_HP_08	47	Picture	response188	3695419	178	1	40229	1	0	40000	hit	251
A_HP_08	47	Response	1	3709355	14114	1
A_HP_08	47	Pulse	99	3714095	18854	1
A_HP_08	47	Pulse	99	3734015	38775	1
A_HP_08	48	Picture	response191	3745710	70	1	40229	1	0	40000	hit	256
A_HP_08	48	Pulse	99	3754095	8455	1
A_HP_08	48	Response	1	3772714	27074	1
A_HP_08	48	Pulse	99	3774095	28454	1
A_HP_08	48	Pulse	99	3794015	48375	1
A_HP_08	49	Picture	response189	3796335	294	1	40229	1	0	40000	incorrect	261
A_HP_08	49	Pulse	99	3814015	17974	1
A_HP_08	49	Response	1	3819903	23863	1
A_HP_08	49	Pulse	99	3834095	38054	1
A_HP_08	50	Picture	response186	3846626	186	1	40229	1	0	40000	hit	265
A_HP_08	50	Pulse	99	3854015	7575	1
A_HP_08	50	Response	1	3872194	25754	1
A_HP_08	50	Pulse	99	3874014	27574	1
A_HP_08	50	Pulse	99	3894095	47655	1
A_HP_08	51	Picture	response187	3897084	243	1	40229	1	0	40000	hit	269
A_HP_08	51	Response	2	3911194	14353	1
A_HP_08	51	Pulse	99	3914014	17174	1
A_HP_08	51	Pulse	99	3934015	37174	1
A_HP_08	52	Picture	response192	3947375	134	1	40229	1	0	40000	hit	274
A_HP_08	52	Pulse	99	3954095	6854	1
A_HP_08	52	Response	1	3967444	20203	1
A_HP_08	52	Pulse	99	3974095	26854	1
A_HP_08	52	Pulse	99	3994015	46774	1
A_HP_08	53	Picture	ins16	3997832	192	1	30229	1	0	30000	other	0
A_HP_08	53	Pulse	99	4014095	16454	1
A_HP_08	53	Pulse	99	4034095	36455	1
A_HP_08	53	Pulse	99	4054015	56374	1
A_HP_08	53	Pulse	99	4074095	76454	1
A_HP_08	53	Pulse	99	4094095	96455	1
A_HP_08	53	Pulse	99	4114015	116374	1
A_HP_08	53	Pulse	99	4134015	136374	1
A_HP_08	53	Pulse	99	4154095	156454	1
A_HP_08	53	Pulse	99	4174015	176374	1
A_HP_08	53	Pulse	99	4194015	196374	1
A_HP_08	53	Pulse	99	4214095	216454	1
A_HP_08	53	Pulse	99	4234015	236374	1
A_HP_08	53	Pulse	99	4254015	256374	1
A_HP_08	53	Pulse	99	4274095	276454	1
A_HP_08	53	Pulse	99	4294015	296374	1
A_HP_08	54	Response	3	4314015	6144	1
A_HP_08	54	Pulse	99	4314015	6144	1
A_HP_08	55	Picture	response121	4314571	230	1	40229	1	0	40000	incorrect	297
A_HP_08	55	Pulse	99	4334095	19754	1
A_HP_08	55	Response	1	4334793	20452	1
A_HP_08	55	Pulse	99	4354095	39754	1
A_HP_08	56	Picture	response128	4365029	288	1	40229	1	0	40000	hit	301
A_HP_08	56	Pulse	99	4374015	9274	1
A_HP_08	56	Response	2	4379863	15122	1
A_HP_08	56	Pulse	99	4394095	29354	1
A_HP_08	56	Pulse	99	4414095	49354	1
A_HP_08	57	Picture	response127	4415321	180	1	40229	1	0	40000	hit	305
A_HP_08	57	Response	2	4424964	9823	1
A_HP_08	57	Pulse	99	4434015	18874	1
A_HP_08	57	Pulse	99	4454015	38875	1
A_HP_08	58	Picture	response124	4465778	237	1	40229	1	0	40000	hit	310
A_HP_08	58	Pulse	99	4474095	8554	1
A_HP_08	58	Response	1	4480003	14462	1
A_HP_08	58	Pulse	99	4494014	28473	1
A_HP_08	58	Pulse	99	4514014	48473	1
A_HP_08	59	Picture	response122	4516070	129	1	40229	1	0	40000	incorrect	315
A_HP_08	59	Pulse	99	4534095	18154	1
A_HP_08	59	Response	2	4539903	23962	1
A_HP_08	59	Pulse	99	4554014	38073	1
A_HP_08	60	Picture	response125	4566695	354	1	40229	1	0	40000	hit	319
A_HP_08	60	Pulse	99	4574015	7674	1
A_HP_08	60	Response	1	4579713	13372	1
A_HP_08	60	Pulse	99	4594095	27754	1
A_HP_08	60	Pulse	99	4614015	47674	1
A_HP_08	61	Picture	response126	4616986	246	1	40229	1	0	40000	hit	323
A_HP_08	61	Response	2	4632933	16193	1
A_HP_08	61	Pulse	99	4634014	17273	1
A_HP_08	61	Pulse	99	4654095	37354	1
A_HP_08	62	Picture	response123	4667278	137	1	40229	1	0	40000	hit	328
A_HP_08	62	Pulse	99	4674015	6874	1
A_HP_08	62	Response	2	4677463	10322	1
A_HP_08	62	Pulse	99	4694015	26874	1
A_HP_08	62	Pulse	99	4714095	46954	1
A_HP_08	63	Picture	thanks	4717237	0	1	10229	1	0	10000	other	0
A_HP_08	63	Pulse	99	4734015	16778	1


Event Type	Code	Type	Response	RT	RT Uncertainty	Time	Uncertainty	Duration	Uncertainty	ReqTime	ReqDur

Picture	ready	other				334329	1	10229	1	0	10000
Picture	ins22	other				394976	1	30229	1	0	30000
Picture	response175	incorrect	1	12544	2	714672	1	40229	1	0	40000
Picture	response170	hit	1	20045	2	765130	1	40230	1	0	40000
Picture	response169	hit	2	24463	2	815422	1	40229	1	0	40000
Picture	response172	hit	1	17542	2	865713	1	40229	1	0	40000
Picture	response173	hit	1	26298	2	916337	1	40229	1	0	40000
Picture	response171	hit	2	11306	2	966629	1	40229	1	0	40000
Picture	response174	hit	1	22088	2	1017087	1	40229	1	0	40000
Picture	response175	hit	2	23787	2	1067378	1	40229	1	0	40000
Picture	ins6	other				1117836	1	30229	1	0	30000
Picture	response44	hit	2	6154	2	1434671	1	40229	1	0	40000
Picture	response48	hit	2	6006	2	1485129	1	40229	1	0	40000
Picture	response42	hit	2	5585	2	1535420	1	40229	1	0	40000
Picture	response41	hit	2	4754	2	1585711	1	40229	1	0	40000
Picture	response47	hit	1	10349	2	1636336	1	40230	1	0	40000
Picture	response43	hit	1	6448	2	1686628	1	40229	1	0	40000
Picture	response45	hit	2	6299	2	1737085	1	40229	1	0	40000
Picture	response46	hit	1	5109	2	1787377	1	40230	1	0	40000
Picture	ins8	other				1837835	1	30229	1	0	30000
Picture	response57	hit	1	7114	2	2154671	1	40229	1	0	40000
Picture	response58	hit	2	5426	2	2205129	1	40229	1	0	40000
Picture	response64	hit	1	5415	2	2255420	1	40229	1	0	40000
Picture	response63	hit	1	8693	2	2305711	1	40229	1	0	40000
Picture	response59	incorrect	1	8188	2	2356336	1	40229	1	0	40000
Picture	response61	hit	2	12827	2	2406627	1	40229	1	0	40000
Picture	response60	hit	1	7150	2	2457085	1	40229	1	0	40000
Picture	response62	hit	1	9867	2	2507377	1	40229	1	0	40000
Picture	ins14	other				2557835	1	30229	1	0	30000
Picture	response105	hit	1	14403	2	2874672	1	40229	1	0	40000
Picture	response110	hit	2	14564	2	2925130	1	40229	1	0	40000
Picture	response111	incorrect	2	27932	2	2975422	1	40229	1	0	40000
Picture	response106	hit	2	15441	2	3025713	1	40229	1	0	40000
Picture	response109	hit	1	18057	2	3076337	1	40229	1	0	40000
Picture	response108	incorrect	1	13965	2	3126628	1	40229	1	0	40000
Picture	response112	hit	1	7848	2	3177086	1	40229	1	0	40000
Picture	response107	hit	1	21607	2	3227377	1	40229	1	0	40000
Picture	ins24	other				3277835	1	30229	1	0	30000
Picture	response190	hit	2	22384	2	3594670	1	40229	1	0	40000
Picture	response185	hit	2	11486	2	3645128	1	40229	1	0	40000
Picture	response188	hit	1	13935	2	3695419	1	40229	1	0	40000
Picture	response191	hit	1	27004	2	3745710	1	40229	1	0	40000
Picture	response189	incorrect	1	23569	2	3796335	1	40229	1	0	40000
Picture	response186	hit	1	25568	2	3846626	1	40229	1	0	40000
Picture	response187	hit	2	14110	2	3897084	1	40229	1	0	40000
Picture	response192	hit	1	20069	2	3947375	1	40229	1	0	40000
Picture	ins16	other				3997832	1	30229	1	0	30000
Picture	response121	incorrect	1	20222	2	4314571	1	40229	1	0	40000
Picture	response128	hit	2	14834	2	4365029	1	40229	1	0	40000
Picture	response127	hit	2	9643	2	4415321	1	40229	1	0	40000
Picture	response124	hit	1	14225	2	4465778	1	40229	1	0	40000
Picture	response122	incorrect	2	23833	2	4516070	1	40229	1	0	40000
Picture	response125	hit	1	13018	2	4566695	1	40229	1	0	40000
Picture	response126	hit	2	15947	2	4616986	1	40229	1	0	40000
Picture	response123	hit	2	10185	2	4667278	1	40229	1	0	40000
Picture	thanks	other				4717237	1	10229	1	0	10000


{
   "app": "Presentation Version 21.0 Build 06.06.19",
   "device": "LENOVO 20KHCTO1WW",
   "experiment": "{C0C68DB1-10BA-42F2-8F79-3F2AFFEED4E4}",
   "os": "Windows 10 64 bit",
   "package": "",
   "parameters": {
      "configuration": "Default configuration"
   },
   "scenario": "Feature experiment(4).sce",
   "subject": "A_HP_08",
   "timestamp": "2019/08/30 02:19:51 GMT"
}
