Scenario - 
Logfile written - 07/18/2019 14:21:40

Subject	Trial	Event Type	Code	Time	TTime	Uncertainty	Duration	Uncertainty	ReqTime	ReqDur	Stim Type	Pair Index

A_HP_03	1	Response	3	576130	575131	1
A_HP_03	1	Pulse	99	576130	575131	1
A_HP_03	2	Picture	ready	576323	0	1	10164	1	0	10000	other	0
A_HP_03	2	Pulse	99	596130	19807	1
A_HP_03	2	Pulse	99	616130	39807	1
A_HP_03	2	Pulse	99	636130	59807	1
A_HP_03	3	Picture	ins6	636971	301	1	30157	1	0	30000	other	0
A_HP_03	3	Pulse	99	656130	19460	1
A_HP_03	3	Pulse	99	676128	39458	3
A_HP_03	3	Pulse	99	696130	59460	1
A_HP_03	3	Pulse	99	716130	79460	1
A_HP_03	3	Pulse	99	736130	99460	1
A_HP_03	3	Pulse	99	756130	119460	1
A_HP_03	3	Pulse	99	776130	139460	1
A_HP_03	3	Pulse	99	796131	159461	1
A_HP_03	3	Pulse	99	816130	179460	1
A_HP_03	3	Pulse	99	836130	199460	1
A_HP_03	3	Pulse	99	856130	219460	1
A_HP_03	3	Pulse	99	876130	239460	1
A_HP_03	3	Pulse	99	896130	259460	1
A_HP_03	3	Pulse	99	916130	279460	1
A_HP_03	3	Pulse	99	936130	299460	1
A_HP_03	4	Response	3	956130	9254	1
A_HP_03	4	Pulse	99	956130	9254	1
A_HP_03	5	Picture	response42	956706	236	1	40321	1	0	40000	hit	26
A_HP_03	5	Response	2	965479	9009	1
A_HP_03	5	Pulse	99	976130	19660	1
A_HP_03	5	Pulse	99	996131	39660	1
A_HP_03	6	Picture	response41	1007191	320	1	40321	1	0	40000	hit	30
A_HP_03	6	Response	2	1013659	6789	1
A_HP_03	6	Pulse	99	1016130	9260	1
A_HP_03	6	Pulse	99	1036130	29260	1
A_HP_03	6	Pulse	99	1056130	49260	1
A_HP_03	7	Picture	response48	1057508	238	1	40154	1	0	40000	hit	35
A_HP_03	7	Response	2	1068669	11399	1
A_HP_03	7	Pulse	99	1076130	18860	1
A_HP_03	7	Pulse	99	1096130	38860	1
A_HP_03	8	Picture	response43	1107993	323	1	40154	1	0	40000	hit	40
A_HP_03	8	Pulse	99	1116132	8462	1
A_HP_03	8	Response	1	1116808	9138	1
A_HP_03	8	Pulse	99	1136130	28460	1
A_HP_03	8	Pulse	99	1156130	48460	1
A_HP_03	9	Picture	response44	1158311	241	1	40154	1	0	40000	hit	45
A_HP_03	9	Pulse	99	1176130	18061	1
A_HP_03	9	Response	2	1184919	26850	1
A_HP_03	9	Pulse	99	1196130	38060	1
A_HP_03	10	Picture	response47	1208629	158	1	40154	1	0	40000	hit	49
A_HP_03	10	Pulse	99	1216131	7660	1
A_HP_03	10	Response	1	1218729	10258	1
A_HP_03	10	Pulse	99	1236130	27660	1
A_HP_03	10	Pulse	99	1256131	47660	1
A_HP_03	11	Picture	response46	1259113	243	1	40154	1	0	40000	hit	53
A_HP_03	11	Response	1	1266939	8068	1
A_HP_03	11	Pulse	99	1276130	17260	1
A_HP_03	11	Pulse	99	1296130	37260	1
A_HP_03	12	Picture	response45	1309431	161	1	40154	1	0	40000	hit	57
A_HP_03	12	Response	2	1315369	6099	1
A_HP_03	12	Pulse	99	1316130	6860	1
A_HP_03	12	Pulse	99	1336130	26860	1
A_HP_03	12	Pulse	99	1356131	46860	1
A_HP_03	13	Picture	ins24	1359916	245	1	30157	1	0	30000	other	0
A_HP_03	13	Pulse	99	1376130	16460	1
A_HP_03	13	Pulse	99	1396131	36460	1
A_HP_03	13	Pulse	99	1416131	56460	1
A_HP_03	13	Pulse	99	1436130	76460	1
A_HP_03	13	Pulse	99	1456131	96460	1
A_HP_03	13	Pulse	99	1476131	116460	1
A_HP_03	13	Pulse	99	1496130	136460	1
A_HP_03	13	Pulse	99	1516130	156460	1
A_HP_03	13	Pulse	99	1536131	176460	1
A_HP_03	13	Pulse	99	1556130	196460	1
A_HP_03	13	Pulse	99	1576130	216460	1
A_HP_03	13	Pulse	99	1596131	236460	1
A_HP_03	13	Pulse	99	1616133	256463	1
A_HP_03	13	Pulse	99	1636130	276460	1
A_HP_03	13	Pulse	99	1656132	296461	1
A_HP_03	14	Response	3	1676131	6144	1
A_HP_03	14	Pulse	99	1676131	6144	1
A_HP_03	15	Picture	response185	1676652	181	1	40154	1	0	40000	hit	81
A_HP_03	15	Pulse	99	1696131	19660	1
A_HP_03	15	Response	2	1699479	23009	1
A_HP_03	15	Pulse	99	1716131	39660	1
A_HP_03	16	Picture	response192	1727136	266	1	40154	1	0	40000	hit	85
A_HP_03	16	Pulse	99	1736131	9260	1
A_HP_03	16	Response	1	1744420	17549	1
A_HP_03	16	Pulse	99	1756131	29260	1
A_HP_03	16	Pulse	99	1776131	49260	1
A_HP_03	17	Picture	response191	1777454	184	1	40154	1	0	40000	hit	90
A_HP_03	17	Pulse	99	1796131	18860	1
A_HP_03	17	Response	1	1806639	29369	1
A_HP_03	17	Pulse	99	1816131	38860	1
A_HP_03	18	Picture	response186	1827939	268	1	40154	1	0	40000	hit	94
A_HP_03	18	Pulse	99	1836131	8460	1
A_HP_03	18	Response	1	1844669	16999	1
A_HP_03	18	Pulse	99	1856131	28461	1
A_HP_03	18	Pulse	99	1876131	48460	1
A_HP_03	19	Picture	response189	1878256	186	1	40154	1	0	40000	hit	98
A_HP_03	19	Response	2	1885949	7879	1
A_HP_03	19	Pulse	99	1896131	18060	1
A_HP_03	19	Pulse	99	1916131	38060	1
A_HP_03	20	Picture	response190	1928574	104	1	40154	1	0	40000	hit	103
A_HP_03	20	Pulse	99	1936131	7660	1
A_HP_03	20	Response	2	1950459	21989	1
A_HP_03	20	Pulse	99	1956130	27660	1
A_HP_03	20	Pulse	99	1976131	47660	1
A_HP_03	21	Picture	response187	1979059	188	1	40154	1	0	40000	hit	107
A_HP_03	21	Response	2	1990310	11439	1
A_HP_03	21	Pulse	99	1996131	17260	1
A_HP_03	21	Pulse	99	2016131	37260	1
A_HP_03	22	Picture	response188	2029377	106	1	40321	1	0	40000	hit	112
A_HP_03	22	Pulse	99	2036131	6860	1
A_HP_03	22	Response	1	2039830	10559	1
A_HP_03	22	Pulse	99	2056131	26860	1
A_HP_03	22	Pulse	99	2076131	46860	1
A_HP_03	23	Picture	ins22	2080028	357	1	30324	1	0	30000	other	0
A_HP_03	23	Pulse	99	2096130	16460	1
A_HP_03	23	Pulse	99	2116131	36460	1
A_HP_03	23	Pulse	99	2136131	56460	1
A_HP_03	23	Pulse	99	2156131	76460	1
A_HP_03	23	Pulse	99	2176131	96460	1
A_HP_03	23	Pulse	99	2196131	116460	1
A_HP_03	23	Pulse	99	2216130	136460	1
A_HP_03	23	Pulse	99	2236131	156460	1
A_HP_03	23	Pulse	99	2256131	176460	1
A_HP_03	23	Pulse	99	2276130	196460	1
A_HP_03	23	Pulse	99	2296131	216460	1
A_HP_03	23	Pulse	99	2316131	236461	1
A_HP_03	23	Pulse	99	2336131	256460	1
A_HP_03	23	Pulse	99	2356131	276460	1
A_HP_03	23	Pulse	99	2376131	296460	1
A_HP_03	24	Response	3	2396131	6198	1
A_HP_03	24	Pulse	99	2396131	6198	1
A_HP_03	25	Picture	response174	2396597	127	1	40154	1	0	40000	hit	134
A_HP_03	25	Response	1	2410900	14429	1
A_HP_03	25	Pulse	99	2416131	19660	1
A_HP_03	25	Pulse	99	2436131	39660	1
A_HP_03	26	Picture	response171	2447082	211	1	40154	1	0	40000	hit	139
A_HP_03	26	Pulse	99	2456131	9260	1
A_HP_03	26	Response	2	2461800	14929	1
A_HP_03	26	Pulse	99	2476131	29260	1
A_HP_03	26	Pulse	99	2496131	49260	1
A_HP_03	27	Picture	response170	2497400	129	1	40154	1	0	40000	hit	143
A_HP_03	27	Response	1	2509620	12349	1
A_HP_03	27	Pulse	99	2516131	18860	1
A_HP_03	27	Pulse	99	2536131	38860	1
A_HP_03	28	Picture	response172	2547884	213	1	40321	1	0	40000	hit	148
A_HP_03	28	Pulse	99	2556131	8460	1
A_HP_03	28	Response	1	2575060	27389	1
A_HP_03	28	Pulse	99	2576131	28460	1
A_HP_03	28	Pulse	99	2596131	48460	1
A_HP_03	29	Picture	response175	2598369	298	1	40321	1	0	40000	hit	153
A_HP_03	29	Pulse	99	2616131	18060	1
A_HP_03	29	Response	2	2626710	28639	1
A_HP_03	29	Pulse	99	2636131	38060	1
A_HP_03	30	Picture	response169	2648687	216	1	40321	1	0	40000	hit	157
A_HP_03	30	Pulse	99	2656131	7660	1
A_HP_03	30	Response	2	2658329	9858	1
A_HP_03	30	Pulse	99	2676131	27660	1
A_HP_03	30	Pulse	99	2696131	47660	1
A_HP_03	31	Picture	response175	2699171	300	1	40154	1	0	40000	hit	161
A_HP_03	31	Response	2	2708210	9339	1
A_HP_03	31	Pulse	99	2716130	17259	1
A_HP_03	31	Pulse	99	2736132	37261	1
A_HP_03	32	Picture	response173	2749489	219	1	40154	1	0	40000	hit	166
A_HP_03	32	Pulse	99	2756131	6860	1
A_HP_03	32	Response	1	2771260	21989	1
A_HP_03	32	Pulse	99	2776131	26861	1
A_HP_03	32	Pulse	99	2796131	46861	1
A_HP_03	33	Picture	ins8	2799974	302	1	30157	1	0	30000	other	0
A_HP_03	33	Pulse	99	2816130	16459	1
A_HP_03	33	Pulse	99	2836132	36461	1
A_HP_03	33	Pulse	99	2856132	56461	1
A_HP_03	33	Pulse	99	2876131	76460	1
A_HP_03	33	Pulse	99	2896131	96460	1
A_HP_03	33	Pulse	99	2916131	116459	1
A_HP_03	33	Pulse	99	2936131	136460	1
A_HP_03	33	Pulse	99	2956131	156460	1
A_HP_03	33	Pulse	99	2976131	176460	1
A_HP_03	33	Pulse	99	2996131	196460	1
A_HP_03	33	Pulse	99	3016131	216460	1
A_HP_03	33	Pulse	99	3036131	236460	1
A_HP_03	33	Pulse	99	3056131	256460	1
A_HP_03	33	Pulse	99	3076131	276459	1
A_HP_03	33	Pulse	99	3096131	296460	1
A_HP_03	34	Response	3	3116131	6253	1
A_HP_03	34	Pulse	99	3116131	6253	1
A_HP_03	35	Picture	response63	3116543	72	1	40321	1	0	40000	hit	188
A_HP_03	35	Response	1	3123250	6779	1
A_HP_03	35	Pulse	99	3136131	19660	1
A_HP_03	35	Pulse	99	3156131	39660	1
A_HP_03	36	Picture	response59	3167194	323	1	40321	1	0	40000	hit	193
A_HP_03	36	Pulse	99	3176131	9260	1
A_HP_03	36	Response	2	3178150	11279	1
A_HP_03	36	Pulse	99	3196131	29260	1
A_HP_03	36	Pulse	99	3216131	49260	1
A_HP_03	37	Picture	response64	3217512	241	1	40154	1	0	40000	hit	197
A_HP_03	37	Response	1	3223530	6259	1
A_HP_03	37	Pulse	99	3236131	18860	1
A_HP_03	37	Pulse	99	3256131	38860	1
A_HP_03	38	Picture	response62	3267996	325	1	40154	1	0	40000	hit	201
A_HP_03	38	Response	1	3276050	8379	1
A_HP_03	38	Pulse	99	3276131	8460	1
A_HP_03	38	Pulse	99	3296131	28460	1
A_HP_03	38	Pulse	99	3316131	48460	1
A_HP_03	39	Picture	response60	3318314	243	1	40154	1	0	40000	hit	206
A_HP_03	39	Response	1	3330800	12729	1
A_HP_03	39	Pulse	99	3336131	18060	1
A_HP_03	39	Pulse	99	3356131	38060	1
A_HP_03	40	Picture	response57	3368632	161	1	40154	1	0	40000	hit	211
A_HP_03	40	Pulse	99	3376131	7660	1
A_HP_03	40	Response	1	3386910	18439	1
A_HP_03	40	Pulse	99	3396131	27660	1
A_HP_03	40	Pulse	99	3416131	47659	1
A_HP_03	41	Picture	response58	3419117	245	1	40154	1	0	40000	hit	215
A_HP_03	41	Response	2	3426170	7299	1
A_HP_03	41	Pulse	99	3436131	17260	1
A_HP_03	41	Pulse	99	3456131	37259	1
A_HP_03	42	Picture	response61	3469435	164	1	40154	1	0	40000	hit	220
A_HP_03	42	Pulse	99	3476132	6861	1
A_HP_03	42	Response	2	3476639	7368	1
A_HP_03	42	Pulse	99	3496131	26860	1
A_HP_03	42	Pulse	99	3516131	46860	1
A_HP_03	43	Picture	ins14	3519919	248	1	30157	1	0	30000	other	0
A_HP_03	43	Pulse	99	3536131	16460	1
A_HP_03	43	Pulse	99	3556052	36381	1
A_HP_03	43	Pulse	99	3576131	56460	1
A_HP_03	43	Pulse	99	3596132	76461	1
A_HP_03	43	Pulse	99	3616052	96381	1
A_HP_03	43	Pulse	99	3636132	116461	1
A_HP_03	43	Pulse	99	3656131	136461	1
A_HP_03	43	Pulse	99	3676131	156461	1
A_HP_03	43	Pulse	99	3696132	176462	1
A_HP_03	43	Pulse	99	3716132	196461	1
A_HP_03	43	Pulse	99	3736132	216461	1
A_HP_03	43	Pulse	99	3756132	236461	1
A_HP_03	43	Pulse	99	3776131	256461	1
A_HP_03	43	Pulse	99	3796132	276461	1
A_HP_03	43	Pulse	99	3816131	296461	1
A_HP_03	44	Response	3	3836132	6141	1
A_HP_03	44	Pulse	99	3836132	6141	1
A_HP_03	45	Picture	response112	3836655	184	1	40154	1	0	40000	hit	242
A_HP_03	45	Response	1	3845710	9239	1
A_HP_03	45	Pulse	99	3856132	19660	1
A_HP_03	45	Pulse	99	3876132	39660	1
A_HP_03	46	Picture	response105	3887140	268	1	40154	1	0	40000	hit	247
A_HP_03	46	Pulse	99	3896132	9260	1
A_HP_03	46	Response	1	3896460	9588	1
A_HP_03	46	Pulse	99	3916132	29260	1
A_HP_03	46	Pulse	99	3936131	49259	1
A_HP_03	47	Picture	response108	3937458	186	1	40154	1	0	40000	hit	251
A_HP_03	47	Response	2	3950410	13138	1
A_HP_03	47	Pulse	99	3956131	18859	1
A_HP_03	47	Pulse	99	3976132	38860	1
A_HP_03	48	Picture	response106	3987942	270	1	40154	1	0	40000	hit	256
A_HP_03	48	Pulse	99	3996052	8381	1
A_HP_03	48	Response	2	3996439	8767	1
A_HP_03	48	Pulse	99	4016132	28460	1
A_HP_03	48	Pulse	99	4036131	48459	1
A_HP_03	49	Picture	response109	4038260	188	1	40154	1	0	40000	hit	260
A_HP_03	49	Response	1	4046680	8609	1
A_HP_03	49	Pulse	99	4056051	17979	1
A_HP_03	49	Pulse	99	4076132	38060	1
A_HP_03	50	Picture	response111	4088578	107	1	40154	1	0	40000	hit	265
A_HP_03	50	Pulse	99	4096132	7661	1
A_HP_03	50	Response	1	4108781	20310	1
A_HP_03	50	Pulse	99	4116052	27581	1
A_HP_03	50	Pulse	99	4136131	47660	1
A_HP_03	51	Picture	response107	4139062	191	1	40154	1	0	40000	hit	269
A_HP_03	51	Response	1	4147510	8639	1
A_HP_03	51	Pulse	99	4156131	17260	1
A_HP_03	51	Pulse	99	4176052	37180	1
A_HP_03	52	Picture	response110	4189380	109	1	40321	1	0	40000	hit	274
A_HP_03	52	Pulse	99	4196132	6860	1
A_HP_03	52	Response	2	4198350	9078	1
A_HP_03	52	Pulse	99	4216132	26860	1
A_HP_03	52	Pulse	99	4236052	46780	1
A_HP_03	53	Picture	ins16	4240031	360	1	30324	1	0	30000	other	0
A_HP_03	53	Pulse	99	4256132	16460	1
A_HP_03	53	Pulse	99	4276132	36460	1
A_HP_03	53	Pulse	99	4296132	56460	1
A_HP_03	53	Pulse	99	4316132	76460	1
A_HP_03	53	Pulse	99	4336132	96460	1
A_HP_03	53	Pulse	99	4356132	116460	1
A_HP_03	53	Pulse	99	4376131	136460	1
A_HP_03	53	Pulse	99	4396132	156460	1
A_HP_03	53	Pulse	99	4416132	176460	1
A_HP_03	53	Pulse	99	4436051	196379	1
A_HP_03	53	Pulse	99	4456132	216460	1
A_HP_03	53	Pulse	99	4476131	236460	1
A_HP_03	53	Pulse	99	4496051	256380	1
A_HP_03	53	Pulse	99	4516132	276460	1
A_HP_03	53	Pulse	99	4536132	296460	1
A_HP_03	54	Response	3	4556051	6115	1
A_HP_03	54	Pulse	99	4556051	6115	1
A_HP_03	55	Picture	response128	4556601	130	1	40154	1	0	40000	hit	296
A_HP_03	55	Response	2	4565641	9169	1
A_HP_03	55	Pulse	99	4576131	19660	1
A_HP_03	55	Pulse	99	4596131	39660	1
A_HP_03	56	Picture	response127	4607085	214	1	40154	1	0	40000	hit	300
A_HP_03	56	Response	2	4613560	6689	1
A_HP_03	56	Pulse	99	4616051	9180	1
A_HP_03	56	Pulse	99	4636132	29260	1
A_HP_03	56	Pulse	99	4656132	49260	1
A_HP_03	57	Picture	response123	4657403	132	1	40154	1	0	40000	hit	305
A_HP_03	57	Response	2	4674130	16859	1
A_HP_03	57	Pulse	99	4676051	18780	1
A_HP_03	57	Pulse	99	4696132	38861	1
A_HP_03	58	Picture	response121	4707888	216	1	40321	1	0	40000	hit	310
A_HP_03	58	Pulse	99	4716132	8460	1
A_HP_03	58	Response	2	4728671	20999	1
A_HP_03	58	Pulse	99	4736052	28380	1
A_HP_03	58	Pulse	99	4756132	48460	1
A_HP_03	59	Picture	response125	4758372	300	1	40321	1	0	40000	hit	314
A_HP_03	59	Response	1	4766491	8419	1
A_HP_03	59	Pulse	99	4776132	18060	1
A_HP_03	59	Pulse	99	4796052	37980	1
A_HP_03	60	Picture	response122	4808690	218	1	40321	1	0	40000	hit	320
A_HP_03	60	Pulse	99	4816132	7660	1
A_HP_03	60	Pulse	99	4836132	27660	1
A_HP_03	60	Response	1	4839641	31169	1
A_HP_03	60	Pulse	99	4856053	47581	1
A_HP_03	61	Picture	response124	4859175	303	1	40154	1	0	40000	hit	323
A_HP_03	61	Response	1	4873741	14869	1
A_HP_03	61	Pulse	99	4876052	17180	1
A_HP_03	61	Pulse	99	4896132	37260	1
A_HP_03	62	Picture	response126	4909492	220	1	40154	1	0	40000	hit	328
A_HP_03	62	Pulse	99	4916132	6860	1
A_HP_03	62	Response	2	4921641	12369	1
A_HP_03	62	Pulse	99	4936053	26781	1
A_HP_03	62	Pulse	99	4956132	46860	1
A_HP_03	63	Picture	thanks	4959477	0	1	10164	1	0	10000	other	0
A_HP_03	63	Pulse	99	4976132	16655	1


Event Type	Code	Type	Response	RT	RT Uncertainty	Time	Uncertainty	Duration	Uncertainty	ReqTime	ReqDur

Picture	ready	other				576323	1	10164	1	0	10000
Picture	ins6	other				636971	1	30157	1	0	30000
Picture	response42	hit	2	8773	2	956706	1	40321	1	0	40000
Picture	response41	hit	2	6468	2	1007191	1	40321	1	0	40000
Picture	response48	hit	2	11160	2	1057508	1	40154	1	0	40000
Picture	response43	hit	1	8815	2	1107993	1	40154	1	0	40000
Picture	response44	hit	2	26608	2	1158311	1	40154	1	0	40000
Picture	response47	hit	1	10100	2	1208629	1	40154	1	0	40000
Picture	response46	hit	1	7826	2	1259113	1	40154	1	0	40000
Picture	response45	hit	2	5938	2	1309431	1	40154	1	0	40000
Picture	ins24	other				1359916	1	30157	1	0	30000
Picture	response185	hit	2	22827	2	1676652	1	40154	1	0	40000
Picture	response192	hit	1	17283	2	1727136	1	40154	1	0	40000
Picture	response191	hit	1	29185	2	1777454	1	40154	1	0	40000
Picture	response186	hit	1	16731	2	1827939	1	40154	1	0	40000
Picture	response189	hit	2	7693	2	1878256	1	40154	1	0	40000
Picture	response190	hit	2	21885	2	1928574	1	40154	1	0	40000
Picture	response187	hit	2	11251	2	1979059	1	40154	1	0	40000
Picture	response188	hit	1	10453	2	2029377	1	40321	1	0	40000
Picture	ins22	other				2080028	1	30324	1	0	30000
Picture	response174	hit	1	14302	2	2396597	1	40154	1	0	40000
Picture	response171	hit	2	14718	2	2447082	1	40154	1	0	40000
Picture	response170	hit	1	12220	2	2497400	1	40154	1	0	40000
Picture	response172	hit	1	27176	2	2547884	1	40321	1	0	40000
Picture	response175	hit	2	28341	2	2598369	1	40321	1	0	40000
Picture	response169	hit	2	9643	2	2648687	1	40321	1	0	40000
Picture	response175	hit	2	9039	2	2699171	1	40154	1	0	40000
Picture	response173	hit	1	21771	2	2749489	1	40154	1	0	40000
Picture	ins8	other				2799974	1	30157	1	0	30000
Picture	response63	hit	1	6707	2	3116543	1	40321	1	0	40000
Picture	response59	hit	2	10956	2	3167194	1	40321	1	0	40000
Picture	response64	hit	1	6018	2	3217512	1	40154	1	0	40000
Picture	response62	hit	1	8054	2	3267996	1	40154	1	0	40000
Picture	response60	hit	1	12486	2	3318314	1	40154	1	0	40000
Picture	response57	hit	1	18278	2	3368632	1	40154	1	0	40000
Picture	response58	hit	2	7053	2	3419117	1	40154	1	0	40000
Picture	response61	hit	2	7204	2	3469435	1	40154	1	0	40000
Picture	ins14	other				3519919	1	30157	1	0	30000
Picture	response112	hit	1	9055	2	3836655	1	40154	1	0	40000
Picture	response105	hit	1	9320	2	3887140	1	40154	1	0	40000
Picture	response108	hit	2	12953	2	3937458	1	40154	1	0	40000
Picture	response106	hit	2	8497	2	3987942	1	40154	1	0	40000
Picture	response109	hit	1	8420	2	4038260	1	40154	1	0	40000
Picture	response111	hit	1	20203	2	4088578	1	40154	1	0	40000
Picture	response107	hit	1	8448	2	4139062	1	40154	1	0	40000
Picture	response110	hit	2	8970	2	4189380	1	40321	1	0	40000
Picture	ins16	other				4240031	1	30324	1	0	30000
Picture	response128	hit	2	9040	2	4556601	1	40154	1	0	40000
Picture	response127	hit	2	6475	2	4607085	1	40154	1	0	40000
Picture	response123	hit	2	16727	2	4657403	1	40154	1	0	40000
Picture	response121	hit	2	20783	2	4707888	1	40321	1	0	40000
Picture	response125	hit	1	8119	2	4758372	1	40321	1	0	40000
Picture	response122	hit	1	30951	2	4808690	1	40321	1	0	40000
Picture	response124	hit	1	14566	2	4859175	1	40154	1	0	40000
Picture	response126	hit	2	12149	2	4909492	1	40154	1	0	40000
Picture	thanks	other				4959477	1	10164	1	0	10000


{
   "app": "Presentation Version 21.0 Build 06.06.19",
   "device": "LENOVO 20KHCTO1WW",
   "experiment": "{C0C68DB1-10BA-42F2-8F79-3F2AFFEED4E4}",
   "os": "Windows 10 64 bit",
   "package": "",
   "parameters": {
      "configuration": "Default configuration"
   },
   "scenario": "Feature experiment(4).sce",
   "subject": "A_HP_03",
   "timestamp": "2019/07/18 05:13:14 GMT"
}
