Scenario - 
Logfile written - 10/18/2019 13:13:56

Subject	Trial	Event Type	Code	Time	TTime	Uncertainty	Duration	Uncertainty	ReqTime	ReqDur	Stim Type	Pair Index

A_HP_21	1	Response	3	266249	265083	1
A_HP_21	1	Pulse	99	266249	265083	1
A_HP_21	2	Picture	ready	266481	0	1	10229	1	0	10000	other	0
A_HP_21	2	Pulse	99	286249	19768	1
A_HP_21	2	Pulse	99	306249	39768	1
A_HP_21	2	Pulse	99	326249	59768	1
A_HP_21	3	Picture	ins22	327131	234	1	30230	1	0	30000	other	0
A_HP_21	3	Pulse	99	346250	19352	1
A_HP_21	3	Pulse	99	366249	39352	1
A_HP_21	3	Pulse	99	386249	59352	1
A_HP_21	3	Pulse	99	406249	79352	1
A_HP_21	3	Pulse	99	426169	99272	1
A_HP_21	3	Pulse	99	446249	119352	1
A_HP_21	3	Pulse	99	466249	139352	1
A_HP_21	3	Pulse	99	486249	159352	1
A_HP_21	3	Pulse	99	506249	179352	1
A_HP_21	3	Pulse	99	526249	199352	1
A_HP_21	3	Pulse	99	546249	219352	1
A_HP_21	3	Pulse	99	566249	239352	1
A_HP_21	3	Pulse	99	586249	259352	1
A_HP_21	3	Pulse	99	606249	279352	1
A_HP_21	3	Pulse	99	626249	299352	1
A_HP_21	4	Response	3	646249	9121	1
A_HP_21	4	Pulse	99	646249	9121	1
A_HP_21	5	Picture	response173	646827	230	1	40229	1	0	40000	hit	27
A_HP_21	5	Pulse	99	666249	19652	1
A_HP_21	5	Response	1	668377	21780	1
A_HP_21	5	Pulse	99	686249	39652	1
A_HP_21	6	Picture	response175	697286	288	1	40229	1	0	40000	hit	31
A_HP_21	6	Pulse	99	706249	9252	1
A_HP_21	6	Response	2	711327	14330	1
A_HP_21	6	Pulse	99	726249	29252	1
A_HP_21	6	Pulse	99	746249	49252	1
A_HP_21	7	Picture	response172	747577	180	1	40229	1	0	40000	incorrect	36
A_HP_21	7	Pulse	99	766249	18852	1
A_HP_21	7	Response	2	768937	21540	1
A_HP_21	7	Pulse	99	786249	38852	1
A_HP_21	8	Picture	response174	797869	72	1	40229	1	0	40000	hit	40
A_HP_21	8	Pulse	99	806249	8452	1
A_HP_21	8	Response	1	810737	12940	1
A_HP_21	8	Pulse	99	826249	28452	1
A_HP_21	8	Pulse	99	846249	48452	1
A_HP_21	9	Picture	response169	848493	296	1	40229	1	0	40000	hit	44
A_HP_21	9	Response	2	861178	12981	1
A_HP_21	9	Pulse	99	866248	18051	1
A_HP_21	9	Pulse	99	886249	38052	1
A_HP_21	10	Picture	response171	898784	187	1	40229	1	0	40000	hit	49
A_HP_21	10	Pulse	99	906249	7652	1
A_HP_21	10	Response	2	911237	12641	1
A_HP_21	10	Pulse	99	926249	27652	1
A_HP_21	10	Pulse	99	946249	47652	1
A_HP_21	11	Picture	response175	949242	246	1	40229	1	0	40000	hit	54
A_HP_21	11	Pulse	99	966249	17252	1
A_HP_21	11	Response	2	973378	24381	1
A_HP_21	11	Pulse	99	986169	37172	1
A_HP_21	12	Picture	response170	999534	138	1	40229	1	0	40000	hit	58
A_HP_21	12	Pulse	99	1006249	6853	1
A_HP_21	12	Response	1	1008447	9051	1
A_HP_21	12	Pulse	99	1026249	26852	1
A_HP_21	12	Pulse	99	1046169	46772	1
A_HP_21	13	Picture	ins8	1049992	196	1	30229	1	0	30000	other	0
A_HP_21	13	Pulse	99	1066249	16453	1
A_HP_21	13	Pulse	99	1086249	36452	1
A_HP_21	13	Pulse	99	1106169	56372	1
A_HP_21	13	Pulse	99	1126249	76453	1
A_HP_21	13	Pulse	99	1146249	96453	1
A_HP_21	13	Pulse	99	1166169	116372	1
A_HP_21	13	Pulse	99	1186249	136453	1
A_HP_21	13	Pulse	99	1206249	156452	1
A_HP_21	13	Pulse	99	1226169	176373	1
A_HP_21	13	Pulse	99	1246249	196452	1
A_HP_21	13	Pulse	99	1266249	216452	1
A_HP_21	13	Pulse	99	1286169	236372	1
A_HP_21	13	Pulse	99	1306249	256452	1
A_HP_21	13	Pulse	99	1326249	276452	1
A_HP_21	13	Pulse	99	1346249	296452	1
A_HP_21	14	Response	3	1366249	6222	1
A_HP_21	14	Pulse	99	1366249	6222	1
A_HP_21	15	Picture	response61	1366826	230	1	40229	1	0	40000	hit	80
A_HP_21	15	Response	2	1376457	9860	1
A_HP_21	15	Pulse	99	1386249	19652	1
A_HP_21	15	Pulse	99	1406249	39652	1
A_HP_21	16	Picture	response63	1417284	288	1	40229	1	0	40000	hit	85
A_HP_21	16	Pulse	99	1426249	9253	1
A_HP_21	16	Response	1	1427878	10881	1
A_HP_21	16	Pulse	99	1446249	29253	1
A_HP_21	16	Pulse	99	1466248	49252	1
A_HP_21	17	Picture	response64	1467576	180	1	40229	1	0	40000	hit	89
A_HP_21	17	Response	1	1483077	15681	1
A_HP_21	17	Pulse	99	1486249	18852	1
A_HP_21	17	Pulse	99	1506249	38852	1
A_HP_21	18	Picture	response62	1517867	71	1	40229	1	0	40000	hit	94
A_HP_21	18	Pulse	99	1526249	8452	1
A_HP_21	18	Response	1	1531557	13761	1
A_HP_21	18	Pulse	99	1546168	28372	1
A_HP_21	18	Pulse	99	1566248	48452	1
A_HP_21	19	Picture	response58	1568492	296	1	40229	1	0	40000	hit	98
A_HP_21	19	Response	2	1576687	8491	1
A_HP_21	19	Pulse	99	1586249	18052	1
A_HP_21	19	Pulse	99	1606169	37973	1
A_HP_21	20	Picture	response60	1618783	187	1	40229	1	0	40000	hit	103
A_HP_21	20	Pulse	99	1626249	7653	1
A_HP_21	20	Response	1	1633427	14831	1
A_HP_21	20	Pulse	99	1646249	27653	1
A_HP_21	20	Pulse	99	1666169	47573	1
A_HP_21	21	Picture	response59	1669241	245	1	40229	1	0	40000	hit	107
A_HP_21	21	Response	2	1678547	9551	1
A_HP_21	21	Pulse	99	1686248	17252	1
A_HP_21	21	Pulse	99	1706249	37252	1
A_HP_21	22	Picture	response57	1719533	136	1	40229	1	0	40000	hit	112
A_HP_21	22	Pulse	99	1726168	6772	1
A_HP_21	22	Response	1	1727137	7740	1
A_HP_21	22	Pulse	99	1746249	26852	1
A_HP_21	22	Pulse	99	1766248	46852	1
A_HP_21	23	Picture	ins6	1769991	195	1	30229	1	0	30000	other	0
A_HP_21	23	Pulse	99	1786168	16372	1
A_HP_21	23	Pulse	99	1806249	36452	1
A_HP_21	23	Pulse	99	1826248	56451	1
A_HP_21	23	Pulse	99	1846169	76372	1
A_HP_21	23	Pulse	99	1866249	96452	1
A_HP_21	23	Pulse	99	1886249	116452	1
A_HP_21	23	Pulse	99	1906168	136372	1
A_HP_21	23	Pulse	99	1926248	156452	1
A_HP_21	23	Pulse	99	1946248	176452	1
A_HP_21	23	Pulse	99	1966168	196372	1
A_HP_21	23	Pulse	99	1986248	216452	1
A_HP_21	23	Pulse	99	2006249	236452	1
A_HP_21	23	Pulse	99	2026168	256372	1
A_HP_21	23	Pulse	99	2046248	276452	1
A_HP_21	23	Pulse	99	2066249	296452	1
A_HP_21	24	Response	3	2086168	6142	1
A_HP_21	24	Pulse	99	2086168	6142	1
A_HP_21	25	Picture	response47	2086726	230	1	40229	1	0	40000	hit	135
A_HP_21	25	Pulse	99	2106169	19673	1
A_HP_21	25	Response	1	2106946	20450	1
A_HP_21	25	Pulse	99	2126248	39752	1
A_HP_21	26	Picture	response45	2137184	288	1	40229	1	0	40000	hit	138
A_HP_21	26	Response	2	2144637	7741	1
A_HP_21	26	Pulse	99	2146248	9352	1
A_HP_21	26	Pulse	99	2166169	29273	1
A_HP_21	26	Pulse	99	2186248	49353	1
A_HP_21	27	Picture	response42	2187475	179	1	40229	1	0	40000	hit	143
A_HP_21	27	Response	2	2194707	7411	1
A_HP_21	27	Pulse	99	2206248	18952	1
A_HP_21	27	Pulse	99	2226168	38872	1
A_HP_21	28	Picture	response44	2237934	238	1	40229	1	0	40000	hit	148
A_HP_21	28	Pulse	99	2246248	8552	1
A_HP_21	28	Response	2	2250337	12641	1
A_HP_21	28	Pulse	99	2266248	28552	1
A_HP_21	28	Pulse	99	2286168	48472	1
A_HP_21	29	Picture	response41	2288226	130	1	40230	1	0	40000	hit	152
A_HP_21	29	Response	2	2294527	6431	1
A_HP_21	29	Pulse	99	2306248	18152	1
A_HP_21	29	Pulse	99	2326248	38152	1
A_HP_21	30	Picture	response46	2338851	355	1	40230	1	0	40000	hit	156
A_HP_21	30	Response	1	2343987	5491	1
A_HP_21	30	Pulse	99	2346168	7672	1
A_HP_21	30	Pulse	99	2366248	27752	1
A_HP_21	30	Pulse	99	2386248	47752	1
A_HP_21	31	Picture	response48	2389143	247	1	40229	1	0	40000	hit	161
A_HP_21	31	Response	2	2394437	5541	1
A_HP_21	31	Pulse	99	2406168	17272	1
A_HP_21	31	Pulse	99	2426248	37352	1
A_HP_21	32	Picture	response43	2439435	139	1	40229	1	0	40000	hit	165
A_HP_21	32	Response	1	2445187	5891	1
A_HP_21	32	Pulse	99	2446248	6952	1
A_HP_21	32	Pulse	99	2466168	26872	1
A_HP_21	32	Pulse	99	2486248	46952	1
A_HP_21	33	Picture	ins14	2489893	197	1	30229	1	0	30000	other	0
A_HP_21	33	Pulse	99	2506248	16552	1
A_HP_21	33	Pulse	99	2526168	36472	1
A_HP_21	33	Pulse	99	2546248	56552	1
A_HP_21	33	Pulse	99	2566248	76552	1
A_HP_21	33	Pulse	99	2586168	96472	1
A_HP_21	33	Pulse	99	2606248	116552	1
A_HP_21	33	Pulse	99	2626248	136552	1
A_HP_21	33	Pulse	99	2646168	156472	1
A_HP_21	33	Pulse	99	2666168	176472	1
A_HP_21	33	Pulse	99	2686248	196552	1
A_HP_21	33	Pulse	99	2706168	216472	1
A_HP_21	33	Pulse	99	2726167	236471	1
A_HP_21	33	Pulse	99	2746248	256552	1
A_HP_21	33	Pulse	99	2766168	276472	1
A_HP_21	33	Pulse	99	2786168	296472	1
A_HP_21	34	Response	3	2806248	6322	1
A_HP_21	34	Pulse	99	2806248	6322	1
A_HP_21	35	Picture	response109	2806826	229	1	40229	1	0	40000	hit	188
A_HP_21	35	Response	1	2819197	12600	1
A_HP_21	35	Pulse	99	2826168	19572	1
A_HP_21	35	Pulse	99	2846168	39572	1
A_HP_21	36	Picture	response106	2857284	288	1	40229	1	0	40000	hit	193
A_HP_21	36	Pulse	99	2866248	9252	1
A_HP_21	36	Response	2	2866536	9541	1
A_HP_21	36	Pulse	99	2886167	29172	1
A_HP_21	36	Pulse	99	2906168	49172	1
A_HP_21	37	Picture	response111	2907575	179	1	40229	1	0	40000	hit	198
A_HP_21	37	Pulse	99	2926248	18852	1
A_HP_21	37	Response	1	2929166	21771	1
A_HP_21	37	Pulse	99	2946168	38772	1
A_HP_21	38	Picture	response110	2957866	70	1	40229	1	0	40000	hit	202
A_HP_21	38	Pulse	99	2966168	8372	1
A_HP_21	38	Response	2	2968346	10550	1
A_HP_21	38	Pulse	99	2986248	28452	1
A_HP_21	38	Pulse	99	3006248	48452	1
A_HP_21	39	Picture	response107	3008491	294	1	40229	1	0	40000	hit	207
A_HP_21	39	Pulse	99	3026168	17972	1
A_HP_21	39	Response	1	3027696	19500	1
A_HP_21	39	Pulse	99	3046248	38052	1
A_HP_21	40	Picture	response108	3058782	186	1	40229	1	0	40000	incorrect	212
A_HP_21	40	Pulse	99	3066248	7653	1
A_HP_21	40	Pulse	99	3086168	27573	1
A_HP_21	40	Response	1	3100267	41671	1
A_HP_21	40	Pulse	99	3106248	47653	1
A_HP_21	41	Picture	response105	3109240	245	1	40229	1	0	40000	hit	216
A_HP_21	41	Pulse	99	3126248	17253	1
A_HP_21	41	Response	1	3126736	17740	1
A_HP_21	41	Pulse	99	3146168	37173	1
A_HP_21	42	Picture	response112	3159532	137	1	40229	1	0	40000	hit	220
A_HP_21	42	Pulse	99	3166247	6852	1
A_HP_21	42	Response	1	3171567	12171	1
A_HP_21	42	Pulse	99	3186248	26853	1
A_HP_21	42	Pulse	99	3206168	46772	1
A_HP_21	43	Picture	ins16	3209990	195	1	30230	1	0	30000	other	0
A_HP_21	43	Pulse	99	3226168	16373	1
A_HP_21	43	Pulse	99	3246247	36452	1
A_HP_21	43	Pulse	99	3266168	56372	1
A_HP_21	43	Pulse	99	3286168	76373	1
A_HP_21	43	Pulse	99	3306248	96452	1
A_HP_21	43	Pulse	99	3326168	116372	1
A_HP_21	43	Pulse	99	3346168	136372	1
A_HP_21	43	Pulse	99	3366248	156452	1
A_HP_21	43	Pulse	99	3386168	176372	1
A_HP_21	43	Pulse	99	3406168	196372	1
A_HP_21	43	Pulse	99	3426248	216452	1
A_HP_21	43	Pulse	99	3446168	236372	1
A_HP_21	43	Pulse	99	3466168	256372	1
A_HP_21	43	Pulse	99	3486248	276452	1
A_HP_21	43	Pulse	99	3506168	296372	1
A_HP_21	44	Response	3	3526168	6141	1
A_HP_21	44	Pulse	99	3526168	6141	1
A_HP_21	45	Picture	response125	3526726	230	1	40229	1	0	40000	hit	242
A_HP_21	45	Response	1	3542036	15540	1
A_HP_21	45	Pulse	99	3546247	19751	1
A_HP_21	45	Pulse	99	3566167	39672	1
A_HP_21	46	Picture	response126	3577184	289	1	40229	1	0	40000	hit	246
A_HP_21	46	Response	2	3586136	9241	1
A_HP_21	46	Pulse	99	3586167	9272	1
A_HP_21	46	Pulse	99	3606248	29352	1
A_HP_21	46	Pulse	99	3626167	49272	1
A_HP_21	47	Picture	response122	3627475	179	1	40229	1	0	40000	hit	252
A_HP_21	47	Pulse	99	3646168	18872	1
A_HP_21	47	Response	1	3646416	19120	1
A_HP_21	47	Pulse	99	3666248	38952	1
A_HP_21	48	Picture	response127	3677933	238	1	40229	1	0	40000	hit	256
A_HP_21	48	Pulse	99	3686168	8473	1
A_HP_21	48	Response	2	3689486	11791	1
A_HP_21	48	Pulse	99	3706167	28472	1
A_HP_21	48	Pulse	99	3726248	48552	1
A_HP_21	49	Picture	response123	3728225	130	1	40229	1	0	40000	hit	260
A_HP_21	49	Response	2	3736586	8491	1
A_HP_21	49	Pulse	99	3746168	18073	1
A_HP_21	49	Pulse	99	3766168	38072	1
A_HP_21	50	Picture	response128	3778849	354	1	40229	1	0	40000	hit	265
A_HP_21	50	Pulse	99	3786167	7672	1
A_HP_21	50	Response	2	3789236	10741	1
A_HP_21	50	Pulse	99	3806167	27672	1
A_HP_21	50	Pulse	99	3826168	47672	1
A_HP_21	51	Picture	response121	3829141	245	1	40229	1	0	40000	hit	269
A_HP_21	51	Response	2	3844496	15601	1
A_HP_21	51	Pulse	99	3846168	17272	1
A_HP_21	51	Pulse	99	3866248	37352	1
A_HP_21	52	Picture	response124	3879432	137	1	40229	1	0	40000	hit	274
A_HP_21	52	Pulse	99	3886168	6872	1
A_HP_21	52	Response	1	3896906	17611	1
A_HP_21	52	Pulse	99	3906168	26873	1
A_HP_21	52	Pulse	99	3926247	46952	1
A_HP_21	53	Picture	ins24	3929890	195	1	30271	1	0	30000	other	0
A_HP_21	53	Pulse	99	3946168	16472	1
A_HP_21	53	Pulse	99	3966167	36472	1
A_HP_21	53	Pulse	99	3986248	56552	1
A_HP_21	53	Pulse	99	4006167	76472	1
A_HP_21	53	Pulse	99	4026167	96472	1
A_HP_21	53	Pulse	99	4046247	116552	1
A_HP_21	53	Pulse	99	4066167	136472	1
A_HP_21	53	Pulse	99	4086167	156472	1
A_HP_21	53	Pulse	99	4106247	176552	1
A_HP_21	53	Pulse	99	4126167	196471	1
A_HP_21	53	Pulse	99	4146168	216472	1
A_HP_21	53	Pulse	99	4166248	236553	1
A_HP_21	53	Pulse	99	4186167	256472	1
A_HP_21	53	Pulse	99	4206167	276472	1
A_HP_21	53	Pulse	99	4226247	296552	1
A_HP_21	54	Response	3	4246167	6241	1
A_HP_21	54	Pulse	99	4246167	6241	1
A_HP_21	55	Picture	response187	4246725	230	1	40230	1	0	40000	hit	296
A_HP_21	55	Response	2	4260056	13561	1
A_HP_21	55	Pulse	99	4266167	19671	1
A_HP_21	55	Pulse	99	4286247	39752	1
A_HP_21	56	Picture	response188	4297185	290	1	40229	1	0	40000	hit	301
A_HP_21	56	Pulse	99	4306168	9273	1
A_HP_21	56	Response	1	4307885	10990	1
A_HP_21	56	Pulse	99	4326167	29272	1
A_HP_21	56	Pulse	99	4346247	49352	1
A_HP_21	57	Picture	response189	4347476	181	1	40229	1	0	40000	hit	305
A_HP_21	57	Response	2	4361656	14361	1
A_HP_21	57	Pulse	99	4366167	18872	1
A_HP_21	57	Pulse	99	4386167	38872	1
A_HP_21	58	Picture	response192	4397934	239	1	40229	1	0	40000	hit	311
A_HP_21	58	Pulse	99	4406167	8473	1
A_HP_21	58	Pulse	99	4426167	28473	1
A_HP_21	58	Response	1	4427375	29680	1
A_HP_21	58	Pulse	99	4446167	48473	1
A_HP_21	59	Picture	response185	4448225	130	1	40230	1	0	40000	hit	315
A_HP_21	59	Pulse	99	4466167	18072	1
A_HP_21	59	Response	2	4470826	22731	1
A_HP_21	59	Pulse	99	4486167	38072	1
A_HP_21	60	Picture	response186	4498850	355	1	40230	1	0	40000	hit	319
A_HP_21	60	Pulse	99	4506167	7672	1
A_HP_21	60	Response	1	4514546	16051	1
A_HP_21	60	Pulse	99	4526166	27671	1
A_HP_21	60	Pulse	99	4546167	47672	1
A_HP_21	61	Picture	response190	4549142	248	1	40229	1	0	40000	incorrect	323
A_HP_21	61	Response	1	4560296	11401	1
A_HP_21	61	Pulse	99	4566167	17272	1
A_HP_21	61	Pulse	99	4586167	37272	1
A_HP_21	62	Picture	response191	4599434	139	1	40229	1	0	40000	hit	329
A_HP_21	62	Pulse	99	4606167	6872	1
A_HP_21	62	Pulse	99	4626167	26872	1
A_HP_21	62	Response	1	4629605	30311	1
A_HP_21	62	Pulse	99	4646167	46872	1
A_HP_21	63	Picture	thanks	4649392	0	1	10229	1	0	10000	other	0
A_HP_21	63	Pulse	99	4666167	16775	1


Event Type	Code	Type	Response	RT	RT Uncertainty	Time	Uncertainty	Duration	Uncertainty	ReqTime	ReqDur

Picture	ready	other				266481	1	10229	1	0	10000
Picture	ins22	other				327131	1	30230	1	0	30000
Picture	response173	hit	1	21550	2	646827	1	40229	1	0	40000
Picture	response175	hit	2	14042	2	697286	1	40229	1	0	40000
Picture	response172	incorrect	2	21360	2	747577	1	40229	1	0	40000
Picture	response174	hit	1	12868	2	797869	1	40229	1	0	40000
Picture	response169	hit	2	12685	2	848493	1	40229	1	0	40000
Picture	response171	hit	2	12453	2	898784	1	40229	1	0	40000
Picture	response175	hit	2	24136	2	949242	1	40229	1	0	40000
Picture	response170	hit	1	8913	2	999534	1	40229	1	0	40000
Picture	ins8	other				1049992	1	30229	1	0	30000
Picture	response61	hit	2	9631	2	1366826	1	40229	1	0	40000
Picture	response63	hit	1	10593	2	1417284	1	40229	1	0	40000
Picture	response64	hit	1	15501	2	1467576	1	40229	1	0	40000
Picture	response62	hit	1	13690	2	1517867	1	40229	1	0	40000
Picture	response58	hit	2	8195	2	1568492	1	40229	1	0	40000
Picture	response60	hit	1	14644	2	1618783	1	40229	1	0	40000
Picture	response59	hit	2	9306	2	1669241	1	40229	1	0	40000
Picture	response57	hit	1	7604	2	1719533	1	40229	1	0	40000
Picture	ins6	other				1769991	1	30229	1	0	30000
Picture	response47	hit	1	20220	2	2086726	1	40229	1	0	40000
Picture	response45	hit	2	7453	2	2137184	1	40229	1	0	40000
Picture	response42	hit	2	7232	2	2187475	1	40229	1	0	40000
Picture	response44	hit	2	12403	2	2237934	1	40229	1	0	40000
Picture	response41	hit	2	6301	2	2288226	1	40230	1	0	40000
Picture	response46	hit	1	5136	2	2338851	1	40230	1	0	40000
Picture	response48	hit	2	5293	2	2389143	1	40229	1	0	40000
Picture	response43	hit	1	5752	2	2439435	1	40229	1	0	40000
Picture	ins14	other				2489893	1	30229	1	0	30000
Picture	response109	hit	1	12371	2	2806826	1	40229	1	0	40000
Picture	response106	hit	2	9253	2	2857284	1	40229	1	0	40000
Picture	response111	hit	1	21592	2	2907575	1	40229	1	0	40000
Picture	response110	hit	2	10480	2	2957866	1	40229	1	0	40000
Picture	response107	hit	1	19205	2	3008491	1	40229	1	0	40000
Picture	response108	incorrect	1	41485	2	3058782	1	40229	1	0	40000
Picture	response105	hit	1	17496	2	3109240	1	40229	1	0	40000
Picture	response112	hit	1	12035	2	3159532	1	40229	1	0	40000
Picture	ins16	other				3209990	1	30230	1	0	30000
Picture	response125	hit	1	15310	2	3526726	1	40229	1	0	40000
Picture	response126	hit	2	8952	2	3577184	1	40229	1	0	40000
Picture	response122	hit	1	18941	2	3627475	1	40229	1	0	40000
Picture	response127	hit	2	11552	2	3677933	1	40229	1	0	40000
Picture	response123	hit	2	8361	2	3728225	1	40229	1	0	40000
Picture	response128	hit	2	10387	2	3778849	1	40229	1	0	40000
Picture	response121	hit	2	15356	2	3829141	1	40229	1	0	40000
Picture	response124	hit	1	17474	2	3879432	1	40229	1	0	40000
Picture	ins24	other				3929890	1	30271	1	0	30000
Picture	response187	hit	2	13331	2	4246725	1	40230	1	0	40000
Picture	response188	hit	1	10701	2	4297185	1	40229	1	0	40000
Picture	response189	hit	2	14180	2	4347476	1	40229	1	0	40000
Picture	response192	hit	1	29441	2	4397934	1	40229	1	0	40000
Picture	response185	hit	2	22601	2	4448225	1	40230	1	0	40000
Picture	response186	hit	1	15696	2	4498850	1	40230	1	0	40000
Picture	response190	incorrect	1	11154	2	4549142	1	40229	1	0	40000
Picture	response191	hit	1	30172	2	4599434	1	40229	1	0	40000
Picture	thanks	other				4649392	1	10229	1	0	10000


{
   "app": "Presentation Version 21.0 Build 06.06.19",
   "device": "LENOVO 20KHCTO1WW",
   "experiment": "{C0C68DB1-10BA-42F2-8F79-3F2AFFEED4E4}",
   "os": "Windows 10 64 bit",
   "package": "",
   "parameters": {
      "configuration": "Default configuration"
   },
   "scenario": "Feature experiment(4).sce",
   "subject": "A_HP_21",
   "timestamp": "2019/10/18 04:06:00 GMT"
}
