Scenario - 
Logfile written - 12/05/2019 14:12:13

Subject	Trial	Event Type	Code	Time	TTime	Uncertainty	Duration	Uncertainty	ReqTime	ReqDur	Stim Type	Pair Index

A_HP_36	1	Response	3	370151	369151	1
A_HP_36	1	Pulse	99	370151	369151	1
A_HP_36	2	Picture	ready	370383	0	1	10229	1	0	10000	other	0
A_HP_36	2	Pulse	99	390071	19688	1
A_HP_36	2	Pulse	99	410151	39768	1
A_HP_36	2	Pulse	99	430151	59768	1
A_HP_36	3	Picture	ins24	430974	234	1	30229	1	0	30000	other	0
A_HP_36	3	Pulse	99	450071	19331	1
A_HP_36	3	Pulse	99	470151	39411	1
A_HP_36	3	Pulse	99	490151	59411	1
A_HP_36	3	Pulse	99	510071	79331	1
A_HP_36	3	Pulse	99	530151	99411	1
A_HP_36	3	Pulse	99	550151	119411	1
A_HP_36	3	Pulse	99	570071	139331	1
A_HP_36	3	Pulse	99	590151	159411	1
A_HP_36	3	Pulse	99	610150	179410	1
A_HP_36	3	Pulse	99	630070	199331	1
A_HP_36	3	Pulse	99	650151	219411	1
A_HP_36	3	Pulse	99	670150	239410	1
A_HP_36	3	Pulse	99	690151	259411	1
A_HP_36	3	Pulse	99	710151	279411	1
A_HP_36	3	Pulse	99	730151	299411	1
A_HP_36	4	Response	3	750151	9181	1
A_HP_36	4	Pulse	99	750151	9181	1
A_HP_36	5	Picture	response190	750770	230	1	40229	1	0	40000	hit	27
A_HP_36	5	Pulse	99	770150	19610	1
A_HP_36	5	Response	2	777660	27120	1
A_HP_36	5	Pulse	99	790151	39611	1
A_HP_36	6	Picture	response185	801061	122	1	40229	1	0	40000	hit	31
A_HP_36	6	Pulse	99	810150	9211	1
A_HP_36	6	Response	2	822380	21440	1
A_HP_36	6	Pulse	99	830150	29211	1
A_HP_36	6	Pulse	99	850151	49211	1
A_HP_36	7	Picture	response187	851519	179	1	40229	1	0	40000	incorrect	35
A_HP_36	7	Response	1	868200	16860	1
A_HP_36	7	Pulse	99	870150	18811	1
A_HP_36	7	Pulse	99	890151	38811	1
A_HP_36	8	Picture	response191	901976	237	1	40229	1	0	40000	incorrect	41
A_HP_36	8	Pulse	99	910151	8411	1
A_HP_36	8	Pulse	99	930151	28411	1
A_HP_36	8	Response	2	930899	29159	1
A_HP_36	8	Pulse	99	950151	48411	1
A_HP_36	9	Picture	response192	952434	295	1	40229	1	0	40000	hit	45
A_HP_36	9	Pulse	99	970151	18011	1
A_HP_36	9	Response	1	976639	24500	1
A_HP_36	9	Pulse	99	990151	38011	1
A_HP_36	10	Picture	response188	1002725	186	1	40229	1	0	40000	hit	49
A_HP_36	10	Pulse	99	1010071	7531	1
A_HP_36	10	Response	1	1027420	24880	1
A_HP_36	10	Pulse	99	1030150	27611	1
A_HP_36	10	Pulse	99	1050151	47611	1
A_HP_36	11	Picture	response189	1053016	77	1	40229	1	0	40000	hit	54
A_HP_36	11	Pulse	99	1070071	17131	1
A_HP_36	11	Response	2	1083839	30900	1
A_HP_36	11	Pulse	99	1090151	37211	1
A_HP_36	12	Picture	response186	1103641	302	1	40229	1	0	40000	hit	58
A_HP_36	12	Pulse	99	1110151	6811	1
A_HP_36	12	Response	1	1124179	20840	1
A_HP_36	12	Pulse	99	1130070	26731	1
A_HP_36	12	Pulse	99	1150151	46811	1
A_HP_36	13	Picture	ins16	1153932	193	1	30229	1	0	30000	other	0
A_HP_36	13	Pulse	99	1170151	16411	1
A_HP_36	13	Pulse	99	1190071	36331	1
A_HP_36	13	Pulse	99	1210150	56411	1
A_HP_36	13	Pulse	99	1230150	76411	1
A_HP_36	13	Pulse	99	1250070	96331	1
A_HP_36	13	Pulse	99	1270150	116411	1
A_HP_36	13	Pulse	99	1290151	136411	1
A_HP_36	13	Pulse	99	1310071	156331	1
A_HP_36	13	Pulse	99	1330150	176411	1
A_HP_36	13	Pulse	99	1350150	196411	1
A_HP_36	13	Pulse	99	1370071	216331	1
A_HP_36	13	Pulse	99	1390150	236411	1
A_HP_36	13	Pulse	99	1410150	256411	1
A_HP_36	13	Pulse	99	1430070	276331	1
A_HP_36	13	Pulse	99	1450150	296411	1
A_HP_36	14	Response	3	1470150	6181	1
A_HP_36	14	Pulse	99	1470150	6181	1
A_HP_36	15	Picture	response127	1470769	230	1	40229	1	0	40000	hit	80
A_HP_36	15	Response	2	1481259	10720	1
A_HP_36	15	Pulse	99	1490070	19531	1
A_HP_36	15	Pulse	99	1510150	39611	1
A_HP_36	16	Picture	response121	1521060	121	1	40229	1	0	40000	hit	85
A_HP_36	16	Pulse	99	1530150	9211	1
A_HP_36	16	Response	2	1538729	17790	1
A_HP_36	16	Pulse	99	1550070	29131	1
A_HP_36	16	Pulse	99	1570150	49211	1
A_HP_36	17	Picture	response125	1571518	180	1	40224	5	0	40000	hit	89
A_HP_36	17	Response	1	1583389	12051	1
A_HP_36	17	Pulse	99	1590150	18812	1
A_HP_36	17	Pulse	99	1610070	38732	1
A_HP_36	18	Picture	response126	1621971	232	1	40229	1	0	40000	hit	94
A_HP_36	18	Pulse	99	1630150	8412	1
A_HP_36	18	Response	2	1636279	14540	1
A_HP_36	18	Pulse	99	1650150	28412	1
A_HP_36	18	Pulse	99	1670070	48332	1
A_HP_36	19	Picture	response123	1672429	290	1	40229	1	0	40000	hit	99
A_HP_36	19	Pulse	99	1690150	18011	1
A_HP_36	19	Response	2	1691528	19389	1
A_HP_36	19	Pulse	99	1710150	38011	1
A_HP_36	20	Picture	response124	1722721	181	1	40229	1	0	40000	hit	103
A_HP_36	20	Pulse	99	1730070	7531	1
A_HP_36	20	Response	1	1734989	12450	1
A_HP_36	20	Pulse	99	1750150	27611	1
A_HP_36	20	Pulse	99	1770150	47611	1
A_HP_36	21	Picture	response122	1773012	73	1	40229	1	0	40000	hit	107
A_HP_36	21	Response	1	1788359	15420	1
A_HP_36	21	Pulse	99	1790070	17131	1
A_HP_36	21	Pulse	99	1810070	37131	1
A_HP_36	22	Picture	response128	1823637	298	1	40229	1	0	40000	hit	112
A_HP_36	22	Pulse	99	1830150	6811	1
A_HP_36	22	Response	2	1837429	14090	1
A_HP_36	22	Pulse	99	1850070	26731	1
A_HP_36	22	Pulse	99	1870070	46731	1
A_HP_36	23	Picture	ins14	1873928	190	1	30229	1	0	30000	other	0
A_HP_36	23	Pulse	99	1890150	16412	1
A_HP_36	23	Pulse	99	1910070	36332	1
A_HP_36	23	Pulse	99	1930070	56331	1
A_HP_36	23	Pulse	99	1950150	76412	1
A_HP_36	23	Pulse	99	1970070	96331	1
A_HP_36	23	Pulse	99	1990070	116332	1
A_HP_36	23	Pulse	99	2010150	136412	1
A_HP_36	23	Pulse	99	2030070	156332	1
A_HP_36	23	Pulse	99	2050070	176332	1
A_HP_36	23	Pulse	99	2070150	196411	1
A_HP_36	23	Pulse	99	2090070	216332	1
A_HP_36	23	Pulse	99	2110070	236332	1
A_HP_36	23	Pulse	99	2130150	256412	1
A_HP_36	23	Pulse	99	2150070	276332	1
A_HP_36	23	Pulse	99	2170070	296332	1
A_HP_36	24	Response	3	2190150	6181	1
A_HP_36	24	Pulse	99	2190150	6181	1
A_HP_36	25	Picture	response111	2190768	230	1	40229	1	0	40000	hit	134
A_HP_36	25	Response	1	2203809	13270	1
A_HP_36	25	Pulse	99	2210070	19532	1
A_HP_36	25	Pulse	99	2230070	39532	1
A_HP_36	26	Picture	response107	2241060	121	1	40229	1	0	40000	hit	138
A_HP_36	26	Response	1	2249309	8370	1
A_HP_36	26	Pulse	99	2250150	9211	1
A_HP_36	26	Pulse	99	2270150	29212	1
A_HP_36	26	Pulse	99	2290070	49132	1
A_HP_36	27	Picture	response112	2291518	180	1	40229	1	0	40000	hit	143
A_HP_36	27	Response	1	2305309	13971	1
A_HP_36	27	Pulse	99	2310150	18812	1
A_HP_36	27	Pulse	99	2330150	38812	1
A_HP_36	28	Picture	response105	2341976	237	1	40229	1	0	40000	hit	148
A_HP_36	28	Pulse	99	2350070	8331	1
A_HP_36	28	Response	1	2351438	9700	1
A_HP_36	28	Pulse	99	2370150	28411	1
A_HP_36	28	Pulse	99	2390150	48411	1
A_HP_36	29	Picture	response110	2392434	295	1	40229	1	0	40000	hit	152
A_HP_36	29	Response	2	2407708	15570	1
A_HP_36	29	Pulse	99	2410069	17930	1
A_HP_36	29	Pulse	99	2430150	38012	1
A_HP_36	30	Picture	response106	2442725	186	1	40229	1	0	40000	hit	157
A_HP_36	30	Pulse	99	2450150	7611	1
A_HP_36	30	Response	2	2451828	9289	1
A_HP_36	30	Pulse	99	2470070	27531	1
A_HP_36	30	Pulse	99	2490150	47611	1
A_HP_36	31	Picture	response108	2493017	78	1	40229	1	0	40000	hit	162
A_HP_36	31	Pulse	99	2510150	17211	1
A_HP_36	31	Response	2	2519069	26130	1
A_HP_36	31	Pulse	99	2530070	37131	1
A_HP_36	32	Picture	response109	2543641	302	1	40229	1	0	40000	hit	166
A_HP_36	32	Pulse	99	2550150	6811	1
A_HP_36	32	Response	1	2554259	10920	1
A_HP_36	32	Pulse	99	2570150	26811	1
A_HP_36	32	Pulse	99	2590070	46731	1
A_HP_36	33	Picture	ins8	2593933	194	1	30229	1	0	30000	other	0
A_HP_36	33	Pulse	99	2610149	16411	1
A_HP_36	33	Pulse	99	2630150	36411	1
A_HP_36	33	Pulse	99	2650070	56331	1
A_HP_36	33	Pulse	99	2670070	76331	1
A_HP_36	33	Pulse	99	2690150	96411	1
A_HP_36	33	Pulse	99	2710070	116331	1
A_HP_36	33	Pulse	99	2730070	136331	1
A_HP_36	33	Pulse	99	2750150	156411	1
A_HP_36	33	Pulse	99	2770070	176331	1
A_HP_36	33	Pulse	99	2790070	196331	1
A_HP_36	33	Pulse	99	2810150	216411	1
A_HP_36	33	Pulse	99	2830070	236331	1
A_HP_36	33	Pulse	99	2850070	256331	1
A_HP_36	33	Pulse	99	2870149	276411	1
A_HP_36	33	Pulse	99	2890070	296331	1
A_HP_36	34	Response	3	2910069	6100	1
A_HP_36	34	Pulse	99	2910069	6100	1
A_HP_36	35	Picture	response60	2910668	230	1	40229	1	0	40000	hit	188
A_HP_36	35	Response	1	2918978	8540	1
A_HP_36	35	Pulse	99	2930150	19712	1
A_HP_36	35	Pulse	99	2950070	39632	1
A_HP_36	36	Picture	response58	2961126	288	1	40229	1	0	40000	hit	193
A_HP_36	36	Pulse	99	2970070	9231	1
A_HP_36	36	Response	2	2971968	11129	1
A_HP_36	36	Pulse	99	2990150	29311	1
A_HP_36	36	Pulse	99	3010070	49231	1
A_HP_36	37	Picture	response59	3011418	179	1	40229	1	0	40000	hit	197
A_HP_36	37	Response	2	3023048	11810	1
A_HP_36	37	Pulse	99	3030070	18831	1
A_HP_36	37	Pulse	99	3050150	38911	1
A_HP_36	38	Picture	response64	3061875	237	1	40229	1	0	40000	hit	202
A_HP_36	38	Pulse	99	3070069	8431	1
A_HP_36	38	Response	1	3077219	15580	1
A_HP_36	38	Pulse	99	3090070	28431	1
A_HP_36	38	Pulse	99	3110150	48511	1
A_HP_36	39	Picture	response63	3112333	295	1	40229	1	0	40000	hit	206
A_HP_36	39	Response	1	3123588	11550	1
A_HP_36	39	Pulse	99	3130070	18031	1
A_HP_36	39	Pulse	99	3150070	38031	1
A_HP_36	40	Picture	response61	3162624	186	1	40229	1	0	40000	hit	211
A_HP_36	40	Pulse	99	3170150	7711	1
A_HP_36	40	Response	2	3182088	19650	1
A_HP_36	40	Pulse	99	3190070	27631	1
A_HP_36	40	Pulse	99	3210070	47631	1
A_HP_36	41	Picture	response57	3213082	244	1	40229	1	0	40000	hit	215
A_HP_36	41	Response	1	3222508	9670	1
A_HP_36	41	Pulse	99	3230150	17311	1
A_HP_36	41	Pulse	99	3250069	37231	1
A_HP_36	42	Picture	response62	3263374	136	1	40229	1	0	40000	hit	220
A_HP_36	42	Pulse	99	3270070	6831	1
A_HP_36	42	Response	1	3273568	10330	1
A_HP_36	42	Pulse	99	3290150	26911	1
A_HP_36	42	Pulse	99	3310069	46831	1
A_HP_36	43	Picture	ins6	3313998	361	1	30229	1	0	30000	other	0
A_HP_36	43	Pulse	99	3330069	16431	1
A_HP_36	43	Pulse	99	3350149	36512	1
A_HP_36	43	Pulse	99	3370070	56432	1
A_HP_36	43	Pulse	99	3390070	76432	1
A_HP_36	43	Pulse	99	3410149	96512	1
A_HP_36	43	Pulse	99	3430069	116432	1
A_HP_36	43	Pulse	99	3450069	136432	1
A_HP_36	43	Pulse	99	3470149	156512	1
A_HP_36	43	Pulse	99	3490069	176431	1
A_HP_36	43	Pulse	99	3510069	196431	1
A_HP_36	43	Pulse	99	3530069	216431	1
A_HP_36	43	Pulse	99	3550069	236431	1
A_HP_36	43	Pulse	99	3570069	256431	1
A_HP_36	43	Pulse	99	3590069	276431	1
A_HP_36	43	Pulse	99	3610069	296431	1
A_HP_36	44	Response	3	3630069	6201	1
A_HP_36	44	Pulse	99	3630069	6201	1
A_HP_36	45	Picture	response46	3630668	230	1	40229	1	0	40000	hit	242
A_HP_36	45	Response	1	3638558	8120	1
A_HP_36	45	Pulse	99	3650069	19631	1
A_HP_36	45	Pulse	99	3670069	39631	1
A_HP_36	46	Picture	response45	3681126	288	1	40229	1	0	40000	hit	247
A_HP_36	46	Pulse	99	3690069	9231	1
A_HP_36	46	Response	2	3690937	10099	1
A_HP_36	46	Pulse	99	3710069	29231	1
A_HP_36	46	Pulse	99	3730069	49231	1
A_HP_36	47	Picture	response43	3731417	179	1	40229	1	0	40000	hit	251
A_HP_36	47	Response	1	3739458	8220	1
A_HP_36	47	Pulse	99	3750069	18831	1
A_HP_36	47	Pulse	99	3770069	38831	1
A_HP_36	48	Picture	response42	3781875	237	1	40229	1	0	40000	hit	255
A_HP_36	48	Response	2	3789608	7970	1
A_HP_36	48	Pulse	99	3790069	8431	1
A_HP_36	48	Pulse	99	3810069	28431	1
A_HP_36	48	Pulse	99	3830069	48431	1
A_HP_36	49	Picture	response48	3832167	129	1	40229	1	0	40000	hit	260
A_HP_36	49	Response	2	3843978	11940	1
A_HP_36	49	Pulse	99	3850069	18031	1
A_HP_36	49	Pulse	99	3870069	38031	1
A_HP_36	50	Picture	response41	3882625	187	1	40229	1	0	40000	hit	265
A_HP_36	50	Pulse	99	3890069	7632	1
A_HP_36	50	Response	2	3890657	8219	1
A_HP_36	50	Pulse	99	3910069	27631	1
A_HP_36	50	Pulse	99	3930069	47631	1
A_HP_36	51	Picture	response44	3933083	246	1	40229	1	0	40000	hit	269
A_HP_36	51	Response	2	3941048	8210	1
A_HP_36	51	Pulse	99	3950069	17231	1
A_HP_36	51	Pulse	99	3970149	37312	1
A_HP_36	52	Picture	response47	3983374	136	1	40229	1	0	40000	hit	274
A_HP_36	52	Pulse	99	3990069	6831	1
A_HP_36	52	Response	1	3991147	7909	1
A_HP_36	52	Pulse	99	4010069	26831	1
A_HP_36	52	Pulse	99	4030149	46911	1
A_HP_36	53	Picture	ins22	4033999	361	1	30229	1	0	30000	other	0
A_HP_36	53	Pulse	99	4050069	16431	1
A_HP_36	53	Pulse	99	4070069	36431	1
A_HP_36	53	Pulse	99	4090149	56511	1
A_HP_36	53	Pulse	99	4110069	76431	1
A_HP_36	53	Pulse	99	4130069	96431	1
A_HP_36	53	Pulse	99	4150149	116511	1
A_HP_36	53	Pulse	99	4170069	136431	1
A_HP_36	53	Pulse	99	4190069	156431	1
A_HP_36	53	Pulse	99	4210149	176511	1
A_HP_36	53	Pulse	99	4230069	196431	1
A_HP_36	53	Pulse	99	4250069	216431	1
A_HP_36	53	Pulse	99	4270149	236511	1
A_HP_36	53	Pulse	99	4290069	256431	1
A_HP_36	53	Pulse	99	4310069	276431	1
A_HP_36	53	Pulse	99	4330149	296511	1
A_HP_36	54	Response	3	4350069	6201	1
A_HP_36	54	Pulse	99	4350069	6201	1
A_HP_36	55	Picture	response175	4350667	230	1	40229	1	0	40000	hit	296
A_HP_36	55	Response	2	4361438	11000	1
A_HP_36	55	Pulse	99	4370069	19631	1
A_HP_36	55	Pulse	99	4390069	39631	1
A_HP_36	56	Picture	response174	4401125	287	1	40229	1	0	40000	hit	301
A_HP_36	56	Pulse	99	4410069	9231	1
A_HP_36	56	Response	1	4426478	25640	1
A_HP_36	56	Pulse	99	4430068	29230	1
A_HP_36	56	Pulse	99	4450069	49231	1
A_HP_36	57	Picture	response172	4451416	179	1	40229	1	0	40000	hit	306
A_HP_36	57	Pulse	99	4470069	18831	1
A_HP_36	57	Response	1	4474517	23279	1
A_HP_36	57	Pulse	99	4490069	38831	1
A_HP_36	58	Picture	response170	4501874	236	1	40229	1	0	40000	hit	310
A_HP_36	58	Pulse	99	4510069	8431	1
A_HP_36	58	Response	1	4519858	18220	1
A_HP_36	58	Pulse	99	4530069	28431	1
A_HP_36	58	Pulse	99	4550069	48431	1
A_HP_36	59	Picture	response169	4552332	294	1	40229	1	0	40000	hit	315
A_HP_36	59	Pulse	99	4570069	18031	1
A_HP_36	59	Response	2	4570467	18429	1
A_HP_36	59	Pulse	99	4590069	38031	1
A_HP_36	60	Picture	response171	4602624	186	1	40229	1	0	40000	hit	319
A_HP_36	60	Pulse	99	4610069	7631	1
A_HP_36	60	Response	2	4624248	21810	1
A_HP_36	60	Pulse	99	4630068	27631	1
A_HP_36	60	Pulse	99	4650069	47631	1
A_HP_36	61	Picture	response173	4653082	244	1	40229	1	0	40000	hit	323
A_HP_36	61	Response	1	4666907	14070	1
A_HP_36	61	Pulse	99	4670068	17231	1
A_HP_36	61	Pulse	99	4690069	37231	1
A_HP_36	62	Picture	response175	4703373	136	1	40229	1	0	40000	hit	328
A_HP_36	62	Pulse	99	4710069	6831	1
A_HP_36	62	Response	2	4719737	16500	1
A_HP_36	62	Pulse	99	4730068	26831	1
A_HP_36	62	Pulse	99	4750069	46831	1
A_HP_36	63	Picture	thanks	4753497	0	1	10229	1	0	10000	other	0
A_HP_36	63	Pulse	99	4770069	16572	1


Event Type	Code	Type	Response	RT	RT Uncertainty	Time	Uncertainty	Duration	Uncertainty	ReqTime	ReqDur

Picture	ready	other				370383	1	10229	1	0	10000
Picture	ins24	other				430974	1	30229	1	0	30000
Picture	response190	hit	2	26890	2	750770	1	40229	1	0	40000
Picture	response185	hit	2	21318	2	801061	1	40229	1	0	40000
Picture	response187	incorrect	1	16681	2	851519	1	40229	1	0	40000
Picture	response191	incorrect	2	28922	2	901976	1	40229	1	0	40000
Picture	response192	hit	1	24205	2	952434	1	40229	1	0	40000
Picture	response188	hit	1	24694	2	1002725	1	40229	1	0	40000
Picture	response189	hit	2	30823	2	1053016	1	40229	1	0	40000
Picture	response186	hit	1	20538	2	1103641	1	40229	1	0	40000
Picture	ins16	other				1153932	1	30229	1	0	30000
Picture	response127	hit	2	10490	2	1470769	1	40229	1	0	40000
Picture	response121	hit	2	17669	2	1521060	1	40229	1	0	40000
Picture	response125	hit	1	11871	2	1571518	1	40224	5	0	40000
Picture	response126	hit	2	14308	2	1621971	1	40229	1	0	40000
Picture	response123	hit	2	19099	1	1672429	1	40229	1	0	40000
Picture	response124	hit	1	12268	2	1722721	1	40229	1	0	40000
Picture	response122	hit	1	15347	2	1773012	1	40229	1	0	40000
Picture	response128	hit	2	13792	2	1823637	1	40229	1	0	40000
Picture	ins14	other				1873928	1	30229	1	0	30000
Picture	response111	hit	1	13040	2	2190768	1	40229	1	0	40000
Picture	response107	hit	1	8249	2	2241060	1	40229	1	0	40000
Picture	response112	hit	1	13791	2	2291518	1	40229	1	0	40000
Picture	response105	hit	1	9463	2	2341976	1	40229	1	0	40000
Picture	response110	hit	2	15275	2	2392434	1	40229	1	0	40000
Picture	response106	hit	2	9103	2	2442725	1	40229	1	0	40000
Picture	response108	hit	2	26052	2	2493017	1	40229	1	0	40000
Picture	response109	hit	1	10618	2	2543641	1	40229	1	0	40000
Picture	ins8	other				2593933	1	30229	1	0	30000
Picture	response60	hit	1	8311	2	2910668	1	40229	1	0	40000
Picture	response58	hit	2	10842	2	2961126	1	40229	1	0	40000
Picture	response59	hit	2	11631	2	3011418	1	40229	1	0	40000
Picture	response64	hit	1	15343	2	3061875	1	40229	1	0	40000
Picture	response63	hit	1	11255	2	3112333	1	40229	1	0	40000
Picture	response61	hit	2	19464	2	3162624	1	40229	1	0	40000
Picture	response57	hit	1	9426	2	3213082	1	40229	1	0	40000
Picture	response62	hit	1	10194	2	3263374	1	40229	1	0	40000
Picture	ins6	other				3313998	1	30229	1	0	30000
Picture	response46	hit	1	7890	2	3630668	1	40229	1	0	40000
Picture	response45	hit	2	9811	2	3681126	1	40229	1	0	40000
Picture	response43	hit	1	8041	2	3731417	1	40229	1	0	40000
Picture	response42	hit	2	7733	2	3781875	1	40229	1	0	40000
Picture	response48	hit	2	11811	2	3832167	1	40229	1	0	40000
Picture	response41	hit	2	8032	2	3882625	1	40229	1	0	40000
Picture	response44	hit	2	7965	2	3933083	1	40229	1	0	40000
Picture	response47	hit	1	7773	2	3983374	1	40229	1	0	40000
Picture	ins22	other				4033999	1	30229	1	0	30000
Picture	response175	hit	2	10770	2	4350667	1	40229	1	0	40000
Picture	response174	hit	1	25353	2	4401125	1	40229	1	0	40000
Picture	response172	hit	1	23101	2	4451416	1	40229	1	0	40000
Picture	response170	hit	1	17983	2	4501874	1	40229	1	0	40000
Picture	response169	hit	2	18135	2	4552332	1	40229	1	0	40000
Picture	response171	hit	2	21624	2	4602624	1	40229	1	0	40000
Picture	response173	hit	1	13826	2	4653082	1	40229	1	0	40000
Picture	response175	hit	2	16364	2	4703373	1	40229	1	0	40000
Picture	thanks	other				4753497	1	10229	1	0	10000


{
   "app": "Presentation Version 21.0 Build 06.06.19",
   "device": "LENOVO 20KHCTO1WW",
   "experiment": "{C0C68DB1-10BA-42F2-8F79-3F2AFFEED4E4}",
   "os": "Windows 10 64 bit",
   "package": "",
   "parameters": {
      "configuration": "Default configuration"
   },
   "scenario": "Feature experiment(4).sce",
   "subject": "A_HP_36",
   "timestamp": "2019/12/05 05:04:07 GMT"
}
