Scenario - 
Logfile written - 11/22/2019 12:37:56

Subject	Trial	Event Type	Code	Time	TTime	Uncertainty	Duration	Uncertainty	ReqTime	ReqDur	Stim Type	Pair Index

A_HP_32	1	Response	3	343316	342483	1
A_HP_32	1	Pulse	99	343316	342483	1
A_HP_32	2	Picture	ready	343548	0	1	10229	1	0	10000	other	0
A_HP_32	2	Pulse	99	363316	19768	1
A_HP_32	2	Pulse	99	383396	39848	1
A_HP_32	2	Pulse	99	403316	59768	1
A_HP_32	3	Picture	ins8	404173	234	1	30229	1	0	30000	other	0
A_HP_32	3	Pulse	99	423316	19376	1
A_HP_32	3	Pulse	99	443316	39377	1
A_HP_32	3	Pulse	99	463396	59456	1
A_HP_32	3	Pulse	99	483316	79377	1
A_HP_32	3	Pulse	99	503316	99377	1
A_HP_32	3	Pulse	99	523396	119456	1
A_HP_32	3	Pulse	99	543315	139376	1
A_HP_32	3	Pulse	99	563316	159376	1
A_HP_32	3	Pulse	99	583396	179456	1
A_HP_32	3	Pulse	99	603316	199376	1
A_HP_32	3	Pulse	99	623316	219376	1
A_HP_32	3	Pulse	99	643316	239376	1
A_HP_32	3	Pulse	99	663316	259376	1
A_HP_32	3	Pulse	99	683316	279376	1
A_HP_32	3	Pulse	99	703316	299376	1
A_HP_32	4	Response	3	723316	9146	1
A_HP_32	4	Pulse	99	723316	9146	1
A_HP_32	5	Picture	response58	723873	233	1	40230	1	0	40000	hit	26
A_HP_32	5	Response	2	732754	9115	1
A_HP_32	5	Pulse	99	743315	19675	1
A_HP_32	5	Pulse	99	763315	39676	1
A_HP_32	6	Picture	response64	774165	125	1	40229	1	0	40000	hit	31
A_HP_32	6	Pulse	99	783395	9356	1
A_HP_32	6	Response	1	784664	10624	1
A_HP_32	6	Pulse	99	803315	29276	1
A_HP_32	6	Pulse	99	823315	49276	1
A_HP_32	7	Picture	response57	824790	351	1	40230	1	0	40000	hit	35
A_HP_32	7	Response	1	832664	8225	1
A_HP_32	7	Pulse	99	843395	18956	1
A_HP_32	7	Pulse	99	863315	38876	1
A_HP_32	8	Picture	response62	875081	242	1	40229	1	0	40000	hit	40
A_HP_32	8	Pulse	99	883315	8476	1
A_HP_32	8	Response	1	888994	14155	1
A_HP_32	8	Pulse	99	903315	28476	1
A_HP_32	8	Pulse	99	923315	48476	1
A_HP_32	9	Picture	response63	925373	134	1	40230	1	0	40000	hit	44
A_HP_32	9	Response	1	930784	5545	1
A_HP_32	9	Pulse	99	943315	18076	1
A_HP_32	9	Pulse	99	963315	38076	1
A_HP_32	10	Picture	response61	975831	192	1	40229	1	0	40000	hit	48
A_HP_32	10	Response	2	982254	6615	1
A_HP_32	10	Pulse	99	983315	7676	1
A_HP_32	10	Pulse	99	1003315	27676	1
A_HP_32	10	Pulse	99	1023316	47677	1
A_HP_32	11	Picture	response60	1026290	251	1	40230	1	0	40000	hit	53
A_HP_32	11	Response	1	1032864	6825	1
A_HP_32	11	Pulse	99	1043396	17357	1
A_HP_32	11	Pulse	99	1063316	37276	1
A_HP_32	12	Picture	response59	1076748	309	1	40229	1	0	40000	hit	58
A_HP_32	12	Pulse	99	1083315	6876	1
A_HP_32	12	Response	2	1083853	7414	1
A_HP_32	12	Pulse	99	1103395	26956	1
A_HP_32	12	Pulse	99	1123315	46876	1
A_HP_32	13	Picture	ins14	1127040	202	1	30229	1	0	30000	other	0
A_HP_32	13	Pulse	99	1143315	16477	1
A_HP_32	13	Pulse	99	1163315	36476	1
A_HP_32	13	Pulse	99	1183315	56476	1
A_HP_32	13	Pulse	99	1203315	76477	1
A_HP_32	13	Pulse	99	1223315	96476	1
A_HP_32	13	Pulse	99	1243316	116477	1
A_HP_32	13	Pulse	99	1263315	136477	1
A_HP_32	13	Pulse	99	1283315	156477	1
A_HP_32	13	Pulse	99	1303395	176557	1
A_HP_32	13	Pulse	99	1323316	196477	1
A_HP_32	13	Pulse	99	1343315	216477	1
A_HP_32	13	Pulse	99	1363315	236477	1
A_HP_32	13	Pulse	99	1383316	256477	1
A_HP_32	13	Pulse	99	1403315	276477	1
A_HP_32	13	Pulse	99	1423315	296476	1
A_HP_32	14	Response	3	1443315	6246	1
A_HP_32	14	Pulse	99	1443315	6246	1
A_HP_32	15	Picture	response107	1443869	230	1	40229	1	0	40000	hit	80
A_HP_32	15	Response	1	1459004	15364	1
A_HP_32	15	Pulse	99	1463315	19675	1
A_HP_32	15	Pulse	99	1483315	39676	1
A_HP_32	16	Picture	response112	1494161	122	1	40229	1	0	40000	hit	85
A_HP_32	16	Pulse	99	1503315	9276	1
A_HP_32	16	Response	1	1506173	12135	1
A_HP_32	16	Pulse	99	1523315	29276	1
A_HP_32	16	Pulse	99	1543315	49276	1
A_HP_32	17	Picture	response109	1544786	347	1	40229	1	0	40000	hit	89
A_HP_32	17	Response	1	1555084	10645	1
A_HP_32	17	Pulse	99	1563394	18955	1
A_HP_32	17	Pulse	99	1583315	38875	1
A_HP_32	18	Picture	response111	1595078	239	1	40396	1	0	40000	hit	94
A_HP_32	18	Pulse	99	1603315	8476	1
A_HP_32	18	Response	1	1613794	18955	1
A_HP_32	18	Pulse	99	1623314	28475	1
A_HP_32	18	Pulse	99	1643315	48476	1
A_HP_32	19	Picture	response106	1645370	131	1	40229	1	0	40000	hit	98
A_HP_32	19	Response	2	1654513	9275	1
A_HP_32	19	Pulse	99	1663314	18075	1
A_HP_32	19	Pulse	99	1683314	38076	1
A_HP_32	20	Picture	response105	1695829	190	1	40230	1	0	40000	hit	103
A_HP_32	20	Pulse	99	1703315	7676	1
A_HP_32	20	Response	1	1709094	13455	1
A_HP_32	20	Pulse	99	1723315	27676	1
A_HP_32	20	Pulse	99	1743315	47676	1
A_HP_32	21	Picture	response110	1746288	250	1	40229	1	0	40000	hit	107
A_HP_32	21	Response	2	1754204	8165	1
A_HP_32	21	Pulse	99	1763314	17275	1
A_HP_32	21	Pulse	99	1783315	37276	1
A_HP_32	22	Picture	response108	1796747	308	1	40229	1	0	40000	hit	112
A_HP_32	22	Pulse	99	1803315	6876	1
A_HP_32	22	Response	2	1809114	12675	1
A_HP_32	22	Pulse	99	1823315	26876	1
A_HP_32	22	Pulse	99	1843315	46877	1
A_HP_32	23	Picture	ins6	1847038	200	1	30230	1	0	30000	other	0
A_HP_32	23	Pulse	99	1863315	16477	1
A_HP_32	23	Pulse	99	1883315	36477	1
A_HP_32	23	Pulse	99	1903315	56477	1
A_HP_32	23	Pulse	99	1923315	76477	1
A_HP_32	23	Pulse	99	1943315	96477	1
A_HP_32	23	Pulse	99	1963315	116477	1
A_HP_32	23	Pulse	99	1983315	136477	1
A_HP_32	23	Pulse	99	2003315	156477	1
A_HP_32	23	Pulse	99	2023315	176476	1
A_HP_32	23	Pulse	99	2043315	196476	1
A_HP_32	23	Pulse	99	2063315	216476	1
A_HP_32	23	Pulse	99	2083315	236476	1
A_HP_32	23	Pulse	99	2103314	256476	1
A_HP_32	23	Pulse	99	2123315	276476	1
A_HP_32	23	Pulse	99	2143315	296476	1
A_HP_32	24	Response	3	2163315	6246	1
A_HP_32	24	Pulse	99	2163315	6246	1
A_HP_32	25	Picture	response46	2163869	230	1	40229	1	0	40000	hit	134
A_HP_32	25	Response	1	2172123	8484	1
A_HP_32	25	Pulse	99	2183315	19676	1
A_HP_32	25	Pulse	99	2203315	39676	1
A_HP_32	26	Picture	response43	2214161	122	1	40230	1	0	40000	hit	138
A_HP_32	26	Response	1	2221114	7075	1
A_HP_32	26	Pulse	99	2223314	9275	1
A_HP_32	26	Pulse	99	2243314	29275	1
A_HP_32	26	Pulse	99	2263314	49275	1
A_HP_32	27	Picture	response42	2264786	348	1	40229	1	0	40000	hit	143
A_HP_32	27	Response	2	2272223	7785	1
A_HP_32	27	Pulse	99	2283314	18876	1
A_HP_32	27	Pulse	99	2303316	38877	1
A_HP_32	28	Picture	response45	2315078	240	1	40396	1	0	40000	hit	147
A_HP_32	28	Response	2	2322534	7695	1
A_HP_32	28	Pulse	99	2323314	8476	1
A_HP_32	28	Pulse	99	2343315	28476	1
A_HP_32	28	Pulse	99	2363315	48476	1
A_HP_32	29	Picture	response48	2365370	131	1	40229	1	0	40000	hit	153
A_HP_32	29	Pulse	99	2383315	18076	1
A_HP_32	29	Response	2	2384463	19224	1
A_HP_32	29	Pulse	99	2403315	38076	1
A_HP_32	30	Picture	response47	2415827	189	1	40230	1	0	40000	hit	156
A_HP_32	30	Response	1	2423234	7595	1
A_HP_32	30	Pulse	99	2423314	7675	1
A_HP_32	30	Pulse	99	2443315	27676	1
A_HP_32	30	Pulse	99	2463315	47676	1
A_HP_32	31	Picture	response41	2466287	248	1	40230	1	0	40000	hit	161
A_HP_32	31	Response	2	2472934	6895	1
A_HP_32	31	Pulse	99	2483314	17276	1
A_HP_32	31	Pulse	99	2503315	37277	1
A_HP_32	32	Picture	response44	2516746	307	1	40229	1	0	40000	hit	166
A_HP_32	32	Pulse	99	2523315	6877	1
A_HP_32	32	Response	2	2526733	10295	1
A_HP_32	32	Pulse	99	2543315	26876	1
A_HP_32	32	Pulse	99	2563315	46876	1
A_HP_32	33	Picture	ins24	2567037	199	1	30229	1	0	30000	other	0
A_HP_32	33	Pulse	99	2583315	16477	1
A_HP_32	33	Pulse	99	2603315	36477	1
A_HP_32	33	Pulse	99	2623315	56477	1
A_HP_32	33	Pulse	99	2643315	76477	1
A_HP_32	33	Pulse	99	2663315	96477	1
A_HP_32	33	Pulse	99	2683314	116477	1
A_HP_32	33	Pulse	99	2703314	136476	1
A_HP_32	33	Pulse	99	2723314	156476	1
A_HP_32	33	Pulse	99	2743314	176476	1
A_HP_32	33	Pulse	99	2763314	196476	1
A_HP_32	33	Pulse	99	2783314	216476	1
A_HP_32	33	Pulse	99	2803315	236477	1
A_HP_32	33	Pulse	99	2823315	256477	1
A_HP_32	33	Pulse	99	2843315	276477	1
A_HP_32	33	Pulse	99	2863315	296477	1
A_HP_32	34	Response	3	2883315	6246	1
A_HP_32	34	Pulse	99	2883315	6246	1
A_HP_32	35	Picture	response186	2883868	230	1	40230	1	0	40000	hit	189
A_HP_32	35	Pulse	99	2903314	19676	1
A_HP_32	35	Response	1	2903383	19745	1
A_HP_32	35	Pulse	99	2923314	39676	1
A_HP_32	36	Picture	response191	2934160	122	1	40229	1	0	40000	hit	193
A_HP_32	36	Pulse	99	2943314	9276	1
A_HP_32	36	Response	1	2945773	11734	1
A_HP_32	36	Pulse	99	2963315	29276	1
A_HP_32	36	Pulse	99	2983314	49276	1
A_HP_32	37	Picture	response192	2984785	347	1	40230	1	0	40000	hit	197
A_HP_32	37	Response	1	2994063	9625	1
A_HP_32	37	Pulse	99	3003314	18875	1
A_HP_32	37	Pulse	99	3023314	38876	1
A_HP_32	38	Picture	response189	3035077	239	1	40396	1	0	40000	hit	202
A_HP_32	38	Pulse	99	3043314	8476	1
A_HP_32	38	Response	2	3047113	12275	1
A_HP_32	38	Pulse	99	3063314	28476	1
A_HP_32	38	Pulse	99	3083314	48476	1
A_HP_32	39	Picture	response190	3085369	131	1	40229	1	0	40000	hit	206
A_HP_32	39	Response	2	3097333	12095	1
A_HP_32	39	Pulse	99	3103314	18076	1
A_HP_32	39	Pulse	99	3123314	38076	1
A_HP_32	40	Picture	response188	3135827	189	1	40229	1	0	40000	hit	211
A_HP_32	40	Pulse	99	3143314	7676	1
A_HP_32	40	Response	1	3153393	17755	1
A_HP_32	40	Pulse	99	3163314	27676	1
A_HP_32	40	Pulse	99	3183315	47676	1
A_HP_32	41	Picture	response185	3186285	247	1	40229	1	0	40000	hit	216
A_HP_32	41	Pulse	99	3203315	17277	1
A_HP_32	41	Response	2	3205863	19825	1
A_HP_32	41	Pulse	99	3223314	37276	1
A_HP_32	42	Picture	response187	3236744	306	1	40396	1	0	40000	hit	220
A_HP_32	42	Pulse	99	3243314	6876	1
A_HP_32	42	Response	2	3248883	12445	1
A_HP_32	42	Pulse	99	3263314	26876	1
A_HP_32	42	Pulse	99	3283314	46876	1
A_HP_32	43	Picture	ins22	3287036	198	1	30229	1	0	30000	other	0
A_HP_32	43	Pulse	99	3303314	16476	1
A_HP_32	43	Pulse	99	3323314	36476	1
A_HP_32	43	Pulse	99	3343315	56477	1
A_HP_32	43	Pulse	99	3363314	76476	1
A_HP_32	43	Pulse	99	3383314	96476	1
A_HP_32	43	Pulse	99	3403314	116476	1
A_HP_32	43	Pulse	99	3423314	136476	1
A_HP_32	43	Pulse	99	3443314	156476	1
A_HP_32	43	Pulse	99	3463314	176476	1
A_HP_32	43	Pulse	99	3483314	196477	1
A_HP_32	43	Pulse	99	3503314	216476	1
A_HP_32	43	Pulse	99	3523315	236477	1
A_HP_32	43	Pulse	99	3543314	256476	1
A_HP_32	43	Pulse	99	3563314	276477	1
A_HP_32	43	Pulse	99	3583314	296476	1
A_HP_32	44	Response	3	3603314	6246	1
A_HP_32	44	Pulse	99	3603314	6246	1
A_HP_32	45	Picture	response172	3603868	230	1	40229	1	0	40000	hit	242
A_HP_32	45	Response	1	3621293	17655	1
A_HP_32	45	Pulse	99	3623314	19676	1
A_HP_32	45	Pulse	99	3643314	39676	1
A_HP_32	46	Picture	response174	3654159	121	1	40229	1	0	40000	hit	247
A_HP_32	46	Pulse	99	3663314	9276	1
A_HP_32	46	Response	1	3682263	28225	1
A_HP_32	46	Pulse	99	3683314	29276	1
A_HP_32	46	Pulse	99	3703314	49276	1
A_HP_32	47	Picture	response175	3704784	346	1	40229	1	0	40000	hit	251
A_HP_32	47	Response	2	3712643	8205	1
A_HP_32	47	Pulse	99	3723314	18875	1
A_HP_32	47	Pulse	99	3743314	38876	1
A_HP_32	48	Picture	response169	3755076	237	1	40396	1	0	40000	hit	256
A_HP_32	48	Pulse	99	3763314	8476	1
A_HP_32	48	Response	2	3771503	16664	1
A_HP_32	48	Pulse	99	3783314	28476	1
A_HP_32	48	Pulse	99	3803314	48476	1
A_HP_32	49	Picture	response171	3805367	130	1	40229	1	0	40000	hit	260
A_HP_32	49	Response	2	3822093	16855	1
A_HP_32	49	Pulse	99	3823314	18076	1
A_HP_32	49	Pulse	99	3843315	38077	1
A_HP_32	50	Picture	response170	3855826	188	1	40229	1	0	40000	incorrect	265
A_HP_32	50	Pulse	99	3863314	7676	1
A_HP_32	50	Response	2	3869783	14145	1
A_HP_32	50	Pulse	99	3883313	27676	1
A_HP_32	50	Pulse	99	3903314	47676	1
A_HP_32	51	Picture	response173	3906284	247	1	40229	1	0	40000	hit	270
A_HP_32	51	Pulse	99	3923314	17276	1
A_HP_32	51	Response	1	3924352	18315	1
A_HP_32	51	Pulse	99	3943314	37277	1
A_HP_32	52	Picture	response175	3956743	305	1	40396	1	0	40000	hit	274
A_HP_32	52	Pulse	99	3963314	6876	1
A_HP_32	52	Response	2	3972723	16285	1
A_HP_32	52	Pulse	99	3983314	26876	1
A_HP_32	52	Pulse	99	4003314	46876	1
A_HP_32	53	Picture	ins16	4007034	197	1	30229	1	0	30000	other	0
A_HP_32	53	Pulse	99	4023314	16476	1
A_HP_32	53	Pulse	99	4043314	36476	1
A_HP_32	53	Pulse	99	4063314	56476	1
A_HP_32	53	Pulse	99	4083314	76476	1
A_HP_32	53	Pulse	99	4103314	96476	1
A_HP_32	53	Pulse	99	4123314	116476	1
A_HP_32	53	Pulse	99	4143314	136476	1
A_HP_32	53	Pulse	99	4163314	156477	1
A_HP_32	53	Pulse	99	4183314	176476	1
A_HP_32	53	Pulse	99	4203314	196476	1
A_HP_32	53	Pulse	99	4223314	216476	1
A_HP_32	53	Pulse	99	4243314	236476	1
A_HP_32	53	Pulse	99	4263314	256476	1
A_HP_32	53	Pulse	99	4283314	276477	1
A_HP_32	53	Pulse	99	4303314	296476	1
A_HP_32	54	Response	3	4323314	6246	1
A_HP_32	54	Pulse	99	4323314	6246	1
A_HP_32	55	Picture	response121	4323868	230	1	40229	1	0	40000	hit	296
A_HP_32	55	Response	2	4335602	11965	1
A_HP_32	55	Pulse	99	4343313	19676	1
A_HP_32	55	Pulse	99	4363314	39676	1
A_HP_32	56	Picture	response125	4374160	122	1	40230	1	0	40000	hit	301
A_HP_32	56	Pulse	99	4383314	9276	1
A_HP_32	56	Response	1	4384452	10415	1
A_HP_32	56	Pulse	99	4403314	29277	1
A_HP_32	56	Pulse	99	4423313	49276	1
A_HP_32	57	Picture	response128	4424785	348	1	40230	1	0	40000	hit	305
A_HP_32	57	Response	2	4435613	11175	1
A_HP_32	57	Pulse	99	4443313	18876	1
A_HP_32	57	Pulse	99	4463313	38876	1
A_HP_32	58	Picture	response124	4475077	239	1	40396	1	0	40000	hit	310
A_HP_32	58	Pulse	99	4483314	8476	1
A_HP_32	58	Response	1	4485562	10725	1
A_HP_32	58	Pulse	99	4503314	28476	1
A_HP_32	58	Pulse	99	4523314	48476	1
A_HP_32	59	Picture	response123	4525369	131	1	40230	1	0	40000	hit	315
A_HP_32	59	Pulse	99	4543314	18076	1
A_HP_32	59	Response	2	4546942	21705	1
A_HP_32	59	Pulse	99	4563314	38076	1
A_HP_32	60	Picture	response126	4575827	190	1	40229	1	0	40000	hit	319
A_HP_32	60	Pulse	99	4583314	7677	1
A_HP_32	60	Response	2	4588152	12515	1
A_HP_32	60	Pulse	99	4603314	27676	1
A_HP_32	60	Pulse	99	4623314	47676	1
A_HP_32	61	Picture	response127	4626285	248	1	40229	1	0	40000	hit	323
A_HP_32	61	Response	2	4638172	12135	1
A_HP_32	61	Pulse	99	4643313	17276	1
A_HP_32	61	Pulse	99	4663314	37276	1
A_HP_32	62	Picture	response122	4676744	306	1	40229	1	0	40000	hit	328
A_HP_32	62	Pulse	99	4683314	6876	1
A_HP_32	62	Response	1	4693713	17275	1
A_HP_32	62	Pulse	99	4703313	26876	1
A_HP_32	62	Pulse	99	4723314	46876	1
A_HP_32	63	Picture	thanks	4726702	0	1	10229	1	0	10000	other	0
A_HP_32	63	Pulse	99	4743314	16612	1


Event Type	Code	Type	Response	RT	RT Uncertainty	Time	Uncertainty	Duration	Uncertainty	ReqTime	ReqDur

Picture	ready	other				343548	1	10229	1	0	10000
Picture	ins8	other				404173	1	30229	1	0	30000
Picture	response58	hit	2	8881	2	723873	1	40230	1	0	40000
Picture	response64	hit	1	10499	2	774165	1	40229	1	0	40000
Picture	response57	hit	1	7874	2	824790	1	40230	1	0	40000
Picture	response62	hit	1	13913	2	875081	1	40229	1	0	40000
Picture	response63	hit	1	5411	2	925373	1	40230	1	0	40000
Picture	response61	hit	2	6423	2	975831	1	40229	1	0	40000
Picture	response60	hit	1	6574	2	1026290	1	40230	1	0	40000
Picture	response59	hit	2	7105	2	1076748	1	40229	1	0	40000
Picture	ins14	other				1127040	1	30229	1	0	30000
Picture	response107	hit	1	15134	2	1443869	1	40229	1	0	40000
Picture	response112	hit	1	12012	2	1494161	1	40229	1	0	40000
Picture	response109	hit	1	10297	2	1544786	1	40229	1	0	40000
Picture	response111	hit	1	18716	2	1595078	1	40396	1	0	40000
Picture	response106	hit	2	9143	2	1645370	1	40229	1	0	40000
Picture	response105	hit	1	13265	2	1695829	1	40230	1	0	40000
Picture	response110	hit	2	7915	2	1746288	1	40229	1	0	40000
Picture	response108	hit	2	12367	2	1796747	1	40229	1	0	40000
Picture	ins6	other				1847038	1	30230	1	0	30000
Picture	response46	hit	1	8254	2	2163869	1	40229	1	0	40000
Picture	response43	hit	1	6953	2	2214161	1	40230	1	0	40000
Picture	response42	hit	2	7437	2	2264786	1	40229	1	0	40000
Picture	response45	hit	2	7455	2	2315078	1	40396	1	0	40000
Picture	response48	hit	2	19093	2	2365370	1	40229	1	0	40000
Picture	response47	hit	1	7406	2	2415827	1	40230	1	0	40000
Picture	response41	hit	2	6647	2	2466287	1	40230	1	0	40000
Picture	response44	hit	2	9988	2	2516746	1	40229	1	0	40000
Picture	ins24	other				2567037	1	30229	1	0	30000
Picture	response186	hit	1	19515	2	2883868	1	40230	1	0	40000
Picture	response191	hit	1	11612	2	2934160	1	40229	1	0	40000
Picture	response192	hit	1	9278	2	2984785	1	40230	1	0	40000
Picture	response189	hit	2	12036	2	3035077	1	40396	1	0	40000
Picture	response190	hit	2	11964	2	3085369	1	40229	1	0	40000
Picture	response188	hit	1	17566	2	3135827	1	40229	1	0	40000
Picture	response185	hit	2	19577	2	3186285	1	40229	1	0	40000
Picture	response187	hit	2	12139	2	3236744	1	40396	1	0	40000
Picture	ins22	other				3287036	1	30229	1	0	30000
Picture	response172	hit	1	17425	2	3603868	1	40229	1	0	40000
Picture	response174	hit	1	28104	2	3654159	1	40229	1	0	40000
Picture	response175	hit	2	7859	2	3704784	1	40229	1	0	40000
Picture	response169	hit	2	16427	2	3755076	1	40396	1	0	40000
Picture	response171	hit	2	16726	2	3805367	1	40229	1	0	40000
Picture	response170	incorrect	2	13957	2	3855826	1	40229	1	0	40000
Picture	response173	hit	1	18068	2	3906284	1	40229	1	0	40000
Picture	response175	hit	2	15980	2	3956743	1	40396	1	0	40000
Picture	ins16	other				4007034	1	30229	1	0	30000
Picture	response121	hit	2	11735	2	4323868	1	40229	1	0	40000
Picture	response125	hit	1	10293	2	4374160	1	40230	1	0	40000
Picture	response128	hit	2	10827	2	4424785	1	40230	1	0	40000
Picture	response124	hit	1	10485	2	4475077	1	40396	1	0	40000
Picture	response123	hit	2	21573	2	4525369	1	40230	1	0	40000
Picture	response126	hit	2	12325	2	4575827	1	40229	1	0	40000
Picture	response127	hit	2	11887	2	4626285	1	40229	1	0	40000
Picture	response122	hit	1	16969	2	4676744	1	40229	1	0	40000
Picture	thanks	other				4726702	1	10229	1	0	10000


{
   "app": "Presentation Version 21.0 Build 06.06.19",
   "device": "LENOVO 20KHCTO1WW",
   "experiment": "{C0C68DB1-10BA-42F2-8F79-3F2AFFEED4E4}",
   "os": "Windows 10 64 bit",
   "package": "",
   "parameters": {
      "configuration": "Default configuration"
   },
   "scenario": "Feature experiment(4).sce",
   "subject": "A_HP_32",
   "timestamp": "2019/11/22 03:29:54 GMT"
}
