Scenario - 
Logfile written - 10/31/2019 16:26:56

Subject	Trial	Event Type	Code	Time	TTime	Uncertainty	Duration	Uncertainty	ReqTime	ReqDur	Stim Type	Pair Index

A_HP_26	1	Response	3	395259	394092	1
A_HP_26	1	Pulse	99	395259	394092	1
A_HP_26	2	Picture	ready	395490	0	1	10229	1	0	10000	other	0
A_HP_26	2	Pulse	99	415258	19768	1
A_HP_26	2	Pulse	99	435258	39768	1
A_HP_26	2	Pulse	99	455258	59768	1
A_HP_26	3	Picture	ins8	456109	234	1	30230	1	0	30000	other	0
A_HP_26	3	Pulse	99	475178	19303	1
A_HP_26	3	Pulse	99	495258	39383	1
A_HP_26	3	Pulse	99	515257	59382	1
A_HP_26	3	Pulse	99	535259	79384	1
A_HP_26	3	Pulse	99	555259	99384	1
A_HP_26	3	Pulse	99	575258	119384	1
A_HP_26	3	Pulse	99	595259	139384	1
A_HP_26	3	Pulse	99	615258	159384	1
A_HP_26	3	Pulse	99	635257	179382	1
A_HP_26	3	Pulse	99	655258	199384	1
A_HP_26	3	Pulse	99	675179	219304	1
A_HP_26	3	Pulse	99	695258	239383	1
A_HP_26	3	Pulse	99	715259	259384	1
A_HP_26	3	Pulse	99	735258	279383	1
A_HP_26	3	Pulse	99	755259	299384	1
A_HP_26	4	Response	3	775258	9153	1
A_HP_26	4	Pulse	99	775258	9153	1
A_HP_26	5	Picture	response60	775905	230	1	40229	1	0	40000	hit	26
A_HP_26	5	Response	1	785168	9493	1
A_HP_26	5	Pulse	99	795258	19583	1
A_HP_26	5	Pulse	99	815258	39583	1
A_HP_26	6	Picture	response63	826197	122	1	40229	1	0	40000	hit	30
A_HP_26	6	Response	1	830397	4322	1
A_HP_26	6	Pulse	99	835257	9182	1
A_HP_26	6	Pulse	99	855258	29183	1
A_HP_26	6	Pulse	99	875178	49103	1
A_HP_26	7	Picture	response57	876655	180	1	40230	1	0	40000	hit	35
A_HP_26	7	Response	1	881807	5332	1
A_HP_26	7	Pulse	99	895258	18783	1
A_HP_26	7	Pulse	99	915258	38784	1
A_HP_26	8	Picture	response62	927114	239	1	40229	1	0	40000	hit	39
A_HP_26	8	Response	1	931187	4312	1
A_HP_26	8	Pulse	99	935178	8303	1
A_HP_26	8	Pulse	99	955258	28383	1
A_HP_26	8	Pulse	99	975258	48384	1
A_HP_26	9	Picture	response59	977572	297	1	40229	1	0	40000	hit	44
A_HP_26	9	Response	2	983117	5842	1
A_HP_26	9	Pulse	99	995258	17983	1
A_HP_26	9	Pulse	99	1015258	37983	1
A_HP_26	10	Picture	response64	1027864	189	1	40229	1	0	40000	hit	48
A_HP_26	10	Response	1	1032787	5113	1
A_HP_26	10	Pulse	99	1035258	7583	1
A_HP_26	10	Pulse	99	1055259	27584	1
A_HP_26	10	Pulse	99	1075258	47584	1
A_HP_26	11	Picture	response58	1078155	80	1	40229	1	0	40000	hit	53
A_HP_26	11	Response	2	1083397	5322	1
A_HP_26	11	Pulse	99	1095258	17183	1
A_HP_26	11	Pulse	99	1115259	37184	1
A_HP_26	12	Picture	response61	1128780	306	1	40230	1	0	40000	hit	58
A_HP_26	12	Pulse	99	1135178	6703	1
A_HP_26	12	Response	2	1140117	11642	1
A_HP_26	12	Pulse	99	1155257	26782	1
A_HP_26	12	Pulse	99	1175258	46783	1
A_HP_26	13	Picture	ins22	1179072	198	1	30229	1	0	30000	other	0
A_HP_26	13	Pulse	99	1195178	16304	1
A_HP_26	13	Pulse	99	1215258	36384	1
A_HP_26	13	Pulse	99	1235258	56384	1
A_HP_26	13	Pulse	99	1255258	76384	1
A_HP_26	13	Pulse	99	1275258	96384	1
A_HP_26	13	Pulse	99	1295258	116384	1
A_HP_26	13	Pulse	99	1315258	136384	1
A_HP_26	13	Pulse	99	1335178	156304	1
A_HP_26	13	Pulse	99	1355258	176384	1
A_HP_26	13	Pulse	99	1375258	196384	1
A_HP_26	13	Pulse	99	1395178	216304	1
A_HP_26	13	Pulse	99	1415258	236384	1
A_HP_26	13	Pulse	99	1435258	256384	1
A_HP_26	13	Pulse	99	1455178	276304	1
A_HP_26	13	Pulse	99	1475258	296383	1
A_HP_26	14	Response	3	1495258	6153	1
A_HP_26	14	Pulse	99	1495258	6153	1
A_HP_26	15	Picture	response172	1495904	230	1	40229	1	0	40000	hit	80
A_HP_26	15	Response	1	1509777	14102	1
A_HP_26	15	Pulse	99	1515258	19583	1
A_HP_26	15	Pulse	99	1535178	39503	1
A_HP_26	16	Picture	response171	1546196	121	1	40229	1	0	40000	hit	84
A_HP_26	16	Response	2	1554107	8032	1
A_HP_26	16	Pulse	99	1555256	9182	1
A_HP_26	16	Pulse	99	1575258	29184	1
A_HP_26	16	Pulse	99	1595178	49103	1
A_HP_26	17	Picture	response175	1596654	180	1	40229	1	0	40000	hit	89
A_HP_26	17	Response	2	1606347	9873	1
A_HP_26	17	Pulse	99	1615258	18784	1
A_HP_26	17	Pulse	99	1635258	38784	1
A_HP_26	18	Picture	response169	1647112	237	1	40229	1	0	40000	hit	94
A_HP_26	18	Pulse	99	1655178	8304	1
A_HP_26	18	Response	2	1673697	26822	1
A_HP_26	18	Pulse	99	1675258	28383	1
A_HP_26	18	Pulse	99	1695258	48383	1
A_HP_26	19	Picture	response173	1697570	295	1	40229	1	0	40000	hit	98
A_HP_26	19	Response	1	1707507	10232	1
A_HP_26	19	Pulse	99	1715178	17903	1
A_HP_26	19	Pulse	99	1735258	37983	1
A_HP_26	20	Picture	response170	1747862	187	1	40229	1	0	40000	hit	102
A_HP_26	20	Response	1	1753066	5392	1
A_HP_26	20	Pulse	99	1755257	7583	1
A_HP_26	20	Pulse	99	1775258	27583	1
A_HP_26	20	Pulse	99	1795178	47504	1
A_HP_26	21	Picture	response175	1798153	79	1	40230	1	0	40000	hit	107
A_HP_26	21	Response	2	1812616	14542	1
A_HP_26	21	Pulse	99	1815257	17183	1
A_HP_26	21	Pulse	99	1835258	37183	1
A_HP_26	22	Picture	response174	1848779	304	1	40230	1	0	40000	hit	112
A_HP_26	22	Pulse	99	1855178	6704	1
A_HP_26	22	Response	1	1861517	13042	1
A_HP_26	22	Pulse	99	1875257	26782	1
A_HP_26	22	Pulse	99	1895258	46784	1
A_HP_26	23	Picture	ins14	1899071	196	1	30230	1	0	30000	other	0
A_HP_26	23	Pulse	99	1915178	16304	1
A_HP_26	23	Pulse	99	1935258	36383	1
A_HP_26	23	Pulse	99	1955258	56383	1
A_HP_26	23	Pulse	99	1975179	76304	1
A_HP_26	23	Pulse	99	1995178	96304	1
A_HP_26	23	Pulse	99	2015258	116383	1
A_HP_26	23	Pulse	99	2035257	136383	1
A_HP_26	23	Pulse	99	2055178	156303	1
A_HP_26	23	Pulse	99	2075258	176384	1
A_HP_26	23	Pulse	99	2095258	196384	1
A_HP_26	23	Pulse	99	2115178	216304	1
A_HP_26	23	Pulse	99	2135258	236383	1
A_HP_26	23	Pulse	99	2155258	256383	1
A_HP_26	23	Pulse	99	2175178	276303	1
A_HP_26	23	Pulse	99	2195178	296303	1
A_HP_26	24	Response	3	2215258	6153	1
A_HP_26	24	Pulse	99	2215258	6153	1
A_HP_26	25	Picture	response110	2215904	230	1	40229	1	0	40000	hit	134
A_HP_26	25	Response	2	2222756	7082	1
A_HP_26	25	Pulse	99	2235258	19584	1
A_HP_26	25	Pulse	99	2255178	39504	1
A_HP_26	26	Picture	response107	2266195	121	1	40229	1	0	40000	hit	139
A_HP_26	26	Pulse	99	2275258	9183	1
A_HP_26	26	Response	1	2281126	15052	1
A_HP_26	26	Pulse	99	2295257	29183	1
A_HP_26	26	Pulse	99	2315178	49104	1
A_HP_26	27	Picture	response111	2316654	180	1	40229	1	0	40000	hit	143
A_HP_26	27	Response	1	2322736	6262	1
A_HP_26	27	Pulse	99	2335258	18784	1
A_HP_26	27	Pulse	99	2355258	38784	1
A_HP_26	28	Picture	response105	2367111	237	1	40229	1	0	40000	hit	147
A_HP_26	28	Response	1	2374276	7402	1
A_HP_26	28	Pulse	99	2375177	8303	1
A_HP_26	28	Pulse	99	2395178	28303	1
A_HP_26	28	Pulse	99	2415260	48386	1
A_HP_26	29	Picture	response106	2417570	296	1	40229	1	0	40000	hit	152
A_HP_26	29	Response	2	2424477	7202	1
A_HP_26	29	Pulse	99	2435178	17904	1
A_HP_26	29	Pulse	99	2455178	37904	1
A_HP_26	30	Picture	response109	2467861	188	1	40229	1	0	40000	hit	157
A_HP_26	30	Pulse	99	2475258	7584	1
A_HP_26	30	Response	1	2477906	10232	1
A_HP_26	30	Pulse	99	2495257	27583	1
A_HP_26	30	Pulse	99	2515178	47504	1
A_HP_26	31	Picture	response108	2518153	79	1	40229	1	0	40000	hit	161
A_HP_26	31	Response	2	2528806	10732	1
A_HP_26	31	Pulse	99	2535257	17183	1
A_HP_26	31	Pulse	99	2555258	37184	1
A_HP_26	32	Picture	response112	2568778	304	1	40229	1	0	40000	hit	166
A_HP_26	32	Pulse	99	2575178	6704	1
A_HP_26	32	Response	1	2575346	6872	1
A_HP_26	32	Pulse	99	2595257	26783	1
A_HP_26	32	Pulse	99	2615258	46784	1
A_HP_26	33	Picture	ins24	2619069	195	1	30229	1	0	30000	other	0
A_HP_26	33	Pulse	99	2635178	16304	1
A_HP_26	33	Pulse	99	2655178	36304	1
A_HP_26	33	Pulse	99	2675258	56384	1
A_HP_26	33	Pulse	99	2695178	76304	1
A_HP_26	33	Pulse	99	2715178	96304	1
A_HP_26	33	Pulse	99	2735258	116384	1
A_HP_26	33	Pulse	99	2755257	136384	1
A_HP_26	33	Pulse	99	2775178	156304	1
A_HP_26	33	Pulse	99	2795257	176383	1
A_HP_26	33	Pulse	99	2815258	196384	1
A_HP_26	33	Pulse	99	2835178	216304	1
A_HP_26	33	Pulse	99	2855178	236304	1
A_HP_26	33	Pulse	99	2875257	256383	1
A_HP_26	33	Pulse	99	2895178	276304	1
A_HP_26	33	Pulse	99	2915178	296304	1
A_HP_26	34	Response	3	2935257	6153	1
A_HP_26	34	Pulse	99	2935257	6153	1
A_HP_26	35	Picture	response189	2935904	230	1	40229	1	0	40000	hit	188
A_HP_26	35	Response	2	2949577	13902	1
A_HP_26	35	Pulse	99	2955177	19503	1
A_HP_26	35	Pulse	99	2975178	39504	1
A_HP_26	36	Picture	response188	2986196	122	1	40229	1	0	40000	hit	193
A_HP_26	36	Pulse	99	2995257	9183	1
A_HP_26	36	Response	1	2996155	10082	1
A_HP_26	36	Pulse	99	3015258	29184	1
A_HP_26	36	Pulse	99	3035177	49103	1
A_HP_26	37	Picture	response192	3036654	180	1	40230	1	0	40000	hit	197
A_HP_26	37	Response	1	3042886	6412	1
A_HP_26	37	Pulse	99	3055178	18703	1
A_HP_26	37	Pulse	99	3075258	38783	1
A_HP_26	38	Picture	response186	3087112	238	1	40229	1	0	40000	hit	202
A_HP_26	38	Pulse	99	3095178	8304	1
A_HP_26	38	Response	1	3095296	8422	1
A_HP_26	38	Pulse	99	3115178	28303	1
A_HP_26	38	Pulse	99	3135258	48384	1
A_HP_26	39	Picture	response187	3137571	297	1	40229	1	0	40000	hit	206
A_HP_26	39	Response	2	3143906	6632	1
A_HP_26	39	Pulse	99	3155177	17903	1
A_HP_26	39	Pulse	99	3175178	37904	1
A_HP_26	40	Picture	response185	3187863	189	1	40229	1	0	40000	hit	211
A_HP_26	40	Pulse	99	3195256	7582	1
A_HP_26	40	Response	2	3200016	12342	1
A_HP_26	40	Pulse	99	3215177	27504	1
A_HP_26	40	Pulse	99	3235177	47503	1
A_HP_26	41	Picture	response190	3238155	80	1	40229	1	0	40000	hit	215
A_HP_26	41	Response	2	3244936	6862	1
A_HP_26	41	Pulse	99	3255257	17183	1
A_HP_26	41	Pulse	99	3275257	37183	1
A_HP_26	42	Picture	response191	3288780	306	1	40229	1	0	40000	hit	220
A_HP_26	42	Pulse	99	3295177	6703	1
A_HP_26	42	Response	1	3301156	12682	1
A_HP_26	42	Pulse	99	3315177	26703	1
A_HP_26	42	Pulse	99	3335257	46783	1
A_HP_26	43	Picture	ins6	3339071	198	1	30229	1	0	30000	other	0
A_HP_26	43	Pulse	99	3355177	16304	1
A_HP_26	43	Pulse	99	3375177	36304	1
A_HP_26	43	Pulse	99	3395257	56384	1
A_HP_26	43	Pulse	99	3415177	76304	1
A_HP_26	43	Pulse	99	3435178	96305	1
A_HP_26	43	Pulse	99	3455257	116384	1
A_HP_26	43	Pulse	99	3475177	136304	1
A_HP_26	43	Pulse	99	3495177	156304	1
A_HP_26	43	Pulse	99	3515177	176304	1
A_HP_26	43	Pulse	99	3535257	196384	1
A_HP_26	43	Pulse	99	3555177	216304	1
A_HP_26	43	Pulse	99	3575177	236304	1
A_HP_26	43	Pulse	99	3595256	256382	1
A_HP_26	43	Pulse	99	3615177	276304	1
A_HP_26	43	Pulse	99	3635177	296304	1
A_HP_26	44	Response	3	3655257	6153	1
A_HP_26	44	Pulse	99	3655257	6153	1
A_HP_26	45	Picture	response46	3655904	230	1	40229	1	0	40000	hit	242
A_HP_26	45	Response	1	3659616	3942	1
A_HP_26	45	Pulse	99	3675177	19503	1
A_HP_26	45	Pulse	99	3695177	39503	1
A_HP_26	46	Picture	response41	3706196	122	1	40230	1	0	40000	hit	246
A_HP_26	46	Response	2	3710766	4692	1
A_HP_26	46	Pulse	99	3715177	9103	1
A_HP_26	46	Pulse	99	3735257	29183	1
A_HP_26	46	Pulse	99	3755177	49104	1
A_HP_26	47	Picture	response47	3756654	180	1	40230	1	0	40000	hit	251
A_HP_26	47	Response	1	3760246	3772	1
A_HP_26	47	Pulse	99	3775177	18704	1
A_HP_26	47	Pulse	99	3795257	38783	1
A_HP_26	48	Picture	response42	3807113	239	1	40229	1	0	40000	hit	255
A_HP_26	48	Response	2	3810916	4042	1
A_HP_26	48	Pulse	99	3815177	8303	1
A_HP_26	48	Pulse	99	3835177	28303	1
A_HP_26	48	Pulse	99	3855257	48383	1
A_HP_26	49	Picture	response45	3857571	297	1	40229	1	0	40000	hit	260
A_HP_26	49	Response	2	3861816	4542	1
A_HP_26	49	Pulse	99	3875177	17904	1
A_HP_26	49	Pulse	99	3895177	37904	1
A_HP_26	50	Picture	response44	3907863	189	1	40229	1	0	40000	hit	264
A_HP_26	50	Response	2	3911676	4003	1
A_HP_26	50	Pulse	99	3915257	7583	1
A_HP_26	50	Pulse	99	3935177	27504	1
A_HP_26	50	Pulse	99	3955177	47504	1
A_HP_26	51	Picture	response48	3958154	80	1	40230	1	0	40000	hit	269
A_HP_26	51	Response	2	3962916	4842	1
A_HP_26	51	Pulse	99	3975177	17104	1
A_HP_26	51	Pulse	99	3995257	37183	1
A_HP_26	52	Picture	response43	4008779	305	1	40229	1	0	40000	hit	273
A_HP_26	52	Response	1	4014026	5552	1
A_HP_26	52	Pulse	99	4015177	6703	1
A_HP_26	52	Pulse	99	4035177	26704	1
A_HP_26	52	Pulse	99	4055257	46783	1
A_HP_26	53	Picture	ins16	4059071	198	1	30230	1	0	30000	other	0
A_HP_26	53	Pulse	99	4075177	16304	1
A_HP_26	53	Pulse	99	4095177	36304	1
A_HP_26	53	Pulse	99	4115257	56384	1
A_HP_26	53	Pulse	99	4135177	76304	1
A_HP_26	53	Pulse	99	4155177	96304	1
A_HP_26	53	Pulse	99	4175177	116304	1
A_HP_26	53	Pulse	99	4195177	136304	1
A_HP_26	53	Pulse	99	4215177	156304	1
A_HP_26	53	Pulse	99	4235177	176304	1
A_HP_26	53	Pulse	99	4255256	196383	1
A_HP_26	53	Pulse	99	4275177	216304	1
A_HP_26	53	Pulse	99	4295177	236304	1
A_HP_26	53	Pulse	99	4315257	256384	1
A_HP_26	53	Pulse	99	4335177	276304	1
A_HP_26	53	Pulse	99	4355177	296304	1
A_HP_26	54	Response	3	4375177	6073	1
A_HP_26	54	Pulse	99	4375177	6073	1
A_HP_26	55	Picture	response126	4375804	230	1	40229	1	0	40000	hit	296
A_HP_26	55	Response	2	4382735	7162	1
A_HP_26	55	Pulse	99	4395177	19604	1
A_HP_26	55	Pulse	99	4415177	39604	1
A_HP_26	56	Picture	response127	4426262	289	1	40229	1	0	40000	hit	300
A_HP_26	56	Response	2	4434285	8312	1
A_HP_26	56	Pulse	99	4435176	9203	1
A_HP_26	56	Pulse	99	4455177	29204	1
A_HP_26	56	Pulse	99	4475177	49204	1
A_HP_26	57	Picture	response125	4476554	181	1	40230	1	0	40000	hit	305
A_HP_26	57	Response	1	4481626	5252	1
A_HP_26	57	Pulse	99	4495177	18804	1
A_HP_26	57	Pulse	99	4515257	38884	1
A_HP_26	58	Picture	response122	4527013	239	1	40230	1	0	40000	hit	309
A_HP_26	58	Response	1	4533045	6272	1
A_HP_26	58	Pulse	99	4535177	8403	1
A_HP_26	58	Pulse	99	4555177	28404	1
A_HP_26	58	Pulse	99	4575257	48483	1
A_HP_26	59	Picture	response124	4577305	131	1	40229	1	0	40000	hit	314
A_HP_26	59	Response	1	4583946	6772	1
A_HP_26	59	Pulse	99	4595177	18004	1
A_HP_26	59	Pulse	99	4615177	38004	1
A_HP_26	60	Picture	response121	4627763	190	1	40229	1	0	40000	hit	319
A_HP_26	60	Pulse	99	4635177	7603	1
A_HP_26	60	Response	2	4639355	11782	1
A_HP_26	60	Pulse	99	4655177	27604	1
A_HP_26	60	Pulse	99	4675177	47603	1
A_HP_26	61	Picture	response123	4678222	249	1	40229	1	0	40000	hit	323
A_HP_26	61	Response	2	4685085	7112	1
A_HP_26	61	Pulse	99	4695176	17203	1
A_HP_26	61	Pulse	99	4715177	37204	1
A_HP_26	62	Picture	response128	4728513	140	1	40229	1	0	40000	hit	328
A_HP_26	62	Pulse	99	4735177	6804	1
A_HP_26	62	Response	2	4738075	9702	1
A_HP_26	62	Pulse	99	4755177	26804	1
A_HP_26	62	Pulse	99	4775257	46883	1
A_HP_26	63	Picture	thanks	4778472	0	1	10229	1	0	10000	other	0
A_HP_26	63	Pulse	99	4795177	16705	1


Event Type	Code	Type	Response	RT	RT Uncertainty	Time	Uncertainty	Duration	Uncertainty	ReqTime	ReqDur

Picture	ready	other				395490	1	10229	1	0	10000
Picture	ins8	other				456109	1	30230	1	0	30000
Picture	response60	hit	1	9263	2	775905	1	40229	1	0	40000
Picture	response63	hit	1	4201	2	826197	1	40229	1	0	40000
Picture	response57	hit	1	5152	2	876655	1	40230	1	0	40000
Picture	response62	hit	1	4073	2	927114	1	40229	1	0	40000
Picture	response59	hit	2	5545	2	977572	1	40229	1	0	40000
Picture	response64	hit	1	4924	2	1027864	1	40229	1	0	40000
Picture	response58	hit	2	5241	2	1078155	1	40229	1	0	40000
Picture	response61	hit	2	11336	2	1128780	1	40230	1	0	40000
Picture	ins22	other				1179072	1	30229	1	0	30000
Picture	response172	hit	1	13872	2	1495904	1	40229	1	0	40000
Picture	response171	hit	2	7911	2	1546196	1	40229	1	0	40000
Picture	response175	hit	2	9693	2	1596654	1	40229	1	0	40000
Picture	response169	hit	2	26585	2	1647112	1	40229	1	0	40000
Picture	response173	hit	1	9937	2	1697570	1	40229	1	0	40000
Picture	response170	hit	1	5205	2	1747862	1	40229	1	0	40000
Picture	response175	hit	2	14463	2	1798153	1	40230	1	0	40000
Picture	response174	hit	1	12738	2	1848779	1	40230	1	0	40000
Picture	ins14	other				1899071	1	30230	1	0	30000
Picture	response110	hit	2	6852	2	2215904	1	40229	1	0	40000
Picture	response107	hit	1	14931	2	2266195	1	40229	1	0	40000
Picture	response111	hit	1	6083	2	2316654	1	40229	1	0	40000
Picture	response105	hit	1	7165	2	2367111	1	40229	1	0	40000
Picture	response106	hit	2	6907	2	2417570	1	40229	1	0	40000
Picture	response109	hit	1	10044	2	2467861	1	40229	1	0	40000
Picture	response108	hit	2	10653	2	2518153	1	40229	1	0	40000
Picture	response112	hit	1	6568	2	2568778	1	40229	1	0	40000
Picture	ins24	other				2619069	1	30229	1	0	30000
Picture	response189	hit	2	13673	2	2935904	1	40229	1	0	40000
Picture	response188	hit	1	9960	2	2986196	1	40229	1	0	40000
Picture	response192	hit	1	6232	2	3036654	1	40230	1	0	40000
Picture	response186	hit	1	8184	2	3087112	1	40229	1	0	40000
Picture	response187	hit	2	6335	2	3137571	1	40229	1	0	40000
Picture	response185	hit	2	12153	2	3187863	1	40229	1	0	40000
Picture	response190	hit	2	6781	2	3238155	1	40229	1	0	40000
Picture	response191	hit	1	12376	2	3288780	1	40229	1	0	40000
Picture	ins6	other				3339071	1	30229	1	0	30000
Picture	response46	hit	1	3712	2	3655904	1	40229	1	0	40000
Picture	response41	hit	2	4570	2	3706196	1	40230	1	0	40000
Picture	response47	hit	1	3592	2	3756654	1	40230	1	0	40000
Picture	response42	hit	2	3804	2	3807113	1	40229	1	0	40000
Picture	response45	hit	2	4245	2	3857571	1	40229	1	0	40000
Picture	response44	hit	2	3813	2	3907863	1	40229	1	0	40000
Picture	response48	hit	2	4762	2	3958154	1	40230	1	0	40000
Picture	response43	hit	1	5247	2	4008779	1	40229	1	0	40000
Picture	ins16	other				4059071	1	30230	1	0	30000
Picture	response126	hit	2	6932	2	4375804	1	40229	1	0	40000
Picture	response127	hit	2	8023	2	4426262	1	40229	1	0	40000
Picture	response125	hit	1	5072	2	4476554	1	40230	1	0	40000
Picture	response122	hit	1	6033	2	4527013	1	40230	1	0	40000
Picture	response124	hit	1	6641	2	4577305	1	40229	1	0	40000
Picture	response121	hit	2	11592	2	4627763	1	40229	1	0	40000
Picture	response123	hit	2	6863	2	4678222	1	40229	1	0	40000
Picture	response128	hit	2	9562	2	4728513	1	40229	1	0	40000
Picture	thanks	other				4778472	1	10229	1	0	10000


{
   "app": "Presentation Version 21.0 Build 06.06.19",
   "device": "LENOVO 20KHCTO1WW",
   "experiment": "{C0C68DB1-10BA-42F2-8F79-3F2AFFEED4E4}",
   "os": "Windows 10 64 bit",
   "package": "",
   "parameters": {
      "configuration": "Default configuration"
   },
   "scenario": "Feature experiment(4).sce",
   "subject": "A_HP_26",
   "timestamp": "2019/10/31 07:18:47 GMT"
}
