Scenario - 
Logfile written - 11/21/2019 09:37:52

Subject	Trial	Event Type	Code	Time	TTime	Uncertainty	Duration	Uncertainty	ReqTime	ReqDur	Stim Type	Pair Index

A_HP_30	1	Response	3	473728	472895	1
A_HP_30	1	Pulse	99	473728	472895	1
A_HP_30	2	Picture	ready	473960	0	1	10229	1	0	10000	other	0
A_HP_30	2	Pulse	99	493728	19768	1
A_HP_30	2	Pulse	99	513727	39768	1
A_HP_30	2	Pulse	99	533727	59768	1
A_HP_30	3	Picture	ins24	534568	234	1	30229	1	0	30000	other	0
A_HP_30	3	Pulse	99	553727	19393	1
A_HP_30	3	Pulse	99	573728	39393	1
A_HP_30	3	Pulse	99	593727	59393	1
A_HP_30	3	Pulse	99	613727	79393	1
A_HP_30	3	Pulse	99	633728	99393	1
A_HP_30	3	Pulse	99	653728	119393	1
A_HP_30	3	Pulse	99	673727	139393	1
A_HP_30	3	Pulse	99	693727	159393	1
A_HP_30	3	Pulse	99	713727	179393	1
A_HP_30	3	Pulse	99	733727	199393	1
A_HP_30	3	Pulse	99	753728	219393	1
A_HP_30	3	Pulse	99	773728	239393	1
A_HP_30	3	Pulse	99	793727	259392	1
A_HP_30	3	Pulse	99	813727	279393	1
A_HP_30	3	Pulse	99	833727	299393	1
A_HP_30	4	Response	3	853727	9162	1
A_HP_30	4	Pulse	99	853727	9162	1
A_HP_30	5	Picture	response188	854365	230	1	40229	1	0	40000	hit	26
A_HP_30	5	Response	1	869176	15041	1
A_HP_30	5	Pulse	99	873727	19592	1
A_HP_30	5	Pulse	99	893727	39592	1
A_HP_30	6	Picture	response191	904823	288	1	40229	1	0	40000	hit	31
A_HP_30	6	Pulse	99	913727	9193	1
A_HP_30	6	Response	1	918086	13551	1
A_HP_30	6	Pulse	99	933727	29193	1
A_HP_30	6	Pulse	99	953727	49192	1
A_HP_30	7	Picture	response189	955115	180	1	40229	1	0	40000	hit	35
A_HP_30	7	Response	2	968596	13662	1
A_HP_30	7	Pulse	99	973727	18793	1
A_HP_30	7	Pulse	99	993727	38793	1
A_HP_30	8	Picture	response190	1005573	238	1	40229	1	0	40000	hit	40
A_HP_30	8	Pulse	99	1013727	8393	1
A_HP_30	8	Response	2	1019026	13691	1
A_HP_30	8	Pulse	99	1033727	28393	1
A_HP_30	8	Pulse	99	1053727	48393	1
A_HP_30	9	Picture	response185	1055865	130	1	40229	1	0	40000	hit	44
A_HP_30	9	Response	2	1068256	12521	1
A_HP_30	9	Pulse	99	1073727	17992	1
A_HP_30	9	Pulse	99	1093727	37992	1
A_HP_30	10	Picture	response186	1106490	355	1	40229	1	0	40000	hit	49
A_HP_30	10	Pulse	99	1113727	7592	1
A_HP_30	10	Response	1	1116015	9880	1
A_HP_30	10	Pulse	99	1133727	27592	1
A_HP_30	10	Pulse	99	1153727	47592	1
A_HP_30	11	Picture	response192	1156781	247	1	40229	1	0	40000	hit	54
A_HP_30	11	Pulse	99	1173727	17193	1
A_HP_30	11	Response	1	1177976	21441	1
A_HP_30	11	Pulse	99	1193727	37193	1
A_HP_30	12	Picture	response187	1207073	138	1	40230	1	0	40000	hit	58
A_HP_30	12	Pulse	99	1213727	6793	1
A_HP_30	12	Response	2	1223826	16891	1
A_HP_30	12	Pulse	99	1233727	26793	1
A_HP_30	12	Pulse	99	1253727	46793	1
A_HP_30	13	Picture	ins22	1257532	197	1	30195	1	0	30000	other	0
A_HP_30	13	Pulse	99	1273727	16393	1
A_HP_30	13	Pulse	99	1293727	36393	1
A_HP_30	13	Pulse	99	1313727	56393	1
A_HP_30	13	Pulse	99	1333727	76393	1
A_HP_30	13	Pulse	99	1353727	96393	1
A_HP_30	13	Pulse	99	1373727	116392	1
A_HP_30	13	Pulse	99	1393727	136392	1
A_HP_30	13	Pulse	99	1413727	156393	1
A_HP_30	13	Pulse	99	1433727	176392	1
A_HP_30	13	Pulse	99	1453727	196392	1
A_HP_30	13	Pulse	99	1473727	216392	1
A_HP_30	13	Pulse	99	1493727	236392	1
A_HP_30	13	Pulse	99	1513727	256392	1
A_HP_30	13	Pulse	99	1533727	276392	1
A_HP_30	13	Pulse	99	1553727	296392	1
A_HP_30	14	Response	3	1573727	6162	1
A_HP_30	14	Pulse	99	1573727	6162	1
A_HP_30	15	Picture	response171	1574364	230	1	40229	1	0	40000	hit	80
A_HP_30	15	Response	2	1586196	12061	1
A_HP_30	15	Pulse	99	1593727	19592	1
A_HP_30	15	Pulse	99	1613727	39592	1
A_HP_30	16	Picture	response173	1624822	288	1	40230	1	0	40000	hit	85
A_HP_30	16	Pulse	99	1633727	9193	1
A_HP_30	16	Response	1	1644006	19472	1
A_HP_30	16	Pulse	99	1653727	29193	1
A_HP_30	16	Pulse	99	1673727	49193	1
A_HP_30	17	Picture	response172	1675114	180	1	40229	1	0	40000	hit	89
A_HP_30	17	Response	1	1688706	13772	1
A_HP_30	17	Pulse	99	1693727	18792	1
A_HP_30	17	Pulse	99	1713727	38792	1
A_HP_30	18	Picture	response169	1725573	238	1	40229	1	0	40000	hit	94
A_HP_30	18	Pulse	99	1733728	8393	1
A_HP_30	18	Response	2	1735905	10570	1
A_HP_30	18	Pulse	99	1753727	28392	1
A_HP_30	18	Pulse	99	1773727	48392	1
A_HP_30	19	Picture	response175	1775864	130	1	40229	1	0	40000	incorrect	99
A_HP_30	19	Pulse	99	1793727	17992	1
A_HP_30	19	Response	1	1795335	19601	1
A_HP_30	19	Pulse	99	1813727	37992	1
A_HP_30	20	Picture	response170	1826490	355	1	40229	1	0	40000	hit	103
A_HP_30	20	Pulse	99	1833727	7593	1
A_HP_30	20	Response	1	1840306	14172	1
A_HP_30	20	Pulse	99	1853727	27593	1
A_HP_30	20	Pulse	99	1873727	47593	1
A_HP_30	21	Picture	response175	1876781	247	1	40229	1	0	40000	hit	107
A_HP_30	21	Response	2	1890106	13572	1
A_HP_30	21	Pulse	99	1893726	17193	1
A_HP_30	21	Pulse	99	1913727	37193	1
A_HP_30	22	Picture	response174	1927073	138	1	40229	1	0	40000	hit	112
A_HP_30	22	Pulse	99	1933726	6792	1
A_HP_30	22	Response	1	1936525	9591	1
A_HP_30	22	Pulse	99	1953727	26792	1
A_HP_30	22	Pulse	99	1973727	46792	1
A_HP_30	23	Picture	ins14	1977531	197	1	30229	1	0	30000	other	0
A_HP_30	23	Pulse	99	1993727	16393	1
A_HP_30	23	Pulse	99	2013727	36393	1
A_HP_30	23	Pulse	99	2033727	56393	1
A_HP_30	23	Pulse	99	2053726	76393	1
A_HP_30	23	Pulse	99	2073727	96393	1
A_HP_30	23	Pulse	99	2093727	116393	1
A_HP_30	23	Pulse	99	2113727	136393	1
A_HP_30	23	Pulse	99	2133727	156393	1
A_HP_30	23	Pulse	99	2153727	176393	1
A_HP_30	23	Pulse	99	2173647	196313	1
A_HP_30	23	Pulse	99	2193727	216393	1
A_HP_30	23	Pulse	99	2213727	236393	1
A_HP_30	23	Pulse	99	2233727	256393	1
A_HP_30	23	Pulse	99	2253727	276393	1
A_HP_30	23	Pulse	99	2273727	296393	1
A_HP_30	24	Response	3	2293726	6162	1
A_HP_30	24	Pulse	99	2293726	6162	1
A_HP_30	25	Picture	response105	2294363	230	1	40229	1	0	40000	hit	134
A_HP_30	25	Response	1	2301185	7051	1
A_HP_30	25	Pulse	99	2313726	19592	1
A_HP_30	25	Pulse	99	2333726	39593	1
A_HP_30	26	Picture	response112	2344822	287	1	40229	1	0	40000	hit	138
A_HP_30	26	Response	1	2353365	8831	1
A_HP_30	26	Pulse	99	2353726	9192	1
A_HP_30	26	Pulse	99	2373727	29192	1
A_HP_30	26	Pulse	99	2393727	49192	1
A_HP_30	27	Picture	response110	2395113	180	1	40229	1	0	40000	hit	143
A_HP_30	27	Response	2	2401645	6712	1
A_HP_30	27	Pulse	99	2413727	18793	1
A_HP_30	27	Pulse	99	2433727	38793	1
A_HP_30	28	Picture	response106	2445571	238	1	40230	1	0	40000	hit	148
A_HP_30	28	Pulse	99	2453727	8393	1
A_HP_30	28	Response	2	2455075	9742	1
A_HP_30	28	Pulse	99	2473727	28393	1
A_HP_30	28	Pulse	99	2493647	48313	1
A_HP_30	29	Picture	response109	2495863	130	1	40229	1	0	40000	hit	152
A_HP_30	29	Response	1	2507246	11512	1
A_HP_30	29	Pulse	99	2513726	17993	1
A_HP_30	29	Pulse	99	2533726	37992	1
A_HP_30	30	Picture	response108	2546488	355	1	40229	1	0	40000	hit	157
A_HP_30	30	Pulse	99	2553726	7593	1
A_HP_30	30	Response	2	2556075	9941	1
A_HP_30	30	Pulse	99	2573726	27593	1
A_HP_30	30	Pulse	99	2593726	47593	1
A_HP_30	31	Picture	response111	2596780	246	1	40229	1	0	40000	hit	161
A_HP_30	31	Response	1	2612685	16152	1
A_HP_30	31	Pulse	99	2613726	17192	1
A_HP_30	31	Pulse	99	2633726	37193	1
A_HP_30	32	Picture	response107	2647071	138	1	40229	1	0	40000	hit	166
A_HP_30	32	Pulse	99	2653726	6793	1
A_HP_30	32	Response	1	2658034	11101	1
A_HP_30	32	Pulse	99	2673726	26793	1
A_HP_30	32	Pulse	99	2693726	46793	1
A_HP_30	33	Picture	ins6	2697530	196	1	30230	1	0	30000	other	0
A_HP_30	33	Pulse	99	2713726	16393	1
A_HP_30	33	Pulse	99	2733726	36393	1
A_HP_30	33	Pulse	99	2753646	56313	1
A_HP_30	33	Pulse	99	2773726	76393	1
A_HP_30	33	Pulse	99	2793726	96393	1
A_HP_30	33	Pulse	99	2813646	116313	1
A_HP_30	33	Pulse	99	2833726	136393	1
A_HP_30	33	Pulse	99	2853726	156393	1
A_HP_30	33	Pulse	99	2873727	176394	1
A_HP_30	33	Pulse	99	2893727	196394	1
A_HP_30	33	Pulse	99	2913726	216393	1
A_HP_30	33	Pulse	99	2933727	236394	1
A_HP_30	33	Pulse	99	2953726	256393	1
A_HP_30	33	Pulse	99	2973726	276393	1
A_HP_30	33	Pulse	99	2993726	296393	1
A_HP_30	34	Response	3	3013646	6083	1
A_HP_30	34	Pulse	99	3013646	6083	1
A_HP_30	35	Picture	response46	3014264	230	1	40229	1	0	40000	hit	188
A_HP_30	35	Response	1	3021245	7211	1
A_HP_30	35	Pulse	99	3033726	19692	1
A_HP_30	35	Pulse	99	3053726	39692	1
A_HP_30	36	Picture	response42	3064556	122	1	40229	1	0	40000	hit	192
A_HP_30	36	Response	2	3072145	7712	1
A_HP_30	36	Pulse	99	3073646	9213	1
A_HP_30	36	Pulse	99	3093726	29293	1
A_HP_30	36	Pulse	99	3113726	49293	1
A_HP_30	37	Picture	response41	3115014	180	1	40229	1	0	40000	hit	197
A_HP_30	37	Response	2	3124065	9231	1
A_HP_30	37	Pulse	99	3133646	18812	1
A_HP_30	37	Pulse	99	3153726	38892	1
A_HP_30	38	Picture	response44	3165472	238	1	40229	1	0	40000	hit	201
A_HP_30	38	Response	2	3172804	7571	1
A_HP_30	38	Pulse	99	3173726	8492	1
A_HP_30	38	Pulse	99	3193646	28412	1
A_HP_30	38	Pulse	99	3213726	48493	1
A_HP_30	39	Picture	response43	3215930	297	1	40229	1	0	40000	hit	206
A_HP_30	39	Response	1	3222185	6552	1
A_HP_30	39	Pulse	99	3233726	18093	1
A_HP_30	39	Pulse	99	3253726	38093	1
A_HP_30	40	Picture	response47	3266222	189	1	40230	1	0	40000	hit	210
A_HP_30	40	Response	1	3273415	7381	1
A_HP_30	40	Pulse	99	3273646	7612	1
A_HP_30	40	Pulse	99	3293726	27693	1
A_HP_30	40	Pulse	99	3313726	47693	1
A_HP_30	41	Picture	response48	3316515	81	1	40229	1	0	40000	hit	215
A_HP_30	41	Response	2	3326125	9691	1
A_HP_30	41	Pulse	99	3333646	17212	1
A_HP_30	41	Pulse	99	3353726	37293	1
A_HP_30	42	Picture	response45	3367139	305	1	40229	1	0	40000	hit	220
A_HP_30	42	Pulse	99	3373726	6892	1
A_HP_30	42	Response	2	3383135	16301	1
A_HP_30	42	Pulse	99	3393646	26812	1
A_HP_30	42	Pulse	99	3413726	46892	1
A_HP_30	43	Picture	ins16	3417431	198	1	30229	1	0	30000	other	0
A_HP_30	43	Pulse	99	3433726	16493	1
A_HP_30	43	Pulse	99	3453646	36413	1
A_HP_30	43	Pulse	99	3473726	56493	1
A_HP_30	43	Pulse	99	3493726	76493	1
A_HP_30	43	Pulse	99	3513646	96413	1
A_HP_30	43	Pulse	99	3533646	116413	1
A_HP_30	43	Pulse	99	3553726	136493	1
A_HP_30	43	Pulse	99	3573726	156493	1
A_HP_30	43	Pulse	99	3593646	176413	1
A_HP_30	43	Pulse	99	3613726	196493	1
A_HP_30	43	Pulse	99	3633726	216493	1
A_HP_30	43	Pulse	99	3653646	236413	1
A_HP_30	43	Pulse	99	3673726	256493	1
A_HP_30	43	Pulse	99	3693726	276493	1
A_HP_30	43	Pulse	99	3713646	296413	1
A_HP_30	44	Response	3	3733726	6262	1
A_HP_30	44	Pulse	99	3733726	6262	1
A_HP_30	45	Picture	response122	3734363	230	1	40229	1	0	40000	hit	242
A_HP_30	45	Response	1	3744265	10131	1
A_HP_30	45	Pulse	99	3753726	19592	1
A_HP_30	45	Pulse	99	3773646	39512	1
A_HP_30	46	Picture	response128	3784656	123	1	40229	1	0	40000	hit	247
A_HP_30	46	Pulse	99	3793726	9193	1
A_HP_30	46	Response	2	3796534	12001	1
A_HP_30	46	Pulse	99	3813726	29193	1
A_HP_30	46	Pulse	99	3833646	49113	1
A_HP_30	47	Picture	response124	3835115	181	1	40230	1	0	40000	hit	251
A_HP_30	47	Response	1	3844005	9071	1
A_HP_30	47	Pulse	99	3853646	18712	1
A_HP_30	47	Pulse	99	3873726	38793	1
A_HP_30	48	Picture	response127	3885574	240	1	40230	1	0	40000	hit	255
A_HP_30	48	Response	2	3890575	5241	1
A_HP_30	48	Pulse	99	3893725	8392	1
A_HP_30	48	Pulse	99	3913646	28312	1
A_HP_30	48	Pulse	99	3933726	48393	1
A_HP_30	49	Picture	response126	3935866	133	1	40229	1	0	40000	hit	260
A_HP_30	49	Response	2	3944195	8462	1
A_HP_30	49	Pulse	99	3953726	17993	1
A_HP_30	49	Pulse	99	3973646	37913	1
A_HP_30	50	Picture	response123	3986324	191	1	40229	1	0	40000	hit	265
A_HP_30	50	Pulse	99	3993726	7593	1
A_HP_30	50	Response	2	3996155	10022	1
A_HP_30	50	Pulse	99	4013726	27593	1
A_HP_30	50	Pulse	99	4033646	47513	1
A_HP_30	51	Picture	response121	4036782	249	1	40229	1	0	40000	hit	269
A_HP_30	51	Response	2	4045714	9181	1
A_HP_30	51	Pulse	99	4053726	17192	1
A_HP_30	51	Pulse	99	4073726	37192	1
A_HP_30	52	Picture	response125	4087073	140	1	40229	1	0	40000	hit	274
A_HP_30	52	Pulse	99	4093646	6712	1
A_HP_30	52	Response	1	4095494	8561	1
A_HP_30	52	Pulse	99	4113646	26712	1
A_HP_30	52	Pulse	99	4133726	46792	1
A_HP_30	53	Picture	ins8	4137532	198	1	30229	1	0	30000	other	0
A_HP_30	53	Pulse	99	4153645	16312	1
A_HP_30	53	Pulse	99	4173645	36312	1
A_HP_30	53	Pulse	99	4193726	56393	1
A_HP_30	53	Pulse	99	4213726	76393	1
A_HP_30	53	Pulse	99	4233646	96312	1
A_HP_30	53	Pulse	99	4253726	116392	1
A_HP_30	53	Pulse	99	4273726	136392	1
A_HP_30	53	Pulse	99	4293646	156312	1
A_HP_30	53	Pulse	99	4313726	176392	1
A_HP_30	53	Pulse	99	4333726	196392	1
A_HP_30	53	Pulse	99	4353646	216312	1
A_HP_30	53	Pulse	99	4373646	236312	1
A_HP_30	53	Pulse	99	4393726	256393	1
A_HP_30	53	Pulse	99	4413646	276312	1
A_HP_30	53	Pulse	99	4433646	296312	1
A_HP_30	54	Response	3	4453726	6162	1
A_HP_30	54	Pulse	99	4453726	6162	1
A_HP_30	55	Picture	response57	4454363	230	1	40229	1	0	40000	hit	296
A_HP_30	55	Response	1	4460514	6381	1
A_HP_30	55	Pulse	99	4473646	19512	1
A_HP_30	55	Pulse	99	4493646	39512	1
A_HP_30	56	Picture	response62	4504822	289	1	40229	1	0	40000	hit	300
A_HP_30	56	Response	1	4513024	8492	1
A_HP_30	56	Pulse	99	4513725	9193	1
A_HP_30	56	Pulse	99	4533726	29193	1
A_HP_30	56	Pulse	99	4553646	49113	1
A_HP_30	57	Picture	response60	4555113	181	1	40229	1	0	40000	hit	305
A_HP_30	57	Response	1	4561694	6762	1
A_HP_30	57	Pulse	99	4573725	18793	1
A_HP_30	57	Pulse	99	4593725	38793	1
A_HP_30	58	Picture	response61	4605571	239	1	40229	1	0	40000	hit	309
A_HP_30	58	Response	2	4611824	6492	1
A_HP_30	58	Pulse	99	4613646	8313	1
A_HP_30	58	Pulse	99	4633645	28313	1
A_HP_30	58	Pulse	99	4653725	48393	1
A_HP_30	59	Picture	response63	4655863	131	1	40229	1	0	40000	hit	314
A_HP_30	59	Response	1	4663574	7842	1
A_HP_30	59	Pulse	99	4673645	17912	1
A_HP_30	59	Pulse	99	4693645	37913	1
A_HP_30	60	Picture	response64	4706322	189	1	40230	1	0	40000	hit	319
A_HP_30	60	Pulse	99	4713725	7593	1
A_HP_30	60	Response	1	4715413	9281	1
A_HP_30	60	Pulse	99	4733645	27513	1
A_HP_30	60	Pulse	99	4753645	47513	1
A_HP_30	61	Picture	response58	4756780	247	1	40230	1	0	40000	hit	323
A_HP_30	61	Response	2	4764324	7791	1
A_HP_30	61	Pulse	99	4773725	17192	1
A_HP_30	61	Pulse	99	4793645	37112	1
A_HP_30	62	Picture	response59	4807072	140	1	40229	1	0	40000	hit	328
A_HP_30	62	Pulse	99	4813645	6713	1
A_HP_30	62	Response	2	4813894	6961	1
A_HP_30	62	Pulse	99	4833725	26793	1
A_HP_30	62	Pulse	99	4853725	46793	1
A_HP_30	63	Picture	thanks	4857031	0	1	10229	1	0	10000	other	0
A_HP_30	63	Pulse	99	4873645	16615	1


Event Type	Code	Type	Response	RT	RT Uncertainty	Time	Uncertainty	Duration	Uncertainty	ReqTime	ReqDur

Picture	ready	other				473960	1	10229	1	0	10000
Picture	ins24	other				534568	1	30229	1	0	30000
Picture	response188	hit	1	14811	2	854365	1	40229	1	0	40000
Picture	response191	hit	1	13263	2	904823	1	40229	1	0	40000
Picture	response189	hit	2	13482	2	955115	1	40229	1	0	40000
Picture	response190	hit	2	13453	2	1005573	1	40229	1	0	40000
Picture	response185	hit	2	12392	2	1055865	1	40229	1	0	40000
Picture	response186	hit	1	9525	2	1106490	1	40229	1	0	40000
Picture	response192	hit	1	21194	2	1156781	1	40229	1	0	40000
Picture	response187	hit	2	16753	2	1207073	1	40230	1	0	40000
Picture	ins22	other				1257532	1	30195	1	0	30000
Picture	response171	hit	2	11831	2	1574364	1	40229	1	0	40000
Picture	response173	hit	1	19183	2	1624822	1	40230	1	0	40000
Picture	response172	hit	1	13592	2	1675114	1	40229	1	0	40000
Picture	response169	hit	2	10332	2	1725573	1	40229	1	0	40000
Picture	response175	incorrect	1	19471	2	1775864	1	40229	1	0	40000
Picture	response170	hit	1	13816	2	1826490	1	40229	1	0	40000
Picture	response175	hit	2	13325	2	1876781	1	40229	1	0	40000
Picture	response174	hit	1	9452	2	1927073	1	40229	1	0	40000
Picture	ins14	other				1977531	1	30229	1	0	30000
Picture	response105	hit	1	6821	2	2294363	1	40229	1	0	40000
Picture	response112	hit	1	8544	2	2344822	1	40229	1	0	40000
Picture	response110	hit	2	6532	2	2395113	1	40229	1	0	40000
Picture	response106	hit	2	9504	2	2445571	1	40230	1	0	40000
Picture	response109	hit	1	11382	2	2495863	1	40229	1	0	40000
Picture	response108	hit	2	9587	2	2546488	1	40229	1	0	40000
Picture	response111	hit	1	15905	2	2596780	1	40229	1	0	40000
Picture	response107	hit	1	10963	2	2647071	1	40229	1	0	40000
Picture	ins6	other				2697530	1	30230	1	0	30000
Picture	response46	hit	1	6981	2	3014264	1	40229	1	0	40000
Picture	response42	hit	2	7589	2	3064556	1	40229	1	0	40000
Picture	response41	hit	2	9051	2	3115014	1	40229	1	0	40000
Picture	response44	hit	2	7333	2	3165472	1	40229	1	0	40000
Picture	response43	hit	1	6255	2	3215930	1	40229	1	0	40000
Picture	response47	hit	1	7192	2	3266222	1	40230	1	0	40000
Picture	response48	hit	2	9610	2	3316515	1	40229	1	0	40000
Picture	response45	hit	2	15996	2	3367139	1	40229	1	0	40000
Picture	ins16	other				3417431	1	30229	1	0	30000
Picture	response122	hit	1	9901	2	3734363	1	40229	1	0	40000
Picture	response128	hit	2	11878	2	3784656	1	40229	1	0	40000
Picture	response124	hit	1	8890	2	3835115	1	40230	1	0	40000
Picture	response127	hit	2	5001	2	3885574	1	40230	1	0	40000
Picture	response126	hit	2	8329	2	3935866	1	40229	1	0	40000
Picture	response123	hit	2	9831	2	3986324	1	40229	1	0	40000
Picture	response121	hit	2	8932	2	4036782	1	40229	1	0	40000
Picture	response125	hit	1	8421	2	4087073	1	40229	1	0	40000
Picture	ins8	other				4137532	1	30229	1	0	30000
Picture	response57	hit	1	6151	2	4454363	1	40229	1	0	40000
Picture	response62	hit	1	8203	2	4504822	1	40229	1	0	40000
Picture	response60	hit	1	6581	2	4555113	1	40229	1	0	40000
Picture	response61	hit	2	6253	2	4605571	1	40229	1	0	40000
Picture	response63	hit	1	7711	2	4655863	1	40229	1	0	40000
Picture	response64	hit	1	9091	2	4706322	1	40230	1	0	40000
Picture	response58	hit	2	7544	2	4756780	1	40230	1	0	40000
Picture	response59	hit	2	6821	2	4807072	1	40229	1	0	40000
Picture	thanks	other				4857031	1	10229	1	0	10000


{
   "app": "Presentation Version 21.0 Build 06.06.19",
   "device": "LENOVO 20KHCTO1WW",
   "experiment": "{C0C68DB1-10BA-42F2-8F79-3F2AFFEED4E4}",
   "os": "Windows 10 64 bit",
   "package": "",
   "parameters": {
      "configuration": "Default configuration"
   },
   "scenario": "Feature experiment(4).sce",
   "subject": "A_HP_30",
   "timestamp": "2019/11/21 00:29:36 GMT"
}
