Scenario - 
Logfile written - 01/16/2020 10:23:55

Subject	Trial	Event Type	Code	Time	TTime	Uncertainty	Duration	Uncertainty	ReqTime	ReqDur	Stim Type	Pair Index

A_HP_44	1	Response	3	527005	525883	1
A_HP_44	1	Pulse	99	527005	525883	1
A_HP_44	2	Picture	ready	527051	0	1	10162	1	0	10000	other	0
A_HP_44	2	Pulse	99	547004	19953	1
A_HP_44	2	Pulse	99	567004	39953	1
A_HP_44	2	Pulse	99	587004	59953	1
A_HP_44	3	Picture	ins22	587524	141	1	30153	1	0	30000	other	0
A_HP_44	3	Pulse	99	607004	19621	1
A_HP_44	3	Pulse	99	627004	39621	1
A_HP_44	3	Pulse	99	647004	59621	1
A_HP_44	3	Pulse	99	667004	79621	1
A_HP_44	3	Pulse	99	687004	99621	1
A_HP_44	3	Pulse	99	707004	119622	1
A_HP_44	3	Pulse	99	727004	139621	1
A_HP_44	3	Pulse	99	747004	159621	1
A_HP_44	3	Pulse	99	767004	179621	1
A_HP_44	3	Pulse	99	787004	199621	1
A_HP_44	3	Pulse	99	807004	219621	1
A_HP_44	3	Pulse	99	827004	239621	1
A_HP_44	3	Pulse	99	847004	259621	1
A_HP_44	3	Pulse	99	867004	279621	1
A_HP_44	3	Pulse	99	887004	299621	1
A_HP_44	4	Response	3	907004	9454	1
A_HP_44	4	Pulse	99	907004	9454	1
A_HP_44	5	Picture	response172	907545	162	1	40149	1	0	40000	hit	26
A_HP_44	5	Response	1	917853	10470	1
A_HP_44	5	Pulse	99	927004	19621	1
A_HP_44	5	Pulse	99	947004	39621	1
A_HP_44	6	Picture	response173	957856	73	1	40149	1	0	40000	hit	31
A_HP_44	6	Pulse	99	967004	9221	1
A_HP_44	6	Response	1	971593	13809	1
A_HP_44	6	Pulse	99	987004	29221	1
A_HP_44	6	Pulse	99	1007004	49221	1
A_HP_44	7	Picture	response174	1008333	150	1	40149	1	0	40000	hit	35
A_HP_44	7	Response	1	1020413	12230	1
A_HP_44	7	Pulse	99	1027004	18821	1
A_HP_44	7	Pulse	99	1047004	38821	1
A_HP_44	8	Picture	response175	1058644	61	1	40148	1	0	40000	hit	40
A_HP_44	8	Pulse	99	1067004	8421	1
A_HP_44	8	Response	2	1071793	13209	1
A_HP_44	8	Pulse	99	1087004	28421	1
A_HP_44	8	Pulse	99	1107004	48421	1
A_HP_44	9	Picture	response169	1109121	138	1	40148	1	0	40000	hit	45
A_HP_44	9	Pulse	99	1127004	18021	1
A_HP_44	9	Response	2	1127012	18029	1
A_HP_44	9	Pulse	99	1147004	38021	1
A_HP_44	10	Picture	response175	1159431	48	1	40149	1	0	40000	hit	49
A_HP_44	10	Pulse	99	1167004	7621	1
A_HP_44	10	Response	2	1171473	12089	1
A_HP_44	10	Pulse	99	1187004	27621	1
A_HP_44	10	Pulse	99	1207004	47621	1
A_HP_44	11	Picture	response170	1209909	125	1	40149	1	0	40000	hit	53
A_HP_44	11	Response	1	1221753	11970	1
A_HP_44	11	Pulse	99	1227004	17221	1
A_HP_44	11	Pulse	99	1247004	37221	1
A_HP_44	12	Picture	response171	1260219	36	1	40148	1	0	40000	hit	58
A_HP_44	12	Pulse	99	1267006	6822	1
A_HP_44	12	Response	2	1278333	18150	1
A_HP_44	12	Pulse	99	1287004	26821	1
A_HP_44	12	Pulse	99	1307004	46821	1
A_HP_44	13	Picture	ins14	1310696	113	1	30153	1	0	30000	other	0
A_HP_44	13	Pulse	99	1327004	16421	1
A_HP_44	13	Pulse	99	1347004	36421	1
A_HP_44	13	Pulse	99	1367004	56421	1
A_HP_44	13	Pulse	99	1387004	76421	1
A_HP_44	13	Pulse	99	1407004	96421	1
A_HP_44	13	Pulse	99	1427005	116421	1
A_HP_44	13	Pulse	99	1447004	136421	1
A_HP_44	13	Pulse	99	1467004	156420	1
A_HP_44	13	Pulse	99	1487004	176421	1
A_HP_44	13	Pulse	99	1507004	196421	1
A_HP_44	13	Pulse	99	1527004	216421	1
A_HP_44	13	Pulse	99	1547004	236421	1
A_HP_44	13	Pulse	99	1567004	256421	1
A_HP_44	13	Pulse	99	1587004	276421	1
A_HP_44	13	Pulse	99	1607004	296421	1
A_HP_44	14	Response	3	1627004	6282	1
A_HP_44	14	Pulse	99	1627004	6282	1
A_HP_44	15	Picture	response112	1627553	170	1	40149	1	0	40000	hit	80
A_HP_44	15	Response	1	1636283	8900	1
A_HP_44	15	Pulse	99	1647004	19621	1
A_HP_44	15	Pulse	99	1667004	39621	1
A_HP_44	16	Picture	response110	1677864	80	1	40149	1	0	40000	hit	84
A_HP_44	16	Response	2	1685963	8179	1
A_HP_44	16	Pulse	99	1687004	9221	1
A_HP_44	16	Pulse	99	1707004	29221	1
A_HP_44	16	Pulse	99	1727004	49221	1
A_HP_44	17	Picture	response111	1728341	157	1	40149	1	0	40000	hit	89
A_HP_44	17	Response	1	1740813	12630	1
A_HP_44	17	Pulse	99	1747005	18821	1
A_HP_44	17	Pulse	99	1767004	38821	1
A_HP_44	18	Picture	response106	1778651	68	1	40148	1	0	40000	hit	94
A_HP_44	18	Pulse	99	1787004	8421	1
A_HP_44	18	Response	2	1795983	17399	1
A_HP_44	18	Pulse	99	1807005	28421	1
A_HP_44	18	Pulse	99	1827004	48421	1
A_HP_44	19	Picture	response109	1829129	145	1	40148	1	0	40000	hit	98
A_HP_44	19	Response	1	1839433	10450	1
A_HP_44	19	Pulse	99	1847005	18021	1
A_HP_44	19	Pulse	99	1867004	38021	1
A_HP_44	20	Picture	response108	1879439	55	1	40149	1	0	40000	hit	103
A_HP_44	20	Pulse	99	1887004	7621	1
A_HP_44	20	Response	2	1889833	10450	1
A_HP_44	20	Pulse	99	1907005	27621	1
A_HP_44	20	Pulse	99	1927004	47621	1
A_HP_44	21	Picture	response105	1929916	133	1	40148	1	0	40000	hit	107
A_HP_44	21	Response	1	1935943	6160	1
A_HP_44	21	Pulse	99	1947004	17221	1
A_HP_44	21	Pulse	99	1967005	37221	1
A_HP_44	22	Picture	response107	1980227	43	1	40149	1	0	40000	hit	112
A_HP_44	22	Pulse	99	1987005	6821	1
A_HP_44	22	Response	1	1988513	8330	1
A_HP_44	22	Pulse	99	2007005	26821	1
A_HP_44	22	Pulse	99	2027003	46820	1
A_HP_44	23	Picture	ins8	2030704	120	1	30153	1	0	30000	other	0
A_HP_44	23	Pulse	99	2047005	16421	1
A_HP_44	23	Pulse	99	2067005	36421	1
A_HP_44	23	Pulse	99	2087005	56421	1
A_HP_44	23	Pulse	99	2107005	76422	1
A_HP_44	23	Pulse	99	2127005	96421	1
A_HP_44	23	Pulse	99	2147005	116421	1
A_HP_44	23	Pulse	99	2167005	136421	1
A_HP_44	23	Pulse	99	2187004	156421	1
A_HP_44	23	Pulse	99	2207005	176421	1
A_HP_44	23	Pulse	99	2227005	196421	1
A_HP_44	23	Pulse	99	2247005	216421	1
A_HP_44	23	Pulse	99	2267005	236421	1
A_HP_44	23	Pulse	99	2287005	256421	1
A_HP_44	23	Pulse	99	2307005	276421	1
A_HP_44	23	Pulse	99	2327005	296421	1
A_HP_44	24	Response	3	2347005	6274	1
A_HP_44	24	Pulse	99	2347005	6274	1
A_HP_44	25	Picture	response61	2347561	177	1	40149	1	0	40000	hit	134
A_HP_44	25	Response	2	2352743	5359	1
A_HP_44	25	Pulse	99	2367005	19621	1
A_HP_44	25	Pulse	99	2387005	39621	1
A_HP_44	26	Picture	response59	2397871	87	1	40149	1	0	40000	hit	138
A_HP_44	26	Response	2	2404824	7040	1
A_HP_44	26	Pulse	99	2407005	9221	1
A_HP_44	26	Pulse	99	2427005	29221	1
A_HP_44	26	Pulse	99	2447003	49219	1
A_HP_44	27	Picture	response62	2448348	164	1	40148	1	0	40000	hit	143
A_HP_44	27	Response	1	2454584	6400	1
A_HP_44	27	Pulse	99	2467005	18821	1
A_HP_44	27	Pulse	99	2487005	38821	1
A_HP_44	28	Picture	response57	2498659	75	1	40148	1	0	40000	hit	147
A_HP_44	28	Response	1	2503894	5310	1
A_HP_44	28	Pulse	99	2507004	8420	1
A_HP_44	28	Pulse	99	2527005	28421	1
A_HP_44	28	Pulse	99	2547005	48421	1
A_HP_44	29	Picture	response64	2549136	152	1	40148	1	0	40000	hit	152
A_HP_44	29	Response	1	2555054	6070	1
A_HP_44	29	Pulse	99	2567005	18021	1
A_HP_44	29	Pulse	99	2587005	38021	1
A_HP_44	30	Picture	response63	2599447	63	1	40149	1	0	40000	hit	156
A_HP_44	30	Response	1	2605654	6270	1
A_HP_44	30	Pulse	99	2607005	7621	1
A_HP_44	30	Pulse	99	2627004	27620	1
A_HP_44	30	Pulse	99	2647005	47621	1
A_HP_44	31	Picture	response60	2649924	140	1	40148	1	0	40000	hit	161
A_HP_44	31	Response	1	2656004	6220	1
A_HP_44	31	Pulse	99	2667005	17221	1
A_HP_44	31	Pulse	99	2687005	37221	1
A_HP_44	32	Picture	response58	2700234	50	1	40148	1	0	40000	hit	166
A_HP_44	32	Pulse	99	2707005	6821	1
A_HP_44	32	Response	2	2707723	7539	1
A_HP_44	32	Pulse	99	2727005	26821	1
A_HP_44	32	Pulse	99	2747005	46821	1
A_HP_44	33	Picture	ins6	2750712	127	1	30153	1	0	30000	other	0
A_HP_44	33	Pulse	99	2767005	16421	1
A_HP_44	33	Pulse	99	2787005	36421	1
A_HP_44	33	Pulse	99	2807005	56421	1
A_HP_44	33	Pulse	99	2827005	76421	1
A_HP_44	33	Pulse	99	2847005	96421	1
A_HP_44	33	Pulse	99	2867005	116421	1
A_HP_44	33	Pulse	99	2887005	136421	1
A_HP_44	33	Pulse	99	2907005	156421	1
A_HP_44	33	Pulse	99	2927005	176421	1
A_HP_44	33	Pulse	99	2947005	196421	1
A_HP_44	33	Pulse	99	2967005	216421	1
A_HP_44	33	Pulse	99	2987005	236421	1
A_HP_44	33	Pulse	99	3007005	256421	1
A_HP_44	33	Pulse	99	3027005	276421	1
A_HP_44	33	Pulse	99	3047005	296421	1
A_HP_44	34	Response	3	3067005	6267	1
A_HP_44	34	Pulse	99	3067005	6267	1
A_HP_44	35	Picture	response47	3067568	184	1	40148	1	0	40000	hit	188
A_HP_44	35	Response	1	3073714	6330	1
A_HP_44	35	Pulse	99	3087005	19621	1
A_HP_44	35	Pulse	99	3107005	39621	1
A_HP_44	36	Picture	response44	3117879	94	1	40149	1	0	40000	hit	192
A_HP_44	36	Response	2	3123124	5340	1
A_HP_44	36	Pulse	99	3127005	9221	1
A_HP_44	36	Pulse	99	3147006	29221	1
A_HP_44	36	Pulse	99	3167005	49220	1
A_HP_44	37	Picture	response42	3168356	172	1	40148	1	0	40000	hit	197
A_HP_44	37	Response	2	3174784	6600	1
A_HP_44	37	Pulse	99	3187005	18821	1
A_HP_44	37	Pulse	99	3207005	38821	1
A_HP_44	38	Picture	response41	3218666	82	1	40148	1	0	40000	hit	201
A_HP_44	38	Response	2	3225214	6629	1
A_HP_44	38	Pulse	99	3226925	8341	1
A_HP_44	38	Pulse	99	3247005	28421	1
A_HP_44	38	Pulse	99	3267005	48421	1
A_HP_44	39	Picture	response45	3269144	159	1	40148	1	0	40000	hit	206
A_HP_44	39	Response	2	3274544	5560	1
A_HP_44	39	Pulse	99	3287005	18021	1
A_HP_44	39	Pulse	99	3307005	38021	1
A_HP_44	40	Picture	response43	3319454	70	1	40149	1	0	40000	hit	210
A_HP_44	40	Response	1	3325955	6570	1
A_HP_44	40	Pulse	99	3327005	7621	1
A_HP_44	40	Pulse	99	3347005	27621	1
A_HP_44	40	Pulse	99	3367005	47621	1
A_HP_44	41	Picture	response48	3369931	147	1	40149	1	0	40000	hit	215
A_HP_44	41	Response	2	3377474	7690	1
A_HP_44	41	Pulse	99	3387005	17221	1
A_HP_44	41	Pulse	99	3407005	37221	1
A_HP_44	42	Picture	response46	3420242	57	1	40149	1	0	40000	hit	220
A_HP_44	42	Pulse	99	3427005	6821	1
A_HP_44	42	Response	1	3427124	6939	1
A_HP_44	42	Pulse	99	3447005	26821	1
A_HP_44	42	Pulse	99	3467005	46821	1
A_HP_44	43	Picture	ins24	3470719	135	1	30153	1	0	30000	other	0
A_HP_44	43	Pulse	99	3487005	16421	1
A_HP_44	43	Pulse	99	3507005	36421	1
A_HP_44	43	Pulse	99	3527005	56421	1
A_HP_44	43	Pulse	99	3547005	76421	1
A_HP_44	43	Pulse	99	3567006	96421	1
A_HP_44	43	Pulse	99	3587006	116421	1
A_HP_44	43	Pulse	99	3607005	136421	1
A_HP_44	43	Pulse	99	3627005	156421	1
A_HP_44	43	Pulse	99	3647006	176421	1
A_HP_44	43	Pulse	99	3667005	196421	1
A_HP_44	43	Pulse	99	3687006	216421	1
A_HP_44	43	Pulse	99	3707005	236421	1
A_HP_44	43	Pulse	99	3726926	256341	1
A_HP_44	43	Pulse	99	3747006	276421	1
A_HP_44	43	Pulse	99	3767006	296421	1
A_HP_44	44	Response	3	3786926	6180	1
A_HP_44	44	Pulse	99	3786926	6180	1
A_HP_44	45	Picture	response192	3787409	124	1	40149	1	0	40000	hit	242
A_HP_44	45	Response	1	3795314	8029	1
A_HP_44	45	Pulse	99	3807006	19721	1
A_HP_44	45	Pulse	99	3827006	39721	1
A_HP_44	46	Picture	response191	3837720	35	1	40149	1	0	40000	hit	247
A_HP_44	46	Pulse	99	3846926	9241	1
A_HP_44	46	Response	1	3850404	12719	1
A_HP_44	46	Pulse	99	3867005	29321	1
A_HP_44	46	Pulse	99	3887006	49321	1
A_HP_44	47	Picture	response188	3888197	112	1	40149	1	0	40000	hit	251
A_HP_44	47	Response	1	3896785	8700	1
A_HP_44	47	Pulse	99	3906926	18841	1
A_HP_44	47	Pulse	99	3927006	38921	1
A_HP_44	48	Picture	response187	3938674	189	1	40148	1	0	40000	hit	255
A_HP_44	48	Response	2	3946114	7630	1
A_HP_44	48	Pulse	99	3947005	8521	1
A_HP_44	48	Pulse	99	3966926	28441	1
A_HP_44	48	Pulse	99	3987006	48521	1
A_HP_44	49	Picture	response186	3988985	100	1	40149	1	0	40000	hit	260
A_HP_44	49	Response	1	3999964	11079	1
A_HP_44	49	Pulse	99	4007006	18121	1
A_HP_44	49	Pulse	99	4026926	38041	1
A_HP_44	50	Picture	response189	4039462	177	1	40149	1	0	40000	hit	265
A_HP_44	50	Pulse	99	4047006	7721	1
A_HP_44	50	Response	2	4050215	10930	1
A_HP_44	50	Pulse	99	4067006	27721	1
A_HP_44	50	Pulse	99	4086926	47641	1
A_HP_44	51	Picture	response190	4089772	88	1	40148	1	0	40000	hit	269
A_HP_44	51	Response	2	4097944	8259	1
A_HP_44	51	Pulse	99	4107006	17321	1
A_HP_44	51	Pulse	99	4127006	37321	1
A_HP_44	52	Picture	response185	4140249	164	1	40149	1	0	40000	hit	275
A_HP_44	52	Pulse	99	4146926	6841	1
A_HP_44	52	Pulse	99	4167006	26921	1
A_HP_44	52	Response	2	4167314	27229	1
A_HP_44	52	Pulse	99	4187006	46921	1
A_HP_44	53	Picture	ins16	4190560	75	1	30153	1	0	30000	other	0
A_HP_44	53	Pulse	99	4206926	16441	1
A_HP_44	53	Pulse	99	4227006	36521	1
A_HP_44	53	Pulse	99	4247006	56521	1
A_HP_44	53	Pulse	99	4266926	76441	1
A_HP_44	53	Pulse	99	4286926	96441	1
A_HP_44	53	Pulse	99	4307006	116521	1
A_HP_44	53	Pulse	99	4326926	136441	1
A_HP_44	53	Pulse	99	4346926	156441	1
A_HP_44	53	Pulse	99	4367006	176521	1
A_HP_44	53	Pulse	99	4386926	196441	1
A_HP_44	53	Pulse	99	4406926	216441	1
A_HP_44	53	Pulse	99	4427006	236521	1
A_HP_44	53	Pulse	99	4446926	256441	1
A_HP_44	53	Pulse	99	4466926	276441	1
A_HP_44	53	Pulse	99	4487006	296521	1
A_HP_44	54	Response	3	4507006	6419	1
A_HP_44	54	Pulse	99	4507006	6419	1
A_HP_44	55	Picture	response128	4507417	32	1	40148	1	0	40000	hit	296
A_HP_44	55	Response	2	4515755	8370	1
A_HP_44	55	Pulse	99	4526926	19541	1
A_HP_44	55	Pulse	99	4547006	39621	1
A_HP_44	56	Picture	response125	4557894	109	1	40148	1	0	40000	hit	300
A_HP_44	56	Response	1	4565995	8209	1
A_HP_44	56	Pulse	99	4567006	9221	1
A_HP_44	56	Pulse	99	4586926	29141	1
A_HP_44	56	Pulse	99	4607006	49221	1
A_HP_44	57	Picture	response121	4608371	186	1	40149	1	0	40000	hit	305
A_HP_44	57	Response	2	4616025	7840	1
A_HP_44	57	Pulse	99	4627006	18821	1
A_HP_44	57	Pulse	99	4646926	38741	1
A_HP_44	58	Picture	response126	4658682	97	1	40149	1	0	40000	hit	310
A_HP_44	58	Pulse	99	4667006	8421	1
A_HP_44	58	Response	2	4667304	8719	1
A_HP_44	58	Pulse	99	4687006	28421	1
A_HP_44	58	Pulse	99	4706926	48341	1
A_HP_44	59	Picture	response122	4709159	174	1	40148	1	0	40000	hit	314
A_HP_44	59	Response	1	4718375	9390	1
A_HP_44	59	Pulse	99	4727006	18021	1
A_HP_44	59	Pulse	99	4747006	38021	1
A_HP_44	60	Picture	response127	4759470	84	1	40148	1	0	40000	hit	319
A_HP_44	60	Pulse	99	4766926	7541	1
A_HP_44	60	Response	2	4767554	8169	1
A_HP_44	60	Pulse	99	4787006	27621	1
A_HP_44	60	Pulse	99	4807006	47621	1
A_HP_44	61	Picture	response123	4809947	161	1	40149	1	0	40000	hit	323
A_HP_44	61	Response	2	4816605	6820	1
A_HP_44	61	Pulse	99	4826926	17141	1
A_HP_44	61	Pulse	99	4846926	37141	1
A_HP_44	62	Picture	response124	4860257	72	1	40148	1	0	40000	hit	328
A_HP_44	62	Pulse	99	4867006	6821	1
A_HP_44	62	Response	1	4876005	15819	1
A_HP_44	62	Pulse	99	4886926	26741	1
A_HP_44	62	Pulse	99	4906926	46741	1
A_HP_44	63	Picture	thanks	4910235	0	1	10162	1	0	10000	other	0
A_HP_44	63	Pulse	99	4927006	16772	1


Event Type	Code	Type	Response	RT	RT Uncertainty	Time	Uncertainty	Duration	Uncertainty	ReqTime	ReqDur

Picture	ready	other				527051	1	10162	1	0	10000
Picture	ins22	other				587524	1	30153	1	0	30000
Picture	response172	hit	1	10308	2	907545	1	40149	1	0	40000
Picture	response173	hit	1	13737	2	957856	1	40149	1	0	40000
Picture	response174	hit	1	12079	2	1008333	1	40149	1	0	40000
Picture	response175	hit	2	13149	2	1058644	1	40148	1	0	40000
Picture	response169	hit	2	17891	2	1109121	1	40148	1	0	40000
Picture	response175	hit	2	12041	2	1159431	1	40149	1	0	40000
Picture	response170	hit	1	11844	2	1209909	1	40149	1	0	40000
Picture	response171	hit	2	18114	2	1260219	1	40148	1	0	40000
Picture	ins14	other				1310696	1	30153	1	0	30000
Picture	response112	hit	1	8730	2	1627553	1	40149	1	0	40000
Picture	response110	hit	2	8099	2	1677864	1	40149	1	0	40000
Picture	response111	hit	1	12473	2	1728341	1	40149	1	0	40000
Picture	response106	hit	2	17332	2	1778651	1	40148	1	0	40000
Picture	response109	hit	1	10305	2	1829129	1	40148	1	0	40000
Picture	response108	hit	2	10394	2	1879439	1	40149	1	0	40000
Picture	response105	hit	1	6027	2	1929916	1	40148	1	0	40000
Picture	response107	hit	1	8286	2	1980227	1	40149	1	0	40000
Picture	ins8	other				2030704	1	30153	1	0	30000
Picture	response61	hit	2	5183	2	2347561	1	40149	1	0	40000
Picture	response59	hit	2	6953	2	2397871	1	40149	1	0	40000
Picture	response62	hit	1	6235	2	2448348	1	40148	1	0	40000
Picture	response57	hit	1	5235	2	2498659	1	40148	1	0	40000
Picture	response64	hit	1	5917	2	2549136	1	40148	1	0	40000
Picture	response63	hit	1	6207	2	2599447	1	40149	1	0	40000
Picture	response60	hit	1	6080	2	2649924	1	40148	1	0	40000
Picture	response58	hit	2	7489	2	2700234	1	40148	1	0	40000
Picture	ins6	other				2750712	1	30153	1	0	30000
Picture	response47	hit	1	6146	2	3067568	1	40148	1	0	40000
Picture	response44	hit	2	5245	2	3117879	1	40149	1	0	40000
Picture	response42	hit	2	6428	2	3168356	1	40148	1	0	40000
Picture	response41	hit	2	6547	2	3218666	1	40148	1	0	40000
Picture	response45	hit	2	5400	2	3269144	1	40148	1	0	40000
Picture	response43	hit	1	6501	2	3319454	1	40149	1	0	40000
Picture	response48	hit	2	7543	2	3369931	1	40149	1	0	40000
Picture	response46	hit	1	6882	2	3420242	1	40149	1	0	40000
Picture	ins24	other				3470719	1	30153	1	0	30000
Picture	response192	hit	1	7905	2	3787409	1	40149	1	0	40000
Picture	response191	hit	1	12684	2	3837720	1	40149	1	0	40000
Picture	response188	hit	1	8588	2	3888197	1	40149	1	0	40000
Picture	response187	hit	2	7440	2	3938674	1	40148	1	0	40000
Picture	response186	hit	1	10980	2	3988985	1	40149	1	0	40000
Picture	response189	hit	2	10753	2	4039462	1	40149	1	0	40000
Picture	response190	hit	2	8172	2	4089772	1	40148	1	0	40000
Picture	response185	hit	2	27064	2	4140249	1	40149	1	0	40000
Picture	ins16	other				4190560	1	30153	1	0	30000
Picture	response128	hit	2	8338	2	4507417	1	40148	1	0	40000
Picture	response125	hit	1	8101	2	4557894	1	40148	1	0	40000
Picture	response121	hit	2	7654	2	4608371	1	40149	1	0	40000
Picture	response126	hit	2	8623	2	4658682	1	40149	1	0	40000
Picture	response122	hit	1	9216	2	4709159	1	40148	1	0	40000
Picture	response127	hit	2	8085	2	4759470	1	40148	1	0	40000
Picture	response123	hit	2	6658	2	4809947	1	40149	1	0	40000
Picture	response124	hit	1	15748	2	4860257	1	40148	1	0	40000
Picture	thanks	other				4910235	1	10162	1	0	10000


{
   "app": "Presentation Version 21.1 Build 09.05.19",
   "device": "LENOVO 20FBCTO1WW",
   "experiment": "{C0C68DB1-10BA-42F2-8F79-3F2AFFEED4E4}",
   "os": "Windows 10 64 bit",
   "package": "",
   "parameters": {
      "configuration": "Default configuration"
   },
   "scenario": "Feature experiment(4).sce",
   "subject": "A_HP_44",
   "timestamp": "2020/01/16 01:15:35 GMT"
}
