Scenario - 
Logfile written - 02/21/2020 11:12:12

Subject	Trial	Event Type	Code	Time	TTime	Uncertainty	Duration	Uncertainty	ReqTime	ReqDur	Stim Type	Pair Index

A_HP_51	1	Response	3	368355	367189	1
A_HP_51	1	Pulse	99	368355	367189	1
A_HP_51	2	Picture	ready	368499	0	1	10162	1	0	10000	other	0
A_HP_51	2	Pulse	99	388355	19856	1
A_HP_51	2	Pulse	99	408275	39776	1
A_HP_51	2	Pulse	99	428355	59856	1
A_HP_51	3	Picture	ins22	428972	107	1	30153	1	0	30000	other	0
A_HP_51	3	Pulse	99	448355	19490	1
A_HP_51	3	Pulse	99	468355	39490	1
A_HP_51	3	Pulse	99	488355	59490	1
A_HP_51	3	Pulse	99	508355	79490	1
A_HP_51	3	Pulse	99	528355	99490	1
A_HP_51	3	Pulse	99	548355	119490	1
A_HP_51	3	Pulse	99	568355	139490	1
A_HP_51	3	Pulse	99	588355	159490	1
A_HP_51	3	Pulse	99	608355	179490	1
A_HP_51	3	Pulse	99	628355	199490	1
A_HP_51	3	Pulse	99	648355	219490	1
A_HP_51	3	Pulse	99	668355	239490	1
A_HP_51	3	Pulse	99	688355	259490	1
A_HP_51	3	Pulse	99	708355	279490	1
A_HP_51	3	Pulse	99	728355	299490	1
A_HP_51	4	Response	3	748355	9357	1
A_HP_51	4	Pulse	99	748355	9357	1
A_HP_51	5	Picture	response171	748827	62	1	40149	1	0	40000	hit	27
A_HP_51	5	Pulse	99	768355	19590	1
A_HP_51	5	Response	2	772804	24039	1
A_HP_51	5	Pulse	99	788355	39590	1
A_HP_51	6	Picture	response173	799304	139	1	40148	1	0	40000	hit	31
A_HP_51	6	Pulse	99	808355	9190	1
A_HP_51	6	Response	1	817724	18559	1
A_HP_51	6	Pulse	99	828355	29190	1
A_HP_51	6	Pulse	99	848355	49190	1
A_HP_51	7	Picture	response170	849615	50	1	40148	1	0	40000	hit	35
A_HP_51	7	Response	1	866704	17139	1
A_HP_51	7	Pulse	99	868355	18790	1
A_HP_51	7	Pulse	99	888355	38790	1
A_HP_51	8	Picture	response174	900092	127	1	40148	1	0	40000	hit	41
A_HP_51	8	Pulse	99	908275	8310	1
A_HP_51	8	Pulse	99	928355	28390	1
A_HP_51	8	Response	1	933824	33859	1
A_HP_51	8	Pulse	99	948355	48390	1
A_HP_51	9	Picture	response175	950402	37	1	40148	1	0	40000	hit	45
A_HP_51	9	Pulse	99	968275	17910	1
A_HP_51	9	Response	2	976284	25919	1
A_HP_51	9	Pulse	99	988355	37990	1
A_HP_51	10	Picture	response172	1000880	115	1	40148	1	0	40000	hit	49
A_HP_51	10	Pulse	99	1008355	7590	1
A_HP_51	10	Response	1	1019694	18929	1
A_HP_51	10	Pulse	99	1028275	27510	1
A_HP_51	10	Pulse	99	1048355	47590	1
A_HP_51	11	Picture	response175	1051357	192	1	40148	1	0	40000	hit	53
A_HP_51	11	Response	2	1062763	11599	1
A_HP_51	11	Pulse	99	1068355	17190	1
A_HP_51	11	Pulse	99	1088275	37110	1
A_HP_51	12	Picture	response169	1101667	102	1	40148	1	0	40000	hit	58
A_HP_51	12	Pulse	99	1108355	6790	1
A_HP_51	12	Response	2	1121854	20289	1
A_HP_51	12	Pulse	99	1128355	26790	1
A_HP_51	12	Pulse	99	1148275	46710	1
A_HP_51	13	Picture	ins24	1152144	179	1	30153	1	0	30000	other	0
A_HP_51	13	Pulse	99	1168355	16390	1
A_HP_51	13	Pulse	99	1188355	36390	1
A_HP_51	13	Pulse	99	1208275	56310	1
A_HP_51	13	Pulse	99	1228355	76390	1
A_HP_51	13	Pulse	99	1248355	96390	1
A_HP_51	13	Pulse	99	1268275	116310	1
A_HP_51	13	Pulse	99	1288355	136390	1
A_HP_51	13	Pulse	99	1308355	156390	1
A_HP_51	13	Pulse	99	1328275	176310	1
A_HP_51	13	Pulse	99	1348355	196390	1
A_HP_51	13	Pulse	99	1368356	216391	1
A_HP_51	13	Pulse	99	1388355	236390	1
A_HP_51	13	Pulse	99	1408275	256310	1
A_HP_51	13	Pulse	99	1428355	276390	1
A_HP_51	13	Pulse	99	1448355	296390	1
A_HP_51	14	Response	3	1468275	6271	1
A_HP_51	14	Pulse	99	1468275	6271	1
A_HP_51	15	Picture	response191	1468834	169	1	40149	1	0	40000	hit	81
A_HP_51	15	Pulse	99	1488355	19690	1
A_HP_51	15	Response	1	1491333	22669	1
A_HP_51	15	Pulse	99	1508355	39690	1
A_HP_51	16	Picture	response186	1519145	80	1	40148	1	0	40000	hit	85
A_HP_51	16	Pulse	99	1528275	9210	1
A_HP_51	16	Response	1	1536273	17208	1
A_HP_51	16	Pulse	99	1548355	29290	1
A_HP_51	16	Pulse	99	1568355	49290	1
A_HP_51	17	Picture	response187	1569622	157	1	40148	1	0	40000	hit	90
A_HP_51	17	Pulse	99	1588275	18810	1
A_HP_51	17	Response	2	1598174	28709	1
A_HP_51	17	Pulse	99	1608355	38890	1
A_HP_51	18	Picture	response185	1619932	68	1	40148	1	0	40000	hit	94
A_HP_51	18	Pulse	99	1628355	8490	1
A_HP_51	18	Response	2	1645594	25729	1
A_HP_51	18	Pulse	99	1648275	28410	1
A_HP_51	18	Pulse	99	1668355	48490	1
A_HP_51	19	Picture	response188	1670410	145	1	40148	1	0	40000	hit	99
A_HP_51	19	Pulse	99	1688355	18090	1
A_HP_51	19	Response	1	1691304	21039	1
A_HP_51	19	Pulse	99	1708275	38010	1
A_HP_51	20	Picture	response190	1720720	55	1	40148	1	0	40000	hit	103
A_HP_51	20	Pulse	99	1728355	7690	1
A_HP_51	20	Response	2	1737383	16718	1
A_HP_51	20	Pulse	99	1748355	27690	1
A_HP_51	20	Pulse	99	1768275	47610	1
A_HP_51	21	Picture	response192	1771197	132	1	40148	1	0	40000	hit	108
A_HP_51	21	Pulse	99	1788355	17290	1
A_HP_51	21	Response	1	1791734	20669	1
A_HP_51	21	Pulse	99	1808355	37290	1
A_HP_51	22	Picture	response189	1821508	43	1	40148	1	0	40000	hit	112
A_HP_51	22	Pulse	99	1828275	6810	1
A_HP_51	22	Response	2	1837834	16369	1
A_HP_51	22	Pulse	99	1848275	26810	1
A_HP_51	22	Pulse	99	1868355	46890	1
A_HP_51	23	Picture	ins14	1871985	120	1	30153	1	0	30000	other	0
A_HP_51	23	Pulse	99	1888275	16410	1
A_HP_51	23	Pulse	99	1908275	36410	1
A_HP_51	23	Pulse	99	1928355	56490	1
A_HP_51	23	Pulse	99	1948275	76410	1
A_HP_51	23	Pulse	99	1968275	96410	1
A_HP_51	23	Pulse	99	1988355	116490	1
A_HP_51	23	Pulse	99	2008275	136410	1
A_HP_51	23	Pulse	99	2028275	156410	1
A_HP_51	23	Pulse	99	2048355	176490	1
A_HP_51	23	Pulse	99	2068275	196410	1
A_HP_51	23	Pulse	99	2088275	216410	1
A_HP_51	23	Pulse	99	2108355	236490	1
A_HP_51	23	Pulse	99	2128275	256410	1
A_HP_51	23	Pulse	99	2148275	276410	1
A_HP_51	23	Pulse	99	2168355	296490	1
A_HP_51	24	Response	3	2188275	6264	1
A_HP_51	24	Pulse	99	2188275	6264	1
A_HP_51	25	Picture	response110	2188841	176	1	40148	1	0	40000	hit	134
A_HP_51	25	Response	2	2199344	10679	1
A_HP_51	25	Pulse	99	2208275	19610	1
A_HP_51	25	Pulse	99	2228355	39690	1
A_HP_51	26	Picture	response109	2239152	87	1	40148	1	0	40000	hit	139
A_HP_51	26	Pulse	99	2248275	9210	1
A_HP_51	26	Response	1	2252313	13248	1
A_HP_51	26	Pulse	99	2268275	29210	1
A_HP_51	26	Pulse	99	2288355	49290	1
A_HP_51	27	Picture	response112	2289629	164	1	40148	1	0	40000	hit	144
A_HP_51	27	Pulse	99	2308356	18891	1
A_HP_51	27	Response	1	2311354	21889	1
A_HP_51	27	Pulse	99	2328275	38810	1
A_HP_51	28	Picture	response105	2339940	75	1	40148	1	0	40000	hit	148
A_HP_51	28	Pulse	99	2348275	8410	1
A_HP_51	28	Response	1	2350444	10579	1
A_HP_51	28	Pulse	99	2368355	28491	1
A_HP_51	28	Pulse	99	2388275	48410	1
A_HP_51	29	Picture	response106	2390417	152	1	40149	1	0	40000	hit	152
A_HP_51	29	Response	2	2405453	15189	1
A_HP_51	29	Pulse	99	2408275	18010	1
A_HP_51	29	Pulse	99	2428355	38090	1
A_HP_51	30	Picture	response111	2440727	62	1	40148	1	0	40000	hit	158
A_HP_51	30	Pulse	99	2448275	7610	1
A_HP_51	30	Pulse	99	2468275	27610	1
A_HP_51	30	Response	1	2474924	34259	1
A_HP_51	30	Pulse	99	2488355	47690	1
A_HP_51	31	Picture	response108	2491204	140	1	40149	1	0	40000	hit	162
A_HP_51	31	Pulse	99	2508275	17210	1
A_HP_51	31	Response	2	2513733	22669	1
A_HP_51	31	Pulse	99	2528275	37210	1
A_HP_51	32	Picture	response107	2541515	50	1	40148	1	0	40000	hit	166
A_HP_51	32	Pulse	99	2548355	6890	1
A_HP_51	32	Response	1	2562234	20769	1
A_HP_51	32	Pulse	99	2568275	26810	1
A_HP_51	32	Pulse	99	2588275	46810	1
A_HP_51	33	Picture	ins8	2591992	127	1	30153	1	0	30000	other	0
A_HP_51	33	Pulse	99	2608355	16490	1
A_HP_51	33	Pulse	99	2628275	36410	1
A_HP_51	33	Pulse	99	2648275	56410	1
A_HP_51	33	Pulse	99	2668355	76490	1
A_HP_51	33	Pulse	99	2688275	96410	1
A_HP_51	33	Pulse	99	2708275	116410	1
A_HP_51	33	Pulse	99	2728355	136490	1
A_HP_51	33	Pulse	99	2748275	156410	1
A_HP_51	33	Pulse	99	2768275	176410	1
A_HP_51	33	Pulse	99	2788355	196490	1
A_HP_51	33	Pulse	99	2808275	216410	1
A_HP_51	33	Pulse	99	2828275	236410	1
A_HP_51	33	Pulse	99	2848275	256410	1
A_HP_51	33	Pulse	99	2868275	276410	1
A_HP_51	33	Pulse	99	2888275	296410	1
A_HP_51	34	Response	3	2908275	6257	1
A_HP_51	34	Pulse	99	2908275	6257	1
A_HP_51	35	Picture	response61	2908848	184	1	40148	1	0	40000	hit	188
A_HP_51	35	Response	2	2915403	6739	1
A_HP_51	35	Pulse	99	2928275	19610	1
A_HP_51	35	Pulse	99	2948275	39610	1
A_HP_51	36	Picture	response62	2959159	94	1	40148	1	0	40000	hit	192
A_HP_51	36	Response	1	2968234	9169	1
A_HP_51	36	Pulse	99	2968274	9209	1
A_HP_51	36	Pulse	99	2988275	29210	1
A_HP_51	36	Pulse	99	3008275	49210	1
A_HP_51	37	Picture	response57	3009636	171	1	40148	1	0	40000	hit	197
A_HP_51	37	Response	1	3014963	5499	1
A_HP_51	37	Pulse	99	3028275	18810	1
A_HP_51	37	Pulse	99	3048275	38810	1
A_HP_51	38	Picture	response58	3059947	82	1	40148	1	0	40000	hit	201
A_HP_51	38	Response	2	3065724	5859	1
A_HP_51	38	Pulse	99	3068274	8410	1
A_HP_51	38	Pulse	99	3088274	28410	1
A_HP_51	38	Pulse	99	3108275	48410	1
A_HP_51	39	Picture	response63	3110424	159	1	40148	1	0	40000	hit	206
A_HP_51	39	Response	1	3119493	9228	1
A_HP_51	39	Pulse	99	3128275	18010	1
A_HP_51	39	Pulse	99	3148275	38010	1
A_HP_51	40	Picture	response64	3160734	70	1	40148	1	0	40000	hit	211
A_HP_51	40	Pulse	99	3168275	7610	1
A_HP_51	40	Response	1	3171063	10398	1
A_HP_51	40	Pulse	99	3188275	27610	1
A_HP_51	40	Pulse	99	3208275	47610	1
A_HP_51	41	Picture	response59	3211211	147	1	40149	1	0	40000	miss	0
A_HP_51	41	Pulse	99	3228355	17290	1
A_HP_51	41	Pulse	99	3248275	37210	1
A_HP_51	42	Picture	response60	3261522	57	1	40148	1	0	40000	hit	220
A_HP_51	42	Pulse	99	3268275	6810	1
A_HP_51	42	Pulse	99	3288355	26890	1
A_HP_51	42	Response	1	3289544	28079	1
A_HP_51	42	Pulse	99	3308275	46810	1
A_HP_51	43	Picture	ins16	3311999	134	1	30153	1	0	30000	other	0
A_HP_51	43	Pulse	99	3328275	16410	1
A_HP_51	43	Pulse	99	3348275	36410	1
A_HP_51	43	Pulse	99	3368275	56410	1
A_HP_51	43	Pulse	99	3388275	76410	1
A_HP_51	43	Pulse	99	3408275	96410	1
A_HP_51	43	Pulse	99	3428274	116410	1
A_HP_51	43	Pulse	99	3448275	136411	1
A_HP_51	43	Pulse	99	3468274	156410	1
A_HP_51	43	Pulse	99	3488275	176410	1
A_HP_51	43	Pulse	99	3508275	196410	1
A_HP_51	43	Pulse	99	3528275	216410	1
A_HP_51	43	Pulse	99	3548274	236410	1
A_HP_51	43	Pulse	99	3568275	256410	1
A_HP_51	43	Pulse	99	3588275	276410	1
A_HP_51	43	Pulse	99	3608275	296410	1
A_HP_51	44	Response	3	3628275	6249	1
A_HP_51	44	Pulse	99	3628275	6249	1
A_HP_51	45	Picture	response127	3628689	24	1	40148	1	0	40000	hit	241
A_HP_51	45	Response	2	3637093	8429	1
A_HP_51	45	Pulse	99	3648275	19610	1
A_HP_51	45	Pulse	99	3668275	39610	1
A_HP_51	46	Picture	response121	3679166	101	1	40149	1	0	40000	hit	246
A_HP_51	46	Pulse	99	3688275	9210	1
A_HP_51	46	Response	2	3693313	14248	1
A_HP_51	46	Pulse	99	3708275	29210	1
A_HP_51	46	Pulse	99	3728275	49210	1
A_HP_51	47	Picture	response125	3729643	178	1	40148	1	0	40000	hit	250
A_HP_51	47	Response	1	3738323	8858	1
A_HP_51	47	Pulse	99	3748275	18810	1
A_HP_51	47	Pulse	99	3768274	38810	1
A_HP_51	48	Picture	response126	3779954	89	1	40148	1	0	40000	hit	254
A_HP_51	48	Response	2	3787883	8019	1
A_HP_51	48	Pulse	99	3788274	8409	1
A_HP_51	48	Pulse	99	3808275	28410	1
A_HP_51	48	Pulse	99	3828275	48410	1
A_HP_51	49	Picture	response122	3830431	166	1	40148	1	0	40000	hit	260
A_HP_51	49	Pulse	99	3848275	18010	1
A_HP_51	49	Response	1	3853723	23459	1
A_HP_51	49	Pulse	99	3868275	38010	1
A_HP_51	50	Picture	response123	3880742	77	1	40148	1	0	40000	hit	264
A_HP_51	50	Pulse	99	3888275	7610	1
A_HP_51	50	Response	2	3893713	13048	1
A_HP_51	50	Pulse	99	3908275	27610	1
A_HP_51	50	Pulse	99	3928275	47610	1
A_HP_51	51	Picture	response128	3931219	154	1	40149	1	0	40000	hit	268
A_HP_51	51	Response	2	3941503	10439	1
A_HP_51	51	Pulse	99	3948275	17210	1
A_HP_51	51	Pulse	99	3968275	37210	1
A_HP_51	52	Picture	response124	3981529	64	1	40148	1	0	40000	hit	273
A_HP_51	52	Pulse	99	3988274	6810	1
A_HP_51	52	Response	1	3989563	8098	1
A_HP_51	52	Pulse	99	4008275	26810	1
A_HP_51	52	Pulse	99	4028275	46810	1
A_HP_51	53	Picture	ins6	4032006	141	1	30153	1	0	30000	other	0
A_HP_51	53	Pulse	99	4048274	16410	1
A_HP_51	53	Pulse	99	4068274	36410	1
A_HP_51	53	Pulse	99	4088275	56410	1
A_HP_51	53	Pulse	99	4108274	76410	1
A_HP_51	53	Pulse	99	4128275	96410	1
A_HP_51	53	Pulse	99	4148275	116410	1
A_HP_51	53	Pulse	99	4168275	136410	1
A_HP_51	53	Pulse	99	4188275	156410	1
A_HP_51	53	Pulse	99	4208275	176410	1
A_HP_51	53	Pulse	99	4228275	196410	1
A_HP_51	53	Pulse	99	4248275	216410	1
A_HP_51	53	Pulse	99	4268275	236410	1
A_HP_51	53	Pulse	99	4288275	256410	1
A_HP_51	53	Pulse	99	4308274	276410	1
A_HP_51	53	Pulse	99	4328274	296410	1
A_HP_51	54	Response	3	4348275	6243	1
A_HP_51	54	Pulse	99	4348275	6243	1
A_HP_51	55	Picture	response45	4348696	31	1	40148	1	0	40000	hit	295
A_HP_51	55	Response	2	4357953	9289	1
A_HP_51	55	Pulse	99	4368274	19610	1
A_HP_51	55	Pulse	99	4388274	39610	1
A_HP_51	56	Picture	response48	4399173	109	1	40148	1	0	40000	hit	299
A_HP_51	56	Response	2	4405673	6609	1
A_HP_51	56	Pulse	99	4408275	9210	1
A_HP_51	56	Pulse	99	4428275	29210	1
A_HP_51	56	Pulse	99	4448274	49210	1
A_HP_51	57	Picture	response42	4449650	186	1	40149	1	0	40000	hit	304
A_HP_51	57	Response	2	4455303	5839	1
A_HP_51	57	Pulse	99	4468274	18810	1
A_HP_51	57	Pulse	99	4488275	38810	1
A_HP_51	58	Picture	response44	4499961	96	1	40149	1	0	40000	hit	308
A_HP_51	58	Response	2	4506913	7048	1
A_HP_51	58	Pulse	99	4508274	8410	1
A_HP_51	58	Pulse	99	4528275	28410	1
A_HP_51	58	Pulse	99	4548274	48410	1
A_HP_51	59	Picture	response41	4550438	174	1	40148	1	0	40000	hit	313
A_HP_51	59	Response	2	4564773	14509	1
A_HP_51	59	Pulse	99	4568274	18010	1
A_HP_51	59	Pulse	99	4588274	38010	1
A_HP_51	60	Picture	response43	4600749	84	1	40148	1	0	40000	hit	318
A_HP_51	60	Pulse	99	4608275	7610	1
A_HP_51	60	Response	1	4608812	8148	1
A_HP_51	60	Pulse	99	4628275	27610	1
A_HP_51	60	Pulse	99	4648275	47610	1
A_HP_51	61	Picture	response47	4651226	161	1	40148	1	0	40000	hit	323
A_HP_51	61	Pulse	99	4668275	17210	1
A_HP_51	61	Response	1	4675503	24438	1
A_HP_51	61	Pulse	99	4688274	37210	1
A_HP_51	62	Picture	response46	4701536	72	1	40148	1	0	40000	hit	327
A_HP_51	62	Pulse	99	4708275	6810	1
A_HP_51	62	Response	1	4711043	9579	1
A_HP_51	62	Pulse	99	4728274	26810	1
A_HP_51	62	Pulse	99	4748274	46810	1
A_HP_51	63	Picture	thanks	4751514	0	1	10162	1	0	10000	other	0
A_HP_51	63	Pulse	99	4768274	16761	1


Event Type	Code	Type	Response	RT	RT Uncertainty	Time	Uncertainty	Duration	Uncertainty	ReqTime	ReqDur

Picture	ready	other				368499	1	10162	1	0	10000
Picture	ins22	other				428972	1	30153	1	0	30000
Picture	response171	hit	2	23977	2	748827	1	40149	1	0	40000
Picture	response173	hit	1	18419	2	799304	1	40148	1	0	40000
Picture	response170	hit	1	17089	2	849615	1	40148	1	0	40000
Picture	response174	hit	1	33732	2	900092	1	40148	1	0	40000
Picture	response175	hit	2	25881	2	950402	1	40148	1	0	40000
Picture	response172	hit	1	18814	2	1000880	1	40148	1	0	40000
Picture	response175	hit	2	11407	2	1051357	1	40148	1	0	40000
Picture	response169	hit	2	20186	2	1101667	1	40148	1	0	40000
Picture	ins24	other				1152144	1	30153	1	0	30000
Picture	response191	hit	1	22499	2	1468834	1	40149	1	0	40000
Picture	response186	hit	1	17129	2	1519145	1	40148	1	0	40000
Picture	response187	hit	2	28552	2	1569622	1	40148	1	0	40000
Picture	response185	hit	2	25661	2	1619932	1	40148	1	0	40000
Picture	response188	hit	1	20894	2	1670410	1	40148	1	0	40000
Picture	response190	hit	2	16663	2	1720720	1	40148	1	0	40000
Picture	response192	hit	1	20536	2	1771197	1	40148	1	0	40000
Picture	response189	hit	2	16326	2	1821508	1	40148	1	0	40000
Picture	ins14	other				1871985	1	30153	1	0	30000
Picture	response110	hit	2	10502	2	2188841	1	40148	1	0	40000
Picture	response109	hit	1	13161	2	2239152	1	40148	1	0	40000
Picture	response112	hit	1	21725	2	2289629	1	40148	1	0	40000
Picture	response105	hit	1	10504	2	2339940	1	40148	1	0	40000
Picture	response106	hit	2	15037	2	2390417	1	40149	1	0	40000
Picture	response111	hit	1	34196	2	2440727	1	40148	1	0	40000
Picture	response108	hit	2	22529	2	2491204	1	40149	1	0	40000
Picture	response107	hit	1	20719	2	2541515	1	40148	1	0	40000
Picture	ins8	other				2591992	1	30153	1	0	30000
Picture	response61	hit	2	6555	2	2908848	1	40148	1	0	40000
Picture	response62	hit	1	9075	2	2959159	1	40148	1	0	40000
Picture	response57	hit	1	5327	2	3009636	1	40148	1	0	40000
Picture	response58	hit	2	5777	2	3059947	1	40148	1	0	40000
Picture	response63	hit	1	9070	2	3110424	1	40148	1	0	40000
Picture	response64	hit	1	10329	2	3160734	1	40148	1	0	40000
Picture	response59	miss				3211211	1	40149	1	0	40000
Picture	response60	hit	1	28022	2	3261522	1	40148	1	0	40000
Picture	ins16	other				3311999	1	30153	1	0	30000
Picture	response127	hit	2	8404	2	3628689	1	40148	1	0	40000
Picture	response121	hit	2	14147	2	3679166	1	40149	1	0	40000
Picture	response125	hit	1	8680	2	3729643	1	40148	1	0	40000
Picture	response126	hit	2	7930	2	3779954	1	40148	1	0	40000
Picture	response122	hit	1	23293	2	3830431	1	40148	1	0	40000
Picture	response123	hit	2	12972	2	3880742	1	40148	1	0	40000
Picture	response128	hit	2	10285	2	3931219	1	40149	1	0	40000
Picture	response124	hit	1	8034	2	3981529	1	40148	1	0	40000
Picture	ins6	other				4032006	1	30153	1	0	30000
Picture	response45	hit	2	9257	2	4348696	1	40148	1	0	40000
Picture	response48	hit	2	6500	2	4399173	1	40148	1	0	40000
Picture	response42	hit	2	5653	2	4449650	1	40149	1	0	40000
Picture	response44	hit	2	6952	2	4499961	1	40149	1	0	40000
Picture	response41	hit	2	14335	2	4550438	1	40148	1	0	40000
Picture	response43	hit	1	8064	2	4600749	1	40148	1	0	40000
Picture	response47	hit	1	24277	2	4651226	1	40148	1	0	40000
Picture	response46	hit	1	9507	2	4701536	1	40148	1	0	40000
Picture	thanks	other				4751514	1	10162	1	0	10000


{
   "app": "Presentation Version 21.1 Build 09.05.19",
   "device": "LENOVO 20FBCTO1WW",
   "experiment": "{C0C68DB1-10BA-42F2-8F79-3F2AFFEED4E4}",
   "os": "Windows 10 64 bit",
   "package": "",
   "parameters": {
      "configuration": "Default configuration"
   },
   "scenario": "Feature experiment(4).sce",
   "subject": "A_HP_51",
   "timestamp": "2020/02/21 02:04:08 GMT"
}
