Scenario - 
Logfile written - 08/29/2019 10:13:34

Subject	Trial	Event Type	Code	Time	TTime	Uncertainty	Duration	Uncertainty	ReqTime	ReqDur	Stim Type	Pair Index

A_HP_07	1	Response	2	250299	248800	1
A_HP_07	1	Response	3	419370	417871	1
A_HP_07	1	Pulse	99	419370	417871	1
A_HP_07	2	Picture	ready	419602	0	1	10229	1	0	10000	other	0
A_HP_07	2	Pulse	99	439370	19768	1
A_HP_07	2	Pulse	99	459370	39768	1
A_HP_07	2	Pulse	99	479370	59768	1
A_HP_07	3	Picture	ins6	480206	233	1	30229	1	0	30000	other	0
A_HP_07	3	Pulse	99	499369	19396	1
A_HP_07	3	Pulse	99	519369	39396	1
A_HP_07	3	Pulse	99	539370	59397	1
A_HP_07	3	Pulse	99	559370	79397	1
A_HP_07	3	Pulse	99	579370	99397	1
A_HP_07	3	Pulse	99	599290	119317	1
A_HP_07	3	Pulse	99	619370	139397	1
A_HP_07	3	Pulse	99	639370	159397	1
A_HP_07	3	Pulse	99	659290	179317	1
A_HP_07	3	Pulse	99	679370	199397	1
A_HP_07	3	Pulse	99	699370	219397	1
A_HP_07	3	Pulse	99	719290	239317	1
A_HP_07	3	Pulse	99	739370	259397	1
A_HP_07	3	Pulse	99	759369	279396	1
A_HP_07	3	Pulse	99	779370	299397	1
A_HP_07	4	Response	3	799370	9167	1
A_HP_07	4	Pulse	99	799370	9167	1
A_HP_07	5	Picture	response41	800007	234	1	40229	1	0	40000	hit	28
A_HP_07	5	Pulse	99	819370	19597	1
A_HP_07	5	Response	2	819458	19685	1
A_HP_07	5	Pulse	99	839370	39597	1
A_HP_07	6	Picture	response45	850298	126	1	40229	1	0	40000	hit	32
A_HP_07	6	Pulse	99	859370	9197	1
A_HP_07	6	Response	2	865708	15536	1
A_HP_07	6	Pulse	99	879370	29197	1
A_HP_07	6	Pulse	99	899370	49198	1
A_HP_07	7	Picture	response42	900757	184	1	40229	1	0	40000	hit	37
A_HP_07	7	Pulse	99	919290	18718	1
A_HP_07	7	Response	2	923688	23116	1
A_HP_07	7	Pulse	99	939370	38798	1
A_HP_07	8	Picture	response44	951215	242	1	40229	1	0	40000	incorrect	40
A_HP_07	8	Response	1	956428	5456	1
A_HP_07	8	Pulse	99	959369	8397	1
A_HP_07	8	Pulse	99	979290	28317	1
A_HP_07	8	Pulse	99	999370	48397	1
A_HP_07	9	Picture	response46	1001673	301	1	40229	1	0	40000	hit	45
A_HP_07	9	Response	1	1011088	9716	1
A_HP_07	9	Pulse	99	1019369	17997	1
A_HP_07	9	Pulse	99	1039290	37917	1
A_HP_07	10	Picture	response43	1051965	193	1	40229	1	0	40000	hit	49
A_HP_07	10	Response	1	1057769	5997	1
A_HP_07	10	Pulse	99	1059369	7598	1
A_HP_07	10	Pulse	99	1079370	27598	1
A_HP_07	10	Pulse	99	1099290	47518	1
A_HP_07	11	Picture	response48	1102256	84	1	40230	1	0	40000	hit	54
A_HP_07	11	Response	2	1109308	7136	1
A_HP_07	11	Pulse	99	1119370	17197	1
A_HP_07	11	Pulse	99	1139370	37197	1
A_HP_07	12	Picture	response47	1152882	309	1	40229	1	0	40000	hit	59
A_HP_07	12	Pulse	99	1159370	6797	1
A_HP_07	12	Response	1	1159758	7186	1
A_HP_07	12	Pulse	99	1179370	26797	1
A_HP_07	12	Pulse	99	1199370	46797	1
A_HP_07	13	Picture	ins14	1203173	201	1	30229	1	0	30000	other	0
A_HP_07	13	Pulse	99	1219370	16398	1
A_HP_07	13	Pulse	99	1239290	36318	1
A_HP_07	13	Pulse	99	1259369	56397	1
A_HP_07	13	Pulse	99	1279370	76398	1
A_HP_07	13	Pulse	99	1299289	96317	1
A_HP_07	13	Pulse	99	1319370	116398	1
A_HP_07	13	Pulse	99	1339369	136397	1
A_HP_07	13	Pulse	99	1359289	156317	1
A_HP_07	13	Pulse	99	1379369	176397	1
A_HP_07	13	Pulse	99	1399369	196397	1
A_HP_07	13	Pulse	99	1419289	216317	1
A_HP_07	13	Pulse	99	1439369	236397	1
A_HP_07	13	Pulse	99	1459369	256397	1
A_HP_07	13	Pulse	99	1479289	276317	1
A_HP_07	13	Pulse	99	1499369	296397	1
A_HP_07	14	Response	3	1519370	6168	1
A_HP_07	14	Pulse	99	1519370	6168	1
A_HP_07	15	Picture	response109	1520002	230	1	40229	1	0	40000	hit	81
A_HP_07	15	Response	1	1533368	13596	1
A_HP_07	15	Pulse	99	1539369	19597	1
A_HP_07	15	Pulse	99	1559289	39517	1
A_HP_07	16	Picture	response106	1570294	122	1	40229	1	0	40000	hit	85
A_HP_07	16	Response	2	1579188	9016	1
A_HP_07	16	Pulse	99	1579369	9197	1
A_HP_07	16	Pulse	99	1599369	29197	1
A_HP_07	16	Pulse	99	1619289	49117	1
A_HP_07	17	Picture	response112	1620752	180	1	40229	1	0	40000	hit	90
A_HP_07	17	Response	1	1636648	16076	1
A_HP_07	17	Pulse	99	1639368	18797	1
A_HP_07	17	Pulse	99	1659369	38797	1
A_HP_07	18	Picture	response105	1671210	239	1	40229	1	0	40000	hit	95
A_HP_07	18	Pulse	99	1679289	8317	1
A_HP_07	18	Response	1	1684107	13136	1
A_HP_07	18	Pulse	99	1699369	28397	1
A_HP_07	18	Pulse	99	1719369	48397	1
A_HP_07	19	Picture	response107	1721668	296	1	40229	1	0	40000	hit	99
A_HP_07	19	Response	1	1733678	12306	1
A_HP_07	19	Pulse	99	1739289	17917	1
A_HP_07	19	Pulse	99	1759369	37997	1
A_HP_07	20	Picture	response110	1771959	188	1	40229	1	0	40000	hit	104
A_HP_07	20	Pulse	99	1779369	7598	1
A_HP_07	20	Response	2	1781897	10126	1
A_HP_07	20	Pulse	99	1799289	27517	1
A_HP_07	20	Pulse	99	1819289	47518	1
A_HP_07	21	Picture	response108	1822251	80	1	40229	1	0	40000	incorrect	108
A_HP_07	21	Response	1	1831108	8936	1
A_HP_07	21	Pulse	99	1839369	17197	1
A_HP_07	21	Pulse	99	1859289	37117	1
A_HP_07	22	Picture	response111	1872876	304	1	40229	1	0	40000	hit	113
A_HP_07	22	Pulse	99	1879289	6717	1
A_HP_07	22	Response	1	1884607	12036	1
A_HP_07	22	Pulse	99	1899369	26798	1
A_HP_07	22	Pulse	99	1919369	46798	1
A_HP_07	23	Picture	ins16	1923168	196	1	30229	1	0	30000	other	0
A_HP_07	23	Pulse	99	1939289	16318	1
A_HP_07	23	Pulse	99	1959369	36397	1
A_HP_07	23	Pulse	99	1979369	56397	1
A_HP_07	23	Pulse	99	1999289	76317	1
A_HP_07	23	Pulse	99	2019370	96398	1
A_HP_07	23	Pulse	99	2039369	116397	1
A_HP_07	23	Pulse	99	2059289	136317	1
A_HP_07	23	Pulse	99	2079369	156397	1
A_HP_07	23	Pulse	99	2099369	176397	1
A_HP_07	23	Pulse	99	2119289	196317	1
A_HP_07	23	Pulse	99	2139289	216318	1
A_HP_07	23	Pulse	99	2159369	236397	1
A_HP_07	23	Pulse	99	2179289	256317	1
A_HP_07	23	Pulse	99	2199289	276317	1
A_HP_07	23	Pulse	99	2219369	296397	1
A_HP_07	24	Response	3	2239289	6087	1
A_HP_07	24	Pulse	99	2239289	6087	1
A_HP_07	25	Picture	response125	2239901	229	1	40229	1	0	40000	hit	135
A_HP_07	25	Response	1	2246848	7176	1
A_HP_07	25	Pulse	99	2259289	19617	1
A_HP_07	25	Pulse	99	2279369	39697	1
A_HP_07	26	Picture	response126	2290359	288	1	40229	1	0	40000	hit	139
A_HP_07	26	Response	2	2299038	8966	1
A_HP_07	26	Pulse	99	2299368	9297	1
A_HP_07	26	Pulse	99	2319289	29217	1
A_HP_07	26	Pulse	99	2339369	49297	1
A_HP_07	27	Picture	response127	2340651	180	1	40229	1	0	40000	hit	144
A_HP_07	27	Response	2	2349938	9466	1
A_HP_07	27	Pulse	99	2359369	18898	1
A_HP_07	27	Pulse	99	2379289	38817	1
A_HP_07	28	Picture	response121	2391109	237	1	40229	1	0	40000	hit	149
A_HP_07	28	Pulse	99	2399369	8497	1
A_HP_07	28	Response	2	2408228	17356	1
A_HP_07	28	Pulse	99	2419369	28497	1
A_HP_07	28	Pulse	99	2439289	48417	1
A_HP_07	29	Picture	response128	2441401	130	1	40229	1	0	40000	hit	154
A_HP_07	29	Pulse	99	2459289	18017	1
A_HP_07	29	Response	2	2467767	26496	1
A_HP_07	29	Pulse	99	2479368	38097	1
A_HP_07	30	Picture	response123	2491859	188	1	40229	1	0	40000	hit	158
A_HP_07	30	Pulse	99	2499289	7618	1
A_HP_07	30	Response	2	2505447	13776	1
A_HP_07	30	Pulse	99	2519289	27618	1
A_HP_07	30	Pulse	99	2539369	47698	1
A_HP_07	31	Picture	response122	2542317	245	1	40229	1	0	40000	hit	162
A_HP_07	31	Response	1	2557918	15846	1
A_HP_07	31	Pulse	99	2559289	17217	1
A_HP_07	31	Pulse	99	2579289	37217	1
A_HP_07	32	Picture	response124	2592608	137	1	40229	1	0	40000	hit	167
A_HP_07	32	Pulse	99	2599369	6897	1
A_HP_07	32	Response	1	2606507	14036	1
A_HP_07	32	Pulse	99	2619289	26817	1
A_HP_07	32	Pulse	99	2639289	46818	1
A_HP_07	33	Picture	ins8	2643066	194	1	30229	1	0	30000	other	0
A_HP_07	33	Pulse	99	2659369	16497	1
A_HP_07	33	Pulse	99	2679369	36497	1
A_HP_07	33	Pulse	99	2699289	56417	1
A_HP_07	33	Pulse	99	2719289	76417	1
A_HP_07	33	Pulse	99	2739369	96497	1
A_HP_07	33	Pulse	99	2759289	116417	1
A_HP_07	33	Pulse	99	2779289	136417	1
A_HP_07	33	Pulse	99	2799368	156497	1
A_HP_07	33	Pulse	99	2819289	176417	1
A_HP_07	33	Pulse	99	2839289	196417	1
A_HP_07	33	Pulse	99	2859369	216497	1
A_HP_07	33	Pulse	99	2879289	236417	1
A_HP_07	33	Pulse	99	2899289	256417	1
A_HP_07	33	Pulse	99	2919369	276497	1
A_HP_07	33	Pulse	99	2939289	296417	1
A_HP_07	34	Response	3	2959289	6187	1
A_HP_07	34	Pulse	99	2959289	6187	1
A_HP_07	35	Picture	response61	2959902	230	1	40229	1	0	40000	hit	189
A_HP_07	35	Response	2	2968907	9235	1
A_HP_07	35	Pulse	99	2979369	19697	1
A_HP_07	35	Pulse	99	2999369	39697	1
A_HP_07	36	Picture	response63	3010360	288	1	40229	1	0	40000	hit	193
A_HP_07	36	Response	1	3018768	8696	1
A_HP_07	36	Pulse	99	3019288	9217	1
A_HP_07	36	Pulse	99	3039289	29218	1
A_HP_07	36	Pulse	99	3059369	49297	1
A_HP_07	37	Picture	response60	3060651	180	1	40229	1	0	40000	hit	198
A_HP_07	37	Response	1	3066447	5976	1
A_HP_07	37	Pulse	99	3079289	18817	1
A_HP_07	37	Pulse	99	3099289	38817	1
A_HP_07	38	Picture	response58	3111109	238	1	40229	1	0	40000	hit	202
A_HP_07	38	Response	2	3117437	6565	1
A_HP_07	38	Pulse	99	3119367	8496	1
A_HP_07	38	Pulse	99	3139288	28417	1
A_HP_07	38	Pulse	99	3159288	48417	1
A_HP_07	39	Picture	response62	3161401	130	1	40229	1	0	40000	hit	207
A_HP_07	39	Response	1	3167897	6626	1
A_HP_07	39	Pulse	99	3179368	18097	1
A_HP_07	39	Pulse	99	3199289	38018	1
A_HP_07	40	Picture	response64	3211858	187	1	40229	1	0	40000	incorrect	212
A_HP_07	40	Pulse	99	3219288	7617	1
A_HP_07	40	Response	2	3223728	12056	1
A_HP_07	40	Pulse	99	3239369	27697	1
A_HP_07	40	Pulse	99	3259289	47617	1
A_HP_07	41	Picture	response59	3262316	244	1	40229	1	0	40000	hit	217
A_HP_07	41	Pulse	99	3279289	17217	1
A_HP_07	41	Response	2	3279617	17545	1
A_HP_07	41	Pulse	99	3299369	37297	1
A_HP_07	42	Picture	response57	3312608	137	1	40229	1	0	40000	hit	221
A_HP_07	42	Pulse	99	3319289	6817	1
A_HP_07	42	Response	1	3323667	11196	1
A_HP_07	42	Pulse	99	3339289	26817	1
A_HP_07	42	Pulse	99	3359289	46817	1
A_HP_07	43	Picture	ins24	3363066	194	1	30229	1	0	30000	other	0
A_HP_07	43	Pulse	99	3379369	16497	1
A_HP_07	43	Pulse	99	3399289	36417	1
A_HP_07	43	Pulse	99	3419289	56417	1
A_HP_07	43	Pulse	99	3439369	76498	1
A_HP_07	43	Pulse	99	3459289	96417	1
A_HP_07	43	Pulse	99	3479289	116417	1
A_HP_07	43	Pulse	99	3499369	136497	1
A_HP_07	43	Pulse	99	3519289	156417	1
A_HP_07	43	Pulse	99	3539289	176417	1
A_HP_07	43	Pulse	99	3559369	196497	1
A_HP_07	43	Pulse	99	3579289	216417	1
A_HP_07	43	Pulse	99	3599289	236417	1
A_HP_07	43	Pulse	99	3619369	256497	1
A_HP_07	43	Pulse	99	3639289	276417	1
A_HP_07	43	Pulse	99	3659289	296417	1
A_HP_07	44	Response	3	3679289	6187	1
A_HP_07	44	Pulse	99	3679289	6187	1
A_HP_07	45	Picture	response191	3679901	230	1	40229	1	0	40000	hit	244
A_HP_07	45	Pulse	99	3699288	19617	1
A_HP_07	45	Response	1	3700867	21195	1
A_HP_07	45	Pulse	99	3719288	39617	1
A_HP_07	46	Picture	response188	3730359	288	1	40229	1	0	40000	hit	248
A_HP_07	46	Pulse	99	3739288	9217	1
A_HP_07	46	Response	1	3742377	12306	1
A_HP_07	46	Pulse	99	3759368	29297	1
A_HP_07	46	Pulse	99	3779289	49217	1
A_HP_07	47	Picture	response187	3780650	179	1	40229	1	0	40000	incorrect	252
A_HP_07	47	Response	1	3791427	10956	1
A_HP_07	47	Pulse	99	3799288	18817	1
A_HP_07	47	Pulse	99	3819368	38897	1
A_HP_07	48	Picture	response185	3831108	237	1	40230	1	0	40000	hit	258
A_HP_07	48	Pulse	99	3839288	8417	1
A_HP_07	48	Pulse	99	3859288	28417	1
A_HP_07	48	Response	2	3863607	32736	1
A_HP_07	48	Pulse	99	3879368	48497	1
A_HP_07	49	Picture	response190	3881400	129	1	40229	1	0	40000	hit	261
A_HP_07	49	Response	2	3895727	14456	1
A_HP_07	49	Pulse	99	3899288	18017	1
A_HP_07	49	Pulse	99	3919288	38018	1
A_HP_07	50	Picture	response192	3931857	187	1	40229	1	0	40000	hit	266
A_HP_07	50	Pulse	99	3939288	7617	1
A_HP_07	50	Response	1	3954017	22346	1
A_HP_07	50	Pulse	99	3959288	27617	1
A_HP_07	50	Pulse	99	3979288	47617	1
A_HP_07	51	Picture	response189	3982315	245	1	40229	1	0	40000	hit	271
A_HP_07	51	Pulse	99	3999288	17217	1
A_HP_07	51	Response	2	4003147	21076	1
A_HP_07	51	Pulse	99	4019288	37217	1
A_HP_07	52	Picture	response186	4032607	136	1	40229	1	0	40000	hit	275
A_HP_07	52	Pulse	99	4039288	6817	1
A_HP_07	52	Response	1	4043777	11306	1
A_HP_07	52	Pulse	99	4059288	26818	1
A_HP_07	52	Pulse	99	4079288	46817	1
A_HP_07	53	Picture	ins22	4083065	194	1	30229	1	0	30000	other	0
A_HP_07	53	Pulse	99	4099288	16418	1
A_HP_07	53	Pulse	99	4119288	36417	1
A_HP_07	53	Pulse	99	4139368	56498	1
A_HP_07	53	Pulse	99	4159288	76417	1
A_HP_07	53	Pulse	99	4179288	96417	1
A_HP_07	53	Pulse	99	4199368	116497	1
A_HP_07	53	Pulse	99	4219288	136417	1
A_HP_07	53	Pulse	99	4239288	156417	1
A_HP_07	53	Pulse	99	4259288	176417	1
A_HP_07	53	Pulse	99	4279288	196417	1
A_HP_07	53	Pulse	99	4299288	216417	1
A_HP_07	53	Pulse	99	4319288	236417	1
A_HP_07	53	Pulse	99	4339288	256417	1
A_HP_07	53	Pulse	99	4359288	276417	1
A_HP_07	53	Pulse	99	4379288	296417	1
A_HP_07	54	Response	3	4399288	6187	1
A_HP_07	54	Pulse	99	4399288	6187	1
A_HP_07	55	Picture	response172	4399901	230	1	40229	1	0	40000	hit	298
A_HP_07	55	Pulse	99	4419288	19617	1
A_HP_07	55	Response	1	4423446	23775	1
A_HP_07	55	Pulse	99	4439288	39617	1
A_HP_07	56	Picture	response169	4450359	288	1	40229	1	0	40000	incorrect	302
A_HP_07	56	Pulse	99	4459288	9217	1
A_HP_07	56	Response	1	4475447	25376	1
A_HP_07	56	Pulse	99	4479287	29217	1
A_HP_07	56	Pulse	99	4499288	49217	1
A_HP_07	57	Picture	response170	4500650	179	1	40229	1	0	40000	hit	307
A_HP_07	57	Pulse	99	4519368	18897	1
A_HP_07	57	Response	1	4538097	37626	1
A_HP_07	57	Pulse	99	4539288	38817	1
A_HP_07	58	Picture	response171	4551108	237	1	40229	1	0	40000	hit	311
A_HP_07	58	Pulse	99	4559288	8417	1
A_HP_07	58	Response	2	4565636	14765	1
A_HP_07	58	Pulse	99	4579288	28417	1
A_HP_07	58	Pulse	99	4599288	48417	1
A_HP_07	59	Picture	response175	4601400	129	1	40229	1	0	40000	hit	316
A_HP_07	59	Pulse	99	4619288	18017	1
A_HP_07	59	Response	2	4621326	20055	1
A_HP_07	59	Pulse	99	4639288	38017	1
A_HP_07	60	Picture	response173	4651858	187	1	40229	1	0	40000	hit	320
A_HP_07	60	Pulse	99	4659288	7617	1
A_HP_07	60	Response	1	4677117	25446	1
A_HP_07	60	Pulse	99	4679288	27616	1
A_HP_07	60	Pulse	99	4699288	47617	1
A_HP_07	61	Picture	response174	4702317	246	1	40229	1	0	40000	hit	324
A_HP_07	61	Response	1	4707767	5696	1
A_HP_07	61	Pulse	99	4719288	17217	1
A_HP_07	61	Pulse	99	4739288	37217	1
A_HP_07	62	Picture	response175	4752608	137	1	40229	1	0	40000	hit	329
A_HP_07	62	Pulse	99	4759288	6817	1
A_HP_07	62	Response	2	4775707	23236	1
A_HP_07	62	Pulse	99	4779287	26816	1
A_HP_07	62	Pulse	99	4799288	46817	1
A_HP_07	63	Picture	thanks	4802568	0	1	10229	1	0	10000	other	0
A_HP_07	63	Pulse	99	4819288	16720	1


Event Type	Code	Type	Response	RT	RT Uncertainty	Time	Uncertainty	Duration	Uncertainty	ReqTime	ReqDur

Picture	ready	other				419602	1	10229	1	0	10000
Picture	ins6	other				480206	1	30229	1	0	30000
Picture	response41	hit	2	19451	2	800007	1	40229	1	0	40000
Picture	response45	hit	2	15410	2	850298	1	40229	1	0	40000
Picture	response42	hit	2	22932	2	900757	1	40229	1	0	40000
Picture	response44	incorrect	1	5214	2	951215	1	40229	1	0	40000
Picture	response46	hit	1	9415	2	1001673	1	40229	1	0	40000
Picture	response43	hit	1	5804	2	1051965	1	40229	1	0	40000
Picture	response48	hit	2	7052	2	1102256	1	40230	1	0	40000
Picture	response47	hit	1	6876	2	1152882	1	40229	1	0	40000
Picture	ins14	other				1203173	1	30229	1	0	30000
Picture	response109	hit	1	13366	2	1520002	1	40229	1	0	40000
Picture	response106	hit	2	8894	2	1570294	1	40229	1	0	40000
Picture	response112	hit	1	15896	2	1620752	1	40229	1	0	40000
Picture	response105	hit	1	12897	2	1671210	1	40229	1	0	40000
Picture	response107	hit	1	12010	2	1721668	1	40229	1	0	40000
Picture	response110	hit	2	9938	2	1771959	1	40229	1	0	40000
Picture	response108	incorrect	1	8857	2	1822251	1	40229	1	0	40000
Picture	response111	hit	1	11731	2	1872876	1	40229	1	0	40000
Picture	ins16	other				1923168	1	30229	1	0	30000
Picture	response125	hit	1	6947	2	2239901	1	40229	1	0	40000
Picture	response126	hit	2	8678	2	2290359	1	40229	1	0	40000
Picture	response127	hit	2	9287	2	2340651	1	40229	1	0	40000
Picture	response121	hit	2	17119	2	2391109	1	40229	1	0	40000
Picture	response128	hit	2	26366	2	2441401	1	40229	1	0	40000
Picture	response123	hit	2	13588	2	2491859	1	40229	1	0	40000
Picture	response122	hit	1	15602	2	2542317	1	40229	1	0	40000
Picture	response124	hit	1	13899	2	2592608	1	40229	1	0	40000
Picture	ins8	other				2643066	1	30229	1	0	30000
Picture	response61	hit	2	9005	2	2959902	1	40229	1	0	40000
Picture	response63	hit	1	8408	2	3010360	1	40229	1	0	40000
Picture	response60	hit	1	5796	2	3060651	1	40229	1	0	40000
Picture	response58	hit	2	6328	2	3111109	1	40229	1	0	40000
Picture	response62	hit	1	6497	2	3161401	1	40229	1	0	40000
Picture	response64	incorrect	2	11869	2	3211858	1	40229	1	0	40000
Picture	response59	hit	2	17301	2	3262316	1	40229	1	0	40000
Picture	response57	hit	1	11059	2	3312608	1	40229	1	0	40000
Picture	ins24	other				3363066	1	30229	1	0	30000
Picture	response191	hit	1	20965	2	3679901	1	40229	1	0	40000
Picture	response188	hit	1	12018	2	3730359	1	40229	1	0	40000
Picture	response187	incorrect	1	10777	2	3780650	1	40229	1	0	40000
Picture	response185	hit	2	32499	2	3831108	1	40230	1	0	40000
Picture	response190	hit	2	14328	2	3881400	1	40229	1	0	40000
Picture	response192	hit	1	22160	2	3931857	1	40229	1	0	40000
Picture	response189	hit	2	20831	2	3982315	1	40229	1	0	40000
Picture	response186	hit	1	11170	2	4032607	1	40229	1	0	40000
Picture	ins22	other				4083065	1	30229	1	0	30000
Picture	response172	hit	1	23545	2	4399901	1	40229	1	0	40000
Picture	response169	incorrect	1	25088	2	4450359	1	40229	1	0	40000
Picture	response170	hit	1	37447	2	4500650	1	40229	1	0	40000
Picture	response171	hit	2	14528	2	4551108	1	40229	1	0	40000
Picture	response175	hit	2	19926	2	4601400	1	40229	1	0	40000
Picture	response173	hit	1	25259	2	4651858	1	40229	1	0	40000
Picture	response174	hit	1	5450	2	4702317	1	40229	1	0	40000
Picture	response175	hit	2	23099	2	4752608	1	40229	1	0	40000
Picture	thanks	other				4802568	1	10229	1	0	10000


{
   "app": "Presentation Version 21.0 Build 06.06.19",
   "device": "LENOVO 20KHCTO1WW",
   "experiment": "{C0C68DB1-10BA-42F2-8F79-3F2AFFEED4E4}",
   "os": "Windows 10 64 bit",
   "package": "",
   "parameters": {
      "configuration": "Default configuration"
   },
   "scenario": "Feature experiment(4).sce",
   "subject": "A_HP_07",
   "timestamp": "2019/08/29 01:05:24 GMT"
}
