Scenario - 
Logfile written - 10/18/2019 09:36:34

Subject	Trial	Event Type	Code	Time	TTime	Uncertainty	Duration	Uncertainty	ReqTime	ReqDur	Stim Type	Pair Index

A_HP_18	1	Response	3	260107	259107	1
A_HP_18	1	Pulse	99	260107	259107	1
A_HP_18	2	Picture	ready	260338	0	1	10229	1	0	10000	other	0
A_HP_18	2	Pulse	99	280107	19769	1
A_HP_18	2	Pulse	99	300106	39768	1
A_HP_18	2	Pulse	99	320106	59768	1
A_HP_18	3	Picture	ins16	320920	235	1	30229	1	0	30000	other	0
A_HP_18	3	Pulse	99	340107	19421	1
A_HP_18	3	Pulse	99	360107	39422	1
A_HP_18	3	Pulse	99	380107	59421	1
A_HP_18	3	Pulse	99	400107	79421	1
A_HP_18	3	Pulse	99	420107	99421	1
A_HP_18	3	Pulse	99	440106	119421	1
A_HP_18	3	Pulse	99	460107	139421	1
A_HP_18	3	Pulse	99	480186	159501	1
A_HP_18	3	Pulse	99	500106	179421	1
A_HP_18	3	Pulse	99	520106	199421	1
A_HP_18	3	Pulse	99	540186	219501	1
A_HP_18	3	Pulse	99	560106	239421	1
A_HP_18	3	Pulse	99	580107	259422	1
A_HP_18	3	Pulse	99	600186	279501	1
A_HP_18	3	Pulse	99	620106	299421	1
A_HP_18	4	Response	3	640106	9191	1
A_HP_18	4	Pulse	99	640106	9191	1
A_HP_18	5	Picture	response126	640718	233	1	40229	1	0	40000	hit	26
A_HP_18	5	Response	2	651715	11230	1
A_HP_18	5	Pulse	99	660106	19621	1
A_HP_18	5	Pulse	99	680106	39621	1
A_HP_18	6	Picture	response128	691178	293	1	40229	1	0	40000	hit	30
A_HP_18	6	Response	2	700045	9161	1
A_HP_18	6	Pulse	99	700106	9221	1
A_HP_18	6	Pulse	99	720106	29222	1
A_HP_18	6	Pulse	99	740106	49222	1
A_HP_18	7	Picture	response121	741469	184	1	40396	1	0	40000	hit	35
A_HP_18	7	Response	2	750065	8781	1
A_HP_18	7	Pulse	99	760106	18822	1
A_HP_18	7	Pulse	99	780106	38822	1
A_HP_18	8	Picture	response124	791927	242	1	40229	1	0	40000	hit	39
A_HP_18	8	Response	1	799265	7581	1
A_HP_18	8	Pulse	99	800106	8421	1
A_HP_18	8	Pulse	99	820106	28422	1
A_HP_18	8	Pulse	99	840107	48422	1
A_HP_18	9	Picture	response122	842218	133	1	40229	1	0	40000	hit	44
A_HP_18	9	Response	1	850955	8871	1
A_HP_18	9	Pulse	99	860106	18021	1
A_HP_18	9	Pulse	99	880106	38022	1
A_HP_18	10	Picture	response123	892842	358	1	40229	1	0	40000	hit	49
A_HP_18	10	Pulse	99	900106	7622	1
A_HP_18	10	Response	2	901285	8800	1
A_HP_18	10	Pulse	99	920106	27622	1
A_HP_18	10	Pulse	99	940106	47622	1
A_HP_18	11	Picture	response125	943133	249	1	40229	1	0	40000	hit	53
A_HP_18	11	Response	1	951385	8500	1
A_HP_18	11	Pulse	99	960106	17221	1
A_HP_18	11	Pulse	99	980187	37302	1
A_HP_18	12	Picture	response127	993424	140	1	40230	1	0	40000	hit	58
A_HP_18	12	Pulse	99	1000106	6821	1
A_HP_18	12	Response	2	1002335	9050	1
A_HP_18	12	Pulse	99	1020106	26822	1
A_HP_18	12	Pulse	99	1040106	46821	1
A_HP_18	13	Picture	ins24	1043883	198	1	30229	1	0	30000	other	0
A_HP_18	13	Pulse	99	1060106	16422	1
A_HP_18	13	Pulse	99	1080106	36422	1
A_HP_18	13	Pulse	99	1100106	56421	1
A_HP_18	13	Pulse	99	1120106	76421	1
A_HP_18	13	Pulse	99	1140106	96422	1
A_HP_18	13	Pulse	99	1160106	116421	1
A_HP_18	13	Pulse	99	1180106	136421	1
A_HP_18	13	Pulse	99	1200106	156421	1
A_HP_18	13	Pulse	99	1220106	176421	1
A_HP_18	13	Pulse	99	1240106	196421	1
A_HP_18	13	Pulse	99	1260106	216421	1
A_HP_18	13	Pulse	99	1280106	236421	1
A_HP_18	13	Pulse	99	1300106	256421	1
A_HP_18	13	Pulse	99	1320106	276421	1
A_HP_18	13	Pulse	99	1340106	296421	1
A_HP_18	14	Response	3	1360106	6191	1
A_HP_18	14	Pulse	99	1360106	6191	1
A_HP_18	15	Picture	response190	1360714	230	1	40229	1	0	40000	hit	80
A_HP_18	15	Response	2	1375385	14900	1
A_HP_18	15	Pulse	99	1380105	19621	1
A_HP_18	15	Pulse	99	1400106	39621	1
A_HP_18	16	Picture	response191	1411173	288	1	40229	1	0	40000	hit	85
A_HP_18	16	Pulse	99	1420106	9221	1
A_HP_18	16	Response	1	1428845	17960	1
A_HP_18	16	Pulse	99	1440106	29221	1
A_HP_18	16	Pulse	99	1460106	49221	1
A_HP_18	17	Picture	response186	1461465	180	1	40230	1	0	40000	hit	89
A_HP_18	17	Response	1	1478935	17650	1
A_HP_18	17	Pulse	99	1480106	18821	1
A_HP_18	17	Pulse	99	1500106	38821	1
A_HP_18	18	Picture	response192	1511924	239	1	40229	1	0	40000	hit	94
A_HP_18	18	Pulse	99	1520106	8421	1
A_HP_18	18	Response	1	1537035	25350	1
A_HP_18	18	Pulse	99	1540105	28421	1
A_HP_18	18	Pulse	99	1560106	48422	1
A_HP_18	19	Picture	response188	1562215	131	1	40229	1	0	40000	hit	98
A_HP_18	19	Response	1	1569304	7220	1
A_HP_18	19	Pulse	99	1580106	18022	1
A_HP_18	19	Pulse	99	1600106	38022	1
A_HP_18	20	Picture	response187	1612840	356	1	40229	1	0	40000	hit	103
A_HP_18	20	Pulse	99	1620106	7621	1
A_HP_18	20	Response	2	1632294	19810	1
A_HP_18	20	Pulse	99	1640106	27621	1
A_HP_18	20	Pulse	99	1660106	47621	1
A_HP_18	21	Picture	response189	1663131	247	1	40229	1	0	40000	hit	107
A_HP_18	21	Response	2	1674994	12110	1
A_HP_18	21	Pulse	99	1680106	17221	1
A_HP_18	21	Pulse	99	1700106	37222	1
A_HP_18	22	Picture	response185	1713423	138	1	40229	1	0	40000	hit	112
A_HP_18	22	Pulse	99	1720106	6821	1
A_HP_18	22	Response	2	1735315	22030	1
A_HP_18	22	Pulse	99	1740105	26821	1
A_HP_18	22	Pulse	99	1760106	46821	1
A_HP_18	23	Picture	ins14	1763880	196	1	30229	1	0	30000	other	0
A_HP_18	23	Pulse	99	1780106	16422	1
A_HP_18	23	Pulse	99	1800106	36421	1
A_HP_18	23	Pulse	99	1820106	56421	1
A_HP_18	23	Pulse	99	1840106	76421	1
A_HP_18	23	Pulse	99	1860106	96421	1
A_HP_18	23	Pulse	99	1880106	116421	1
A_HP_18	23	Pulse	99	1900106	136421	1
A_HP_18	23	Pulse	99	1920106	156422	1
A_HP_18	23	Pulse	99	1940106	176421	1
A_HP_18	23	Pulse	99	1960106	196421	1
A_HP_18	23	Pulse	99	1980106	216421	1
A_HP_18	23	Pulse	99	2000106	236422	1
A_HP_18	23	Pulse	99	2020106	256421	1
A_HP_18	23	Pulse	99	2040106	276421	1
A_HP_18	23	Pulse	99	2060106	296421	1
A_HP_18	24	Response	3	2080106	6191	1
A_HP_18	24	Pulse	99	2080106	6191	1
A_HP_18	25	Picture	response106	2080714	230	1	40229	1	0	40000	hit	134
A_HP_18	25	Response	2	2088565	8081	1
A_HP_18	25	Pulse	99	2100105	19621	1
A_HP_18	25	Pulse	99	2120106	39621	1
A_HP_18	26	Picture	response105	2131172	288	1	40229	1	0	40000	hit	138
A_HP_18	26	Response	1	2139954	9070	1
A_HP_18	26	Pulse	99	2140105	9221	1
A_HP_18	26	Pulse	99	2160106	29221	1
A_HP_18	26	Pulse	99	2180106	49221	1
A_HP_18	27	Picture	response108	2181464	179	1	40229	1	0	40000	hit	143
A_HP_18	27	Response	2	2188994	7710	1
A_HP_18	27	Pulse	99	2200106	18821	1
A_HP_18	27	Pulse	99	2220106	38822	1
A_HP_18	28	Picture	response110	2231922	238	1	40229	1	0	40000	hit	148
A_HP_18	28	Pulse	99	2240106	8422	1
A_HP_18	28	Response	2	2240504	8820	1
A_HP_18	28	Pulse	99	2260106	28421	1
A_HP_18	28	Pulse	99	2280105	48421	1
A_HP_18	29	Picture	response111	2282213	129	1	40229	1	0	40000	hit	152
A_HP_18	29	Response	1	2293734	11650	1
A_HP_18	29	Pulse	99	2300105	18021	1
A_HP_18	29	Pulse	99	2320106	38021	1
A_HP_18	30	Picture	response112	2332671	188	1	40229	1	0	40000	hit	157
A_HP_18	30	Pulse	99	2340106	7622	1
A_HP_18	30	Response	1	2359544	27061	1
A_HP_18	30	Pulse	99	2360105	27621	1
A_HP_18	30	Pulse	99	2380106	47622	1
A_HP_18	31	Picture	response109	2383129	244	1	40229	1	0	40000	hit	161
A_HP_18	31	Response	1	2392464	9580	1
A_HP_18	31	Pulse	99	2400105	17221	1
A_HP_18	31	Pulse	99	2420106	37221	1
A_HP_18	32	Picture	response107	2433420	136	1	40229	1	0	40000	hit	166
A_HP_18	32	Pulse	99	2440106	6821	1
A_HP_18	32	Response	1	2442134	8850	1
A_HP_18	32	Pulse	99	2460106	26821	1
A_HP_18	32	Pulse	99	2480106	46821	1
A_HP_18	33	Picture	ins8	2483878	194	1	30230	1	0	30000	other	0
A_HP_18	33	Pulse	99	2500106	16422	1
A_HP_18	33	Pulse	99	2520106	36422	1
A_HP_18	33	Pulse	99	2540106	56422	1
A_HP_18	33	Pulse	99	2560105	76421	1
A_HP_18	33	Pulse	99	2580106	96422	1
A_HP_18	33	Pulse	99	2600106	116422	1
A_HP_18	33	Pulse	99	2620106	136422	1
A_HP_18	33	Pulse	99	2640105	156421	1
A_HP_18	33	Pulse	99	2660106	176422	1
A_HP_18	33	Pulse	99	2680106	196422	1
A_HP_18	33	Pulse	99	2700105	216422	1
A_HP_18	33	Pulse	99	2720106	236422	1
A_HP_18	33	Pulse	99	2740105	256422	1
A_HP_18	33	Pulse	99	2760106	276422	1
A_HP_18	33	Pulse	99	2780105	296422	1
A_HP_18	34	Response	3	2800105	6191	1
A_HP_18	34	Pulse	99	2800105	6191	1
A_HP_18	35	Picture	response61	2800714	230	1	40229	1	0	40000	hit	188
A_HP_18	35	Response	2	2806424	5940	1
A_HP_18	35	Pulse	99	2820105	19621	1
A_HP_18	35	Pulse	99	2840105	39621	1
A_HP_18	36	Picture	response62	2851171	287	1	40229	1	0	40000	hit	193
A_HP_18	36	Pulse	99	2860105	9221	1
A_HP_18	36	Response	1	2862214	11330	1
A_HP_18	36	Pulse	99	2880105	29221	1
A_HP_18	36	Pulse	99	2900105	49221	1
A_HP_18	37	Picture	response59	2901463	179	1	40230	1	0	40000	hit	197
A_HP_18	37	Response	2	2906434	5150	1
A_HP_18	37	Pulse	99	2920105	18822	1
A_HP_18	37	Pulse	99	2940105	38821	1
A_HP_18	38	Picture	response58	2951921	237	1	40229	1	0	40000	hit	201
A_HP_18	38	Response	2	2958024	6340	1
A_HP_18	38	Pulse	99	2960105	8421	1
A_HP_18	38	Pulse	99	2980106	28422	1
A_HP_18	38	Pulse	99	3000105	48421	1
A_HP_18	39	Picture	response64	3002212	128	1	40229	1	0	40000	hit	206
A_HP_18	39	Response	1	3008824	6740	1
A_HP_18	39	Pulse	99	3020105	18021	1
A_HP_18	39	Pulse	99	3040105	38022	1
A_HP_18	40	Picture	response57	3052837	353	1	40229	1	0	40000	hit	211
A_HP_18	40	Pulse	99	3060105	7621	1
A_HP_18	40	Response	1	3060963	8479	1
A_HP_18	40	Pulse	99	3080105	27621	1
A_HP_18	40	Pulse	99	3100105	47621	1
A_HP_18	41	Picture	response63	3103129	245	1	40229	1	0	40000	hit	215
A_HP_18	41	Response	1	3109614	6730	1
A_HP_18	41	Pulse	99	3120105	17221	1
A_HP_18	41	Pulse	99	3140105	37221	1
A_HP_18	42	Picture	response60	3153420	136	1	40230	1	0	40000	hit	219
A_HP_18	42	Response	1	3159524	6240	1
A_HP_18	42	Pulse	99	3160105	6821	1
A_HP_18	42	Pulse	99	3180105	26822	1
A_HP_18	42	Pulse	99	3200105	46821	1
A_HP_18	43	Picture	ins6	3203878	195	1	30229	1	0	30000	other	0
A_HP_18	43	Pulse	99	3220105	16421	1
A_HP_18	43	Pulse	99	3240105	36422	1
A_HP_18	43	Pulse	99	3260105	56421	1
A_HP_18	43	Pulse	99	3280105	76422	1
A_HP_18	43	Pulse	99	3300105	96421	1
A_HP_18	43	Pulse	99	3320105	116421	1
A_HP_18	43	Pulse	99	3340105	136421	1
A_HP_18	43	Pulse	99	3360105	156421	1
A_HP_18	43	Pulse	99	3380105	176421	1
A_HP_18	43	Pulse	99	3400105	196421	1
A_HP_18	43	Pulse	99	3420105	216421	1
A_HP_18	43	Pulse	99	3440105	236421	1
A_HP_18	43	Pulse	99	3460105	256421	1
A_HP_18	43	Pulse	99	3480105	276421	1
A_HP_18	43	Pulse	99	3500105	296421	1
A_HP_18	44	Response	3	3520105	6191	1
A_HP_18	44	Pulse	99	3520105	6191	1
A_HP_18	45	Picture	response45	3520714	230	1	40229	1	0	40000	hit	242
A_HP_18	45	Response	2	3525973	5490	1
A_HP_18	45	Pulse	99	3540105	19621	1
A_HP_18	45	Pulse	99	3560105	39621	1
A_HP_18	46	Picture	response41	3571172	288	1	40229	1	0	40000	hit	246
A_HP_18	46	Response	2	3576534	5650	1
A_HP_18	46	Pulse	99	3580105	9221	1
A_HP_18	46	Pulse	99	3600105	29222	1
A_HP_18	46	Pulse	99	3620105	49221	1
A_HP_18	47	Picture	response42	3621464	180	1	40229	1	0	40000	hit	251
A_HP_18	47	Response	2	3626404	5120	1
A_HP_18	47	Pulse	99	3640105	18821	1
A_HP_18	47	Pulse	99	3660105	38821	1
A_HP_18	48	Picture	response47	3671921	238	1	40229	1	0	40000	hit	255
A_HP_18	48	Response	1	3675833	4150	1
A_HP_18	48	Pulse	99	3680104	8420	1
A_HP_18	48	Pulse	99	3700105	28421	1
A_HP_18	48	Pulse	99	3720105	48422	1
A_HP_18	49	Picture	response43	3722213	130	1	40229	1	0	40000	hit	260
A_HP_18	49	Response	1	3727613	5530	1
A_HP_18	49	Pulse	99	3740104	18021	1
A_HP_18	49	Pulse	99	3760105	38022	1
A_HP_18	50	Picture	response46	3772671	188	1	40229	1	0	40000	hit	264
A_HP_18	50	Response	1	3777954	5470	1
A_HP_18	50	Pulse	99	3780104	7621	1
A_HP_18	50	Pulse	99	3800105	27621	1
A_HP_18	50	Pulse	99	3820105	47621	1
A_HP_18	51	Picture	response44	3823129	245	1	40229	1	0	40000	hit	269
A_HP_18	51	Response	2	3830104	7220	1
A_HP_18	51	Pulse	99	3840105	17222	1
A_HP_18	51	Pulse	99	3860105	37222	1
A_HP_18	52	Picture	response48	3873420	137	1	40229	1	0	40000	hit	274
A_HP_18	52	Pulse	99	3880105	6822	1
A_HP_18	52	Response	2	3881453	8170	1
A_HP_18	52	Pulse	99	3900105	26821	1
A_HP_18	52	Pulse	99	3920105	46822	1
A_HP_18	53	Picture	ins22	3923878	195	1	30229	1	0	30000	other	0
A_HP_18	53	Pulse	99	3940105	16421	1
A_HP_18	53	Pulse	99	3960105	36421	1
A_HP_18	53	Pulse	99	3980105	56422	1
A_HP_18	53	Pulse	99	4000105	76422	1
A_HP_18	53	Pulse	99	4020105	96421	1
A_HP_18	53	Pulse	99	4040105	116421	1
A_HP_18	53	Pulse	99	4060105	136421	1
A_HP_18	53	Pulse	99	4080105	156421	1
A_HP_18	53	Pulse	99	4100105	176421	1
A_HP_18	53	Pulse	99	4120105	196421	1
A_HP_18	53	Pulse	99	4140105	216421	1
A_HP_18	53	Pulse	99	4160105	236421	1
A_HP_18	53	Pulse	99	4180105	256421	1
A_HP_18	53	Pulse	99	4200105	276421	1
A_HP_18	53	Pulse	99	4220105	296421	1
A_HP_18	54	Response	3	4240105	6191	1
A_HP_18	54	Pulse	99	4240105	6191	1
A_HP_18	55	Picture	response172	4240713	230	1	40229	1	0	40000	hit	296
A_HP_18	55	Response	1	4249553	9070	1
A_HP_18	55	Pulse	99	4260104	19621	1
A_HP_18	55	Pulse	99	4280105	39622	1
A_HP_18	56	Picture	response171	4291170	287	1	40229	1	0	40000	hit	301
A_HP_18	56	Pulse	99	4300105	9222	1
A_HP_18	56	Response	2	4302683	11800	1
A_HP_18	56	Pulse	99	4320104	29222	1
A_HP_18	56	Pulse	99	4340105	49222	1
A_HP_18	57	Picture	response170	4341462	179	1	40230	1	0	40000	hit	306
A_HP_18	57	Pulse	99	4360104	18821	1
A_HP_18	57	Response	1	4361853	20570	1
A_HP_18	57	Pulse	99	4380105	38822	1
A_HP_18	58	Picture	response173	4391920	237	1	40229	1	0	40000	hit	310
A_HP_18	58	Pulse	99	4400105	8422	1
A_HP_18	58	Response	1	4401023	9340	1
A_HP_18	58	Pulse	99	4420105	28422	1
A_HP_18	58	Pulse	99	4440105	48422	1
A_HP_18	59	Picture	response174	4442212	129	1	40229	1	0	40000	hit	315
A_HP_18	59	Pulse	99	4460105	18022	1
A_HP_18	59	Response	1	4471393	29311	1
A_HP_18	59	Pulse	99	4480104	38021	1
A_HP_18	60	Picture	response169	4492670	187	1	40230	1	0	40000	hit	319
A_HP_18	60	Pulse	99	4500105	7622	1
A_HP_18	60	Response	2	4503133	10650	1
A_HP_18	60	Pulse	99	4520105	27621	1
A_HP_18	60	Pulse	99	4540105	47621	1
A_HP_18	61	Picture	response175	4543128	245	1	40229	1	0	40000	hit	323
A_HP_18	61	Response	2	4553863	10980	1
A_HP_18	61	Pulse	99	4560104	17222	1
A_HP_18	61	Pulse	99	4580105	37222	1
A_HP_18	62	Picture	response175	4593420	137	1	40229	1	0	40000	hit	328
A_HP_18	62	Pulse	99	4600104	6821	1
A_HP_18	62	Response	2	4613683	20400	1
A_HP_18	62	Pulse	99	4620104	26821	1
A_HP_18	62	Pulse	99	4640105	46822	1
A_HP_18	63	Picture	thanks	4643378	0	1	10229	1	0	10000	other	0
A_HP_18	63	Pulse	99	4660105	16726	1


Event Type	Code	Type	Response	RT	RT Uncertainty	Time	Uncertainty	Duration	Uncertainty	ReqTime	ReqDur

Picture	ready	other				260338	1	10229	1	0	10000
Picture	ins16	other				320920	1	30229	1	0	30000
Picture	response126	hit	2	10997	2	640718	1	40229	1	0	40000
Picture	response128	hit	2	8868	2	691178	1	40229	1	0	40000
Picture	response121	hit	2	8596	2	741469	1	40396	1	0	40000
Picture	response124	hit	1	7339	2	791927	1	40229	1	0	40000
Picture	response122	hit	1	8738	2	842218	1	40229	1	0	40000
Picture	response123	hit	2	8442	2	892842	1	40229	1	0	40000
Picture	response125	hit	1	8252	2	943133	1	40229	1	0	40000
Picture	response127	hit	2	8911	2	993424	1	40230	1	0	40000
Picture	ins24	other				1043883	1	30229	1	0	30000
Picture	response190	hit	2	14670	2	1360714	1	40229	1	0	40000
Picture	response191	hit	1	17672	2	1411173	1	40229	1	0	40000
Picture	response186	hit	1	17470	2	1461465	1	40230	1	0	40000
Picture	response192	hit	1	25111	2	1511924	1	40229	1	0	40000
Picture	response188	hit	1	7089	2	1562215	1	40229	1	0	40000
Picture	response187	hit	2	19454	2	1612840	1	40229	1	0	40000
Picture	response189	hit	2	11863	2	1663131	1	40229	1	0	40000
Picture	response185	hit	2	21892	2	1713423	1	40229	1	0	40000
Picture	ins14	other				1763880	1	30229	1	0	30000
Picture	response106	hit	2	7851	2	2080714	1	40229	1	0	40000
Picture	response105	hit	1	8782	2	2131172	1	40229	1	0	40000
Picture	response108	hit	2	7531	2	2181464	1	40229	1	0	40000
Picture	response110	hit	2	8582	2	2231922	1	40229	1	0	40000
Picture	response111	hit	1	11521	2	2282213	1	40229	1	0	40000
Picture	response112	hit	1	26873	2	2332671	1	40229	1	0	40000
Picture	response109	hit	1	9336	2	2383129	1	40229	1	0	40000
Picture	response107	hit	1	8714	2	2433420	1	40229	1	0	40000
Picture	ins8	other				2483878	1	30230	1	0	30000
Picture	response61	hit	2	5710	2	2800714	1	40229	1	0	40000
Picture	response62	hit	1	11042	2	2851171	1	40229	1	0	40000
Picture	response59	hit	2	4971	2	2901463	1	40230	1	0	40000
Picture	response58	hit	2	6103	2	2951921	1	40229	1	0	40000
Picture	response64	hit	1	6612	2	3002212	1	40229	1	0	40000
Picture	response57	hit	1	8126	2	3052837	1	40229	1	0	40000
Picture	response63	hit	1	6485	2	3103129	1	40229	1	0	40000
Picture	response60	hit	1	6104	2	3153420	1	40230	1	0	40000
Picture	ins6	other				3203878	1	30229	1	0	30000
Picture	response45	hit	2	5260	2	3520714	1	40229	1	0	40000
Picture	response41	hit	2	5362	2	3571172	1	40229	1	0	40000
Picture	response42	hit	2	4940	2	3621464	1	40229	1	0	40000
Picture	response47	hit	1	3912	2	3671921	1	40229	1	0	40000
Picture	response43	hit	1	5400	2	3722213	1	40229	1	0	40000
Picture	response46	hit	1	5283	2	3772671	1	40229	1	0	40000
Picture	response44	hit	2	6975	2	3823129	1	40229	1	0	40000
Picture	response48	hit	2	8033	2	3873420	1	40229	1	0	40000
Picture	ins22	other				3923878	1	30229	1	0	30000
Picture	response172	hit	1	8840	2	4240713	1	40229	1	0	40000
Picture	response171	hit	2	11513	2	4291170	1	40229	1	0	40000
Picture	response170	hit	1	20391	2	4341462	1	40230	1	0	40000
Picture	response173	hit	1	9103	2	4391920	1	40229	1	0	40000
Picture	response174	hit	1	29182	2	4442212	1	40229	1	0	40000
Picture	response169	hit	2	10463	2	4492670	1	40230	1	0	40000
Picture	response175	hit	2	10735	2	4543128	1	40229	1	0	40000
Picture	response175	hit	2	20263	2	4593420	1	40229	1	0	40000
Picture	thanks	other				4643378	1	10229	1	0	10000


{
   "app": "Presentation Version 21.0 Build 06.06.19",
   "device": "LENOVO 20KHCTO1WW",
   "experiment": "{C0C68DB1-10BA-42F2-8F79-3F2AFFEED4E4}",
   "os": "Windows 10 64 bit",
   "package": "",
   "parameters": {
      "configuration": "Default configuration"
   },
   "scenario": "Feature experiment(4).sce",
   "subject": "A_HP_18",
   "timestamp": "2019/10/18 00:28:39 GMT"
}
