Scenario - 
Logfile written - 02/20/2020 10:11:47

Subject	Trial	Event Type	Code	Time	TTime	Uncertainty	Duration	Uncertainty	ReqTime	ReqDur	Stim Type	Pair Index

A_HP_50	1	Response	3	388087	387088	1
A_HP_50	1	Pulse	99	388087	387088	1
A_HP_50	2	Picture	ready	388157	0	1	10162	1	0	10000	other	0
A_HP_50	2	Pulse	99	408086	19929	1
A_HP_50	2	Pulse	99	428086	39929	1
A_HP_50	2	Pulse	99	448086	59929	1
A_HP_50	3	Picture	ins14	448630	89	1	30153	1	0	30000	other	0
A_HP_50	3	Pulse	99	468087	19546	1
A_HP_50	3	Pulse	99	488086	39546	1
A_HP_50	3	Pulse	99	508086	59546	1
A_HP_50	3	Pulse	99	528086	79546	1
A_HP_50	3	Pulse	99	548086	99546	1
A_HP_50	3	Pulse	99	568086	119546	1
A_HP_50	3	Pulse	99	588086	139546	1
A_HP_50	3	Pulse	99	608086	159545	1
A_HP_50	3	Pulse	99	628086	179546	1
A_HP_50	3	Pulse	99	648086	199546	1
A_HP_50	3	Pulse	99	668086	219546	1
A_HP_50	3	Pulse	99	688087	239546	1
A_HP_50	3	Pulse	99	708086	259546	1
A_HP_50	3	Pulse	99	728086	279545	1
A_HP_50	3	Pulse	99	748086	299545	1
A_HP_50	4	Response	3	768086	9430	1
A_HP_50	4	Pulse	99	768086	9430	1
A_HP_50	5	Picture	response109	768485	44	1	40148	1	0	40000	hit	26
A_HP_50	5	Response	1	783205	14764	1
A_HP_50	5	Pulse	99	788086	19646	1
A_HP_50	5	Pulse	99	808086	39645	1
A_HP_50	6	Picture	response106	818962	122	1	40148	1	0	40000	hit	31
A_HP_50	6	Pulse	99	828086	9246	1
A_HP_50	6	Response	2	831135	12294	1
A_HP_50	6	Pulse	99	848087	29247	1
A_HP_50	6	Pulse	99	868086	49246	1
A_HP_50	7	Picture	response108	869273	32	1	40149	1	0	40000	incorrect	35
A_HP_50	7	Response	1	878185	8945	1
A_HP_50	7	Pulse	99	888086	18846	1
A_HP_50	7	Pulse	99	908086	38845	1
A_HP_50	8	Picture	response107	919750	109	1	40149	1	0	40000	hit	40
A_HP_50	8	Pulse	99	928086	8446	1
A_HP_50	8	Response	1	936485	16844	1
A_HP_50	8	Pulse	99	948086	28446	1
A_HP_50	8	Pulse	99	968086	48446	1
A_HP_50	9	Picture	response112	970227	186	1	40149	1	0	40000	hit	44
A_HP_50	9	Response	1	987525	17484	1
A_HP_50	9	Pulse	99	988086	18046	1
A_HP_50	9	Pulse	99	1008086	38046	1
A_HP_50	10	Picture	response105	1020537	97	1	40149	1	0	40000	hit	49
A_HP_50	10	Pulse	99	1028086	7646	1
A_HP_50	10	Response	1	1045175	24735	1
A_HP_50	10	Pulse	99	1048086	27645	1
A_HP_50	10	Pulse	99	1068086	47646	1
A_HP_50	11	Picture	response110	1071015	174	1	40148	1	0	40000	hit	53
A_HP_50	11	Response	2	1085195	14355	1
A_HP_50	11	Pulse	99	1088086	17246	1
A_HP_50	11	Pulse	99	1108087	37246	1
A_HP_50	12	Picture	response111	1121325	85	1	40148	1	0	40000	hit	58
A_HP_50	12	Pulse	99	1128086	6846	1
A_HP_50	12	Response	1	1142665	21424	1
A_HP_50	12	Pulse	99	1148086	26846	1
A_HP_50	12	Pulse	99	1168086	46846	1
A_HP_50	13	Picture	ins24	1171802	162	1	30153	1	0	30000	other	0
A_HP_50	13	Pulse	99	1188086	16446	1
A_HP_50	13	Pulse	99	1208086	36445	1
A_HP_50	13	Pulse	99	1228086	56445	1
A_HP_50	13	Pulse	99	1248086	76445	1
A_HP_50	13	Pulse	99	1268086	96445	1
A_HP_50	13	Pulse	99	1288086	116445	1
A_HP_50	13	Pulse	99	1308086	136445	1
A_HP_50	13	Pulse	99	1328086	156445	1
A_HP_50	13	Pulse	99	1348086	176445	1
A_HP_50	13	Pulse	99	1368086	196445	1
A_HP_50	13	Pulse	99	1388086	216446	1
A_HP_50	13	Pulse	99	1408086	236445	1
A_HP_50	13	Pulse	99	1428087	256446	1
A_HP_50	13	Pulse	99	1448086	276446	1
A_HP_50	13	Pulse	99	1468086	296446	1
A_HP_50	14	Response	3	1488086	6258	1
A_HP_50	14	Pulse	99	1488086	6258	1
A_HP_50	15	Picture	response190	1488492	52	1	40149	1	0	40000	hit	81
A_HP_50	15	Pulse	99	1508086	19646	1
A_HP_50	15	Response	2	1513145	24704	1
A_HP_50	15	Pulse	99	1528087	39646	1
A_HP_50	16	Picture	response185	1538969	129	1	40148	1	0	40000	incorrect	85
A_HP_50	16	Pulse	99	1548087	9247	1
A_HP_50	16	Response	1	1555855	17014	1
A_HP_50	16	Pulse	99	1568086	29245	1
A_HP_50	16	Pulse	99	1588086	49246	1
A_HP_50	17	Picture	response192	1589280	39	1	40148	1	0	40000	hit	90
A_HP_50	17	Pulse	99	1608086	18845	1
A_HP_50	17	Response	1	1611514	22274	1
A_HP_50	17	Pulse	99	1628086	38845	1
A_HP_50	18	Picture	response189	1639757	117	1	40148	1	0	40000	hit	94
A_HP_50	18	Pulse	99	1648086	8445	1
A_HP_50	18	Response	2	1655155	15514	1
A_HP_50	18	Pulse	99	1668086	28446	1
A_HP_50	18	Pulse	99	1688086	48445	1
A_HP_50	19	Picture	response191	1690234	194	1	40148	1	0	40000	incorrect	99
A_HP_50	19	Pulse	99	1708086	18046	1
A_HP_50	19	Response	2	1724175	34135	1
A_HP_50	19	Pulse	99	1728086	38045	1
A_HP_50	20	Picture	response187	1740544	104	1	40149	1	0	40000	hit	103
A_HP_50	20	Pulse	99	1748086	7646	1
A_HP_50	20	Response	2	1762556	22115	1
A_HP_50	20	Pulse	99	1768085	27645	1
A_HP_50	20	Pulse	99	1788086	47646	1
A_HP_50	21	Picture	response186	1791022	181	1	40148	1	0	40000	hit	107
A_HP_50	21	Response	1	1806995	16155	1
A_HP_50	21	Pulse	99	1808086	17245	1
A_HP_50	21	Pulse	99	1828086	37246	1
A_HP_50	22	Picture	response188	1841332	91	1	40149	1	0	40000	hit	112
A_HP_50	22	Pulse	99	1848086	6846	1
A_HP_50	22	Response	1	1856244	15004	1
A_HP_50	22	Pulse	99	1868086	26846	1
A_HP_50	22	Pulse	99	1888086	46846	1
A_HP_50	23	Picture	ins22	1891809	169	1	30153	1	0	30000	other	0
A_HP_50	23	Pulse	99	1908086	16446	1
A_HP_50	23	Pulse	99	1928086	36446	1
A_HP_50	23	Pulse	99	1948086	56446	1
A_HP_50	23	Pulse	99	1968086	76446	1
A_HP_50	23	Pulse	99	1988086	96445	1
A_HP_50	23	Pulse	99	2008086	116446	1
A_HP_50	23	Pulse	99	2028086	136446	1
A_HP_50	23	Pulse	99	2048086	156445	1
A_HP_50	23	Pulse	99	2068087	176446	1
A_HP_50	23	Pulse	99	2088086	196446	1
A_HP_50	23	Pulse	99	2108086	216445	1
A_HP_50	23	Pulse	99	2128086	236445	1
A_HP_50	23	Pulse	99	2148086	256446	1
A_HP_50	23	Pulse	99	2168086	276446	1
A_HP_50	23	Pulse	99	2188086	296446	1
A_HP_50	24	Response	3	2208086	6250	1
A_HP_50	24	Pulse	99	2208086	6250	1
A_HP_50	25	Picture	response175	2208499	59	1	40149	1	0	40000	hit	134
A_HP_50	25	Response	2	2227354	18914	1
A_HP_50	25	Pulse	99	2228086	19646	1
A_HP_50	25	Pulse	99	2248086	39646	1
A_HP_50	26	Picture	response172	2258976	136	1	40148	1	0	40000	hit	139
A_HP_50	26	Pulse	99	2268086	9245	1
A_HP_50	26	Response	1	2273125	14284	1
A_HP_50	26	Pulse	99	2288086	29246	1
A_HP_50	26	Pulse	99	2308086	49246	1
A_HP_50	27	Picture	response175	2309287	46	1	40149	1	0	40000	hit	144
A_HP_50	27	Pulse	99	2328086	18846	1
A_HP_50	27	Response	2	2334085	24844	1
A_HP_50	27	Pulse	99	2348086	38845	1
A_HP_50	28	Picture	response173	2359764	124	1	40148	1	0	40000	hit	148
A_HP_50	28	Pulse	99	2368086	8446	1
A_HP_50	28	Response	1	2371095	11454	1
A_HP_50	28	Pulse	99	2388086	28445	1
A_HP_50	28	Pulse	99	2408086	48445	1
A_HP_50	29	Picture	response174	2410241	201	1	40148	1	0	40000	hit	153
A_HP_50	29	Pulse	99	2428086	18046	1
A_HP_50	29	Response	1	2428405	18365	1
A_HP_50	29	Pulse	99	2448086	38045	1
A_HP_50	30	Picture	response169	2460552	111	1	40148	1	0	40000	hit	157
A_HP_50	30	Pulse	99	2468086	7645	1
A_HP_50	30	Response	2	2479455	19015	1
A_HP_50	30	Pulse	99	2488086	27646	1
A_HP_50	30	Pulse	99	2508086	47646	1
A_HP_50	31	Picture	response171	2511029	189	1	40148	1	0	40000	incorrect	162
A_HP_50	31	Pulse	99	2528087	17246	1
A_HP_50	31	Response	1	2537624	26784	1
A_HP_50	31	Pulse	99	2548086	37246	1
A_HP_50	32	Picture	response170	2561339	99	1	40148	1	0	40000	incorrect	166
A_HP_50	32	Pulse	99	2568086	6846	1
A_HP_50	32	Response	2	2588085	26844	1
A_HP_50	32	Pulse	99	2588086	26846	1
A_HP_50	32	Pulse	99	2608086	46846	1
A_HP_50	33	Picture	ins16	2611816	176	1	30153	1	0	30000	other	0
A_HP_50	33	Pulse	99	2628089	16449	1
A_HP_50	33	Pulse	99	2648086	36446	1
A_HP_50	33	Pulse	99	2668086	56445	1
A_HP_50	33	Pulse	99	2688086	76446	1
A_HP_50	33	Pulse	99	2708086	96446	1
A_HP_50	33	Pulse	99	2728086	116445	1
A_HP_50	33	Pulse	99	2748086	136446	1
A_HP_50	33	Pulse	99	2768086	156446	1
A_HP_50	33	Pulse	99	2788086	176446	1
A_HP_50	33	Pulse	99	2808086	196446	1
A_HP_50	33	Pulse	99	2828086	216446	1
A_HP_50	33	Pulse	99	2848086	236446	1
A_HP_50	33	Pulse	99	2868086	256446	1
A_HP_50	33	Pulse	99	2888086	276446	1
A_HP_50	33	Pulse	99	2908086	296446	1
A_HP_50	34	Response	3	2928086	6410	1
A_HP_50	34	Pulse	99	2928086	6410	1
A_HP_50	35	Picture	response124	2928506	66	1	40148	1	0	40000	hit	188
A_HP_50	35	Response	1	2943705	15264	1
A_HP_50	35	Pulse	99	2948006	19566	1
A_HP_50	35	Pulse	99	2968086	39646	1
A_HP_50	36	Picture	response121	2978983	143	1	40148	1	0	40000	hit	193
A_HP_50	36	Pulse	99	2988086	9246	1
A_HP_50	36	Response	2	2991335	12495	1
A_HP_50	36	Pulse	99	3008006	29165	1
A_HP_50	36	Pulse	99	3028086	49246	1
A_HP_50	37	Picture	response122	3029294	54	1	40148	1	0	40000	hit	197
A_HP_50	37	Response	1	3046626	17385	1
A_HP_50	37	Pulse	99	3048085	18845	1
A_HP_50	37	Pulse	99	3068006	38766	1
A_HP_50	38	Picture	response125	3079771	131	1	40148	1	0	40000	hit	202
A_HP_50	38	Pulse	99	3088086	8446	1
A_HP_50	38	Response	1	3095825	16184	1
A_HP_50	38	Pulse	99	3108086	28446	1
A_HP_50	38	Pulse	99	3128006	48366	1
A_HP_50	39	Picture	response128	3130082	41	1	40149	1	0	40000	hit	206
A_HP_50	39	Response	2	3143424	13384	1
A_HP_50	39	Pulse	99	3148086	18046	1
A_HP_50	39	Pulse	99	3168086	38046	1
A_HP_50	40	Picture	response127	3180559	119	1	40149	1	0	40000	hit	211
A_HP_50	40	Pulse	99	3188086	7646	1
A_HP_50	40	Response	2	3199714	19274	1
A_HP_50	40	Pulse	99	3208086	27646	1
A_HP_50	40	Pulse	99	3228086	47646	1
A_HP_50	41	Picture	response126	3231036	196	1	40148	1	0	40000	hit	216
A_HP_50	41	Pulse	99	3248086	17246	1
A_HP_50	41	Response	2	3249834	18994	1
A_HP_50	41	Pulse	99	3268086	37246	1
A_HP_50	42	Picture	response123	3281346	106	1	40148	1	0	40000	hit	220
A_HP_50	42	Pulse	99	3288086	6846	1
A_HP_50	42	Response	2	3295024	13784	1
A_HP_50	42	Pulse	99	3308086	26846	1
A_HP_50	42	Pulse	99	3328086	46846	1
A_HP_50	43	Picture	ins8	3331824	183	1	30153	1	0	30000	other	0
A_HP_50	43	Pulse	99	3348086	16446	1
A_HP_50	43	Pulse	99	3368086	36446	1
A_HP_50	43	Pulse	99	3388086	56446	1
A_HP_50	43	Pulse	99	3408086	76446	1
A_HP_50	43	Pulse	99	3428086	96446	1
A_HP_50	43	Pulse	99	3448086	116446	1
A_HP_50	43	Pulse	99	3468086	136446	1
A_HP_50	43	Pulse	99	3488086	156446	1
A_HP_50	43	Pulse	99	3508005	176365	1
A_HP_50	43	Pulse	99	3528086	196445	1
A_HP_50	43	Pulse	99	3548086	216446	1
A_HP_50	43	Pulse	99	3568006	236366	1
A_HP_50	43	Pulse	99	3588086	256446	1
A_HP_50	43	Pulse	99	3608086	276446	1
A_HP_50	43	Pulse	99	3628006	296366	1
A_HP_50	44	Response	3	3648086	6403	1
A_HP_50	44	Pulse	99	3648086	6403	1
A_HP_50	45	Picture	response64	3648513	73	1	40148	1	0	40000	hit	242
A_HP_50	45	Response	1	3663535	15095	1
A_HP_50	45	Pulse	99	3668086	19646	1
A_HP_50	45	Pulse	99	3688006	39566	1
A_HP_50	46	Picture	response63	3698991	150	1	40148	1	0	40000	hit	247
A_HP_50	46	Pulse	99	3708087	9247	1
A_HP_50	46	Response	1	3714406	15565	1
A_HP_50	46	Pulse	99	3728086	29246	1
A_HP_50	46	Pulse	99	3748006	49166	1
A_HP_50	47	Picture	response61	3749301	60	1	40149	1	0	40000	hit	251
A_HP_50	47	Response	2	3763124	13884	1
A_HP_50	47	Pulse	99	3768086	18846	1
A_HP_50	47	Pulse	99	3788086	38846	1
A_HP_50	48	Picture	response62	3799778	138	1	40148	1	0	40000	hit	256
A_HP_50	48	Pulse	99	3808006	8366	1
A_HP_50	48	Response	1	3808234	8594	1
A_HP_50	48	Pulse	99	3828086	28446	1
A_HP_50	48	Pulse	99	3848086	48446	1
A_HP_50	49	Picture	response57	3850089	49	1	40148	1	0	40000	hit	260
A_HP_50	49	Response	1	3862745	12705	1
A_HP_50	49	Pulse	99	3868006	17965	1
A_HP_50	49	Pulse	99	3888086	38046	1
A_HP_50	50	Picture	response59	3900566	126	1	40149	1	0	40000	incorrect	265
A_HP_50	50	Pulse	99	3908086	7646	1
A_HP_50	50	Response	1	3920265	19824	1
A_HP_50	50	Pulse	99	3928006	27566	1
A_HP_50	50	Pulse	99	3948086	47646	1
A_HP_50	51	Picture	response60	3950876	36	1	40148	1	0	40000	hit	270
A_HP_50	51	Pulse	99	3968086	17246	1
A_HP_50	51	Response	1	3973545	22704	1
A_HP_50	51	Pulse	99	3988006	37166	1
A_HP_50	52	Picture	response58	4001354	113	1	40148	1	0	40000	hit	274
A_HP_50	52	Pulse	99	4008086	6845	1
A_HP_50	52	Response	2	4013814	12574	1
A_HP_50	52	Pulse	99	4028086	26846	1
A_HP_50	52	Pulse	99	4048006	46766	1
A_HP_50	53	Picture	ins6	4051831	190	1	30153	1	0	30000	other	0
A_HP_50	53	Pulse	99	4068006	16366	1
A_HP_50	53	Pulse	99	4088086	36446	1
A_HP_50	53	Pulse	99	4108006	56366	1
A_HP_50	53	Pulse	99	4128006	76366	1
A_HP_50	53	Pulse	99	4148086	96446	1
A_HP_50	53	Pulse	99	4168006	116366	1
A_HP_50	53	Pulse	99	4188006	136366	1
A_HP_50	53	Pulse	99	4208086	156445	1
A_HP_50	53	Pulse	99	4228006	176366	1
A_HP_50	53	Pulse	99	4248006	196366	1
A_HP_50	53	Pulse	99	4268086	216446	1
A_HP_50	53	Pulse	99	4288006	236366	1
A_HP_50	53	Pulse	99	4308006	256366	1
A_HP_50	53	Pulse	99	4328086	276446	1
A_HP_50	53	Pulse	99	4348006	296366	1
A_HP_50	54	Response	3	4368006	6315	1
A_HP_50	54	Pulse	99	4368006	6315	1
A_HP_50	55	Picture	response41	4368520	180	1	40149	1	0	40000	hit	296
A_HP_50	55	Response	2	4379634	11294	1
A_HP_50	55	Pulse	99	4388086	19746	1
A_HP_50	55	Pulse	99	4408006	39666	1
A_HP_50	56	Picture	response44	4418831	91	1	40149	1	0	40000	hit	301
A_HP_50	56	Pulse	99	4428006	9266	1
A_HP_50	56	Response	2	4436885	18145	1
A_HP_50	56	Pulse	99	4448086	29346	1
A_HP_50	56	Pulse	99	4468006	49266	1
A_HP_50	57	Picture	response46	4469308	168	1	40149	1	0	40000	hit	305
A_HP_50	57	Response	1	4481325	12185	1
A_HP_50	57	Pulse	99	4488006	18865	1
A_HP_50	57	Pulse	99	4508086	38945	1
A_HP_50	58	Picture	response47	4519619	79	1	40148	1	0	40000	hit	310
A_HP_50	58	Pulse	99	4528086	8546	1
A_HP_50	58	Response	1	4530724	11184	1
A_HP_50	58	Pulse	99	4548006	28466	1
A_HP_50	58	Pulse	99	4568086	48546	1
A_HP_50	59	Picture	response45	4570096	156	1	40149	1	0	40000	hit	314
A_HP_50	59	Response	2	4581215	11274	1
A_HP_50	59	Pulse	99	4588086	18146	1
A_HP_50	59	Pulse	99	4608006	38066	1
A_HP_50	60	Picture	response43	4620406	66	1	40148	1	0	40000	hit	319
A_HP_50	60	Pulse	99	4628006	7666	1
A_HP_50	60	Response	1	4631084	10744	1
A_HP_50	60	Pulse	99	4648086	27746	1
A_HP_50	60	Pulse	99	4668006	47665	1
A_HP_50	61	Picture	response48	4670883	143	1	40149	1	0	40000	hit	323
A_HP_50	61	Response	2	4680654	9914	1
A_HP_50	61	Pulse	99	4688006	17266	1
A_HP_50	61	Pulse	99	4708086	37346	1
A_HP_50	62	Picture	response42	4721194	54	1	40149	1	0	40000	hit	328
A_HP_50	62	Pulse	99	4728006	6866	1
A_HP_50	62	Response	2	4733424	12284	1
A_HP_50	62	Pulse	99	4748006	26866	1
A_HP_50	62	Pulse	99	4768086	46946	1
A_HP_50	63	Picture	thanks	4771171	0	1	10162	1	0	10000	other	0
A_HP_50	63	Pulse	99	4788006	16834	1


Event Type	Code	Type	Response	RT	RT Uncertainty	Time	Uncertainty	Duration	Uncertainty	ReqTime	ReqDur

Picture	ready	other				388157	1	10162	1	0	10000
Picture	ins14	other				448630	1	30153	1	0	30000
Picture	response109	hit	1	14720	2	768485	1	40148	1	0	40000
Picture	response106	hit	2	12173	2	818962	1	40148	1	0	40000
Picture	response108	incorrect	1	8913	2	869273	1	40149	1	0	40000
Picture	response107	hit	1	16735	2	919750	1	40149	1	0	40000
Picture	response112	hit	1	17298	2	970227	1	40149	1	0	40000
Picture	response105	hit	1	24638	2	1020537	1	40149	1	0	40000
Picture	response110	hit	2	14181	2	1071015	1	40148	1	0	40000
Picture	response111	hit	1	21339	2	1121325	1	40148	1	0	40000
Picture	ins24	other				1171802	1	30153	1	0	30000
Picture	response190	hit	2	24653	2	1488492	1	40149	1	0	40000
Picture	response185	incorrect	1	16885	2	1538969	1	40148	1	0	40000
Picture	response192	hit	1	22235	2	1589280	1	40148	1	0	40000
Picture	response189	hit	2	15398	2	1639757	1	40148	1	0	40000
Picture	response191	incorrect	2	33941	2	1690234	1	40148	1	0	40000
Picture	response187	hit	2	22012	2	1740544	1	40149	1	0	40000
Picture	response186	hit	1	15973	2	1791022	1	40148	1	0	40000
Picture	response188	hit	1	14913	2	1841332	1	40149	1	0	40000
Picture	ins22	other				1891809	1	30153	1	0	30000
Picture	response175	hit	2	18855	2	2208499	1	40149	1	0	40000
Picture	response172	hit	1	14148	2	2258976	1	40148	1	0	40000
Picture	response175	hit	2	24798	2	2309287	1	40149	1	0	40000
Picture	response173	hit	1	11331	2	2359764	1	40148	1	0	40000
Picture	response174	hit	1	18164	2	2410241	1	40148	1	0	40000
Picture	response169	hit	2	18903	2	2460552	1	40148	1	0	40000
Picture	response171	incorrect	1	26596	2	2511029	1	40148	1	0	40000
Picture	response170	incorrect	2	26745	2	2561339	1	40148	1	0	40000
Picture	ins16	other				2611816	1	30153	1	0	30000
Picture	response124	hit	1	15198	2	2928506	1	40148	1	0	40000
Picture	response121	hit	2	12352	2	2978983	1	40148	1	0	40000
Picture	response122	hit	1	17332	2	3029294	1	40148	1	0	40000
Picture	response125	hit	1	16053	2	3079771	1	40148	1	0	40000
Picture	response128	hit	2	13343	2	3130082	1	40149	1	0	40000
Picture	response127	hit	2	19156	2	3180559	1	40149	1	0	40000
Picture	response126	hit	2	18798	2	3231036	1	40148	1	0	40000
Picture	response123	hit	2	13678	2	3281346	1	40148	1	0	40000
Picture	ins8	other				3331824	1	30153	1	0	30000
Picture	response64	hit	1	15021	2	3648513	1	40148	1	0	40000
Picture	response63	hit	1	15415	2	3698991	1	40148	1	0	40000
Picture	response61	hit	2	13824	2	3749301	1	40149	1	0	40000
Picture	response62	hit	1	8456	2	3799778	1	40148	1	0	40000
Picture	response57	hit	1	12657	2	3850089	1	40148	1	0	40000
Picture	response59	incorrect	1	19699	2	3900566	1	40149	1	0	40000
Picture	response60	hit	1	22668	2	3950876	1	40148	1	0	40000
Picture	response58	hit	2	12461	2	4001354	1	40148	1	0	40000
Picture	ins6	other				4051831	1	30153	1	0	30000
Picture	response41	hit	2	11114	2	4368520	1	40149	1	0	40000
Picture	response44	hit	2	18054	2	4418831	1	40149	1	0	40000
Picture	response46	hit	1	12017	2	4469308	1	40149	1	0	40000
Picture	response47	hit	1	11106	2	4519619	1	40148	1	0	40000
Picture	response45	hit	2	11119	2	4570096	1	40149	1	0	40000
Picture	response43	hit	1	10678	2	4620406	1	40148	1	0	40000
Picture	response48	hit	2	9771	2	4670883	1	40149	1	0	40000
Picture	response42	hit	2	12230	2	4721194	1	40149	1	0	40000
Picture	thanks	other				4771171	1	10162	1	0	10000


{
   "app": "Presentation Version 21.1 Build 09.05.19",
   "device": "LENOVO 20FBCTO1WW",
   "experiment": "{C0C68DB1-10BA-42F2-8F79-3F2AFFEED4E4}",
   "os": "Windows 10 64 bit",
   "package": "",
   "parameters": {
      "configuration": "Default configuration"
   },
   "scenario": "Feature experiment(4).sce",
   "subject": "A_HP_50",
   "timestamp": "2020/02/20 01:03:40 GMT"
}
