Scenario - 
Logfile written - 01/17/2020 11:23:34

Subject	Trial	Event Type	Code	Time	TTime	Uncertainty	Duration	Uncertainty	ReqTime	ReqDur	Stim Type	Pair Index

A_HP_45	1	Response	3	376723	375573	1
A_HP_45	1	Pulse	99	376723	375573	1
A_HP_45	2	Picture	ready	376813	0	1	10162	1	0	10000	other	0
A_HP_45	2	Pulse	99	396723	19909	1
A_HP_45	2	Pulse	99	416723	39910	1
A_HP_45	2	Pulse	99	436723	59910	1
A_HP_45	3	Picture	ins6	437286	141	1	30153	1	0	30000	other	0
A_HP_45	3	Pulse	99	456723	19578	1
A_HP_45	3	Pulse	99	476723	39578	1
A_HP_45	3	Pulse	99	496723	59578	1
A_HP_45	3	Pulse	99	516723	79578	1
A_HP_45	3	Pulse	99	536722	99578	1
A_HP_45	3	Pulse	99	556723	119578	1
A_HP_45	3	Pulse	99	576723	139578	1
A_HP_45	3	Pulse	99	596723	159578	1
A_HP_45	3	Pulse	99	616723	179578	1
A_HP_45	3	Pulse	99	636723	199578	1
A_HP_45	3	Pulse	99	656723	219578	1
A_HP_45	3	Pulse	99	676723	239578	1
A_HP_45	3	Pulse	99	696723	259578	1
A_HP_45	3	Pulse	99	716723	279578	1
A_HP_45	3	Pulse	99	736723	299578	1
A_HP_45	4	Response	3	756723	9411	1
A_HP_45	4	Pulse	99	756723	9411	1
A_HP_45	5	Picture	response42	757141	96	1	40149	1	0	40000	hit	26
A_HP_45	5	Response	2	765612	8567	1
A_HP_45	5	Pulse	99	776723	19678	1
A_HP_45	5	Pulse	99	796723	39678	1
A_HP_45	6	Picture	response44	807619	173	1	40149	1	0	40000	hit	30
A_HP_45	6	Response	2	814402	6957	1
A_HP_45	6	Pulse	99	816722	9277	1
A_HP_45	6	Pulse	99	836724	29279	1
A_HP_45	6	Pulse	99	856723	49278	1
A_HP_45	7	Picture	response46	857929	84	1	40149	1	0	40000	hit	35
A_HP_45	7	Response	1	865842	7997	1
A_HP_45	7	Pulse	99	876723	18878	1
A_HP_45	7	Pulse	99	896724	38879	1
A_HP_45	8	Picture	response47	908406	161	1	40149	1	0	40000	hit	39
A_HP_45	8	Response	1	914972	6727	1
A_HP_45	8	Pulse	99	916723	8477	1
A_HP_45	8	Pulse	99	936723	28478	1
A_HP_45	8	Pulse	99	956723	48478	1
A_HP_45	9	Picture	response45	958717	72	1	40148	1	0	40000	hit	44
A_HP_45	9	Response	2	976112	17467	1
A_HP_45	9	Pulse	99	976723	18078	1
A_HP_45	9	Pulse	99	996723	38078	1
A_HP_45	10	Picture	response43	1009194	149	1	40149	1	0	40000	hit	49
A_HP_45	10	Pulse	99	1016723	7678	1
A_HP_45	10	Response	1	1028442	19397	1
A_HP_45	10	Pulse	99	1036723	27678	1
A_HP_45	10	Pulse	99	1056723	47678	1
A_HP_45	11	Picture	response48	1059505	59	1	40149	1	0	40000	hit	53
A_HP_45	11	Response	2	1072492	13046	1
A_HP_45	11	Pulse	99	1076723	17278	1
A_HP_45	11	Pulse	99	1096723	37278	1
A_HP_45	12	Picture	response41	1109982	137	1	40148	1	0	40000	hit	58
A_HP_45	12	Pulse	99	1116723	6878	1
A_HP_45	12	Response	2	1118522	8677	1
A_HP_45	12	Pulse	99	1136723	26878	1
A_HP_45	12	Pulse	99	1156723	46878	1
A_HP_45	13	Picture	ins14	1160292	47	1	30153	1	0	30000	other	0
A_HP_45	13	Pulse	99	1176723	16478	1
A_HP_45	13	Pulse	99	1196723	36478	1
A_HP_45	13	Pulse	99	1216723	56478	1
A_HP_45	13	Pulse	99	1236723	76478	1
A_HP_45	13	Pulse	99	1256723	96478	1
A_HP_45	13	Pulse	99	1276723	116478	1
A_HP_45	13	Pulse	99	1296724	136478	1
A_HP_45	13	Pulse	99	1316723	156478	1
A_HP_45	13	Pulse	99	1336723	176477	1
A_HP_45	13	Pulse	99	1356724	196478	1
A_HP_45	13	Pulse	99	1376724	216479	1
A_HP_45	13	Pulse	99	1396724	236478	1
A_HP_45	13	Pulse	99	1416722	256477	1
A_HP_45	13	Pulse	99	1436723	276478	1
A_HP_45	13	Pulse	99	1456724	296478	1
A_HP_45	14	Response	3	1476723	6405	1
A_HP_45	14	Pulse	99	1476723	6405	1
A_HP_45	15	Picture	response106	1477149	103	1	40149	1	0	40000	hit	81
A_HP_45	15	Pulse	99	1496723	19678	1
A_HP_45	15	Response	2	1507742	30697	1
A_HP_45	15	Pulse	99	1516644	39598	1
A_HP_45	16	Picture	response107	1527626	181	1	40149	1	0	40000	hit	85
A_HP_45	16	Pulse	99	1536724	9278	1
A_HP_45	16	Response	1	1543432	15986	1
A_HP_45	16	Pulse	99	1556724	29279	1
A_HP_45	16	Pulse	99	1576643	49198	1
A_HP_45	17	Picture	response108	1577937	91	1	40149	1	0	40000	hit	90
A_HP_45	17	Pulse	99	1596724	18879	1
A_HP_45	17	Response	2	1599712	21867	1
A_HP_45	17	Pulse	99	1616723	38878	1
A_HP_45	18	Picture	response112	1628414	168	1	40149	1	0	40000	hit	94
A_HP_45	18	Pulse	99	1636644	8398	1
A_HP_45	18	Response	1	1646082	17837	1
A_HP_45	18	Pulse	99	1656724	28478	1
A_HP_45	18	Pulse	99	1676724	48478	1
A_HP_45	19	Picture	response110	1678724	79	1	40149	1	0	40000	hit	99
A_HP_45	19	Pulse	99	1696644	17998	1
A_HP_45	19	Response	2	1700242	21597	1
A_HP_45	19	Pulse	99	1716723	38078	1
A_HP_45	20	Picture	response109	1729202	156	1	40149	1	0	40000	hit	103
A_HP_45	20	Pulse	99	1736724	7678	1
A_HP_45	20	Response	1	1745163	16117	1
A_HP_45	20	Pulse	99	1756724	27678	1
A_HP_45	20	Pulse	99	1776724	47678	1
A_HP_45	21	Picture	response111	1779512	67	1	40149	1	0	40000	hit	107
A_HP_45	21	Response	1	1795952	16507	1
A_HP_45	21	Pulse	99	1796724	17278	1
A_HP_45	21	Pulse	99	1816724	37278	1
A_HP_45	22	Picture	response105	1829989	144	1	40149	1	0	40000	hit	112
A_HP_45	22	Pulse	99	1836724	6878	1
A_HP_45	22	Response	1	1842843	12997	1
A_HP_45	22	Pulse	99	1856724	26879	1
A_HP_45	22	Pulse	99	1876723	46878	1
A_HP_45	23	Picture	ins16	1880300	54	1	30153	1	0	30000	other	0
A_HP_45	23	Pulse	99	1896724	16478	1
A_HP_45	23	Pulse	99	1916724	36478	1
A_HP_45	23	Pulse	99	1936724	56478	1
A_HP_45	23	Pulse	99	1956724	76478	1
A_HP_45	23	Pulse	99	1976723	96477	1
A_HP_45	23	Pulse	99	1996723	116477	1
A_HP_45	23	Pulse	99	2016724	136478	1
A_HP_45	23	Pulse	99	2036724	156478	1
A_HP_45	23	Pulse	99	2056724	176478	1
A_HP_45	23	Pulse	99	2076644	196398	1
A_HP_45	23	Pulse	99	2096724	216478	1
A_HP_45	23	Pulse	99	2116724	236478	1
A_HP_45	23	Pulse	99	2136644	256398	1
A_HP_45	23	Pulse	99	2156724	276479	1
A_HP_45	23	Pulse	99	2176724	296478	1
A_HP_45	24	Response	3	2196644	6318	1
A_HP_45	24	Pulse	99	2196644	6318	1
A_HP_45	25	Picture	response122	2197157	111	1	40148	1	0	40000	hit	134
A_HP_45	25	Response	1	2215092	18047	1
A_HP_45	25	Pulse	99	2216724	19678	1
A_HP_45	25	Pulse	99	2236724	39678	1
A_HP_45	26	Picture	response121	2247634	188	1	40148	1	0	40000	hit	139
A_HP_45	26	Pulse	99	2256644	9198	1
A_HP_45	26	Response	2	2263653	16207	1
A_HP_45	26	Pulse	99	2276724	29278	1
A_HP_45	26	Pulse	99	2296723	49277	1
A_HP_45	27	Picture	response127	2297944	98	1	40149	1	0	40000	hit	143
A_HP_45	27	Response	2	2310703	12857	1
A_HP_45	27	Pulse	99	2316644	18798	1
A_HP_45	27	Pulse	99	2336724	38878	1
A_HP_45	28	Picture	response128	2348421	176	1	40148	1	0	40000	hit	148
A_HP_45	28	Pulse	99	2356724	8478	1
A_HP_45	28	Response	2	2359072	10827	1
A_HP_45	28	Pulse	99	2376644	28398	1
A_HP_45	28	Pulse	99	2396724	48478	1
A_HP_45	29	Picture	response123	2398732	86	1	40149	1	0	40000	hit	152
A_HP_45	29	Response	2	2407723	9077	1
A_HP_45	29	Pulse	99	2416724	18078	1
A_HP_45	29	Pulse	99	2436645	37999	1
A_HP_45	30	Picture	response126	2449209	163	1	40148	1	0	40000	hit	157
A_HP_45	30	Pulse	99	2456724	7678	1
A_HP_45	30	Response	2	2463773	14727	1
A_HP_45	30	Pulse	99	2476724	27678	1
A_HP_45	30	Pulse	99	2496643	47597	1
A_HP_45	31	Picture	response125	2499520	74	1	40149	1	0	40000	hit	161
A_HP_45	31	Response	1	2511563	12117	1
A_HP_45	31	Pulse	99	2516724	17278	1
A_HP_45	31	Pulse	99	2536724	37278	1
A_HP_45	32	Picture	response124	2549997	151	1	40149	1	0	40000	incorrect	166
A_HP_45	32	Pulse	99	2556644	6798	1
A_HP_45	32	Response	2	2557542	7696	1
A_HP_45	32	Pulse	99	2576725	26879	1
A_HP_45	32	Pulse	99	2596724	46878	1
A_HP_45	33	Picture	ins22	2600307	61	1	30153	1	0	30000	other	0
A_HP_45	33	Pulse	99	2616644	16398	1
A_HP_45	33	Pulse	99	2636644	36398	1
A_HP_45	33	Pulse	99	2656724	56478	1
A_HP_45	33	Pulse	99	2676644	76398	1
A_HP_45	33	Pulse	99	2696644	96398	1
A_HP_45	33	Pulse	99	2716724	116478	1
A_HP_45	33	Pulse	99	2736644	136398	1
A_HP_45	33	Pulse	99	2756644	156398	1
A_HP_45	33	Pulse	99	2776724	176478	1
A_HP_45	33	Pulse	99	2796645	196399	1
A_HP_45	33	Pulse	99	2816644	216398	1
A_HP_45	33	Pulse	99	2836724	236478	1
A_HP_45	33	Pulse	99	2856645	256398	1
A_HP_45	33	Pulse	99	2876644	276398	1
A_HP_45	33	Pulse	99	2896724	296478	1
A_HP_45	34	Response	3	2916644	6310	1
A_HP_45	34	Pulse	99	2916644	6310	1
A_HP_45	35	Picture	response172	2917164	118	1	40148	1	0	40000	hit	188
A_HP_45	35	Response	1	2930033	12987	1
A_HP_45	35	Pulse	99	2936644	19598	1
A_HP_45	35	Pulse	99	2956724	39678	1
A_HP_45	36	Picture	response173	2967641	195	1	40148	1	0	40000	hit	193
A_HP_45	36	Pulse	99	2976724	9278	1
A_HP_45	36	Response	1	2995293	27847	1
A_HP_45	36	Pulse	99	2996644	29198	1
A_HP_45	36	Pulse	99	3016724	49278	1
A_HP_45	37	Picture	response175	3017952	106	1	40148	1	0	40000	hit	198
A_HP_45	37	Pulse	99	3036725	18878	1
A_HP_45	37	Response	2	3037823	19977	1
A_HP_45	37	Pulse	99	3056644	38798	1
A_HP_45	38	Picture	response169	3068429	183	1	40149	1	0	40000	incorrect	203
A_HP_45	38	Pulse	99	3076724	8478	1
A_HP_45	38	Pulse	99	3096724	28478	1
A_HP_45	38	Response	1	3102203	33957	1
A_HP_45	38	Pulse	99	3116644	48398	1
A_HP_45	39	Picture	response170	3118740	93	1	40148	1	0	40000	hit	206
A_HP_45	39	Response	1	3136563	17917	1
A_HP_45	39	Pulse	99	3136724	18077	1
A_HP_45	39	Pulse	99	3156725	38079	1
A_HP_45	40	Picture	response174	3169217	170	1	40148	1	0	40000	hit	211
A_HP_45	40	Pulse	99	3176644	7598	1
A_HP_45	40	Response	1	3191043	21997	1
A_HP_45	40	Pulse	99	3196644	27598	1
A_HP_45	40	Pulse	99	3216724	47678	1
A_HP_45	41	Picture	response171	3219527	81	1	40149	1	0	40000	hit	216
A_HP_45	41	Pulse	99	3236644	17198	1
A_HP_45	41	Response	2	3254203	34757	1
A_HP_45	41	Pulse	99	3256644	37198	1
A_HP_45	42	Picture	response175	3270005	158	1	40148	1	0	40000	hit	220
A_HP_45	42	Pulse	99	3276724	6878	1
A_HP_45	42	Response	2	3292163	22317	1
A_HP_45	42	Pulse	99	3296644	26798	1
A_HP_45	42	Pulse	99	3316645	46798	1
A_HP_45	43	Picture	ins24	3320315	69	1	30153	1	0	30000	other	0
A_HP_45	43	Pulse	99	3336724	16478	1
A_HP_45	43	Pulse	99	3356644	36398	1
A_HP_45	43	Pulse	99	3376644	56398	1
A_HP_45	43	Pulse	99	3396725	76478	1
A_HP_45	43	Pulse	99	3416645	96398	1
A_HP_45	43	Pulse	99	3436645	116398	1
A_HP_45	43	Pulse	99	3456724	136478	1
A_HP_45	43	Pulse	99	3476645	156398	1
A_HP_45	43	Pulse	99	3496645	176398	1
A_HP_45	43	Pulse	99	3516725	196478	1
A_HP_45	43	Pulse	99	3536645	216398	1
A_HP_45	43	Pulse	99	3556645	236398	1
A_HP_45	43	Pulse	99	3576725	256478	1
A_HP_45	43	Pulse	99	3596645	276398	1
A_HP_45	43	Pulse	99	3616645	296398	1
A_HP_45	44	Response	3	3636725	6383	1
A_HP_45	44	Pulse	99	3636725	6383	1
A_HP_45	45	Picture	response190	3637172	125	1	40149	1	0	40000	hit	243
A_HP_45	45	Pulse	99	3656645	19598	1
A_HP_45	45	Response	2	3660413	23367	1
A_HP_45	45	Pulse	99	3676645	39598	1
A_HP_45	46	Picture	response185	3687482	36	1	40149	1	0	40000	incorrect	248
A_HP_45	46	Pulse	99	3696725	9278	1
A_HP_45	46	Pulse	99	3716645	29198	1
A_HP_45	46	Response	1	3724293	36847	1
A_HP_45	46	Pulse	99	3736648	49201	1
A_HP_45	47	Picture	response192	3737960	113	1	40148	1	0	40000	hit	252
A_HP_45	47	Pulse	99	3756645	18798	1
A_HP_45	47	Response	1	3773133	35287	1
A_HP_45	47	Pulse	99	3776644	38798	1
A_HP_45	48	Picture	response191	3788437	190	1	40148	1	0	40000	hit	257
A_HP_45	48	Pulse	99	3796645	8398	1
A_HP_45	48	Pulse	99	3816645	28399	1
A_HP_45	48	Response	1	3819243	30996	1
A_HP_45	48	Pulse	99	3836645	48398	1
A_HP_45	49	Picture	response189	3838747	101	1	40149	1	0	40000	hit	260
A_HP_45	49	Response	2	3851894	13247	1
A_HP_45	49	Pulse	99	3856645	17998	1
A_HP_45	49	Pulse	99	3876645	37998	1
A_HP_45	50	Picture	response187	3889224	178	1	40149	1	0	40000	hit	265
A_HP_45	50	Pulse	99	3896645	7598	1
A_HP_45	50	Response	2	3903974	14927	1
A_HP_45	50	Pulse	99	3916645	27598	1
A_HP_45	50	Pulse	99	3936645	47598	1
A_HP_45	51	Picture	response186	3939535	88	1	40148	1	0	40000	hit	269
A_HP_45	51	Response	1	3950314	10867	1
A_HP_45	51	Pulse	99	3956645	17198	1
A_HP_45	51	Pulse	99	3976645	37198	1
A_HP_45	52	Picture	response188	3990012	165	1	40149	1	0	40000	hit	274
A_HP_45	52	Pulse	99	3996645	6798	1
A_HP_45	52	Response	1	4014884	25037	1
A_HP_45	52	Pulse	99	4016645	26798	1
A_HP_45	52	Pulse	99	4036645	46798	1
A_HP_45	53	Picture	ins8	4040323	76	1	30153	1	0	30000	other	0
A_HP_45	53	Pulse	99	4056645	16398	1
A_HP_45	53	Pulse	99	4076645	36398	1
A_HP_45	53	Pulse	99	4096645	56398	1
A_HP_45	53	Pulse	99	4116645	76398	1
A_HP_45	53	Pulse	99	4136724	96477	1
A_HP_45	53	Pulse	99	4156645	116398	1
A_HP_45	53	Pulse	99	4176645	136398	1
A_HP_45	53	Pulse	99	4196725	156478	1
A_HP_45	53	Pulse	99	4216645	176398	1
A_HP_45	53	Pulse	99	4236645	196398	1
A_HP_45	53	Pulse	99	4256725	216478	1
A_HP_45	53	Pulse	99	4276645	236398	1
A_HP_45	53	Pulse	99	4296645	256398	1
A_HP_45	53	Pulse	99	4316645	276398	1
A_HP_45	53	Pulse	99	4336645	296398	1
A_HP_45	54	Response	3	4356645	6296	1
A_HP_45	54	Pulse	99	4356645	6296	1
A_HP_45	55	Picture	response63	4357179	132	1	40148	1	0	40000	hit	296
A_HP_45	55	Response	1	4372774	15727	1
A_HP_45	55	Pulse	99	4376645	19598	1
A_HP_45	55	Pulse	99	4396645	39598	1
A_HP_45	56	Picture	response60	4407490	43	1	40148	1	0	40000	hit	301
A_HP_45	56	Pulse	99	4416645	9198	1
A_HP_45	56	Response	1	4417143	9696	1
A_HP_45	56	Pulse	99	4436645	29198	1
A_HP_45	56	Pulse	99	4456645	49198	1
A_HP_45	57	Picture	response62	4457967	120	1	40148	1	0	40000	hit	305
A_HP_45	57	Response	1	4466834	8987	1
A_HP_45	57	Pulse	99	4476645	18798	1
A_HP_45	57	Pulse	99	4496645	38798	1
A_HP_45	58	Picture	response58	4508444	197	1	40149	1	0	40000	hit	310
A_HP_45	58	Pulse	99	4516645	8398	1
A_HP_45	58	Response	2	4520984	12737	1
A_HP_45	58	Pulse	99	4536645	28398	1
A_HP_45	58	Pulse	99	4556645	48398	1
A_HP_45	59	Picture	response57	4558755	108	1	40148	1	0	40000	hit	314
A_HP_45	59	Response	1	4571894	13247	1
A_HP_45	59	Pulse	99	4576645	17998	1
A_HP_45	59	Pulse	99	4596645	37998	1
A_HP_45	60	Picture	response61	4609232	185	1	40148	1	0	40000	hit	318
A_HP_45	60	Response	2	4614784	5737	1
A_HP_45	60	Pulse	99	4616645	7598	1
A_HP_45	60	Pulse	99	4636646	27599	1
A_HP_45	60	Pulse	99	4656645	47598	1
A_HP_45	61	Picture	response59	4659543	95	1	40149	1	0	40000	hit	324
A_HP_45	61	Pulse	99	4676645	17198	1
A_HP_45	61	Response	2	4678424	18976	1
A_HP_45	61	Pulse	99	4696645	37198	1
A_HP_45	62	Picture	response64	4710020	172	1	40149	1	0	40000	hit	328
A_HP_45	62	Pulse	99	4716645	6798	1
A_HP_45	62	Response	1	4724734	14887	1
A_HP_45	62	Pulse	99	4736646	26798	1
A_HP_45	62	Pulse	99	4756645	46798	1
A_HP_45	63	Picture	thanks	4759997	0	1	10162	1	0	10000	other	0
A_HP_45	63	Pulse	99	4776645	16648	1


Event Type	Code	Type	Response	RT	RT Uncertainty	Time	Uncertainty	Duration	Uncertainty	ReqTime	ReqDur

Picture	ready	other				376813	1	10162	1	0	10000
Picture	ins6	other				437286	1	30153	1	0	30000
Picture	response42	hit	2	8471	2	757141	1	40149	1	0	40000
Picture	response44	hit	2	6783	2	807619	1	40149	1	0	40000
Picture	response46	hit	1	7913	2	857929	1	40149	1	0	40000
Picture	response47	hit	1	6565	2	908406	1	40149	1	0	40000
Picture	response45	hit	2	17395	2	958717	1	40148	1	0	40000
Picture	response43	hit	1	19248	2	1009194	1	40149	1	0	40000
Picture	response48	hit	2	12987	2	1059505	1	40149	1	0	40000
Picture	response41	hit	2	8540	2	1109982	1	40148	1	0	40000
Picture	ins14	other				1160292	1	30153	1	0	30000
Picture	response106	hit	2	30593	2	1477149	1	40149	1	0	40000
Picture	response107	hit	1	15806	2	1527626	1	40149	1	0	40000
Picture	response108	hit	2	21776	2	1577937	1	40149	1	0	40000
Picture	response112	hit	1	17669	2	1628414	1	40149	1	0	40000
Picture	response110	hit	2	21518	2	1678724	1	40149	1	0	40000
Picture	response109	hit	1	15961	2	1729202	1	40149	1	0	40000
Picture	response111	hit	1	16440	2	1779512	1	40149	1	0	40000
Picture	response105	hit	1	12853	2	1829989	1	40149	1	0	40000
Picture	ins16	other				1880300	1	30153	1	0	30000
Picture	response122	hit	1	17936	2	2197157	1	40148	1	0	40000
Picture	response121	hit	2	16019	2	2247634	1	40148	1	0	40000
Picture	response127	hit	2	12759	2	2297944	1	40149	1	0	40000
Picture	response128	hit	2	10651	2	2348421	1	40148	1	0	40000
Picture	response123	hit	2	8991	2	2398732	1	40149	1	0	40000
Picture	response126	hit	2	14564	2	2449209	1	40148	1	0	40000
Picture	response125	hit	1	12043	2	2499520	1	40149	1	0	40000
Picture	response124	incorrect	2	7545	2	2549997	1	40149	1	0	40000
Picture	ins22	other				2600307	1	30153	1	0	30000
Picture	response172	hit	1	12869	2	2917164	1	40148	1	0	40000
Picture	response173	hit	1	27652	2	2967641	1	40148	1	0	40000
Picture	response175	hit	2	19871	2	3017952	1	40148	1	0	40000
Picture	response169	incorrect	1	33774	2	3068429	1	40149	1	0	40000
Picture	response170	hit	1	17824	2	3118740	1	40148	1	0	40000
Picture	response174	hit	1	21826	2	3169217	1	40148	1	0	40000
Picture	response171	hit	2	34676	2	3219527	1	40149	1	0	40000
Picture	response175	hit	2	22159	2	3270005	1	40148	1	0	40000
Picture	ins24	other				3320315	1	30153	1	0	30000
Picture	response190	hit	2	23241	2	3637172	1	40149	1	0	40000
Picture	response185	incorrect	1	36811	2	3687482	1	40149	1	0	40000
Picture	response192	hit	1	35174	2	3737960	1	40148	1	0	40000
Picture	response191	hit	1	30807	2	3788437	1	40148	1	0	40000
Picture	response189	hit	2	13146	2	3838747	1	40149	1	0	40000
Picture	response187	hit	2	14749	2	3889224	1	40149	1	0	40000
Picture	response186	hit	1	10779	2	3939535	1	40148	1	0	40000
Picture	response188	hit	1	24871	2	3990012	1	40149	1	0	40000
Picture	ins8	other				4040323	1	30153	1	0	30000
Picture	response63	hit	1	15595	2	4357179	1	40148	1	0	40000
Picture	response60	hit	1	9653	2	4407490	1	40148	1	0	40000
Picture	response62	hit	1	8867	2	4457967	1	40148	1	0	40000
Picture	response58	hit	2	12540	2	4508444	1	40149	1	0	40000
Picture	response57	hit	1	13139	2	4558755	1	40148	1	0	40000
Picture	response61	hit	2	5552	2	4609232	1	40148	1	0	40000
Picture	response59	hit	2	18881	2	4659543	1	40149	1	0	40000
Picture	response64	hit	1	14715	2	4710020	1	40149	1	0	40000
Picture	thanks	other				4759997	1	10162	1	0	10000


{
   "app": "Presentation Version 21.1 Build 09.05.19",
   "device": "LENOVO 20FBCTO1WW",
   "experiment": "{C0C68DB1-10BA-42F2-8F79-3F2AFFEED4E4}",
   "os": "Windows 10 64 bit",
   "package": "",
   "parameters": {
      "configuration": "Default configuration"
   },
   "scenario": "Feature experiment(4).sce",
   "subject": "A_HP_45",
   "timestamp": "2020/01/17 02:15:28 GMT"
}
