Scenario - 
Logfile written - 11/21/2019 14:14:50

Subject	Trial	Event Type	Code	Time	TTime	Uncertainty	Duration	Uncertainty	ReqTime	ReqDur	Stim Type	Pair Index

A_HP_33	1	Response	3	426649	425484	1
A_HP_33	1	Pulse	99	426649	425484	1
A_HP_33	2	Picture	ready	426880	0	1	10229	1	0	10000	other	0
A_HP_33	2	Pulse	99	446729	19848	1
A_HP_33	2	Pulse	99	466728	39848	1
A_HP_33	2	Pulse	99	486729	59849	1
A_HP_33	3	Picture	ins8	487454	233	1	30229	1	0	30000	other	0
A_HP_33	3	Pulse	99	506649	19428	1
A_HP_33	3	Pulse	99	526742	39521	1
A_HP_33	3	Pulse	99	546729	59507	1
A_HP_33	3	Pulse	99	566649	79428	1
A_HP_33	3	Pulse	99	586729	99507	1
A_HP_33	3	Pulse	99	606729	119508	1
A_HP_33	3	Pulse	99	626649	139428	1
A_HP_33	3	Pulse	99	646729	159508	1
A_HP_33	3	Pulse	99	666729	179508	1
A_HP_33	3	Pulse	99	686649	199428	1
A_HP_33	3	Pulse	99	706729	219508	1
A_HP_33	3	Pulse	99	726729	239508	1
A_HP_33	3	Pulse	99	746649	259428	1
A_HP_33	3	Pulse	99	766649	279428	1
A_HP_33	3	Pulse	99	786729	299508	1
A_HP_33	4	Response	3	806729	9277	1
A_HP_33	4	Pulse	99	806729	9277	1
A_HP_33	5	Picture	response64	807351	230	1	40229	1	0	40000	hit	26
A_HP_33	5	Response	1	818898	11777	1
A_HP_33	5	Pulse	99	826649	19528	1
A_HP_33	5	Pulse	99	846729	39608	1
A_HP_33	6	Picture	response57	857809	289	1	40229	1	0	40000	hit	31
A_HP_33	6	Pulse	99	866729	9208	1
A_HP_33	6	Response	1	869467	11946	1
A_HP_33	6	Pulse	99	886649	29128	1
A_HP_33	6	Pulse	99	906729	49208	1
A_HP_33	7	Picture	response58	908101	180	1	40229	1	0	40000	hit	35
A_HP_33	7	Response	2	913887	5966	1
A_HP_33	7	Pulse	99	926728	18807	1
A_HP_33	7	Pulse	99	946649	38728	1
A_HP_33	8	Picture	response60	958559	239	1	40229	1	0	40000	hit	40
A_HP_33	8	Pulse	99	966729	8408	1
A_HP_33	8	Response	1	968497	10176	1
A_HP_33	8	Pulse	99	986729	28408	1
A_HP_33	8	Pulse	99	1006649	48328	1
A_HP_33	9	Picture	response63	1008851	130	1	40229	1	0	40000	hit	44
A_HP_33	9	Response	1	1016168	7447	1
A_HP_33	9	Pulse	99	1026649	17928	1
A_HP_33	9	Pulse	99	1046729	38008	1
A_HP_33	10	Picture	response59	1059309	189	1	40229	1	0	40000	hit	49
A_HP_33	10	Pulse	99	1066729	7608	1
A_HP_33	10	Response	2	1067607	8486	1
A_HP_33	10	Pulse	99	1086649	27528	1
A_HP_33	10	Pulse	99	1106729	47608	1
A_HP_33	11	Picture	response61	1109768	247	1	40229	1	0	40000	hit	53
A_HP_33	11	Response	2	1116537	7016	1
A_HP_33	11	Pulse	99	1126729	17207	1
A_HP_33	11	Pulse	99	1146649	37128	1
A_HP_33	12	Picture	response62	1160060	139	1	40229	1	0	40000	hit	58
A_HP_33	12	Pulse	99	1166729	6808	1
A_HP_33	12	Response	1	1168977	9056	1
A_HP_33	12	Pulse	99	1186729	26808	1
A_HP_33	12	Pulse	99	1206649	46728	1
A_HP_33	13	Picture	ins16	1210519	197	1	30229	1	0	30000	other	0
A_HP_33	13	Pulse	99	1226729	16408	1
A_HP_33	13	Pulse	99	1246728	36407	1
A_HP_33	13	Pulse	99	1266649	56328	1
A_HP_33	13	Pulse	99	1286649	76328	1
A_HP_33	13	Pulse	99	1306729	96408	1
A_HP_33	13	Pulse	99	1326648	116327	1
A_HP_33	13	Pulse	99	1346649	136328	1
A_HP_33	13	Pulse	99	1366729	156408	1
A_HP_33	13	Pulse	99	1386729	176408	1
A_HP_33	13	Pulse	99	1406649	196327	1
A_HP_33	13	Pulse	99	1426729	216407	1
A_HP_33	13	Pulse	99	1446728	236407	1
A_HP_33	13	Pulse	99	1466648	256327	1
A_HP_33	13	Pulse	99	1486729	276408	1
A_HP_33	13	Pulse	99	1506729	296408	1
A_HP_33	14	Response	3	1526648	6097	1
A_HP_33	14	Pulse	99	1526648	6097	1
A_HP_33	15	Picture	response123	1527250	230	1	40229	1	0	40000	hit	80
A_HP_33	15	Response	2	1535047	8027	1
A_HP_33	15	Pulse	99	1546649	19628	1
A_HP_33	15	Pulse	99	1566729	39708	1
A_HP_33	16	Picture	response124	1577542	122	1	40229	1	0	40000	hit	85
A_HP_33	16	Pulse	99	1586649	9228	1
A_HP_33	16	Response	1	1591657	14237	1
A_HP_33	16	Pulse	99	1606649	29228	1
A_HP_33	16	Pulse	99	1626729	49308	1
A_HP_33	17	Picture	response127	1628167	346	1	40229	1	0	40000	hit	89
A_HP_33	17	Response	2	1637107	9287	1
A_HP_33	17	Pulse	99	1646648	18828	1
A_HP_33	17	Pulse	99	1666648	38828	1
A_HP_33	18	Picture	response125	1678459	238	1	40229	1	0	40000	hit	94
A_HP_33	18	Pulse	99	1686729	8508	1
A_HP_33	18	Response	1	1689937	11717	1
A_HP_33	18	Pulse	99	1706729	28508	1
A_HP_33	18	Pulse	99	1726649	48428	1
A_HP_33	19	Picture	response126	1728750	130	1	40229	1	0	40000	hit	98
A_HP_33	19	Response	2	1736497	7877	1
A_HP_33	19	Pulse	99	1746728	18108	1
A_HP_33	19	Pulse	99	1766728	38108	1
A_HP_33	20	Picture	response121	1779209	188	1	40229	1	0	40000	hit	103
A_HP_33	20	Pulse	99	1786649	7628	1
A_HP_33	20	Response	2	1793877	14857	1
A_HP_33	20	Pulse	99	1806649	27628	1
A_HP_33	20	Pulse	99	1826729	47708	1
A_HP_33	21	Picture	response128	1829667	247	1	40229	1	0	40000	hit	108
A_HP_33	21	Pulse	99	1846648	17228	1
A_HP_33	21	Response	2	1858417	28997	1
A_HP_33	21	Pulse	99	1866648	37228	1
A_HP_33	22	Picture	response122	1880126	306	1	40229	1	0	40000	hit	112
A_HP_33	22	Pulse	99	1886728	6908	1
A_HP_33	22	Response	1	1892357	12537	1
A_HP_33	22	Pulse	99	1906649	26828	1
A_HP_33	22	Pulse	99	1926648	46828	1
A_HP_33	23	Picture	ins24	1930418	198	1	30229	1	0	30000	other	0
A_HP_33	23	Pulse	99	1946729	16509	1
A_HP_33	23	Pulse	99	1966729	36509	1
A_HP_33	23	Pulse	99	1986649	56429	1
A_HP_33	23	Pulse	99	2006728	76508	1
A_HP_33	23	Pulse	99	2026729	96509	1
A_HP_33	23	Pulse	99	2046648	116428	1
A_HP_33	23	Pulse	99	2066648	136428	1
A_HP_33	23	Pulse	99	2086728	156508	1
A_HP_33	23	Pulse	99	2106648	176428	1
A_HP_33	23	Pulse	99	2126648	196428	1
A_HP_33	23	Pulse	99	2146728	216508	1
A_HP_33	23	Pulse	99	2166648	236428	1
A_HP_33	23	Pulse	99	2186648	256428	1
A_HP_33	23	Pulse	99	2206728	276508	1
A_HP_33	23	Pulse	99	2226648	296428	1
A_HP_33	24	Response	3	2246648	6198	1
A_HP_33	24	Pulse	99	2246648	6198	1
A_HP_33	25	Picture	response186	2247250	230	1	40229	1	0	40000	hit	134
A_HP_33	25	Response	1	2260797	13776	1
A_HP_33	25	Pulse	99	2266728	19707	1
A_HP_33	25	Pulse	99	2286728	39707	1
A_HP_33	26	Picture	response191	2297542	122	1	40229	1	0	40000	hit	139
A_HP_33	26	Pulse	99	2306648	9228	1
A_HP_33	26	Response	1	2316017	18597	1
A_HP_33	26	Pulse	99	2326648	29228	1
A_HP_33	26	Pulse	99	2346728	49308	1
A_HP_33	27	Picture	response189	2348167	346	1	40229	1	0	40000	hit	143
A_HP_33	27	Response	2	2364367	16547	1
A_HP_33	27	Pulse	99	2366648	18828	1
A_HP_33	27	Pulse	99	2386648	38828	1
A_HP_33	28	Picture	response185	2398458	238	1	40229	1	0	40000	hit	148
A_HP_33	28	Pulse	99	2406728	8508	1
A_HP_33	28	Response	2	2408316	10097	1
A_HP_33	28	Pulse	99	2426648	28428	1
A_HP_33	28	Pulse	99	2446648	48428	1
A_HP_33	29	Picture	response190	2448750	130	1	40229	1	0	40000	hit	152
A_HP_33	29	Response	2	2460777	12157	1
A_HP_33	29	Pulse	99	2466728	18108	1
A_HP_33	29	Pulse	99	2486648	38029	1
A_HP_33	30	Picture	response192	2499208	189	1	40229	1	0	40000	hit	157
A_HP_33	30	Pulse	99	2506648	7628	1
A_HP_33	30	Response	1	2514237	15217	1
A_HP_33	30	Pulse	99	2526648	27628	1
A_HP_33	30	Pulse	99	2546728	47708	1
A_HP_33	31	Picture	response187	2549667	247	1	40229	1	0	40000	hit	161
A_HP_33	31	Response	2	2561967	12547	1
A_HP_33	31	Pulse	99	2566648	17228	1
A_HP_33	31	Pulse	99	2586648	37228	1
A_HP_33	32	Picture	response188	2600125	306	1	40229	1	0	40000	hit	166
A_HP_33	32	Pulse	99	2606728	6908	1
A_HP_33	32	Response	1	2609236	9416	1
A_HP_33	32	Pulse	99	2626648	26828	1
A_HP_33	32	Pulse	99	2646648	46828	1
A_HP_33	33	Picture	ins6	2650417	198	1	30229	1	0	30000	other	0
A_HP_33	33	Pulse	99	2666728	16508	1
A_HP_33	33	Pulse	99	2686648	36428	1
A_HP_33	33	Pulse	99	2706648	56428	1
A_HP_33	33	Pulse	99	2726728	76508	1
A_HP_33	33	Pulse	99	2746648	96428	1
A_HP_33	33	Pulse	99	2766648	116429	1
A_HP_33	33	Pulse	99	2786648	136428	1
A_HP_33	33	Pulse	99	2806648	156429	1
A_HP_33	33	Pulse	99	2826648	176429	1
A_HP_33	33	Pulse	99	2846648	196428	1
A_HP_33	33	Pulse	99	2866728	216508	1
A_HP_33	33	Pulse	99	2886648	236428	1
A_HP_33	33	Pulse	99	2906648	256428	1
A_HP_33	33	Pulse	99	2926728	276509	1
A_HP_33	33	Pulse	99	2946648	296429	1
A_HP_33	34	Response	3	2966648	6198	1
A_HP_33	34	Pulse	99	2966648	6198	1
A_HP_33	35	Picture	response44	2967250	230	1	40230	1	0	40000	hit	188
A_HP_33	35	Response	2	2972897	5877	1
A_HP_33	35	Pulse	99	2986728	19708	1
A_HP_33	35	Pulse	99	3006648	39628	1
A_HP_33	36	Picture	response43	3017541	122	1	40229	1	0	40000	hit	192
A_HP_33	36	Response	1	3021977	4557	1
A_HP_33	36	Pulse	99	3026647	9228	1
A_HP_33	36	Pulse	99	3046648	29228	1
A_HP_33	36	Pulse	99	3066648	49228	1
A_HP_33	37	Picture	response45	3068166	347	1	40229	1	0	40000	hit	197
A_HP_33	37	Response	2	3074917	7097	1
A_HP_33	37	Pulse	99	3086648	18828	1
A_HP_33	37	Pulse	99	3106648	38828	1
A_HP_33	38	Picture	response41	3118458	239	1	40229	1	0	40000	hit	201
A_HP_33	38	Response	2	3124977	6757	1
A_HP_33	38	Pulse	99	3126647	8428	1
A_HP_33	38	Pulse	99	3146648	28428	1
A_HP_33	38	Pulse	99	3166648	48428	1
A_HP_33	39	Picture	response42	3168750	130	1	40230	1	0	40000	hit	206
A_HP_33	39	Response	2	3174036	5416	1
A_HP_33	39	Pulse	99	3186727	18107	1
A_HP_33	39	Pulse	99	3206647	38027	1
A_HP_33	40	Picture	response46	3219209	190	1	40229	1	0	40000	hit	211
A_HP_33	40	Pulse	99	3226647	7628	1
A_HP_33	40	Response	1	3227465	8446	1
A_HP_33	40	Pulse	99	3246727	27708	1
A_HP_33	40	Pulse	99	3266647	47628	1
A_HP_33	41	Picture	response48	3269668	249	1	40229	1	0	40000	hit	215
A_HP_33	41	Response	2	3276076	6657	1
A_HP_33	41	Pulse	99	3286647	17228	1
A_HP_33	41	Pulse	99	3306647	37228	1
A_HP_33	42	Picture	response47	3320127	307	1	40229	1	0	40000	hit	219
A_HP_33	42	Response	1	3326096	6277	1
A_HP_33	42	Pulse	99	3326647	6828	1
A_HP_33	42	Pulse	99	3346647	26828	1
A_HP_33	42	Pulse	99	3366647	46828	1
A_HP_33	43	Picture	ins22	3370418	199	1	30229	1	0	30000	other	0
A_HP_33	43	Pulse	99	3386647	16428	1
A_HP_33	43	Pulse	99	3406647	36428	1
A_HP_33	43	Pulse	99	3426647	56428	1
A_HP_33	43	Pulse	99	3446728	76509	1
A_HP_33	43	Pulse	99	3466647	96428	1
A_HP_33	43	Pulse	99	3486647	116428	1
A_HP_33	43	Pulse	99	3506727	136508	1
A_HP_33	43	Pulse	99	3526647	156428	1
A_HP_33	43	Pulse	99	3546647	176428	1
A_HP_33	43	Pulse	99	3566647	196428	1
A_HP_33	43	Pulse	99	3586647	216428	1
A_HP_33	43	Pulse	99	3606648	236429	1
A_HP_33	43	Pulse	99	3626648	256429	1
A_HP_33	43	Pulse	99	3646647	276428	1
A_HP_33	43	Pulse	99	3666647	296428	1
A_HP_33	44	Response	3	3686647	6198	1
A_HP_33	44	Pulse	99	3686647	6198	1
A_HP_33	45	Picture	response172	3687249	230	1	40229	1	0	40000	hit	242
A_HP_33	45	Response	1	3706496	19477	1
A_HP_33	45	Pulse	99	3706646	19627	1
A_HP_33	45	Pulse	99	3726647	39628	1
A_HP_33	46	Picture	response175	3737541	122	1	40229	1	0	40000	incorrect	247
A_HP_33	46	Pulse	99	3746647	9228	1
A_HP_33	46	Response	1	3749886	12467	1
A_HP_33	46	Pulse	99	3766727	29308	1
A_HP_33	46	Pulse	99	3786648	49229	1
A_HP_33	47	Picture	response171	3788166	347	1	40229	1	0	40000	hit	251
A_HP_33	47	Response	2	3799496	11677	1
A_HP_33	47	Pulse	99	3806647	18828	1
A_HP_33	47	Pulse	99	3826648	38828	1
A_HP_33	48	Picture	response170	3838458	239	1	40229	1	0	40000	hit	257
A_HP_33	48	Pulse	99	3846648	8428	1
A_HP_33	48	Pulse	99	3866648	28428	1
A_HP_33	48	Response	1	3867726	29507	1
A_HP_33	48	Pulse	99	3886648	48428	1
A_HP_33	49	Picture	response169	3888750	130	1	40229	1	0	40000	hit	260
A_HP_33	49	Response	2	3902206	13587	1
A_HP_33	49	Pulse	99	3906647	18028	1
A_HP_33	49	Pulse	99	3926648	38028	1
A_HP_33	50	Picture	response174	3939208	188	1	40230	1	0	40000	hit	265
A_HP_33	50	Pulse	99	3946648	7628	1
A_HP_33	50	Response	1	3955376	16356	1
A_HP_33	50	Pulse	99	3966648	27628	1
A_HP_33	50	Pulse	99	3986647	47627	1
A_HP_33	51	Picture	response173	3989667	247	1	40229	1	0	40000	hit	269
A_HP_33	51	Response	1	4000256	10837	1
A_HP_33	51	Pulse	99	4006647	17228	1
A_HP_33	51	Pulse	99	4026727	37308	1
A_HP_33	52	Picture	response175	4040125	306	1	40229	1	0	40000	hit	274
A_HP_33	52	Pulse	99	4046647	6828	1
A_HP_33	52	Response	2	4055916	16097	1
A_HP_33	52	Pulse	99	4066647	26828	1
A_HP_33	52	Pulse	99	4086647	46828	1
A_HP_33	53	Picture	ins14	4090417	198	1	30229	1	0	30000	other	0
A_HP_33	53	Pulse	99	4106647	16428	1
A_HP_33	53	Pulse	99	4126648	36429	1
A_HP_33	53	Pulse	99	4146647	56428	1
A_HP_33	53	Pulse	99	4166647	76428	1
A_HP_33	53	Pulse	99	4186647	96428	1
A_HP_33	53	Pulse	99	4206647	116428	1
A_HP_33	53	Pulse	99	4226647	136428	1
A_HP_33	53	Pulse	99	4246647	156428	1
A_HP_33	53	Pulse	99	4266647	176428	1
A_HP_33	53	Pulse	99	4286647	196428	1
A_HP_33	53	Pulse	99	4306647	216428	1
A_HP_33	53	Pulse	99	4326647	236428	1
A_HP_33	53	Pulse	99	4346647	256428	1
A_HP_33	53	Pulse	99	4366647	276428	1
A_HP_33	53	Pulse	99	4386647	296428	1
A_HP_33	54	Response	3	4406647	6197	1
A_HP_33	54	Pulse	99	4406647	6197	1
A_HP_33	55	Picture	response111	4407250	231	1	40229	1	0	40000	hit	297
A_HP_33	55	Pulse	99	4426647	19628	1
A_HP_33	55	Response	1	4427745	20726	1
A_HP_33	55	Pulse	99	4446647	39628	1
A_HP_33	56	Picture	response112	4457542	123	1	40229	1	0	40000	hit	301
A_HP_33	56	Pulse	99	4466647	9228	1
A_HP_33	56	Response	1	4468176	10756	1
A_HP_33	56	Pulse	99	4486647	29228	1
A_HP_33	56	Pulse	99	4506647	49228	1
A_HP_33	57	Picture	response106	4508167	348	1	40229	1	0	40000	hit	305
A_HP_33	57	Response	2	4518626	10807	1
A_HP_33	57	Pulse	99	4526647	18828	1
A_HP_33	57	Pulse	99	4546647	38828	1
A_HP_33	58	Picture	response107	4558459	240	1	40229	1	0	40000	hit	310
A_HP_33	58	Pulse	99	4566647	8428	1
A_HP_33	58	Response	1	4569485	11266	1
A_HP_33	58	Pulse	99	4586647	28428	1
A_HP_33	58	Pulse	99	4606647	48428	1
A_HP_33	59	Picture	response109	4608751	132	1	40229	1	0	40000	hit	314
A_HP_33	59	Response	1	4618986	10367	1
A_HP_33	59	Pulse	99	4626647	18028	1
A_HP_33	59	Pulse	99	4646647	38028	1
A_HP_33	60	Picture	response108	4659209	190	1	40229	1	0	40000	hit	319
A_HP_33	60	Pulse	99	4666647	7628	1
A_HP_33	60	Response	2	4669345	10326	1
A_HP_33	60	Pulse	99	4686647	27627	1
A_HP_33	60	Pulse	99	4706647	47628	1
A_HP_33	61	Picture	response105	4709668	249	1	40229	1	0	40000	hit	323
A_HP_33	61	Response	1	4719876	10457	1
A_HP_33	61	Pulse	99	4726647	17228	1
A_HP_33	61	Pulse	99	4746647	37228	1
A_HP_33	62	Picture	response110	4760127	308	1	40230	1	0	40000	hit	328
A_HP_33	62	Pulse	99	4766647	6829	1
A_HP_33	62	Response	2	4768725	8907	1
A_HP_33	62	Pulse	99	4786647	26828	1
A_HP_33	62	Pulse	99	4806647	46828	1
A_HP_33	63	Picture	thanks	4810086	0	1	10230	1	0	10000	other	0
A_HP_33	63	Pulse	99	4826647	16561	1


Event Type	Code	Type	Response	RT	RT Uncertainty	Time	Uncertainty	Duration	Uncertainty	ReqTime	ReqDur

Picture	ready	other				426880	1	10229	1	0	10000
Picture	ins8	other				487454	1	30229	1	0	30000
Picture	response64	hit	1	11547	2	807351	1	40229	1	0	40000
Picture	response57	hit	1	11658	2	857809	1	40229	1	0	40000
Picture	response58	hit	2	5786	2	908101	1	40229	1	0	40000
Picture	response60	hit	1	9938	2	958559	1	40229	1	0	40000
Picture	response63	hit	1	7317	2	1008851	1	40229	1	0	40000
Picture	response59	hit	2	8298	2	1059309	1	40229	1	0	40000
Picture	response61	hit	2	6769	2	1109768	1	40229	1	0	40000
Picture	response62	hit	1	8917	2	1160060	1	40229	1	0	40000
Picture	ins16	other				1210519	1	30229	1	0	30000
Picture	response123	hit	2	7797	2	1527250	1	40229	1	0	40000
Picture	response124	hit	1	14115	2	1577542	1	40229	1	0	40000
Picture	response127	hit	2	8940	2	1628167	1	40229	1	0	40000
Picture	response125	hit	1	11479	2	1678459	1	40229	1	0	40000
Picture	response126	hit	2	7747	2	1728750	1	40229	1	0	40000
Picture	response121	hit	2	14668	2	1779209	1	40229	1	0	40000
Picture	response128	hit	2	28750	2	1829667	1	40229	1	0	40000
Picture	response122	hit	1	12231	2	1880126	1	40229	1	0	40000
Picture	ins24	other				1930418	1	30229	1	0	30000
Picture	response186	hit	1	13546	2	2247250	1	40229	1	0	40000
Picture	response191	hit	1	18475	2	2297542	1	40229	1	0	40000
Picture	response189	hit	2	16200	2	2348167	1	40229	1	0	40000
Picture	response185	hit	2	9858	2	2398458	1	40229	1	0	40000
Picture	response190	hit	2	12027	2	2448750	1	40229	1	0	40000
Picture	response192	hit	1	15029	2	2499208	1	40229	1	0	40000
Picture	response187	hit	2	12300	2	2549667	1	40229	1	0	40000
Picture	response188	hit	1	9111	2	2600125	1	40229	1	0	40000
Picture	ins6	other				2650417	1	30229	1	0	30000
Picture	response44	hit	2	5647	2	2967250	1	40230	1	0	40000
Picture	response43	hit	1	4435	2	3017541	1	40229	1	0	40000
Picture	response45	hit	2	6750	2	3068166	1	40229	1	0	40000
Picture	response41	hit	2	6518	2	3118458	1	40229	1	0	40000
Picture	response42	hit	2	5286	2	3168750	1	40230	1	0	40000
Picture	response46	hit	1	8256	2	3219209	1	40229	1	0	40000
Picture	response48	hit	2	6408	2	3269668	1	40229	1	0	40000
Picture	response47	hit	1	5970	2	3320127	1	40229	1	0	40000
Picture	ins22	other				3370418	1	30229	1	0	30000
Picture	response172	hit	1	19247	2	3687249	1	40229	1	0	40000
Picture	response175	incorrect	1	12345	2	3737541	1	40229	1	0	40000
Picture	response171	hit	2	11330	2	3788166	1	40229	1	0	40000
Picture	response170	hit	1	29268	2	3838458	1	40229	1	0	40000
Picture	response169	hit	2	13457	2	3888750	1	40229	1	0	40000
Picture	response174	hit	1	16168	2	3939208	1	40230	1	0	40000
Picture	response173	hit	1	10590	2	3989667	1	40229	1	0	40000
Picture	response175	hit	2	15791	2	4040125	1	40229	1	0	40000
Picture	ins14	other				4090417	1	30229	1	0	30000
Picture	response111	hit	1	20496	2	4407250	1	40229	1	0	40000
Picture	response112	hit	1	10634	2	4457542	1	40229	1	0	40000
Picture	response106	hit	2	10459	2	4508167	1	40229	1	0	40000
Picture	response107	hit	1	11026	2	4558459	1	40229	1	0	40000
Picture	response109	hit	1	10235	2	4608751	1	40229	1	0	40000
Picture	response108	hit	2	10136	2	4659209	1	40229	1	0	40000
Picture	response105	hit	1	10208	2	4709668	1	40229	1	0	40000
Picture	response110	hit	2	8598	2	4760127	1	40230	1	0	40000
Picture	thanks	other				4810086	1	10230	1	0	10000


{
   "app": "Presentation Version 21.0 Build 06.06.19",
   "device": "LENOVO 20KHCTO1WW",
   "experiment": "{C0C68DB1-10BA-42F2-8F79-3F2AFFEED4E4}",
   "os": "Windows 10 64 bit",
   "package": "",
   "parameters": {
      "configuration": "Default configuration"
   },
   "scenario": "Feature experiment(4).sce",
   "subject": "A_HP_33",
   "timestamp": "2019/11/21 05:06:39 GMT"
}
