Scenario - 
Logfile written - 10/17/2019 11:25:28

Subject	Trial	Event Type	Code	Time	TTime	Uncertainty	Duration	Uncertainty	ReqTime	ReqDur	Stim Type	Pair Index

A_HP_19	1	Response	3	308025	307026	1
A_HP_19	1	Pulse	99	308025	307026	1
A_HP_19	2	Picture	ready	308257	0	1	10229	1	0	10000	other	0
A_HP_19	2	Pulse	99	328025	19768	1
A_HP_19	2	Pulse	99	348025	39768	1
A_HP_19	2	Pulse	99	368026	59768	1
A_HP_19	3	Picture	ins16	368901	233	1	30229	1	0	30000	other	0
A_HP_19	3	Pulse	99	388025	19357	1
A_HP_19	3	Pulse	99	408025	39357	1
A_HP_19	3	Pulse	99	428025	59357	1
A_HP_19	3	Pulse	99	448025	79357	1
A_HP_19	3	Pulse	99	468025	99357	1
A_HP_19	3	Pulse	99	488025	119358	1
A_HP_19	3	Pulse	99	508025	139357	1
A_HP_19	3	Pulse	99	528025	159357	1
A_HP_19	3	Pulse	99	548025	179357	1
A_HP_19	3	Pulse	99	568026	199358	1
A_HP_19	3	Pulse	99	588025	219358	1
A_HP_19	3	Pulse	99	608025	239357	1
A_HP_19	3	Pulse	99	628025	259358	1
A_HP_19	3	Pulse	99	648025	279357	1
A_HP_19	3	Pulse	99	668025	299357	1
A_HP_19	4	Response	3	688025	9127	1
A_HP_19	4	Pulse	99	688025	9127	1
A_HP_19	5	Picture	response128	688597	230	1	40229	1	0	40000	hit	26
A_HP_19	5	Response	2	696234	7866	1
A_HP_19	5	Pulse	99	708025	19657	1
A_HP_19	5	Pulse	99	728025	39657	1
A_HP_19	6	Picture	response121	739056	288	1	40229	1	0	40000	incorrect	31
A_HP_19	6	Pulse	99	748025	9258	1
A_HP_19	6	Response	1	748074	9306	1
A_HP_19	6	Pulse	99	768026	29258	1
A_HP_19	6	Pulse	99	788025	49258	1
A_HP_19	7	Picture	response123	789347	179	1	40229	1	0	40000	hit	35
A_HP_19	7	Response	2	797054	7886	1
A_HP_19	7	Pulse	99	808026	18858	1
A_HP_19	7	Pulse	99	828025	38857	1
A_HP_19	8	Picture	response127	839639	71	1	40230	1	0	40000	hit	39
A_HP_19	8	Response	2	845234	5666	1
A_HP_19	8	Pulse	99	848025	8457	1
A_HP_19	8	Pulse	99	868025	28458	1
A_HP_19	8	Pulse	99	888025	48458	1
A_HP_19	9	Picture	response122	890263	296	1	40229	1	0	40000	hit	44
A_HP_19	9	Response	1	901234	11266	1
A_HP_19	9	Pulse	99	908025	18057	1
A_HP_19	9	Pulse	99	928026	38058	1
A_HP_19	10	Picture	response125	940555	188	1	40229	1	0	40000	hit	49
A_HP_19	10	Pulse	99	948025	7658	1
A_HP_19	10	Response	1	951353	10986	1
A_HP_19	10	Pulse	99	968025	27658	1
A_HP_19	10	Pulse	99	988025	47658	1
A_HP_19	11	Picture	response126	991012	244	1	40230	1	0	40000	hit	53
A_HP_19	11	Response	2	999204	8436	1
A_HP_19	11	Pulse	99	1008025	17258	1
A_HP_19	11	Pulse	99	1028025	37258	1
A_HP_19	12	Picture	response124	1041304	137	1	40230	1	0	40000	hit	58
A_HP_19	12	Pulse	99	1048025	6858	1
A_HP_19	12	Response	1	1051803	10636	1
A_HP_19	12	Pulse	99	1068025	26858	1
A_HP_19	12	Pulse	99	1088025	46858	1
A_HP_19	13	Picture	ins6	1091763	196	1	30230	1	0	30000	other	0
A_HP_19	13	Pulse	99	1108025	16458	1
A_HP_19	13	Pulse	99	1128025	36458	1
A_HP_19	13	Pulse	99	1148025	56458	1
A_HP_19	13	Pulse	99	1168025	76458	1
A_HP_19	13	Pulse	99	1188025	96458	1
A_HP_19	13	Pulse	99	1208025	116458	1
A_HP_19	13	Pulse	99	1228025	136458	1
A_HP_19	13	Pulse	99	1248025	156458	1
A_HP_19	13	Pulse	99	1268025	176458	1
A_HP_19	13	Pulse	99	1288025	196458	1
A_HP_19	13	Pulse	99	1308025	216458	1
A_HP_19	13	Pulse	99	1328025	236458	1
A_HP_19	13	Pulse	99	1348025	256458	1
A_HP_19	13	Pulse	99	1368025	276458	1
A_HP_19	13	Pulse	99	1388026	296459	1
A_HP_19	14	Response	3	1408025	6228	1
A_HP_19	14	Pulse	99	1408025	6228	1
A_HP_19	15	Picture	response41	1408597	230	1	40229	1	0	40000	hit	80
A_HP_19	15	Response	2	1414043	5676	1
A_HP_19	15	Pulse	99	1428025	19658	1
A_HP_19	15	Pulse	99	1448025	39657	1
A_HP_19	16	Picture	response42	1459055	288	1	40229	1	0	40000	hit	84
A_HP_19	16	Response	2	1463654	4886	1
A_HP_19	16	Pulse	99	1468024	9257	1
A_HP_19	16	Pulse	99	1488025	29258	1
A_HP_19	16	Pulse	99	1508026	49259	1
A_HP_19	17	Picture	response43	1509346	179	1	40229	1	0	40000	hit	89
A_HP_19	17	Response	1	1513563	4396	1
A_HP_19	17	Pulse	99	1528025	18858	1
A_HP_19	17	Pulse	99	1548025	38858	1
A_HP_19	18	Picture	response47	1559637	70	1	40229	1	0	40000	hit	93
A_HP_19	18	Response	1	1563444	3877	1
A_HP_19	18	Pulse	99	1568025	8458	1
A_HP_19	18	Pulse	99	1588025	28458	1
A_HP_19	18	Pulse	99	1608025	48458	1
A_HP_19	19	Picture	response48	1610262	295	1	40229	1	0	40000	hit	98
A_HP_19	19	Response	2	1614364	4397	1
A_HP_19	19	Pulse	99	1628025	18058	1
A_HP_19	19	Pulse	99	1648025	38058	1
A_HP_19	20	Picture	response44	1660554	187	1	40229	1	0	40000	hit	103
A_HP_19	20	Pulse	99	1668025	7658	1
A_HP_19	20	Response	2	1668473	8106	1
A_HP_19	20	Pulse	99	1688025	27658	1
A_HP_19	20	Pulse	99	1708025	47658	1
A_HP_19	21	Picture	response46	1711012	245	1	40229	1	0	40000	hit	107
A_HP_19	21	Response	1	1717404	6636	1
A_HP_19	21	Pulse	99	1728024	17257	1
A_HP_19	21	Pulse	99	1748025	37258	1
A_HP_19	22	Picture	response45	1761303	136	1	40229	1	0	40000	hit	111
A_HP_19	22	Response	2	1765853	4686	1
A_HP_19	22	Pulse	99	1768024	6857	1
A_HP_19	22	Pulse	99	1788025	26858	1
A_HP_19	22	Pulse	99	1808025	46857	1
A_HP_19	23	Picture	ins8	1811761	194	1	30229	1	0	30000	other	0
A_HP_19	23	Pulse	99	1828025	16458	1
A_HP_19	23	Pulse	99	1848025	36458	1
A_HP_19	23	Pulse	99	1868025	56458	1
A_HP_19	23	Pulse	99	1888024	76457	1
A_HP_19	23	Pulse	99	1908024	96457	1
A_HP_19	23	Pulse	99	1928024	116457	1
A_HP_19	23	Pulse	99	1948023	136456	1
A_HP_19	23	Pulse	99	1968024	156457	1
A_HP_19	23	Pulse	99	1988024	176457	1
A_HP_19	23	Pulse	99	2008025	196458	1
A_HP_19	23	Pulse	99	2028024	216457	1
A_HP_19	23	Pulse	99	2048024	236457	1
A_HP_19	23	Pulse	99	2068024	256457	1
A_HP_19	23	Pulse	99	2088024	276457	1
A_HP_19	23	Pulse	99	2108024	296457	1
A_HP_19	24	Response	3	2128025	6227	1
A_HP_19	24	Pulse	99	2128025	6227	1
A_HP_19	25	Picture	response57	2128597	230	1	40230	1	0	40000	hit	134
A_HP_19	25	Response	1	2144613	16246	1
A_HP_19	25	Pulse	99	2148024	19657	1
A_HP_19	25	Pulse	99	2168025	39658	1
A_HP_19	26	Picture	response62	2179056	289	1	40229	1	0	40000	hit	138
A_HP_19	26	Response	1	2183673	4907	1
A_HP_19	26	Pulse	99	2188024	9257	1
A_HP_19	26	Pulse	99	2208025	29258	1
A_HP_19	26	Pulse	99	2228024	49258	1
A_HP_19	27	Picture	response60	2229347	180	1	40229	1	0	40000	hit	143
A_HP_19	27	Response	1	2233893	4727	1
A_HP_19	27	Pulse	99	2248025	18858	1
A_HP_19	27	Pulse	99	2268025	38858	1
A_HP_19	28	Picture	response58	2279638	72	1	40229	1	0	40000	hit	147
A_HP_19	28	Response	2	2283463	3896	1
A_HP_19	28	Pulse	99	2288024	8458	1
A_HP_19	28	Pulse	99	2308025	28458	1
A_HP_19	28	Pulse	99	2328024	48457	1
A_HP_19	29	Picture	response64	2330263	296	1	40229	1	0	40000	hit	152
A_HP_19	29	Response	1	2334273	4306	1
A_HP_19	29	Pulse	99	2348025	18058	1
A_HP_19	29	Pulse	99	2368024	38057	1
A_HP_19	30	Picture	response61	2380554	187	1	40229	1	0	40000	hit	156
A_HP_19	30	Response	2	2385323	4956	1
A_HP_19	30	Pulse	99	2388023	7656	1
A_HP_19	30	Pulse	99	2408025	27658	1
A_HP_19	30	Pulse	99	2428025	47657	1
A_HP_19	31	Picture	response59	2431011	244	1	40229	1	0	40000	hit	161
A_HP_19	31	Response	2	2437863	7096	1
A_HP_19	31	Pulse	99	2448024	17257	1
A_HP_19	31	Pulse	99	2468025	37258	1
A_HP_19	32	Picture	response63	2481303	136	1	40229	1	0	40000	hit	165
A_HP_19	32	Response	1	2485813	4646	1
A_HP_19	32	Pulse	99	2488024	6857	1
A_HP_19	32	Pulse	99	2508025	26858	1
A_HP_19	32	Pulse	99	2528024	46857	1
A_HP_19	33	Picture	ins22	2531761	194	1	30229	1	0	30000	other	0
A_HP_19	33	Pulse	99	2548025	16458	1
A_HP_19	33	Pulse	99	2568025	36457	1
A_HP_19	33	Pulse	99	2588025	56458	1
A_HP_19	33	Pulse	99	2608024	76457	1
A_HP_19	33	Pulse	99	2628024	96457	1
A_HP_19	33	Pulse	99	2648025	116458	1
A_HP_19	33	Pulse	99	2668023	136456	1
A_HP_19	33	Pulse	99	2688024	156457	1
A_HP_19	33	Pulse	99	2708024	176457	1
A_HP_19	33	Pulse	99	2728024	196457	1
A_HP_19	33	Pulse	99	2748025	216458	1
A_HP_19	33	Pulse	99	2768025	236458	1
A_HP_19	33	Pulse	99	2788024	256457	1
A_HP_19	33	Pulse	99	2808024	276457	1
A_HP_19	33	Pulse	99	2828024	296457	1
A_HP_19	34	Response	3	2848025	6228	1
A_HP_19	34	Pulse	99	2848025	6228	1
A_HP_19	35	Picture	response173	2848596	230	1	40230	1	0	40000	hit	189
A_HP_19	35	Pulse	99	2868024	19658	1
A_HP_19	35	Response	1	2869132	20766	1
A_HP_19	35	Pulse	99	2888024	39658	1
A_HP_19	36	Picture	response175	2899055	288	1	40229	1	0	40000	hit	193
A_HP_19	36	Pulse	99	2908024	9258	1
A_HP_19	36	Response	2	2914373	15606	1
A_HP_19	36	Pulse	99	2928024	29257	1
A_HP_19	36	Pulse	99	2948024	49257	1
A_HP_19	37	Picture	response174	2949347	180	1	40229	1	0	40000	hit	197
A_HP_19	37	Response	1	2957863	8696	1
A_HP_19	37	Pulse	99	2968024	18857	1
A_HP_19	37	Pulse	99	2988024	38857	1
A_HP_19	38	Picture	response175	2999639	73	1	40230	1	0	40000	hit	202
A_HP_19	38	Pulse	99	3008024	8458	1
A_HP_19	38	Response	2	3018853	19287	1
A_HP_19	38	Pulse	99	3028025	28458	1
A_HP_19	38	Pulse	99	3048024	48458	1
A_HP_19	39	Picture	response169	3050265	298	1	40230	1	0	40000	hit	206
A_HP_19	39	Response	2	3059983	10017	1
A_HP_19	39	Pulse	99	3068024	18058	1
A_HP_19	39	Pulse	99	3088024	38058	1
A_HP_19	40	Picture	response172	3100556	190	1	40229	1	0	40000	hit	211
A_HP_19	40	Pulse	99	3108024	7658	1
A_HP_19	40	Response	1	3117703	17337	1
A_HP_19	40	Pulse	99	3128024	27658	1
A_HP_19	40	Pulse	99	3147944	47578	1
A_HP_19	41	Picture	response170	3151014	248	1	40229	1	0	40000	hit	215
A_HP_19	41	Response	1	3161713	10947	1
A_HP_19	41	Pulse	99	3168024	17258	1
A_HP_19	41	Pulse	99	3188024	37258	1
A_HP_19	42	Picture	response171	3201306	140	1	40230	1	0	40000	hit	220
A_HP_19	42	Pulse	99	3208024	6858	1
A_HP_19	42	Response	2	3210022	8856	1
A_HP_19	42	Pulse	99	3228024	26858	1
A_HP_19	42	Pulse	99	3248024	46858	1
A_HP_19	43	Picture	ins24	3251765	199	1	30229	1	0	30000	other	0
A_HP_19	43	Pulse	99	3268024	16458	1
A_HP_19	43	Pulse	99	3288023	36457	1
A_HP_19	43	Pulse	99	3308024	56457	1
A_HP_19	43	Pulse	99	3328024	76458	1
A_HP_19	43	Pulse	99	3347944	96378	1
A_HP_19	43	Pulse	99	3368024	116457	1
A_HP_19	43	Pulse	99	3388024	136458	1
A_HP_19	43	Pulse	99	3408024	156458	1
A_HP_19	43	Pulse	99	3428024	176458	1
A_HP_19	43	Pulse	99	3448024	196457	1
A_HP_19	43	Pulse	99	3468024	216457	1
A_HP_19	43	Pulse	99	3488024	236457	1
A_HP_19	43	Pulse	99	3508024	256457	1
A_HP_19	43	Pulse	99	3528024	276457	1
A_HP_19	43	Pulse	99	3547944	296377	1
A_HP_19	44	Response	3	3568024	6227	1
A_HP_19	44	Pulse	99	3568024	6227	1
A_HP_19	45	Picture	response189	3568596	229	1	40229	1	0	40000	hit	242
A_HP_19	45	Response	2	3579992	11626	1
A_HP_19	45	Pulse	99	3588024	19657	1
A_HP_19	45	Pulse	99	3607944	39577	1
A_HP_19	46	Picture	response190	3619055	289	1	40229	1	0	40000	hit	247
A_HP_19	46	Pulse	99	3628024	9258	1
A_HP_19	46	Response	2	3632752	13987	1
A_HP_19	46	Pulse	99	3648024	29258	1
A_HP_19	46	Pulse	99	3668024	49258	1
A_HP_19	47	Picture	response191	3669345	179	1	40229	1	0	40000	hit	251
A_HP_19	47	Response	1	3678433	9267	1
A_HP_19	47	Pulse	99	3688024	18858	1
A_HP_19	47	Pulse	99	3708024	38858	1
A_HP_19	48	Picture	response188	3719637	71	1	40230	1	0	40000	hit	256
A_HP_19	48	Pulse	99	3728024	8458	1
A_HP_19	48	Response	1	3730382	10816	1
A_HP_19	48	Pulse	99	3748023	28457	1
A_HP_19	48	Pulse	99	3768023	48457	1
A_HP_19	49	Picture	response185	3770263	297	1	40230	1	0	40000	hit	261
A_HP_19	49	Pulse	99	3788024	18058	1
A_HP_19	49	Response	2	3788911	18946	1
A_HP_19	49	Pulse	99	3807943	37978	1
A_HP_19	50	Picture	response192	3820555	190	1	40229	1	0	40000	hit	265
A_HP_19	50	Pulse	99	3828023	7658	1
A_HP_19	50	Response	1	3833462	13096	1
A_HP_19	50	Pulse	99	3848024	27659	1
A_HP_19	50	Pulse	99	3868024	47658	1
A_HP_19	51	Picture	response186	3871014	248	1	40229	1	0	40000	incorrect	269
A_HP_19	51	Response	2	3880902	10136	1
A_HP_19	51	Pulse	99	3888023	17257	1
A_HP_19	51	Pulse	99	3908023	37257	1
A_HP_19	52	Picture	response187	3921306	140	1	40230	1	0	40000	hit	274
A_HP_19	52	Pulse	99	3928023	6858	1
A_HP_19	52	Response	2	3933162	11996	1
A_HP_19	52	Pulse	99	3948023	26858	1
A_HP_19	52	Pulse	99	3968023	46858	1
A_HP_19	53	Picture	ins14	3971764	199	1	30229	1	0	30000	other	0
A_HP_19	53	Pulse	99	3988023	16458	1
A_HP_19	53	Pulse	99	4007944	36378	1
A_HP_19	53	Pulse	99	4028024	56458	1
A_HP_19	53	Pulse	99	4048024	76458	1
A_HP_19	53	Pulse	99	4067944	96378	1
A_HP_19	53	Pulse	99	4088024	116458	1
A_HP_19	53	Pulse	99	4108024	136458	1
A_HP_19	53	Pulse	99	4128024	156458	1
A_HP_19	53	Pulse	99	4148024	176458	1
A_HP_19	53	Pulse	99	4168024	196458	1
A_HP_19	53	Pulse	99	4188024	216458	1
A_HP_19	53	Pulse	99	4207943	236378	1
A_HP_19	53	Pulse	99	4228023	256458	1
A_HP_19	53	Pulse	99	4248023	276457	1
A_HP_19	53	Pulse	99	4267944	296378	1
A_HP_19	54	Response	3	4288024	6228	1
A_HP_19	54	Pulse	99	4288024	6228	1
A_HP_19	55	Picture	response110	4288596	230	1	40229	1	0	40000	hit	296
A_HP_19	55	Response	2	4295882	7516	1
A_HP_19	55	Pulse	99	4308024	19657	1
A_HP_19	55	Pulse	99	4328024	39657	1
A_HP_19	56	Picture	response105	4339054	288	1	40229	1	0	40000	hit	300
A_HP_19	56	Response	1	4347002	8236	1
A_HP_19	56	Pulse	99	4348023	9257	1
A_HP_19	56	Pulse	99	4368024	29258	1
A_HP_19	56	Pulse	99	4388023	49257	1
A_HP_19	57	Picture	response109	4389346	180	1	40230	1	0	40000	hit	305
A_HP_19	57	Response	1	4395572	6407	1
A_HP_19	57	Pulse	99	4407944	18778	1
A_HP_19	57	Pulse	99	4428024	38858	1
A_HP_19	58	Picture	response107	4439637	72	1	40229	1	0	40000	hit	309
A_HP_19	58	Response	1	4446102	6536	1
A_HP_19	58	Pulse	99	4448023	8457	1
A_HP_19	58	Pulse	99	4467944	28378	1
A_HP_19	58	Pulse	99	4488024	48458	1
A_HP_19	59	Picture	response112	4490262	296	1	40229	1	0	40000	hit	314
A_HP_19	59	Response	1	4494512	4546	1
A_HP_19	59	Pulse	99	4508023	18057	1
A_HP_19	59	Pulse	99	4527944	37978	1
A_HP_19	60	Picture	response108	4540554	188	1	40229	1	0	40000	hit	319
A_HP_19	60	Pulse	99	4548023	7658	1
A_HP_19	60	Response	2	4548122	7756	1
A_HP_19	60	Pulse	99	4568024	27658	1
A_HP_19	60	Pulse	99	4588023	47657	1
A_HP_19	61	Picture	response111	4591012	246	1	40229	1	0	40000	hit	323
A_HP_19	61	Response	1	4605852	15086	1
A_HP_19	61	Pulse	99	4607943	17177	1
A_HP_19	61	Pulse	99	4628023	37258	1
A_HP_19	62	Picture	response106	4641304	139	1	40229	1	0	40000	hit	327
A_HP_19	62	Response	2	4647512	6346	1
A_HP_19	62	Pulse	99	4648022	6857	1
A_HP_19	62	Pulse	99	4667943	26778	1
A_HP_19	62	Pulse	99	4688023	46858	1
A_HP_19	63	Picture	thanks	4691429	0	1	10229	1	0	10000	other	0
A_HP_19	63	Pulse	99	4708023	16594	1


Event Type	Code	Type	Response	RT	RT Uncertainty	Time	Uncertainty	Duration	Uncertainty	ReqTime	ReqDur

Picture	ready	other				308257	1	10229	1	0	10000
Picture	ins16	other				368901	1	30229	1	0	30000
Picture	response128	hit	2	7636	2	688597	1	40229	1	0	40000
Picture	response121	incorrect	1	9018	2	739056	1	40229	1	0	40000
Picture	response123	hit	2	7707	2	789347	1	40229	1	0	40000
Picture	response127	hit	2	5595	2	839639	1	40230	1	0	40000
Picture	response122	hit	1	10971	2	890263	1	40229	1	0	40000
Picture	response125	hit	1	10799	2	940555	1	40229	1	0	40000
Picture	response126	hit	2	8192	2	991012	1	40230	1	0	40000
Picture	response124	hit	1	10499	2	1041304	1	40230	1	0	40000
Picture	ins6	other				1091763	1	30230	1	0	30000
Picture	response41	hit	2	5446	2	1408597	1	40229	1	0	40000
Picture	response42	hit	2	4599	2	1459055	1	40229	1	0	40000
Picture	response43	hit	1	4217	2	1509346	1	40229	1	0	40000
Picture	response47	hit	1	3807	2	1559637	1	40229	1	0	40000
Picture	response48	hit	2	4102	2	1610262	1	40229	1	0	40000
Picture	response44	hit	2	7919	2	1660554	1	40229	1	0	40000
Picture	response46	hit	1	6392	2	1711012	1	40229	1	0	40000
Picture	response45	hit	2	4550	2	1761303	1	40229	1	0	40000
Picture	ins8	other				1811761	1	30229	1	0	30000
Picture	response57	hit	1	16016	2	2128597	1	40230	1	0	40000
Picture	response62	hit	1	4618	2	2179056	1	40229	1	0	40000
Picture	response60	hit	1	4546	2	2229347	1	40229	1	0	40000
Picture	response58	hit	2	3824	2	2279638	1	40229	1	0	40000
Picture	response64	hit	1	4010	2	2330263	1	40229	1	0	40000
Picture	response61	hit	2	4769	2	2380554	1	40229	1	0	40000
Picture	response59	hit	2	6852	2	2431011	1	40229	1	0	40000
Picture	response63	hit	1	4510	2	2481303	1	40229	1	0	40000
Picture	ins22	other				2531761	1	30229	1	0	30000
Picture	response173	hit	1	20536	2	2848596	1	40230	1	0	40000
Picture	response175	hit	2	15318	2	2899055	1	40229	1	0	40000
Picture	response174	hit	1	8516	2	2949347	1	40229	1	0	40000
Picture	response175	hit	2	19214	2	2999639	1	40230	1	0	40000
Picture	response169	hit	2	9718	2	3050265	1	40230	1	0	40000
Picture	response172	hit	1	17147	2	3100556	1	40229	1	0	40000
Picture	response170	hit	1	10698	2	3151014	1	40229	1	0	40000
Picture	response171	hit	2	8716	2	3201306	1	40230	1	0	40000
Picture	ins24	other				3251765	1	30229	1	0	30000
Picture	response189	hit	2	11396	2	3568596	1	40229	1	0	40000
Picture	response190	hit	2	13698	2	3619055	1	40229	1	0	40000
Picture	response191	hit	1	9087	2	3669345	1	40229	1	0	40000
Picture	response188	hit	1	10744	2	3719637	1	40230	1	0	40000
Picture	response185	hit	2	18649	2	3770263	1	40230	1	0	40000
Picture	response192	hit	1	12906	2	3820555	1	40229	1	0	40000
Picture	response186	incorrect	2	9888	2	3871014	1	40229	1	0	40000
Picture	response187	hit	2	11856	2	3921306	1	40230	1	0	40000
Picture	ins14	other				3971764	1	30229	1	0	30000
Picture	response110	hit	2	7286	2	4288596	1	40229	1	0	40000
Picture	response105	hit	1	7948	2	4339054	1	40229	1	0	40000
Picture	response109	hit	1	6226	2	4389346	1	40230	1	0	40000
Picture	response107	hit	1	6465	2	4439637	1	40229	1	0	40000
Picture	response112	hit	1	4250	2	4490262	1	40229	1	0	40000
Picture	response108	hit	2	7568	2	4540554	1	40229	1	0	40000
Picture	response111	hit	1	14840	2	4591012	1	40229	1	0	40000
Picture	response106	hit	2	6208	2	4641304	1	40229	1	0	40000
Picture	thanks	other				4691429	1	10229	1	0	10000


{
   "app": "Presentation Version 21.0 Build 06.06.19",
   "device": "LENOVO 20KHCTO1WW",
   "experiment": "{C0C68DB1-10BA-42F2-8F79-3F2AFFEED4E4}",
   "os": "Windows 10 64 bit",
   "package": "",
   "parameters": {
      "configuration": "Default configuration"
   },
   "scenario": "Feature experiment(4).sce",
   "subject": "A_HP_19",
   "timestamp": "2019/10/17 02:17:28 GMT"
}
