Scenario - 
Logfile written - 02/20/2020 14:05:05

Subject	Trial	Event Type	Code	Time	TTime	Uncertainty	Duration	Uncertainty	ReqTime	ReqDur	Stim Type	Pair Index

A_HP_53	1	Response	3	320642	319642	1
A_HP_53	1	Pulse	99	320642	319642	1
A_HP_53	2	Picture	ready	320688	0	1	10162	1	0	10000	other	0
A_HP_53	2	Pulse	99	340642	19954	1
A_HP_53	2	Pulse	99	360642	39954	1
A_HP_53	2	Pulse	99	380642	59954	1
A_HP_53	3	Picture	ins22	381160	63	1	30153	1	0	30000	other	0
A_HP_53	3	Pulse	99	400642	19544	1
A_HP_53	3	Pulse	99	420642	39544	1
A_HP_53	3	Pulse	99	440642	59545	1
A_HP_53	3	Pulse	99	460642	79544	1
A_HP_53	3	Pulse	99	480642	99544	1
A_HP_53	3	Pulse	99	500642	119544	1
A_HP_53	3	Pulse	99	520642	139545	1
A_HP_53	3	Pulse	99	540642	159545	1
A_HP_53	3	Pulse	99	560642	179544	1
A_HP_53	3	Pulse	99	580641	199544	1
A_HP_53	3	Pulse	99	600642	219544	1
A_HP_53	3	Pulse	99	620642	239544	1
A_HP_53	3	Pulse	99	640642	259544	1
A_HP_53	3	Pulse	99	660642	279544	1
A_HP_53	3	Pulse	99	680642	299544	1
A_HP_53	4	Response	3	700641	9455	1
A_HP_53	4	Pulse	99	700641	9455	1
A_HP_53	5	Picture	response175	701182	185	1	40148	1	0	40000	hit	26
A_HP_53	5	Response	2	715181	14183	1
A_HP_53	5	Pulse	99	720643	19645	1
A_HP_53	5	Pulse	99	740642	39645	1
A_HP_53	6	Picture	response171	751493	95	1	40149	1	0	40000	hit	31
A_HP_53	6	Pulse	99	760642	9244	1
A_HP_53	6	Response	2	772140	20743	1
A_HP_53	6	Pulse	99	780642	29244	1
A_HP_53	6	Pulse	99	800641	49244	3
A_HP_53	7	Picture	response169	801970	172	1	40149	1	0	40000	incorrect	36
A_HP_53	7	Pulse	99	820642	18845	1
A_HP_53	7	Response	1	823260	21463	1
A_HP_53	7	Pulse	99	840642	38845	1
A_HP_53	8	Picture	response174	852280	83	1	40148	1	0	40000	hit	40
A_HP_53	8	Pulse	99	860642	8444	1
A_HP_53	8	Response	1	876581	24383	1
A_HP_53	8	Pulse	99	880641	28444	1
A_HP_53	8	Pulse	99	900642	48444	1
A_HP_53	9	Picture	response172	902757	160	1	40148	1	0	40000	incorrect	45
A_HP_53	9	Pulse	99	920642	18044	1
A_HP_53	9	Response	2	925780	23183	1
A_HP_53	9	Pulse	99	940642	38044	1
A_HP_53	10	Picture	response170	953068	71	1	40148	1	0	40000	hit	49
A_HP_53	10	Pulse	99	960642	7644	1
A_HP_53	10	Response	1	978491	25493	1
A_HP_53	10	Pulse	99	980642	27644	1
A_HP_53	10	Pulse	99	1000641	47644	1
A_HP_53	11	Picture	response175	1003545	148	1	40148	1	0	40000	hit	53
A_HP_53	11	Response	2	1018750	15353	1
A_HP_53	11	Pulse	99	1020642	17244	1
A_HP_53	11	Pulse	99	1040642	37244	1
A_HP_53	12	Picture	response173	1053855	58	1	40149	1	0	40000	hit	58
A_HP_53	12	Pulse	99	1060642	6845	1
A_HP_53	12	Response	1	1073890	20093	1
A_HP_53	12	Pulse	99	1080642	26844	1
A_HP_53	12	Pulse	99	1100642	46844	1
A_HP_53	13	Picture	ins14	1104333	135	1	30153	1	0	30000	other	0
A_HP_53	13	Pulse	99	1120641	16444	1
A_HP_53	13	Pulse	99	1140642	36444	1
A_HP_53	13	Pulse	99	1160642	56445	1
A_HP_53	13	Pulse	99	1180642	76444	1
A_HP_53	13	Pulse	99	1200642	96444	1
A_HP_53	13	Pulse	99	1220641	116444	1
A_HP_53	13	Pulse	99	1240642	136445	1
A_HP_53	13	Pulse	99	1260641	156444	1
A_HP_53	13	Pulse	99	1280642	176444	1
A_HP_53	13	Pulse	99	1300641	196444	1
A_HP_53	13	Pulse	99	1320641	216444	1
A_HP_53	13	Pulse	99	1340642	236444	1
A_HP_53	13	Pulse	99	1360642	256445	1
A_HP_53	13	Pulse	99	1380642	276444	1
A_HP_53	13	Pulse	99	1400642	296444	1
A_HP_53	14	Response	3	1420642	6283	1
A_HP_53	14	Pulse	99	1420642	6283	1
A_HP_53	15	Picture	response110	1421023	25	1	40148	1	0	40000	incorrect	81
A_HP_53	15	Pulse	99	1440642	19644	1
A_HP_53	15	Response	1	1441169	20172	1
A_HP_53	15	Pulse	99	1460641	39644	1
A_HP_53	16	Picture	response107	1471500	102	1	40148	1	0	40000	hit	85
A_HP_53	16	Pulse	99	1480642	9244	1
A_HP_53	16	Response	1	1493410	22013	1
A_HP_53	16	Pulse	99	1500642	29245	1
A_HP_53	16	Pulse	99	1520642	49244	1
A_HP_53	17	Picture	response111	1521977	179	1	40149	1	0	40000	hit	89
A_HP_53	17	Response	1	1532480	10683	1
A_HP_53	17	Pulse	99	1540642	18844	1
A_HP_53	17	Pulse	99	1560642	38844	1
A_HP_53	18	Picture	response106	1572287	90	1	40148	1	0	40000	hit	95
A_HP_53	18	Pulse	99	1580642	8444	1
A_HP_53	18	Pulse	99	1600641	28444	1
A_HP_53	18	Response	2	1603390	31193	1
A_HP_53	18	Pulse	99	1620642	48444	1
A_HP_53	19	Picture	response105	1622764	167	1	40148	1	0	40000	hit	99
A_HP_53	19	Pulse	99	1640642	18044	1
A_HP_53	19	Response	1	1645190	22593	1
A_HP_53	19	Pulse	99	1660642	38045	1
A_HP_53	20	Picture	response109	1673075	78	1	40148	1	0	40000	hit	103
A_HP_53	20	Pulse	99	1680642	7644	1
A_HP_53	20	Response	1	1681910	8913	1
A_HP_53	20	Pulse	99	1700642	27645	1
A_HP_53	20	Pulse	99	1720642	47644	1
A_HP_53	21	Picture	response112	1723552	155	1	40149	1	0	40000	hit	108
A_HP_53	21	Pulse	99	1740642	17244	1
A_HP_53	21	Response	1	1750150	26753	1
A_HP_53	21	Pulse	99	1760642	37245	1
A_HP_53	22	Picture	response108	1773863	65	1	40148	1	0	40000	hit	112
A_HP_53	22	Pulse	99	1780642	6844	1
A_HP_53	22	Response	2	1782740	8943	1
A_HP_53	22	Pulse	99	1800642	26845	1
A_HP_53	22	Pulse	99	1820642	46845	1
A_HP_53	23	Picture	ins8	1824340	143	1	30153	1	0	30000	other	0
A_HP_53	23	Pulse	99	1840642	16445	1
A_HP_53	23	Pulse	99	1860642	36445	1
A_HP_53	23	Pulse	99	1880642	56444	1
A_HP_53	23	Pulse	99	1900642	76445	1
A_HP_53	23	Pulse	99	1920642	96444	1
A_HP_53	23	Pulse	99	1940642	116445	1
A_HP_53	23	Pulse	99	1960642	136444	1
A_HP_53	23	Pulse	99	1980642	156445	1
A_HP_53	23	Pulse	99	2000642	176444	1
A_HP_53	23	Pulse	99	2020642	196444	1
A_HP_53	23	Pulse	99	2040641	216444	1
A_HP_53	23	Pulse	99	2060641	236444	1
A_HP_53	23	Pulse	99	2080641	256444	1
A_HP_53	23	Pulse	99	2100641	276444	1
A_HP_53	23	Pulse	99	2120641	296444	1
A_HP_53	24	Response	1	2134530	164	1
A_HP_53	24	Response	1	2136890	2524	1
A_HP_53	24	Response	3	2140641	6275	1
A_HP_53	24	Pulse	99	2140641	6275	1
A_HP_53	25	Picture	response62	2141030	32	1	40149	1	0	40000	hit	136
A_HP_53	25	Response	1	2156671	15674	1
A_HP_53	25	Pulse	99	2160641	19644	1
A_HP_53	25	Pulse	99	2180641	39644	1
A_HP_53	26	Picture	response61	2191507	110	1	40148	1	0	40000	hit	141
A_HP_53	26	Pulse	99	2200642	9245	1
A_HP_53	26	Response	2	2206660	15263	1
A_HP_53	26	Pulse	99	2220641	29244	1
A_HP_53	26	Pulse	99	2240642	49244	1
A_HP_53	27	Picture	response63	2241984	187	1	40148	1	0	40000	hit	145
A_HP_53	27	Response	1	2248640	6843	1
A_HP_53	27	Pulse	99	2260641	18844	1
A_HP_53	27	Pulse	99	2280642	38844	1
A_HP_53	28	Picture	response59	2292295	97	1	40148	1	0	40000	hit	150
A_HP_53	28	Pulse	99	2300642	8444	1
A_HP_53	28	Response	2	2319080	26883	1
A_HP_53	28	Pulse	99	2320642	28444	1
A_HP_53	28	Pulse	99	2340642	48444	1
A_HP_53	29	Picture	response60	2342772	174	1	40149	1	0	40000	hit	154
A_HP_53	29	Response	1	2350310	7713	1
A_HP_53	29	Pulse	99	2360642	18044	1
A_HP_53	29	Pulse	99	2380641	38044	1
A_HP_53	30	Picture	response57	2393082	85	1	40149	1	0	40000	hit	159
A_HP_53	30	Pulse	99	2400642	7645	1
A_HP_53	30	Response	1	2408780	15783	1
A_HP_53	30	Pulse	99	2420641	27644	1
A_HP_53	30	Pulse	99	2440641	47644	1
A_HP_53	31	Picture	response64	2443559	162	1	40148	1	0	40000	hit	163
A_HP_53	31	Response	1	2444130	733	1
A_HP_53	31	Pulse	99	2460642	17245	1
A_HP_53	31	Pulse	99	2480642	37245	1
A_HP_53	32	Picture	response58	2493870	73	1	40148	1	0	40000	hit	168
A_HP_53	32	Pulse	99	2500642	6844	1
A_HP_53	32	Response	2	2504700	10903	1
A_HP_53	32	Pulse	99	2520641	26844	1
A_HP_53	32	Pulse	99	2540642	46844	1
A_HP_53	33	Picture	ins24	2544347	150	1	30153	1	0	30000	other	0
A_HP_53	33	Pulse	99	2560641	16444	1
A_HP_53	33	Pulse	99	2580641	36444	1
A_HP_53	33	Pulse	99	2600642	56445	1
A_HP_53	33	Pulse	99	2620642	76444	1
A_HP_53	33	Pulse	99	2640642	96445	1
A_HP_53	33	Pulse	99	2660642	116444	1
A_HP_53	33	Pulse	99	2680642	136445	1
A_HP_53	33	Pulse	99	2700642	156445	1
A_HP_53	33	Pulse	99	2720642	176444	1
A_HP_53	33	Pulse	99	2740642	196445	1
A_HP_53	33	Pulse	99	2760642	216445	1
A_HP_53	33	Pulse	99	2780642	236445	1
A_HP_53	33	Pulse	99	2800642	256445	1
A_HP_53	33	Pulse	99	2820642	276444	1
A_HP_53	33	Pulse	99	2840642	296445	1
A_HP_53	34	Response	3	2860641	6268	1
A_HP_53	34	Pulse	99	2860641	6268	1
A_HP_53	35	Picture	response191	2861037	40	1	40149	1	0	40000	incorrect	191
A_HP_53	35	Pulse	99	2880641	19644	1
A_HP_53	35	Response	2	2887810	26813	1
A_HP_53	35	Pulse	99	2900641	39644	1
A_HP_53	36	Picture	response185	2911514	117	1	40148	1	0	40000	hit	195
A_HP_53	36	Pulse	99	2920641	9244	1
A_HP_53	36	Response	2	2926050	14653	1
A_HP_53	36	Pulse	99	2940641	29244	1
A_HP_53	36	Pulse	99	2960642	49244	1
A_HP_53	37	Picture	response189	2961991	194	1	40149	1	0	40000	hit	199
A_HP_53	37	Response	2	2972770	10973	1
A_HP_53	37	Pulse	99	2980641	18844	1
A_HP_53	37	Pulse	99	3000642	38844	1
A_HP_53	38	Picture	response192	3012302	105	1	40148	1	0	40000	hit	204
A_HP_53	38	Pulse	99	3020641	8444	1
A_HP_53	38	Response	1	3036920	24723	1
A_HP_53	38	Pulse	99	3040641	28444	1
A_HP_53	38	Pulse	99	3060641	48444	1
A_HP_53	39	Picture	response188	3062779	182	1	40148	1	0	40000	hit	208
A_HP_53	39	Response	1	3068590	5993	1
A_HP_53	39	Pulse	99	3080642	18044	1
A_HP_53	39	Pulse	99	3100641	38044	1
A_HP_53	40	Picture	response186	3113089	92	1	40148	1	0	40000	hit	213
A_HP_53	40	Pulse	99	3120642	7644	1
A_HP_53	40	Response	1	3133320	20323	1
A_HP_53	40	Pulse	99	3140641	27644	1
A_HP_53	40	Pulse	99	3160642	47644	1
A_HP_53	41	Picture	response190	3163566	169	1	40148	1	0	40000	hit	217
A_HP_53	41	Response	2	3174200	10803	1
A_HP_53	41	Pulse	99	3180641	17243	1
A_HP_53	41	Pulse	99	3200642	37244	1
A_HP_53	42	Picture	response187	3213877	80	1	40148	1	0	40000	hit	223
A_HP_53	42	Pulse	99	3220642	6844	1
A_HP_53	42	Pulse	99	3240641	26844	1
A_HP_53	42	Response	2	3247200	33403	1
A_HP_53	42	Pulse	99	3260642	46844	1
A_HP_53	43	Picture	ins6	3264354	157	1	30153	1	0	30000	other	0
A_HP_53	43	Pulse	99	3280641	16444	1
A_HP_53	43	Pulse	99	3300642	36444	1
A_HP_53	43	Pulse	99	3320642	56445	1
A_HP_53	43	Pulse	99	3340641	76444	1
A_HP_53	43	Pulse	99	3360642	96445	1
A_HP_53	43	Pulse	99	3380642	116445	1
A_HP_53	43	Pulse	99	3400642	136445	1
A_HP_53	43	Pulse	99	3420641	156444	1
A_HP_53	43	Pulse	99	3440641	176444	1
A_HP_53	43	Pulse	99	3460641	196444	1
A_HP_53	43	Pulse	99	3480641	216444	1
A_HP_53	43	Pulse	99	3500641	236444	1
A_HP_53	43	Pulse	99	3520641	256444	1
A_HP_53	43	Pulse	99	3540642	276444	1
A_HP_53	43	Pulse	99	3560641	296444	1
A_HP_53	44	Response	3	3580641	6261	1
A_HP_53	44	Pulse	99	3580641	6261	1
A_HP_53	45	Picture	response43	3581044	47	1	40149	1	0	40000	hit	244
A_HP_53	45	Response	1	3591900	10903	1
A_HP_53	45	Pulse	99	3600641	19644	1
A_HP_53	45	Pulse	99	3620642	39645	1
A_HP_53	46	Picture	response47	3631521	124	1	40148	1	0	40000	hit	248
A_HP_53	46	Response	1	3638730	7333	1
A_HP_53	46	Pulse	99	3640641	9244	1
A_HP_53	46	Pulse	99	3660641	29244	1
A_HP_53	46	Pulse	99	3680641	49244	1
A_HP_53	47	Picture	response45	3681998	201	1	40149	1	0	40000	hit	253
A_HP_53	47	Response	2	3699230	17433	1
A_HP_53	47	Pulse	99	3700641	18844	1
A_HP_53	47	Pulse	99	3720641	38844	1
A_HP_53	48	Picture	response41	3732309	112	1	40149	1	0	40000	hit	258
A_HP_53	48	Pulse	99	3740641	8444	1
A_HP_53	48	Response	2	3744490	12293	1
A_HP_53	48	Pulse	99	3760641	28444	1
A_HP_53	48	Pulse	99	3780641	48444	1
A_HP_53	49	Picture	response44	3782786	189	1	40149	1	0	40000	hit	262
A_HP_53	49	Response	2	3800600	18003	1
A_HP_53	49	Pulse	99	3800641	18043	1
A_HP_53	49	Pulse	99	3820641	38044	1
A_HP_53	50	Picture	response42	3833096	99	1	40148	1	0	40000	hit	266
A_HP_53	50	Response	2	3840250	7253	1
A_HP_53	50	Pulse	99	3840641	7644	1
A_HP_53	50	Pulse	99	3860641	27644	1
A_HP_53	50	Pulse	99	3880641	47644	1
A_HP_53	51	Picture	response48	3883574	176	1	40148	1	0	40000	hit	271
A_HP_53	51	Response	2	3889150	5753	1
A_HP_53	51	Pulse	99	3900641	17244	1
A_HP_53	51	Pulse	99	3920641	37244	1
A_HP_53	52	Picture	response46	3933884	87	1	40149	1	0	40000	hit	276
A_HP_53	52	Pulse	99	3940642	6844	1
A_HP_53	52	Response	1	3942170	8373	1
A_HP_53	52	Pulse	99	3960641	26844	1
A_HP_53	52	Pulse	99	3980642	46844	1
A_HP_53	53	Picture	ins16	3984361	164	1	30153	1	0	30000	other	0
A_HP_53	53	Pulse	99	4000642	16444	1
A_HP_53	53	Pulse	99	4020642	36445	1
A_HP_53	53	Pulse	99	4040641	56444	1
A_HP_53	53	Pulse	99	4060641	76444	1
A_HP_53	53	Pulse	99	4080642	96445	1
A_HP_53	53	Pulse	99	4100641	116444	1
A_HP_53	53	Pulse	99	4120642	136444	1
A_HP_53	53	Pulse	99	4140641	156444	1
A_HP_53	53	Pulse	99	4160642	176444	1
A_HP_53	53	Pulse	99	4180642	196444	1
A_HP_53	53	Pulse	99	4200642	216444	1
A_HP_53	53	Pulse	99	4220641	236444	1
A_HP_53	53	Pulse	99	4240642	256444	1
A_HP_53	53	Pulse	99	4260642	276444	1
A_HP_53	53	Pulse	99	4280642	296444	1
A_HP_53	54	Response	3	4300641	6254	1
A_HP_53	54	Pulse	99	4300641	6254	1
A_HP_53	55	Picture	response122	4301051	54	1	40148	1	0	40000	hit	298
A_HP_53	55	Response	1	4316140	15143	1
A_HP_53	55	Pulse	99	4320641	19644	1
A_HP_53	55	Pulse	99	4340641	39644	1
A_HP_53	56	Picture	response121	4351528	131	1	40148	1	0	40000	incorrect	304
A_HP_53	56	Pulse	99	4360641	9244	1
A_HP_53	56	Pulse	99	4380641	29244	1
A_HP_53	56	Response	1	4389690	38293	1
A_HP_53	56	Pulse	99	4400561	49164	1
A_HP_53	57	Picture	response123	4401839	42	1	40149	1	0	40000	hit	307
A_HP_53	57	Response	2	4415410	13613	1
A_HP_53	57	Pulse	99	4420641	18844	1
A_HP_53	57	Pulse	99	4440641	38844	1
A_HP_53	58	Picture	response125	4452316	119	1	40149	1	0	40000	hit	312
A_HP_53	58	Pulse	99	4460561	8364	1
A_HP_53	58	Response	1	4461570	9373	1
A_HP_53	58	Pulse	99	4480641	28444	1
A_HP_53	58	Pulse	99	4500641	48444	1
A_HP_53	59	Picture	response124	4502793	196	1	40148	1	0	40000	incorrect	317
A_HP_53	59	Pulse	99	4520561	17964	1
A_HP_53	59	Response	2	4524830	22233	1
A_HP_53	59	Pulse	99	4540642	38045	1
A_HP_53	60	Picture	response127	4553103	106	1	40149	1	0	40000	hit	321
A_HP_53	60	Pulse	99	4560641	7644	1
A_HP_53	60	Response	2	4563100	10103	1
A_HP_53	60	Pulse	99	4580561	27564	1
A_HP_53	60	Pulse	99	4600641	47644	1
A_HP_53	61	Picture	response126	4603581	184	1	40148	1	0	40000	hit	325
A_HP_53	61	Response	2	4615050	11653	1
A_HP_53	61	Pulse	99	4620641	17244	1
A_HP_53	61	Pulse	99	4640560	37163	1
A_HP_53	62	Picture	response128	4653891	94	1	40149	1	0	40000	hit	330
A_HP_53	62	Pulse	99	4660641	6844	1
A_HP_53	62	Response	2	4670920	17124	1
A_HP_53	62	Pulse	99	4680641	26844	1
A_HP_53	62	Pulse	99	4700561	46765	1
A_HP_53	63	Picture	thanks	4703869	0	1	10162	1	0	10000	other	0
A_HP_53	63	Pulse	99	4720641	16773	1


Event Type	Code	Type	Response	RT	RT Uncertainty	Time	Uncertainty	Duration	Uncertainty	ReqTime	ReqDur

Picture	ready	other				320688	1	10162	1	0	10000
Picture	ins22	other				381160	1	30153	1	0	30000
Picture	response175	hit	2	13999	2	701182	1	40148	1	0	40000
Picture	response171	hit	2	20648	2	751493	1	40149	1	0	40000
Picture	response169	incorrect	1	21291	2	801970	1	40149	1	0	40000
Picture	response174	hit	1	24300	2	852280	1	40148	1	0	40000
Picture	response172	incorrect	2	23023	2	902757	1	40148	1	0	40000
Picture	response170	hit	1	25423	2	953068	1	40148	1	0	40000
Picture	response175	hit	2	15205	2	1003545	1	40148	1	0	40000
Picture	response173	hit	1	20035	2	1053855	1	40149	1	0	40000
Picture	ins14	other				1104333	1	30153	1	0	30000
Picture	response110	incorrect	1	20147	2	1421023	1	40148	1	0	40000
Picture	response107	hit	1	21911	2	1471500	1	40148	1	0	40000
Picture	response111	hit	1	10503	2	1521977	1	40149	1	0	40000
Picture	response106	hit	2	31103	2	1572287	1	40148	1	0	40000
Picture	response105	hit	1	22426	2	1622764	1	40148	1	0	40000
Picture	response109	hit	1	8835	2	1673075	1	40148	1	0	40000
Picture	response112	hit	1	26598	2	1723552	1	40149	1	0	40000
Picture	response108	hit	2	8878	2	1773863	1	40148	1	0	40000
Picture	ins8	other				1824340	1	30153	1	0	30000
Picture	response62	hit	1	15641	2	2141030	1	40149	1	0	40000
Picture	response61	hit	2	15153	2	2191507	1	40148	1	0	40000
Picture	response63	hit	1	6656	2	2241984	1	40148	1	0	40000
Picture	response59	hit	2	26786	2	2292295	1	40148	1	0	40000
Picture	response60	hit	1	7539	2	2342772	1	40149	1	0	40000
Picture	response57	hit	1	15698	2	2393082	1	40149	1	0	40000
Picture	response64	hit	1	571	2	2443559	1	40148	1	0	40000
Picture	response58	hit	2	10830	2	2493870	1	40148	1	0	40000
Picture	ins24	other				2544347	1	30153	1	0	30000
Picture	response191	incorrect	2	26773	2	2861037	1	40149	1	0	40000
Picture	response185	hit	2	14536	2	2911514	1	40148	1	0	40000
Picture	response189	hit	2	10779	2	2961991	1	40149	1	0	40000
Picture	response192	hit	1	24619	2	3012302	1	40148	1	0	40000
Picture	response188	hit	1	5812	2	3062779	1	40148	1	0	40000
Picture	response186	hit	1	20231	2	3113089	1	40148	1	0	40000
Picture	response190	hit	2	10634	2	3163566	1	40148	1	0	40000
Picture	response187	hit	2	33323	2	3213877	1	40148	1	0	40000
Picture	ins6	other				3264354	1	30153	1	0	30000
Picture	response43	hit	1	10856	2	3581044	1	40149	1	0	40000
Picture	response47	hit	1	7209	2	3631521	1	40148	1	0	40000
Picture	response45	hit	2	17232	2	3681998	1	40149	1	0	40000
Picture	response41	hit	2	12182	2	3732309	1	40149	1	0	40000
Picture	response44	hit	2	17815	2	3782786	1	40149	1	0	40000
Picture	response42	hit	2	7154	2	3833096	1	40148	1	0	40000
Picture	response48	hit	2	5576	2	3883574	1	40148	1	0	40000
Picture	response46	hit	1	8286	2	3933884	1	40149	1	0	40000
Picture	ins16	other				3984361	1	30153	1	0	30000
Picture	response122	hit	1	15089	2	4301051	1	40148	1	0	40000
Picture	response121	incorrect	1	38162	2	4351528	1	40148	1	0	40000
Picture	response123	hit	2	13571	2	4401839	1	40149	1	0	40000
Picture	response125	hit	1	9254	2	4452316	1	40149	1	0	40000
Picture	response124	incorrect	2	22037	2	4502793	1	40148	1	0	40000
Picture	response127	hit	2	9996	2	4553103	1	40149	1	0	40000
Picture	response126	hit	2	11469	2	4603581	1	40148	1	0	40000
Picture	response128	hit	2	17029	2	4653891	1	40149	1	0	40000
Picture	thanks	other				4703869	1	10162	1	0	10000


{
   "app": "Presentation Version 21.1 Build 09.05.19",
   "device": "LENOVO 20FBCTO1WW",
   "experiment": "{C0C68DB1-10BA-42F2-8F79-3F2AFFEED4E4}",
   "os": "Windows 10 64 bit",
   "package": "",
   "parameters": {
      "configuration": "Default configuration"
   },
   "scenario": "Feature experiment(4).sce",
   "subject": "A_HP_53",
   "timestamp": "2020/02/20 04:57:05 GMT"
}
