Scenario - 
Logfile written - 11/07/2019 15:53:24

Subject	Trial	Event Type	Code	Time	TTime	Uncertainty	Duration	Uncertainty	ReqTime	ReqDur	Stim Type	Pair Index

A_HP_28	1	Response	3	266737	265571	1
A_HP_28	1	Pulse	99	266737	265571	1
A_HP_28	2	Picture	ready	266969	0	1	10396	1	0	10000	other	0
A_HP_28	2	Pulse	99	286736	19768	1
A_HP_28	2	Pulse	99	306816	39848	1
A_HP_28	2	Pulse	99	326736	59768	1
A_HP_28	3	Picture	ins22	327617	234	1	30229	1	0	30000	other	0
A_HP_28	3	Pulse	99	346736	19354	1
A_HP_28	3	Pulse	99	366816	39434	1
A_HP_28	3	Pulse	99	386736	59354	1
A_HP_28	3	Pulse	99	406736	79354	1
A_HP_28	3	Pulse	99	426816	99434	1
A_HP_28	3	Pulse	99	446736	119354	1
A_HP_28	3	Pulse	99	466736	139354	1
A_HP_28	3	Pulse	99	486736	159353	1
A_HP_28	3	Pulse	99	506736	179354	1
A_HP_28	3	Pulse	99	526736	199354	1
A_HP_28	3	Pulse	99	546736	219354	1
A_HP_28	3	Pulse	99	566736	239354	1
A_HP_28	3	Pulse	99	586736	259354	1
A_HP_28	3	Pulse	99	606736	279354	1
A_HP_28	3	Pulse	99	626736	299354	1
A_HP_28	4	Response	3	646736	9123	1
A_HP_28	4	Pulse	99	646736	9123	1
A_HP_28	5	Picture	response174	647312	230	1	40230	1	0	40000	hit	26
A_HP_28	5	Response	1	665615	18533	1
A_HP_28	5	Pulse	99	666736	19653	1
A_HP_28	5	Pulse	99	686736	39654	1
A_HP_28	6	Picture	response173	697604	123	1	40229	1	0	40000	hit	31
A_HP_28	6	Pulse	99	706736	9254	1
A_HP_28	6	Response	1	710534	13053	1
A_HP_28	6	Pulse	99	726736	29255	1
A_HP_28	6	Pulse	99	746736	49255	1
A_HP_28	7	Picture	response171	748063	181	1	40229	1	0	40000	hit	36
A_HP_28	7	Pulse	99	766736	18854	1
A_HP_28	7	Response	2	770994	23112	1
A_HP_28	7	Pulse	99	786736	38854	1
A_HP_28	8	Picture	response172	798521	240	1	40229	1	0	40000	hit	40
A_HP_28	8	Pulse	99	806736	8454	1
A_HP_28	8	Response	1	819245	20964	1
A_HP_28	8	Pulse	99	826736	28454	1
A_HP_28	8	Pulse	99	846736	48455	1
A_HP_28	9	Picture	response175	848980	298	1	40230	1	0	40000	hit	44
A_HP_28	9	Response	2	858635	9953	1
A_HP_28	9	Pulse	99	866736	18054	1
A_HP_28	9	Pulse	99	886736	38054	1
A_HP_28	10	Picture	response175	899272	190	1	40229	1	0	40000	hit	49
A_HP_28	10	Pulse	99	906736	7654	1
A_HP_28	10	Response	2	914455	15373	1
A_HP_28	10	Pulse	99	926736	27654	1
A_HP_28	10	Pulse	99	946736	47655	1
A_HP_28	11	Picture	response170	949563	81	1	40229	1	0	40000	hit	54
A_HP_28	11	Pulse	99	966736	17254	1
A_HP_28	11	Response	1	970594	21112	1
A_HP_28	11	Pulse	99	986736	37254	1
A_HP_28	12	Picture	response169	1000188	306	1	40229	1	0	40000	hit	58
A_HP_28	12	Pulse	99	1006736	6854	1
A_HP_28	12	Response	2	1012525	12642	1
A_HP_28	12	Pulse	99	1026736	26854	1
A_HP_28	12	Pulse	99	1046736	46854	1
A_HP_28	13	Picture	ins16	1050480	198	1	30229	1	0	30000	other	0
A_HP_28	13	Pulse	99	1066736	16454	1
A_HP_28	13	Pulse	99	1086736	36454	1
A_HP_28	13	Pulse	99	1106816	56534	1
A_HP_28	13	Pulse	99	1126736	76454	1
A_HP_28	13	Pulse	99	1146736	96454	1
A_HP_28	13	Pulse	99	1166816	116534	1
A_HP_28	13	Pulse	99	1186736	136454	1
A_HP_28	13	Pulse	99	1206736	156454	1
A_HP_28	13	Pulse	99	1226816	176534	1
A_HP_28	13	Pulse	99	1246736	196454	1
A_HP_28	13	Pulse	99	1266736	216454	1
A_HP_28	13	Pulse	99	1286736	236455	1
A_HP_28	13	Pulse	99	1306735	256454	1
A_HP_28	13	Pulse	99	1326736	276454	1
A_HP_28	13	Pulse	99	1346735	296454	1
A_HP_28	14	Response	3	1366736	6224	1
A_HP_28	14	Pulse	99	1366736	6224	1
A_HP_28	15	Picture	response127	1367311	230	1	40229	1	0	40000	hit	80
A_HP_28	15	Response	2	1374295	7213	1
A_HP_28	15	Pulse	99	1386735	19654	1
A_HP_28	15	Pulse	99	1406736	39654	1
A_HP_28	16	Picture	response121	1417603	121	1	40229	1	0	40000	hit	85
A_HP_28	16	Pulse	99	1426736	9254	1
A_HP_28	16	Response	2	1434944	17463	1
A_HP_28	16	Pulse	99	1446736	29254	1
A_HP_28	16	Pulse	99	1466736	49254	1
A_HP_28	17	Picture	response124	1468061	180	1	40229	1	0	40000	hit	89
A_HP_28	17	Response	1	1478504	10623	1
A_HP_28	17	Pulse	99	1486735	18854	1
A_HP_28	17	Pulse	99	1506735	38854	1
A_HP_28	18	Picture	response125	1518519	238	1	40229	1	0	40000	hit	94
A_HP_28	18	Pulse	99	1526736	8454	1
A_HP_28	18	Response	1	1529414	11133	1
A_HP_28	18	Pulse	99	1546736	28454	1
A_HP_28	18	Pulse	99	1566736	48455	1
A_HP_28	19	Picture	response122	1568977	296	1	40229	1	0	40000	hit	98
A_HP_28	19	Response	1	1583554	14873	1
A_HP_28	19	Pulse	99	1586735	18054	1
A_HP_28	19	Pulse	99	1606736	38054	1
A_HP_28	20	Picture	response123	1619269	188	1	40229	1	0	40000	hit	103
A_HP_28	20	Pulse	99	1626736	7655	1
A_HP_28	20	Response	2	1627474	8392	1
A_HP_28	20	Pulse	99	1646736	27654	1
A_HP_28	20	Pulse	99	1666735	47654	1
A_HP_28	21	Picture	response128	1669560	79	1	40229	1	0	40000	hit	108
A_HP_28	21	Pulse	99	1686735	17254	1
A_HP_28	21	Response	2	1687973	18492	1
A_HP_28	21	Pulse	99	1706735	37254	1
A_HP_28	22	Picture	response126	1720185	303	1	40229	1	0	40000	hit	112
A_HP_28	22	Pulse	99	1726736	6854	1
A_HP_28	22	Response	2	1731194	11313	1
A_HP_28	22	Pulse	99	1746736	26854	1
A_HP_28	22	Pulse	99	1766735	46854	1
A_HP_28	23	Picture	ins14	1770477	195	1	30229	1	0	30000	other	0
A_HP_28	23	Pulse	99	1786736	16454	1
A_HP_28	23	Pulse	99	1806736	36454	1
A_HP_28	23	Pulse	99	1826735	56454	1
A_HP_28	23	Pulse	99	1846735	76454	1
A_HP_28	23	Pulse	99	1866735	96454	1
A_HP_28	23	Pulse	99	1886735	116454	1
A_HP_28	23	Pulse	99	1906735	136454	1
A_HP_28	23	Pulse	99	1926735	156454	1
A_HP_28	23	Pulse	99	1946736	176454	1
A_HP_28	23	Pulse	99	1966735	196454	1
A_HP_28	23	Pulse	99	1986735	216454	1
A_HP_28	23	Pulse	99	2006735	236454	1
A_HP_28	23	Pulse	99	2026735	256454	1
A_HP_28	23	Pulse	99	2046735	276454	1
A_HP_28	23	Pulse	99	2066735	296454	1
A_HP_28	24	Response	3	2086735	6224	1
A_HP_28	24	Pulse	99	2086735	6224	1
A_HP_28	25	Picture	response109	2087311	230	1	40229	1	0	40000	hit	134
A_HP_28	25	Response	1	2099334	12253	1
A_HP_28	25	Pulse	99	2106735	19654	1
A_HP_28	25	Pulse	99	2126735	39654	1
A_HP_28	26	Picture	response110	2137602	122	1	40230	1	0	40000	hit	138
A_HP_28	26	Response	2	2145855	8374	1
A_HP_28	26	Pulse	99	2146735	9254	1
A_HP_28	26	Pulse	99	2166735	29254	1
A_HP_28	26	Pulse	99	2186735	49254	1
A_HP_28	27	Picture	response111	2188061	180	1	40229	1	0	40000	hit	143
A_HP_28	27	Response	1	2195344	7463	1
A_HP_28	27	Pulse	99	2206735	18854	1
A_HP_28	27	Pulse	99	2226735	38854	1
A_HP_28	28	Picture	response108	2238520	238	1	40229	1	0	40000	hit	147
A_HP_28	28	Response	2	2244144	5862	1
A_HP_28	28	Pulse	99	2246735	8453	1
A_HP_28	28	Pulse	99	2266735	28453	1
A_HP_28	28	Pulse	99	2286735	48454	1
A_HP_28	29	Picture	response107	2288978	297	1	40229	1	0	40000	hit	152
A_HP_28	29	Response	1	2300394	11713	1
A_HP_28	29	Pulse	99	2306735	18054	1
A_HP_28	29	Pulse	99	2326735	38054	1
A_HP_28	30	Picture	response112	2339270	189	1	40229	1	0	40000	hit	157
A_HP_28	30	Pulse	99	2346735	7655	1
A_HP_28	30	Response	1	2352854	13773	1
A_HP_28	30	Pulse	99	2366735	27654	1
A_HP_28	30	Pulse	99	2386735	47654	1
A_HP_28	31	Picture	response106	2389562	81	1	40230	1	0	40000	hit	161
A_HP_28	31	Response	2	2398424	8943	1
A_HP_28	31	Pulse	99	2406735	17254	1
A_HP_28	31	Pulse	99	2426735	37254	1
A_HP_28	32	Picture	response105	2440187	306	1	40229	1	0	40000	hit	166
A_HP_28	32	Pulse	99	2446735	6854	1
A_HP_28	32	Response	1	2452664	12783	1
A_HP_28	32	Pulse	99	2466735	26854	1
A_HP_28	32	Pulse	99	2486735	46854	1
A_HP_28	33	Picture	ins24	2490479	198	1	30229	1	0	30000	other	0
A_HP_28	33	Pulse	99	2506735	16454	1
A_HP_28	33	Pulse	99	2526735	36454	1
A_HP_28	33	Pulse	99	2546735	56455	1
A_HP_28	33	Pulse	99	2566735	76455	1
A_HP_28	33	Pulse	99	2586735	96455	1
A_HP_28	33	Pulse	99	2606735	116455	1
A_HP_28	33	Pulse	99	2626735	136455	1
A_HP_28	33	Pulse	99	2646735	156455	1
A_HP_28	33	Pulse	99	2666735	176454	1
A_HP_28	33	Pulse	99	2686735	196455	1
A_HP_28	33	Pulse	99	2706736	216455	1
A_HP_28	33	Pulse	99	2726735	236454	1
A_HP_28	33	Pulse	99	2746735	256455	1
A_HP_28	33	Pulse	99	2766735	276454	1
A_HP_28	33	Pulse	99	2786735	296455	1
A_HP_28	34	Response	3	2806735	6224	1
A_HP_28	34	Pulse	99	2806735	6224	1
A_HP_28	35	Picture	response192	2807312	230	1	40229	1	0	40000	hit	188
A_HP_28	35	Response	1	2815794	8712	1
A_HP_28	35	Pulse	99	2826735	19653	1
A_HP_28	35	Pulse	99	2846735	39653	1
A_HP_28	36	Picture	response190	2857603	123	1	40229	1	0	40000	hit	193
A_HP_28	36	Pulse	99	2866735	9254	1
A_HP_28	36	Response	2	2868273	10792	1
A_HP_28	36	Pulse	99	2886735	29254	1
A_HP_28	36	Pulse	99	2906735	49254	1
A_HP_28	37	Picture	response189	2908062	181	1	40229	1	0	40000	hit	197
A_HP_28	37	Response	2	2919994	12113	1
A_HP_28	37	Pulse	99	2926735	18854	1
A_HP_28	37	Pulse	99	2946735	38854	1
A_HP_28	38	Picture	response185	2958520	240	1	40229	1	0	40000	hit	202
A_HP_28	38	Pulse	99	2966735	8454	1
A_HP_28	38	Response	2	2974163	15883	1
A_HP_28	38	Pulse	99	2986735	28454	1
A_HP_28	38	Pulse	99	3006735	48454	1
A_HP_28	39	Picture	response188	3008978	298	1	40229	1	0	40000	incorrect	207
A_HP_28	39	Pulse	99	3026735	18054	1
A_HP_28	39	Response	2	3035023	26343	1
A_HP_28	39	Pulse	99	3046735	38054	1
A_HP_28	40	Picture	response186	3059270	190	1	40229	1	0	40000	hit	211
A_HP_28	40	Pulse	99	3066735	7655	1
A_HP_28	40	Response	1	3073595	14515	1
A_HP_28	40	Pulse	99	3086734	27654	1
A_HP_28	40	Pulse	99	3106735	47654	1
A_HP_28	41	Picture	response187	3109562	81	1	40229	1	0	40000	hit	215
A_HP_28	41	Response	2	3125664	16183	1
A_HP_28	41	Pulse	99	3126734	17254	1
A_HP_28	41	Pulse	99	3146735	37254	1
A_HP_28	42	Picture	response191	3160186	306	1	40229	1	0	40000	hit	220
A_HP_28	42	Pulse	99	3166735	6855	1
A_HP_28	42	Response	1	3172553	12673	1
A_HP_28	42	Pulse	99	3186735	26854	1
A_HP_28	42	Pulse	99	3206735	46854	1
A_HP_28	43	Picture	ins8	3210478	198	1	30229	1	0	30000	other	0
A_HP_28	43	Pulse	99	3226735	16455	1
A_HP_28	43	Pulse	99	3246735	36455	1
A_HP_28	43	Pulse	99	3266735	56455	1
A_HP_28	43	Pulse	99	3286735	76455	1
A_HP_28	43	Pulse	99	3306735	96455	1
A_HP_28	43	Pulse	99	3326735	116455	1
A_HP_28	43	Pulse	99	3346735	136455	1
A_HP_28	43	Pulse	99	3366735	156454	1
A_HP_28	43	Pulse	99	3386735	176454	1
A_HP_28	43	Pulse	99	3406734	196454	1
A_HP_28	43	Pulse	99	3426735	216455	1
A_HP_28	43	Pulse	99	3446735	236455	1
A_HP_28	43	Pulse	99	3466735	256455	1
A_HP_28	43	Pulse	99	3486734	276454	1
A_HP_28	43	Pulse	99	3506735	296455	1
A_HP_28	44	Response	3	3526735	6224	1
A_HP_28	44	Pulse	99	3526735	6224	1
A_HP_28	45	Picture	response60	3527310	230	1	40229	1	0	40000	hit	242
A_HP_28	45	Response	1	3539423	12343	1
A_HP_28	45	Pulse	99	3546735	19654	1
A_HP_28	45	Pulse	99	3566735	39654	1
A_HP_28	46	Picture	response62	3577602	122	1	40229	1	0	40000	hit	246
A_HP_28	46	Response	1	3583363	5883	1
A_HP_28	46	Pulse	99	3586734	9254	1
A_HP_28	46	Pulse	99	3606735	29255	1
A_HP_28	46	Pulse	99	3626735	49254	1
A_HP_28	47	Picture	response64	3628061	180	1	40229	1	0	40000	hit	251
A_HP_28	47	Response	1	3632903	5023	1
A_HP_28	47	Pulse	99	3646734	18854	1
A_HP_28	47	Pulse	99	3666735	38854	1
A_HP_28	48	Picture	response57	3678519	238	1	40230	1	0	40000	hit	255
A_HP_28	48	Response	1	3684973	6693	1
A_HP_28	48	Pulse	99	3686734	8454	1
A_HP_28	48	Pulse	99	3706735	28454	1
A_HP_28	48	Pulse	99	3726734	48454	1
A_HP_28	49	Picture	response58	3728977	297	1	40229	1	0	40000	hit	260
A_HP_28	49	Response	2	3735173	6493	1
A_HP_28	49	Pulse	99	3746734	18054	1
A_HP_28	49	Pulse	99	3766735	38054	1
A_HP_28	50	Picture	response63	3779269	189	1	40229	1	0	40000	hit	264
A_HP_28	50	Response	1	3784303	5223	1
A_HP_28	50	Pulse	99	3786734	7654	1
A_HP_28	50	Pulse	99	3806734	27654	1
A_HP_28	50	Pulse	99	3826735	47655	1
A_HP_28	51	Picture	response61	3829560	80	1	40229	1	0	40000	hit	269
A_HP_28	51	Response	2	3835803	6323	1
A_HP_28	51	Pulse	99	3846735	17254	1
A_HP_28	51	Pulse	99	3866735	37254	1
A_HP_28	52	Picture	response59	3880185	305	1	40229	1	0	40000	hit	274
A_HP_28	52	Pulse	99	3886735	6855	1
A_HP_28	52	Response	2	3888253	8373	1
A_HP_28	52	Pulse	99	3906734	26854	1
A_HP_28	52	Pulse	99	3926735	46855	1
A_HP_28	53	Picture	ins6	3930477	197	1	30229	1	0	30000	other	0
A_HP_28	53	Pulse	99	3946735	16454	1
A_HP_28	53	Pulse	99	3966734	36454	1
A_HP_28	53	Pulse	99	3986734	56454	1
A_HP_28	53	Pulse	99	4006734	76454	1
A_HP_28	53	Pulse	99	4026735	96454	1
A_HP_28	53	Pulse	99	4046735	116454	1
A_HP_28	53	Pulse	99	4066734	136454	1
A_HP_28	53	Pulse	99	4086734	156454	1
A_HP_28	53	Pulse	99	4106734	176454	1
A_HP_28	53	Pulse	99	4126734	196454	1
A_HP_28	53	Pulse	99	4146734	216454	1
A_HP_28	53	Pulse	99	4166734	236454	1
A_HP_28	53	Pulse	99	4186734	256454	1
A_HP_28	53	Pulse	99	4206734	276454	1
A_HP_28	53	Pulse	99	4226734	296454	1
A_HP_28	54	Response	3	4246734	6224	1
A_HP_28	54	Pulse	99	4246734	6224	1
A_HP_28	55	Picture	response43	4247310	230	1	40229	1	0	40000	hit	296
A_HP_28	55	Response	1	4256873	9793	1
A_HP_28	55	Pulse	99	4266734	19654	1
A_HP_28	55	Pulse	99	4286734	39654	1
A_HP_28	56	Picture	response47	4297602	122	1	40229	1	0	40000	hit	300
A_HP_28	56	Response	1	4302003	4523	1
A_HP_28	56	Pulse	99	4306734	9254	1
A_HP_28	56	Pulse	99	4326734	29254	1
A_HP_28	56	Pulse	99	4346734	49254	1
A_HP_28	57	Picture	response44	4348060	180	1	40229	1	0	40000	hit	305
A_HP_28	57	Response	2	4356893	9012	1
A_HP_28	57	Pulse	99	4366734	18854	1
A_HP_28	57	Pulse	99	4386734	38854	1
A_HP_28	58	Picture	response48	4398518	238	1	40229	1	0	40000	hit	309
A_HP_28	58	Response	2	4403073	4793	1
A_HP_28	58	Pulse	99	4406734	8454	1
A_HP_28	58	Pulse	99	4426735	28455	1
A_HP_28	58	Pulse	99	4446734	48454	1
A_HP_28	59	Picture	response45	4448976	296	1	40229	1	0	40000	hit	314
A_HP_28	59	Response	2	4454663	5983	1
A_HP_28	59	Pulse	99	4466734	18054	1
A_HP_28	59	Pulse	99	4486734	38054	1
A_HP_28	60	Picture	response46	4499268	188	1	40230	1	0	40000	hit	318
A_HP_28	60	Response	1	4505973	6893	1
A_HP_28	60	Pulse	99	4506733	7653	1
A_HP_28	60	Pulse	99	4526734	27655	1
A_HP_28	60	Pulse	99	4546734	47655	1
A_HP_28	61	Picture	response41	4549560	80	1	40229	1	0	40000	hit	323
A_HP_28	61	Response	2	4557023	7543	1
A_HP_28	61	Pulse	99	4566734	17254	1
A_HP_28	61	Pulse	99	4586734	37254	1
A_HP_28	62	Picture	response42	4600185	305	1	40229	1	0	40000	hit	327
A_HP_28	62	Response	2	4604233	4353	1
A_HP_28	62	Pulse	99	4606734	6854	1
A_HP_28	62	Pulse	99	4626734	26854	1
A_HP_28	62	Pulse	99	4646735	46855	1
A_HP_28	63	Picture	thanks	4650143	0	1	10229	1	0	10000	other	0
A_HP_28	63	Pulse	99	4666734	16591	1


Event Type	Code	Type	Response	RT	RT Uncertainty	Time	Uncertainty	Duration	Uncertainty	ReqTime	ReqDur

Picture	ready	other				266969	1	10396	1	0	10000
Picture	ins22	other				327617	1	30229	1	0	30000
Picture	response174	hit	1	18303	2	647312	1	40230	1	0	40000
Picture	response173	hit	1	12930	2	697604	1	40229	1	0	40000
Picture	response171	hit	2	22932	2	748063	1	40229	1	0	40000
Picture	response172	hit	1	20724	2	798521	1	40229	1	0	40000
Picture	response175	hit	2	9655	2	848980	1	40230	1	0	40000
Picture	response175	hit	2	15183	2	899272	1	40229	1	0	40000
Picture	response170	hit	1	21031	2	949563	1	40229	1	0	40000
Picture	response169	hit	2	12337	2	1000188	1	40229	1	0	40000
Picture	ins16	other				1050480	1	30229	1	0	30000
Picture	response127	hit	2	6984	2	1367311	1	40229	1	0	40000
Picture	response121	hit	2	17342	2	1417603	1	40229	1	0	40000
Picture	response124	hit	1	10443	2	1468061	1	40229	1	0	40000
Picture	response125	hit	1	10895	2	1518519	1	40229	1	0	40000
Picture	response122	hit	1	14577	2	1568977	1	40229	1	0	40000
Picture	response123	hit	2	8205	2	1619269	1	40229	1	0	40000
Picture	response128	hit	2	18413	2	1669560	1	40229	1	0	40000
Picture	response126	hit	2	11009	2	1720185	1	40229	1	0	40000
Picture	ins14	other				1770477	1	30229	1	0	30000
Picture	response109	hit	1	12024	2	2087311	1	40229	1	0	40000
Picture	response110	hit	2	8252	2	2137602	1	40230	1	0	40000
Picture	response111	hit	1	7283	2	2188061	1	40229	1	0	40000
Picture	response108	hit	2	5624	2	2238520	1	40229	1	0	40000
Picture	response107	hit	1	11416	2	2288978	1	40229	1	0	40000
Picture	response112	hit	1	13584	2	2339270	1	40229	1	0	40000
Picture	response106	hit	2	8862	2	2389562	1	40230	1	0	40000
Picture	response105	hit	1	12477	2	2440187	1	40229	1	0	40000
Picture	ins24	other				2490479	1	30229	1	0	30000
Picture	response192	hit	1	8482	2	2807312	1	40229	1	0	40000
Picture	response190	hit	2	10670	2	2857603	1	40229	1	0	40000
Picture	response189	hit	2	11932	2	2908062	1	40229	1	0	40000
Picture	response185	hit	2	15643	2	2958520	1	40229	1	0	40000
Picture	response188	incorrect	2	26045	2	3008978	1	40229	1	0	40000
Picture	response186	hit	1	14325	2	3059270	1	40229	1	0	40000
Picture	response187	hit	2	16102	2	3109562	1	40229	1	0	40000
Picture	response191	hit	1	12367	2	3160186	1	40229	1	0	40000
Picture	ins8	other				3210478	1	30229	1	0	30000
Picture	response60	hit	1	12113	2	3527310	1	40229	1	0	40000
Picture	response62	hit	1	5761	2	3577602	1	40229	1	0	40000
Picture	response64	hit	1	4843	2	3628061	1	40229	1	0	40000
Picture	response57	hit	1	6455	2	3678519	1	40230	1	0	40000
Picture	response58	hit	2	6196	2	3728977	1	40229	1	0	40000
Picture	response63	hit	1	5035	2	3779269	1	40229	1	0	40000
Picture	response61	hit	2	6243	2	3829560	1	40229	1	0	40000
Picture	response59	hit	2	8068	2	3880185	1	40229	1	0	40000
Picture	ins6	other				3930477	1	30229	1	0	30000
Picture	response43	hit	1	9563	2	4247310	1	40229	1	0	40000
Picture	response47	hit	1	4401	2	4297602	1	40229	1	0	40000
Picture	response44	hit	2	8833	2	4348060	1	40229	1	0	40000
Picture	response48	hit	2	4555	2	4398518	1	40229	1	0	40000
Picture	response45	hit	2	5687	2	4448976	1	40229	1	0	40000
Picture	response46	hit	1	6705	2	4499268	1	40230	1	0	40000
Picture	response41	hit	2	7463	2	4549560	1	40229	1	0	40000
Picture	response42	hit	2	4048	2	4600185	1	40229	1	0	40000
Picture	thanks	other				4650143	1	10229	1	0	10000


{
   "app": "Presentation Version 21.0 Build 06.06.19",
   "device": "LENOVO 20KHCTO1WW",
   "experiment": "{C0C68DB1-10BA-42F2-8F79-3F2AFFEED4E4}",
   "os": "Windows 10 64 bit",
   "package": "",
   "parameters": {
      "configuration": "Default configuration"
   },
   "scenario": "Feature experiment(4).sce",
   "subject": "A_HP_28",
   "timestamp": "2019/11/07 06:45:29 GMT"
}
