Scenario - 
Logfile written - 07/19/2019 09:37:57

Subject	Trial	Event Type	Code	Time	TTime	Uncertainty	Duration	Uncertainty	ReqTime	ReqDur	Stim Type	Pair Index

A_HP_01	1	Response	3	370263	368764	1
A_HP_01	1	Pulse	99	370263	368764	1
A_HP_01	2	Picture	ready	370499	0	1	10231	1	0	10000	other	0
A_HP_01	2	Pulse	99	390343	19844	1
A_HP_01	2	Pulse	99	410263	39764	1
A_HP_01	2	Pulse	99	430263	59764	1
A_HP_01	3	Picture	ins22	431148	240	1	30230	1	0	30000	other	0
A_HP_01	3	Pulse	99	450263	19354	1
A_HP_01	3	Pulse	99	470263	39355	1
A_HP_01	3	Pulse	99	490263	59355	1
A_HP_01	3	Pulse	99	510263	79355	1
A_HP_01	3	Pulse	99	530344	99435	1
A_HP_01	3	Pulse	99	550263	119355	1
A_HP_01	3	Pulse	99	570263	139355	1
A_HP_01	3	Pulse	99	590343	159435	1
A_HP_01	3	Pulse	99	610263	179354	1
A_HP_01	3	Pulse	99	630263	199355	1
A_HP_01	3	Pulse	99	650343	219435	1
A_HP_01	3	Pulse	99	670264	239355	1
A_HP_01	3	Pulse	99	690263	259355	1
A_HP_01	3	Pulse	99	710343	279435	1
A_HP_01	3	Pulse	99	730263	299355	1
A_HP_01	4	Response	3	750263	9122	1
A_HP_01	4	Pulse	99	750263	9122	1
A_HP_01	5	Picture	response174	750840	232	1	40230	1	0	40000	hit	27
A_HP_01	5	Pulse	99	770343	19735	1
A_HP_01	5	Response	1	771481	20873	1
A_HP_01	5	Pulse	99	790263	39655	1
A_HP_01	6	Picture	response170	801300	292	1	40231	1	0	40000	hit	31
A_HP_01	6	Pulse	99	810266	9258	1
A_HP_01	6	Response	1	810841	9833	1
A_HP_01	6	Pulse	99	830343	29335	1
A_HP_01	6	Pulse	99	850263	49255	1
A_HP_01	7	Picture	response173	851594	186	1	40230	1	0	40000	hit	36
A_HP_01	7	Pulse	99	870263	18855	1
A_HP_01	7	Response	1	875771	24363	1
A_HP_01	7	Pulse	99	890343	38935	1
A_HP_01	8	Picture	response175	902055	246	1	40231	1	0	40000	hit	40
A_HP_01	8	Pulse	99	910264	8455	1
A_HP_01	8	Response	2	921392	19583	1
A_HP_01	8	Pulse	99	930263	28455	1
A_HP_01	8	Pulse	99	950264	48455	1
A_HP_01	9	Picture	response171	952349	140	1	40269	1	0	40000	hit	45
A_HP_01	9	Pulse	99	970263	18055	1
A_HP_01	9	Response	2	973142	20933	1
A_HP_01	9	Pulse	99	990264	38055	1
A_HP_01	10	Picture	response169	1002681	72	1	40231	1	0	40000	hit	49
A_HP_01	10	Pulse	99	1010264	7656	1
A_HP_01	10	Response	2	1015822	13213	1
A_HP_01	10	Pulse	99	1030263	27655	1
A_HP_01	10	Pulse	99	1050263	47655	1
A_HP_01	11	Picture	response172	1053308	300	1	40231	1	0	40000	hit	53
A_HP_01	11	Response	1	1068773	15764	1
A_HP_01	11	Pulse	99	1070264	17255	1
A_HP_01	11	Pulse	99	1090344	37335	1
A_HP_01	12	Picture	response175	1103602	193	1	40230	1	0	40000	hit	58
A_HP_01	12	Pulse	99	1110263	6855	1
A_HP_01	12	Response	2	1115452	12043	1
A_HP_01	12	Pulse	99	1130264	26855	1
A_HP_01	12	Pulse	99	1150343	46935	1
A_HP_01	13	Picture	ins14	1154062	254	1	30230	1	0	30000	other	0
A_HP_01	13	Pulse	99	1170263	16455	1
A_HP_01	13	Pulse	99	1190263	36455	1
A_HP_01	13	Pulse	99	1210343	56535	1
A_HP_01	13	Pulse	99	1230263	76455	1
A_HP_01	13	Pulse	99	1250264	96455	1
A_HP_01	13	Pulse	99	1270344	116535	1
A_HP_01	13	Pulse	99	1290264	136456	1
A_HP_01	13	Pulse	99	1310264	156455	1
A_HP_01	13	Pulse	99	1330344	176535	1
A_HP_01	13	Pulse	99	1350264	196455	1
A_HP_01	13	Pulse	99	1370264	216456	1
A_HP_01	13	Pulse	99	1390263	236455	1
A_HP_01	13	Pulse	99	1410263	256455	1
A_HP_01	13	Pulse	99	1430264	276455	1
A_HP_01	13	Pulse	99	1450263	296455	1
A_HP_01	14	Response	3	1470264	6223	1
A_HP_01	14	Pulse	99	1470264	6223	1
A_HP_01	15	Picture	response110	1470841	232	1	40230	1	0	40000	hit	80
A_HP_01	15	Response	2	1480822	10213	1
A_HP_01	15	Pulse	99	1490264	19655	1
A_HP_01	15	Pulse	99	1510264	39655	1
A_HP_01	16	Picture	response108	1521301	292	1	40230	1	0	40000	hit	85
A_HP_01	16	Pulse	99	1530264	9255	1
A_HP_01	16	Response	2	1535062	14053	1
A_HP_01	16	Pulse	99	1550264	29255	1
A_HP_01	16	Pulse	99	1570264	49255	1
A_HP_01	17	Picture	response112	1571595	186	1	40230	1	0	40000	hit	89
A_HP_01	17	Response	1	1586662	15253	1
A_HP_01	17	Pulse	99	1590263	18854	1
A_HP_01	17	Pulse	99	1610264	38855	1
A_HP_01	18	Picture	response105	1622055	246	1	40231	1	0	40000	hit	94
A_HP_01	18	Pulse	99	1630264	8454	1
A_HP_01	18	Response	1	1640253	18444	1
A_HP_01	18	Pulse	99	1650264	28454	1
A_HP_01	18	Pulse	99	1670264	48454	1
A_HP_01	19	Picture	response106	1672350	141	1	40230	1	0	40000	hit	98
A_HP_01	19	Response	2	1685083	12874	1
A_HP_01	19	Pulse	99	1690263	18055	1
A_HP_01	19	Pulse	99	1710344	38135	1
A_HP_01	20	Picture	response107	1722810	201	1	40230	1	0	40000	hit	103
A_HP_01	20	Pulse	99	1730264	7655	1
A_HP_01	20	Response	1	1743043	20433	1
A_HP_01	20	Pulse	99	1750264	27654	1
A_HP_01	20	Pulse	99	1770344	47735	1
A_HP_01	21	Picture	response109	1773271	261	1	40230	1	0	40000	hit	108
A_HP_01	21	Pulse	99	1790264	17255	1
A_HP_01	21	Response	1	1791842	18833	1
A_HP_01	21	Pulse	99	1810264	37255	1
A_HP_01	22	Picture	response111	1823564	155	1	40230	1	0	40000	hit	112
A_HP_01	22	Pulse	99	1830344	6935	1
A_HP_01	22	Response	1	1835212	11803	1
A_HP_01	22	Pulse	99	1850264	26855	1
A_HP_01	22	Pulse	99	1870264	46855	1
A_HP_01	23	Picture	ins24	1874025	216	1	30230	1	0	30000	other	0
A_HP_01	23	Pulse	99	1890264	16455	1
A_HP_01	23	Pulse	99	1910264	36455	1
A_HP_01	23	Pulse	99	1930264	56455	1
A_HP_01	23	Pulse	99	1950264	76455	1
A_HP_01	23	Pulse	99	1970264	96455	1
A_HP_01	23	Pulse	99	1990264	116455	1
A_HP_01	23	Pulse	99	2010264	136455	1
A_HP_01	23	Pulse	99	2030264	156455	1
A_HP_01	23	Pulse	99	2050264	176455	1
A_HP_01	23	Pulse	99	2070264	196455	1
A_HP_01	23	Pulse	99	2090264	216455	1
A_HP_01	23	Pulse	99	2110264	236455	1
A_HP_01	23	Pulse	99	2130264	256455	1
A_HP_01	23	Pulse	99	2150264	276455	1
A_HP_01	23	Pulse	99	2170264	296455	1
A_HP_01	24	Response	3	2190264	6222	1
A_HP_01	24	Pulse	99	2190264	6222	1
A_HP_01	25	Picture	response186	2190841	231	1	40230	1	0	40000	hit	134
A_HP_01	25	Response	1	2208433	17824	1
A_HP_01	25	Pulse	99	2210264	19654	1
A_HP_01	25	Pulse	99	2230264	39654	1
A_HP_01	26	Picture	response189	2241301	292	1	40230	1	0	40000	hit	139
A_HP_01	26	Pulse	99	2250264	9255	1
A_HP_01	26	Response	2	2254863	13854	1
A_HP_01	26	Pulse	99	2270264	29255	1
A_HP_01	26	Pulse	99	2290264	49255	1
A_HP_01	27	Picture	response190	2291593	184	2	40230	2	0	40000	hit	143
A_HP_01	27	Response	2	2305793	14383	1
A_HP_01	27	Pulse	99	2310264	18854	1
A_HP_01	27	Pulse	99	2330264	38855	1
A_HP_01	28	Picture	response192	2342053	244	1	40230	1	0	40000	hit	148
A_HP_01	28	Pulse	99	2350264	8455	1
A_HP_01	28	Response	1	2357203	15393	1
A_HP_01	28	Pulse	99	2370264	28455	1
A_HP_01	28	Pulse	99	2390264	48455	1
A_HP_01	29	Picture	response185	2392347	137	1	40230	1	0	40000	hit	152
A_HP_01	29	Response	2	2403053	10843	1
A_HP_01	29	Pulse	99	2410264	18055	1
A_HP_01	29	Pulse	99	2430264	38055	1
A_HP_01	30	Picture	response188	2442807	198	1	40231	1	0	40000	hit	157
A_HP_01	30	Pulse	99	2450264	7655	1
A_HP_01	30	Response	1	2459833	17223	1
A_HP_01	30	Pulse	99	2470266	27656	1
A_HP_01	30	Pulse	99	2490264	47655	1
A_HP_01	31	Picture	response191	2493268	259	1	40230	1	0	40000	hit	162
A_HP_01	31	Pulse	99	2510264	17255	1
A_HP_01	31	Response	1	2511552	18543	1
A_HP_01	31	Pulse	99	2530264	37255	1
A_HP_01	32	Picture	response187	2543562	153	1	40231	1	0	40000	hit	166
A_HP_01	32	Pulse	99	2550264	6855	1
A_HP_01	32	Response	2	2554582	11173	1
A_HP_01	32	Pulse	99	2570264	26855	1
A_HP_01	32	Pulse	99	2590264	46855	1
A_HP_01	33	Picture	ins6	2594023	213	1	30230	1	0	30000	other	0
A_HP_01	33	Pulse	99	2610264	16454	1
A_HP_01	33	Pulse	99	2630264	36455	1
A_HP_01	33	Pulse	99	2650264	56455	1
A_HP_01	33	Pulse	99	2670264	76454	1
A_HP_01	33	Pulse	99	2690264	96455	1
A_HP_01	33	Pulse	99	2710264	116454	1
A_HP_01	33	Pulse	99	2730264	136455	1
A_HP_01	33	Pulse	99	2750265	156455	1
A_HP_01	33	Pulse	99	2770265	176455	1
A_HP_01	33	Pulse	99	2790264	196455	1
A_HP_01	33	Pulse	99	2810264	216455	1
A_HP_01	33	Pulse	99	2830264	236455	1
A_HP_01	33	Pulse	99	2850264	256455	1
A_HP_01	33	Pulse	99	2870264	276454	1
A_HP_01	33	Pulse	99	2890264	296455	1
A_HP_01	34	Response	3	2910264	6222	1
A_HP_01	34	Pulse	99	2910264	6222	1
A_HP_01	35	Picture	response46	2910842	232	1	40230	1	0	40000	hit	188
A_HP_01	35	Response	1	2917903	7293	1
A_HP_01	35	Pulse	99	2930264	19655	1
A_HP_01	35	Pulse	99	2950264	39655	1
A_HP_01	36	Picture	response48	2961302	293	1	40230	1	0	40000	hit	192
A_HP_01	36	Response	2	2965583	4574	1
A_HP_01	36	Pulse	99	2970264	9255	1
A_HP_01	36	Pulse	99	2990264	29255	1
A_HP_01	36	Pulse	99	3010264	49255	1
A_HP_01	37	Picture	response41	3011596	186	1	40231	1	0	40000	hit	197
A_HP_01	37	Response	2	3016863	5454	1
A_HP_01	37	Pulse	99	3030264	18855	1
A_HP_01	37	Pulse	99	3050264	38855	1
A_HP_01	38	Picture	response47	3062057	247	1	40230	1	0	40000	hit	201
A_HP_01	38	Response	1	3068603	6794	1
A_HP_01	38	Pulse	99	3070264	8454	1
A_HP_01	38	Pulse	99	3090264	28455	1
A_HP_01	38	Pulse	99	3110264	48455	1
A_HP_01	39	Picture	response45	3112350	140	1	40230	1	0	40000	hit	206
A_HP_01	39	Response	2	3121043	8834	1
A_HP_01	39	Pulse	99	3130264	18055	1
A_HP_01	39	Pulse	99	3150264	38055	1
A_HP_01	40	Picture	response44	3162811	201	1	40230	1	0	40000	hit	211
A_HP_01	40	Pulse	99	3170264	7655	1
A_HP_01	40	Response	2	3175013	12403	1
A_HP_01	40	Pulse	99	3190264	27655	1
A_HP_01	40	Pulse	99	3210265	47655	1
A_HP_01	41	Picture	response43	3213271	261	1	40230	1	0	40000	hit	215
A_HP_01	41	Response	1	3218453	5444	1
A_HP_01	41	Pulse	99	3230264	17255	1
A_HP_01	41	Pulse	99	3250264	37255	1
A_HP_01	42	Picture	response42	3263565	155	1	40230	1	0	40000	hit	220
A_HP_01	42	Pulse	99	3270264	6855	1
A_HP_01	42	Response	2	3272113	8703	1
A_HP_01	42	Pulse	99	3290265	26856	1
A_HP_01	42	Pulse	99	3310264	46855	1
A_HP_01	43	Picture	ins16	3314025	216	1	30230	1	0	30000	other	0
A_HP_01	43	Pulse	99	3330264	16455	1
A_HP_01	43	Pulse	99	3350264	36455	1
A_HP_01	43	Pulse	99	3370265	56455	1
A_HP_01	43	Pulse	99	3390264	76455	1
A_HP_01	43	Pulse	99	3410264	96455	1
A_HP_01	43	Pulse	99	3430264	116455	1
A_HP_01	43	Pulse	99	3450264	136455	1
A_HP_01	43	Pulse	99	3470264	156455	1
A_HP_01	43	Pulse	99	3490265	176455	1
A_HP_01	43	Pulse	99	3510264	196455	1
A_HP_01	43	Pulse	99	3530264	216455	1
A_HP_01	43	Pulse	99	3550264	236455	1
A_HP_01	43	Pulse	99	3570264	256455	1
A_HP_01	43	Pulse	99	3590264	276455	1
A_HP_01	43	Pulse	99	3610264	296455	1
A_HP_01	44	Response	3	3630265	6223	1
A_HP_01	44	Pulse	99	3630265	6223	1
A_HP_01	45	Picture	response127	3630842	231	1	40231	1	0	40000	hit	242
A_HP_01	45	Response	2	3641943	11333	1
A_HP_01	45	Pulse	99	3650265	19654	1
A_HP_01	45	Pulse	99	3670265	39654	1
A_HP_01	46	Picture	response128	3681302	293	1	40231	1	0	40000	hit	247
A_HP_01	46	Pulse	99	3690265	9255	1
A_HP_01	46	Response	2	3701293	20283	1
A_HP_01	46	Pulse	99	3710265	29255	1
A_HP_01	46	Pulse	99	3730264	49255	1
A_HP_01	47	Picture	response126	3731596	187	1	40231	1	0	40000	hit	251
A_HP_01	47	Response	2	3739363	7954	1
A_HP_01	47	Pulse	99	3750265	18855	1
A_HP_01	47	Pulse	99	3770265	38855	1
A_HP_01	48	Picture	response123	3782057	247	1	40230	1	0	40000	hit	256
A_HP_01	48	Pulse	99	3790264	8455	1
A_HP_01	48	Response	2	3793563	11753	1
A_HP_01	48	Pulse	99	3810265	28455	1
A_HP_01	48	Pulse	99	3830265	48455	1
A_HP_01	49	Picture	response124	3832351	141	1	40230	1	0	40000	hit	260
A_HP_01	49	Response	1	3844384	12174	1
A_HP_01	49	Pulse	99	3850264	18054	1
A_HP_01	49	Pulse	99	3870265	38054	1
A_HP_01	50	Picture	response121	3882811	202	1	40231	1	0	40000	hit	265
A_HP_01	50	Pulse	99	3890265	7655	1
A_HP_01	50	Response	2	3898734	16124	1
A_HP_01	50	Pulse	99	3910265	27655	1
A_HP_01	50	Pulse	99	3930264	47655	1
A_HP_01	51	Picture	response125	3933272	263	1	40230	1	0	40000	hit	269
A_HP_01	51	Response	1	3944793	11784	1
A_HP_01	51	Pulse	99	3950264	17254	1
A_HP_01	51	Pulse	99	3970265	37255	1
A_HP_01	52	Picture	response122	3983566	155	1	40230	1	0	40000	hit	274
A_HP_01	52	Pulse	99	3990265	6855	1
A_HP_01	52	Response	1	3997384	13973	1
A_HP_01	52	Pulse	99	4010265	26855	1
A_HP_01	52	Pulse	99	4030265	46855	1
A_HP_01	53	Picture	ins8	4034026	216	1	30230	1	0	30000	other	0
A_HP_01	53	Pulse	99	4050265	16455	1
A_HP_01	53	Pulse	99	4070265	36455	1
A_HP_01	53	Pulse	99	4090265	56455	1
A_HP_01	53	Pulse	99	4110265	76455	1
A_HP_01	53	Pulse	99	4130265	96455	1
A_HP_01	53	Pulse	99	4150265	116454	1
A_HP_01	53	Pulse	99	4170265	136455	1
A_HP_01	53	Pulse	99	4190265	156455	1
A_HP_01	53	Pulse	99	4210265	176454	1
A_HP_01	53	Pulse	99	4230265	196455	1
A_HP_01	53	Pulse	99	4250265	216455	1
A_HP_01	53	Pulse	99	4270265	236455	1
A_HP_01	53	Pulse	99	4290265	256455	1
A_HP_01	53	Pulse	99	4310265	276455	1
A_HP_01	53	Pulse	99	4330265	296455	1
A_HP_01	54	Response	3	4350265	6222	1
A_HP_01	54	Pulse	99	4350265	6222	1
A_HP_01	55	Picture	response62	4350841	231	1	40230	1	0	40000	hit	296
A_HP_01	55	Response	1	4357144	6534	1
A_HP_01	55	Pulse	99	4370265	19655	1
A_HP_01	55	Pulse	99	4390265	39655	1
A_HP_01	56	Picture	response60	4401302	292	1	40230	1	0	40000	hit	300
A_HP_01	56	Response	1	4406354	5343	1
A_HP_01	56	Pulse	99	4410264	9254	1
A_HP_01	56	Pulse	99	4430265	29255	1
A_HP_01	56	Pulse	99	4450265	49255	1
A_HP_01	57	Picture	response58	4451596	185	1	40231	1	0	40000	hit	305
A_HP_01	57	Response	2	4461414	10003	1
A_HP_01	57	Pulse	99	4470265	18855	1
A_HP_01	57	Pulse	99	4490265	38855	1
A_HP_01	58	Picture	response57	4502056	246	1	40231	1	0	40000	hit	309
A_HP_01	58	Response	1	4508244	6434	1
A_HP_01	58	Pulse	99	4510265	8455	1
A_HP_01	58	Pulse	99	4530265	28455	1
A_HP_01	58	Pulse	99	4550265	48455	1
A_HP_01	59	Picture	response59	4552351	141	1	40267	1	0	40000	hit	314
A_HP_01	59	Response	2	4561274	9064	1
A_HP_01	59	Pulse	99	4570265	18054	1
A_HP_01	59	Pulse	99	4590265	38054	1
A_HP_01	60	Picture	response61	4602682	72	1	40230	1	0	40000	hit	318
A_HP_01	60	Response	2	4609864	7254	1
A_HP_01	60	Pulse	99	4610264	7654	1
A_HP_01	60	Pulse	99	4630265	27655	1
A_HP_01	60	Pulse	99	4650265	47655	1
A_HP_01	61	Picture	response64	4653309	298	1	40231	1	0	40000	hit	323
A_HP_01	61	Response	1	4664634	11624	1
A_HP_01	61	Pulse	99	4670265	17255	1
A_HP_01	61	Pulse	99	4690265	37255	1
A_HP_01	62	Picture	response63	4703603	192	1	40230	1	0	40000	hit	327
A_HP_01	62	Response	1	4709314	5904	1
A_HP_01	62	Pulse	99	4710265	6854	1
A_HP_01	62	Pulse	99	4730265	26855	1
A_HP_01	62	Pulse	99	4750265	46855	1
A_HP_01	63	Picture	thanks	4753563	0	1	10231	1	0	10000	other	0
A_HP_01	63	Pulse	99	4770265	16702	1


Event Type	Code	Type	Response	RT	RT Uncertainty	Time	Uncertainty	Duration	Uncertainty	ReqTime	ReqDur

Picture	ready	other				370499	1	10231	1	0	10000
Picture	ins22	other				431148	1	30230	1	0	30000
Picture	response174	hit	1	20641	2	750840	1	40230	1	0	40000
Picture	response170	hit	1	9541	2	801300	1	40231	1	0	40000
Picture	response173	hit	1	24177	2	851594	1	40230	1	0	40000
Picture	response175	hit	2	19337	2	902055	1	40231	1	0	40000
Picture	response171	hit	2	20793	2	952349	1	40269	1	0	40000
Picture	response169	hit	2	13141	2	1002681	1	40231	1	0	40000
Picture	response172	hit	1	15465	2	1053308	1	40231	1	0	40000
Picture	response175	hit	2	11850	2	1103602	1	40230	1	0	40000
Picture	ins14	other				1154062	1	30230	1	0	30000
Picture	response110	hit	2	9982	2	1470841	1	40230	1	0	40000
Picture	response108	hit	2	13761	2	1521301	1	40230	1	0	40000
Picture	response112	hit	1	15068	2	1571595	1	40230	1	0	40000
Picture	response105	hit	1	18198	2	1622055	1	40231	1	0	40000
Picture	response106	hit	2	12733	2	1672350	1	40230	1	0	40000
Picture	response107	hit	1	20232	2	1722810	1	40230	1	0	40000
Picture	response109	hit	1	18572	2	1773271	1	40230	1	0	40000
Picture	response111	hit	1	11648	2	1823564	1	40230	1	0	40000
Picture	ins24	other				1874025	1	30230	1	0	30000
Picture	response186	hit	1	17592	2	2190841	1	40230	1	0	40000
Picture	response189	hit	2	13562	2	2241301	1	40230	1	0	40000
Picture	response190	hit	2	14200	3	2291593	2	40230	2	0	40000
Picture	response192	hit	1	15150	2	2342053	1	40230	1	0	40000
Picture	response185	hit	2	10706	2	2392347	1	40230	1	0	40000
Picture	response188	hit	1	17025	2	2442807	1	40231	1	0	40000
Picture	response191	hit	1	18284	2	2493268	1	40230	1	0	40000
Picture	response187	hit	2	11020	2	2543562	1	40231	1	0	40000
Picture	ins6	other				2594023	1	30230	1	0	30000
Picture	response46	hit	1	7061	2	2910842	1	40230	1	0	40000
Picture	response48	hit	2	4281	2	2961302	1	40230	1	0	40000
Picture	response41	hit	2	5267	2	3011596	1	40231	1	0	40000
Picture	response47	hit	1	6547	2	3062057	1	40230	1	0	40000
Picture	response45	hit	2	8693	2	3112350	1	40230	1	0	40000
Picture	response44	hit	2	12202	2	3162811	1	40230	1	0	40000
Picture	response43	hit	1	5182	2	3213271	1	40230	1	0	40000
Picture	response42	hit	2	8548	2	3263565	1	40230	1	0	40000
Picture	ins16	other				3314025	1	30230	1	0	30000
Picture	response127	hit	2	11102	2	3630842	1	40231	1	0	40000
Picture	response128	hit	2	19991	2	3681302	1	40231	1	0	40000
Picture	response126	hit	2	7767	2	3731596	1	40231	1	0	40000
Picture	response123	hit	2	11506	2	3782057	1	40230	1	0	40000
Picture	response124	hit	1	12033	2	3832351	1	40230	1	0	40000
Picture	response121	hit	2	15922	2	3882811	1	40231	1	0	40000
Picture	response125	hit	1	11521	2	3933272	1	40230	1	0	40000
Picture	response122	hit	1	13818	2	3983566	1	40230	1	0	40000
Picture	ins8	other				4034026	1	30230	1	0	30000
Picture	response62	hit	1	6302	2	4350841	1	40230	1	0	40000
Picture	response60	hit	1	5052	2	4401302	1	40230	1	0	40000
Picture	response58	hit	2	9818	2	4451596	1	40231	1	0	40000
Picture	response57	hit	1	6188	2	4502056	1	40231	1	0	40000
Picture	response59	hit	2	8923	2	4552351	1	40267	1	0	40000
Picture	response61	hit	2	7182	2	4602682	1	40230	1	0	40000
Picture	response64	hit	1	11325	2	4653309	1	40231	1	0	40000
Picture	response63	hit	1	5711	2	4703603	1	40230	1	0	40000
Picture	thanks	other				4753563	1	10231	1	0	10000


{
   "app": "Presentation Version 21.0 Build 06.06.19",
   "device": "LENOVO 20KHCTO1WW",
   "experiment": "{C0C68DB1-10BA-42F2-8F79-3F2AFFEED4E4}",
   "os": "Windows 10 64 bit",
   "package": "",
   "parameters": {
      "configuration": "Default configuration"
   },
   "scenario": "Feature experiment(4).sce",
   "subject": "A_HP_01",
   "timestamp": "2019/07/19 00:29:49 GMT"
}
