Scenario - 
Logfile written - 08/29/2019 13:50:27

Subject	Trial	Event Type	Code	Time	TTime	Uncertainty	Duration	Uncertainty	ReqTime	ReqDur	Stim Type	Pair Index

A_HP_10	1	Response	3	279981	278648	1
A_HP_10	1	Pulse	99	279981	278648	1
A_HP_10	2	Picture	ready	280213	0	1	10229	1	0	10000	other	0
A_HP_10	2	Pulse	99	300061	19848	1
A_HP_10	2	Pulse	99	320061	39848	1
A_HP_10	2	Pulse	99	339981	59768	1
A_HP_10	3	Picture	ins14	340808	233	1	30229	1	0	30000	other	0
A_HP_10	3	Pulse	99	360061	19485	1
A_HP_10	3	Pulse	99	380059	39484	3
A_HP_10	3	Pulse	99	399980	59405	1
A_HP_10	3	Pulse	99	420060	79485	1
A_HP_10	3	Pulse	99	440060	99485	1
A_HP_10	3	Pulse	99	459981	119405	1
A_HP_10	3	Pulse	99	480061	139486	1
A_HP_10	3	Pulse	99	500061	159485	1
A_HP_10	3	Pulse	99	520061	179485	1
A_HP_10	3	Pulse	99	540060	199485	1
A_HP_10	3	Pulse	99	560061	219486	1
A_HP_10	3	Pulse	99	580061	239485	1
A_HP_10	3	Pulse	99	599980	259405	1
A_HP_10	3	Pulse	99	620061	279485	1
A_HP_10	3	Pulse	99	640061	299486	1
A_HP_10	4	Response	3	659981	9175	1
A_HP_10	4	Pulse	99	659981	9175	1
A_HP_10	5	Picture	response111	660605	230	1	40229	1	0	40000	hit	27
A_HP_10	5	Pulse	99	680061	19686	1
A_HP_10	5	Response	1	684539	24164	1
A_HP_10	5	Pulse	99	700061	39686	1
A_HP_10	6	Picture	response106	710897	122	1	40229	1	0	40000	hit	31
A_HP_10	6	Pulse	99	719981	9206	1
A_HP_10	6	Response	2	720609	9834	1
A_HP_10	6	Pulse	99	740061	29286	1
A_HP_10	6	Pulse	99	760061	49286	1
A_HP_10	7	Picture	response108	761355	180	1	40229	1	0	40000	hit	35
A_HP_10	7	Response	2	777289	16115	1
A_HP_10	7	Pulse	99	779980	18805	1
A_HP_10	7	Pulse	99	800061	38886	1
A_HP_10	8	Picture	response112	811813	238	1	40229	1	0	40000	hit	39
A_HP_10	8	Response	1	819870	8295	1
A_HP_10	8	Pulse	99	820060	8485	1
A_HP_10	8	Pulse	99	839981	28406	1
A_HP_10	8	Pulse	99	860061	48486	1
A_HP_10	9	Picture	response105	862272	297	1	40230	1	0	40000	hit	44
A_HP_10	9	Response	1	873729	11755	1
A_HP_10	9	Pulse	99	880060	18086	1
A_HP_10	9	Pulse	99	899981	38006	1
A_HP_10	10	Picture	response107	912563	189	1	40229	1	0	40000	hit	49
A_HP_10	10	Pulse	99	920061	7686	1
A_HP_10	10	Response	1	927369	14994	1
A_HP_10	10	Pulse	99	940061	27686	1
A_HP_10	10	Pulse	99	960061	47686	1
A_HP_10	11	Picture	response110	962855	80	1	40229	1	0	40000	hit	53
A_HP_10	11	Response	2	969819	7045	1
A_HP_10	11	Pulse	99	979981	17206	1
A_HP_10	11	Pulse	99	1000061	37286	1
A_HP_10	12	Picture	response109	1013480	305	1	40230	1	0	40000	hit	58
A_HP_10	12	Pulse	99	1020061	6886	1
A_HP_10	12	Response	1	1026779	13605	1
A_HP_10	12	Pulse	99	1039981	26806	1
A_HP_10	12	Pulse	99	1060061	46886	1
A_HP_10	13	Picture	ins16	1063772	197	1	30229	1	0	30000	other	0
A_HP_10	13	Pulse	99	1080061	16486	1
A_HP_10	13	Pulse	99	1099981	36406	1
A_HP_10	13	Pulse	99	1120061	56486	1
A_HP_10	13	Pulse	99	1140061	76486	1
A_HP_10	13	Pulse	99	1159981	96406	1
A_HP_10	13	Pulse	99	1180063	116488	1
A_HP_10	13	Pulse	99	1200061	136486	1
A_HP_10	13	Pulse	99	1219980	156406	1
A_HP_10	13	Pulse	99	1240060	176485	1
A_HP_10	13	Pulse	99	1260060	196486	1
A_HP_10	13	Pulse	99	1279980	216405	1
A_HP_10	13	Pulse	99	1299981	236406	1
A_HP_10	13	Pulse	99	1320063	256488	1
A_HP_10	13	Pulse	99	1339980	276406	1
A_HP_10	13	Pulse	99	1359980	296405	1
A_HP_10	14	Response	3	1380060	6255	1
A_HP_10	14	Pulse	99	1380060	6255	1
A_HP_10	15	Picture	response123	1380704	230	1	40229	1	0	40000	hit	80
A_HP_10	15	Response	2	1389909	9435	1
A_HP_10	15	Pulse	99	1400060	19586	1
A_HP_10	15	Pulse	99	1419980	39507	1
A_HP_10	16	Picture	response127	1431162	288	1	40229	1	0	40000	hit	84
A_HP_10	16	Response	2	1437049	6175	1
A_HP_10	16	Pulse	99	1440060	9185	1
A_HP_10	16	Pulse	99	1460060	29186	1
A_HP_10	16	Pulse	99	1479981	49106	1
A_HP_10	17	Picture	response126	1481454	179	1	40229	1	0	40000	hit	89
A_HP_10	17	Response	2	1490949	9674	1
A_HP_10	17	Pulse	99	1500060	18785	1
A_HP_10	17	Pulse	99	1520060	38785	1
A_HP_10	18	Picture	response121	1531912	238	1	40229	1	0	40000	hit	94
A_HP_10	18	Pulse	99	1539980	8306	1
A_HP_10	18	Response	2	1550009	18335	1
A_HP_10	18	Pulse	99	1560060	28386	1
A_HP_10	18	Pulse	99	1580060	48386	1
A_HP_10	19	Picture	response128	1582204	129	1	40229	1	0	40000	hit	98
A_HP_10	19	Response	2	1590689	8615	1
A_HP_10	19	Pulse	99	1599980	17906	1
A_HP_10	19	Pulse	99	1620060	37986	1
A_HP_10	20	Picture	response124	1632828	354	1	40229	1	0	40000	hit	103
A_HP_10	20	Pulse	99	1640060	7586	1
A_HP_10	20	Response	1	1641328	8854	1
A_HP_10	20	Pulse	99	1659980	27506	1
A_HP_10	20	Pulse	99	1679981	47506	1
A_HP_10	21	Picture	response122	1683120	245	1	40229	1	0	40000	hit	107
A_HP_10	21	Response	1	1693839	10965	1
A_HP_10	21	Pulse	99	1700060	17185	1
A_HP_10	21	Pulse	99	1719980	37106	1
A_HP_10	22	Picture	response125	1733412	137	1	40229	1	0	40000	hit	112
A_HP_10	22	Pulse	99	1739980	6706	1
A_HP_10	22	Response	1	1742939	9664	1
A_HP_10	22	Pulse	99	1760060	26786	1
A_HP_10	22	Pulse	99	1779980	46706	1
A_HP_10	23	Picture	ins6	1783870	196	1	30229	1	0	30000	other	0
A_HP_10	23	Pulse	99	1799980	16306	1
A_HP_10	23	Pulse	99	1820060	36386	1
A_HP_10	23	Pulse	99	1840060	56386	1
A_HP_10	23	Pulse	99	1859980	76306	1
A_HP_10	23	Pulse	99	1880060	96386	1
A_HP_10	23	Pulse	99	1900060	116386	1
A_HP_10	23	Pulse	99	1919980	136306	1
A_HP_10	23	Pulse	99	1940060	156386	1
A_HP_10	23	Pulse	99	1960060	176386	1
A_HP_10	23	Pulse	99	1979980	196306	1
A_HP_10	23	Pulse	99	1999980	216306	1
A_HP_10	23	Pulse	99	2020061	236387	1
A_HP_10	23	Pulse	99	2039980	256306	1
A_HP_10	23	Pulse	99	2059980	276306	1
A_HP_10	23	Pulse	99	2080060	296386	1
A_HP_10	24	Response	3	2099980	6075	1
A_HP_10	24	Pulse	99	2099980	6075	1
A_HP_10	25	Picture	response45	2100604	230	1	40230	1	0	40000	hit	134
A_HP_10	25	Response	2	2106129	5754	1
A_HP_10	25	Pulse	99	2119980	19606	1
A_HP_10	25	Pulse	99	2140060	39686	1
A_HP_10	26	Picture	response41	2150896	122	1	40230	1	0	40000	hit	138
A_HP_10	26	Response	2	2155069	4295	1
A_HP_10	26	Pulse	99	2159980	9205	1
A_HP_10	26	Pulse	99	2179980	29206	1
A_HP_10	26	Pulse	99	2200060	49286	1
A_HP_10	27	Picture	response43	2201355	181	1	40229	1	0	40000	hit	143
A_HP_10	27	Response	1	2207409	6235	1
A_HP_10	27	Pulse	99	2219980	18806	1
A_HP_10	27	Pulse	99	2239980	38806	1
A_HP_10	28	Picture	response48	2251813	239	1	40229	1	0	40000	hit	147
A_HP_10	28	Response	2	2256549	4974	1
A_HP_10	28	Pulse	99	2260060	8485	1
A_HP_10	28	Pulse	99	2280060	28486	1
A_HP_10	28	Pulse	99	2299980	48406	1
A_HP_10	29	Picture	response47	2302271	297	1	40229	1	0	40000	hit	152
A_HP_10	29	Response	1	2308659	6685	1
A_HP_10	29	Pulse	99	2320060	18086	1
A_HP_10	29	Pulse	99	2340060	38086	1
A_HP_10	30	Picture	response46	2352563	189	1	40229	1	0	40000	hit	156
A_HP_10	30	Response	1	2357179	4805	1
A_HP_10	30	Pulse	99	2359979	7605	1
A_HP_10	30	Pulse	99	2379980	27606	1
A_HP_10	30	Pulse	99	2400060	47686	1
A_HP_10	31	Picture	response42	2402854	80	1	40229	1	0	40000	hit	161
A_HP_10	31	Response	2	2408679	5905	1
A_HP_10	31	Pulse	99	2419980	17206	1
A_HP_10	31	Pulse	99	2439980	37206	1
A_HP_10	32	Picture	response44	2453479	305	1	40229	1	0	40000	hit	165
A_HP_10	32	Response	2	2459129	5955	1
A_HP_10	32	Pulse	99	2460059	6885	1
A_HP_10	32	Pulse	99	2479980	26806	1
A_HP_10	32	Pulse	99	2499980	46806	1
A_HP_10	33	Picture	ins8	2503770	196	1	30229	1	0	30000	other	0
A_HP_10	33	Pulse	99	2520060	16486	1
A_HP_10	33	Pulse	99	2539980	36406	1
A_HP_10	33	Pulse	99	2559980	56406	1
A_HP_10	33	Pulse	99	2580060	76486	1
A_HP_10	33	Pulse	99	2599980	96406	1
A_HP_10	33	Pulse	99	2619980	116406	1
A_HP_10	33	Pulse	99	2640060	136486	1
A_HP_10	33	Pulse	99	2659980	156406	1
A_HP_10	33	Pulse	99	2679980	176406	1
A_HP_10	33	Pulse	99	2699980	196406	1
A_HP_10	33	Pulse	99	2720060	216486	1
A_HP_10	33	Pulse	99	2739980	236406	1
A_HP_10	33	Pulse	99	2759980	256406	1
A_HP_10	33	Pulse	99	2780060	276486	1
A_HP_10	33	Pulse	99	2799980	296406	1
A_HP_10	34	Response	3	2819980	6175	1
A_HP_10	34	Pulse	99	2819980	6175	1
A_HP_10	35	Picture	response64	2820604	230	1	40229	1	0	40000	hit	188
A_HP_10	35	Response	1	2828248	7874	1
A_HP_10	35	Pulse	99	2840060	19686	1
A_HP_10	35	Pulse	99	2859980	39606	1
A_HP_10	36	Picture	response57	2870896	121	1	40229	1	0	40000	hit	192
A_HP_10	36	Response	1	2875959	5184	1
A_HP_10	36	Pulse	99	2879979	9205	1
A_HP_10	36	Pulse	99	2900060	29286	1
A_HP_10	36	Pulse	99	2919980	49206	1
A_HP_10	37	Picture	response63	2921353	181	1	40229	1	0	40000	hit	197
A_HP_10	37	Response	1	2925979	4806	1
A_HP_10	37	Pulse	99	2939980	18807	1
A_HP_10	37	Pulse	99	2960059	38886	1
A_HP_10	38	Picture	response61	2971812	238	1	40229	1	0	40000	hit	201
A_HP_10	38	Response	2	2977958	6384	1
A_HP_10	38	Pulse	99	2979979	8405	1
A_HP_10	38	Pulse	99	2999980	28406	1
A_HP_10	38	Pulse	99	3020060	48486	1
A_HP_10	39	Picture	response59	3022270	296	1	40229	1	0	40000	hit	206
A_HP_10	39	Response	2	3032818	10844	1
A_HP_10	39	Pulse	99	3039980	18006	1
A_HP_10	39	Pulse	99	3059980	38006	1
A_HP_10	40	Picture	response62	3072562	188	1	40229	1	0	40000	hit	210
A_HP_10	40	Response	1	3078418	6045	1
A_HP_10	40	Pulse	99	3079979	7605	1
A_HP_10	40	Pulse	99	3099980	27606	1
A_HP_10	40	Pulse	99	3119980	47606	1
A_HP_10	41	Picture	response60	3122853	79	1	40254	1	0	40000	hit	215
A_HP_10	41	Response	1	3127448	4674	1
A_HP_10	41	Pulse	99	3139980	17206	1
A_HP_10	41	Pulse	99	3160060	37286	1
A_HP_10	42	Picture	response58	3173503	329	1	40229	1	0	40000	hit	219
A_HP_10	42	Response	2	3178958	5785	1
A_HP_10	42	Pulse	99	3179979	6806	1
A_HP_10	42	Pulse	99	3199980	26806	1
A_HP_10	42	Pulse	99	3220059	46886	1
A_HP_10	43	Picture	ins24	3223795	221	1	30229	1	0	30000	other	0
A_HP_10	43	Pulse	99	3239980	16406	1
A_HP_10	43	Pulse	99	3259980	36406	1
A_HP_10	43	Pulse	99	3280060	56486	1
A_HP_10	43	Pulse	99	3299980	76406	1
A_HP_10	43	Pulse	99	3319980	96406	1
A_HP_10	43	Pulse	99	3340060	116486	1
A_HP_10	43	Pulse	99	3359980	136406	1
A_HP_10	43	Pulse	99	3379980	156406	1
A_HP_10	43	Pulse	99	3399980	176406	1
A_HP_10	43	Pulse	99	3419980	196406	1
A_HP_10	43	Pulse	99	3439980	216406	1
A_HP_10	43	Pulse	99	3459980	236406	1
A_HP_10	43	Pulse	99	3479980	256406	1
A_HP_10	43	Pulse	99	3499980	276406	1
A_HP_10	43	Pulse	99	3519979	296406	1
A_HP_10	44	Response	3	3539980	6175	1
A_HP_10	44	Pulse	99	3539980	6175	1
A_HP_10	45	Picture	response185	3540604	230	1	40229	1	0	40000	hit	242
A_HP_10	45	Response	2	3549658	9285	1
A_HP_10	45	Pulse	99	3559979	19606	1
A_HP_10	45	Pulse	99	3579979	39606	1
A_HP_10	46	Picture	response188	3590896	122	1	40229	1	0	40000	hit	247
A_HP_10	46	Pulse	99	3600059	9286	1
A_HP_10	46	Response	1	3605528	14755	1
A_HP_10	46	Pulse	99	3619979	29206	1
A_HP_10	46	Pulse	99	3639979	49206	1
A_HP_10	47	Picture	response187	3641354	180	1	40230	1	0	40000	hit	251
A_HP_10	47	Response	2	3659878	18705	1
A_HP_10	47	Pulse	99	3660059	18885	1
A_HP_10	47	Pulse	99	3679979	38805	1
A_HP_10	48	Picture	response191	3691812	239	1	40229	1	0	40000	hit	256
A_HP_10	48	Pulse	99	3699979	8406	1
A_HP_10	48	Response	1	3704747	13175	1
A_HP_10	48	Pulse	99	3720058	28485	1
A_HP_10	48	Pulse	99	3739979	48407	1
A_HP_10	49	Picture	response192	3742270	297	1	40229	1	0	40000	hit	260
A_HP_10	49	Response	1	3751618	9645	1
A_HP_10	49	Pulse	99	3759979	18006	1
A_HP_10	49	Pulse	99	3779979	38006	1
A_HP_10	50	Picture	response189	3792562	189	1	40229	1	0	40000	hit	265
A_HP_10	50	Pulse	99	3799979	7607	1
A_HP_10	50	Response	2	3810398	18025	1
A_HP_10	50	Pulse	99	3819979	27607	1
A_HP_10	50	Pulse	99	3839979	47607	1
A_HP_10	51	Picture	response190	3842853	80	1	40229	1	0	40000	hit	269
A_HP_10	51	Response	2	3852608	9835	1
A_HP_10	51	Pulse	99	3859980	17206	1
A_HP_10	51	Pulse	99	3879979	37206	1
A_HP_10	52	Picture	response186	3893478	304	1	40230	1	0	40000	hit	274
A_HP_10	52	Pulse	99	3899979	6806	1
A_HP_10	52	Response	1	3914118	20944	1
A_HP_10	52	Pulse	99	3919979	26806	1
A_HP_10	52	Pulse	99	3939979	46806	1
A_HP_10	53	Picture	ins22	3943770	197	1	30229	1	0	30000	other	0
A_HP_10	53	Pulse	99	3959979	16406	1
A_HP_10	53	Pulse	99	3979979	36406	1
A_HP_10	53	Pulse	99	3999979	56406	1
A_HP_10	53	Pulse	99	4019979	76406	1
A_HP_10	53	Pulse	99	4040059	96486	1
A_HP_10	53	Pulse	99	4059979	116406	1
A_HP_10	53	Pulse	99	4079979	136406	1
A_HP_10	53	Pulse	99	4099979	156406	1
A_HP_10	53	Pulse	99	4119979	176406	1
A_HP_10	53	Pulse	99	4139979	196406	1
A_HP_10	53	Pulse	99	4159979	216406	1
A_HP_10	53	Pulse	99	4179979	236406	1
A_HP_10	53	Pulse	99	4199979	256406	1
A_HP_10	53	Pulse	99	4219979	276406	1
A_HP_10	53	Pulse	99	4239979	296406	1
A_HP_10	54	Response	3	4259979	6176	1
A_HP_10	54	Pulse	99	4259979	6176	1
A_HP_10	55	Picture	response175	4260603	230	1	40229	1	0	40000	hit	296
A_HP_10	55	Response	2	4267257	6884	1
A_HP_10	55	Pulse	99	4279979	19606	1
A_HP_10	55	Pulse	99	4299979	39606	1
A_HP_10	56	Picture	response175	4310895	121	1	40229	1	0	40000	hit	301
A_HP_10	56	Pulse	99	4319979	9206	1
A_HP_10	56	Response	2	4329598	18824	1
A_HP_10	56	Pulse	99	4339979	29206	1
A_HP_10	56	Pulse	99	4359979	49206	1
A_HP_10	57	Picture	response173	4361353	181	1	40229	1	0	40000	hit	305
A_HP_10	57	Response	1	4373528	12356	1
A_HP_10	57	Pulse	99	4379979	18807	1
A_HP_10	57	Pulse	99	4399978	38806	1
A_HP_10	58	Picture	response172	4411811	238	1	40229	1	0	40000	hit	310
A_HP_10	58	Pulse	99	4419978	8406	1
A_HP_10	58	Response	1	4423837	12265	1
A_HP_10	58	Pulse	99	4439978	28406	1
A_HP_10	58	Pulse	99	4459979	48407	1
A_HP_10	59	Picture	response171	4462269	296	1	40229	1	0	40000	hit	315
A_HP_10	59	Pulse	99	4479979	18006	1
A_HP_10	59	Response	2	4481807	19834	1
A_HP_10	59	Pulse	99	4499979	38006	1
A_HP_10	60	Picture	response170	4512561	188	1	40229	1	0	40000	hit	319
A_HP_10	60	Pulse	99	4519979	7606	1
A_HP_10	60	Response	1	4528308	15935	1
A_HP_10	60	Pulse	99	4539979	27606	1
A_HP_10	60	Pulse	99	4559979	47606	1
A_HP_10	61	Picture	response174	4562853	81	1	40230	1	0	40000	hit	323
A_HP_10	61	Response	1	4569827	7055	1
A_HP_10	61	Pulse	99	4579978	17206	1
A_HP_10	61	Pulse	99	4599979	37206	1
A_HP_10	62	Picture	response169	4613479	306	1	40230	1	0	40000	incorrect	328
A_HP_10	62	Pulse	99	4619978	6806	1
A_HP_10	62	Response	1	4631247	18074	1
A_HP_10	62	Pulse	99	4639979	26806	1
A_HP_10	62	Pulse	99	4659978	46806	1
A_HP_10	63	Picture	thanks	4663437	0	1	10229	1	0	10000	other	0
A_HP_10	63	Pulse	99	4679979	16541	1


Event Type	Code	Type	Response	RT	RT Uncertainty	Time	Uncertainty	Duration	Uncertainty	ReqTime	ReqDur

Picture	ready	other				280213	1	10229	1	0	10000
Picture	ins14	other				340808	1	30229	1	0	30000
Picture	response111	hit	1	23934	2	660605	1	40229	1	0	40000
Picture	response106	hit	2	9712	2	710897	1	40229	1	0	40000
Picture	response108	hit	2	15935	2	761355	1	40229	1	0	40000
Picture	response112	hit	1	8056	2	811813	1	40229	1	0	40000
Picture	response105	hit	1	11458	2	862272	1	40230	1	0	40000
Picture	response107	hit	1	14805	2	912563	1	40229	1	0	40000
Picture	response110	hit	2	6964	2	962855	1	40229	1	0	40000
Picture	response109	hit	1	13299	2	1013480	1	40230	1	0	40000
Picture	ins16	other				1063772	1	30229	1	0	30000
Picture	response123	hit	2	9205	2	1380704	1	40229	1	0	40000
Picture	response127	hit	2	5887	2	1431162	1	40229	1	0	40000
Picture	response126	hit	2	9495	2	1481454	1	40229	1	0	40000
Picture	response121	hit	2	18097	2	1531912	1	40229	1	0	40000
Picture	response128	hit	2	8486	2	1582204	1	40229	1	0	40000
Picture	response124	hit	1	8500	2	1632828	1	40229	1	0	40000
Picture	response122	hit	1	10719	2	1683120	1	40229	1	0	40000
Picture	response125	hit	1	9527	2	1733412	1	40229	1	0	40000
Picture	ins6	other				1783870	1	30229	1	0	30000
Picture	response45	hit	2	5525	2	2100604	1	40230	1	0	40000
Picture	response41	hit	2	4173	2	2150896	1	40230	1	0	40000
Picture	response43	hit	1	6054	2	2201355	1	40229	1	0	40000
Picture	response48	hit	2	4735	2	2251813	1	40229	1	0	40000
Picture	response47	hit	1	6387	2	2302271	1	40229	1	0	40000
Picture	response46	hit	1	4616	2	2352563	1	40229	1	0	40000
Picture	response42	hit	2	5825	2	2402854	1	40229	1	0	40000
Picture	response44	hit	2	5650	2	2453479	1	40229	1	0	40000
Picture	ins8	other				2503770	1	30229	1	0	30000
Picture	response64	hit	1	7645	2	2820604	1	40229	1	0	40000
Picture	response57	hit	1	5063	2	2870896	1	40229	1	0	40000
Picture	response63	hit	1	4625	2	2921353	1	40229	1	0	40000
Picture	response61	hit	2	6146	2	2971812	1	40229	1	0	40000
Picture	response59	hit	2	10548	2	3022270	1	40229	1	0	40000
Picture	response62	hit	1	5857	2	3072562	1	40229	1	0	40000
Picture	response60	hit	1	4595	2	3122853	1	40254	1	0	40000
Picture	response58	hit	2	5455	2	3173503	1	40229	1	0	40000
Picture	ins24	other				3223795	1	30229	1	0	30000
Picture	response185	hit	2	9055	2	3540604	1	40229	1	0	40000
Picture	response188	hit	1	14633	2	3590896	1	40229	1	0	40000
Picture	response187	hit	2	18524	2	3641354	1	40230	1	0	40000
Picture	response191	hit	1	12935	2	3691812	1	40229	1	0	40000
Picture	response192	hit	1	9348	2	3742270	1	40229	1	0	40000
Picture	response189	hit	2	17836	2	3792562	1	40229	1	0	40000
Picture	response190	hit	2	9755	2	3842853	1	40229	1	0	40000
Picture	response186	hit	1	20640	2	3893478	1	40230	1	0	40000
Picture	ins22	other				3943770	1	30229	1	0	30000
Picture	response175	hit	2	6654	2	4260603	1	40229	1	0	40000
Picture	response175	hit	2	18703	2	4310895	1	40229	1	0	40000
Picture	response173	hit	1	12175	2	4361353	1	40229	1	0	40000
Picture	response172	hit	1	12026	2	4411811	1	40229	1	0	40000
Picture	response171	hit	2	19538	2	4462269	1	40229	1	0	40000
Picture	response170	hit	1	15747	2	4512561	1	40229	1	0	40000
Picture	response174	hit	1	6974	2	4562853	1	40230	1	0	40000
Picture	response169	incorrect	1	17768	2	4613479	1	40230	1	0	40000
Picture	thanks	other				4663437	1	10229	1	0	10000


{
   "app": "Presentation Version 21.0 Build 06.06.19",
   "device": "LENOVO 20KHCTO1WW",
   "experiment": "{C0C68DB1-10BA-42F2-8F79-3F2AFFEED4E4}",
   "os": "Windows 10 64 bit",
   "package": "",
   "parameters": {
      "configuration": "Default configuration"
   },
   "scenario": "Feature experiment(4).sce",
   "subject": "A_HP_10",
   "timestamp": "2019/08/29 04:42:30 GMT"
}
