Scenario - 
Logfile written - 01/16/2020 14:13:41

Subject	Trial	Event Type	Code	Time	TTime	Uncertainty	Duration	Uncertainty	ReqTime	ReqDur	Stim Type	Pair Index

A_HP_47	1	Response	3	393493	392392	1
A_HP_47	1	Pulse	99	393493	392392	1
A_HP_47	2	Picture	ready	393590	0	1	10162	1	0	10000	other	0
A_HP_47	2	Pulse	99	413492	19903	1
A_HP_47	2	Pulse	99	433492	39902	1
A_HP_47	2	Pulse	99	453493	59903	1
A_HP_47	3	Picture	ins8	454063	94	1	30153	1	0	30000	other	0
A_HP_47	3	Pulse	99	473492	19524	1
A_HP_47	3	Pulse	99	493492	39524	1
A_HP_47	3	Pulse	99	513492	59524	1
A_HP_47	3	Pulse	99	533492	79524	1
A_HP_47	3	Pulse	99	553492	99524	1
A_HP_47	3	Pulse	99	573493	119524	1
A_HP_47	3	Pulse	99	593493	139524	1
A_HP_47	3	Pulse	99	613492	159524	1
A_HP_47	3	Pulse	99	633493	179524	1
A_HP_47	3	Pulse	99	653493	199524	1
A_HP_47	3	Pulse	99	673493	219524	1
A_HP_47	3	Pulse	99	693492	239524	1
A_HP_47	3	Pulse	99	713493	259524	1
A_HP_47	3	Pulse	99	733492	279524	1
A_HP_47	3	Pulse	99	753493	299524	1
A_HP_47	4	Response	3	773493	9404	1
A_HP_47	4	Pulse	99	773493	9404	1
A_HP_47	5	Picture	response58	773918	49	1	40149	1	0	40000	hit	26
A_HP_47	5	Response	2	784331	10463	1
A_HP_47	5	Pulse	99	793493	19624	1
A_HP_47	5	Pulse	99	813493	39624	1
A_HP_47	6	Picture	response59	824395	127	1	40149	1	0	40000	hit	30
A_HP_47	6	Response	2	831281	7013	1
A_HP_47	6	Pulse	99	833494	9225	1
A_HP_47	6	Pulse	99	853493	29224	1
A_HP_47	6	Pulse	99	873493	49224	1
A_HP_47	7	Picture	response60	874706	37	1	40149	1	0	40000	hit	35
A_HP_47	7	Response	1	884021	9353	1
A_HP_47	7	Pulse	99	893493	18824	1
A_HP_47	7	Pulse	99	913493	38824	1
A_HP_47	8	Picture	response64	925183	114	1	40149	1	0	40000	hit	40
A_HP_47	8	Pulse	99	933493	8424	1
A_HP_47	8	Response	1	935282	10213	1
A_HP_47	8	Pulse	99	953493	28424	1
A_HP_47	8	Pulse	99	973493	48424	1
A_HP_47	9	Picture	response57	975660	191	1	40149	1	0	40000	hit	44
A_HP_47	9	Response	1	988042	12573	1
A_HP_47	9	Pulse	99	993493	18024	1
A_HP_47	9	Pulse	99	1013493	38024	1
A_HP_47	10	Picture	response61	1025971	102	1	40149	1	0	40000	hit	49
A_HP_47	10	Pulse	99	1033493	7624	1
A_HP_47	10	Response	2	1033561	7692	1
A_HP_47	10	Pulse	99	1053493	27625	1
A_HP_47	10	Pulse	99	1073493	47624	1
A_HP_47	11	Picture	response62	1076448	179	1	40149	1	0	40000	hit	53
A_HP_47	11	Response	1	1083742	7473	1
A_HP_47	11	Pulse	99	1093493	17224	1
A_HP_47	11	Pulse	99	1113493	37224	1
A_HP_47	12	Picture	response63	1126758	90	1	40149	1	0	40000	hit	58
A_HP_47	12	Pulse	99	1133493	6824	1
A_HP_47	12	Response	1	1133782	7113	1
A_HP_47	12	Pulse	99	1153493	26824	1
A_HP_47	12	Pulse	99	1173493	46824	1
A_HP_47	13	Picture	ins24	1177235	167	1	30153	1	0	30000	other	0
A_HP_47	13	Pulse	99	1193493	16424	1
A_HP_47	13	Pulse	99	1213493	36424	1
A_HP_47	13	Pulse	99	1233493	56424	1
A_HP_47	13	Pulse	99	1253493	76424	1
A_HP_47	13	Pulse	99	1273493	96424	1
A_HP_47	13	Pulse	99	1293493	116424	1
A_HP_47	13	Pulse	99	1313493	136424	1
A_HP_47	13	Pulse	99	1333493	156424	1
A_HP_47	13	Pulse	99	1353493	176424	1
A_HP_47	13	Pulse	99	1373493	196424	1
A_HP_47	13	Pulse	99	1393493	216424	1
A_HP_47	13	Pulse	99	1413493	236424	1
A_HP_47	13	Pulse	99	1433493	256424	1
A_HP_47	13	Pulse	99	1453493	276424	1
A_HP_47	13	Pulse	99	1473493	296424	1
A_HP_47	14	Response	3	1493493	6231	1
A_HP_47	14	Pulse	99	1493493	6231	1
A_HP_47	15	Picture	response192	1493925	56	1	40149	1	0	40000	hit	80
A_HP_47	15	Response	1	1506512	12643	1
A_HP_47	15	Pulse	99	1513493	19624	1
A_HP_47	15	Pulse	99	1533493	39624	1
A_HP_47	16	Picture	response190	1544403	134	1	40149	1	0	40000	hit	85
A_HP_47	16	Pulse	99	1553493	9224	1
A_HP_47	16	Response	2	1569452	25183	1
A_HP_47	16	Pulse	99	1573493	29224	1
A_HP_47	16	Pulse	99	1593494	49225	1
A_HP_47	17	Picture	response185	1594713	44	1	40149	1	0	40000	hit	90
A_HP_47	17	Pulse	99	1613493	18824	1
A_HP_47	17	Response	2	1614031	19362	1
A_HP_47	17	Pulse	99	1633493	38824	1
A_HP_47	18	Picture	response191	1645190	121	1	40149	1	0	40000	hit	94
A_HP_47	18	Pulse	99	1653493	8424	1
A_HP_47	18	Response	1	1668902	23833	1
A_HP_47	18	Pulse	99	1673493	28424	1
A_HP_47	18	Pulse	99	1693493	48424	1
A_HP_47	19	Picture	response186	1695668	198	1	40149	1	0	40000	hit	99
A_HP_47	19	Pulse	99	1713493	18024	1
A_HP_47	19	Response	1	1714301	18832	1
A_HP_47	19	Pulse	99	1733493	38024	1
A_HP_47	20	Picture	response189	1745978	109	1	40148	1	0	40000	incorrect	103
A_HP_47	20	Pulse	99	1753493	7624	1
A_HP_47	20	Response	1	1764882	19013	1
A_HP_47	20	Pulse	99	1773493	27624	1
A_HP_47	20	Pulse	99	1793493	47624	1
A_HP_47	21	Picture	response188	1796455	186	1	40148	1	0	40000	hit	107
A_HP_47	21	Response	1	1810602	14333	1
A_HP_47	21	Pulse	99	1813493	17224	1
A_HP_47	21	Pulse	99	1833493	37224	1
A_HP_47	22	Picture	response187	1846766	97	1	40149	1	0	40000	hit	112
A_HP_47	22	Pulse	99	1853493	6824	1
A_HP_47	22	Response	2	1861753	15084	1
A_HP_47	22	Pulse	99	1873493	26824	1
A_HP_47	22	Pulse	99	1893493	46824	1
A_HP_47	23	Picture	ins22	1897243	174	1	30153	1	0	30000	other	0
A_HP_47	23	Pulse	99	1913494	16424	1
A_HP_47	23	Pulse	99	1933493	36424	1
A_HP_47	23	Pulse	99	1953493	56424	1
A_HP_47	23	Pulse	99	1973493	76424	1
A_HP_47	23	Pulse	99	1993494	96424	1
A_HP_47	23	Pulse	99	2013493	116424	1
A_HP_47	23	Pulse	99	2033493	136424	1
A_HP_47	23	Pulse	99	2053493	156424	1
A_HP_47	23	Pulse	99	2073493	176424	1
A_HP_47	23	Pulse	99	2093494	196424	1
A_HP_47	23	Pulse	99	2113494	216424	1
A_HP_47	23	Pulse	99	2133493	236424	1
A_HP_47	23	Pulse	99	2153494	256424	1
A_HP_47	23	Pulse	99	2173493	276424	1
A_HP_47	23	Pulse	99	2193494	296424	1
A_HP_47	24	Response	3	2213493	6391	1
A_HP_47	24	Pulse	99	2213493	6391	1
A_HP_47	25	Picture	response175	2213933	64	1	40149	1	0	40000	incorrect	135
A_HP_47	25	Pulse	99	2233494	19624	1
A_HP_47	25	Response	1	2234922	21053	1
A_HP_47	25	Pulse	99	2253493	39624	1
A_HP_47	26	Picture	response174	2264410	141	1	40149	1	0	40000	incorrect	139
A_HP_47	26	Pulse	99	2273493	9224	1
A_HP_47	26	Response	2	2275782	11513	1
A_HP_47	26	Pulse	99	2293493	29224	1
A_HP_47	26	Pulse	99	2313494	49224	1
A_HP_47	27	Picture	response171	2314721	51	1	40149	1	0	40000	hit	143
A_HP_47	27	Response	2	2326653	11983	1
A_HP_47	27	Pulse	99	2333495	18825	1
A_HP_47	27	Pulse	99	2353494	38824	1
A_HP_47	28	Picture	response172	2365198	129	1	40149	1	0	40000	hit	148
A_HP_47	28	Pulse	99	2373494	8424	1
A_HP_47	28	Response	1	2375512	10443	1
A_HP_47	28	Pulse	99	2393494	28424	1
A_HP_47	28	Pulse	99	2413493	48424	1
A_HP_47	29	Picture	response169	2415509	39	1	40148	1	0	40000	hit	152
A_HP_47	29	Response	2	2427413	11943	1
A_HP_47	29	Pulse	99	2433494	18024	1
A_HP_47	29	Pulse	99	2453494	38024	1
A_HP_47	30	Picture	response173	2465986	116	1	40148	1	0	40000	hit	157
A_HP_47	30	Pulse	99	2473494	7624	1
A_HP_47	30	Response	1	2477713	11843	1
A_HP_47	30	Pulse	99	2493494	27625	1
A_HP_47	30	Pulse	99	2513494	47624	1
A_HP_47	31	Picture	response175	2516463	193	1	40149	1	0	40000	incorrect	162
A_HP_47	31	Pulse	99	2533494	17224	1
A_HP_47	31	Response	1	2535753	19483	1
A_HP_47	31	Pulse	99	2553494	37224	1
A_HP_47	32	Picture	response170	2566773	104	1	40149	1	0	40000	hit	166
A_HP_47	32	Pulse	99	2573494	6824	1
A_HP_47	32	Response	1	2580483	13813	1
A_HP_47	32	Pulse	99	2593494	26824	1
A_HP_47	32	Pulse	99	2613494	46824	1
A_HP_47	33	Picture	ins16	2617251	181	1	30153	1	0	30000	other	0
A_HP_47	33	Pulse	99	2633494	16424	1
A_HP_47	33	Pulse	99	2653494	36424	1
A_HP_47	33	Pulse	99	2673494	56424	1
A_HP_47	33	Pulse	99	2693494	76424	1
A_HP_47	33	Pulse	99	2713494	96424	1
A_HP_47	33	Pulse	99	2733494	116424	1
A_HP_47	33	Pulse	99	2753494	136424	1
A_HP_47	33	Pulse	99	2773494	156424	1
A_HP_47	33	Pulse	99	2793494	176424	1
A_HP_47	33	Pulse	99	2813494	196424	1
A_HP_47	33	Pulse	99	2833494	216424	1
A_HP_47	33	Pulse	99	2853494	236424	1
A_HP_47	33	Pulse	99	2873494	256424	1
A_HP_47	33	Pulse	99	2893494	276424	1
A_HP_47	33	Pulse	99	2913494	296424	1
A_HP_47	34	Response	3	2933494	6383	1
A_HP_47	34	Pulse	99	2933494	6383	1
A_HP_47	35	Picture	response127	2933941	71	1	40149	1	0	40000	incorrect	188
A_HP_47	35	Response	1	2943333	9463	1
A_HP_47	35	Pulse	99	2953494	19624	1
A_HP_47	35	Pulse	99	2973494	39624	1
A_HP_47	36	Picture	response124	2984418	148	1	40148	1	0	40000	hit	193
A_HP_47	36	Pulse	99	2993494	9224	1
A_HP_47	36	Response	1	2994352	10082	1
A_HP_47	36	Pulse	99	3013494	29224	1
A_HP_47	36	Pulse	99	3033494	49224	1
A_HP_47	37	Picture	response123	3034728	58	1	40149	1	0	40000	hit	197
A_HP_47	37	Response	2	3044694	10024	1
A_HP_47	37	Pulse	99	3053494	18824	1
A_HP_47	37	Pulse	99	3073494	38824	1
A_HP_47	38	Picture	response126	3085206	136	1	40148	1	0	40000	incorrect	202
A_HP_47	38	Pulse	99	3093494	8424	1
A_HP_47	38	Response	1	3101183	16113	1
A_HP_47	38	Pulse	99	3113494	28424	1
A_HP_47	38	Pulse	99	3133494	48424	1
A_HP_47	39	Picture	response128	3135516	46	1	40149	1	0	40000	incorrect	206
A_HP_47	39	Response	1	3148403	12933	1
A_HP_47	39	Pulse	99	3153495	18025	1
A_HP_47	39	Pulse	99	3173494	38024	1
A_HP_47	40	Picture	response125	3185993	123	1	40149	1	0	40000	incorrect	211
A_HP_47	40	Pulse	99	3193494	7624	1
A_HP_47	40	Response	2	3198543	12673	1
A_HP_47	40	Pulse	99	3213494	27624	1
A_HP_47	40	Pulse	99	3233494	47624	1
A_HP_47	41	Picture	response121	3236304	34	1	40149	1	0	40000	hit	215
A_HP_47	41	Response	2	3249623	13353	1
A_HP_47	41	Pulse	99	3253494	17224	1
A_HP_47	41	Pulse	99	3273494	37224	1
A_HP_47	42	Picture	response122	3286781	111	1	40148	1	0	40000	incorrect	220
A_HP_47	42	Pulse	99	3293494	6824	1
A_HP_47	42	Response	2	3297293	10623	1
A_HP_47	42	Pulse	99	3313494	26824	1
A_HP_47	42	Pulse	99	3333494	46824	1
A_HP_47	43	Picture	ins6	3337258	188	1	30153	1	0	30000	other	0
A_HP_47	43	Pulse	99	3353494	16424	1
A_HP_47	43	Pulse	99	3373493	36423	1
A_HP_47	43	Pulse	99	3393494	56424	1
A_HP_47	43	Pulse	99	3413494	76424	1
A_HP_47	43	Pulse	99	3433495	96424	1
A_HP_47	43	Pulse	99	3453494	116424	1
A_HP_47	43	Pulse	99	3473494	136424	1
A_HP_47	43	Pulse	99	3493495	156425	1
A_HP_47	43	Pulse	99	3513494	176424	1
A_HP_47	43	Pulse	99	3533494	196424	1
A_HP_47	43	Pulse	99	3553494	216424	1
A_HP_47	43	Pulse	99	3573494	236424	1
A_HP_47	43	Pulse	99	3593494	256424	1
A_HP_47	43	Pulse	99	3613494	276424	1
A_HP_47	43	Pulse	99	3633494	296424	1
A_HP_47	44	Response	3	3653494	6376	1
A_HP_47	44	Pulse	99	3653494	6376	1
A_HP_47	45	Picture	response43	3653948	78	1	40148	1	0	40000	hit	242
A_HP_47	45	Response	1	3661193	7323	1
A_HP_47	45	Pulse	99	3673494	19624	1
A_HP_47	45	Pulse	99	3693493	39623	1
A_HP_47	46	Picture	response41	3704425	155	1	40148	1	0	40000	hit	247
A_HP_47	46	Pulse	99	3713494	9224	1
A_HP_47	46	Response	2	3715153	10883	1
A_HP_47	46	Pulse	99	3733494	29224	1
A_HP_47	46	Pulse	99	3753495	49225	1
A_HP_47	47	Picture	response46	3754736	66	1	40149	1	0	40000	hit	251
A_HP_47	47	Response	1	3762403	7733	1
A_HP_47	47	Pulse	99	3773494	18824	1
A_HP_47	47	Pulse	99	3793494	38824	1
A_HP_47	48	Picture	response42	3805213	143	1	40148	1	0	40000	hit	255
A_HP_47	48	Response	2	3813213	8143	1
A_HP_47	48	Pulse	99	3813494	8423	1
A_HP_47	48	Pulse	99	3833494	28424	1
A_HP_47	48	Pulse	99	3853494	48424	1
A_HP_47	49	Picture	response48	3855524	53	1	40149	1	0	40000	hit	260
A_HP_47	49	Response	2	3863833	8363	1
A_HP_47	49	Pulse	99	3873494	18024	1
A_HP_47	49	Pulse	99	3893494	38024	1
A_HP_47	50	Picture	response44	3906001	131	1	40148	1	0	40000	hit	265
A_HP_47	50	Pulse	99	3913495	7624	1
A_HP_47	50	Response	2	3914513	8642	1
A_HP_47	50	Pulse	99	3933494	27624	1
A_HP_47	50	Pulse	99	3953494	47624	1
A_HP_47	51	Picture	response47	3956312	41	1	40148	1	0	40000	hit	269
A_HP_47	51	Response	1	3962163	5893	1
A_HP_47	51	Pulse	99	3973494	17224	1
A_HP_47	51	Pulse	99	3993495	37224	1
A_HP_47	52	Picture	response45	4006789	118	1	40148	1	0	40000	hit	273
A_HP_47	52	Response	2	4013083	6413	1
A_HP_47	52	Pulse	99	4013494	6824	1
A_HP_47	52	Pulse	99	4033494	26824	1
A_HP_47	52	Pulse	99	4053495	46824	1
A_HP_47	53	Picture	ins14	4057266	195	1	30153	1	0	30000	other	0
A_HP_47	53	Pulse	99	4073495	16424	1
A_HP_47	53	Pulse	99	4093494	36424	1
A_HP_47	53	Pulse	99	4113495	56424	1
A_HP_47	53	Pulse	99	4133495	76424	1
A_HP_47	53	Pulse	99	4153495	96424	1
A_HP_47	53	Pulse	99	4173495	116424	1
A_HP_47	53	Pulse	99	4193495	136424	1
A_HP_47	53	Pulse	99	4213495	156424	1
A_HP_47	53	Pulse	99	4233495	176424	1
A_HP_47	53	Pulse	99	4253494	196424	1
A_HP_47	53	Pulse	99	4273495	216424	1
A_HP_47	53	Pulse	99	4293495	236424	1
A_HP_47	53	Pulse	99	4313415	256344	1
A_HP_47	53	Pulse	99	4333495	276424	1
A_HP_47	53	Pulse	99	4353495	296424	1
A_HP_47	54	Response	3	4373415	6289	1
A_HP_47	54	Pulse	99	4373415	6289	1
A_HP_47	55	Picture	response112	4373956	185	1	40148	1	0	40000	hit	296
A_HP_47	55	Response	1	4384493	10723	1
A_HP_47	55	Pulse	99	4393495	19724	1
A_HP_47	55	Pulse	99	4413495	39724	1
A_HP_47	56	Picture	response105	4424266	96	1	40149	1	0	40000	incorrect	301
A_HP_47	56	Pulse	99	4433415	9244	1
A_HP_47	56	Response	2	4440174	16003	1
A_HP_47	56	Pulse	99	4453495	29324	1
A_HP_47	56	Pulse	99	4473495	49324	1
A_HP_47	57	Picture	response106	4474744	173	1	40149	1	0	40000	hit	305
A_HP_47	57	Response	2	4482234	7663	1
A_HP_47	57	Pulse	99	4493415	18844	1
A_HP_47	57	Pulse	99	4513495	38924	1
A_HP_47	58	Picture	response107	4525054	83	1	40149	1	0	40000	hit	309
A_HP_47	58	Response	1	4533094	8123	1
A_HP_47	58	Pulse	99	4533494	8523	1
A_HP_47	58	Pulse	99	4553415	28444	1
A_HP_47	58	Pulse	99	4573495	48524	1
A_HP_47	59	Picture	response109	4575531	161	1	40149	1	0	40000	incorrect	314
A_HP_47	59	Response	2	4581523	6153	1
A_HP_47	59	Pulse	99	4593495	18124	1
A_HP_47	59	Pulse	99	4613415	38044	1
A_HP_47	60	Picture	response111	4625842	71	1	40149	1	0	40000	hit	318
A_HP_47	60	Response	1	4630333	4563	1
A_HP_47	60	Pulse	99	4633494	7723	1
A_HP_47	60	Pulse	99	4653495	27724	1
A_HP_47	60	Pulse	99	4673415	47644	1
A_HP_47	61	Picture	response110	4676319	148	1	40149	1	0	40000	hit	323
A_HP_47	61	Response	2	4683004	6833	1
A_HP_47	61	Pulse	99	4693495	17324	1
A_HP_47	61	Pulse	99	4713495	37324	1
A_HP_47	62	Picture	response108	4726630	59	1	40149	1	0	40000	hit	328
A_HP_47	62	Pulse	99	4733415	6844	1
A_HP_47	62	Response	2	4740534	13963	1
A_HP_47	62	Pulse	99	4753495	26924	1
A_HP_47	62	Pulse	99	4773495	46924	1
A_HP_47	63	Picture	thanks	4776607	0	1	10162	1	0	10000	other	0
A_HP_47	63	Pulse	99	4793415	16808	1


Event Type	Code	Type	Response	RT	RT Uncertainty	Time	Uncertainty	Duration	Uncertainty	ReqTime	ReqDur

Picture	ready	other				393590	1	10162	1	0	10000
Picture	ins8	other				454063	1	30153	1	0	30000
Picture	response58	hit	2	10413	2	773918	1	40149	1	0	40000
Picture	response59	hit	2	6886	2	824395	1	40149	1	0	40000
Picture	response60	hit	1	9316	2	874706	1	40149	1	0	40000
Picture	response64	hit	1	10099	2	925183	1	40149	1	0	40000
Picture	response57	hit	1	12382	2	975660	1	40149	1	0	40000
Picture	response61	hit	2	7590	2	1025971	1	40149	1	0	40000
Picture	response62	hit	1	7294	2	1076448	1	40149	1	0	40000
Picture	response63	hit	1	7024	2	1126758	1	40149	1	0	40000
Picture	ins24	other				1177235	1	30153	1	0	30000
Picture	response192	hit	1	12586	2	1493925	1	40149	1	0	40000
Picture	response190	hit	2	25049	2	1544403	1	40149	1	0	40000
Picture	response185	hit	2	19318	2	1594713	1	40149	1	0	40000
Picture	response191	hit	1	23712	2	1645190	1	40149	1	0	40000
Picture	response186	hit	1	18634	2	1695668	1	40149	1	0	40000
Picture	response189	incorrect	1	18904	2	1745978	1	40148	1	0	40000
Picture	response188	hit	1	14147	2	1796455	1	40148	1	0	40000
Picture	response187	hit	2	14987	2	1846766	1	40149	1	0	40000
Picture	ins22	other				1897243	1	30153	1	0	30000
Picture	response175	incorrect	1	20989	2	2213933	1	40149	1	0	40000
Picture	response174	incorrect	2	11372	2	2264410	1	40149	1	0	40000
Picture	response171	hit	2	11932	2	2314721	1	40149	1	0	40000
Picture	response172	hit	1	10314	2	2365198	1	40149	1	0	40000
Picture	response169	hit	2	11904	2	2415509	1	40148	1	0	40000
Picture	response173	hit	1	11727	2	2465986	1	40148	1	0	40000
Picture	response175	incorrect	1	19290	2	2516463	1	40149	1	0	40000
Picture	response170	hit	1	13709	2	2566773	1	40149	1	0	40000
Picture	ins16	other				2617251	1	30153	1	0	30000
Picture	response127	incorrect	1	9392	2	2933941	1	40149	1	0	40000
Picture	response124	hit	1	9934	2	2984418	1	40148	1	0	40000
Picture	response123	hit	2	9965	2	3034728	1	40149	1	0	40000
Picture	response126	incorrect	1	15977	2	3085206	1	40148	1	0	40000
Picture	response128	incorrect	1	12887	2	3135516	1	40149	1	0	40000
Picture	response125	incorrect	2	12549	2	3185993	1	40149	1	0	40000
Picture	response121	hit	2	13319	2	3236304	1	40149	1	0	40000
Picture	response122	incorrect	2	10512	2	3286781	1	40148	1	0	40000
Picture	ins6	other				3337258	1	30153	1	0	30000
Picture	response43	hit	1	7245	2	3653948	1	40148	1	0	40000
Picture	response41	hit	2	10728	2	3704425	1	40148	1	0	40000
Picture	response46	hit	1	7667	2	3754736	1	40149	1	0	40000
Picture	response42	hit	2	8000	2	3805213	1	40148	1	0	40000
Picture	response48	hit	2	8310	2	3855524	1	40149	1	0	40000
Picture	response44	hit	2	8512	2	3906001	1	40148	1	0	40000
Picture	response47	hit	1	5852	2	3956312	1	40148	1	0	40000
Picture	response45	hit	2	6295	2	4006789	1	40148	1	0	40000
Picture	ins14	other				4057266	1	30153	1	0	30000
Picture	response112	hit	1	10538	2	4373956	1	40148	1	0	40000
Picture	response105	incorrect	2	15907	2	4424266	1	40149	1	0	40000
Picture	response106	hit	2	7490	2	4474744	1	40149	1	0	40000
Picture	response107	hit	1	8040	2	4525054	1	40149	1	0	40000
Picture	response109	incorrect	2	5992	2	4575531	1	40149	1	0	40000
Picture	response111	hit	1	4492	2	4625842	1	40149	1	0	40000
Picture	response110	hit	2	6685	2	4676319	1	40149	1	0	40000
Picture	response108	hit	2	13904	2	4726630	1	40149	1	0	40000
Picture	thanks	other				4776607	1	10162	1	0	10000


{
   "app": "Presentation Version 21.1 Build 09.05.19",
   "device": "LENOVO 20FBCTO1WW",
   "experiment": "{C0C68DB1-10BA-42F2-8F79-3F2AFFEED4E4}",
   "os": "Windows 10 64 bit",
   "package": "",
   "parameters": {
      "configuration": "Default configuration"
   },
   "scenario": "Feature experiment(4).sce",
   "subject": "A_HP_47",
   "timestamp": "2020/01/16 05:05:34 GMT"
}
