Scenario - 
Logfile written - 08/30/2019 12:36:23

Subject	Trial	Event Type	Code	Time	TTime	Uncertainty	Duration	Uncertainty	ReqTime	ReqDur	Stim Type	Pair Index

A_HP_09	1	Response	5	299819	298819	1
A_HP_09	1	Pulse	99	299819	298819	1
A_HP_09	2	Picture	ready	300050	0	1	10229	1	0	10000	other	0
A_HP_09	2	Pulse	99	319899	19848	1
A_HP_09	2	Pulse	99	339899	39848	1
A_HP_09	2	Pulse	99	359819	59769	1
A_HP_09	3	Picture	ins16	360699	232	1	30229	1	0	30000	other	0
A_HP_09	3	Pulse	99	379899	19431	1
A_HP_09	3	Pulse	99	399899	39432	1
A_HP_09	3	Pulse	99	419818	59351	1
A_HP_09	3	Pulse	99	439819	79352	1
A_HP_09	3	Pulse	99	459898	99431	1
A_HP_09	3	Pulse	99	479818	119351	1
A_HP_09	3	Pulse	99	499819	139351	1
A_HP_09	3	Pulse	99	519899	159431	1
A_HP_09	3	Pulse	99	539899	179431	1
A_HP_09	3	Pulse	99	559819	199352	1
A_HP_09	3	Pulse	99	579898	219431	1
A_HP_09	3	Pulse	99	599898	239431	1
A_HP_09	3	Pulse	99	619818	259351	1
A_HP_09	3	Pulse	99	639898	279431	1
A_HP_09	3	Pulse	99	659898	299431	1
A_HP_09	4	Response	5	679818	9121	1
A_HP_09	4	Pulse	99	679818	9121	1
A_HP_09	5	Picture	response122	680396	230	1	20229	1	0	20000	hit	26
A_HP_09	5	Response	3	686147	5981	1
A_HP_09	5	Pulse	99	699898	19732	1
A_HP_09	6	Picture	response123	710854	288	1	20229	1	0	20000	hit	29
A_HP_09	6	Response	4	715097	4531	1
A_HP_09	6	Pulse	99	719898	9332	1
A_HP_09	6	Pulse	99	739819	29253	1
A_HP_09	7	Picture	response124	741146	179	1	20229	1	0	20000	hit	33
A_HP_09	7	Response	4	747438	6470	1
A_HP_09	7	Pulse	99	759819	18851	1
A_HP_09	8	Picture	response121	771604	237	1	20229	1	0	20000	hit	36
A_HP_09	8	Response	4	777707	6341	1
A_HP_09	8	Pulse	99	779898	8531	1
A_HP_09	8	Pulse	99	799819	28452	1
A_HP_09	9	Picture	response128	801896	129	1	20229	1	0	20000	hit	40
A_HP_09	9	Response	4	807458	5691	1
A_HP_09	9	Pulse	99	819819	18052	1
A_HP_09	10	Picture	response127	832521	354	1	20229	1	0	20000	hit	43
A_HP_09	10	Response	3	837117	4951	1
A_HP_09	10	Pulse	99	839898	7731	1
A_HP_09	10	Pulse	99	859819	27652	1
A_HP_09	11	Picture	response125	862812	245	1	20229	1	0	20000	hit	47
A_HP_09	11	Response	4	868777	6210	1
A_HP_09	11	Pulse	99	879818	17251	1
A_HP_09	12	Picture	response126	893104	137	1	20230	1	0	20000	hit	50
A_HP_09	12	Response	3	896987	4020	1
A_HP_09	12	Pulse	99	899898	6931	1
A_HP_09	12	Pulse	99	919899	26932	1
A_HP_09	13	Picture	ins4	923562	195	1	30229	1	0	30000	other	0
A_HP_09	13	Pulse	99	939818	16451	1
A_HP_09	13	Pulse	99	959899	36532	1
A_HP_09	13	Pulse	99	979899	56532	1
A_HP_09	13	Pulse	99	999819	76452	1
A_HP_09	13	Pulse	99	1019898	96531	1
A_HP_09	13	Pulse	99	1039899	116532	1
A_HP_09	13	Pulse	99	1059818	136451	1
A_HP_09	13	Pulse	99	1079898	156531	1
A_HP_09	13	Pulse	99	1099898	176531	1
A_HP_09	13	Pulse	99	1119818	196451	1
A_HP_09	13	Pulse	99	1139818	216451	1
A_HP_09	13	Pulse	99	1159899	236531	1
A_HP_09	13	Pulse	99	1179818	256451	1
A_HP_09	13	Pulse	99	1199818	276451	1
A_HP_09	13	Pulse	99	1219898	296531	1
A_HP_09	14	Response	5	1239818	6221	1
A_HP_09	14	Pulse	99	1239818	6221	1
A_HP_09	15	Picture	response29	1240397	230	1	20229	1	0	20000	hit	72
A_HP_09	15	Response	2	1246697	6530	1
A_HP_09	15	Pulse	99	1259818	19651	1
A_HP_09	16	Picture	response27	1270855	288	1	20229	1	0	20000	hit	75
A_HP_09	16	Response	2	1274048	3481	1
A_HP_09	16	Pulse	99	1279898	9331	1
A_HP_09	16	Pulse	99	1299818	29252	1
A_HP_09	17	Picture	response28	1301146	179	1	20229	1	0	20000	hit	79
A_HP_09	17	Response	2	1303748	2781	1
A_HP_09	17	Pulse	99	1319818	18851	1
A_HP_09	18	Picture	response31	1331604	238	1	20229	1	0	20000	hit	82
A_HP_09	18	Response	2	1336717	5351	1
A_HP_09	18	Pulse	99	1339897	8531	1
A_HP_09	18	Pulse	99	1359898	28532	1
A_HP_09	19	Picture	response26	1361896	129	1	20229	1	0	20000	hit	86
A_HP_09	19	Response	2	1364848	3081	1
A_HP_09	19	Pulse	99	1379818	18051	1
A_HP_09	20	Picture	response30	1392521	354	1	20229	1	0	20000	hit	89
A_HP_09	20	Response	2	1395007	2840	1
A_HP_09	20	Pulse	99	1399898	7731	1
A_HP_09	20	Pulse	99	1419898	27731	1
A_HP_09	21	Picture	response32	1422813	246	1	20229	1	0	20000	hit	93
A_HP_09	21	Response	2	1425827	3260	1
A_HP_09	21	Pulse	99	1439818	17252	1
A_HP_09	22	Picture	response25	1453104	137	1	20229	1	0	20000	hit	96
A_HP_09	22	Response	2	1457177	4210	1
A_HP_09	22	Pulse	99	1459817	6851	1
A_HP_09	22	Pulse	99	1479898	26931	1
A_HP_09	23	Picture	ins8	1483562	196	1	30229	1	0	30000	other	0
A_HP_09	23	Pulse	99	1499818	16451	1
A_HP_09	23	Pulse	99	1519818	36451	1
A_HP_09	23	Pulse	99	1539898	56531	1
A_HP_09	23	Pulse	99	1559819	76452	1
A_HP_09	23	Pulse	99	1579818	96452	1
A_HP_09	23	Pulse	99	1599898	116532	1
A_HP_09	23	Pulse	99	1619818	136452	1
A_HP_09	23	Pulse	99	1639819	156452	1
A_HP_09	23	Pulse	99	1659899	176532	1
A_HP_09	23	Pulse	99	1679818	196452	1
A_HP_09	23	Pulse	99	1699818	216452	1
A_HP_09	23	Pulse	99	1719898	236532	1
A_HP_09	23	Pulse	99	1739898	256532	1
A_HP_09	23	Pulse	99	1759819	276452	1
A_HP_09	23	Pulse	99	1779819	296452	1
A_HP_09	24	Response	5	1799898	6301	1
A_HP_09	24	Pulse	99	1799898	6301	1
A_HP_09	25	Picture	response60	1800496	230	1	20229	1	0	20000	hit	118
A_HP_09	25	Response	4	1805787	5520	1
A_HP_09	25	Pulse	99	1819818	19552	1
A_HP_09	26	Picture	response63	1830955	288	1	20229	1	0	20000	hit	121
A_HP_09	26	Response	4	1833937	3270	1
A_HP_09	26	Pulse	99	1839817	9151	1
A_HP_09	26	Pulse	99	1859898	29232	1
A_HP_09	27	Picture	response62	1861246	179	1	20229	1	0	20000	hit	125
A_HP_09	27	Response	4	1864737	3670	1
A_HP_09	27	Pulse	99	1879818	18752	1
A_HP_09	28	Picture	response59	1891537	71	1	20229	1	0	20000	hit	128
A_HP_09	28	Response	4	1896917	5450	1
A_HP_09	28	Pulse	99	1899817	8351	1
A_HP_09	28	Pulse	99	1919898	28432	1
A_HP_09	29	Picture	response64	1922162	295	1	20229	1	0	20000	hit	132
A_HP_09	29	Response	4	1925557	3690	1
A_HP_09	29	Pulse	99	1939818	17951	1
A_HP_09	30	Picture	response61	1952454	187	1	20229	1	0	20000	hit	135
A_HP_09	30	Response	4	1956277	4011	1
A_HP_09	30	Pulse	99	1959817	7551	1
A_HP_09	30	Pulse	99	1979898	27632	1
A_HP_09	31	Picture	response58	1982912	246	1	20229	1	0	20000	hit	139
A_HP_09	31	Response	4	1985487	2820	1
A_HP_09	31	Pulse	99	1999819	17152	1
A_HP_09	32	Picture	response57	2013203	137	1	20229	1	0	20000	hit	142
A_HP_09	32	Response	4	2016417	3351	1
A_HP_09	32	Pulse	99	2019817	6751	1
A_HP_09	32	Pulse	99	2039898	26832	1
A_HP_09	33	Picture	ins10	2043661	195	1	30229	1	0	30000	other	0
A_HP_09	33	Pulse	99	2059818	16351	1
A_HP_09	33	Pulse	99	2079818	36351	1
A_HP_09	33	Pulse	99	2099818	56351	1
A_HP_09	33	Pulse	99	2119898	76431	1
A_HP_09	33	Pulse	99	2139818	96351	1
A_HP_09	33	Pulse	99	2159818	116351	1
A_HP_09	33	Pulse	99	2179898	136431	1
A_HP_09	33	Pulse	99	2199818	156352	1
A_HP_09	33	Pulse	99	2219818	176352	1
A_HP_09	33	Pulse	99	2239898	196432	1
A_HP_09	33	Pulse	99	2259818	216352	1
A_HP_09	33	Pulse	99	2279818	236351	1
A_HP_09	33	Pulse	99	2299898	256431	1
A_HP_09	33	Pulse	99	2319818	276352	1
A_HP_09	33	Pulse	99	2339818	296351	1
A_HP_09	34	Response	5	2359898	6201	1
A_HP_09	34	Pulse	99	2359898	6201	1
A_HP_09	35	Picture	response73	2360496	230	1	20229	1	0	20000	hit	164
A_HP_09	35	Response	3	2365806	5540	1
A_HP_09	35	Pulse	99	2379818	19551	1
A_HP_09	36	Picture	response74	2390954	288	1	20229	1	0	20000	hit	167
A_HP_09	36	Response	3	2394797	4130	1
A_HP_09	36	Pulse	99	2399817	9151	1
A_HP_09	36	Pulse	99	2419818	29152	1
A_HP_09	37	Picture	response79	2421246	180	1	20230	1	0	20000	hit	171
A_HP_09	37	Response	1	2426947	5881	1
A_HP_09	37	Pulse	99	2439818	18751	1
A_HP_09	38	Picture	response77	2451539	73	1	20229	1	0	20000	hit	174
A_HP_09	38	Response	1	2455606	4140	1
A_HP_09	38	Pulse	99	2459817	8351	1
A_HP_09	38	Pulse	99	2479818	28352	1
A_HP_09	39	Picture	response78	2482164	298	1	20229	1	0	20000	hit	178
A_HP_09	39	Response	3	2495456	13590	1
A_HP_09	39	Pulse	99	2499817	17951	1
A_HP_09	40	Picture	response80	2512455	189	1	20229	1	0	20000	hit	181
A_HP_09	40	Response	1	2516947	4681	1
A_HP_09	40	Pulse	99	2519817	7551	1
A_HP_09	40	Pulse	99	2539818	27552	1
A_HP_09	41	Picture	response75	2542913	247	1	20229	1	0	20000	hit	185
A_HP_09	41	Response	3	2548107	5440	1
A_HP_09	41	Pulse	99	2559897	17231	1
A_HP_09	42	Picture	response76	2573205	139	1	20229	1	0	20000	hit	189
A_HP_09	42	Pulse	99	2579818	6752	1
A_HP_09	42	Response	3	2582216	9150	1
A_HP_09	42	Pulse	99	2599818	26752	1
A_HP_09	43	Picture	ins24	2603663	197	1	30229	1	0	30000	other	0
A_HP_09	43	Pulse	99	2619898	16431	1
A_HP_09	43	Pulse	99	2639818	36352	1
A_HP_09	43	Pulse	99	2659818	56352	1
A_HP_09	43	Pulse	99	2679898	76431	1
A_HP_09	43	Pulse	99	2699818	96352	1
A_HP_09	43	Pulse	99	2719817	116351	1
A_HP_09	43	Pulse	99	2739817	136351	1
A_HP_09	43	Pulse	99	2759817	156351	1
A_HP_09	43	Pulse	99	2779817	176351	1
A_HP_09	43	Pulse	99	2799817	196351	1
A_HP_09	43	Pulse	99	2819817	216351	1
A_HP_09	43	Pulse	99	2839817	236351	1
A_HP_09	43	Pulse	99	2859817	256351	1
A_HP_09	43	Pulse	99	2879817	276351	1
A_HP_09	43	Pulse	99	2899817	296351	1
A_HP_09	44	Response	5	2919818	6121	1
A_HP_09	44	Pulse	99	2919818	6121	1
A_HP_09	45	Picture	response188	2920396	230	1	20229	1	0	20000	hit	210
A_HP_09	45	Response	4	2925147	4981	1
A_HP_09	45	Pulse	99	2939897	19731	1
A_HP_09	46	Picture	response192	2950854	288	1	20229	1	0	20000	hit	213
A_HP_09	46	Response	3	2959736	9170	1
A_HP_09	46	Pulse	99	2959817	9251	1
A_HP_09	46	Pulse	99	2979818	29252	1
A_HP_09	47	Picture	response190	2981146	180	1	20229	1	0	20000	hit	217
A_HP_09	47	Response	3	2987526	6560	1
A_HP_09	47	Pulse	99	2999897	18931	1
A_HP_09	48	Picture	response185	3011604	238	1	20229	1	0	20000	hit	220
A_HP_09	48	Response	3	3018086	6721	1
A_HP_09	48	Pulse	99	3019817	8452	1
A_HP_09	48	Pulse	99	3039818	28452	1
A_HP_09	49	Picture	response189	3041895	129	1	20229	1	0	20000	hit	224
A_HP_09	49	Response	1	3052216	10450	1
A_HP_09	49	Pulse	99	3059817	18051	1
A_HP_09	50	Picture	response186	3072520	354	1	20229	1	0	20000	hit	228
A_HP_09	50	Pulse	99	3079817	7652	1
A_HP_09	50	Response	2	3079965	7800	1
A_HP_09	50	Pulse	99	3099817	27652	1
A_HP_09	51	Picture	response191	3102812	246	1	20229	1	0	20000	hit	231
A_HP_09	51	Response	2	3107726	5160	1
A_HP_09	51	Pulse	99	3119817	17251	1
A_HP_09	52	Picture	response187	3133123	157	1	20229	1	0	20000	hit	235
A_HP_09	52	Pulse	99	3139818	6852	1
A_HP_09	52	Response	3	3140465	7499	1
A_HP_09	52	Pulse	99	3159818	26852	1
A_HP_09	53	Picture	ins20	3163581	215	1	30229	1	0	30000	other	0
A_HP_09	53	Pulse	99	3179817	16452	1
A_HP_09	53	Pulse	99	3199817	36452	1
A_HP_09	53	Pulse	99	3219817	56452	1
A_HP_09	53	Pulse	99	3239817	76451	1
A_HP_09	53	Pulse	99	3259817	96451	1
A_HP_09	53	Pulse	99	3279817	116452	1
A_HP_09	53	Pulse	99	3299817	136451	1
A_HP_09	53	Pulse	99	3319817	156451	1
A_HP_09	53	Pulse	99	3339817	176451	1
A_HP_09	53	Pulse	99	3359817	196451	1
A_HP_09	53	Pulse	99	3379817	216451	1
A_HP_09	53	Pulse	99	3399817	236451	1
A_HP_09	53	Pulse	99	3419817	256452	1
A_HP_09	53	Pulse	99	3439817	276451	1
A_HP_09	53	Pulse	99	3459817	296451	1
A_HP_09	54	Response	5	3479817	6221	1
A_HP_09	54	Pulse	99	3479817	6221	1
A_HP_09	55	Picture	response157	3480396	230	1	20229	1	0	20000	hit	256
A_HP_09	55	Response	4	3485106	4940	1
A_HP_09	55	Pulse	99	3499817	19651	1
A_HP_09	56	Picture	response158	3510854	289	1	20229	1	0	20000	hit	260
A_HP_09	56	Pulse	99	3519817	9252	1
A_HP_09	56	Response	3	3520616	10050	1
A_HP_09	56	Pulse	99	3539817	29252	1
A_HP_09	57	Picture	response159	3541146	180	1	20229	1	0	20000	hit	263
A_HP_09	57	Response	4	3549796	8830	1
A_HP_09	57	Pulse	99	3559817	18852	1
A_HP_09	58	Picture	response153	3571604	238	1	20229	1	0	20000	hit	266
A_HP_09	58	Response	2	3576046	4681	1
A_HP_09	58	Pulse	99	3579817	8451	1
A_HP_09	58	Pulse	99	3599817	28451	1
A_HP_09	59	Picture	response160	3601895	130	1	20229	1	0	20000	hit	270
A_HP_09	59	Response	1	3608186	6420	1
A_HP_09	59	Pulse	99	3619817	18051	1
A_HP_09	60	Picture	response156	3632520	354	1	20229	1	0	20000	hit	273
A_HP_09	60	Response	1	3637156	4991	1
A_HP_09	60	Pulse	99	3639816	7651	1
A_HP_09	60	Pulse	99	3659817	27652	1
A_HP_09	61	Picture	response155	3662812	246	1	20229	1	0	20000	hit	277
A_HP_09	61	Response	4	3678236	15670	1
A_HP_09	61	Pulse	99	3679817	17251	1
A_HP_09	62	Picture	response154	3693103	138	1	20229	1	0	20000	hit	281
A_HP_09	62	Pulse	99	3699817	6852	1
A_HP_09	62	Response	3	3700485	7519	1
A_HP_09	62	Pulse	99	3719817	26852	1
A_HP_09	63	Picture	ins6	3723561	196	1	30229	1	0	30000	other	0
A_HP_09	63	Pulse	99	3739817	16452	1
A_HP_09	63	Pulse	99	3759817	36452	1
A_HP_09	63	Pulse	99	3779817	56452	1
A_HP_09	63	Pulse	99	3799817	76452	1
A_HP_09	63	Pulse	99	3819817	96452	1
A_HP_09	63	Pulse	99	3839817	116452	1
A_HP_09	63	Pulse	99	3859817	136452	1
A_HP_09	63	Pulse	99	3879817	156452	1
A_HP_09	63	Pulse	99	3899817	176452	1
A_HP_09	63	Pulse	99	3919817	196452	1
A_HP_09	63	Pulse	99	3939817	216452	1
A_HP_09	63	Pulse	99	3959817	236452	1
A_HP_09	63	Pulse	99	3979817	256451	1
A_HP_09	63	Pulse	99	3999817	276452	1
A_HP_09	63	Pulse	99	4019817	296451	1
A_HP_09	64	Response	5	4039817	6221	1
A_HP_09	64	Pulse	99	4039817	6221	1
A_HP_09	65	Picture	response43	4040395	230	1	20229	1	0	20000	hit	302
A_HP_09	65	Response	3	4045096	4931	1
A_HP_09	65	Pulse	99	4059817	19652	1
A_HP_09	66	Picture	response44	4070853	288	1	20229	1	0	20000	hit	305
A_HP_09	66	Response	3	4073016	2451	1
A_HP_09	66	Pulse	99	4079817	9252	1
A_HP_09	66	Pulse	99	4099817	29252	1
A_HP_09	67	Picture	response48	4101145	180	1	20229	1	0	20000	hit	309
A_HP_09	67	Response	3	4103796	2830	1
A_HP_09	67	Pulse	99	4119817	18852	1
A_HP_09	68	Picture	response45	4131603	238	1	20229	1	0	20000	hit	312
A_HP_09	68	Response	3	4137666	6300	1
A_HP_09	68	Pulse	99	4139817	8451	1
A_HP_09	68	Pulse	99	4159817	28451	1
A_HP_09	69	Picture	response47	4161895	130	1	20229	1	0	20000	hit	316
A_HP_09	69	Response	3	4164766	3000	1
A_HP_09	69	Pulse	99	4179817	18051	1
A_HP_09	70	Picture	response46	4192520	354	1	20229	1	0	20000	hit	319
A_HP_09	70	Response	3	4196206	4040	1
A_HP_09	70	Pulse	99	4199816	7651	1
A_HP_09	70	Pulse	99	4219817	27652	1
A_HP_09	71	Picture	response41	4222811	246	1	20229	1	0	20000	hit	323
A_HP_09	71	Response	3	4226406	3840	1
A_HP_09	71	Pulse	99	4239817	17251	1
A_HP_09	72	Picture	response42	4253103	138	1	20229	1	0	20000	hit	326
A_HP_09	72	Response	3	4256516	3550	1
A_HP_09	72	Pulse	99	4259816	6851	1
A_HP_09	72	Pulse	99	4279817	26852	1
A_HP_09	73	Picture	ins12	4283561	196	1	30229	1	0	30000	other	0
A_HP_09	73	Pulse	99	4299817	16452	1
A_HP_09	73	Pulse	99	4319817	36452	1
A_HP_09	73	Pulse	99	4339817	56452	1
A_HP_09	73	Pulse	99	4359817	76452	1
A_HP_09	73	Pulse	99	4379817	96452	1
A_HP_09	73	Pulse	99	4399817	116452	1
A_HP_09	73	Pulse	99	4419817	136451	1
A_HP_09	73	Pulse	99	4439817	156452	1
A_HP_09	73	Pulse	99	4459817	176452	1
A_HP_09	73	Pulse	99	4479817	196452	1
A_HP_09	73	Pulse	99	4499817	216451	1
A_HP_09	73	Pulse	99	4519817	236452	1
A_HP_09	73	Pulse	99	4539817	256451	1
A_HP_09	73	Pulse	99	4559817	276452	1
A_HP_09	73	Pulse	99	4579817	296452	1
A_HP_09	74	Response	5	4599817	6221	1
A_HP_09	74	Pulse	99	4599817	6221	1
A_HP_09	75	Picture	response93	4600395	230	1	20229	1	0	20000	hit	348
A_HP_09	75	Response	1	4605895	5730	1
A_HP_09	75	Pulse	99	4619817	19652	1
A_HP_09	76	Picture	response95	4630853	288	1	20229	1	0	20000	hit	351
A_HP_09	76	Response	4	4634266	3701	1
A_HP_09	76	Pulse	99	4639816	9251	1
A_HP_09	76	Pulse	99	4659817	29252	1
A_HP_09	77	Picture	response92	4661144	179	1	20230	1	0	20000	hit	355
A_HP_09	77	Response	1	4667736	6771	1
A_HP_09	77	Pulse	99	4679817	18852	1
A_HP_09	78	Picture	response89	4691603	238	1	20229	1	0	20000	incorrect	358
A_HP_09	78	Response	1	4697525	6160	1
A_HP_09	78	Pulse	99	4699816	8451	1
A_HP_09	78	Pulse	99	4719817	28452	1
A_HP_09	79	Picture	response94	4721895	129	1	20229	1	0	20000	hit	362
A_HP_09	79	Response	4	4724935	3170	1
A_HP_09	79	Pulse	99	4739816	18051	1
A_HP_09	80	Picture	response91	4752520	355	1	20229	1	0	20000	hit	365
A_HP_09	80	Response	4	4755466	3301	1
A_HP_09	80	Pulse	99	4759816	7651	1
A_HP_09	80	Pulse	99	4779817	27652	1
A_HP_09	81	Picture	response90	4782811	246	1	20229	1	0	20000	hit	369
A_HP_09	81	Response	1	4787405	4840	1
A_HP_09	81	Pulse	99	4799816	17251	1
A_HP_09	82	Picture	response96	4813103	138	1	20229	1	0	20000	hit	372
A_HP_09	82	Response	1	4818715	5750	1
A_HP_09	82	Pulse	99	4819816	6851	1
A_HP_09	82	Pulse	99	4839817	26851	1
A_HP_09	83	Picture	ins14	4843561	196	1	30229	1	0	30000	other	0
A_HP_09	83	Pulse	99	4859817	16452	1
A_HP_09	83	Pulse	99	4879817	36451	1
A_HP_09	83	Pulse	99	4899817	56452	1
A_HP_09	83	Pulse	99	4919817	76452	1
A_HP_09	83	Pulse	99	4939817	96451	1
A_HP_09	83	Pulse	99	4959817	116452	1
A_HP_09	83	Pulse	99	4979817	136451	1
A_HP_09	83	Pulse	99	4999817	156451	1
A_HP_09	83	Pulse	99	5019817	176451	1
A_HP_09	83	Pulse	99	5039817	196452	1
A_HP_09	83	Pulse	99	5059817	216451	1
A_HP_09	83	Pulse	99	5079817	236452	1
A_HP_09	83	Pulse	99	5099817	256451	1
A_HP_09	83	Pulse	99	5119816	276451	1
A_HP_09	83	Pulse	99	5139817	296451	1
A_HP_09	84	Response	5	5159816	6221	1
A_HP_09	84	Pulse	99	5159816	6221	1
A_HP_09	85	Picture	response111	5160395	230	1	20229	1	0	20000	hit	394
A_HP_09	85	Response	4	5164325	4160	1
A_HP_09	85	Pulse	99	5179817	19652	1
A_HP_09	86	Picture	response110	5190853	288	1	20229	1	0	20000	hit	397
A_HP_09	86	Response	2	5196785	6220	1
A_HP_09	86	Pulse	99	5199816	9251	1
A_HP_09	86	Pulse	99	5219817	29252	1
A_HP_09	87	Picture	response105	5221144	180	1	20230	1	0	20000	hit	401
A_HP_09	87	Response	2	5225805	4840	1
A_HP_09	87	Pulse	99	5239816	18852	1
A_HP_09	88	Picture	response109	5251603	239	1	20229	1	0	20000	hit	404
A_HP_09	88	Response	2	5257385	6021	1
A_HP_09	88	Pulse	99	5259815	8451	1
A_HP_09	88	Pulse	99	5279817	28452	1
A_HP_09	89	Picture	response112	5281895	130	1	20229	1	0	20000	hit	408
A_HP_09	89	Response	4	5285685	3920	1
A_HP_09	89	Pulse	99	5299816	18051	1
A_HP_09	90	Picture	response106	5312520	355	1	20229	1	0	20000	hit	411
A_HP_09	90	Response	4	5316075	3911	1
A_HP_09	90	Pulse	99	5319816	7651	1
A_HP_09	90	Pulse	99	5339816	27651	1
A_HP_09	91	Picture	response107	5342812	247	1	20229	1	0	20000	incorrect	415
A_HP_09	91	Response	4	5351065	8500	1
A_HP_09	91	Pulse	99	5359816	17251	1
A_HP_09	92	Picture	response108	5373103	139	1	20229	1	0	20000	hit	419
A_HP_09	92	Pulse	99	5379816	6851	1
A_HP_09	92	Response	2	5382554	9590	1
A_HP_09	92	Pulse	99	5399816	26852	1
A_HP_09	93	Picture	ins22	5403566	202	1	30229	1	0	30000	other	0
A_HP_09	93	Pulse	99	5419816	16453	1
A_HP_09	93	Pulse	99	5439816	36452	1
A_HP_09	93	Pulse	99	5459816	56453	1
A_HP_09	93	Pulse	99	5479817	76453	1
A_HP_09	93	Pulse	99	5499816	96453	1
A_HP_09	93	Pulse	99	5519816	116453	1
A_HP_09	93	Pulse	99	5539816	136453	1
A_HP_09	93	Pulse	99	5559817	156453	1
A_HP_09	93	Pulse	99	5579816	176452	1
A_HP_09	93	Pulse	99	5599816	196453	1
A_HP_09	93	Pulse	99	5619817	216453	1
A_HP_09	93	Pulse	99	5639816	236453	1
A_HP_09	93	Pulse	99	5659816	256453	1
A_HP_09	93	Pulse	99	5679816	276453	1
A_HP_09	93	Pulse	99	5699816	296453	1
A_HP_09	94	Response	5	5719816	6222	1
A_HP_09	94	Pulse	99	5719816	6222	1
A_HP_09	95	Picture	response174	5720394	229	1	20229	1	0	20000	hit	440
A_HP_09	95	Response	1	5727115	6950	1
A_HP_09	95	Pulse	99	5739816	19652	1
A_HP_09	96	Picture	response175	5750852	288	1	20229	1	0	20000	hit	443
A_HP_09	96	Response	3	5758295	7731	1
A_HP_09	96	Pulse	99	5759816	9251	1
A_HP_09	96	Pulse	99	5779816	29252	1
A_HP_09	97	Picture	response170	5781144	180	1	20229	1	0	20000	hit	447
A_HP_09	97	Response	4	5791835	10871	1
A_HP_09	97	Pulse	99	5799816	18852	1
A_HP_09	98	Picture	response172	5811602	238	1	20229	1	0	20000	hit	451
A_HP_09	98	Pulse	99	5819816	8452	1
A_HP_09	98	Response	4	5821215	9850	1
A_HP_09	98	Pulse	99	5839816	28452	1
A_HP_09	99	Picture	response171	5841894	129	1	20229	1	0	20000	hit	454
A_HP_09	99	Response	3	5853725	11961	1
A_HP_09	99	Pulse	99	5859816	18051	1
A_HP_09	100	Picture	response176	5872519	354	1	20229	1	0	20000	hit	458
A_HP_09	100	Pulse	99	5879816	7652	1
A_HP_09	100	Response	4	5884865	12700	1
A_HP_09	100	Pulse	99	5899816	27652	1
A_HP_09	101	Picture	response169	5902810	246	1	20229	1	0	20000	hit	461
A_HP_09	101	Response	2	5909885	7321	1
A_HP_09	101	Pulse	99	5919816	17252	1
A_HP_09	102	Picture	response173	5933102	138	1	20229	1	0	20000	hit	464
A_HP_09	102	Response	1	5938555	5591	1
A_HP_09	102	Pulse	99	5939819	6854	1
A_HP_09	102	Pulse	99	5959816	26852	1
A_HP_09	103	Picture	ins2	5963560	196	1	30229	1	0	30000	other	0
A_HP_09	103	Pulse	99	5979816	16452	1
A_HP_09	103	Pulse	99	5999816	36452	1
A_HP_09	103	Pulse	99	6019816	56452	1
A_HP_09	103	Pulse	99	6039816	76452	1
A_HP_09	103	Pulse	99	6059816	96452	1
A_HP_09	103	Pulse	99	6079816	116452	1
A_HP_09	103	Pulse	99	6099816	136452	1
A_HP_09	103	Pulse	99	6119816	156452	1
A_HP_09	103	Pulse	99	6139816	176452	1
A_HP_09	103	Pulse	99	6159816	196452	1
A_HP_09	103	Pulse	99	6179816	216451	1
A_HP_09	103	Pulse	99	6199816	236452	1
A_HP_09	103	Pulse	99	6219816	256451	1
A_HP_09	103	Pulse	99	6239816	276452	1
A_HP_09	103	Pulse	99	6259816	296451	1
A_HP_09	104	Response	5	6279816	6221	1
A_HP_09	104	Pulse	99	6279816	6221	1
A_HP_09	105	Picture	response9	6280394	230	1	20229	1	0	20000	hit	486
A_HP_09	105	Response	1	6284715	4551	1
A_HP_09	105	Pulse	99	6299815	19651	1
A_HP_09	106	Picture	response10	6310852	289	1	20229	1	0	20000	hit	489
A_HP_09	106	Response	1	6314695	4131	1
A_HP_09	106	Pulse	99	6319816	9252	1
A_HP_09	106	Pulse	99	6339816	29252	1
A_HP_09	107	Picture	response13	6341144	179	1	20229	1	0	20000	hit	493
A_HP_09	107	Response	1	6345355	4391	1
A_HP_09	107	Pulse	99	6359816	18852	1
A_HP_09	108	Picture	response11	6371602	238	1	20229	1	0	20000	hit	496
A_HP_09	108	Response	1	6374605	3241	1
A_HP_09	108	Pulse	99	6379816	8452	1
A_HP_09	108	Pulse	99	6399816	28452	1
A_HP_09	109	Picture	response16	6401893	129	1	20229	1	0	20000	hit	500
A_HP_09	109	Response	1	6404885	3120	1
A_HP_09	109	Pulse	99	6419816	18052	1
A_HP_09	110	Picture	response14	6432518	353	1	20229	1	0	20000	hit	503
A_HP_09	110	Response	1	6434985	2820	1
A_HP_09	110	Pulse	99	6439815	7651	1
A_HP_09	110	Pulse	99	6459816	27652	1
A_HP_09	111	Picture	response12	6462809	245	1	20229	1	0	20000	hit	507
A_HP_09	111	Response	1	6465205	2641	1
A_HP_09	111	Pulse	99	6479816	17252	1
A_HP_09	112	Picture	response15	6493101	137	1	20229	1	0	20000	hit	510
A_HP_09	112	Response	1	6495925	2960	1
A_HP_09	112	Pulse	99	6499815	6851	1
A_HP_09	112	Pulse	99	6519816	26852	1
A_HP_09	113	Picture	ins18	6523559	195	1	30229	1	0	30000	other	0
A_HP_09	113	Pulse	99	6539816	16452	1
A_HP_09	113	Pulse	99	6559816	36452	1
A_HP_09	113	Pulse	99	6579816	56452	1
A_HP_09	113	Pulse	99	6599816	76452	1
A_HP_09	113	Pulse	99	6619815	96451	1
A_HP_09	113	Pulse	99	6639816	116452	1
A_HP_09	113	Pulse	99	6659816	136452	1
A_HP_09	113	Pulse	99	6679816	156452	1
A_HP_09	113	Pulse	99	6699816	176452	1
A_HP_09	113	Pulse	99	6719816	196452	1
A_HP_09	113	Pulse	99	6739816	216451	1
A_HP_09	113	Pulse	99	6759816	236452	1
A_HP_09	113	Pulse	99	6779816	256452	1
A_HP_09	113	Pulse	99	6799816	276452	1
A_HP_09	113	Pulse	99	6819816	296451	1
A_HP_09	114	Response	5	6839816	6221	1
A_HP_09	114	Pulse	99	6839816	6221	1
A_HP_09	115	Picture	response137	6840394	230	1	20229	1	0	20000	hit	532
A_HP_09	115	Response	4	6848214	8050	1
A_HP_09	115	Pulse	99	6859815	19651	1
A_HP_09	116	Picture	response142	6870852	287	1	20229	1	0	20000	hit	535
A_HP_09	116	Response	3	6874884	4320	1
A_HP_09	116	Pulse	99	6879815	9251	1
A_HP_09	116	Pulse	99	6899816	29251	1
A_HP_09	117	Picture	response144	6901143	179	1	20229	1	0	20000	hit	539
A_HP_09	117	Response	2	6907624	6660	1
A_HP_09	117	Pulse	99	6919816	18852	1
A_HP_09	118	Picture	response143	6931601	237	1	20229	1	0	20000	hit	542
A_HP_09	118	Response	3	6936984	5620	1
A_HP_09	118	Pulse	99	6939815	8451	1
A_HP_09	118	Pulse	99	6959816	28452	1
A_HP_09	119	Picture	response139	6961893	129	1	20229	1	0	20000	hit	546
A_HP_09	119	Response	2	6976304	14541	1
A_HP_09	119	Pulse	99	6979815	18051	1
A_HP_09	120	Picture	response141	6992518	354	1	20229	1	0	20000	hit	550
A_HP_09	120	Pulse	99	6999816	7652	1
A_HP_09	120	Response	1	7000933	8770	1
A_HP_09	120	Pulse	99	7019816	27652	1
A_HP_09	121	Picture	response138	7022809	245	1	20229	1	0	20000	hit	553
A_HP_09	121	Response	3	7029674	7110	1
A_HP_09	121	Pulse	99	7039815	17251	1
A_HP_09	122	Picture	response140	7053101	138	1	20229	1	0	20000	hit	556
A_HP_09	122	Response	1	7059714	6751	1
A_HP_09	122	Pulse	99	7059815	6852	1
A_HP_09	122	Pulse	99	7079815	26852	1
A_HP_09	123	Picture	thanks	7083060	0	1	10229	1	0	10000	other	0
A_HP_09	123	Pulse	99	7099818	16759	1


Event Type	Code	Type	Response	RT	RT Uncertainty	Time	Uncertainty	Duration	Uncertainty	ReqTime	ReqDur

Picture	ready	other				300050	1	10229	1	0	10000
Picture	ins16	other				360699	1	30229	1	0	30000
Picture	response122	hit	3	5751	2	680396	1	20229	1	0	20000
Picture	response123	hit	4	4243	2	710854	1	20229	1	0	20000
Picture	response124	hit	4	6292	2	741146	1	20229	1	0	20000
Picture	response121	hit	4	6103	2	771604	1	20229	1	0	20000
Picture	response128	hit	4	5562	2	801896	1	20229	1	0	20000
Picture	response127	hit	3	4597	2	832521	1	20229	1	0	20000
Picture	response125	hit	4	5965	2	862812	1	20229	1	0	20000
Picture	response126	hit	3	3884	2	893104	1	20230	1	0	20000
Picture	ins4	other				923562	1	30229	1	0	30000
Picture	response29	hit	2	6300	2	1240397	1	20229	1	0	20000
Picture	response27	hit	2	3193	2	1270855	1	20229	1	0	20000
Picture	response28	hit	2	2602	2	1301146	1	20229	1	0	20000
Picture	response31	hit	2	5113	2	1331604	1	20229	1	0	20000
Picture	response26	hit	2	2951	2	1361896	1	20229	1	0	20000
Picture	response30	hit	2	2486	2	1392521	1	20229	1	0	20000
Picture	response32	hit	2	3015	2	1422813	1	20229	1	0	20000
Picture	response25	hit	2	4073	2	1453104	1	20229	1	0	20000
Picture	ins8	other				1483562	1	30229	1	0	30000
Picture	response60	hit	4	5290	2	1800496	1	20229	1	0	20000
Picture	response63	hit	4	2982	2	1830955	1	20229	1	0	20000
Picture	response62	hit	4	3491	2	1861246	1	20229	1	0	20000
Picture	response59	hit	4	5380	2	1891537	1	20229	1	0	20000
Picture	response64	hit	4	3395	2	1922162	1	20229	1	0	20000
Picture	response61	hit	4	3823	2	1952454	1	20229	1	0	20000
Picture	response58	hit	4	2575	2	1982912	1	20229	1	0	20000
Picture	response57	hit	4	3214	2	2013203	1	20229	1	0	20000
Picture	ins10	other				2043661	1	30229	1	0	30000
Picture	response73	hit	3	5310	2	2360496	1	20229	1	0	20000
Picture	response74	hit	3	3842	2	2390954	1	20229	1	0	20000
Picture	response79	hit	1	5701	2	2421246	1	20230	1	0	20000
Picture	response77	hit	1	4067	2	2451539	1	20229	1	0	20000
Picture	response78	hit	3	13293	2	2482164	1	20229	1	0	20000
Picture	response80	hit	1	4492	2	2512455	1	20229	1	0	20000
Picture	response75	hit	3	5193	2	2542913	1	20229	1	0	20000
Picture	response76	hit	3	9011	2	2573205	1	20229	1	0	20000
Picture	ins24	other				2603663	1	30229	1	0	30000
Picture	response188	hit	4	4751	2	2920396	1	20229	1	0	20000
Picture	response192	hit	3	8882	2	2950854	1	20229	1	0	20000
Picture	response190	hit	3	6380	2	2981146	1	20229	1	0	20000
Picture	response185	hit	3	6482	2	3011604	1	20229	1	0	20000
Picture	response189	hit	1	10321	2	3041895	1	20229	1	0	20000
Picture	response186	hit	2	7445	2	3072520	1	20229	1	0	20000
Picture	response191	hit	2	4915	2	3102812	1	20229	1	0	20000
Picture	response187	hit	3	7343	2	3133123	1	20229	1	0	20000
Picture	ins20	other				3163581	1	30229	1	0	30000
Picture	response157	hit	4	4710	2	3480396	1	20229	1	0	20000
Picture	response158	hit	3	9762	2	3510854	1	20229	1	0	20000
Picture	response159	hit	4	8650	2	3541146	1	20229	1	0	20000
Picture	response153	hit	2	4443	2	3571604	1	20229	1	0	20000
Picture	response160	hit	1	6291	2	3601895	1	20229	1	0	20000
Picture	response156	hit	1	4636	2	3632520	1	20229	1	0	20000
Picture	response155	hit	4	15424	2	3662812	1	20229	1	0	20000
Picture	response154	hit	3	7382	2	3693103	1	20229	1	0	20000
Picture	ins6	other				3723561	1	30229	1	0	30000
Picture	response43	hit	3	4701	2	4040395	1	20229	1	0	20000
Picture	response44	hit	3	2163	2	4070853	1	20229	1	0	20000
Picture	response48	hit	3	2651	2	4101145	1	20229	1	0	20000
Picture	response45	hit	3	6063	2	4131603	1	20229	1	0	20000
Picture	response47	hit	3	2871	2	4161895	1	20229	1	0	20000
Picture	response46	hit	3	3686	2	4192520	1	20229	1	0	20000
Picture	response41	hit	3	3594	2	4222811	1	20229	1	0	20000
Picture	response42	hit	3	3413	2	4253103	1	20229	1	0	20000
Picture	ins12	other				4283561	1	30229	1	0	30000
Picture	response93	hit	1	5500	2	4600395	1	20229	1	0	20000
Picture	response95	hit	4	3413	2	4630853	1	20229	1	0	20000
Picture	response92	hit	1	6591	2	4661144	1	20230	1	0	20000
Picture	response89	incorrect	1	5922	2	4691603	1	20229	1	0	20000
Picture	response94	hit	4	3041	2	4721895	1	20229	1	0	20000
Picture	response91	hit	4	2946	2	4752520	1	20229	1	0	20000
Picture	response90	hit	1	4594	2	4782811	1	20229	1	0	20000
Picture	response96	hit	1	5612	2	4813103	1	20229	1	0	20000
Picture	ins14	other				4843561	1	30229	1	0	30000
Picture	response111	hit	4	3931	2	5160395	1	20229	1	0	20000
Picture	response110	hit	2	5932	2	5190853	1	20229	1	0	20000
Picture	response105	hit	2	4661	2	5221144	1	20230	1	0	20000
Picture	response109	hit	2	5782	2	5251603	1	20229	1	0	20000
Picture	response112	hit	4	3790	2	5281895	1	20229	1	0	20000
Picture	response106	hit	4	3556	2	5312520	1	20229	1	0	20000
Picture	response107	incorrect	4	8253	2	5342812	1	20229	1	0	20000
Picture	response108	hit	2	9451	2	5373103	1	20229	1	0	20000
Picture	ins22	other				5403566	1	30229	1	0	30000
Picture	response174	hit	1	6721	2	5720394	1	20229	1	0	20000
Picture	response175	hit	3	7443	2	5750852	1	20229	1	0	20000
Picture	response170	hit	4	10691	2	5781144	1	20229	1	0	20000
Picture	response172	hit	4	9612	2	5811602	1	20229	1	0	20000
Picture	response171	hit	3	11831	2	5841894	1	20229	1	0	20000
Picture	response176	hit	4	12346	2	5872519	1	20229	1	0	20000
Picture	response169	hit	2	7075	2	5902810	1	20229	1	0	20000
Picture	response173	hit	1	5453	2	5933102	1	20229	1	0	20000
Picture	ins2	other				5963560	1	30229	1	0	30000
Picture	response9	hit	1	4321	2	6280394	1	20229	1	0	20000
Picture	response10	hit	1	3842	2	6310852	1	20229	1	0	20000
Picture	response13	hit	1	4211	2	6341144	1	20229	1	0	20000
Picture	response11	hit	1	3003	2	6371602	1	20229	1	0	20000
Picture	response16	hit	1	2991	2	6401893	1	20229	1	0	20000
Picture	response14	hit	1	2467	2	6432518	1	20229	1	0	20000
Picture	response12	hit	1	2395	2	6462809	1	20229	1	0	20000
Picture	response15	hit	1	2824	2	6493101	1	20229	1	0	20000
Picture	ins18	other				6523559	1	30229	1	0	30000
Picture	response137	hit	4	7820	2	6840394	1	20229	1	0	20000
Picture	response142	hit	3	4033	2	6870852	1	20229	1	0	20000
Picture	response144	hit	2	6481	2	6901143	1	20229	1	0	20000
Picture	response143	hit	3	5383	2	6931601	1	20229	1	0	20000
Picture	response139	hit	2	14412	2	6961893	1	20229	1	0	20000
Picture	response141	hit	1	8416	2	6992518	1	20229	1	0	20000
Picture	response138	hit	3	6865	2	7022809	1	20229	1	0	20000
Picture	response140	hit	1	6613	2	7053101	1	20229	1	0	20000
Picture	thanks	other				7083060	1	10229	1	0	10000


{
   "app": "Presentation Version 21.0 Build 06.06.19",
   "device": "LENOVO 20KHCTO1WW",
   "experiment": "{C0C68DB1-10BA-42F2-8F79-3F2AFFEED4E4}",
   "os": "Windows 10 64 bit",
   "package": "",
   "parameters": {
      "configuration": "Default configuration"
   },
   "scenario": "Response experiment(2).sce",
   "subject": "A_HP_09",
   "timestamp": "2019/08/30 03:24:25 GMT"
}
