Scenario - 
Logfile written - 08/30/2019 09:57:24

Subject	Trial	Event Type	Code	Time	TTime	Uncertainty	Duration	Uncertainty	ReqTime	ReqDur	Stim Type	Pair Index

A_HP_07	1	Response	5	260093	259094	1
A_HP_07	1	Pulse	99	260093	259094	1
A_HP_07	2	Picture	ready	260325	0	1	10229	1	0	10000	other	0
A_HP_07	2	Pulse	99	280093	19768	1
A_HP_07	2	Pulse	99	300093	39768	1
A_HP_07	2	Pulse	99	320093	59768	1
A_HP_07	3	Picture	ins22	320877	232	1	30229	1	0	30000	other	0
A_HP_07	3	Pulse	99	340093	19448	1
A_HP_07	3	Pulse	99	360093	39448	1
A_HP_07	3	Pulse	99	380093	59448	1
A_HP_07	3	Pulse	99	400173	79528	1
A_HP_07	3	Pulse	99	420093	99448	1
A_HP_07	3	Pulse	99	440093	119448	1
A_HP_07	3	Pulse	99	460173	139528	1
A_HP_07	3	Pulse	99	480093	159448	1
A_HP_07	3	Pulse	99	500093	179448	1
A_HP_07	3	Pulse	99	520093	199448	1
A_HP_07	3	Pulse	99	540093	219448	1
A_HP_07	3	Pulse	99	560093	239448	1
A_HP_07	3	Pulse	99	580093	259448	1
A_HP_07	3	Pulse	99	600093	279448	1
A_HP_07	3	Pulse	99	620093	299448	1
A_HP_07	4	Response	5	640093	9217	1
A_HP_07	4	Pulse	99	640093	9217	1
A_HP_07	5	Picture	response171	640675	230	1	20229	1	0	20000	hit	26
A_HP_07	5	Response	3	655502	15057	1
A_HP_07	5	Pulse	99	660092	19647	1
A_HP_07	6	Picture	response170	671133	288	1	20229	1	0	20000	hit	29
A_HP_07	6	Response	4	676892	6047	1
A_HP_07	6	Pulse	99	680092	9247	1
A_HP_07	6	Pulse	99	700093	29248	1
A_HP_07	7	Picture	response174	701425	180	1	20229	1	0	20000	hit	33
A_HP_07	7	Response	1	716641	15396	1
A_HP_07	7	Pulse	99	720092	18847	1
A_HP_07	8	Picture	response169	731883	238	1	20230	1	0	20000	hit	36
A_HP_07	8	Response	2	739922	8276	1
A_HP_07	8	Pulse	99	740092	8447	1
A_HP_07	8	Pulse	99	760093	28448	1
A_HP_07	9	Picture	response176	762175	130	1	20229	1	0	20000	hit	40
A_HP_07	9	Response	4	769332	7287	1
A_HP_07	9	Pulse	99	780093	18048	1
A_HP_07	10	Picture	response175	792799	354	1	20229	1	0	20000	hit	44
A_HP_07	10	Pulse	99	800093	7648	1
A_HP_07	10	Response	3	802301	9856	1
A_HP_07	10	Pulse	99	820093	27648	1
A_HP_07	11	Picture	response173	823091	246	1	20229	1	0	20000	incorrect	47
A_HP_07	11	Response	2	835502	12657	1
A_HP_07	11	Pulse	99	840092	17247	1
A_HP_07	12	Picture	response172	853382	137	1	20229	1	0	20000	hit	51
A_HP_07	12	Pulse	99	860093	6848	1
A_HP_07	12	Response	4	866872	13627	1
A_HP_07	12	Pulse	99	880093	26848	1
A_HP_07	13	Picture	ins6	883840	195	1	30229	1	0	30000	other	0
A_HP_07	13	Pulse	99	900093	16448	1
A_HP_07	13	Pulse	99	920093	36448	1
A_HP_07	13	Pulse	99	940093	56448	1
A_HP_07	13	Pulse	99	960093	76448	1
A_HP_07	13	Pulse	99	980093	96448	1
A_HP_07	13	Pulse	99	1000093	116448	1
A_HP_07	13	Pulse	99	1020093	136448	1
A_HP_07	13	Pulse	99	1040093	156448	1
A_HP_07	13	Pulse	99	1060093	176448	1
A_HP_07	13	Pulse	99	1080093	196448	1
A_HP_07	13	Pulse	99	1100093	216448	1
A_HP_07	13	Pulse	99	1120093	236448	1
A_HP_07	13	Pulse	99	1140093	256448	1
A_HP_07	13	Pulse	99	1160093	276448	1
A_HP_07	13	Pulse	99	1180093	296448	1
A_HP_07	14	Response	5	1200092	6217	1
A_HP_07	14	Pulse	99	1200092	6217	1
A_HP_07	15	Picture	response47	1200674	230	1	20229	1	0	20000	hit	72
A_HP_07	15	Response	3	1204451	4007	1
A_HP_07	15	Pulse	99	1220092	19648	1
A_HP_07	16	Picture	response44	1231132	288	1	20230	1	0	20000	hit	75
A_HP_07	16	Response	3	1233931	3087	1
A_HP_07	16	Pulse	99	1240092	9248	1
A_HP_07	16	Pulse	99	1260092	29248	1
A_HP_07	17	Picture	response48	1261424	180	1	20229	1	0	20000	hit	79
A_HP_07	17	Response	3	1263841	2597	1
A_HP_07	17	Pulse	99	1280092	18848	1
A_HP_07	18	Picture	response41	1291882	238	1	20230	1	0	20000	hit	82
A_HP_07	18	Response	3	1295331	3687	1
A_HP_07	18	Pulse	99	1300092	8448	1
A_HP_07	18	Pulse	99	1320093	28449	1
A_HP_07	19	Picture	response46	1322174	129	1	20229	1	0	20000	hit	86
A_HP_07	19	Response	3	1325522	3477	1
A_HP_07	19	Pulse	99	1340092	18048	1
A_HP_07	20	Picture	response43	1352799	354	1	20229	1	0	20000	hit	89
A_HP_07	20	Response	3	1354982	2537	1
A_HP_07	20	Pulse	99	1360092	7647	1
A_HP_07	20	Pulse	99	1380092	27648	1
A_HP_07	21	Picture	response45	1383090	245	1	20229	1	0	20000	hit	93
A_HP_07	21	Response	3	1387721	4877	1
A_HP_07	21	Pulse	99	1400092	17247	1
A_HP_07	22	Picture	response42	1413382	137	1	20229	1	0	20000	hit	96
A_HP_07	22	Response	3	1416871	3627	1
A_HP_07	22	Pulse	99	1420092	6847	1
A_HP_07	22	Pulse	99	1440092	26848	1
A_HP_07	23	Picture	ins4	1443840	195	1	30229	1	0	30000	other	0
A_HP_07	23	Pulse	99	1460093	16448	1
A_HP_07	23	Pulse	99	1480093	36448	1
A_HP_07	23	Pulse	99	1500092	56448	1
A_HP_07	23	Pulse	99	1520093	76448	1
A_HP_07	23	Pulse	99	1540093	96448	1
A_HP_07	23	Pulse	99	1560092	116448	1
A_HP_07	23	Pulse	99	1580093	136449	1
A_HP_07	23	Pulse	99	1600093	156448	1
A_HP_07	23	Pulse	99	1620093	176448	1
A_HP_07	23	Pulse	99	1640093	196448	1
A_HP_07	23	Pulse	99	1660093	216448	1
A_HP_07	23	Pulse	99	1680093	236448	1
A_HP_07	23	Pulse	99	1700093	256448	1
A_HP_07	23	Pulse	99	1720093	276448	1
A_HP_07	23	Pulse	99	1740092	296448	1
A_HP_07	24	Response	5	1760093	6218	1
A_HP_07	24	Pulse	99	1760093	6218	1
A_HP_07	25	Picture	response25	1760674	230	1	20229	1	0	20000	hit	118
A_HP_07	25	Response	2	1764942	4497	1
A_HP_07	25	Pulse	99	1780092	19648	1
A_HP_07	26	Picture	response32	1791133	288	1	20229	1	0	20000	hit	121
A_HP_07	26	Response	2	1796271	5427	1
A_HP_07	26	Pulse	99	1800092	9247	1
A_HP_07	26	Pulse	99	1820093	29248	1
A_HP_07	27	Picture	response26	1821424	180	1	20229	1	0	20000	hit	125
A_HP_07	27	Response	2	1828571	7327	1
A_HP_07	27	Pulse	99	1840092	18848	1
A_HP_07	28	Picture	response31	1851882	238	1	20229	1	0	20000	hit	128
A_HP_07	28	Response	2	1857521	5877	1
A_HP_07	28	Pulse	99	1860092	8448	1
A_HP_07	28	Pulse	99	1880092	28448	1
A_HP_07	29	Picture	response30	1882174	129	1	20229	1	0	20000	hit	132
A_HP_07	29	Response	2	1885061	3017	1
A_HP_07	29	Pulse	99	1900092	18048	1
A_HP_07	30	Picture	response29	1912798	354	1	20229	1	0	20000	hit	135
A_HP_07	30	Response	2	1917651	5207	1
A_HP_07	30	Pulse	99	1920091	7647	1
A_HP_07	30	Pulse	99	1940092	27648	1
A_HP_07	31	Picture	response28	1943090	246	1	20229	1	0	20000	hit	139
A_HP_07	31	Response	2	1946681	3837	1
A_HP_07	31	Pulse	99	1960092	17248	1
A_HP_07	32	Picture	response27	1973381	137	1	20229	1	0	20000	hit	142
A_HP_07	32	Response	2	1978031	4787	1
A_HP_07	32	Pulse	99	1980092	6847	1
A_HP_07	32	Pulse	99	2000092	26848	1
A_HP_07	33	Picture	ins20	2003839	195	1	30229	1	0	30000	other	0
A_HP_07	33	Pulse	99	2020092	16448	1
A_HP_07	33	Pulse	99	2040092	36448	1
A_HP_07	33	Pulse	99	2060092	56448	1
A_HP_07	33	Pulse	99	2080092	76448	1
A_HP_07	33	Pulse	99	2100092	96448	1
A_HP_07	33	Pulse	99	2120092	116448	1
A_HP_07	33	Pulse	99	2140092	136448	1
A_HP_07	33	Pulse	99	2160092	156448	1
A_HP_07	33	Pulse	99	2180092	176448	1
A_HP_07	33	Pulse	99	2200092	196448	1
A_HP_07	33	Pulse	99	2220092	216448	1
A_HP_07	33	Pulse	99	2240092	236448	1
A_HP_07	33	Pulse	99	2260092	256448	1
A_HP_07	33	Pulse	99	2280092	276448	1
A_HP_07	33	Pulse	99	2300092	296448	1
A_HP_07	34	Response	5	2320092	6217	1
A_HP_07	34	Pulse	99	2320092	6217	1
A_HP_07	35	Picture	response159	2320674	230	1	20229	1	0	20000	hit	164
A_HP_07	35	Response	4	2325481	5037	1
A_HP_07	35	Pulse	99	2340092	19648	1
A_HP_07	36	Picture	response155	2351132	288	1	20229	1	0	20000	hit	167
A_HP_07	36	Response	4	2357101	6257	1
A_HP_07	36	Pulse	99	2360091	9247	1
A_HP_07	36	Pulse	99	2380092	29248	1
A_HP_07	37	Picture	response153	2381424	180	1	20229	1	0	20000	hit	171
A_HP_07	37	Response	2	2390631	9387	1
A_HP_07	37	Pulse	99	2400092	18847	1
A_HP_07	38	Picture	response154	2411882	238	1	20229	1	0	20000	hit	175
A_HP_07	38	Pulse	99	2420092	8448	1
A_HP_07	38	Response	3	2420920	9276	1
A_HP_07	38	Pulse	99	2440092	28448	1
A_HP_07	39	Picture	response157	2442174	129	1	20229	1	0	20000	hit	178
A_HP_07	39	Response	4	2448231	6187	1
A_HP_07	39	Pulse	99	2460092	18047	1
A_HP_07	40	Picture	response156	2472798	354	1	20229	1	0	20000	hit	182
A_HP_07	40	Pulse	99	2480092	7648	1
A_HP_07	40	Response	1	2488510	16066	1
A_HP_07	40	Pulse	99	2500092	27648	1
A_HP_07	41	Picture	response158	2503090	246	1	20229	1	0	20000	hit	185
A_HP_07	41	Response	3	2510871	8027	1
A_HP_07	41	Pulse	99	2520092	17248	1
A_HP_07	42	Picture	response160	2533382	138	1	20229	1	0	20000	hit	189
A_HP_07	42	Pulse	99	2540092	6848	1
A_HP_07	42	Response	1	2548550	15306	1
A_HP_07	42	Pulse	99	2560092	26848	1
A_HP_07	43	Picture	ins16	2563840	196	1	30229	1	0	30000	other	0
A_HP_07	43	Pulse	99	2580092	16448	1
A_HP_07	43	Pulse	99	2600092	36448	1
A_HP_07	43	Pulse	99	2620092	56448	1
A_HP_07	43	Pulse	99	2640092	76448	1
A_HP_07	43	Pulse	99	2660092	96448	1
A_HP_07	43	Pulse	99	2680092	116448	1
A_HP_07	43	Pulse	99	2700092	136448	1
A_HP_07	43	Pulse	99	2720092	156448	1
A_HP_07	43	Pulse	99	2740092	176448	1
A_HP_07	43	Pulse	99	2760092	196448	1
A_HP_07	43	Pulse	99	2780092	216448	1
A_HP_07	43	Pulse	99	2800092	236448	1
A_HP_07	43	Pulse	99	2820092	256448	1
A_HP_07	43	Pulse	99	2840092	276448	1
A_HP_07	43	Pulse	99	2860092	296448	1
A_HP_07	44	Response	5	2880092	6217	1
A_HP_07	44	Pulse	99	2880092	6217	1
A_HP_07	45	Picture	response128	2880674	230	1	20229	1	0	20000	hit	210
A_HP_07	45	Response	4	2885391	4947	1
A_HP_07	45	Pulse	99	2900091	19647	1
A_HP_07	46	Picture	response127	2911132	288	1	20229	1	0	20000	hit	213
A_HP_07	46	Response	3	2915921	5077	1
A_HP_07	46	Pulse	99	2920092	9248	1
A_HP_07	46	Pulse	99	2940092	29248	1
A_HP_07	47	Picture	response122	2941424	180	1	20229	1	0	20000	hit	217
A_HP_07	47	Response	3	2954870	13627	1
A_HP_07	47	Pulse	99	2960091	18847	1
A_HP_07	48	Picture	response125	2971882	238	1	20229	1	0	20000	hit	220
A_HP_07	48	Response	4	2978051	6407	1
A_HP_07	48	Pulse	99	2980091	8447	1
A_HP_07	48	Pulse	99	3000092	28448	1
A_HP_07	49	Picture	response124	3002174	130	1	20229	1	0	20000	hit	224
A_HP_07	49	Response	4	3005551	3507	1
A_HP_07	49	Pulse	99	3020092	18048	1
A_HP_07	50	Picture	response121	3032799	355	1	20229	1	0	20000	hit	228
A_HP_07	50	Pulse	99	3040092	7648	1
A_HP_07	50	Response	4	3047480	15036	1
A_HP_07	50	Pulse	99	3060092	27648	1
A_HP_07	51	Picture	response126	3063090	246	1	20230	1	0	20000	hit	231
A_HP_07	51	Response	3	3074551	11707	1
A_HP_07	51	Pulse	99	3080092	17248	1
A_HP_07	52	Picture	response123	3093383	139	1	20229	1	0	20000	hit	235
A_HP_07	52	Pulse	99	3100092	6848	1
A_HP_07	52	Response	4	3101840	8596	1
A_HP_07	52	Pulse	99	3120091	26848	1
A_HP_07	53	Picture	ins8	3123841	198	1	30230	1	0	30000	other	0
A_HP_07	53	Pulse	99	3140092	16449	1
A_HP_07	53	Pulse	99	3160091	36449	1
A_HP_07	53	Pulse	99	3180091	56449	1
A_HP_07	53	Pulse	99	3200091	76449	1
A_HP_07	53	Pulse	99	3220091	96449	1
A_HP_07	53	Pulse	99	3240091	116449	1
A_HP_07	53	Pulse	99	3260091	136448	1
A_HP_07	53	Pulse	99	3280092	156449	1
A_HP_07	53	Pulse	99	3300092	176449	1
A_HP_07	53	Pulse	99	3320092	196449	1
A_HP_07	53	Pulse	99	3340092	216449	1
A_HP_07	53	Pulse	99	3360092	236449	1
A_HP_07	53	Pulse	99	3380092	256449	1
A_HP_07	53	Pulse	99	3400092	276449	1
A_HP_07	53	Pulse	99	3420092	296449	1
A_HP_07	54	Response	5	3440092	6218	1
A_HP_07	54	Pulse	99	3440092	6218	1
A_HP_07	55	Picture	response61	3440674	230	1	20229	1	0	20000	hit	256
A_HP_07	55	Response	4	3447420	6977	1
A_HP_07	55	Pulse	99	3460091	19648	1
A_HP_07	56	Picture	response64	3471132	288	1	20229	1	0	20000	hit	259
A_HP_07	56	Response	4	3474001	3157	1
A_HP_07	56	Pulse	99	3480091	9248	1
A_HP_07	56	Pulse	99	3500092	29248	1
A_HP_07	57	Picture	response57	3501423	180	1	20229	1	0	20000	hit	263
A_HP_07	57	Response	4	3504350	3107	1
A_HP_07	57	Pulse	99	3520091	18848	1
A_HP_07	58	Picture	response59	3531881	237	1	20229	1	0	20000	hit	266
A_HP_07	58	Response	4	3535061	3417	1
A_HP_07	58	Pulse	99	3540091	8447	1
A_HP_07	58	Pulse	99	3560091	28448	1
A_HP_07	59	Picture	response58	3562173	129	1	20229	1	0	20000	hit	270
A_HP_07	59	Response	4	3566050	4007	1
A_HP_07	59	Pulse	99	3580091	18048	1
A_HP_07	60	Picture	response62	3592798	354	1	20229	1	0	20000	hit	273
A_HP_07	60	Response	4	3597450	5007	1
A_HP_07	60	Pulse	99	3600091	7647	1
A_HP_07	60	Pulse	99	3620091	27648	1
A_HP_07	61	Picture	response63	3623090	246	1	20229	1	0	20000	hit	277
A_HP_07	61	Response	4	3629990	7147	1
A_HP_07	61	Pulse	99	3640091	17248	1
A_HP_07	62	Picture	response60	3653381	138	1	20229	1	0	20000	hit	280
A_HP_07	62	Response	4	3657920	4677	1
A_HP_07	62	Pulse	99	3660091	6847	1
A_HP_07	62	Pulse	99	3680091	26848	1
A_HP_07	63	Picture	ins18	3683839	196	1	30229	1	0	30000	other	0
A_HP_07	63	Pulse	99	3700092	16448	1
A_HP_07	63	Pulse	99	3720092	36448	1
A_HP_07	63	Pulse	99	3740091	56448	1
A_HP_07	63	Pulse	99	3760092	76448	1
A_HP_07	63	Pulse	99	3780092	96448	1
A_HP_07	63	Pulse	99	3800092	116448	1
A_HP_07	63	Pulse	99	3820091	136448	1
A_HP_07	63	Pulse	99	3840091	156447	1
A_HP_07	63	Pulse	99	3860091	176447	1
A_HP_07	63	Pulse	99	3880091	196448	1
A_HP_07	63	Pulse	99	3900091	216447	1
A_HP_07	63	Pulse	99	3920091	236447	1
A_HP_07	63	Pulse	99	3940091	256447	1
A_HP_07	63	Pulse	99	3960091	276447	1
A_HP_07	63	Pulse	99	3980091	296447	1
A_HP_07	64	Response	5	4000091	6217	1
A_HP_07	64	Pulse	99	4000091	6217	1
A_HP_07	65	Picture	response137	4000673	230	1	20229	1	0	20000	hit	302
A_HP_07	65	Response	4	4009590	9147	1
A_HP_07	65	Pulse	99	4020091	19648	1
A_HP_07	66	Picture	response139	4031131	287	1	20229	1	0	20000	hit	306
A_HP_07	66	Pulse	99	4040091	9248	1
A_HP_07	66	Response	2	4041539	10696	1
A_HP_07	66	Pulse	99	4060091	29248	1
A_HP_07	67	Picture	response144	4061422	179	1	20230	1	0	20000	hit	309
A_HP_07	67	Response	2	4068350	7107	1
A_HP_07	67	Pulse	99	4080091	18848	1
A_HP_07	68	Picture	response142	4091881	238	1	20229	1	0	20000	hit	313
A_HP_07	68	Pulse	99	4100091	8448	1
A_HP_07	68	Response	3	4101749	10106	1
A_HP_07	68	Pulse	99	4120091	28448	1
A_HP_07	69	Picture	response138	4122173	129	1	20229	1	0	20000	hit	316
A_HP_07	69	Response	3	4128240	6197	1
A_HP_07	69	Pulse	99	4140091	18048	1
A_HP_07	70	Picture	response141	4152797	354	1	20229	1	0	20000	hit	320
A_HP_07	70	Pulse	99	4160091	7647	1
A_HP_07	70	Response	1	4161709	9266	1
A_HP_07	70	Pulse	99	4180091	27648	1
A_HP_07	71	Picture	response140	4183089	246	1	20229	1	0	20000	hit	323
A_HP_07	71	Response	1	4187909	5066	1
A_HP_07	71	Pulse	99	4200091	17247	1
A_HP_07	72	Picture	response143	4213381	138	1	20230	1	0	20000	hit	327
A_HP_07	72	Pulse	99	4220091	6848	1
A_HP_07	72	Response	3	4227259	14017	1
A_HP_07	72	Pulse	99	4240091	26848	1
A_HP_07	73	Picture	ins12	4243839	197	1	30229	1	0	30000	other	0
A_HP_07	73	Pulse	99	4260091	16448	1
A_HP_07	73	Pulse	99	4280091	36448	1
A_HP_07	73	Pulse	99	4300091	56448	1
A_HP_07	73	Pulse	99	4320091	76449	1
A_HP_07	73	Pulse	99	4340091	96449	1
A_HP_07	73	Pulse	99	4360092	116449	1
A_HP_07	73	Pulse	99	4380091	136448	1
A_HP_07	73	Pulse	99	4400091	156448	1
A_HP_07	73	Pulse	99	4420091	176448	1
A_HP_07	73	Pulse	99	4440091	196448	1
A_HP_07	73	Pulse	99	4460091	216448	1
A_HP_07	73	Pulse	99	4480091	236448	1
A_HP_07	73	Pulse	99	4500091	256448	1
A_HP_07	73	Pulse	99	4520092	276449	1
A_HP_07	73	Pulse	99	4540091	296448	1
A_HP_07	74	Response	5	4560091	6218	1
A_HP_07	74	Pulse	99	4560091	6218	1
A_HP_07	75	Picture	response93	4560672	230	1	20229	1	0	20000	hit	348
A_HP_07	75	Response	1	4571810	11367	1
A_HP_07	75	Pulse	99	4580090	19648	1
A_HP_07	76	Picture	response92	4591130	288	1	20229	1	0	20000	hit	352
A_HP_07	76	Pulse	99	4600091	9248	1
A_HP_07	76	Response	1	4600459	9617	1
A_HP_07	76	Pulse	99	4620091	29249	1
A_HP_07	77	Picture	response91	4621422	179	1	20229	1	0	20000	hit	355
A_HP_07	77	Response	4	4624730	3487	1
A_HP_07	77	Pulse	99	4640091	18848	1
A_HP_07	78	Picture	response89	4651880	237	1	20229	1	0	20000	incorrect	358
A_HP_07	78	Response	1	4658460	6816	1
A_HP_07	78	Pulse	99	4660090	8447	1
A_HP_07	78	Pulse	99	4680091	28448	1
A_HP_07	79	Picture	response96	4682172	129	1	20229	1	0	20000	hit	363
A_HP_07	79	Pulse	99	4700091	18048	1
A_HP_07	79	Response	1	4703330	21286	1
A_HP_07	80	Picture	response95	4712797	354	1	20229	1	0	20000	hit	366
A_HP_07	80	Pulse	99	4720091	7648	1
A_HP_07	80	Response	4	4722749	10306	1
A_HP_07	80	Pulse	99	4740091	27648	1
A_HP_07	81	Picture	response90	4743088	245	1	20229	1	0	20000	hit	369
A_HP_07	81	Response	1	4755000	12157	1
A_HP_07	81	Pulse	99	4760090	17247	1
A_HP_07	82	Picture	response94	4773380	137	1	20229	1	0	20000	hit	373
A_HP_07	82	Pulse	99	4780091	6848	1
A_HP_07	82	Response	4	4782949	9706	1
A_HP_07	82	Pulse	99	4800091	26848	1
A_HP_07	83	Picture	ins10	4803838	195	1	30229	1	0	30000	other	0
A_HP_07	83	Pulse	99	4820091	16448	1
A_HP_07	83	Pulse	99	4840091	36448	1
A_HP_07	83	Pulse	99	4860091	56448	1
A_HP_07	83	Pulse	99	4880091	76448	1
A_HP_07	83	Pulse	99	4900091	96448	1
A_HP_07	83	Pulse	99	4920091	116448	1
A_HP_07	83	Pulse	99	4940091	136448	1
A_HP_07	83	Pulse	99	4960091	156448	1
A_HP_07	83	Pulse	99	4980091	176448	1
A_HP_07	83	Pulse	99	5000091	196448	1
A_HP_07	83	Pulse	99	5020091	216448	1
A_HP_07	83	Pulse	99	5040091	236448	1
A_HP_07	83	Pulse	99	5060091	256448	1
A_HP_07	83	Pulse	99	5080091	276448	1
A_HP_07	83	Pulse	99	5100090	296447	1
A_HP_07	84	Response	5	5120091	6217	1
A_HP_07	84	Pulse	99	5120091	6217	1
A_HP_07	85	Picture	response74	5120672	230	1	20229	1	0	20000	hit	394
A_HP_07	85	Response	3	5125549	5107	1
A_HP_07	85	Pulse	99	5140090	19648	1
A_HP_07	86	Picture	response77	5151090	248	1	20229	1	0	20000	hit	398
A_HP_07	86	Pulse	99	5160091	9248	1
A_HP_07	86	Response	1	5160259	9417	1
A_HP_07	86	Pulse	99	5180091	29249	1
A_HP_07	87	Picture	response78	5181382	140	1	20230	1	0	20000	hit	401
A_HP_07	87	Response	3	5186990	5747	1
A_HP_07	87	Pulse	99	5200091	18848	1
A_HP_07	88	Picture	response75	5211841	198	1	20229	1	0	20000	hit	405
A_HP_07	88	Pulse	99	5220091	8448	1
A_HP_07	88	Response	3	5221189	9546	1
A_HP_07	88	Pulse	99	5240091	28448	1
A_HP_07	89	Picture	response73	5242300	257	1	20229	1	0	20000	hit	408
A_HP_07	89	Response	3	5249100	7058	1
A_HP_07	89	Pulse	99	5260091	18049	1
A_HP_07	90	Picture	response79	5272758	315	1	20229	1	0	20000	hit	411
A_HP_07	90	Response	1	5279280	6837	1
A_HP_07	90	Pulse	99	5280090	7648	1
A_HP_07	90	Pulse	99	5300091	27648	1
A_HP_07	91	Picture	response76	5303050	207	1	20229	1	0	20000	hit	415
A_HP_07	91	Response	3	5313070	10227	1
A_HP_07	91	Pulse	99	5320090	17248	1
A_HP_07	92	Picture	response80	5333341	99	1	20229	1	0	20000	hit	419
A_HP_07	92	Pulse	99	5340091	6849	1
A_HP_07	92	Response	1	5340509	7267	1
A_HP_07	92	Pulse	99	5360091	26849	1
A_HP_07	93	Picture	ins2	5363966	324	1	30229	1	0	30000	other	0
A_HP_07	93	Pulse	99	5380091	16449	1
A_HP_07	93	Pulse	99	5400091	36449	1
A_HP_07	93	Pulse	99	5420091	56449	1
A_HP_07	93	Pulse	99	5440091	76449	1
A_HP_07	93	Pulse	99	5460091	96449	1
A_HP_07	93	Pulse	99	5480091	116449	1
A_HP_07	93	Pulse	99	5500091	136449	1
A_HP_07	93	Pulse	99	5520091	156449	1
A_HP_07	93	Pulse	99	5540091	176449	1
A_HP_07	93	Pulse	99	5560091	196449	1
A_HP_07	93	Pulse	99	5580090	216449	1
A_HP_07	93	Pulse	99	5600091	236449	1
A_HP_07	93	Pulse	99	5620091	256449	1
A_HP_07	93	Pulse	99	5640091	276449	1
A_HP_07	93	Pulse	99	5660090	296449	1
A_HP_07	94	Response	5	5680090	6218	1
A_HP_07	94	Pulse	99	5680090	6218	1
A_HP_07	95	Picture	response10	5680672	230	1	20229	1	0	20000	hit	440
A_HP_07	95	Response	1	5685739	5297	1
A_HP_07	95	Pulse	99	5700090	19648	1
A_HP_07	96	Picture	response9	5711130	288	1	20229	1	0	20000	hit	443
A_HP_07	96	Response	1	5715909	5067	1
A_HP_07	96	Pulse	99	5720090	9248	1
A_HP_07	96	Pulse	99	5740090	29248	1
A_HP_07	97	Picture	response16	5741421	179	1	20230	1	0	20000	hit	447
A_HP_07	97	Response	1	5744839	3597	1
A_HP_07	97	Pulse	99	5760090	18848	1
A_HP_07	98	Picture	response11	5771880	237	1	20229	1	0	20000	hit	450
A_HP_07	98	Response	1	5774939	3297	1
A_HP_07	98	Pulse	99	5780090	8447	1
A_HP_07	98	Pulse	99	5800090	28448	1
A_HP_07	99	Picture	response15	5802171	129	1	20229	1	0	20000	hit	454
A_HP_07	99	Response	1	5805019	2977	1
A_HP_07	99	Pulse	99	5820090	18048	1
A_HP_07	100	Picture	response13	5832796	354	1	20229	1	0	20000	hit	457
A_HP_07	100	Response	1	5835739	3297	1
A_HP_07	100	Pulse	99	5840090	7647	1
A_HP_07	100	Pulse	99	5860090	27648	1
A_HP_07	101	Picture	response14	5863088	245	1	20229	1	0	20000	hit	461
A_HP_07	101	Response	1	5865299	2457	1
A_HP_07	101	Pulse	99	5880090	17248	1
A_HP_07	102	Picture	response12	5893379	136	1	20229	1	0	20000	hit	464
A_HP_07	102	Response	1	5898349	5107	1
A_HP_07	102	Pulse	99	5900090	6847	1
A_HP_07	102	Pulse	99	5920090	26848	1
A_HP_07	103	Picture	ins24	5923837	195	1	30229	1	0	30000	other	0
A_HP_07	103	Pulse	99	5940090	16448	1
A_HP_07	103	Pulse	99	5960090	36448	1
A_HP_07	103	Pulse	99	5980090	56448	1
A_HP_07	103	Pulse	99	6000090	76448	1
A_HP_07	103	Pulse	99	6020010	96368	1
A_HP_07	103	Pulse	99	6040090	116448	1
A_HP_07	103	Pulse	99	6060090	136448	1
A_HP_07	103	Pulse	99	6080010	156368	1
A_HP_07	103	Pulse	99	6100091	176448	1
A_HP_07	103	Pulse	99	6120091	196448	1
A_HP_07	103	Pulse	99	6140090	216448	1
A_HP_07	103	Pulse	99	6160090	236448	1
A_HP_07	103	Pulse	99	6180091	256448	1
A_HP_07	103	Pulse	99	6200091	276448	1
A_HP_07	103	Pulse	99	6220090	296448	1
A_HP_07	104	Response	5	6240091	6218	1
A_HP_07	104	Pulse	99	6240091	6218	1
A_HP_07	105	Picture	response188	6240672	230	1	20229	1	0	20000	hit	486
A_HP_07	105	Response	4	6244799	4357	1
A_HP_07	105	Pulse	99	6260090	19648	1
A_HP_07	106	Picture	response189	6271131	288	1	20230	1	0	20000	incorrect	489
A_HP_07	106	Response	2	6276109	5267	1
A_HP_07	106	Pulse	99	6280090	9248	1
A_HP_07	106	Pulse	99	6300090	29248	1
A_HP_07	107	Picture	response192	6301423	180	1	20229	1	0	20000	hit	493
A_HP_07	107	Response	3	6313979	12736	1
A_HP_07	107	Pulse	99	6320089	18847	1
A_HP_07	108	Picture	response191	6331881	238	1	20229	1	0	20000	hit	496
A_HP_07	108	Response	2	6339609	7967	1
A_HP_07	108	Pulse	99	6340090	8448	1
A_HP_07	108	Pulse	99	6360090	28448	1
A_HP_07	109	Picture	response187	6362172	130	1	20229	1	0	20000	hit	500
A_HP_07	109	Response	3	6371149	9106	1
A_HP_07	109	Pulse	99	6380090	18047	1
A_HP_07	110	Picture	response190	6392797	355	1	20229	1	0	20000	hit	503
A_HP_07	110	Response	3	6397879	5437	1
A_HP_07	110	Pulse	99	6400089	7647	1
A_HP_07	110	Pulse	99	6420090	27648	1
A_HP_07	111	Picture	response186	6423089	247	1	20229	1	0	20000	hit	507
A_HP_07	111	Response	2	6430499	7657	1
A_HP_07	111	Pulse	99	6440090	17248	1
A_HP_07	112	Picture	response185	6453380	138	1	20229	1	0	20000	hit	511
A_HP_07	112	Pulse	99	6460011	6768	1
A_HP_07	112	Response	3	6461188	7946	1
A_HP_07	112	Pulse	99	6480091	26849	1
A_HP_07	113	Picture	ins14	6483839	197	1	30229	1	0	30000	other	0
A_HP_07	113	Pulse	99	6500090	16448	1
A_HP_07	113	Pulse	99	6520010	36368	1
A_HP_07	113	Pulse	99	6540090	56448	1
A_HP_07	113	Pulse	99	6560090	76448	1
A_HP_07	113	Pulse	99	6580010	96368	1
A_HP_07	113	Pulse	99	6600090	116448	1
A_HP_07	113	Pulse	99	6620090	136448	1
A_HP_07	113	Pulse	99	6640090	156448	1
A_HP_07	113	Pulse	99	6660090	176448	1
A_HP_07	113	Pulse	99	6680090	196448	1
A_HP_07	113	Pulse	99	6700090	216448	1
A_HP_07	113	Pulse	99	6720090	236448	1
A_HP_07	113	Pulse	99	6740090	256448	1
A_HP_07	113	Pulse	99	6760090	276448	1
A_HP_07	113	Pulse	99	6780090	296448	1
A_HP_07	114	Response	5	6800090	6217	1
A_HP_07	114	Pulse	99	6800090	6217	1
A_HP_07	115	Picture	response106	6800672	230	1	20229	1	0	20000	hit	532
A_HP_07	115	Response	4	6806609	6167	1
A_HP_07	115	Pulse	99	6820090	19647	1
A_HP_07	116	Picture	response109	6831130	288	1	20229	1	0	20000	hit	535
A_HP_07	116	Response	2	6836459	5617	1
A_HP_07	116	Pulse	99	6840009	9167	1
A_HP_07	116	Pulse	99	6860090	29248	1
A_HP_07	117	Picture	response112	6861422	180	1	20229	1	0	20000	hit	539
A_HP_07	117	Response	4	6867528	6286	1
A_HP_07	117	Pulse	99	6880090	18848	1
A_HP_07	118	Picture	response105	6891880	238	1	20229	1	0	20000	hit	542
A_HP_07	118	Response	2	6898509	6867	1
A_HP_07	118	Pulse	99	6900010	8368	1
A_HP_07	118	Pulse	99	6920090	28448	1
A_HP_07	119	Picture	response107	6922171	129	1	20229	1	0	20000	hit	546
A_HP_07	119	Response	2	6927839	5797	1
A_HP_07	119	Pulse	99	6940090	18048	1
A_HP_07	120	Picture	response110	6952798	356	1	20229	1	0	20000	hit	549
A_HP_07	120	Response	2	6958559	6117	1
A_HP_07	120	Pulse	99	6960009	7567	1
A_HP_07	120	Pulse	99	6980090	27648	1
A_HP_07	121	Picture	response108	6983090	248	1	20229	1	0	20000	hit	553
A_HP_07	121	Response	2	6988929	6087	1
A_HP_07	121	Pulse	99	7000090	17248	1
A_HP_07	122	Picture	response111	7013381	140	1	20229	1	0	20000	hit	556
A_HP_07	122	Response	4	7017178	3937	1
A_HP_07	122	Pulse	99	7020009	6768	1
A_HP_07	122	Pulse	99	7040089	26848	1
A_HP_07	123	Picture	thanks	7043340	0	1	10229	1	0	10000	other	0
A_HP_07	123	Pulse	99	7060090	16750	1


Event Type	Code	Type	Response	RT	RT Uncertainty	Time	Uncertainty	Duration	Uncertainty	ReqTime	ReqDur

Picture	ready	other				260325	1	10229	1	0	10000
Picture	ins22	other				320877	1	30229	1	0	30000
Picture	response171	hit	3	14827	2	640675	1	20229	1	0	20000
Picture	response170	hit	4	5759	2	671133	1	20229	1	0	20000
Picture	response174	hit	1	15217	2	701425	1	20229	1	0	20000
Picture	response169	hit	2	8039	2	731883	1	20230	1	0	20000
Picture	response176	hit	4	7157	2	762175	1	20229	1	0	20000
Picture	response175	hit	3	9502	2	792799	1	20229	1	0	20000
Picture	response173	incorrect	2	12411	2	823091	1	20229	1	0	20000
Picture	response172	hit	4	13489	2	853382	1	20229	1	0	20000
Picture	ins6	other				883840	1	30229	1	0	30000
Picture	response47	hit	3	3777	2	1200674	1	20229	1	0	20000
Picture	response44	hit	3	2799	2	1231132	1	20230	1	0	20000
Picture	response48	hit	3	2417	2	1261424	1	20229	1	0	20000
Picture	response41	hit	3	3449	2	1291882	1	20230	1	0	20000
Picture	response46	hit	3	3347	2	1322174	1	20229	1	0	20000
Picture	response43	hit	3	2183	2	1352799	1	20229	1	0	20000
Picture	response45	hit	3	4631	2	1383090	1	20229	1	0	20000
Picture	response42	hit	3	3489	2	1413382	1	20229	1	0	20000
Picture	ins4	other				1443840	1	30229	1	0	30000
Picture	response25	hit	2	4267	2	1760674	1	20229	1	0	20000
Picture	response32	hit	2	5139	2	1791133	1	20229	1	0	20000
Picture	response26	hit	2	7147	2	1821424	1	20229	1	0	20000
Picture	response31	hit	2	5639	2	1851882	1	20229	1	0	20000
Picture	response30	hit	2	2888	2	1882174	1	20229	1	0	20000
Picture	response29	hit	2	4853	2	1912798	1	20229	1	0	20000
Picture	response28	hit	2	3591	2	1943090	1	20229	1	0	20000
Picture	response27	hit	2	4650	2	1973381	1	20229	1	0	20000
Picture	ins20	other				2003839	1	30229	1	0	30000
Picture	response159	hit	4	4807	2	2320674	1	20229	1	0	20000
Picture	response155	hit	4	5969	2	2351132	1	20229	1	0	20000
Picture	response153	hit	2	9207	2	2381424	1	20229	1	0	20000
Picture	response154	hit	3	9038	2	2411882	1	20229	1	0	20000
Picture	response157	hit	4	6057	2	2442174	1	20229	1	0	20000
Picture	response156	hit	1	15712	2	2472798	1	20229	1	0	20000
Picture	response158	hit	3	7781	2	2503090	1	20229	1	0	20000
Picture	response160	hit	1	15168	2	2533382	1	20229	1	0	20000
Picture	ins16	other				2563840	1	30229	1	0	30000
Picture	response128	hit	4	4717	2	2880674	1	20229	1	0	20000
Picture	response127	hit	3	4788	2	2911132	1	20229	1	0	20000
Picture	response122	hit	3	13446	2	2941424	1	20229	1	0	20000
Picture	response125	hit	4	6169	2	2971882	1	20229	1	0	20000
Picture	response124	hit	4	3377	2	3002174	1	20229	1	0	20000
Picture	response121	hit	4	14682	2	3032799	1	20229	1	0	20000
Picture	response126	hit	3	11460	2	3063090	1	20230	1	0	20000
Picture	response123	hit	4	8457	2	3093383	1	20229	1	0	20000
Picture	ins8	other				3123841	1	30230	1	0	30000
Picture	response61	hit	4	6747	2	3440674	1	20229	1	0	20000
Picture	response64	hit	4	2869	2	3471132	1	20229	1	0	20000
Picture	response57	hit	4	2927	2	3501423	1	20229	1	0	20000
Picture	response59	hit	4	3179	2	3531881	1	20229	1	0	20000
Picture	response58	hit	4	3878	2	3562173	1	20229	1	0	20000
Picture	response62	hit	4	4653	2	3592798	1	20229	1	0	20000
Picture	response63	hit	4	6901	2	3623090	1	20229	1	0	20000
Picture	response60	hit	4	4539	2	3653381	1	20229	1	0	20000
Picture	ins18	other				3683839	1	30229	1	0	30000
Picture	response137	hit	4	8917	2	4000673	1	20229	1	0	20000
Picture	response139	hit	2	10408	2	4031131	1	20229	1	0	20000
Picture	response144	hit	2	6928	2	4061422	1	20230	1	0	20000
Picture	response142	hit	3	9868	2	4091881	1	20229	1	0	20000
Picture	response138	hit	3	6068	2	4122173	1	20229	1	0	20000
Picture	response141	hit	1	8912	2	4152797	1	20229	1	0	20000
Picture	response140	hit	1	4820	2	4183089	1	20229	1	0	20000
Picture	response143	hit	3	13878	2	4213381	1	20230	1	0	20000
Picture	ins12	other				4243839	1	30229	1	0	30000
Picture	response93	hit	1	11137	2	4560672	1	20229	1	0	20000
Picture	response92	hit	1	9328	2	4591130	1	20229	1	0	20000
Picture	response91	hit	4	3308	2	4621422	1	20229	1	0	20000
Picture	response89	incorrect	1	6579	2	4651880	1	20229	1	0	20000
Picture	response96	hit	1	21158	2	4682172	1	20229	1	0	20000
Picture	response95	hit	4	9952	2	4712797	1	20229	1	0	20000
Picture	response90	hit	1	11912	2	4743088	1	20229	1	0	20000
Picture	response94	hit	4	9569	2	4773380	1	20229	1	0	20000
Picture	ins10	other				4803838	1	30229	1	0	30000
Picture	response74	hit	3	4877	2	5120672	1	20229	1	0	20000
Picture	response77	hit	1	9168	2	5151090	1	20229	1	0	20000
Picture	response78	hit	3	5607	2	5181382	1	20230	1	0	20000
Picture	response75	hit	3	9348	2	5211841	1	20229	1	0	20000
Picture	response73	hit	3	6800	2	5242300	1	20229	1	0	20000
Picture	response79	hit	1	6522	2	5272758	1	20229	1	0	20000
Picture	response76	hit	3	10020	2	5303050	1	20229	1	0	20000
Picture	response80	hit	1	7168	2	5333341	1	20229	1	0	20000
Picture	ins2	other				5363966	1	30229	1	0	30000
Picture	response10	hit	1	5068	2	5680672	1	20229	1	0	20000
Picture	response9	hit	1	4779	2	5711130	1	20229	1	0	20000
Picture	response16	hit	1	3418	2	5741421	1	20230	1	0	20000
Picture	response11	hit	1	3060	2	5771880	1	20229	1	0	20000
Picture	response15	hit	1	2848	2	5802171	1	20229	1	0	20000
Picture	response13	hit	1	2943	2	5832796	1	20229	1	0	20000
Picture	response14	hit	1	2212	2	5863088	1	20229	1	0	20000
Picture	response12	hit	1	4971	2	5893379	1	20229	1	0	20000
Picture	ins24	other				5923837	1	30229	1	0	30000
Picture	response188	hit	4	4127	2	6240672	1	20229	1	0	20000
Picture	response189	incorrect	2	4979	2	6271131	1	20230	1	0	20000
Picture	response192	hit	3	12556	2	6301423	1	20229	1	0	20000
Picture	response191	hit	2	7729	2	6331881	1	20229	1	0	20000
Picture	response187	hit	3	8977	2	6362172	1	20229	1	0	20000
Picture	response190	hit	3	5082	2	6392797	1	20229	1	0	20000
Picture	response186	hit	2	7410	2	6423089	1	20229	1	0	20000
Picture	response185	hit	3	7808	2	6453380	1	20229	1	0	20000
Picture	ins14	other				6483839	1	30229	1	0	30000
Picture	response106	hit	4	5937	2	6800672	1	20229	1	0	20000
Picture	response109	hit	2	5329	2	6831130	1	20229	1	0	20000
Picture	response112	hit	4	6107	2	6861422	1	20229	1	0	20000
Picture	response105	hit	2	6629	2	6891880	1	20229	1	0	20000
Picture	response107	hit	2	5667	2	6922171	1	20229	1	0	20000
Picture	response110	hit	2	5761	2	6952798	1	20229	1	0	20000
Picture	response108	hit	2	5839	2	6983090	1	20229	1	0	20000
Picture	response111	hit	4	3797	2	7013381	1	20229	1	0	20000
Picture	thanks	other				7043340	1	10229	1	0	10000


{
   "app": "Presentation Version 21.0 Build 06.06.19",
   "device": "LENOVO 20KHCTO1WW",
   "experiment": "{C0C68DB1-10BA-42F2-8F79-3F2AFFEED4E4}",
   "os": "Windows 10 64 bit",
   "package": "",
   "parameters": {
      "configuration": "Default configuration"
   },
   "scenario": "Response experiment(2).sce",
   "subject": "A_HP_07",
   "timestamp": "2019/08/30 00:45:30 GMT"
}
