Scenario - 
Logfile written - 09/27/2019 12:39:10

Subject	Trial	Event Type	Code	Time	TTime	Uncertainty	Duration	Uncertainty	ReqTime	ReqDur	Stim Type	Pair Index

A_HP_15	1	Response	5	304530	303697	1
A_HP_15	1	Pulse	99	304530	303697	1
A_HP_15	2	Picture	ready	304761	0	1	10229	1	0	10000	other	0
A_HP_15	2	Pulse	99	324530	19768	1
A_HP_15	2	Pulse	99	344530	39768	1
A_HP_15	2	Pulse	99	364530	59768	1
A_HP_15	3	Picture	ins10	365407	232	1	30229	1	0	30000	other	0
A_HP_15	3	Pulse	99	384530	19354	1
A_HP_15	3	Pulse	99	404530	39354	1
A_HP_15	3	Pulse	99	424530	59354	1
A_HP_15	3	Pulse	99	444530	79354	1
A_HP_15	3	Pulse	99	464530	99354	1
A_HP_15	3	Pulse	99	484530	119355	1
A_HP_15	3	Pulse	99	504530	139355	1
A_HP_15	3	Pulse	99	524530	159355	1
A_HP_15	3	Pulse	99	544530	179355	1
A_HP_15	3	Pulse	99	564530	199355	1
A_HP_15	3	Pulse	99	584530	219355	1
A_HP_15	3	Pulse	99	604530	239355	1
A_HP_15	3	Pulse	99	624530	259355	1
A_HP_15	3	Pulse	99	644530	279355	1
A_HP_15	3	Pulse	99	664530	299355	1
A_HP_15	4	Response	5	684530	9124	1
A_HP_15	4	Pulse	99	684530	9124	1
A_HP_15	5	Picture	response80	685106	230	1	20229	1	0	20000	hit	26
A_HP_15	5	Response	1	698909	14033	1
A_HP_15	5	Pulse	99	704530	19654	1
A_HP_15	6	Picture	response78	715398	122	1	20230	1	0	20000	hit	29
A_HP_15	6	Response	3	723219	7943	1
A_HP_15	6	Pulse	99	724530	9253	1
A_HP_15	6	Pulse	99	744530	29254	1
A_HP_15	7	Picture	response79	746023	347	1	20229	1	0	20000	hit	33
A_HP_15	7	Response	1	756759	11083	1
A_HP_15	7	Pulse	99	764530	18854	1
A_HP_15	8	Picture	response76	776315	239	1	20229	1	0	20000	hit	37
A_HP_15	8	Pulse	99	784530	8454	1
A_HP_15	8	Response	3	787018	10942	1
A_HP_15	8	Pulse	99	804530	28454	1
A_HP_15	9	Picture	response74	806607	131	1	20229	1	0	20000	hit	40
A_HP_15	9	Response	3	813199	6723	1
A_HP_15	9	Pulse	99	824530	18054	1
A_HP_15	10	Picture	response77	837065	189	1	20229	1	0	20000	hit	44
A_HP_15	10	Pulse	99	844530	7654	1
A_HP_15	10	Response	1	844818	7942	1
A_HP_15	10	Pulse	99	864531	27654	1
A_HP_15	11	Picture	response73	867523	247	1	20229	1	0	20000	hit	47
A_HP_15	11	Response	3	873869	6593	1
A_HP_15	11	Pulse	99	884531	17254	1
A_HP_15	12	Picture	response75	897982	305	1	20229	1	0	20000	hit	51
A_HP_15	12	Pulse	99	904530	6853	1
A_HP_15	12	Response	3	905909	8232	1
A_HP_15	12	Pulse	99	924531	26854	1
A_HP_15	13	Picture	ins20	928273	197	1	30229	1	0	30000	other	0
A_HP_15	13	Pulse	99	944531	16454	1
A_HP_15	13	Pulse	99	964531	36454	1
A_HP_15	13	Pulse	99	984531	56454	1
A_HP_15	13	Pulse	99	1004531	76455	1
A_HP_15	13	Pulse	99	1024531	96455	1
A_HP_15	13	Pulse	99	1044531	116455	1
A_HP_15	13	Pulse	99	1064531	136455	1
A_HP_15	13	Pulse	99	1084531	156455	1
A_HP_15	13	Pulse	99	1104531	176455	1
A_HP_15	13	Pulse	99	1124531	196455	1
A_HP_15	13	Pulse	99	1144531	216455	1
A_HP_15	13	Pulse	99	1164531	236454	1
A_HP_15	13	Pulse	99	1184531	256455	1
A_HP_15	13	Pulse	99	1204531	276455	1
A_HP_15	13	Pulse	99	1224531	296455	1
A_HP_15	14	Response	5	1244531	6225	1
A_HP_15	14	Pulse	99	1244531	6225	1
A_HP_15	15	Picture	response156	1245107	230	1	20229	1	0	20000	hit	72
A_HP_15	15	Response	1	1253250	8373	1
A_HP_15	15	Pulse	99	1264532	19655	1
A_HP_15	16	Picture	response159	1275399	122	1	20229	1	0	20000	hit	76
A_HP_15	16	Pulse	99	1284531	9255	1
A_HP_15	16	Response	4	1285649	10372	1
A_HP_15	16	Pulse	99	1304531	29254	1
A_HP_15	17	Picture	response153	1306024	348	1	20229	1	0	20000	hit	79
A_HP_15	17	Response	2	1313650	7974	1
A_HP_15	17	Pulse	99	1324531	18855	1
A_HP_15	18	Picture	response160	1336316	239	1	20229	1	0	20000	hit	83
A_HP_15	18	Pulse	99	1344531	8454	1
A_HP_15	18	Response	1	1346719	10642	1
A_HP_15	18	Pulse	99	1364531	28454	1
A_HP_15	19	Picture	response154	1366607	130	1	20229	1	0	20000	hit	86
A_HP_15	19	Response	3	1376720	10243	1
A_HP_15	19	Pulse	99	1384531	18054	1
A_HP_15	20	Picture	response157	1397066	189	1	20229	1	0	20000	hit	89
A_HP_15	20	Response	4	1403650	6773	1
A_HP_15	20	Pulse	99	1404531	7654	1
A_HP_15	20	Pulse	99	1424531	27654	1
A_HP_15	21	Picture	response158	1427524	246	1	20230	1	0	20000	hit	93
A_HP_15	21	Response	3	1442690	15412	1
A_HP_15	21	Pulse	99	1444531	17253	1
A_HP_15	22	Picture	response155	1457983	306	1	20230	1	0	20000	hit	97
A_HP_15	22	Pulse	99	1464532	6854	1
A_HP_15	22	Response	4	1467840	10162	1
A_HP_15	22	Pulse	99	1484532	26854	1
A_HP_15	23	Picture	ins8	1488275	198	1	30229	1	0	30000	other	0
A_HP_15	23	Pulse	99	1504532	16454	1
A_HP_15	23	Pulse	99	1524532	36455	1
A_HP_15	23	Pulse	99	1544532	56454	1
A_HP_15	23	Pulse	99	1564532	76454	1
A_HP_15	23	Pulse	99	1584532	96454	1
A_HP_15	23	Pulse	99	1604532	116454	1
A_HP_15	23	Pulse	99	1624532	136454	1
A_HP_15	23	Pulse	99	1644532	156454	1
A_HP_15	23	Pulse	99	1664532	176454	1
A_HP_15	23	Pulse	99	1684532	196455	1
A_HP_15	23	Pulse	99	1704532	216454	1
A_HP_15	23	Pulse	99	1724532	236454	1
A_HP_15	23	Pulse	99	1744532	256455	1
A_HP_15	23	Pulse	99	1764532	276455	1
A_HP_15	23	Pulse	99	1784532	296455	1
A_HP_15	24	Response	5	1804532	6224	1
A_HP_15	24	Pulse	99	1804532	6224	1
A_HP_15	25	Picture	response62	1805108	230	1	20229	1	0	20000	hit	118
A_HP_15	25	Response	4	1808370	3492	1
A_HP_15	25	Pulse	99	1824532	19654	1
A_HP_15	26	Picture	response64	1835401	123	1	20229	1	0	20000	hit	121
A_HP_15	26	Response	4	1838601	3323	1
A_HP_15	26	Pulse	99	1844531	9253	1
A_HP_15	26	Pulse	99	1864532	29254	1
A_HP_15	27	Picture	response57	1866026	348	1	20229	1	0	20000	hit	125
A_HP_15	27	Response	4	1869171	3493	1
A_HP_15	27	Pulse	99	1884532	18854	1
A_HP_15	28	Picture	response63	1896317	239	1	20229	1	0	20000	hit	128
A_HP_15	28	Response	4	1901981	5903	1
A_HP_15	28	Pulse	99	1904531	8453	1
A_HP_15	28	Pulse	99	1924532	28454	1
A_HP_15	29	Picture	response58	1926608	130	1	20229	1	0	20000	hit	132
A_HP_15	29	Response	4	1935211	8733	1
A_HP_15	29	Pulse	99	1944533	18054	1
A_HP_15	30	Picture	response61	1957066	187	1	20230	1	0	20000	hit	135
A_HP_15	30	Response	4	1962561	5682	1
A_HP_15	30	Pulse	99	1964532	7653	1
A_HP_15	30	Pulse	99	1984532	27654	1
A_HP_15	31	Picture	response60	1987524	246	1	20229	1	0	20000	hit	139
A_HP_15	31	Response	4	1992071	4793	1
A_HP_15	31	Pulse	99	2004533	17254	1
A_HP_15	32	Picture	response59	2017983	304	1	20229	1	0	20000	hit	142
A_HP_15	32	Response	4	2021401	3723	1
A_HP_15	32	Pulse	99	2024531	6853	1
A_HP_15	32	Pulse	99	2044532	26854	1
A_HP_15	33	Picture	ins12	2048274	196	1	30229	1	0	30000	other	0
A_HP_15	33	Pulse	99	2064532	16454	1
A_HP_15	33	Pulse	99	2084532	36454	1
A_HP_15	33	Pulse	99	2104532	56454	1
A_HP_15	33	Pulse	99	2124532	76454	1
A_HP_15	33	Pulse	99	2144533	96455	1
A_HP_15	33	Pulse	99	2164533	116455	1
A_HP_15	33	Pulse	99	2184532	136454	1
A_HP_15	33	Pulse	99	2204532	156454	1
A_HP_15	33	Pulse	99	2224533	176454	1
A_HP_15	33	Pulse	99	2244533	196455	1
A_HP_15	33	Pulse	99	2264533	216455	1
A_HP_15	33	Pulse	99	2284533	236455	1
A_HP_15	33	Pulse	99	2304533	256455	1
A_HP_15	33	Pulse	99	2324533	276455	1
A_HP_15	33	Pulse	99	2344533	296455	1
A_HP_15	34	Response	5	2364533	6225	1
A_HP_15	34	Pulse	99	2364533	6225	1
A_HP_15	35	Picture	response90	2365109	230	1	20229	1	0	20000	hit	164
A_HP_15	35	Response	1	2371222	6343	1
A_HP_15	35	Pulse	99	2384533	19654	1
A_HP_15	36	Picture	response91	2395400	121	1	20229	1	0	20000	hit	167
A_HP_15	36	Response	4	2399402	4123	1
A_HP_15	36	Pulse	99	2404533	9254	1
A_HP_15	36	Pulse	99	2424533	29254	1
A_HP_15	37	Picture	response94	2426025	346	1	20229	1	0	20000	hit	171
A_HP_15	37	Response	4	2430332	4654	1
A_HP_15	37	Pulse	99	2444533	18855	1
A_HP_15	38	Picture	response92	2456316	237	1	20229	1	0	20000	hit	175
A_HP_15	38	Pulse	99	2464533	8454	1
A_HP_15	38	Response	1	2465981	9902	1
A_HP_15	38	Pulse	99	2484533	28454	1
A_HP_15	39	Picture	response95	2486607	128	1	20229	1	0	20000	hit	178
A_HP_15	39	Response	4	2493392	6913	1
A_HP_15	39	Pulse	99	2504533	18054	1
A_HP_15	40	Picture	response93	2517066	186	1	20229	1	0	20000	hit	182
A_HP_15	40	Pulse	99	2524533	7654	1
A_HP_15	40	Response	1	2525591	8711	1
A_HP_15	40	Pulse	99	2544533	27654	1
A_HP_15	41	Picture	response96	2547524	245	1	20229	1	0	20000	hit	185
A_HP_15	41	Response	1	2554012	6733	1
A_HP_15	41	Pulse	99	2564533	17254	1
A_HP_15	42	Picture	response89	2577983	304	1	20229	1	0	20000	incorrect	189
A_HP_15	42	Pulse	99	2584533	6855	1
A_HP_15	42	Response	1	2585041	7362	1
A_HP_15	42	Pulse	99	2604533	26854	1
A_HP_15	43	Picture	ins14	2608275	196	1	30229	1	0	30000	other	0
A_HP_15	43	Pulse	99	2624533	16454	1
A_HP_15	43	Pulse	99	2644533	36454	1
A_HP_15	43	Pulse	99	2664533	56454	1
A_HP_15	43	Pulse	99	2684533	76455	1
A_HP_15	43	Pulse	99	2704533	96454	1
A_HP_15	43	Pulse	99	2724533	116454	1
A_HP_15	43	Pulse	99	2744533	136454	1
A_HP_15	43	Pulse	99	2764533	156454	1
A_HP_15	43	Pulse	99	2784532	176453	1
A_HP_15	43	Pulse	99	2804533	196454	1
A_HP_15	43	Pulse	99	2824534	216455	1
A_HP_15	43	Pulse	99	2844533	236455	1
A_HP_15	43	Pulse	99	2864533	256454	1
A_HP_15	43	Pulse	99	2884533	276455	1
A_HP_15	43	Pulse	99	2904533	296455	1
A_HP_15	44	Response	5	2924533	6224	1
A_HP_15	44	Pulse	99	2924533	6224	1
A_HP_15	45	Picture	response108	2925109	230	1	20229	1	0	20000	hit	210
A_HP_15	45	Response	2	2936922	12043	1
A_HP_15	45	Pulse	99	2944533	19654	1
A_HP_15	46	Picture	response112	2955401	121	1	20229	1	0	20000	hit	213
A_HP_15	46	Response	4	2960212	4933	1
A_HP_15	46	Pulse	99	2964453	9173	1
A_HP_15	46	Pulse	99	2984534	29254	1
A_HP_15	47	Picture	response111	2986026	347	1	20229	1	0	20000	hit	217
A_HP_15	47	Response	4	2991392	5714	1
A_HP_15	47	Pulse	99	3004534	18855	1
A_HP_15	48	Picture	response109	3016318	238	1	20229	1	0	20000	hit	220
A_HP_15	48	Response	2	3022702	6623	1
A_HP_15	48	Pulse	99	3024453	8374	1
A_HP_15	48	Pulse	99	3044533	28454	1
A_HP_15	49	Picture	response105	3046609	129	1	20229	1	0	20000	hit	224
A_HP_15	49	Response	2	3052732	6253	1
A_HP_15	49	Pulse	99	3064534	18054	1
A_HP_15	50	Picture	response106	3077068	188	1	20230	1	0	20000	hit	227
A_HP_15	50	Response	4	3081973	5093	1
A_HP_15	50	Pulse	99	3084453	7574	1
A_HP_15	50	Pulse	99	3104534	27654	1
A_HP_15	51	Picture	response110	3107526	246	1	20229	1	0	20000	hit	231
A_HP_15	51	Response	2	3119023	11743	1
A_HP_15	51	Pulse	99	3124533	17254	1
A_HP_15	52	Picture	response107	3137984	305	1	20229	1	0	20000	hit	235
A_HP_15	52	Pulse	99	3144534	6854	1
A_HP_15	52	Response	2	3145152	7472	1
A_HP_15	52	Pulse	99	3164533	26853	1
A_HP_15	53	Picture	ins24	3168276	196	1	30229	1	0	30000	other	0
A_HP_15	53	Pulse	99	3184534	16454	1
A_HP_15	53	Pulse	99	3204534	36454	1
A_HP_15	53	Pulse	99	3224534	56454	1
A_HP_15	53	Pulse	99	3244534	76454	1
A_HP_15	53	Pulse	99	3264534	96454	1
A_HP_15	53	Pulse	99	3284534	116454	1
A_HP_15	53	Pulse	99	3304534	136454	1
A_HP_15	53	Pulse	99	3324534	156454	1
A_HP_15	53	Pulse	99	3344534	176454	1
A_HP_15	53	Pulse	99	3364534	196454	1
A_HP_15	53	Pulse	99	3384534	216454	1
A_HP_15	53	Pulse	99	3404535	236454	1
A_HP_15	53	Pulse	99	3424534	256454	1
A_HP_15	53	Pulse	99	3444534	276454	1
A_HP_15	53	Pulse	99	3464534	296454	1
A_HP_15	54	Response	5	3484534	6224	1
A_HP_15	54	Pulse	99	3484534	6224	1
A_HP_15	55	Picture	response191	3485111	230	1	20229	1	0	20000	hit	256
A_HP_15	55	Response	2	3493733	8852	1
A_HP_15	55	Pulse	99	3504534	19654	1
A_HP_15	56	Picture	response192	3515403	122	1	20230	1	0	20000	hit	260
A_HP_15	56	Pulse	99	3524535	9254	1
A_HP_15	56	Response	3	3530443	15162	1
A_HP_15	56	Pulse	99	3544534	29254	1
A_HP_15	57	Picture	response187	3546028	347	1	20229	1	0	20000	hit	263
A_HP_15	57	Response	3	3551403	5722	1
A_HP_15	57	Pulse	99	3564535	18853	1
A_HP_15	58	Picture	response188	3576320	239	1	20229	1	0	20000	hit	266
A_HP_15	58	Response	4	3583093	7012	1
A_HP_15	58	Pulse	99	3584454	8373	1
A_HP_15	58	Pulse	99	3604535	28454	1
A_HP_15	59	Picture	response186	3606612	131	1	20229	1	0	20000	hit	270
A_HP_15	59	Response	2	3615773	9293	1
A_HP_15	59	Pulse	99	3624534	18054	1
A_HP_15	60	Picture	response189	3637070	190	1	20229	1	0	20000	hit	273
A_HP_15	60	Response	1	3642153	5272	1
A_HP_15	60	Pulse	99	3644453	7573	1
A_HP_15	60	Pulse	99	3664535	27654	1
A_HP_15	61	Picture	response190	3667529	248	1	20229	1	0	20000	hit	277
A_HP_15	61	Response	3	3681593	14313	1
A_HP_15	61	Pulse	99	3684534	17253	1
A_HP_15	62	Picture	response185	3697988	307	1	20229	1	0	20000	hit	280
A_HP_15	62	Response	3	3704384	6703	1
A_HP_15	62	Pulse	99	3704454	6773	1
A_HP_15	62	Pulse	99	3724534	26854	1
A_HP_15	63	Picture	ins2	3728279	199	1	30229	1	0	30000	other	0
A_HP_15	63	Pulse	99	3744535	16454	1
A_HP_15	63	Pulse	99	3764455	36375	1
A_HP_15	63	Pulse	99	3784535	56454	1
A_HP_15	63	Pulse	99	3804535	76454	1
A_HP_15	63	Pulse	99	3824455	96375	1
A_HP_15	63	Pulse	99	3844535	116455	1
A_HP_15	63	Pulse	99	3864535	136455	1
A_HP_15	63	Pulse	99	3884455	156375	1
A_HP_15	63	Pulse	99	3904535	176455	1
A_HP_15	63	Pulse	99	3924535	196455	1
A_HP_15	63	Pulse	99	3944455	216375	1
A_HP_15	63	Pulse	99	3964535	236455	1
A_HP_15	63	Pulse	99	3984535	256455	1
A_HP_15	63	Pulse	99	4004535	276455	1
A_HP_15	63	Pulse	99	4024535	296455	1
A_HP_15	64	Response	5	4044535	6225	1
A_HP_15	64	Pulse	99	4044535	6225	1
A_HP_15	65	Picture	response13	4045110	229	1	20229	1	0	20000	hit	302
A_HP_15	65	Response	1	4048374	3493	1
A_HP_15	65	Pulse	99	4064535	19654	1
A_HP_15	66	Picture	response9	4075402	121	1	20229	1	0	20000	hit	305
A_HP_15	66	Response	1	4078234	2953	1
A_HP_15	66	Pulse	99	4084536	9254	1
A_HP_15	66	Pulse	99	4104535	29254	1
A_HP_15	67	Picture	response12	4106027	346	1	20229	1	0	20000	hit	309
A_HP_15	67	Response	1	4110214	4534	1
A_HP_15	67	Pulse	99	4124535	18854	1
A_HP_15	68	Picture	response16	4136318	237	1	20229	1	0	20000	hit	312
A_HP_15	68	Response	1	4142474	6393	1
A_HP_15	68	Pulse	99	4144455	8374	1
A_HP_15	68	Pulse	99	4164535	28454	1
A_HP_15	69	Picture	response11	4166610	128	1	20229	1	0	20000	hit	316
A_HP_15	69	Response	1	4170584	4103	1
A_HP_15	69	Pulse	99	4184535	18054	1
A_HP_15	70	Picture	response15	4197068	187	1	20229	1	0	20000	hit	319
A_HP_15	70	Response	1	4199674	2793	1
A_HP_15	70	Pulse	99	4204455	7573	1
A_HP_15	70	Pulse	99	4224535	27654	1
A_HP_15	71	Picture	response14	4227527	245	1	20229	1	0	20000	hit	323
A_HP_15	71	Response	1	4231424	4143	1
A_HP_15	71	Pulse	99	4244535	17254	1
A_HP_15	72	Picture	response10	4257984	303	1	20229	1	0	20000	hit	326
A_HP_15	72	Response	1	4262865	5183	1
A_HP_15	72	Pulse	99	4264455	6774	1
A_HP_15	72	Pulse	99	4284535	26854	1
A_HP_15	73	Picture	ins22	4288276	194	1	30229	1	0	30000	other	0
A_HP_15	73	Pulse	99	4304535	16454	1
A_HP_15	73	Pulse	99	4324455	36374	1
A_HP_15	73	Pulse	99	4344536	56454	1
A_HP_15	73	Pulse	99	4364536	76454	1
A_HP_15	73	Pulse	99	4384456	96374	1
A_HP_15	73	Pulse	99	4404536	116454	1
A_HP_15	73	Pulse	99	4424536	136454	1
A_HP_15	73	Pulse	99	4444456	156374	1
A_HP_15	73	Pulse	99	4464535	176454	1
A_HP_15	73	Pulse	99	4484536	196454	1
A_HP_15	73	Pulse	99	4504455	216374	1
A_HP_15	73	Pulse	99	4524536	236455	1
A_HP_15	73	Pulse	99	4544536	256455	1
A_HP_15	73	Pulse	99	4564456	276375	1
A_HP_15	73	Pulse	99	4584536	296455	1
A_HP_15	74	Response	5	4604536	6224	1
A_HP_15	74	Pulse	99	4604536	6224	1
A_HP_15	75	Picture	response176	4605112	230	1	20229	1	0	20000	hit	348
A_HP_15	75	Response	4	4611485	6603	1
A_HP_15	75	Pulse	99	4624456	19574	1
A_HP_15	76	Picture	response171	4635403	121	1	20229	1	0	20000	hit	351
A_HP_15	76	Response	3	4642185	6903	1
A_HP_15	76	Pulse	99	4644536	9254	1
A_HP_15	76	Pulse	99	4664536	29254	1
A_HP_15	77	Picture	response169	4666028	347	1	20229	1	0	20000	hit	355
A_HP_15	77	Response	2	4672055	6374	1
A_HP_15	77	Pulse	99	4684456	18775	1
A_HP_15	78	Picture	response170	4696319	237	1	20229	1	0	20000	hit	359
A_HP_15	78	Pulse	99	4704456	8374	1
A_HP_15	78	Response	4	4706444	10362	1
A_HP_15	78	Pulse	99	4724536	28454	1
A_HP_15	79	Picture	response174	4726610	128	1	20229	1	0	20000	hit	362
A_HP_15	79	Response	1	4734335	7853	1
A_HP_15	79	Pulse	99	4744457	17975	1
A_HP_15	80	Picture	response175	4757068	186	1	20229	1	0	20000	hit	366
A_HP_15	80	Pulse	99	4764456	7574	1
A_HP_15	80	Response	3	4767464	10582	1
A_HP_15	80	Pulse	99	4784536	27654	1
A_HP_15	81	Picture	response172	4787526	244	1	20229	1	0	20000	hit	369
A_HP_15	81	Response	4	4799675	12393	1
A_HP_15	81	Pulse	99	4804456	17174	1
A_HP_15	82	Picture	response173	4817984	301	1	20229	1	0	20000	hit	373
A_HP_15	82	Pulse	99	4824456	6774	1
A_HP_15	82	Response	1	4831764	14082	1
A_HP_15	82	Pulse	99	4844537	26854	1
A_HP_15	83	Picture	ins4	4848275	193	1	30229	1	0	30000	other	0
A_HP_15	83	Pulse	99	4864457	16375	1
A_HP_15	83	Pulse	99	4884457	36375	1
A_HP_15	83	Pulse	99	4904537	56455	1
A_HP_15	83	Pulse	99	4924537	76455	1
A_HP_15	83	Pulse	99	4944457	96375	1
A_HP_15	83	Pulse	99	4964537	116455	1
A_HP_15	83	Pulse	99	4984537	136455	1
A_HP_15	83	Pulse	99	5004457	156375	1
A_HP_15	83	Pulse	99	5024537	176455	1
A_HP_15	83	Pulse	99	5044537	196455	1
A_HP_15	83	Pulse	99	5064457	216375	1
A_HP_15	83	Pulse	99	5084537	236455	1
A_HP_15	83	Pulse	99	5104536	256455	1
A_HP_15	83	Pulse	99	5124457	276375	1
A_HP_15	83	Pulse	99	5144537	296455	1
A_HP_15	84	Response	5	5164537	6224	1
A_HP_15	84	Pulse	99	5164537	6224	1
A_HP_15	85	Picture	response31	5165112	230	1	20229	1	0	20000	hit	394
A_HP_15	85	Response	2	5170226	5343	1
A_HP_15	85	Pulse	99	5184457	19574	1
A_HP_15	86	Picture	response29	5195404	122	1	20229	1	0	20000	hit	397
A_HP_15	86	Response	2	5198726	3443	1
A_HP_15	86	Pulse	99	5204537	9254	1
A_HP_15	86	Pulse	99	5224537	29254	1
A_HP_15	87	Picture	response27	5226029	348	1	20229	1	0	20000	hit	401
A_HP_15	87	Response	2	5228945	3264	1
A_HP_15	87	Pulse	99	5244457	18776	1
A_HP_15	88	Picture	response25	5256321	239	1	20229	1	0	20000	hit	404
A_HP_15	88	Response	2	5259686	3603	1
A_HP_15	88	Pulse	99	5264536	8454	1
A_HP_15	88	Pulse	99	5284537	28454	1
A_HP_15	89	Picture	response30	5286613	130	1	20229	1	0	20000	hit	408
A_HP_15	89	Response	2	5290936	4453	1
A_HP_15	89	Pulse	99	5304457	17974	1
A_HP_15	90	Picture	response28	5317071	188	1	20229	1	0	20000	hit	411
A_HP_15	90	Response	2	5321666	4783	1
A_HP_15	90	Pulse	99	5324456	7573	1
A_HP_15	90	Pulse	99	5344537	27654	1
A_HP_15	91	Picture	response32	5347529	246	1	20229	1	0	20000	hit	415
A_HP_15	91	Response	2	5352326	5043	1
A_HP_15	91	Pulse	99	5364457	17174	1
A_HP_15	92	Picture	response26	5377987	304	1	20229	1	0	20000	hit	418
A_HP_15	92	Response	2	5383036	5353	1
A_HP_15	92	Pulse	99	5384457	6773	1
A_HP_15	92	Pulse	99	5404537	26854	1
A_HP_15	93	Picture	ins16	5408279	196	1	30229	1	0	30000	other	0
A_HP_15	93	Pulse	99	5424457	16374	1
A_HP_15	93	Pulse	99	5444457	36375	1
A_HP_15	93	Pulse	99	5464537	56454	1
A_HP_15	93	Pulse	99	5484457	76375	1
A_HP_15	93	Pulse	99	5504457	96374	1
A_HP_15	93	Pulse	99	5524537	116454	1
A_HP_15	93	Pulse	99	5544457	136375	1
A_HP_15	93	Pulse	99	5564457	156375	1
A_HP_15	93	Pulse	99	5584537	176455	1
A_HP_15	93	Pulse	99	5604458	196375	1
A_HP_15	93	Pulse	99	5624457	216375	1
A_HP_15	93	Pulse	99	5644538	236455	1
A_HP_15	93	Pulse	99	5664458	256375	1
A_HP_15	93	Pulse	99	5684458	276375	1
A_HP_15	93	Pulse	99	5704538	296455	1
A_HP_15	94	Response	5	5724538	6225	1
A_HP_15	94	Pulse	99	5724538	6225	1
A_HP_15	95	Picture	response124	5725114	230	1	20229	1	0	20000	hit	440
A_HP_15	95	Response	4	5733647	8763	1
A_HP_15	95	Pulse	99	5744458	19574	1
A_HP_15	96	Picture	response127	5755406	123	1	20229	1	0	20000	hit	443
A_HP_15	96	Response	3	5762657	7373	1
A_HP_15	96	Pulse	99	5764537	9253	1
A_HP_15	96	Pulse	99	5784538	29254	1
A_HP_15	97	Picture	response122	5786031	348	1	20229	1	0	20000	hit	447
A_HP_15	97	Response	3	5795516	9834	1
A_HP_15	97	Pulse	99	5804458	18775	1
A_HP_15	98	Picture	response128	5816322	239	1	20229	1	0	20000	hit	450
A_HP_15	98	Response	4	5822747	6663	1
A_HP_15	98	Pulse	99	5824538	8454	1
A_HP_15	98	Pulse	99	5844538	28454	1
A_HP_15	99	Picture	response125	5846614	130	1	20229	1	0	20000	hit	454
A_HP_15	99	Response	4	5852146	5663	1
A_HP_15	99	Pulse	99	5864458	17974	1
A_HP_15	100	Picture	response123	5877072	188	1	20229	1	0	20000	hit	457
A_HP_15	100	Response	4	5882146	5263	1
A_HP_15	100	Pulse	99	5884457	7573	1
A_HP_15	100	Pulse	99	5904538	27654	1
A_HP_15	101	Picture	response121	5907530	247	1	20229	1	0	20000	hit	461
A_HP_15	101	Response	4	5913427	6143	1
A_HP_15	101	Pulse	99	5924458	17174	1
A_HP_15	102	Picture	response126	5937989	305	1	20229	1	0	20000	hit	465
A_HP_15	102	Pulse	99	5944458	6774	1
A_HP_15	102	Response	3	5946977	9293	1
A_HP_15	102	Pulse	99	5964538	26854	1
A_HP_15	103	Picture	ins18	5968280	196	1	30229	1	0	30000	other	0
A_HP_15	103	Pulse	99	5984458	16374	1
A_HP_15	103	Pulse	99	6004458	36374	1
A_HP_15	103	Pulse	99	6024538	56454	1
A_HP_15	103	Pulse	99	6044458	76374	1
A_HP_15	103	Pulse	99	6064458	96374	1
A_HP_15	103	Pulse	99	6084538	116454	1
A_HP_15	103	Pulse	99	6104458	136374	1
A_HP_15	103	Pulse	99	6124458	156374	1
A_HP_15	103	Pulse	99	6144538	176454	1
A_HP_15	103	Pulse	99	6164458	196374	1
A_HP_15	103	Pulse	99	6184458	216374	1
A_HP_15	103	Pulse	99	6204538	236454	1
A_HP_15	103	Pulse	99	6224458	256374	1
A_HP_15	103	Pulse	99	6244459	276375	1
A_HP_15	103	Pulse	99	6264538	296454	1
A_HP_15	104	Response	5	6284458	6144	1
A_HP_15	104	Pulse	99	6284458	6144	1
A_HP_15	105	Picture	response143	6285014	230	1	20229	1	0	20000	incorrect	487
A_HP_15	105	Pulse	99	6304458	19674	1
A_HP_15	105	Response	1	6305547	20762	1
A_HP_15	106	Picture	response139	6315473	288	1	20229	1	0	20000	hit	490
A_HP_15	106	Pulse	99	6324538	9354	1
A_HP_15	106	Response	2	6336978	21793	1
A_HP_15	106	Pulse	99	6344459	29274	1
A_HP_15	107	Picture	response138	6345764	179	1	20229	1	0	20000	incorrect	493
A_HP_15	107	Response	1	6364017	18433	1
A_HP_15	107	Pulse	99	6364458	18873	1
A_HP_15	108	Picture	response141	6376055	70	1	20229	1	0	20000	hit	497
A_HP_15	108	Pulse	99	6384539	8554	1
A_HP_15	108	Response	1	6389227	13242	1
A_HP_15	108	Pulse	99	6404459	28474	1
A_HP_15	109	Picture	response144	6406679	294	1	20229	1	0	20000	hit	500
A_HP_15	109	Response	2	6424428	18043	1
A_HP_15	109	Pulse	99	6424458	18073	1
A_HP_15	110	Picture	response142	6436969	185	1	20229	1	0	20000	hit	503
A_HP_15	110	Response	3	6442738	5953	1
A_HP_15	110	Pulse	99	6444458	7674	1
A_HP_15	110	Pulse	99	6464459	27674	1
A_HP_15	111	Picture	response140	6467427	243	1	20229	1	0	20000	hit	507
A_HP_15	111	Response	1	6479158	11973	1
A_HP_15	111	Pulse	99	6484459	17274	1
A_HP_15	112	Picture	response137	6497719	134	1	20229	1	0	20000	hit	511
A_HP_15	112	Pulse	99	6504459	6874	1
A_HP_15	112	Response	4	6514628	17043	1
A_HP_15	112	Pulse	99	6524459	26874	1
A_HP_15	113	Picture	ins6	6528176	192	1	30229	1	0	30000	other	0
A_HP_15	113	Pulse	99	6544459	16474	1
A_HP_15	113	Pulse	99	6564459	36474	1
A_HP_15	113	Pulse	99	6584539	56554	1
A_HP_15	113	Pulse	99	6604459	76474	1
A_HP_15	113	Pulse	99	6624459	96474	1
A_HP_15	113	Pulse	99	6644539	116554	1
A_HP_15	113	Pulse	99	6664459	136474	1
A_HP_15	113	Pulse	99	6684459	156475	1
A_HP_15	113	Pulse	99	6704539	176554	1
A_HP_15	113	Pulse	99	6724459	196475	1
A_HP_15	113	Pulse	99	6744459	216475	1
A_HP_15	113	Pulse	99	6764539	236554	1
A_HP_15	113	Pulse	99	6784459	256475	1
A_HP_15	113	Pulse	99	6804460	276475	1
A_HP_15	113	Pulse	99	6824539	296555	1
A_HP_15	114	Response	5	6844459	6244	1
A_HP_15	114	Pulse	99	6844459	6244	1
A_HP_15	115	Picture	response47	6845015	230	1	20229	1	0	20000	hit	532
A_HP_15	115	Response	3	6849398	4612	1
A_HP_15	115	Pulse	99	6864459	19674	1
A_HP_15	116	Picture	response48	6875473	288	1	20229	1	0	20000	hit	535
A_HP_15	116	Response	3	6879318	4133	1
A_HP_15	116	Pulse	99	6884539	9354	1
A_HP_15	116	Pulse	99	6904459	29274	1
A_HP_15	117	Picture	response42	6905764	179	1	20229	1	0	20000	hit	539
A_HP_15	117	Response	3	6910368	4783	1
A_HP_15	117	Pulse	99	6924459	18874	1
A_HP_15	118	Picture	response43	6936055	69	1	20229	1	0	20000	hit	542
A_HP_15	118	Response	3	6941018	5033	1
A_HP_15	118	Pulse	99	6944539	8553	1
A_HP_15	118	Pulse	99	6964460	28474	1
A_HP_15	119	Picture	response46	6966679	294	1	20229	1	0	20000	hit	546
A_HP_15	119	Response	3	6972198	5813	1
A_HP_15	119	Pulse	99	6984460	18074	1
A_HP_15	120	Picture	response44	6996971	185	1	20229	1	0	20000	hit	549
A_HP_15	120	Response	3	7001678	4893	1
A_HP_15	120	Pulse	99	7004459	7673	1
A_HP_15	120	Pulse	99	7024460	27674	1
A_HP_15	121	Picture	response45	7027429	243	1	20229	1	0	20000	hit	553
A_HP_15	121	Response	3	7035798	8613	1
A_HP_15	121	Pulse	99	7044459	17274	1
A_HP_15	122	Picture	response41	7057721	135	1	20229	1	0	20000	hit	556
A_HP_15	122	Response	3	7062349	4763	1
A_HP_15	122	Pulse	99	7064459	6873	1
A_HP_15	122	Pulse	99	7084460	26874	1
A_HP_15	123	Picture	thanks	7087845	0	1	10229	1	0	10000	other	0
A_HP_15	123	Pulse	99	7104460	16614	1


Event Type	Code	Type	Response	RT	RT Uncertainty	Time	Uncertainty	Duration	Uncertainty	ReqTime	ReqDur

Picture	ready	other				304761	1	10229	1	0	10000
Picture	ins10	other				365407	1	30229	1	0	30000
Picture	response80	hit	1	13803	2	685106	1	20229	1	0	20000
Picture	response78	hit	3	7821	2	715398	1	20230	1	0	20000
Picture	response79	hit	1	10736	2	746023	1	20229	1	0	20000
Picture	response76	hit	3	10703	2	776315	1	20229	1	0	20000
Picture	response74	hit	3	6592	2	806607	1	20229	1	0	20000
Picture	response77	hit	1	7754	2	837065	1	20229	1	0	20000
Picture	response73	hit	3	6346	2	867523	1	20229	1	0	20000
Picture	response75	hit	3	7927	2	897982	1	20229	1	0	20000
Picture	ins20	other				928273	1	30229	1	0	30000
Picture	response156	hit	1	8143	2	1245107	1	20229	1	0	20000
Picture	response159	hit	4	10250	2	1275399	1	20229	1	0	20000
Picture	response153	hit	2	7626	2	1306024	1	20229	1	0	20000
Picture	response160	hit	1	10403	2	1336316	1	20229	1	0	20000
Picture	response154	hit	3	10113	2	1366607	1	20229	1	0	20000
Picture	response157	hit	4	6584	2	1397066	1	20229	1	0	20000
Picture	response158	hit	3	15167	2	1427524	1	20230	1	0	20000
Picture	response155	hit	4	9856	2	1457983	1	20230	1	0	20000
Picture	ins8	other				1488275	1	30229	1	0	30000
Picture	response62	hit	4	3263	2	1805108	1	20229	1	0	20000
Picture	response64	hit	4	3200	2	1835401	1	20229	1	0	20000
Picture	response57	hit	4	3145	2	1866026	1	20229	1	0	20000
Picture	response63	hit	4	5664	2	1896317	1	20229	1	0	20000
Picture	response58	hit	4	8603	2	1926608	1	20229	1	0	20000
Picture	response61	hit	4	5495	2	1957066	1	20230	1	0	20000
Picture	response60	hit	4	4547	2	1987524	1	20229	1	0	20000
Picture	response59	hit	4	3418	2	2017983	1	20229	1	0	20000
Picture	ins12	other				2048274	1	30229	1	0	30000
Picture	response90	hit	1	6113	2	2365109	1	20229	1	0	20000
Picture	response91	hit	4	4002	2	2395400	1	20229	1	0	20000
Picture	response94	hit	4	4307	2	2426025	1	20229	1	0	20000
Picture	response92	hit	1	9665	2	2456316	1	20229	1	0	20000
Picture	response95	hit	4	6785	2	2486607	1	20229	1	0	20000
Picture	response93	hit	1	8525	2	2517066	1	20229	1	0	20000
Picture	response96	hit	1	6488	2	2547524	1	20229	1	0	20000
Picture	response89	incorrect	1	7058	2	2577983	1	20229	1	0	20000
Picture	ins14	other				2608275	1	30229	1	0	30000
Picture	response108	hit	2	11813	2	2925109	1	20229	1	0	20000
Picture	response112	hit	4	4812	2	2955401	1	20229	1	0	20000
Picture	response111	hit	4	5367	2	2986026	1	20229	1	0	20000
Picture	response109	hit	2	6385	2	3016318	1	20229	1	0	20000
Picture	response105	hit	2	6123	2	3046609	1	20229	1	0	20000
Picture	response106	hit	4	4905	2	3077068	1	20230	1	0	20000
Picture	response110	hit	2	11497	2	3107526	1	20229	1	0	20000
Picture	response107	hit	2	7167	2	3137984	1	20229	1	0	20000
Picture	ins24	other				3168276	1	30229	1	0	30000
Picture	response191	hit	2	8622	2	3485111	1	20229	1	0	20000
Picture	response192	hit	3	15040	2	3515403	1	20230	1	0	20000
Picture	response187	hit	3	5375	2	3546028	1	20229	1	0	20000
Picture	response188	hit	4	6774	2	3576320	1	20229	1	0	20000
Picture	response186	hit	2	9162	2	3606612	1	20229	1	0	20000
Picture	response189	hit	1	5083	2	3637070	1	20229	1	0	20000
Picture	response190	hit	3	14065	2	3667529	1	20229	1	0	20000
Picture	response185	hit	3	6396	2	3697988	1	20229	1	0	20000
Picture	ins2	other				3728279	1	30229	1	0	30000
Picture	response13	hit	1	3263	2	4045110	1	20229	1	0	20000
Picture	response9	hit	1	2832	2	4075402	1	20229	1	0	20000
Picture	response12	hit	1	4187	2	4106027	1	20229	1	0	20000
Picture	response16	hit	1	6156	2	4136318	1	20229	1	0	20000
Picture	response11	hit	1	3975	2	4166610	1	20229	1	0	20000
Picture	response15	hit	1	2606	2	4197068	1	20229	1	0	20000
Picture	response14	hit	1	3898	2	4227527	1	20229	1	0	20000
Picture	response10	hit	1	4880	2	4257984	1	20229	1	0	20000
Picture	ins22	other				4288276	1	30229	1	0	30000
Picture	response176	hit	4	6373	2	4605112	1	20229	1	0	20000
Picture	response171	hit	3	6782	2	4635403	1	20229	1	0	20000
Picture	response169	hit	2	6027	2	4666028	1	20229	1	0	20000
Picture	response170	hit	4	10125	2	4696319	1	20229	1	0	20000
Picture	response174	hit	1	7725	2	4726610	1	20229	1	0	20000
Picture	response175	hit	3	10396	2	4757068	1	20229	1	0	20000
Picture	response172	hit	4	12149	2	4787526	1	20229	1	0	20000
Picture	response173	hit	1	13781	2	4817984	1	20229	1	0	20000
Picture	ins4	other				4848275	1	30229	1	0	30000
Picture	response31	hit	2	5113	2	5165112	1	20229	1	0	20000
Picture	response29	hit	2	3321	2	5195404	1	20229	1	0	20000
Picture	response27	hit	2	2916	2	5226029	1	20229	1	0	20000
Picture	response25	hit	2	3364	2	5256321	1	20229	1	0	20000
Picture	response30	hit	2	4322	2	5286613	1	20229	1	0	20000
Picture	response28	hit	2	4595	2	5317071	1	20229	1	0	20000
Picture	response32	hit	2	4797	2	5347529	1	20229	1	0	20000
Picture	response26	hit	2	5049	2	5377987	1	20229	1	0	20000
Picture	ins16	other				5408279	1	30229	1	0	30000
Picture	response124	hit	4	8532	2	5725114	1	20229	1	0	20000
Picture	response127	hit	3	7251	2	5755406	1	20229	1	0	20000
Picture	response122	hit	3	9486	2	5786031	1	20229	1	0	20000
Picture	response128	hit	4	6425	2	5816322	1	20229	1	0	20000
Picture	response125	hit	4	5532	2	5846614	1	20229	1	0	20000
Picture	response123	hit	4	5074	2	5877072	1	20229	1	0	20000
Picture	response121	hit	4	5896	2	5907530	1	20229	1	0	20000
Picture	response126	hit	3	8988	2	5937989	1	20229	1	0	20000
Picture	ins18	other				5968280	1	30229	1	0	30000
Picture	response143	incorrect	1	20533	2	6285014	1	20229	1	0	20000
Picture	response139	hit	2	21505	2	6315473	1	20229	1	0	20000
Picture	response138	incorrect	1	18254	2	6345764	1	20229	1	0	20000
Picture	response141	hit	1	13172	2	6376055	1	20229	1	0	20000
Picture	response144	hit	2	17749	2	6406679	1	20229	1	0	20000
Picture	response142	hit	3	5768	2	6436969	1	20229	1	0	20000
Picture	response140	hit	1	11730	2	6467427	1	20229	1	0	20000
Picture	response137	hit	4	16909	2	6497719	1	20229	1	0	20000
Picture	ins6	other				6528176	1	30229	1	0	30000
Picture	response47	hit	3	4383	2	6845015	1	20229	1	0	20000
Picture	response48	hit	3	3846	2	6875473	1	20229	1	0	20000
Picture	response42	hit	3	4604	2	6905764	1	20229	1	0	20000
Picture	response43	hit	3	4963	2	6936055	1	20229	1	0	20000
Picture	response46	hit	3	5519	2	6966679	1	20229	1	0	20000
Picture	response44	hit	3	4708	2	6996971	1	20229	1	0	20000
Picture	response45	hit	3	8370	2	7027429	1	20229	1	0	20000
Picture	response41	hit	3	4628	2	7057721	1	20229	1	0	20000
Picture	thanks	other				7087845	1	10229	1	0	10000


{
   "app": "Presentation Version 21.0 Build 06.06.19",
   "device": "LENOVO 20KHCTO1WW",
   "experiment": "{C0C68DB1-10BA-42F2-8F79-3F2AFFEED4E4}",
   "os": "Windows 10 64 bit",
   "package": "",
   "parameters": {
      "configuration": "Default configuration"
   },
   "scenario": "Response experiment(2).sce",
   "subject": "A_HP_15",
   "timestamp": "2019/09/27 03:27:11 GMT"
}
