Scenario - 
Logfile written - 11/07/2019 16:59:15

Subject	Trial	Event Type	Code	Time	TTime	Uncertainty	Duration	Uncertainty	ReqTime	ReqDur	Stim Type	Pair Index

A_HP_29	1	Response	5	184509	183343	1
A_HP_29	1	Pulse	99	184509	183343	1
A_HP_29	2	Picture	ready	184741	0	1	10229	1	0	10000	other	0
A_HP_29	2	Pulse	99	204510	19769	1
A_HP_29	2	Pulse	99	224509	39769	1
A_HP_29	2	Pulse	99	244510	59769	1
A_HP_29	3	Picture	ins2	245354	232	1	30230	1	0	30000	other	0
A_HP_29	3	Pulse	99	264509	19387	1
A_HP_29	3	Pulse	99	284510	39387	1
A_HP_29	3	Pulse	99	304509	59387	1
A_HP_29	3	Pulse	99	324509	79387	1
A_HP_29	3	Pulse	99	344509	99387	1
A_HP_29	3	Pulse	99	364509	119387	1
A_HP_29	3	Pulse	99	384509	139387	1
A_HP_29	3	Pulse	99	404509	159387	1
A_HP_29	3	Pulse	99	424509	179387	1
A_HP_29	3	Pulse	99	444509	199387	1
A_HP_29	3	Pulse	99	464509	219387	1
A_HP_29	3	Pulse	99	484509	239387	1
A_HP_29	3	Pulse	99	504509	259387	1
A_HP_29	3	Pulse	99	524429	279307	1
A_HP_29	3	Pulse	99	544509	299387	1
A_HP_29	4	Response	5	564509	9156	1
A_HP_29	4	Pulse	99	564509	9156	1
A_HP_29	5	Picture	response15	565152	230	1	20229	1	0	20000	hit	26
A_HP_29	5	Response	1	567288	2366	1
A_HP_29	5	Pulse	99	584429	19507	1
A_HP_29	6	Picture	response16	595610	288	1	20229	1	0	20000	hit	29
A_HP_29	6	Response	1	597968	2646	1
A_HP_29	6	Pulse	99	604509	9187	1
A_HP_29	6	Pulse	99	624509	29187	1
A_HP_29	7	Picture	response11	625900	178	1	20229	1	0	20000	hit	33
A_HP_29	7	Response	1	628928	3206	1
A_HP_29	7	Pulse	99	644429	18707	1
A_HP_29	8	Picture	response14	656359	237	1	20229	1	0	20000	hit	36
A_HP_29	8	Response	1	658578	2456	1
A_HP_29	8	Pulse	99	664509	8386	1
A_HP_29	8	Pulse	99	684509	28387	1
A_HP_29	9	Picture	response12	686816	294	1	20229	1	0	20000	hit	40
A_HP_29	9	Response	1	688588	2066	1
A_HP_29	9	Pulse	99	704429	17907	1
A_HP_29	10	Picture	response10	717108	185	1	20230	1	0	20000	hit	43
A_HP_29	10	Response	1	718588	1666	1
A_HP_29	10	Pulse	99	724509	7587	1
A_HP_29	10	Pulse	99	744509	27587	1
A_HP_29	11	Picture	response9	747566	244	1	20229	1	0	20000	hit	47
A_HP_29	11	Response	1	749208	1886	1
A_HP_29	11	Pulse	99	764430	17107	1
A_HP_29	12	Picture	response13	778024	302	1	20229	1	0	20000	hit	50
A_HP_29	12	Response	1	780728	3006	1
A_HP_29	12	Pulse	99	784508	6786	1
A_HP_29	12	Pulse	99	804509	26787	1
A_HP_29	13	Picture	ins18	808316	194	1	30229	1	0	30000	other	0
A_HP_29	13	Pulse	99	824429	16307	1
A_HP_29	13	Pulse	99	844509	36387	1
A_HP_29	13	Pulse	99	864509	56387	1
A_HP_29	13	Pulse	99	884429	76307	1
A_HP_29	13	Pulse	99	904509	96387	1
A_HP_29	13	Pulse	99	924509	116387	1
A_HP_29	13	Pulse	99	944429	136307	1
A_HP_29	13	Pulse	99	964509	156387	1
A_HP_29	13	Pulse	99	984509	176387	1
A_HP_29	13	Pulse	99	1004429	196307	1
A_HP_29	13	Pulse	99	1024509	216387	1
A_HP_29	13	Pulse	99	1044509	236387	1
A_HP_29	13	Pulse	99	1064429	256307	1
A_HP_29	13	Pulse	99	1084509	276387	1
A_HP_29	13	Pulse	99	1104509	296387	1
A_HP_29	14	Response	5	1124429	6077	1
A_HP_29	14	Pulse	99	1124429	6077	1
A_HP_29	15	Picture	response141	1125051	229	1	20229	1	0	20000	hit	72
A_HP_29	15	Response	1	1131148	6326	1
A_HP_29	15	Pulse	99	1144509	19687	1
A_HP_29	16	Picture	response142	1155509	288	1	20229	1	0	20000	hit	76
A_HP_29	16	Pulse	99	1164509	9287	1
A_HP_29	16	Response	3	1165537	10315	1
A_HP_29	16	Pulse	99	1184429	29207	1
A_HP_29	17	Picture	response143	1185800	178	1	20396	1	0	20000	hit	79
A_HP_29	17	Response	3	1189928	4306	1
A_HP_29	17	Pulse	99	1204509	18887	1
A_HP_29	18	Picture	response140	1216258	236	1	20229	1	0	20000	hit	82
A_HP_29	18	Response	1	1224178	8156	1
A_HP_29	18	Pulse	99	1224508	8486	1
A_HP_29	18	Pulse	99	1244429	28407	1
A_HP_29	19	Picture	response144	1246550	128	1	20229	1	0	20000	hit	87
A_HP_29	19	Pulse	99	1264509	18087	1
A_HP_29	19	Response	2	1268068	21646	1
A_HP_29	20	Picture	response137	1277174	352	1	20229	1	0	20000	hit	90
A_HP_29	20	Pulse	99	1284509	7687	1
A_HP_29	20	Response	4	1285757	8935	1
A_HP_29	20	Pulse	99	1304429	27607	1
A_HP_29	21	Picture	response138	1307466	244	1	20397	1	0	20000	incorrect	93
A_HP_29	21	Response	1	1316468	9246	1
A_HP_29	21	Pulse	99	1324509	17287	1
A_HP_29	22	Picture	response139	1337758	136	1	20229	1	0	20000	hit	97
A_HP_29	22	Pulse	99	1344509	6887	1
A_HP_29	22	Response	2	1354918	17296	1
A_HP_29	22	Pulse	99	1364429	26807	1
A_HP_29	23	Picture	ins4	1368216	194	1	30229	1	0	30000	other	0
A_HP_29	23	Pulse	99	1384509	16487	1
A_HP_29	23	Pulse	99	1404509	36487	1
A_HP_29	23	Pulse	99	1424429	56407	1
A_HP_29	23	Pulse	99	1444509	76487	1
A_HP_29	23	Pulse	99	1464509	96487	1
A_HP_29	23	Pulse	99	1484429	116407	1
A_HP_29	23	Pulse	99	1504508	136487	1
A_HP_29	23	Pulse	99	1524509	156487	1
A_HP_29	23	Pulse	99	1544429	176407	1
A_HP_29	23	Pulse	99	1564429	196407	1
A_HP_29	23	Pulse	99	1584508	216486	1
A_HP_29	23	Pulse	99	1604429	236407	1
A_HP_29	23	Pulse	99	1624428	256407	1
A_HP_29	23	Pulse	99	1644508	276487	1
A_HP_29	23	Pulse	99	1664429	296407	1
A_HP_29	24	Response	5	1684429	6176	1
A_HP_29	24	Pulse	99	1684429	6176	1
A_HP_29	25	Picture	response26	1685051	230	1	20229	1	0	20000	hit	118
A_HP_29	25	Response	2	1687687	2866	1
A_HP_29	25	Pulse	99	1704508	19687	1
A_HP_29	26	Picture	response32	1715509	288	1	20229	1	0	20000	hit	121
A_HP_29	26	Response	2	1717897	2676	1
A_HP_29	26	Pulse	99	1724428	9207	1
A_HP_29	26	Pulse	99	1744428	29207	1
A_HP_29	27	Picture	response31	1745801	180	1	20396	1	0	20000	hit	125
A_HP_29	27	Response	2	1748241	2620	1
A_HP_29	27	Pulse	99	1764508	18887	1
A_HP_29	28	Picture	response25	1776259	238	1	20229	1	0	20000	hit	128
A_HP_29	28	Response	2	1778047	2026	1
A_HP_29	28	Pulse	99	1784428	8407	1
A_HP_29	28	Pulse	99	1804429	28408	1
A_HP_29	29	Picture	response27	1806551	129	1	20229	1	0	20000	hit	132
A_HP_29	29	Response	2	1808737	2316	1
A_HP_29	29	Pulse	99	1824509	18087	1
A_HP_29	30	Picture	response28	1837176	354	1	20229	1	0	20000	hit	135
A_HP_29	30	Response	2	1839527	2706	1
A_HP_29	30	Pulse	99	1844428	7606	1
A_HP_29	30	Pulse	99	1864428	27607	1
A_HP_29	31	Picture	response29	1867468	246	1	20396	1	0	20000	hit	139
A_HP_29	31	Response	2	1869607	2386	1
A_HP_29	31	Pulse	99	1884509	17287	1
A_HP_29	32	Picture	response30	1897759	137	1	20229	1	0	20000	hit	142
A_HP_29	32	Response	2	1900607	2986	1
A_HP_29	32	Pulse	99	1904428	6806	1
A_HP_29	32	Pulse	99	1924428	26807	1
A_HP_29	33	Picture	ins10	1928216	195	1	30229	1	0	30000	other	0
A_HP_29	33	Pulse	99	1944508	16487	1
A_HP_29	33	Pulse	99	1964428	36407	1
A_HP_29	33	Pulse	99	1984429	56407	1
A_HP_29	33	Pulse	99	2004508	76487	1
A_HP_29	33	Pulse	99	2024428	96407	1
A_HP_29	33	Pulse	99	2044429	116407	1
A_HP_29	33	Pulse	99	2064508	136487	1
A_HP_29	33	Pulse	99	2084428	156407	1
A_HP_29	33	Pulse	99	2104428	176407	1
A_HP_29	33	Pulse	99	2124509	196488	1
A_HP_29	33	Pulse	99	2144428	216407	1
A_HP_29	33	Pulse	99	2164428	236407	1
A_HP_29	33	Pulse	99	2184508	256487	1
A_HP_29	33	Pulse	99	2204428	276407	1
A_HP_29	33	Pulse	99	2224428	296407	1
A_HP_29	34	Response	5	2244508	6256	1
A_HP_29	34	Pulse	99	2244508	6256	1
A_HP_29	35	Picture	response73	2245151	230	1	20229	1	0	20000	hit	164
A_HP_29	35	Response	3	2260697	15776	1
A_HP_29	35	Pulse	99	2264428	19506	1
A_HP_29	36	Picture	response74	2275609	287	1	20229	1	0	20000	hit	168
A_HP_29	36	Pulse	99	2284428	9107	1
A_HP_29	36	Response	3	2284446	9125	1
A_HP_29	36	Pulse	99	2304509	29187	1
A_HP_29	37	Picture	response79	2305900	178	1	20229	1	0	20000	hit	171
A_HP_29	37	Response	1	2310477	4756	1
A_HP_29	37	Pulse	99	2324428	18707	1
A_HP_29	38	Picture	response78	2336357	236	1	20229	1	0	20000	hit	174
A_HP_29	38	Response	3	2343487	7366	1
A_HP_29	38	Pulse	99	2344428	8306	1
A_HP_29	38	Pulse	99	2364509	28387	1
A_HP_29	39	Picture	response76	2366815	294	1	20229	1	0	20000	hit	178
A_HP_29	39	Response	3	2372027	5506	1
A_HP_29	39	Pulse	99	2384508	17987	1
A_HP_29	40	Picture	response77	2397107	185	1	20229	1	0	20000	hit	181
A_HP_29	40	Response	1	2400797	3876	1
A_HP_29	40	Pulse	99	2404427	7506	1
A_HP_29	40	Pulse	99	2424508	27587	1
A_HP_29	41	Picture	response80	2427565	243	1	20229	1	0	20000	hit	185
A_HP_29	41	Response	1	2434247	6926	1
A_HP_29	41	Pulse	99	2444508	17187	1
A_HP_29	42	Picture	response75	2458023	302	1	20229	1	0	20000	hit	189
A_HP_29	42	Pulse	99	2464428	6707	1
A_HP_29	42	Response	3	2468276	10555	1
A_HP_29	42	Pulse	99	2484508	26787	1
A_HP_29	43	Picture	ins6	2488314	193	1	30229	1	0	30000	other	0
A_HP_29	43	Pulse	99	2504508	16387	1
A_HP_29	43	Pulse	99	2524428	36307	1
A_HP_29	43	Pulse	99	2544508	56388	1
A_HP_29	43	Pulse	99	2564508	76387	1
A_HP_29	43	Pulse	99	2584428	96307	1
A_HP_29	43	Pulse	99	2604428	116307	1
A_HP_29	43	Pulse	99	2624508	136387	1
A_HP_29	43	Pulse	99	2644428	156307	1
A_HP_29	43	Pulse	99	2664428	176307	1
A_HP_29	43	Pulse	99	2684508	196387	1
A_HP_29	43	Pulse	99	2704428	216307	1
A_HP_29	43	Pulse	99	2724428	236307	1
A_HP_29	43	Pulse	99	2744508	256387	1
A_HP_29	43	Pulse	99	2764428	276307	1
A_HP_29	43	Pulse	99	2784428	296307	1
A_HP_29	44	Response	5	2804508	6157	1
A_HP_29	44	Pulse	99	2804508	6157	1
A_HP_29	45	Picture	response44	2805151	230	1	20229	1	0	20000	hit	210
A_HP_29	45	Response	3	2812067	7146	1
A_HP_29	45	Pulse	99	2824428	19507	1
A_HP_29	46	Picture	response46	2835609	288	1	20229	1	0	20000	hit	213
A_HP_29	46	Response	3	2838187	2866	1
A_HP_29	46	Pulse	99	2844428	9107	1
A_HP_29	46	Pulse	99	2864508	29187	1
A_HP_29	47	Picture	response41	2865901	180	1	20229	1	0	20000	hit	217
A_HP_29	47	Response	3	2869217	3496	1
A_HP_29	47	Pulse	99	2884428	18707	1
A_HP_29	48	Picture	response47	2896359	238	1	20229	1	0	20000	hit	220
A_HP_29	48	Response	3	2899037	2916	1
A_HP_29	48	Pulse	99	2904428	8307	1
A_HP_29	48	Pulse	99	2924508	28387	1
A_HP_29	49	Picture	response48	2926817	296	1	20229	1	0	20000	hit	224
A_HP_29	49	Response	3	2929107	2586	1
A_HP_29	49	Pulse	99	2944428	17907	1
A_HP_29	50	Picture	response43	2957108	188	1	20229	1	0	20000	hit	227
A_HP_29	50	Response	3	2959367	2446	1
A_HP_29	50	Pulse	99	2964428	7507	1
A_HP_29	50	Pulse	99	2984508	27588	1
A_HP_29	51	Picture	response45	2987566	246	1	20229	1	0	20000	hit	231
A_HP_29	51	Response	3	2990427	3106	1
A_HP_29	51	Pulse	99	3004428	17108	1
A_HP_29	52	Picture	response42	3018025	304	1	20229	1	0	20000	hit	234
A_HP_29	52	Response	3	3023187	5466	1
A_HP_29	52	Pulse	99	3024427	6707	1
A_HP_29	52	Pulse	99	3044508	26787	1
A_HP_29	53	Picture	ins24	3048316	196	1	30229	1	0	30000	other	0
A_HP_29	53	Pulse	99	3064428	16307	1
A_HP_29	53	Pulse	99	3084428	36307	1
A_HP_29	53	Pulse	99	3104508	56387	1
A_HP_29	53	Pulse	99	3124428	76307	1
A_HP_29	53	Pulse	99	3144428	96307	1
A_HP_29	53	Pulse	99	3164508	116387	1
A_HP_29	53	Pulse	99	3184428	136308	1
A_HP_29	53	Pulse	99	3204428	156308	1
A_HP_29	53	Pulse	99	3224508	176388	1
A_HP_29	53	Pulse	99	3244429	196308	1
A_HP_29	53	Pulse	99	3264428	216307	1
A_HP_29	53	Pulse	99	3284508	236388	1
A_HP_29	53	Pulse	99	3304428	256307	1
A_HP_29	53	Pulse	99	3324428	276308	1
A_HP_29	53	Pulse	99	3344508	296388	1
A_HP_29	54	Response	5	3364428	6077	1
A_HP_29	54	Pulse	99	3364428	6077	1
A_HP_29	55	Picture	response186	3365051	230	1	20229	1	0	20000	hit	256
A_HP_29	55	Response	2	3374497	9676	1
A_HP_29	55	Pulse	99	3384428	19607	1
A_HP_29	56	Picture	response187	3395509	288	1	20229	1	0	20000	hit	259
A_HP_29	56	Response	3	3402147	6926	1
A_HP_29	56	Pulse	99	3404507	9286	1
A_HP_29	56	Pulse	99	3424428	29207	1
A_HP_29	57	Picture	response189	3425801	180	1	20396	1	0	20000	hit	263
A_HP_29	57	Response	1	3434577	8956	1
A_HP_29	57	Pulse	99	3444428	18807	1
A_HP_29	58	Picture	response190	3456259	238	1	20229	1	0	20000	hit	266
A_HP_29	58	Response	3	3463257	7236	1
A_HP_29	58	Pulse	99	3464507	8486	1
A_HP_29	58	Pulse	99	3484428	28407	1
A_HP_29	59	Picture	response188	3486550	129	1	20229	1	0	20000	hit	270
A_HP_29	59	Response	4	3493927	7506	1
A_HP_29	59	Pulse	99	3504428	18007	1
A_HP_29	60	Picture	response192	3517175	354	1	20229	1	0	20000	hit	273
A_HP_29	60	Response	3	3523466	6646	1
A_HP_29	60	Pulse	99	3524507	7686	1
A_HP_29	60	Pulse	99	3544428	27607	1
A_HP_29	61	Picture	response185	3547467	246	1	20396	1	0	20000	hit	277
A_HP_29	61	Response	3	3552977	5756	1
A_HP_29	61	Pulse	99	3564428	17207	1
A_HP_29	62	Picture	response191	3577758	138	1	20230	1	0	20000	hit	281
A_HP_29	62	Pulse	99	3584508	6887	1
A_HP_29	62	Response	2	3589636	12015	1
A_HP_29	62	Pulse	99	3604428	26807	1
A_HP_29	63	Picture	ins8	3608217	196	1	30229	1	0	30000	other	0
A_HP_29	63	Pulse	99	3624428	16407	1
A_HP_29	63	Pulse	99	3644508	36487	1
A_HP_29	63	Pulse	99	3664428	56407	1
A_HP_29	63	Pulse	99	3684428	76407	1
A_HP_29	63	Pulse	99	3704428	96407	1
A_HP_29	63	Pulse	99	3724428	116407	1
A_HP_29	63	Pulse	99	3744428	136407	1
A_HP_29	63	Pulse	99	3764428	156407	1
A_HP_29	63	Pulse	99	3784428	176407	1
A_HP_29	63	Pulse	99	3804428	196407	1
A_HP_29	63	Pulse	99	3824428	216407	1
A_HP_29	63	Pulse	99	3844428	236407	1
A_HP_29	63	Pulse	99	3864428	256407	1
A_HP_29	63	Pulse	99	3884428	276407	1
A_HP_29	63	Pulse	99	3904428	296407	1
A_HP_29	64	Response	5	3924428	6176	1
A_HP_29	64	Pulse	99	3924428	6176	1
A_HP_29	65	Picture	response58	3925051	230	1	20229	1	0	20000	hit	302
A_HP_29	65	Response	4	3927866	3045	1
A_HP_29	65	Pulse	99	3944428	19607	1
A_HP_29	66	Picture	response57	3955508	288	1	20229	1	0	20000	hit	305
A_HP_29	66	Response	4	3958416	3196	1
A_HP_29	66	Pulse	99	3964427	9207	1
A_HP_29	66	Pulse	99	3984427	29207	1
A_HP_29	67	Picture	response61	3985705	84	1	20229	1	0	20000	hit	309
A_HP_29	67	Response	4	3988606	2985	1
A_HP_29	67	Pulse	99	4004428	18807	1
A_HP_29	68	Picture	response64	4016329	309	1	20229	1	0	20000	hit	312
A_HP_29	68	Response	4	4018876	2856	1
A_HP_29	68	Pulse	99	4024427	8406	1
A_HP_29	68	Pulse	99	4044427	28407	1
A_HP_29	69	Picture	response62	4046621	201	1	20229	1	0	20000	hit	316
A_HP_29	69	Response	4	4049716	3296	1
A_HP_29	69	Pulse	99	4064428	18007	1
A_HP_29	70	Picture	response59	4077079	259	1	20229	1	0	20000	hit	319
A_HP_29	70	Response	4	4080396	3576	1
A_HP_29	70	Pulse	99	4084427	7607	1
A_HP_29	70	Pulse	99	4104427	27608	1
A_HP_29	71	Picture	response63	4107370	150	1	20229	1	0	20000	hit	323
A_HP_29	71	Response	4	4110266	3046	1
A_HP_29	71	Pulse	99	4124427	17207	1
A_HP_29	72	Picture	response60	4137829	208	1	20229	1	0	20000	hit	326
A_HP_29	72	Response	4	4140626	3006	1
A_HP_29	72	Pulse	99	4144427	6806	1
A_HP_29	72	Pulse	99	4164427	26807	1
A_HP_29	73	Picture	ins22	4168287	267	1	30229	1	0	30000	other	0
A_HP_29	73	Pulse	99	4184428	16408	1
A_HP_29	73	Pulse	99	4204428	36407	1
A_HP_29	73	Pulse	99	4224427	56407	1
A_HP_29	73	Pulse	99	4244427	76407	1
A_HP_29	73	Pulse	99	4264427	96407	1
A_HP_29	73	Pulse	99	4284427	116407	1
A_HP_29	73	Pulse	99	4304427	136407	1
A_HP_29	73	Pulse	99	4324427	156407	1
A_HP_29	73	Pulse	99	4344427	176407	1
A_HP_29	73	Pulse	99	4364427	196407	1
A_HP_29	73	Pulse	99	4384427	216407	1
A_HP_29	73	Pulse	99	4404427	236407	1
A_HP_29	73	Pulse	99	4424427	256407	1
A_HP_29	73	Pulse	99	4444427	276407	1
A_HP_29	73	Pulse	99	4464427	296407	1
A_HP_29	74	Response	5	4484427	6177	1
A_HP_29	74	Pulse	99	4484427	6177	1
A_HP_29	75	Picture	response176	4485050	230	1	20229	1	0	20000	hit	348
A_HP_29	75	Response	4	4494076	9256	1
A_HP_29	75	Pulse	99	4504427	19607	1
A_HP_29	76	Picture	response175	4515508	288	1	20229	1	0	20000	hit	351
A_HP_29	76	Response	3	4522396	7176	1
A_HP_29	76	Pulse	99	4524426	9206	1
A_HP_29	76	Pulse	99	4544427	29207	1
A_HP_29	77	Picture	response170	4545800	179	1	20396	1	0	20000	hit	355
A_HP_29	77	Response	4	4554489	8868	1
A_HP_29	77	Pulse	99	4564427	18807	1
A_HP_29	78	Picture	response169	4576258	237	1	20229	1	0	20000	hit	358
A_HP_29	78	Response	2	4583126	7106	1
A_HP_29	78	Pulse	99	4584427	8407	1
A_HP_29	78	Pulse	99	4604427	28407	1
A_HP_29	79	Picture	response171	4606549	129	1	20229	1	0	20000	hit	362
A_HP_29	79	Response	3	4613476	7056	1
A_HP_29	79	Pulse	99	4624427	18007	1
A_HP_29	80	Picture	response172	4637174	353	1	20229	1	0	20000	hit	365
A_HP_29	80	Response	4	4640916	4096	1
A_HP_29	80	Pulse	99	4644427	7606	1
A_HP_29	80	Pulse	99	4664427	27607	1
A_HP_29	81	Picture	response173	4667465	245	1	20396	1	0	20000	hit	369
A_HP_29	81	Response	1	4672476	5256	1
A_HP_29	81	Pulse	99	4684427	17207	1
A_HP_29	82	Picture	response174	4697757	136	1	20229	1	0	20000	hit	372
A_HP_29	82	Response	1	4702846	5226	1
A_HP_29	82	Pulse	99	4704427	6807	1
A_HP_29	82	Pulse	99	4724427	26807	1
A_HP_29	83	Picture	ins12	4728215	194	1	30229	1	0	30000	other	0
A_HP_29	83	Pulse	99	4744427	16407	1
A_HP_29	83	Pulse	99	4764427	36407	1
A_HP_29	83	Pulse	99	4784427	56407	1
A_HP_29	83	Pulse	99	4804427	76407	1
A_HP_29	83	Pulse	99	4824427	96407	1
A_HP_29	83	Pulse	99	4844427	116407	1
A_HP_29	83	Pulse	99	4864427	136407	1
A_HP_29	83	Pulse	99	4884427	156406	1
A_HP_29	83	Pulse	99	4904427	176407	1
A_HP_29	83	Pulse	99	4924427	196407	1
A_HP_29	83	Pulse	99	4944427	216407	1
A_HP_29	83	Pulse	99	4964427	236407	1
A_HP_29	83	Pulse	99	4984428	256408	1
A_HP_29	83	Pulse	99	5004427	276407	1
A_HP_29	83	Pulse	99	5024427	296407	1
A_HP_29	84	Response	5	5044427	6176	1
A_HP_29	84	Pulse	99	5044427	6176	1
A_HP_29	85	Picture	response93	5045049	229	1	20229	1	0	20000	hit	394
A_HP_29	85	Response	1	5049596	4776	1
A_HP_29	85	Pulse	99	5064427	19607	1
A_HP_29	86	Picture	response95	5075507	287	1	20229	1	0	20000	hit	397
A_HP_29	86	Response	4	5082176	6956	1
A_HP_29	86	Pulse	99	5084427	9206	1
A_HP_29	86	Pulse	99	5104427	29207	1
A_HP_29	87	Picture	response91	5105799	179	1	20396	1	0	20000	hit	401
A_HP_29	87	Response	4	5109106	3486	1
A_HP_29	87	Pulse	99	5124427	18807	1
A_HP_29	88	Picture	response94	5136257	237	1	20230	1	0	20000	hit	404
A_HP_29	88	Response	4	5139696	3676	1
A_HP_29	88	Pulse	99	5144426	8406	1
A_HP_29	88	Pulse	99	5164427	28407	1
A_HP_29	89	Picture	response89	5166549	129	1	20229	1	0	20000	incorrect	408
A_HP_29	89	Response	1	5170146	3726	1
A_HP_29	89	Pulse	99	5184427	18007	1
A_HP_29	90	Picture	response92	5197174	354	1	20230	1	0	20000	hit	411
A_HP_29	90	Response	1	5203276	6456	1
A_HP_29	90	Pulse	99	5204426	7606	1
A_HP_29	90	Pulse	99	5224427	27607	1
A_HP_29	91	Picture	response90	5227465	245	1	20396	1	0	20000	hit	415
A_HP_29	91	Response	1	5233436	6216	1
A_HP_29	91	Pulse	99	5244427	17207	1
A_HP_29	92	Picture	response96	5257757	137	1	20229	1	0	20000	hit	418
A_HP_29	92	Response	1	5262146	4526	1
A_HP_29	92	Pulse	99	5264427	6807	1
A_HP_29	92	Pulse	99	5284427	26807	1
A_HP_29	93	Picture	ins14	5288214	194	1	30229	1	0	30000	other	0
A_HP_29	93	Pulse	99	5304427	16407	1
A_HP_29	93	Pulse	99	5324427	36407	1
A_HP_29	93	Pulse	99	5344427	56407	1
A_HP_29	93	Pulse	99	5364427	76407	1
A_HP_29	93	Pulse	99	5384427	96407	1
A_HP_29	93	Pulse	99	5404427	116407	1
A_HP_29	93	Pulse	99	5424427	136407	1
A_HP_29	93	Pulse	99	5444427	156407	1
A_HP_29	93	Pulse	99	5464427	176407	1
A_HP_29	93	Pulse	99	5484427	196407	1
A_HP_29	93	Pulse	99	5504427	216407	1
A_HP_29	93	Pulse	99	5524427	236407	1
A_HP_29	93	Pulse	99	5544427	256407	1
A_HP_29	93	Pulse	99	5564427	276407	1
A_HP_29	93	Pulse	99	5584427	296407	1
A_HP_29	94	Response	5	5604427	6176	1
A_HP_29	94	Pulse	99	5604427	6176	1
A_HP_29	95	Picture	response111	5605050	230	1	20229	1	0	20000	hit	440
A_HP_29	95	Response	4	5611265	6446	1
A_HP_29	95	Pulse	99	5624427	19607	1
A_HP_29	96	Picture	response105	5635508	288	1	20229	1	0	20000	hit	443
A_HP_29	96	Response	2	5638915	3696	1
A_HP_29	96	Pulse	99	5644427	9207	1
A_HP_29	96	Pulse	99	5664427	29207	1
A_HP_29	97	Picture	response109	5665799	179	1	20229	1	0	20000	hit	447
A_HP_29	97	Response	2	5671225	5606	1
A_HP_29	97	Pulse	99	5684427	18807	1
A_HP_29	98	Picture	response110	5696258	238	1	20229	1	0	20000	hit	451
A_HP_29	98	Pulse	99	5704427	8407	1
A_HP_29	98	Response	2	5709355	13335	1
A_HP_29	98	Pulse	99	5724427	28407	1
A_HP_29	99	Picture	response108	5726549	129	1	20230	1	0	20000	hit	454
A_HP_29	99	Response	2	5731436	5016	1
A_HP_29	99	Pulse	99	5744427	18007	1
A_HP_29	100	Picture	response107	5757174	355	1	20229	1	0	20000	hit	457
A_HP_29	100	Response	2	5760725	3906	1
A_HP_29	100	Pulse	99	5764426	7606	1
A_HP_29	100	Pulse	99	5784427	27607	1
A_HP_29	101	Picture	response106	5787466	246	1	20396	1	0	20000	hit	461
A_HP_29	101	Response	4	5791745	4526	1
A_HP_29	101	Pulse	99	5804426	17207	1
A_HP_29	102	Picture	response112	5817757	138	1	20229	1	0	20000	hit	464
A_HP_29	102	Response	4	5821425	3806	1
A_HP_29	102	Pulse	99	5824426	6806	1
A_HP_29	102	Pulse	99	5844427	26807	1
A_HP_29	103	Picture	ins20	5848215	195	1	30229	1	0	30000	other	0
A_HP_29	103	Pulse	99	5864426	16407	1
A_HP_29	103	Pulse	99	5884427	36407	1
A_HP_29	103	Pulse	99	5904427	56407	1
A_HP_29	103	Pulse	99	5924427	76407	1
A_HP_29	103	Pulse	99	5944427	96407	1
A_HP_29	103	Pulse	99	5964427	116407	1
A_HP_29	103	Pulse	99	5984426	136407	1
A_HP_29	103	Pulse	99	6004427	156407	1
A_HP_29	103	Pulse	99	6024427	176407	1
A_HP_29	103	Pulse	99	6044427	196407	1
A_HP_29	103	Pulse	99	6064427	216407	1
A_HP_29	103	Pulse	99	6084427	236407	1
A_HP_29	103	Pulse	99	6104426	256407	1
A_HP_29	103	Pulse	99	6124427	276407	1
A_HP_29	103	Pulse	99	6144426	296407	1
A_HP_29	104	Response	5	6164426	6176	1
A_HP_29	104	Pulse	99	6164426	6176	1
A_HP_29	105	Picture	response156	6165049	230	1	20229	1	0	20000	incorrect	487
A_HP_29	105	Pulse	99	6184426	19607	1
A_HP_29	105	Response	2	6186635	21816	1
A_HP_29	106	Picture	response158	6195508	288	1	20229	1	0	20000	hit	489
A_HP_29	106	Response	3	6202775	7556	1
A_HP_29	106	Pulse	99	6204426	9206	1
A_HP_29	106	Pulse	99	6224426	29206	1
A_HP_29	107	Picture	response157	6225799	181	1	20229	1	0	20000	hit	493
A_HP_29	107	Response	4	6230345	4726	1
A_HP_29	107	Pulse	99	6244427	18808	1
A_HP_29	108	Picture	response153	6256258	238	1	20229	1	0	20000	hit	496
A_HP_29	108	Response	2	6264225	8206	1
A_HP_29	108	Pulse	99	6264426	8406	1
A_HP_29	108	Pulse	99	6284426	28407	1
A_HP_29	109	Picture	response154	6286549	130	1	20229	1	0	20000	hit	500
A_HP_29	109	Response	3	6291905	5486	1
A_HP_29	109	Pulse	99	6304427	18007	1
A_HP_29	110	Picture	response155	6317174	355	1	20229	1	0	20000	hit	503
A_HP_29	110	Response	4	6323875	7056	1
A_HP_29	110	Pulse	99	6324426	7607	1
A_HP_29	110	Pulse	99	6344426	27607	1
A_HP_29	111	Picture	response160	6347465	246	1	20229	1	0	20000	hit	507
A_HP_29	111	Response	1	6356865	9646	1
A_HP_29	111	Pulse	99	6364426	17207	1
A_HP_29	112	Picture	response159	6377756	137	1	20229	1	0	20000	hit	510
A_HP_29	112	Response	4	6382865	5246	1
A_HP_29	112	Pulse	99	6384426	6807	1
A_HP_29	112	Pulse	99	6404426	26808	1
A_HP_29	113	Picture	ins16	6408214	195	1	30229	1	0	30000	other	0
A_HP_29	113	Pulse	99	6424426	16407	1
A_HP_29	113	Pulse	99	6444426	36406	1
A_HP_29	113	Pulse	99	6464426	56407	1
A_HP_29	113	Pulse	99	6484426	76407	1
A_HP_29	113	Pulse	99	6504426	96407	1
A_HP_29	113	Pulse	99	6524426	116407	1
A_HP_29	113	Pulse	99	6544426	136407	1
A_HP_29	113	Pulse	99	6564426	156407	1
A_HP_29	113	Pulse	99	6584426	176407	1
A_HP_29	113	Pulse	99	6604426	196407	1
A_HP_29	113	Pulse	99	6624426	216407	1
A_HP_29	113	Pulse	99	6644426	236407	1
A_HP_29	113	Pulse	99	6664427	256407	1
A_HP_29	113	Pulse	99	6684426	276407	1
A_HP_29	113	Pulse	99	6704426	296406	1
A_HP_29	114	Response	5	6724426	6176	1
A_HP_29	114	Pulse	99	6724426	6176	1
A_HP_29	115	Picture	response121	6725049	230	1	20229	1	0	20000	hit	532
A_HP_29	115	Response	4	6741185	16365	1
A_HP_29	115	Pulse	99	6744425	19606	1
A_HP_29	116	Picture	response127	6755507	288	1	20229	1	0	20000	hit	536
A_HP_29	116	Pulse	99	6764426	9207	1
A_HP_29	116	Response	3	6766984	11765	1
A_HP_29	116	Pulse	99	6784426	29207	1
A_HP_29	117	Picture	response125	6785799	179	1	20229	1	0	20000	hit	539
A_HP_29	117	Response	4	6792345	6725	1
A_HP_29	117	Pulse	99	6804426	18807	1
A_HP_29	118	Picture	response122	6816257	238	1	20230	1	0	20000	incorrect	543
A_HP_29	118	Pulse	99	6824426	8407	1
A_HP_29	118	Response	4	6838015	21996	1
A_HP_29	118	Pulse	99	6844426	28407	1
A_HP_29	119	Picture	response126	6846549	129	1	20229	1	0	20000	incorrect	546
A_HP_29	119	Response	4	6851715	5296	1
A_HP_29	119	Pulse	99	6864426	18007	1
A_HP_29	120	Picture	response123	6877174	355	1	20229	1	0	20000	hit	549
A_HP_29	120	Response	4	6883705	6886	1
A_HP_29	120	Pulse	99	6884425	7606	1
A_HP_29	120	Pulse	99	6904426	27607	1
A_HP_29	121	Picture	response124	6907466	246	1	20229	1	0	20000	hit	553
A_HP_29	121	Response	4	6911035	3816	1
A_HP_29	121	Pulse	99	6924426	17207	1
A_HP_29	122	Picture	response128	6937756	137	1	20229	1	0	20000	hit	556
A_HP_29	122	Response	4	6941435	3816	1
A_HP_29	122	Pulse	99	6944425	6806	1
A_HP_29	122	Pulse	99	6964426	26807	1
A_HP_29	123	Picture	thanks	6967715	0	1	10229	1	0	10000	other	0
A_HP_29	123	Pulse	99	6984426	16711	1


Event Type	Code	Type	Response	RT	RT Uncertainty	Time	Uncertainty	Duration	Uncertainty	ReqTime	ReqDur

Picture	ready	other				184741	1	10229	1	0	10000
Picture	ins2	other				245354	1	30230	1	0	30000
Picture	response15	hit	1	2136	2	565152	1	20229	1	0	20000
Picture	response16	hit	1	2358	2	595610	1	20229	1	0	20000
Picture	response11	hit	1	3027	2	625900	1	20229	1	0	20000
Picture	response14	hit	1	2219	2	656359	1	20229	1	0	20000
Picture	response12	hit	1	1771	2	686816	1	20229	1	0	20000
Picture	response10	hit	1	1480	2	717108	1	20230	1	0	20000
Picture	response9	hit	1	1642	2	747566	1	20229	1	0	20000
Picture	response13	hit	1	2704	2	778024	1	20229	1	0	20000
Picture	ins18	other				808316	1	30229	1	0	30000
Picture	response141	hit	1	6096	2	1125051	1	20229	1	0	20000
Picture	response142	hit	3	10027	2	1155509	1	20229	1	0	20000
Picture	response143	hit	3	4127	2	1185800	1	20396	1	0	20000
Picture	response140	hit	1	7920	2	1216258	1	20229	1	0	20000
Picture	response144	hit	2	21518	2	1246550	1	20229	1	0	20000
Picture	response137	hit	4	8583	2	1277174	1	20229	1	0	20000
Picture	response138	incorrect	1	9002	2	1307466	1	20397	1	0	20000
Picture	response139	hit	2	17160	2	1337758	1	20229	1	0	20000
Picture	ins4	other				1368216	1	30229	1	0	30000
Picture	response26	hit	2	2636	2	1685051	1	20229	1	0	20000
Picture	response32	hit	2	2388	2	1715509	1	20229	1	0	20000
Picture	response31	hit	2	2440	2	1745801	1	20396	1	0	20000
Picture	response25	hit	2	1788	2	1776259	1	20229	1	0	20000
Picture	response27	hit	2	2186	2	1806551	1	20229	1	0	20000
Picture	response28	hit	2	2352	2	1837176	1	20229	1	0	20000
Picture	response29	hit	2	2140	2	1867468	1	20396	1	0	20000
Picture	response30	hit	2	2849	2	1897759	1	20229	1	0	20000
Picture	ins10	other				1928216	1	30229	1	0	30000
Picture	response73	hit	3	15546	2	2245151	1	20229	1	0	20000
Picture	response74	hit	3	8838	2	2275609	1	20229	1	0	20000
Picture	response79	hit	1	4577	2	2305900	1	20229	1	0	20000
Picture	response78	hit	3	7130	2	2336357	1	20229	1	0	20000
Picture	response76	hit	3	5212	2	2366815	1	20229	1	0	20000
Picture	response77	hit	1	3690	2	2397107	1	20229	1	0	20000
Picture	response80	hit	1	6682	2	2427565	1	20229	1	0	20000
Picture	response75	hit	3	10254	2	2458023	1	20229	1	0	20000
Picture	ins6	other				2488314	1	30229	1	0	30000
Picture	response44	hit	3	6916	2	2805151	1	20229	1	0	20000
Picture	response46	hit	3	2577	2	2835609	1	20229	1	0	20000
Picture	response41	hit	3	3316	2	2865901	1	20229	1	0	20000
Picture	response47	hit	3	2678	2	2896359	1	20229	1	0	20000
Picture	response48	hit	3	2290	2	2926817	1	20229	1	0	20000
Picture	response43	hit	3	2258	2	2957108	1	20229	1	0	20000
Picture	response45	hit	3	2860	2	2987566	1	20229	1	0	20000
Picture	response42	hit	3	5162	2	3018025	1	20229	1	0	20000
Picture	ins24	other				3048316	1	30229	1	0	30000
Picture	response186	hit	2	9446	2	3365051	1	20229	1	0	20000
Picture	response187	hit	3	6638	2	3395509	1	20229	1	0	20000
Picture	response189	hit	1	8776	2	3425801	1	20396	1	0	20000
Picture	response190	hit	3	6998	2	3456259	1	20229	1	0	20000
Picture	response188	hit	4	7376	2	3486550	1	20229	1	0	20000
Picture	response192	hit	3	6292	2	3517175	1	20229	1	0	20000
Picture	response185	hit	3	5510	2	3547467	1	20396	1	0	20000
Picture	response191	hit	2	11877	2	3577758	1	20230	1	0	20000
Picture	ins8	other				3608217	1	30229	1	0	30000
Picture	response58	hit	4	2815	2	3925051	1	20229	1	0	20000
Picture	response57	hit	4	2908	2	3955508	1	20229	1	0	20000
Picture	response61	hit	4	2901	2	3985705	1	20229	1	0	20000
Picture	response64	hit	4	2547	2	4016329	1	20229	1	0	20000
Picture	response62	hit	4	3095	2	4046621	1	20229	1	0	20000
Picture	response59	hit	4	3317	2	4077079	1	20229	1	0	20000
Picture	response63	hit	4	2896	2	4107370	1	20229	1	0	20000
Picture	response60	hit	4	2797	2	4137829	1	20229	1	0	20000
Picture	ins22	other				4168287	1	30229	1	0	30000
Picture	response176	hit	4	9026	2	4485050	1	20229	1	0	20000
Picture	response175	hit	3	6888	2	4515508	1	20229	1	0	20000
Picture	response170	hit	4	8689	2	4545800	1	20396	1	0	20000
Picture	response169	hit	2	6869	2	4576258	1	20229	1	0	20000
Picture	response171	hit	3	6927	2	4606549	1	20229	1	0	20000
Picture	response172	hit	4	3742	2	4637174	1	20229	1	0	20000
Picture	response173	hit	1	5011	2	4667465	1	20396	1	0	20000
Picture	response174	hit	1	5089	2	4697757	1	20229	1	0	20000
Picture	ins12	other				4728215	1	30229	1	0	30000
Picture	response93	hit	1	4546	2	5045049	1	20229	1	0	20000
Picture	response95	hit	4	6668	2	5075507	1	20229	1	0	20000
Picture	response91	hit	4	3306	2	5105799	1	20396	1	0	20000
Picture	response94	hit	4	3439	2	5136257	1	20230	1	0	20000
Picture	response89	incorrect	1	3597	2	5166549	1	20229	1	0	20000
Picture	response92	hit	1	6102	2	5197174	1	20230	1	0	20000
Picture	response90	hit	1	5970	2	5227465	1	20396	1	0	20000
Picture	response96	hit	1	4389	2	5257757	1	20229	1	0	20000
Picture	ins14	other				5288214	1	30229	1	0	30000
Picture	response111	hit	4	6216	2	5605050	1	20229	1	0	20000
Picture	response105	hit	2	3408	2	5635508	1	20229	1	0	20000
Picture	response109	hit	2	5426	2	5665799	1	20229	1	0	20000
Picture	response110	hit	2	13097	2	5696258	1	20229	1	0	20000
Picture	response108	hit	2	4887	2	5726549	1	20230	1	0	20000
Picture	response107	hit	2	3551	2	5757174	1	20229	1	0	20000
Picture	response106	hit	4	4279	2	5787466	1	20396	1	0	20000
Picture	response112	hit	4	3668	2	5817757	1	20229	1	0	20000
Picture	ins20	other				5848215	1	30229	1	0	30000
Picture	response156	incorrect	2	21586	2	6165049	1	20229	1	0	20000
Picture	response158	hit	3	7268	2	6195508	1	20229	1	0	20000
Picture	response157	hit	4	4546	2	6225799	1	20229	1	0	20000
Picture	response153	hit	2	7968	2	6256258	1	20229	1	0	20000
Picture	response154	hit	3	5356	2	6286549	1	20229	1	0	20000
Picture	response155	hit	4	6702	2	6317174	1	20229	1	0	20000
Picture	response160	hit	1	9400	2	6347465	1	20229	1	0	20000
Picture	response159	hit	4	5109	2	6377756	1	20229	1	0	20000
Picture	ins16	other				6408214	1	30229	1	0	30000
Picture	response121	hit	4	16136	2	6725049	1	20229	1	0	20000
Picture	response127	hit	3	11477	2	6755507	1	20229	1	0	20000
Picture	response125	hit	4	6546	2	6785799	1	20229	1	0	20000
Picture	response122	incorrect	4	21758	2	6816257	1	20230	1	0	20000
Picture	response126	incorrect	4	5166	2	6846549	1	20229	1	0	20000
Picture	response123	hit	4	6531	2	6877174	1	20229	1	0	20000
Picture	response124	hit	4	3569	2	6907466	1	20229	1	0	20000
Picture	response128	hit	4	3678	2	6937756	1	20229	1	0	20000
Picture	thanks	other				6967715	1	10229	1	0	10000


{
   "app": "Presentation Version 21.0 Build 06.06.19",
   "device": "LENOVO 20KHCTO1WW",
   "experiment": "{C0C68DB1-10BA-42F2-8F79-3F2AFFEED4E4}",
   "os": "Windows 10 64 bit",
   "package": "",
   "parameters": {
      "configuration": "Default configuration"
   },
   "scenario": "Response experiment(2).sce",
   "subject": "A_HP_29",
   "timestamp": "2019/11/07 07:47:28 GMT"
}
