Scenario - 
Logfile written - 01/17/2020 09:56:06

Subject	Trial	Event Type	Code	Time	TTime	Uncertainty	Duration	Uncertainty	ReqTime	ReqDur	Stim Type	Pair Index

A_HP_44	1	Response	5	788144	787011	1
A_HP_44	1	Pulse	99	788144	787011	1
A_HP_44	2	Picture	ready	788277	0	1	10162	1	0	10000	other	0
A_HP_44	2	Pulse	99	808065	19788	1
A_HP_44	2	Pulse	99	828145	39868	1
A_HP_44	2	Pulse	99	848144	59867	1
A_HP_44	3	Picture	ins8	848750	101	1	30153	1	0	30000	other	0
A_HP_44	3	Pulse	99	868064	19416	1
A_HP_44	3	Pulse	99	888065	39417	1
A_HP_44	3	Pulse	99	908144	59496	1
A_HP_44	3	Pulse	99	928065	79416	1
A_HP_44	3	Pulse	99	948064	99416	1
A_HP_44	3	Pulse	99	968145	119496	1
A_HP_44	3	Pulse	99	988065	139416	1
A_HP_44	3	Pulse	99	1008065	159416	1
A_HP_44	3	Pulse	99	1028145	179496	1
A_HP_44	3	Pulse	99	1048065	199416	1
A_HP_44	3	Pulse	99	1068065	219416	1
A_HP_44	3	Pulse	99	1088145	239496	1
A_HP_44	3	Pulse	99	1108065	259416	1
A_HP_44	3	Pulse	99	1128065	279416	1
A_HP_44	3	Pulse	99	1148145	299496	1
A_HP_44	4	Response	5	1168065	9288	1
A_HP_44	4	Pulse	99	1168065	9288	1
A_HP_44	5	Picture	response58	1168605	156	1	20158	1	0	20000	hit	26
A_HP_44	5	Response	4	1174534	6085	1
A_HP_44	5	Pulse	99	1188065	19616	1
A_HP_44	6	Picture	response59	1198925	76	1	20158	1	0	20000	hit	29
A_HP_44	6	Response	4	1203763	4915	1
A_HP_44	6	Pulse	99	1208145	9296	1
A_HP_44	6	Pulse	99	1228065	29216	1
A_HP_44	7	Picture	response60	1229411	162	1	20158	1	0	20000	hit	33
A_HP_44	7	Response	4	1232583	3335	1
A_HP_44	7	Pulse	99	1248065	18816	1
A_HP_44	8	Picture	response61	1259730	82	1	20158	1	0	20000	hit	36
A_HP_44	8	Response	4	1265413	5765	1
A_HP_44	8	Pulse	99	1268144	8496	1
A_HP_44	8	Pulse	99	1288065	28416	1
A_HP_44	9	Picture	response62	1290217	168	1	20158	1	0	20000	hit	40
A_HP_44	9	Response	4	1293393	3345	1
A_HP_44	9	Pulse	99	1308065	18016	1
A_HP_44	10	Picture	response63	1320536	88	1	20158	1	0	20000	hit	43
A_HP_44	10	Response	4	1322324	1875	1
A_HP_44	10	Pulse	99	1328145	7696	1
A_HP_44	10	Pulse	99	1348065	27616	1
A_HP_44	11	Picture	response57	1351023	174	1	20158	1	0	20000	hit	47
A_HP_44	11	Response	4	1353243	2395	1
A_HP_44	11	Pulse	99	1368065	17216	1
A_HP_44	12	Picture	response64	1381342	93	1	20158	1	0	20000	hit	50
A_HP_44	12	Response	4	1384774	3525	1
A_HP_44	12	Pulse	99	1388145	6896	1
A_HP_44	12	Pulse	99	1408065	26816	1
A_HP_44	13	Picture	ins12	1411828	180	1	30153	1	0	30000	other	0
A_HP_44	13	Pulse	99	1428065	16416	1
A_HP_44	13	Pulse	99	1448145	36496	1
A_HP_44	13	Pulse	99	1468065	56416	1
A_HP_44	13	Pulse	99	1488065	76416	1
A_HP_44	13	Pulse	99	1508065	96416	1
A_HP_44	13	Pulse	99	1528065	116416	1
A_HP_44	13	Pulse	99	1548065	136416	1
A_HP_44	13	Pulse	99	1568065	156416	1
A_HP_44	13	Pulse	99	1588065	176416	1
A_HP_44	13	Pulse	99	1608065	196416	1
A_HP_44	13	Pulse	99	1628065	216416	1
A_HP_44	13	Pulse	99	1648065	236416	1
A_HP_44	13	Pulse	99	1668065	256416	1
A_HP_44	13	Pulse	99	1688065	276416	1
A_HP_44	13	Pulse	99	1708065	296417	1
A_HP_44	14	Response	5	1728065	6210	1
A_HP_44	14	Pulse	99	1728065	6210	1
A_HP_44	15	Picture	response91	1728518	69	1	20158	1	0	20000	hit	72
A_HP_44	15	Response	4	1736164	7715	1
A_HP_44	15	Pulse	99	1748065	19616	1
A_HP_44	16	Picture	response93	1759005	156	1	20158	1	0	20000	hit	75
A_HP_44	16	Response	1	1763454	4605	1
A_HP_44	16	Pulse	99	1768065	9216	1
A_HP_44	16	Pulse	99	1788065	29216	1
A_HP_44	17	Picture	response95	1789324	75	1	20157	1	0	20000	hit	79
A_HP_44	17	Response	4	1793154	3905	1
A_HP_44	17	Pulse	99	1808065	18816	1
A_HP_44	18	Picture	response96	1819810	161	1	20158	1	0	20000	hit	82
A_HP_44	18	Response	1	1823754	4105	1
A_HP_44	18	Pulse	99	1828065	8416	1
A_HP_44	18	Pulse	99	1848065	28416	1
A_HP_44	19	Picture	response92	1850130	81	1	20158	1	0	20000	hit	86
A_HP_44	19	Response	1	1854124	4075	1
A_HP_44	19	Pulse	99	1868065	18016	1
A_HP_44	20	Picture	response89	1880616	167	1	20158	1	0	20000	incorrect	89
A_HP_44	20	Response	1	1885204	4755	1
A_HP_44	20	Pulse	99	1888064	7615	1
A_HP_44	20	Pulse	99	1908065	27616	1
A_HP_44	21	Picture	response90	1910936	87	1	20158	1	0	20000	hit	93
A_HP_44	21	Response	1	1916064	5215	1
A_HP_44	21	Pulse	99	1928065	17216	1
A_HP_44	22	Picture	response94	1941422	173	1	20158	1	0	20000	hit	96
A_HP_44	22	Response	4	1945664	4415	1
A_HP_44	22	Pulse	99	1948064	6815	1
A_HP_44	22	Pulse	99	1968065	26816	1
A_HP_44	23	Picture	ins22	1971742	92	1	30153	1	0	30000	other	0
A_HP_44	23	Pulse	99	1988065	16416	1
A_HP_44	23	Pulse	99	2008065	36416	1
A_HP_44	23	Pulse	99	2028065	56416	1
A_HP_44	23	Pulse	99	2048065	76416	1
A_HP_44	23	Pulse	99	2068065	96416	1
A_HP_44	23	Pulse	99	2088065	116416	1
A_HP_44	23	Pulse	99	2108065	136416	1
A_HP_44	23	Pulse	99	2128065	156416	1
A_HP_44	23	Pulse	99	2148065	176416	1
A_HP_44	23	Pulse	99	2168065	196416	1
A_HP_44	23	Pulse	99	2188065	216416	1
A_HP_44	23	Pulse	99	2208065	236416	1
A_HP_44	23	Pulse	99	2228065	256416	1
A_HP_44	23	Pulse	99	2248065	276416	1
A_HP_44	23	Pulse	99	2268065	296416	1
A_HP_44	24	Response	5	2288065	6297	1
A_HP_44	24	Pulse	99	2288065	6297	1
A_HP_44	25	Picture	response170	2288598	149	1	20158	1	0	20000	hit	118
A_HP_44	25	Response	4	2294315	5865	1
A_HP_44	25	Pulse	99	2308065	19616	1
A_HP_44	26	Picture	response169	2318918	69	1	20158	1	0	20000	hit	121
A_HP_44	26	Response	2	2324914	6065	1
A_HP_44	26	Pulse	99	2328065	9215	1
A_HP_44	26	Pulse	99	2348065	29216	1
A_HP_44	27	Picture	response176	2349404	155	1	20158	1	0	20000	hit	125
A_HP_44	27	Response	4	2357324	8075	1
A_HP_44	27	Pulse	99	2368065	18816	1
A_HP_44	28	Picture	response172	2379724	74	1	20158	1	0	20000	hit	128
A_HP_44	28	Response	4	2384774	5125	1
A_HP_44	28	Pulse	99	2388065	8416	1
A_HP_44	28	Pulse	99	2408065	28416	1
A_HP_44	29	Picture	response175	2410210	161	1	20158	1	0	20000	hit	132
A_HP_44	29	Response	3	2417544	7495	1
A_HP_44	29	Pulse	99	2428065	18016	1
A_HP_44	30	Picture	response171	2440530	80	1	20158	1	0	20000	hit	135
A_HP_44	30	Response	3	2444754	4305	1
A_HP_44	30	Pulse	99	2448065	7615	1
A_HP_44	30	Pulse	99	2468065	27616	1
A_HP_44	31	Picture	response173	2471016	166	1	20158	1	0	20000	hit	139
A_HP_44	31	Response	1	2476264	5415	1
A_HP_44	31	Pulse	99	2488065	17216	1
A_HP_44	32	Picture	response174	2501335	86	1	20158	1	0	20000	hit	142
A_HP_44	32	Response	1	2505775	4525	1
A_HP_44	32	Pulse	99	2508065	6816	1
A_HP_44	32	Pulse	99	2528065	26816	1
A_HP_44	33	Picture	ins6	2531822	172	1	30153	1	0	30000	other	0
A_HP_44	33	Pulse	99	2548066	16416	1
A_HP_44	33	Pulse	99	2568066	36416	1
A_HP_44	33	Pulse	99	2588066	56416	1
A_HP_44	33	Pulse	99	2608065	76416	1
A_HP_44	33	Pulse	99	2628066	96416	1
A_HP_44	33	Pulse	99	2648065	116416	1
A_HP_44	33	Pulse	99	2668065	136416	1
A_HP_44	33	Pulse	99	2688066	156416	1
A_HP_44	33	Pulse	99	2708066	176416	1
A_HP_44	33	Pulse	99	2728066	196416	1
A_HP_44	33	Pulse	99	2748066	216416	1
A_HP_44	33	Pulse	99	2768066	236416	1
A_HP_44	33	Pulse	99	2788066	256416	1
A_HP_44	33	Pulse	99	2808065	276416	1
A_HP_44	33	Pulse	99	2828066	296416	1
A_HP_44	34	Response	5	2848065	6217	1
A_HP_44	34	Pulse	99	2848065	6217	1
A_HP_44	35	Picture	response45	2848512	62	1	20158	1	0	20000	hit	164
A_HP_44	35	Response	3	2854064	5615	1
A_HP_44	35	Pulse	99	2868066	19616	1
A_HP_44	36	Picture	response48	2878998	148	1	20158	1	0	20000	hit	167
A_HP_44	36	Response	3	2883914	5065	1
A_HP_44	36	Pulse	99	2888065	9216	1
A_HP_44	36	Pulse	99	2908066	29216	1
A_HP_44	37	Picture	response41	2909318	68	1	20158	1	0	20000	hit	171
A_HP_44	37	Response	3	2916014	6765	1
A_HP_44	37	Pulse	99	2928066	18816	1
A_HP_44	38	Picture	response43	2939804	154	1	20158	1	0	20000	hit	174
A_HP_44	38	Response	3	2944884	5235	1
A_HP_44	38	Pulse	99	2948065	8415	1
A_HP_44	38	Pulse	99	2968066	28416	1
A_HP_44	39	Picture	response44	2970123	74	1	20157	1	0	20000	hit	178
A_HP_44	39	Response	3	2973155	3105	1
A_HP_44	39	Pulse	99	2988066	18016	1
A_HP_44	40	Picture	response46	3000610	160	1	20158	1	0	20000	hit	181
A_HP_44	40	Response	3	3005555	5105	1
A_HP_44	40	Pulse	99	3008066	7616	1
A_HP_44	40	Pulse	99	3028066	27617	1
A_HP_44	41	Picture	response47	3030929	79	1	20158	1	0	20000	hit	185
A_HP_44	41	Response	3	3036385	5535	1
A_HP_44	41	Pulse	99	3048066	17216	1
A_HP_44	42	Picture	response42	3061415	166	1	20158	1	0	20000	hit	188
A_HP_44	42	Response	3	3065765	4515	1
A_HP_44	42	Pulse	99	3068066	6816	1
A_HP_44	42	Pulse	99	3088066	26816	1
A_HP_44	43	Picture	ins4	3091735	85	1	30153	1	0	30000	other	0
A_HP_44	43	Pulse	99	3108066	16416	1
A_HP_44	43	Pulse	99	3128066	36416	1
A_HP_44	43	Pulse	99	3148066	56416	1
A_HP_44	43	Pulse	99	3168066	76416	1
A_HP_44	43	Pulse	99	3188066	96416	1
A_HP_44	43	Pulse	99	3208066	116416	1
A_HP_44	43	Pulse	99	3228066	136416	1
A_HP_44	43	Pulse	99	3248067	156417	1
A_HP_44	43	Pulse	99	3268066	176416	1
A_HP_44	43	Pulse	99	3288066	196416	1
A_HP_44	43	Pulse	99	3308066	216416	1
A_HP_44	43	Pulse	99	3328066	236416	1
A_HP_44	43	Pulse	99	3348066	256416	1
A_HP_44	43	Pulse	99	3368066	276416	1
A_HP_44	43	Pulse	99	3388066	296416	1
A_HP_44	44	Response	5	3408066	6305	1
A_HP_44	44	Pulse	99	3408066	6305	1
A_HP_44	45	Picture	response32	3408592	142	1	20158	1	0	20000	hit	210
A_HP_44	45	Response	2	3414945	6495	1
A_HP_44	45	Pulse	99	3428066	19616	1
A_HP_44	46	Picture	response26	3438911	61	1	20157	1	0	20000	hit	213
A_HP_44	46	Response	2	3441715	2865	1
A_HP_44	46	Pulse	99	3448066	9216	1
A_HP_44	46	Pulse	99	3468066	29216	1
A_HP_44	47	Picture	response30	3469398	148	1	20158	1	0	20000	hit	217
A_HP_44	47	Response	2	3471715	2465	1
A_HP_44	47	Pulse	99	3488066	18816	1
A_HP_44	48	Picture	response28	3499717	67	1	20158	1	0	20000	hit	220
A_HP_44	48	Response	2	3502685	3035	1
A_HP_44	48	Pulse	99	3508066	8416	1
A_HP_44	48	Pulse	99	3528066	28416	1
A_HP_44	49	Picture	response31	3530203	153	1	20158	1	0	20000	hit	224
A_HP_44	49	Response	2	3533345	3295	1
A_HP_44	49	Pulse	99	3548066	18016	1
A_HP_44	50	Picture	response27	3560523	73	1	20158	1	0	20000	hit	227
A_HP_44	50	Response	2	3563735	3285	1
A_HP_44	50	Pulse	99	3568066	7616	1
A_HP_44	50	Pulse	99	3588066	27616	1
A_HP_44	51	Picture	response29	3591009	159	1	20158	1	0	20000	hit	231
A_HP_44	51	Response	2	3593895	3045	1
A_HP_44	51	Pulse	99	3608066	17216	1
A_HP_44	52	Picture	response25	3621329	79	1	20157	1	0	20000	hit	234
A_HP_44	52	Response	2	3626355	5105	1
A_HP_44	52	Pulse	99	3628066	6816	1
A_HP_44	52	Pulse	99	3648066	26816	1
A_HP_44	53	Picture	ins20	3651815	165	1	30153	1	0	30000	other	0
A_HP_44	53	Pulse	99	3668066	16416	1
A_HP_44	53	Pulse	99	3688066	36416	1
A_HP_44	53	Pulse	99	3708067	56417	1
A_HP_44	53	Pulse	99	3728066	76416	1
A_HP_44	53	Pulse	99	3748066	96416	1
A_HP_44	53	Pulse	99	3768066	116416	1
A_HP_44	53	Pulse	99	3788066	136416	1
A_HP_44	53	Pulse	99	3808066	156416	1
A_HP_44	53	Pulse	99	3828067	176417	1
A_HP_44	53	Pulse	99	3848066	196416	1
A_HP_44	53	Pulse	99	3868066	216416	1
A_HP_44	53	Pulse	99	3888066	236416	1
A_HP_44	53	Pulse	99	3908066	256416	1
A_HP_44	53	Pulse	99	3928066	276416	1
A_HP_44	53	Pulse	99	3948067	296417	1
A_HP_44	54	Response	5	3968066	6225	1
A_HP_44	54	Pulse	99	3968066	6225	1
A_HP_44	55	Picture	response159	3968505	55	1	20158	1	0	20000	hit	256
A_HP_44	55	Response	4	3974975	6525	1
A_HP_44	55	Pulse	99	3988066	19616	1
A_HP_44	56	Picture	response153	3998991	141	1	20157	1	0	20000	hit	260
A_HP_44	56	Pulse	99	4008066	9216	1
A_HP_44	56	Response	2	4009054	10204	1
A_HP_44	56	Pulse	99	4028068	29217	1
A_HP_44	57	Picture	response160	4029311	61	1	20157	1	0	20000	hit	263
A_HP_44	57	Response	1	4036935	7685	1
A_HP_44	57	Pulse	99	4048067	18817	1
A_HP_44	58	Picture	response156	4059797	147	1	20158	1	0	20000	hit	266
A_HP_44	58	Response	1	4065735	6085	1
A_HP_44	58	Pulse	99	4068066	8416	1
A_HP_44	58	Pulse	99	4088066	28416	1
A_HP_44	59	Picture	response158	4090117	66	1	20158	1	0	20000	hit	270
A_HP_44	59	Response	3	4097105	7055	1
A_HP_44	59	Pulse	99	4108066	18015	1
A_HP_44	60	Picture	response157	4120603	153	1	20158	1	0	20000	hit	274
A_HP_44	60	Pulse	99	4128066	7616	1
A_HP_44	60	Response	4	4134565	14115	1
A_HP_44	60	Pulse	99	4148066	27616	1
A_HP_44	61	Picture	response154	4150923	72	1	20157	1	0	20000	hit	277
A_HP_44	61	Response	3	4158605	7755	1
A_HP_44	61	Pulse	99	4168066	17216	1
A_HP_44	62	Picture	response155	4181409	158	1	20158	1	0	20000	hit	280
A_HP_44	62	Response	4	4186845	5595	1
A_HP_44	62	Pulse	99	4188066	6816	1
A_HP_44	62	Pulse	99	4208066	26816	1
A_HP_44	63	Picture	ins18	4211728	78	1	30153	1	0	30000	other	0
A_HP_44	63	Pulse	99	4228066	16416	1
A_HP_44	63	Pulse	99	4248067	36417	1
A_HP_44	63	Pulse	99	4268067	56416	1
A_HP_44	63	Pulse	99	4288066	76416	1
A_HP_44	63	Pulse	99	4308066	96416	1
A_HP_44	63	Pulse	99	4328067	116416	1
A_HP_44	63	Pulse	99	4348067	136416	1
A_HP_44	63	Pulse	99	4368067	156416	1
A_HP_44	63	Pulse	99	4388067	176416	1
A_HP_44	63	Pulse	99	4408066	196416	1
A_HP_44	63	Pulse	99	4428067	216416	1
A_HP_44	63	Pulse	99	4448067	236416	1
A_HP_44	63	Pulse	99	4468067	256416	1
A_HP_44	63	Pulse	99	4488067	276416	1
A_HP_44	63	Pulse	99	4508067	296416	1
A_HP_44	64	Response	5	4528067	6312	1
A_HP_44	64	Pulse	99	4528067	6312	1
A_HP_44	65	Picture	response140	4528585	134	1	20157	1	0	20000	hit	302
A_HP_44	65	Response	1	4536265	7815	1
A_HP_44	65	Pulse	99	4548067	19616	1
A_HP_44	66	Picture	response138	4558905	54	1	20158	1	0	20000	hit	305
A_HP_44	66	Response	3	4566886	8035	1
A_HP_44	66	Pulse	99	4568066	9216	1
A_HP_44	66	Pulse	99	4588066	29216	1
A_HP_44	67	Picture	response141	4589391	140	1	20158	1	0	20000	hit	309
A_HP_44	67	Response	1	4595285	6034	1
A_HP_44	67	Pulse	99	4608067	18816	1
A_HP_44	68	Picture	response142	4619710	60	1	20158	1	0	20000	hit	312
A_HP_44	68	Response	3	4626195	6545	1
A_HP_44	68	Pulse	99	4628067	8416	1
A_HP_44	68	Pulse	99	4648067	28417	1
A_HP_44	69	Picture	response144	4650197	146	1	20158	1	0	20000	hit	316
A_HP_44	69	Response	2	4665885	15835	1
A_HP_44	69	Pulse	99	4668066	18016	1
A_HP_44	70	Picture	response137	4680516	66	1	20158	1	0	20000	hit	319
A_HP_44	70	Response	4	4687165	6714	1
A_HP_44	70	Pulse	99	4688066	7616	1
A_HP_44	70	Pulse	99	4708066	27616	1
A_HP_44	71	Picture	response143	4711002	152	1	20158	1	0	20000	hit	323
A_HP_44	71	Response	3	4720345	9495	1
A_HP_44	71	Pulse	99	4728067	17216	1
A_HP_44	72	Picture	response139	4741322	71	1	20158	1	0	20000	hit	327
A_HP_44	72	Pulse	99	4748067	6816	1
A_HP_44	72	Response	2	4749905	8655	1
A_HP_44	72	Pulse	99	4768067	26816	1
A_HP_44	73	Picture	ins16	4771808	157	1	30153	1	0	30000	other	0
A_HP_44	73	Pulse	99	4788067	16417	1
A_HP_44	73	Pulse	99	4808067	36416	1
A_HP_44	73	Pulse	99	4828067	56416	1
A_HP_44	73	Pulse	99	4848067	76416	1
A_HP_44	73	Pulse	99	4868067	96416	1
A_HP_44	73	Pulse	99	4888067	116416	1
A_HP_44	73	Pulse	99	4908067	136416	1
A_HP_44	73	Pulse	99	4928067	156416	1
A_HP_44	73	Pulse	99	4948067	176416	1
A_HP_44	73	Pulse	99	4968067	196416	1
A_HP_44	73	Pulse	99	4988067	216416	1
A_HP_44	73	Pulse	99	5008067	236416	1
A_HP_44	73	Pulse	99	5028067	256416	1
A_HP_44	73	Pulse	99	5048067	276416	1
A_HP_44	73	Pulse	99	5068067	296416	1
A_HP_44	74	Response	5	5088067	6232	1
A_HP_44	74	Pulse	99	5088067	6232	1
A_HP_44	75	Picture	response121	5088498	47	1	20158	1	0	20000	hit	349
A_HP_44	75	Pulse	99	5108067	19616	1
A_HP_44	75	Response	4	5110806	22355	1
A_HP_44	76	Picture	response126	5118985	134	1	20157	1	0	20000	hit	352
A_HP_44	76	Pulse	99	5128067	9216	1
A_HP_44	76	Response	3	5137536	18685	1
A_HP_44	76	Pulse	99	5148067	29216	1
A_HP_44	77	Picture	response128	5149304	53	1	20158	1	0	20000	hit	355
A_HP_44	77	Response	4	5162106	12855	1
A_HP_44	77	Pulse	99	5168067	18816	1
A_HP_44	78	Picture	response123	5179790	140	1	20158	1	0	20000	hit	359
A_HP_44	78	Pulse	99	5188067	8416	1
A_HP_44	78	Response	4	5196186	16535	1
A_HP_44	78	Pulse	99	5208067	28416	1
A_HP_44	79	Picture	response124	5210110	59	1	20158	1	0	20000	hit	362
A_HP_44	79	Response	4	5219946	9895	1
A_HP_44	79	Pulse	99	5228067	18016	1
A_HP_44	80	Picture	response127	5240596	145	1	20158	1	0	20000	hit	365
A_HP_44	80	Response	3	5247526	7075	1
A_HP_44	80	Pulse	99	5248066	7615	1
A_HP_44	80	Pulse	99	5268067	27616	1
A_HP_44	81	Picture	response122	5270916	65	1	20158	1	0	20000	hit	369
A_HP_44	81	Response	3	5277746	6895	1
A_HP_44	81	Pulse	99	5287987	17136	1
A_HP_44	82	Picture	response125	5301402	151	1	20158	1	0	20000	hit	372
A_HP_44	82	Response	4	5306706	5455	1
A_HP_44	82	Pulse	99	5308067	6816	1
A_HP_44	82	Pulse	99	5328067	26816	1
A_HP_44	83	Picture	ins10	5331722	71	1	30153	1	0	30000	other	0
A_HP_44	83	Pulse	99	5347987	16336	1
A_HP_44	83	Pulse	99	5368067	36416	1
A_HP_44	83	Pulse	99	5388067	56416	1
A_HP_44	83	Pulse	99	5407987	76336	1
A_HP_44	83	Pulse	99	5428067	96416	1
A_HP_44	83	Pulse	99	5448067	116416	1
A_HP_44	83	Pulse	99	5467987	136336	1
A_HP_44	83	Pulse	99	5488067	156416	1
A_HP_44	83	Pulse	99	5508067	176416	1
A_HP_44	83	Pulse	99	5527987	196336	1
A_HP_44	83	Pulse	99	5548067	216416	1
A_HP_44	83	Pulse	99	5568067	236416	1
A_HP_44	83	Pulse	99	5587987	256336	1
A_HP_44	83	Pulse	99	5608068	276417	1
A_HP_44	83	Pulse	99	5628067	296416	1
A_HP_44	84	Response	5	5647987	6239	1
A_HP_44	84	Pulse	99	5647987	6239	1
A_HP_44	85	Picture	response78	5648412	60	1	20158	1	0	20000	hit	394
A_HP_44	85	Response	3	5654586	6235	1
A_HP_44	85	Pulse	99	5668067	19716	1
A_HP_44	86	Picture	response76	5678898	147	1	20158	1	0	20000	hit	397
A_HP_44	86	Response	3	5684566	5815	1
A_HP_44	86	Pulse	99	5688067	9316	1
A_HP_44	86	Pulse	99	5707987	29236	1
A_HP_44	87	Picture	response74	5709218	66	1	20158	1	0	20000	hit	401
A_HP_44	87	Response	3	5715316	6165	1
A_HP_44	87	Pulse	99	5728067	18916	1
A_HP_44	88	Picture	response73	5739704	152	1	20158	1	0	20000	hit	404
A_HP_44	88	Response	3	5746696	7145	1
A_HP_44	88	Pulse	99	5748067	8516	1
A_HP_44	88	Pulse	99	5768068	28516	1
A_HP_44	89	Picture	response75	5770023	72	1	20158	1	0	20000	hit	408
A_HP_44	89	Response	3	5775486	5535	1
A_HP_44	89	Pulse	99	5788067	18116	1
A_HP_44	90	Picture	response79	5800510	158	1	20157	1	0	20000	hit	412
A_HP_44	90	Pulse	99	5808067	7716	1
A_HP_44	90	Response	1	5809505	9154	1
A_HP_44	90	Pulse	99	5828067	27716	1
A_HP_44	91	Picture	response77	5830829	78	1	20157	1	0	20000	hit	415
A_HP_44	91	Response	1	5839146	8395	1
A_HP_44	91	Pulse	99	5848067	17316	1
A_HP_44	92	Picture	response80	5861315	164	1	20158	1	0	20000	hit	418
A_HP_44	92	Response	1	5866366	5215	1
A_HP_44	92	Pulse	99	5868067	6916	1
A_HP_44	92	Pulse	99	5888067	26916	1
A_HP_44	93	Picture	ins2	5891635	84	1	30153	1	0	30000	other	0
A_HP_44	93	Pulse	99	5908067	16516	1
A_HP_44	93	Pulse	99	5928067	36516	1
A_HP_44	93	Pulse	99	5948067	56516	1
A_HP_44	93	Pulse	99	5967987	76436	1
A_HP_44	93	Pulse	99	5988067	96516	1
A_HP_44	93	Pulse	99	6008068	116516	1
A_HP_44	93	Pulse	99	6027988	136436	1
A_HP_44	93	Pulse	99	6048067	156516	1
A_HP_44	93	Pulse	99	6068068	176516	1
A_HP_44	93	Pulse	99	6087988	196436	1
A_HP_44	93	Pulse	99	6108068	216516	1
A_HP_44	93	Pulse	99	6128068	236516	1
A_HP_44	93	Pulse	99	6147987	256436	1
A_HP_44	93	Pulse	99	6168067	276516	1
A_HP_44	93	Pulse	99	6188067	296516	1
A_HP_44	94	Response	5	6207988	6327	1
A_HP_44	94	Pulse	99	6207988	6327	1
A_HP_44	95	Picture	response10	6208492	140	1	20157	1	0	20000	hit	440
A_HP_44	95	Response	1	6214446	6095	1
A_HP_44	95	Pulse	99	6228067	19716	1
A_HP_44	96	Picture	response14	6238811	60	1	20158	1	0	20000	hit	443
A_HP_44	96	Response	1	6242086	3335	1
A_HP_44	96	Pulse	99	6248068	9316	1
A_HP_44	96	Pulse	99	6267988	29237	1
A_HP_44	97	Picture	response9	6269297	146	1	20158	1	0	20000	hit	447
A_HP_44	97	Response	1	6272717	3566	1
A_HP_44	97	Pulse	99	6288067	18916	1
A_HP_44	98	Picture	response13	6299617	66	1	20157	1	0	20000	hit	450
A_HP_44	98	Response	1	6303866	4315	1
A_HP_44	98	Pulse	99	6308067	8516	1
A_HP_44	98	Pulse	99	6327988	28436	1
A_HP_44	99	Picture	response15	6330103	152	1	20158	1	0	20000	hit	454
A_HP_44	99	Response	1	6332506	2554	1
A_HP_44	99	Pulse	99	6348068	18116	1
A_HP_44	100	Picture	response11	6360423	71	1	20158	1	0	20000	hit	457
A_HP_44	100	Response	1	6364436	4085	1
A_HP_44	100	Pulse	99	6368068	7716	1
A_HP_44	100	Pulse	99	6387988	27636	1
A_HP_44	101	Picture	response16	6390909	158	1	20158	1	0	20000	hit	461
A_HP_44	101	Response	1	6394446	3695	1
A_HP_44	101	Pulse	99	6408068	17316	1
A_HP_44	102	Picture	response12	6421229	77	1	20158	1	0	20000	hit	464
A_HP_44	102	Response	1	6424947	3795	1
A_HP_44	102	Pulse	99	6428068	6916	1
A_HP_44	102	Pulse	99	6447988	26836	1
A_HP_44	103	Picture	ins24	6451715	163	1	30153	1	0	30000	other	0
A_HP_44	103	Pulse	99	6468068	16516	1
A_HP_44	103	Pulse	99	6488068	36516	1
A_HP_44	103	Pulse	99	6507988	56436	1
A_HP_44	103	Pulse	99	6528068	76516	1
A_HP_44	103	Pulse	99	6548068	96516	1
A_HP_44	103	Pulse	99	6567988	116436	1
A_HP_44	103	Pulse	99	6587988	136436	1
A_HP_44	103	Pulse	99	6608068	156516	1
A_HP_44	103	Pulse	99	6627988	176436	1
A_HP_44	103	Pulse	99	6647988	196436	1
A_HP_44	103	Pulse	99	6668068	216516	1
A_HP_44	103	Pulse	99	6687988	236436	1
A_HP_44	103	Pulse	99	6707988	256436	1
A_HP_44	103	Pulse	99	6728068	276516	1
A_HP_44	103	Pulse	99	6747988	296436	1
A_HP_44	104	Response	5	6767988	6247	1
A_HP_44	104	Pulse	99	6767988	6247	1
A_HP_44	105	Picture	response192	6768405	53	1	20158	1	0	20000	hit	486
A_HP_44	105	Response	3	6777407	9055	1
A_HP_44	105	Pulse	99	6788068	19716	1
A_HP_44	106	Picture	response186	6798891	139	1	20158	1	0	20000	hit	489
A_HP_44	106	Response	2	6807577	8825	1
A_HP_44	106	Pulse	99	6807987	9235	1
A_HP_44	106	Pulse	99	6827988	29236	1
A_HP_44	107	Picture	response191	6829211	59	1	20158	1	0	20000	hit	493
A_HP_44	107	Response	2	6836506	7354	1
A_HP_44	107	Pulse	99	6848068	18916	1
A_HP_44	108	Picture	response187	6859697	145	1	20158	1	0	20000	hit	497
A_HP_44	108	Pulse	99	6867988	8436	1
A_HP_44	108	Response	3	6868016	8464	1
A_HP_44	108	Pulse	99	6887988	28436	1
A_HP_44	109	Picture	response189	6890017	65	1	20158	1	0	20000	hit	500
A_HP_44	109	Response	1	6898067	8115	1
A_HP_44	109	Pulse	99	6908068	18116	1
A_HP_44	110	Picture	response188	6920503	151	1	20157	1	0	20000	hit	504
A_HP_44	110	Pulse	99	6927988	7636	1
A_HP_44	110	Response	4	6928316	7964	1
A_HP_44	110	Pulse	99	6947988	27636	1
A_HP_44	111	Picture	response190	6950822	71	1	20158	1	0	20000	hit	507
A_HP_44	111	Response	3	6957877	7125	1
A_HP_44	111	Pulse	99	6968068	17316	1
A_HP_44	112	Picture	response185	6981309	157	1	20158	1	0	20000	hit	510
A_HP_44	112	Response	3	6986567	5415	1
A_HP_44	112	Pulse	99	6987988	6836	1
A_HP_44	112	Pulse	99	7007988	26836	1
A_HP_44	113	Picture	ins14	7011628	76	1	30153	1	0	30000	other	0
A_HP_44	113	Pulse	99	7028068	16516	1
A_HP_44	113	Pulse	99	7047988	36436	1
A_HP_44	113	Pulse	99	7067988	56436	1
A_HP_44	113	Pulse	99	7088068	76516	1
A_HP_44	113	Pulse	99	7107988	96436	1
A_HP_44	113	Pulse	99	7127988	116436	1
A_HP_44	113	Pulse	99	7148068	136516	1
A_HP_44	113	Pulse	99	7167988	156436	1
A_HP_44	113	Pulse	99	7187988	176436	1
A_HP_44	113	Pulse	99	7207988	196436	1
A_HP_44	113	Pulse	99	7227988	216436	1
A_HP_44	113	Pulse	99	7247988	236436	1
A_HP_44	113	Pulse	99	7267988	256436	1
A_HP_44	113	Pulse	99	7287988	276436	1
A_HP_44	113	Pulse	99	7307988	296436	1
A_HP_44	114	Response	5	7327988	6334	1
A_HP_44	114	Pulse	99	7327988	6334	1
A_HP_44	115	Picture	response108	7328485	133	1	20157	1	0	20000	hit	532
A_HP_44	115	Response	2	7334357	6005	1
A_HP_44	115	Pulse	99	7348068	19716	1
A_HP_44	116	Picture	response106	7358805	52	1	20157	1	0	20000	hit	535
A_HP_44	116	Response	4	7363817	5065	1
A_HP_44	116	Pulse	99	7367988	9236	1
A_HP_44	116	Pulse	99	7387988	29236	1
A_HP_44	117	Picture	response110	7389291	139	1	20158	1	0	20000	hit	539
A_HP_44	117	Response	2	7398097	8945	1
A_HP_44	117	Pulse	99	7408068	18916	1
A_HP_44	118	Picture	response112	7419610	58	1	20157	1	0	20000	hit	542
A_HP_44	118	Response	4	7425507	5955	1
A_HP_44	118	Pulse	99	7427987	8435	1
A_HP_44	118	Pulse	99	7447988	28436	1
A_HP_44	119	Picture	response107	7450097	144	1	20158	1	0	20000	hit	546
A_HP_44	119	Response	2	7458207	8255	1
A_HP_44	119	Pulse	99	7468068	18116	1
A_HP_44	120	Picture	response111	7480416	64	1	20158	1	0	20000	hit	549
A_HP_44	120	Response	4	7485627	5275	1
A_HP_44	120	Pulse	99	7487988	7636	1
A_HP_44	120	Pulse	99	7507988	27636	1
A_HP_44	121	Picture	response105	7510902	150	1	20158	1	0	20000	hit	553
A_HP_44	121	Response	2	7515977	5225	1
A_HP_44	121	Pulse	99	7528068	17316	1
A_HP_44	122	Picture	response109	7541222	70	1	20158	1	0	20000	hit	556
A_HP_44	122	Response	2	7547007	5854	1
A_HP_44	122	Pulse	99	7547988	6836	1
A_HP_44	122	Pulse	99	7567989	26836	1
A_HP_44	123	Picture	thanks	7571208	0	1	10162	1	0	10000	other	0
A_HP_44	123	Pulse	99	7588068	16860	1


Event Type	Code	Type	Response	RT	RT Uncertainty	Time	Uncertainty	Duration	Uncertainty	ReqTime	ReqDur

Picture	ready	other				788277	1	10162	1	0	10000
Picture	ins8	other				848750	1	30153	1	0	30000
Picture	response58	hit	4	5928	2	1168605	1	20158	1	0	20000
Picture	response59	hit	4	4839	2	1198925	1	20158	1	0	20000
Picture	response60	hit	4	3172	2	1229411	1	20158	1	0	20000
Picture	response61	hit	4	5683	2	1259730	1	20158	1	0	20000
Picture	response62	hit	4	3177	2	1290217	1	20158	1	0	20000
Picture	response63	hit	4	1787	2	1320536	1	20158	1	0	20000
Picture	response57	hit	4	2221	2	1351023	1	20158	1	0	20000
Picture	response64	hit	4	3431	2	1381342	1	20158	1	0	20000
Picture	ins12	other				1411828	1	30153	1	0	30000
Picture	response91	hit	4	7645	2	1728518	1	20158	1	0	20000
Picture	response93	hit	1	4449	2	1759005	1	20158	1	0	20000
Picture	response95	hit	4	3830	2	1789324	1	20157	1	0	20000
Picture	response96	hit	1	3944	2	1819810	1	20158	1	0	20000
Picture	response92	hit	1	3994	2	1850130	1	20158	1	0	20000
Picture	response89	incorrect	1	4588	2	1880616	1	20158	1	0	20000
Picture	response90	hit	1	5128	2	1910936	1	20158	1	0	20000
Picture	response94	hit	4	4242	2	1941422	1	20158	1	0	20000
Picture	ins22	other				1971742	1	30153	1	0	30000
Picture	response170	hit	4	5716	2	2288598	1	20158	1	0	20000
Picture	response169	hit	2	5996	2	2318918	1	20158	1	0	20000
Picture	response176	hit	4	7920	2	2349404	1	20158	1	0	20000
Picture	response172	hit	4	5050	2	2379724	1	20158	1	0	20000
Picture	response175	hit	3	7334	2	2410210	1	20158	1	0	20000
Picture	response171	hit	3	4224	2	2440530	1	20158	1	0	20000
Picture	response173	hit	1	5248	2	2471016	1	20158	1	0	20000
Picture	response174	hit	1	4439	2	2501335	1	20158	1	0	20000
Picture	ins6	other				2531822	1	30153	1	0	30000
Picture	response45	hit	3	5553	2	2848512	1	20158	1	0	20000
Picture	response48	hit	3	4917	2	2878998	1	20158	1	0	20000
Picture	response41	hit	3	6697	2	2909318	1	20158	1	0	20000
Picture	response43	hit	3	5081	2	2939804	1	20158	1	0	20000
Picture	response44	hit	3	3031	2	2970123	1	20157	1	0	20000
Picture	response46	hit	3	4945	2	3000610	1	20158	1	0	20000
Picture	response47	hit	3	5455	2	3030929	1	20158	1	0	20000
Picture	response42	hit	3	4349	2	3061415	1	20158	1	0	20000
Picture	ins4	other				3091735	1	30153	1	0	30000
Picture	response32	hit	2	6353	2	3408592	1	20158	1	0	20000
Picture	response26	hit	2	2803	2	3438911	1	20157	1	0	20000
Picture	response30	hit	2	2317	2	3469398	1	20158	1	0	20000
Picture	response28	hit	2	2967	2	3499717	1	20158	1	0	20000
Picture	response31	hit	2	3141	2	3530203	1	20158	1	0	20000
Picture	response27	hit	2	3212	2	3560523	1	20158	1	0	20000
Picture	response29	hit	2	2885	2	3591009	1	20158	1	0	20000
Picture	response25	hit	2	5026	2	3621329	1	20157	1	0	20000
Picture	ins20	other				3651815	1	30153	1	0	30000
Picture	response159	hit	4	6470	2	3968505	1	20158	1	0	20000
Picture	response153	hit	2	10063	2	3998991	1	20157	1	0	20000
Picture	response160	hit	1	7624	2	4029311	1	20157	1	0	20000
Picture	response156	hit	1	5938	2	4059797	1	20158	1	0	20000
Picture	response158	hit	3	6988	2	4090117	1	20158	1	0	20000
Picture	response157	hit	4	13962	2	4120603	1	20158	1	0	20000
Picture	response154	hit	3	7683	2	4150923	1	20157	1	0	20000
Picture	response155	hit	4	5436	2	4181409	1	20158	1	0	20000
Picture	ins18	other				4211728	1	30153	1	0	30000
Picture	response140	hit	1	7680	2	4528585	1	20157	1	0	20000
Picture	response138	hit	3	7981	2	4558905	1	20158	1	0	20000
Picture	response141	hit	1	5894	2	4589391	1	20158	1	0	20000
Picture	response142	hit	3	6485	2	4619710	1	20158	1	0	20000
Picture	response144	hit	2	15689	2	4650197	1	20158	1	0	20000
Picture	response137	hit	4	6649	2	4680516	1	20158	1	0	20000
Picture	response143	hit	3	9343	2	4711002	1	20158	1	0	20000
Picture	response139	hit	2	8583	2	4741322	1	20158	1	0	20000
Picture	ins16	other				4771808	1	30153	1	0	30000
Picture	response121	hit	4	22307	2	5088498	1	20158	1	0	20000
Picture	response126	hit	3	18551	2	5118985	1	20157	1	0	20000
Picture	response128	hit	4	12802	2	5149304	1	20158	1	0	20000
Picture	response123	hit	4	16395	2	5179790	1	20158	1	0	20000
Picture	response124	hit	4	9836	2	5210110	1	20158	1	0	20000
Picture	response127	hit	3	6930	2	5240596	1	20158	1	0	20000
Picture	response122	hit	3	6830	2	5270916	1	20158	1	0	20000
Picture	response125	hit	4	5304	2	5301402	1	20158	1	0	20000
Picture	ins10	other				5331722	1	30153	1	0	30000
Picture	response78	hit	3	6174	2	5648412	1	20158	1	0	20000
Picture	response76	hit	3	5669	2	5678898	1	20158	1	0	20000
Picture	response74	hit	3	6098	2	5709218	1	20158	1	0	20000
Picture	response73	hit	3	6992	2	5739704	1	20158	1	0	20000
Picture	response75	hit	3	5463	2	5770023	1	20158	1	0	20000
Picture	response79	hit	1	8996	2	5800510	1	20157	1	0	20000
Picture	response77	hit	1	8317	2	5830829	1	20157	1	0	20000
Picture	response80	hit	1	5051	2	5861315	1	20158	1	0	20000
Picture	ins2	other				5891635	1	30153	1	0	30000
Picture	response10	hit	1	5955	2	6208492	1	20157	1	0	20000
Picture	response14	hit	1	3275	2	6238811	1	20158	1	0	20000
Picture	response9	hit	1	3420	2	6269297	1	20158	1	0	20000
Picture	response13	hit	1	4249	2	6299617	1	20157	1	0	20000
Picture	response15	hit	1	2403	2	6330103	1	20158	1	0	20000
Picture	response11	hit	1	4014	2	6360423	1	20158	1	0	20000
Picture	response16	hit	1	3537	2	6390909	1	20158	1	0	20000
Picture	response12	hit	1	3718	2	6421229	1	20158	1	0	20000
Picture	ins24	other				6451715	1	30153	1	0	30000
Picture	response192	hit	3	9002	2	6768405	1	20158	1	0	20000
Picture	response186	hit	2	8685	2	6798891	1	20158	1	0	20000
Picture	response191	hit	2	7296	2	6829211	1	20158	1	0	20000
Picture	response187	hit	3	8319	2	6859697	1	20158	1	0	20000
Picture	response189	hit	1	8050	2	6890017	1	20158	1	0	20000
Picture	response188	hit	4	7813	2	6920503	1	20157	1	0	20000
Picture	response190	hit	3	7054	2	6950822	1	20158	1	0	20000
Picture	response185	hit	3	5258	2	6981309	1	20158	1	0	20000
Picture	ins14	other				7011628	1	30153	1	0	30000
Picture	response108	hit	2	5872	2	7328485	1	20157	1	0	20000
Picture	response106	hit	4	5012	2	7358805	1	20157	1	0	20000
Picture	response110	hit	2	8806	2	7389291	1	20158	1	0	20000
Picture	response112	hit	4	5897	2	7419610	1	20157	1	0	20000
Picture	response107	hit	2	8110	2	7450097	1	20158	1	0	20000
Picture	response111	hit	4	5211	2	7480416	1	20158	1	0	20000
Picture	response105	hit	2	5075	2	7510902	1	20158	1	0	20000
Picture	response109	hit	2	5785	2	7541222	1	20158	1	0	20000
Picture	thanks	other				7571208	1	10162	1	0	10000


{
   "app": "Presentation Version 21.1 Build 09.05.19",
   "device": "LENOVO 20FBCTO1WW",
   "experiment": "{C0C68DB1-10BA-42F2-8F79-3F2AFFEED4E4}",
   "os": "Windows 10 64 bit",
   "package": "",
   "parameters": {
      "configuration": "Default configuration"
   },
   "scenario": "Response experiment(2).sce",
   "subject": "A_HP_44",
   "timestamp": "2020/01/17 00:43:21 GMT"
}
