Scenario - 
Logfile written - 07/19/2019 14:39:59

Subject	Trial	Event Type	Code	Time	TTime	Uncertainty	Duration	Uncertainty	ReqTime	ReqDur	Stim Type	Pair Index

A_HP_04	1	Response	5	205120	203620	1
A_HP_04	1	Pulse	99	205120	203620	1
A_HP_04	2	Picture	ready	205356	0	1	10231	1	0	10000	other	0
A_HP_04	2	Pulse	99	225199	19844	1
A_HP_04	2	Pulse	99	245199	39844	1
A_HP_04	2	Pulse	99	265120	59764	1
A_HP_04	3	Picture	ins22	265933	238	1	30304	1	0	30000	other	0
A_HP_04	3	Pulse	99	285200	19505	1
A_HP_04	3	Pulse	99	305200	39505	1
A_HP_04	3	Pulse	99	325120	59425	1
A_HP_04	3	Pulse	99	345200	79505	1
A_HP_04	3	Pulse	99	365200	99505	1
A_HP_04	3	Pulse	99	385120	119426	1
A_HP_04	3	Pulse	99	405199	139505	1
A_HP_04	3	Pulse	99	425200	159505	1
A_HP_04	3	Pulse	99	445120	179425	1
A_HP_04	3	Pulse	99	465200	199506	1
A_HP_04	3	Pulse	99	485200	219505	1
A_HP_04	3	Pulse	99	505120	239426	1
A_HP_04	3	Pulse	99	525200	259505	1
A_HP_04	3	Pulse	99	545200	279506	1
A_HP_04	3	Pulse	99	565120	299426	1
A_HP_04	4	Response	5	585200	9272	1
A_HP_04	4	Pulse	99	585200	9272	1
A_HP_04	5	Picture	response170	585826	232	1	20230	1	0	20000	hit	26
A_HP_04	5	Response	4	591478	5884	1
A_HP_04	5	Pulse	99	605200	19605	1
A_HP_04	6	Picture	response171	616120	126	1	20231	1	0	20000	hit	29
A_HP_04	6	Response	3	622499	6504	1
A_HP_04	6	Pulse	99	625120	9125	1
A_HP_04	6	Pulse	99	645200	29206	1
A_HP_04	7	Picture	response175	646583	188	1	20231	1	0	20000	hit	33
A_HP_04	7	Response	3	654449	8054	1
A_HP_04	7	Pulse	99	665200	18805	1
A_HP_04	8	Picture	response169	677044	250	1	20231	1	0	20000	hit	36
A_HP_04	8	Response	2	684018	7224	1
A_HP_04	8	Pulse	99	685119	8325	1
A_HP_04	8	Pulse	99	705120	28325	1
A_HP_04	9	Picture	response176	707505	310	1	20231	1	0	20000	hit	40
A_HP_04	9	Response	4	714429	7234	1
A_HP_04	9	Pulse	99	725200	18005	1
A_HP_04	10	Picture	response172	737799	204	1	20231	1	0	20000	hit	43
A_HP_04	10	Response	4	743908	6314	1
A_HP_04	10	Pulse	99	745119	7524	1
A_HP_04	10	Pulse	99	765120	27525	1
A_HP_04	11	Picture	response174	768093	99	1	20230	1	0	20000	hit	47
A_HP_04	11	Response	1	774179	6184	1
A_HP_04	11	Pulse	99	785200	17206	1
A_HP_04	12	Picture	response173	798553	160	1	20231	1	0	20000	hit	50
A_HP_04	12	Response	1	804019	5625	1
A_HP_04	12	Pulse	99	805120	6726	1
A_HP_04	12	Pulse	99	825120	26726	1
A_HP_04	13	Picture	ins6	829014	220	1	30231	1	0	30000	other	0
A_HP_04	13	Pulse	99	845200	16406	1
A_HP_04	13	Pulse	99	865200	36405	1
A_HP_04	13	Pulse	99	885120	56325	1
A_HP_04	13	Pulse	99	905200	76405	1
A_HP_04	13	Pulse	99	925200	96405	1
A_HP_04	13	Pulse	99	945120	116325	1
A_HP_04	13	Pulse	99	965200	136405	1
A_HP_04	13	Pulse	99	985200	156406	1
A_HP_04	13	Pulse	99	1005120	176325	1
A_HP_04	13	Pulse	99	1025200	196406	1
A_HP_04	13	Pulse	99	1045200	216405	1
A_HP_04	13	Pulse	99	1065120	236325	1
A_HP_04	13	Pulse	99	1085200	256405	1
A_HP_04	13	Pulse	99	1105200	276405	1
A_HP_04	13	Pulse	99	1125120	296325	1
A_HP_04	14	Response	5	1145120	6092	1
A_HP_04	14	Pulse	99	1145120	6092	1
A_HP_04	15	Picture	response44	1145726	232	1	20231	1	0	20000	hit	72
A_HP_04	15	Response	3	1150099	4604	1
A_HP_04	15	Pulse	99	1165200	19705	1
A_HP_04	16	Picture	response45	1176188	293	1	20232	1	0	20000	hit	75
A_HP_04	16	Response	3	1181619	5724	1
A_HP_04	16	Pulse	99	1185120	9225	1
A_HP_04	16	Pulse	99	1205120	29225	1
A_HP_04	17	Picture	response46	1206483	189	1	20397	1	0	20000	hit	79
A_HP_04	17	Response	3	1211089	4794	1
A_HP_04	17	Pulse	99	1225200	18905	1
A_HP_04	18	Picture	response42	1236945	250	1	20232	1	0	20000	hit	82
A_HP_04	18	Response	3	1241699	5004	1
A_HP_04	18	Pulse	99	1245121	8426	1
A_HP_04	18	Pulse	99	1265120	28426	1
A_HP_04	19	Picture	response41	1267240	145	1	20231	1	0	20000	hit	86
A_HP_04	19	Response	3	1272229	5134	1
A_HP_04	19	Pulse	99	1285200	18105	1
A_HP_04	20	Picture	response48	1297701	206	1	20232	1	0	20000	hit	89
A_HP_04	20	Response	3	1302719	5224	1
A_HP_04	20	Pulse	99	1305119	7624	1
A_HP_04	20	Pulse	99	1325120	27625	1
A_HP_04	21	Picture	response43	1328162	268	1	20230	1	0	20000	hit	93
A_HP_04	21	Response	3	1332889	4995	1
A_HP_04	21	Pulse	99	1345200	17306	1
A_HP_04	22	Picture	response47	1358457	162	1	20230	1	0	20000	hit	96
A_HP_04	22	Response	3	1363199	4904	1
A_HP_04	22	Pulse	99	1365120	6826	1
A_HP_04	22	Pulse	99	1385120	26826	1
A_HP_04	23	Picture	ins4	1388917	222	1	30230	1	0	30000	other	0
A_HP_04	23	Pulse	99	1405200	16505	1
A_HP_04	23	Pulse	99	1425200	36505	1
A_HP_04	23	Pulse	99	1445121	56426	1
A_HP_04	23	Pulse	99	1465200	76505	1
A_HP_04	23	Pulse	99	1485200	96505	1
A_HP_04	23	Pulse	99	1505120	116425	1
A_HP_04	23	Pulse	99	1525200	136505	1
A_HP_04	23	Pulse	99	1545201	156505	1
A_HP_04	23	Pulse	99	1565120	176425	1
A_HP_04	23	Pulse	99	1585200	196505	1
A_HP_04	23	Pulse	99	1605200	216505	1
A_HP_04	23	Pulse	99	1625120	236425	1
A_HP_04	23	Pulse	99	1645120	256425	1
A_HP_04	23	Pulse	99	1665200	276505	1
A_HP_04	23	Pulse	99	1685120	296425	1
A_HP_04	24	Response	5	1705121	6193	1
A_HP_04	24	Pulse	99	1705121	6193	1
A_HP_04	25	Picture	response27	1705728	233	1	20231	1	0	20000	hit	118
A_HP_04	25	Response	2	1711259	5764	1
A_HP_04	25	Pulse	99	1725200	19705	1
A_HP_04	26	Picture	response31	1736189	294	1	20231	1	0	20000	hit	121
A_HP_04	26	Response	2	1739479	3584	1
A_HP_04	26	Pulse	99	1745120	9225	1
A_HP_04	26	Pulse	99	1765120	29225	1
A_HP_04	27	Picture	response30	1766483	188	1	20397	1	0	20000	hit	125
A_HP_04	27	Response	2	1771009	4714	1
A_HP_04	27	Pulse	99	1785200	18906	1
A_HP_04	28	Picture	response29	1796944	249	1	20231	1	0	20000	hit	128
A_HP_04	28	Response	2	1800569	3875	1
A_HP_04	28	Pulse	99	1805120	8425	1
A_HP_04	28	Pulse	99	1825121	28426	1
A_HP_04	29	Picture	response32	1827239	144	1	20230	1	0	20000	hit	132
A_HP_04	29	Response	2	1832959	5864	1
A_HP_04	29	Pulse	99	1845200	18105	1
A_HP_04	30	Picture	response26	1857700	204	1	20230	1	0	20000	hit	135
A_HP_04	30	Response	2	1862399	4904	1
A_HP_04	30	Pulse	99	1865120	7624	1
A_HP_04	30	Pulse	99	1885120	27625	1
A_HP_04	31	Picture	response25	1888160	265	1	20231	1	0	20000	hit	139
A_HP_04	31	Response	2	1894009	6114	1
A_HP_04	31	Pulse	99	1905200	17306	1
A_HP_04	32	Picture	response28	1918454	159	1	20231	1	0	20000	hit	142
A_HP_04	32	Response	2	1923770	5474	1
A_HP_04	32	Pulse	99	1925120	6825	1
A_HP_04	32	Pulse	99	1945120	26825	1
A_HP_04	33	Picture	ins12	1948915	220	1	30231	1	0	30000	other	0
A_HP_04	33	Pulse	99	1965200	16505	1
A_HP_04	33	Pulse	99	1985121	36426	1
A_HP_04	33	Pulse	99	2005120	56425	1
A_HP_04	33	Pulse	99	2025201	76505	1
A_HP_04	33	Pulse	99	2045200	96505	1
A_HP_04	33	Pulse	99	2065120	116425	1
A_HP_04	33	Pulse	99	2085120	136425	1
A_HP_04	33	Pulse	99	2105200	156505	1
A_HP_04	33	Pulse	99	2125120	176425	1
A_HP_04	33	Pulse	99	2145121	196426	1
A_HP_04	33	Pulse	99	2165201	216506	1
A_HP_04	33	Pulse	99	2185121	236426	1
A_HP_04	33	Pulse	99	2205121	256426	1
A_HP_04	33	Pulse	99	2225201	276506	1
A_HP_04	33	Pulse	99	2245121	296426	1
A_HP_04	34	Response	5	2265121	6192	1
A_HP_04	34	Pulse	99	2265121	6192	1
A_HP_04	35	Picture	response92	2265728	233	1	20232	1	0	20000	hit	164
A_HP_04	35	Response	1	2273990	8494	1
A_HP_04	35	Pulse	99	2285201	19705	1
A_HP_04	36	Picture	response93	2296191	295	1	20232	1	0	20000	hit	167
A_HP_04	36	Response	1	2301530	5634	1
A_HP_04	36	Pulse	99	2305121	9225	1
A_HP_04	36	Pulse	99	2325121	29225	1
A_HP_04	37	Picture	response91	2326487	192	1	20232	1	0	20000	hit	171
A_HP_04	37	Response	4	2332290	5994	1
A_HP_04	37	Pulse	99	2345201	18906	1
A_HP_04	38	Picture	response89	2356950	256	1	20231	1	0	20000	incorrect	174
A_HP_04	38	Response	1	2362640	5945	1
A_HP_04	38	Pulse	99	2365120	8425	1
A_HP_04	38	Pulse	99	2385121	28426	1
A_HP_04	39	Picture	response94	2387247	151	1	20231	1	0	20000	hit	178
A_HP_04	39	Response	4	2394060	6964	1
A_HP_04	39	Pulse	99	2405201	18106	1
A_HP_04	40	Picture	response90	2417709	214	1	20231	1	0	20000	hit	182
A_HP_04	40	Pulse	99	2425121	7626	1
A_HP_04	40	Response	1	2426479	8983	1
A_HP_04	40	Pulse	99	2445121	27626	1
A_HP_04	41	Picture	response96	2448172	277	1	20232	1	0	20000	hit	185
A_HP_04	41	Response	1	2453330	5435	1
A_HP_04	41	Pulse	99	2465201	17306	1
A_HP_04	42	Picture	response95	2478468	173	1	20232	1	0	20000	hit	189
A_HP_04	42	Pulse	99	2485121	6826	1
A_HP_04	42	Response	4	2486389	8094	1
A_HP_04	42	Pulse	99	2505121	26826	1
A_HP_04	43	Picture	ins2	2508931	235	1	30230	1	0	30000	other	0
A_HP_04	43	Pulse	99	2525121	16425	1
A_HP_04	43	Pulse	99	2545121	36425	1
A_HP_04	43	Pulse	99	2565121	56425	1
A_HP_04	43	Pulse	99	2585121	76425	1
A_HP_04	43	Pulse	99	2605201	96505	1
A_HP_04	43	Pulse	99	2625121	116426	1
A_HP_04	43	Pulse	99	2645121	136425	1
A_HP_04	43	Pulse	99	2665201	156505	1
A_HP_04	43	Pulse	99	2685121	176425	1
A_HP_04	43	Pulse	99	2705121	196425	1
A_HP_04	43	Pulse	99	2725201	216505	1
A_HP_04	43	Pulse	99	2745121	236425	1
A_HP_04	43	Pulse	99	2765121	256425	1
A_HP_04	43	Pulse	99	2785201	276505	1
A_HP_04	43	Pulse	99	2805121	296425	1
A_HP_04	44	Response	5	2825121	6192	1
A_HP_04	44	Pulse	99	2825121	6192	1
A_HP_04	45	Picture	response13	2825729	233	1	20230	1	0	20000	hit	210
A_HP_04	45	Response	1	2831679	6183	1
A_HP_04	45	Pulse	99	2845201	19705	1
A_HP_04	46	Picture	response10	2856189	293	1	20231	1	0	20000	hit	213
A_HP_04	46	Response	1	2862490	6594	1
A_HP_04	46	Pulse	99	2865120	9225	1
A_HP_04	46	Pulse	99	2885121	29225	1
A_HP_04	47	Picture	response9	2886483	187	1	20397	1	0	20000	hit	217
A_HP_04	47	Response	1	2894100	7804	1
A_HP_04	47	Pulse	99	2905201	18905	1
A_HP_04	48	Picture	response15	2916944	248	1	20230	1	0	20000	hit	220
A_HP_04	48	Response	1	2923960	7264	1
A_HP_04	48	Pulse	99	2925120	8425	1
A_HP_04	48	Pulse	99	2945121	28425	1
A_HP_04	49	Picture	response14	2947237	142	1	20231	1	0	20000	hit	224
A_HP_04	49	Response	1	2952260	5164	1
A_HP_04	49	Pulse	99	2965201	18105	1
A_HP_04	50	Picture	response11	2977700	204	1	20233	1	0	20000	hit	227
A_HP_04	50	Response	1	2983179	5684	1
A_HP_04	50	Pulse	99	2985120	7624	1
A_HP_04	50	Pulse	99	3005121	27625	1
A_HP_04	51	Picture	response12	3008163	267	1	20230	1	0	20000	hit	231
A_HP_04	51	Response	1	3011560	3664	1
A_HP_04	51	Pulse	99	3025121	17226	1
A_HP_04	52	Picture	response16	3038457	161	1	20230	1	0	20000	hit	235
A_HP_04	52	Pulse	99	3045121	6825	1
A_HP_04	52	Response	1	3045849	7553	1
A_HP_04	52	Pulse	99	3065121	26825	1
A_HP_04	53	Picture	ins16	3068917	221	1	30222	1	0	30000	other	0
A_HP_04	53	Pulse	99	3085121	16425	1
A_HP_04	53	Pulse	99	3105121	36425	1
A_HP_04	53	Pulse	99	3125121	56425	1
A_HP_04	53	Pulse	99	3145121	76425	1
A_HP_04	53	Pulse	99	3165121	96425	1
A_HP_04	53	Pulse	99	3185121	116425	1
A_HP_04	53	Pulse	99	3205121	136425	1
A_HP_04	53	Pulse	99	3225201	156505	1
A_HP_04	53	Pulse	99	3245121	176425	1
A_HP_04	53	Pulse	99	3265121	196425	1
A_HP_04	53	Pulse	99	3285201	216505	1
A_HP_04	53	Pulse	99	3305121	236425	1
A_HP_04	53	Pulse	99	3325121	256425	1
A_HP_04	53	Pulse	99	3345201	276505	1
A_HP_04	53	Pulse	99	3365121	296425	1
A_HP_04	54	Response	5	3385121	6192	1
A_HP_04	54	Pulse	99	3385121	6192	1
A_HP_04	55	Picture	response126	3385727	231	1	20230	1	0	20000	hit	256
A_HP_04	55	Response	3	3398459	12964	1
A_HP_04	55	Pulse	99	3405201	19705	1
A_HP_04	56	Picture	response125	3416188	292	1	20230	1	0	20000	hit	260
A_HP_04	56	Pulse	99	3425121	9225	1
A_HP_04	56	Response	4	3434030	18134	1
A_HP_04	56	Pulse	99	3445121	29225	1
A_HP_04	57	Picture	response121	3446482	186	1	20231	1	0	20000	hit	263
A_HP_04	57	Response	4	3454570	8274	1
A_HP_04	57	Pulse	99	3465121	18825	1
A_HP_04	58	Picture	response124	3476942	246	1	20230	1	0	20000	hit	266
A_HP_04	58	Response	4	3483350	6654	1
A_HP_04	58	Pulse	99	3485120	8425	1
A_HP_04	58	Pulse	99	3505121	28425	1
A_HP_04	59	Picture	response128	3507236	140	1	20231	1	0	20000	hit	270
A_HP_04	59	Response	4	3512320	5224	1
A_HP_04	59	Pulse	99	3525121	18025	1
A_HP_04	60	Picture	response127	3537697	201	1	20231	1	0	20000	hit	273
A_HP_04	60	Response	3	3543560	6064	1
A_HP_04	60	Pulse	99	3545121	7625	1
A_HP_04	60	Pulse	99	3565121	27625	1
A_HP_04	61	Picture	response122	3568157	261	1	20231	1	0	20000	hit	277
A_HP_04	61	Response	3	3575600	7704	1
A_HP_04	61	Pulse	99	3585121	17225	1
A_HP_04	62	Picture	response123	3598451	155	1	20230	1	0	20000	hit	280
A_HP_04	62	Response	4	3602770	4474	1
A_HP_04	62	Pulse	99	3605120	6824	1
A_HP_04	62	Pulse	99	3625121	26825	1
A_HP_04	63	Picture	ins20	3628911	214	1	30231	1	0	30000	other	0
A_HP_04	63	Pulse	99	3645121	16424	1
A_HP_04	63	Pulse	99	3665121	36424	1
A_HP_04	63	Pulse	99	3685121	56424	1
A_HP_04	63	Pulse	99	3705121	76424	1
A_HP_04	63	Pulse	99	3725121	96424	1
A_HP_04	63	Pulse	99	3745122	116424	1
A_HP_04	63	Pulse	99	3765121	136424	1
A_HP_04	63	Pulse	99	3785201	156504	1
A_HP_04	63	Pulse	99	3805122	176424	1
A_HP_04	63	Pulse	99	3825121	196424	1
A_HP_04	63	Pulse	99	3845202	216504	1
A_HP_04	63	Pulse	99	3865121	236424	1
A_HP_04	63	Pulse	99	3885121	256424	1
A_HP_04	63	Pulse	99	3905121	276424	1
A_HP_04	63	Pulse	99	3925121	296424	1
A_HP_04	64	Response	5	3945121	6191	1
A_HP_04	64	Pulse	99	3945121	6191	1
A_HP_04	65	Picture	response154	3945728	231	1	20231	1	0	20000	hit	302
A_HP_04	65	Response	3	3953190	7694	1
A_HP_04	65	Pulse	99	3965122	19625	1
A_HP_04	66	Picture	response158	3976189	292	1	20231	1	0	20000	hit	305
A_HP_04	66	Response	3	3982160	6264	1
A_HP_04	66	Pulse	99	3985121	9224	1
A_HP_04	66	Pulse	99	4005121	29225	1
A_HP_04	67	Picture	response156	4006482	186	1	20230	1	0	20000	hit	309
A_HP_04	67	Response	1	4016590	10294	1
A_HP_04	67	Pulse	99	4025121	18825	1
A_HP_04	68	Picture	response153	4036942	246	1	20230	1	0	20000	hit	312
A_HP_04	68	Response	2	4043690	6994	1
A_HP_04	68	Pulse	99	4045121	8425	1
A_HP_04	68	Pulse	99	4065121	28425	1
A_HP_04	69	Picture	response155	4067236	140	1	20230	1	0	20000	hit	316
A_HP_04	69	Response	4	4074400	7304	1
A_HP_04	69	Pulse	99	4085121	18025	1
A_HP_04	70	Picture	response159	4097697	201	1	20230	1	0	20000	hit	319
A_HP_04	70	Response	4	4102670	5174	1
A_HP_04	70	Pulse	99	4105121	7625	1
A_HP_04	70	Pulse	99	4125121	27625	1
A_HP_04	71	Picture	response157	4128157	261	1	20230	1	0	20000	hit	323
A_HP_04	71	Response	4	4134130	6234	1
A_HP_04	71	Pulse	99	4145121	17225	1
A_HP_04	72	Picture	response160	4158451	155	1	20230	1	0	20000	hit	327
A_HP_04	72	Pulse	99	4165121	6825	1
A_HP_04	72	Response	1	4173209	14913	1
A_HP_04	72	Pulse	99	4185122	26825	1
A_HP_04	73	Picture	ins24	4188911	214	1	30230	1	0	30000	other	0
A_HP_04	73	Pulse	99	4205122	16425	1
A_HP_04	73	Pulse	99	4225121	36425	1
A_HP_04	73	Pulse	99	4245122	56425	1
A_HP_04	73	Pulse	99	4265121	76425	1
A_HP_04	73	Pulse	99	4285121	96425	1
A_HP_04	73	Pulse	99	4305121	116425	1
A_HP_04	73	Pulse	99	4325121	136425	1
A_HP_04	73	Pulse	99	4345122	156425	1
A_HP_04	73	Pulse	99	4365121	176425	1
A_HP_04	73	Pulse	99	4385122	196425	1
A_HP_04	73	Pulse	99	4405122	216425	1
A_HP_04	73	Pulse	99	4425122	236425	1
A_HP_04	73	Pulse	99	4445122	256425	1
A_HP_04	73	Pulse	99	4465122	276425	1
A_HP_04	73	Pulse	99	4485122	296426	1
A_HP_04	74	Response	5	4505122	6193	1
A_HP_04	74	Pulse	99	4505122	6193	1
A_HP_04	75	Picture	response188	4505728	232	1	20230	1	0	20000	hit	348
A_HP_04	75	Response	4	4511830	6334	1
A_HP_04	75	Pulse	99	4525122	19625	1
A_HP_04	76	Picture	response187	4536189	292	1	20231	1	0	20000	hit	351
A_HP_04	76	Response	3	4542480	6583	1
A_HP_04	76	Pulse	99	4545121	9225	1
A_HP_04	76	Pulse	99	4565122	29225	1
A_HP_04	77	Picture	response189	4566482	186	1	20230	1	0	20000	hit	355
A_HP_04	77	Response	1	4576341	10044	1
A_HP_04	77	Pulse	99	4585121	18825	1
A_HP_04	78	Picture	response190	4596943	246	1	20230	1	0	20000	hit	359
A_HP_04	78	Pulse	99	4605122	8425	1
A_HP_04	78	Response	3	4605900	9204	1
A_HP_04	78	Pulse	99	4625122	28425	1
A_HP_04	79	Picture	response192	4627236	140	1	20231	1	0	20000	hit	362
A_HP_04	79	Response	3	4632341	5244	1
A_HP_04	79	Pulse	99	4645121	18025	1
A_HP_04	80	Picture	response191	4657697	201	1	20231	1	0	20000	hit	366
A_HP_04	80	Pulse	99	4665122	7626	1
A_HP_04	80	Response	2	4666630	9133	1
A_HP_04	80	Pulse	99	4685122	27626	1
A_HP_04	81	Picture	response186	4688158	162	1	20230	1	0	20000	hit	369
A_HP_04	81	Response	2	4691251	3254	1
A_HP_04	81	Pulse	99	4705122	17125	1
A_HP_04	82	Picture	response185	4718618	122	1	20230	1	0	20000	hit	373
A_HP_04	82	Pulse	99	4725122	6625	1
A_HP_04	82	Response	3	4727840	9343	1
A_HP_04	82	Pulse	99	4745122	26625	1
A_HP_04	83	Picture	ins10	4749079	82	1	30230	1	0	30000	other	0
A_HP_04	83	Pulse	99	4765122	16125	1
A_HP_04	83	Pulse	99	4785122	36125	1
A_HP_04	83	Pulse	99	4805122	56125	1
A_HP_04	83	Pulse	99	4825122	76125	1
A_HP_04	83	Pulse	99	4845122	96125	1
A_HP_04	83	Pulse	99	4865122	116125	1
A_HP_04	83	Pulse	99	4885122	136125	1
A_HP_04	83	Pulse	99	4905122	156125	1
A_HP_04	83	Pulse	99	4925122	176125	1
A_HP_04	83	Pulse	99	4945122	196125	1
A_HP_04	83	Pulse	99	4965122	216125	1
A_HP_04	83	Pulse	99	4985122	236125	1
A_HP_04	83	Pulse	99	5005122	256125	1
A_HP_04	83	Pulse	99	5025122	276125	1
A_HP_04	83	Pulse	99	5045122	296125	1
A_HP_04	84	Response	5	5065122	5892	1
A_HP_04	84	Pulse	99	5065122	5892	1
A_HP_04	85	Picture	response73	5065829	232	1	20231	1	0	20000	hit	394
A_HP_04	85	Response	3	5072320	6724	1
A_HP_04	85	Pulse	99	5085122	19525	1
A_HP_04	86	Picture	response76	5096291	195	1	20230	1	0	20000	hit	397
A_HP_04	86	Response	3	5104560	8464	1
A_HP_04	86	Pulse	99	5105121	9025	1
A_HP_04	86	Pulse	99	5125122	29026	1
A_HP_04	87	Picture	response79	5126751	155	1	20230	1	0	20000	hit	401
A_HP_04	87	Response	1	5133691	7094	1
A_HP_04	87	Pulse	99	5145122	18526	1
A_HP_04	88	Picture	response74	5157378	281	1	20230	1	0	20000	hit	404
A_HP_04	88	Response	3	5164851	7754	1
A_HP_04	88	Pulse	99	5165122	8025	1
A_HP_04	88	Pulse	99	5185122	28025	1
A_HP_04	89	Picture	response78	5187838	241	1	20230	1	0	20000	hit	408
A_HP_04	89	Response	3	5193661	6064	1
A_HP_04	89	Pulse	99	5205122	17525	1
A_HP_04	90	Picture	response80	5218298	201	1	20231	1	0	20000	hit	412
A_HP_04	90	Pulse	99	5225122	7025	1
A_HP_04	90	Response	1	5227640	9543	1
A_HP_04	90	Pulse	99	5245122	27025	1
A_HP_04	91	Picture	response75	5248759	163	1	20230	1	0	20000	hit	415
A_HP_04	91	Response	3	5255561	6964	1
A_HP_04	91	Pulse	99	5265122	16526	1
A_HP_04	92	Picture	response77	5279219	122	1	20230	1	0	20000	hit	419
A_HP_04	92	Pulse	99	5285122	6025	1
A_HP_04	92	Response	1	5287600	8503	1
A_HP_04	92	Pulse	99	5305122	26025	1
A_HP_04	93	Picture	ins18	5309846	250	1	30231	1	0	30000	other	0
A_HP_04	93	Pulse	99	5325122	15526	1
A_HP_04	93	Pulse	99	5345122	35526	1
A_HP_04	93	Pulse	99	5365122	55526	1
A_HP_04	93	Pulse	99	5385122	75526	1
A_HP_04	93	Pulse	99	5405122	95526	1
A_HP_04	93	Pulse	99	5425122	115526	1
A_HP_04	93	Pulse	99	5445122	135526	1
A_HP_04	93	Pulse	99	5465122	155526	1
A_HP_04	93	Pulse	99	5485122	175526	1
A_HP_04	93	Pulse	99	5505122	195526	1
A_HP_04	93	Pulse	99	5525122	215526	1
A_HP_04	93	Pulse	99	5545122	235526	1
A_HP_04	93	Pulse	99	5565122	255526	1
A_HP_04	93	Pulse	99	5585122	275525	1
A_HP_04	93	Pulse	99	5605122	295526	1
A_HP_04	94	Response	5	5625122	5293	1
A_HP_04	94	Pulse	99	5625122	5293	1
A_HP_04	95	Picture	response139	5625829	232	1	20230	1	0	20000	hit	440
A_HP_04	95	Response	2	5634680	9083	1
A_HP_04	95	Pulse	99	5645122	19525	1
A_HP_04	96	Picture	response141	5656291	194	1	20230	1	0	20000	hit	444
A_HP_04	96	Pulse	99	5665122	9026	1
A_HP_04	96	Response	1	5666180	10083	1
A_HP_04	96	Pulse	99	5685122	29026	1
A_HP_04	97	Picture	response143	5686751	154	1	20230	1	0	20000	hit	447
A_HP_04	97	Response	3	5698321	11724	1
A_HP_04	97	Pulse	99	5705122	18526	1
A_HP_04	98	Picture	response140	5717378	281	1	20230	1	0	20000	hit	451
A_HP_04	98	Pulse	99	5725123	8025	1
A_HP_04	98	Response	1	5726450	9353	1
A_HP_04	98	Pulse	99	5745122	28025	1
A_HP_04	99	Picture	response137	5747838	241	1	20230	1	0	20000	hit	454
A_HP_04	99	Response	4	5754651	7054	1
A_HP_04	99	Pulse	99	5765122	17525	1
A_HP_04	100	Picture	response144	5778298	201	1	20230	1	0	20000	hit	457
A_HP_04	100	Response	2	5783721	5624	1
A_HP_04	100	Pulse	99	5785122	7025	1
A_HP_04	100	Pulse	99	5805122	27025	1
A_HP_04	101	Picture	response142	5808760	163	1	20230	1	0	20000	hit	461
A_HP_04	101	Response	3	5823631	15034	1
A_HP_04	101	Pulse	99	5825122	16525	1
A_HP_04	102	Picture	response138	5839220	123	1	20230	1	0	20000	hit	465
A_HP_04	102	Pulse	99	5845122	6025	1
A_HP_04	102	Response	3	5845990	6893	1
A_HP_04	102	Pulse	99	5865122	26025	1
A_HP_04	103	Picture	ins8	5869847	250	1	30230	1	0	30000	other	0
A_HP_04	103	Pulse	99	5885122	15525	1
A_HP_04	103	Pulse	99	5905123	35526	1
A_HP_04	103	Pulse	99	5925122	55525	1
A_HP_04	103	Pulse	99	5945122	75525	1
A_HP_04	103	Pulse	99	5965123	95526	1
A_HP_04	103	Pulse	99	5985122	115525	1
A_HP_04	103	Pulse	99	6005122	135525	1
A_HP_04	103	Pulse	99	6025123	155526	1
A_HP_04	103	Pulse	99	6045122	175525	1
A_HP_04	103	Pulse	99	6065122	195525	1
A_HP_04	103	Pulse	99	6085122	215525	1
A_HP_04	103	Pulse	99	6105122	235525	1
A_HP_04	103	Pulse	99	6125122	255525	1
A_HP_04	103	Pulse	99	6145123	275526	1
A_HP_04	103	Pulse	99	6165122	295525	1
A_HP_04	104	Response	5	6185122	5292	1
A_HP_04	104	Pulse	99	6185122	5292	1
A_HP_04	105	Picture	response62	6185829	232	1	20230	1	0	20000	hit	486
A_HP_04	105	Response	4	6193511	7914	1
A_HP_04	105	Pulse	99	6205122	19525	1
A_HP_04	106	Picture	response59	6216290	193	1	20230	1	0	20000	hit	489
A_HP_04	106	Response	4	6219701	3604	1
A_HP_04	106	Pulse	99	6225122	9025	1
A_HP_04	106	Pulse	99	6245123	29025	1
A_HP_04	107	Picture	response61	6246750	153	1	20230	1	0	20000	hit	493
A_HP_04	107	Response	4	6249581	2984	1
A_HP_04	107	Pulse	99	6265122	18525	1
A_HP_04	108	Picture	response58	6277377	280	1	20230	1	0	20000	hit	496
A_HP_04	108	Response	4	6283701	6604	1
A_HP_04	108	Pulse	99	6285122	8025	1
A_HP_04	108	Pulse	99	6305122	28025	1
A_HP_04	109	Picture	response64	6307837	240	1	20231	1	0	20000	hit	500
A_HP_04	109	Response	4	6314851	7254	1
A_HP_04	109	Pulse	99	6325122	17525	1
A_HP_04	110	Picture	response57	6338298	201	1	20230	1	0	20000	hit	503
A_HP_04	110	Response	4	6343041	4944	1
A_HP_04	110	Pulse	99	6345122	7024	1
A_HP_04	110	Pulse	99	6365123	27025	1
A_HP_04	111	Picture	response63	6368758	161	1	20230	1	0	20000	hit	507
A_HP_04	111	Response	4	6372482	3885	1
A_HP_04	111	Pulse	99	6385122	16525	1
A_HP_04	112	Picture	response60	6399219	121	1	20230	1	0	20000	hit	510
A_HP_04	112	Response	4	6404001	4903	1
A_HP_04	112	Pulse	99	6405122	6024	1
A_HP_04	112	Pulse	99	6425122	26024	1
A_HP_04	113	Picture	ins14	6429846	249	1	30230	1	0	30000	other	0
A_HP_04	113	Pulse	99	6445123	15526	1
A_HP_04	113	Pulse	99	6465123	35526	1
A_HP_04	113	Pulse	99	6485123	55525	1
A_HP_04	113	Pulse	99	6505123	75526	1
A_HP_04	113	Pulse	99	6525123	95526	1
A_HP_04	113	Pulse	99	6545123	115526	1
A_HP_04	113	Pulse	99	6565123	135526	1
A_HP_04	113	Pulse	99	6585123	155526	1
A_HP_04	113	Pulse	99	6605123	175526	1
A_HP_04	113	Pulse	99	6625123	195526	1
A_HP_04	113	Pulse	99	6645122	215525	1
A_HP_04	113	Pulse	99	6665122	235525	1
A_HP_04	113	Pulse	99	6685123	255526	1
A_HP_04	113	Pulse	99	6705123	275526	1
A_HP_04	113	Pulse	99	6725123	295526	1
A_HP_04	114	Response	5	6745123	5293	1
A_HP_04	114	Pulse	99	6745123	5293	1
A_HP_04	115	Picture	response111	6745829	232	1	20230	1	0	20000	hit	532
A_HP_04	115	Response	4	6754291	8694	1
A_HP_04	115	Pulse	99	6765123	19525	1
A_HP_04	116	Picture	response109	6776289	192	1	20231	1	0	20000	hit	535
A_HP_04	116	Response	2	6781752	5654	1
A_HP_04	116	Pulse	99	6785122	9025	1
A_HP_04	116	Pulse	99	6805123	29025	1
A_HP_04	117	Picture	response110	6806750	152	1	20231	1	0	20000	hit	539
A_HP_04	117	Response	2	6814201	7604	1
A_HP_04	117	Pulse	99	6825123	18525	1
A_HP_04	118	Picture	response106	6837377	280	1	20231	1	0	20000	hit	542
A_HP_04	118	Response	4	6842202	5104	1
A_HP_04	118	Pulse	99	6845122	8025	1
A_HP_04	118	Pulse	99	6865123	28025	1
A_HP_04	119	Picture	response107	6867837	240	1	20231	1	0	20000	hit	546
A_HP_04	119	Response	2	6873561	5964	1
A_HP_04	119	Pulse	99	6885123	17525	1
A_HP_04	120	Picture	response112	6898298	200	1	20230	1	0	20000	hit	549
A_HP_04	120	Response	4	6904311	6214	1
A_HP_04	120	Pulse	99	6905122	7025	1
A_HP_04	120	Pulse	99	6925123	27025	1
A_HP_04	121	Picture	response108	6928758	161	1	20230	1	0	20000	hit	553
A_HP_04	121	Response	2	6937022	8424	1
A_HP_04	121	Pulse	99	6945122	16525	1
A_HP_04	122	Picture	response105	6959219	121	1	20230	1	0	20000	hit	557
A_HP_04	122	Pulse	99	6965123	6025	1
A_HP_04	122	Response	2	6966391	7293	1
A_HP_04	122	Pulse	99	6985123	26025	1
A_HP_04	123	Picture	thanks	6989346	0	1	10230	1	0	10000	other	0
A_HP_04	123	Pulse	99	7005123	15777	1


Event Type	Code	Type	Response	RT	RT Uncertainty	Time	Uncertainty	Duration	Uncertainty	ReqTime	ReqDur

Picture	ready	other				205356	1	10231	1	0	10000
Picture	ins22	other				265933	1	30304	1	0	30000
Picture	response170	hit	4	5652	2	585826	1	20230	1	0	20000
Picture	response171	hit	3	6379	2	616120	1	20231	1	0	20000
Picture	response175	hit	3	7866	2	646583	1	20231	1	0	20000
Picture	response169	hit	2	6974	2	677044	1	20231	1	0	20000
Picture	response176	hit	4	6924	2	707505	1	20231	1	0	20000
Picture	response172	hit	4	6109	2	737799	1	20231	1	0	20000
Picture	response174	hit	1	6085	2	768093	1	20230	1	0	20000
Picture	response173	hit	1	5466	2	798553	1	20231	1	0	20000
Picture	ins6	other				829014	1	30231	1	0	30000
Picture	response44	hit	3	4372	2	1145726	1	20231	1	0	20000
Picture	response45	hit	3	5431	2	1176188	1	20232	1	0	20000
Picture	response46	hit	3	4606	2	1206483	1	20397	1	0	20000
Picture	response42	hit	3	4754	2	1236945	1	20232	1	0	20000
Picture	response41	hit	3	4989	2	1267240	1	20231	1	0	20000
Picture	response48	hit	3	5018	2	1297701	1	20232	1	0	20000
Picture	response43	hit	3	4726	2	1328162	1	20230	1	0	20000
Picture	response47	hit	3	4742	2	1358457	1	20230	1	0	20000
Picture	ins4	other				1388917	1	30230	1	0	30000
Picture	response27	hit	2	5532	2	1705728	1	20231	1	0	20000
Picture	response31	hit	2	3290	2	1736189	1	20231	1	0	20000
Picture	response30	hit	2	4526	2	1766483	1	20397	1	0	20000
Picture	response29	hit	2	3625	2	1796944	1	20231	1	0	20000
Picture	response32	hit	2	5720	2	1827239	1	20230	1	0	20000
Picture	response26	hit	2	4700	2	1857700	1	20230	1	0	20000
Picture	response25	hit	2	5849	2	1888160	1	20231	1	0	20000
Picture	response28	hit	2	5315	2	1918454	1	20231	1	0	20000
Picture	ins12	other				1948915	1	30231	1	0	30000
Picture	response92	hit	1	8261	2	2265728	1	20232	1	0	20000
Picture	response93	hit	1	5339	2	2296191	1	20232	1	0	20000
Picture	response91	hit	4	5803	2	2326487	1	20232	1	0	20000
Picture	response89	incorrect	1	5689	2	2356950	1	20231	1	0	20000
Picture	response94	hit	4	6813	2	2387247	1	20231	1	0	20000
Picture	response90	hit	1	8770	2	2417709	1	20231	1	0	20000
Picture	response96	hit	1	5158	2	2448172	1	20232	1	0	20000
Picture	response95	hit	4	7921	2	2478468	1	20232	1	0	20000
Picture	ins2	other				2508931	1	30230	1	0	30000
Picture	response13	hit	1	5951	2	2825729	1	20230	1	0	20000
Picture	response10	hit	1	6301	2	2856189	1	20231	1	0	20000
Picture	response9	hit	1	7617	2	2886483	1	20397	1	0	20000
Picture	response15	hit	1	7016	2	2916944	1	20230	1	0	20000
Picture	response14	hit	1	5022	2	2947237	1	20231	1	0	20000
Picture	response11	hit	1	5479	2	2977700	1	20233	1	0	20000
Picture	response12	hit	1	3397	2	3008163	1	20230	1	0	20000
Picture	response16	hit	1	7392	2	3038457	1	20230	1	0	20000
Picture	ins16	other				3068917	1	30222	1	0	30000
Picture	response126	hit	3	12732	2	3385727	1	20230	1	0	20000
Picture	response125	hit	4	17842	2	3416188	1	20230	1	0	20000
Picture	response121	hit	4	8088	2	3446482	1	20231	1	0	20000
Picture	response124	hit	4	6408	2	3476942	1	20230	1	0	20000
Picture	response128	hit	4	5084	2	3507236	1	20231	1	0	20000
Picture	response127	hit	3	5863	2	3537697	1	20231	1	0	20000
Picture	response122	hit	3	7443	2	3568157	1	20231	1	0	20000
Picture	response123	hit	4	4319	2	3598451	1	20230	1	0	20000
Picture	ins20	other				3628911	1	30231	1	0	30000
Picture	response154	hit	3	7462	2	3945728	1	20231	1	0	20000
Picture	response158	hit	3	5971	2	3976189	1	20231	1	0	20000
Picture	response156	hit	1	10108	2	4006482	1	20230	1	0	20000
Picture	response153	hit	2	6748	2	4036942	1	20230	1	0	20000
Picture	response155	hit	4	7164	2	4067236	1	20230	1	0	20000
Picture	response159	hit	4	4973	2	4097697	1	20230	1	0	20000
Picture	response157	hit	4	5973	2	4128157	1	20230	1	0	20000
Picture	response160	hit	1	14759	2	4158451	1	20230	1	0	20000
Picture	ins24	other				4188911	1	30230	1	0	30000
Picture	response188	hit	4	6102	2	4505728	1	20230	1	0	20000
Picture	response187	hit	3	6291	2	4536189	1	20231	1	0	20000
Picture	response189	hit	1	9858	2	4566482	1	20230	1	0	20000
Picture	response190	hit	3	8958	2	4596943	1	20230	1	0	20000
Picture	response192	hit	3	5104	2	4627236	1	20231	1	0	20000
Picture	response191	hit	2	8932	2	4657697	1	20231	1	0	20000
Picture	response186	hit	2	3092	2	4688158	1	20230	1	0	20000
Picture	response185	hit	3	9221	2	4718618	1	20230	1	0	20000
Picture	ins10	other				4749079	1	30230	1	0	30000
Picture	response73	hit	3	6492	2	5065829	1	20231	1	0	20000
Picture	response76	hit	3	8269	2	5096291	1	20230	1	0	20000
Picture	response79	hit	1	6939	2	5126751	1	20230	1	0	20000
Picture	response74	hit	3	7473	2	5157378	1	20230	1	0	20000
Picture	response78	hit	3	5823	2	5187838	1	20230	1	0	20000
Picture	response80	hit	1	9341	2	5218298	1	20231	1	0	20000
Picture	response75	hit	3	6802	2	5248759	1	20230	1	0	20000
Picture	response77	hit	1	8381	2	5279219	1	20230	1	0	20000
Picture	ins18	other				5309846	1	30231	1	0	30000
Picture	response139	hit	2	8851	2	5625829	1	20230	1	0	20000
Picture	response141	hit	1	9889	2	5656291	1	20230	1	0	20000
Picture	response143	hit	3	11570	2	5686751	1	20230	1	0	20000
Picture	response140	hit	1	9072	2	5717378	1	20230	1	0	20000
Picture	response137	hit	4	6813	2	5747838	1	20230	1	0	20000
Picture	response144	hit	2	5423	2	5778298	1	20230	1	0	20000
Picture	response142	hit	3	14871	2	5808760	1	20230	1	0	20000
Picture	response138	hit	3	6770	2	5839220	1	20230	1	0	20000
Picture	ins8	other				5869847	1	30230	1	0	30000
Picture	response62	hit	4	7682	2	6185829	1	20230	1	0	20000
Picture	response59	hit	4	3412	2	6216290	1	20230	1	0	20000
Picture	response61	hit	4	2831	2	6246750	1	20230	1	0	20000
Picture	response58	hit	4	6324	2	6277377	1	20230	1	0	20000
Picture	response64	hit	4	7014	2	6307837	1	20231	1	0	20000
Picture	response57	hit	4	4743	2	6338298	1	20230	1	0	20000
Picture	response63	hit	4	3724	2	6368758	1	20230	1	0	20000
Picture	response60	hit	4	4782	2	6399219	1	20230	1	0	20000
Picture	ins14	other				6429846	1	30230	1	0	30000
Picture	response111	hit	4	8462	2	6745829	1	20230	1	0	20000
Picture	response109	hit	2	5462	2	6776289	1	20231	1	0	20000
Picture	response110	hit	2	7452	2	6806750	1	20231	1	0	20000
Picture	response106	hit	4	4825	2	6837377	1	20231	1	0	20000
Picture	response107	hit	2	5724	2	6867837	1	20231	1	0	20000
Picture	response112	hit	4	6013	2	6898298	1	20230	1	0	20000
Picture	response108	hit	2	8263	2	6928758	1	20230	1	0	20000
Picture	response105	hit	2	7172	2	6959219	1	20230	1	0	20000
Picture	thanks	other				6989346	1	10230	1	0	10000


{
   "app": "Presentation Version 21.0 Build 06.06.19",
   "device": "LENOVO 20KHCTO1WW",
   "experiment": "{C0C68DB1-10BA-42F2-8F79-3F2AFFEED4E4}",
   "os": "Windows 10 64 bit",
   "package": "",
   "parameters": {
      "configuration": "Default configuration"
   },
   "scenario": "Response experiment(2).sce",
   "subject": "A_HP_04",
   "timestamp": "2019/07/19 05:28:09 GMT"
}
