Scenario - 
Logfile written - 12/19/2019 15:59:45

Subject	Trial	Event Type	Code	Time	TTime	Uncertainty	Duration	Uncertainty	ReqTime	ReqDur	Stim Type	Pair Index

A_HP_42	1	Response	5	270275	269343	1
A_HP_42	1	Pulse	99	270275	269343	1
A_HP_42	2	Picture	ready	270311	0	1	10162	1	0	10000	other	0
A_HP_42	2	Pulse	99	290275	19964	1
A_HP_42	2	Pulse	99	310195	39884	1
A_HP_42	2	Pulse	99	330276	59965	1
A_HP_42	3	Picture	ins6	330783	94	1	30153	1	0	30000	other	0
A_HP_42	3	Pulse	99	350274	19585	1
A_HP_42	3	Pulse	99	370195	39506	1
A_HP_42	3	Pulse	99	390274	59585	1
A_HP_42	3	Pulse	99	410275	79586	1
A_HP_42	3	Pulse	99	430195	99506	1
A_HP_42	3	Pulse	99	450195	119505	1
A_HP_42	3	Pulse	99	470275	139586	1
A_HP_42	3	Pulse	99	490195	159506	1
A_HP_42	3	Pulse	99	510195	179506	1
A_HP_42	3	Pulse	99	530275	199586	1
A_HP_42	3	Pulse	99	550195	219506	1
A_HP_42	3	Pulse	99	570195	239506	1
A_HP_42	3	Pulse	99	590275	259586	1
A_HP_42	3	Pulse	99	610195	279506	1
A_HP_42	3	Pulse	99	630195	299506	1
A_HP_42	4	Response	5	650275	9465	1
A_HP_42	4	Pulse	99	650275	9465	1
A_HP_42	5	Picture	response45	650805	116	1	20157	1	0	20000	hit	26
A_HP_42	5	Response	3	655444	4754	1
A_HP_42	5	Pulse	99	670195	19506	1
A_HP_42	6	Picture	response41	681125	35	1	20158	1	0	20000	hit	29
A_HP_42	6	Response	3	684113	3024	1
A_HP_42	6	Pulse	99	690195	9105	1
A_HP_42	6	Pulse	99	710275	29186	1
A_HP_42	7	Picture	response48	711611	122	1	20158	1	0	20000	hit	33
A_HP_42	7	Response	3	714584	3094	1
A_HP_42	7	Pulse	99	730195	18706	1
A_HP_42	8	Picture	response43	741931	41	1	20157	1	0	20000	hit	36
A_HP_42	8	Response	3	745364	3474	1
A_HP_42	8	Pulse	99	750195	8306	1
A_HP_42	8	Pulse	99	770275	28386	1
A_HP_42	9	Picture	response42	772417	127	1	20158	1	0	20000	hit	40
A_HP_42	9	Response	3	777494	5204	1
A_HP_42	9	Pulse	99	790195	17906	1
A_HP_42	10	Picture	response44	802736	47	1	20157	1	0	20000	hit	44
A_HP_42	10	Pulse	99	810195	7506	1
A_HP_42	10	Response	3	810793	8103	1
A_HP_42	10	Pulse	99	830275	27585	1
A_HP_42	11	Picture	response47	833223	133	1	20158	1	0	20000	hit	47
A_HP_42	11	Response	3	840664	7574	1
A_HP_42	11	Pulse	99	850195	17106	1
A_HP_42	12	Picture	response46	863542	53	1	20158	1	0	20000	hit	51
A_HP_42	12	Pulse	99	870195	6706	1
A_HP_42	12	Response	3	875904	12414	1
A_HP_42	12	Pulse	99	890275	26786	1
A_HP_42	13	Picture	ins12	894028	139	1	30153	1	0	30000	other	0
A_HP_42	13	Pulse	99	910275	16386	1
A_HP_42	13	Pulse	99	930195	36305	1
A_HP_42	13	Pulse	99	950195	56306	1
A_HP_42	13	Pulse	99	970275	76386	1
A_HP_42	13	Pulse	99	990195	96305	1
A_HP_42	13	Pulse	99	1010195	116306	1
A_HP_42	13	Pulse	99	1030275	136385	1
A_HP_42	13	Pulse	99	1050196	156306	1
A_HP_42	13	Pulse	99	1070195	176305	1
A_HP_42	13	Pulse	99	1090275	196385	1
A_HP_42	13	Pulse	99	1110195	216306	1
A_HP_42	13	Pulse	99	1130195	236306	1
A_HP_42	13	Pulse	99	1150275	256386	1
A_HP_42	13	Pulse	99	1170195	276306	1
A_HP_42	13	Pulse	99	1190195	296306	1
A_HP_42	14	Response	5	1210275	6220	1
A_HP_42	14	Pulse	99	1210275	6220	1
A_HP_42	15	Picture	response92	1210718	29	1	20158	1	0	20000	hit	72
A_HP_42	15	Response	1	1217154	6464	1
A_HP_42	15	Pulse	99	1230195	19506	1
A_HP_42	16	Picture	response90	1241205	115	1	20158	1	0	20000	hit	75
A_HP_42	16	Response	1	1246844	5754	1
A_HP_42	16	Pulse	99	1250195	9105	1
A_HP_42	16	Pulse	99	1270275	29186	1
A_HP_42	17	Picture	response96	1271524	35	1	20158	1	0	20000	hit	79
A_HP_42	17	Response	1	1277764	6274	1
A_HP_42	17	Pulse	99	1290195	18706	1
A_HP_42	18	Picture	response95	1302010	121	1	20158	1	0	20000	hit	83
A_HP_42	18	Pulse	99	1310195	8305	1
A_HP_42	18	Response	4	1311513	9624	1
A_HP_42	18	Pulse	99	1330275	28385	1
A_HP_42	19	Picture	response89	1332330	40	1	20157	1	0	20000	incorrect	86
A_HP_42	19	Response	1	1339524	7234	1
A_HP_42	19	Pulse	99	1350195	17906	1
A_HP_42	20	Picture	response94	1362816	127	1	20158	1	0	20000	hit	90
A_HP_42	20	Pulse	99	1370195	7506	1
A_HP_42	20	Response	4	1375144	12454	1
A_HP_42	20	Pulse	99	1390275	27585	1
A_HP_42	21	Picture	response93	1393136	46	1	20157	1	0	20000	hit	93
A_HP_42	21	Response	1	1405165	12075	1
A_HP_42	21	Pulse	99	1410195	17105	1
A_HP_42	22	Picture	response91	1423622	132	1	20158	1	0	20000	hit	97
A_HP_42	22	Pulse	99	1430195	6705	1
A_HP_42	22	Response	4	1433594	10104	1
A_HP_42	22	Pulse	99	1450195	26706	1
A_HP_42	23	Picture	ins18	1453942	52	1	30153	1	0	30000	other	0
A_HP_42	23	Pulse	99	1470195	16306	1
A_HP_42	23	Pulse	99	1490195	36306	1
A_HP_42	23	Pulse	99	1510195	56306	1
A_HP_42	23	Pulse	99	1530196	76307	1
A_HP_42	23	Pulse	99	1550195	96306	1
A_HP_42	23	Pulse	99	1570195	116305	1
A_HP_42	23	Pulse	99	1590195	136305	1
A_HP_42	23	Pulse	99	1610195	156306	1
A_HP_42	23	Pulse	99	1630195	176305	1
A_HP_42	23	Pulse	99	1650196	196306	1
A_HP_42	23	Pulse	99	1670196	216306	1
A_HP_42	23	Pulse	99	1690196	236306	1
A_HP_42	23	Pulse	99	1710196	256306	1
A_HP_42	23	Pulse	99	1730195	276306	1
A_HP_42	23	Pulse	99	1750196	296306	1
A_HP_42	24	Response	5	1770196	6227	1
A_HP_42	24	Pulse	99	1770196	6227	1
A_HP_42	25	Picture	response141	1770632	42	1	20157	1	0	20000	hit	118
A_HP_42	25	Response	1	1780544	9954	1
A_HP_42	25	Pulse	99	1790195	19606	1
A_HP_42	26	Picture	response137	1801118	128	1	20158	1	0	20000	hit	122
A_HP_42	26	Pulse	99	1810196	9206	1
A_HP_42	26	Response	4	1813624	12635	1
A_HP_42	26	Pulse	99	1830196	29206	1
A_HP_42	27	Picture	response139	1831437	47	1	20158	1	0	20000	hit	125
A_HP_42	27	Response	2	1844424	13034	1
A_HP_42	27	Pulse	99	1850195	18805	1
A_HP_42	28	Picture	response143	1861924	134	1	20158	1	0	20000	hit	128
A_HP_42	28	Response	3	1868885	7095	1
A_HP_42	28	Pulse	99	1870195	8406	1
A_HP_42	28	Pulse	99	1890195	28406	1
A_HP_42	29	Picture	response144	1892243	53	1	20158	1	0	20000	hit	132
A_HP_42	29	Response	2	1904734	12544	1
A_HP_42	29	Pulse	99	1910196	18005	1
A_HP_42	30	Picture	response140	1922730	140	1	20158	1	0	20000	hit	136
A_HP_42	30	Pulse	99	1930195	7605	1
A_HP_42	30	Response	1	1933944	11354	1
A_HP_42	30	Pulse	99	1950276	27686	1
A_HP_42	31	Picture	response142	1953049	59	1	20158	1	0	20000	hit	139
A_HP_42	31	Response	3	1962784	9794	1
A_HP_42	31	Pulse	99	1970195	17205	1
A_HP_42	32	Picture	response138	1983535	145	1	20158	1	0	20000	miss	0
A_HP_42	32	Pulse	99	1990196	6806	1
A_HP_42	32	Pulse	99	2010196	26806	1
A_HP_42	33	Picture	ins22	2013855	65	1	30153	1	0	30000	other	0
A_HP_42	33	Pulse	99	2030196	16405	1
A_HP_42	33	Pulse	99	2050196	36406	1
A_HP_42	33	Pulse	99	2070196	56406	1
A_HP_42	33	Pulse	99	2090196	76405	1
A_HP_42	33	Pulse	99	2110196	96406	1
A_HP_42	33	Pulse	99	2130197	116407	1
A_HP_42	33	Pulse	99	2150196	136406	1
A_HP_42	33	Pulse	99	2170196	156406	1
A_HP_42	33	Pulse	99	2190196	176406	1
A_HP_42	33	Pulse	99	2210196	196406	1
A_HP_42	33	Pulse	99	2230196	216406	1
A_HP_42	33	Pulse	99	2250196	236406	1
A_HP_42	33	Pulse	99	2270196	256406	1
A_HP_42	33	Pulse	99	2290196	276406	1
A_HP_42	33	Pulse	99	2310196	296406	1
A_HP_42	34	Response	5	2330196	6315	1
A_HP_42	34	Pulse	99	2330196	6315	1
A_HP_42	35	Picture	response172	2330712	121	1	20158	1	0	20000	hit	163
A_HP_42	35	Response	4	2337645	7055	1
A_HP_42	35	Pulse	99	2350196	19606	1
A_HP_42	36	Picture	response175	2361031	41	1	20158	1	0	20000	incorrect	167
A_HP_42	36	Pulse	99	2370196	9206	1
A_HP_42	36	Response	2	2379945	18954	1
A_HP_42	36	Pulse	99	2390196	29206	1
A_HP_42	37	Picture	response171	2391518	127	1	20158	1	0	20000	incorrect	170
A_HP_42	37	Response	2	2398845	7454	1
A_HP_42	37	Pulse	99	2410197	18806	1
A_HP_42	38	Picture	response170	2421837	47	1	20158	1	0	20000	hit	173
A_HP_42	38	Response	4	2429395	7604	1
A_HP_42	38	Pulse	99	2430196	8406	1
A_HP_42	38	Pulse	99	2450196	28406	1
A_HP_42	39	Picture	response176	2452323	133	1	20158	1	0	20000	hit	177
A_HP_42	39	Response	4	2465405	13214	1
A_HP_42	39	Pulse	99	2470196	18005	1
A_HP_42	40	Picture	response173	2482643	52	1	20158	1	0	20000	hit	180
A_HP_42	40	Response	1	2489235	6644	1
A_HP_42	40	Pulse	99	2490196	7605	1
A_HP_42	40	Pulse	99	2510196	27605	1
A_HP_42	41	Picture	response169	2513129	139	1	20158	1	0	20000	hit	184
A_HP_42	41	Response	2	2528255	15264	1
A_HP_42	41	Pulse	99	2530196	17205	1
A_HP_42	42	Picture	response174	2543449	58	1	20158	1	0	20000	hit	188
A_HP_42	42	Pulse	99	2550196	6805	1
A_HP_42	42	Response	1	2555915	12525	1
A_HP_42	42	Pulse	99	2570196	26806	1
A_HP_42	43	Picture	ins4	2573935	145	1	30153	1	0	30000	other	0
A_HP_42	43	Pulse	99	2590196	16406	1
A_HP_42	43	Pulse	99	2610196	36406	1
A_HP_42	43	Pulse	99	2630196	56406	1
A_HP_42	43	Pulse	99	2650196	76406	1
A_HP_42	43	Pulse	99	2670196	96406	1
A_HP_42	43	Pulse	99	2690196	116406	1
A_HP_42	43	Pulse	99	2710196	136406	1
A_HP_42	43	Pulse	99	2730196	156406	1
A_HP_42	43	Pulse	99	2750197	176407	1
A_HP_42	43	Pulse	99	2770197	196406	1
A_HP_42	43	Pulse	99	2790196	216406	1
A_HP_42	43	Pulse	99	2810197	236406	1
A_HP_42	43	Pulse	99	2830196	256406	1
A_HP_42	43	Pulse	99	2850196	276406	1
A_HP_42	43	Pulse	99	2870196	296406	1
A_HP_42	44	Response	5	2890196	6235	1
A_HP_42	44	Pulse	99	2890196	6235	1
A_HP_42	45	Picture	response27	2890625	34	1	20157	1	0	20000	hit	209
A_HP_42	45	Response	2	2902255	11664	1
A_HP_42	45	Pulse	99	2910196	19606	1
A_HP_42	46	Picture	response30	2921111	121	1	20157	1	0	20000	hit	212
A_HP_42	46	Response	2	2927805	6814	1
A_HP_42	46	Pulse	99	2930196	9205	1
A_HP_42	46	Pulse	99	2950196	29205	1
A_HP_42	47	Picture	response25	2951431	40	1	20158	1	0	20000	hit	216
A_HP_42	47	Response	2	2961585	10194	1
A_HP_42	47	Pulse	99	2970196	18805	1
A_HP_42	48	Picture	response26	2981917	126	1	20158	1	0	20000	hit	219
A_HP_42	48	Response	2	2987155	5364	1
A_HP_42	48	Pulse	99	2990196	8405	1
A_HP_42	48	Pulse	99	3010196	28405	1
A_HP_42	49	Picture	response29	3012237	46	1	20158	1	0	20000	hit	223
A_HP_42	49	Response	2	3027725	15534	1
A_HP_42	49	Pulse	99	3030196	18005	1
A_HP_42	50	Picture	response32	3042723	132	1	20158	1	0	20000	hit	227
A_HP_42	50	Pulse	99	3050196	7606	1
A_HP_42	50	Response	2	3052025	9434	1
A_HP_42	50	Pulse	99	3070196	27605	1
A_HP_42	51	Picture	response31	3073043	52	1	20158	1	0	20000	hit	230
A_HP_42	51	Response	2	3080766	7775	1
A_HP_42	51	Pulse	99	3090196	17206	1
A_HP_42	52	Picture	response28	3103529	138	1	20158	1	0	20000	hit	234
A_HP_42	52	Pulse	99	3110196	6806	1
A_HP_42	52	Response	2	3111805	8414	1
A_HP_42	52	Pulse	99	3130196	26805	1
A_HP_42	53	Picture	ins10	3133848	58	1	30153	1	0	30000	other	0
A_HP_42	53	Pulse	99	3150196	16405	1
A_HP_42	53	Pulse	99	3170196	36405	1
A_HP_42	53	Pulse	99	3190196	56405	1
A_HP_42	53	Pulse	99	3210196	76406	1
A_HP_42	53	Pulse	99	3230196	96405	1
A_HP_42	53	Pulse	99	3250196	116405	1
A_HP_42	53	Pulse	99	3270196	136406	1
A_HP_42	53	Pulse	99	3290196	156405	1
A_HP_42	53	Pulse	99	3310196	176406	1
A_HP_42	53	Pulse	99	3330197	196406	1
A_HP_42	53	Pulse	99	3350196	216406	1
A_HP_42	53	Pulse	99	3370196	236406	1
A_HP_42	53	Pulse	99	3390197	256406	1
A_HP_42	53	Pulse	99	3410197	276406	1
A_HP_42	53	Pulse	99	3430197	296406	1
A_HP_42	54	Response	5	3450197	6322	1
A_HP_42	54	Pulse	99	3450197	6322	1
A_HP_42	55	Picture	response78	3450705	114	1	20158	1	0	20000	hit	255
A_HP_42	55	Response	3	3456475	5885	1
A_HP_42	55	Pulse	99	3470197	19606	1
A_HP_42	56	Picture	response77	3481025	34	1	20158	1	0	20000	hit	259
A_HP_42	56	Pulse	99	3490197	9206	1
A_HP_42	56	Response	1	3491045	10054	1
A_HP_42	56	Pulse	99	3510199	29208	1
A_HP_42	57	Picture	response75	3511511	120	1	20158	1	0	20000	hit	262
A_HP_42	57	Response	3	3517265	5874	1
A_HP_42	57	Pulse	99	3530197	18806	1
A_HP_42	58	Picture	response80	3541831	40	1	20157	1	0	20000	hit	266
A_HP_42	58	Pulse	99	3550197	8406	1
A_HP_42	58	Response	1	3550385	8594	1
A_HP_42	58	Pulse	99	3570197	28406	1
A_HP_42	59	Picture	response73	3572317	126	1	20158	1	0	20000	hit	269
A_HP_42	59	Response	3	3579125	6934	1
A_HP_42	59	Pulse	99	3590197	18006	1
A_HP_42	60	Picture	response79	3602636	45	1	20157	1	0	20000	hit	273
A_HP_42	60	Pulse	99	3610196	7605	1
A_HP_42	60	Response	1	3610714	8123	1
A_HP_42	60	Pulse	99	3630196	27605	1
A_HP_42	61	Picture	response74	3633123	132	1	20157	1	0	20000	hit	277
A_HP_42	61	Pulse	99	3650197	17206	1
A_HP_42	61	Response	3	3650734	17743	1
A_HP_42	62	Picture	response76	3663442	51	1	20158	1	0	20000	hit	279
A_HP_42	62	Response	3	3669055	5664	1
A_HP_42	62	Pulse	99	3670196	6805	1
A_HP_42	62	Pulse	99	3690197	26806	1
A_HP_42	63	Picture	ins16	3693928	137	1	30153	1	0	30000	other	0
A_HP_42	63	Pulse	99	3710196	16405	1
A_HP_42	63	Pulse	99	3730196	36405	1
A_HP_42	63	Pulse	99	3750197	56406	1
A_HP_42	63	Pulse	99	3770197	76406	1
A_HP_42	63	Pulse	99	3790197	96406	1
A_HP_42	63	Pulse	99	3810197	116406	1
A_HP_42	63	Pulse	99	3830197	136406	1
A_HP_42	63	Pulse	99	3850197	156406	1
A_HP_42	63	Pulse	99	3870196	176405	1
A_HP_42	63	Pulse	99	3890196	196405	1
A_HP_42	63	Pulse	99	3910197	216406	1
A_HP_42	63	Pulse	99	3930197	236406	1
A_HP_42	63	Pulse	99	3950197	256406	1
A_HP_42	63	Pulse	99	3970197	276406	1
A_HP_42	63	Pulse	99	3990197	296406	1
A_HP_42	64	Response	5	4010197	6242	1
A_HP_42	64	Pulse	99	4010197	6242	1
A_HP_42	65	Picture	response123	4010618	27	1	20158	1	0	20000	incorrect	301
A_HP_42	65	Response	3	4018056	7464	1
A_HP_42	65	Pulse	99	4030197	19606	1
A_HP_42	66	Picture	response121	4041105	113	1	20158	1	0	20000	hit	305
A_HP_42	66	Pulse	99	4050197	9206	1
A_HP_42	66	Response	4	4056875	15884	1
A_HP_42	66	Pulse	99	4070197	29206	1
A_HP_42	67	Picture	response122	4071424	33	1	20158	1	0	20000	hit	308
A_HP_42	67	Response	3	4080246	8854	1
A_HP_42	67	Pulse	99	4090197	18806	1
A_HP_42	68	Picture	response126	4101910	119	1	20158	1	0	20000	hit	311
A_HP_42	68	Response	3	4109856	8064	1
A_HP_42	68	Pulse	99	4110196	8405	1
A_HP_42	68	Pulse	99	4130197	28406	1
A_HP_42	69	Picture	response124	4132230	39	1	20158	1	0	20000	hit	315
A_HP_42	69	Response	4	4138815	6624	1
A_HP_42	69	Pulse	99	4150197	18005	1
A_HP_42	70	Picture	response127	4162716	125	1	20158	1	0	20000	hit	319
A_HP_42	70	Pulse	99	4170196	7605	1
A_HP_42	70	Response	3	4176385	13794	1
A_HP_42	70	Pulse	99	4190197	27605	1
A_HP_42	71	Picture	response125	4193036	45	1	20158	1	0	20000	hit	322
A_HP_42	71	Response	4	4204226	11234	1
A_HP_42	71	Pulse	99	4210197	17205	1
A_HP_42	72	Picture	response128	4223522	131	1	20158	1	0	20000	hit	326
A_HP_42	72	Pulse	99	4230197	6806	1
A_HP_42	72	Response	4	4234036	10644	1
A_HP_42	72	Pulse	99	4250197	26806	1
A_HP_42	73	Picture	ins2	4253842	50	1	30153	1	0	30000	other	0
A_HP_42	73	Pulse	99	4270197	16405	1
A_HP_42	73	Pulse	99	4290197	36406	1
A_HP_42	73	Pulse	99	4310197	56406	1
A_HP_42	73	Pulse	99	4330197	76406	1
A_HP_42	73	Pulse	99	4350197	96406	1
A_HP_42	73	Pulse	99	4370197	116405	1
A_HP_42	73	Pulse	99	4390197	136406	1
A_HP_42	73	Pulse	99	4410197	156406	1
A_HP_42	73	Pulse	99	4430197	176405	1
A_HP_42	73	Pulse	99	4450197	196406	1
A_HP_42	73	Pulse	99	4470197	216406	1
A_HP_42	73	Pulse	99	4490197	236406	1
A_HP_42	73	Pulse	99	4510197	256406	1
A_HP_42	73	Pulse	99	4530197	276406	1
A_HP_42	73	Pulse	99	4550197	296406	1
A_HP_42	74	Response	5	4570197	6329	1
A_HP_42	74	Pulse	99	4570197	6329	1
A_HP_42	75	Picture	response9	4570698	107	1	20158	1	0	20000	hit	347
A_HP_42	75	Response	1	4575386	4794	1
A_HP_42	75	Pulse	99	4590197	19606	1
A_HP_42	76	Picture	response12	4601185	193	1	20158	1	0	20000	hit	350
A_HP_42	76	Response	1	4607106	6114	1
A_HP_42	76	Pulse	99	4610197	9205	1
A_HP_42	76	Pulse	99	4630197	29205	1
A_HP_42	77	Picture	response15	4631504	112	1	20158	1	0	20000	miss	0
A_HP_42	77	Pulse	99	4650197	18806	1
A_HP_42	78	Picture	response10	4661824	32	1	20158	1	0	20000	hit	356
A_HP_42	78	Response	1	4664176	2384	1
A_HP_42	78	Pulse	99	4670197	8406	1
A_HP_42	78	Pulse	99	4690197	28406	1
A_HP_42	79	Picture	response14	4692310	118	1	20158	1	0	20000	hit	360
A_HP_42	79	Response	1	4694866	2674	1
A_HP_42	79	Pulse	99	4710197	18006	1
A_HP_42	80	Picture	response11	4722630	38	1	20158	1	0	20000	hit	363
A_HP_42	80	Response	1	4726196	3604	1
A_HP_42	80	Pulse	99	4730197	7605	1
A_HP_42	80	Pulse	99	4750198	27606	1
A_HP_42	81	Picture	response13	4753116	124	1	20158	1	0	20000	hit	367
A_HP_42	81	Response	1	4760186	7194	1
A_HP_42	81	Pulse	99	4770197	17205	1
A_HP_42	82	Picture	response16	4783435	44	1	20158	1	0	20000	hit	370
A_HP_42	82	Response	1	4787606	4214	1
A_HP_42	82	Pulse	99	4790197	6805	1
A_HP_42	82	Pulse	99	4810197	26806	1
A_HP_42	83	Picture	ins8	4813922	130	1	30153	1	0	30000	other	0
A_HP_42	83	Pulse	99	4830197	16406	1
A_HP_42	83	Pulse	99	4850197	36406	1
A_HP_42	83	Pulse	99	4870197	56406	1
A_HP_42	83	Pulse	99	4890197	76406	1
A_HP_42	83	Pulse	99	4910197	96405	1
A_HP_42	83	Pulse	99	4930197	116406	1
A_HP_42	83	Pulse	99	4950197	136405	1
A_HP_42	83	Pulse	99	4970197	156406	1
A_HP_42	83	Pulse	99	4990197	176406	1
A_HP_42	83	Pulse	99	5010197	196406	1
A_HP_42	83	Pulse	99	5030197	216406	1
A_HP_42	83	Pulse	99	5050197	236406	1
A_HP_42	83	Pulse	99	5070198	256406	1
A_HP_42	83	Pulse	99	5090197	276406	1
A_HP_42	83	Pulse	99	5110197	296406	1
A_HP_42	84	Response	5	5130117	6169	1
A_HP_42	84	Pulse	99	5130117	6169	1
A_HP_42	85	Picture	response59	5130612	120	1	20158	1	0	20000	hit	392
A_HP_42	85	Response	4	5135296	4804	1
A_HP_42	85	Pulse	99	5150198	19706	1
A_HP_42	86	Picture	response62	5160931	39	1	20158	1	0	20000	hit	396
A_HP_42	86	Pulse	99	5170197	9306	1
A_HP_42	86	Response	4	5171436	10544	1
A_HP_42	86	Pulse	99	5190198	29306	1
A_HP_42	87	Picture	response60	5191417	126	1	20158	1	0	20000	hit	399
A_HP_42	87	Response	4	5196006	4714	1
A_HP_42	87	Pulse	99	5210197	18905	1
A_HP_42	88	Picture	response63	5221737	45	1	20158	1	0	20000	hit	403
A_HP_42	88	Pulse	99	5230198	8506	1
A_HP_42	88	Response	4	5243176	21484	1
A_HP_42	88	Pulse	99	5250198	28506	1
A_HP_42	89	Picture	response57	5252223	131	1	20158	1	0	20000	hit	406
A_HP_42	89	Response	4	5258896	6805	1
A_HP_42	89	Pulse	99	5270198	18106	1
A_HP_42	90	Picture	response58	5282543	51	1	20158	1	0	20000	miss	0
A_HP_42	90	Pulse	99	5290198	7706	1
A_HP_42	90	Pulse	99	5310197	27705	1
A_HP_42	91	Picture	response64	5313029	137	1	20158	1	0	20000	hit	412
A_HP_42	91	Response	4	5317126	4234	1
A_HP_42	91	Pulse	99	5330198	17306	1
A_HP_42	92	Picture	response61	5343349	57	1	20158	1	0	20000	miss	0
A_HP_42	92	Pulse	99	5350198	6906	1
A_HP_42	92	Pulse	99	5370198	26905	1
A_HP_42	93	Picture	ins20	5373835	143	1	30153	1	0	30000	other	0
A_HP_42	93	Pulse	99	5390198	16506	1
A_HP_42	93	Pulse	99	5410198	36506	1
A_HP_42	93	Pulse	99	5430198	56506	1
A_HP_42	93	Pulse	99	5450197	76505	1
A_HP_42	93	Pulse	99	5470198	96506	1
A_HP_42	93	Pulse	99	5490197	116505	1
A_HP_42	93	Pulse	99	5510198	136506	1
A_HP_42	93	Pulse	99	5530198	156506	1
A_HP_42	93	Pulse	99	5550198	176505	1
A_HP_42	93	Pulse	99	5570198	196506	1
A_HP_42	93	Pulse	99	5590198	216506	1
A_HP_42	93	Pulse	99	5610198	236506	1
A_HP_42	93	Pulse	99	5630118	256426	1
A_HP_42	93	Pulse	99	5650198	276506	1
A_HP_42	93	Pulse	99	5670198	296506	1
A_HP_42	94	Response	5	5690118	6256	1
A_HP_42	94	Pulse	99	5690118	6256	1
A_HP_42	95	Picture	response160	5690525	33	1	20157	1	0	20000	incorrect	437
A_HP_42	95	Pulse	99	5710198	19706	1
A_HP_42	95	Response	3	5710856	20364	1
A_HP_42	96	Picture	response159	5721011	119	1	20158	1	0	20000	hit	439
A_HP_42	96	Response	4	5729617	8725	1
A_HP_42	96	Pulse	99	5730197	9305	1
A_HP_42	96	Pulse	99	5750118	29225	1
A_HP_42	97	Picture	response157	5751331	38	1	20158	1	0	20000	hit	443
A_HP_42	97	Response	4	5759507	8214	1
A_HP_42	97	Pulse	99	5770198	18906	1
A_HP_42	98	Picture	response155	5781817	125	1	20158	1	0	20000	hit	446
A_HP_42	98	Response	4	5788857	7164	1
A_HP_42	98	Pulse	99	5790198	8505	1
A_HP_42	98	Pulse	99	5810118	28425	1
A_HP_42	99	Picture	response154	5812137	44	1	20158	1	0	20000	hit	450
A_HP_42	99	Response	3	5820106	8014	1
A_HP_42	99	Pulse	99	5830198	18106	1
A_HP_42	100	Picture	response153	5842623	131	1	20158	1	0	20000	hit	454
A_HP_42	100	Pulse	99	5850198	7706	1
A_HP_42	100	Response	2	5859166	16674	1
A_HP_42	100	Pulse	99	5870118	27625	1
A_HP_42	101	Picture	response158	5872943	50	1	20158	1	0	20000	hit	457
A_HP_42	101	Response	3	5888337	15444	1
A_HP_42	101	Pulse	99	5890197	17305	1
A_HP_42	102	Picture	response156	5903429	136	1	20158	1	0	20000	hit	460
A_HP_42	102	Response	1	5908997	5704	1
A_HP_42	102	Pulse	99	5910198	6906	1
A_HP_42	102	Pulse	99	5930118	26826	1
A_HP_42	103	Picture	ins14	5933748	56	1	30153	1	0	30000	other	0
A_HP_42	103	Pulse	99	5950198	16505	1
A_HP_42	103	Pulse	99	5970198	36505	1
A_HP_42	103	Pulse	99	5990118	56426	1
A_HP_42	103	Pulse	99	6010198	76505	1
A_HP_42	103	Pulse	99	6030198	96505	1
A_HP_42	103	Pulse	99	6050118	116425	1
A_HP_42	103	Pulse	99	6070198	136506	1
A_HP_42	103	Pulse	99	6090198	156506	1
A_HP_42	103	Pulse	99	6110118	176426	1
A_HP_42	103	Pulse	99	6130118	196425	1
A_HP_42	103	Pulse	99	6150198	216506	1
A_HP_42	103	Pulse	99	6170118	236426	1
A_HP_42	103	Pulse	99	6190118	256426	1
A_HP_42	103	Pulse	99	6210198	276506	1
A_HP_42	103	Pulse	99	6230118	296426	1
A_HP_42	104	Response	5	6250118	6343	1
A_HP_42	104	Pulse	99	6250118	6343	1
A_HP_42	105	Picture	response108	6250605	112	1	20158	1	0	20000	hit	482
A_HP_42	105	Response	2	6261537	11044	1
A_HP_42	105	Pulse	99	6270198	19705	1
A_HP_42	106	Picture	response107	6280925	32	1	20158	1	0	20000	hit	485
A_HP_42	106	Response	2	6288477	7585	1
A_HP_42	106	Pulse	99	6290197	9305	1
A_HP_42	106	Pulse	99	6310118	29226	1
A_HP_42	107	Picture	response110	6311411	118	1	20158	1	0	20000	hit	489
A_HP_42	107	Response	2	6317767	6474	1
A_HP_42	107	Pulse	99	6330198	18905	1
A_HP_42	108	Picture	response109	6341730	38	1	20158	1	0	20000	hit	493
A_HP_42	108	Pulse	99	6350198	8506	1
A_HP_42	108	Response	2	6356697	15004	1
A_HP_42	108	Pulse	99	6370118	28426	1
A_HP_42	109	Picture	response105	6372217	124	1	20158	1	0	20000	hit	496
A_HP_42	109	Response	2	6379347	7254	1
A_HP_42	109	Pulse	99	6390198	18106	1
A_HP_42	110	Picture	response106	6402536	44	1	20157	1	0	20000	incorrect	500
A_HP_42	110	Pulse	99	6410198	7706	1
A_HP_42	110	Response	2	6419087	16594	1
A_HP_42	110	Pulse	99	6430118	27626	1
A_HP_42	111	Picture	response111	6433022	130	1	20158	1	0	20000	miss	0
A_HP_42	111	Pulse	99	6450198	17305	1
A_HP_42	112	Picture	response112	6463342	50	1	20157	1	0	20000	hit	506
A_HP_42	112	Pulse	99	6470198	6906	1
A_HP_42	112	Response	4	6470676	7383	1
A_HP_42	112	Pulse	99	6490118	26826	1
A_HP_42	113	Picture	ins24	6493828	136	1	30153	1	0	30000	other	0
A_HP_42	113	Pulse	99	6510199	16506	1
A_HP_42	113	Pulse	99	6530198	36505	1
A_HP_42	113	Pulse	99	6550118	56426	1
A_HP_42	113	Pulse	99	6570198	76505	1
A_HP_42	113	Pulse	99	6590198	96506	1
A_HP_42	113	Pulse	99	6610118	116426	1
A_HP_42	113	Pulse	99	6630199	136506	1
A_HP_42	113	Pulse	99	6650198	156506	1
A_HP_42	113	Pulse	99	6670118	176426	1
A_HP_42	113	Pulse	99	6690118	196426	1
A_HP_42	113	Pulse	99	6710198	216506	1
A_HP_42	113	Pulse	99	6730118	236425	1
A_HP_42	113	Pulse	99	6750118	256425	1
A_HP_42	113	Pulse	99	6770199	276506	1
A_HP_42	113	Pulse	99	6790119	296426	1
A_HP_42	114	Response	5	6810118	6264	1
A_HP_42	114	Pulse	99	6810118	6264	1
A_HP_42	115	Picture	response189	6810685	192	1	20158	1	0	20000	hit	527
A_HP_42	115	Response	1	6823187	12694	1
A_HP_42	115	Pulse	99	6830198	19706	1
A_HP_42	116	Picture	response191	6841005	112	1	20158	1	0	20000	hit	531
A_HP_42	116	Pulse	99	6850119	9226	1
A_HP_42	116	Response	2	6852957	12064	1
A_HP_42	116	Pulse	99	6870118	29225	1
A_HP_42	117	Picture	response192	6871491	198	1	20157	1	0	20000	hit	534
A_HP_42	117	Response	3	6888097	16804	1
A_HP_42	117	Pulse	99	6890198	18905	1
A_HP_42	118	Picture	response185	6901810	118	1	20158	1	0	20000	hit	537
A_HP_42	118	Response	3	6908888	7195	1
A_HP_42	118	Pulse	99	6910118	8425	1
A_HP_42	118	Pulse	99	6930118	28426	1
A_HP_42	119	Picture	response186	6932130	37	1	20158	1	0	20000	hit	541
A_HP_42	119	Response	2	6941967	9874	1
A_HP_42	119	Pulse	99	6950199	18106	1
A_HP_42	120	Picture	response188	6962616	123	1	20158	1	0	20000	incorrect	545
A_HP_42	120	Pulse	99	6970119	7626	1
A_HP_42	120	Response	2	6981017	18524	1
A_HP_42	120	Pulse	99	6990118	27625	1
A_HP_42	121	Picture	response190	6992936	43	1	20158	1	0	20000	hit	548
A_HP_42	121	Response	3	7006437	13544	1
A_HP_42	121	Pulse	99	7010198	17305	1
A_HP_42	122	Picture	response187	7023422	129	1	20158	1	0	20000	hit	551
A_HP_42	122	Response	3	7028187	4894	1
A_HP_42	122	Pulse	99	7030118	6826	1
A_HP_42	122	Pulse	99	7050119	26826	1
A_HP_42	123	Picture	thanks	7053408	0	1	10162	1	0	10000	other	0
A_HP_42	123	Pulse	99	7070198	16790	1


Event Type	Code	Type	Response	RT	RT Uncertainty	Time	Uncertainty	Duration	Uncertainty	ReqTime	ReqDur

Picture	ready	other				270311	1	10162	1	0	10000
Picture	ins6	other				330783	1	30153	1	0	30000
Picture	response45	hit	3	4638	2	650805	1	20157	1	0	20000
Picture	response41	hit	3	2989	2	681125	1	20158	1	0	20000
Picture	response48	hit	3	2973	2	711611	1	20158	1	0	20000
Picture	response43	hit	3	3433	2	741931	1	20157	1	0	20000
Picture	response42	hit	3	5077	2	772417	1	20158	1	0	20000
Picture	response44	hit	3	8056	2	802736	1	20157	1	0	20000
Picture	response47	hit	3	7441	2	833223	1	20158	1	0	20000
Picture	response46	hit	3	12361	2	863542	1	20158	1	0	20000
Picture	ins12	other				894028	1	30153	1	0	30000
Picture	response92	hit	1	6435	2	1210718	1	20158	1	0	20000
Picture	response90	hit	1	5639	2	1241205	1	20158	1	0	20000
Picture	response96	hit	1	6240	2	1271524	1	20158	1	0	20000
Picture	response95	hit	4	9503	2	1302010	1	20158	1	0	20000
Picture	response89	incorrect	1	7194	2	1332330	1	20157	1	0	20000
Picture	response94	hit	4	12328	2	1362816	1	20158	1	0	20000
Picture	response93	hit	1	12029	2	1393136	1	20157	1	0	20000
Picture	response91	hit	4	9972	2	1423622	1	20158	1	0	20000
Picture	ins18	other				1453942	1	30153	1	0	30000
Picture	response141	hit	1	9912	2	1770632	1	20157	1	0	20000
Picture	response137	hit	4	12507	2	1801118	1	20158	1	0	20000
Picture	response139	hit	2	12987	2	1831437	1	20158	1	0	20000
Picture	response143	hit	3	6961	2	1861924	1	20158	1	0	20000
Picture	response144	hit	2	12491	2	1892243	1	20158	1	0	20000
Picture	response140	hit	1	11215	2	1922730	1	20158	1	0	20000
Picture	response142	hit	3	9735	2	1953049	1	20158	1	0	20000
Picture	response138	miss				1983535	1	20158	1	0	20000
Picture	ins22	other				2013855	1	30153	1	0	30000
Picture	response172	hit	4	6933	2	2330712	1	20158	1	0	20000
Picture	response175	incorrect	2	18913	2	2361031	1	20158	1	0	20000
Picture	response171	incorrect	2	7327	2	2391518	1	20158	1	0	20000
Picture	response170	hit	4	7558	2	2421837	1	20158	1	0	20000
Picture	response176	hit	4	13081	2	2452323	1	20158	1	0	20000
Picture	response173	hit	1	6592	2	2482643	1	20158	1	0	20000
Picture	response169	hit	2	15125	2	2513129	1	20158	1	0	20000
Picture	response174	hit	1	12467	2	2543449	1	20158	1	0	20000
Picture	ins4	other				2573935	1	30153	1	0	30000
Picture	response27	hit	2	11630	2	2890625	1	20157	1	0	20000
Picture	response30	hit	2	6694	2	2921111	1	20157	1	0	20000
Picture	response25	hit	2	10154	2	2951431	1	20158	1	0	20000
Picture	response26	hit	2	5238	2	2981917	1	20158	1	0	20000
Picture	response29	hit	2	15488	2	3012237	1	20158	1	0	20000
Picture	response32	hit	2	9302	2	3042723	1	20158	1	0	20000
Picture	response31	hit	2	7723	2	3073043	1	20158	1	0	20000
Picture	response28	hit	2	8276	2	3103529	1	20158	1	0	20000
Picture	ins10	other				3133848	1	30153	1	0	30000
Picture	response78	hit	3	5770	2	3450705	1	20158	1	0	20000
Picture	response77	hit	1	10020	2	3481025	1	20158	1	0	20000
Picture	response75	hit	3	5754	2	3511511	1	20158	1	0	20000
Picture	response80	hit	1	8554	2	3541831	1	20157	1	0	20000
Picture	response73	hit	3	6809	2	3572317	1	20158	1	0	20000
Picture	response79	hit	1	8078	2	3602636	1	20157	1	0	20000
Picture	response74	hit	3	17612	2	3633123	1	20157	1	0	20000
Picture	response76	hit	3	5613	2	3663442	1	20158	1	0	20000
Picture	ins16	other				3693928	1	30153	1	0	30000
Picture	response123	incorrect	3	7437	2	4010618	1	20158	1	0	20000
Picture	response121	hit	4	15770	2	4041105	1	20158	1	0	20000
Picture	response122	hit	3	8822	2	4071424	1	20158	1	0	20000
Picture	response126	hit	3	7945	1	4101910	1	20158	1	0	20000
Picture	response124	hit	4	6585	2	4132230	1	20158	1	0	20000
Picture	response127	hit	3	13669	2	4162716	1	20158	1	0	20000
Picture	response125	hit	4	11190	2	4193036	1	20158	1	0	20000
Picture	response128	hit	4	10514	2	4223522	1	20158	1	0	20000
Picture	ins2	other				4253842	1	30153	1	0	30000
Picture	response9	hit	1	4688	2	4570698	1	20158	1	0	20000
Picture	response12	hit	1	5921	2	4601185	1	20158	1	0	20000
Picture	response15	miss				4631504	1	20158	1	0	20000
Picture	response10	hit	1	2352	2	4661824	1	20158	1	0	20000
Picture	response14	hit	1	2556	2	4692310	1	20158	1	0	20000
Picture	response11	hit	1	3566	2	4722630	1	20158	1	0	20000
Picture	response13	hit	1	7070	2	4753116	1	20158	1	0	20000
Picture	response16	hit	1	4170	2	4783435	1	20158	1	0	20000
Picture	ins8	other				4813922	1	30153	1	0	30000
Picture	response59	hit	4	4684	2	5130612	1	20158	1	0	20000
Picture	response62	hit	4	10504	2	5160931	1	20158	1	0	20000
Picture	response60	hit	4	4589	2	5191417	1	20158	1	0	20000
Picture	response63	hit	4	21439	2	5221737	1	20158	1	0	20000
Picture	response57	hit	4	6673	2	5252223	1	20158	1	0	20000
Picture	response58	miss				5282543	1	20158	1	0	20000
Picture	response64	hit	4	4097	2	5313029	1	20158	1	0	20000
Picture	response61	miss				5343349	1	20158	1	0	20000
Picture	ins20	other				5373835	1	30153	1	0	30000
Picture	response160	incorrect	3	20331	2	5690525	1	20157	1	0	20000
Picture	response159	hit	4	8606	2	5721011	1	20158	1	0	20000
Picture	response157	hit	4	8176	2	5751331	1	20158	1	0	20000
Picture	response155	hit	4	7040	2	5781817	1	20158	1	0	20000
Picture	response154	hit	3	7970	2	5812137	1	20158	1	0	20000
Picture	response153	hit	2	16543	2	5842623	1	20158	1	0	20000
Picture	response158	hit	3	15394	2	5872943	1	20158	1	0	20000
Picture	response156	hit	1	5568	2	5903429	1	20158	1	0	20000
Picture	ins14	other				5933748	1	30153	1	0	30000
Picture	response108	hit	2	10932	2	6250605	1	20158	1	0	20000
Picture	response107	hit	2	7553	2	6280925	1	20158	1	0	20000
Picture	response110	hit	2	6356	2	6311411	1	20158	1	0	20000
Picture	response109	hit	2	14967	2	6341730	1	20158	1	0	20000
Picture	response105	hit	2	7130	2	6372217	1	20158	1	0	20000
Picture	response106	incorrect	2	16551	2	6402536	1	20157	1	0	20000
Picture	response111	miss				6433022	1	20158	1	0	20000
Picture	response112	hit	4	7334	2	6463342	1	20157	1	0	20000
Picture	ins24	other				6493828	1	30153	1	0	30000
Picture	response189	hit	1	12502	2	6810685	1	20158	1	0	20000
Picture	response191	hit	2	11953	2	6841005	1	20158	1	0	20000
Picture	response192	hit	3	16606	2	6871491	1	20157	1	0	20000
Picture	response185	hit	3	7078	2	6901810	1	20158	1	0	20000
Picture	response186	hit	2	9837	2	6932130	1	20158	1	0	20000
Picture	response188	incorrect	2	18401	2	6962616	1	20158	1	0	20000
Picture	response190	hit	3	13501	2	6992936	1	20158	1	0	20000
Picture	response187	hit	3	4765	2	7023422	1	20158	1	0	20000
Picture	thanks	other				7053408	1	10162	1	0	10000


{
   "app": "Presentation Version 21.1 Build 09.05.19",
   "device": "LENOVO 20FBCTO1WW",
   "experiment": "{C0C68DB1-10BA-42F2-8F79-3F2AFFEED4E4}",
   "os": "Windows 10 64 bit",
   "package": "",
   "parameters": {
      "configuration": "Default configuration"
   },
   "scenario": "Response experiment(2).sce",
   "subject": "A_HP_42",
   "timestamp": "2019/12/19 06:47:51 GMT"
}
