Scenario - 
Logfile written - 10/17/2019 16:14:25

Subject	Trial	Event Type	Code	Time	TTime	Uncertainty	Duration	Uncertainty	ReqTime	ReqDur	Stim Type	Pair Index

A_HP_23	1	Response	5	228637	227638	1
A_HP_23	1	Pulse	99	228637	227638	1
A_HP_23	2	Picture	ready	228869	0	1	10396	1	0	10000	other	0
A_HP_23	2	Pulse	99	248637	19768	1
A_HP_23	2	Pulse	99	268637	39768	1
A_HP_23	2	Pulse	99	288557	59688	1
A_HP_23	3	Picture	ins2	289440	232	1	30230	1	0	30000	other	0
A_HP_23	3	Pulse	99	308637	19428	1
A_HP_23	3	Pulse	99	328637	39428	1
A_HP_23	3	Pulse	99	348557	59348	1
A_HP_23	3	Pulse	99	368557	79349	1
A_HP_23	3	Pulse	99	388637	99429	1
A_HP_23	3	Pulse	99	408637	119429	1
A_HP_23	3	Pulse	99	428557	139349	1
A_HP_23	3	Pulse	99	448637	159428	1
A_HP_23	3	Pulse	99	468637	179428	1
A_HP_23	3	Pulse	99	488557	199348	1
A_HP_23	3	Pulse	99	508557	219348	1
A_HP_23	3	Pulse	99	528637	239428	1
A_HP_23	3	Pulse	99	548637	259428	1
A_HP_23	3	Pulse	99	568557	279348	1
A_HP_23	3	Pulse	99	588637	299428	1
A_HP_23	4	Response	5	608637	9198	1
A_HP_23	4	Pulse	99	608637	9198	1
A_HP_23	5	Picture	response11	609238	230	1	20229	1	0	20000	hit	26
A_HP_23	5	Response	1	612085	3078	1
A_HP_23	5	Pulse	99	628557	19549	1
A_HP_23	6	Picture	response14	639696	288	1	20229	1	0	20000	hit	29
A_HP_23	6	Response	1	643176	3768	1
A_HP_23	6	Pulse	99	648556	9148	1
A_HP_23	6	Pulse	99	668637	29229	1
A_HP_23	7	Picture	response12	669987	180	1	20229	1	0	20000	hit	33
A_HP_23	7	Response	1	672605	2798	1
A_HP_23	7	Pulse	99	688637	18829	1
A_HP_23	8	Picture	response13	700279	71	1	20229	1	0	20000	hit	36
A_HP_23	8	Response	1	702626	2418	1
A_HP_23	8	Pulse	99	708556	8348	1
A_HP_23	8	Pulse	99	728556	28349	1
A_HP_23	9	Picture	response15	730904	296	1	20229	1	0	20000	hit	40
A_HP_23	9	Response	1	733195	2588	1
A_HP_23	9	Pulse	99	748637	18030	1
A_HP_23	10	Picture	response10	761195	188	1	20229	1	0	20000	hit	43
A_HP_23	10	Response	1	764246	3238	1
A_HP_23	10	Pulse	99	768557	7549	1
A_HP_23	10	Pulse	99	788557	27550	1
A_HP_23	11	Picture	response16	791654	246	1	20229	1	0	20000	hit	47
A_HP_23	11	Response	1	794296	2888	1
A_HP_23	11	Pulse	99	808637	17229	1
A_HP_23	12	Picture	response9	821945	138	1	20229	1	0	20000	hit	50
A_HP_23	12	Response	1	825155	3348	1
A_HP_23	12	Pulse	99	828636	6828	1
A_HP_23	12	Pulse	99	848558	26750	1
A_HP_23	13	Picture	ins22	852404	196	1	30230	1	0	30000	other	0
A_HP_23	13	Pulse	99	868557	16349	1
A_HP_23	13	Pulse	99	888637	36429	1
A_HP_23	13	Pulse	99	908637	56429	1
A_HP_23	13	Pulse	99	928557	76349	1
A_HP_23	13	Pulse	99	948637	96429	1
A_HP_23	13	Pulse	99	968636	116429	1
A_HP_23	13	Pulse	99	988557	136349	1
A_HP_23	13	Pulse	99	1008557	156349	1
A_HP_23	13	Pulse	99	1028637	176429	1
A_HP_23	13	Pulse	99	1048637	196429	1
A_HP_23	13	Pulse	99	1068557	216349	1
A_HP_23	13	Pulse	99	1088636	236429	1
A_HP_23	13	Pulse	99	1108637	256429	1
A_HP_23	13	Pulse	99	1128557	276349	1
A_HP_23	13	Pulse	99	1148557	296349	1
A_HP_23	14	Response	5	1168637	6199	1
A_HP_23	14	Pulse	99	1168637	6199	1
A_HP_23	15	Picture	response174	1169238	230	1	20229	1	0	20000	hit	72
A_HP_23	15	Response	1	1177696	8688	1
A_HP_23	15	Pulse	99	1188637	19629	1
A_HP_23	16	Picture	response175	1199696	288	1	20229	1	0	20000	hit	75
A_HP_23	16	Response	3	1207166	7758	1
A_HP_23	16	Pulse	99	1208557	9149	1
A_HP_23	16	Pulse	99	1228557	29149	1
A_HP_23	17	Picture	response169	1229987	180	1	20229	1	0	20000	hit	79
A_HP_23	17	Response	2	1242305	12498	1
A_HP_23	17	Pulse	99	1248636	18829	1
A_HP_23	18	Picture	response173	1260279	71	1	20229	1	0	20000	hit	83
A_HP_23	18	Pulse	99	1268556	8348	1
A_HP_23	18	Response	1	1269114	8907	1
A_HP_23	18	Pulse	99	1288557	28349	1
A_HP_23	19	Picture	response171	1290903	295	1	20229	1	0	20000	hit	86
A_HP_23	19	Response	3	1299225	8618	1
A_HP_23	19	Pulse	99	1308637	18029	1
A_HP_23	20	Picture	response172	1321194	186	1	20229	1	0	20000	hit	90
A_HP_23	20	Pulse	99	1328637	7629	1
A_HP_23	20	Response	4	1334465	13457	1
A_HP_23	20	Pulse	99	1348557	27549	1
A_HP_23	21	Picture	response170	1351651	244	1	20229	1	0	20000	hit	93
A_HP_23	21	Response	4	1363905	12498	1
A_HP_23	21	Pulse	99	1368556	17148	1
A_HP_23	22	Picture	response176	1381942	135	1	20229	1	0	20000	hit	97
A_HP_23	22	Pulse	99	1388637	6829	1
A_HP_23	22	Response	4	1389785	7977	1
A_HP_23	22	Pulse	99	1408556	26749	1
A_HP_23	23	Picture	ins24	1412400	192	1	30229	1	0	30000	other	0
A_HP_23	23	Pulse	99	1428557	16349	1
A_HP_23	23	Pulse	99	1448636	36429	1
A_HP_23	23	Pulse	99	1468637	56430	1
A_HP_23	23	Pulse	99	1488556	76349	1
A_HP_23	23	Pulse	99	1508556	96349	1
A_HP_23	23	Pulse	99	1528637	116430	1
A_HP_23	23	Pulse	99	1548557	136349	1
A_HP_23	23	Pulse	99	1568557	156349	1
A_HP_23	23	Pulse	99	1588556	176349	1
A_HP_23	23	Pulse	99	1608637	196429	1
A_HP_23	23	Pulse	99	1628556	216349	1
A_HP_23	23	Pulse	99	1648556	236349	1
A_HP_23	23	Pulse	99	1668636	256429	1
A_HP_23	23	Pulse	99	1688636	276429	1
A_HP_23	23	Pulse	99	1708556	296349	1
A_HP_23	24	Response	5	1728557	6119	1
A_HP_23	24	Pulse	99	1728557	6119	1
A_HP_23	25	Picture	response186	1729137	230	1	20229	1	0	20000	hit	118
A_HP_23	25	Response	2	1738585	9678	1
A_HP_23	25	Pulse	99	1748636	19729	1
A_HP_23	26	Picture	response187	1759595	288	1	20229	1	0	20000	hit	121
A_HP_23	26	Response	3	1766455	7148	1
A_HP_23	26	Pulse	99	1768556	9249	1
A_HP_23	26	Pulse	99	1788556	29249	1
A_HP_23	27	Picture	response185	1789886	179	1	20229	1	0	20000	hit	125
A_HP_23	27	Response	3	1796235	6528	1
A_HP_23	27	Pulse	99	1808636	18929	1
A_HP_23	28	Picture	response188	1820344	237	1	20229	1	0	20000	hit	129
A_HP_23	28	Pulse	99	1828636	8529	1
A_HP_23	28	Response	4	1835105	14998	1
A_HP_23	28	Pulse	99	1848556	28449	1
A_HP_23	29	Picture	response189	1850634	127	1	20229	1	0	20000	hit	132
A_HP_23	29	Response	1	1857345	6838	1
A_HP_23	29	Pulse	99	1868557	18049	1
A_HP_23	30	Picture	response190	1881259	352	1	20229	1	0	20000	hit	136
A_HP_23	30	Pulse	99	1888637	7730	1
A_HP_23	30	Response	3	1890664	9757	1
A_HP_23	30	Pulse	99	1908557	27649	1
A_HP_23	31	Picture	response191	1911550	243	1	20229	1	0	20000	hit	139
A_HP_23	31	Response	2	1920415	9108	1
A_HP_23	31	Pulse	99	1928556	17249	1
A_HP_23	32	Picture	response192	1941841	134	1	20229	1	0	20000	hit	143
A_HP_23	32	Pulse	99	1948556	6849	1
A_HP_23	32	Response	3	1950864	9157	1
A_HP_23	32	Pulse	99	1968636	26929	1
A_HP_23	33	Picture	ins6	1972299	191	1	30229	1	0	30000	other	0
A_HP_23	33	Pulse	99	1988556	16449	1
A_HP_23	33	Pulse	99	2008556	36449	1
A_HP_23	33	Pulse	99	2028636	56528	1
A_HP_23	33	Pulse	99	2048556	76449	1
A_HP_23	33	Pulse	99	2068556	96449	1
A_HP_23	33	Pulse	99	2088557	116449	1
A_HP_23	33	Pulse	99	2108636	136528	1
A_HP_23	33	Pulse	99	2128556	156448	1
A_HP_23	33	Pulse	99	2148556	176448	1
A_HP_23	33	Pulse	99	2168636	196528	1
A_HP_23	33	Pulse	99	2188556	216448	1
A_HP_23	33	Pulse	99	2208556	236448	1
A_HP_23	33	Pulse	99	2228556	256448	1
A_HP_23	33	Pulse	99	2248636	276529	1
A_HP_23	33	Pulse	99	2268556	296449	1
A_HP_23	34	Response	5	2288556	6218	1
A_HP_23	34	Pulse	99	2288556	6218	1
A_HP_23	35	Picture	response42	2289137	230	1	20229	1	0	20000	hit	164
A_HP_23	35	Response	3	2292015	3108	1
A_HP_23	35	Pulse	99	2308556	19648	1
A_HP_23	36	Picture	response45	2319595	288	1	20229	1	0	20000	hit	167
A_HP_23	36	Response	3	2325595	6288	1
A_HP_23	36	Pulse	99	2328556	9249	1
A_HP_23	36	Pulse	99	2348556	29249	1
A_HP_23	37	Picture	response44	2349886	179	1	20229	1	0	20000	hit	171
A_HP_23	37	Response	3	2352635	2928	1
A_HP_23	37	Pulse	99	2368556	18849	1
A_HP_23	38	Picture	response43	2380344	236	1	20229	1	0	20000	hit	174
A_HP_23	38	Response	3	2383495	3387	1
A_HP_23	38	Pulse	99	2388636	8529	1
A_HP_23	38	Pulse	99	2408556	28449	1
A_HP_23	39	Picture	response41	2410636	129	1	20229	1	0	20000	hit	178
A_HP_23	39	Response	3	2414115	3608	1
A_HP_23	39	Pulse	99	2428556	18049	1
A_HP_23	40	Picture	response47	2441261	354	1	20229	1	0	20000	hit	181
A_HP_23	40	Response	3	2444175	3268	1
A_HP_23	40	Pulse	99	2448556	7649	1
A_HP_23	40	Pulse	99	2468637	27730	1
A_HP_23	41	Picture	response48	2471552	245	1	20229	1	0	20000	hit	185
A_HP_23	41	Response	3	2474045	2738	1
A_HP_23	41	Pulse	99	2488556	17249	1
A_HP_23	42	Picture	response46	2501844	137	1	20229	1	0	20000	hit	188
A_HP_23	42	Response	3	2505215	3508	1
A_HP_23	42	Pulse	99	2508556	6849	1
A_HP_23	42	Pulse	99	2528636	26929	1
A_HP_23	43	Picture	ins14	2532302	195	1	30229	1	0	30000	other	0
A_HP_23	43	Pulse	99	2548556	16449	1
A_HP_23	43	Pulse	99	2568556	36449	1
A_HP_23	43	Pulse	99	2588556	56449	1
A_HP_23	43	Pulse	99	2608636	76529	1
A_HP_23	43	Pulse	99	2628556	96449	1
A_HP_23	43	Pulse	99	2648556	116449	1
A_HP_23	43	Pulse	99	2668556	136449	1
A_HP_23	43	Pulse	99	2688556	156449	1
A_HP_23	43	Pulse	99	2708556	176449	1
A_HP_23	43	Pulse	99	2728556	196449	1
A_HP_23	43	Pulse	99	2748636	216529	1
A_HP_23	43	Pulse	99	2768556	236449	1
A_HP_23	43	Pulse	99	2788556	256449	1
A_HP_23	43	Pulse	99	2808556	276449	1
A_HP_23	43	Pulse	99	2828556	296449	1
A_HP_23	44	Response	5	2848556	6218	1
A_HP_23	44	Pulse	99	2848556	6218	1
A_HP_23	45	Picture	response111	2849137	230	1	20229	1	0	20000	hit	210
A_HP_23	45	Response	4	2854125	5218	1
A_HP_23	45	Pulse	99	2868556	19648	1
A_HP_23	46	Picture	response106	2879595	288	1	20229	1	0	20000	hit	213
A_HP_23	46	Response	4	2883045	3738	1
A_HP_23	46	Pulse	99	2888636	9330	1
A_HP_23	46	Pulse	99	2908556	29249	1
A_HP_23	47	Picture	response110	2909886	179	1	20229	1	0	20000	hit	217
A_HP_23	47	Response	2	2914565	4858	1
A_HP_23	47	Pulse	99	2928556	18849	1
A_HP_23	48	Picture	response109	2940344	237	1	20229	1	0	20000	hit	220
A_HP_23	48	Response	2	2944045	3938	1
A_HP_23	48	Pulse	99	2948556	8448	1
A_HP_23	48	Pulse	99	2968556	28449	1
A_HP_23	49	Picture	response108	2970635	128	1	20229	1	0	20000	hit	224
A_HP_23	49	Response	2	2974585	4078	1
A_HP_23	49	Pulse	99	2988556	18049	1
A_HP_23	50	Picture	response107	3001260	353	1	20229	1	0	20000	hit	227
A_HP_23	50	Response	2	3007205	6298	1
A_HP_23	50	Pulse	99	3008556	7649	1
A_HP_23	50	Pulse	99	3028556	27649	1
A_HP_23	51	Picture	response112	3031551	244	1	20229	1	0	20000	hit	231
A_HP_23	51	Response	4	3035955	4648	1
A_HP_23	51	Pulse	99	3048556	17249	1
A_HP_23	52	Picture	response105	3061842	135	1	20229	1	0	20000	hit	234
A_HP_23	52	Response	2	3066255	4548	1
A_HP_23	52	Pulse	99	3068556	6849	1
A_HP_23	52	Pulse	99	3088556	26849	1
A_HP_23	53	Picture	ins20	3092299	193	1	30229	1	0	30000	other	0
A_HP_23	53	Pulse	99	3108556	16449	1
A_HP_23	53	Pulse	99	3128556	36449	1
A_HP_23	53	Pulse	99	3148556	56449	1
A_HP_23	53	Pulse	99	3168556	76449	1
A_HP_23	53	Pulse	99	3188556	96449	1
A_HP_23	53	Pulse	99	3208556	116449	1
A_HP_23	53	Pulse	99	3228556	136449	1
A_HP_23	53	Pulse	99	3248636	156529	1
A_HP_23	53	Pulse	99	3268556	176449	1
A_HP_23	53	Pulse	99	3288556	196449	1
A_HP_23	53	Pulse	99	3308556	216449	1
A_HP_23	53	Pulse	99	3328555	236449	1
A_HP_23	53	Pulse	99	3348555	256449	1
A_HP_23	53	Pulse	99	3368555	276449	1
A_HP_23	53	Pulse	99	3388555	296449	1
A_HP_23	54	Response	5	3408555	6219	1
A_HP_23	54	Pulse	99	3408555	6219	1
A_HP_23	55	Picture	response156	3409136	230	1	20229	1	0	20000	hit	256
A_HP_23	55	Response	1	3416724	7818	1
A_HP_23	55	Pulse	99	3428555	19649	1
A_HP_23	56	Picture	response153	3439594	288	1	20229	1	0	20000	hit	259
A_HP_23	56	Response	2	3446074	6768	1
A_HP_23	56	Pulse	99	3448555	9249	1
A_HP_23	56	Pulse	99	3468555	29249	1
A_HP_23	57	Picture	response154	3469885	179	1	20229	1	0	20000	hit	263
A_HP_23	57	Response	3	3474814	5108	1
A_HP_23	57	Pulse	99	3488555	18849	1
A_HP_23	58	Picture	response157	3500342	236	1	20229	1	0	20000	hit	266
A_HP_23	58	Response	4	3506544	6438	1
A_HP_23	58	Pulse	99	3508555	8449	1
A_HP_23	58	Pulse	99	3528555	28449	1
A_HP_23	59	Picture	response159	3530633	127	1	20229	1	0	20000	hit	270
A_HP_23	59	Response	4	3534344	3838	1
A_HP_23	59	Pulse	99	3548556	18049	1
A_HP_23	60	Picture	response155	3561257	350	1	20229	1	0	20000	hit	273
A_HP_23	60	Response	4	3566944	6038	1
A_HP_23	60	Pulse	99	3568555	7649	1
A_HP_23	60	Pulse	99	3588556	27649	1
A_HP_23	61	Picture	response160	3591548	241	1	20229	1	0	20000	hit	277
A_HP_23	61	Response	1	3601504	10198	1
A_HP_23	61	Pulse	99	3608555	17249	1
A_HP_23	62	Picture	response158	3621839	132	1	20229	1	0	20000	hit	281
A_HP_23	62	Pulse	99	3628556	6849	1
A_HP_23	62	Response	3	3631274	9567	1
A_HP_23	62	Pulse	99	3648556	26849	1
A_HP_23	63	Picture	ins8	3652296	190	1	30229	1	0	30000	other	0
A_HP_23	63	Pulse	99	3668555	16449	1
A_HP_23	63	Pulse	99	3688555	36449	1
A_HP_23	63	Pulse	99	3708556	56449	1
A_HP_23	63	Pulse	99	3728556	76449	1
A_HP_23	63	Pulse	99	3748555	96449	1
A_HP_23	63	Pulse	99	3768555	116449	1
A_HP_23	63	Pulse	99	3788555	136449	1
A_HP_23	63	Pulse	99	3808555	156449	1
A_HP_23	63	Pulse	99	3828555	176449	1
A_HP_23	63	Pulse	99	3848555	196449	1
A_HP_23	63	Pulse	99	3868555	216449	1
A_HP_23	63	Pulse	99	3888555	236449	1
A_HP_23	63	Pulse	99	3908555	256448	1
A_HP_23	63	Pulse	99	3928555	276449	1
A_HP_23	63	Pulse	99	3948555	296449	1
A_HP_23	64	Response	5	3968555	6218	1
A_HP_23	64	Pulse	99	3968555	6218	1
A_HP_23	65	Picture	response61	3969135	230	1	20229	1	0	20000	hit	302
A_HP_23	65	Response	4	3973394	4488	1
A_HP_23	65	Pulse	99	3988555	19649	1
A_HP_23	66	Picture	response62	3999593	288	1	20229	1	0	20000	hit	305
A_HP_23	66	Response	4	4003734	4429	1
A_HP_23	66	Pulse	99	4008554	9249	1
A_HP_23	66	Pulse	99	4028555	29250	1
A_HP_23	67	Picture	response64	4029884	178	1	20230	1	0	20000	hit	309
A_HP_23	67	Response	4	4033034	3328	1
A_HP_23	67	Pulse	99	4048555	18849	1
A_HP_23	68	Picture	response58	4060342	237	1	20229	1	0	20000	hit	312
A_HP_23	68	Response	4	4063134	3028	1
A_HP_23	68	Pulse	99	4068554	8449	1
A_HP_23	68	Pulse	99	4088555	28449	1
A_HP_23	69	Picture	response57	4090633	127	1	20229	1	0	20000	hit	316
A_HP_23	69	Response	4	4093444	2938	1
A_HP_23	69	Pulse	99	4108555	18049	1
A_HP_23	70	Picture	response60	4121258	352	1	20229	1	0	20000	hit	319
A_HP_23	70	Response	4	4126744	5839	1
A_HP_23	70	Pulse	99	4128555	7649	1
A_HP_23	70	Pulse	99	4148555	27650	1
A_HP_23	71	Picture	response63	4151549	243	1	20229	1	0	20000	hit	323
A_HP_23	71	Response	4	4155194	3888	1
A_HP_23	71	Pulse	99	4168555	17249	1
A_HP_23	72	Picture	response59	4181840	134	1	20229	1	0	20000	hit	326
A_HP_23	72	Response	4	4186684	4978	1
A_HP_23	72	Pulse	99	4188555	6848	1
A_HP_23	72	Pulse	99	4208556	26849	1
A_HP_23	73	Picture	ins4	4212298	192	1	30229	1	0	30000	other	0
A_HP_23	73	Pulse	99	4228555	16450	1
A_HP_23	73	Pulse	99	4248556	36450	1
A_HP_23	73	Pulse	99	4268555	56449	1
A_HP_23	73	Pulse	99	4288555	76449	1
A_HP_23	73	Pulse	99	4308555	96449	1
A_HP_23	73	Pulse	99	4328555	116450	1
A_HP_23	73	Pulse	99	4348555	136450	1
A_HP_23	73	Pulse	99	4368555	156449	1
A_HP_23	73	Pulse	99	4388555	176450	1
A_HP_23	73	Pulse	99	4408555	196449	1
A_HP_23	73	Pulse	99	4428555	216449	1
A_HP_23	73	Pulse	99	4448555	236449	1
A_HP_23	73	Pulse	99	4468555	256449	1
A_HP_23	73	Pulse	99	4488556	276450	1
A_HP_23	73	Pulse	99	4508555	296449	1
A_HP_23	74	Response	5	4528555	6219	1
A_HP_23	74	Pulse	99	4528555	6219	1
A_HP_23	75	Picture	response27	4529135	230	1	20229	1	0	20000	hit	348
A_HP_23	75	Response	2	4533253	4348	1
A_HP_23	75	Pulse	99	4548555	19649	1
A_HP_23	76	Picture	response29	4559593	287	1	20229	1	0	20000	hit	351
A_HP_23	76	Response	2	4562994	3688	1
A_HP_23	76	Pulse	99	4568554	9249	1
A_HP_23	76	Pulse	99	4588555	29250	1
A_HP_23	77	Picture	response31	4589885	179	1	20229	1	0	20000	hit	355
A_HP_23	77	Response	2	4593183	3478	1
A_HP_23	77	Pulse	99	4608555	18849	1
A_HP_23	78	Picture	response28	4620343	237	1	20229	1	0	20000	hit	358
A_HP_23	78	Response	2	4624584	4478	1
A_HP_23	78	Pulse	99	4628555	8449	1
A_HP_23	78	Pulse	99	4648555	28449	1
A_HP_23	79	Picture	response30	4650635	129	1	20229	1	0	20000	hit	362
A_HP_23	79	Response	2	4653264	2758	1
A_HP_23	79	Pulse	99	4668555	18049	1
A_HP_23	80	Picture	response32	4681260	354	1	20229	1	0	20000	hit	365
A_HP_23	80	Response	2	4683404	2498	1
A_HP_23	80	Pulse	99	4688555	7649	1
A_HP_23	80	Pulse	99	4708555	27649	1
A_HP_23	81	Picture	response25	4711551	245	1	20229	1	0	20000	hit	369
A_HP_23	81	Response	2	4715984	4678	1
A_HP_23	81	Pulse	99	4728555	17249	1
A_HP_23	82	Picture	response26	4741843	137	1	20229	1	0	20000	hit	372
A_HP_23	82	Response	2	4747273	5568	1
A_HP_23	82	Pulse	99	4748554	6849	1
A_HP_23	82	Pulse	99	4768555	26849	1
A_HP_23	83	Picture	ins12	4772301	195	1	30229	1	0	30000	other	0
A_HP_23	83	Pulse	99	4788555	16449	1
A_HP_23	83	Pulse	99	4808555	36449	1
A_HP_23	83	Pulse	99	4828555	56449	1
A_HP_23	83	Pulse	99	4848555	76449	1
A_HP_23	83	Pulse	99	4868555	96449	1
A_HP_23	83	Pulse	99	4888555	116449	1
A_HP_23	83	Pulse	99	4908555	136449	1
A_HP_23	83	Pulse	99	4928555	156449	1
A_HP_23	83	Pulse	99	4948554	176448	1
A_HP_23	83	Pulse	99	4968555	196449	1
A_HP_23	83	Pulse	99	4988555	216449	1
A_HP_23	83	Pulse	99	5008555	236449	1
A_HP_23	83	Pulse	99	5028555	256449	1
A_HP_23	83	Pulse	99	5048555	276449	1
A_HP_23	83	Pulse	99	5068555	296449	1
A_HP_23	84	Response	5	5088555	6219	1
A_HP_23	84	Pulse	99	5088555	6219	1
A_HP_23	85	Picture	response95	5089136	230	1	20229	1	0	20000	hit	394
A_HP_23	85	Response	4	5093754	4848	1
A_HP_23	85	Pulse	99	5108555	19649	1
A_HP_23	86	Picture	response89	5119594	289	1	20229	1	0	20000	incorrect	397
A_HP_23	86	Response	1	5123504	4198	1
A_HP_23	86	Pulse	99	5128554	9249	1
A_HP_23	86	Pulse	99	5148555	29249	1
A_HP_23	87	Picture	response92	5149885	179	1	20229	1	0	20000	hit	401
A_HP_23	87	Response	1	5156764	7058	1
A_HP_23	87	Pulse	99	5168555	18849	1
A_HP_23	88	Picture	response90	5180342	237	1	20229	1	0	20000	hit	404
A_HP_23	88	Response	1	5184973	4868	1
A_HP_23	88	Pulse	99	5188554	8449	1
A_HP_23	88	Pulse	99	5208555	28449	1
A_HP_23	89	Picture	response96	5210633	128	1	20229	1	0	20000	hit	408
A_HP_23	89	Response	1	5215414	4908	1
A_HP_23	89	Pulse	99	5228555	18049	1
A_HP_23	90	Picture	response91	5241258	353	1	20229	1	0	20000	hit	412
A_HP_23	90	Pulse	99	5248555	7650	1
A_HP_23	90	Response	4	5250313	9408	1
A_HP_23	90	Pulse	99	5268555	27650	1
A_HP_23	91	Picture	response93	5271549	244	1	20229	1	0	20000	hit	415
A_HP_23	91	Response	1	5279794	8488	1
A_HP_23	91	Pulse	99	5288555	17249	1
A_HP_23	92	Picture	response94	5301840	135	1	20229	1	0	20000	hit	418
A_HP_23	92	Response	4	5307364	5658	1
A_HP_23	92	Pulse	99	5308554	6849	1
A_HP_23	92	Pulse	99	5328555	26849	1
A_HP_23	93	Picture	ins10	5332298	192	1	30229	1	0	30000	other	0
A_HP_23	93	Pulse	99	5348555	16449	1
A_HP_23	93	Pulse	99	5368555	36449	1
A_HP_23	93	Pulse	99	5388555	56449	1
A_HP_23	93	Pulse	99	5408555	76449	1
A_HP_23	93	Pulse	99	5428555	96449	1
A_HP_23	93	Pulse	99	5448555	116449	1
A_HP_23	93	Pulse	99	5468555	136449	1
A_HP_23	93	Pulse	99	5488555	156449	1
A_HP_23	93	Pulse	99	5508555	176449	1
A_HP_23	93	Pulse	99	5528555	196449	1
A_HP_23	93	Pulse	99	5548555	216449	1
A_HP_23	93	Pulse	99	5568555	236449	1
A_HP_23	93	Pulse	99	5588555	256449	1
A_HP_23	93	Pulse	99	5608555	276449	1
A_HP_23	93	Pulse	99	5628554	296449	1
A_HP_23	94	Response	5	5648555	6219	1
A_HP_23	94	Pulse	99	5648555	6219	1
A_HP_23	95	Picture	response75	5649135	229	1	20229	1	0	20000	hit	440
A_HP_23	95	Response	3	5662254	13348	1
A_HP_23	95	Pulse	99	5668554	19648	1
A_HP_23	96	Picture	response74	5679593	288	1	20229	1	0	20000	hit	443
A_HP_23	96	Response	3	5686073	6768	1
A_HP_23	96	Pulse	99	5688554	9249	1
A_HP_23	96	Pulse	99	5708555	29250	1
A_HP_23	97	Picture	response78	5709884	179	1	20229	1	0	20000	hit	447
A_HP_23	97	Response	3	5715863	6158	1
A_HP_23	97	Pulse	99	5728555	18849	1
A_HP_23	98	Picture	response76	5740342	236	1	20229	1	0	20000	hit	450
A_HP_23	98	Response	3	5744423	4318	1
A_HP_23	98	Pulse	99	5748554	8449	1
A_HP_23	98	Pulse	99	5768555	28449	1
A_HP_23	99	Picture	response79	5770633	127	1	20229	1	0	20000	hit	454
A_HP_23	99	Response	1	5776443	5938	1
A_HP_23	99	Pulse	99	5788555	18049	1
A_HP_23	100	Picture	response73	5801257	352	1	20229	1	0	20000	incorrect	458
A_HP_23	100	Pulse	99	5808555	7650	1
A_HP_23	100	Response	1	5818933	18028	1
A_HP_23	100	Pulse	99	5828555	27649	1
A_HP_23	101	Picture	response80	5831548	243	1	20230	1	0	20000	hit	461
A_HP_23	101	Response	1	5847483	16178	1
A_HP_23	101	Pulse	99	5848554	17249	1
A_HP_23	102	Picture	response77	5861839	134	1	20229	1	0	20000	hit	465
A_HP_23	102	Pulse	99	5868555	6849	1
A_HP_23	102	Response	1	5870853	9147	1
A_HP_23	102	Pulse	99	5888554	26849	1
A_HP_23	103	Picture	ins18	5892297	191	1	30229	1	0	30000	other	0
A_HP_23	103	Pulse	99	5908554	16449	1
A_HP_23	103	Pulse	99	5928554	36449	1
A_HP_23	103	Pulse	99	5948554	56449	1
A_HP_23	103	Pulse	99	5968554	76449	1
A_HP_23	103	Pulse	99	5988554	96449	1
A_HP_23	103	Pulse	99	6008554	116449	1
A_HP_23	103	Pulse	99	6028554	136449	1
A_HP_23	103	Pulse	99	6048554	156449	1
A_HP_23	103	Pulse	99	6068554	176449	1
A_HP_23	103	Pulse	99	6088554	196449	1
A_HP_23	103	Pulse	99	6108554	216449	1
A_HP_23	103	Pulse	99	6128554	236449	1
A_HP_23	103	Pulse	99	6148554	256449	1
A_HP_23	103	Pulse	99	6168554	276449	1
A_HP_23	103	Pulse	99	6188554	296449	1
A_HP_23	104	Response	5	6208554	6218	1
A_HP_23	104	Pulse	99	6208554	6218	1
A_HP_23	105	Picture	response144	6209135	230	1	20229	1	0	20000	hit	486
A_HP_23	105	Response	2	6223323	14418	1
A_HP_23	105	Pulse	99	6228554	19649	1
A_HP_23	106	Picture	response137	6239593	288	1	20229	1	0	20000	hit	490
A_HP_23	106	Pulse	99	6248554	9249	1
A_HP_23	106	Response	4	6249852	10547	1
A_HP_23	106	Pulse	99	6268554	29249	1
A_HP_23	107	Picture	response141	6269884	179	1	20229	1	0	20000	hit	493
A_HP_23	107	Response	1	6281933	12228	1
A_HP_23	107	Pulse	99	6288554	18849	1
A_HP_23	108	Picture	response138	6300342	237	1	20229	1	0	20000	hit	496
A_HP_23	108	Response	3	6305253	5148	1
A_HP_23	108	Pulse	99	6308554	8449	1
A_HP_23	108	Pulse	99	6328554	28449	1
A_HP_23	109	Picture	response143	6330633	128	1	20229	1	0	20000	hit	500
A_HP_23	109	Response	3	6337683	7178	1
A_HP_23	109	Pulse	99	6348554	18049	1
A_HP_23	110	Picture	response140	6361257	352	1	20229	1	0	20000	hit	503
A_HP_23	110	Response	1	6367603	6698	1
A_HP_23	110	Pulse	99	6368553	7649	1
A_HP_23	110	Pulse	99	6388554	27650	1
A_HP_23	111	Picture	response142	6391549	244	1	20229	1	0	20000	hit	507
A_HP_23	111	Response	3	6397893	6588	1
A_HP_23	111	Pulse	99	6408554	17249	1
A_HP_23	112	Picture	response139	6421839	134	1	20229	1	0	20000	hit	511
A_HP_23	112	Pulse	99	6428554	6849	1
A_HP_23	112	Response	2	6433073	11368	1
A_HP_23	112	Pulse	99	6448554	26849	1
A_HP_23	113	Picture	ins16	6452298	193	1	30229	1	0	30000	other	0
A_HP_23	113	Pulse	99	6468554	16449	1
A_HP_23	113	Pulse	99	6488554	36449	1
A_HP_23	113	Pulse	99	6508554	56450	1
A_HP_23	113	Pulse	99	6528554	76450	1
A_HP_23	113	Pulse	99	6548554	96449	1
A_HP_23	113	Pulse	99	6568553	116448	1
A_HP_23	113	Pulse	99	6588554	136449	1
A_HP_23	113	Pulse	99	6608554	156450	1
A_HP_23	113	Pulse	99	6628554	176449	1
A_HP_23	113	Pulse	99	6648554	196450	1
A_HP_23	113	Pulse	99	6668554	216449	1
A_HP_23	113	Pulse	99	6688554	236450	1
A_HP_23	113	Pulse	99	6708554	256449	1
A_HP_23	113	Pulse	99	6728554	276449	1
A_HP_23	113	Pulse	99	6748554	296449	1
A_HP_23	114	Response	5	6768554	6219	1
A_HP_23	114	Pulse	99	6768554	6219	1
A_HP_23	115	Picture	response124	6769135	229	1	20229	1	0	20000	hit	532
A_HP_23	115	Response	4	6774993	6088	1
A_HP_23	115	Pulse	99	6788554	19649	1
A_HP_23	116	Picture	response127	6799592	287	1	20229	1	0	20000	hit	535
A_HP_23	116	Response	3	6805343	6038	1
A_HP_23	116	Pulse	99	6808553	9248	1
A_HP_23	116	Pulse	99	6828554	29249	1
A_HP_23	117	Picture	response128	6829884	179	1	20229	1	0	20000	hit	539
A_HP_23	117	Response	4	6836592	6888	1
A_HP_23	117	Pulse	99	6848554	18849	1
A_HP_23	118	Picture	response126	6860342	237	1	20229	1	0	20000	hit	543
A_HP_23	118	Pulse	99	6868554	8449	1
A_HP_23	118	Response	3	6871152	11048	1
A_HP_23	118	Pulse	99	6888554	28449	1
A_HP_23	119	Picture	response121	6890633	128	1	20229	1	0	20000	hit	546
A_HP_23	119	Response	4	6896832	6328	1
A_HP_23	119	Pulse	99	6908554	18049	1
A_HP_23	120	Picture	response123	6921257	353	1	20229	1	0	20000	hit	549
A_HP_23	120	Response	4	6924342	3438	1
A_HP_23	120	Pulse	99	6928553	7649	1
A_HP_23	120	Pulse	99	6948554	27649	1
A_HP_23	121	Picture	response125	6951548	244	1	20229	1	0	20000	hit	553
A_HP_23	121	Response	4	6955103	3798	1
A_HP_23	121	Pulse	99	6968554	17249	1
A_HP_23	122	Picture	response122	6981840	135	1	20229	1	0	20000	hit	557
A_HP_23	122	Pulse	99	6988553	6849	1
A_HP_23	122	Response	3	6989442	7737	1
A_HP_23	122	Pulse	99	7008553	26849	1
A_HP_23	123	Picture	thanks	7011797	0	1	10229	1	0	10000	other	0
A_HP_23	123	Pulse	99	7028554	16756	1


Event Type	Code	Type	Response	RT	RT Uncertainty	Time	Uncertainty	Duration	Uncertainty	ReqTime	ReqDur

Picture	ready	other				228869	1	10396	1	0	10000
Picture	ins2	other				289440	1	30230	1	0	30000
Picture	response11	hit	1	2848	2	609238	1	20229	1	0	20000
Picture	response14	hit	1	3480	2	639696	1	20229	1	0	20000
Picture	response12	hit	1	2618	2	669987	1	20229	1	0	20000
Picture	response13	hit	1	2347	2	700279	1	20229	1	0	20000
Picture	response15	hit	1	2292	2	730904	1	20229	1	0	20000
Picture	response10	hit	1	3050	2	761195	1	20229	1	0	20000
Picture	response16	hit	1	2642	2	791654	1	20229	1	0	20000
Picture	response9	hit	1	3210	2	821945	1	20229	1	0	20000
Picture	ins22	other				852404	1	30230	1	0	30000
Picture	response174	hit	1	8458	2	1169238	1	20229	1	0	20000
Picture	response175	hit	3	7470	2	1199696	1	20229	1	0	20000
Picture	response169	hit	2	12318	2	1229987	1	20229	1	0	20000
Picture	response173	hit	1	8836	2	1260279	1	20229	1	0	20000
Picture	response171	hit	3	8323	2	1290903	1	20229	1	0	20000
Picture	response172	hit	4	13271	2	1321194	1	20229	1	0	20000
Picture	response170	hit	4	12254	2	1351651	1	20229	1	0	20000
Picture	response176	hit	4	7842	2	1381942	1	20229	1	0	20000
Picture	ins24	other				1412400	1	30229	1	0	30000
Picture	response186	hit	2	9448	2	1729137	1	20229	1	0	20000
Picture	response187	hit	3	6860	2	1759595	1	20229	1	0	20000
Picture	response185	hit	3	6349	2	1789886	1	20229	1	0	20000
Picture	response188	hit	4	14761	2	1820344	1	20229	1	0	20000
Picture	response189	hit	1	6711	2	1850634	1	20229	1	0	20000
Picture	response190	hit	3	9405	2	1881259	1	20229	1	0	20000
Picture	response191	hit	2	8865	2	1911550	1	20229	1	0	20000
Picture	response192	hit	3	9023	2	1941841	1	20229	1	0	20000
Picture	ins6	other				1972299	1	30229	1	0	30000
Picture	response42	hit	3	2878	2	2289137	1	20229	1	0	20000
Picture	response45	hit	3	6000	2	2319595	1	20229	1	0	20000
Picture	response44	hit	3	2749	2	2349886	1	20229	1	0	20000
Picture	response43	hit	3	3151	2	2380344	1	20229	1	0	20000
Picture	response41	hit	3	3479	2	2410636	1	20229	1	0	20000
Picture	response47	hit	3	2914	2	2441261	1	20229	1	0	20000
Picture	response48	hit	3	2493	2	2471552	1	20229	1	0	20000
Picture	response46	hit	3	3371	2	2501844	1	20229	1	0	20000
Picture	ins14	other				2532302	1	30229	1	0	30000
Picture	response111	hit	4	4988	2	2849137	1	20229	1	0	20000
Picture	response106	hit	4	3450	2	2879595	1	20229	1	0	20000
Picture	response110	hit	2	4679	2	2909886	1	20229	1	0	20000
Picture	response109	hit	2	3701	2	2940344	1	20229	1	0	20000
Picture	response108	hit	2	3950	2	2970635	1	20229	1	0	20000
Picture	response107	hit	2	5945	2	3001260	1	20229	1	0	20000
Picture	response112	hit	4	4404	2	3031551	1	20229	1	0	20000
Picture	response105	hit	2	4413	2	3061842	1	20229	1	0	20000
Picture	ins20	other				3092299	1	30229	1	0	30000
Picture	response156	hit	1	7588	2	3409136	1	20229	1	0	20000
Picture	response153	hit	2	6481	2	3439594	1	20229	1	0	20000
Picture	response154	hit	3	4929	2	3469885	1	20229	1	0	20000
Picture	response157	hit	4	6202	2	3500342	1	20229	1	0	20000
Picture	response159	hit	4	3711	2	3530633	1	20229	1	0	20000
Picture	response155	hit	4	5688	2	3561257	1	20229	1	0	20000
Picture	response160	hit	1	9957	2	3591548	1	20229	1	0	20000
Picture	response158	hit	3	9435	2	3621839	1	20229	1	0	20000
Picture	ins8	other				3652296	1	30229	1	0	30000
Picture	response61	hit	4	4258	2	3969135	1	20229	1	0	20000
Picture	response62	hit	4	4141	2	3999593	1	20229	1	0	20000
Picture	response64	hit	4	3150	2	4029884	1	20230	1	0	20000
Picture	response58	hit	4	2791	2	4060342	1	20229	1	0	20000
Picture	response57	hit	4	2811	2	4090633	1	20229	1	0	20000
Picture	response60	hit	4	5486	2	4121258	1	20229	1	0	20000
Picture	response63	hit	4	3645	2	4151549	1	20229	1	0	20000
Picture	response59	hit	4	4844	2	4181840	1	20229	1	0	20000
Picture	ins4	other				4212298	1	30229	1	0	30000
Picture	response27	hit	2	4118	2	4529135	1	20229	1	0	20000
Picture	response29	hit	2	3401	2	4559593	1	20229	1	0	20000
Picture	response31	hit	2	3299	2	4589885	1	20229	1	0	20000
Picture	response28	hit	2	4241	2	4620343	1	20229	1	0	20000
Picture	response30	hit	2	2629	2	4650635	1	20229	1	0	20000
Picture	response32	hit	2	2144	2	4681260	1	20229	1	0	20000
Picture	response25	hit	2	4433	2	4711551	1	20229	1	0	20000
Picture	response26	hit	2	5431	2	4741843	1	20229	1	0	20000
Picture	ins12	other				4772301	1	30229	1	0	30000
Picture	response95	hit	4	4618	2	5089136	1	20229	1	0	20000
Picture	response89	incorrect	1	3910	2	5119594	1	20229	1	0	20000
Picture	response92	hit	1	6879	2	5149885	1	20229	1	0	20000
Picture	response90	hit	1	4631	2	5180342	1	20229	1	0	20000
Picture	response96	hit	1	4780	2	5210633	1	20229	1	0	20000
Picture	response91	hit	4	9055	2	5241258	1	20229	1	0	20000
Picture	response93	hit	1	8244	2	5271549	1	20229	1	0	20000
Picture	response94	hit	4	5523	2	5301840	1	20229	1	0	20000
Picture	ins10	other				5332298	1	30229	1	0	30000
Picture	response75	hit	3	13118	2	5649135	1	20229	1	0	20000
Picture	response74	hit	3	6480	2	5679593	1	20229	1	0	20000
Picture	response78	hit	3	5979	2	5709884	1	20229	1	0	20000
Picture	response76	hit	3	4082	2	5740342	1	20229	1	0	20000
Picture	response79	hit	1	5811	2	5770633	1	20229	1	0	20000
Picture	response73	incorrect	1	17676	2	5801257	1	20229	1	0	20000
Picture	response80	hit	1	15935	2	5831548	1	20230	1	0	20000
Picture	response77	hit	1	9013	2	5861839	1	20229	1	0	20000
Picture	ins18	other				5892297	1	30229	1	0	30000
Picture	response144	hit	2	14188	2	6209135	1	20229	1	0	20000
Picture	response137	hit	4	10259	2	6239593	1	20229	1	0	20000
Picture	response141	hit	1	12049	2	6269884	1	20229	1	0	20000
Picture	response138	hit	3	4911	2	6300342	1	20229	1	0	20000
Picture	response143	hit	3	7050	2	6330633	1	20229	1	0	20000
Picture	response140	hit	1	6346	2	6361257	1	20229	1	0	20000
Picture	response142	hit	3	6344	2	6391549	1	20229	1	0	20000
Picture	response139	hit	2	11233	2	6421839	1	20229	1	0	20000
Picture	ins16	other				6452298	1	30229	1	0	30000
Picture	response124	hit	4	5858	2	6769135	1	20229	1	0	20000
Picture	response127	hit	3	5751	2	6799592	1	20229	1	0	20000
Picture	response128	hit	4	6709	2	6829884	1	20229	1	0	20000
Picture	response126	hit	3	10810	2	6860342	1	20229	1	0	20000
Picture	response121	hit	4	6199	2	6890633	1	20229	1	0	20000
Picture	response123	hit	4	3085	2	6921257	1	20229	1	0	20000
Picture	response125	hit	4	3554	2	6951548	1	20229	1	0	20000
Picture	response122	hit	3	7603	2	6981840	1	20229	1	0	20000
Picture	thanks	other				7011797	1	10229	1	0	10000


{
   "app": "Presentation Version 21.0 Build 06.06.19",
   "device": "LENOVO 20KHCTO1WW",
   "experiment": "{C0C68DB1-10BA-42F2-8F79-3F2AFFEED4E4}",
   "os": "Windows 10 64 bit",
   "package": "",
   "parameters": {
      "configuration": "Default configuration"
   },
   "scenario": "Response experiment(2).sce",
   "subject": "A_HP_23",
   "timestamp": "2019/10/17 07:02:33 GMT"
}
