Scenario - 
Logfile written - 01/16/2020 15:40:33

Subject	Trial	Event Type	Code	Time	TTime	Uncertainty	Duration	Uncertainty	ReqTime	ReqDur	Stim Type	Pair Index

A_HP_48	1	Response	5	1287308	1286185	1
A_HP_48	1	Pulse	99	1287308	1286185	1
A_HP_48	2	Picture	ready	1287374	0	1	10162	1	0	10000	other	0
A_HP_48	2	Pulse	99	1307308	19934	1
A_HP_48	2	Pulse	99	1327308	39933	1
A_HP_48	2	Pulse	99	1347308	59933	1
A_HP_48	3	Picture	ins4	1347847	99	1	30153	1	0	30000	other	0
A_HP_48	3	Pulse	99	1367308	19560	1
A_HP_48	3	Pulse	99	1387308	39560	1
A_HP_48	3	Pulse	99	1407308	59560	1
A_HP_48	3	Pulse	99	1427308	79560	1
A_HP_48	3	Pulse	99	1447308	99560	1
A_HP_48	3	Pulse	99	1467308	119560	1
A_HP_48	3	Pulse	99	1487308	139560	1
A_HP_48	3	Pulse	99	1507308	159560	1
A_HP_48	3	Pulse	99	1527308	179560	1
A_HP_48	3	Pulse	99	1547308	199560	1
A_HP_48	3	Pulse	99	1567308	219560	1
A_HP_48	3	Pulse	99	1587308	239560	1
A_HP_48	3	Pulse	99	1607308	259560	1
A_HP_48	3	Pulse	99	1627308	279560	1
A_HP_48	3	Pulse	99	1647308	299560	1
A_HP_48	4	Response	5	1667308	9435	1
A_HP_48	4	Pulse	99	1667308	9435	1
A_HP_48	5	Picture	response32	1667702	54	1	20158	1	0	20000	hit	26
A_HP_48	5	Response	2	1680797	13149	1
A_HP_48	5	Pulse	99	1687308	19660	1
A_HP_48	6	Picture	response25	1698188	140	1	20158	1	0	20000	hit	29
A_HP_48	6	Response	2	1702307	4259	1
A_HP_48	6	Pulse	99	1707308	9260	1
A_HP_48	6	Pulse	99	1727308	29260	1
A_HP_48	7	Picture	response28	1728508	60	1	20158	1	0	20000	hit	33
A_HP_48	7	Response	2	1732457	4009	1
A_HP_48	7	Pulse	99	1747308	18860	1
A_HP_48	8	Picture	response31	1758994	146	1	20158	1	0	20000	hit	36
A_HP_48	8	Response	2	1763827	4978	1
A_HP_48	8	Pulse	99	1767308	8459	1
A_HP_48	8	Pulse	99	1787308	28460	1
A_HP_48	9	Picture	response26	1789314	66	1	20157	1	0	20000	hit	40
A_HP_48	9	Response	2	1792707	3459	1
A_HP_48	9	Pulse	99	1807308	18060	1
A_HP_48	10	Picture	response30	1819800	152	1	20158	1	0	20000	hit	43
A_HP_48	10	Response	2	1823727	4079	1
A_HP_48	10	Pulse	99	1827308	7660	1
A_HP_48	10	Pulse	99	1847308	27660	1
A_HP_48	11	Picture	response27	1850120	71	1	20157	1	0	20000	hit	47
A_HP_48	11	Response	2	1854397	4348	1
A_HP_48	11	Pulse	99	1867308	17260	1
A_HP_48	12	Picture	response29	1880606	158	1	20158	1	0	20000	hit	50
A_HP_48	12	Response	2	1884226	3778	1
A_HP_48	12	Pulse	99	1887308	6860	1
A_HP_48	12	Pulse	99	1907308	26860	1
A_HP_48	13	Picture	ins10	1910925	77	1	30153	1	0	30000	other	0
A_HP_48	13	Pulse	99	1927308	16460	1
A_HP_48	13	Pulse	99	1947308	36460	1
A_HP_48	13	Pulse	99	1967308	56460	1
A_HP_48	13	Pulse	99	1987309	76461	1
A_HP_48	13	Pulse	99	2007308	96460	1
A_HP_48	13	Pulse	99	2027308	116460	1
A_HP_48	13	Pulse	99	2047308	136460	1
A_HP_48	13	Pulse	99	2067308	156460	1
A_HP_48	13	Pulse	99	2087308	176460	1
A_HP_48	13	Pulse	99	2107308	196460	1
A_HP_48	13	Pulse	99	2127308	216460	1
A_HP_48	13	Pulse	99	2147308	236460	1
A_HP_48	13	Pulse	99	2167308	256460	1
A_HP_48	13	Pulse	99	2187308	276460	1
A_HP_48	13	Pulse	99	2207308	296460	1
A_HP_48	14	Response	5	2227308	6356	1
A_HP_48	14	Pulse	99	2227308	6356	1
A_HP_48	15	Picture	response75	2227782	134	1	20158	1	0	20000	hit	72
A_HP_48	15	Response	3	2240657	13009	1
A_HP_48	15	Pulse	99	2247308	19660	1
A_HP_48	16	Picture	response79	2258102	53	1	20158	1	0	20000	hit	75
A_HP_48	16	Response	1	2265517	7469	1
A_HP_48	16	Pulse	99	2267308	9260	1
A_HP_48	16	Pulse	99	2287308	29260	1
A_HP_48	17	Picture	response73	2288588	139	1	20158	1	0	20000	hit	79
A_HP_48	17	Response	3	2298527	10079	1
A_HP_48	17	Pulse	99	2307308	18860	1
A_HP_48	18	Picture	response77	2318907	59	1	20157	1	0	20000	hit	83
A_HP_48	18	Pulse	99	2327308	8460	1
A_HP_48	18	Response	1	2332977	14129	1
A_HP_48	18	Pulse	99	2347308	28460	1
A_HP_48	19	Picture	response76	2349394	145	1	20158	1	0	20000	hit	86
A_HP_48	19	Response	3	2360927	11679	1
A_HP_48	19	Pulse	99	2367308	18060	1
A_HP_48	20	Picture	response78	2379713	65	1	20158	1	0	20000	hit	89
A_HP_48	20	Response	3	2384297	4649	1
A_HP_48	20	Pulse	99	2387308	7660	1
A_HP_48	20	Pulse	99	2407309	27660	1
A_HP_48	21	Picture	response74	2410199	151	1	20158	1	0	20000	hit	93
A_HP_48	21	Response	3	2414977	4929	1
A_HP_48	21	Pulse	99	2427309	17260	1
A_HP_48	22	Picture	response80	2440519	71	1	20158	1	0	20000	hit	97
A_HP_48	22	Pulse	99	2447308	6860	1
A_HP_48	22	Response	1	2448356	7908	1
A_HP_48	22	Pulse	99	2467308	26860	1
A_HP_48	23	Picture	ins12	2471005	157	1	30153	1	0	30000	other	0
A_HP_48	23	Pulse	99	2487309	16460	1
A_HP_48	23	Pulse	99	2507308	36460	1
A_HP_48	23	Pulse	99	2527308	56460	1
A_HP_48	23	Pulse	99	2547308	76460	1
A_HP_48	23	Pulse	99	2567308	96460	1
A_HP_48	23	Pulse	99	2587308	116460	1
A_HP_48	23	Pulse	99	2607309	136460	1
A_HP_48	23	Pulse	99	2627309	156460	1
A_HP_48	23	Pulse	99	2647309	176460	1
A_HP_48	23	Pulse	99	2667309	196460	1
A_HP_48	23	Pulse	99	2687309	216461	1
A_HP_48	23	Pulse	99	2707309	236460	1
A_HP_48	23	Pulse	99	2727308	256460	1
A_HP_48	23	Pulse	99	2747308	276460	1
A_HP_48	23	Pulse	99	2767309	296460	1
A_HP_48	24	Response	5	2787309	6277	1
A_HP_48	24	Pulse	99	2787309	6277	1
A_HP_48	25	Picture	response90	2787695	47	1	20158	1	0	20000	hit	118
A_HP_48	25	Response	1	2795127	7479	1
A_HP_48	25	Pulse	99	2807308	19660	1
A_HP_48	26	Picture	response92	2818182	133	1	20158	1	0	20000	hit	121
A_HP_48	26	Response	1	2824547	6499	1
A_HP_48	26	Pulse	99	2827309	9260	1
A_HP_48	26	Pulse	99	2847308	29260	1
A_HP_48	27	Picture	response94	2848501	53	1	20157	1	0	20000	hit	125
A_HP_48	27	Response	4	2854207	5759	1
A_HP_48	27	Pulse	99	2867309	18860	1
A_HP_48	28	Picture	response95	2878987	139	1	20158	1	0	20000	hit	128
A_HP_48	28	Response	4	2886488	7639	1
A_HP_48	28	Pulse	99	2887308	8460	1
A_HP_48	28	Pulse	99	2907309	28460	1
A_HP_48	29	Picture	response96	2909307	58	1	20158	1	0	20000	hit	132
A_HP_48	29	Response	1	2915157	5909	1
A_HP_48	29	Pulse	99	2927308	18060	1
A_HP_48	30	Picture	response89	2939793	144	1	20157	1	0	20000	incorrect	135
A_HP_48	30	Response	1	2946747	7099	1
A_HP_48	30	Pulse	99	2947308	7660	1
A_HP_48	30	Pulse	99	2967309	27660	1
A_HP_48	31	Picture	response91	2970113	64	1	20158	1	0	20000	incorrect	139
A_HP_48	31	Response	1	2974787	4739	1
A_HP_48	31	Pulse	99	2987309	17260	1
A_HP_48	32	Picture	response93	3000599	150	1	20158	1	0	20000	hit	143
A_HP_48	32	Pulse	99	3007309	6860	1
A_HP_48	32	Response	1	3008597	8148	1
A_HP_48	32	Pulse	99	3027309	26860	1
A_HP_48	33	Picture	ins16	3030919	70	1	30153	1	0	30000	other	0
A_HP_48	33	Pulse	99	3047309	16460	1
A_HP_48	33	Pulse	99	3067309	36460	1
A_HP_48	33	Pulse	99	3087309	56460	1
A_HP_48	33	Pulse	99	3107309	76460	1
A_HP_48	33	Pulse	99	3127309	96460	1
A_HP_48	33	Pulse	99	3147309	116460	1
A_HP_48	33	Pulse	99	3167309	136460	1
A_HP_48	33	Pulse	99	3187310	156461	1
A_HP_48	33	Pulse	99	3207309	176460	1
A_HP_48	33	Pulse	99	3227309	196460	1
A_HP_48	33	Pulse	99	3247309	216460	1
A_HP_48	33	Pulse	99	3267309	236460	1
A_HP_48	33	Pulse	99	3287309	256460	1
A_HP_48	33	Pulse	99	3307309	276460	1
A_HP_48	33	Pulse	99	3327309	296460	1
A_HP_48	34	Response	5	3347309	6364	1
A_HP_48	34	Pulse	99	3347309	6364	1
A_HP_48	35	Picture	response125	3347775	126	1	20158	1	0	20000	hit	164
A_HP_48	35	Response	4	3355508	7859	1
A_HP_48	35	Pulse	99	3367309	19660	1
A_HP_48	36	Picture	response123	3378095	46	1	20157	1	0	20000	hit	167
A_HP_48	36	Response	4	3383168	5119	1
A_HP_48	36	Pulse	99	3387309	9260	1
A_HP_48	36	Pulse	99	3407309	29260	1
A_HP_48	37	Picture	response126	3408581	132	1	20158	1	0	20000	hit	171
A_HP_48	37	Response	3	3423809	15360	1
A_HP_48	37	Pulse	99	3427309	18860	1
A_HP_48	38	Picture	response124	3438901	51	1	20158	1	0	20000	hit	174
A_HP_48	38	Response	4	3445327	6478	1
A_HP_48	38	Pulse	99	3447308	8459	1
A_HP_48	38	Pulse	99	3467309	28460	1
A_HP_48	39	Picture	response128	3469387	138	1	20158	1	0	20000	hit	178
A_HP_48	39	Response	4	3475248	5999	1
A_HP_48	39	Pulse	99	3487309	18060	1
A_HP_48	40	Picture	response122	3499707	57	1	20157	1	0	20000	hit	181
A_HP_48	40	Response	3	3506288	6639	1
A_HP_48	40	Pulse	99	3507309	7660	1
A_HP_48	40	Pulse	99	3527309	27660	1
A_HP_48	41	Picture	response127	3530193	144	1	20158	1	0	20000	hit	185
A_HP_48	41	Response	3	3541418	11369	1
A_HP_48	41	Pulse	99	3547309	17260	1
A_HP_48	42	Picture	response121	3560512	63	1	20158	1	0	20000	hit	188
A_HP_48	42	Response	4	3565718	5269	1
A_HP_48	42	Pulse	99	3567309	6860	1
A_HP_48	42	Pulse	99	3587310	26861	1
A_HP_48	43	Picture	ins8	3590999	149	1	30153	1	0	30000	other	0
A_HP_48	43	Pulse	99	3607309	16460	1
A_HP_48	43	Pulse	99	3627309	36460	1
A_HP_48	43	Pulse	99	3647309	56460	1
A_HP_48	43	Pulse	99	3667309	76460	1
A_HP_48	43	Pulse	99	3687309	96460	1
A_HP_48	43	Pulse	99	3707309	116460	1
A_HP_48	43	Pulse	99	3727309	136460	1
A_HP_48	43	Pulse	99	3747309	156460	1
A_HP_48	43	Pulse	99	3767309	176460	1
A_HP_48	43	Pulse	99	3787309	196460	1
A_HP_48	43	Pulse	99	3807309	216460	1
A_HP_48	43	Pulse	99	3827309	236460	1
A_HP_48	43	Pulse	99	3847309	256460	1
A_HP_48	43	Pulse	99	3867309	276460	1
A_HP_48	43	Pulse	99	3887309	296460	1
A_HP_48	44	Response	5	3907230	6205	1
A_HP_48	44	Pulse	99	3907230	6205	1
A_HP_48	45	Picture	response64	3907689	39	1	20158	1	0	20000	hit	210
A_HP_48	45	Response	4	3912768	5119	1
A_HP_48	45	Pulse	99	3927309	19660	1
A_HP_48	46	Picture	response61	3938175	126	1	20158	1	0	20000	hit	213
A_HP_48	46	Response	4	3942998	4949	1
A_HP_48	46	Pulse	99	3947309	9260	1
A_HP_48	46	Pulse	99	3967230	29180	1
A_HP_48	47	Picture	response58	3968494	45	1	20158	1	0	20000	hit	217
A_HP_48	47	Response	4	3972458	4009	1
A_HP_48	47	Pulse	99	3987309	18860	1
A_HP_48	48	Picture	response60	3998981	131	1	20158	1	0	20000	hit	220
A_HP_48	48	Response	4	4002558	3708	1
A_HP_48	48	Pulse	99	4007309	8460	1
A_HP_48	48	Pulse	99	4027230	28380	1
A_HP_48	49	Picture	response57	4029300	51	1	20157	1	0	20000	hit	224
A_HP_48	49	Response	4	4034248	4999	1
A_HP_48	49	Pulse	99	4047309	18060	1
A_HP_48	50	Picture	response59	4059786	137	1	20158	1	0	20000	hit	227
A_HP_48	50	Response	4	4064538	4889	1
A_HP_48	50	Pulse	99	4067309	7659	1
A_HP_48	50	Pulse	99	4087309	27660	1
A_HP_48	51	Picture	response62	4090106	57	1	20157	1	0	20000	hit	231
A_HP_48	51	Response	4	4093958	3909	1
A_HP_48	51	Pulse	99	4107309	17260	1
A_HP_48	52	Picture	response63	4120592	143	1	20158	1	0	20000	hit	234
A_HP_48	52	Response	4	4124028	3579	1
A_HP_48	52	Pulse	99	4127309	6860	1
A_HP_48	52	Pulse	99	4147309	26860	1
A_HP_48	53	Picture	ins22	4150912	62	1	30153	1	0	30000	other	0
A_HP_48	53	Pulse	99	4167309	16460	1
A_HP_48	53	Pulse	99	4187310	36460	1
A_HP_48	53	Pulse	99	4207309	56460	1
A_HP_48	53	Pulse	99	4227309	76460	1
A_HP_48	53	Pulse	99	4247309	96460	1
A_HP_48	53	Pulse	99	4267309	116460	1
A_HP_48	53	Pulse	99	4287310	136460	1
A_HP_48	53	Pulse	99	4307309	156460	1
A_HP_48	53	Pulse	99	4327309	176460	1
A_HP_48	53	Pulse	99	4347309	196460	1
A_HP_48	53	Pulse	99	4367309	216460	1
A_HP_48	53	Pulse	99	4387310	236460	1
A_HP_48	53	Pulse	99	4407309	256460	1
A_HP_48	53	Pulse	99	4427310	276460	1
A_HP_48	53	Pulse	99	4447309	296460	1
A_HP_48	54	Response	5	4467230	6292	1
A_HP_48	54	Pulse	99	4467230	6292	1
A_HP_48	55	Picture	response172	4467769	119	1	20157	1	0	20000	hit	256
A_HP_48	55	Response	4	4476708	9059	1
A_HP_48	55	Pulse	99	4487310	19660	1
A_HP_48	56	Picture	response173	4498088	39	1	20158	1	0	20000	hit	260
A_HP_48	56	Pulse	99	4507310	9260	1
A_HP_48	56	Response	1	4509038	10988	1
A_HP_48	56	Pulse	99	4527229	29180	1
A_HP_48	57	Picture	response174	4528574	125	1	20158	1	0	20000	hit	263
A_HP_48	57	Response	1	4534678	6228	1
A_HP_48	57	Pulse	99	4547309	18860	1
A_HP_48	58	Picture	response170	4558894	44	1	20158	1	0	20000	hit	267
A_HP_48	58	Pulse	99	4567310	8460	1
A_HP_48	58	Response	4	4574168	15319	1
A_HP_48	58	Pulse	99	4587230	28380	1
A_HP_48	59	Picture	response169	4589380	131	1	20158	1	0	20000	hit	270
A_HP_48	59	Response	2	4601638	12389	1
A_HP_48	59	Pulse	99	4607310	18060	1
A_HP_48	60	Picture	response175	4619700	50	1	20157	1	0	20000	hit	273
A_HP_48	60	Response	3	4625798	6149	1
A_HP_48	60	Pulse	99	4627309	7660	1
A_HP_48	60	Pulse	99	4647230	27580	1
A_HP_48	61	Picture	response176	4650186	136	1	20158	1	0	20000	hit	277
A_HP_48	61	Response	4	4659778	9729	1
A_HP_48	61	Pulse	99	4667309	17260	1
A_HP_48	62	Picture	response171	4680506	56	1	20158	1	0	20000	hit	281
A_HP_48	62	Pulse	99	4687310	6860	1
A_HP_48	62	Response	3	4694788	14339	1
A_HP_48	62	Pulse	99	4707230	26780	1
A_HP_48	63	Picture	ins18	4710992	142	1	30153	1	0	30000	other	0
A_HP_48	63	Pulse	99	4727310	16460	1
A_HP_48	63	Pulse	99	4747310	36460	1
A_HP_48	63	Pulse	99	4767230	56380	1
A_HP_48	63	Pulse	99	4787310	76460	1
A_HP_48	63	Pulse	99	4807309	96460	1
A_HP_48	63	Pulse	99	4827230	116380	1
A_HP_48	63	Pulse	99	4847310	136460	1
A_HP_48	63	Pulse	99	4867310	156460	1
A_HP_48	63	Pulse	99	4887230	176380	1
A_HP_48	63	Pulse	99	4907310	196460	1
A_HP_48	63	Pulse	99	4927310	216460	1
A_HP_48	63	Pulse	99	4947229	236380	1
A_HP_48	63	Pulse	99	4967229	256380	1
A_HP_48	63	Pulse	99	4987310	276460	1
A_HP_48	63	Pulse	99	5007230	296380	1
A_HP_48	64	Response	5	5027230	6211	1
A_HP_48	64	Pulse	99	5027230	6211	1
A_HP_48	65	Picture	response144	5027682	132	1	20158	1	0	20000	hit	302
A_HP_48	65	Response	2	5043568	16018	1
A_HP_48	65	Pulse	99	5047309	19760	1
A_HP_48	66	Picture	response138	5058001	51	1	20158	1	0	20000	hit	306
A_HP_48	66	Pulse	99	5067230	9280	1
A_HP_48	66	Response	3	5069319	11369	1
A_HP_48	66	Pulse	99	5087230	29280	1
A_HP_48	67	Picture	response140	5088488	138	1	20158	1	0	20000	hit	309
A_HP_48	67	Response	1	5094049	5699	1
A_HP_48	67	Pulse	99	5107310	18960	1
A_HP_48	68	Picture	response143	5118807	57	1	20158	1	0	20000	hit	313
A_HP_48	68	Pulse	99	5127229	8479	1
A_HP_48	68	Response	3	5130059	11309	1
A_HP_48	68	Pulse	99	5147229	28479	1
A_HP_48	69	Picture	response139	5149294	144	1	20158	1	0	20000	hit	316
A_HP_48	69	Response	2	5164859	15709	1
A_HP_48	69	Pulse	99	5167309	18160	1
A_HP_48	70	Picture	response141	5179613	63	1	20158	1	0	20000	hit	319
A_HP_48	70	Response	1	5186128	6578	1
A_HP_48	70	Pulse	99	5187310	7760	1
A_HP_48	70	Pulse	99	5207229	27679	1
A_HP_48	71	Picture	response142	5210099	149	1	20158	1	0	20000	hit	323
A_HP_48	71	Response	3	5221578	11628	1
A_HP_48	71	Pulse	99	5227310	17360	1
A_HP_48	72	Picture	response137	5240419	69	1	20157	1	0	20000	hit	326
A_HP_48	72	Response	4	5246349	5999	1
A_HP_48	72	Pulse	99	5247309	6959	1
A_HP_48	72	Pulse	99	5267230	26880	1
A_HP_48	73	Picture	ins24	5270905	155	1	30153	1	0	30000	other	0
A_HP_48	73	Pulse	99	5287310	16560	1
A_HP_48	73	Pulse	99	5307310	36560	1
A_HP_48	73	Pulse	99	5327230	56480	1
A_HP_48	73	Pulse	99	5347310	76560	1
A_HP_48	73	Pulse	99	5367310	96560	1
A_HP_48	73	Pulse	99	5387231	116480	1
A_HP_48	73	Pulse	99	5407310	136560	1
A_HP_48	73	Pulse	99	5427310	156560	1
A_HP_48	73	Pulse	99	5447230	176480	1
A_HP_48	73	Pulse	99	5467310	196560	1
A_HP_48	73	Pulse	99	5487310	216560	1
A_HP_48	73	Pulse	99	5507231	236481	1
A_HP_48	73	Pulse	99	5527230	256480	1
A_HP_48	73	Pulse	99	5547310	276560	1
A_HP_48	73	Pulse	99	5567230	296480	1
A_HP_48	74	Response	5	5587230	6299	1
A_HP_48	74	Pulse	99	5587230	6299	1
A_HP_48	75	Picture	response189	5587762	112	1	20157	1	0	20000	hit	348
A_HP_48	75	Response	1	5607309	19659	1
A_HP_48	75	Pulse	99	5607311	19660	1
A_HP_48	76	Picture	response188	5618248	198	1	20158	1	0	20000	incorrect	352
A_HP_48	76	Pulse	99	5627230	9180	1
A_HP_48	76	Response	2	5633469	15418	1
A_HP_48	76	Pulse	99	5647230	29180	1
A_HP_48	77	Picture	response192	5648568	117	1	20158	1	0	20000	hit	355
A_HP_48	77	Response	3	5660249	11799	1
A_HP_48	77	Pulse	99	5667310	18860	1
A_HP_48	78	Picture	response187	5678887	37	1	20157	1	0	20000	hit	359
A_HP_48	78	Pulse	99	5687231	8380	1
A_HP_48	78	Response	3	5688358	9508	1
A_HP_48	78	Pulse	99	5707230	28379	1
A_HP_48	79	Picture	response186	5709373	123	1	20158	1	0	20000	hit	362
A_HP_48	79	Response	2	5717109	7859	1
A_HP_48	79	Pulse	99	5727310	18060	1
A_HP_48	80	Picture	response191	5739693	43	1	20158	1	0	20000	hit	366
A_HP_48	80	Pulse	99	5747230	7580	1
A_HP_48	80	Response	2	5749949	10298	1
A_HP_48	80	Pulse	99	5767230	27580	1
A_HP_48	81	Picture	response185	5770179	129	1	20158	1	0	20000	hit	369
A_HP_48	81	Response	3	5780009	9959	1
A_HP_48	81	Pulse	99	5787310	17260	1
A_HP_48	82	Picture	response190	5800499	49	1	20157	1	0	20000	hit	373
A_HP_48	82	Pulse	99	5807230	6780	1
A_HP_48	82	Response	3	5811869	11419	1
A_HP_48	82	Pulse	99	5827230	26780	1
A_HP_48	83	Picture	ins20	5830985	135	1	30153	1	0	30000	other	0
A_HP_48	83	Pulse	99	5847310	16460	1
A_HP_48	83	Pulse	99	5867231	36380	1
A_HP_48	83	Pulse	99	5887230	56380	1
A_HP_48	83	Pulse	99	5907310	76460	1
A_HP_48	83	Pulse	99	5927230	96380	1
A_HP_48	83	Pulse	99	5947230	116380	1
A_HP_48	83	Pulse	99	5967310	136460	1
A_HP_48	83	Pulse	99	5987230	156380	1
A_HP_48	83	Pulse	99	6007231	176381	1
A_HP_48	83	Pulse	99	6027310	196460	1
A_HP_48	83	Pulse	99	6047231	216381	1
A_HP_48	83	Pulse	99	6067230	236380	1
A_HP_48	83	Pulse	99	6087230	256380	1
A_HP_48	83	Pulse	99	6107230	276380	1
A_HP_48	83	Pulse	99	6127230	296380	1
A_HP_48	84	Response	5	6147230	6219	1
A_HP_48	84	Pulse	99	6147230	6219	1
A_HP_48	85	Picture	response153	6147675	25	1	20157	1	0	20000	hit	394
A_HP_48	85	Response	2	6160489	12839	1
A_HP_48	85	Pulse	99	6167230	19579	1
A_HP_48	86	Picture	response154	6178162	111	1	20157	1	0	20000	hit	398
A_HP_48	86	Pulse	99	6187230	9180	1
A_HP_48	86	Response	3	6187939	9888	1
A_HP_48	86	Pulse	99	6207230	29180	1
A_HP_48	87	Picture	response155	6208648	197	1	20158	1	0	20000	hit	401
A_HP_48	87	Response	4	6216849	8398	1
A_HP_48	87	Pulse	99	6227230	18780	1
A_HP_48	88	Picture	response156	6238967	117	1	20157	1	0	20000	hit	404
A_HP_48	88	Response	1	6244299	5448	1
A_HP_48	88	Pulse	99	6247230	8379	1
A_HP_48	88	Pulse	99	6267231	28380	1
A_HP_48	89	Picture	response160	6269287	36	1	20158	1	0	20000	hit	408
A_HP_48	89	Response	1	6276229	6978	1
A_HP_48	89	Pulse	99	6287230	17979	1
A_HP_48	90	Picture	response158	6299773	122	1	20158	1	0	20000	hit	412
A_HP_48	90	Pulse	99	6307230	7580	1
A_HP_48	90	Response	3	6308959	9309	1
A_HP_48	90	Pulse	99	6327230	27580	1
A_HP_48	91	Picture	response157	6330093	42	1	20158	1	0	20000	hit	415
A_HP_48	91	Response	4	6339110	9059	1
A_HP_48	91	Pulse	99	6347310	17260	1
A_HP_48	92	Picture	response159	6360579	128	1	20158	1	0	20000	hit	419
A_HP_48	92	Pulse	99	6367231	6780	1
A_HP_48	92	Response	4	6370979	10529	1
A_HP_48	92	Pulse	99	6387231	26780	1
A_HP_48	93	Picture	ins14	6390898	48	1	30153	1	0	30000	other	0
A_HP_48	93	Pulse	99	6407311	16460	1
A_HP_48	93	Pulse	99	6427230	36380	1
A_HP_48	93	Pulse	99	6447231	56380	1
A_HP_48	93	Pulse	99	6467311	76460	1
A_HP_48	93	Pulse	99	6487231	96380	1
A_HP_48	93	Pulse	99	6507231	116380	1
A_HP_48	93	Pulse	99	6527311	136460	1
A_HP_48	93	Pulse	99	6547231	156380	1
A_HP_48	93	Pulse	99	6567231	176380	1
A_HP_48	93	Pulse	99	6587231	196380	1
A_HP_48	93	Pulse	99	6607231	216380	1
A_HP_48	93	Pulse	99	6627230	236380	1
A_HP_48	93	Pulse	99	6647231	256380	1
A_HP_48	93	Pulse	99	6667231	276380	1
A_HP_48	93	Pulse	99	6687230	296380	1
A_HP_48	94	Response	5	6707231	6306	1
A_HP_48	94	Pulse	99	6707231	6306	1
A_HP_48	95	Picture	response109	6707589	38	1	20157	1	0	20000	hit	440
A_HP_48	95	Response	2	6718729	11178	1
A_HP_48	95	Pulse	99	6727231	19680	1
A_HP_48	96	Picture	response108	6738075	124	1	20158	1	0	20000	hit	443
A_HP_48	96	Response	2	6743590	5639	1
A_HP_48	96	Pulse	99	6747230	9279	1
A_HP_48	96	Pulse	99	6767231	29280	1
A_HP_48	97	Picture	response106	6768394	44	1	20158	1	0	20000	hit	447
A_HP_48	97	Response	4	6774069	5718	1
A_HP_48	97	Pulse	99	6787231	18880	1
A_HP_48	98	Picture	response111	6798881	130	1	20158	1	0	20000	hit	450
A_HP_48	98	Response	4	6806690	7939	1
A_HP_48	98	Pulse	99	6807230	8479	1
A_HP_48	98	Pulse	99	6827230	28480	1
A_HP_48	99	Picture	response105	6829200	49	1	20157	1	0	20000	hit	454
A_HP_48	99	Response	2	6839509	10358	1
A_HP_48	99	Pulse	99	6847231	18080	1
A_HP_48	100	Picture	response110	6859686	135	1	20158	1	0	20000	hit	458
A_HP_48	100	Pulse	99	6867231	7680	1
A_HP_48	100	Response	2	6871189	11638	1
A_HP_48	100	Pulse	99	6887231	27680	1
A_HP_48	101	Picture	response107	6890006	55	1	20158	1	0	20000	hit	461
A_HP_48	101	Response	2	6902369	12419	1
A_HP_48	101	Pulse	99	6907231	17280	1
A_HP_48	102	Picture	response112	6920492	141	1	20158	1	0	20000	hit	465
A_HP_48	102	Pulse	99	6927231	6880	1
A_HP_48	102	Response	4	6927609	7258	1
A_HP_48	102	Pulse	99	6947231	26880	1
A_HP_48	103	Picture	ins2	6950812	61	1	30153	1	0	30000	other	0
A_HP_48	103	Pulse	99	6967230	16479	1
A_HP_48	103	Pulse	99	6987231	36479	1
A_HP_48	103	Pulse	99	7007231	56479	1
A_HP_48	103	Pulse	99	7027231	76480	1
A_HP_48	103	Pulse	99	7047232	96480	1
A_HP_48	103	Pulse	99	7067231	116480	1
A_HP_48	103	Pulse	99	7087231	136480	1
A_HP_48	103	Pulse	99	7107231	156480	1
A_HP_48	103	Pulse	99	7127231	176480	1
A_HP_48	103	Pulse	99	7147231	196480	1
A_HP_48	103	Pulse	99	7167231	216480	1
A_HP_48	103	Pulse	99	7187231	236480	1
A_HP_48	103	Pulse	99	7207231	256480	1
A_HP_48	103	Pulse	99	7227231	276480	1
A_HP_48	103	Pulse	99	7247231	296480	1
A_HP_48	104	Response	5	7267231	6393	1
A_HP_48	104	Pulse	99	7267231	6393	1
A_HP_48	105	Picture	response11	7267835	184	1	20158	1	0	20000	hit	486
A_HP_48	105	Response	1	7273950	6299	1
A_HP_48	105	Pulse	99	7287231	19580	1
A_HP_48	106	Picture	response16	7298155	104	1	20158	1	0	20000	hit	489
A_HP_48	106	Response	1	7306120	8069	1
A_HP_48	106	Pulse	99	7307231	9180	1
A_HP_48	106	Pulse	99	7327231	29179	1
A_HP_48	107	Picture	response15	7328641	190	1	20157	1	0	20000	hit	493
A_HP_48	107	Response	1	7335090	6639	1
A_HP_48	107	Pulse	99	7347231	18780	1
A_HP_48	108	Picture	response10	7358961	109	1	20157	1	0	20000	hit	496
A_HP_48	108	Response	1	7366780	7929	1
A_HP_48	108	Pulse	99	7367231	8380	1
A_HP_48	108	Pulse	99	7387231	28380	1
A_HP_48	109	Picture	response9	7389447	196	1	20158	1	0	20000	hit	500
A_HP_48	109	Response	1	7400190	10939	1
A_HP_48	109	Pulse	99	7407231	17980	1
A_HP_48	110	Picture	response13	7419766	115	1	20158	1	0	20000	hit	504
A_HP_48	110	Pulse	99	7427232	7580	1
A_HP_48	110	Response	1	7432690	13039	1
A_HP_48	110	Pulse	99	7447232	27580	1
A_HP_48	111	Picture	response12	7450086	35	1	20157	1	0	20000	hit	507
A_HP_48	111	Response	1	7454180	4128	1
A_HP_48	111	Pulse	99	7467232	17180	1
A_HP_48	112	Picture	response14	7480572	121	1	20158	1	0	20000	hit	510
A_HP_48	112	Response	1	7483670	3219	1
A_HP_48	112	Pulse	99	7487231	6779	1
A_HP_48	112	Pulse	99	7507232	26780	1
A_HP_48	113	Picture	ins6	7510892	41	1	30153	1	0	30000	other	0
A_HP_48	113	Pulse	99	7527231	16379	1
A_HP_48	113	Pulse	99	7547231	36380	1
A_HP_48	113	Pulse	99	7567232	56380	1
A_HP_48	113	Pulse	99	7587231	76380	1
A_HP_48	113	Pulse	99	7607232	96380	1
A_HP_48	113	Pulse	99	7627231	116380	1
A_HP_48	113	Pulse	99	7647232	136380	1
A_HP_48	113	Pulse	99	7667231	156380	1
A_HP_48	113	Pulse	99	7687231	176380	1
A_HP_48	113	Pulse	99	7707231	196380	1
A_HP_48	113	Pulse	99	7727231	216380	1
A_HP_48	113	Pulse	99	7747231	236380	1
A_HP_48	113	Pulse	99	7767230	256378	1
A_HP_48	113	Pulse	99	7787231	276380	1
A_HP_48	113	Pulse	99	7807232	296380	1
A_HP_48	114	Response	5	7827231	6313	1
A_HP_48	114	Pulse	99	7827231	6313	1
A_HP_48	115	Picture	response41	7827582	30	1	20158	1	0	20000	hit	532
A_HP_48	115	Response	3	7832980	5429	1
A_HP_48	115	Pulse	99	7847231	19680	1
A_HP_48	116	Picture	response42	7858068	116	1	20158	1	0	20000	hit	535
A_HP_48	116	Response	3	7862440	4488	1
A_HP_48	116	Pulse	99	7867231	9280	1
A_HP_48	116	Pulse	99	7887232	29280	1
A_HP_48	117	Picture	response44	7888388	36	1	20157	1	0	20000	hit	539
A_HP_48	117	Response	3	7892570	4218	1
A_HP_48	117	Pulse	99	7907231	18879	1
A_HP_48	118	Picture	response45	7918874	122	1	20158	1	0	20000	hit	542
A_HP_48	118	Response	3	7923450	4699	1
A_HP_48	118	Pulse	99	7927231	8479	1
A_HP_48	118	Pulse	99	7947231	28480	1
A_HP_48	119	Picture	response43	7949194	42	1	20158	1	0	20000	hit	546
A_HP_48	119	Response	3	7953360	4209	1
A_HP_48	119	Pulse	99	7967231	18079	1
A_HP_48	120	Picture	response47	7979680	128	1	20158	1	0	20000	hit	549
A_HP_48	120	Response	3	7984980	5429	1
A_HP_48	120	Pulse	99	7987232	7680	1
A_HP_48	120	Pulse	99	8007232	27681	1
A_HP_48	121	Picture	response48	8009999	48	1	20158	1	0	20000	hit	553
A_HP_48	121	Response	3	8013830	3878	1
A_HP_48	121	Pulse	99	8027232	17280	1
A_HP_48	122	Picture	response46	8040486	134	1	20157	1	0	20000	hit	556
A_HP_48	122	Response	3	8046250	5898	1
A_HP_48	122	Pulse	99	8047231	6880	1
A_HP_48	122	Pulse	99	8067231	26880	1
A_HP_48	123	Picture	thanks	8070472	0	1	10162	1	0	10000	other	0
A_HP_48	123	Pulse	99	8087231	16759	1


Event Type	Code	Type	Response	RT	RT Uncertainty	Time	Uncertainty	Duration	Uncertainty	ReqTime	ReqDur

Picture	ready	other				1287374	1	10162	1	0	10000
Picture	ins4	other				1347847	1	30153	1	0	30000
Picture	response32	hit	2	13095	2	1667702	1	20158	1	0	20000
Picture	response25	hit	2	4118	2	1698188	1	20158	1	0	20000
Picture	response28	hit	2	3949	2	1728508	1	20158	1	0	20000
Picture	response31	hit	2	4833	2	1758994	1	20158	1	0	20000
Picture	response26	hit	2	3393	2	1789314	1	20157	1	0	20000
Picture	response30	hit	2	3927	2	1819800	1	20158	1	0	20000
Picture	response27	hit	2	4277	2	1850120	1	20157	1	0	20000
Picture	response29	hit	2	3621	2	1880606	1	20158	1	0	20000
Picture	ins10	other				1910925	1	30153	1	0	30000
Picture	response75	hit	3	12875	2	2227782	1	20158	1	0	20000
Picture	response79	hit	1	7415	2	2258102	1	20158	1	0	20000
Picture	response73	hit	3	9939	2	2288588	1	20158	1	0	20000
Picture	response77	hit	1	14070	2	2318907	1	20157	1	0	20000
Picture	response76	hit	3	11534	2	2349394	1	20158	1	0	20000
Picture	response78	hit	3	4584	2	2379713	1	20158	1	0	20000
Picture	response74	hit	3	4778	2	2410199	1	20158	1	0	20000
Picture	response80	hit	1	7837	2	2440519	1	20158	1	0	20000
Picture	ins12	other				2471005	1	30153	1	0	30000
Picture	response90	hit	1	7432	2	2787695	1	20158	1	0	20000
Picture	response92	hit	1	6366	2	2818182	1	20158	1	0	20000
Picture	response94	hit	4	5706	2	2848501	1	20157	1	0	20000
Picture	response95	hit	4	7500	2	2878987	1	20158	1	0	20000
Picture	response96	hit	1	5850	2	2909307	1	20158	1	0	20000
Picture	response89	incorrect	1	6954	2	2939793	1	20157	1	0	20000
Picture	response91	incorrect	1	4675	2	2970113	1	20158	1	0	20000
Picture	response93	hit	1	7998	2	3000599	1	20158	1	0	20000
Picture	ins16	other				3030919	1	30153	1	0	30000
Picture	response125	hit	4	7732	2	3347775	1	20158	1	0	20000
Picture	response123	hit	4	5073	2	3378095	1	20157	1	0	20000
Picture	response126	hit	3	15228	2	3408581	1	20158	1	0	20000
Picture	response124	hit	4	6427	2	3438901	1	20158	1	0	20000
Picture	response128	hit	4	5861	2	3469387	1	20158	1	0	20000
Picture	response122	hit	3	6581	2	3499707	1	20157	1	0	20000
Picture	response127	hit	3	11225	2	3530193	1	20158	1	0	20000
Picture	response121	hit	4	5206	2	3560512	1	20158	1	0	20000
Picture	ins8	other				3590999	1	30153	1	0	30000
Picture	response64	hit	4	5079	2	3907689	1	20158	1	0	20000
Picture	response61	hit	4	4823	2	3938175	1	20158	1	0	20000
Picture	response58	hit	4	3963	2	3968494	1	20158	1	0	20000
Picture	response60	hit	4	3577	2	3998981	1	20158	1	0	20000
Picture	response57	hit	4	4948	2	4029300	1	20157	1	0	20000
Picture	response59	hit	4	4751	2	4059786	1	20158	1	0	20000
Picture	response62	hit	4	3852	2	4090106	1	20157	1	0	20000
Picture	response63	hit	4	3436	2	4120592	1	20158	1	0	20000
Picture	ins22	other				4150912	1	30153	1	0	30000
Picture	response172	hit	4	8940	2	4467769	1	20157	1	0	20000
Picture	response173	hit	1	10950	2	4498088	1	20158	1	0	20000
Picture	response174	hit	1	6104	2	4528574	1	20158	1	0	20000
Picture	response170	hit	4	15274	2	4558894	1	20158	1	0	20000
Picture	response169	hit	2	12258	2	4589380	1	20158	1	0	20000
Picture	response175	hit	3	6099	2	4619700	1	20157	1	0	20000
Picture	response176	hit	4	9592	2	4650186	1	20158	1	0	20000
Picture	response171	hit	3	14283	2	4680506	1	20158	1	0	20000
Picture	ins18	other				4710992	1	30153	1	0	30000
Picture	response144	hit	2	15886	2	5027682	1	20158	1	0	20000
Picture	response138	hit	3	11317	2	5058001	1	20158	1	0	20000
Picture	response140	hit	1	5561	2	5088488	1	20158	1	0	20000
Picture	response143	hit	3	11251	2	5118807	1	20158	1	0	20000
Picture	response139	hit	2	15565	2	5149294	1	20158	1	0	20000
Picture	response141	hit	1	6515	2	5179613	1	20158	1	0	20000
Picture	response142	hit	3	11479	2	5210099	1	20158	1	0	20000
Picture	response137	hit	4	5930	2	5240419	1	20157	1	0	20000
Picture	ins24	other				5270905	1	30153	1	0	30000
Picture	response189	hit	1	19547	2	5587762	1	20157	1	0	20000
Picture	response188	incorrect	2	15221	2	5618248	1	20158	1	0	20000
Picture	response192	hit	3	11681	2	5648568	1	20158	1	0	20000
Picture	response187	hit	3	9471	2	5678887	1	20157	1	0	20000
Picture	response186	hit	2	7735	2	5709373	1	20158	1	0	20000
Picture	response191	hit	2	10256	2	5739693	1	20158	1	0	20000
Picture	response185	hit	3	9830	2	5770179	1	20158	1	0	20000
Picture	response190	hit	3	11370	2	5800499	1	20157	1	0	20000
Picture	ins20	other				5830985	1	30153	1	0	30000
Picture	response153	hit	2	12814	2	6147675	1	20157	1	0	20000
Picture	response154	hit	3	9777	2	6178162	1	20157	1	0	20000
Picture	response155	hit	4	8201	2	6208648	1	20158	1	0	20000
Picture	response156	hit	1	5332	2	6238967	1	20157	1	0	20000
Picture	response160	hit	1	6942	2	6269287	1	20158	1	0	20000
Picture	response158	hit	3	9186	2	6299773	1	20158	1	0	20000
Picture	response157	hit	4	9017	2	6330093	1	20158	1	0	20000
Picture	response159	hit	4	10401	2	6360579	1	20158	1	0	20000
Picture	ins14	other				6390898	1	30153	1	0	30000
Picture	response109	hit	2	11140	2	6707589	1	20157	1	0	20000
Picture	response108	hit	2	5515	2	6738075	1	20158	1	0	20000
Picture	response106	hit	4	5675	2	6768394	1	20158	1	0	20000
Picture	response111	hit	4	7809	2	6798881	1	20158	1	0	20000
Picture	response105	hit	2	10309	2	6829200	1	20157	1	0	20000
Picture	response110	hit	2	11503	2	6859686	1	20158	1	0	20000
Picture	response107	hit	2	12363	2	6890006	1	20158	1	0	20000
Picture	response112	hit	4	7117	2	6920492	1	20158	1	0	20000
Picture	ins2	other				6950812	1	30153	1	0	30000
Picture	response11	hit	1	6115	2	7267835	1	20158	1	0	20000
Picture	response16	hit	1	7965	2	7298155	1	20158	1	0	20000
Picture	response15	hit	1	6449	2	7328641	1	20157	1	0	20000
Picture	response10	hit	1	7819	2	7358961	1	20157	1	0	20000
Picture	response9	hit	1	10743	2	7389447	1	20158	1	0	20000
Picture	response13	hit	1	12924	2	7419766	1	20158	1	0	20000
Picture	response12	hit	1	4094	2	7450086	1	20157	1	0	20000
Picture	response14	hit	1	3098	2	7480572	1	20158	1	0	20000
Picture	ins6	other				7510892	1	30153	1	0	30000
Picture	response41	hit	3	5398	2	7827582	1	20158	1	0	20000
Picture	response42	hit	3	4372	2	7858068	1	20158	1	0	20000
Picture	response44	hit	3	4182	2	7888388	1	20157	1	0	20000
Picture	response45	hit	3	4576	2	7918874	1	20158	1	0	20000
Picture	response43	hit	3	4167	2	7949194	1	20158	1	0	20000
Picture	response47	hit	3	5300	2	7979680	1	20158	1	0	20000
Picture	response48	hit	3	3831	2	8009999	1	20158	1	0	20000
Picture	response46	hit	3	5765	2	8040486	1	20157	1	0	20000
Picture	thanks	other				8070472	1	10162	1	0	10000


{
   "app": "Presentation Version 21.1 Build 09.05.19",
   "device": "LENOVO 20FBCTO1WW",
   "experiment": "{C0C68DB1-10BA-42F2-8F79-3F2AFFEED4E4}",
   "os": "Windows 10 64 bit",
   "package": "",
   "parameters": {
      "configuration": "Default configuration"
   },
   "scenario": "Response experiment(2).sce",
   "subject": "A_HP_48",
   "timestamp": "2020/01/16 06:26:57 GMT"
}
