Scenario - 
Logfile written - 09/26/2019 09:59:41

Subject	Trial	Event Type	Code	Time	TTime	Uncertainty	Duration	Uncertainty	ReqTime	ReqDur	Stim Type	Pair Index

A_HP_12	1	Response	5	428973	427474	1
A_HP_12	1	Pulse	99	428973	427474	1
A_HP_12	2	Picture	ready	429205	0	1	10229	1	0	10000	other	0
A_HP_12	2	Pulse	99	448973	19768	1
A_HP_12	2	Pulse	99	468973	39768	1
A_HP_12	2	Pulse	99	488974	59768	1
A_HP_12	3	Picture	ins16	489826	232	1	30230	1	0	30000	other	0
A_HP_12	3	Pulse	99	508973	19379	1
A_HP_12	3	Pulse	99	528974	39379	1
A_HP_12	3	Pulse	99	548974	59379	1
A_HP_12	3	Pulse	99	568974	79379	1
A_HP_12	3	Pulse	99	588973	99379	1
A_HP_12	3	Pulse	99	608973	119379	1
A_HP_12	3	Pulse	99	628973	139379	1
A_HP_12	3	Pulse	99	648973	159379	1
A_HP_12	3	Pulse	99	668973	179379	1
A_HP_12	3	Pulse	99	688973	199379	1
A_HP_12	3	Pulse	99	708974	219379	1
A_HP_12	3	Pulse	99	728973	239379	1
A_HP_12	3	Pulse	99	748973	259379	1
A_HP_12	3	Pulse	99	768974	279380	1
A_HP_12	3	Pulse	99	788973	299379	1
A_HP_12	4	Response	5	808974	9149	1
A_HP_12	4	Pulse	99	808974	9149	1
A_HP_12	5	Picture	response128	809524	230	1	20229	1	0	20000	hit	26
A_HP_12	5	Response	4	813852	4557	1
A_HP_12	5	Pulse	99	828974	19679	1
A_HP_12	6	Picture	response125	839816	122	1	20229	1	0	20000	hit	29
A_HP_12	6	Response	4	844482	4788	1
A_HP_12	6	Pulse	99	848974	9280	1
A_HP_12	6	Pulse	99	868974	29279	1
A_HP_12	7	Picture	response126	870441	347	1	20229	1	0	20000	hit	33
A_HP_12	7	Response	3	874322	4229	1
A_HP_12	7	Pulse	99	888974	18881	1
A_HP_12	8	Picture	response127	900732	238	1	20229	1	0	20000	hit	36
A_HP_12	8	Response	3	905963	5468	1
A_HP_12	8	Pulse	99	908973	8479	1
A_HP_12	8	Pulse	99	928974	28480	1
A_HP_12	9	Picture	response122	931024	129	1	20229	1	0	20000	hit	40
A_HP_12	9	Response	3	936332	5438	1
A_HP_12	9	Pulse	99	948974	18080	1
A_HP_12	10	Picture	response121	961482	187	1	20230	1	0	20000	hit	43
A_HP_12	10	Response	4	966002	4708	1
A_HP_12	10	Pulse	99	968973	7678	1
A_HP_12	10	Pulse	99	988974	27680	1
A_HP_12	11	Picture	response124	991940	246	1	20230	1	0	20000	hit	47
A_HP_12	11	Response	4	994603	2908	1
A_HP_12	11	Pulse	99	1008974	17280	1
A_HP_12	12	Picture	response123	1022399	305	1	20229	1	0	20000	hit	50
A_HP_12	12	Response	4	1027173	5078	1
A_HP_12	12	Pulse	99	1028974	6879	1
A_HP_12	12	Pulse	99	1048974	26879	1
A_HP_12	13	Picture	ins22	1052691	197	1	30229	1	0	30000	other	0
A_HP_12	13	Pulse	99	1068974	16480	1
A_HP_12	13	Pulse	99	1088974	36479	1
A_HP_12	13	Pulse	99	1108974	56480	1
A_HP_12	13	Pulse	99	1128974	76480	1
A_HP_12	13	Pulse	99	1148974	96480	1
A_HP_12	13	Pulse	99	1168974	116480	1
A_HP_12	13	Pulse	99	1188974	136480	1
A_HP_12	13	Pulse	99	1208974	156480	1
A_HP_12	13	Pulse	99	1228975	176480	1
A_HP_12	13	Pulse	99	1248974	196480	1
A_HP_12	13	Pulse	99	1268975	216480	1
A_HP_12	13	Pulse	99	1288974	236480	1
A_HP_12	13	Pulse	99	1308975	256480	1
A_HP_12	13	Pulse	99	1328974	276480	1
A_HP_12	13	Pulse	99	1348975	296480	1
A_HP_12	14	Response	5	1368975	6250	1
A_HP_12	14	Pulse	99	1368975	6250	1
A_HP_12	15	Picture	response169	1369525	230	1	20230	1	0	20000	hit	72
A_HP_12	15	Response	2	1375383	6087	1
A_HP_12	15	Pulse	99	1388975	19679	1
A_HP_12	16	Picture	response172	1399818	123	1	20229	1	0	20000	hit	75
A_HP_12	16	Response	4	1406503	6808	1
A_HP_12	16	Pulse	99	1408973	9278	1
A_HP_12	16	Pulse	99	1428975	29280	1
A_HP_12	17	Picture	response175	1430443	347	1	20230	1	0	20000	hit	79
A_HP_12	17	Response	3	1436093	5997	1
A_HP_12	17	Pulse	99	1448975	18880	1
A_HP_12	18	Picture	response171	1460735	240	1	20230	1	0	20000	hit	82
A_HP_12	18	Response	3	1465533	5038	1
A_HP_12	18	Pulse	99	1468975	8480	1
A_HP_12	18	Pulse	99	1488975	28479	1
A_HP_12	19	Picture	response174	1491027	132	1	20229	1	0	20000	hit	86
A_HP_12	19	Response	1	1502273	11378	1
A_HP_12	19	Pulse	99	1508975	18080	1
A_HP_12	20	Picture	response176	1521485	190	1	20229	1	0	20000	hit	89
A_HP_12	20	Response	4	1527073	5778	1
A_HP_12	20	Pulse	99	1528974	7678	1
A_HP_12	20	Pulse	99	1548974	27679	1
A_HP_12	21	Picture	response173	1551944	249	1	20230	1	0	20000	hit	93
A_HP_12	21	Response	1	1560493	8798	1
A_HP_12	21	Pulse	99	1568974	17279	1
A_HP_12	22	Picture	response170	1582403	307	1	20229	1	0	20000	hit	96
A_HP_12	22	Response	4	1588493	6398	1
A_HP_12	22	Pulse	99	1588974	6878	1
A_HP_12	22	Pulse	99	1608974	26879	1
A_HP_12	23	Picture	ins6	1612694	199	1	30229	1	0	30000	other	0
A_HP_12	23	Pulse	99	1628974	16479	1
A_HP_12	23	Pulse	99	1648974	36479	1
A_HP_12	23	Pulse	99	1668974	56479	1
A_HP_12	23	Pulse	99	1688975	76479	1
A_HP_12	23	Pulse	99	1708974	96479	1
A_HP_12	23	Pulse	99	1728975	116479	1
A_HP_12	23	Pulse	99	1748974	136479	1
A_HP_12	23	Pulse	99	1768975	156480	1
A_HP_12	23	Pulse	99	1788975	176480	1
A_HP_12	23	Pulse	99	1808975	196480	1
A_HP_12	23	Pulse	99	1828975	216480	1
A_HP_12	23	Pulse	99	1848977	236482	1
A_HP_12	23	Pulse	99	1868975	256480	1
A_HP_12	23	Pulse	99	1888975	276480	1
A_HP_12	23	Pulse	99	1908975	296480	1
A_HP_12	24	Response	5	1928975	6250	1
A_HP_12	24	Pulse	99	1928975	6250	1
A_HP_12	25	Picture	response48	1929527	230	1	20230	1	0	20000	hit	118
A_HP_12	25	Response	3	1933344	4047	1
A_HP_12	25	Pulse	99	1948975	19679	1
A_HP_12	26	Picture	response46	1959819	123	1	20229	1	0	20000	hit	121
A_HP_12	26	Response	3	1963554	3858	1
A_HP_12	26	Pulse	99	1968975	9279	1
A_HP_12	26	Pulse	99	1988976	29280	1
A_HP_12	27	Picture	response42	1990443	347	1	20229	1	0	20000	hit	125
A_HP_12	27	Response	3	1993374	3277	1
A_HP_12	27	Pulse	99	2008975	18879	1
A_HP_12	28	Picture	response47	2020735	239	1	20229	1	0	20000	hit	128
A_HP_12	28	Response	3	2024244	3748	1
A_HP_12	28	Pulse	99	2028975	8479	1
A_HP_12	28	Pulse	99	2048976	28480	1
A_HP_12	29	Picture	response41	2051027	130	1	20230	1	0	20000	hit	132
A_HP_12	29	Response	3	2056264	5368	1
A_HP_12	29	Pulse	99	2068975	18079	1
A_HP_12	30	Picture	response44	2081486	189	1	20229	1	0	20000	hit	135
A_HP_12	30	Response	3	2085774	4478	1
A_HP_12	30	Pulse	99	2088975	7678	1
A_HP_12	30	Pulse	99	2108976	27680	1
A_HP_12	31	Picture	response45	2111944	248	1	20229	1	0	20000	hit	139
A_HP_12	31	Response	3	2114724	3028	1
A_HP_12	31	Pulse	99	2128976	17280	1
A_HP_12	32	Picture	response43	2142402	305	1	20230	1	0	20000	hit	142
A_HP_12	32	Response	3	2145294	3198	1
A_HP_12	32	Pulse	99	2148975	6878	1
A_HP_12	32	Pulse	99	2168976	26880	1
A_HP_12	33	Picture	ins20	2172693	197	1	30229	1	0	30000	other	0
A_HP_12	33	Pulse	99	2188976	16479	1
A_HP_12	33	Pulse	99	2208976	36479	1
A_HP_12	33	Pulse	99	2228976	56479	1
A_HP_12	33	Pulse	99	2248976	76479	1
A_HP_12	33	Pulse	99	2268976	96479	1
A_HP_12	33	Pulse	99	2288976	116479	1
A_HP_12	33	Pulse	99	2308976	136479	1
A_HP_12	33	Pulse	99	2328976	156479	1
A_HP_12	33	Pulse	99	2348975	176479	1
A_HP_12	33	Pulse	99	2368976	196479	1
A_HP_12	33	Pulse	99	2388975	216478	1
A_HP_12	33	Pulse	99	2408976	236480	1
A_HP_12	33	Pulse	99	2428975	256479	1
A_HP_12	33	Pulse	99	2448976	276479	1
A_HP_12	33	Pulse	99	2468976	296480	1
A_HP_12	34	Response	5	2488977	6249	1
A_HP_12	34	Pulse	99	2488977	6249	1
A_HP_12	35	Picture	response153	2489527	230	1	20230	1	0	20000	hit	164
A_HP_12	35	Response	2	2497025	7728	1
A_HP_12	35	Pulse	99	2508976	19679	1
A_HP_12	36	Picture	response155	2519820	123	1	20229	1	0	20000	hit	168
A_HP_12	36	Pulse	99	2528976	9279	1
A_HP_12	36	Response	4	2529924	10227	1
A_HP_12	36	Pulse	99	2548976	29279	1
A_HP_12	37	Picture	response160	2550445	347	1	20230	1	0	20000	hit	171
A_HP_12	37	Response	1	2559645	9548	1
A_HP_12	37	Pulse	99	2568976	18879	1
A_HP_12	38	Picture	response158	2580737	239	1	20229	1	0	20000	hit	174
A_HP_12	38	Response	3	2584685	4187	1
A_HP_12	38	Pulse	99	2588976	8479	1
A_HP_12	38	Pulse	99	2608976	28479	1
A_HP_12	39	Picture	response154	2611028	131	1	20230	1	0	20000	hit	178
A_HP_12	39	Response	3	2616655	5757	1
A_HP_12	39	Pulse	99	2628976	18079	1
A_HP_12	40	Picture	response157	2641487	190	1	20230	1	0	20000	hit	181
A_HP_12	40	Response	4	2647095	5798	1
A_HP_12	40	Pulse	99	2648976	7679	1
A_HP_12	40	Pulse	99	2668977	27679	1
A_HP_12	41	Picture	response156	2671946	249	1	20230	1	0	20000	hit	185
A_HP_12	41	Response	1	2678555	6858	1
A_HP_12	41	Pulse	99	2688977	17279	1
A_HP_12	42	Picture	response159	2702405	308	1	20229	1	0	20000	hit	188
A_HP_12	42	Response	4	2707485	5387	1
A_HP_12	42	Pulse	99	2708976	6878	1
A_HP_12	42	Pulse	99	2728977	26879	1
A_HP_12	43	Picture	ins4	2732697	200	1	30229	1	0	30000	other	0
A_HP_12	43	Pulse	99	2748976	16479	1
A_HP_12	43	Pulse	99	2768977	36479	1
A_HP_12	43	Pulse	99	2788977	56479	1
A_HP_12	43	Pulse	99	2808976	76479	1
A_HP_12	43	Pulse	99	2828976	96479	1
A_HP_12	43	Pulse	99	2848976	116479	1
A_HP_12	43	Pulse	99	2868976	136479	1
A_HP_12	43	Pulse	99	2888976	156479	1
A_HP_12	43	Pulse	99	2908976	176479	1
A_HP_12	43	Pulse	99	2928976	196479	1
A_HP_12	43	Pulse	99	2948976	216479	1
A_HP_12	43	Pulse	99	2968976	236479	1
A_HP_12	43	Pulse	99	2988976	256479	1
A_HP_12	43	Pulse	99	3008976	276479	1
A_HP_12	43	Pulse	99	3028977	296479	1
A_HP_12	44	Response	5	3048976	6249	1
A_HP_12	44	Pulse	99	3048976	6249	1
A_HP_12	45	Picture	response32	3049527	230	1	20230	1	0	20000	hit	210
A_HP_12	45	Response	2	3052835	3538	1
A_HP_12	45	Pulse	99	3068977	19680	1
A_HP_12	46	Picture	response27	3079819	121	1	20229	1	0	20000	hit	213
A_HP_12	46	Response	2	3082535	2838	1
A_HP_12	46	Pulse	99	3088977	9279	1
A_HP_12	46	Pulse	99	3108978	29280	1
A_HP_12	47	Picture	response30	3110444	347	1	20230	1	0	20000	hit	217
A_HP_12	47	Response	2	3112646	2548	1
A_HP_12	47	Pulse	99	3128977	18880	1
A_HP_12	48	Picture	response26	3140736	238	1	20229	1	0	20000	hit	220
A_HP_12	48	Response	2	3143106	2608	1
A_HP_12	48	Pulse	99	3148976	8479	1
A_HP_12	48	Pulse	99	3168977	28480	1
A_HP_12	49	Picture	response28	3171028	130	1	20229	1	0	20000	hit	224
A_HP_12	49	Response	2	3172645	1748	1
A_HP_12	49	Pulse	99	3188977	18079	1
A_HP_12	50	Picture	response25	3201487	189	1	20229	1	0	20000	hit	227
A_HP_12	50	Response	2	3203366	2068	1
A_HP_12	50	Pulse	99	3208977	7680	1
A_HP_12	50	Pulse	99	3228977	27680	1
A_HP_12	51	Picture	response29	3231945	247	1	20230	1	0	20000	hit	231
A_HP_12	51	Response	2	3234606	2908	1
A_HP_12	51	Pulse	99	3248977	17279	1
A_HP_12	52	Picture	response31	3262404	306	1	20230	1	0	20000	hit	234
A_HP_12	52	Response	2	3265146	3048	1
A_HP_12	52	Pulse	99	3268978	6880	1
A_HP_12	52	Pulse	99	3288977	26880	1
A_HP_12	53	Picture	ins14	3292696	198	1	30229	1	0	30000	other	0
A_HP_12	53	Pulse	99	3308977	16479	1
A_HP_12	53	Pulse	99	3328977	36479	1
A_HP_12	53	Pulse	99	3348978	56479	1
A_HP_12	53	Pulse	99	3368978	76479	1
A_HP_12	53	Pulse	99	3388978	96479	1
A_HP_12	53	Pulse	99	3408977	116479	1
A_HP_12	53	Pulse	99	3428977	136479	1
A_HP_12	53	Pulse	99	3448977	156479	1
A_HP_12	53	Pulse	99	3468978	176480	1
A_HP_12	53	Pulse	99	3488978	196480	1
A_HP_12	53	Pulse	99	3508978	216479	1
A_HP_12	53	Pulse	99	3528978	236480	1
A_HP_12	53	Pulse	99	3548978	256479	1
A_HP_12	53	Pulse	99	3568978	276479	1
A_HP_12	53	Pulse	99	3588978	296480	1
A_HP_12	54	Response	5	3608978	6249	1
A_HP_12	54	Pulse	99	3608978	6249	1
A_HP_12	55	Picture	response110	3609528	230	1	20229	1	0	20000	hit	256
A_HP_12	55	Response	2	3615886	6588	1
A_HP_12	55	Pulse	99	3628978	19679	1
A_HP_12	56	Picture	response112	3639820	122	1	20229	1	0	20000	hit	259
A_HP_12	56	Response	4	3644506	4808	1
A_HP_12	56	Pulse	99	3648977	9279	1
A_HP_12	56	Pulse	99	3668978	29279	1
A_HP_12	57	Picture	response105	3670445	346	1	20230	1	0	20000	hit	263
A_HP_12	57	Response	2	3675776	5677	1
A_HP_12	57	Pulse	99	3688978	18879	1
A_HP_12	58	Picture	response109	3700737	238	1	20229	1	0	20000	hit	266
A_HP_12	58	Response	2	3705557	5058	1
A_HP_12	58	Pulse	99	3708977	8478	1
A_HP_12	58	Pulse	99	3728978	28479	1
A_HP_12	59	Picture	response106	3731029	130	1	20229	1	0	20000	hit	270
A_HP_12	59	Response	4	3734696	3797	1
A_HP_12	59	Pulse	99	3748978	18079	1
A_HP_12	60	Picture	response111	3761488	189	1	20229	1	0	20000	hit	273
A_HP_12	60	Response	4	3767947	6647	1
A_HP_12	60	Pulse	99	3768977	7678	1
A_HP_12	60	Pulse	99	3788978	27679	1
A_HP_12	61	Picture	response108	3791946	247	1	20229	1	0	20000	hit	277
A_HP_12	61	Response	2	3795197	3498	1
A_HP_12	61	Pulse	99	3808978	17279	1
A_HP_12	62	Picture	response107	3822404	305	1	20229	1	0	20000	hit	280
A_HP_12	62	Response	2	3826477	4377	1
A_HP_12	62	Pulse	99	3828977	6878	1
A_HP_12	62	Pulse	99	3848978	26879	1
A_HP_12	63	Picture	ins18	3852696	197	1	30229	1	0	30000	other	0
A_HP_12	63	Pulse	99	3868898	16399	1
A_HP_12	63	Pulse	99	3888978	36479	1
A_HP_12	63	Pulse	99	3908978	56479	1
A_HP_12	63	Pulse	99	3928898	76399	1
A_HP_12	63	Pulse	99	3948979	96480	1
A_HP_12	63	Pulse	99	3968978	116479	1
A_HP_12	63	Pulse	99	3988899	136400	1
A_HP_12	63	Pulse	99	4008978	156479	1
A_HP_12	63	Pulse	99	4028978	176479	1
A_HP_12	63	Pulse	99	4048978	196479	1
A_HP_12	63	Pulse	99	4068979	216480	1
A_HP_12	63	Pulse	99	4088979	236480	1
A_HP_12	63	Pulse	99	4108979	256480	1
A_HP_12	63	Pulse	99	4128979	276480	1
A_HP_12	63	Pulse	99	4148978	296479	1
A_HP_12	64	Response	5	4168978	6248	1
A_HP_12	64	Pulse	99	4168978	6248	1
A_HP_12	65	Picture	response141	4169530	230	1	20229	1	0	20000	hit	302
A_HP_12	65	Response	1	4177917	8617	1
A_HP_12	65	Pulse	99	4188978	19679	1
A_HP_12	66	Picture	response144	4199821	122	1	20230	1	0	20000	hit	305
A_HP_12	66	Response	2	4208297	8598	1
A_HP_12	66	Pulse	99	4208978	9279	1
A_HP_12	66	Pulse	99	4228979	29279	1
A_HP_12	67	Picture	response137	4230447	348	1	20229	1	0	20000	hit	309
A_HP_12	67	Response	4	4237547	7448	1
A_HP_12	67	Pulse	99	4248979	18879	1
A_HP_12	68	Picture	response142	4260738	239	1	20230	1	0	20000	hit	312
A_HP_12	68	Response	3	4264857	4358	1
A_HP_12	68	Pulse	99	4268978	8479	1
A_HP_12	68	Pulse	99	4288979	28480	1
A_HP_12	69	Picture	response138	4291031	131	1	20229	1	0	20000	hit	316
A_HP_12	69	Response	3	4296227	5328	1
A_HP_12	69	Pulse	99	4308899	17999	1
A_HP_12	70	Picture	response139	4321489	189	1	20229	1	0	20000	hit	319
A_HP_12	70	Response	2	4327798	6498	1
A_HP_12	70	Pulse	99	4328978	7678	1
A_HP_12	70	Pulse	99	4348979	27679	1
A_HP_12	71	Picture	response140	4351948	248	1	20229	1	0	20000	hit	323
A_HP_12	71	Response	1	4357071	5371	1
A_HP_12	71	Pulse	99	4368898	17198	1
A_HP_12	72	Picture	response143	4382407	307	1	20230	1	0	20000	hit	327
A_HP_12	72	Pulse	99	4388979	6879	1
A_HP_12	72	Response	3	4391727	9627	1
A_HP_12	72	Pulse	99	4408979	26879	1
A_HP_12	73	Picture	ins8	4412699	199	1	30229	1	0	30000	other	0
A_HP_12	73	Pulse	99	4428899	16399	1
A_HP_12	73	Pulse	99	4448979	36479	1
A_HP_12	73	Pulse	99	4468979	56479	1
A_HP_12	73	Pulse	99	4488899	76399	1
A_HP_12	73	Pulse	99	4508979	96479	1
A_HP_12	73	Pulse	99	4528979	116479	1
A_HP_12	73	Pulse	99	4548899	136399	1
A_HP_12	73	Pulse	99	4568980	156480	1
A_HP_12	73	Pulse	99	4588980	176480	1
A_HP_12	73	Pulse	99	4608980	196480	1
A_HP_12	73	Pulse	99	4628979	216479	1
A_HP_12	73	Pulse	99	4648979	236479	1
A_HP_12	73	Pulse	99	4668979	256479	1
A_HP_12	73	Pulse	99	4688980	276480	1
A_HP_12	73	Pulse	99	4708980	296480	1
A_HP_12	74	Response	5	4728980	6250	1
A_HP_12	74	Pulse	99	4728980	6250	1
A_HP_12	75	Picture	response64	4729630	230	1	20229	1	0	20000	hit	348
A_HP_12	75	Response	4	4733628	4227	1
A_HP_12	75	Pulse	99	4748899	19499	1
A_HP_12	76	Picture	response58	4760089	288	1	20229	1	0	20000	hit	351
A_HP_12	76	Response	4	4762798	2997	1
A_HP_12	76	Pulse	99	4768979	9179	1
A_HP_12	76	Pulse	99	4788979	29179	1
A_HP_12	77	Picture	response61	4790381	180	1	20229	1	0	20000	hit	355
A_HP_12	77	Response	4	4792888	2688	1
A_HP_12	77	Pulse	99	4808899	18699	1
A_HP_12	78	Picture	response59	4820839	238	1	20229	1	0	20000	hit	358
A_HP_12	78	Response	4	4823938	3338	1
A_HP_12	78	Pulse	99	4828979	8378	1
A_HP_12	78	Pulse	99	4848980	28379	1
A_HP_12	79	Picture	response60	4851130	130	1	20229	1	0	20000	hit	362
A_HP_12	79	Response	4	4853678	2678	1
A_HP_12	79	Pulse	99	4868899	17899	1
A_HP_12	80	Picture	response62	4881589	188	1	20229	1	0	20000	hit	365
A_HP_12	80	Response	4	4883138	1738	1
A_HP_12	80	Pulse	99	4888979	7578	1
A_HP_12	80	Pulse	99	4908980	27579	1
A_HP_12	81	Picture	response63	4912047	246	1	20229	1	0	20000	hit	369
A_HP_12	81	Response	4	4913189	1388	1
A_HP_12	81	Pulse	99	4928899	17099	1
A_HP_12	82	Picture	response57	4942339	138	1	20229	1	0	20000	hit	372
A_HP_12	82	Response	4	4944698	2498	1
A_HP_12	82	Pulse	99	4948979	6778	1
A_HP_12	82	Pulse	99	4968980	26779	1
A_HP_12	83	Picture	ins10	4972797	196	1	30229	1	0	30000	other	0
A_HP_12	83	Pulse	99	4988900	16299	1
A_HP_12	83	Pulse	99	5008980	36379	1
A_HP_12	83	Pulse	99	5028980	56379	1
A_HP_12	83	Pulse	99	5048900	76299	1
A_HP_12	83	Pulse	99	5068980	96379	1
A_HP_12	83	Pulse	99	5088979	116378	1
A_HP_12	83	Pulse	99	5108900	136299	1
A_HP_12	83	Pulse	99	5128980	156379	1
A_HP_12	83	Pulse	99	5148980	176379	1
A_HP_12	83	Pulse	99	5168900	196299	1
A_HP_12	83	Pulse	99	5188900	216299	1
A_HP_12	83	Pulse	99	5208980	236379	1
A_HP_12	83	Pulse	99	5228980	256379	1
A_HP_12	83	Pulse	99	5248900	276299	1
A_HP_12	83	Pulse	99	5268981	296380	1
A_HP_12	84	Response	5	5288980	6149	1
A_HP_12	84	Pulse	99	5288980	6149	1
A_HP_12	85	Picture	response76	5289531	230	1	20229	1	0	20000	hit	394
A_HP_12	85	Response	3	5295189	5887	1
A_HP_12	85	Pulse	99	5308900	19599	1
A_HP_12	86	Picture	response75	5319822	121	1	20229	1	0	20000	hit	398
A_HP_12	86	Pulse	99	5328981	9280	1
A_HP_12	86	Response	3	5330108	10407	1
A_HP_12	86	Pulse	99	5348980	29279	1
A_HP_12	87	Picture	response80	5350447	346	1	20229	1	0	20000	hit	401
A_HP_12	87	Response	1	5355969	5867	1
A_HP_12	87	Pulse	99	5368901	18799	1
A_HP_12	88	Picture	response73	5380739	238	1	20230	1	0	20000	hit	404
A_HP_12	88	Response	3	5386819	6318	1
A_HP_12	88	Pulse	99	5388980	8478	1
A_HP_12	88	Pulse	99	5408980	28479	1
A_HP_12	89	Picture	response78	5411031	129	1	20230	1	0	20000	hit	408
A_HP_12	89	Response	3	5416769	5867	1
A_HP_12	89	Pulse	99	5428900	17999	1
A_HP_12	90	Picture	response77	5441489	188	1	20229	1	0	20000	hit	411
A_HP_12	90	Response	1	5445049	3748	1
A_HP_12	90	Pulse	99	5448980	7679	1
A_HP_12	90	Pulse	99	5468980	27679	1
A_HP_12	91	Picture	response74	5471947	246	1	20230	1	0	20000	hit	415
A_HP_12	91	Response	3	5477529	5828	1
A_HP_12	91	Pulse	99	5488900	17199	1
A_HP_12	92	Picture	response79	5502406	304	1	20229	1	0	20000	hit	418
A_HP_12	92	Response	1	5507899	5798	1
A_HP_12	92	Pulse	99	5508980	6878	1
A_HP_12	92	Pulse	99	5528981	26879	1
A_HP_12	93	Picture	ins2	5532698	197	1	30229	1	0	30000	other	0
A_HP_12	93	Pulse	99	5548900	16399	1
A_HP_12	93	Pulse	99	5568980	36479	1
A_HP_12	93	Pulse	99	5588981	56479	1
A_HP_12	93	Pulse	99	5608901	76399	1
A_HP_12	93	Pulse	99	5628901	96399	1
A_HP_12	93	Pulse	99	5648981	116479	1
A_HP_12	93	Pulse	99	5668901	136399	1
A_HP_12	93	Pulse	99	5688901	156399	1
A_HP_12	93	Pulse	99	5708981	176479	1
A_HP_12	93	Pulse	99	5728901	196399	1
A_HP_12	93	Pulse	99	5748901	216399	1
A_HP_12	93	Pulse	99	5768981	236480	1
A_HP_12	93	Pulse	99	5788981	256480	1
A_HP_12	93	Pulse	99	5808901	276399	1
A_HP_12	93	Pulse	99	5828981	296479	1
A_HP_12	94	Response	5	5848981	6248	1
A_HP_12	94	Pulse	99	5848981	6248	1
A_HP_12	95	Picture	response11	5849532	230	1	20229	1	0	20000	hit	440
A_HP_12	95	Response	1	5854740	5438	1
A_HP_12	95	Pulse	99	5868901	19599	1
A_HP_12	96	Picture	response10	5879824	122	1	20229	1	0	20000	hit	443
A_HP_12	96	Response	1	5883660	3958	1
A_HP_12	96	Pulse	99	5888981	9279	1
A_HP_12	96	Pulse	99	5908981	29279	1
A_HP_12	97	Picture	response14	5910449	347	1	20229	1	0	20000	hit	447
A_HP_12	97	Response	1	5912940	2838	1
A_HP_12	97	Pulse	99	5928901	18799	1
A_HP_12	98	Picture	response12	5940741	239	1	20229	1	0	20000	hit	450
A_HP_12	98	Response	1	5942400	1898	1
A_HP_12	98	Pulse	99	5948981	8479	1
A_HP_12	98	Pulse	99	5968981	28479	1
A_HP_12	99	Picture	response16	5971032	131	1	20229	1	0	20000	hit	454
A_HP_12	99	Response	1	5973410	2508	1
A_HP_12	99	Pulse	99	5988901	17999	1
A_HP_12	100	Picture	response9	6001490	189	1	20230	1	0	20000	hit	457
A_HP_12	100	Response	1	6003920	2618	1
A_HP_12	100	Pulse	99	6008981	7679	1
A_HP_12	100	Pulse	99	6028981	27680	1
A_HP_12	101	Picture	response13	6031950	248	1	20229	1	0	20000	hit	461
A_HP_12	101	Response	1	6036020	4318	1
A_HP_12	101	Pulse	99	6048901	17199	1
A_HP_12	102	Picture	response15	6062408	306	1	20229	1	0	20000	hit	464
A_HP_12	102	Response	1	6064950	2848	1
A_HP_12	102	Pulse	99	6068901	6799	1
A_HP_12	102	Pulse	99	6088981	26879	1
A_HP_12	103	Picture	ins24	6092699	197	1	30229	1	0	30000	other	0
A_HP_12	103	Pulse	99	6108901	16399	1
A_HP_12	103	Pulse	99	6128901	36399	1
A_HP_12	103	Pulse	99	6148981	56479	1
A_HP_12	103	Pulse	99	6168901	76399	1
A_HP_12	103	Pulse	99	6188901	96399	1
A_HP_12	103	Pulse	99	6208981	116479	1
A_HP_12	103	Pulse	99	6228901	136399	1
A_HP_12	103	Pulse	99	6248901	156399	1
A_HP_12	103	Pulse	99	6268982	176480	1
A_HP_12	103	Pulse	99	6288901	196399	1
A_HP_12	103	Pulse	99	6308901	216399	1
A_HP_12	103	Pulse	99	6328982	236480	1
A_HP_12	103	Pulse	99	6348982	256480	1
A_HP_12	103	Pulse	99	6368902	276399	1
A_HP_12	103	Pulse	99	6388982	296479	1
A_HP_12	104	Response	5	6408982	6249	1
A_HP_12	104	Pulse	99	6408982	6249	1
A_HP_12	105	Picture	response185	6409533	231	1	20229	1	0	20000	hit	486
A_HP_12	105	Response	3	6420240	10938	1
A_HP_12	105	Pulse	99	6428901	19599	1
A_HP_12	106	Picture	response186	6439825	122	1	20230	1	0	20000	hit	490
A_HP_12	106	Pulse	99	6448902	9199	1
A_HP_12	106	Response	2	6450600	10897	1
A_HP_12	106	Pulse	99	6468982	29279	1
A_HP_12	107	Picture	response191	6470451	348	1	20230	1	0	20000	hit	493
A_HP_12	107	Response	2	6477090	6988	1
A_HP_12	107	Pulse	99	6488902	18799	1
A_HP_12	108	Picture	response192	6500743	240	1	20229	1	0	20000	hit	496
A_HP_12	108	Response	3	6508630	8128	1
A_HP_12	108	Pulse	99	6508901	8398	1
A_HP_12	108	Pulse	99	6528982	28479	1
A_HP_12	109	Picture	response188	6531035	132	1	20230	1	0	20000	hit	500
A_HP_12	109	Response	4	6546331	15428	1
A_HP_12	109	Pulse	99	6548901	17998	1
A_HP_12	110	Picture	response190	6561494	191	1	20230	1	0	20000	hit	504
A_HP_12	110	Pulse	99	6568902	7599	1
A_HP_12	110	Response	3	6570810	9507	1
A_HP_12	110	Pulse	99	6588982	27679	1
A_HP_12	111	Picture	response189	6591953	250	1	20230	1	0	20000	hit	507
A_HP_12	111	Response	1	6598831	7128	1
A_HP_12	111	Pulse	99	6608902	17199	1
A_HP_12	112	Picture	response187	6622412	309	1	20230	1	0	20000	hit	511
A_HP_12	112	Pulse	99	6628902	6799	1
A_HP_12	112	Response	3	6629220	7117	1
A_HP_12	112	Pulse	99	6648982	26879	1
A_HP_12	113	Picture	ins12	6652704	202	1	30229	1	0	30000	other	0
A_HP_12	113	Pulse	99	6668902	16400	1
A_HP_12	113	Pulse	99	6688902	36400	1
A_HP_12	113	Pulse	99	6708982	56480	1
A_HP_12	113	Pulse	99	6728902	76400	1
A_HP_12	113	Pulse	99	6748902	96400	1
A_HP_12	113	Pulse	99	6768982	116480	1
A_HP_12	113	Pulse	99	6788902	136400	1
A_HP_12	113	Pulse	99	6808902	156400	1
A_HP_12	113	Pulse	99	6828982	176480	1
A_HP_12	113	Pulse	99	6848902	196400	1
A_HP_12	113	Pulse	99	6868902	216400	1
A_HP_12	113	Pulse	99	6888902	236400	1
A_HP_12	113	Pulse	99	6908982	256480	1
A_HP_12	113	Pulse	99	6928903	276400	1
A_HP_12	113	Pulse	99	6948902	296400	1
A_HP_12	114	Response	5	6968983	6250	1
A_HP_12	114	Pulse	99	6968983	6250	1
A_HP_12	115	Picture	response89	6969533	230	1	20229	1	0	20000	incorrect	532
A_HP_12	115	Response	1	6975961	6658	1
A_HP_12	115	Pulse	99	6988903	19599	1
A_HP_12	116	Picture	response94	6999825	121	1	20229	1	0	20000	hit	535
A_HP_12	116	Response	4	7005121	5418	1
A_HP_12	116	Pulse	99	7008902	9199	1
A_HP_12	116	Pulse	99	7028983	29279	1
A_HP_12	117	Picture	response91	7030449	346	1	20229	1	0	20000	hit	539
A_HP_12	117	Response	4	7036811	6709	1
A_HP_12	117	Pulse	99	7048903	18800	1
A_HP_12	118	Picture	response92	7060741	237	1	20229	1	0	20000	hit	542
A_HP_12	118	Response	1	7066061	5558	1
A_HP_12	118	Pulse	99	7068902	8399	1
A_HP_12	118	Pulse	99	7088982	28479	1
A_HP_12	119	Picture	response96	7091033	129	1	20229	1	0	20000	hit	546
A_HP_12	119	Response	1	7095421	4517	1
A_HP_12	119	Pulse	99	7108902	17999	1
A_HP_12	120	Picture	response93	7121491	187	1	20229	1	0	20000	hit	549
A_HP_12	120	Response	1	7128371	7067	1
A_HP_12	120	Pulse	99	7128902	7598	1
A_HP_12	120	Pulse	99	7148983	27679	1
A_HP_12	121	Picture	response95	7151950	246	1	20229	1	0	20000	hit	553
A_HP_12	121	Response	4	7156951	5247	1
A_HP_12	121	Pulse	99	7168903	17199	1
A_HP_12	122	Picture	response90	7182408	304	1	20229	1	0	20000	hit	557
A_HP_12	122	Pulse	99	7188903	6799	1
A_HP_12	122	Response	1	7189411	7307	1
A_HP_12	122	Pulse	99	7208984	26880	1
A_HP_12	123	Picture	thanks	7212366	0	1	10229	1	0	10000	other	0
A_HP_12	123	Pulse	99	7228903	16536	1


Event Type	Code	Type	Response	RT	RT Uncertainty	Time	Uncertainty	Duration	Uncertainty	ReqTime	ReqDur

Picture	ready	other				429205	1	10229	1	0	10000
Picture	ins16	other				489826	1	30230	1	0	30000
Picture	response128	hit	4	4327	2	809524	1	20229	1	0	20000
Picture	response125	hit	4	4666	2	839816	1	20229	1	0	20000
Picture	response126	hit	3	3882	2	870441	1	20229	1	0	20000
Picture	response127	hit	3	5230	2	900732	1	20229	1	0	20000
Picture	response122	hit	3	5309	2	931024	1	20229	1	0	20000
Picture	response121	hit	4	4520	2	961482	1	20230	1	0	20000
Picture	response124	hit	4	2662	2	991940	1	20230	1	0	20000
Picture	response123	hit	4	4773	2	1022399	1	20229	1	0	20000
Picture	ins22	other				1052691	1	30229	1	0	30000
Picture	response169	hit	2	5858	2	1369525	1	20230	1	0	20000
Picture	response172	hit	4	6685	2	1399818	1	20229	1	0	20000
Picture	response175	hit	3	5650	2	1430443	1	20230	1	0	20000
Picture	response171	hit	3	4798	2	1460735	1	20230	1	0	20000
Picture	response174	hit	1	11246	2	1491027	1	20229	1	0	20000
Picture	response176	hit	4	5588	2	1521485	1	20229	1	0	20000
Picture	response173	hit	1	8549	2	1551944	1	20230	1	0	20000
Picture	response170	hit	4	6091	2	1582403	1	20229	1	0	20000
Picture	ins6	other				1612694	1	30229	1	0	30000
Picture	response48	hit	3	3817	2	1929527	1	20230	1	0	20000
Picture	response46	hit	3	3735	2	1959819	1	20229	1	0	20000
Picture	response42	hit	3	2931	2	1990443	1	20229	1	0	20000
Picture	response47	hit	3	3509	2	2020735	1	20229	1	0	20000
Picture	response41	hit	3	5238	2	2051027	1	20230	1	0	20000
Picture	response44	hit	3	4288	2	2081486	1	20229	1	0	20000
Picture	response45	hit	3	2780	2	2111944	1	20229	1	0	20000
Picture	response43	hit	3	2893	2	2142402	1	20230	1	0	20000
Picture	ins20	other				2172693	1	30229	1	0	30000
Picture	response153	hit	2	7497	2	2489527	1	20230	1	0	20000
Picture	response155	hit	4	10104	2	2519820	1	20229	1	0	20000
Picture	response160	hit	1	9200	2	2550445	1	20230	1	0	20000
Picture	response158	hit	3	3948	2	2580737	1	20229	1	0	20000
Picture	response154	hit	3	5627	2	2611028	1	20230	1	0	20000
Picture	response157	hit	4	5608	2	2641487	1	20230	1	0	20000
Picture	response156	hit	1	6609	2	2671946	1	20230	1	0	20000
Picture	response159	hit	4	5080	2	2702405	1	20229	1	0	20000
Picture	ins4	other				2732697	1	30229	1	0	30000
Picture	response32	hit	2	3308	2	3049527	1	20230	1	0	20000
Picture	response27	hit	2	2716	2	3079819	1	20229	1	0	20000
Picture	response30	hit	2	2201	2	3110444	1	20230	1	0	20000
Picture	response26	hit	2	2370	2	3140736	1	20229	1	0	20000
Picture	response28	hit	2	1618	2	3171028	1	20229	1	0	20000
Picture	response25	hit	2	1879	2	3201487	1	20229	1	0	20000
Picture	response29	hit	2	2661	2	3231945	1	20230	1	0	20000
Picture	response31	hit	2	2741	2	3262404	1	20230	1	0	20000
Picture	ins14	other				3292696	1	30229	1	0	30000
Picture	response110	hit	2	6358	2	3609528	1	20229	1	0	20000
Picture	response112	hit	4	4686	2	3639820	1	20229	1	0	20000
Picture	response105	hit	2	5331	2	3670445	1	20230	1	0	20000
Picture	response109	hit	2	4819	2	3700737	1	20229	1	0	20000
Picture	response106	hit	4	3667	2	3731029	1	20229	1	0	20000
Picture	response111	hit	4	6459	2	3761488	1	20229	1	0	20000
Picture	response108	hit	2	3251	2	3791946	1	20229	1	0	20000
Picture	response107	hit	2	4072	2	3822404	1	20229	1	0	20000
Picture	ins18	other				3852696	1	30229	1	0	30000
Picture	response141	hit	1	8387	2	4169530	1	20229	1	0	20000
Picture	response144	hit	2	8476	2	4199821	1	20230	1	0	20000
Picture	response137	hit	4	7100	2	4230447	1	20229	1	0	20000
Picture	response142	hit	3	4119	2	4260738	1	20230	1	0	20000
Picture	response138	hit	3	5197	2	4291031	1	20229	1	0	20000
Picture	response139	hit	2	6308	2	4321489	1	20229	1	0	20000
Picture	response140	hit	1	5123	2	4351948	1	20229	1	0	20000
Picture	response143	hit	3	9320	2	4382407	1	20230	1	0	20000
Picture	ins8	other				4412699	1	30229	1	0	30000
Picture	response64	hit	4	3997	2	4729630	1	20229	1	0	20000
Picture	response58	hit	4	2709	2	4760089	1	20229	1	0	20000
Picture	response61	hit	4	2508	2	4790381	1	20229	1	0	20000
Picture	response59	hit	4	3099	2	4820839	1	20229	1	0	20000
Picture	response60	hit	4	2548	2	4851130	1	20229	1	0	20000
Picture	response62	hit	4	1550	2	4881589	1	20229	1	0	20000
Picture	response63	hit	4	1142	2	4912047	1	20229	1	0	20000
Picture	response57	hit	4	2360	2	4942339	1	20229	1	0	20000
Picture	ins10	other				4972797	1	30229	1	0	30000
Picture	response76	hit	3	5658	2	5289531	1	20229	1	0	20000
Picture	response75	hit	3	10286	2	5319822	1	20229	1	0	20000
Picture	response80	hit	1	5521	2	5350447	1	20229	1	0	20000
Picture	response73	hit	3	6080	2	5380739	1	20230	1	0	20000
Picture	response78	hit	3	5738	2	5411031	1	20230	1	0	20000
Picture	response77	hit	1	3560	2	5441489	1	20229	1	0	20000
Picture	response74	hit	3	5582	2	5471947	1	20230	1	0	20000
Picture	response79	hit	1	5493	2	5502406	1	20229	1	0	20000
Picture	ins2	other				5532698	1	30229	1	0	30000
Picture	response11	hit	1	5208	2	5849532	1	20229	1	0	20000
Picture	response10	hit	1	3836	2	5879824	1	20229	1	0	20000
Picture	response14	hit	1	2491	2	5910449	1	20229	1	0	20000
Picture	response12	hit	1	1659	2	5940741	1	20229	1	0	20000
Picture	response16	hit	1	2378	2	5971032	1	20229	1	0	20000
Picture	response9	hit	1	2429	2	6001490	1	20230	1	0	20000
Picture	response13	hit	1	4070	2	6031950	1	20229	1	0	20000
Picture	response15	hit	1	2542	2	6062408	1	20229	1	0	20000
Picture	ins24	other				6092699	1	30229	1	0	30000
Picture	response185	hit	3	10707	2	6409533	1	20229	1	0	20000
Picture	response186	hit	2	10775	2	6439825	1	20230	1	0	20000
Picture	response191	hit	2	6640	2	6470451	1	20230	1	0	20000
Picture	response192	hit	3	7888	2	6500743	1	20229	1	0	20000
Picture	response188	hit	4	15295	2	6531035	1	20230	1	0	20000
Picture	response190	hit	3	9316	2	6561494	1	20230	1	0	20000
Picture	response189	hit	1	6878	2	6591953	1	20230	1	0	20000
Picture	response187	hit	3	6808	2	6622412	1	20230	1	0	20000
Picture	ins12	other				6652704	1	30229	1	0	30000
Picture	response89	incorrect	1	6428	2	6969533	1	20229	1	0	20000
Picture	response94	hit	4	5296	2	6999825	1	20229	1	0	20000
Picture	response91	hit	4	6362	2	7030449	1	20229	1	0	20000
Picture	response92	hit	1	5320	2	7060741	1	20229	1	0	20000
Picture	response96	hit	1	4389	2	7091033	1	20229	1	0	20000
Picture	response93	hit	1	6880	2	7121491	1	20229	1	0	20000
Picture	response95	hit	4	5002	2	7151950	1	20229	1	0	20000
Picture	response90	hit	1	7003	2	7182408	1	20229	1	0	20000
Picture	thanks	other				7212366	1	10229	1	0	10000


{
   "app": "Presentation Version 21.0 Build 06.06.19",
   "device": "LENOVO 20KHCTO1WW",
   "experiment": "{C0C68DB1-10BA-42F2-8F79-3F2AFFEED4E4}",
   "os": "Windows 10 64 bit",
   "package": "",
   "parameters": {
      "configuration": "Default configuration"
   },
   "scenario": "Response experiment(2).sce",
   "subject": "A_HP_12",
   "timestamp": "2019/09/26 00:47:29 GMT"
}
