Scenario - 
Logfile written - 10/30/2019 15:42:05

Subject	Trial	Event Type	Code	Time	TTime	Uncertainty	Duration	Uncertainty	ReqTime	ReqDur	Stim Type	Pair Index

A_HP_25	1	Response	5	231217	230051	1
A_HP_25	1	Pulse	99	231217	230051	1
A_HP_25	2	Picture	ready	231448	0	1	10229	1	0	10000	other	0
A_HP_25	2	Pulse	99	251297	19849	1
A_HP_25	2	Pulse	99	271217	39769	1
A_HP_25	2	Pulse	99	291217	59768	1
A_HP_25	3	Picture	ins10	292022	232	1	30229	1	0	30000	other	0
A_HP_25	3	Pulse	99	311217	19427	1
A_HP_25	3	Pulse	99	331217	39427	1
A_HP_25	3	Pulse	99	351217	59427	1
A_HP_25	3	Pulse	99	371217	79427	1
A_HP_25	3	Pulse	99	391297	99507	1
A_HP_25	3	Pulse	99	411217	119427	1
A_HP_25	3	Pulse	99	431217	139427	1
A_HP_25	3	Pulse	99	451297	159507	1
A_HP_25	3	Pulse	99	471217	179427	1
A_HP_25	3	Pulse	99	491217	199427	1
A_HP_25	3	Pulse	99	511297	219507	1
A_HP_25	3	Pulse	99	531217	239427	1
A_HP_25	3	Pulse	99	551217	259427	1
A_HP_25	3	Pulse	99	571217	279427	1
A_HP_25	3	Pulse	99	591217	299427	1
A_HP_25	4	Response	5	611217	9197	1
A_HP_25	4	Pulse	99	611217	9197	1
A_HP_25	5	Picture	response76	611820	230	1	20229	1	0	20000	hit	26
A_HP_25	5	Response	3	616306	4716	1
A_HP_25	5	Pulse	99	631217	19627	1
A_HP_25	6	Picture	response75	642278	288	1	20229	1	0	20000	hit	29
A_HP_25	6	Response	3	649416	7426	1
A_HP_25	6	Pulse	99	651216	9226	1
A_HP_25	6	Pulse	99	671217	29227	1
A_HP_25	7	Picture	response79	672569	179	1	20230	1	0	20000	hit	33
A_HP_25	7	Response	1	677876	5486	1
A_HP_25	7	Pulse	99	691217	18827	1
A_HP_25	8	Picture	response74	703028	238	1	20229	1	0	20000	hit	37
A_HP_25	8	Pulse	99	711297	8507	1
A_HP_25	8	Response	3	716065	13275	1
A_HP_25	8	Pulse	99	731217	28426	1
A_HP_25	9	Picture	response73	733485	295	1	20229	1	0	20000	hit	40
A_HP_25	9	Response	3	740266	7076	1
A_HP_25	9	Pulse	99	751217	18027	1
A_HP_25	10	Picture	response80	763777	187	1	20229	1	0	20000	hit	43
A_HP_25	10	Response	1	770396	6806	1
A_HP_25	10	Pulse	99	771297	7707	1
A_HP_25	10	Pulse	99	791217	27627	1
A_HP_25	11	Picture	response77	794234	244	1	20229	1	0	20000	hit	47
A_HP_25	11	Response	1	801156	7165	1
A_HP_25	11	Pulse	99	811217	17227	1
A_HP_25	12	Picture	response78	824692	302	1	20229	1	0	20000	hit	50
A_HP_25	12	Response	3	830656	6266	1
A_HP_25	12	Pulse	99	831297	6907	1
A_HP_25	12	Pulse	99	851217	26827	1
A_HP_25	13	Picture	ins12	854983	193	1	30229	1	0	30000	other	0
A_HP_25	13	Pulse	99	871216	16426	1
A_HP_25	13	Pulse	99	891217	36427	1
A_HP_25	13	Pulse	99	911217	56427	1
A_HP_25	13	Pulse	99	931217	76427	1
A_HP_25	13	Pulse	99	951217	96427	1
A_HP_25	13	Pulse	99	971217	116427	1
A_HP_25	13	Pulse	99	991217	136427	1
A_HP_25	13	Pulse	99	1011217	156427	1
A_HP_25	13	Pulse	99	1031217	176427	1
A_HP_25	13	Pulse	99	1051217	196427	1
A_HP_25	13	Pulse	99	1071217	216427	1
A_HP_25	13	Pulse	99	1091297	236507	1
A_HP_25	13	Pulse	99	1111217	256427	1
A_HP_25	13	Pulse	99	1131217	276427	1
A_HP_25	13	Pulse	99	1151217	296427	1
A_HP_25	14	Response	5	1171217	6196	1
A_HP_25	14	Pulse	99	1171217	6196	1
A_HP_25	15	Picture	response92	1171819	229	1	20229	1	0	20000	hit	72
A_HP_25	15	Response	1	1184366	12776	1
A_HP_25	15	Pulse	99	1191217	19627	1
A_HP_25	16	Picture	response93	1202277	287	1	20230	1	0	20000	hit	75
A_HP_25	16	Response	1	1206575	4585	1
A_HP_25	16	Pulse	99	1211216	9226	1
A_HP_25	16	Pulse	99	1231217	29227	1
A_HP_25	17	Picture	response95	1232569	179	1	20229	1	0	20000	hit	79
A_HP_25	17	Response	4	1236536	4146	1
A_HP_25	17	Pulse	99	1251217	18827	1
A_HP_25	18	Picture	response90	1263027	237	1	20224	5	0	20000	hit	82
A_HP_25	18	Response	1	1268955	6165	1
A_HP_25	18	Pulse	99	1271216	8426	1
A_HP_25	18	Pulse	99	1291217	28427	1
A_HP_25	19	Picture	response91	1293480	290	1	20229	1	0	20000	hit	86
A_HP_25	19	Response	4	1300245	7056	1
A_HP_25	19	Pulse	99	1311217	18027	1
A_HP_25	20	Picture	response96	1323772	182	1	20229	1	0	20000	hit	90
A_HP_25	20	Pulse	99	1331217	7627	1
A_HP_25	20	Response	1	1332235	8645	1
A_HP_25	20	Pulse	99	1351216	27627	1
A_HP_25	21	Picture	response94	1354230	240	1	20229	1	0	20000	hit	93
A_HP_25	21	Response	4	1360445	6455	1
A_HP_25	21	Pulse	99	1371216	17227	1
A_HP_25	22	Picture	response89	1384688	298	1	20230	1	0	20000	incorrect	97
A_HP_25	22	Pulse	99	1391216	6827	1
A_HP_25	22	Response	1	1396025	11635	1
A_HP_25	22	Pulse	99	1411296	26907	1
A_HP_25	23	Picture	ins4	1414980	191	1	30229	1	0	30000	other	0
A_HP_25	23	Pulse	99	1431217	16427	1
A_HP_25	23	Pulse	99	1451217	36427	1
A_HP_25	23	Pulse	99	1471216	56427	1
A_HP_25	23	Pulse	99	1491216	76427	1
A_HP_25	23	Pulse	99	1511216	96427	1
A_HP_25	23	Pulse	99	1531216	116427	1
A_HP_25	23	Pulse	99	1551216	136427	1
A_HP_25	23	Pulse	99	1571217	156427	1
A_HP_25	23	Pulse	99	1591216	176427	1
A_HP_25	23	Pulse	99	1611216	196427	1
A_HP_25	23	Pulse	99	1631216	216427	1
A_HP_25	23	Pulse	99	1651216	236427	1
A_HP_25	23	Pulse	99	1671216	256427	1
A_HP_25	23	Pulse	99	1691216	276427	1
A_HP_25	23	Pulse	99	1711216	296427	1
A_HP_25	24	Response	5	1731216	6197	1
A_HP_25	24	Pulse	99	1731216	6197	1
A_HP_25	25	Picture	response31	1731819	230	1	20229	1	0	20000	hit	118
A_HP_25	25	Response	2	1735035	3446	1
A_HP_25	25	Pulse	99	1751216	19627	1
A_HP_25	26	Picture	response32	1762277	288	1	20229	1	0	20000	hit	121
A_HP_25	26	Response	2	1764605	2616	1
A_HP_25	26	Pulse	99	1771216	9227	1
A_HP_25	26	Pulse	99	1791216	29227	1
A_HP_25	27	Picture	response30	1792569	179	1	20229	1	0	20000	hit	125
A_HP_25	27	Response	2	1795775	3385	1
A_HP_25	27	Pulse	99	1811216	18827	1
A_HP_25	28	Picture	response26	1823026	237	1	20229	1	0	20000	hit	128
A_HP_25	28	Response	2	1826495	3705	1
A_HP_25	28	Pulse	99	1831216	8426	1
A_HP_25	28	Pulse	99	1851216	28427	1
A_HP_25	29	Picture	response27	1853484	295	1	20229	1	0	20000	hit	132
A_HP_25	29	Response	2	1856995	3805	1
A_HP_25	29	Pulse	99	1871216	18027	1
A_HP_25	30	Picture	response28	1883776	186	1	20229	1	0	20000	hit	135
A_HP_25	30	Response	2	1887065	3476	1
A_HP_25	30	Pulse	99	1891216	7626	1
A_HP_25	30	Pulse	99	1911216	27627	1
A_HP_25	31	Picture	response25	1914233	244	1	20229	1	0	20000	hit	139
A_HP_25	31	Response	2	1917285	3295	1
A_HP_25	31	Pulse	99	1931216	17227	1
A_HP_25	32	Picture	response29	1944691	301	1	20229	1	0	20000	hit	142
A_HP_25	32	Response	2	1949875	5485	1
A_HP_25	32	Pulse	99	1951216	6826	1
A_HP_25	32	Pulse	99	1971216	26827	1
A_HP_25	33	Picture	ins20	1974982	193	1	30229	1	0	30000	other	0
A_HP_25	33	Pulse	99	1991216	16427	1
A_HP_25	33	Pulse	99	2011216	36427	1
A_HP_25	33	Pulse	99	2031217	56427	1
A_HP_25	33	Pulse	99	2051216	76427	1
A_HP_25	33	Pulse	99	2071216	96427	1
A_HP_25	33	Pulse	99	2091216	116427	1
A_HP_25	33	Pulse	99	2111216	136427	1
A_HP_25	33	Pulse	99	2131216	156427	1
A_HP_25	33	Pulse	99	2151216	176427	1
A_HP_25	33	Pulse	99	2171216	196427	1
A_HP_25	33	Pulse	99	2191215	216426	1
A_HP_25	33	Pulse	99	2211216	236426	1
A_HP_25	33	Pulse	99	2231215	256426	1
A_HP_25	33	Pulse	99	2251216	276426	1
A_HP_25	33	Pulse	99	2271216	296426	1
A_HP_25	34	Response	5	2291215	6195	1
A_HP_25	34	Pulse	99	2291215	6195	1
A_HP_25	35	Picture	response160	2291819	230	1	20229	1	0	20000	hit	164
A_HP_25	35	Response	1	2299174	7586	1
A_HP_25	35	Pulse	99	2311215	19627	1
A_HP_25	36	Picture	response153	2322277	289	1	20229	1	0	20000	hit	167
A_HP_25	36	Response	2	2328824	6836	1
A_HP_25	36	Pulse	99	2331215	9227	1
A_HP_25	36	Pulse	99	2351216	29227	1
A_HP_25	37	Picture	response156	2352568	180	1	20230	1	0	20000	hit	171
A_HP_25	37	Response	1	2360324	7936	1
A_HP_25	37	Pulse	99	2371215	18827	1
A_HP_25	38	Picture	response155	2383027	239	1	20230	1	0	20000	hit	175
A_HP_25	38	Pulse	99	2391216	8427	1
A_HP_25	38	Response	4	2393094	10306	1
A_HP_25	38	Pulse	99	2411216	28427	1
A_HP_25	39	Picture	response154	2413486	297	1	20229	1	0	20000	hit	178
A_HP_25	39	Response	3	2421055	7866	1
A_HP_25	39	Pulse	99	2431216	18027	1
A_HP_25	40	Picture	response157	2443778	189	1	20229	1	0	20000	hit	181
A_HP_25	40	Response	4	2448085	4496	1
A_HP_25	40	Pulse	99	2451216	7627	1
A_HP_25	40	Pulse	99	2471216	27627	1
A_HP_25	41	Picture	response159	2474236	247	1	20229	1	0	20000	hit	185
A_HP_25	41	Response	4	2481005	7016	1
A_HP_25	41	Pulse	99	2491216	17227	1
A_HP_25	42	Picture	response158	2504694	305	1	20229	1	0	20000	hit	189
A_HP_25	42	Pulse	99	2511216	6827	1
A_HP_25	42	Response	3	2512124	7735	1
A_HP_25	42	Pulse	99	2531216	26827	1
A_HP_25	43	Picture	ins6	2534985	196	1	30229	1	0	30000	other	0
A_HP_25	43	Pulse	99	2551216	16427	1
A_HP_25	43	Pulse	99	2571216	36427	1
A_HP_25	43	Pulse	99	2591216	56427	1
A_HP_25	43	Pulse	99	2611216	76427	1
A_HP_25	43	Pulse	99	2631216	96427	1
A_HP_25	43	Pulse	99	2651216	116427	1
A_HP_25	43	Pulse	99	2671216	136427	1
A_HP_25	43	Pulse	99	2691216	156427	1
A_HP_25	43	Pulse	99	2711216	176427	1
A_HP_25	43	Pulse	99	2731216	196427	1
A_HP_25	43	Pulse	99	2751216	216427	1
A_HP_25	43	Pulse	99	2771216	236427	1
A_HP_25	43	Pulse	99	2791216	256427	1
A_HP_25	43	Pulse	99	2811216	276427	1
A_HP_25	43	Pulse	99	2831216	296427	1
A_HP_25	44	Response	5	2851216	6197	1
A_HP_25	44	Pulse	99	2851216	6197	1
A_HP_25	45	Picture	response46	2851819	230	1	20229	1	0	20000	hit	210
A_HP_25	45	Response	3	2856084	4495	1
A_HP_25	45	Pulse	99	2871216	19627	1
A_HP_25	46	Picture	response41	2882277	288	1	20229	1	0	20000	hit	213
A_HP_25	46	Response	3	2885434	3446	1
A_HP_25	46	Pulse	99	2891215	9226	1
A_HP_25	46	Pulse	99	2911216	29227	1
A_HP_25	47	Picture	response48	2912568	179	1	20230	1	0	20000	hit	217
A_HP_25	47	Response	3	2920555	8166	1
A_HP_25	47	Pulse	99	2931216	18827	1
A_HP_25	48	Picture	response43	2943027	238	1	20229	1	0	20000	hit	220
A_HP_25	48	Response	3	2946155	3366	1
A_HP_25	48	Pulse	99	2951215	8426	1
A_HP_25	48	Pulse	99	2971216	28427	1
A_HP_25	49	Picture	response47	2973485	295	1	20229	1	0	20000	hit	224
A_HP_25	49	Response	3	2978415	5226	1
A_HP_25	49	Pulse	99	2991216	18027	1
A_HP_25	50	Picture	response44	3003776	187	1	20229	1	0	20000	hit	228
A_HP_25	50	Pulse	99	3011216	7627	1
A_HP_25	50	Response	3	3016934	13345	1
A_HP_25	50	Pulse	99	3031216	27627	1
A_HP_25	51	Picture	response45	3034234	245	1	20229	1	0	20000	hit	231
A_HP_25	51	Response	3	3043395	9406	1
A_HP_25	51	Pulse	99	3051215	17226	1
A_HP_25	52	Picture	response42	3064692	303	1	20229	1	0	20000	hit	235
A_HP_25	52	Pulse	99	3071216	6827	1
A_HP_25	52	Response	3	3073114	8725	1
A_HP_25	52	Pulse	99	3091216	26827	1
A_HP_25	53	Picture	ins16	3094983	194	1	30229	1	0	30000	other	0
A_HP_25	53	Pulse	99	3111216	16427	1
A_HP_25	53	Pulse	99	3131216	36427	1
A_HP_25	53	Pulse	99	3151216	56427	1
A_HP_25	53	Pulse	99	3171216	76427	1
A_HP_25	53	Pulse	99	3191216	96427	1
A_HP_25	53	Pulse	99	3211216	116427	1
A_HP_25	53	Pulse	99	3231216	136427	1
A_HP_25	53	Pulse	99	3251216	156427	1
A_HP_25	53	Pulse	99	3271216	176427	1
A_HP_25	53	Pulse	99	3291216	196427	1
A_HP_25	53	Pulse	99	3311216	216427	1
A_HP_25	53	Pulse	99	3331216	236427	1
A_HP_25	53	Pulse	99	3351215	256427	1
A_HP_25	53	Pulse	99	3371216	276427	1
A_HP_25	53	Pulse	99	3391215	296427	1
A_HP_25	54	Response	5	3411215	6196	1
A_HP_25	54	Pulse	99	3411215	6196	1
A_HP_25	55	Picture	response127	3411819	230	1	20183	1	0	20000	incorrect	256
A_HP_25	55	Response	4	3418094	6506	1
A_HP_25	55	Pulse	99	3431216	19627	1
A_HP_25	56	Picture	response126	3442231	242	1	20229	1	0	20000	incorrect	259
A_HP_25	56	Response	4	3447464	5476	1
A_HP_25	56	Pulse	99	3451215	9226	1
A_HP_25	56	Pulse	99	3471216	29227	1
A_HP_25	57	Picture	response123	3472688	300	1	20229	1	0	20000	hit	264
A_HP_25	57	Pulse	99	3491216	18827	1
A_HP_25	57	Response	4	3492633	20245	1
A_HP_25	58	Picture	response121	3502980	192	1	20229	1	0	20000	hit	267
A_HP_25	58	Pulse	99	3511215	8427	1
A_HP_25	58	Response	4	3514954	12165	1
A_HP_25	58	Pulse	99	3531216	28427	1
A_HP_25	59	Picture	response122	3533438	250	1	20229	1	0	20000	miss	0
A_HP_25	59	Pulse	99	3551216	18027	1
A_HP_25	60	Picture	response125	3563730	141	1	20229	1	0	20000	hit	272
A_HP_25	60	Response	4	3567594	4006	1
A_HP_25	60	Pulse	99	3571215	7626	1
A_HP_25	60	Pulse	99	3591216	27627	1
A_HP_25	61	Picture	response124	3594354	365	1	20229	1	0	20000	hit	277
A_HP_25	61	Pulse	99	3611215	17227	1
A_HP_25	61	Response	4	3613353	19365	1
A_HP_25	62	Picture	response128	3624645	256	1	20229	1	0	20000	hit	280
A_HP_25	62	Pulse	99	3631215	6827	1
A_HP_25	62	Response	4	3638384	13995	1
A_HP_25	62	Pulse	99	3651215	26827	1
A_HP_25	63	Picture	ins8	3654936	148	1	30229	1	0	30000	other	0
A_HP_25	63	Pulse	99	3671215	16427	1
A_HP_25	63	Pulse	99	3691215	36427	1
A_HP_25	63	Pulse	99	3711215	56427	1
A_HP_25	63	Pulse	99	3731215	76427	1
A_HP_25	63	Pulse	99	3751215	96427	1
A_HP_25	63	Pulse	99	3771215	116427	1
A_HP_25	63	Pulse	99	3791215	136427	1
A_HP_25	63	Pulse	99	3811215	156427	1
A_HP_25	63	Pulse	99	3831216	176427	1
A_HP_25	63	Pulse	99	3851215	196427	1
A_HP_25	63	Pulse	99	3871215	216427	1
A_HP_25	63	Pulse	99	3891215	236427	1
A_HP_25	63	Pulse	99	3911215	256427	1
A_HP_25	63	Pulse	99	3931215	276427	1
A_HP_25	63	Pulse	99	3951215	296427	1
A_HP_25	64	Response	5	3971215	6196	1
A_HP_25	64	Pulse	99	3971215	6196	1
A_HP_25	65	Picture	response63	3971819	230	1	20229	1	0	20000	hit	301
A_HP_25	65	Response	4	3975594	4005	1
A_HP_25	65	Pulse	99	3991215	19627	1
A_HP_25	66	Picture	response61	4002277	289	1	20229	1	0	20000	hit	304
A_HP_25	66	Response	4	4008134	6146	1
A_HP_25	66	Pulse	99	4011215	9227	1
A_HP_25	66	Pulse	99	4031215	29227	1
A_HP_25	67	Picture	response62	4032583	195	1	20229	1	0	20000	hit	308
A_HP_25	67	Response	4	4038614	6226	1
A_HP_25	67	Pulse	99	4051215	18827	1
A_HP_25	68	Picture	response64	4062875	87	1	20229	1	0	20000	hit	311
A_HP_25	68	Response	4	4066344	3556	1
A_HP_25	68	Pulse	99	4071215	8427	1
A_HP_25	68	Pulse	99	4091215	28427	1
A_HP_25	69	Picture	response59	4093500	312	1	20229	1	0	20000	hit	315
A_HP_25	69	Response	4	4097024	3836	1
A_HP_25	69	Pulse	99	4111215	18027	1
A_HP_25	70	Picture	response60	4123792	204	1	20229	1	0	20000	hit	318
A_HP_25	70	Response	4	4127674	4086	1
A_HP_25	70	Pulse	99	4131215	7627	1
A_HP_25	70	Pulse	99	4151215	27627	1
A_HP_25	71	Picture	response57	4154250	262	1	20229	1	0	20000	hit	322
A_HP_25	71	Response	4	4159454	5466	1
A_HP_25	71	Pulse	99	4171215	17227	1
A_HP_25	72	Picture	response58	4184541	153	1	20229	1	0	20000	hit	325
A_HP_25	72	Response	4	4190254	5866	1
A_HP_25	72	Pulse	99	4191214	6827	1
A_HP_25	72	Pulse	99	4211215	26828	1
A_HP_25	73	Picture	ins14	4214999	211	1	30229	1	0	30000	other	0
A_HP_25	73	Pulse	99	4231215	16427	1
A_HP_25	73	Pulse	99	4251215	36427	1
A_HP_25	73	Pulse	99	4271215	56427	1
A_HP_25	73	Pulse	99	4291215	76427	1
A_HP_25	73	Pulse	99	4311215	96427	1
A_HP_25	73	Pulse	99	4331215	116427	1
A_HP_25	73	Pulse	99	4351215	136427	1
A_HP_25	73	Pulse	99	4371215	156427	1
A_HP_25	73	Pulse	99	4391215	176427	1
A_HP_25	73	Pulse	99	4411215	196427	1
A_HP_25	73	Pulse	99	4431215	216427	1
A_HP_25	73	Pulse	99	4451215	236427	1
A_HP_25	73	Pulse	99	4471215	256427	1
A_HP_25	73	Pulse	99	4491215	276427	1
A_HP_25	73	Pulse	99	4511215	296427	1
A_HP_25	74	Response	5	4531215	6197	1
A_HP_25	74	Pulse	99	4531215	6197	1
A_HP_25	75	Picture	response109	4531817	230	1	20229	1	0	20000	hit	347
A_HP_25	75	Response	2	4536593	5006	1
A_HP_25	75	Pulse	99	4551215	19627	1
A_HP_25	76	Picture	response105	4562276	288	1	20229	1	0	20000	hit	350
A_HP_25	76	Response	2	4565994	4006	1
A_HP_25	76	Pulse	99	4571215	9227	1
A_HP_25	76	Pulse	99	4591215	29227	1
A_HP_25	77	Picture	response108	4592567	179	1	20230	1	0	20000	hit	354
A_HP_25	77	Response	2	4597904	5516	1
A_HP_25	77	Pulse	99	4611215	18827	1
A_HP_25	78	Picture	response112	4623026	238	1	20229	1	0	20000	hit	357
A_HP_25	78	Response	4	4627134	4346	1
A_HP_25	78	Pulse	99	4631215	8427	1
A_HP_25	78	Pulse	99	4651215	28428	1
A_HP_25	79	Picture	response106	4653484	296	1	20229	1	0	20000	hit	361
A_HP_25	79	Response	4	4658554	5366	1
A_HP_25	79	Pulse	99	4671215	18027	1
A_HP_25	80	Picture	response110	4683775	188	1	20229	1	0	20000	hit	364
A_HP_25	80	Response	2	4689334	5746	1
A_HP_25	80	Pulse	99	4691215	7627	1
A_HP_25	80	Pulse	99	4711215	27627	1
A_HP_25	81	Picture	response107	4714233	246	1	20229	1	0	20000	hit	368
A_HP_25	81	Response	2	4719284	5296	1
A_HP_25	81	Pulse	99	4731215	17227	1
A_HP_25	82	Picture	response111	4744691	304	1	20229	1	0	20000	hit	372
A_HP_25	82	Pulse	99	4751215	6827	1
A_HP_25	82	Response	4	4751523	7135	1
A_HP_25	82	Pulse	99	4771215	26827	1
A_HP_25	83	Picture	ins24	4774982	195	1	30229	1	0	30000	other	0
A_HP_25	83	Pulse	99	4791215	16427	1
A_HP_25	83	Pulse	99	4811215	36427	1
A_HP_25	83	Pulse	99	4831215	56427	1
A_HP_25	83	Pulse	99	4851215	76427	1
A_HP_25	83	Pulse	99	4871215	96428	1
A_HP_25	83	Pulse	99	4891215	116427	1
A_HP_25	83	Pulse	99	4911215	136427	1
A_HP_25	83	Pulse	99	4931215	156427	1
A_HP_25	83	Pulse	99	4951215	176427	1
A_HP_25	83	Pulse	99	4971215	196427	1
A_HP_25	83	Pulse	99	4991215	216427	1
A_HP_25	83	Pulse	99	5011215	236427	1
A_HP_25	83	Pulse	99	5031215	256427	1
A_HP_25	83	Pulse	99	5051215	276427	1
A_HP_25	83	Pulse	99	5071215	296427	1
A_HP_25	84	Response	5	5091215	6197	1
A_HP_25	84	Pulse	99	5091215	6197	1
A_HP_25	85	Picture	response192	5091818	230	1	20229	1	0	20000	hit	394
A_HP_25	85	Pulse	99	5111215	19627	1
A_HP_25	85	Response	3	5117334	25746	1
A_HP_25	86	Picture	response191	5122276	288	1	20229	1	0	20000	hit	397
A_HP_25	86	Pulse	99	5131215	9227	1
A_HP_25	86	Response	2	5135293	13305	1
A_HP_25	86	Pulse	99	5151215	29227	1
A_HP_25	87	Picture	response185	5152567	179	1	20229	1	0	20000	hit	400
A_HP_25	87	Response	3	5165803	13415	1
A_HP_25	87	Pulse	99	5171215	18827	1
A_HP_25	88	Picture	response186	5183026	238	1	20229	1	0	20000	hit	403
A_HP_25	88	Response	2	5191063	8275	1
A_HP_25	88	Pulse	99	5191214	8426	1
A_HP_25	88	Pulse	99	5211215	28427	1
A_HP_25	89	Picture	response188	5213484	297	1	20229	1	0	20000	hit	407
A_HP_25	89	Response	4	5223603	10416	1
A_HP_25	89	Pulse	99	5231215	18027	1
A_HP_25	90	Picture	response190	5243775	188	1	20229	1	0	20000	hit	410
A_HP_25	90	Response	3	5250943	7356	1
A_HP_25	90	Pulse	99	5251214	7627	1
A_HP_25	90	Pulse	99	5271215	27628	1
A_HP_25	91	Picture	response187	5274233	245	1	20229	1	0	20000	hit	414
A_HP_25	91	Response	3	5280144	6156	1
A_HP_25	91	Pulse	99	5291215	17227	1
A_HP_25	92	Picture	response189	5304691	304	1	20229	1	0	20000	hit	418
A_HP_25	92	Pulse	99	5311215	6827	1
A_HP_25	92	Response	1	5312363	7975	1
A_HP_25	92	Pulse	99	5331215	26827	1
A_HP_25	93	Picture	ins22	5334982	195	1	30229	1	0	30000	other	0
A_HP_25	93	Pulse	99	5351215	16427	1
A_HP_25	93	Pulse	99	5371215	36427	1
A_HP_25	93	Pulse	99	5391215	56427	1
A_HP_25	93	Pulse	99	5411215	76427	1
A_HP_25	93	Pulse	99	5431215	96427	1
A_HP_25	93	Pulse	99	5451215	116427	1
A_HP_25	93	Pulse	99	5471215	136427	1
A_HP_25	93	Pulse	99	5491215	156427	1
A_HP_25	93	Pulse	99	5511215	176427	1
A_HP_25	93	Pulse	99	5531215	196427	1
A_HP_25	93	Pulse	99	5551214	216427	1
A_HP_25	93	Pulse	99	5571214	236427	1
A_HP_25	93	Pulse	99	5591214	256427	1
A_HP_25	93	Pulse	99	5611214	276427	1
A_HP_25	93	Pulse	99	5631214	296427	1
A_HP_25	94	Response	5	5651214	6196	1
A_HP_25	94	Pulse	99	5651214	6196	1
A_HP_25	95	Picture	response171	5651817	230	1	20229	1	0	20000	hit	439
A_HP_25	95	Response	3	5662343	10756	1
A_HP_25	95	Pulse	99	5671214	19627	1
A_HP_25	96	Picture	response172	5682275	288	1	20229	1	0	20000	hit	442
A_HP_25	96	Response	4	5687283	5296	1
A_HP_25	96	Pulse	99	5691214	9227	1
A_HP_25	96	Pulse	99	5711214	29227	1
A_HP_25	97	Picture	response174	5712566	179	1	20229	1	0	20000	hit	446
A_HP_25	97	Response	1	5722993	10606	1
A_HP_25	97	Pulse	99	5731214	18827	1
A_HP_25	98	Picture	response173	5743024	237	1	20229	1	0	20000	hit	449
A_HP_25	98	Response	1	5749213	6426	1
A_HP_25	98	Pulse	99	5751214	8427	1
A_HP_25	98	Pulse	99	5771215	28427	1
A_HP_25	99	Picture	response170	5773482	295	1	20229	1	0	20000	hit	453
A_HP_25	99	Response	4	5787633	14446	1
A_HP_25	99	Pulse	99	5791214	18026	1
A_HP_25	100	Picture	response175	5803773	186	1	20229	1	0	20000	hit	456
A_HP_25	100	Response	3	5810393	6806	1
A_HP_25	100	Pulse	99	5811214	7627	1
A_HP_25	100	Pulse	99	5831214	27627	1
A_HP_25	101	Picture	response169	5834230	243	1	20229	1	0	20000	hit	460
A_HP_25	101	Response	2	5844433	10446	1
A_HP_25	101	Pulse	99	5851214	17227	1
A_HP_25	102	Picture	response176	5864689	301	1	20229	1	0	20000	hit	464
A_HP_25	102	Pulse	99	5871214	6827	1
A_HP_25	102	Response	4	5875843	11456	1
A_HP_25	102	Pulse	99	5891214	26827	1
A_HP_25	103	Picture	ins2	5894980	194	1	30229	1	0	30000	other	0
A_HP_25	103	Pulse	99	5911214	16428	1
A_HP_25	103	Pulse	99	5931214	36427	1
A_HP_25	103	Pulse	99	5951214	56428	1
A_HP_25	103	Pulse	99	5971214	76428	1
A_HP_25	103	Pulse	99	5991214	96428	1
A_HP_25	103	Pulse	99	6011214	116428	1
A_HP_25	103	Pulse	99	6031214	136428	1
A_HP_25	103	Pulse	99	6051214	156428	1
A_HP_25	103	Pulse	99	6071214	176428	1
A_HP_25	103	Pulse	99	6091214	196427	1
A_HP_25	103	Pulse	99	6111214	216427	1
A_HP_25	103	Pulse	99	6131214	236427	1
A_HP_25	103	Pulse	99	6151214	256427	1
A_HP_25	103	Pulse	99	6171214	276427	1
A_HP_25	103	Pulse	99	6191214	296427	1
A_HP_25	104	Response	5	6211214	6197	1
A_HP_25	104	Pulse	99	6211214	6197	1
A_HP_25	105	Picture	response10	6211817	230	1	20229	1	0	20000	hit	485
A_HP_25	105	Response	1	6216802	5216	1
A_HP_25	105	Pulse	99	6231213	19627	1
A_HP_25	106	Picture	response11	6242274	288	1	20229	1	0	20000	hit	488
A_HP_25	106	Response	1	6245812	3825	1
A_HP_25	106	Pulse	99	6251213	9227	1
A_HP_25	106	Pulse	99	6271214	29227	1
A_HP_25	107	Picture	response16	6272566	179	1	20229	1	0	20000	hit	492
A_HP_25	107	Response	1	6276432	4046	1
A_HP_25	107	Pulse	99	6291214	18827	1
A_HP_25	108	Picture	response9	6303023	237	1	20229	1	0	20000	hit	495
A_HP_25	108	Response	1	6308112	5325	1
A_HP_25	108	Pulse	99	6311213	8427	1
A_HP_25	108	Pulse	99	6331214	28427	1
A_HP_25	109	Picture	response12	6333482	295	1	20229	1	0	20000	hit	499
A_HP_25	109	Response	1	6338653	5466	1
A_HP_25	109	Pulse	99	6351214	18027	1
A_HP_25	110	Picture	response13	6363773	186	1	20229	1	0	20000	hit	502
A_HP_25	110	Response	1	6368593	5006	1
A_HP_25	110	Pulse	99	6371214	7627	1
A_HP_25	110	Pulse	99	6391214	27627	1
A_HP_25	111	Picture	response15	6394230	244	1	20229	1	0	20000	hit	506
A_HP_25	111	Response	1	6397443	3456	1
A_HP_25	111	Pulse	99	6411214	17227	1
A_HP_25	112	Picture	response14	6424688	302	1	20229	1	0	20000	hit	509
A_HP_25	112	Response	1	6429403	5016	1
A_HP_25	112	Pulse	99	6431214	6827	1
A_HP_25	112	Pulse	99	6451214	26827	1
A_HP_25	113	Picture	ins18	6454979	193	1	30229	1	0	30000	other	0
A_HP_25	113	Pulse	99	6471214	16427	1
A_HP_25	113	Pulse	99	6491214	36427	1
A_HP_25	113	Pulse	99	6511214	56428	1
A_HP_25	113	Pulse	99	6531214	76427	1
A_HP_25	113	Pulse	99	6551214	96427	1
A_HP_25	113	Pulse	99	6571134	116347	1
A_HP_25	113	Pulse	99	6591214	136427	1
A_HP_25	113	Pulse	99	6611214	156427	1
A_HP_25	113	Pulse	99	6631214	176427	1
A_HP_25	113	Pulse	99	6651214	196427	1
A_HP_25	113	Pulse	99	6671214	216427	1
A_HP_25	113	Pulse	99	6691214	236427	1
A_HP_25	113	Pulse	99	6711214	256427	1
A_HP_25	113	Pulse	99	6731214	276427	1
A_HP_25	113	Pulse	99	6751214	296427	1
A_HP_25	114	Response	5	6771214	6197	1
A_HP_25	114	Pulse	99	6771214	6197	1
A_HP_25	115	Picture	response142	6771817	230	1	20229	1	0	20000	hit	531
A_HP_25	115	Response	3	6781582	9995	1
A_HP_25	115	Pulse	99	6791214	19627	1
A_HP_25	116	Picture	response140	6802275	288	1	20229	1	0	20000	hit	534
A_HP_25	116	Response	1	6810093	8106	1
A_HP_25	116	Pulse	99	6811213	9227	1
A_HP_25	116	Pulse	99	6831213	29227	1
A_HP_25	117	Picture	response137	6832567	180	1	20229	1	0	20000	hit	538
A_HP_25	117	Response	4	6842313	9926	1
A_HP_25	117	Pulse	99	6851214	18827	1
A_HP_25	118	Picture	response144	6863025	238	1	20229	1	0	20000	hit	541
A_HP_25	118	Response	2	6870933	8146	1
A_HP_25	118	Pulse	99	6871213	8426	1
A_HP_25	118	Pulse	99	6891134	28347	1
A_HP_25	119	Picture	response143	6893483	296	1	20229	1	0	20000	hit	545
A_HP_25	119	Response	3	6899622	6436	1
A_HP_25	119	Pulse	99	6911214	18027	1
A_HP_25	120	Picture	response141	6923774	188	1	20229	1	0	20000	hit	549
A_HP_25	120	Pulse	99	6931214	7627	1
A_HP_25	120	Response	1	6931632	8046	1
A_HP_25	120	Pulse	99	6951214	27628	1
A_HP_25	121	Picture	response139	6954232	245	1	20229	1	0	20000	hit	552
A_HP_25	121	Response	2	6961922	7936	1
A_HP_25	121	Pulse	99	6971214	17227	1
A_HP_25	122	Picture	response138	6984690	303	1	20229	1	0	20000	hit	556
A_HP_25	122	Pulse	99	6991214	6827	1
A_HP_25	122	Response	3	6992522	8135	1
A_HP_25	122	Pulse	99	7011214	26827	1
A_HP_25	123	Picture	thanks	7014648	0	1	10229	1	0	10000	other	0
A_HP_25	123	Pulse	99	7031214	16566	1


Event Type	Code	Type	Response	RT	RT Uncertainty	Time	Uncertainty	Duration	Uncertainty	ReqTime	ReqDur

Picture	ready	other				231448	1	10229	1	0	10000
Picture	ins10	other				292022	1	30229	1	0	30000
Picture	response76	hit	3	4486	2	611820	1	20229	1	0	20000
Picture	response75	hit	3	7138	2	642278	1	20229	1	0	20000
Picture	response79	hit	1	5307	2	672569	1	20230	1	0	20000
Picture	response74	hit	3	13038	2	703028	1	20229	1	0	20000
Picture	response73	hit	3	6780	2	733485	1	20229	1	0	20000
Picture	response80	hit	1	6619	2	763777	1	20229	1	0	20000
Picture	response77	hit	1	6921	2	794234	1	20229	1	0	20000
Picture	response78	hit	3	5964	2	824692	1	20229	1	0	20000
Picture	ins12	other				854983	1	30229	1	0	30000
Picture	response92	hit	1	12547	2	1171819	1	20229	1	0	20000
Picture	response93	hit	1	4298	2	1202277	1	20230	1	0	20000
Picture	response95	hit	4	3967	2	1232569	1	20229	1	0	20000
Picture	response90	hit	1	5928	2	1263027	1	20224	5	0	20000
Picture	response91	hit	4	6765	2	1293480	1	20229	1	0	20000
Picture	response96	hit	1	8463	2	1323772	1	20229	1	0	20000
Picture	response94	hit	4	6215	2	1354230	1	20229	1	0	20000
Picture	response89	incorrect	1	11337	2	1384688	1	20230	1	0	20000
Picture	ins4	other				1414980	1	30229	1	0	30000
Picture	response31	hit	2	3216	2	1731819	1	20229	1	0	20000
Picture	response32	hit	2	2328	2	1762277	1	20229	1	0	20000
Picture	response30	hit	2	3206	2	1792569	1	20229	1	0	20000
Picture	response26	hit	2	3469	2	1823026	1	20229	1	0	20000
Picture	response27	hit	2	3511	2	1853484	1	20229	1	0	20000
Picture	response28	hit	2	3290	2	1883776	1	20229	1	0	20000
Picture	response25	hit	2	3052	2	1914233	1	20229	1	0	20000
Picture	response29	hit	2	5184	2	1944691	1	20229	1	0	20000
Picture	ins20	other				1974982	1	30229	1	0	30000
Picture	response160	hit	1	7356	2	2291819	1	20229	1	0	20000
Picture	response153	hit	2	6547	2	2322277	1	20229	1	0	20000
Picture	response156	hit	1	7756	2	2352568	1	20230	1	0	20000
Picture	response155	hit	4	10067	2	2383027	1	20230	1	0	20000
Picture	response154	hit	3	7569	2	2413486	1	20229	1	0	20000
Picture	response157	hit	4	4307	2	2443778	1	20229	1	0	20000
Picture	response159	hit	4	6769	2	2474236	1	20229	1	0	20000
Picture	response158	hit	3	7430	2	2504694	1	20229	1	0	20000
Picture	ins6	other				2534985	1	30229	1	0	30000
Picture	response46	hit	3	4266	2	2851819	1	20229	1	0	20000
Picture	response41	hit	3	3157	2	2882277	1	20229	1	0	20000
Picture	response48	hit	3	7986	2	2912568	1	20230	1	0	20000
Picture	response43	hit	3	3128	2	2943027	1	20229	1	0	20000
Picture	response47	hit	3	4930	2	2973485	1	20229	1	0	20000
Picture	response44	hit	3	13159	2	3003776	1	20229	1	0	20000
Picture	response45	hit	3	9161	2	3034234	1	20229	1	0	20000
Picture	response42	hit	3	8422	2	3064692	1	20229	1	0	20000
Picture	ins16	other				3094983	1	30229	1	0	30000
Picture	response127	incorrect	4	6276	2	3411819	1	20183	1	0	20000
Picture	response126	incorrect	4	5234	2	3442231	1	20229	1	0	20000
Picture	response123	hit	4	19945	2	3472688	1	20229	1	0	20000
Picture	response121	hit	4	11974	2	3502980	1	20229	1	0	20000
Picture	response122	miss				3533438	1	20229	1	0	20000
Picture	response125	hit	4	3865	2	3563730	1	20229	1	0	20000
Picture	response124	hit	4	18999	2	3594354	1	20229	1	0	20000
Picture	response128	hit	4	13739	2	3624645	1	20229	1	0	20000
Picture	ins8	other				3654936	1	30229	1	0	30000
Picture	response63	hit	4	3776	2	3971819	1	20229	1	0	20000
Picture	response61	hit	4	5857	2	4002277	1	20229	1	0	20000
Picture	response62	hit	4	6030	2	4032583	1	20229	1	0	20000
Picture	response64	hit	4	3469	2	4062875	1	20229	1	0	20000
Picture	response59	hit	4	3524	2	4093500	1	20229	1	0	20000
Picture	response60	hit	4	3882	2	4123792	1	20229	1	0	20000
Picture	response57	hit	4	5204	2	4154250	1	20229	1	0	20000
Picture	response58	hit	4	5713	2	4184541	1	20229	1	0	20000
Picture	ins14	other				4214999	1	30229	1	0	30000
Picture	response109	hit	2	4776	2	4531817	1	20229	1	0	20000
Picture	response105	hit	2	3718	2	4562276	1	20229	1	0	20000
Picture	response108	hit	2	5337	2	4592567	1	20230	1	0	20000
Picture	response112	hit	4	4108	2	4623026	1	20229	1	0	20000
Picture	response106	hit	4	5070	2	4653484	1	20229	1	0	20000
Picture	response110	hit	2	5558	2	4683775	1	20229	1	0	20000
Picture	response107	hit	2	5051	2	4714233	1	20229	1	0	20000
Picture	response111	hit	4	6832	2	4744691	1	20229	1	0	20000
Picture	ins24	other				4774982	1	30229	1	0	30000
Picture	response192	hit	3	25516	2	5091818	1	20229	1	0	20000
Picture	response191	hit	2	13017	2	5122276	1	20229	1	0	20000
Picture	response185	hit	3	13237	2	5152567	1	20229	1	0	20000
Picture	response186	hit	2	8038	2	5183026	1	20229	1	0	20000
Picture	response188	hit	4	10120	2	5213484	1	20229	1	0	20000
Picture	response190	hit	3	7168	2	5243775	1	20229	1	0	20000
Picture	response187	hit	3	5911	2	5274233	1	20229	1	0	20000
Picture	response189	hit	1	7672	2	5304691	1	20229	1	0	20000
Picture	ins22	other				5334982	1	30229	1	0	30000
Picture	response171	hit	3	10526	2	5651817	1	20229	1	0	20000
Picture	response172	hit	4	5008	2	5682275	1	20229	1	0	20000
Picture	response174	hit	1	10427	2	5712566	1	20229	1	0	20000
Picture	response173	hit	1	6189	2	5743024	1	20229	1	0	20000
Picture	response170	hit	4	14151	2	5773482	1	20229	1	0	20000
Picture	response175	hit	3	6620	2	5803773	1	20229	1	0	20000
Picture	response169	hit	2	10203	2	5834230	1	20229	1	0	20000
Picture	response176	hit	4	11154	2	5864689	1	20229	1	0	20000
Picture	ins2	other				5894980	1	30229	1	0	30000
Picture	response10	hit	1	4986	2	6211817	1	20229	1	0	20000
Picture	response11	hit	1	3538	2	6242274	1	20229	1	0	20000
Picture	response16	hit	1	3867	2	6272566	1	20229	1	0	20000
Picture	response9	hit	1	5088	2	6303023	1	20229	1	0	20000
Picture	response12	hit	1	5171	2	6333482	1	20229	1	0	20000
Picture	response13	hit	1	4820	2	6363773	1	20229	1	0	20000
Picture	response15	hit	1	3212	2	6394230	1	20229	1	0	20000
Picture	response14	hit	1	4715	2	6424688	1	20229	1	0	20000
Picture	ins18	other				6454979	1	30229	1	0	30000
Picture	response142	hit	3	9765	2	6771817	1	20229	1	0	20000
Picture	response140	hit	1	7817	2	6802275	1	20229	1	0	20000
Picture	response137	hit	4	9746	2	6832567	1	20229	1	0	20000
Picture	response144	hit	2	7907	2	6863025	1	20229	1	0	20000
Picture	response143	hit	3	6140	2	6893483	1	20229	1	0	20000
Picture	response141	hit	1	7858	2	6923774	1	20229	1	0	20000
Picture	response139	hit	2	7691	2	6954232	1	20229	1	0	20000
Picture	response138	hit	3	7832	2	6984690	1	20229	1	0	20000
Picture	thanks	other				7014648	1	10229	1	0	10000


{
   "app": "Presentation Version 21.0 Build 06.06.19",
   "device": "LENOVO 20KHCTO1WW",
   "experiment": "{C0C68DB1-10BA-42F2-8F79-3F2AFFEED4E4}",
   "os": "Windows 10 64 bit",
   "package": "",
   "parameters": {
      "configuration": "Default configuration"
   },
   "scenario": "Response experiment(2).sce",
   "subject": "A_HP_25",
   "timestamp": "2019/10/30 06:30:13 GMT"
}
