Scenario - 
Logfile written - 11/08/2019 14:01:28

Subject	Trial	Event Type	Code	Time	TTime	Uncertainty	Duration	Uncertainty	ReqTime	ReqDur	Stim Type	Pair Index

A_HP_27	1	Response	5	230214	228881	1
A_HP_27	1	Pulse	99	230214	228881	1
A_HP_27	2	Picture	ready	230446	0	1	10229	1	0	10000	other	0
A_HP_27	2	Pulse	99	250215	19769	1
A_HP_27	2	Pulse	99	270214	39768	1
A_HP_27	2	Pulse	99	290213	59767	1
A_HP_27	3	Picture	ins20	291087	269	1	30229	1	0	30000	other	0
A_HP_27	3	Pulse	99	310214	19397	1
A_HP_27	3	Pulse	99	330214	39397	1
A_HP_27	3	Pulse	99	350214	59397	1
A_HP_27	3	Pulse	99	370215	79397	1
A_HP_27	3	Pulse	99	390134	99317	1
A_HP_27	3	Pulse	99	410214	119397	1
A_HP_27	3	Pulse	99	430215	139397	1
A_HP_27	3	Pulse	99	450134	159316	1
A_HP_27	3	Pulse	99	470214	179397	1
A_HP_27	3	Pulse	99	490214	199397	1
A_HP_27	3	Pulse	99	510134	219317	1
A_HP_27	3	Pulse	99	530214	239397	1
A_HP_27	3	Pulse	99	550214	259397	1
A_HP_27	3	Pulse	99	570134	279317	1
A_HP_27	3	Pulse	99	590214	299396	1
A_HP_27	4	Response	5	610214	9166	1
A_HP_27	4	Pulse	99	610214	9166	1
A_HP_27	5	Picture	response155	610847	230	1	20229	1	0	20000	hit	26
A_HP_27	5	Response	4	617153	6535	1
A_HP_27	5	Pulse	99	630134	19517	1
A_HP_27	6	Picture	response160	641215	198	1	20229	1	0	20000	hit	30
A_HP_27	6	Pulse	99	650214	9197	1
A_HP_27	6	Response	1	651042	10025	1
A_HP_27	6	Pulse	99	670214	29197	1
A_HP_27	7	Picture	response159	671673	257	1	20229	1	0	20000	hit	33
A_HP_27	7	Response	4	683152	11736	1
A_HP_27	7	Pulse	99	690134	18717	1
A_HP_27	8	Picture	response157	702131	314	1	20229	1	0	20000	hit	36
A_HP_27	8	Response	4	709122	7306	1
A_HP_27	8	Pulse	99	710213	8397	1
A_HP_27	8	Pulse	99	730214	28397	1
A_HP_27	9	Picture	response153	732422	206	1	20229	1	0	20000	hit	40
A_HP_27	9	Response	2	746722	14506	1
A_HP_27	9	Pulse	99	750133	17917	1
A_HP_27	10	Picture	response154	762713	97	1	20229	1	0	20000	hit	44
A_HP_27	10	Pulse	99	770214	7597	1
A_HP_27	10	Response	3	773972	11356	1
A_HP_27	10	Pulse	99	790214	27597	1
A_HP_27	11	Picture	response156	793338	321	1	20229	1	0	20000	hit	47
A_HP_27	11	Response	1	801843	8826	1
A_HP_27	11	Pulse	99	810134	17117	1
A_HP_27	12	Picture	response158	823629	213	1	20229	1	0	20000	hit	51
A_HP_27	12	Pulse	99	830214	6798	1
A_HP_27	12	Response	3	833272	9856	1
A_HP_27	12	Pulse	99	850214	26797	1
A_HP_27	13	Picture	ins10	854087	271	1	30229	1	0	30000	other	0
A_HP_27	13	Pulse	99	870134	16317	1
A_HP_27	13	Pulse	99	890214	36397	1
A_HP_27	13	Pulse	99	910214	56397	1
A_HP_27	13	Pulse	99	930134	76317	1
A_HP_27	13	Pulse	99	950214	96397	1
A_HP_27	13	Pulse	99	970214	116397	1
A_HP_27	13	Pulse	99	990134	136317	1
A_HP_27	13	Pulse	99	1010214	156397	1
A_HP_27	13	Pulse	99	1030214	176397	1
A_HP_27	13	Pulse	99	1050133	196317	1
A_HP_27	13	Pulse	99	1070213	216397	1
A_HP_27	13	Pulse	99	1090214	236397	1
A_HP_27	13	Pulse	99	1110134	256317	1
A_HP_27	13	Pulse	99	1130214	276397	1
A_HP_27	13	Pulse	99	1150214	296397	1
A_HP_27	14	Response	5	1170134	6086	1
A_HP_27	14	Pulse	99	1170134	6086	1
A_HP_27	15	Picture	response76	1170747	230	1	20229	1	0	20000	hit	72
A_HP_27	15	Response	3	1176502	5986	1
A_HP_27	15	Pulse	99	1190214	19697	1
A_HP_27	16	Picture	response73	1201038	121	1	20229	1	0	20000	hit	75
A_HP_27	16	Response	3	1209812	8896	1
A_HP_27	16	Pulse	99	1210213	9296	1
A_HP_27	16	Pulse	99	1230214	29297	1
A_HP_27	17	Picture	response78	1231663	346	1	20229	1	0	20000	hit	79
A_HP_27	17	Response	3	1237693	6375	1
A_HP_27	17	Pulse	99	1250134	18817	1
A_HP_27	18	Picture	response74	1261955	238	1	20229	1	0	20000	hit	82
A_HP_27	18	Response	3	1269752	8036	1
A_HP_27	18	Pulse	99	1270213	8496	1
A_HP_27	18	Pulse	99	1290214	28497	1
A_HP_27	19	Picture	response77	1292247	130	1	20229	1	0	20000	hit	86
A_HP_27	19	Response	1	1299292	7176	1
A_HP_27	19	Pulse	99	1310134	18017	1
A_HP_27	20	Picture	response80	1322706	189	1	20229	1	0	20000	hit	89
A_HP_27	20	Response	1	1328662	6146	1
A_HP_27	20	Pulse	99	1330213	7697	1
A_HP_27	20	Pulse	99	1350213	27697	1
A_HP_27	21	Picture	response75	1353164	248	1	20229	1	0	20000	hit	93
A_HP_27	21	Response	3	1360432	7516	1
A_HP_27	21	Pulse	99	1370133	17217	1
A_HP_27	22	Picture	response79	1383623	306	1	20229	1	0	20000	hit	97
A_HP_27	22	Pulse	99	1390214	6897	1
A_HP_27	22	Response	1	1392342	9025	1
A_HP_27	22	Pulse	99	1410214	26897	1
A_HP_27	23	Picture	ins14	1413915	198	1	30230	1	0	30000	other	0
A_HP_27	23	Pulse	99	1430134	16417	1
A_HP_27	23	Pulse	99	1450213	36497	1
A_HP_27	23	Pulse	99	1470213	56497	1
A_HP_27	23	Pulse	99	1490133	76417	1
A_HP_27	23	Pulse	99	1510213	96497	1
A_HP_27	23	Pulse	99	1530213	116497	1
A_HP_27	23	Pulse	99	1550133	136417	1
A_HP_27	23	Pulse	99	1570213	156497	1
A_HP_27	23	Pulse	99	1590214	176497	1
A_HP_27	23	Pulse	99	1610133	196417	1
A_HP_27	23	Pulse	99	1630213	216496	1
A_HP_27	23	Pulse	99	1650213	236496	1
A_HP_27	23	Pulse	99	1670133	256416	1
A_HP_27	23	Pulse	99	1690213	276496	1
A_HP_27	23	Pulse	99	1710213	296496	1
A_HP_27	24	Response	5	1730133	6186	1
A_HP_27	24	Pulse	99	1730133	6186	1
A_HP_27	25	Picture	response109	1730746	230	1	20229	1	0	20000	hit	118
A_HP_27	25	Response	2	1745062	14546	1
A_HP_27	25	Pulse	99	1750213	19697	1
A_HP_27	26	Picture	response112	1761038	122	1	20229	1	0	20000	hit	121
A_HP_27	26	Response	4	1768762	7846	1
A_HP_27	26	Pulse	99	1770213	9297	1
A_HP_27	26	Pulse	99	1790133	29217	1
A_HP_27	27	Picture	response108	1791663	347	1	20229	1	0	20000	hit	125
A_HP_27	27	Response	2	1801672	10356	1
A_HP_27	27	Pulse	99	1810213	18897	1
A_HP_27	28	Picture	response105	1821954	238	1	20229	1	0	20000	hit	129
A_HP_27	28	Pulse	99	1830213	8497	1
A_HP_27	28	Response	2	1832901	11185	1
A_HP_27	28	Pulse	99	1850133	28417	1
A_HP_27	29	Picture	response110	1852246	130	1	20229	1	0	20000	hit	132
A_HP_27	29	Response	2	1864301	12185	1
A_HP_27	29	Pulse	99	1870213	18097	1
A_HP_27	30	Picture	response111	1882705	189	1	20229	1	0	20000	hit	136
A_HP_27	30	Pulse	99	1890213	7697	1
A_HP_27	30	Response	4	1890331	7815	1
A_HP_27	30	Pulse	99	1910133	27617	1
A_HP_27	31	Picture	response107	1913163	246	1	20229	1	0	20000	hit	139
A_HP_27	31	Response	2	1922102	9185	1
A_HP_27	31	Pulse	99	1930213	17296	1
A_HP_27	32	Picture	response106	1943621	305	1	20229	1	0	20000	hit	143
A_HP_27	32	Pulse	99	1950213	6896	1
A_HP_27	32	Response	4	1951451	8135	1
A_HP_27	32	Pulse	99	1970133	26817	1
A_HP_27	33	Picture	ins6	1973913	197	1	30230	1	0	30000	other	0
A_HP_27	33	Pulse	99	1990213	16497	1
A_HP_27	33	Pulse	99	2010213	36497	1
A_HP_27	33	Pulse	99	2030133	56417	1
A_HP_27	33	Pulse	99	2050213	76496	1
A_HP_27	33	Pulse	99	2070213	96496	1
A_HP_27	33	Pulse	99	2090133	116417	1
A_HP_27	33	Pulse	99	2110133	136416	1
A_HP_27	33	Pulse	99	2130213	156497	1
A_HP_27	33	Pulse	99	2150133	176416	1
A_HP_27	33	Pulse	99	2170133	196416	1
A_HP_27	33	Pulse	99	2190213	216496	1
A_HP_27	33	Pulse	99	2210133	236417	1
A_HP_27	33	Pulse	99	2230133	256416	1
A_HP_27	33	Pulse	99	2250213	276497	1
A_HP_27	33	Pulse	99	2270133	296416	1
A_HP_27	34	Response	5	2290133	6186	1
A_HP_27	34	Pulse	99	2290133	6186	1
A_HP_27	35	Picture	response48	2290746	230	1	20229	1	0	20000	hit	164
A_HP_27	35	Response	3	2296861	6346	1
A_HP_27	35	Pulse	99	2310213	19697	1
A_HP_27	36	Picture	response41	2321037	121	1	20229	1	0	20000	hit	167
A_HP_27	36	Response	3	2326341	5426	1
A_HP_27	36	Pulse	99	2330132	9216	1
A_HP_27	36	Pulse	99	2350133	29217	1
A_HP_27	37	Picture	response45	2351662	347	1	20229	1	0	20000	hit	171
A_HP_27	37	Response	3	2356192	4877	1
A_HP_27	37	Pulse	99	2370213	18898	1
A_HP_27	38	Picture	response43	2381954	238	1	20229	1	0	20000	hit	174
A_HP_27	38	Response	3	2388732	7016	1
A_HP_27	38	Pulse	99	2390133	8417	1
A_HP_27	38	Pulse	99	2410133	28417	1
A_HP_27	39	Picture	response46	2412246	130	1	20229	1	0	20000	hit	178
A_HP_27	39	Response	3	2419532	7415	1
A_HP_27	39	Pulse	99	2430213	18097	1
A_HP_27	40	Picture	response44	2442704	188	1	20229	1	0	20000	hit	181
A_HP_27	40	Response	3	2448552	6036	1
A_HP_27	40	Pulse	99	2450133	7617	1
A_HP_27	40	Pulse	99	2470133	27617	1
A_HP_27	41	Picture	response42	2473163	247	1	20230	1	0	20000	hit	185
A_HP_27	41	Response	3	2478662	5746	1
A_HP_27	41	Pulse	99	2490213	17297	1
A_HP_27	42	Picture	response47	2503621	305	1	20229	1	0	20000	hit	188
A_HP_27	42	Response	3	2508772	5456	1
A_HP_27	42	Pulse	99	2510132	6817	1
A_HP_27	42	Pulse	99	2530133	26817	1
A_HP_27	43	Picture	ins24	2533913	197	1	30229	1	0	30000	other	0
A_HP_27	43	Pulse	99	2550212	16497	1
A_HP_27	43	Pulse	99	2570133	36417	1
A_HP_27	43	Pulse	99	2590133	56417	1
A_HP_27	43	Pulse	99	2610213	76497	1
A_HP_27	43	Pulse	99	2630133	96418	1
A_HP_27	43	Pulse	99	2650133	116418	1
A_HP_27	43	Pulse	99	2670213	136497	1
A_HP_27	43	Pulse	99	2690133	156417	1
A_HP_27	43	Pulse	99	2710133	176418	1
A_HP_27	43	Pulse	99	2730213	196497	1
A_HP_27	43	Pulse	99	2750133	216417	1
A_HP_27	43	Pulse	99	2770133	236417	1
A_HP_27	43	Pulse	99	2790213	256497	1
A_HP_27	43	Pulse	99	2810133	276417	1
A_HP_27	43	Pulse	99	2830133	296418	1
A_HP_27	44	Response	5	2850213	6267	1
A_HP_27	44	Pulse	99	2850213	6267	1
A_HP_27	45	Picture	response185	2850847	230	1	20230	1	0	20000	hit	210
A_HP_27	45	Response	3	2860141	9524	1
A_HP_27	45	Pulse	99	2870133	19516	1
A_HP_27	46	Picture	response190	2881306	290	1	20229	1	0	20000	hit	213
A_HP_27	46	Response	3	2887791	6776	1
A_HP_27	46	Pulse	99	2890132	9116	1
A_HP_27	46	Pulse	99	2910213	29197	1
A_HP_27	47	Picture	response188	2911597	181	1	20230	1	0	20000	hit	217
A_HP_27	47	Response	4	2920311	8896	1
A_HP_27	47	Pulse	99	2930132	18717	1
A_HP_27	48	Picture	response186	2942055	240	1	20229	1	0	20000	hit	221
A_HP_27	48	Pulse	99	2950133	8317	1
A_HP_27	48	Response	2	2952791	10975	1
A_HP_27	48	Pulse	99	2970132	28317	1
A_HP_27	49	Picture	response187	2972513	298	1	20229	1	0	20000	hit	224
A_HP_27	49	Response	3	2984871	12656	1
A_HP_27	49	Pulse	99	2990132	17917	1
A_HP_27	50	Picture	response192	3002805	190	1	20229	1	0	20000	hit	228
A_HP_27	50	Pulse	99	3010133	7517	1
A_HP_27	50	Response	3	3011811	9196	1
A_HP_27	50	Pulse	99	3030132	27517	1
A_HP_27	51	Picture	response191	3033263	248	1	20229	1	0	20000	hit	231
A_HP_27	51	Response	2	3047441	14426	1
A_HP_27	51	Pulse	99	3050212	17196	1
A_HP_27	52	Picture	response189	3063555	140	1	20229	1	0	20000	hit	235
A_HP_27	52	Pulse	99	3070132	6717	1
A_HP_27	52	Response	1	3071421	8005	1
A_HP_27	52	Pulse	99	3090132	26717	1
A_HP_27	53	Picture	ins18	3094180	365	1	30229	1	0	30000	other	0
A_HP_27	53	Pulse	99	3110212	16397	1
A_HP_27	53	Pulse	99	3130132	36317	1
A_HP_27	53	Pulse	99	3150132	56317	1
A_HP_27	53	Pulse	99	3170212	76397	1
A_HP_27	53	Pulse	99	3190132	96317	1
A_HP_27	53	Pulse	99	3210132	116317	1
A_HP_27	53	Pulse	99	3230212	136397	1
A_HP_27	53	Pulse	99	3250132	156317	1
A_HP_27	53	Pulse	99	3270133	176317	1
A_HP_27	53	Pulse	99	3290213	196397	1
A_HP_27	53	Pulse	99	3310132	216317	1
A_HP_27	53	Pulse	99	3330133	236317	1
A_HP_27	53	Pulse	99	3350212	256397	1
A_HP_27	53	Pulse	99	3370133	276317	1
A_HP_27	53	Pulse	99	3390132	296317	1
A_HP_27	54	Response	5	3410212	6166	1
A_HP_27	54	Pulse	99	3410212	6166	1
A_HP_27	55	Picture	response144	3410846	230	1	20229	1	0	20000	hit	256
A_HP_27	55	Response	2	3421441	10825	1
A_HP_27	55	Pulse	99	3430132	19516	1
A_HP_27	56	Picture	response143	3441304	288	1	20229	1	0	20000	hit	260
A_HP_27	56	Pulse	99	3450133	9117	1
A_HP_27	56	Response	3	3450671	9655	1
A_HP_27	56	Pulse	99	3470213	29196	1
A_HP_27	57	Picture	response142	3471596	180	1	20229	1	0	20000	hit	263
A_HP_27	57	Response	3	3481011	9596	1
A_HP_27	57	Pulse	99	3490132	18717	1
A_HP_27	58	Picture	response139	3502053	238	1	20229	1	0	20000	hit	267
A_HP_27	58	Pulse	99	3510133	8317	1
A_HP_27	58	Response	2	3513941	12126	1
A_HP_27	58	Pulse	99	3530213	28397	1
A_HP_27	59	Picture	response140	3532512	296	1	20230	1	0	20000	hit	270
A_HP_27	59	Response	1	3541851	9636	1
A_HP_27	59	Pulse	99	3550133	17917	1
A_HP_27	60	Picture	response141	3562804	188	1	20229	1	0	20000	hit	274
A_HP_27	60	Pulse	99	3570133	7517	1
A_HP_27	60	Response	1	3571141	8526	1
A_HP_27	60	Pulse	99	3590213	27597	1
A_HP_27	61	Picture	response138	3593262	246	1	20229	1	0	20000	hit	277
A_HP_27	61	Response	3	3602622	9606	1
A_HP_27	61	Pulse	99	3610132	17117	1
A_HP_27	62	Picture	response137	3623553	138	1	20229	1	0	20000	hit	281
A_HP_27	62	Pulse	99	3630132	6717	1
A_HP_27	62	Response	4	3633561	10145	1
A_HP_27	62	Pulse	99	3650212	26797	1
A_HP_27	63	Picture	ins22	3654178	363	1	30229	1	0	30000	other	0
A_HP_27	63	Pulse	99	3670133	16317	1
A_HP_27	63	Pulse	99	3690132	36317	1
A_HP_27	63	Pulse	99	3710212	56397	1
A_HP_27	63	Pulse	99	3730133	76317	1
A_HP_27	63	Pulse	99	3750132	96317	1
A_HP_27	63	Pulse	99	3770212	116397	1
A_HP_27	63	Pulse	99	3790133	136317	1
A_HP_27	63	Pulse	99	3810132	156317	1
A_HP_27	63	Pulse	99	3830132	176317	1
A_HP_27	63	Pulse	99	3850132	196317	1
A_HP_27	63	Pulse	99	3870132	216317	1
A_HP_27	63	Pulse	99	3890132	236317	1
A_HP_27	63	Pulse	99	3910132	256317	1
A_HP_27	63	Pulse	99	3930133	276317	1
A_HP_27	63	Pulse	99	3950132	296317	1
A_HP_27	64	Response	5	3970132	6087	1
A_HP_27	64	Pulse	99	3970132	6087	1
A_HP_27	65	Picture	response169	3970746	230	1	20229	1	0	20000	hit	302
A_HP_27	65	Response	2	3983961	13445	1
A_HP_27	65	Pulse	99	3990132	19616	1
A_HP_27	66	Picture	response176	4001037	122	1	20229	1	0	20000	hit	306
A_HP_27	66	Pulse	99	4010132	9217	1
A_HP_27	66	Response	4	4013800	12885	1
A_HP_27	66	Pulse	99	4030132	29217	1
A_HP_27	67	Picture	response170	4031662	346	1	20229	1	0	20000	hit	309
A_HP_27	67	Response	4	4042891	11575	1
A_HP_27	67	Pulse	99	4050132	18816	1
A_HP_27	68	Picture	response171	4061954	239	1	20229	1	0	20000	hit	313
A_HP_27	68	Pulse	99	4070133	8417	1
A_HP_27	68	Response	3	4077221	15506	1
A_HP_27	68	Pulse	99	4090132	28417	1
A_HP_27	69	Picture	response175	4092245	130	1	20229	1	0	20000	hit	316
A_HP_27	69	Response	3	4105241	13126	1
A_HP_27	69	Pulse	99	4110132	18017	1
A_HP_27	70	Picture	response172	4122703	188	1	20229	1	0	20000	hit	320
A_HP_27	70	Pulse	99	4130132	7617	1
A_HP_27	70	Response	4	4137921	15405	1
A_HP_27	70	Pulse	99	4150132	27616	1
A_HP_27	71	Picture	response174	4153161	246	1	20229	1	0	20000	hit	323
A_HP_27	71	Response	1	4165101	12185	1
A_HP_27	71	Pulse	99	4170132	17217	1
A_HP_27	72	Picture	response173	4183619	304	1	20229	1	0	20000	hit	327
A_HP_27	72	Pulse	99	4190132	6817	1
A_HP_27	72	Response	1	4194571	11255	1
A_HP_27	72	Pulse	99	4210132	26817	1
A_HP_27	73	Picture	ins4	4213911	196	1	30229	1	0	30000	other	0
A_HP_27	73	Pulse	99	4230132	16417	1
A_HP_27	73	Pulse	99	4250132	36417	1
A_HP_27	73	Pulse	99	4270132	56417	1
A_HP_27	73	Pulse	99	4290132	76417	1
A_HP_27	73	Pulse	99	4310132	96417	1
A_HP_27	73	Pulse	99	4330132	116417	1
A_HP_27	73	Pulse	99	4350132	136417	1
A_HP_27	73	Pulse	99	4370132	156417	1
A_HP_27	73	Pulse	99	4390132	176417	1
A_HP_27	73	Pulse	99	4410132	196417	1
A_HP_27	73	Pulse	99	4430132	216417	1
A_HP_27	73	Pulse	99	4450132	236417	1
A_HP_27	73	Pulse	99	4470132	256417	1
A_HP_27	73	Pulse	99	4490132	276417	1
A_HP_27	73	Pulse	99	4510132	296417	1
A_HP_27	74	Response	5	4530132	6186	1
A_HP_27	74	Pulse	99	4530132	6186	1
A_HP_27	75	Picture	response25	4530745	230	1	20229	1	0	20000	hit	348
A_HP_27	75	Response	2	4538221	7706	1
A_HP_27	75	Pulse	99	4550132	19617	1
A_HP_27	76	Picture	response32	4561037	122	1	20229	1	0	20000	hit	351
A_HP_27	76	Response	2	4565701	4786	1
A_HP_27	76	Pulse	99	4570132	9217	1
A_HP_27	76	Pulse	99	4590132	29217	1
A_HP_27	77	Picture	response31	4591662	348	1	20229	1	0	20000	hit	355
A_HP_27	77	Response	2	4598091	6776	1
A_HP_27	77	Pulse	99	4610132	18817	1
A_HP_27	78	Picture	response27	4621954	239	1	20229	1	0	20000	hit	358
A_HP_27	78	Response	2	4629361	7645	1
A_HP_27	78	Pulse	99	4630131	8416	1
A_HP_27	78	Pulse	99	4650132	28417	1
A_HP_27	79	Picture	response30	4652245	130	1	20229	1	0	20000	hit	362
A_HP_27	79	Response	2	4660221	8106	1
A_HP_27	79	Pulse	99	4670132	18017	1
A_HP_27	80	Picture	response29	4682703	188	1	20229	1	0	20000	hit	365
A_HP_27	80	Response	2	4688671	6156	1
A_HP_27	80	Pulse	99	4690132	7617	1
A_HP_27	80	Pulse	99	4710132	27617	1
A_HP_27	81	Picture	response28	4713161	246	1	20230	1	0	20000	hit	369
A_HP_27	81	Response	2	4721391	8476	1
A_HP_27	81	Pulse	99	4730132	17217	1
A_HP_27	82	Picture	response26	4743620	305	1	20230	1	0	20000	hit	373
A_HP_27	82	Pulse	99	4750132	6817	1
A_HP_27	82	Response	2	4752010	8696	1
A_HP_27	82	Pulse	99	4770132	26817	1
A_HP_27	83	Picture	ins8	4773912	197	1	30229	1	0	30000	other	0
A_HP_27	83	Pulse	99	4790132	16417	1
A_HP_27	83	Pulse	99	4810132	36417	1
A_HP_27	83	Pulse	99	4830132	56417	1
A_HP_27	83	Pulse	99	4850132	76417	1
A_HP_27	83	Pulse	99	4870132	96417	1
A_HP_27	83	Pulse	99	4890132	116417	1
A_HP_27	83	Pulse	99	4910132	136417	1
A_HP_27	83	Pulse	99	4930132	156417	1
A_HP_27	83	Pulse	99	4950132	176417	1
A_HP_27	83	Pulse	99	4970132	196417	1
A_HP_27	83	Pulse	99	4990132	216417	1
A_HP_27	83	Pulse	99	5010132	236417	1
A_HP_27	83	Pulse	99	5030132	256417	1
A_HP_27	83	Pulse	99	5050132	276417	1
A_HP_27	83	Pulse	99	5070132	296417	1
A_HP_27	84	Response	5	5090132	6187	1
A_HP_27	84	Pulse	99	5090132	6187	1
A_HP_27	85	Picture	response63	5090746	230	1	20229	1	0	20000	hit	394
A_HP_27	85	Response	4	5096240	5725	1
A_HP_27	85	Pulse	99	5110132	19617	1
A_HP_27	86	Picture	response62	5121037	123	1	20295	1	0	20000	hit	397
A_HP_27	86	Response	4	5128290	7376	1
A_HP_27	86	Pulse	99	5130131	9217	1
A_HP_27	86	Pulse	99	5150132	29217	1
A_HP_27	87	Picture	response64	5151561	247	1	20229	1	0	20000	hit	401
A_HP_27	87	Response	4	5159881	8566	1
A_HP_27	87	Pulse	99	5170132	18817	1
A_HP_27	88	Picture	response61	5182019	305	1	20229	1	0	20000	hit	404
A_HP_27	88	Response	4	5189120	7406	1
A_HP_27	88	Pulse	99	5190131	8417	1
A_HP_27	88	Pulse	99	5210132	28417	1
A_HP_27	89	Picture	response57	5212311	196	1	20229	1	0	20000	hit	408
A_HP_27	89	Response	4	5219951	7836	1
A_HP_27	89	Pulse	99	5230132	18017	1
A_HP_27	90	Picture	response59	5242769	255	1	20229	1	0	20000	hit	412
A_HP_27	90	Pulse	99	5250132	7617	1
A_HP_27	90	Response	4	5251550	9036	1
A_HP_27	90	Pulse	99	5270132	27617	1
A_HP_27	91	Picture	response60	5273061	146	1	20229	1	0	20000	hit	415
A_HP_27	91	Response	4	5282290	9376	1
A_HP_27	91	Pulse	99	5290131	17217	1
A_HP_27	92	Picture	response58	5303686	371	1	20229	1	0	20000	hit	419
A_HP_27	92	Pulse	99	5310132	6817	1
A_HP_27	92	Response	4	5311280	7965	1
A_HP_27	92	Pulse	99	5330132	26817	1
A_HP_27	93	Picture	ins12	5333978	263	1	30229	1	0	30000	other	0
A_HP_27	93	Pulse	99	5350132	16417	1
A_HP_27	93	Pulse	99	5370132	36417	1
A_HP_27	93	Pulse	99	5390131	56417	1
A_HP_27	93	Pulse	99	5410132	76417	1
A_HP_27	93	Pulse	99	5430132	96417	1
A_HP_27	93	Pulse	99	5450131	116417	1
A_HP_27	93	Pulse	99	5470132	136417	1
A_HP_27	93	Pulse	99	5490132	156417	1
A_HP_27	93	Pulse	99	5510131	176417	1
A_HP_27	93	Pulse	99	5530132	196417	1
A_HP_27	93	Pulse	99	5550132	216417	1
A_HP_27	93	Pulse	99	5570131	236417	1
A_HP_27	93	Pulse	99	5590131	256417	1
A_HP_27	93	Pulse	99	5610131	276417	1
A_HP_27	93	Pulse	99	5630131	296417	1
A_HP_27	94	Response	5	5650131	6186	1
A_HP_27	94	Pulse	99	5650131	6186	1
A_HP_27	95	Picture	response94	5650744	230	1	20229	1	0	20000	hit	440
A_HP_27	95	Response	4	5658480	7966	1
A_HP_27	95	Pulse	99	5670131	19617	1
A_HP_27	96	Picture	response92	5681036	121	1	20230	1	0	20000	hit	443
A_HP_27	96	Response	1	5688120	7206	1
A_HP_27	96	Pulse	99	5690131	9217	1
A_HP_27	96	Pulse	99	5710131	29217	1
A_HP_27	97	Picture	response95	5711661	347	1	20229	1	0	20000	hit	447
A_HP_27	97	Response	4	5718180	6866	1
A_HP_27	97	Pulse	99	5730131	18817	1
A_HP_27	98	Picture	response93	5741861	147	1	20230	1	0	20000	hit	450
A_HP_27	98	Response	1	5748790	7076	1
A_HP_27	98	Pulse	99	5750131	8417	1
A_HP_27	98	Pulse	99	5770131	28417	1
A_HP_27	99	Picture	response89	5772320	206	1	20229	1	0	20000	incorrect	454
A_HP_27	99	Response	1	5779450	7336	1
A_HP_27	99	Pulse	99	5790131	18017	1
A_HP_27	100	Picture	response90	5802778	264	1	20229	1	0	20000	hit	457
A_HP_27	100	Response	1	5809650	7136	1
A_HP_27	100	Pulse	99	5810131	7617	1
A_HP_27	100	Pulse	99	5830131	27617	1
A_HP_27	101	Picture	response96	5833070	156	1	20230	1	0	20000	hit	461
A_HP_27	101	Response	1	5840090	7176	1
A_HP_27	101	Pulse	99	5850131	17217	1
A_HP_27	102	Picture	response91	5863528	214	1	20230	1	0	20000	hit	465
A_HP_27	102	Pulse	99	5870131	6817	1
A_HP_27	102	Response	4	5871189	7875	1
A_HP_27	102	Pulse	99	5890131	26817	1
A_HP_27	103	Picture	ins16	5893987	273	1	30229	1	0	30000	other	0
A_HP_27	103	Pulse	99	5910131	16417	1
A_HP_27	103	Pulse	99	5930131	36417	1
A_HP_27	103	Pulse	99	5950131	56417	1
A_HP_27	103	Pulse	99	5970131	76417	1
A_HP_27	103	Pulse	99	5990131	96417	1
A_HP_27	103	Pulse	99	6010131	116417	1
A_HP_27	103	Pulse	99	6030131	136417	1
A_HP_27	103	Pulse	99	6050131	156417	1
A_HP_27	103	Pulse	99	6070131	176417	1
A_HP_27	103	Pulse	99	6090131	196417	1
A_HP_27	103	Pulse	99	6110131	216417	1
A_HP_27	103	Pulse	99	6130131	236417	1
A_HP_27	103	Pulse	99	6150131	256417	1
A_HP_27	103	Pulse	99	6170131	276417	1
A_HP_27	103	Pulse	99	6190131	296417	1
A_HP_27	104	Response	5	6210131	6186	1
A_HP_27	104	Pulse	99	6210131	6186	1
A_HP_27	105	Picture	response121	6210745	230	1	20229	1	0	20000	hit	486
A_HP_27	105	Response	4	6218570	8055	1
A_HP_27	105	Pulse	99	6230131	19617	1
A_HP_27	106	Picture	response125	6241036	122	1	20229	1	0	20000	hit	489
A_HP_27	106	Response	4	6247640	6726	1
A_HP_27	106	Pulse	99	6250131	9217	1
A_HP_27	106	Pulse	99	6270131	29217	1
A_HP_27	107	Picture	response126	6271661	347	1	20230	1	0	20000	hit	493
A_HP_27	107	Response	3	6281020	9706	1
A_HP_27	107	Pulse	99	6290131	18817	1
A_HP_27	108	Picture	response122	6301953	239	1	20229	1	0	20000	hit	496
A_HP_27	108	Response	3	6310090	8376	1
A_HP_27	108	Pulse	99	6310131	8417	1
A_HP_27	108	Pulse	99	6330131	28417	1
A_HP_27	109	Picture	response128	6332244	130	1	20230	1	0	20000	hit	500
A_HP_27	109	Response	4	6338510	6396	1
A_HP_27	109	Pulse	99	6350131	18017	1
A_HP_27	110	Picture	response124	6362703	189	1	20229	1	0	20000	hit	503
A_HP_27	110	Response	4	6368490	5976	1
A_HP_27	110	Pulse	99	6370131	7617	1
A_HP_27	110	Pulse	99	6390131	27617	1
A_HP_27	111	Picture	response123	6393161	247	1	20229	1	0	20000	hit	507
A_HP_27	111	Response	4	6405570	12656	1
A_HP_27	111	Pulse	99	6410131	17217	1
A_HP_27	112	Picture	response127	6423619	305	1	20229	1	0	20000	hit	511
A_HP_27	112	Pulse	99	6430131	6817	1
A_HP_27	112	Response	3	6430299	6985	1
A_HP_27	112	Pulse	99	6450131	26817	1
A_HP_27	113	Picture	ins2	6453910	196	1	30229	1	0	30000	other	0
A_HP_27	113	Pulse	99	6470131	16417	1
A_HP_27	113	Pulse	99	6490131	36417	1
A_HP_27	113	Pulse	99	6510131	56417	1
A_HP_27	113	Pulse	99	6530131	76417	1
A_HP_27	113	Pulse	99	6550131	96417	1
A_HP_27	113	Pulse	99	6570131	116417	1
A_HP_27	113	Pulse	99	6590131	136417	1
A_HP_27	113	Pulse	99	6610131	156417	1
A_HP_27	113	Pulse	99	6630131	176417	1
A_HP_27	113	Pulse	99	6650131	196417	1
A_HP_27	113	Pulse	99	6670131	216417	1
A_HP_27	113	Pulse	99	6690131	236417	1
A_HP_27	113	Pulse	99	6710131	256417	1
A_HP_27	113	Pulse	99	6730131	276417	1
A_HP_27	113	Pulse	99	6750131	296417	1
A_HP_27	114	Response	5	6770131	6186	1
A_HP_27	114	Pulse	99	6770131	6186	1
A_HP_27	115	Picture	response12	6770743	230	1	20229	1	0	20000	hit	532
A_HP_27	115	Response	1	6778509	7996	1
A_HP_27	115	Pulse	99	6790131	19617	1
A_HP_27	116	Picture	response15	6801035	121	1	20229	1	0	20000	hit	535
A_HP_27	116	Response	1	6807639	6726	1
A_HP_27	116	Pulse	99	6810130	9217	1
A_HP_27	116	Pulse	99	6830131	29217	1
A_HP_27	117	Picture	response11	6831659	346	1	20229	1	0	20000	hit	539
A_HP_27	117	Response	1	6840439	9127	1
A_HP_27	117	Pulse	99	6850130	18818	1
A_HP_27	118	Picture	response9	6861950	237	1	20229	1	0	20000	hit	542
A_HP_27	118	Response	1	6868709	6996	1
A_HP_27	118	Pulse	99	6870130	8417	1
A_HP_27	118	Pulse	99	6890131	28417	1
A_HP_27	119	Picture	response13	6892242	128	1	20229	1	0	20000	hit	546
A_HP_27	119	Response	1	6901679	9566	1
A_HP_27	119	Pulse	99	6910131	18017	1
A_HP_27	120	Picture	response14	6922702	188	1	20229	1	0	20000	hit	550
A_HP_27	120	Pulse	99	6930130	7617	1
A_HP_27	120	Response	1	6930719	8205	1
A_HP_27	120	Pulse	99	6950130	27617	1
A_HP_27	121	Picture	response16	6953160	246	1	20229	1	0	20000	hit	553
A_HP_27	121	Response	1	6960779	7866	1
A_HP_27	121	Pulse	99	6970130	17217	1
A_HP_27	122	Picture	response10	6983618	305	1	20229	1	0	20000	hit	557
A_HP_27	122	Pulse	99	6990130	6817	1
A_HP_27	122	Response	1	6990149	6835	1
A_HP_27	122	Pulse	99	7010131	26817	1
A_HP_27	123	Picture	thanks	7013577	0	1	10229	1	0	10000	other	0
A_HP_27	123	Pulse	99	7030130	16554	1


Event Type	Code	Type	Response	RT	RT Uncertainty	Time	Uncertainty	Duration	Uncertainty	ReqTime	ReqDur

Picture	ready	other				230446	1	10229	1	0	10000
Picture	ins20	other				291087	1	30229	1	0	30000
Picture	response155	hit	4	6306	2	610847	1	20229	1	0	20000
Picture	response160	hit	1	9827	2	641215	1	20229	1	0	20000
Picture	response159	hit	4	11480	2	671673	1	20229	1	0	20000
Picture	response157	hit	4	6991	2	702131	1	20229	1	0	20000
Picture	response153	hit	2	14300	2	732422	1	20229	1	0	20000
Picture	response154	hit	3	11259	2	762713	1	20229	1	0	20000
Picture	response156	hit	1	8505	2	793338	1	20229	1	0	20000
Picture	response158	hit	3	9643	2	823629	1	20229	1	0	20000
Picture	ins10	other				854087	1	30229	1	0	30000
Picture	response76	hit	3	5756	2	1170747	1	20229	1	0	20000
Picture	response73	hit	3	8774	2	1201038	1	20229	1	0	20000
Picture	response78	hit	3	6030	2	1231663	1	20229	1	0	20000
Picture	response74	hit	3	7798	2	1261955	1	20229	1	0	20000
Picture	response77	hit	1	7046	2	1292247	1	20229	1	0	20000
Picture	response80	hit	1	5956	2	1322706	1	20229	1	0	20000
Picture	response75	hit	3	7268	2	1353164	1	20229	1	0	20000
Picture	response79	hit	1	8719	2	1383623	1	20229	1	0	20000
Picture	ins14	other				1413915	1	30230	1	0	30000
Picture	response109	hit	2	14316	2	1730746	1	20229	1	0	20000
Picture	response112	hit	4	7724	2	1761038	1	20229	1	0	20000
Picture	response108	hit	2	10009	2	1791663	1	20229	1	0	20000
Picture	response105	hit	2	10947	2	1821954	1	20229	1	0	20000
Picture	response110	hit	2	12055	2	1852246	1	20229	1	0	20000
Picture	response111	hit	4	7627	2	1882705	1	20229	1	0	20000
Picture	response107	hit	2	8939	2	1913163	1	20229	1	0	20000
Picture	response106	hit	4	7830	2	1943621	1	20229	1	0	20000
Picture	ins6	other				1973913	1	30230	1	0	30000
Picture	response48	hit	3	6116	2	2290746	1	20229	1	0	20000
Picture	response41	hit	3	5304	2	2321037	1	20229	1	0	20000
Picture	response45	hit	3	4530	2	2351662	1	20229	1	0	20000
Picture	response43	hit	3	6778	2	2381954	1	20229	1	0	20000
Picture	response46	hit	3	7286	2	2412246	1	20229	1	0	20000
Picture	response44	hit	3	5847	2	2442704	1	20229	1	0	20000
Picture	response42	hit	3	5499	2	2473163	1	20230	1	0	20000
Picture	response47	hit	3	5150	2	2503621	1	20229	1	0	20000
Picture	ins24	other				2533913	1	30229	1	0	30000
Picture	response185	hit	3	9294	2	2850847	1	20230	1	0	20000
Picture	response190	hit	3	6485	2	2881306	1	20229	1	0	20000
Picture	response188	hit	4	8714	2	2911597	1	20230	1	0	20000
Picture	response186	hit	2	10736	2	2942055	1	20229	1	0	20000
Picture	response187	hit	3	12358	2	2972513	1	20229	1	0	20000
Picture	response192	hit	3	9006	2	3002805	1	20229	1	0	20000
Picture	response191	hit	2	14178	2	3033263	1	20229	1	0	20000
Picture	response189	hit	1	7866	2	3063555	1	20229	1	0	20000
Picture	ins18	other				3094180	1	30229	1	0	30000
Picture	response144	hit	2	10595	2	3410846	1	20229	1	0	20000
Picture	response143	hit	3	9367	2	3441304	1	20229	1	0	20000
Picture	response142	hit	3	9416	2	3471596	1	20229	1	0	20000
Picture	response139	hit	2	11888	2	3502053	1	20229	1	0	20000
Picture	response140	hit	1	9340	2	3532512	1	20230	1	0	20000
Picture	response141	hit	1	8337	2	3562804	1	20229	1	0	20000
Picture	response138	hit	3	9360	2	3593262	1	20229	1	0	20000
Picture	response137	hit	4	10007	2	3623553	1	20229	1	0	20000
Picture	ins22	other				3654178	1	30229	1	0	30000
Picture	response169	hit	2	13216	2	3970746	1	20229	1	0	20000
Picture	response176	hit	4	12763	2	4001037	1	20229	1	0	20000
Picture	response170	hit	4	11229	2	4031662	1	20229	1	0	20000
Picture	response171	hit	3	15267	2	4061954	1	20229	1	0	20000
Picture	response175	hit	3	12996	2	4092245	1	20229	1	0	20000
Picture	response172	hit	4	15217	2	4122703	1	20229	1	0	20000
Picture	response174	hit	1	11939	2	4153161	1	20229	1	0	20000
Picture	response173	hit	1	10951	2	4183619	1	20229	1	0	20000
Picture	ins4	other				4213911	1	30229	1	0	30000
Picture	response25	hit	2	7476	2	4530745	1	20229	1	0	20000
Picture	response32	hit	2	4664	2	4561037	1	20229	1	0	20000
Picture	response31	hit	2	6428	2	4591662	1	20229	1	0	20000
Picture	response27	hit	2	7407	2	4621954	1	20229	1	0	20000
Picture	response30	hit	2	7976	2	4652245	1	20229	1	0	20000
Picture	response29	hit	2	5968	2	4682703	1	20229	1	0	20000
Picture	response28	hit	2	8230	2	4713161	1	20230	1	0	20000
Picture	response26	hit	2	8391	2	4743620	1	20230	1	0	20000
Picture	ins8	other				4773912	1	30229	1	0	30000
Picture	response63	hit	4	5494	2	5090746	1	20229	1	0	20000
Picture	response62	hit	4	7253	2	5121037	1	20295	1	0	20000
Picture	response64	hit	4	8319	2	5151561	1	20229	1	0	20000
Picture	response61	hit	4	7101	2	5182019	1	20229	1	0	20000
Picture	response57	hit	4	7640	2	5212311	1	20229	1	0	20000
Picture	response59	hit	4	8781	2	5242769	1	20229	1	0	20000
Picture	response60	hit	4	9229	2	5273061	1	20229	1	0	20000
Picture	response58	hit	4	7594	2	5303686	1	20229	1	0	20000
Picture	ins12	other				5333978	1	30229	1	0	30000
Picture	response94	hit	4	7736	2	5650744	1	20229	1	0	20000
Picture	response92	hit	1	7084	2	5681036	1	20230	1	0	20000
Picture	response95	hit	4	6519	2	5711661	1	20229	1	0	20000
Picture	response93	hit	1	6928	2	5741861	1	20230	1	0	20000
Picture	response89	incorrect	1	7130	2	5772320	1	20229	1	0	20000
Picture	response90	hit	1	6872	2	5802778	1	20229	1	0	20000
Picture	response96	hit	1	7020	2	5833070	1	20230	1	0	20000
Picture	response91	hit	4	7661	2	5863528	1	20230	1	0	20000
Picture	ins16	other				5893987	1	30229	1	0	30000
Picture	response121	hit	4	7825	2	6210745	1	20229	1	0	20000
Picture	response125	hit	4	6604	2	6241036	1	20229	1	0	20000
Picture	response126	hit	3	9359	2	6271661	1	20230	1	0	20000
Picture	response122	hit	3	8137	2	6301953	1	20229	1	0	20000
Picture	response128	hit	4	6265	2	6332244	1	20230	1	0	20000
Picture	response124	hit	4	5787	2	6362703	1	20229	1	0	20000
Picture	response123	hit	4	12408	2	6393161	1	20229	1	0	20000
Picture	response127	hit	3	6680	2	6423619	1	20229	1	0	20000
Picture	ins2	other				6453910	1	30229	1	0	30000
Picture	response12	hit	1	7766	2	6770743	1	20229	1	0	20000
Picture	response15	hit	1	6605	2	6801035	1	20229	1	0	20000
Picture	response11	hit	1	8781	2	6831659	1	20229	1	0	20000
Picture	response9	hit	1	6759	2	6861950	1	20229	1	0	20000
Picture	response13	hit	1	9438	2	6892242	1	20229	1	0	20000
Picture	response14	hit	1	8017	2	6922702	1	20229	1	0	20000
Picture	response16	hit	1	7619	2	6953160	1	20229	1	0	20000
Picture	response10	hit	1	6530	2	6983618	1	20229	1	0	20000
Picture	thanks	other				7013577	1	10229	1	0	10000


{
   "app": "Presentation Version 21.0 Build 06.06.19",
   "device": "LENOVO 20KHCTO1WW",
   "experiment": "{C0C68DB1-10BA-42F2-8F79-3F2AFFEED4E4}",
   "os": "Windows 10 64 bit",
   "package": "",
   "parameters": {
      "configuration": "Default configuration"
   },
   "scenario": "Response experiment(2).sce",
   "subject": "A_HP_27",
   "timestamp": "2019/11/08 04:49:37 GMT"
}
