Scenario - 
Logfile written - 11/21/2019 16:46:47

Subject	Trial	Event Type	Code	Time	TTime	Uncertainty	Duration	Uncertainty	ReqTime	ReqDur	Stim Type	Pair Index

A_HP_35	1	Response	5	189245	188245	1
A_HP_35	1	Pulse	99	189245	188245	1
A_HP_35	2	Picture	ready	189477	0	1	10229	1	0	10000	other	0
A_HP_35	2	Pulse	99	209244	19768	1
A_HP_35	2	Pulse	99	229244	39767	1
A_HP_35	2	Pulse	99	249244	59767	1
A_HP_35	3	Picture	ins16	250054	232	1	30229	1	0	30000	other	0
A_HP_35	3	Pulse	99	269244	19422	1
A_HP_35	3	Pulse	99	289244	39422	1
A_HP_35	3	Pulse	99	309244	59422	1
A_HP_35	3	Pulse	99	329244	79422	1
A_HP_35	3	Pulse	99	349244	99422	1
A_HP_35	3	Pulse	99	369245	119422	1
A_HP_35	3	Pulse	99	389244	139422	1
A_HP_35	3	Pulse	99	409244	159422	1
A_HP_35	3	Pulse	99	429244	179422	1
A_HP_35	3	Pulse	99	449244	199422	1
A_HP_35	3	Pulse	99	469244	219422	1
A_HP_35	3	Pulse	99	489244	239422	1
A_HP_35	3	Pulse	99	509244	259422	1
A_HP_35	3	Pulse	99	529244	279422	1
A_HP_35	3	Pulse	99	549244	299422	1
A_HP_35	4	Response	5	569244	9191	1
A_HP_35	4	Pulse	99	569244	9191	1
A_HP_35	5	Picture	response128	569852	230	1	20229	1	0	20000	hit	26
A_HP_35	5	Response	4	578163	8541	1
A_HP_35	5	Pulse	99	589244	19622	1
A_HP_35	6	Picture	response124	600311	288	1	20229	1	0	20000	hit	29
A_HP_35	6	Response	4	606573	6551	1
A_HP_35	6	Pulse	99	609244	9222	1
A_HP_35	6	Pulse	99	629244	29222	1
A_HP_35	7	Picture	response126	630602	179	1	20229	1	0	20000	hit	33
A_HP_35	7	Response	3	639203	8781	1
A_HP_35	7	Pulse	99	649244	18822	1
A_HP_35	8	Picture	response122	661060	237	1	20229	1	0	20000	incorrect	36
A_HP_35	8	Response	4	664823	4001	1
A_HP_35	8	Pulse	99	669244	8422	1
A_HP_35	8	Pulse	99	689244	28422	1
A_HP_35	9	Picture	response121	691351	129	1	20229	1	0	20000	incorrect	40
A_HP_35	9	Response	3	703413	12191	1
A_HP_35	9	Pulse	99	709244	18021	1
A_HP_35	10	Picture	response127	721976	354	1	20229	1	0	20000	incorrect	44
A_HP_35	10	Pulse	99	729244	7622	1
A_HP_35	10	Response	4	731042	9420	1
A_HP_35	10	Pulse	99	749244	27622	1
A_HP_35	11	Picture	response125	752267	245	1	20229	1	0	20000	hit	47
A_HP_35	11	Response	4	763373	11351	1
A_HP_35	11	Pulse	99	769244	17222	1
A_HP_35	12	Picture	response123	782558	136	1	20229	1	0	20000	hit	50
A_HP_35	12	Response	4	788853	6431	1
A_HP_35	12	Pulse	99	789244	6822	1
A_HP_35	12	Pulse	99	809245	26822	1
A_HP_35	13	Picture	ins4	813017	194	1	30229	1	0	30000	other	0
A_HP_35	13	Pulse	99	829244	16422	1
A_HP_35	13	Pulse	99	849244	36422	1
A_HP_35	13	Pulse	99	869244	56422	1
A_HP_35	13	Pulse	99	889244	76422	1
A_HP_35	13	Pulse	99	909244	96422	1
A_HP_35	13	Pulse	99	929244	116422	1
A_HP_35	13	Pulse	99	949244	136422	1
A_HP_35	13	Pulse	99	969244	156422	1
A_HP_35	13	Pulse	99	989244	176422	1
A_HP_35	13	Pulse	99	1009244	196422	1
A_HP_35	13	Pulse	99	1029244	216422	1
A_HP_35	13	Pulse	99	1049244	236422	1
A_HP_35	13	Pulse	99	1069244	256422	1
A_HP_35	13	Pulse	99	1089244	276422	1
A_HP_35	13	Pulse	99	1109244	296422	1
A_HP_35	14	Response	5	1129244	6191	1
A_HP_35	14	Pulse	99	1129244	6191	1
A_HP_35	15	Picture	response26	1129852	230	1	20229	1	0	20000	hit	72
A_HP_35	15	Response	2	1138283	8661	1
A_HP_35	15	Pulse	99	1149244	19622	1
A_HP_35	16	Picture	response31	1160310	288	1	20230	1	0	20000	hit	75
A_HP_35	16	Response	2	1162283	2261	1
A_HP_35	16	Pulse	99	1169244	9222	1
A_HP_35	16	Pulse	99	1189244	29222	1
A_HP_35	17	Picture	response32	1190602	180	1	20229	1	0	20000	hit	79
A_HP_35	17	Response	2	1193223	2801	1
A_HP_35	17	Pulse	99	1209244	18822	1
A_HP_35	18	Picture	response30	1221060	238	1	20229	1	0	20000	hit	82
A_HP_35	18	Response	2	1225063	4241	1
A_HP_35	18	Pulse	99	1229243	8421	1
A_HP_35	18	Pulse	99	1249244	28422	1
A_HP_35	19	Picture	response29	1251354	133	1	20229	1	0	20000	hit	86
A_HP_35	19	Response	2	1255532	4311	1
A_HP_35	19	Pulse	99	1269244	18023	1
A_HP_35	20	Picture	response25	1281978	357	1	20229	1	0	20000	hit	89
A_HP_35	20	Response	2	1284782	3161	1
A_HP_35	20	Pulse	99	1289243	7622	1
A_HP_35	20	Pulse	99	1309244	27623	1
A_HP_35	21	Picture	response27	1312270	248	1	20229	1	0	20000	hit	93
A_HP_35	21	Response	2	1318623	6601	1
A_HP_35	21	Pulse	99	1329244	17222	1
A_HP_35	22	Picture	response28	1342561	139	1	20229	1	0	20000	hit	97
A_HP_35	22	Pulse	99	1349244	6822	1
A_HP_35	22	Response	2	1353192	10770	1
A_HP_35	22	Pulse	99	1369244	26822	1
A_HP_35	23	Picture	ins10	1373019	197	1	30230	1	0	30000	other	0
A_HP_35	23	Pulse	99	1389244	16422	1
A_HP_35	23	Pulse	99	1409243	36421	1
A_HP_35	23	Pulse	99	1429243	56421	1
A_HP_35	23	Pulse	99	1449244	76422	1
A_HP_35	23	Pulse	99	1469244	96422	1
A_HP_35	23	Pulse	99	1489244	116422	1
A_HP_35	23	Pulse	99	1509244	136422	1
A_HP_35	23	Pulse	99	1529244	156422	1
A_HP_35	23	Pulse	99	1549244	176422	1
A_HP_35	23	Pulse	99	1569244	196422	1
A_HP_35	23	Pulse	99	1589243	216421	1
A_HP_35	23	Pulse	99	1609243	236421	1
A_HP_35	23	Pulse	99	1629244	256422	1
A_HP_35	23	Pulse	99	1649244	276422	1
A_HP_35	23	Pulse	99	1669243	296421	1
A_HP_35	24	Response	5	1689243	6191	1
A_HP_35	24	Pulse	99	1689243	6191	1
A_HP_35	25	Picture	response80	1689851	230	1	20229	1	0	20000	hit	118
A_HP_35	25	Response	1	1697622	8001	1
A_HP_35	25	Pulse	99	1709243	19622	1
A_HP_35	26	Picture	response78	1720309	288	1	20229	1	0	20000	hit	121
A_HP_35	26	Response	3	1724932	4911	1
A_HP_35	26	Pulse	99	1729243	9222	1
A_HP_35	26	Pulse	99	1749243	29222	1
A_HP_35	27	Picture	response79	1750600	179	1	20230	1	0	20000	hit	125
A_HP_35	27	Response	1	1756512	6091	1
A_HP_35	27	Pulse	99	1769243	18822	1
A_HP_35	28	Picture	response75	1781059	238	1	20229	1	0	20000	incorrect	129
A_HP_35	28	Pulse	99	1789243	8422	1
A_HP_35	28	Response	1	1791181	10361	1
A_HP_35	28	Pulse	99	1809243	28422	1
A_HP_35	29	Picture	response74	1811351	130	1	20229	1	0	20000	hit	132
A_HP_35	29	Response	3	1824502	13281	1
A_HP_35	29	Pulse	99	1829243	18022	1
A_HP_35	30	Picture	response76	1841975	354	1	20229	1	0	20000	hit	135
A_HP_35	30	Response	3	1845302	3681	1
A_HP_35	30	Pulse	99	1849242	7622	1
A_HP_35	30	Pulse	99	1869243	27622	1
A_HP_35	31	Picture	response77	1872267	246	1	20229	1	0	20000	hit	139
A_HP_35	31	Response	1	1880512	8491	1
A_HP_35	31	Pulse	99	1889243	17222	1
A_HP_35	32	Picture	response73	1902559	138	1	20229	1	0	20000	hit	143
A_HP_35	32	Pulse	99	1909243	6822	1
A_HP_35	32	Response	3	1916622	14201	1
A_HP_35	32	Pulse	99	1929243	26822	1
A_HP_35	33	Picture	ins24	1933017	196	1	30229	1	0	30000	other	0
A_HP_35	33	Pulse	99	1949244	16423	1
A_HP_35	33	Pulse	99	1969244	36423	1
A_HP_35	33	Pulse	99	1989244	56423	1
A_HP_35	33	Pulse	99	2009244	76423	1
A_HP_35	33	Pulse	99	2029244	96423	1
A_HP_35	33	Pulse	99	2049244	116423	1
A_HP_35	33	Pulse	99	2069244	136423	1
A_HP_35	33	Pulse	99	2089244	156423	1
A_HP_35	33	Pulse	99	2109243	176422	1
A_HP_35	33	Pulse	99	2129244	196423	1
A_HP_35	33	Pulse	99	2149244	216423	1
A_HP_35	33	Pulse	99	2169243	236422	1
A_HP_35	33	Pulse	99	2189243	256422	1
A_HP_35	33	Pulse	99	2209243	276422	1
A_HP_35	33	Pulse	99	2229243	296422	1
A_HP_35	34	Response	5	2249243	6192	1
A_HP_35	34	Pulse	99	2249243	6192	1
A_HP_35	35	Picture	response185	2249852	230	1	20229	1	0	20000	hit	165
A_HP_35	35	Pulse	99	2269243	19622	1
A_HP_35	35	Response	3	2271402	21781	1
A_HP_35	36	Picture	response190	2280309	288	1	20230	1	0	20000	hit	167
A_HP_35	36	Response	3	2286302	6281	1
A_HP_35	36	Pulse	99	2289243	9221	1
A_HP_35	36	Pulse	99	2309243	29222	1
A_HP_35	37	Picture	response186	2310602	180	1	20229	1	0	20000	hit	171
A_HP_35	37	Response	2	2318932	8510	1
A_HP_35	37	Pulse	99	2329243	18822	1
A_HP_35	38	Picture	response191	2341061	239	1	20229	1	0	20000	hit	174
A_HP_35	38	Response	2	2344162	3341	1
A_HP_35	38	Pulse	99	2349243	8422	1
A_HP_35	38	Pulse	99	2369243	28422	1
A_HP_35	39	Picture	response188	2371352	131	1	20229	1	0	20000	hit	178
A_HP_35	39	Response	4	2384152	12931	1
A_HP_35	39	Pulse	99	2389243	18022	1
A_HP_35	40	Picture	response187	2401977	356	1	20229	1	0	20000	incorrect	182
A_HP_35	40	Pulse	99	2409243	7622	1
A_HP_35	40	Response	1	2412072	10450	1
A_HP_35	40	Pulse	99	2429243	27622	1
A_HP_35	41	Picture	response192	2432269	248	1	20229	1	0	20000	hit	185
A_HP_35	41	Response	3	2435592	3571	1
A_HP_35	41	Pulse	99	2449243	17222	1
A_HP_35	42	Picture	response189	2462561	139	1	20229	1	0	20000	hit	189
A_HP_35	42	Pulse	99	2469243	6822	1
A_HP_35	42	Response	1	2471891	9470	1
A_HP_35	42	Pulse	99	2489243	26822	1
A_HP_35	43	Picture	ins2	2493019	198	1	30229	1	0	30000	other	0
A_HP_35	43	Pulse	99	2509243	16422	1
A_HP_35	43	Pulse	99	2529243	36422	1
A_HP_35	43	Pulse	99	2549243	56422	1
A_HP_35	43	Pulse	99	2569243	76422	1
A_HP_35	43	Pulse	99	2589243	96422	1
A_HP_35	43	Pulse	99	2609243	116422	1
A_HP_35	43	Pulse	99	2629243	136422	1
A_HP_35	43	Pulse	99	2649243	156422	1
A_HP_35	43	Pulse	99	2669243	176422	1
A_HP_35	43	Pulse	99	2689243	196422	1
A_HP_35	43	Pulse	99	2709243	216422	1
A_HP_35	43	Pulse	99	2729243	236422	1
A_HP_35	43	Pulse	99	2749243	256422	1
A_HP_35	43	Pulse	99	2769243	276422	1
A_HP_35	43	Pulse	99	2789243	296422	1
A_HP_35	44	Response	5	2809243	6192	1
A_HP_35	44	Pulse	99	2809243	6192	1
A_HP_35	45	Picture	response12	2809851	230	1	20229	1	0	20000	hit	210
A_HP_35	45	Response	1	2815432	5811	1
A_HP_35	45	Pulse	99	2829243	19622	1
A_HP_35	46	Picture	response15	2840309	288	1	20229	1	0	20000	hit	213
A_HP_35	46	Response	1	2843102	3081	1
A_HP_35	46	Pulse	99	2849243	9222	1
A_HP_35	46	Pulse	99	2869243	29222	1
A_HP_35	47	Picture	response10	2870601	180	1	20229	1	0	20000	hit	217
A_HP_35	47	Response	1	2875252	4831	1
A_HP_35	47	Pulse	99	2889243	18822	1
A_HP_35	48	Picture	response14	2901059	238	1	20229	1	0	20000	hit	220
A_HP_35	48	Response	1	2905642	4821	1
A_HP_35	48	Pulse	99	2909243	8421	1
A_HP_35	48	Pulse	99	2929243	28422	1
A_HP_35	49	Picture	response9	2931351	130	1	20229	1	0	20000	hit	224
A_HP_35	49	Response	1	2935052	3831	1
A_HP_35	49	Pulse	99	2949243	18022	1
A_HP_35	50	Picture	response13	2961976	355	1	20229	1	0	20000	hit	227
A_HP_35	50	Response	1	2966142	4521	1
A_HP_35	50	Pulse	99	2969243	7622	1
A_HP_35	50	Pulse	99	2989243	27622	1
A_HP_35	51	Picture	response16	2992268	246	1	20229	1	0	20000	hit	231
A_HP_35	51	Response	1	2995042	3021	1
A_HP_35	51	Pulse	99	3009243	17222	1
A_HP_35	52	Picture	response11	3022559	138	1	20229	1	0	20000	hit	234
A_HP_35	52	Response	1	3026782	4361	1
A_HP_35	52	Pulse	99	3029242	6821	1
A_HP_35	52	Pulse	99	3049243	26822	1
A_HP_35	53	Picture	ins6	3053017	196	1	30229	1	0	30000	other	0
A_HP_35	53	Pulse	99	3069243	16422	1
A_HP_35	53	Pulse	99	3089243	36422	1
A_HP_35	53	Pulse	99	3109243	56422	1
A_HP_35	53	Pulse	99	3129243	76422	1
A_HP_35	53	Pulse	99	3149243	96422	1
A_HP_35	53	Pulse	99	3169243	116422	1
A_HP_35	53	Pulse	99	3189243	136422	1
A_HP_35	53	Pulse	99	3209243	156422	1
A_HP_35	53	Pulse	99	3229243	176422	1
A_HP_35	53	Pulse	99	3249243	196422	1
A_HP_35	53	Pulse	99	3269242	216421	1
A_HP_35	53	Pulse	99	3289242	236421	1
A_HP_35	53	Pulse	99	3309242	256421	1
A_HP_35	53	Pulse	99	3329242	276421	1
A_HP_35	53	Pulse	99	3349243	296421	1
A_HP_35	54	Response	5	3369243	6191	1
A_HP_35	54	Pulse	99	3369243	6191	1
A_HP_35	55	Picture	response46	3369851	230	1	20229	1	0	20000	hit	256
A_HP_35	55	Response	3	3377031	7410	1
A_HP_35	55	Pulse	99	3389243	19622	1
A_HP_35	56	Picture	response42	3400310	289	1	20229	1	0	20000	hit	259
A_HP_35	56	Response	3	3404402	4381	1
A_HP_35	56	Pulse	99	3409242	9221	1
A_HP_35	56	Pulse	99	3429243	29222	1
A_HP_35	57	Picture	response45	3430601	180	1	20229	1	0	20000	hit	263
A_HP_35	57	Response	3	3434852	4431	1
A_HP_35	57	Pulse	99	3449243	18822	1
A_HP_35	58	Picture	response41	3461059	238	1	20229	1	0	20000	hit	266
A_HP_35	58	Response	3	3465071	4250	1
A_HP_35	58	Pulse	99	3469242	8421	1
A_HP_35	58	Pulse	99	3489243	28422	1
A_HP_35	59	Picture	response43	3491351	130	1	20230	1	0	20000	hit	270
A_HP_35	59	Response	3	3497202	5981	1
A_HP_35	59	Pulse	99	3509243	18022	1
A_HP_35	60	Picture	response48	3521976	355	1	20229	1	0	20000	hit	273
A_HP_35	60	Response	3	3526482	4861	1
A_HP_35	60	Pulse	99	3529242	7621	1
A_HP_35	60	Pulse	99	3549243	27622	1
A_HP_35	61	Picture	response47	3552268	247	1	20230	1	0	20000	hit	277
A_HP_35	61	Response	3	3563962	11941	1
A_HP_35	61	Pulse	99	3569243	17222	1
A_HP_35	62	Picture	response44	3582559	138	1	20229	1	0	20000	hit	280
A_HP_35	62	Response	3	3586312	3891	1
A_HP_35	62	Pulse	99	3589242	6822	1
A_HP_35	62	Pulse	99	3609243	26822	1
A_HP_35	63	Picture	ins14	3613018	197	1	30230	1	0	30000	other	0
A_HP_35	63	Pulse	99	3629243	16422	1
A_HP_35	63	Pulse	99	3649243	36423	1
A_HP_35	63	Pulse	99	3669243	56422	1
A_HP_35	63	Pulse	99	3689243	76422	1
A_HP_35	63	Pulse	99	3709243	96422	1
A_HP_35	63	Pulse	99	3729243	116422	1
A_HP_35	63	Pulse	99	3749243	136422	1
A_HP_35	63	Pulse	99	3769243	156422	1
A_HP_35	63	Pulse	99	3789243	176422	1
A_HP_35	63	Pulse	99	3809243	196422	1
A_HP_35	63	Pulse	99	3829243	216422	1
A_HP_35	63	Pulse	99	3849243	236422	1
A_HP_35	63	Pulse	99	3869243	256422	1
A_HP_35	63	Pulse	99	3889243	276422	1
A_HP_35	63	Pulse	99	3909243	296422	1
A_HP_35	64	Response	5	3929243	6191	1
A_HP_35	64	Pulse	99	3929243	6191	1
A_HP_35	65	Picture	response107	3929851	230	1	20229	1	0	20000	hit	302
A_HP_35	65	Response	2	3938361	8741	1
A_HP_35	65	Pulse	99	3949242	19622	1
A_HP_35	66	Picture	response106	3960309	288	1	20229	1	0	20000	incorrect	305
A_HP_35	66	Response	2	3965881	5861	1
A_HP_35	66	Pulse	99	3969242	9222	1
A_HP_35	66	Pulse	99	3989243	29222	1
A_HP_35	67	Picture	response108	3990601	180	1	20229	1	0	20000	incorrect	310
A_HP_35	67	Pulse	99	4009243	18822	1
A_HP_35	67	Response	4	4013022	22601	1
A_HP_35	68	Picture	response109	4021058	238	1	20229	1	0	20000	hit	313
A_HP_35	68	Pulse	99	4029243	8422	1
A_HP_35	68	Response	2	4029461	8640	1
A_HP_35	68	Pulse	99	4049243	28422	1
A_HP_35	69	Picture	response111	4051350	129	1	20229	1	0	20000	hit	316
A_HP_35	69	Response	4	4058641	7421	1
A_HP_35	69	Pulse	99	4069242	18022	1
A_HP_35	70	Picture	response112	4081975	354	1	20229	1	0	20000	hit	319
A_HP_35	70	Response	4	4088341	6721	1
A_HP_35	70	Pulse	99	4089242	7622	1
A_HP_35	70	Pulse	99	4109243	27622	1
A_HP_35	71	Picture	response105	4112266	246	1	20229	1	0	20000	incorrect	323
A_HP_35	71	Response	1	4123802	11781	1
A_HP_35	71	Pulse	99	4129242	17222	1
A_HP_35	72	Picture	response110	4142558	137	1	20229	1	0	20000	hit	327
A_HP_35	72	Pulse	99	4149242	6822	1
A_HP_35	72	Response	2	4151531	9110	1
A_HP_35	72	Pulse	99	4169242	26822	1
A_HP_35	73	Picture	ins20	4173016	195	1	30229	1	0	30000	other	0
A_HP_35	73	Pulse	99	4189242	16422	1
A_HP_35	73	Pulse	99	4209243	36422	1
A_HP_35	73	Pulse	99	4229242	56422	1
A_HP_35	73	Pulse	99	4249243	76422	1
A_HP_35	73	Pulse	99	4269242	96422	1
A_HP_35	73	Pulse	99	4289242	116422	1
A_HP_35	73	Pulse	99	4309242	136421	1
A_HP_35	73	Pulse	99	4329242	156422	1
A_HP_35	73	Pulse	99	4349242	176422	1
A_HP_35	73	Pulse	99	4369242	196422	1
A_HP_35	73	Pulse	99	4389242	216422	1
A_HP_35	73	Pulse	99	4409242	236422	1
A_HP_35	73	Pulse	99	4429242	256422	1
A_HP_35	73	Pulse	99	4449242	276422	1
A_HP_35	73	Pulse	99	4469242	296422	1
A_HP_35	74	Response	5	4489242	6191	1
A_HP_35	74	Pulse	99	4489242	6191	1
A_HP_35	75	Picture	response157	4489851	230	1	20229	1	0	20000	hit	348
A_HP_35	75	Response	4	4498911	9291	1
A_HP_35	75	Pulse	99	4509242	19621	1
A_HP_35	76	Picture	response154	4520309	289	1	20230	1	0	20000	hit	351
A_HP_35	76	Response	3	4527531	7511	1
A_HP_35	76	Pulse	99	4529242	9222	1
A_HP_35	76	Pulse	99	4549242	29222	1
A_HP_35	77	Picture	response159	4550601	181	1	20230	1	0	20000	hit	355
A_HP_35	77	Response	4	4559031	8611	1
A_HP_35	77	Pulse	99	4569242	18822	1
A_HP_35	78	Picture	response155	4581060	239	1	20230	1	0	20000	hit	358
A_HP_35	78	Response	4	4588331	7511	1
A_HP_35	78	Pulse	99	4589242	8421	1
A_HP_35	78	Pulse	99	4609243	28422	1
A_HP_35	79	Picture	response160	4611351	131	1	20230	1	0	20000	hit	362
A_HP_35	79	Response	1	4622171	10951	1
A_HP_35	79	Pulse	99	4629242	18022	1
A_HP_35	80	Picture	response153	4641977	356	1	20229	1	0	20000	incorrect	366
A_HP_35	80	Pulse	99	4649242	7622	1
A_HP_35	80	Response	3	4668231	26611	1
A_HP_35	80	Pulse	99	4669242	27622	1
A_HP_35	81	Picture	response156	4672268	248	1	20229	1	0	20000	incorrect	370
A_HP_35	81	Pulse	99	4689242	17222	1
A_HP_35	81	Response	2	4694391	22371	1
A_HP_35	82	Picture	response158	4702560	140	1	20229	1	0	20000	hit	373
A_HP_35	82	Pulse	99	4709242	6822	1
A_HP_35	82	Response	3	4714761	12340	1
A_HP_35	82	Pulse	99	4729242	26822	1
A_HP_35	83	Picture	ins22	4733018	198	1	30229	1	0	30000	other	0
A_HP_35	83	Pulse	99	4749242	16422	1
A_HP_35	83	Pulse	99	4769242	36421	1
A_HP_35	83	Pulse	99	4789242	56422	1
A_HP_35	83	Pulse	99	4809242	76422	1
A_HP_35	83	Pulse	99	4829242	96422	1
A_HP_35	83	Pulse	99	4849242	116422	1
A_HP_35	83	Pulse	99	4869242	136422	1
A_HP_35	83	Pulse	99	4889242	156422	1
A_HP_35	83	Pulse	99	4909242	176422	1
A_HP_35	83	Pulse	99	4929242	196422	1
A_HP_35	83	Pulse	99	4949242	216422	1
A_HP_35	83	Pulse	99	4969242	236422	1
A_HP_35	83	Pulse	99	4989242	256422	1
A_HP_35	83	Pulse	99	5009242	276422	1
A_HP_35	83	Pulse	99	5029242	296422	1
A_HP_35	84	Response	5	5049242	6191	1
A_HP_35	84	Pulse	99	5049242	6191	1
A_HP_35	85	Picture	response172	5049850	230	1	20229	1	0	20000	hit	394
A_HP_35	85	Response	4	5065591	15971	1
A_HP_35	85	Pulse	99	5069241	19621	1
A_HP_35	86	Picture	response176	5080308	288	1	20229	1	0	20000	hit	397
A_HP_35	86	Response	4	5085931	5911	1
A_HP_35	86	Pulse	99	5089242	9221	1
A_HP_35	86	Pulse	99	5109242	29222	1
A_HP_35	87	Picture	response170	5110600	180	1	20229	1	0	20000	hit	401
A_HP_35	87	Response	4	5116641	6221	1
A_HP_35	87	Pulse	99	5129242	18822	1
A_HP_35	88	Picture	response173	5141058	238	1	20229	1	0	20000	hit	405
A_HP_35	88	Pulse	99	5149242	8422	1
A_HP_35	88	Response	1	5159471	18651	1
A_HP_35	88	Pulse	99	5169242	28422	1
A_HP_35	89	Picture	response171	5171350	130	1	20229	1	0	20000	hit	408
A_HP_35	89	Response	3	5182181	10961	1
A_HP_35	89	Pulse	99	5189242	18022	1
A_HP_35	90	Picture	response175	5201975	355	1	20229	1	0	20000	hit	411
A_HP_35	90	Response	3	5206471	4851	1
A_HP_35	90	Pulse	99	5209241	7621	1
A_HP_35	90	Pulse	99	5229242	27622	1
A_HP_35	91	Picture	response169	5232266	246	1	20229	1	0	20000	incorrect	415
A_HP_35	91	Response	1	5238571	6551	1
A_HP_35	91	Pulse	99	5249242	17222	1
A_HP_35	92	Picture	response174	5262558	139	1	20229	1	0	20000	incorrect	419
A_HP_35	92	Pulse	99	5269241	6822	1
A_HP_35	92	Response	2	5281150	18731	1
A_HP_35	92	Pulse	99	5289241	26822	1
A_HP_35	93	Picture	ins8	5293017	197	1	30229	1	0	30000	other	0
A_HP_35	93	Pulse	99	5309242	16422	1
A_HP_35	93	Pulse	99	5329242	36422	1
A_HP_35	93	Pulse	99	5349242	56422	1
A_HP_35	93	Pulse	99	5369242	76422	1
A_HP_35	93	Pulse	99	5389242	96422	1
A_HP_35	93	Pulse	99	5409242	116422	1
A_HP_35	93	Pulse	99	5429242	136422	1
A_HP_35	93	Pulse	99	5449242	156422	1
A_HP_35	93	Pulse	99	5469242	176422	1
A_HP_35	93	Pulse	99	5489242	196422	1
A_HP_35	93	Pulse	99	5509162	216342	1
A_HP_35	93	Pulse	99	5529242	236422	1
A_HP_35	93	Pulse	99	5549242	256422	1
A_HP_35	93	Pulse	99	5569242	276422	1
A_HP_35	93	Pulse	99	5589242	296422	1
A_HP_35	94	Response	5	5609242	6191	1
A_HP_35	94	Pulse	99	5609242	6191	1
A_HP_35	95	Picture	response64	5609850	230	1	20230	1	0	20000	hit	440
A_HP_35	95	Response	4	5616461	6841	1
A_HP_35	95	Pulse	99	5629242	19622	1
A_HP_35	96	Picture	response59	5640308	288	1	20229	1	0	20000	hit	443
A_HP_35	96	Response	4	5643471	3451	1
A_HP_35	96	Pulse	99	5649242	9222	1
A_HP_35	96	Pulse	99	5669242	29222	1
A_HP_35	97	Picture	response63	5670600	180	1	20229	1	0	20000	hit	447
A_HP_35	97	Response	4	5674911	4491	1
A_HP_35	97	Pulse	99	5689242	18822	1
A_HP_35	98	Picture	response58	5701058	238	1	20230	1	0	20000	hit	450
A_HP_35	98	Response	4	5706280	5460	1
A_HP_35	98	Pulse	99	5709241	8421	1
A_HP_35	98	Pulse	99	5729241	28421	1
A_HP_35	99	Picture	response60	5731351	131	1	20229	1	0	20000	hit	454
A_HP_35	99	Response	4	5736479	5260	1
A_HP_35	99	Pulse	99	5749241	18022	1
A_HP_35	100	Picture	response61	5761975	355	1	20229	1	0	20000	hit	457
A_HP_35	100	Response	4	5763801	2181	1
A_HP_35	100	Pulse	99	5769162	7542	1
A_HP_35	100	Pulse	99	5789242	27622	1
A_HP_35	101	Picture	response57	5792266	246	1	20229	1	0	20000	hit	461
A_HP_35	101	Response	4	5804711	12691	1
A_HP_35	101	Pulse	99	5809241	17221	1
A_HP_35	102	Picture	response62	5822558	138	1	20229	1	0	20000	hit	464
A_HP_35	102	Response	4	5826710	4290	1
A_HP_35	102	Pulse	99	5829161	6741	1
A_HP_35	102	Pulse	99	5849241	26821	1
A_HP_35	103	Picture	ins12	5853016	197	1	30229	1	0	30000	other	0
A_HP_35	103	Pulse	99	5869241	16422	1
A_HP_35	103	Pulse	99	5889241	36422	1
A_HP_35	103	Pulse	99	5909241	56422	1
A_HP_35	103	Pulse	99	5929241	76422	1
A_HP_35	103	Pulse	99	5949241	96422	1
A_HP_35	103	Pulse	99	5969241	116422	1
A_HP_35	103	Pulse	99	5989241	136422	1
A_HP_35	103	Pulse	99	6009241	156422	1
A_HP_35	103	Pulse	99	6029162	176343	1
A_HP_35	103	Pulse	99	6049242	196423	1
A_HP_35	103	Pulse	99	6069242	216423	1
A_HP_35	103	Pulse	99	6089162	236343	1
A_HP_35	103	Pulse	99	6109242	256423	1
A_HP_35	103	Pulse	99	6129242	276423	1
A_HP_35	103	Pulse	99	6149242	296423	1
A_HP_35	104	Response	5	6169242	6192	1
A_HP_35	104	Pulse	99	6169242	6192	1
A_HP_35	105	Picture	response93	6169850	230	1	20229	1	0	20000	hit	486
A_HP_35	105	Response	1	6185720	16101	1
A_HP_35	105	Pulse	99	6189241	19621	1
A_HP_35	106	Picture	response91	6200308	288	1	20229	1	0	20000	hit	489
A_HP_35	106	Response	4	6208010	7991	1
A_HP_35	106	Pulse	99	6209241	9221	1
A_HP_35	106	Pulse	99	6229242	29222	1
A_HP_35	107	Picture	response94	6230600	180	1	20229	1	0	20000	hit	493
A_HP_35	107	Response	4	6237580	7161	1
A_HP_35	107	Pulse	99	6249242	18822	1
A_HP_35	108	Picture	response89	6261057	238	1	20229	1	0	20000	incorrect	496
A_HP_35	108	Response	1	6268960	8140	1
A_HP_35	108	Pulse	99	6269241	8421	1
A_HP_35	108	Pulse	99	6289162	28342	1
A_HP_35	109	Picture	response95	6291349	130	1	20229	1	0	20000	hit	500
A_HP_35	109	Response	4	6299130	7911	1
A_HP_35	109	Pulse	99	6309242	18022	1
A_HP_35	110	Picture	response90	6321974	354	1	20229	1	0	20000	hit	504
A_HP_35	110	Pulse	99	6329241	7622	1
A_HP_35	110	Response	1	6332370	10750	1
A_HP_35	110	Pulse	99	6349161	27542	1
A_HP_35	111	Picture	response96	6352265	246	1	20229	1	0	20000	hit	507
A_HP_35	111	Response	1	6359780	7761	1
A_HP_35	111	Pulse	99	6369241	17222	1
A_HP_35	112	Picture	response92	6382557	138	1	20229	1	0	20000	hit	510
A_HP_35	112	Response	1	6387620	5200	1
A_HP_35	112	Pulse	99	6389241	6821	1
A_HP_35	112	Pulse	99	6409161	26742	1
A_HP_35	113	Picture	ins18	6413015	196	1	30229	1	0	30000	other	0
A_HP_35	113	Pulse	99	6429241	16422	1
A_HP_35	113	Pulse	99	6449241	36422	1
A_HP_35	113	Pulse	99	6469241	56422	1
A_HP_35	113	Pulse	99	6489241	76422	1
A_HP_35	113	Pulse	99	6509241	96422	1
A_HP_35	113	Pulse	99	6529241	116422	1
A_HP_35	113	Pulse	99	6549161	136342	1
A_HP_35	113	Pulse	99	6569241	156422	1
A_HP_35	113	Pulse	99	6589241	176421	1
A_HP_35	113	Pulse	99	6609161	196342	1
A_HP_35	113	Pulse	99	6629241	216421	1
A_HP_35	113	Pulse	99	6649241	236422	1
A_HP_35	113	Pulse	99	6669161	256342	1
A_HP_35	113	Pulse	99	6689241	276422	1
A_HP_35	113	Pulse	99	6709241	296422	1
A_HP_35	114	Response	5	6729161	6111	1
A_HP_35	114	Pulse	99	6729161	6111	1
A_HP_35	115	Picture	response137	6729749	230	1	20396	1	0	20000	incorrect	532
A_HP_35	115	Response	3	6738710	9191	1
A_HP_35	115	Pulse	99	6749241	19722	1
A_HP_35	116	Picture	response139	6760041	121	1	20229	1	0	20000	incorrect	536
A_HP_35	116	Pulse	99	6769241	9322	1
A_HP_35	116	Response	4	6775070	15151	1
A_HP_35	116	Pulse	99	6789241	29322	1
A_HP_35	117	Picture	response143	6790499	180	1	20229	1	0	20000	hit	539
A_HP_35	117	Response	3	6801170	10852	1
A_HP_35	117	Pulse	99	6809161	18843	1
A_HP_35	118	Picture	response142	6820957	238	1	20229	1	0	20000	hit	542
A_HP_35	118	Response	3	6824010	3291	1
A_HP_35	118	Pulse	99	6829241	8522	1
A_HP_35	118	Pulse	99	6849241	28521	1
A_HP_35	119	Picture	response144	6851415	297	1	20396	1	0	20000	incorrect	547
A_HP_35	119	Pulse	99	6869161	18042	1
A_HP_35	119	Response	4	6872390	21271	1
A_HP_35	120	Picture	response140	6881707	188	1	20229	1	0	20000	incorrect	550
A_HP_35	120	Pulse	99	6889241	7722	1
A_HP_35	120	Response	3	6903050	21531	1
A_HP_35	120	Pulse	99	6909241	27722	1
A_HP_35	121	Picture	response138	6911999	80	1	20230	1	0	20000	hit	554
A_HP_35	121	Pulse	99	6929161	17242	1
A_HP_35	121	Response	3	6929219	17300	1
A_HP_35	122	Picture	response141	6942624	305	1	20229	1	0	20000	hit	557
A_HP_35	122	Pulse	99	6949241	6922	1
A_HP_35	122	Response	1	6960290	17971	1
A_HP_35	122	Pulse	99	6969241	26922	1
A_HP_35	123	Picture	thanks	6972582	0	1	10396	1	0	10000	other	0
A_HP_35	123	Pulse	99	6989161	16579	1


Event Type	Code	Type	Response	RT	RT Uncertainty	Time	Uncertainty	Duration	Uncertainty	ReqTime	ReqDur

Picture	ready	other				189477	1	10229	1	0	10000
Picture	ins16	other				250054	1	30229	1	0	30000
Picture	response128	hit	4	8311	2	569852	1	20229	1	0	20000
Picture	response124	hit	4	6262	2	600311	1	20229	1	0	20000
Picture	response126	hit	3	8601	2	630602	1	20229	1	0	20000
Picture	response122	incorrect	4	3763	2	661060	1	20229	1	0	20000
Picture	response121	incorrect	3	12061	2	691351	1	20229	1	0	20000
Picture	response127	incorrect	4	9066	2	721976	1	20229	1	0	20000
Picture	response125	hit	4	11106	2	752267	1	20229	1	0	20000
Picture	response123	hit	4	6295	2	782558	1	20229	1	0	20000
Picture	ins4	other				813017	1	30229	1	0	30000
Picture	response26	hit	2	8431	2	1129852	1	20229	1	0	20000
Picture	response31	hit	2	1973	2	1160310	1	20230	1	0	20000
Picture	response32	hit	2	2621	2	1190602	1	20229	1	0	20000
Picture	response30	hit	2	4003	2	1221060	1	20229	1	0	20000
Picture	response29	hit	2	4179	2	1251354	1	20229	1	0	20000
Picture	response25	hit	2	2804	2	1281978	1	20229	1	0	20000
Picture	response27	hit	2	6353	2	1312270	1	20229	1	0	20000
Picture	response28	hit	2	10632	2	1342561	1	20229	1	0	20000
Picture	ins10	other				1373019	1	30230	1	0	30000
Picture	response80	hit	1	7771	2	1689851	1	20229	1	0	20000
Picture	response78	hit	3	4623	2	1720309	1	20229	1	0	20000
Picture	response79	hit	1	5912	2	1750600	1	20230	1	0	20000
Picture	response75	incorrect	1	10123	2	1781059	1	20229	1	0	20000
Picture	response74	hit	3	13152	2	1811351	1	20229	1	0	20000
Picture	response76	hit	3	3327	2	1841975	1	20229	1	0	20000
Picture	response77	hit	1	8245	2	1872267	1	20229	1	0	20000
Picture	response73	hit	3	14063	2	1902559	1	20229	1	0	20000
Picture	ins24	other				1933017	1	30229	1	0	30000
Picture	response185	hit	3	21551	2	2249852	1	20229	1	0	20000
Picture	response190	hit	3	5993	2	2280309	1	20230	1	0	20000
Picture	response186	hit	2	8330	2	2310602	1	20229	1	0	20000
Picture	response191	hit	2	3102	2	2341061	1	20229	1	0	20000
Picture	response188	hit	4	12800	2	2371352	1	20229	1	0	20000
Picture	response187	incorrect	1	10094	2	2401977	1	20229	1	0	20000
Picture	response192	hit	3	3323	2	2432269	1	20229	1	0	20000
Picture	response189	hit	1	9330	2	2462561	1	20229	1	0	20000
Picture	ins2	other				2493019	1	30229	1	0	30000
Picture	response12	hit	1	5581	2	2809851	1	20229	1	0	20000
Picture	response15	hit	1	2793	2	2840309	1	20229	1	0	20000
Picture	response10	hit	1	4651	2	2870601	1	20229	1	0	20000
Picture	response14	hit	1	4583	2	2901059	1	20229	1	0	20000
Picture	response9	hit	1	3701	2	2931351	1	20229	1	0	20000
Picture	response13	hit	1	4166	2	2961976	1	20229	1	0	20000
Picture	response16	hit	1	2774	2	2992268	1	20229	1	0	20000
Picture	response11	hit	1	4223	2	3022559	1	20229	1	0	20000
Picture	ins6	other				3053017	1	30229	1	0	30000
Picture	response46	hit	3	7180	2	3369851	1	20229	1	0	20000
Picture	response42	hit	3	4092	2	3400310	1	20229	1	0	20000
Picture	response45	hit	3	4250	2	3430601	1	20229	1	0	20000
Picture	response41	hit	3	4012	2	3461059	1	20229	1	0	20000
Picture	response43	hit	3	5851	2	3491351	1	20230	1	0	20000
Picture	response48	hit	3	4506	2	3521976	1	20229	1	0	20000
Picture	response47	hit	3	11694	2	3552268	1	20230	1	0	20000
Picture	response44	hit	3	3752	2	3582559	1	20229	1	0	20000
Picture	ins14	other				3613018	1	30230	1	0	30000
Picture	response107	hit	2	8511	2	3929851	1	20229	1	0	20000
Picture	response106	incorrect	2	5572	2	3960309	1	20229	1	0	20000
Picture	response108	incorrect	4	22421	2	3990601	1	20229	1	0	20000
Picture	response109	hit	2	8402	2	4021058	1	20229	1	0	20000
Picture	response111	hit	4	7292	2	4051350	1	20229	1	0	20000
Picture	response112	hit	4	6367	2	4081975	1	20229	1	0	20000
Picture	response105	incorrect	1	11535	2	4112266	1	20229	1	0	20000
Picture	response110	hit	2	8973	2	4142558	1	20229	1	0	20000
Picture	ins20	other				4173016	1	30229	1	0	30000
Picture	response157	hit	4	9060	2	4489851	1	20229	1	0	20000
Picture	response154	hit	3	7222	2	4520309	1	20230	1	0	20000
Picture	response159	hit	4	8430	2	4550601	1	20230	1	0	20000
Picture	response155	hit	4	7271	2	4581060	1	20230	1	0	20000
Picture	response160	hit	1	10820	2	4611351	1	20230	1	0	20000
Picture	response153	incorrect	3	26254	2	4641977	1	20229	1	0	20000
Picture	response156	incorrect	2	22123	2	4672268	1	20229	1	0	20000
Picture	response158	hit	3	12201	2	4702560	1	20229	1	0	20000
Picture	ins22	other				4733018	1	30229	1	0	30000
Picture	response172	hit	4	15741	2	5049850	1	20229	1	0	20000
Picture	response176	hit	4	5622	2	5080308	1	20229	1	0	20000
Picture	response170	hit	4	6041	2	5110600	1	20229	1	0	20000
Picture	response173	hit	1	18413	2	5141058	1	20229	1	0	20000
Picture	response171	hit	3	10831	2	5171350	1	20229	1	0	20000
Picture	response175	hit	3	4496	2	5201975	1	20229	1	0	20000
Picture	response169	incorrect	1	6304	2	5232266	1	20229	1	0	20000
Picture	response174	incorrect	2	18592	2	5262558	1	20229	1	0	20000
Picture	ins8	other				5293017	1	30229	1	0	30000
Picture	response64	hit	4	6611	2	5609850	1	20230	1	0	20000
Picture	response59	hit	4	3163	2	5640308	1	20229	1	0	20000
Picture	response63	hit	4	4311	2	5670600	1	20229	1	0	20000
Picture	response58	hit	4	5222	2	5701058	1	20230	1	0	20000
Picture	response60	hit	4	5129	2	5731351	1	20229	1	0	20000
Picture	response61	hit	4	1826	2	5761975	1	20229	1	0	20000
Picture	response57	hit	4	12444	2	5792266	1	20229	1	0	20000
Picture	response62	hit	4	4153	2	5822558	1	20229	1	0	20000
Picture	ins12	other				5853016	1	30229	1	0	30000
Picture	response93	hit	1	15871	2	6169850	1	20229	1	0	20000
Picture	response91	hit	4	7702	2	6200308	1	20229	1	0	20000
Picture	response94	hit	4	6981	2	6230600	1	20229	1	0	20000
Picture	response89	incorrect	1	7903	2	6261057	1	20229	1	0	20000
Picture	response95	hit	4	7781	2	6291349	1	20229	1	0	20000
Picture	response90	hit	1	10396	2	6321974	1	20229	1	0	20000
Picture	response96	hit	1	7515	2	6352265	1	20229	1	0	20000
Picture	response92	hit	1	5063	2	6382557	1	20229	1	0	20000
Picture	ins18	other				6413015	1	30229	1	0	30000
Picture	response137	incorrect	3	8961	2	6729749	1	20396	1	0	20000
Picture	response139	incorrect	4	15029	2	6760041	1	20229	1	0	20000
Picture	response143	hit	3	10671	2	6790499	1	20229	1	0	20000
Picture	response142	hit	3	3053	2	6820957	1	20229	1	0	20000
Picture	response144	incorrect	4	20974	2	6851415	1	20396	1	0	20000
Picture	response140	incorrect	3	21343	2	6881707	1	20229	1	0	20000
Picture	response138	hit	3	17220	2	6911999	1	20230	1	0	20000
Picture	response141	hit	1	17666	2	6942624	1	20229	1	0	20000
Picture	thanks	other				6972582	1	10396	1	0	10000


{
   "app": "Presentation Version 21.0 Build 06.06.19",
   "device": "LENOVO 20KHCTO1WW",
   "experiment": "{C0C68DB1-10BA-42F2-8F79-3F2AFFEED4E4}",
   "os": "Windows 10 64 bit",
   "package": "",
   "parameters": {
      "configuration": "Default configuration"
   },
   "scenario": "Response experiment(2).sce",
   "subject": "A_HP_35",
   "timestamp": "2019/11/21 07:34:59 GMT"
}
