Scenario - 
Logfile written - 07/19/2019 10:44:35

Subject	Trial	Event Type	Code	Time	TTime	Uncertainty	Duration	Uncertainty	ReqTime	ReqDur	Stim Type	Pair Index

A_HP_02	1	Response	5	208919	207419	1
A_HP_02	1	Pulse	99	208919	207419	1
A_HP_02	2	Picture	ready	209157	0	1	10232	1	0	10000	other	0
A_HP_02	2	Pulse	99	228918	19761	1
A_HP_02	2	Pulse	99	248918	39761	1
A_HP_02	2	Pulse	99	268917	59761	1
A_HP_02	3	Picture	ins14	269736	238	1	30231	1	0	30000	other	0
A_HP_02	3	Pulse	99	288917	19418	1
A_HP_02	3	Pulse	99	308918	39419	1
A_HP_02	3	Pulse	99	328917	59419	1
A_HP_02	3	Pulse	99	348917	79419	1
A_HP_02	3	Pulse	99	368917	99419	1
A_HP_02	3	Pulse	99	388917	119419	1
A_HP_02	3	Pulse	99	408917	139419	1
A_HP_02	3	Pulse	99	428997	159499	1
A_HP_02	3	Pulse	99	448917	179419	1
A_HP_02	3	Pulse	99	468918	199419	1
A_HP_02	3	Pulse	99	488997	219499	1
A_HP_02	3	Pulse	99	508918	239419	1
A_HP_02	3	Pulse	99	528918	259419	1
A_HP_02	3	Pulse	99	548998	279499	1
A_HP_02	3	Pulse	99	568918	299419	1
A_HP_02	4	Response	5	588918	9186	1
A_HP_02	4	Pulse	99	588918	9186	1
A_HP_02	5	Picture	response106	589531	232	1	20230	1	0	20000	hit	26
A_HP_02	5	Response	4	606006	16707	1
A_HP_02	5	Pulse	99	608997	19698	1
A_HP_02	6	Picture	response108	619991	292	1	20231	1	0	20000	hit	29
A_HP_02	6	Response	2	628076	8377	1
A_HP_02	6	Pulse	99	628917	9218	1
A_HP_02	6	Pulse	99	648918	29218	1
A_HP_02	7	Picture	response107	650285	186	1	20230	1	0	20000	hit	33
A_HP_02	7	Response	2	656637	6538	1
A_HP_02	7	Pulse	99	668918	18819	1
A_HP_02	8	Picture	response110	680746	246	1	20230	1	0	20000	hit	36
A_HP_02	8	Response	2	685846	5347	1
A_HP_02	8	Pulse	99	688917	8418	1
A_HP_02	8	Pulse	99	708918	28418	1
A_HP_02	9	Picture	response111	711039	140	1	20230	1	0	20000	hit	40
A_HP_02	9	Response	4	716287	5387	1
A_HP_02	9	Pulse	99	728918	18018	1
A_HP_02	10	Picture	response112	741499	200	1	20230	1	0	20000	hit	43
A_HP_02	10	Response	4	746246	4947	1
A_HP_02	10	Pulse	99	748916	7617	1
A_HP_02	10	Pulse	99	768917	27618	1
A_HP_02	11	Picture	response105	771959	260	1	20230	1	0	20000	hit	47
A_HP_02	11	Response	2	776648	4949	1
A_HP_02	11	Pulse	99	788918	17219	1
A_HP_02	12	Picture	response109	802253	154	1	20230	1	0	20000	hit	50
A_HP_02	12	Response	2	807056	4957	1
A_HP_02	12	Pulse	99	808917	6818	1
A_HP_02	12	Pulse	99	828918	26818	1
A_HP_02	13	Picture	ins18	832713	214	1	30230	1	0	30000	other	0
A_HP_02	13	Pulse	99	848918	16418	1
A_HP_02	13	Pulse	99	868918	36418	1
A_HP_02	13	Pulse	99	888918	56418	1
A_HP_02	13	Pulse	99	908918	76418	1
A_HP_02	13	Pulse	99	928918	96418	1
A_HP_02	13	Pulse	99	948917	116418	1
A_HP_02	13	Pulse	99	968918	136418	1
A_HP_02	13	Pulse	99	988918	156419	1
A_HP_02	13	Pulse	99	1008918	176419	1
A_HP_02	13	Pulse	99	1028918	196419	1
A_HP_02	13	Pulse	99	1048998	216499	1
A_HP_02	13	Pulse	99	1068918	236419	1
A_HP_02	13	Pulse	99	1088918	256419	1
A_HP_02	13	Pulse	99	1108917	276418	1
A_HP_02	13	Pulse	99	1128918	296419	1
A_HP_02	14	Response	5	1148918	6185	1
A_HP_02	14	Pulse	99	1148918	6185	1
A_HP_02	15	Picture	response143	1149532	233	1	20231	1	0	20000	hit	72
A_HP_02	15	Response	3	1163547	14248	1
A_HP_02	15	Pulse	99	1168918	19619	1
A_HP_02	16	Picture	response144	1179993	294	1	20231	1	0	20000	incorrect	76
A_HP_02	16	Pulse	99	1188918	9219	1
A_HP_02	16	Response	1	1193166	13467	1
A_HP_02	16	Pulse	99	1208918	29219	1
A_HP_02	17	Picture	response140	1210287	188	1	20231	1	0	20000	hit	79
A_HP_02	17	Response	1	1223548	13449	1
A_HP_02	17	Pulse	99	1228918	18819	1
A_HP_02	18	Picture	response142	1240749	249	1	20231	1	0	20000	hit	82
A_HP_02	18	Response	3	1248417	7917	1
A_HP_02	18	Pulse	99	1248918	8418	1
A_HP_02	18	Pulse	99	1268918	28418	1
A_HP_02	19	Picture	response139	1271044	144	1	20230	1	0	20000	hit	86
A_HP_02	19	Response	2	1280147	9247	1
A_HP_02	19	Pulse	99	1288918	18018	1
A_HP_02	20	Picture	response141	1301505	206	1	20230	1	0	20000	hit	90
A_HP_02	20	Pulse	99	1308918	7618	1
A_HP_02	20	Response	1	1310246	8947	1
A_HP_02	20	Pulse	99	1328918	27618	1
A_HP_02	21	Picture	response137	1331966	267	1	20231	1	0	20000	hit	93
A_HP_02	21	Response	4	1344277	12578	1
A_HP_02	21	Pulse	99	1348918	17219	1
A_HP_02	22	Picture	response138	1362260	160	1	20231	1	0	20000	hit	97
A_HP_02	22	Pulse	99	1368918	6818	1
A_HP_02	22	Response	3	1369316	7217	1
A_HP_02	22	Pulse	99	1388918	26818	1
A_HP_02	23	Picture	ins8	1392720	221	1	30230	1	0	30000	other	0
A_HP_02	23	Pulse	99	1408918	16419	1
A_HP_02	23	Pulse	99	1428918	36418	1
A_HP_02	23	Pulse	99	1448918	56419	1
A_HP_02	23	Pulse	99	1468918	76419	1
A_HP_02	23	Pulse	99	1488918	96419	1
A_HP_02	23	Pulse	99	1508918	116419	1
A_HP_02	23	Pulse	99	1528918	136419	1
A_HP_02	23	Pulse	99	1548918	156419	1
A_HP_02	23	Pulse	99	1568918	176419	1
A_HP_02	23	Pulse	99	1588918	196419	1
A_HP_02	23	Pulse	99	1608918	216419	1
A_HP_02	23	Pulse	99	1628918	236419	1
A_HP_02	23	Pulse	99	1648918	256419	1
A_HP_02	23	Pulse	99	1668918	276419	1
A_HP_02	23	Pulse	99	1688918	296419	1
A_HP_02	24	Response	5	1708918	6186	1
A_HP_02	24	Pulse	99	1708918	6186	1
A_HP_02	25	Picture	response64	1709532	232	1	20231	1	0	20000	hit	118
A_HP_02	25	Response	4	1718087	8788	1
A_HP_02	25	Pulse	99	1728918	19619	1
A_HP_02	26	Picture	response59	1739994	294	1	20231	1	0	20000	hit	122
A_HP_02	26	Pulse	99	1748918	9219	1
A_HP_02	26	Response	4	1753917	14218	1
A_HP_02	26	Pulse	99	1768918	29219	1
A_HP_02	27	Picture	response57	1770288	189	1	20231	1	0	20000	hit	125
A_HP_02	27	Response	4	1776267	6168	1
A_HP_02	27	Pulse	99	1788918	18819	1
A_HP_02	28	Picture	response63	1800749	249	1	20231	1	0	20000	hit	128
A_HP_02	28	Response	4	1806447	5947	1
A_HP_02	28	Pulse	99	1808918	8418	1
A_HP_02	28	Pulse	99	1828918	28419	1
A_HP_02	29	Picture	response62	1831043	143	1	20231	1	0	20000	hit	132
A_HP_02	29	Response	4	1836887	5987	1
A_HP_02	29	Pulse	99	1848919	18019	1
A_HP_02	30	Picture	response60	1861505	205	1	20232	1	0	20000	hit	135
A_HP_02	30	Response	4	1866307	5007	1
A_HP_02	30	Pulse	99	1868918	7618	1
A_HP_02	30	Pulse	99	1888918	27619	1
A_HP_02	31	Picture	response61	1891967	267	1	20231	1	0	20000	hit	139
A_HP_02	31	Response	4	1894437	2738	1
A_HP_02	31	Pulse	99	1908918	17219	1
A_HP_02	32	Picture	response58	1922261	161	1	20230	1	0	20000	hit	143
A_HP_02	32	Pulse	99	1928918	6818	1
A_HP_02	32	Response	4	1930886	8787	1
A_HP_02	32	Pulse	99	1948918	26818	1
A_HP_02	33	Picture	ins24	1952721	221	1	30230	1	0	30000	other	0
A_HP_02	33	Pulse	99	1968919	16419	1
A_HP_02	33	Pulse	99	1988918	36418	1
A_HP_02	33	Pulse	99	2008918	56418	1
A_HP_02	33	Pulse	99	2028921	76421	1
A_HP_02	33	Pulse	99	2048918	96418	1
A_HP_02	33	Pulse	99	2068918	116418	1
A_HP_02	33	Pulse	99	2088918	136418	1
A_HP_02	33	Pulse	99	2108919	156419	1
A_HP_02	33	Pulse	99	2128919	176419	1
A_HP_02	33	Pulse	99	2148918	196418	1
A_HP_02	33	Pulse	99	2168918	216418	1
A_HP_02	33	Pulse	99	2188918	236418	1
A_HP_02	33	Pulse	99	2208918	256418	1
A_HP_02	33	Pulse	99	2228918	276418	1
A_HP_02	33	Pulse	99	2248918	296419	1
A_HP_02	34	Response	5	2268919	6186	1
A_HP_02	34	Pulse	99	2268919	6186	1
A_HP_02	35	Picture	response188	2269532	232	1	20230	1	0	20000	hit	164
A_HP_02	35	Response	4	2278427	9127	1
A_HP_02	35	Pulse	99	2288918	19619	1
A_HP_02	36	Picture	response192	2299992	292	1	20230	1	0	20000	hit	168
A_HP_02	36	Pulse	99	2308918	9218	1
A_HP_02	36	Response	3	2309177	9477	1
A_HP_02	36	Pulse	99	2328919	29219	1
A_HP_02	37	Picture	response185	2330286	186	1	20230	1	0	20000	hit	171
A_HP_02	37	Response	3	2337437	7337	1
A_HP_02	37	Pulse	99	2348918	18819	1
A_HP_02	38	Picture	response187	2360747	247	1	20231	1	0	20000	hit	174
A_HP_02	38	Response	3	2368277	7777	1
A_HP_02	38	Pulse	99	2368918	8418	1
A_HP_02	38	Pulse	99	2388919	28419	1
A_HP_02	39	Picture	response189	2391041	141	1	20231	1	0	20000	hit	178
A_HP_02	39	Response	1	2401877	10977	1
A_HP_02	39	Pulse	99	2408918	18018	1
A_HP_02	40	Picture	response186	2421503	203	1	20231	1	0	20000	hit	182
A_HP_02	40	Pulse	99	2428918	7618	1
A_HP_02	40	Response	2	2441197	19897	1
A_HP_02	40	Pulse	99	2448918	27618	1
A_HP_02	41	Picture	response190	2451964	264	1	20231	1	0	20000	hit	186
A_HP_02	41	Pulse	99	2468918	17219	1
A_HP_02	41	Response	3	2469247	17547	1
A_HP_02	42	Picture	response191	2482259	159	1	20231	1	0	20000	hit	189
A_HP_02	42	Pulse	99	2488918	6819	1
A_HP_02	42	Response	2	2495407	13307	1
A_HP_02	42	Pulse	99	2508918	26818	1
A_HP_02	43	Picture	ins10	2512719	220	1	30231	1	0	30000	other	0
A_HP_02	43	Pulse	99	2528918	16419	1
A_HP_02	43	Pulse	99	2548918	36418	1
A_HP_02	43	Pulse	99	2568918	56419	1
A_HP_02	43	Pulse	99	2588918	76419	1
A_HP_02	43	Pulse	99	2608919	96419	1
A_HP_02	43	Pulse	99	2628919	116419	1
A_HP_02	43	Pulse	99	2648918	136419	1
A_HP_02	43	Pulse	99	2668919	156419	1
A_HP_02	43	Pulse	99	2688918	176419	1
A_HP_02	43	Pulse	99	2708918	196419	1
A_HP_02	43	Pulse	99	2728918	216419	1
A_HP_02	43	Pulse	99	2748918	236419	1
A_HP_02	43	Pulse	99	2768919	256419	1
A_HP_02	43	Pulse	99	2788919	276419	1
A_HP_02	43	Pulse	99	2808919	296419	1
A_HP_02	44	Response	5	2828919	6184	1
A_HP_02	44	Pulse	99	2828919	6184	1
A_HP_02	45	Picture	response79	2829534	234	1	20231	1	0	20000	hit	210
A_HP_02	45	Response	1	2847118	17817	1
A_HP_02	45	Pulse	99	2848919	19619	1
A_HP_02	46	Picture	response77	2859994	294	1	20231	1	0	20000	hit	213
A_HP_02	46	Response	1	2866848	7147	1
A_HP_02	46	Pulse	99	2868918	9218	1
A_HP_02	46	Pulse	99	2888919	29218	1
A_HP_02	47	Picture	response73	2890289	189	1	20231	1	0	20000	hit	217
A_HP_02	47	Response	3	2896527	6427	1
A_HP_02	47	Pulse	99	2908919	18819	1
A_HP_02	48	Picture	response76	2920749	249	1	20231	1	0	20000	hit	220
A_HP_02	48	Response	3	2927807	7307	1
A_HP_02	48	Pulse	99	2928918	8418	1
A_HP_02	48	Pulse	99	2948919	28419	1
A_HP_02	49	Picture	response74	2951044	143	1	20231	1	0	20000	hit	224
A_HP_02	49	Response	3	2957777	6877	1
A_HP_02	49	Pulse	99	2968919	18018	1
A_HP_02	50	Picture	response75	2981504	204	1	20231	1	0	20000	hit	228
A_HP_02	50	Pulse	99	2988919	7619	1
A_HP_02	50	Response	3	2990897	9597	1
A_HP_02	50	Pulse	99	3008919	27619	1
A_HP_02	51	Picture	response80	3011965	266	1	20231	1	0	20000	hit	231
A_HP_02	51	Response	1	3016288	4588	1
A_HP_02	51	Pulse	99	3028919	17219	1
A_HP_02	52	Picture	response78	3042261	161	1	20230	1	0	20000	hit	235
A_HP_02	52	Pulse	99	3048919	6819	1
A_HP_02	52	Response	3	3049007	6907	1
A_HP_02	52	Pulse	99	3068918	26818	1
A_HP_02	53	Picture	ins16	3072722	222	1	30230	1	0	30000	other	0
A_HP_02	53	Pulse	99	3088919	16419	1
A_HP_02	53	Pulse	99	3108919	36419	1
A_HP_02	53	Pulse	99	3128919	56419	1
A_HP_02	53	Pulse	99	3148919	76419	1
A_HP_02	53	Pulse	99	3168918	96418	1
A_HP_02	53	Pulse	99	3188918	116419	1
A_HP_02	53	Pulse	99	3208919	136419	1
A_HP_02	53	Pulse	99	3228919	156419	1
A_HP_02	53	Pulse	99	3248919	176419	1
A_HP_02	53	Pulse	99	3268919	196419	1
A_HP_02	53	Pulse	99	3288919	216419	1
A_HP_02	53	Pulse	99	3308919	236419	1
A_HP_02	53	Pulse	99	3328918	256418	1
A_HP_02	53	Pulse	99	3348919	276419	1
A_HP_02	53	Pulse	99	3368919	296419	1
A_HP_02	54	Response	5	3388919	6184	1
A_HP_02	54	Pulse	99	3388919	6184	1
A_HP_02	55	Picture	response125	3389533	232	1	20231	1	0	20000	hit	256
A_HP_02	55	Response	4	3396138	6838	1
A_HP_02	55	Pulse	99	3408919	19618	1
A_HP_02	56	Picture	response124	3419995	294	1	20231	1	0	20000	hit	259
A_HP_02	56	Response	4	3427378	7678	1
A_HP_02	56	Pulse	99	3428919	9218	1
A_HP_02	56	Pulse	99	3448920	29219	1
A_HP_02	57	Picture	response126	3450290	189	1	20231	1	0	20000	hit	263
A_HP_02	57	Response	3	3456698	6598	1
A_HP_02	57	Pulse	99	3468919	18819	1
A_HP_02	58	Picture	response127	3480752	252	1	20231	1	0	20000	hit	266
A_HP_02	58	Response	3	3487468	6968	1
A_HP_02	58	Pulse	99	3488919	8419	1
A_HP_02	58	Pulse	99	3508920	28420	1
A_HP_02	59	Picture	response123	3511048	147	1	20232	1	0	20000	hit	270
A_HP_02	59	Response	4	3518378	7478	1
A_HP_02	59	Pulse	99	3528919	18018	1
A_HP_02	60	Picture	response121	3541511	211	1	20232	1	0	20000	hit	274
A_HP_02	60	Pulse	99	3548920	7619	1
A_HP_02	60	Response	4	3550097	8797	1
A_HP_02	60	Pulse	99	3568920	27619	1
A_HP_02	61	Picture	response122	3571974	274	1	20231	1	0	20000	hit	277
A_HP_02	61	Response	3	3580228	8528	1
A_HP_02	61	Pulse	99	3588919	17219	1
A_HP_02	62	Picture	response128	3602270	169	1	20231	1	0	20000	hit	281
A_HP_02	62	Pulse	99	3608919	6819	1
A_HP_02	62	Response	4	3609947	7846	1
A_HP_02	62	Pulse	99	3628920	26819	1
A_HP_02	63	Picture	ins20	3632732	232	1	30231	1	0	30000	other	0
A_HP_02	63	Pulse	99	3648920	16419	1
A_HP_02	63	Pulse	99	3668919	36418	1
A_HP_02	63	Pulse	99	3688919	56418	1
A_HP_02	63	Pulse	99	3708919	76418	1
A_HP_02	63	Pulse	99	3728919	96419	1
A_HP_02	63	Pulse	99	3748919	116418	1
A_HP_02	63	Pulse	99	3768919	136418	1
A_HP_02	63	Pulse	99	3788919	156418	1
A_HP_02	63	Pulse	99	3808919	176418	1
A_HP_02	63	Pulse	99	3828919	196418	1
A_HP_02	63	Pulse	99	3848919	216419	1
A_HP_02	63	Pulse	99	3868919	236418	1
A_HP_02	63	Pulse	99	3888919	256419	1
A_HP_02	63	Pulse	99	3908919	276419	1
A_HP_02	63	Pulse	99	3928919	296418	1
A_HP_02	64	Response	5	3948919	6186	1
A_HP_02	64	Pulse	99	3948919	6186	1
A_HP_02	65	Picture	response156	3949532	232	1	20230	1	0	20000	hit	302
A_HP_02	65	Response	1	3965448	16147	1
A_HP_02	65	Pulse	99	3968919	19618	1
A_HP_02	66	Picture	response153	3979993	292	1	20230	1	0	20000	hit	305
A_HP_02	66	Response	2	3988168	8467	1
A_HP_02	66	Pulse	99	3988919	9218	1
A_HP_02	66	Pulse	99	4008919	29219	1
A_HP_02	67	Picture	response160	4010287	186	1	20230	1	0	20000	hit	309
A_HP_02	67	Response	1	4025148	15047	1
A_HP_02	67	Pulse	99	4028919	18818	1
A_HP_02	68	Picture	response159	4040747	246	1	20230	1	0	20000	hit	313
A_HP_02	68	Pulse	99	4048919	8418	1
A_HP_02	68	Response	4	4054168	13667	1
A_HP_02	68	Pulse	99	4068919	28419	1
A_HP_02	69	Picture	response155	4071042	141	1	20230	1	0	20000	hit	316
A_HP_02	69	Response	4	4080278	9377	1
A_HP_02	69	Pulse	99	4088919	18018	1
A_HP_02	70	Picture	response158	4101502	201	1	20230	1	0	20000	hit	320
A_HP_02	70	Pulse	99	4108919	7619	1
A_HP_02	70	Response	3	4114618	13317	1
A_HP_02	70	Pulse	99	4128919	27619	1
A_HP_02	71	Picture	response154	4131963	261	1	20230	1	0	20000	hit	323
A_HP_02	71	Response	3	4143108	11407	1
A_HP_02	71	Pulse	99	4148919	17217	1
A_HP_02	72	Picture	response157	4162257	156	1	20231	1	0	20000	hit	327
A_HP_02	72	Pulse	99	4168919	6819	1
A_HP_02	72	Response	4	4177948	15847	1
A_HP_02	72	Pulse	99	4188919	26819	1
A_HP_02	73	Picture	ins4	4192718	216	1	30231	1	0	30000	other	0
A_HP_02	73	Pulse	99	4208920	16419	1
A_HP_02	73	Pulse	99	4228919	36418	1
A_HP_02	73	Pulse	99	4248920	56418	1
A_HP_02	73	Pulse	99	4268919	76418	1
A_HP_02	73	Pulse	99	4288919	96418	1
A_HP_02	73	Pulse	99	4308919	116418	1
A_HP_02	73	Pulse	99	4328920	136418	1
A_HP_02	73	Pulse	99	4348919	156418	1
A_HP_02	73	Pulse	99	4368919	176418	1
A_HP_02	73	Pulse	99	4388919	196418	1
A_HP_02	73	Pulse	99	4408919	216418	1
A_HP_02	73	Pulse	99	4428919	236418	1
A_HP_02	73	Pulse	99	4448919	256418	1
A_HP_02	73	Pulse	99	4468920	276418	1
A_HP_02	73	Pulse	99	4488920	296418	1
A_HP_02	74	Response	5	4508919	6185	1
A_HP_02	74	Pulse	99	4508919	6185	1
A_HP_02	75	Picture	response31	4509533	232	1	20230	1	0	20000	hit	348
A_HP_02	75	Response	2	4513538	4237	1
A_HP_02	75	Pulse	99	4528920	19619	1
A_HP_02	76	Picture	response25	4539993	292	1	20230	1	0	20000	hit	351
A_HP_02	76	Response	2	4544878	5177	1
A_HP_02	76	Pulse	99	4548919	9218	1
A_HP_02	76	Pulse	99	4568919	29218	1
A_HP_02	77	Picture	response30	4570287	185	1	20230	1	0	20000	hit	355
A_HP_02	77	Response	2	4576778	6677	1
A_HP_02	77	Pulse	99	4588920	18818	1
A_HP_02	78	Picture	response27	4600747	246	1	20231	1	0	20000	hit	359
A_HP_02	78	Pulse	99	4608920	8419	1
A_HP_02	78	Response	2	4611438	10937	1
A_HP_02	78	Pulse	99	4628920	28419	1
A_HP_02	79	Picture	response29	4631041	140	1	20230	1	0	20000	hit	362
A_HP_02	79	Response	2	4638938	8037	1
A_HP_02	79	Pulse	99	4648919	18018	1
A_HP_02	80	Picture	response32	4661502	201	1	20231	1	0	20000	hit	365
A_HP_02	80	Response	2	4667878	6577	1
A_HP_02	80	Pulse	99	4668919	7618	1
A_HP_02	80	Pulse	99	4688920	27618	1
A_HP_02	81	Picture	response26	4691962	261	1	20231	1	0	20000	hit	369
A_HP_02	81	Response	2	4700218	8517	1
A_HP_02	81	Pulse	99	4708920	17219	1
A_HP_02	82	Picture	response28	4722256	155	1	20231	1	0	20000	hit	372
A_HP_02	82	Response	2	4728168	6067	1
A_HP_02	82	Pulse	99	4728919	6818	1
A_HP_02	82	Pulse	99	4748920	26818	1
A_HP_02	83	Picture	ins22	4752716	215	1	30230	1	0	30000	other	0
A_HP_02	83	Pulse	99	4768923	16422	1
A_HP_02	83	Pulse	99	4788920	36418	1
A_HP_02	83	Pulse	99	4808919	56418	1
A_HP_02	83	Pulse	99	4828920	76419	1
A_HP_02	83	Pulse	99	4848920	96419	1
A_HP_02	83	Pulse	99	4868920	116419	1
A_HP_02	83	Pulse	99	4888919	136418	1
A_HP_02	83	Pulse	99	4908919	156418	1
A_HP_02	83	Pulse	99	4928919	176418	1
A_HP_02	83	Pulse	99	4948919	196418	1
A_HP_02	83	Pulse	99	4968919	216418	1
A_HP_02	83	Pulse	99	4988919	236418	1
A_HP_02	83	Pulse	99	5008919	256418	1
A_HP_02	83	Pulse	99	5028919	276418	1
A_HP_02	83	Pulse	99	5048920	296419	1
A_HP_02	84	Response	5	5068920	6186	1
A_HP_02	84	Pulse	99	5068920	6186	1
A_HP_02	85	Picture	response173	5069533	232	1	20230	1	0	20000	hit	394
A_HP_02	85	Response	1	5082988	13687	1
A_HP_02	85	Pulse	99	5088919	19618	1
A_HP_02	86	Picture	response174	5099994	292	1	20230	1	0	20000	hit	398
A_HP_02	86	Pulse	99	5108919	9218	1
A_HP_02	86	Response	1	5112298	12597	1
A_HP_02	86	Pulse	99	5128920	29219	1
A_HP_02	87	Picture	response175	5130287	186	1	20231	1	0	20000	hit	401
A_HP_02	87	Response	3	5138999	8898	1
A_HP_02	87	Pulse	99	5148920	18819	1
A_HP_02	88	Picture	response170	5160748	247	1	20231	1	0	20000	hit	405
A_HP_02	88	Pulse	99	5168920	8419	1
A_HP_02	88	Response	4	5172128	11627	1
A_HP_02	88	Pulse	99	5188920	28418	1
A_HP_02	89	Picture	response176	5191043	142	1	20231	1	0	20000	hit	408
A_HP_02	89	Response	4	5201278	10377	1
A_HP_02	89	Pulse	99	5208919	18018	1
A_HP_02	90	Picture	response172	5221503	202	1	20233	1	0	20000	hit	412
A_HP_02	90	Pulse	99	5228920	7619	1
A_HP_02	90	Response	4	5229998	8697	1
A_HP_02	90	Pulse	99	5248920	27618	1
A_HP_02	91	Picture	response171	5251967	266	1	20231	1	0	20000	hit	415
A_HP_02	91	Response	3	5263368	11668	1
A_HP_02	91	Pulse	99	5268920	17219	1
A_HP_02	92	Picture	response169	5282261	160	1	20231	1	0	20000	hit	419
A_HP_02	92	Pulse	99	5288920	6819	1
A_HP_02	92	Response	2	5300829	18727	1
A_HP_02	92	Pulse	99	5308919	26818	1
A_HP_02	93	Picture	ins2	5312722	221	1	30230	1	0	30000	other	0
A_HP_02	93	Pulse	99	5328920	16418	1
A_HP_02	93	Pulse	99	5348920	36418	1
A_HP_02	93	Pulse	99	5368920	56418	1
A_HP_02	93	Pulse	99	5388920	76419	1
A_HP_02	93	Pulse	99	5408920	96419	1
A_HP_02	93	Pulse	99	5428920	116419	1
A_HP_02	93	Pulse	99	5448920	136418	1
A_HP_02	93	Pulse	99	5468920	156418	1
A_HP_02	93	Pulse	99	5488920	176419	1
A_HP_02	93	Pulse	99	5508920	196419	1
A_HP_02	93	Pulse	99	5528920	216419	1
A_HP_02	93	Pulse	99	5548920	236419	1
A_HP_02	93	Pulse	99	5568920	256419	1
A_HP_02	93	Pulse	99	5588920	276419	1
A_HP_02	93	Pulse	99	5608920	296419	1
A_HP_02	94	Response	5	5628920	6186	1
A_HP_02	94	Pulse	99	5628920	6186	1
A_HP_02	95	Picture	response16	5629533	232	1	20230	1	0	20000	hit	440
A_HP_02	95	Response	1	5635668	6367	1
A_HP_02	95	Pulse	99	5648920	19618	1
A_HP_02	96	Picture	response11	5659993	292	1	20230	1	0	20000	hit	443
A_HP_02	96	Response	1	5668888	9187	1
A_HP_02	96	Pulse	99	5668920	9218	1
A_HP_02	96	Pulse	99	5688920	29219	1
A_HP_02	97	Picture	response15	5690287	186	1	20230	1	0	20000	hit	447
A_HP_02	97	Response	1	5701859	11757	1
A_HP_02	97	Pulse	99	5708920	18818	1
A_HP_02	98	Picture	response12	5720748	246	1	20230	1	0	20000	hit	450
A_HP_02	98	Response	1	5728259	7757	1
A_HP_02	98	Pulse	99	5728920	8418	1
A_HP_02	98	Pulse	99	5748920	28418	1
A_HP_02	99	Picture	response9	5751042	140	1	20230	1	0	20000	hit	454
A_HP_02	99	Response	1	5759419	8517	1
A_HP_02	99	Pulse	99	5768920	18018	1
A_HP_02	100	Picture	response10	5781502	200	1	20230	1	0	20000	hit	457
A_HP_02	100	Response	1	5788179	6877	1
A_HP_02	100	Pulse	99	5788920	7618	1
A_HP_02	100	Pulse	99	5808920	27619	1
A_HP_02	101	Picture	response14	5811962	261	1	20230	1	0	20000	hit	461
A_HP_02	101	Response	1	5818729	7027	1
A_HP_02	101	Pulse	99	5828920	17218	1
A_HP_02	102	Picture	response13	5842256	155	1	20230	1	0	20000	hit	465
A_HP_02	102	Pulse	99	5848920	6818	1
A_HP_02	102	Response	1	5849288	7187	1
A_HP_02	102	Pulse	99	5868920	26819	1
A_HP_02	103	Picture	ins6	5872716	215	1	30230	1	0	30000	other	0
A_HP_02	103	Pulse	99	5888920	16418	1
A_HP_02	103	Pulse	99	5908920	36418	1
A_HP_02	103	Pulse	99	5928920	56419	1
A_HP_02	103	Pulse	99	5948920	76419	1
A_HP_02	103	Pulse	99	5968920	96419	1
A_HP_02	103	Pulse	99	5988920	116419	1
A_HP_02	103	Pulse	99	6008920	136419	1
A_HP_02	103	Pulse	99	6028920	156418	1
A_HP_02	103	Pulse	99	6048920	176419	1
A_HP_02	103	Pulse	99	6068920	196419	1
A_HP_02	103	Pulse	99	6088920	216418	1
A_HP_02	103	Pulse	99	6108920	236419	1
A_HP_02	103	Pulse	99	6128920	256419	1
A_HP_02	103	Pulse	99	6148920	276419	1
A_HP_02	103	Pulse	99	6168921	296419	1
A_HP_02	104	Response	5	6188920	6186	1
A_HP_02	104	Pulse	99	6188920	6186	1
A_HP_02	105	Picture	response48	6189533	231	1	20230	1	0	20000	hit	486
A_HP_02	105	Response	3	6203069	13767	1
A_HP_02	105	Pulse	99	6208920	19618	1
A_HP_02	106	Picture	response45	6219993	291	1	20230	1	0	20000	hit	490
A_HP_02	106	Pulse	99	6228920	9218	1
A_HP_02	106	Response	3	6232899	13197	1
A_HP_02	106	Pulse	99	6248920	29218	1
A_HP_02	107	Picture	response42	6250287	185	1	20231	1	0	20000	hit	493
A_HP_02	107	Response	3	6256259	6157	1
A_HP_02	107	Pulse	99	6268920	18819	1
A_HP_02	108	Picture	response46	6280747	246	1	20230	1	0	20000	hit	497
A_HP_02	108	Pulse	99	6288920	8419	1
A_HP_02	108	Response	3	6290879	10377	1
A_HP_02	108	Pulse	99	6308921	28419	1
A_HP_02	109	Picture	response44	6311042	140	1	20230	1	0	20000	hit	500
A_HP_02	109	Response	3	6323489	12588	1
A_HP_02	109	Pulse	99	6328920	18018	1
A_HP_02	110	Picture	response47	6341502	200	1	20230	1	0	20000	hit	504
A_HP_02	110	Pulse	99	6348920	7618	1
A_HP_02	110	Response	3	6351578	10276	1
A_HP_02	110	Pulse	99	6368920	27618	1
A_HP_02	111	Picture	response43	6371962	260	1	20230	1	0	20000	hit	507
A_HP_02	111	Response	3	6381869	10167	1
A_HP_02	111	Pulse	99	6388920	17218	1
A_HP_02	112	Picture	response41	6402255	153	1	20230	1	0	20000	hit	511
A_HP_02	112	Pulse	99	6408920	6818	1
A_HP_02	112	Response	3	6414709	12607	1
A_HP_02	112	Pulse	99	6428920	26818	1
A_HP_02	113	Picture	ins12	6432716	214	1	30230	1	0	30000	other	0
A_HP_02	113	Pulse	99	6448920	16418	1
A_HP_02	113	Pulse	99	6468920	36418	1
A_HP_02	113	Pulse	99	6488920	56418	1
A_HP_02	113	Pulse	99	6508921	76419	1
A_HP_02	113	Pulse	99	6528920	96418	1
A_HP_02	113	Pulse	99	6548920	116418	1
A_HP_02	113	Pulse	99	6568921	136419	1
A_HP_02	113	Pulse	99	6588921	156419	1
A_HP_02	113	Pulse	99	6608920	176418	1
A_HP_02	113	Pulse	99	6628921	196419	1
A_HP_02	113	Pulse	99	6648921	216419	1
A_HP_02	113	Pulse	99	6668921	236419	1
A_HP_02	113	Pulse	99	6688920	256418	1
A_HP_02	113	Pulse	99	6708921	276419	1
A_HP_02	113	Pulse	99	6728921	296419	1
A_HP_02	114	Response	5	6748920	6186	1
A_HP_02	114	Pulse	99	6748920	6186	1
A_HP_02	115	Picture	response96	6749534	232	1	20230	1	0	20000	hit	532
A_HP_02	115	Response	1	6755139	5837	1
A_HP_02	115	Pulse	99	6768921	19618	1
A_HP_02	116	Picture	response92	6779994	292	1	20230	1	0	20000	hit	535
A_HP_02	116	Response	1	6785829	6127	1
A_HP_02	116	Pulse	99	6788920	9218	1
A_HP_02	116	Pulse	99	6808921	29218	1
A_HP_02	117	Picture	response91	6810288	186	1	20230	1	0	20000	hit	539
A_HP_02	117	Response	4	6814519	4417	1
A_HP_02	117	Pulse	99	6828920	18818	1
A_HP_02	118	Picture	response95	6840748	246	1	20230	1	0	20000	hit	542
A_HP_02	118	Response	4	6845399	4897	1
A_HP_02	118	Pulse	99	6848920	8418	1
A_HP_02	118	Pulse	99	6868921	28419	1
A_HP_02	119	Picture	response90	6871042	140	1	20231	1	0	20000	hit	546
A_HP_02	119	Response	1	6888010	17108	1
A_HP_02	119	Pulse	99	6888921	18019	1
A_HP_02	120	Picture	response94	6901502	200	1	20231	1	0	20000	hit	550
A_HP_02	120	Pulse	99	6908921	7619	1
A_HP_02	120	Response	4	6911919	10617	1
A_HP_02	120	Pulse	99	6928921	27618	1
A_HP_02	121	Picture	response93	6931963	261	1	20230	1	0	20000	hit	553
A_HP_02	121	Response	1	6941450	9747	1
A_HP_02	121	Pulse	99	6948920	17218	1
A_HP_02	122	Picture	response89	6962256	154	1	20230	1	0	20000	incorrect	556
A_HP_02	122	Response	1	6968449	6347	1
A_HP_02	122	Pulse	99	6968920	6818	1
A_HP_02	122	Pulse	99	6988921	26818	1
A_HP_02	123	Picture	thanks	6992216	0	1	10230	1	0	10000	other	0
A_HP_02	123	Pulse	99	7008921	16704	1


Event Type	Code	Type	Response	RT	RT Uncertainty	Time	Uncertainty	Duration	Uncertainty	ReqTime	ReqDur

Picture	ready	other				209157	1	10232	1	0	10000
Picture	ins14	other				269736	1	30231	1	0	30000
Picture	response106	hit	4	16476	2	589531	1	20230	1	0	20000
Picture	response108	hit	2	8085	2	619991	1	20231	1	0	20000
Picture	response107	hit	2	6352	2	650285	1	20230	1	0	20000
Picture	response110	hit	2	5101	2	680746	1	20230	1	0	20000
Picture	response111	hit	4	5247	2	711039	1	20230	1	0	20000
Picture	response112	hit	4	4747	2	741499	1	20230	1	0	20000
Picture	response105	hit	2	4689	2	771959	1	20230	1	0	20000
Picture	response109	hit	2	4803	2	802253	1	20230	1	0	20000
Picture	ins18	other				832713	1	30230	1	0	30000
Picture	response143	hit	3	14015	2	1149532	1	20231	1	0	20000
Picture	response144	incorrect	1	13173	2	1179993	1	20231	1	0	20000
Picture	response140	hit	1	13260	2	1210287	1	20231	1	0	20000
Picture	response142	hit	3	7668	2	1240749	1	20231	1	0	20000
Picture	response139	hit	2	9103	2	1271044	1	20230	1	0	20000
Picture	response141	hit	1	8741	2	1301505	1	20230	1	0	20000
Picture	response137	hit	4	12311	2	1331966	1	20231	1	0	20000
Picture	response138	hit	3	7056	2	1362260	1	20231	1	0	20000
Picture	ins8	other				1392720	1	30230	1	0	30000
Picture	response64	hit	4	8555	2	1709532	1	20231	1	0	20000
Picture	response59	hit	4	13924	2	1739994	1	20231	1	0	20000
Picture	response57	hit	4	5979	2	1770288	1	20231	1	0	20000
Picture	response63	hit	4	5698	2	1800749	1	20231	1	0	20000
Picture	response62	hit	4	5844	2	1831043	1	20231	1	0	20000
Picture	response60	hit	4	4802	2	1861505	1	20232	1	0	20000
Picture	response61	hit	4	2470	2	1891967	1	20231	1	0	20000
Picture	response58	hit	4	8626	2	1922261	1	20230	1	0	20000
Picture	ins24	other				1952721	1	30230	1	0	30000
Picture	response188	hit	4	8895	2	2269532	1	20230	1	0	20000
Picture	response192	hit	3	9184	2	2299992	1	20230	1	0	20000
Picture	response185	hit	3	7151	2	2330286	1	20230	1	0	20000
Picture	response187	hit	3	7530	2	2360747	1	20231	1	0	20000
Picture	response189	hit	1	10836	2	2391041	1	20231	1	0	20000
Picture	response186	hit	2	19694	2	2421503	1	20231	1	0	20000
Picture	response190	hit	3	17282	2	2451964	1	20231	1	0	20000
Picture	response191	hit	2	13148	2	2482259	1	20231	1	0	20000
Picture	ins10	other				2512719	1	30231	1	0	30000
Picture	response79	hit	1	17584	2	2829534	1	20231	1	0	20000
Picture	response77	hit	1	6853	2	2859994	1	20231	1	0	20000
Picture	response73	hit	3	6239	2	2890289	1	20231	1	0	20000
Picture	response76	hit	3	7058	2	2920749	1	20231	1	0	20000
Picture	response74	hit	3	6734	2	2951044	1	20231	1	0	20000
Picture	response75	hit	3	9393	2	2981504	1	20231	1	0	20000
Picture	response80	hit	1	4322	2	3011965	1	20231	1	0	20000
Picture	response78	hit	3	6745	2	3042261	1	20230	1	0	20000
Picture	ins16	other				3072722	1	30230	1	0	30000
Picture	response125	hit	4	6605	2	3389533	1	20231	1	0	20000
Picture	response124	hit	4	7384	2	3419995	1	20231	1	0	20000
Picture	response126	hit	3	6408	2	3450290	1	20231	1	0	20000
Picture	response127	hit	3	6716	2	3480752	1	20231	1	0	20000
Picture	response123	hit	4	7330	2	3511048	1	20232	1	0	20000
Picture	response121	hit	4	8586	2	3541511	1	20232	1	0	20000
Picture	response122	hit	3	8254	2	3571974	1	20231	1	0	20000
Picture	response128	hit	4	7677	2	3602270	1	20231	1	0	20000
Picture	ins20	other				3632732	1	30231	1	0	30000
Picture	response156	hit	1	15916	2	3949532	1	20230	1	0	20000
Picture	response153	hit	2	8175	2	3979993	1	20230	1	0	20000
Picture	response160	hit	1	14861	2	4010287	1	20230	1	0	20000
Picture	response159	hit	4	13421	2	4040747	1	20230	1	0	20000
Picture	response155	hit	4	9236	2	4071042	1	20230	1	0	20000
Picture	response158	hit	3	13116	2	4101502	1	20230	1	0	20000
Picture	response154	hit	3	11146	2	4131963	1	20230	1	0	20000
Picture	response157	hit	4	15691	2	4162257	1	20231	1	0	20000
Picture	ins4	other				4192718	1	30231	1	0	30000
Picture	response31	hit	2	4006	2	4509533	1	20230	1	0	20000
Picture	response25	hit	2	4885	2	4539993	1	20230	1	0	20000
Picture	response30	hit	2	6492	2	4570287	1	20230	1	0	20000
Picture	response27	hit	2	10690	2	4600747	1	20231	1	0	20000
Picture	response29	hit	2	7897	2	4631041	1	20230	1	0	20000
Picture	response32	hit	2	6377	2	4661502	1	20231	1	0	20000
Picture	response26	hit	2	8256	2	4691962	1	20231	1	0	20000
Picture	response28	hit	2	5912	2	4722256	1	20231	1	0	20000
Picture	ins22	other				4752716	1	30230	1	0	30000
Picture	response173	hit	1	13455	2	5069533	1	20230	1	0	20000
Picture	response174	hit	1	12304	2	5099994	1	20230	1	0	20000
Picture	response175	hit	3	8711	2	5130287	1	20231	1	0	20000
Picture	response170	hit	4	11379	2	5160748	1	20231	1	0	20000
Picture	response176	hit	4	10236	2	5191043	1	20231	1	0	20000
Picture	response172	hit	4	8494	2	5221503	1	20233	1	0	20000
Picture	response171	hit	3	11401	2	5251967	1	20231	1	0	20000
Picture	response169	hit	2	18567	2	5282261	1	20231	1	0	20000
Picture	ins2	other				5312722	1	30230	1	0	30000
Picture	response16	hit	1	6135	2	5629533	1	20230	1	0	20000
Picture	response11	hit	1	8895	1	5659993	1	20230	1	0	20000
Picture	response15	hit	1	11572	2	5690287	1	20230	1	0	20000
Picture	response12	hit	1	7511	2	5720748	1	20230	1	0	20000
Picture	response9	hit	1	8377	2	5751042	1	20230	1	0	20000
Picture	response10	hit	1	6677	2	5781502	1	20230	1	0	20000
Picture	response14	hit	1	6767	2	5811962	1	20230	1	0	20000
Picture	response13	hit	1	7032	2	5842256	1	20230	1	0	20000
Picture	ins6	other				5872716	1	30230	1	0	30000
Picture	response48	hit	3	13536	2	6189533	1	20230	1	0	20000
Picture	response45	hit	3	12905	2	6219993	1	20230	1	0	20000
Picture	response42	hit	3	5972	2	6250287	1	20231	1	0	20000
Picture	response46	hit	3	10131	2	6280747	1	20230	1	0	20000
Picture	response44	hit	3	12448	2	6311042	1	20230	1	0	20000
Picture	response47	hit	3	10077	2	6341502	1	20230	1	0	20000
Picture	response43	hit	3	9907	2	6371962	1	20230	1	0	20000
Picture	response41	hit	3	12453	2	6402255	1	20230	1	0	20000
Picture	ins12	other				6432716	1	30230	1	0	30000
Picture	response96	hit	1	5606	2	6749534	1	20230	1	0	20000
Picture	response92	hit	1	5835	2	6779994	1	20230	1	0	20000
Picture	response91	hit	4	4232	2	6810288	1	20230	1	0	20000
Picture	response95	hit	4	4651	2	6840748	1	20230	1	0	20000
Picture	response90	hit	1	16968	2	6871042	1	20231	1	0	20000
Picture	response94	hit	4	10417	2	6901502	1	20231	1	0	20000
Picture	response93	hit	1	9487	2	6931963	1	20230	1	0	20000
Picture	response89	incorrect	1	6193	2	6962256	1	20230	1	0	20000
Picture	thanks	other				6992216	1	10230	1	0	10000


{
   "app": "Presentation Version 21.0 Build 06.06.19",
   "device": "LENOVO 20KHCTO1WW",
   "experiment": "{C0C68DB1-10BA-42F2-8F79-3F2AFFEED4E4}",
   "os": "Windows 10 64 bit",
   "package": "",
   "parameters": {
      "configuration": "Default configuration"
   },
   "scenario": "Response experiment(2).sce",
   "subject": "A_HP_02",
   "timestamp": "2019/07/19 01:32:44 GMT"
}
