Scenario - 
Logfile written - 08/29/2019 14:16:20

Subject	Trial	Event Type	Code	Time	TTime	Uncertainty	Duration	Uncertainty	ReqTime	ReqDur	Stim Type	Pair Index

A_HP_10	1	Response	5	223790	222457	1
A_HP_10	1	Pulse	99	223790	222457	1
A_HP_10	2	Picture	ready	224022	0	1	10229	1	0	10000	other	0
A_HP_10	2	Pulse	99	243790	19768	1
A_HP_10	2	Pulse	99	263790	39768	1
A_HP_10	2	Pulse	99	283790	59768	1
A_HP_10	3	Picture	ins4	284580	232	1	30230	1	0	30000	other	0
A_HP_10	3	Pulse	99	303790	19442	1
A_HP_10	3	Pulse	99	323790	39442	1
A_HP_10	3	Pulse	99	343794	59446	1
A_HP_10	3	Pulse	99	363790	79442	1
A_HP_10	3	Pulse	99	383790	99442	1
A_HP_10	3	Pulse	99	403790	119442	1
A_HP_10	3	Pulse	99	423790	139442	1
A_HP_10	3	Pulse	99	443790	159442	1
A_HP_10	3	Pulse	99	463790	179442	1
A_HP_10	3	Pulse	99	483790	199442	1
A_HP_10	3	Pulse	99	503790	219442	1
A_HP_10	3	Pulse	99	523790	239442	1
A_HP_10	3	Pulse	99	543790	259442	1
A_HP_10	3	Pulse	99	563790	279442	1
A_HP_10	3	Pulse	99	583790	299442	1
A_HP_10	4	Response	5	603790	9211	1
A_HP_10	4	Pulse	99	603790	9211	1
A_HP_10	5	Picture	response26	604378	230	1	20229	1	0	20000	hit	26
A_HP_10	5	Response	2	608668	4520	1
A_HP_10	5	Pulse	99	623790	19642	1
A_HP_10	6	Picture	response27	634837	289	1	20229	1	0	20000	hit	29
A_HP_10	6	Response	2	639759	5211	1
A_HP_10	6	Pulse	99	643789	9242	1
A_HP_10	6	Pulse	99	663790	29242	1
A_HP_10	7	Picture	response29	665128	180	1	20229	1	0	20000	hit	33
A_HP_10	7	Response	2	670068	5121	1
A_HP_10	7	Pulse	99	683790	18842	1
A_HP_10	8	Picture	response25	695585	238	1	20229	1	0	20000	hit	36
A_HP_10	8	Response	2	701369	6021	1
A_HP_10	8	Pulse	99	703789	8441	1
A_HP_10	8	Pulse	99	723790	28442	1
A_HP_10	9	Picture	response28	725877	129	1	20229	1	0	20000	hit	40
A_HP_10	9	Response	2	734218	8471	1
A_HP_10	9	Pulse	99	743789	18042	1
A_HP_10	10	Picture	response32	756334	187	1	20229	1	0	20000	hit	43
A_HP_10	10	Response	2	761179	5031	1
A_HP_10	10	Pulse	99	763789	7642	1
A_HP_10	10	Pulse	99	783790	27642	1
A_HP_10	11	Picture	response30	786792	245	1	20229	1	0	20000	hit	47
A_HP_10	11	Response	2	791538	4991	1
A_HP_10	11	Pulse	99	803789	17242	1
A_HP_10	12	Picture	response31	817084	136	1	20230	1	0	20000	hit	50
A_HP_10	12	Response	2	821008	4061	1
A_HP_10	12	Pulse	99	823789	6841	1
A_HP_10	12	Pulse	99	843790	26842	1
A_HP_10	13	Picture	ins10	847543	195	1	30229	1	0	30000	other	0
A_HP_10	13	Pulse	99	863789	16442	1
A_HP_10	13	Pulse	99	883790	36442	1
A_HP_10	13	Pulse	99	903790	56442	1
A_HP_10	13	Pulse	99	923790	76442	1
A_HP_10	13	Pulse	99	943790	96442	1
A_HP_10	13	Pulse	99	963790	116442	1
A_HP_10	13	Pulse	99	983790	136442	1
A_HP_10	13	Pulse	99	1003790	156442	1
A_HP_10	13	Pulse	99	1023790	176442	1
A_HP_10	13	Pulse	99	1043790	196442	1
A_HP_10	13	Pulse	99	1063790	216442	1
A_HP_10	13	Pulse	99	1083790	236442	1
A_HP_10	13	Pulse	99	1103790	256442	1
A_HP_10	13	Pulse	99	1123790	276442	1
A_HP_10	13	Pulse	99	1143789	296441	1
A_HP_10	14	Response	5	1163790	6212	1
A_HP_10	14	Pulse	99	1163790	6212	1
A_HP_10	15	Picture	response74	1164378	230	1	20229	1	0	20000	hit	72
A_HP_10	15	Response	3	1169228	5080	1
A_HP_10	15	Pulse	99	1183789	19642	1
A_HP_10	16	Picture	response79	1194836	288	1	20229	1	0	20000	hit	75
A_HP_10	16	Response	1	1200658	6111	1
A_HP_10	16	Pulse	99	1203789	9241	1
A_HP_10	16	Pulse	99	1223790	29242	1
A_HP_10	17	Picture	response73	1225127	179	1	20229	1	0	20000	hit	79
A_HP_10	17	Response	3	1231608	6661	1
A_HP_10	17	Pulse	99	1243789	18842	1
A_HP_10	18	Picture	response80	1255585	237	1	20229	1	0	20000	hit	82
A_HP_10	18	Response	1	1262138	6790	1
A_HP_10	18	Pulse	99	1263789	8441	1
A_HP_10	18	Pulse	99	1283790	28442	1
A_HP_10	19	Picture	response76	1285876	129	1	20229	1	0	20000	hit	86
A_HP_10	19	Response	3	1290269	4521	1
A_HP_10	19	Pulse	99	1303790	18042	1
A_HP_10	20	Picture	response77	1316335	187	1	20229	1	0	20000	hit	89
A_HP_10	20	Response	1	1322558	6411	1
A_HP_10	20	Pulse	99	1323789	7641	1
A_HP_10	20	Pulse	99	1343790	27642	1
A_HP_10	21	Picture	response78	1346793	245	1	20229	1	0	20000	hit	93
A_HP_10	21	Response	3	1351778	5231	1
A_HP_10	21	Pulse	99	1363789	17242	1
A_HP_10	22	Picture	response75	1377084	137	1	20230	1	0	20000	hit	96
A_HP_10	22	Response	3	1383168	6221	1
A_HP_10	22	Pulse	99	1383789	6841	1
A_HP_10	22	Pulse	99	1403790	26842	1
A_HP_10	23	Picture	ins8	1407543	195	1	30229	1	0	30000	other	0
A_HP_10	23	Pulse	99	1423789	16442	1
A_HP_10	23	Pulse	99	1443790	36442	1
A_HP_10	23	Pulse	99	1463790	56442	1
A_HP_10	23	Pulse	99	1483790	76442	1
A_HP_10	23	Pulse	99	1503791	96444	1
A_HP_10	23	Pulse	99	1523790	116442	1
A_HP_10	23	Pulse	99	1543789	136442	1
A_HP_10	23	Pulse	99	1563790	156442	1
A_HP_10	23	Pulse	99	1583790	176442	1
A_HP_10	23	Pulse	99	1603789	196441	1
A_HP_10	23	Pulse	99	1623789	216442	1
A_HP_10	23	Pulse	99	1643790	236442	1
A_HP_10	23	Pulse	99	1663789	256442	1
A_HP_10	23	Pulse	99	1683790	276442	1
A_HP_10	23	Pulse	99	1703790	296442	1
A_HP_10	24	Response	5	1723789	6211	1
A_HP_10	24	Pulse	99	1723789	6211	1
A_HP_10	25	Picture	response61	1724378	230	1	20229	1	0	20000	hit	118
A_HP_10	25	Response	4	1729388	5240	1
A_HP_10	25	Pulse	99	1743789	19641	1
A_HP_10	26	Picture	response58	1754836	289	1	20229	1	0	20000	hit	121
A_HP_10	26	Response	4	1757838	3291	1
A_HP_10	26	Pulse	99	1763789	9241	1
A_HP_10	26	Pulse	99	1783789	29242	1
A_HP_10	27	Picture	response57	1785128	181	1	20230	1	0	20000	hit	125
A_HP_10	27	Response	4	1789458	4511	1
A_HP_10	27	Pulse	99	1803789	18842	1
A_HP_10	28	Picture	response59	1815587	239	1	20229	1	0	20000	hit	128
A_HP_10	28	Response	4	1819518	4171	1
A_HP_10	28	Pulse	99	1823789	8441	1
A_HP_10	28	Pulse	99	1843789	28442	1
A_HP_10	29	Picture	response63	1845879	131	1	20229	1	0	20000	hit	132
A_HP_10	29	Response	4	1849998	4251	1
A_HP_10	29	Pulse	99	1863789	18042	1
A_HP_10	30	Picture	response64	1876337	190	1	20229	1	0	20000	hit	135
A_HP_10	30	Response	4	1880618	4471	1
A_HP_10	30	Pulse	99	1883789	7641	1
A_HP_10	30	Pulse	99	1903789	27642	1
A_HP_10	31	Picture	response62	1906796	248	1	20229	1	0	20000	hit	139
A_HP_10	31	Response	4	1910848	4301	1
A_HP_10	31	Pulse	99	1923789	17242	1
A_HP_10	32	Picture	response60	1937087	140	1	20229	1	0	20000	hit	142
A_HP_10	32	Response	4	1940668	3721	1
A_HP_10	32	Pulse	99	1943789	6841	1
A_HP_10	32	Pulse	99	1963789	26842	1
A_HP_10	33	Picture	ins6	1967546	198	1	30229	1	0	30000	other	0
A_HP_10	33	Pulse	99	1983789	16442	1
A_HP_10	33	Pulse	99	2003789	36442	1
A_HP_10	33	Pulse	99	2023789	56441	1
A_HP_10	33	Pulse	99	2043789	76442	1
A_HP_10	33	Pulse	99	2063789	96442	1
A_HP_10	33	Pulse	99	2083789	116442	1
A_HP_10	33	Pulse	99	2103789	136442	1
A_HP_10	33	Pulse	99	2123789	156442	1
A_HP_10	33	Pulse	99	2143789	176442	1
A_HP_10	33	Pulse	99	2163789	196442	1
A_HP_10	33	Pulse	99	2183789	216442	1
A_HP_10	33	Pulse	99	2203789	236442	1
A_HP_10	33	Pulse	99	2223789	256442	1
A_HP_10	33	Pulse	99	2243789	276442	1
A_HP_10	33	Pulse	99	2263789	296442	1
A_HP_10	34	Response	5	2283789	6211	1
A_HP_10	34	Pulse	99	2283789	6211	1
A_HP_10	35	Picture	response46	2284377	230	1	20229	1	0	20000	hit	164
A_HP_10	35	Response	3	2288158	4010	1
A_HP_10	35	Pulse	99	2303789	19642	1
A_HP_10	36	Picture	response43	2314836	289	1	20229	1	0	20000	hit	167
A_HP_10	36	Response	3	2317921	3374	1
A_HP_10	36	Pulse	99	2323789	9242	1
A_HP_10	36	Pulse	99	2343789	29242	1
A_HP_10	37	Picture	response41	2345127	180	1	20229	1	0	20000	hit	171
A_HP_10	37	Response	3	2349268	4321	1
A_HP_10	37	Pulse	99	2363789	18842	1
A_HP_10	38	Picture	response45	2375585	238	1	20229	1	0	20000	hit	174
A_HP_10	38	Response	3	2380188	4841	1
A_HP_10	38	Pulse	99	2383789	8441	1
A_HP_10	38	Pulse	99	2403789	28442	1
A_HP_10	39	Picture	response42	2405877	130	1	20229	1	0	20000	hit	178
A_HP_10	39	Response	3	2410098	4351	1
A_HP_10	39	Pulse	99	2423789	18042	1
A_HP_10	40	Picture	response47	2436335	189	1	20229	1	0	20000	hit	181
A_HP_10	40	Response	3	2441918	5771	1
A_HP_10	40	Pulse	99	2443788	7642	1
A_HP_10	40	Pulse	99	2463789	27643	1
A_HP_10	41	Picture	response48	2466793	246	1	20229	1	0	20000	hit	185
A_HP_10	41	Response	3	2470838	4291	1
A_HP_10	41	Pulse	99	2483789	17242	1
A_HP_10	42	Picture	response44	2497085	137	1	20229	1	0	20000	hit	188
A_HP_10	42	Response	3	2501637	4690	1
A_HP_10	42	Pulse	99	2503788	6841	1
A_HP_10	42	Pulse	99	2523789	26842	1
A_HP_10	43	Picture	ins14	2527542	195	1	30229	1	0	30000	other	0
A_HP_10	43	Pulse	99	2543789	16442	1
A_HP_10	43	Pulse	99	2563789	36442	1
A_HP_10	43	Pulse	99	2583789	56441	1
A_HP_10	43	Pulse	99	2603789	76441	1
A_HP_10	43	Pulse	99	2623789	96441	1
A_HP_10	43	Pulse	99	2643789	116441	1
A_HP_10	43	Pulse	99	2663788	136441	1
A_HP_10	43	Pulse	99	2683789	156441	1
A_HP_10	43	Pulse	99	2703710	176363	1
A_HP_10	43	Pulse	99	2723789	196441	1
A_HP_10	43	Pulse	99	2743788	216441	1
A_HP_10	43	Pulse	99	2763789	236441	1
A_HP_10	43	Pulse	99	2783789	256441	1
A_HP_10	43	Pulse	99	2803789	276441	1
A_HP_10	43	Pulse	99	2823788	296441	1
A_HP_10	44	Response	5	2843789	6211	1
A_HP_10	44	Pulse	99	2843789	6211	1
A_HP_10	45	Picture	response106	2844376	229	1	20229	1	0	20000	hit	210
A_HP_10	45	Response	4	2849058	4911	1
A_HP_10	45	Pulse	99	2863789	19642	1
A_HP_10	46	Picture	response108	2874833	287	1	20229	1	0	20000	hit	214
A_HP_10	46	Pulse	99	2883788	9242	1
A_HP_10	46	Response	2	2885526	10980	1
A_HP_10	46	Pulse	99	2903789	29242	1
A_HP_10	47	Picture	response111	2905125	179	1	20229	1	0	20000	hit	217
A_HP_10	47	Response	4	2911247	6301	1
A_HP_10	47	Pulse	99	2923788	18842	1
A_HP_10	48	Picture	response107	2935584	237	1	20229	1	0	20000	hit	220
A_HP_10	48	Response	2	2941147	5801	1
A_HP_10	48	Pulse	99	2943788	8442	1
A_HP_10	48	Pulse	99	2963708	28362	1
A_HP_10	49	Picture	response110	2965875	129	1	20229	1	0	20000	hit	224
A_HP_10	49	Response	2	2972977	7231	1
A_HP_10	49	Pulse	99	2983788	18042	1
A_HP_10	50	Picture	response109	2996333	188	1	20229	1	0	20000	hit	228
A_HP_10	50	Pulse	99	3003788	7643	1
A_HP_10	50	Response	2	3004927	8781	1
A_HP_10	50	Pulse	99	3023708	27563	1
A_HP_10	51	Picture	response105	3026791	245	1	20229	1	0	20000	hit	231
A_HP_10	51	Response	2	3032857	6311	1
A_HP_10	51	Pulse	99	3043788	17242	1
A_HP_10	52	Picture	response112	3057083	137	1	20229	1	0	20000	hit	235
A_HP_10	52	Pulse	99	3063789	6843	1
A_HP_10	52	Response	4	3070017	13071	1
A_HP_10	52	Pulse	99	3083709	26763	1
A_HP_10	53	Picture	ins22	3087541	195	1	30229	1	0	30000	other	0
A_HP_10	53	Pulse	99	3103789	16442	1
A_HP_10	53	Pulse	99	3123789	36442	1
A_HP_10	53	Pulse	99	3143789	56442	1
A_HP_10	53	Pulse	99	3163789	76442	1
A_HP_10	53	Pulse	99	3183789	96442	1
A_HP_10	53	Pulse	99	3203789	116442	1
A_HP_10	53	Pulse	99	3223789	136442	1
A_HP_10	53	Pulse	99	3243789	156442	1
A_HP_10	53	Pulse	99	3263789	176442	1
A_HP_10	53	Pulse	99	3283709	196362	1
A_HP_10	53	Pulse	99	3303789	216442	1
A_HP_10	53	Pulse	99	3323789	236442	1
A_HP_10	53	Pulse	99	3343709	256362	1
A_HP_10	53	Pulse	99	3363789	276442	1
A_HP_10	53	Pulse	99	3383788	296442	1
A_HP_10	54	Response	5	3403709	6131	1
A_HP_10	54	Pulse	99	3403709	6131	1
A_HP_10	55	Picture	response174	3404276	230	1	20229	1	0	20000	hit	256
A_HP_10	55	Response	1	3418547	14500	1
A_HP_10	55	Pulse	99	3423788	19741	1
A_HP_10	56	Picture	response169	3434568	122	1	20229	1	0	20000	hit	259
A_HP_10	56	Response	2	3442507	8061	1
A_HP_10	56	Pulse	99	3443788	9342	1
A_HP_10	56	Pulse	99	3463788	29342	1
A_HP_10	57	Picture	response172	3465192	347	1	20229	1	0	20000	hit	263
A_HP_10	57	Response	4	3473577	8732	1
A_HP_10	57	Pulse	99	3483788	18943	1
A_HP_10	58	Picture	response170	3495484	238	1	20229	1	0	20000	hit	266
A_HP_10	58	Response	4	3500587	5341	1
A_HP_10	58	Pulse	99	3503787	8542	1
A_HP_10	58	Pulse	99	3523788	28542	1
A_HP_10	59	Picture	response176	3525775	129	1	20229	1	0	20000	hit	270
A_HP_10	59	Response	4	3530547	4901	1
A_HP_10	59	Pulse	99	3543788	18142	1
A_HP_10	60	Picture	response175	3556234	187	1	20229	1	0	20000	hit	273
A_HP_10	60	Response	3	3561387	5341	1
A_HP_10	60	Pulse	99	3563787	7741	1
A_HP_10	60	Pulse	99	3583788	27742	1
A_HP_10	61	Picture	response173	3586692	246	1	20229	1	0	20000	hit	277
A_HP_10	61	Response	1	3593757	7311	1
A_HP_10	61	Pulse	99	3603708	17262	1
A_HP_10	62	Picture	response171	3617150	304	1	20230	1	0	20000	hit	281
A_HP_10	62	Pulse	99	3623789	6942	1
A_HP_10	62	Response	3	3625987	9140	1
A_HP_10	62	Pulse	99	3643788	26942	1
A_HP_10	63	Picture	ins24	3647442	196	1	30229	1	0	30000	other	0
A_HP_10	63	Pulse	99	3663708	16462	1
A_HP_10	63	Pulse	99	3683788	36543	1
A_HP_10	63	Pulse	99	3703788	56542	1
A_HP_10	63	Pulse	99	3723708	76463	1
A_HP_10	63	Pulse	99	3743788	96543	1
A_HP_10	63	Pulse	99	3763788	116543	1
A_HP_10	63	Pulse	99	3783708	136463	1
A_HP_10	63	Pulse	99	3803788	156542	1
A_HP_10	63	Pulse	99	3823788	176542	1
A_HP_10	63	Pulse	99	3843788	196543	1
A_HP_10	63	Pulse	99	3863788	216543	1
A_HP_10	63	Pulse	99	3883788	236543	1
A_HP_10	63	Pulse	99	3903788	256543	1
A_HP_10	63	Pulse	99	3923708	276463	1
A_HP_10	63	Pulse	99	3943788	296543	1
A_HP_10	64	Response	5	3963788	6312	1
A_HP_10	64	Pulse	99	3963788	6312	1
A_HP_10	65	Picture	response188	3964376	230	1	20229	1	0	20000	hit	302
A_HP_10	65	Response	4	3970717	6570	1
A_HP_10	65	Pulse	99	3983709	19562	1
A_HP_10	66	Picture	response191	3994834	288	1	20229	1	0	20000	hit	305
A_HP_10	66	Response	2	4003227	8681	1
A_HP_10	66	Pulse	99	4003788	9241	1
A_HP_10	66	Pulse	99	4023788	29242	1
A_HP_10	67	Picture	response187	4025126	179	1	20229	1	0	20000	hit	309
A_HP_10	67	Response	3	4032457	7511	1
A_HP_10	67	Pulse	99	4043708	18762	1
A_HP_10	68	Picture	response192	4055584	237	1	20229	1	0	20000	hit	312
A_HP_10	68	Response	3	4058827	3481	1
A_HP_10	68	Pulse	99	4063788	8441	1
A_HP_10	68	Pulse	99	4083788	28442	1
A_HP_10	69	Picture	response185	4085876	129	1	20229	1	0	20000	hit	316
A_HP_10	69	Response	3	4090127	4381	1
A_HP_10	69	Pulse	99	4103708	17962	1
A_HP_10	70	Picture	response189	4116334	188	1	20229	1	0	20000	hit	320
A_HP_10	70	Pulse	99	4123788	7642	1
A_HP_10	70	Response	1	4124076	7930	1
A_HP_10	70	Pulse	99	4143788	27642	1
A_HP_10	71	Picture	response190	4146792	246	1	20229	1	0	20000	hit	323
A_HP_10	71	Response	3	4154167	7620	1
A_HP_10	71	Pulse	99	4163708	17162	1
A_HP_10	72	Picture	response186	4177084	137	1	20229	1	0	20000	hit	327
A_HP_10	72	Pulse	99	4183708	6762	1
A_HP_10	72	Response	2	4193317	16370	1
A_HP_10	72	Pulse	99	4203788	26842	1
A_HP_10	73	Picture	ins12	4207542	196	1	30229	1	0	30000	other	0
A_HP_10	73	Pulse	99	4223788	16442	1
A_HP_10	73	Pulse	99	4243708	36362	1
A_HP_10	73	Pulse	99	4263788	56442	1
A_HP_10	73	Pulse	99	4283788	76442	1
A_HP_10	73	Pulse	99	4303708	96362	1
A_HP_10	73	Pulse	99	4323788	116442	1
A_HP_10	73	Pulse	99	4343788	136442	1
A_HP_10	73	Pulse	99	4363708	156362	1
A_HP_10	73	Pulse	99	4383788	176442	1
A_HP_10	73	Pulse	99	4403788	196442	1
A_HP_10	73	Pulse	99	4423708	216362	1
A_HP_10	73	Pulse	99	4443788	236442	1
A_HP_10	73	Pulse	99	4463788	256442	1
A_HP_10	73	Pulse	99	4483708	276362	1
A_HP_10	73	Pulse	99	4503708	296362	1
A_HP_10	74	Response	5	4523788	6211	1
A_HP_10	74	Pulse	99	4523788	6211	1
A_HP_10	75	Picture	response94	4524377	231	1	20229	1	0	20000	hit	348
A_HP_10	75	Response	4	4528716	4570	1
A_HP_10	75	Pulse	99	4543708	19562	1
A_HP_10	76	Picture	response96	4554835	289	1	20229	1	0	20000	hit	351
A_HP_10	76	Response	1	4559977	5431	1
A_HP_10	76	Pulse	99	4563707	9161	1
A_HP_10	76	Pulse	99	4583788	29242	1
A_HP_10	77	Picture	response95	4585127	181	1	20229	1	0	20000	hit	355
A_HP_10	77	Response	4	4592727	7780	1
A_HP_10	77	Pulse	99	4603788	18842	1
A_HP_10	78	Picture	response91	4615585	239	1	20229	1	0	20000	hit	358
A_HP_10	78	Response	4	4619147	3801	1
A_HP_10	78	Pulse	99	4623707	8361	1
A_HP_10	78	Pulse	99	4643788	28442	1
A_HP_10	79	Picture	response93	4645876	130	1	20229	1	0	20000	hit	362
A_HP_10	79	Response	1	4652437	6691	1
A_HP_10	79	Pulse	99	4663791	18045	1
A_HP_10	80	Picture	response89	4676334	189	1	20229	1	0	20000	incorrect	365
A_HP_10	80	Response	1	4681427	5281	1
A_HP_10	80	Pulse	99	4683707	7562	1
A_HP_10	80	Pulse	99	4703788	27642	1
A_HP_10	81	Picture	response92	4706792	246	1	20229	1	0	20000	hit	369
A_HP_10	81	Response	1	4717697	11151	1
A_HP_10	81	Pulse	99	4723788	17242	1
A_HP_10	82	Picture	response90	4737083	138	1	20229	1	0	20000	hit	372
A_HP_10	82	Response	1	4743427	6481	1
A_HP_10	82	Pulse	99	4743708	6762	1
A_HP_10	82	Pulse	99	4763788	26842	1
A_HP_10	83	Picture	ins18	4767542	196	1	30230	1	0	30000	other	0
A_HP_10	83	Pulse	99	4783788	16442	1
A_HP_10	83	Pulse	99	4803708	36362	1
A_HP_10	83	Pulse	99	4823708	56361	1
A_HP_10	83	Pulse	99	4843788	76442	1
A_HP_10	83	Pulse	99	4863708	96361	1
A_HP_10	83	Pulse	99	4883708	116362	1
A_HP_10	83	Pulse	99	4903787	136441	1
A_HP_10	83	Pulse	99	4923708	156362	1
A_HP_10	83	Pulse	99	4943707	176361	1
A_HP_10	83	Pulse	99	4963788	196442	1
A_HP_10	83	Pulse	99	4983787	216441	1
A_HP_10	83	Pulse	99	5003707	236361	1
A_HP_10	83	Pulse	99	5023787	256441	1
A_HP_10	83	Pulse	99	5043787	276441	1
A_HP_10	83	Pulse	99	5063707	296361	1
A_HP_10	84	Response	5	5083707	6131	1
A_HP_10	84	Pulse	99	5083707	6131	1
A_HP_10	85	Picture	response142	5084275	230	1	20229	1	0	20000	hit	394
A_HP_10	85	Response	3	5090637	6592	1
A_HP_10	85	Pulse	99	5103787	19742	1
A_HP_10	86	Picture	response144	5114566	121	1	20229	1	0	20000	hit	398
A_HP_10	86	Pulse	99	5123708	9262	1
A_HP_10	86	Response	2	5124335	9890	1
A_HP_10	86	Pulse	99	5143707	29262	1
A_HP_10	87	Picture	response143	5145190	346	1	20229	1	0	20000	hit	401
A_HP_10	87	Response	3	5154036	9192	1
A_HP_10	87	Pulse	99	5163787	18943	1
A_HP_10	88	Picture	response141	5175481	236	1	20229	1	0	20000	hit	405
A_HP_10	88	Pulse	99	5183708	8463	1
A_HP_10	88	Response	1	5183806	8560	1
A_HP_10	88	Pulse	99	5203708	28462	1
A_HP_10	89	Picture	response139	5205772	127	1	20229	1	0	20000	hit	408
A_HP_10	89	Response	2	5211396	5751	1
A_HP_10	89	Pulse	99	5223787	18142	1
A_HP_10	90	Picture	response137	5236231	186	1	20229	1	0	20000	incorrect	412
A_HP_10	90	Pulse	99	5243707	7663	1
A_HP_10	90	Response	3	5248566	12521	1
A_HP_10	90	Pulse	99	5263707	27663	1
A_HP_10	91	Picture	response140	5266689	244	1	20229	1	0	20000	hit	415
A_HP_10	91	Response	1	5278516	12071	1
A_HP_10	91	Pulse	99	5283787	17342	1
A_HP_10	92	Picture	response138	5297147	302	1	20229	1	0	20000	hit	419
A_HP_10	92	Pulse	99	5303787	6942	1
A_HP_10	92	Response	3	5305515	8670	1
A_HP_10	92	Pulse	99	5323707	26862	1
A_HP_10	93	Picture	ins16	5327439	194	1	30229	1	0	30000	other	0
A_HP_10	93	Pulse	99	5343787	16542	1
A_HP_10	93	Pulse	99	5363787	36542	1
A_HP_10	93	Pulse	99	5383709	56464	1
A_HP_10	93	Pulse	99	5403710	76465	1
A_HP_10	93	Pulse	99	5423787	96542	1
A_HP_10	93	Pulse	99	5443707	116462	1
A_HP_10	93	Pulse	99	5463708	136463	1
A_HP_10	93	Pulse	99	5483787	156542	1
A_HP_10	93	Pulse	99	5503707	176462	1
A_HP_10	93	Pulse	99	5523707	196462	1
A_HP_10	93	Pulse	99	5543788	216543	1
A_HP_10	93	Pulse	99	5563707	236462	1
A_HP_10	93	Pulse	99	5583708	256463	1
A_HP_10	93	Pulse	99	5603787	276542	1
A_HP_10	93	Pulse	99	5623707	296462	1
A_HP_10	94	Response	5	5643707	6232	1
A_HP_10	94	Pulse	99	5643707	6232	1
A_HP_10	95	Picture	response125	5644275	230	1	20229	1	0	20000	hit	440
A_HP_10	95	Response	4	5651786	7740	1
A_HP_10	95	Pulse	99	5663787	19741	1
A_HP_10	96	Picture	response127	5674567	122	1	20229	1	0	20000	hit	443
A_HP_10	96	Response	3	5679616	5171	1
A_HP_10	96	Pulse	99	5683787	9342	1
A_HP_10	96	Pulse	99	5703707	29262	1
A_HP_10	97	Picture	response121	5705192	347	1	20229	1	0	20000	hit	447
A_HP_10	97	Response	4	5713076	8231	1
A_HP_10	97	Pulse	99	5723707	18862	1
A_HP_10	98	Picture	response124	5735485	240	1	20229	1	0	20000	hit	450
A_HP_10	98	Response	4	5740546	5301	1
A_HP_10	98	Pulse	99	5743787	8542	1
A_HP_10	98	Pulse	99	5763707	28462	1
A_HP_10	99	Picture	response126	5765776	131	1	20229	1	0	20000	hit	454
A_HP_10	99	Response	3	5776306	10661	1
A_HP_10	99	Pulse	99	5783707	18062	1
A_HP_10	100	Picture	response122	5796234	190	1	20229	1	0	20000	hit	457
A_HP_10	100	Response	3	5800466	4421	1
A_HP_10	100	Pulse	99	5803787	7742	1
A_HP_10	100	Pulse	99	5823707	27663	1
A_HP_10	101	Picture	response128	5826693	248	1	20229	1	0	20000	hit	461
A_HP_10	101	Response	4	5833176	6731	1
A_HP_10	101	Pulse	99	5843707	17262	1
A_HP_10	102	Picture	response123	5857151	306	1	20229	1	0	20000	hit	465
A_HP_10	102	Pulse	99	5863787	6942	1
A_HP_10	102	Response	4	5866765	9920	1
A_HP_10	102	Pulse	99	5883707	26862	1
A_HP_10	103	Picture	ins20	5887443	198	1	30229	1	0	30000	other	0
A_HP_10	103	Pulse	99	5903707	16463	1
A_HP_10	103	Pulse	99	5923787	36543	1
A_HP_10	103	Pulse	99	5943707	56463	1
A_HP_10	103	Pulse	99	5963707	76463	1
A_HP_10	103	Pulse	99	5983707	96462	1
A_HP_10	103	Pulse	99	6003707	116463	1
A_HP_10	103	Pulse	99	6023707	136462	1
A_HP_10	103	Pulse	99	6043707	156462	1
A_HP_10	103	Pulse	99	6063787	176542	1
A_HP_10	103	Pulse	99	6083707	196462	1
A_HP_10	103	Pulse	99	6103707	216462	1
A_HP_10	103	Pulse	99	6123787	236542	1
A_HP_10	103	Pulse	99	6143707	256462	1
A_HP_10	103	Pulse	99	6163707	276462	1
A_HP_10	103	Pulse	99	6183787	296542	1
A_HP_10	104	Response	5	6203707	6232	1
A_HP_10	104	Pulse	99	6203707	6232	1
A_HP_10	105	Picture	response156	6204274	230	1	20229	1	0	20000	hit	486
A_HP_10	105	Response	1	6213115	9071	1
A_HP_10	105	Pulse	99	6223707	19662	1
A_HP_10	106	Picture	response155	6234566	121	1	20229	1	0	20000	hit	490
A_HP_10	106	Pulse	99	6243787	9342	1
A_HP_10	106	Response	4	6245405	10960	1
A_HP_10	106	Pulse	99	6263707	29262	1
A_HP_10	107	Picture	response154	6265190	346	1	20229	1	0	20000	hit	493
A_HP_10	107	Response	3	6274146	9302	1
A_HP_10	107	Pulse	99	6283707	18863	1
A_HP_10	108	Picture	response158	6295483	238	1	20229	1	0	20000	hit	496
A_HP_10	108	Response	3	6300496	5251	1
A_HP_10	108	Pulse	99	6303706	8462	1
A_HP_10	108	Pulse	99	6323707	28462	1
A_HP_10	109	Picture	response160	6325775	130	1	20229	1	0	20000	hit	500
A_HP_10	109	Response	1	6337985	12341	1
A_HP_10	109	Pulse	99	6343706	18061	1
A_HP_10	110	Picture	response153	6356233	188	1	20229	1	0	20000	hit	503
A_HP_10	110	Response	2	6362126	6081	1
A_HP_10	110	Pulse	99	6363707	7662	1
A_HP_10	110	Pulse	99	6383707	27662	1
A_HP_10	111	Picture	response157	6386691	246	1	20229	1	0	20000	hit	507
A_HP_10	111	Response	4	6398385	11941	1
A_HP_10	111	Pulse	99	6403707	17262	1
A_HP_10	112	Picture	response159	6417148	304	1	20229	1	0	20000	hit	511
A_HP_10	112	Pulse	99	6423707	6862	1
A_HP_10	112	Response	4	6425115	8270	1
A_HP_10	112	Pulse	99	6443787	26942	1
A_HP_10	113	Picture	ins2	6447439	195	1	30229	1	0	30000	other	0
A_HP_10	113	Pulse	99	6463707	16462	1
A_HP_10	113	Pulse	99	6483707	36463	1
A_HP_10	113	Pulse	99	6503787	56543	1
A_HP_10	113	Pulse	99	6523707	76462	1
A_HP_10	113	Pulse	99	6543707	96463	1
A_HP_10	113	Pulse	99	6563787	116543	1
A_HP_10	113	Pulse	99	6583707	136463	1
A_HP_10	113	Pulse	99	6603707	156463	1
A_HP_10	113	Pulse	99	6623707	176463	1
A_HP_10	113	Pulse	99	6643707	196463	1
A_HP_10	113	Pulse	99	6663707	216463	1
A_HP_10	113	Pulse	99	6683710	236466	1
A_HP_10	113	Pulse	99	6703707	256463	1
A_HP_10	113	Pulse	99	6723707	276463	1
A_HP_10	113	Pulse	99	6743707	296463	1
A_HP_10	114	Response	5	6763787	6312	1
A_HP_10	114	Pulse	99	6763787	6312	1
A_HP_10	115	Picture	response9	6764375	230	1	20229	1	0	20000	hit	532
A_HP_10	115	Response	1	6767845	3700	1
A_HP_10	115	Pulse	99	6783707	19562	1
A_HP_10	116	Picture	response16	6794834	288	1	20229	1	0	20000	hit	535
A_HP_10	116	Response	1	6800556	6011	1
A_HP_10	116	Pulse	99	6803706	9160	1
A_HP_10	116	Pulse	99	6823787	29242	1
A_HP_10	117	Picture	response15	6825125	180	1	20229	1	0	20000	hit	539
A_HP_10	117	Response	1	6831546	6601	1
A_HP_10	117	Pulse	99	6843706	18761	1
A_HP_10	118	Picture	response12	6855583	238	1	20229	1	0	20000	hit	542
A_HP_10	118	Response	1	6859436	4091	1
A_HP_10	118	Pulse	99	6863706	8361	1
A_HP_10	118	Pulse	99	6883707	28362	1
A_HP_10	119	Picture	response10	6885875	130	1	20229	1	0	20000	hit	546
A_HP_10	119	Response	1	6889556	3811	1
A_HP_10	119	Pulse	99	6903707	17962	1
A_HP_10	120	Picture	response11	6916333	188	1	20229	1	0	20000	hit	549
A_HP_10	120	Response	1	6920296	4151	1
A_HP_10	120	Pulse	99	6923706	7561	1
A_HP_10	120	Pulse	99	6943707	27562	1
A_HP_10	121	Picture	response14	6946792	247	1	20229	1	0	20000	hit	553
A_HP_10	121	Response	1	6950066	3521	1
A_HP_10	121	Pulse	99	6963707	17162	1
A_HP_10	122	Picture	response13	6977083	138	1	20229	1	0	20000	hit	556
A_HP_10	122	Response	1	6980656	3711	1
A_HP_10	122	Pulse	99	6983706	6761	1
A_HP_10	122	Pulse	99	7003707	26762	1
A_HP_10	123	Picture	thanks	7007042	0	1	10229	1	0	10000	other	0
A_HP_10	123	Pulse	99	7023707	16665	1


Event Type	Code	Type	Response	RT	RT Uncertainty	Time	Uncertainty	Duration	Uncertainty	ReqTime	ReqDur

Picture	ready	other				224022	1	10229	1	0	10000
Picture	ins4	other				284580	1	30230	1	0	30000
Picture	response26	hit	2	4290	2	604378	1	20229	1	0	20000
Picture	response27	hit	2	4922	2	634837	1	20229	1	0	20000
Picture	response29	hit	2	4941	2	665128	1	20229	1	0	20000
Picture	response25	hit	2	5783	2	695585	1	20229	1	0	20000
Picture	response28	hit	2	8342	2	725877	1	20229	1	0	20000
Picture	response32	hit	2	4844	2	756334	1	20229	1	0	20000
Picture	response30	hit	2	4746	2	786792	1	20229	1	0	20000
Picture	response31	hit	2	3925	2	817084	1	20230	1	0	20000
Picture	ins10	other				847543	1	30229	1	0	30000
Picture	response74	hit	3	4851	2	1164378	1	20229	1	0	20000
Picture	response79	hit	1	5823	2	1194836	1	20229	1	0	20000
Picture	response73	hit	3	6481	2	1225127	1	20229	1	0	20000
Picture	response80	hit	1	6553	2	1255585	1	20229	1	0	20000
Picture	response76	hit	3	4392	2	1285876	1	20229	1	0	20000
Picture	response77	hit	1	6224	2	1316335	1	20229	1	0	20000
Picture	response78	hit	3	4986	2	1346793	1	20229	1	0	20000
Picture	response75	hit	3	6084	2	1377084	1	20230	1	0	20000
Picture	ins8	other				1407543	1	30229	1	0	30000
Picture	response61	hit	4	5010	2	1724378	1	20229	1	0	20000
Picture	response58	hit	4	3002	2	1754836	1	20229	1	0	20000
Picture	response57	hit	4	4330	2	1785128	1	20230	1	0	20000
Picture	response59	hit	4	3931	2	1815587	1	20229	1	0	20000
Picture	response63	hit	4	4119	2	1845879	1	20229	1	0	20000
Picture	response64	hit	4	4281	2	1876337	1	20229	1	0	20000
Picture	response62	hit	4	4053	2	1906796	1	20229	1	0	20000
Picture	response60	hit	4	3581	2	1937087	1	20229	1	0	20000
Picture	ins6	other				1967546	1	30229	1	0	30000
Picture	response46	hit	3	3780	2	2284377	1	20229	1	0	20000
Picture	response43	hit	3	3085	2	2314836	1	20229	1	0	20000
Picture	response41	hit	3	4141	2	2345127	1	20229	1	0	20000
Picture	response45	hit	3	4603	2	2375585	1	20229	1	0	20000
Picture	response42	hit	3	4221	2	2405877	1	20229	1	0	20000
Picture	response47	hit	3	5583	2	2436335	1	20229	1	0	20000
Picture	response48	hit	3	4045	2	2466793	1	20229	1	0	20000
Picture	response44	hit	3	4553	2	2497085	1	20229	1	0	20000
Picture	ins14	other				2527542	1	30229	1	0	30000
Picture	response106	hit	4	4682	2	2844376	1	20229	1	0	20000
Picture	response108	hit	2	10693	2	2874833	1	20229	1	0	20000
Picture	response111	hit	4	6122	2	2905125	1	20229	1	0	20000
Picture	response107	hit	2	5564	2	2935584	1	20229	1	0	20000
Picture	response110	hit	2	7102	2	2965875	1	20229	1	0	20000
Picture	response109	hit	2	8594	2	2996333	1	20229	1	0	20000
Picture	response105	hit	2	6066	2	3026791	1	20229	1	0	20000
Picture	response112	hit	4	12934	2	3057083	1	20229	1	0	20000
Picture	ins22	other				3087541	1	30229	1	0	30000
Picture	response174	hit	1	14270	2	3404276	1	20229	1	0	20000
Picture	response169	hit	2	7939	2	3434568	1	20229	1	0	20000
Picture	response172	hit	4	8385	2	3465192	1	20229	1	0	20000
Picture	response170	hit	4	5103	2	3495484	1	20229	1	0	20000
Picture	response176	hit	4	4772	2	3525775	1	20229	1	0	20000
Picture	response175	hit	3	5153	2	3556234	1	20229	1	0	20000
Picture	response173	hit	1	7066	2	3586692	1	20229	1	0	20000
Picture	response171	hit	3	8836	2	3617150	1	20230	1	0	20000
Picture	ins24	other				3647442	1	30229	1	0	30000
Picture	response188	hit	4	6341	2	3964376	1	20229	1	0	20000
Picture	response191	hit	2	8393	2	3994834	1	20229	1	0	20000
Picture	response187	hit	3	7331	2	4025126	1	20229	1	0	20000
Picture	response192	hit	3	3244	2	4055584	1	20229	1	0	20000
Picture	response185	hit	3	4251	2	4085876	1	20229	1	0	20000
Picture	response189	hit	1	7742	2	4116334	1	20229	1	0	20000
Picture	response190	hit	3	7375	2	4146792	1	20229	1	0	20000
Picture	response186	hit	2	16233	2	4177084	1	20229	1	0	20000
Picture	ins12	other				4207542	1	30229	1	0	30000
Picture	response94	hit	4	4340	2	4524377	1	20229	1	0	20000
Picture	response96	hit	1	5141	2	4554835	1	20229	1	0	20000
Picture	response95	hit	4	7600	2	4585127	1	20229	1	0	20000
Picture	response91	hit	4	3562	2	4615585	1	20229	1	0	20000
Picture	response93	hit	1	6561	2	4645876	1	20229	1	0	20000
Picture	response89	incorrect	1	5093	2	4676334	1	20229	1	0	20000
Picture	response92	hit	1	10905	2	4706792	1	20229	1	0	20000
Picture	response90	hit	1	6343	2	4737083	1	20229	1	0	20000
Picture	ins18	other				4767542	1	30230	1	0	30000
Picture	response142	hit	3	6362	2	5084275	1	20229	1	0	20000
Picture	response144	hit	2	9769	2	5114566	1	20229	1	0	20000
Picture	response143	hit	3	8846	1	5145190	1	20229	1	0	20000
Picture	response141	hit	1	8324	2	5175481	1	20229	1	0	20000
Picture	response139	hit	2	5624	2	5205772	1	20229	1	0	20000
Picture	response137	incorrect	3	12335	2	5236231	1	20229	1	0	20000
Picture	response140	hit	1	11827	2	5266689	1	20229	1	0	20000
Picture	response138	hit	3	8368	2	5297147	1	20229	1	0	20000
Picture	ins16	other				5327439	1	30229	1	0	30000
Picture	response125	hit	4	7511	2	5644275	1	20229	1	0	20000
Picture	response127	hit	3	5049	2	5674567	1	20229	1	0	20000
Picture	response121	hit	4	7884	2	5705192	1	20229	1	0	20000
Picture	response124	hit	4	5062	2	5735485	1	20229	1	0	20000
Picture	response126	hit	3	10530	2	5765776	1	20229	1	0	20000
Picture	response122	hit	3	4232	2	5796234	1	20229	1	0	20000
Picture	response128	hit	4	6483	2	5826693	1	20229	1	0	20000
Picture	response123	hit	4	9613	2	5857151	1	20229	1	0	20000
Picture	ins20	other				5887443	1	30229	1	0	30000
Picture	response156	hit	1	8841	2	6204274	1	20229	1	0	20000
Picture	response155	hit	4	10839	2	6234566	1	20229	1	0	20000
Picture	response154	hit	3	8956	2	6265190	1	20229	1	0	20000
Picture	response158	hit	3	5013	2	6295483	1	20229	1	0	20000
Picture	response160	hit	1	12211	2	6325775	1	20229	1	0	20000
Picture	response153	hit	2	5893	2	6356233	1	20229	1	0	20000
Picture	response157	hit	4	11695	2	6386691	1	20229	1	0	20000
Picture	response159	hit	4	7967	2	6417148	1	20229	1	0	20000
Picture	ins2	other				6447439	1	30229	1	0	30000
Picture	response9	hit	1	3470	2	6764375	1	20229	1	0	20000
Picture	response16	hit	1	5723	2	6794834	1	20229	1	0	20000
Picture	response15	hit	1	6420	2	6825125	1	20229	1	0	20000
Picture	response12	hit	1	3853	2	6855583	1	20229	1	0	20000
Picture	response10	hit	1	3681	2	6885875	1	20229	1	0	20000
Picture	response11	hit	1	3963	2	6916333	1	20229	1	0	20000
Picture	response14	hit	1	3274	2	6946792	1	20229	1	0	20000
Picture	response13	hit	1	3572	2	6977083	1	20229	1	0	20000
Picture	thanks	other				7007042	1	10229	1	0	10000


{
   "app": "Presentation Version 21.0 Build 06.06.19",
   "device": "LENOVO 20KHCTO1WW",
   "experiment": "{C0C68DB1-10BA-42F2-8F79-3F2AFFEED4E4}",
   "os": "Windows 10 64 bit",
   "package": "",
   "parameters": {
      "configuration": "Default configuration"
   },
   "scenario": "Response experiment(2).sce",
   "subject": "A_HP_10",
   "timestamp": "2019/08/29 05:04:29 GMT"
}
