Scenario - 
Logfile written - 09/26/2019 14:54:32

Subject	Trial	Event Type	Code	Time	TTime	Uncertainty	Duration	Uncertainty	ReqTime	ReqDur	Stim Type	Pair Index

A_HP_16	1	Response	5	248593	247093	1
A_HP_16	1	Pulse	99	248593	247093	1
A_HP_16	2	Picture	ready	248825	0	1	10229	1	0	10000	other	0
A_HP_16	2	Pulse	99	268593	19768	1
A_HP_16	2	Pulse	99	288593	39768	1
A_HP_16	2	Pulse	99	308593	59768	1
A_HP_16	3	Picture	ins20	309432	232	1	30229	1	0	30000	other	0
A_HP_16	3	Pulse	99	328594	19393	1
A_HP_16	3	Pulse	99	348593	39392	1
A_HP_16	3	Pulse	99	368593	59393	1
A_HP_16	3	Pulse	99	388594	79393	1
A_HP_16	3	Pulse	99	408593	99393	1
A_HP_16	3	Pulse	99	428593	119393	1
A_HP_16	3	Pulse	99	448593	139393	1
A_HP_16	3	Pulse	99	468513	159313	1
A_HP_16	3	Pulse	99	488594	179393	1
A_HP_16	3	Pulse	99	508593	199393	1
A_HP_16	3	Pulse	99	528514	219313	1
A_HP_16	3	Pulse	99	548594	239393	1
A_HP_16	3	Pulse	99	568594	259393	1
A_HP_16	3	Pulse	99	588594	279393	1
A_HP_16	3	Pulse	99	608594	299393	1
A_HP_16	4	Response	5	628594	9163	1
A_HP_16	4	Pulse	99	628594	9163	1
A_HP_16	5	Picture	response160	629231	230	1	20230	1	0	20000	hit	26
A_HP_16	5	Response	1	638402	9401	1
A_HP_16	5	Pulse	99	648593	19592	1
A_HP_16	6	Picture	response153	659690	289	1	20229	1	0	20000	hit	29
A_HP_16	6	Response	2	665732	6331	1
A_HP_16	6	Pulse	99	668593	9192	1
A_HP_16	6	Pulse	99	688594	29193	1
A_HP_16	7	Picture	response154	689981	180	1	20230	1	0	20000	hit	33
A_HP_16	7	Response	3	697423	7621	1
A_HP_16	7	Pulse	99	708593	18792	1
A_HP_16	8	Picture	response155	720440	239	1	20229	1	0	20000	hit	36
A_HP_16	8	Response	4	725783	5582	1
A_HP_16	8	Pulse	99	728514	8313	1
A_HP_16	8	Pulse	99	748594	28393	1
A_HP_16	9	Picture	response159	750732	131	1	20229	1	0	20000	hit	40
A_HP_16	9	Response	4	755633	5032	1
A_HP_16	9	Pulse	99	768594	17993	1
A_HP_16	10	Picture	response157	781357	356	1	20229	1	0	20000	hit	43
A_HP_16	10	Response	4	785393	4392	1
A_HP_16	10	Pulse	99	788513	7512	1
A_HP_16	10	Pulse	99	808594	27593	1
A_HP_16	11	Picture	response158	811648	247	1	20229	1	0	20000	hit	47
A_HP_16	11	Response	3	820323	8921	1
A_HP_16	11	Pulse	99	828594	17193	1
A_HP_16	12	Picture	response156	841940	138	1	20229	1	0	20000	hit	51
A_HP_16	12	Pulse	99	848514	6713	1
A_HP_16	12	Response	1	851432	9630	1
A_HP_16	12	Pulse	99	868594	26792	1
A_HP_16	13	Picture	ins10	872398	196	1	30229	1	0	30000	other	0
A_HP_16	13	Pulse	99	888594	16392	1
A_HP_16	13	Pulse	99	908514	36313	1
A_HP_16	13	Pulse	99	928594	56392	1
A_HP_16	13	Pulse	99	948594	76393	1
A_HP_16	13	Pulse	99	968594	96393	1
A_HP_16	13	Pulse	99	988594	116393	1
A_HP_16	13	Pulse	99	1008594	136393	1
A_HP_16	13	Pulse	99	1028594	156393	1
A_HP_16	13	Pulse	99	1048514	176313	1
A_HP_16	13	Pulse	99	1068595	196393	1
A_HP_16	13	Pulse	99	1088594	216393	1
A_HP_16	13	Pulse	99	1108515	236313	1
A_HP_16	13	Pulse	99	1128594	256393	1
A_HP_16	13	Pulse	99	1148595	276393	1
A_HP_16	13	Pulse	99	1168514	296313	1
A_HP_16	14	Response	5	1188594	6162	1
A_HP_16	14	Pulse	99	1188594	6162	1
A_HP_16	15	Picture	response75	1189232	230	1	20229	1	0	20000	hit	72
A_HP_16	15	Response	3	1194313	5310	1
A_HP_16	15	Pulse	99	1208594	19592	1
A_HP_16	16	Picture	response80	1219691	288	1	20229	1	0	20000	hit	75
A_HP_16	16	Response	1	1224613	5211	1
A_HP_16	16	Pulse	99	1228514	9112	1
A_HP_16	16	Pulse	99	1248595	29192	1
A_HP_16	17	Picture	response77	1249982	180	1	20229	1	0	20000	hit	79
A_HP_16	17	Response	1	1254533	4731	1
A_HP_16	17	Pulse	99	1268595	18792	1
A_HP_16	18	Picture	response79	1280440	238	1	20229	1	0	20000	hit	82
A_HP_16	18	Response	1	1285054	4851	1
A_HP_16	18	Pulse	99	1288515	8312	1
A_HP_16	18	Pulse	99	1308595	28392	1
A_HP_16	19	Picture	response74	1310732	129	1	20229	1	0	20000	hit	86
A_HP_16	19	Response	3	1314774	4171	1
A_HP_16	19	Pulse	99	1328595	17992	1
A_HP_16	20	Picture	response73	1341356	354	1	20229	1	0	20000	hit	89
A_HP_16	20	Response	3	1345244	4241	1
A_HP_16	20	Pulse	99	1348594	7591	1
A_HP_16	20	Pulse	99	1368515	27512	1
A_HP_16	21	Picture	response76	1371648	245	1	20229	1	0	20000	hit	93
A_HP_16	21	Response	3	1374984	3581	1
A_HP_16	21	Pulse	99	1388595	17192	1
A_HP_16	22	Picture	response78	1401939	136	1	20229	1	0	20000	hit	96
A_HP_16	22	Response	3	1405964	4161	1
A_HP_16	22	Pulse	99	1408594	6791	1
A_HP_16	22	Pulse	99	1428515	26712	1
A_HP_16	23	Picture	ins22	1432397	194	1	30229	1	0	30000	other	0
A_HP_16	23	Pulse	99	1448595	16392	1
A_HP_16	23	Pulse	99	1468595	36392	1
A_HP_16	23	Pulse	99	1488515	56312	1
A_HP_16	23	Pulse	99	1508595	76392	1
A_HP_16	23	Pulse	99	1528595	96392	1
A_HP_16	23	Pulse	99	1548515	116312	1
A_HP_16	23	Pulse	99	1568595	136392	1
A_HP_16	23	Pulse	99	1588595	156392	1
A_HP_16	23	Pulse	99	1608515	176312	1
A_HP_16	23	Pulse	99	1628515	196312	1
A_HP_16	23	Pulse	99	1648595	216392	1
A_HP_16	23	Pulse	99	1668515	236312	1
A_HP_16	23	Pulse	99	1688515	256312	1
A_HP_16	23	Pulse	99	1708595	276393	1
A_HP_16	23	Pulse	99	1728595	296392	1
A_HP_16	24	Response	5	1748515	6082	1
A_HP_16	24	Pulse	99	1748515	6082	1
A_HP_16	25	Picture	response172	1749133	230	1	20229	1	0	20000	hit	118
A_HP_16	25	Response	4	1754084	5181	1
A_HP_16	25	Pulse	99	1768595	19692	1
A_HP_16	26	Picture	response173	1779424	121	1	20229	1	0	20000	hit	122
A_HP_16	26	Pulse	99	1788595	9292	1
A_HP_16	26	Response	1	1794094	14790	1
A_HP_16	26	Pulse	99	1808515	29212	1
A_HP_16	27	Picture	response176	1809882	179	1	20229	1	0	20000	hit	125
A_HP_16	27	Response	4	1827124	17422	1
A_HP_16	27	Pulse	99	1828595	18892	1
A_HP_16	28	Picture	response174	1840339	237	1	20229	1	0	20000	incorrect	129
A_HP_16	28	Pulse	99	1848595	8493	1
A_HP_16	28	Response	2	1857024	16921	1
A_HP_16	28	Pulse	99	1868515	28413	1
A_HP_16	29	Picture	response175	1870797	294	1	20229	1	0	20000	hit	132
A_HP_16	29	Response	3	1877764	7261	1
A_HP_16	29	Pulse	99	1888595	18092	1
A_HP_16	30	Picture	response170	1901089	186	1	20229	1	0	20000	hit	136
A_HP_16	30	Pulse	99	1908596	7693	1
A_HP_16	30	Response	4	1919974	19071	1
A_HP_16	30	Pulse	99	1928516	27613	1
A_HP_16	31	Picture	response169	1931380	77	1	20229	1	0	20000	hit	139
A_HP_16	31	Response	2	1945044	13742	1
A_HP_16	31	Pulse	99	1948515	17212	1
A_HP_16	32	Picture	response171	1962004	301	1	20229	1	0	20000	hit	143
A_HP_16	32	Pulse	99	1968596	6893	1
A_HP_16	32	Response	3	1968963	7260	1
A_HP_16	32	Pulse	99	1988516	26813	1
A_HP_16	33	Picture	ins12	1992296	194	1	30229	1	0	30000	other	0
A_HP_16	33	Pulse	99	2008515	16413	1
A_HP_16	33	Pulse	99	2028595	36493	1
A_HP_16	33	Pulse	99	2048595	56493	1
A_HP_16	33	Pulse	99	2068516	76413	1
A_HP_16	33	Pulse	99	2088596	96493	1
A_HP_16	33	Pulse	99	2108596	116494	1
A_HP_16	33	Pulse	99	2128516	136413	1
A_HP_16	33	Pulse	99	2148596	156493	1
A_HP_16	33	Pulse	99	2168596	176493	1
A_HP_16	33	Pulse	99	2188516	196413	1
A_HP_16	33	Pulse	99	2208516	216413	1
A_HP_16	33	Pulse	99	2228596	236494	1
A_HP_16	33	Pulse	99	2248516	256414	1
A_HP_16	33	Pulse	99	2268516	276414	1
A_HP_16	33	Pulse	99	2288596	296493	1
A_HP_16	34	Response	5	2308516	6183	1
A_HP_16	34	Pulse	99	2308516	6183	1
A_HP_16	35	Picture	response94	2309134	230	1	20229	1	0	20000	hit	164
A_HP_16	35	Response	4	2314725	5821	1
A_HP_16	35	Pulse	99	2328516	19612	1
A_HP_16	36	Picture	response91	2339425	122	1	20229	1	0	20000	hit	168
A_HP_16	36	Pulse	99	2348596	9293	1
A_HP_16	36	Response	4	2348994	9691	1
A_HP_16	36	Pulse	99	2368516	29213	1
A_HP_16	37	Picture	response95	2369884	180	1	20229	1	0	20000	hit	171
A_HP_16	37	Response	4	2376545	6841	1
A_HP_16	37	Pulse	99	2388516	18813	1
A_HP_16	38	Picture	response96	2400342	238	1	20229	1	0	20000	hit	174
A_HP_16	38	Response	1	2405035	4931	1
A_HP_16	38	Pulse	99	2408596	8492	1
A_HP_16	38	Pulse	99	2428597	28493	1
A_HP_16	39	Picture	response93	2430800	296	1	20229	1	0	20000	hit	178
A_HP_16	39	Response	1	2436075	5571	1
A_HP_16	39	Pulse	99	2448516	18012	1
A_HP_16	40	Picture	response90	2461092	188	1	20230	1	0	20000	hit	181
A_HP_16	40	Response	1	2466005	5101	1
A_HP_16	40	Pulse	99	2468596	7691	1
A_HP_16	40	Pulse	99	2488596	27692	1
A_HP_16	41	Picture	response89	2491384	80	1	20230	1	0	20000	incorrect	185
A_HP_16	41	Response	1	2496635	5331	1
A_HP_16	41	Pulse	99	2508516	17212	1
A_HP_16	42	Picture	response92	2522010	305	1	20229	1	0	20000	hit	188
A_HP_16	42	Response	1	2527155	5451	1
A_HP_16	42	Pulse	99	2528516	6811	1
A_HP_16	42	Pulse	99	2548597	26892	1
A_HP_16	43	Picture	ins18	2552302	197	1	30229	1	0	30000	other	0
A_HP_16	43	Pulse	99	2568518	16413	1
A_HP_16	43	Pulse	99	2588517	36412	1
A_HP_16	43	Pulse	99	2608597	56493	1
A_HP_16	43	Pulse	99	2628517	76412	1
A_HP_16	43	Pulse	99	2648516	96412	1
A_HP_16	43	Pulse	99	2668597	116492	1
A_HP_16	43	Pulse	99	2688517	136412	1
A_HP_16	43	Pulse	99	2708517	156412	1
A_HP_16	43	Pulse	99	2728597	176492	1
A_HP_16	43	Pulse	99	2748517	196412	1
A_HP_16	43	Pulse	99	2768517	216412	1
A_HP_16	43	Pulse	99	2788597	236492	1
A_HP_16	43	Pulse	99	2808597	256493	1
A_HP_16	43	Pulse	99	2828517	276413	1
A_HP_16	43	Pulse	99	2848517	296413	1
A_HP_16	44	Response	5	2868597	6262	1
A_HP_16	44	Pulse	99	2868597	6262	1
A_HP_16	45	Picture	response142	2869234	229	1	20229	1	0	20000	incorrect	210
A_HP_16	45	Response	1	2888466	19461	1
A_HP_16	45	Pulse	99	2888516	19512	1
A_HP_16	46	Picture	response141	2899692	287	1	20229	1	0	20000	hit	214
A_HP_16	46	Pulse	99	2908517	9113	1
A_HP_16	46	Response	1	2913555	14151	1
A_HP_16	46	Pulse	99	2928597	29192	1
A_HP_16	47	Picture	response139	2929983	178	1	20229	1	0	20000	hit	217
A_HP_16	47	Response	2	2945286	15481	1
A_HP_16	47	Pulse	99	2948516	18711	1
A_HP_16	48	Picture	response143	2960441	236	1	20229	1	0	20000	hit	221
A_HP_16	48	Pulse	99	2968517	8312	1
A_HP_16	48	Response	3	2972025	11820	1
A_HP_16	48	Pulse	99	2988597	28392	1
A_HP_16	49	Picture	response138	2990733	128	1	20232	1	0	20000	hit	224
A_HP_16	49	Response	3	2995166	4561	1
A_HP_16	49	Pulse	99	3008517	17912	1
A_HP_16	50	Picture	response137	3021360	356	1	20229	1	0	20000	hit	228
A_HP_16	50	Pulse	99	3028517	7513	1
A_HP_16	50	Response	4	3028525	7521	1
A_HP_16	50	Pulse	99	3048597	27593	1
A_HP_16	51	Picture	response144	3051652	247	1	20229	1	0	20000	hit	231
A_HP_16	51	Response	2	3062356	10952	1
A_HP_16	51	Pulse	99	3068517	17113	1
A_HP_16	52	Picture	response140	3081944	139	1	20229	1	0	20000	hit	234
A_HP_16	52	Response	1	3088006	6201	1
A_HP_16	52	Pulse	99	3088517	6712	1
A_HP_16	52	Pulse	99	3108517	26712	1
A_HP_16	53	Picture	ins16	3112402	197	1	30229	1	0	30000	other	0
A_HP_16	53	Pulse	99	3128597	16393	1
A_HP_16	53	Pulse	99	3148517	36313	1
A_HP_16	53	Pulse	99	3168517	56313	1
A_HP_16	53	Pulse	99	3188597	76393	1
A_HP_16	53	Pulse	99	3208517	96313	1
A_HP_16	53	Pulse	99	3228518	116313	1
A_HP_16	53	Pulse	99	3248597	136393	1
A_HP_16	53	Pulse	99	3268517	156313	1
A_HP_16	53	Pulse	99	3288518	176313	1
A_HP_16	53	Pulse	99	3308598	196393	1
A_HP_16	53	Pulse	99	3328518	216313	1
A_HP_16	53	Pulse	99	3348518	236313	1
A_HP_16	53	Pulse	99	3368597	256393	1
A_HP_16	53	Pulse	99	3388518	276313	1
A_HP_16	53	Pulse	99	3408518	296313	1
A_HP_16	54	Response	5	3428518	6083	1
A_HP_16	54	Pulse	99	3428518	6083	1
A_HP_16	55	Picture	response125	3429135	230	1	20229	1	0	20000	hit	256
A_HP_16	55	Response	4	3434656	5751	1
A_HP_16	55	Pulse	99	3448518	19613	1
A_HP_16	56	Picture	response126	3459426	121	1	20229	1	0	20000	hit	259
A_HP_16	56	Response	3	3467296	7992	1
A_HP_16	56	Pulse	99	3468517	9212	1
A_HP_16	56	Pulse	99	3488518	29213	1
A_HP_16	57	Picture	response124	3489884	180	1	20230	1	0	20000	hit	263
A_HP_16	57	Response	4	3496067	6362	1
A_HP_16	57	Pulse	99	3508598	18894	1
A_HP_16	58	Picture	response122	3520342	237	1	20229	1	0	20000	hit	266
A_HP_16	58	Response	3	3527827	7721	1
A_HP_16	58	Pulse	99	3528517	8412	1
A_HP_16	58	Pulse	99	3548518	28413	1
A_HP_16	59	Picture	response123	3550800	295	1	20229	1	0	20000	hit	270
A_HP_16	59	Response	4	3555817	5311	1
A_HP_16	59	Pulse	99	3568598	18092	1
A_HP_16	60	Picture	response121	3581092	186	1	20229	1	0	20000	hit	273
A_HP_16	60	Response	4	3585527	4621	1
A_HP_16	60	Pulse	99	3588517	7612	1
A_HP_16	60	Pulse	99	3608518	27613	1
A_HP_16	61	Picture	response128	3611383	78	1	20230	1	0	20000	hit	277
A_HP_16	61	Response	4	3615417	4111	1
A_HP_16	61	Pulse	99	3628598	17293	1
A_HP_16	62	Picture	response127	3642008	302	1	20229	1	0	20000	hit	280
A_HP_16	62	Response	3	3646707	5001	1
A_HP_16	62	Pulse	99	3648517	6811	1
A_HP_16	62	Pulse	99	3668518	26812	1
A_HP_16	63	Picture	ins14	3672300	194	1	30229	1	0	30000	other	0
A_HP_16	63	Pulse	99	3688598	16492	1
A_HP_16	63	Pulse	99	3708518	36412	1
A_HP_16	63	Pulse	99	3728518	56412	1
A_HP_16	63	Pulse	99	3748518	76412	1
A_HP_16	63	Pulse	99	3768518	96412	1
A_HP_16	63	Pulse	99	3788518	116412	1
A_HP_16	63	Pulse	99	3808518	136412	1
A_HP_16	63	Pulse	99	3828518	156412	1
A_HP_16	63	Pulse	99	3848518	176412	1
A_HP_16	63	Pulse	99	3868518	196412	1
A_HP_16	63	Pulse	99	3888598	216492	1
A_HP_16	63	Pulse	99	3908519	236413	1
A_HP_16	63	Pulse	99	3928519	256413	1
A_HP_16	63	Pulse	99	3948598	276492	1
A_HP_16	63	Pulse	99	3968518	296412	1
A_HP_16	64	Response	5	3988518	6182	1
A_HP_16	64	Pulse	99	3988518	6182	1
A_HP_16	65	Picture	response107	3989137	230	1	20229	1	0	20000	hit	302
A_HP_16	65	Response	2	3995168	6261	1
A_HP_16	65	Pulse	99	4008518	19611	1
A_HP_16	66	Picture	response110	4019428	122	1	20229	1	0	20000	hit	305
A_HP_16	66	Response	2	4023257	3951	1
A_HP_16	66	Pulse	99	4028518	9212	1
A_HP_16	66	Pulse	99	4048519	29212	1
A_HP_16	67	Picture	response112	4049887	180	1	20229	1	0	20000	hit	309
A_HP_16	67	Response	4	4056717	7011	1
A_HP_16	67	Pulse	99	4068519	18812	1
A_HP_16	68	Picture	response109	4080345	239	1	20229	1	0	20000	hit	312
A_HP_16	68	Response	2	4087058	6951	1
A_HP_16	68	Pulse	99	4088518	8411	1
A_HP_16	68	Pulse	99	4108519	28412	1
A_HP_16	69	Picture	response111	4110803	296	1	20229	1	0	20000	hit	316
A_HP_16	69	Response	4	4115477	4970	1
A_HP_16	69	Pulse	99	4128519	18012	1
A_HP_16	70	Picture	response108	4141094	188	1	20229	1	0	20000	hit	319
A_HP_16	70	Response	2	4147018	6112	1
A_HP_16	70	Pulse	99	4148518	7612	1
A_HP_16	70	Pulse	99	4168519	27613	1
A_HP_16	71	Picture	response106	4171385	78	1	20229	1	0	20000	hit	323
A_HP_16	71	Response	4	4177998	6691	1
A_HP_16	71	Pulse	99	4188519	17212	1
A_HP_16	72	Picture	response105	4202009	302	1	20229	1	0	20000	hit	326
A_HP_16	72	Response	2	4206248	4541	1
A_HP_16	72	Pulse	99	4208598	6891	1
A_HP_16	72	Pulse	99	4228519	26812	1
A_HP_16	73	Picture	ins6	4232301	194	1	30229	1	0	30000	other	0
A_HP_16	73	Pulse	99	4248519	16412	1
A_HP_16	73	Pulse	99	4268599	36492	1
A_HP_16	73	Pulse	99	4288519	56412	1
A_HP_16	73	Pulse	99	4308519	76412	1
A_HP_16	73	Pulse	99	4328519	96412	1
A_HP_16	73	Pulse	99	4348519	116412	1
A_HP_16	73	Pulse	99	4368519	136412	1
A_HP_16	73	Pulse	99	4388519	156412	1
A_HP_16	73	Pulse	99	4408519	176412	1
A_HP_16	73	Pulse	99	4428521	196414	1
A_HP_16	73	Pulse	99	4448519	216412	1
A_HP_16	73	Pulse	99	4468519	236412	1
A_HP_16	73	Pulse	99	4488519	256412	1
A_HP_16	73	Pulse	99	4508520	276412	1
A_HP_16	73	Pulse	99	4528519	296412	1
A_HP_16	74	Response	5	4548519	6182	1
A_HP_16	74	Pulse	99	4548519	6182	1
A_HP_16	75	Picture	response44	4549137	230	1	20229	1	0	20000	hit	348
A_HP_16	75	Response	3	4554558	5651	1
A_HP_16	75	Pulse	99	4568519	19612	1
A_HP_16	76	Picture	response47	4579428	121	1	20229	1	0	20000	hit	351
A_HP_16	76	Response	3	4582548	3241	1
A_HP_16	76	Pulse	99	4588520	9213	1
A_HP_16	76	Pulse	99	4608520	29213	1
A_HP_16	77	Picture	response42	4609886	180	1	20229	1	0	20000	hit	355
A_HP_16	77	Response	3	4613218	3512	1
A_HP_16	77	Pulse	99	4628519	18813	1
A_HP_16	78	Picture	response43	4640344	237	1	20229	1	0	20000	hit	358
A_HP_16	78	Response	3	4644199	4091	1
A_HP_16	78	Pulse	99	4648520	8412	1
A_HP_16	78	Pulse	99	4668520	28413	1
A_HP_16	79	Picture	response46	4670802	295	1	20229	1	0	20000	hit	362
A_HP_16	79	Response	3	4675408	4901	1
A_HP_16	79	Pulse	99	4688520	18013	1
A_HP_16	80	Picture	response48	4701092	185	1	20229	1	0	20000	hit	365
A_HP_16	80	Response	3	4704659	3751	1
A_HP_16	80	Pulse	99	4708519	7612	1
A_HP_16	80	Pulse	99	4728520	27613	1
A_HP_16	81	Picture	response45	4731384	77	1	20229	1	0	20000	hit	369
A_HP_16	81	Response	3	4734348	3041	1
A_HP_16	81	Pulse	99	4748520	17212	1
A_HP_16	82	Picture	response41	4762009	302	1	20229	1	0	20000	hit	372
A_HP_16	82	Response	3	4764949	3241	1
A_HP_16	82	Pulse	99	4768519	6812	1
A_HP_16	82	Pulse	99	4788520	26812	1
A_HP_16	83	Picture	ins24	4792301	194	1	30229	1	0	30000	other	0
A_HP_16	83	Pulse	99	4808520	16412	1
A_HP_16	83	Pulse	99	4828520	36412	1
A_HP_16	83	Pulse	99	4848520	56412	1
A_HP_16	83	Pulse	99	4868520	76412	1
A_HP_16	83	Pulse	99	4888520	96412	1
A_HP_16	83	Pulse	99	4908520	116412	1
A_HP_16	83	Pulse	99	4928520	136412	1
A_HP_16	83	Pulse	99	4948520	156412	1
A_HP_16	83	Pulse	99	4968520	176412	1
A_HP_16	83	Pulse	99	4988520	196413	1
A_HP_16	83	Pulse	99	5008520	216412	1
A_HP_16	83	Pulse	99	5028520	236413	1
A_HP_16	83	Pulse	99	5048520	256413	1
A_HP_16	83	Pulse	99	5068520	276412	1
A_HP_16	83	Pulse	99	5088520	296413	1
A_HP_16	84	Response	5	5108520	6182	1
A_HP_16	84	Pulse	99	5108520	6182	1
A_HP_16	85	Picture	response192	5109137	230	1	20230	1	0	20000	hit	394
A_HP_16	85	Response	3	5115949	7041	1
A_HP_16	85	Pulse	99	5128520	19612	1
A_HP_16	86	Picture	response189	5139429	122	1	20229	1	0	20000	hit	397
A_HP_16	86	Response	1	5147189	7882	1
A_HP_16	86	Pulse	99	5148519	9212	1
A_HP_16	86	Pulse	99	5168520	29212	1
A_HP_16	87	Picture	response185	5169887	181	1	20229	1	0	20000	hit	401
A_HP_16	87	Response	3	5176319	6612	1
A_HP_16	87	Pulse	99	5188520	18814	1
A_HP_16	88	Picture	response188	5200346	238	1	20229	1	0	20000	hit	404
A_HP_16	88	Response	4	5205859	5752	1
A_HP_16	88	Pulse	99	5208519	8412	1
A_HP_16	88	Pulse	99	5228520	28413	1
A_HP_16	89	Picture	response191	5230804	296	1	20229	1	0	20000	hit	408
A_HP_16	89	Response	2	5239069	8561	1
A_HP_16	89	Pulse	99	5248520	18013	1
A_HP_16	90	Picture	response190	5261095	187	1	20229	1	0	20000	hit	412
A_HP_16	90	Pulse	99	5268521	7613	1
A_HP_16	90	Response	3	5272879	11971	1
A_HP_16	90	Pulse	99	5288520	27613	1
A_HP_16	91	Picture	response186	5291387	79	1	20229	1	0	20000	hit	415
A_HP_16	91	Response	2	5305290	13982	1
A_HP_16	91	Pulse	99	5308520	17212	1
A_HP_16	92	Picture	response187	5322011	303	1	20229	1	0	20000	hit	419
A_HP_16	92	Pulse	99	5328521	6812	1
A_HP_16	92	Response	3	5329978	8270	1
A_HP_16	92	Pulse	99	5348521	26812	1
A_HP_16	93	Picture	ins2	5352303	194	1	30229	1	0	30000	other	0
A_HP_16	93	Pulse	99	5368521	16412	1
A_HP_16	93	Pulse	99	5388520	36412	1
A_HP_16	93	Pulse	99	5408520	56412	1
A_HP_16	93	Pulse	99	5428520	76412	1
A_HP_16	93	Pulse	99	5448520	96412	1
A_HP_16	93	Pulse	99	5468521	116412	1
A_HP_16	93	Pulse	99	5488521	136412	1
A_HP_16	93	Pulse	99	5508521	156412	1
A_HP_16	93	Pulse	99	5528521	176412	1
A_HP_16	93	Pulse	99	5548521	196412	1
A_HP_16	93	Pulse	99	5568521	216412	1
A_HP_16	93	Pulse	99	5588521	236412	1
A_HP_16	93	Pulse	99	5608521	256412	1
A_HP_16	93	Pulse	99	5628521	276412	1
A_HP_16	93	Pulse	99	5648521	296412	1
A_HP_16	94	Response	5	5668521	6182	1
A_HP_16	94	Pulse	99	5668521	6182	1
A_HP_16	95	Picture	response12	5669138	230	1	20229	1	0	20000	hit	440
A_HP_16	95	Response	1	5672759	3851	1
A_HP_16	95	Pulse	99	5688521	19613	1
A_HP_16	96	Picture	response10	5699429	121	1	20229	1	0	20000	hit	443
A_HP_16	96	Response	1	5702230	2922	1
A_HP_16	96	Pulse	99	5708521	9213	1
A_HP_16	96	Pulse	99	5728521	29213	1
A_HP_16	97	Picture	response9	5729887	179	1	20229	1	0	20000	hit	447
A_HP_16	97	Response	1	5732850	3142	1
A_HP_16	97	Pulse	99	5748521	18813	1
A_HP_16	98	Picture	response16	5760345	236	1	20229	1	0	20000	hit	450
A_HP_16	98	Response	1	5763310	3202	1
A_HP_16	98	Pulse	99	5768520	8412	1
A_HP_16	98	Pulse	99	5788521	28413	1
A_HP_16	99	Picture	response15	5790803	294	1	20229	1	0	20000	hit	454
A_HP_16	99	Response	1	5794160	3652	1
A_HP_16	99	Pulse	99	5808521	18013	1
A_HP_16	100	Picture	response11	5821094	186	1	20229	1	0	20000	hit	457
A_HP_16	100	Response	1	5823850	2941	1
A_HP_16	100	Pulse	99	5828520	7612	1
A_HP_16	100	Pulse	99	5848521	27613	1
A_HP_16	101	Picture	response13	5851385	77	1	20231	1	0	20000	hit	461
A_HP_16	101	Response	1	5855230	3921	1
A_HP_16	101	Pulse	99	5868521	17212	1
A_HP_16	102	Picture	response14	5882012	303	1	20229	1	0	20000	hit	464
A_HP_16	102	Response	1	5885260	3551	1
A_HP_16	102	Pulse	99	5888521	6812	1
A_HP_16	102	Pulse	99	5908521	26813	1
A_HP_16	103	Picture	ins8	5912303	195	1	30229	1	0	30000	other	0
A_HP_16	103	Pulse	99	5928521	16413	1
A_HP_16	103	Pulse	99	5948521	36413	1
A_HP_16	103	Pulse	99	5968521	56413	1
A_HP_16	103	Pulse	99	5988521	76413	1
A_HP_16	103	Pulse	99	6008522	96413	1
A_HP_16	103	Pulse	99	6028522	116414	1
A_HP_16	103	Pulse	99	6048522	136413	1
A_HP_16	103	Pulse	99	6068522	156413	1
A_HP_16	103	Pulse	99	6088522	176413	1
A_HP_16	103	Pulse	99	6108522	196413	1
A_HP_16	103	Pulse	99	6128522	216413	1
A_HP_16	103	Pulse	99	6148522	236413	1
A_HP_16	103	Pulse	99	6168522	256413	1
A_HP_16	103	Pulse	99	6188522	276413	1
A_HP_16	103	Pulse	99	6208522	296413	1
A_HP_16	104	Response	5	6228522	6183	1
A_HP_16	104	Pulse	99	6228522	6183	1
A_HP_16	105	Picture	response62	6229140	230	1	20229	1	0	20000	hit	486
A_HP_16	105	Response	4	6232980	4071	1
A_HP_16	105	Pulse	99	6248521	19612	1
A_HP_16	106	Picture	response64	6259431	121	1	20229	1	0	20000	hit	489
A_HP_16	106	Response	4	6263401	4091	1
A_HP_16	106	Pulse	99	6268522	9212	1
A_HP_16	106	Pulse	99	6288522	29212	1
A_HP_16	107	Picture	response58	6289890	181	1	20229	1	0	20000	hit	493
A_HP_16	107	Response	4	6294651	4942	1
A_HP_16	107	Pulse	99	6308522	18813	1
A_HP_16	108	Picture	response57	6320348	238	1	20229	1	0	20000	hit	496
A_HP_16	108	Response	4	6325001	4891	1
A_HP_16	108	Pulse	99	6328521	8411	1
A_HP_16	108	Pulse	99	6348522	28412	1
A_HP_16	109	Picture	response59	6350806	296	1	20229	1	0	20000	hit	500
A_HP_16	109	Response	4	6354201	3691	1
A_HP_16	109	Pulse	99	6368522	18012	1
A_HP_16	110	Picture	response63	6381098	188	1	20230	1	0	20000	hit	503
A_HP_16	110	Response	4	6384392	3482	1
A_HP_16	110	Pulse	99	6388522	7612	1
A_HP_16	110	Pulse	99	6408522	27612	1
A_HP_16	111	Picture	response61	6411390	80	1	20230	1	0	20000	hit	507
A_HP_16	111	Response	4	6415131	3821	1
A_HP_16	111	Pulse	99	6428522	17212	1
A_HP_16	112	Picture	response60	6442016	306	1	20229	1	0	20000	hit	510
A_HP_16	112	Response	4	6445271	3561	1
A_HP_16	112	Pulse	99	6448522	6812	1
A_HP_16	112	Pulse	99	6468522	26813	1
A_HP_16	113	Picture	ins4	6472308	199	1	30396	1	0	30000	other	0
A_HP_16	113	Pulse	99	6488522	16413	1
A_HP_16	113	Pulse	99	6508522	36412	1
A_HP_16	113	Pulse	99	6528522	56413	1
A_HP_16	113	Pulse	99	6548522	76413	1
A_HP_16	113	Pulse	99	6568522	96413	1
A_HP_16	113	Pulse	99	6588523	116413	1
A_HP_16	113	Pulse	99	6608522	136413	1
A_HP_16	113	Pulse	99	6628522	156413	1
A_HP_16	113	Pulse	99	6648522	176413	1
A_HP_16	113	Pulse	99	6668522	196413	1
A_HP_16	113	Pulse	99	6688522	216413	1
A_HP_16	113	Pulse	99	6708522	236413	1
A_HP_16	113	Pulse	99	6728525	256415	1
A_HP_16	113	Pulse	99	6748522	276413	1
A_HP_16	113	Pulse	99	6768523	296413	1
A_HP_16	114	Response	5	6788522	6183	1
A_HP_16	114	Pulse	99	6788522	6183	1
A_HP_16	115	Picture	response26	6789140	230	1	20229	1	0	20000	hit	532
A_HP_16	115	Response	2	6792541	3632	1
A_HP_16	115	Pulse	99	6808523	19613	1
A_HP_16	116	Picture	response25	6819431	121	1	20229	1	0	20000	hit	535
A_HP_16	116	Response	2	6822292	2981	1
A_HP_16	116	Pulse	99	6828522	9212	1
A_HP_16	116	Pulse	99	6848523	29212	1
A_HP_16	117	Picture	response29	6849889	179	1	20229	1	0	20000	hit	539
A_HP_16	117	Response	2	6852492	2782	1
A_HP_16	117	Pulse	99	6868523	18813	1
A_HP_16	118	Picture	response28	6880347	236	1	20229	1	0	20000	hit	542
A_HP_16	118	Response	2	6883052	2941	1
A_HP_16	118	Pulse	99	6888522	8412	1
A_HP_16	118	Pulse	99	6908523	28412	1
A_HP_16	119	Picture	response27	6910805	294	1	20229	1	0	20000	hit	546
A_HP_16	119	Response	2	6913272	2761	1
A_HP_16	119	Pulse	99	6928523	18013	1
A_HP_16	120	Picture	response31	6941096	186	1	20229	1	0	20000	hit	549
A_HP_16	120	Response	2	6943402	2491	1
A_HP_16	120	Pulse	99	6948522	7612	1
A_HP_16	120	Pulse	99	6968523	27612	1
A_HP_16	121	Picture	response32	6971388	77	1	20229	1	0	20000	hit	553
A_HP_16	121	Response	2	6973842	2531	1
A_HP_16	121	Pulse	99	6988523	17212	1
A_HP_16	122	Picture	response30	7002012	302	1	20229	1	0	20000	hit	556
A_HP_16	122	Response	2	7004822	3111	1
A_HP_16	122	Pulse	99	7008522	6812	1
A_HP_16	122	Pulse	99	7028523	26812	1
A_HP_16	123	Picture	thanks	7031970	0	1	10229	1	0	10000	other	0
A_HP_16	123	Pulse	99	7048523	16553	1


Event Type	Code	Type	Response	RT	RT Uncertainty	Time	Uncertainty	Duration	Uncertainty	ReqTime	ReqDur

Picture	ready	other				248825	1	10229	1	0	10000
Picture	ins20	other				309432	1	30229	1	0	30000
Picture	response160	hit	1	9171	2	629231	1	20230	1	0	20000
Picture	response153	hit	2	6042	2	659690	1	20229	1	0	20000
Picture	response154	hit	3	7441	2	689981	1	20230	1	0	20000
Picture	response155	hit	4	5343	2	720440	1	20229	1	0	20000
Picture	response159	hit	4	4901	2	750732	1	20229	1	0	20000
Picture	response157	hit	4	4036	2	781357	1	20229	1	0	20000
Picture	response158	hit	3	8674	2	811648	1	20229	1	0	20000
Picture	response156	hit	1	9492	2	841940	1	20229	1	0	20000
Picture	ins10	other				872398	1	30229	1	0	30000
Picture	response75	hit	3	5080	2	1189232	1	20229	1	0	20000
Picture	response80	hit	1	4922	2	1219691	1	20229	1	0	20000
Picture	response77	hit	1	4551	2	1249982	1	20229	1	0	20000
Picture	response79	hit	1	4613	2	1280440	1	20229	1	0	20000
Picture	response74	hit	3	4042	2	1310732	1	20229	1	0	20000
Picture	response73	hit	3	3887	2	1341356	1	20229	1	0	20000
Picture	response76	hit	3	3336	2	1371648	1	20229	1	0	20000
Picture	response78	hit	3	4025	2	1401939	1	20229	1	0	20000
Picture	ins22	other				1432397	1	30229	1	0	30000
Picture	response172	hit	4	4951	2	1749133	1	20229	1	0	20000
Picture	response173	hit	1	14670	2	1779424	1	20229	1	0	20000
Picture	response176	hit	4	17242	2	1809882	1	20229	1	0	20000
Picture	response174	incorrect	2	16685	2	1840339	1	20229	1	0	20000
Picture	response175	hit	3	6967	2	1870797	1	20229	1	0	20000
Picture	response170	hit	4	18886	2	1901089	1	20229	1	0	20000
Picture	response169	hit	2	13664	2	1931380	1	20229	1	0	20000
Picture	response171	hit	3	6959	2	1962004	1	20229	1	0	20000
Picture	ins12	other				1992296	1	30229	1	0	30000
Picture	response94	hit	4	5591	2	2309134	1	20229	1	0	20000
Picture	response91	hit	4	9569	2	2339425	1	20229	1	0	20000
Picture	response95	hit	4	6661	2	2369884	1	20229	1	0	20000
Picture	response96	hit	1	4693	2	2400342	1	20229	1	0	20000
Picture	response93	hit	1	5275	2	2430800	1	20229	1	0	20000
Picture	response90	hit	1	4913	2	2461092	1	20230	1	0	20000
Picture	response89	incorrect	1	5251	2	2491384	1	20230	1	0	20000
Picture	response92	hit	1	5146	2	2522010	1	20229	1	0	20000
Picture	ins18	other				2552302	1	30229	1	0	30000
Picture	response142	incorrect	1	19232	2	2869234	1	20229	1	0	20000
Picture	response141	hit	1	13863	2	2899692	1	20229	1	0	20000
Picture	response139	hit	2	15302	2	2929983	1	20229	1	0	20000
Picture	response143	hit	3	11585	2	2960441	1	20229	1	0	20000
Picture	response138	hit	3	4434	2	2990733	1	20232	1	0	20000
Picture	response137	hit	4	7165	2	3021360	1	20229	1	0	20000
Picture	response144	hit	2	10704	2	3051652	1	20229	1	0	20000
Picture	response140	hit	1	6062	2	3081944	1	20229	1	0	20000
Picture	ins16	other				3112402	1	30229	1	0	30000
Picture	response125	hit	4	5521	2	3429135	1	20229	1	0	20000
Picture	response126	hit	3	7870	2	3459426	1	20229	1	0	20000
Picture	response124	hit	4	6183	2	3489884	1	20230	1	0	20000
Picture	response122	hit	3	7485	2	3520342	1	20229	1	0	20000
Picture	response123	hit	4	5016	2	3550800	1	20229	1	0	20000
Picture	response121	hit	4	4435	2	3581092	1	20229	1	0	20000
Picture	response128	hit	4	4034	2	3611383	1	20230	1	0	20000
Picture	response127	hit	3	4699	2	3642008	1	20229	1	0	20000
Picture	ins14	other				3672300	1	30229	1	0	30000
Picture	response107	hit	2	6031	2	3989137	1	20229	1	0	20000
Picture	response110	hit	2	3829	2	4019428	1	20229	1	0	20000
Picture	response112	hit	4	6831	2	4049887	1	20229	1	0	20000
Picture	response109	hit	2	6713	2	4080345	1	20229	1	0	20000
Picture	response111	hit	4	4674	2	4110803	1	20229	1	0	20000
Picture	response108	hit	2	5924	2	4141094	1	20229	1	0	20000
Picture	response106	hit	4	6612	2	4171385	1	20229	1	0	20000
Picture	response105	hit	2	4238	2	4202009	1	20229	1	0	20000
Picture	ins6	other				4232301	1	30229	1	0	30000
Picture	response44	hit	3	5421	2	4549137	1	20229	1	0	20000
Picture	response47	hit	3	3120	2	4579428	1	20229	1	0	20000
Picture	response42	hit	3	3332	2	4609886	1	20229	1	0	20000
Picture	response43	hit	3	3855	2	4640344	1	20229	1	0	20000
Picture	response46	hit	3	4607	2	4670802	1	20229	1	0	20000
Picture	response48	hit	3	3566	2	4701092	1	20229	1	0	20000
Picture	response45	hit	3	2964	2	4731384	1	20229	1	0	20000
Picture	response41	hit	3	2940	2	4762009	1	20229	1	0	20000
Picture	ins24	other				4792301	1	30229	1	0	30000
Picture	response192	hit	3	6812	2	5109137	1	20230	1	0	20000
Picture	response189	hit	1	7760	2	5139429	1	20229	1	0	20000
Picture	response185	hit	3	6432	2	5169887	1	20229	1	0	20000
Picture	response188	hit	4	5514	2	5200346	1	20229	1	0	20000
Picture	response191	hit	2	8266	2	5230804	1	20229	1	0	20000
Picture	response190	hit	3	11783	2	5261095	1	20229	1	0	20000
Picture	response186	hit	2	13903	2	5291387	1	20229	1	0	20000
Picture	response187	hit	3	7967	2	5322011	1	20229	1	0	20000
Picture	ins2	other				5352303	1	30229	1	0	30000
Picture	response12	hit	1	3622	2	5669138	1	20229	1	0	20000
Picture	response10	hit	1	2801	2	5699429	1	20229	1	0	20000
Picture	response9	hit	1	2963	2	5729887	1	20229	1	0	20000
Picture	response16	hit	1	2965	2	5760345	1	20229	1	0	20000
Picture	response15	hit	1	3357	2	5790803	1	20229	1	0	20000
Picture	response11	hit	1	2756	2	5821094	1	20229	1	0	20000
Picture	response13	hit	1	3845	2	5851385	1	20231	1	0	20000
Picture	response14	hit	1	3248	2	5882012	1	20229	1	0	20000
Picture	ins8	other				5912303	1	30229	1	0	30000
Picture	response62	hit	4	3841	2	6229140	1	20229	1	0	20000
Picture	response64	hit	4	3969	2	6259431	1	20229	1	0	20000
Picture	response58	hit	4	4761	2	6289890	1	20229	1	0	20000
Picture	response57	hit	4	4653	2	6320348	1	20229	1	0	20000
Picture	response59	hit	4	3394	2	6350806	1	20229	1	0	20000
Picture	response63	hit	4	3293	2	6381098	1	20230	1	0	20000
Picture	response61	hit	4	3741	2	6411390	1	20230	1	0	20000
Picture	response60	hit	4	3255	2	6442016	1	20229	1	0	20000
Picture	ins4	other				6472308	1	30396	1	0	30000
Picture	response26	hit	2	3401	2	6789140	1	20229	1	0	20000
Picture	response25	hit	2	2861	2	6819431	1	20229	1	0	20000
Picture	response29	hit	2	2603	2	6849889	1	20229	1	0	20000
Picture	response28	hit	2	2705	2	6880347	1	20229	1	0	20000
Picture	response27	hit	2	2467	2	6910805	1	20229	1	0	20000
Picture	response31	hit	2	2306	2	6941096	1	20229	1	0	20000
Picture	response32	hit	2	2454	2	6971388	1	20229	1	0	20000
Picture	response30	hit	2	2809	2	7002012	1	20229	1	0	20000
Picture	thanks	other				7031970	1	10229	1	0	10000


{
   "app": "Presentation Version 21.0 Build 06.06.19",
   "device": "LENOVO 20KHCTO1WW",
   "experiment": "{C0C68DB1-10BA-42F2-8F79-3F2AFFEED4E4}",
   "os": "Windows 10 64 bit",
   "package": "",
   "parameters": {
      "configuration": "Default configuration"
   },
   "scenario": "Response experiment(2).sce",
   "subject": "A_HP_16",
   "timestamp": "2019/09/26 05:42:38 GMT"
}
