Scenario - 
Logfile written - 12/19/2019 12:03:07

Subject	Trial	Event Type	Code	Time	TTime	Uncertainty	Duration	Uncertainty	ReqTime	ReqDur	Stim Type	Pair Index

A_HP_40	1	Response	5	104339	103507	1
A_HP_40	1	Pulse	99	104339	103507	1
A_HP_40	2	Picture	ready	104453	0	1	10162	1	0	10000	other	0
A_HP_40	2	Pulse	99	124339	19887	1
A_HP_40	2	Pulse	99	144339	39887	1
A_HP_40	2	Pulse	99	164339	59887	1
A_HP_40	3	Picture	ins18	164925	94	1	30153	1	0	30000	other	0
A_HP_40	3	Pulse	99	184339	19509	1
A_HP_40	3	Pulse	99	204339	39509	1
A_HP_40	3	Pulse	99	224339	59509	1
A_HP_40	3	Pulse	99	244259	79429	1
A_HP_40	3	Pulse	99	264340	99509	1
A_HP_40	3	Pulse	99	284340	119509	1
A_HP_40	3	Pulse	99	304259	139429	1
A_HP_40	3	Pulse	99	324339	159509	1
A_HP_40	3	Pulse	99	344339	179509	1
A_HP_40	3	Pulse	99	364260	199429	1
A_HP_40	3	Pulse	99	384339	219509	1
A_HP_40	3	Pulse	99	404340	239509	1
A_HP_40	3	Pulse	99	424260	259429	1
A_HP_40	3	Pulse	99	444339	279509	1
A_HP_40	3	Pulse	99	464340	299509	1
A_HP_40	4	Response	5	484260	9308	1
A_HP_40	4	Pulse	99	484260	9308	1
A_HP_40	5	Picture	response144	484780	150	1	20158	1	0	20000	hit	26
A_HP_40	5	Response	2	502488	17858	1
A_HP_40	5	Pulse	99	504339	19709	1
A_HP_40	6	Picture	response140	515100	69	1	20158	1	0	20000	hit	30
A_HP_40	6	Pulse	99	524340	9309	1
A_HP_40	6	Response	1	532538	17507	1
A_HP_40	6	Pulse	99	544257	29226	8
A_HP_40	7	Picture	response142	545586	155	1	20158	1	0	20000	hit	33
A_HP_40	7	Response	3	554159	8728	1
A_HP_40	7	Pulse	99	564339	18909	1
A_HP_40	8	Picture	response141	575906	75	1	20158	1	0	20000	hit	37
A_HP_40	8	Pulse	99	584339	8509	1
A_HP_40	8	Response	1	590909	15078	1
A_HP_40	8	Pulse	99	604260	28429	1
A_HP_40	9	Picture	response137	606392	161	1	20158	1	0	20000	hit	40
A_HP_40	9	Response	4	621698	15468	1
A_HP_40	9	Pulse	99	624339	18108	1
A_HP_40	10	Picture	response143	636712	81	1	20158	1	0	20000	hit	44
A_HP_40	10	Pulse	99	644340	7709	1
A_HP_40	10	Response	3	646458	9828	1
A_HP_40	10	Pulse	99	664340	27709	1
A_HP_40	11	Picture	response138	667198	167	1	20158	1	0	20000	hit	47
A_HP_40	11	Response	3	675489	8458	1
A_HP_40	11	Pulse	99	684260	17229	1
A_HP_40	12	Picture	response139	697517	87	1	20158	1	0	20000	hit	51
A_HP_40	12	Pulse	99	704340	6909	1
A_HP_40	12	Response	2	717069	19638	1
A_HP_40	12	Pulse	99	724340	26909	1
A_HP_40	13	Picture	ins4	728004	173	1	30153	1	0	30000	other	0
A_HP_40	13	Pulse	99	744260	16429	1
A_HP_40	13	Pulse	99	764340	36509	1
A_HP_40	13	Pulse	99	784340	56509	1
A_HP_40	13	Pulse	99	804260	76429	1
A_HP_40	13	Pulse	99	824340	96509	1
A_HP_40	13	Pulse	99	844340	116509	1
A_HP_40	13	Pulse	99	864260	136429	1
A_HP_40	13	Pulse	99	884340	156509	1
A_HP_40	13	Pulse	99	904340	176509	1
A_HP_40	13	Pulse	99	924260	196429	1
A_HP_40	13	Pulse	99	944340	216509	1
A_HP_40	13	Pulse	99	964340	236509	1
A_HP_40	13	Pulse	99	984260	256429	1
A_HP_40	13	Pulse	99	1004340	276509	1
A_HP_40	13	Pulse	99	1024340	296509	1
A_HP_40	14	Response	5	1044260	6396	1
A_HP_40	14	Pulse	99	1044260	6396	1
A_HP_40	15	Picture	response32	1044694	63	1	20157	1	0	20000	hit	72
A_HP_40	15	Response	2	1050678	6047	1
A_HP_40	15	Pulse	99	1064340	19709	1
A_HP_40	16	Picture	response26	1075180	149	1	20158	1	0	20000	hit	75
A_HP_40	16	Response	2	1082769	7738	1
A_HP_40	16	Pulse	99	1084339	9308	1
A_HP_40	16	Pulse	99	1104260	29229	1
A_HP_40	17	Picture	response28	1105500	68	1	20158	1	0	20000	hit	79
A_HP_40	17	Response	2	1113879	8447	1
A_HP_40	17	Pulse	99	1124340	18909	1
A_HP_40	18	Picture	response30	1135986	155	1	20157	1	0	20000	hit	82
A_HP_40	18	Response	2	1143629	7798	1
A_HP_40	18	Pulse	99	1144339	8508	1
A_HP_40	18	Pulse	99	1164260	28429	1
A_HP_40	19	Picture	response29	1166305	74	1	20158	1	0	20000	hit	86
A_HP_40	19	Response	2	1172469	6238	1
A_HP_40	19	Pulse	99	1184260	18029	1
A_HP_40	20	Picture	response31	1196792	160	1	20157	1	0	20000	hit	89
A_HP_40	20	Response	2	1204079	7448	1
A_HP_40	20	Pulse	99	1204340	7708	1
A_HP_40	20	Pulse	99	1224260	27629	1
A_HP_40	21	Picture	response27	1227111	80	1	20158	1	0	20000	hit	93
A_HP_40	21	Response	2	1238259	11227	1
A_HP_40	21	Pulse	99	1244260	17229	1
A_HP_40	22	Picture	response25	1257597	166	1	20158	1	0	20000	hit	97
A_HP_40	22	Pulse	99	1264340	6909	1
A_HP_40	22	Response	2	1269889	12458	1
A_HP_40	22	Pulse	99	1284260	26829	1
A_HP_40	23	Picture	ins16	1287917	86	1	30153	1	0	30000	other	0
A_HP_40	23	Pulse	99	1304260	16429	1
A_HP_40	23	Pulse	99	1324340	36509	1
A_HP_40	23	Pulse	99	1344260	56429	1
A_HP_40	23	Pulse	99	1364260	76429	1
A_HP_40	23	Pulse	99	1384340	96509	1
A_HP_40	23	Pulse	99	1404260	116429	1
A_HP_40	23	Pulse	99	1424260	136429	1
A_HP_40	23	Pulse	99	1444340	156509	1
A_HP_40	23	Pulse	99	1464260	176429	1
A_HP_40	23	Pulse	99	1484260	196429	1
A_HP_40	23	Pulse	99	1504340	216509	1
A_HP_40	23	Pulse	99	1524260	236429	1
A_HP_40	23	Pulse	99	1544260	256429	1
A_HP_40	23	Pulse	99	1564340	276509	1
A_HP_40	23	Pulse	99	1584340	296509	1
A_HP_40	24	Response	5	1604261	6317	1
A_HP_40	24	Pulse	99	1604261	6317	1
A_HP_40	25	Picture	response128	1604774	142	1	20158	1	0	20000	hit	118
A_HP_40	25	Response	4	1615169	10538	1
A_HP_40	25	Pulse	99	1624340	19709	1
A_HP_40	26	Picture	response127	1635093	62	1	20157	1	0	20000	hit	121
A_HP_40	26	Response	3	1643729	8697	1
A_HP_40	26	Pulse	99	1644340	9309	1
A_HP_40	26	Pulse	99	1664262	29231	1
A_HP_40	27	Picture	response123	1665580	148	1	20158	1	0	20000	hit	125
A_HP_40	27	Response	4	1679479	14048	1
A_HP_40	27	Pulse	99	1684260	18829	1
A_HP_40	28	Picture	response125	1695899	68	1	20157	1	0	20000	hit	129
A_HP_40	28	Pulse	99	1704340	8509	1
A_HP_40	28	Response	4	1712359	16528	1
A_HP_40	28	Pulse	99	1724260	28429	1
A_HP_40	29	Picture	response122	1726385	154	1	20158	1	0	20000	hit	132
A_HP_40	29	Response	3	1736849	10618	1
A_HP_40	29	Pulse	99	1744260	18029	1
A_HP_40	30	Picture	response121	1756705	74	1	20157	1	0	20000	hit	136
A_HP_40	30	Pulse	99	1764341	7709	1
A_HP_40	30	Response	4	1770939	14308	1
A_HP_40	30	Pulse	99	1784260	27629	1
A_HP_40	31	Picture	response126	1787191	160	1	20158	1	0	20000	hit	139
A_HP_40	31	Response	3	1801779	14748	1
A_HP_40	31	Pulse	99	1804260	17229	1
A_HP_40	32	Picture	response124	1817511	79	1	20158	1	0	20000	hit	143
A_HP_40	32	Pulse	99	1824340	6909	1
A_HP_40	32	Response	4	1827699	10268	1
A_HP_40	32	Pulse	99	1844260	26829	1
A_HP_40	33	Picture	ins10	1847997	165	1	30153	1	0	30000	other	0
A_HP_40	33	Pulse	99	1864260	16429	1
A_HP_40	33	Pulse	99	1884340	36509	1
A_HP_40	33	Pulse	99	1904260	56429	1
A_HP_40	33	Pulse	99	1924260	76429	1
A_HP_40	33	Pulse	99	1944340	96509	1
A_HP_40	33	Pulse	99	1964261	116429	1
A_HP_40	33	Pulse	99	1984260	136429	1
A_HP_40	33	Pulse	99	2004341	156509	1
A_HP_40	33	Pulse	99	2024261	176429	1
A_HP_40	33	Pulse	99	2044261	196429	1
A_HP_40	33	Pulse	99	2064341	216510	1
A_HP_40	33	Pulse	99	2084261	236429	1
A_HP_40	33	Pulse	99	2104261	256429	1
A_HP_40	33	Pulse	99	2124340	276509	1
A_HP_40	33	Pulse	99	2144260	296429	1
A_HP_40	34	Response	5	2164260	6237	1
A_HP_40	34	Pulse	99	2164260	6237	1
A_HP_40	35	Picture	response74	2164687	55	1	20158	1	0	20000	hit	164
A_HP_40	35	Response	3	2176390	11758	1
A_HP_40	35	Pulse	99	2184261	19629	1
A_HP_40	36	Picture	response78	2195173	141	1	20158	1	0	20000	hit	167
A_HP_40	36	Response	3	2202739	7707	1
A_HP_40	36	Pulse	99	2204261	9229	1
A_HP_40	36	Pulse	99	2224261	29229	1
A_HP_40	37	Picture	response80	2225493	61	1	20158	1	0	20000	hit	171
A_HP_40	37	Response	1	2238119	12687	1
A_HP_40	37	Pulse	99	2244261	18829	1
A_HP_40	38	Picture	response76	2255979	147	1	20157	1	0	20000	hit	174
A_HP_40	38	Response	3	2264229	8397	1
A_HP_40	38	Pulse	99	2264260	8428	1
A_HP_40	38	Pulse	99	2284261	28429	1
A_HP_40	39	Picture	response75	2286299	67	1	20157	1	0	20000	hit	178
A_HP_40	39	Response	3	2301689	15458	1
A_HP_40	39	Pulse	99	2304260	18028	1
A_HP_40	40	Picture	response79	2316785	153	1	20158	1	0	20000	hit	181
A_HP_40	40	Response	1	2322809	6177	1
A_HP_40	40	Pulse	99	2324261	7629	1
A_HP_40	40	Pulse	99	2344261	27629	1
A_HP_40	41	Picture	response73	2347105	73	1	20158	1	0	20000	hit	185
A_HP_40	41	Response	3	2355209	8177	1
A_HP_40	41	Pulse	99	2364261	17229	1
A_HP_40	42	Picture	response77	2377591	159	1	20158	1	0	20000	hit	189
A_HP_40	42	Pulse	99	2384260	6829	1
A_HP_40	42	Response	1	2388729	11298	1
A_HP_40	42	Pulse	99	2404261	26829	1
A_HP_40	43	Picture	ins24	2407910	79	1	30153	1	0	30000	other	0
A_HP_40	43	Pulse	99	2424261	16429	1
A_HP_40	43	Pulse	99	2444261	36429	1
A_HP_40	43	Pulse	99	2464261	56429	1
A_HP_40	43	Pulse	99	2484261	76429	1
A_HP_40	43	Pulse	99	2504261	96429	1
A_HP_40	43	Pulse	99	2524261	116429	1
A_HP_40	43	Pulse	99	2544261	136429	1
A_HP_40	43	Pulse	99	2564341	156509	1
A_HP_40	43	Pulse	99	2584261	176429	1
A_HP_40	43	Pulse	99	2604261	196429	1
A_HP_40	43	Pulse	99	2624341	216509	1
A_HP_40	43	Pulse	99	2644261	236429	1
A_HP_40	43	Pulse	99	2664261	256429	1
A_HP_40	43	Pulse	99	2684261	276429	1
A_HP_40	43	Pulse	99	2704261	296429	1
A_HP_40	44	Response	5	2724261	6324	1
A_HP_40	44	Pulse	99	2724261	6324	1
A_HP_40	45	Picture	response190	2724767	135	1	20157	1	0	20000	hit	210
A_HP_40	45	Response	3	2737830	13198	1
A_HP_40	45	Pulse	99	2744261	19629	1
A_HP_40	46	Picture	response186	2755087	55	1	20157	1	0	20000	incorrect	213
A_HP_40	46	Response	4	2761140	6108	1
A_HP_40	46	Pulse	99	2764260	9228	1
A_HP_40	46	Pulse	99	2784262	29230	1
A_HP_40	47	Picture	response192	2785573	141	1	20158	1	0	20000	hit	217
A_HP_40	47	Response	3	2797200	11768	1
A_HP_40	47	Pulse	99	2804262	18830	1
A_HP_40	48	Picture	response191	2815893	60	1	20157	1	0	20000	incorrect	221
A_HP_40	48	Pulse	99	2824261	8429	1
A_HP_40	48	Response	4	2831389	15557	1
A_HP_40	48	Pulse	99	2844261	28429	1
A_HP_40	49	Picture	response188	2846379	147	1	20158	1	0	20000	hit	225
A_HP_40	49	Pulse	99	2864261	18029	1
A_HP_40	49	Response	4	2872970	26738	1
A_HP_40	50	Picture	response187	2876698	66	1	20157	1	0	20000	hit	228
A_HP_40	50	Pulse	99	2884261	7629	1
A_HP_40	50	Response	3	2893010	16378	1
A_HP_40	50	Pulse	99	2904261	27629	1
A_HP_40	51	Picture	response185	2907184	152	1	20158	1	0	20000	hit	232
A_HP_40	51	Pulse	99	2924261	17229	1
A_HP_40	51	Response	3	2925089	18057	1
A_HP_40	52	Picture	response189	2937504	72	1	20158	1	0	20000	incorrect	235
A_HP_40	52	Pulse	99	2944261	6829	1
A_HP_40	52	Response	2	2950769	13337	1
A_HP_40	52	Pulse	99	2964261	26829	1
A_HP_40	53	Picture	ins14	2967990	158	1	30153	1	0	30000	other	0
A_HP_40	53	Pulse	99	2984261	16429	1
A_HP_40	53	Pulse	99	3004261	36429	1
A_HP_40	53	Pulse	99	3024261	56428	1
A_HP_40	53	Pulse	99	3044261	76429	1
A_HP_40	53	Pulse	99	3064261	96429	1
A_HP_40	53	Pulse	99	3084261	116429	1
A_HP_40	53	Pulse	99	3104261	136429	1
A_HP_40	53	Pulse	99	3124261	156429	1
A_HP_40	53	Pulse	99	3144261	176429	1
A_HP_40	53	Pulse	99	3164261	196429	1
A_HP_40	53	Pulse	99	3184261	216429	1
A_HP_40	53	Pulse	99	3204261	236429	1
A_HP_40	53	Pulse	99	3224261	256429	1
A_HP_40	53	Pulse	99	3244261	276429	1
A_HP_40	53	Pulse	99	3264261	296429	1
A_HP_40	54	Response	5	3284261	6244	1
A_HP_40	54	Pulse	99	3284261	6244	1
A_HP_40	55	Picture	response108	3284680	48	1	20158	1	0	20000	hit	256
A_HP_40	55	Response	2	3297890	13258	1
A_HP_40	55	Pulse	99	3304261	19629	1
A_HP_40	56	Picture	response107	3315167	134	1	20158	1	0	20000	hit	260
A_HP_40	56	Pulse	99	3324261	9229	1
A_HP_40	56	Response	2	3326990	11958	1
A_HP_40	56	Pulse	99	3344261	29229	1
A_HP_40	57	Picture	response111	3345486	54	1	20158	1	0	20000	hit	263
A_HP_40	57	Response	4	3357710	12277	1
A_HP_40	57	Pulse	99	3364261	18829	1
A_HP_40	58	Picture	response110	3375972	140	1	20158	1	0	20000	hit	267
A_HP_40	58	Pulse	99	3384261	8429	1
A_HP_40	58	Response	2	3387570	11737	1
A_HP_40	58	Pulse	99	3404261	28429	1
A_HP_40	59	Picture	response112	3406292	60	1	20158	1	0	20000	hit	270
A_HP_40	59	Response	4	3413500	7267	1
A_HP_40	59	Pulse	99	3424261	18029	1
A_HP_40	60	Picture	response105	3436778	146	1	20158	1	0	20000	hit	274
A_HP_40	60	Pulse	99	3444261	7629	1
A_HP_40	60	Response	2	3449380	12748	1
A_HP_40	60	Pulse	99	3464261	27629	1
A_HP_40	61	Picture	response106	3467098	65	1	20158	1	0	20000	hit	277
A_HP_40	61	Response	4	3479710	12678	1
A_HP_40	61	Pulse	99	3484261	17229	1
A_HP_40	62	Picture	response109	3497584	151	1	20158	1	0	20000	hit	280
A_HP_40	62	Response	2	3503630	6198	1
A_HP_40	62	Pulse	99	3504261	6828	1
A_HP_40	62	Pulse	99	3524261	26829	1
A_HP_40	63	Picture	ins12	3527904	71	1	30153	1	0	30000	other	0
A_HP_40	63	Pulse	99	3544261	16429	1
A_HP_40	63	Pulse	99	3564261	36429	1
A_HP_40	63	Pulse	99	3584262	56429	1
A_HP_40	63	Pulse	99	3604261	76429	1
A_HP_40	63	Pulse	99	3624261	96429	1
A_HP_40	63	Pulse	99	3644261	116429	1
A_HP_40	63	Pulse	99	3664261	136429	1
A_HP_40	63	Pulse	99	3684261	156429	1
A_HP_40	63	Pulse	99	3704261	176429	1
A_HP_40	63	Pulse	99	3724261	196429	1
A_HP_40	63	Pulse	99	3744261	216429	1
A_HP_40	63	Pulse	99	3764261	236429	1
A_HP_40	63	Pulse	99	3784262	256429	1
A_HP_40	63	Pulse	99	3804262	276429	1
A_HP_40	63	Pulse	99	3824261	296429	1
A_HP_40	64	Response	5	3844261	6331	1
A_HP_40	64	Pulse	99	3844261	6331	1
A_HP_40	65	Picture	response89	3844760	128	1	20157	1	0	20000	incorrect	302
A_HP_40	65	Response	1	3858840	14208	1
A_HP_40	65	Pulse	99	3864261	19629	1
A_HP_40	66	Picture	response94	3875080	47	1	20158	1	0	20000	hit	305
A_HP_40	66	Response	4	3881991	6958	1
A_HP_40	66	Pulse	99	3884261	9228	1
A_HP_40	66	Pulse	99	3904262	29229	1
A_HP_40	67	Picture	response95	3905566	133	1	20158	1	0	20000	incorrect	309
A_HP_40	67	Response	1	3912220	6788	1
A_HP_40	67	Pulse	99	3924262	18829	1
A_HP_40	68	Picture	response96	3935886	53	1	20158	1	0	20000	hit	313
A_HP_40	68	Pulse	99	3944262	8429	1
A_HP_40	68	Response	1	3947590	11758	1
A_HP_40	68	Pulse	99	3964262	28429	1
A_HP_40	69	Picture	response92	3966372	139	1	20158	1	0	20000	hit	316
A_HP_40	69	Response	1	3980590	14358	1
A_HP_40	69	Pulse	99	3984261	18029	1
A_HP_40	70	Picture	response91	3996692	59	1	20157	1	0	20000	hit	319
A_HP_40	70	Response	4	4002291	5658	1
A_HP_40	70	Pulse	99	4004261	7629	1
A_HP_40	70	Pulse	99	4024262	27629	1
A_HP_40	71	Picture	response90	4027178	145	1	20158	1	0	20000	hit	323
A_HP_40	71	Response	1	4037780	10747	1
A_HP_40	71	Pulse	99	4044261	17229	1
A_HP_40	72	Picture	response93	4057497	65	1	20158	1	0	20000	hit	327
A_HP_40	72	Pulse	99	4064262	6829	1
A_HP_40	72	Response	1	4070031	12598	1
A_HP_40	72	Pulse	99	4084262	26829	1
A_HP_40	73	Picture	ins2	4087984	151	1	30153	1	0	30000	other	0
A_HP_40	73	Pulse	99	4104261	16429	1
A_HP_40	73	Pulse	99	4124262	36429	1
A_HP_40	73	Pulse	99	4144262	56429	1
A_HP_40	73	Pulse	99	4164262	76429	1
A_HP_40	73	Pulse	99	4184262	96429	1
A_HP_40	73	Pulse	99	4204261	116429	1
A_HP_40	73	Pulse	99	4224262	136429	1
A_HP_40	73	Pulse	99	4244262	156429	1
A_HP_40	73	Pulse	99	4264262	176429	1
A_HP_40	73	Pulse	99	4284262	196429	1
A_HP_40	73	Pulse	99	4304263	216430	1
A_HP_40	73	Pulse	99	4324262	236429	1
A_HP_40	73	Pulse	99	4344262	256429	1
A_HP_40	73	Pulse	99	4364262	276429	1
A_HP_40	73	Pulse	99	4384262	296429	1
A_HP_40	74	Response	5	4404262	6252	1
A_HP_40	74	Pulse	99	4404262	6252	1
A_HP_40	75	Picture	response14	4404674	41	1	20157	1	0	20000	hit	348
A_HP_40	75	Response	1	4412211	7578	1
A_HP_40	75	Pulse	99	4424262	19629	1
A_HP_40	76	Picture	response9	4435160	127	1	20158	1	0	20000	hit	351
A_HP_40	76	Response	1	4440201	5168	1
A_HP_40	76	Pulse	99	4444262	9229	1
A_HP_40	76	Pulse	99	4464262	29229	1
A_HP_40	77	Picture	response16	4465479	47	1	20157	1	0	20000	hit	355
A_HP_40	77	Response	1	4473830	8397	1
A_HP_40	77	Pulse	99	4484262	18829	1
A_HP_40	78	Picture	response11	4495965	132	1	20158	1	0	20000	hit	358
A_HP_40	78	Response	1	4500851	5018	1
A_HP_40	78	Pulse	99	4504262	8429	1
A_HP_40	78	Pulse	99	4524262	28429	1
A_HP_40	79	Picture	response13	4526285	52	1	20157	1	0	20000	hit	362
A_HP_40	79	Response	1	4533261	7027	1
A_HP_40	79	Pulse	99	4544262	18029	1
A_HP_40	80	Picture	response10	4556772	139	1	20157	1	0	20000	hit	366
A_HP_40	80	Pulse	99	4564262	7629	1
A_HP_40	80	Response	1	4569511	12878	1
A_HP_40	80	Pulse	99	4584262	27629	1
A_HP_40	81	Picture	response15	4587091	58	1	20158	1	0	20000	hit	369
A_HP_40	81	Response	1	4593071	6038	1
A_HP_40	81	Pulse	99	4604262	17229	1
A_HP_40	82	Picture	response12	4617577	144	1	20158	1	0	20000	hit	373
A_HP_40	82	Pulse	99	4624262	6829	1
A_HP_40	82	Response	1	4627951	10517	1
A_HP_40	82	Pulse	99	4644262	26829	1
A_HP_40	83	Picture	ins20	4647897	64	1	30153	1	0	30000	other	0
A_HP_40	83	Pulse	99	4664262	16429	1
A_HP_40	83	Pulse	99	4684262	36429	1
A_HP_40	83	Pulse	99	4704262	56429	1
A_HP_40	83	Pulse	99	4724262	76429	1
A_HP_40	83	Pulse	99	4744262	96429	1
A_HP_40	83	Pulse	99	4764262	116429	1
A_HP_40	83	Pulse	99	4784262	136429	1
A_HP_40	83	Pulse	99	4804262	156429	1
A_HP_40	83	Pulse	99	4824262	176429	1
A_HP_40	83	Pulse	99	4844262	196429	1
A_HP_40	83	Pulse	99	4864262	216429	1
A_HP_40	83	Pulse	99	4884262	236429	1
A_HP_40	83	Pulse	99	4904262	256429	1
A_HP_40	83	Pulse	99	4924263	276430	1
A_HP_40	83	Pulse	99	4944262	296429	1
A_HP_40	84	Response	5	4964262	6339	1
A_HP_40	84	Pulse	99	4964262	6339	1
A_HP_40	85	Picture	response157	4964754	120	1	20157	1	0	20000	hit	394
A_HP_40	85	Response	4	4979141	14507	1
A_HP_40	85	Pulse	99	4984262	19629	1
A_HP_40	86	Picture	response160	4995073	40	1	20157	1	0	20000	incorrect	398
A_HP_40	86	Pulse	99	5004262	9229	1
A_HP_40	86	Response	2	5020992	25958	1
A_HP_40	86	Pulse	99	5024262	29229	1
A_HP_40	87	Picture	response159	5025559	126	1	20158	1	0	20000	hit	401
A_HP_40	87	Response	4	5040201	14767	1
A_HP_40	87	Pulse	99	5044262	18829	1
A_HP_40	88	Picture	response155	5055879	46	1	20158	1	0	20000	hit	405
A_HP_40	88	Pulse	99	5064262	8429	1
A_HP_40	88	Response	4	5064540	8707	1
A_HP_40	88	Pulse	99	5084262	28429	1
A_HP_40	89	Picture	response156	5086365	132	1	20158	1	0	20000	hit	409
A_HP_40	89	Pulse	99	5104262	18029	1
A_HP_40	89	Response	1	5110311	24077	1
A_HP_40	90	Picture	response154	5116685	51	1	20157	1	0	20000	hit	412
A_HP_40	90	Pulse	99	5124262	7629	1
A_HP_40	90	Response	3	5133851	17217	1
A_HP_40	90	Pulse	99	5144262	27629	1
A_HP_40	91	Picture	response153	5147171	138	1	20158	1	0	20000	hit	415
A_HP_40	91	Response	2	5155891	8857	1
A_HP_40	91	Pulse	99	5164262	17229	1
A_HP_40	92	Picture	response158	5177491	57	1	20158	1	0	20000	hit	419
A_HP_40	92	Pulse	99	5184262	6829	1
A_HP_40	92	Response	3	5188661	11227	1
A_HP_40	92	Pulse	99	5204262	26829	1
A_HP_40	93	Picture	ins8	5207977	143	1	30153	1	0	30000	other	0
A_HP_40	93	Pulse	99	5224262	16429	1
A_HP_40	93	Pulse	99	5244262	36429	1
A_HP_40	93	Pulse	99	5264262	56429	1
A_HP_40	93	Pulse	99	5284262	76429	1
A_HP_40	93	Pulse	99	5304262	96429	1
A_HP_40	93	Pulse	99	5324262	116429	1
A_HP_40	93	Pulse	99	5344262	136429	1
A_HP_40	93	Pulse	99	5364262	156429	1
A_HP_40	93	Pulse	99	5384262	176429	1
A_HP_40	93	Pulse	99	5404262	196429	1
A_HP_40	93	Pulse	99	5424262	216429	1
A_HP_40	93	Pulse	99	5444262	236429	1
A_HP_40	93	Pulse	99	5464262	256429	1
A_HP_40	93	Pulse	99	5484262	276429	1
A_HP_40	93	Pulse	99	5504262	296429	1
A_HP_40	94	Response	5	5524262	6259	1
A_HP_40	94	Pulse	99	5524262	6259	1
A_HP_40	95	Picture	response59	5524667	33	1	20158	1	0	20000	hit	440
A_HP_40	95	Response	4	5537481	12848	1
A_HP_40	95	Pulse	99	5544262	19629	1
A_HP_40	96	Picture	response57	5555153	120	1	20157	1	0	20000	hit	443
A_HP_40	96	Response	4	5560201	5168	1
A_HP_40	96	Pulse	99	5564262	9229	1
A_HP_40	96	Pulse	99	5584263	29229	1
A_HP_40	97	Picture	response58	5585473	39	1	20158	1	0	20000	hit	447
A_HP_40	97	Response	4	5595651	10218	1
A_HP_40	97	Pulse	99	5604262	18829	1
A_HP_40	98	Picture	response64	5615959	125	1	20158	1	0	20000	hit	451
A_HP_40	98	Pulse	99	5624263	8429	1
A_HP_40	98	Response	4	5626021	10187	1
A_HP_40	98	Pulse	99	5644262	28429	1
A_HP_40	99	Picture	response62	5646279	45	1	20158	1	0	20000	hit	454
A_HP_40	99	Response	4	5656471	10237	1
A_HP_40	99	Pulse	99	5664263	18029	1
A_HP_40	100	Picture	response63	5676765	131	1	20157	1	0	20000	hit	458
A_HP_40	100	Pulse	99	5684263	7629	1
A_HP_40	100	Response	4	5690491	13857	1
A_HP_40	100	Pulse	99	5704263	27629	1
A_HP_40	101	Picture	response61	5707084	51	1	20157	1	0	20000	hit	461
A_HP_40	101	Response	4	5721551	14517	1
A_HP_40	101	Pulse	99	5724262	17229	1
A_HP_40	102	Picture	response60	5737571	137	1	20158	1	0	20000	hit	464
A_HP_40	102	Response	4	5741912	4478	1
A_HP_40	102	Pulse	99	5744262	6828	1
A_HP_40	102	Pulse	99	5764263	26829	1
A_HP_40	103	Picture	ins22	5767890	57	1	30153	1	0	30000	other	0
A_HP_40	103	Pulse	99	5784263	16429	1
A_HP_40	103	Pulse	99	5804263	36429	1
A_HP_40	103	Pulse	99	5824263	56429	1
A_HP_40	103	Pulse	99	5844263	76429	1
A_HP_40	103	Pulse	99	5864263	96429	1
A_HP_40	103	Pulse	99	5884263	116429	1
A_HP_40	103	Pulse	99	5904262	136429	1
A_HP_40	103	Pulse	99	5924263	156429	1
A_HP_40	103	Pulse	99	5944263	176429	1
A_HP_40	103	Pulse	99	5964262	196429	1
A_HP_40	103	Pulse	99	5984263	216429	1
A_HP_40	103	Pulse	99	6004263	236429	1
A_HP_40	103	Pulse	99	6024263	256429	1
A_HP_40	103	Pulse	99	6044263	276429	1
A_HP_40	103	Pulse	99	6064263	296429	1
A_HP_40	104	Response	5	6084263	6346	1
A_HP_40	104	Pulse	99	6084263	6346	1
A_HP_40	105	Picture	response173	6084747	113	1	20157	1	0	20000	hit	487
A_HP_40	105	Pulse	99	6104263	19629	1
A_HP_40	105	Response	1	6112182	27548	1
A_HP_40	106	Picture	response170	6115067	33	1	20157	1	0	20000	hit	490
A_HP_40	106	Pulse	99	6124263	9229	1
A_HP_40	106	Response	4	6128632	13598	1
A_HP_40	106	Pulse	99	6144263	29229	1
A_HP_40	107	Picture	response175	6145553	119	1	20158	1	0	20000	hit	493
A_HP_40	107	Response	3	6161441	16007	1
A_HP_40	107	Pulse	99	6164263	18829	1
A_HP_40	108	Picture	response172	6175872	38	1	20157	1	0	20000	hit	497
A_HP_40	108	Pulse	99	6184263	8429	1
A_HP_40	108	Response	4	6190362	14528	1
A_HP_40	108	Pulse	99	6204263	28429	1
A_HP_40	109	Picture	response176	6206359	125	1	20158	1	0	20000	hit	500
A_HP_40	109	Response	4	6217792	11558	1
A_HP_40	109	Pulse	99	6224263	18029	1
A_HP_40	110	Picture	response171	6236678	44	1	20157	1	0	20000	hit	504
A_HP_40	110	Pulse	99	6244183	7549	1
A_HP_40	110	Response	3	6251962	15328	1
A_HP_40	110	Pulse	99	6264263	27629	1
A_HP_40	111	Picture	response169	6267164	130	1	20158	1	0	20000	incorrect	508
A_HP_40	111	Pulse	99	6284263	17229	1
A_HP_40	111	Response	1	6292462	25427	1
A_HP_40	112	Picture	response174	6297484	50	1	20157	1	0	20000	hit	511
A_HP_40	112	Pulse	99	6304183	6749	1
A_HP_40	112	Response	1	6316572	19138	1
A_HP_40	112	Pulse	99	6324263	26829	1
A_HP_40	113	Picture	ins6	6327970	136	1	30153	1	0	30000	other	0
A_HP_40	113	Pulse	99	6344263	16429	1
A_HP_40	113	Pulse	99	6364183	36349	1
A_HP_40	113	Pulse	99	6384263	56429	1
A_HP_40	113	Pulse	99	6404263	76429	1
A_HP_40	113	Pulse	99	6424183	96349	1
A_HP_40	113	Pulse	99	6444263	116429	1
A_HP_40	113	Pulse	99	6464263	136429	1
A_HP_40	113	Pulse	99	6484183	156349	1
A_HP_40	113	Pulse	99	6504263	176429	1
A_HP_40	113	Pulse	99	6524263	196429	1
A_HP_40	113	Pulse	99	6544183	216349	1
A_HP_40	113	Pulse	99	6564263	236429	1
A_HP_40	113	Pulse	99	6584263	256429	1
A_HP_40	113	Pulse	99	6604183	276349	1
A_HP_40	113	Pulse	99	6624263	296429	1
A_HP_40	114	Response	5	6644263	6266	1
A_HP_40	114	Pulse	99	6644263	6266	1
A_HP_40	115	Picture	response42	6644827	193	1	20158	1	0	20000	hit	532
A_HP_40	115	Response	3	6649172	4537	1
A_HP_40	115	Pulse	99	6664263	19629	1
A_HP_40	116	Picture	response44	6675146	112	1	20158	1	0	20000	hit	535
A_HP_40	116	Response	3	6680582	5548	1
A_HP_40	116	Pulse	99	6684263	9229	1
A_HP_40	116	Pulse	99	6704263	29229	1
A_HP_40	117	Picture	response46	6705466	32	1	20157	1	0	20000	hit	539
A_HP_40	117	Response	3	6713762	8328	1
A_HP_40	117	Pulse	99	6724263	18829	1
A_HP_40	118	Picture	response48	6735952	118	1	20157	1	0	20000	hit	542
A_HP_40	118	Response	3	6742852	7018	1
A_HP_40	118	Pulse	99	6744183	8349	1
A_HP_40	118	Pulse	99	6764263	28429	1
A_HP_40	119	Picture	response45	6766272	38	1	20158	1	0	20000	hit	546
A_HP_40	119	Response	3	6771162	4928	1
A_HP_40	119	Pulse	99	6784263	18029	1
A_HP_40	120	Picture	response47	6796758	124	1	20157	1	0	20000	hit	549
A_HP_40	120	Response	3	6804072	7438	1
A_HP_40	120	Pulse	99	6804182	7548	1
A_HP_40	120	Pulse	99	6824263	27629	1
A_HP_40	121	Picture	response43	6827078	43	1	20158	1	0	20000	hit	553
A_HP_40	121	Response	3	6836962	9928	1
A_HP_40	121	Pulse	99	6844263	17229	1
A_HP_40	122	Picture	response41	6857564	130	1	20158	1	0	20000	hit	557
A_HP_40	122	Pulse	99	6864183	6749	1
A_HP_40	122	Response	3	6868192	10757	1
A_HP_40	122	Pulse	99	6884263	26829	1
A_HP_40	123	Picture	thanks	6887550	0	1	10162	1	0	10000	other	0
A_HP_40	123	Pulse	99	6904263	16712	1


Event Type	Code	Type	Response	RT	RT Uncertainty	Time	Uncertainty	Duration	Uncertainty	ReqTime	ReqDur

Picture	ready	other				104453	1	10162	1	0	10000
Picture	ins18	other				164925	1	30153	1	0	30000
Picture	response144	hit	2	17708	2	484780	1	20158	1	0	20000
Picture	response140	hit	1	17438	2	515100	1	20158	1	0	20000
Picture	response142	hit	3	8573	2	545586	1	20158	1	0	20000
Picture	response141	hit	1	15003	2	575906	1	20158	1	0	20000
Picture	response137	hit	4	15306	2	606392	1	20158	1	0	20000
Picture	response143	hit	3	9747	2	636712	1	20158	1	0	20000
Picture	response138	hit	3	8291	2	667198	1	20158	1	0	20000
Picture	response139	hit	2	19551	2	697517	1	20158	1	0	20000
Picture	ins4	other				728004	1	30153	1	0	30000
Picture	response32	hit	2	5985	2	1044694	1	20157	1	0	20000
Picture	response26	hit	2	7589	2	1075180	1	20158	1	0	20000
Picture	response28	hit	2	8379	2	1105500	1	20158	1	0	20000
Picture	response30	hit	2	7643	2	1135986	1	20157	1	0	20000
Picture	response29	hit	2	6163	2	1166305	1	20158	1	0	20000
Picture	response31	hit	2	7287	2	1196792	1	20157	1	0	20000
Picture	response27	hit	2	11147	2	1227111	1	20158	1	0	20000
Picture	response25	hit	2	12291	2	1257597	1	20158	1	0	20000
Picture	ins16	other				1287917	1	30153	1	0	30000
Picture	response128	hit	4	10395	2	1604774	1	20158	1	0	20000
Picture	response127	hit	3	8636	2	1635093	1	20157	1	0	20000
Picture	response123	hit	4	13899	2	1665580	1	20158	1	0	20000
Picture	response125	hit	4	16460	2	1695899	1	20157	1	0	20000
Picture	response122	hit	3	10464	2	1726385	1	20158	1	0	20000
Picture	response121	hit	4	14234	2	1756705	1	20157	1	0	20000
Picture	response126	hit	3	14588	2	1787191	1	20158	1	0	20000
Picture	response124	hit	4	10188	2	1817511	1	20158	1	0	20000
Picture	ins10	other				1847997	1	30153	1	0	30000
Picture	response74	hit	3	11703	2	2164687	1	20158	1	0	20000
Picture	response78	hit	3	7566	2	2195173	1	20158	1	0	20000
Picture	response80	hit	1	12626	2	2225493	1	20158	1	0	20000
Picture	response76	hit	3	8250	2	2255979	1	20157	1	0	20000
Picture	response75	hit	3	15391	2	2286299	1	20157	1	0	20000
Picture	response79	hit	1	6024	2	2316785	1	20158	1	0	20000
Picture	response73	hit	3	8105	2	2347105	1	20158	1	0	20000
Picture	response77	hit	1	11139	2	2377591	1	20158	1	0	20000
Picture	ins24	other				2407910	1	30153	1	0	30000
Picture	response190	hit	3	13063	2	2724767	1	20157	1	0	20000
Picture	response186	incorrect	4	6053	2	2755087	1	20157	1	0	20000
Picture	response192	hit	3	11627	2	2785573	1	20158	1	0	20000
Picture	response191	incorrect	4	15497	2	2815893	1	20157	1	0	20000
Picture	response188	hit	4	26591	2	2846379	1	20158	1	0	20000
Picture	response187	hit	3	16311	2	2876698	1	20157	1	0	20000
Picture	response185	hit	3	17905	2	2907184	1	20158	1	0	20000
Picture	response189	incorrect	2	13265	2	2937504	1	20158	1	0	20000
Picture	ins14	other				2967990	1	30153	1	0	30000
Picture	response108	hit	2	13210	2	3284680	1	20158	1	0	20000
Picture	response107	hit	2	11823	2	3315167	1	20158	1	0	20000
Picture	response111	hit	4	12224	2	3345486	1	20158	1	0	20000
Picture	response110	hit	2	11598	2	3375972	1	20158	1	0	20000
Picture	response112	hit	4	7208	2	3406292	1	20158	1	0	20000
Picture	response105	hit	2	12602	2	3436778	1	20158	1	0	20000
Picture	response106	hit	4	12612	2	3467098	1	20158	1	0	20000
Picture	response109	hit	2	6046	2	3497584	1	20158	1	0	20000
Picture	ins12	other				3527904	1	30153	1	0	30000
Picture	response89	incorrect	1	14080	2	3844760	1	20157	1	0	20000
Picture	response94	hit	4	6911	2	3875080	1	20158	1	0	20000
Picture	response95	incorrect	1	6654	2	3905566	1	20158	1	0	20000
Picture	response96	hit	1	11705	2	3935886	1	20158	1	0	20000
Picture	response92	hit	1	14219	2	3966372	1	20158	1	0	20000
Picture	response91	hit	4	5599	2	3996692	1	20157	1	0	20000
Picture	response90	hit	1	10602	2	4027178	1	20158	1	0	20000
Picture	response93	hit	1	12533	2	4057497	1	20158	1	0	20000
Picture	ins2	other				4087984	1	30153	1	0	30000
Picture	response14	hit	1	7537	2	4404674	1	20157	1	0	20000
Picture	response9	hit	1	5041	2	4435160	1	20158	1	0	20000
Picture	response16	hit	1	8351	2	4465479	1	20157	1	0	20000
Picture	response11	hit	1	4885	2	4495965	1	20158	1	0	20000
Picture	response13	hit	1	6975	2	4526285	1	20157	1	0	20000
Picture	response10	hit	1	12739	2	4556772	1	20157	1	0	20000
Picture	response15	hit	1	5980	2	4587091	1	20158	1	0	20000
Picture	response12	hit	1	10373	2	4617577	1	20158	1	0	20000
Picture	ins20	other				4647897	1	30153	1	0	30000
Picture	response157	hit	4	14387	2	4964754	1	20157	1	0	20000
Picture	response160	incorrect	2	25918	2	4995073	1	20157	1	0	20000
Picture	response159	hit	4	14641	2	5025559	1	20158	1	0	20000
Picture	response155	hit	4	8661	2	5055879	1	20158	1	0	20000
Picture	response156	hit	1	23946	2	5086365	1	20158	1	0	20000
Picture	response154	hit	3	17166	2	5116685	1	20157	1	0	20000
Picture	response153	hit	2	8720	2	5147171	1	20158	1	0	20000
Picture	response158	hit	3	11170	2	5177491	1	20158	1	0	20000
Picture	ins8	other				5207977	1	30153	1	0	30000
Picture	response59	hit	4	12814	2	5524667	1	20158	1	0	20000
Picture	response57	hit	4	5048	2	5555153	1	20157	1	0	20000
Picture	response58	hit	4	10179	2	5585473	1	20158	1	0	20000
Picture	response64	hit	4	10062	2	5615959	1	20158	1	0	20000
Picture	response62	hit	4	10192	2	5646279	1	20158	1	0	20000
Picture	response63	hit	4	13726	2	5676765	1	20157	1	0	20000
Picture	response61	hit	4	14467	2	5707084	1	20157	1	0	20000
Picture	response60	hit	4	4341	2	5737571	1	20158	1	0	20000
Picture	ins22	other				5767890	1	30153	1	0	30000
Picture	response173	hit	1	27435	2	6084747	1	20157	1	0	20000
Picture	response170	hit	4	13565	2	6115067	1	20157	1	0	20000
Picture	response175	hit	3	15889	2	6145553	1	20158	1	0	20000
Picture	response172	hit	4	14489	2	6175872	1	20157	1	0	20000
Picture	response176	hit	4	11433	2	6206359	1	20158	1	0	20000
Picture	response171	hit	3	15283	2	6236678	1	20157	1	0	20000
Picture	response169	incorrect	1	25297	2	6267164	1	20158	1	0	20000
Picture	response174	hit	1	19088	2	6297484	1	20157	1	0	20000
Picture	ins6	other				6327970	1	30153	1	0	30000
Picture	response42	hit	3	4345	2	6644827	1	20158	1	0	20000
Picture	response44	hit	3	5435	2	6675146	1	20158	1	0	20000
Picture	response46	hit	3	8296	2	6705466	1	20157	1	0	20000
Picture	response48	hit	3	6900	2	6735952	1	20157	1	0	20000
Picture	response45	hit	3	4890	2	6766272	1	20158	1	0	20000
Picture	response47	hit	3	7314	2	6796758	1	20157	1	0	20000
Picture	response43	hit	3	9884	2	6827078	1	20158	1	0	20000
Picture	response41	hit	3	10628	2	6857564	1	20158	1	0	20000
Picture	thanks	other				6887550	1	10162	1	0	10000


{
   "app": "Presentation Version 21.1 Build 09.05.19",
   "device": "LENOVO 20FBCTO1WW",
   "experiment": "{C0C68DB1-10BA-42F2-8F79-3F2AFFEED4E4}",
   "os": "Windows 10 64 bit",
   "package": "",
   "parameters": {
      "configuration": "Default configuration"
   },
   "scenario": "Response experiment(2).sce",
   "subject": "A_HP_40",
   "timestamp": "2019/12/19 02:51:29 GMT"
}
