Scenario - 
Logfile written - 12/04/2019 15:52:03

Subject	Trial	Event Type	Code	Time	TTime	Uncertainty	Duration	Uncertainty	ReqTime	ReqDur	Stim Type	Pair Index

A_HP_37	1	Response	3	940430	939097	1
A_HP_37	1	Pulse	99	940430	939097	1
A_HP_37	2	Picture	ready	940662	0	1	10229	1	0	10000	other	0
A_HP_37	2	Pulse	99	960430	19768	1
A_HP_37	2	Pulse	99	980430	39768	1
A_HP_37	2	Pulse	99	1000430	59768	1
A_HP_37	3	Picture	ins12	1001215	234	1	30230	1	0	30000	other	0
A_HP_37	3	Pulse	99	1020430	19450	1
A_HP_37	3	Pulse	99	1040430	39449	1
A_HP_37	3	Pulse	99	1060429	59449	1
A_HP_37	3	Pulse	99	1080430	79449	1
A_HP_37	3	Pulse	99	1100430	99449	1
A_HP_37	3	Pulse	99	1120430	119449	1
A_HP_37	3	Pulse	99	1140430	139449	1
A_HP_37	3	Pulse	99	1160430	159449	1
A_HP_37	3	Pulse	99	1180430	179449	1
A_HP_37	3	Pulse	99	1200430	199449	1
A_HP_37	3	Pulse	99	1220430	219449	1
A_HP_37	3	Pulse	99	1240430	239449	1
A_HP_37	3	Pulse	99	1260430	259449	1
A_HP_37	3	Pulse	99	1280430	279449	1
A_HP_37	3	Pulse	99	1300430	299449	1
A_HP_37	4	Response	3	1320430	9219	1
A_HP_37	4	Pulse	99	1320430	9219	1
A_HP_37	5	Picture	response96	1321011	230	1	40229	1	0	40000	hit	26
A_HP_37	5	Response	2	1333339	12557	1
A_HP_37	5	Pulse	99	1340429	19648	1
A_HP_37	5	Pulse	99	1360430	39649	1
A_HP_37	6	Picture	response90	1371470	289	1	40229	1	0	40000	hit	32
A_HP_37	6	Pulse	99	1380430	9250	1
A_HP_37	6	Pulse	99	1400430	29249	1
A_HP_37	6	Response	1	1403988	32807	1
A_HP_37	6	Pulse	99	1420430	49249	1
A_HP_37	7	Picture	response95	1421761	180	1	40229	1	0	40000	hit	35
A_HP_37	7	Response	2	1432408	10828	1
A_HP_37	7	Pulse	99	1440430	18849	1
A_HP_37	7	Pulse	99	1460430	38849	1
A_HP_37	8	Picture	response93	1472219	239	1	40230	1	0	40000	hit	40
A_HP_37	8	Pulse	99	1480430	8449	1
A_HP_37	8	Response	1	1494518	22538	1
A_HP_37	8	Pulse	99	1500430	28449	1
A_HP_37	8	Pulse	99	1520430	48449	1
A_HP_37	9	Picture	response91	1522511	131	1	40229	1	0	40000	hit	44
A_HP_37	9	Response	2	1531848	9468	1
A_HP_37	9	Pulse	99	1540429	18049	1
A_HP_37	9	Pulse	99	1560430	38049	1
A_HP_37	10	Picture	response94	1572970	189	1	40229	1	0	40000	hit	49
A_HP_37	10	Pulse	99	1580429	7649	1
A_HP_37	10	Response	2	1581458	8677	1
A_HP_37	10	Pulse	99	1600430	27649	1
A_HP_37	10	Pulse	99	1620430	47649	1
A_HP_37	11	Picture	response92	1623428	247	1	40229	1	0	40000	hit	54
A_HP_37	11	Pulse	99	1640429	17249	1
A_HP_37	11	Response	1	1644958	21778	1
A_HP_37	11	Pulse	99	1660429	37249	1
A_HP_37	12	Picture	response89	1673720	139	1	40229	1	0	40000	hit	58
A_HP_37	12	Pulse	99	1680430	6849	1
A_HP_37	12	Response	2	1690329	16748	1
A_HP_37	12	Pulse	99	1700429	26849	1
A_HP_37	12	Pulse	99	1720430	46849	1
A_HP_37	13	Picture	ins2	1724178	197	1	30229	1	0	30000	other	0
A_HP_37	13	Pulse	99	1740429	16449	1
A_HP_37	13	Pulse	99	1760430	36449	1
A_HP_37	13	Pulse	99	1780430	56449	1
A_HP_37	13	Pulse	99	1800429	76449	1
A_HP_37	13	Pulse	99	1820430	96449	1
A_HP_37	13	Pulse	99	1840430	116449	1
A_HP_37	13	Pulse	99	1860430	136449	1
A_HP_37	13	Pulse	99	1880429	156449	1
A_HP_37	13	Pulse	99	1900430	176449	1
A_HP_37	13	Pulse	99	1920429	196449	1
A_HP_37	13	Pulse	99	1940430	216449	1
A_HP_37	13	Pulse	99	1960430	236449	1
A_HP_37	13	Pulse	99	1980429	256449	1
A_HP_37	13	Pulse	99	2000429	276449	1
A_HP_37	13	Pulse	99	2020429	296449	1
A_HP_37	14	Response	3	2040429	6218	1
A_HP_37	14	Pulse	99	2040429	6218	1
A_HP_37	15	Picture	response10	2041010	230	1	40229	1	0	40000	hit	81
A_HP_37	15	Pulse	99	2060429	19649	1
A_HP_37	15	Response	2	2066408	25628	1
A_HP_37	15	Pulse	99	2080430	39649	1
A_HP_37	16	Picture	response15	2091468	288	1	40229	1	0	40000	hit	84
A_HP_37	16	Response	1	2099528	8348	1
A_HP_37	16	Pulse	99	2100429	9249	1
A_HP_37	16	Pulse	99	2120429	29249	1
A_HP_37	16	Pulse	99	2140429	49249	1
A_HP_37	17	Picture	response13	2141760	180	1	40229	1	0	40000	hit	89
A_HP_37	17	Response	2	2154578	12998	1
A_HP_37	17	Pulse	99	2160430	18850	1
A_HP_37	17	Pulse	99	2180429	38849	1
A_HP_37	18	Picture	response9	2192219	238	1	40229	1	0	40000	hit	94
A_HP_37	18	Pulse	99	2200429	8449	1
A_HP_37	18	Response	2	2208828	16848	1
A_HP_37	18	Pulse	99	2220429	28449	1
A_HP_37	18	Pulse	99	2240429	48449	1
A_HP_37	19	Picture	response16	2242510	130	1	40229	1	0	40000	hit	98
A_HP_37	19	Response	2	2250398	8018	1
A_HP_37	19	Pulse	99	2260429	18049	1
A_HP_37	19	Pulse	99	2280429	38049	1
A_HP_37	20	Picture	response14	2292968	188	1	40229	1	0	40000	hit	103
A_HP_37	20	Pulse	99	2300429	7649	1
A_HP_37	20	Response	1	2311938	19157	1
A_HP_37	20	Pulse	99	2320429	27648	1
A_HP_37	20	Pulse	99	2340429	47649	1
A_HP_37	21	Picture	response11	2343427	247	1	40229	1	0	40000	hit	107
A_HP_37	21	Response	1	2355898	12718	1
A_HP_37	21	Pulse	99	2360428	17249	1
A_HP_37	21	Pulse	99	2380429	37249	1
A_HP_37	22	Picture	response12	2393719	139	1	40229	1	0	40000	hit	112
A_HP_37	22	Pulse	99	2400429	6849	1
A_HP_37	22	Response	2	2402317	8737	1
A_HP_37	22	Pulse	99	2420429	26849	1
A_HP_37	22	Pulse	99	2440429	46849	1
A_HP_37	23	Picture	ins20	2444177	197	1	30229	1	0	30000	other	0
A_HP_37	23	Pulse	99	2460429	16449	1
A_HP_37	23	Pulse	99	2480429	36449	1
A_HP_37	23	Pulse	99	2500429	56449	1
A_HP_37	23	Pulse	99	2520429	76449	1
A_HP_37	23	Pulse	99	2540429	96449	1
A_HP_37	23	Pulse	99	2560429	116449	1
A_HP_37	23	Pulse	99	2580429	136449	1
A_HP_37	23	Pulse	99	2600429	156449	1
A_HP_37	23	Pulse	99	2620429	176449	1
A_HP_37	23	Pulse	99	2640429	196449	1
A_HP_37	23	Pulse	99	2660429	216449	1
A_HP_37	23	Pulse	99	2680429	236449	1
A_HP_37	23	Pulse	99	2700429	256449	1
A_HP_37	23	Pulse	99	2720429	276449	1
A_HP_37	23	Pulse	99	2740429	296449	1
A_HP_37	24	Response	3	2760429	6219	1
A_HP_37	24	Pulse	99	2760429	6219	1
A_HP_37	25	Picture	response156	2761010	230	1	40229	1	0	40000	hit	135
A_HP_37	25	Pulse	99	2780429	19649	1
A_HP_37	25	Response	1	2781467	20687	1
A_HP_37	25	Pulse	99	2800429	39649	1
A_HP_37	26	Picture	response153	2811468	288	1	40230	1	0	40000	hit	140
A_HP_37	26	Pulse	99	2820429	9249	1
A_HP_37	26	Pulse	99	2840428	29249	1
A_HP_37	26	Response	2	2840536	29357	1
A_HP_37	26	Pulse	99	2860429	49249	1
A_HP_37	27	Picture	response155	2861760	180	1	40229	1	0	40000	hit	143
A_HP_37	27	Response	2	2878607	17028	1
A_HP_37	27	Pulse	99	2880428	18848	1
A_HP_37	27	Pulse	99	2900428	38849	1
A_HP_37	28	Picture	response154	2912219	239	1	40229	1	0	40000	hit	149
A_HP_37	28	Pulse	99	2920429	8449	1
A_HP_37	28	Pulse	99	2940429	28449	1
A_HP_37	28	Response	1	2940787	28807	1
A_HP_37	28	Pulse	99	2960429	48449	1
A_HP_37	29	Picture	response157	2962510	130	1	40229	1	0	40000	hit	152
A_HP_37	29	Response	2	2980297	17918	1
A_HP_37	29	Pulse	99	2980428	18048	1
A_HP_37	29	Pulse	99	3000429	38049	1
A_HP_37	30	Picture	response160	3012968	188	1	40229	1	0	40000	hit	157
A_HP_37	30	Pulse	99	3020429	7649	1
A_HP_37	30	Response	1	3032728	19947	1
A_HP_37	30	Pulse	99	3040429	27649	1
A_HP_37	30	Pulse	99	3060429	47649	1
A_HP_37	31	Picture	response159	3063426	246	1	40229	1	0	40000	hit	161
A_HP_37	31	Response	1	3077528	14348	1
A_HP_37	31	Pulse	99	3080348	17168	1
A_HP_37	31	Pulse	99	3100429	37249	1
A_HP_37	32	Picture	response158	3113718	138	1	40229	1	0	40000	hit	166
A_HP_37	32	Pulse	99	3120429	6849	1
A_HP_37	32	Response	2	3140108	26528	1
A_HP_37	32	Pulse	99	3140348	26768	1
A_HP_37	32	Pulse	99	3160429	46849	1
A_HP_37	33	Picture	ins18	3164176	196	1	30230	1	0	30000	other	0
A_HP_37	33	Pulse	99	3180429	16449	1
A_HP_37	33	Pulse	99	3200349	36369	1
A_HP_37	33	Pulse	99	3220429	56449	1
A_HP_37	33	Pulse	99	3240429	76449	1
A_HP_37	33	Pulse	99	3260349	96369	1
A_HP_37	33	Pulse	99	3280429	116449	1
A_HP_37	33	Pulse	99	3300429	136449	1
A_HP_37	33	Pulse	99	3320349	156369	1
A_HP_37	33	Pulse	99	3340429	176448	1
A_HP_37	33	Pulse	99	3360429	196448	1
A_HP_37	33	Pulse	99	3380349	216369	1
A_HP_37	33	Pulse	99	3400429	236449	1
A_HP_37	33	Pulse	99	3420429	256448	1
A_HP_37	33	Pulse	99	3440429	276448	1
A_HP_37	33	Pulse	99	3460429	296448	1
A_HP_37	34	Response	3	3480429	6218	1
A_HP_37	34	Pulse	99	3480429	6218	1
A_HP_37	35	Picture	response144	3481010	230	1	40229	1	0	40000	hit	189
A_HP_37	35	Pulse	99	3500429	19649	1
A_HP_37	35	Response	2	3511068	30288	1
A_HP_37	35	Pulse	99	3520428	39649	1
A_HP_37	36	Picture	response143	3531468	288	1	40229	1	0	40000	hit	193
A_HP_37	36	Pulse	99	3540429	9249	1
A_HP_37	36	Response	2	3556698	25518	1
A_HP_37	36	Pulse	99	3560429	29249	1
A_HP_37	36	Pulse	99	3580429	49249	1
A_HP_37	37	Picture	response142	3581759	179	1	40230	1	0	40000	hit	198
A_HP_37	37	Pulse	99	3600429	18848	1
A_HP_37	37	Response	1	3612608	31027	1
A_HP_37	37	Pulse	99	3620428	38848	1
A_HP_37	38	Picture	response141	3632218	238	1	40229	1	0	40000	hit	203
A_HP_37	38	Pulse	99	3640429	8449	1
A_HP_37	38	Pulse	99	3660429	28449	1
A_HP_37	38	Response	1	3671657	39678	1
A_HP_37	38	Pulse	99	3680428	48449	1
A_HP_37	39	Picture	response139	3682509	130	1	40229	1	0	40000	hit	207
A_HP_37	39	Pulse	99	3700349	17969	1
A_HP_37	39	Response	2	3700877	18498	1
A_HP_37	39	Pulse	99	3720429	38049	1
A_HP_37	40	Picture	response138	3732968	188	1	40229	1	0	40000	hit	212
A_HP_37	40	Pulse	99	3740429	7649	1
A_HP_37	40	Pulse	99	3760349	27569	1
A_HP_37	40	Response	1	3768457	35678	1
A_HP_37	40	Pulse	99	3780429	47649	1
A_HP_37	41	Picture	response137	3783426	246	1	40229	1	0	40000	hit	216
A_HP_37	41	Pulse	99	3800429	17249	1
A_HP_37	41	Response	2	3806927	23748	1
A_HP_37	41	Pulse	99	3820349	37169	1
A_HP_37	42	Picture	response140	3833717	138	1	40230	1	0	40000	hit	220
A_HP_37	42	Pulse	99	3840428	6849	1
A_HP_37	42	Response	1	3844147	10567	1
A_HP_37	42	Pulse	99	3860428	26849	1
A_HP_37	42	Pulse	99	3880348	46768	1
A_HP_37	43	Picture	ins10	3884176	197	1	30229	1	0	30000	other	0
A_HP_37	43	Pulse	99	3900428	16449	1
A_HP_37	43	Pulse	99	3920428	36449	1
A_HP_37	43	Pulse	99	3940348	56369	1
A_HP_37	43	Pulse	99	3960428	76449	1
A_HP_37	43	Pulse	99	3980428	96449	1
A_HP_37	43	Pulse	99	4000348	116369	1
A_HP_37	43	Pulse	99	4020429	136449	1
A_HP_37	43	Pulse	99	4040428	156449	1
A_HP_37	43	Pulse	99	4060349	176370	1
A_HP_37	43	Pulse	99	4080428	196449	1
A_HP_37	43	Pulse	99	4100429	216450	1
A_HP_37	43	Pulse	99	4120349	236370	1
A_HP_37	43	Pulse	99	4140428	256449	1
A_HP_37	43	Pulse	99	4160429	276450	1
A_HP_37	43	Pulse	99	4180349	296369	1
A_HP_37	44	Response	3	4200428	6219	1
A_HP_37	44	Pulse	99	4200428	6219	1
A_HP_37	45	Picture	response78	4201009	230	1	40230	1	0	40000	hit	243
A_HP_37	45	Pulse	99	4220429	19649	1
A_HP_37	45	Response	2	4225797	25017	1
A_HP_37	45	Pulse	99	4240349	39570	1
A_HP_37	46	Picture	response77	4251468	289	1	40229	1	0	40000	hit	246
A_HP_37	46	Response	1	4257237	6058	1
A_HP_37	46	Pulse	99	4260428	9249	1
A_HP_37	46	Pulse	99	4280428	29249	1
A_HP_37	46	Pulse	99	4300348	49169	1
A_HP_37	47	Picture	response75	4301760	181	1	40229	1	0	40000	hit	251
A_HP_37	47	Response	1	4313988	12408	1
A_HP_37	47	Pulse	99	4320428	18849	1
A_HP_37	47	Pulse	99	4340428	38849	1
A_HP_37	48	Picture	response74	4352218	238	1	40229	1	0	40000	hit	256
A_HP_37	48	Pulse	99	4360348	8369	1
A_HP_37	48	Response	2	4365237	13258	1
A_HP_37	48	Pulse	99	4380348	28369	1
A_HP_37	48	Pulse	99	4400428	48449	1
A_HP_37	49	Picture	response76	4402509	130	1	40229	1	0	40000	incorrect	260
A_HP_37	49	Response	1	4407937	5558	1
A_HP_37	49	Pulse	99	4420348	17968	1
A_HP_37	49	Pulse	99	4440348	37969	1
A_HP_37	50	Picture	response73	4452968	188	1	40229	1	0	40000	hit	265
A_HP_37	50	Pulse	99	4460428	7649	1
A_HP_37	50	Response	1	4462507	9727	1
A_HP_37	50	Pulse	99	4480428	27649	1
A_HP_37	50	Pulse	99	4500348	47569	1
A_HP_37	51	Picture	response79	4503426	246	1	40229	1	0	40000	hit	270
A_HP_37	51	Pulse	99	4520428	17249	1
A_HP_37	51	Response	1	4522237	19057	1
A_HP_37	51	Pulse	99	4540428	37249	1
A_HP_37	52	Picture	response80	4553718	138	1	40229	1	0	40000	hit	274
A_HP_37	52	Pulse	99	4560348	6769	1
A_HP_37	52	Response	1	4564777	11197	1
A_HP_37	52	Pulse	99	4580428	26849	1
A_HP_37	52	Pulse	99	4600428	46849	1
A_HP_37	53	Picture	ins4	4604176	196	1	30229	1	0	30000	other	0
A_HP_37	53	Pulse	99	4620348	16369	1
A_HP_37	53	Pulse	99	4640428	36449	1
A_HP_37	53	Pulse	99	4660428	56449	1
A_HP_37	53	Pulse	99	4680349	76369	1
A_HP_37	53	Pulse	99	4700428	96449	1
A_HP_37	53	Pulse	99	4720428	116449	1
A_HP_37	53	Pulse	99	4740348	136369	1
A_HP_37	53	Pulse	99	4760428	156448	1
A_HP_37	53	Pulse	99	4780428	176448	1
A_HP_37	53	Pulse	99	4800348	196369	1
A_HP_37	53	Pulse	99	4820428	216449	1
A_HP_37	53	Pulse	99	4840428	236449	1
A_HP_37	53	Pulse	99	4860348	256369	1
A_HP_37	53	Pulse	99	4880428	276449	1
A_HP_37	53	Pulse	99	4900428	296449	1
A_HP_37	54	Response	3	4920348	6138	1
A_HP_37	54	Pulse	99	4920348	6138	1
A_HP_37	55	Picture	response29	4920909	230	1	40230	1	0	40000	hit	296
A_HP_37	55	Response	2	4926887	6208	1
A_HP_37	55	Pulse	99	4940428	19749	1
A_HP_37	55	Pulse	99	4960428	39749	1
A_HP_37	56	Picture	response30	4971203	124	1	40229	1	0	40000	hit	301
A_HP_37	56	Pulse	99	4980348	9269	1
A_HP_37	56	Response	1	4984047	12968	1
A_HP_37	56	Pulse	99	5000348	29269	1
A_HP_37	56	Pulse	99	5020428	49349	1
A_HP_37	57	Picture	response25	5021828	349	1	40230	1	0	40000	hit	305
A_HP_37	57	Response	1	5036417	14938	1
A_HP_37	57	Pulse	99	5040347	18869	1
A_HP_37	57	Pulse	99	5060348	38869	1
A_HP_37	58	Picture	response27	5072120	241	1	40230	1	0	40000	hit	309
A_HP_37	58	Response	2	5078547	6668	1
A_HP_37	58	Pulse	99	5080427	8548	1
A_HP_37	58	Pulse	99	5100348	28469	1
A_HP_37	58	Pulse	99	5120348	48469	1
A_HP_37	59	Picture	response26	5122412	133	1	40230	1	0	40000	hit	314
A_HP_37	59	Response	2	5128477	6198	1
A_HP_37	59	Pulse	99	5140428	18149	1
A_HP_37	59	Pulse	99	5160348	38069	1
A_HP_37	60	Picture	response31	5172871	192	1	40230	1	0	40000	hit	319
A_HP_37	60	Pulse	99	5180348	7669	1
A_HP_37	60	Response	1	5180626	7947	1
A_HP_37	60	Pulse	99	5200428	27749	1
A_HP_37	60	Pulse	99	5220348	47669	1
A_HP_37	61	Picture	response32	5223330	251	1	40229	1	0	40000	hit	323
A_HP_37	61	Response	1	5230837	7759	1
A_HP_37	61	Pulse	99	5240348	17269	1
A_HP_37	61	Pulse	99	5260428	37349	1
A_HP_37	62	Picture	response28	5273789	310	1	40229	1	0	40000	hit	328
A_HP_37	62	Pulse	99	5280348	6869	1
A_HP_37	62	Response	1	5281096	7617	1
A_HP_37	62	Pulse	99	5300348	26869	1
A_HP_37	62	Pulse	99	5320428	46949	1
A_HP_37	63	Picture	thanks	5323747	0	1	10229	1	0	10000	other	0
A_HP_37	63	Pulse	99	5340348	16601	1


Event Type	Code	Type	Response	RT	RT Uncertainty	Time	Uncertainty	Duration	Uncertainty	ReqTime	ReqDur

Picture	ready	other				940662	1	10229	1	0	10000
Picture	ins12	other				1001215	1	30230	1	0	30000
Picture	response96	hit	2	12327	2	1321011	1	40229	1	0	40000
Picture	response90	hit	1	32518	2	1371470	1	40229	1	0	40000
Picture	response95	hit	2	10647	2	1421761	1	40229	1	0	40000
Picture	response93	hit	1	22299	2	1472219	1	40230	1	0	40000
Picture	response91	hit	2	9337	2	1522511	1	40229	1	0	40000
Picture	response94	hit	2	8488	2	1572970	1	40229	1	0	40000
Picture	response92	hit	1	21530	2	1623428	1	40229	1	0	40000
Picture	response89	hit	2	16609	2	1673720	1	40229	1	0	40000
Picture	ins2	other				1724178	1	30229	1	0	30000
Picture	response10	hit	2	25398	2	2041010	1	40229	1	0	40000
Picture	response15	hit	1	8060	2	2091468	1	40229	1	0	40000
Picture	response13	hit	2	12818	2	2141760	1	40229	1	0	40000
Picture	response9	hit	2	16609	2	2192219	1	40229	1	0	40000
Picture	response16	hit	2	7888	2	2242510	1	40229	1	0	40000
Picture	response14	hit	1	18969	2	2292968	1	40229	1	0	40000
Picture	response11	hit	1	12471	2	2343427	1	40229	1	0	40000
Picture	response12	hit	2	8598	2	2393719	1	40229	1	0	40000
Picture	ins20	other				2444177	1	30229	1	0	30000
Picture	response156	hit	1	20457	2	2761010	1	40229	1	0	40000
Picture	response153	hit	2	29069	2	2811468	1	40230	1	0	40000
Picture	response155	hit	2	16847	2	2861760	1	40229	1	0	40000
Picture	response154	hit	1	28568	2	2912219	1	40229	1	0	40000
Picture	response157	hit	2	17787	2	2962510	1	40229	1	0	40000
Picture	response160	hit	1	19759	2	3012968	1	40229	1	0	40000
Picture	response159	hit	1	14101	2	3063426	1	40229	1	0	40000
Picture	response158	hit	2	26390	2	3113718	1	40229	1	0	40000
Picture	ins18	other				3164176	1	30230	1	0	30000
Picture	response144	hit	2	30058	2	3481010	1	40229	1	0	40000
Picture	response143	hit	2	25230	2	3531468	1	40229	1	0	40000
Picture	response142	hit	1	30849	2	3581759	1	40230	1	0	40000
Picture	response141	hit	1	39440	2	3632218	1	40229	1	0	40000
Picture	response139	hit	2	18368	2	3682509	1	40229	1	0	40000
Picture	response138	hit	1	35490	2	3732968	1	40229	1	0	40000
Picture	response137	hit	2	23501	2	3783426	1	40229	1	0	40000
Picture	response140	hit	1	10430	2	3833717	1	40230	1	0	40000
Picture	ins10	other				3884176	1	30229	1	0	30000
Picture	response78	hit	2	24788	2	4201009	1	40230	1	0	40000
Picture	response77	hit	1	5769	2	4251468	1	40229	1	0	40000
Picture	response75	hit	1	12228	2	4301760	1	40229	1	0	40000
Picture	response74	hit	2	13019	2	4352218	1	40229	1	0	40000
Picture	response76	incorrect	1	5428	2	4402509	1	40229	1	0	40000
Picture	response73	hit	1	9539	2	4452968	1	40229	1	0	40000
Picture	response79	hit	1	18811	2	4503426	1	40229	1	0	40000
Picture	response80	hit	1	11059	2	4553718	1	40229	1	0	40000
Picture	ins4	other				4604176	1	30229	1	0	30000
Picture	response29	hit	2	5978	2	4920909	1	40230	1	0	40000
Picture	response30	hit	1	12844	2	4971203	1	40229	1	0	40000
Picture	response25	hit	1	14589	2	5021828	1	40230	1	0	40000
Picture	response27	hit	2	6427	2	5072120	1	40230	1	0	40000
Picture	response26	hit	2	6065	2	5122412	1	40230	1	0	40000
Picture	response31	hit	1	7755	2	5172871	1	40230	1	0	40000
Picture	response32	hit	1	7508	2	5223330	1	40229	1	0	40000
Picture	response28	hit	1	7307	2	5273789	1	40229	1	0	40000
Picture	thanks	other				5323747	1	10229	1	0	10000


{
   "app": "Presentation Version 21.0 Build 06.06.19",
   "device": "LENOVO 20KHCTO1WW",
   "experiment": "{C0C68DB1-10BA-42F2-8F79-3F2AFFEED4E4}",
   "os": "Windows 10 64 bit",
   "package": "",
   "parameters": {
      "configuration": "Default configuration"
   },
   "scenario": "Feature experiment(3).sce",
   "subject": "A_HP_37",
   "timestamp": "2019/12/04 06:43:00 GMT"
}
