Scenario - 
Logfile written - 10/31/2019 16:18:25

Subject	Trial	Event Type	Code	Time	TTime	Uncertainty	Duration	Uncertainty	ReqTime	ReqDur	Stim Type	Pair Index

A_HP_26	1	Response	3	228173	227007	1
A_HP_26	1	Pulse	99	228173	227007	1
A_HP_26	2	Picture	ready	228405	0	1	10229	1	0	10000	other	0
A_HP_26	2	Pulse	99	248173	19768	1
A_HP_26	2	Pulse	99	268173	39768	1
A_HP_26	2	Pulse	99	288173	59768	1
A_HP_26	3	Picture	ins18	288954	177	1	30229	1	0	30000	other	0
A_HP_26	3	Pulse	99	308173	19396	1
A_HP_26	3	Pulse	99	328173	39396	1
A_HP_26	3	Pulse	99	348173	59396	1
A_HP_26	3	Pulse	99	368173	79396	1
A_HP_26	3	Pulse	99	388173	99396	1
A_HP_26	3	Pulse	99	408173	119396	1
A_HP_26	3	Pulse	99	428173	139396	1
A_HP_26	3	Pulse	99	448173	159396	1
A_HP_26	3	Pulse	99	468173	179396	1
A_HP_26	3	Pulse	99	488173	199396	1
A_HP_26	3	Pulse	99	508173	219396	1
A_HP_26	3	Pulse	99	528173	239396	1
A_HP_26	3	Pulse	99	548173	259396	1
A_HP_26	3	Pulse	99	568173	279396	1
A_HP_26	3	Pulse	99	588173	299396	1
A_HP_26	4	Response	3	608173	9166	1
A_HP_26	4	Pulse	99	608173	9166	1
A_HP_26	5	Picture	response137	608807	230	1	40229	1	0	40000	hit	26
A_HP_26	5	Response	2	622112	13535	1
A_HP_26	5	Pulse	99	628173	19596	1
A_HP_26	5	Pulse	99	648173	39596	1
A_HP_26	6	Picture	response138	659265	288	1	40229	1	0	40000	hit	31
A_HP_26	6	Pulse	99	668173	9196	1
A_HP_26	6	Response	1	670751	11775	1
A_HP_26	6	Pulse	99	688173	29196	1
A_HP_26	6	Pulse	99	708173	49196	1
A_HP_26	7	Picture	response139	709557	180	1	40229	1	0	40000	hit	35
A_HP_26	7	Response	2	723932	14555	1
A_HP_26	7	Pulse	99	728173	18796	1
A_HP_26	7	Pulse	99	748173	38796	1
A_HP_26	8	Picture	response143	760015	238	1	40229	1	0	40000	hit	39
A_HP_26	8	Response	2	766641	6864	1
A_HP_26	8	Pulse	99	768173	8396	1
A_HP_26	8	Pulse	99	788173	28396	1
A_HP_26	8	Pulse	99	808173	48396	1
A_HP_26	9	Picture	response144	810472	296	1	40229	1	0	40000	hit	44
A_HP_26	9	Response	2	821931	11755	1
A_HP_26	9	Pulse	99	828172	17996	1
A_HP_26	9	Pulse	99	848173	37997	1
A_HP_26	10	Picture	response142	860764	188	1	40229	1	0	40000	hit	48
A_HP_26	10	Response	1	866501	5925	1
A_HP_26	10	Pulse	99	868172	7596	1
A_HP_26	10	Pulse	99	888172	27597	1
A_HP_26	10	Pulse	99	908173	47597	1
A_HP_26	11	Picture	response140	911055	79	1	40229	1	0	40000	hit	53
A_HP_26	11	Response	1	922311	11335	1
A_HP_26	11	Pulse	99	928172	17196	1
A_HP_26	11	Pulse	99	948172	37197	1
A_HP_26	12	Picture	response141	961680	304	1	40229	1	0	40000	hit	58
A_HP_26	12	Pulse	99	968173	6797	1
A_HP_26	12	Response	1	970271	8895	1
A_HP_26	12	Pulse	99	988172	26797	1
A_HP_26	12	Pulse	99	1008172	46796	1
A_HP_26	13	Picture	ins4	1011971	195	1	30229	1	0	30000	other	0
A_HP_26	13	Pulse	99	1028173	16397	1
A_HP_26	13	Pulse	99	1048173	36397	1
A_HP_26	13	Pulse	99	1068172	56396	1
A_HP_26	13	Pulse	99	1088172	76396	1
A_HP_26	13	Pulse	99	1108173	96397	1
A_HP_26	13	Pulse	99	1128172	116396	1
A_HP_26	13	Pulse	99	1148173	136397	1
A_HP_26	13	Pulse	99	1168173	156397	1
A_HP_26	13	Pulse	99	1188172	176396	1
A_HP_26	13	Pulse	99	1208173	196397	1
A_HP_26	13	Pulse	99	1228172	216396	1
A_HP_26	13	Pulse	99	1248172	236396	1
A_HP_26	13	Pulse	99	1268173	256397	1
A_HP_26	13	Pulse	99	1288173	276397	1
A_HP_26	13	Pulse	99	1308173	296397	1
A_HP_26	14	Response	3	1328173	6167	1
A_HP_26	14	Pulse	99	1328173	6167	1
A_HP_26	15	Picture	response30	1328806	230	1	40229	1	0	40000	hit	80
A_HP_26	15	Response	1	1333892	5315	1
A_HP_26	15	Pulse	99	1348173	19596	1
A_HP_26	15	Pulse	99	1368173	39597	1
A_HP_26	16	Picture	response26	1379263	287	1	40229	1	0	40000	hit	84
A_HP_26	16	Response	2	1383452	4475	1
A_HP_26	16	Pulse	99	1388172	9196	1
A_HP_26	16	Pulse	99	1408173	29196	1
A_HP_26	16	Pulse	99	1428173	49196	1
A_HP_26	17	Picture	response32	1429555	178	1	40229	1	0	40000	hit	89
A_HP_26	17	Response	1	1433141	3765	1
A_HP_26	17	Pulse	99	1448173	18797	1
A_HP_26	17	Pulse	99	1468173	38796	1
A_HP_26	18	Picture	response28	1480013	236	1	40229	1	0	40000	hit	93
A_HP_26	18	Response	1	1483152	3375	1
A_HP_26	18	Pulse	99	1488172	8396	1
A_HP_26	18	Pulse	99	1508172	28396	1
A_HP_26	18	Pulse	99	1528172	48396	1
A_HP_26	19	Picture	response25	1530471	295	1	40230	1	0	40000	hit	98
A_HP_26	19	Response	1	1534721	4546	1
A_HP_26	19	Pulse	99	1548172	17997	1
A_HP_26	19	Pulse	99	1568172	37997	1
A_HP_26	20	Picture	response31	1580763	186	1	40229	1	0	40000	hit	102
A_HP_26	20	Response	1	1585382	4805	1
A_HP_26	20	Pulse	99	1588172	7596	1
A_HP_26	20	Pulse	99	1608173	27596	1
A_HP_26	20	Pulse	99	1628173	47596	1
A_HP_26	21	Picture	response29	1631221	245	1	40229	1	0	40000	hit	107
A_HP_26	21	Response	2	1636351	5375	1
A_HP_26	21	Pulse	99	1648172	17196	1
A_HP_26	21	Pulse	99	1668173	37196	1
A_HP_26	22	Picture	response27	1681657	280	1	40229	1	0	40000	hit	111
A_HP_26	22	Response	2	1685261	3885	1
A_HP_26	22	Pulse	99	1688172	6796	1
A_HP_26	22	Pulse	99	1708173	26796	1
A_HP_26	22	Pulse	99	1728173	46796	1
A_HP_26	23	Picture	ins10	1731948	172	1	30229	1	0	30000	other	0
A_HP_26	23	Pulse	99	1748172	16396	1
A_HP_26	23	Pulse	99	1768173	36396	1
A_HP_26	23	Pulse	99	1788172	56396	1
A_HP_26	23	Pulse	99	1808172	76396	1
A_HP_26	23	Pulse	99	1828173	96396	1
A_HP_26	23	Pulse	99	1848173	116396	1
A_HP_26	23	Pulse	99	1868173	136396	1
A_HP_26	23	Pulse	99	1888172	156396	1
A_HP_26	23	Pulse	99	1908173	176396	1
A_HP_26	23	Pulse	99	1928173	196396	1
A_HP_26	23	Pulse	99	1948172	216396	1
A_HP_26	23	Pulse	99	1968172	236396	1
A_HP_26	23	Pulse	99	1988172	256396	1
A_HP_26	23	Pulse	99	2008172	276396	1
A_HP_26	23	Pulse	99	2028172	296396	1
A_HP_26	24	Response	3	2048172	6166	1
A_HP_26	24	Pulse	99	2048172	6166	1
A_HP_26	25	Picture	response73	2048806	230	1	40229	1	0	40000	hit	134
A_HP_26	25	Response	1	2052981	4405	1
A_HP_26	25	Pulse	99	2068172	19596	1
A_HP_26	25	Pulse	99	2088172	39596	1
A_HP_26	26	Picture	response75	2099098	123	1	40229	1	0	40000	hit	139
A_HP_26	26	Pulse	99	2108172	9197	1
A_HP_26	26	Response	1	2109590	10615	1
A_HP_26	26	Pulse	99	2128172	29197	1
A_HP_26	26	Pulse	99	2148172	49197	1
A_HP_26	27	Picture	response80	2149556	181	1	40229	1	0	40000	hit	143
A_HP_26	27	Response	1	2157301	7925	1
A_HP_26	27	Pulse	99	2168172	18796	1
A_HP_26	27	Pulse	99	2188172	38797	1
A_HP_26	28	Picture	response76	2200014	239	1	40229	1	0	40000	hit	147
A_HP_26	28	Response	2	2207001	7226	1
A_HP_26	28	Pulse	99	2208171	8396	1
A_HP_26	28	Pulse	99	2228172	28397	1
A_HP_26	28	Pulse	99	2248172	48397	1
A_HP_26	29	Picture	response74	2250472	296	1	40229	1	0	40000	hit	152
A_HP_26	29	Response	2	2254761	4585	1
A_HP_26	29	Pulse	99	2268173	17997	1
A_HP_26	29	Pulse	99	2288172	37996	1
A_HP_26	30	Picture	response78	2300763	187	1	40229	1	0	40000	hit	157
A_HP_26	30	Pulse	99	2308172	7596	1
A_HP_26	30	Response	2	2312741	12165	1
A_HP_26	30	Pulse	99	2328172	27596	1
A_HP_26	30	Pulse	99	2348172	47596	1
A_HP_26	31	Picture	response77	2351220	244	1	40229	1	0	40000	hit	161
A_HP_26	31	Response	1	2358032	7056	1
A_HP_26	31	Pulse	99	2368172	17196	1
A_HP_26	31	Pulse	99	2388172	37196	1
A_HP_26	32	Picture	response79	2401678	302	1	40229	1	0	40000	hit	165
A_HP_26	32	Response	1	2406711	5335	1
A_HP_26	32	Pulse	99	2408172	6796	1
A_HP_26	32	Pulse	99	2428172	26796	1
A_HP_26	32	Pulse	99	2448172	46796	1
A_HP_26	33	Picture	ins12	2451970	194	1	30229	1	0	30000	other	0
A_HP_26	33	Pulse	99	2468172	16396	1
A_HP_26	33	Pulse	99	2488172	36396	1
A_HP_26	33	Pulse	99	2508172	56396	1
A_HP_26	33	Pulse	99	2528172	76396	1
A_HP_26	33	Pulse	99	2548172	96396	1
A_HP_26	33	Pulse	99	2568172	116396	1
A_HP_26	33	Pulse	99	2588172	136396	1
A_HP_26	33	Pulse	99	2608172	156396	1
A_HP_26	33	Pulse	99	2628172	176396	1
A_HP_26	33	Pulse	99	2648172	196396	1
A_HP_26	33	Pulse	99	2668172	216396	1
A_HP_26	33	Pulse	99	2688172	236396	1
A_HP_26	33	Pulse	99	2708172	256396	1
A_HP_26	33	Pulse	99	2728172	276396	1
A_HP_26	33	Pulse	99	2748172	296396	1
A_HP_26	34	Response	3	2768172	6166	1
A_HP_26	34	Pulse	99	2768172	6166	1
A_HP_26	35	Picture	response95	2768805	230	1	40229	1	0	40000	hit	188
A_HP_26	35	Response	2	2774960	6385	1
A_HP_26	35	Pulse	99	2788172	19596	1
A_HP_26	35	Pulse	99	2808172	39596	1
A_HP_26	36	Picture	response89	2819263	287	1	40229	1	0	40000	hit	193
A_HP_26	36	Pulse	99	2828172	9196	1
A_HP_26	36	Response	2	2831110	12135	1
A_HP_26	36	Pulse	99	2848172	29196	1
A_HP_26	36	Pulse	99	2868172	49196	1
A_HP_26	37	Picture	response90	2869555	179	1	40229	1	0	40000	hit	197
A_HP_26	37	Response	1	2876601	7225	1
A_HP_26	37	Pulse	99	2888172	18796	1
A_HP_26	37	Pulse	99	2908172	38796	1
A_HP_26	38	Picture	response92	2920013	238	1	40229	1	0	40000	hit	202
A_HP_26	38	Pulse	99	2928173	8397	1
A_HP_26	38	Response	1	2930060	10284	1
A_HP_26	38	Pulse	99	2948172	28396	1
A_HP_26	38	Pulse	99	2968172	48396	1
A_HP_26	39	Picture	response94	2970472	296	1	40229	1	0	40000	hit	206
A_HP_26	39	Response	2	2976241	6065	1
A_HP_26	39	Pulse	99	2988172	17996	1
A_HP_26	39	Pulse	99	3008172	37996	1
A_HP_26	40	Picture	response93	3020763	188	1	40229	1	0	40000	hit	210
A_HP_26	40	Response	1	3026971	6395	1
A_HP_26	40	Pulse	99	3028172	7596	1
A_HP_26	40	Pulse	99	3048172	27596	1
A_HP_26	40	Pulse	99	3068172	47596	1
A_HP_26	41	Picture	response96	3071222	246	1	40229	1	0	40000	hit	215
A_HP_26	41	Response	2	3084011	13035	1
A_HP_26	41	Pulse	99	3088171	17196	1
A_HP_26	41	Pulse	99	3108172	37196	1
A_HP_26	42	Picture	response91	3121680	304	1	40229	1	0	40000	hit	219
A_HP_26	42	Response	2	3127691	6315	1
A_HP_26	42	Pulse	99	3128172	6796	1
A_HP_26	42	Pulse	99	3148172	26796	1
A_HP_26	42	Pulse	99	3168172	46796	1
A_HP_26	43	Picture	ins2	3171971	196	1	30229	1	0	30000	other	0
A_HP_26	43	Pulse	99	3188172	16396	1
A_HP_26	43	Pulse	99	3208172	36396	1
A_HP_26	43	Pulse	99	3228171	56396	1
A_HP_26	43	Pulse	99	3248170	76395	1
A_HP_26	43	Pulse	99	3268172	96396	1
A_HP_26	43	Pulse	99	3288172	116396	1
A_HP_26	43	Pulse	99	3308172	136397	1
A_HP_26	43	Pulse	99	3328172	156397	1
A_HP_26	43	Pulse	99	3348172	176396	1
A_HP_26	43	Pulse	99	3368172	196396	1
A_HP_26	43	Pulse	99	3388172	216396	1
A_HP_26	43	Pulse	99	3408172	236396	1
A_HP_26	43	Pulse	99	3428172	256396	1
A_HP_26	43	Pulse	99	3448172	276396	1
A_HP_26	43	Pulse	99	3468172	296396	1
A_HP_26	44	Response	3	3488172	6284	1
A_HP_26	44	Pulse	99	3488172	6284	1
A_HP_26	45	Picture	response11	3488805	230	1	40229	1	0	40000	hit	242
A_HP_26	45	Response	1	3493310	4735	1
A_HP_26	45	Pulse	99	3508172	19596	1
A_HP_26	45	Pulse	99	3528172	39596	1
A_HP_26	46	Picture	response10	3539263	288	1	40229	1	0	40000	hit	246
A_HP_26	46	Response	2	3542700	3725	1
A_HP_26	46	Pulse	99	3548171	9196	1
A_HP_26	46	Pulse	99	3568172	29196	1
A_HP_26	46	Pulse	99	3588172	49196	1
A_HP_26	47	Picture	response14	3589555	180	1	40229	1	0	40000	hit	251
A_HP_26	47	Response	1	3593690	4315	1
A_HP_26	47	Pulse	99	3608172	18796	1
A_HP_26	47	Pulse	99	3628172	38796	1
A_HP_26	48	Picture	response13	3640013	237	1	40229	1	0	40000	hit	255
A_HP_26	48	Response	2	3643770	3995	1
A_HP_26	48	Pulse	99	3648171	8396	1
A_HP_26	48	Pulse	99	3668172	28396	1
A_HP_26	48	Pulse	99	3688172	48396	1
A_HP_26	49	Picture	response16	3690470	295	1	40229	1	0	40000	hit	260
A_HP_26	49	Response	2	3695890	5715	1
A_HP_26	49	Pulse	99	3708171	17996	1
A_HP_26	49	Pulse	99	3728171	37996	1
A_HP_26	50	Picture	response9	3740761	187	1	40229	1	0	40000	hit	264
A_HP_26	50	Response	2	3744790	4216	1
A_HP_26	50	Pulse	99	3748171	7596	1
A_HP_26	50	Pulse	99	3768171	27597	1
A_HP_26	50	Pulse	99	3788171	47597	1
A_HP_26	51	Picture	response12	3791053	78	1	40229	1	0	40000	hit	269
A_HP_26	51	Response	2	3795010	4035	1
A_HP_26	51	Pulse	99	3808171	17196	1
A_HP_26	51	Pulse	99	3828171	37196	1
A_HP_26	52	Picture	response15	3841678	303	1	40229	1	0	40000	hit	273
A_HP_26	52	Response	1	3845651	4275	1
A_HP_26	52	Pulse	99	3848171	6796	1
A_HP_26	52	Pulse	99	3868172	26796	1
A_HP_26	52	Pulse	99	3888172	46796	1
A_HP_26	53	Picture	ins20	3891969	194	1	30229	1	0	30000	other	0
A_HP_26	53	Pulse	99	3908171	16396	1
A_HP_26	53	Pulse	99	3928172	36396	1
A_HP_26	53	Pulse	99	3948172	56396	1
A_HP_26	53	Pulse	99	3968171	76396	1
A_HP_26	53	Pulse	99	3988172	96396	1
A_HP_26	53	Pulse	99	4008171	116396	1
A_HP_26	53	Pulse	99	4028171	136396	1
A_HP_26	53	Pulse	99	4048172	156396	1
A_HP_26	53	Pulse	99	4068171	176396	1
A_HP_26	53	Pulse	99	4088171	196395	1
A_HP_26	53	Pulse	99	4108171	216396	1
A_HP_26	53	Pulse	99	4128171	236396	1
A_HP_26	53	Pulse	99	4148171	256396	1
A_HP_26	53	Pulse	99	4168172	276396	1
A_HP_26	53	Pulse	99	4188171	296396	1
A_HP_26	54	Response	3	4208171	6165	1
A_HP_26	54	Pulse	99	4208171	6165	1
A_HP_26	55	Picture	response156	4208805	230	1	40229	1	0	40000	hit	296
A_HP_26	55	Response	1	4215600	7025	1
A_HP_26	55	Pulse	99	4228171	19596	1
A_HP_26	55	Pulse	99	4248171	39596	1
A_HP_26	56	Picture	response159	4259263	289	1	40229	1	0	40000	hit	300
A_HP_26	56	Response	1	4265160	6185	1
A_HP_26	56	Pulse	99	4268171	9196	1
A_HP_26	56	Pulse	99	4288171	29197	1
A_HP_26	56	Pulse	99	4308169	49195	1
A_HP_26	57	Picture	response154	4309555	181	1	40229	1	0	40000	hit	305
A_HP_26	57	Response	1	4315410	6035	1
A_HP_26	57	Pulse	99	4328171	18796	1
A_HP_26	57	Pulse	99	4348171	38797	1
A_HP_26	58	Picture	response157	4360013	238	1	40230	1	0	40000	hit	309
A_HP_26	58	Response	2	4366210	6435	1
A_HP_26	58	Pulse	99	4368170	8396	1
A_HP_26	58	Pulse	99	4388171	28397	1
A_HP_26	58	Pulse	99	4408171	48397	1
A_HP_26	59	Picture	response153	4410472	298	1	40230	1	0	40000	hit	314
A_HP_26	59	Response	2	4418780	8605	1
A_HP_26	59	Pulse	99	4428171	17997	1
A_HP_26	59	Pulse	99	4448171	37997	1
A_HP_26	60	Picture	response160	4460764	189	1	40229	1	0	40000	hit	319
A_HP_26	60	Pulse	99	4468171	7596	1
A_HP_26	60	Response	1	4470749	10175	1
A_HP_26	60	Pulse	99	4488171	27596	1
A_HP_26	60	Pulse	99	4508171	47596	1
A_HP_26	61	Picture	response158	4511222	247	1	40229	1	0	40000	hit	323
A_HP_26	61	Response	2	4521060	10085	1
A_HP_26	61	Pulse	99	4528171	17196	1
A_HP_26	61	Pulse	99	4548171	37196	1
A_HP_26	62	Picture	response155	4561680	306	1	40229	1	0	40000	hit	328
A_HP_26	62	Pulse	99	4568171	6796	1
A_HP_26	62	Response	2	4568539	7165	1
A_HP_26	62	Pulse	99	4588171	26796	1
A_HP_26	62	Pulse	99	4608171	46796	1
A_HP_26	63	Picture	thanks	4611639	0	1	10229	1	0	10000	other	0
A_HP_26	63	Pulse	99	4628171	16532	1


Event Type	Code	Type	Response	RT	RT Uncertainty	Time	Uncertainty	Duration	Uncertainty	ReqTime	ReqDur

Picture	ready	other				228405	1	10229	1	0	10000
Picture	ins18	other				288954	1	30229	1	0	30000
Picture	response137	hit	2	13305	2	608807	1	40229	1	0	40000
Picture	response138	hit	1	11486	2	659265	1	40229	1	0	40000
Picture	response139	hit	2	14375	2	709557	1	40229	1	0	40000
Picture	response143	hit	2	6626	2	760015	1	40229	1	0	40000
Picture	response144	hit	2	11459	2	810472	1	40229	1	0	40000
Picture	response142	hit	1	5738	2	860764	1	40229	1	0	40000
Picture	response140	hit	1	11256	2	911055	1	40229	1	0	40000
Picture	response141	hit	1	8591	2	961680	1	40229	1	0	40000
Picture	ins4	other				1011971	1	30229	1	0	30000
Picture	response30	hit	1	5086	2	1328806	1	40229	1	0	40000
Picture	response26	hit	2	4188	2	1379263	1	40229	1	0	40000
Picture	response32	hit	1	3587	2	1429555	1	40229	1	0	40000
Picture	response28	hit	1	3139	2	1480013	1	40229	1	0	40000
Picture	response25	hit	1	4251	2	1530471	1	40230	1	0	40000
Picture	response31	hit	1	4619	2	1580763	1	40229	1	0	40000
Picture	response29	hit	2	5130	2	1631221	1	40229	1	0	40000
Picture	response27	hit	2	3604	2	1681657	1	40229	1	0	40000
Picture	ins10	other				1731948	1	30229	1	0	30000
Picture	response73	hit	1	4175	2	2048806	1	40229	1	0	40000
Picture	response75	hit	1	10492	2	2099098	1	40229	1	0	40000
Picture	response80	hit	1	7745	2	2149556	1	40229	1	0	40000
Picture	response76	hit	2	6987	2	2200014	1	40229	1	0	40000
Picture	response74	hit	2	4289	2	2250472	1	40229	1	0	40000
Picture	response78	hit	2	11978	2	2300763	1	40229	1	0	40000
Picture	response77	hit	1	6811	2	2351220	1	40229	1	0	40000
Picture	response79	hit	1	5033	2	2401678	1	40229	1	0	40000
Picture	ins12	other				2451970	1	30229	1	0	30000
Picture	response95	hit	2	6155	2	2768805	1	40229	1	0	40000
Picture	response89	hit	2	11847	2	2819263	1	40229	1	0	40000
Picture	response90	hit	1	7046	2	2869555	1	40229	1	0	40000
Picture	response92	hit	1	10047	2	2920013	1	40229	1	0	40000
Picture	response94	hit	2	5769	2	2970472	1	40229	1	0	40000
Picture	response93	hit	1	6208	2	3020763	1	40229	1	0	40000
Picture	response96	hit	2	12789	2	3071222	1	40229	1	0	40000
Picture	response91	hit	2	6011	2	3121680	1	40229	1	0	40000
Picture	ins2	other				3171971	1	30229	1	0	30000
Picture	response11	hit	1	4505	2	3488805	1	40229	1	0	40000
Picture	response10	hit	2	3437	2	3539263	1	40229	1	0	40000
Picture	response14	hit	1	4135	2	3589555	1	40229	1	0	40000
Picture	response13	hit	2	3758	2	3640013	1	40229	1	0	40000
Picture	response16	hit	2	5420	2	3690470	1	40229	1	0	40000
Picture	response9	hit	2	4029	2	3740761	1	40229	1	0	40000
Picture	response12	hit	2	3957	2	3791053	1	40229	1	0	40000
Picture	response15	hit	1	3973	2	3841678	1	40229	1	0	40000
Picture	ins20	other				3891969	1	30229	1	0	30000
Picture	response156	hit	1	6795	2	4208805	1	40229	1	0	40000
Picture	response159	hit	1	5897	2	4259263	1	40229	1	0	40000
Picture	response154	hit	1	5855	2	4309555	1	40229	1	0	40000
Picture	response157	hit	2	6197	2	4360013	1	40230	1	0	40000
Picture	response153	hit	2	8308	2	4410472	1	40230	1	0	40000
Picture	response160	hit	1	9986	2	4460764	1	40229	1	0	40000
Picture	response158	hit	2	9838	2	4511222	1	40229	1	0	40000
Picture	response155	hit	2	6859	2	4561680	1	40229	1	0	40000
Picture	thanks	other				4611639	1	10229	1	0	10000


{
   "app": "Presentation Version 21.0 Build 06.06.19",
   "device": "LENOVO 20KHCTO1WW",
   "experiment": "{C0C68DB1-10BA-42F2-8F79-3F2AFFEED4E4}",
   "os": "Windows 10 64 bit",
   "package": "",
   "parameters": {
      "configuration": "Default configuration"
   },
   "scenario": "Feature experiment(3).sce",
   "subject": "A_HP_26",
   "timestamp": "2019/10/31 07:10:33 GMT"
}
