Scenario - 
Logfile written - 09/27/2019 15:41:33

Subject	Trial	Event Type	Code	Time	TTime	Uncertainty	Duration	Uncertainty	ReqTime	ReqDur	Stim Type	Pair Index

A_HP_17	1	Response	3	249967	249134	1
A_HP_17	1	Pulse	99	249967	249134	1
A_HP_17	2	Picture	ready	250199	0	1	10230	1	0	10000	other	0
A_HP_17	2	Pulse	99	270047	19848	1
A_HP_17	2	Pulse	99	289967	39768	1
A_HP_17	2	Pulse	99	309967	59768	1
A_HP_17	3	Picture	ins10	310778	233	1	30230	1	0	30000	other	0
A_HP_17	3	Pulse	99	330047	19503	1
A_HP_17	3	Pulse	99	349967	39422	1
A_HP_17	3	Pulse	99	369967	59422	1
A_HP_17	3	Pulse	99	390047	79502	1
A_HP_17	3	Pulse	99	409967	99422	1
A_HP_17	3	Pulse	99	429967	119422	1
A_HP_17	3	Pulse	99	450047	139502	1
A_HP_17	3	Pulse	99	469967	159422	1
A_HP_17	3	Pulse	99	489967	179422	1
A_HP_17	3	Pulse	99	510048	199503	1
A_HP_17	3	Pulse	99	529967	219422	1
A_HP_17	3	Pulse	99	549967	239422	1
A_HP_17	3	Pulse	99	570048	259503	1
A_HP_17	3	Pulse	99	589968	279423	1
A_HP_17	3	Pulse	99	609968	299423	1
A_HP_17	4	Response	3	630048	9273	1
A_HP_17	4	Pulse	99	630048	9273	1
A_HP_17	5	Picture	response80	630674	229	1	40229	1	0	40000	hit	26
A_HP_17	5	Response	1	645296	14852	1
A_HP_17	5	Pulse	99	649967	19522	1
A_HP_17	5	Pulse	99	669968	39523	1
A_HP_17	6	Picture	response73	680965	120	1	40229	1	0	40000	hit	31
A_HP_17	6	Pulse	99	690048	9203	1
A_HP_17	6	Response	1	690595	9750	1
A_HP_17	6	Pulse	99	710048	29203	1
A_HP_17	6	Pulse	99	729968	49123	1
A_HP_17	7	Picture	response76	731424	180	1	40230	1	0	40000	hit	36
A_HP_17	7	Pulse	99	749968	18724	1
A_HP_17	7	Response	2	752417	21172	1
A_HP_17	7	Pulse	99	770048	38804	1
A_HP_17	8	Picture	response77	781882	237	1	40229	1	0	40000	hit	40
A_HP_17	8	Pulse	99	789968	8323	1
A_HP_17	8	Response	1	790546	8901	1
A_HP_17	8	Pulse	99	809968	28322	1
A_HP_17	8	Pulse	99	830048	48403	1
A_HP_17	9	Picture	response74	832341	296	1	40229	1	0	40000	hit	45
A_HP_17	9	Pulse	99	849968	17923	1
A_HP_17	9	Response	2	851156	19111	1
A_HP_17	9	Pulse	99	869968	37923	1
A_HP_17	10	Picture	response75	882632	188	1	40229	1	0	40000	hit	49
A_HP_17	10	Pulse	99	890048	7603	1
A_HP_17	10	Response	1	897836	15392	1
A_HP_17	10	Pulse	99	909968	27523	1
A_HP_17	10	Pulse	99	929968	47523	1
A_HP_17	11	Picture	response79	932924	79	1	40230	1	0	40000	hit	53
A_HP_17	11	Response	1	948157	15312	1
A_HP_17	11	Pulse	99	950048	17203	1
A_HP_17	11	Pulse	99	969968	37123	1
A_HP_17	12	Picture	response78	983549	304	1	40229	1	0	40000	hit	58
A_HP_17	12	Pulse	99	989968	6723	1
A_HP_17	12	Response	2	1007247	24002	1
A_HP_17	12	Pulse	99	1010047	26802	1
A_HP_17	12	Pulse	99	1029968	46723	1
A_HP_17	13	Picture	ins18	1033840	195	1	30396	1	0	30000	other	0
A_HP_17	13	Pulse	99	1049968	16323	1
A_HP_17	13	Pulse	99	1070048	36403	1
A_HP_17	13	Pulse	99	1089968	56323	1
A_HP_17	13	Pulse	99	1109968	76323	1
A_HP_17	13	Pulse	99	1130048	96403	1
A_HP_17	13	Pulse	99	1149969	116323	1
A_HP_17	13	Pulse	99	1169968	136323	1
A_HP_17	13	Pulse	99	1189969	156323	1
A_HP_17	13	Pulse	99	1209969	176324	1
A_HP_17	13	Pulse	99	1229969	196323	1
A_HP_17	13	Pulse	99	1249969	216323	1
A_HP_17	13	Pulse	99	1269968	236323	1
A_HP_17	13	Pulse	99	1289969	256324	1
A_HP_17	13	Pulse	99	1309969	276324	1
A_HP_17	13	Pulse	99	1329969	296324	1
A_HP_17	14	Response	3	1349969	6093	1
A_HP_17	14	Pulse	99	1349969	6093	1
A_HP_17	15	Picture	response144	1350576	230	1	40229	1	0	40000	hit	80
A_HP_17	15	Response	2	1361077	10731	1
A_HP_17	15	Pulse	99	1369969	19622	1
A_HP_17	15	Pulse	99	1390049	39703	1
A_HP_17	16	Picture	response142	1401035	289	1	40229	1	0	40000	hit	85
A_HP_17	16	Pulse	99	1409969	9223	1
A_HP_17	16	Response	1	1419148	18402	1
A_HP_17	16	Pulse	99	1429969	29223	1
A_HP_17	16	Pulse	99	1450049	49303	1
A_HP_17	17	Picture	response143	1451326	180	1	40229	1	0	40000	hit	90
A_HP_17	17	Pulse	99	1469969	18823	1
A_HP_17	17	Response	2	1470457	19311	1
A_HP_17	17	Pulse	99	1489969	38823	1
A_HP_17	18	Picture	response139	1501784	238	1	40229	1	0	40000	hit	94
A_HP_17	18	Pulse	99	1510049	8503	1
A_HP_17	18	Response	2	1525368	23822	1
A_HP_17	18	Pulse	99	1529968	28422	1
A_HP_17	18	Pulse	99	1549969	48423	1
A_HP_17	19	Picture	response138	1552076	130	1	40229	1	0	40000	hit	99
A_HP_17	19	Pulse	99	1570049	18103	1
A_HP_17	19	Response	1	1574648	22701	1
A_HP_17	19	Pulse	99	1589969	38023	1
A_HP_17	20	Picture	response140	1602534	188	1	40229	1	0	40000	hit	103
A_HP_17	20	Pulse	99	1609969	7622	1
A_HP_17	20	Response	1	1624258	21912	1
A_HP_17	20	Pulse	99	1630048	27702	1
A_HP_17	20	Pulse	99	1649969	47622	1
A_HP_17	21	Picture	response141	1652993	246	1	40229	1	0	40000	hit	107
A_HP_17	21	Response	1	1663798	11051	1
A_HP_17	21	Pulse	99	1669968	17222	1
A_HP_17	21	Pulse	99	1689969	37222	1
A_HP_17	22	Picture	response137	1703284	137	1	40229	1	0	40000	hit	112
A_HP_17	22	Pulse	99	1709969	6822	1
A_HP_17	22	Response	2	1722118	18971	1
A_HP_17	22	Pulse	99	1729969	26822	1
A_HP_17	22	Pulse	99	1749969	46822	1
A_HP_17	23	Picture	ins2	1753743	196	1	30229	1	0	30000	other	0
A_HP_17	23	Pulse	99	1769969	16423	1
A_HP_17	23	Pulse	99	1789969	36422	1
A_HP_17	23	Pulse	99	1809969	56423	1
A_HP_17	23	Pulse	99	1829969	76423	1
A_HP_17	23	Pulse	99	1849969	96423	1
A_HP_17	23	Pulse	99	1869969	116423	1
A_HP_17	23	Pulse	99	1889969	136423	1
A_HP_17	23	Pulse	99	1909970	156423	1
A_HP_17	23	Pulse	99	1929970	176423	1
A_HP_17	23	Pulse	99	1949970	196423	1
A_HP_17	23	Pulse	99	1969970	216423	1
A_HP_17	23	Pulse	99	1989969	236423	1
A_HP_17	23	Pulse	99	2009970	256423	1
A_HP_17	23	Pulse	99	2029969	276423	1
A_HP_17	23	Pulse	99	2049970	296423	1
A_HP_17	24	Response	3	2070050	6273	1
A_HP_17	24	Pulse	99	2070050	6273	1
A_HP_17	25	Picture	response10	2070677	230	1	40229	1	0	40000	hit	134
A_HP_17	25	Response	2	2078068	7621	1
A_HP_17	25	Pulse	99	2089970	19522	1
A_HP_17	25	Pulse	99	2109970	39522	1
A_HP_17	26	Picture	response15	2120969	122	1	40229	1	0	40000	hit	139
A_HP_17	26	Pulse	99	2130050	9203	1
A_HP_17	26	Response	1	2136758	15911	1
A_HP_17	26	Pulse	99	2149970	29123	1
A_HP_17	26	Pulse	99	2169970	49123	1
A_HP_17	27	Picture	response13	2171427	181	1	40229	1	0	40000	hit	143
A_HP_17	27	Response	2	2177558	6312	1
A_HP_17	27	Pulse	99	2189970	18724	1
A_HP_17	27	Pulse	99	2209970	38724	1
A_HP_17	28	Picture	response16	2221885	238	1	40229	1	0	40000	hit	147
A_HP_17	28	Response	2	2227928	6281	1
A_HP_17	28	Pulse	99	2229969	8322	1
A_HP_17	28	Pulse	99	2249970	28322	1
A_HP_17	28	Pulse	99	2269970	48323	1
A_HP_17	29	Picture	response14	2272343	296	1	40229	1	0	40000	hit	152
A_HP_17	29	Response	1	2278749	6702	1
A_HP_17	29	Pulse	99	2289970	17923	1
A_HP_17	29	Pulse	99	2309970	37923	1
A_HP_17	30	Picture	response11	2322635	188	1	40229	1	0	40000	hit	156
A_HP_17	30	Response	1	2327589	5142	1
A_HP_17	30	Pulse	99	2329970	7523	1
A_HP_17	30	Pulse	99	2349970	27523	1
A_HP_17	30	Pulse	99	2369970	47523	1
A_HP_17	31	Picture	response12	2372927	80	1	40229	1	0	40000	hit	161
A_HP_17	31	Response	2	2379349	6502	1
A_HP_17	31	Pulse	99	2389970	17123	1
A_HP_17	31	Pulse	99	2409970	37123	1
A_HP_17	32	Picture	response9	2423551	304	1	40229	1	0	40000	hit	166
A_HP_17	32	Pulse	99	2429970	6723	1
A_HP_17	32	Response	2	2432738	9490	1
A_HP_17	32	Pulse	99	2449970	26723	1
A_HP_17	32	Pulse	99	2469970	46723	1
A_HP_17	33	Picture	ins12	2473843	196	1	30229	1	0	30000	other	0
A_HP_17	33	Pulse	99	2489971	16323	1
A_HP_17	33	Pulse	99	2509971	36323	1
A_HP_17	33	Pulse	99	2529971	56323	1
A_HP_17	33	Pulse	99	2549971	76323	1
A_HP_17	33	Pulse	99	2569971	96323	1
A_HP_17	33	Pulse	99	2589971	116323	1
A_HP_17	33	Pulse	99	2609971	136323	1
A_HP_17	33	Pulse	99	2629971	156323	1
A_HP_17	33	Pulse	99	2649971	176323	1
A_HP_17	33	Pulse	99	2669971	196323	1
A_HP_17	33	Pulse	99	2689971	216323	1
A_HP_17	33	Pulse	99	2709971	236323	1
A_HP_17	33	Pulse	99	2729971	256323	1
A_HP_17	33	Pulse	99	2749971	276323	1
A_HP_17	33	Pulse	99	2769971	296323	1
A_HP_17	34	Response	3	2789971	6093	1
A_HP_17	34	Pulse	99	2789971	6093	1
A_HP_17	35	Picture	response96	2790578	230	1	40229	1	0	40000	hit	188
A_HP_17	35	Response	2	2806310	15961	1
A_HP_17	35	Pulse	99	2809970	19622	1
A_HP_17	35	Pulse	99	2829971	39623	1
A_HP_17	36	Picture	response92	2841036	287	1	40229	1	0	40000	hit	192
A_HP_17	36	Response	1	2849190	8441	1
A_HP_17	36	Pulse	99	2849971	9223	1
A_HP_17	36	Pulse	99	2869971	29222	1
A_HP_17	36	Pulse	99	2889971	49223	1
A_HP_17	37	Picture	response91	2891327	179	1	40229	1	0	40000	hit	197
A_HP_17	37	Response	2	2899610	8462	1
A_HP_17	37	Pulse	99	2909970	18823	1
A_HP_17	37	Pulse	99	2929971	38823	1
A_HP_17	38	Picture	response94	2941784	236	1	40229	1	0	40000	hit	201
A_HP_17	38	Response	2	2949260	7712	1
A_HP_17	38	Pulse	99	2949970	8423	1
A_HP_17	38	Pulse	99	2969971	28423	1
A_HP_17	38	Pulse	99	2989971	48423	1
A_HP_17	39	Picture	response90	2992076	128	1	40229	1	0	40000	hit	207
A_HP_17	39	Pulse	99	3009971	18023	1
A_HP_17	39	Response	1	3012780	20832	1
A_HP_17	39	Pulse	99	3029971	38023	1
A_HP_17	40	Picture	response95	3042533	186	1	40229	1	0	40000	hit	210
A_HP_17	40	Response	2	3049190	6842	1
A_HP_17	40	Pulse	99	3049970	7623	1
A_HP_17	40	Pulse	99	3069971	27624	1
A_HP_17	40	Pulse	99	3089971	47624	1
A_HP_17	41	Picture	response93	3092991	243	1	40229	1	0	40000	hit	215
A_HP_17	41	Response	1	3107500	14752	1
A_HP_17	41	Pulse	99	3109971	17223	1
A_HP_17	41	Pulse	99	3129971	37223	1
A_HP_17	42	Picture	response89	3143282	134	1	40229	1	0	40000	hit	220
A_HP_17	42	Pulse	99	3149971	6823	1
A_HP_17	42	Response	2	3159110	15962	1
A_HP_17	42	Pulse	99	3169971	26823	1
A_HP_17	42	Pulse	99	3189971	46823	1
A_HP_17	43	Picture	ins20	3193740	192	1	30229	1	0	30000	other	0
A_HP_17	43	Pulse	99	3209971	16423	1
A_HP_17	43	Pulse	99	3229971	36423	1
A_HP_17	43	Pulse	99	3249971	56423	1
A_HP_17	43	Pulse	99	3269971	76423	1
A_HP_17	43	Pulse	99	3289972	96423	1
A_HP_17	43	Pulse	99	3309971	116423	1
A_HP_17	43	Pulse	99	3329971	136423	1
A_HP_17	43	Pulse	99	3349972	156424	1
A_HP_17	43	Pulse	99	3369972	176423	1
A_HP_17	43	Pulse	99	3389972	196423	1
A_HP_17	43	Pulse	99	3409972	216424	1
A_HP_17	43	Pulse	99	3429972	236424	1
A_HP_17	43	Pulse	99	3449972	256423	1
A_HP_17	43	Pulse	99	3469972	276424	1
A_HP_17	43	Pulse	99	3489971	296423	1
A_HP_17	44	Response	3	3509972	6193	1
A_HP_17	44	Pulse	99	3509972	6193	1
A_HP_17	45	Picture	response157	3510579	230	1	40229	1	0	40000	hit	243
A_HP_17	45	Pulse	99	3529972	19623	1
A_HP_17	45	Response	2	3530560	20210	1
A_HP_17	45	Pulse	99	3549972	39622	1
A_HP_17	46	Picture	response160	3561038	288	1	40229	1	0	40000	hit	247
A_HP_17	46	Pulse	99	3569972	9223	1
A_HP_17	46	Response	1	3577711	16962	1
A_HP_17	46	Pulse	99	3589971	29222	1
A_HP_17	46	Pulse	99	3609972	49222	1
A_HP_17	47	Picture	response156	3611329	180	1	40190	1	0	40000	hit	251
A_HP_17	47	Response	1	3623710	12561	1
A_HP_17	47	Pulse	99	3629972	18822	1
A_HP_17	47	Pulse	99	3649972	38823	1
A_HP_17	48	Picture	response153	3661749	200	1	40229	1	0	40000	hit	256
A_HP_17	48	Pulse	99	3669972	8423	1
A_HP_17	48	Response	2	3678861	17311	1
A_HP_17	48	Pulse	99	3689972	28423	1
A_HP_17	48	Pulse	99	3709972	48423	1
A_HP_17	49	Picture	response154	3712207	259	1	40229	1	0	40000	hit	260
A_HP_17	49	Response	1	3728701	16752	1
A_HP_17	49	Pulse	99	3729971	18023	1
A_HP_17	49	Pulse	99	3749972	38024	1
A_HP_17	50	Picture	response158	3762499	150	1	40229	1	0	40000	hit	265
A_HP_17	50	Pulse	99	3769972	7622	1
A_HP_17	50	Response	2	3775641	13292	1
A_HP_17	50	Pulse	99	3789972	27623	1
A_HP_17	50	Pulse	99	3809972	47623	1
A_HP_17	51	Picture	response159	3812957	208	1	40229	1	0	40000	hit	269
A_HP_17	51	Response	1	3827331	14582	1
A_HP_17	51	Pulse	99	3829972	17222	1
A_HP_17	51	Pulse	99	3849972	37223	1
A_HP_17	52	Picture	response155	3863249	100	1	40229	1	0	40000	hit	274
A_HP_17	52	Pulse	99	3869972	6823	1
A_HP_17	52	Response	2	3881891	18742	1
A_HP_17	52	Pulse	99	3889972	26823	1
A_HP_17	52	Pulse	99	3909972	46823	1
A_HP_17	53	Picture	ins4	3913874	325	1	30229	1	0	30000	other	0
A_HP_17	53	Pulse	99	3929972	16424	1
A_HP_17	53	Pulse	99	3949973	36424	1
A_HP_17	53	Pulse	99	3969973	56424	1
A_HP_17	53	Pulse	99	3989973	76424	1
A_HP_17	53	Pulse	99	4009973	96424	1
A_HP_17	53	Pulse	99	4029973	116424	1
A_HP_17	53	Pulse	99	4049973	136424	1
A_HP_17	53	Pulse	99	4069973	156424	1
A_HP_17	53	Pulse	99	4089973	176424	1
A_HP_17	53	Pulse	99	4109973	196424	1
A_HP_17	53	Pulse	99	4129973	216424	1
A_HP_17	53	Pulse	99	4149973	236424	1
A_HP_17	53	Pulse	99	4169973	256424	1
A_HP_17	53	Pulse	99	4189973	276424	1
A_HP_17	53	Pulse	99	4209973	296424	1
A_HP_17	54	Response	3	4229973	6194	1
A_HP_17	54	Pulse	99	4229973	6194	1
A_HP_17	55	Picture	response28	4230580	230	1	40229	1	0	40000	hit	296
A_HP_17	55	Response	1	4242382	12031	1
A_HP_17	55	Pulse	99	4249973	19622	1
A_HP_17	55	Pulse	99	4269973	39622	1
A_HP_17	56	Picture	response31	4281039	289	1	40229	1	0	40000	hit	300
A_HP_17	56	Response	1	4287042	6292	1
A_HP_17	56	Pulse	99	4289972	9222	1
A_HP_17	56	Pulse	99	4309973	29223	1
A_HP_17	56	Pulse	99	4329973	49223	1
A_HP_17	57	Picture	response27	4331330	180	1	40229	1	0	40000	hit	305
A_HP_17	57	Response	2	4338182	7032	1
A_HP_17	57	Pulse	99	4349973	18823	1
A_HP_17	57	Pulse	99	4369973	38823	1
A_HP_17	58	Picture	response32	4381788	238	1	40229	1	0	40000	hit	309
A_HP_17	58	Response	1	4389374	7824	1
A_HP_17	58	Pulse	99	4389973	8422	1
A_HP_17	58	Pulse	99	4409973	28423	1
A_HP_17	58	Pulse	99	4429973	48423	1
A_HP_17	59	Picture	response29	4432080	130	1	40229	1	0	40000	hit	314
A_HP_17	59	Response	2	4436652	4702	1
A_HP_17	59	Pulse	99	4449973	18023	1
A_HP_17	59	Pulse	99	4469973	38023	1
A_HP_17	60	Picture	response26	4482538	188	1	40229	1	0	40000	hit	319
A_HP_17	60	Pulse	99	4489973	7623	1
A_HP_17	60	Response	2	4490192	7841	1
A_HP_17	60	Pulse	99	4509973	27623	1
A_HP_17	60	Pulse	99	4529973	47623	1
A_HP_17	61	Picture	response30	4532996	245	1	40229	1	0	40000	hit	323
A_HP_17	61	Response	1	4541852	9102	1
A_HP_17	61	Pulse	99	4549973	17223	1
A_HP_17	61	Pulse	99	4569973	37223	1
A_HP_17	62	Picture	response25	4583287	136	1	40229	1	0	40000	hit	327
A_HP_17	62	Response	1	4588752	5601	1
A_HP_17	62	Pulse	99	4589973	6822	1
A_HP_17	62	Pulse	99	4609973	26822	1
A_HP_17	62	Pulse	99	4629973	46822	1
A_HP_17	63	Picture	thanks	4633245	0	1	10229	1	0	10000	other	0
A_HP_17	63	Pulse	99	4649973	16728	1


Event Type	Code	Type	Response	RT	RT Uncertainty	Time	Uncertainty	Duration	Uncertainty	ReqTime	ReqDur

Picture	ready	other				250199	1	10230	1	0	10000
Picture	ins10	other				310778	1	30230	1	0	30000
Picture	response80	hit	1	14622	2	630674	1	40229	1	0	40000
Picture	response73	hit	1	9630	2	680965	1	40229	1	0	40000
Picture	response76	hit	2	20993	2	731424	1	40230	1	0	40000
Picture	response77	hit	1	8663	2	781882	1	40229	1	0	40000
Picture	response74	hit	2	18815	2	832341	1	40229	1	0	40000
Picture	response75	hit	1	15204	2	882632	1	40229	1	0	40000
Picture	response79	hit	1	15233	2	932924	1	40230	1	0	40000
Picture	response78	hit	2	23698	2	983549	1	40229	1	0	40000
Picture	ins18	other				1033840	1	30396	1	0	30000
Picture	response144	hit	2	10501	2	1350576	1	40229	1	0	40000
Picture	response142	hit	1	18113	2	1401035	1	40229	1	0	40000
Picture	response143	hit	2	19131	2	1451326	1	40229	1	0	40000
Picture	response139	hit	2	23583	2	1501784	1	40229	1	0	40000
Picture	response138	hit	1	22572	2	1552076	1	40229	1	0	40000
Picture	response140	hit	1	21724	2	1602534	1	40229	1	0	40000
Picture	response141	hit	1	10805	2	1652993	1	40229	1	0	40000
Picture	response137	hit	2	18834	2	1703284	1	40229	1	0	40000
Picture	ins2	other				1753743	1	30229	1	0	30000
Picture	response10	hit	2	7391	2	2070677	1	40229	1	0	40000
Picture	response15	hit	1	15789	2	2120969	1	40229	1	0	40000
Picture	response13	hit	2	6131	2	2171427	1	40229	1	0	40000
Picture	response16	hit	2	6044	2	2221885	1	40229	1	0	40000
Picture	response14	hit	1	6406	2	2272343	1	40229	1	0	40000
Picture	response11	hit	1	4953	2	2322635	1	40229	1	0	40000
Picture	response12	hit	2	6422	2	2372927	1	40229	1	0	40000
Picture	response9	hit	2	9187	2	2423551	1	40229	1	0	40000
Picture	ins12	other				2473843	1	30229	1	0	30000
Picture	response96	hit	2	15732	2	2790578	1	40229	1	0	40000
Picture	response92	hit	1	8154	2	2841036	1	40229	1	0	40000
Picture	response91	hit	2	8283	2	2891327	1	40229	1	0	40000
Picture	response94	hit	2	7475	2	2941784	1	40229	1	0	40000
Picture	response90	hit	1	20704	2	2992076	1	40229	1	0	40000
Picture	response95	hit	2	6656	2	3042533	1	40229	1	0	40000
Picture	response93	hit	1	14509	2	3092991	1	40229	1	0	40000
Picture	response89	hit	2	15827	2	3143282	1	40229	1	0	40000
Picture	ins20	other				3193740	1	30229	1	0	30000
Picture	response157	hit	2	19980	2	3510579	1	40229	1	0	40000
Picture	response160	hit	1	16673	2	3561038	1	40229	1	0	40000
Picture	response156	hit	1	12381	2	3611329	1	40190	1	0	40000
Picture	response153	hit	2	17112	2	3661749	1	40229	1	0	40000
Picture	response154	hit	1	16494	2	3712207	1	40229	1	0	40000
Picture	response158	hit	2	13142	2	3762499	1	40229	1	0	40000
Picture	response159	hit	1	14374	2	3812957	1	40229	1	0	40000
Picture	response155	hit	2	18642	2	3863249	1	40229	1	0	40000
Picture	ins4	other				3913874	1	30229	1	0	30000
Picture	response28	hit	1	11801	2	4230580	1	40229	1	0	40000
Picture	response31	hit	1	6003	2	4281039	1	40229	1	0	40000
Picture	response27	hit	2	6852	2	4331330	1	40229	1	0	40000
Picture	response32	hit	1	7586	2	4381788	1	40229	1	0	40000
Picture	response29	hit	2	4572	2	4432080	1	40229	1	0	40000
Picture	response26	hit	2	7654	2	4482538	1	40229	1	0	40000
Picture	response30	hit	1	8856	2	4532996	1	40229	1	0	40000
Picture	response25	hit	1	5465	2	4583287	1	40229	1	0	40000
Picture	thanks	other				4633245	1	10229	1	0	10000


{
   "app": "Presentation Version 21.0 Build 06.06.19",
   "device": "LENOVO 20KHCTO1WW",
   "experiment": "{C0C68DB1-10BA-42F2-8F79-3F2AFFEED4E4}",
   "os": "Windows 10 64 bit",
   "package": "",
   "parameters": {
      "configuration": "Default configuration"
   },
   "scenario": "Feature experiment(3).sce",
   "subject": "A_HP_17",
   "timestamp": "2019/09/27 06:33:39 GMT"
}
