Scenario - 
Logfile written - 02/21/2020 12:15:44

Subject	Trial	Event Type	Code	Time	TTime	Uncertainty	Duration	Uncertainty	ReqTime	ReqDur	Stim Type	Pair Index

A_HP_52	1	Response	3	356305	355306	1
A_HP_52	1	Pulse	99	356305	355306	1
A_HP_52	2	Picture	ready	356338	0	1	10162	1	0	10000	other	0
A_HP_52	2	Pulse	99	376305	19967	1
A_HP_52	2	Pulse	99	396305	39966	1
A_HP_52	2	Pulse	99	416305	59966	1
A_HP_52	3	Picture	ins10	416811	59	1	30153	1	0	30000	other	0
A_HP_52	3	Pulse	99	436305	19553	1
A_HP_52	3	Pulse	99	456305	39553	1
A_HP_52	3	Pulse	99	476305	59552	1
A_HP_52	3	Pulse	99	496305	79553	1
A_HP_52	3	Pulse	99	516305	99553	1
A_HP_52	3	Pulse	99	536305	119553	1
A_HP_52	3	Pulse	99	556305	139552	1
A_HP_52	3	Pulse	99	576304	159552	1
A_HP_52	3	Pulse	99	596305	179553	1
A_HP_52	3	Pulse	99	616305	199553	1
A_HP_52	3	Pulse	99	636305	219553	1
A_HP_52	3	Pulse	99	656305	239553	1
A_HP_52	3	Pulse	99	676305	259552	1
A_HP_52	3	Pulse	99	696305	279553	1
A_HP_52	3	Pulse	99	716305	299553	1
A_HP_52	4	Response	3	736305	9468	1
A_HP_52	4	Pulse	99	736305	9468	1
A_HP_52	5	Picture	response74	736832	180	1	40148	1	0	40000	hit	26
A_HP_52	5	Response	2	756203	19551	1
A_HP_52	5	Pulse	99	756304	19652	1
A_HP_52	5	Pulse	99	776305	39653	1
A_HP_52	6	Picture	response73	787143	91	1	40149	1	0	40000	hit	31
A_HP_52	6	Pulse	99	796305	9253	1
A_HP_52	6	Response	1	797293	10241	1
A_HP_52	6	Pulse	99	816304	29252	1
A_HP_52	6	Pulse	99	836308	49256	1
A_HP_52	7	Picture	response79	837620	168	1	40148	1	0	40000	incorrect	35
A_HP_52	7	Response	2	853443	15991	1
A_HP_52	7	Pulse	99	856305	18853	1
A_HP_52	7	Pulse	99	876305	38852	1
A_HP_52	8	Picture	response78	887931	79	1	40148	1	0	40000	hit	40
A_HP_52	8	Pulse	99	896305	8453	1
A_HP_52	8	Response	2	898603	10751	1
A_HP_52	8	Pulse	99	916305	28452	1
A_HP_52	8	Pulse	99	936305	48453	1
A_HP_52	9	Picture	response76	938408	156	1	40148	1	0	40000	hit	44
A_HP_52	9	Response	2	951304	13051	1
A_HP_52	9	Pulse	99	956305	18053	1
A_HP_52	9	Pulse	99	976305	38053	1
A_HP_52	10	Picture	response77	988718	66	1	40148	1	0	40000	hit	49
A_HP_52	10	Pulse	99	996305	7653	1
A_HP_52	10	Response	1	999704	11051	1
A_HP_52	10	Pulse	99	1016305	27653	1
A_HP_52	10	Pulse	99	1036305	47653	1
A_HP_52	11	Picture	response80	1039196	144	1	40148	1	0	40000	hit	53
A_HP_52	11	Response	1	1046913	7861	1
A_HP_52	11	Pulse	99	1056304	17252	1
A_HP_52	11	Pulse	99	1076305	37253	1
A_HP_52	12	Picture	response75	1089506	54	1	40148	1	0	40000	hit	58
A_HP_52	12	Pulse	99	1096306	6854	1
A_HP_52	12	Response	1	1101443	11991	1
A_HP_52	12	Pulse	99	1116305	26852	1
A_HP_52	12	Pulse	99	1136305	46853	1
A_HP_52	13	Picture	ins18	1139983	131	1	30153	1	0	30000	other	0
A_HP_52	13	Pulse	99	1156305	16453	1
A_HP_52	13	Pulse	99	1176305	36453	1
A_HP_52	13	Pulse	99	1196305	56452	1
A_HP_52	13	Pulse	99	1216305	76453	1
A_HP_52	13	Pulse	99	1236303	96451	1
A_HP_52	13	Pulse	99	1256305	116453	1
A_HP_52	13	Pulse	99	1276305	136453	1
A_HP_52	13	Pulse	99	1296305	156452	1
A_HP_52	13	Pulse	99	1316305	176452	1
A_HP_52	13	Pulse	99	1336305	196453	1
A_HP_52	13	Pulse	99	1356305	216453	1
A_HP_52	13	Pulse	99	1376305	236453	1
A_HP_52	13	Pulse	99	1396305	256452	1
A_HP_52	13	Pulse	99	1416305	276453	1
A_HP_52	13	Pulse	99	1436305	296453	1
A_HP_52	14	Response	3	1456305	6295	1
A_HP_52	14	Pulse	99	1456305	6295	1
A_HP_52	15	Picture	response140	1456840	188	1	40149	1	0	40000	hit	80
A_HP_52	15	Response	1	1465424	8772	1
A_HP_52	15	Pulse	99	1476305	19653	1
A_HP_52	15	Pulse	99	1496305	39653	1
A_HP_52	16	Picture	response143	1507150	98	1	40149	1	0	40000	hit	85
A_HP_52	16	Pulse	99	1516305	9253	1
A_HP_52	16	Response	2	1523284	16232	1
A_HP_52	16	Pulse	99	1536305	29252	1
A_HP_52	16	Pulse	99	1556305	49253	1
A_HP_52	17	Picture	response138	1557627	175	1	40148	1	0	40000	hit	89
A_HP_52	17	Response	1	1570934	13482	1
A_HP_52	17	Pulse	99	1576305	18853	1
A_HP_52	17	Pulse	99	1596305	38853	1
A_HP_52	18	Picture	response139	1607938	86	1	40148	1	0	40000	hit	94
A_HP_52	18	Pulse	99	1616305	8452	1
A_HP_52	18	Response	2	1623233	15381	1
A_HP_52	18	Pulse	99	1636305	28453	1
A_HP_52	18	Pulse	99	1656305	48452	1
A_HP_52	19	Picture	response141	1658415	163	1	40149	1	0	40000	hit	98
A_HP_52	19	Response	1	1670103	11851	1
A_HP_52	19	Pulse	99	1676305	18053	1
A_HP_52	19	Pulse	99	1696304	38053	1
A_HP_52	20	Picture	response144	1708726	74	1	40148	1	0	40000	hit	103
A_HP_52	20	Pulse	99	1716305	7652	1
A_HP_52	20	Response	2	1721283	12631	1
A_HP_52	20	Pulse	99	1736305	27653	1
A_HP_52	20	Pulse	99	1756305	47653	1
A_HP_52	21	Picture	response142	1759203	151	1	40148	1	0	40000	hit	107
A_HP_52	21	Response	1	1775953	16901	1
A_HP_52	21	Pulse	99	1776304	17252	1
A_HP_52	21	Pulse	99	1796304	37252	1
A_HP_52	22	Picture	response137	1809513	61	1	40149	1	0	40000	hit	113
A_HP_52	22	Pulse	99	1816305	6853	1
A_HP_52	22	Pulse	99	1836305	26853	1
A_HP_52	22	Response	2	1837303	27851	1
A_HP_52	22	Pulse	99	1856305	46853	1
A_HP_52	23	Picture	ins2	1859990	138	1	30153	1	0	30000	other	0
A_HP_52	23	Pulse	99	1876305	16453	1
A_HP_52	23	Pulse	99	1896305	36453	1
A_HP_52	23	Pulse	99	1916305	56453	1
A_HP_52	23	Pulse	99	1936305	76453	1
A_HP_52	23	Pulse	99	1956305	96453	1
A_HP_52	23	Pulse	99	1976305	116453	1
A_HP_52	23	Pulse	99	1996305	136453	1
A_HP_52	23	Pulse	99	2016305	156453	1
A_HP_52	23	Pulse	99	2036305	176453	1
A_HP_52	23	Pulse	99	2056305	196453	1
A_HP_52	23	Pulse	99	2076305	216453	1
A_HP_52	23	Pulse	99	2096305	236453	1
A_HP_52	23	Pulse	99	2116305	256453	1
A_HP_52	23	Pulse	99	2136305	276453	1
A_HP_52	23	Pulse	99	2156305	296453	1
A_HP_52	24	Response	3	2176305	6288	1
A_HP_52	24	Pulse	99	2176305	6288	1
A_HP_52	25	Picture	response12	2176680	28	1	40148	1	0	40000	incorrect	134
A_HP_52	25	Response	1	2195143	18491	1
A_HP_52	25	Pulse	99	2196305	19653	1
A_HP_52	25	Pulse	99	2216305	39652	1
A_HP_52	26	Picture	response16	2227157	105	1	40149	1	0	40000	hit	139
A_HP_52	26	Pulse	99	2236305	9253	1
A_HP_52	26	Response	2	2244854	17802	1
A_HP_52	26	Pulse	99	2256304	29252	1
A_HP_52	26	Pulse	99	2276305	49253	1
A_HP_52	27	Picture	response14	2277634	183	1	40149	1	0	40000	hit	143
A_HP_52	27	Response	1	2287163	9711	1
A_HP_52	27	Pulse	99	2296305	18853	1
A_HP_52	27	Pulse	99	2316305	38853	1
A_HP_52	28	Picture	response11	2327945	93	1	40148	1	0	40000	hit	147
A_HP_52	28	Response	1	2335093	7241	1
A_HP_52	28	Pulse	99	2336305	8453	1
A_HP_52	28	Pulse	99	2356305	28453	1
A_HP_52	28	Pulse	99	2376305	48453	1
A_HP_52	29	Picture	response13	2378422	170	1	40148	1	0	40000	hit	152
A_HP_52	29	Response	2	2391453	13201	1
A_HP_52	29	Pulse	99	2396305	18053	1
A_HP_52	29	Pulse	99	2416305	38053	1
A_HP_52	30	Picture	response10	2428733	81	1	40148	1	0	40000	hit	157
A_HP_52	30	Pulse	99	2436305	7653	1
A_HP_52	30	Response	2	2437983	9331	1
A_HP_52	30	Pulse	99	2456305	27653	1
A_HP_52	30	Pulse	99	2476304	47652	1
A_HP_52	31	Picture	response9	2479210	158	1	40149	1	0	40000	hit	161
A_HP_52	31	Response	2	2492113	13061	1
A_HP_52	31	Pulse	99	2496304	17252	1
A_HP_52	31	Pulse	99	2516305	37253	1
A_HP_52	32	Picture	response15	2529520	68	1	40148	1	0	40000	hit	166
A_HP_52	32	Pulse	99	2536305	6853	1
A_HP_52	32	Response	1	2538233	8781	1
A_HP_52	32	Pulse	99	2556305	26853	1
A_HP_52	32	Pulse	99	2576305	46853	1
A_HP_52	33	Picture	ins4	2579998	146	1	30153	1	0	30000	other	0
A_HP_52	33	Pulse	99	2596305	16453	1
A_HP_52	33	Pulse	99	2616304	36452	1
A_HP_52	33	Pulse	99	2636305	56453	1
A_HP_52	33	Pulse	99	2656305	76453	1
A_HP_52	33	Pulse	99	2676305	96453	1
A_HP_52	33	Pulse	99	2696305	116453	1
A_HP_52	33	Pulse	99	2716305	136453	1
A_HP_52	33	Pulse	99	2736304	156452	1
A_HP_52	33	Pulse	99	2756305	176453	1
A_HP_52	33	Pulse	99	2776305	196453	1
A_HP_52	33	Pulse	99	2796304	216452	1
A_HP_52	33	Pulse	99	2816305	236453	1
A_HP_52	33	Pulse	99	2836305	256453	1
A_HP_52	33	Pulse	99	2856304	276452	1
A_HP_52	33	Pulse	99	2876305	296453	1
A_HP_52	34	Response	3	2896304	6281	1
A_HP_52	34	Pulse	99	2896304	6281	1
A_HP_52	35	Picture	response25	2896687	35	1	40148	1	0	40000	hit	188
A_HP_52	35	Response	1	2911413	14761	1
A_HP_52	35	Pulse	99	2916305	19653	1
A_HP_52	35	Pulse	99	2936305	39653	1
A_HP_52	36	Picture	response31	2947164	112	1	40149	1	0	40000	hit	192
A_HP_52	36	Response	1	2955783	8731	1
A_HP_52	36	Pulse	99	2956304	9252	1
A_HP_52	36	Pulse	99	2976305	29253	1
A_HP_52	36	Pulse	99	2996304	49252	1
A_HP_52	37	Picture	response29	2997642	190	1	40149	1	0	40000	hit	197
A_HP_52	37	Response	2	3006313	8861	1
A_HP_52	37	Pulse	99	3016304	18852	1
A_HP_52	37	Pulse	99	3036304	38853	1
A_HP_52	38	Picture	response28	3047952	100	1	40148	1	0	40000	hit	202
A_HP_52	38	Pulse	99	3056305	8453	1
A_HP_52	38	Response	1	3056773	8921	1
A_HP_52	38	Pulse	99	3076305	28453	1
A_HP_52	38	Pulse	99	3096305	48453	1
A_HP_52	39	Picture	response27	3098429	177	1	40149	1	0	40000	hit	206
A_HP_52	39	Response	2	3111154	12902	1
A_HP_52	39	Pulse	99	3116304	18053	1
A_HP_52	39	Pulse	99	3136305	38053	1
A_HP_52	40	Picture	response26	3148740	88	1	40148	1	0	40000	hit	211
A_HP_52	40	Pulse	99	3156304	7652	1
A_HP_52	40	Response	2	3161814	13162	1
A_HP_52	40	Pulse	99	3176304	27653	1
A_HP_52	40	Pulse	99	3196304	47652	1
A_HP_52	41	Picture	response32	3199217	165	1	40148	1	0	40000	hit	215
A_HP_52	41	Response	1	3207133	8082	1
A_HP_52	41	Pulse	99	3216305	17253	1
A_HP_52	41	Pulse	99	3236305	37253	1
A_HP_52	42	Picture	response30	3249528	76	1	40148	1	0	40000	hit	220
A_HP_52	42	Pulse	99	3256305	6853	1
A_HP_52	42	Response	1	3259883	10431	1
A_HP_52	42	Pulse	99	3276305	26853	1
A_HP_52	42	Pulse	99	3296304	46853	1
A_HP_52	43	Picture	ins12	3300005	153	1	30153	1	0	30000	other	0
A_HP_52	43	Pulse	99	3316304	16453	1
A_HP_52	43	Pulse	99	3336304	36452	1
A_HP_52	43	Pulse	99	3356224	56372	1
A_HP_52	43	Pulse	99	3376305	76453	1
A_HP_52	43	Pulse	99	3396304	96453	1
A_HP_52	43	Pulse	99	3416225	116373	1
A_HP_52	43	Pulse	99	3436305	136453	1
A_HP_52	43	Pulse	99	3456304	156453	1
A_HP_52	43	Pulse	99	3476304	176453	1
A_HP_52	43	Pulse	99	3496304	196453	1
A_HP_52	43	Pulse	99	3516304	216453	1
A_HP_52	43	Pulse	99	3536304	236453	1
A_HP_52	43	Pulse	99	3556305	256453	1
A_HP_52	43	Pulse	99	3576304	276453	1
A_HP_52	43	Pulse	99	3596304	296453	1
A_HP_52	44	Response	3	3616304	6274	1
A_HP_52	44	Pulse	99	3616304	6274	1
A_HP_52	45	Picture	response93	3616695	43	1	40148	1	0	40000	hit	243
A_HP_52	45	Pulse	99	3636304	19652	1
A_HP_52	45	Response	1	3637673	21021	1
A_HP_52	45	Pulse	99	3656304	39653	1
A_HP_52	46	Picture	response90	3667172	120	1	40149	1	0	40000	hit	247
A_HP_52	46	Pulse	99	3676304	9252	1
A_HP_52	46	Response	1	3677253	10201	1
A_HP_52	46	Pulse	99	3696304	29252	1
A_HP_52	46	Pulse	99	3716305	49253	1
A_HP_52	47	Picture	response96	3717649	197	1	40148	1	0	40000	hit	251
A_HP_52	47	Response	2	3727753	10301	1
A_HP_52	47	Pulse	99	3736305	18853	1
A_HP_52	47	Pulse	99	3756304	38852	1
A_HP_52	48	Picture	response94	3767959	107	1	40149	1	0	40000	hit	256
A_HP_52	48	Pulse	99	3776304	8453	1
A_HP_52	48	Response	2	3782563	14711	1
A_HP_52	48	Pulse	99	3796304	28453	1
A_HP_52	48	Pulse	99	3816304	48453	1
A_HP_52	49	Picture	response89	3818436	184	1	40148	1	0	40000	hit	260
A_HP_52	49	Response	2	3835413	17161	1
A_HP_52	49	Pulse	99	3836304	18052	1
A_HP_52	49	Pulse	99	3856225	37973	1
A_HP_52	50	Picture	response92	3868747	95	1	40148	1	0	40000	hit	265
A_HP_52	50	Pulse	99	3876304	7652	1
A_HP_52	50	Response	1	3879803	11151	1
A_HP_52	50	Pulse	99	3896305	27653	1
A_HP_52	50	Pulse	99	3916225	47573	1
A_HP_52	51	Picture	response95	3919224	172	1	40148	1	0	40000	hit	269
A_HP_52	51	Response	2	3926143	7091	1
A_HP_52	51	Pulse	99	3936304	17253	1
A_HP_52	51	Pulse	99	3956305	37253	1
A_HP_52	52	Picture	response91	3969535	83	1	40149	1	0	40000	hit	274
A_HP_52	52	Pulse	99	3976225	6773	1
A_HP_52	52	Response	2	3976883	7431	1
A_HP_52	52	Pulse	99	3996305	26853	1
A_HP_52	52	Pulse	99	4016304	46852	1
A_HP_52	53	Picture	ins20	4020012	160	1	30153	1	0	30000	other	0
A_HP_52	53	Pulse	99	4036224	16373	1
A_HP_52	53	Pulse	99	4056305	36454	1
A_HP_52	53	Pulse	99	4076304	56453	1
A_HP_52	53	Pulse	99	4096224	76373	1
A_HP_52	53	Pulse	99	4116304	96453	1
A_HP_52	53	Pulse	99	4136305	116453	1
A_HP_52	53	Pulse	99	4156225	136373	1
A_HP_52	53	Pulse	99	4176305	156453	1
A_HP_52	53	Pulse	99	4196305	176453	1
A_HP_52	53	Pulse	99	4216225	196373	1
A_HP_52	53	Pulse	99	4236304	216453	1
A_HP_52	53	Pulse	99	4256305	236453	1
A_HP_52	53	Pulse	99	4276225	256373	1
A_HP_52	53	Pulse	99	4296305	276453	1
A_HP_52	53	Pulse	99	4316304	296453	1
A_HP_52	54	Response	3	4336224	6186	1
A_HP_52	54	Pulse	99	4336224	6186	1
A_HP_52	55	Picture	response159	4336702	150	1	40149	1	0	40000	hit	296
A_HP_52	55	Response	1	4354023	17471	1
A_HP_52	55	Pulse	99	4356224	19672	1
A_HP_52	55	Pulse	99	4376304	39753	1
A_HP_52	56	Picture	response153	4387012	60	1	40148	1	0	40000	hit	301
A_HP_52	56	Pulse	99	4396224	9273	1
A_HP_52	56	Response	2	4399843	12891	1
A_HP_52	56	Pulse	99	4416225	29273	1
A_HP_52	56	Pulse	99	4436305	49353	1
A_HP_52	57	Picture	response158	4437489	137	1	40149	1	0	40000	hit	305
A_HP_52	57	Response	2	4448403	11051	1
A_HP_52	57	Pulse	99	4456304	18952	1
A_HP_52	57	Pulse	99	4476224	38873	1
A_HP_52	58	Picture	response160	4487800	48	1	40148	1	0	40000	hit	310
A_HP_52	58	Pulse	99	4496305	8553	1
A_HP_52	58	Response	1	4506343	18591	1
A_HP_52	58	Pulse	99	4516305	28553	1
A_HP_52	58	Pulse	99	4536224	48472	1
A_HP_52	59	Picture	response155	4538277	125	1	40148	1	0	40000	hit	314
A_HP_52	59	Response	2	4551183	13032	1
A_HP_52	59	Pulse	99	4556304	18153	1
A_HP_52	59	Pulse	99	4576305	38153	1
A_HP_52	60	Picture	response156	4588587	36	1	40149	1	0	40000	hit	319
A_HP_52	60	Pulse	99	4596225	7673	1
A_HP_52	60	Response	1	4603123	14571	1
A_HP_52	60	Pulse	99	4616305	27753	1
A_HP_52	60	Pulse	99	4636304	47752	1
A_HP_52	61	Picture	response154	4639065	113	1	40148	1	0	40000	hit	324
A_HP_52	61	Pulse	99	4656225	17273	1
A_HP_52	61	Response	1	4657833	18881	1
A_HP_52	61	Pulse	99	4676305	37353	1
A_HP_52	62	Picture	response157	4689542	190	1	40148	1	0	40000	hit	328
A_HP_52	62	Pulse	99	4696304	6953	1
A_HP_52	62	Response	2	4704633	15281	1
A_HP_52	62	Pulse	99	4716224	26872	1
A_HP_52	62	Pulse	99	4736304	46952	1
A_HP_52	63	Picture	thanks	4739519	0	1	10162	1	0	10000	other	0
A_HP_52	63	Pulse	99	4756304	16785	1


Event Type	Code	Type	Response	RT	RT Uncertainty	Time	Uncertainty	Duration	Uncertainty	ReqTime	ReqDur

Picture	ready	other				356338	1	10162	1	0	10000
Picture	ins10	other				416811	1	30153	1	0	30000
Picture	response74	hit	2	19371	2	736832	1	40148	1	0	40000
Picture	response73	hit	1	10150	2	787143	1	40149	1	0	40000
Picture	response79	incorrect	2	15823	2	837620	1	40148	1	0	40000
Picture	response78	hit	2	10673	2	887931	1	40148	1	0	40000
Picture	response76	hit	2	12896	2	938408	1	40148	1	0	40000
Picture	response77	hit	1	10985	2	988718	1	40148	1	0	40000
Picture	response80	hit	1	7718	2	1039196	1	40148	1	0	40000
Picture	response75	hit	1	11937	2	1089506	1	40148	1	0	40000
Picture	ins18	other				1139983	1	30153	1	0	30000
Picture	response140	hit	1	8584	2	1456840	1	40149	1	0	40000
Picture	response143	hit	2	16133	2	1507150	1	40149	1	0	40000
Picture	response138	hit	1	13306	2	1557627	1	40148	1	0	40000
Picture	response139	hit	2	15295	2	1607938	1	40148	1	0	40000
Picture	response141	hit	1	11688	2	1658415	1	40149	1	0	40000
Picture	response144	hit	2	12557	2	1708726	1	40148	1	0	40000
Picture	response142	hit	1	16751	2	1759203	1	40148	1	0	40000
Picture	response137	hit	2	27790	2	1809513	1	40149	1	0	40000
Picture	ins2	other				1859990	1	30153	1	0	30000
Picture	response12	incorrect	1	18463	2	2176680	1	40148	1	0	40000
Picture	response16	hit	2	17697	2	2227157	1	40149	1	0	40000
Picture	response14	hit	1	9529	2	2277634	1	40149	1	0	40000
Picture	response11	hit	1	7148	2	2327945	1	40148	1	0	40000
Picture	response13	hit	2	13031	2	2378422	1	40148	1	0	40000
Picture	response10	hit	2	9250	2	2428733	1	40148	1	0	40000
Picture	response9	hit	2	12903	2	2479210	1	40149	1	0	40000
Picture	response15	hit	1	8713	2	2529520	1	40148	1	0	40000
Picture	ins4	other				2579998	1	30153	1	0	30000
Picture	response25	hit	1	14726	2	2896687	1	40148	1	0	40000
Picture	response31	hit	1	8619	2	2947164	1	40149	1	0	40000
Picture	response29	hit	2	8671	2	2997642	1	40149	1	0	40000
Picture	response28	hit	1	8821	2	3047952	1	40148	1	0	40000
Picture	response27	hit	2	12724	2	3098429	1	40149	1	0	40000
Picture	response26	hit	2	13074	2	3148740	1	40148	1	0	40000
Picture	response32	hit	1	7917	2	3199217	1	40148	1	0	40000
Picture	response30	hit	1	10356	2	3249528	1	40148	1	0	40000
Picture	ins12	other				3300005	1	30153	1	0	30000
Picture	response93	hit	1	20978	2	3616695	1	40148	1	0	40000
Picture	response90	hit	1	10081	2	3667172	1	40149	1	0	40000
Picture	response96	hit	2	10104	2	3717649	1	40148	1	0	40000
Picture	response94	hit	2	14604	2	3767959	1	40149	1	0	40000
Picture	response89	hit	2	16977	2	3818436	1	40148	1	0	40000
Picture	response92	hit	1	11056	2	3868747	1	40148	1	0	40000
Picture	response95	hit	2	6919	2	3919224	1	40148	1	0	40000
Picture	response91	hit	2	7348	2	3969535	1	40149	1	0	40000
Picture	ins20	other				4020012	1	30153	1	0	30000
Picture	response159	hit	1	17321	2	4336702	1	40149	1	0	40000
Picture	response153	hit	2	12831	2	4387012	1	40148	1	0	40000
Picture	response158	hit	2	10914	2	4437489	1	40149	1	0	40000
Picture	response160	hit	1	18543	2	4487800	1	40148	1	0	40000
Picture	response155	hit	2	12906	2	4538277	1	40148	1	0	40000
Picture	response156	hit	1	14536	2	4588587	1	40149	1	0	40000
Picture	response154	hit	1	18768	2	4639065	1	40148	1	0	40000
Picture	response157	hit	2	15091	2	4689542	1	40148	1	0	40000
Picture	thanks	other				4739519	1	10162	1	0	10000


{
   "app": "Presentation Version 21.1 Build 09.05.19",
   "device": "LENOVO 20FBCTO1WW",
   "experiment": "{C0C68DB1-10BA-42F2-8F79-3F2AFFEED4E4}",
   "os": "Windows 10 64 bit",
   "package": "",
   "parameters": {
      "configuration": "Default configuration"
   },
   "scenario": "Feature experiment(3).sce",
   "subject": "A_HP_52",
   "timestamp": "2020/02/21 03:07:41 GMT"
}
