Scenario - 
Logfile written - 11/07/2019 15:45:01

Subject	Trial	Event Type	Code	Time	TTime	Uncertainty	Duration	Uncertainty	ReqTime	ReqDur	Stim Type	Pair Index

A_HP_28	1	Response	3	260956	259790	1
A_HP_28	1	Pulse	99	260956	259790	1
A_HP_28	2	Picture	ready	261189	0	1	10229	1	0	10000	other	0
A_HP_28	2	Pulse	99	280957	19769	1
A_HP_28	2	Pulse	99	300956	39768	1
A_HP_28	2	Pulse	99	320956	59768	1
A_HP_28	3	Picture	ins10	321803	235	1	30229	1	0	30000	other	0
A_HP_28	3	Pulse	99	340956	19388	1
A_HP_28	3	Pulse	99	360956	39388	1
A_HP_28	3	Pulse	99	380957	59388	1
A_HP_28	3	Pulse	99	400956	79388	1
A_HP_28	3	Pulse	99	420956	99388	1
A_HP_28	3	Pulse	99	440956	119388	1
A_HP_28	3	Pulse	99	460956	139388	1
A_HP_28	3	Pulse	99	480956	159388	1
A_HP_28	3	Pulse	99	500956	179388	1
A_HP_28	3	Pulse	99	520956	199388	1
A_HP_28	3	Pulse	99	540956	219388	1
A_HP_28	3	Pulse	99	560956	239387	1
A_HP_28	3	Pulse	99	580956	259388	1
A_HP_28	3	Pulse	99	600956	279388	1
A_HP_28	3	Pulse	99	620956	299387	1
A_HP_28	4	Response	3	640956	9157	1
A_HP_28	4	Pulse	99	640956	9157	1
A_HP_28	5	Picture	response79	641597	230	1	40229	1	0	40000	hit	26
A_HP_28	5	Response	1	650585	9217	1
A_HP_28	5	Pulse	99	660956	19588	1
A_HP_28	5	Pulse	99	680956	39588	1
A_HP_28	6	Picture	response77	691889	121	1	40229	1	0	40000	hit	30
A_HP_28	6	Response	1	698655	6887	1
A_HP_28	6	Pulse	99	700956	9188	1
A_HP_28	6	Pulse	99	720956	29189	1
A_HP_28	6	Pulse	99	740956	49188	1
A_HP_28	7	Picture	response74	742514	346	1	40229	1	0	40000	hit	35
A_HP_28	7	Response	2	750385	8217	1
A_HP_28	7	Pulse	99	760956	18788	1
A_HP_28	7	Pulse	99	780956	38788	1
A_HP_28	8	Picture	response78	792806	238	1	40229	1	0	40000	hit	39
A_HP_28	8	Response	2	797725	5157	1
A_HP_28	8	Pulse	99	800875	8307	1
A_HP_28	8	Pulse	99	820956	28388	1
A_HP_28	8	Pulse	99	840956	48388	1
A_HP_28	9	Picture	response73	843097	130	1	40229	1	0	40000	hit	44
A_HP_28	9	Response	1	851975	9007	1
A_HP_28	9	Pulse	99	860876	17908	1
A_HP_28	9	Pulse	99	880956	37989	1
A_HP_28	10	Picture	response80	893556	188	1	40229	1	0	40000	hit	48
A_HP_28	10	Response	1	899095	5727	1
A_HP_28	10	Pulse	99	900955	7587	1
A_HP_28	10	Pulse	99	920876	27508	1
A_HP_28	10	Pulse	99	940956	47588	1
A_HP_28	11	Picture	response75	944014	247	1	40229	1	0	40000	hit	53
A_HP_28	11	Response	1	950274	6507	1
A_HP_28	11	Pulse	99	960956	17188	1
A_HP_28	11	Pulse	99	980876	37108	1
A_HP_28	12	Picture	response76	994473	305	1	40229	1	0	40000	hit	58
A_HP_28	12	Pulse	99	1000956	6788	1
A_HP_28	12	Response	2	1007965	13797	1
A_HP_28	12	Pulse	99	1020957	26789	1
A_HP_28	12	Pulse	99	1040876	46708	1
A_HP_28	13	Picture	ins12	1044764	197	1	30229	1	0	30000	other	0
A_HP_28	13	Pulse	99	1060956	16388	1
A_HP_28	13	Pulse	99	1080956	36388	1
A_HP_28	13	Pulse	99	1100876	56308	1
A_HP_28	13	Pulse	99	1120956	76389	1
A_HP_28	13	Pulse	99	1140956	96388	1
A_HP_28	13	Pulse	99	1160876	116308	1
A_HP_28	13	Pulse	99	1180956	136388	1
A_HP_28	13	Pulse	99	1200956	156388	1
A_HP_28	13	Pulse	99	1220956	176388	1
A_HP_28	13	Pulse	99	1240956	196388	1
A_HP_28	13	Pulse	99	1260956	216388	1
A_HP_28	13	Pulse	99	1280956	236388	1
A_HP_28	13	Pulse	99	1300956	256388	1
A_HP_28	13	Pulse	99	1320956	276388	1
A_HP_28	13	Pulse	99	1340956	296388	1
A_HP_28	14	Response	3	1360956	6158	1
A_HP_28	14	Pulse	99	1360956	6158	1
A_HP_28	15	Picture	response90	1361597	230	1	40229	1	0	40000	hit	80
A_HP_28	15	Response	1	1374265	12897	1
A_HP_28	15	Pulse	99	1380955	19588	1
A_HP_28	15	Pulse	99	1400956	39588	1
A_HP_28	16	Picture	response89	1411889	122	1	40229	1	0	40000	hit	85
A_HP_28	16	Pulse	99	1420956	9189	1
A_HP_28	16	Response	2	1428544	16777	1
A_HP_28	16	Pulse	99	1440956	29188	1
A_HP_28	16	Pulse	99	1460956	49188	1
A_HP_28	17	Picture	response94	1462514	346	1	40229	1	0	40000	hit	89
A_HP_28	17	Response	2	1468135	5967	1
A_HP_28	17	Pulse	99	1480956	18788	1
A_HP_28	17	Pulse	99	1500956	38788	1
A_HP_28	18	Picture	response92	1512806	238	1	40229	1	0	40000	hit	93
A_HP_28	18	Response	1	1518265	5697	1
A_HP_28	18	Pulse	99	1520955	8387	1
A_HP_28	18	Pulse	99	1540876	28308	1
A_HP_28	18	Pulse	99	1560956	48388	1
A_HP_28	19	Picture	response91	1563097	130	1	40229	1	0	40000	hit	98
A_HP_28	19	Response	2	1568174	5207	1
A_HP_28	19	Pulse	99	1580956	17988	1
A_HP_28	19	Pulse	99	1600876	37908	1
A_HP_28	20	Picture	response96	1613556	189	1	40230	1	0	40000	hit	103
A_HP_28	20	Pulse	99	1620956	7589	1
A_HP_28	20	Response	2	1621034	7667	1
A_HP_28	20	Pulse	99	1640956	27588	1
A_HP_28	20	Pulse	99	1660876	47509	1
A_HP_28	21	Picture	response95	1664014	247	1	40229	1	0	40000	hit	107
A_HP_28	21	Response	2	1671124	7357	1
A_HP_28	21	Pulse	99	1680955	17188	1
A_HP_28	21	Pulse	99	1700955	37188	1
A_HP_28	22	Picture	response93	1714473	306	1	40229	1	0	40000	hit	112
A_HP_28	22	Pulse	99	1720876	6709	1
A_HP_28	22	Response	1	1739274	25107	1
A_HP_28	22	Pulse	99	1740955	26788	1
A_HP_28	22	Pulse	99	1760956	46788	1
A_HP_28	23	Picture	ins4	1764765	198	1	30229	1	0	30000	other	0
A_HP_28	23	Pulse	99	1780876	16309	1
A_HP_28	23	Pulse	99	1800956	36389	1
A_HP_28	23	Pulse	99	1820955	56389	1
A_HP_28	23	Pulse	99	1840876	76309	1
A_HP_28	23	Pulse	99	1860956	96389	1
A_HP_28	23	Pulse	99	1880956	116389	1
A_HP_28	23	Pulse	99	1900876	136309	1
A_HP_28	23	Pulse	99	1920956	156389	1
A_HP_28	23	Pulse	99	1940955	176389	1
A_HP_28	23	Pulse	99	1960875	196308	1
A_HP_28	23	Pulse	99	1980956	216389	1
A_HP_28	23	Pulse	99	2000956	236389	1
A_HP_28	23	Pulse	99	2020876	256309	1
A_HP_28	23	Pulse	99	2040956	276389	1
A_HP_28	23	Pulse	99	2060956	296389	1
A_HP_28	24	Response	3	2080876	6078	1
A_HP_28	24	Pulse	99	2080876	6078	1
A_HP_28	25	Picture	response27	2081497	230	1	40229	1	0	40000	hit	134
A_HP_28	25	Response	2	2086264	4997	1
A_HP_28	25	Pulse	99	2100956	19688	1
A_HP_28	25	Pulse	99	2120956	39688	1
A_HP_28	26	Picture	response28	2131955	288	1	40229	1	0	40000	hit	138
A_HP_28	26	Response	1	2135914	4247	1
A_HP_28	26	Pulse	99	2140875	9208	1
A_HP_28	26	Pulse	99	2160955	29288	1
A_HP_28	26	Pulse	99	2180956	49289	1
A_HP_28	27	Picture	response32	2182247	180	1	40229	1	0	40000	hit	143
A_HP_28	27	Response	1	2186484	4417	1
A_HP_28	27	Pulse	99	2200875	18808	1
A_HP_28	27	Pulse	99	2220956	38888	1
A_HP_28	28	Picture	response25	2232705	238	1	40229	1	0	40000	hit	147
A_HP_28	28	Response	1	2238184	5717	1
A_HP_28	28	Pulse	99	2240955	8488	1
A_HP_28	28	Pulse	99	2260875	28409	1
A_HP_28	28	Pulse	99	2280955	48489	1
A_HP_28	29	Picture	response30	2283163	297	1	40229	1	0	40000	hit	152
A_HP_28	29	Response	1	2287674	4807	1
A_HP_28	29	Pulse	99	2300956	18089	1
A_HP_28	29	Pulse	99	2320875	38008	1
A_HP_28	30	Picture	response29	2333455	189	1	40229	1	0	40000	hit	157
A_HP_28	30	Pulse	99	2340875	7609	1
A_HP_28	30	Response	2	2342253	8987	1
A_HP_28	30	Pulse	99	2360955	27689	1
A_HP_28	30	Pulse	99	2380876	47609	1
A_HP_28	31	Picture	response26	2383914	247	1	40229	1	0	40000	hit	161
A_HP_28	31	Response	2	2387994	4327	1
A_HP_28	31	Pulse	99	2400875	17208	1
A_HP_28	31	Pulse	99	2420956	37289	1
A_HP_28	32	Picture	response31	2434373	306	1	40229	1	0	40000	hit	165
A_HP_28	32	Response	1	2440534	6467	1
A_HP_28	32	Pulse	99	2440875	6808	1
A_HP_28	32	Pulse	99	2460876	26809	1
A_HP_28	32	Pulse	99	2480956	46889	1
A_HP_28	33	Picture	ins18	2484664	198	1	30229	1	0	30000	other	0
A_HP_28	33	Pulse	99	2500875	16408	1
A_HP_28	33	Pulse	99	2520875	36409	1
A_HP_28	33	Pulse	99	2540956	56489	1
A_HP_28	33	Pulse	99	2560876	76409	1
A_HP_28	33	Pulse	99	2580875	96409	1
A_HP_28	33	Pulse	99	2600955	116488	1
A_HP_28	33	Pulse	99	2620875	136409	1
A_HP_28	33	Pulse	99	2640875	156408	1
A_HP_28	33	Pulse	99	2660956	176489	1
A_HP_28	33	Pulse	99	2680955	196488	1
A_HP_28	33	Pulse	99	2700875	216409	1
A_HP_28	33	Pulse	99	2720955	236489	1
A_HP_28	33	Pulse	99	2740955	256489	1
A_HP_28	33	Pulse	99	2760875	276409	1
A_HP_28	33	Pulse	99	2780955	296489	1
A_HP_28	34	Response	3	2800955	6258	1
A_HP_28	34	Pulse	99	2800955	6258	1
A_HP_28	35	Picture	response140	2801597	230	1	40229	1	0	40000	hit	188
A_HP_28	35	Response	1	2808504	7137	1
A_HP_28	35	Pulse	99	2820875	19508	1
A_HP_28	35	Pulse	99	2840955	39588	1
A_HP_28	36	Picture	response138	2851888	121	1	40229	1	0	40000	hit	193
A_HP_28	36	Pulse	99	2860955	9188	1
A_HP_28	36	Response	1	2861253	9486	1
A_HP_28	36	Pulse	99	2880875	29108	1
A_HP_28	36	Pulse	99	2900955	49188	1
A_HP_28	37	Picture	response137	2902513	346	1	40229	1	0	40000	hit	197
A_HP_28	37	Response	2	2913894	11727	1
A_HP_28	37	Pulse	99	2920955	18788	1
A_HP_28	37	Pulse	99	2940875	38708	1
A_HP_28	38	Picture	response142	2952805	239	1	40229	1	0	40000	hit	201
A_HP_28	38	Response	1	2960934	8367	1
A_HP_28	38	Pulse	99	2960954	8387	1
A_HP_28	38	Pulse	99	2980955	28389	1
A_HP_28	38	Pulse	99	3000875	48309	1
A_HP_28	39	Picture	response143	3003097	130	1	40229	1	0	40000	hit	206
A_HP_28	39	Response	2	3011744	8777	1
A_HP_28	39	Pulse	99	3020955	17988	1
A_HP_28	39	Pulse	99	3040955	37988	1
A_HP_28	40	Picture	response139	3053555	189	1	40229	1	0	40000	hit	210
A_HP_28	40	Response	2	3060254	6887	1
A_HP_28	40	Pulse	99	3060874	7508	1
A_HP_28	40	Pulse	99	3080875	27508	1
A_HP_28	40	Pulse	99	3100955	47588	1
A_HP_28	41	Picture	response144	3104014	247	1	40229	1	0	40000	hit	215
A_HP_28	41	Response	2	3117914	14147	1
A_HP_28	41	Pulse	99	3120874	17108	1
A_HP_28	41	Pulse	99	3140875	37108	1
A_HP_28	42	Picture	response141	3154472	305	1	40229	1	0	40000	hit	220
A_HP_28	42	Pulse	99	3160955	6789	1
A_HP_28	42	Response	1	3166744	12577	1
A_HP_28	42	Pulse	99	3180875	26708	1
A_HP_28	42	Pulse	99	3200875	46708	1
A_HP_28	43	Picture	ins2	3204764	197	1	30229	1	0	30000	other	0
A_HP_28	43	Pulse	99	3220956	16389	1
A_HP_28	43	Pulse	99	3240875	36308	1
A_HP_28	43	Pulse	99	3260875	56309	1
A_HP_28	43	Pulse	99	3280955	76388	1
A_HP_28	43	Pulse	99	3300875	96309	1
A_HP_28	43	Pulse	99	3320875	116308	1
A_HP_28	43	Pulse	99	3340955	136389	1
A_HP_28	43	Pulse	99	3360875	156308	1
A_HP_28	43	Pulse	99	3380875	176308	1
A_HP_28	43	Pulse	99	3400955	196389	1
A_HP_28	43	Pulse	99	3420875	216308	1
A_HP_28	43	Pulse	99	3440875	236308	1
A_HP_28	43	Pulse	99	3460955	256388	1
A_HP_28	43	Pulse	99	3480875	276308	1
A_HP_28	43	Pulse	99	3500875	296308	1
A_HP_28	44	Response	3	3520955	6158	1
A_HP_28	44	Pulse	99	3520955	6158	1
A_HP_28	45	Picture	response9	3521596	230	1	40229	1	0	40000	hit	242
A_HP_28	45	Response	2	3531613	10247	1
A_HP_28	45	Pulse	99	3540875	19509	1
A_HP_28	45	Pulse	99	3560875	39508	1
A_HP_28	46	Picture	response12	3571888	121	1	40229	1	0	40000	hit	246
A_HP_28	46	Response	2	3576214	4447	1
A_HP_28	46	Pulse	99	3580954	9188	1
A_HP_28	46	Pulse	99	3600875	29108	1
A_HP_28	46	Pulse	99	3620875	49108	1
A_HP_28	47	Picture	response14	3622512	346	1	40229	1	0	40000	hit	251
A_HP_28	47	Response	1	3626833	4667	1
A_HP_28	47	Pulse	99	3640955	18788	1
A_HP_28	47	Pulse	99	3660875	38708	1
A_HP_28	48	Picture	response13	3672803	237	1	40229	1	0	40000	hit	255
A_HP_28	48	Response	2	3676483	3917	1
A_HP_28	48	Pulse	99	3680874	8308	1
A_HP_28	48	Pulse	99	3700955	28389	1
A_HP_28	48	Pulse	99	3720875	48309	1
A_HP_28	49	Picture	response11	3723095	129	1	40230	1	0	40000	hit	260
A_HP_28	49	Response	1	3727183	4217	1
A_HP_28	49	Pulse	99	3740874	17908	1
A_HP_28	49	Pulse	99	3760955	37988	1
A_HP_28	50	Picture	response16	3773553	187	1	40229	1	0	40000	hit	264
A_HP_28	50	Response	2	3777393	4027	1
A_HP_28	50	Pulse	99	3780874	7508	1
A_HP_28	50	Pulse	99	3800875	27508	1
A_HP_28	50	Pulse	99	3820955	47589	1
A_HP_28	51	Picture	response10	3824011	245	1	40229	1	0	40000	hit	269
A_HP_28	51	Response	2	3833743	9978	1
A_HP_28	51	Pulse	99	3840874	17109	1
A_HP_28	51	Pulse	99	3860875	37109	1
A_HP_28	52	Picture	response15	3874469	303	1	40229	1	0	40000	hit	273
A_HP_28	52	Response	1	3880124	5957	1
A_HP_28	52	Pulse	99	3880874	6708	1
A_HP_28	52	Pulse	99	3900874	26708	1
A_HP_28	52	Pulse	99	3920875	46709	1
A_HP_28	53	Picture	ins20	3924760	194	1	30229	1	0	30000	other	0
A_HP_28	53	Pulse	99	3940874	16309	1
A_HP_28	53	Pulse	99	3960874	36308	1
A_HP_28	53	Pulse	99	3980875	56309	1
A_HP_28	53	Pulse	99	4000874	76309	1
A_HP_28	53	Pulse	99	4020874	96308	1
A_HP_28	53	Pulse	99	4040874	116309	1
A_HP_28	53	Pulse	99	4060874	136309	1
A_HP_28	53	Pulse	99	4080954	156389	1
A_HP_28	53	Pulse	99	4100875	176309	1
A_HP_28	53	Pulse	99	4120875	196309	1
A_HP_28	53	Pulse	99	4140955	216389	1
A_HP_28	53	Pulse	99	4160875	236309	1
A_HP_28	53	Pulse	99	4180874	256308	1
A_HP_28	53	Pulse	99	4200955	276389	1
A_HP_28	53	Pulse	99	4220875	296309	1
A_HP_28	54	Response	3	4240875	6078	1
A_HP_28	54	Pulse	99	4240875	6078	1
A_HP_28	55	Picture	response153	4241497	230	1	40229	1	0	40000	hit	296
A_HP_28	55	Response	2	4255483	14217	1
A_HP_28	55	Pulse	99	4260954	19687	1
A_HP_28	55	Pulse	99	4280875	39609	1
A_HP_28	56	Picture	response156	4291955	289	1	40229	1	0	40000	hit	301
A_HP_28	56	Pulse	99	4300875	9209	1
A_HP_28	56	Response	1	4304553	12887	1
A_HP_28	56	Pulse	99	4320954	29288	1
A_HP_28	56	Pulse	99	4340875	49209	1
A_HP_28	57	Picture	response154	4342247	181	1	40229	1	0	40000	hit	305
A_HP_28	57	Response	1	4351003	8937	1
A_HP_28	57	Pulse	99	4360874	18808	1
A_HP_28	57	Pulse	99	4380955	38889	1
A_HP_28	58	Picture	response159	4392705	238	1	40229	1	0	40000	hit	310
A_HP_28	58	Pulse	99	4400874	8408	1
A_HP_28	58	Response	1	4402002	9536	1
A_HP_28	58	Pulse	99	4420875	28409	1
A_HP_28	58	Pulse	99	4440954	48488	1
A_HP_28	59	Picture	response158	4443163	297	1	40229	1	0	40000	hit	314
A_HP_28	59	Response	2	4451354	8488	1
A_HP_28	59	Pulse	99	4460874	18008	1
A_HP_28	59	Pulse	99	4480874	38008	1
A_HP_28	60	Picture	response160	4493455	189	1	40229	1	0	40000	hit	319
A_HP_28	60	Pulse	99	4500954	7689	1
A_HP_28	60	Response	1	4503742	10477	1
A_HP_28	60	Pulse	99	4520874	27609	1
A_HP_28	60	Pulse	99	4540874	47609	1
A_HP_28	61	Picture	response155	4543913	248	1	40230	1	0	40000	hit	323
A_HP_28	61	Response	2	4558393	14727	1
A_HP_28	61	Pulse	99	4560954	17289	1
A_HP_28	61	Pulse	99	4580874	37209	1
A_HP_28	62	Picture	response157	4594372	306	1	40229	1	0	40000	hit	328
A_HP_28	62	Pulse	99	4600874	6808	1
A_HP_28	62	Response	2	4607783	13717	1
A_HP_28	62	Pulse	99	4620955	26889	1
A_HP_28	62	Pulse	99	4640874	46808	1
A_HP_28	63	Picture	thanks	4644330	0	1	10230	1	0	10000	other	0
A_HP_28	63	Pulse	99	4660874	16544	1


Event Type	Code	Type	Response	RT	RT Uncertainty	Time	Uncertainty	Duration	Uncertainty	ReqTime	ReqDur

Picture	ready	other				261189	1	10229	1	0	10000
Picture	ins10	other				321803	1	30229	1	0	30000
Picture	response79	hit	1	8988	2	641597	1	40229	1	0	40000
Picture	response77	hit	1	6766	2	691889	1	40229	1	0	40000
Picture	response74	hit	2	7871	2	742514	1	40229	1	0	40000
Picture	response78	hit	2	4919	2	792806	1	40229	1	0	40000
Picture	response73	hit	1	8878	2	843097	1	40229	1	0	40000
Picture	response80	hit	1	5539	2	893556	1	40229	1	0	40000
Picture	response75	hit	1	6260	2	944014	1	40229	1	0	40000
Picture	response76	hit	2	13492	2	994473	1	40229	1	0	40000
Picture	ins12	other				1044764	1	30229	1	0	30000
Picture	response90	hit	1	12667	2	1361597	1	40229	1	0	40000
Picture	response89	hit	2	16655	2	1411889	1	40229	1	0	40000
Picture	response94	hit	2	5621	2	1462514	1	40229	1	0	40000
Picture	response92	hit	1	5459	2	1512806	1	40229	1	0	40000
Picture	response91	hit	2	5077	2	1563097	1	40229	1	0	40000
Picture	response96	hit	2	7478	2	1613556	1	40230	1	0	40000
Picture	response95	hit	2	7110	2	1664014	1	40229	1	0	40000
Picture	response93	hit	1	24801	2	1714473	1	40229	1	0	40000
Picture	ins4	other				1764765	1	30229	1	0	30000
Picture	response27	hit	2	4767	2	2081497	1	40229	1	0	40000
Picture	response28	hit	1	3960	2	2131955	1	40229	1	0	40000
Picture	response32	hit	1	4238	2	2182247	1	40229	1	0	40000
Picture	response25	hit	1	5479	2	2232705	1	40229	1	0	40000
Picture	response30	hit	1	4511	2	2283163	1	40229	1	0	40000
Picture	response29	hit	2	8798	2	2333455	1	40229	1	0	40000
Picture	response26	hit	2	4080	2	2383914	1	40229	1	0	40000
Picture	response31	hit	1	6162	2	2434373	1	40229	1	0	40000
Picture	ins18	other				2484664	1	30229	1	0	30000
Picture	response140	hit	1	6907	2	2801597	1	40229	1	0	40000
Picture	response138	hit	1	9365	2	2851888	1	40229	1	0	40000
Picture	response137	hit	2	11381	2	2902513	1	40229	1	0	40000
Picture	response142	hit	1	8128	2	2952805	1	40229	1	0	40000
Picture	response143	hit	2	8647	2	3003097	1	40229	1	0	40000
Picture	response139	hit	2	6699	2	3053555	1	40229	1	0	40000
Picture	response144	hit	2	13900	2	3104014	1	40229	1	0	40000
Picture	response141	hit	1	12272	2	3154472	1	40229	1	0	40000
Picture	ins2	other				3204764	1	30229	1	0	30000
Picture	response9	hit	2	10017	2	3521596	1	40229	1	0	40000
Picture	response12	hit	2	4326	2	3571888	1	40229	1	0	40000
Picture	response14	hit	1	4321	2	3622512	1	40229	1	0	40000
Picture	response13	hit	2	3680	2	3672803	1	40229	1	0	40000
Picture	response11	hit	1	4089	2	3723095	1	40230	1	0	40000
Picture	response16	hit	2	3840	2	3773553	1	40229	1	0	40000
Picture	response10	hit	2	9733	2	3824011	1	40229	1	0	40000
Picture	response15	hit	1	5655	2	3874469	1	40229	1	0	40000
Picture	ins20	other				3924760	1	30229	1	0	30000
Picture	response153	hit	2	13987	2	4241497	1	40229	1	0	40000
Picture	response156	hit	1	12598	2	4291955	1	40229	1	0	40000
Picture	response154	hit	1	8757	2	4342247	1	40229	1	0	40000
Picture	response159	hit	1	9298	2	4392705	1	40229	1	0	40000
Picture	response158	hit	2	8190	2	4443163	1	40229	1	0	40000
Picture	response160	hit	1	10288	2	4493455	1	40229	1	0	40000
Picture	response155	hit	2	14480	2	4543913	1	40230	1	0	40000
Picture	response157	hit	2	13411	2	4594372	1	40229	1	0	40000
Picture	thanks	other				4644330	1	10230	1	0	10000


{
   "app": "Presentation Version 21.0 Build 06.06.19",
   "device": "LENOVO 20KHCTO1WW",
   "experiment": "{C0C68DB1-10BA-42F2-8F79-3F2AFFEED4E4}",
   "os": "Windows 10 64 bit",
   "package": "",
   "parameters": {
      "configuration": "Default configuration"
   },
   "scenario": "Feature experiment(3).sce",
   "subject": "A_HP_28",
   "timestamp": "2019/11/07 06:37:06 GMT"
}
