Scenario - 
Logfile written - 08/29/2019 13:41:43

Subject	Trial	Event Type	Code	Time	TTime	Uncertainty	Duration	Uncertainty	ReqTime	ReqDur	Stim Type	Pair Index

A_HP_10	1	Response	3	217091	215758	1
A_HP_10	1	Pulse	99	217091	215758	1
A_HP_10	2	Picture	ready	217323	0	1	10229	1	0	10000	other	0
A_HP_10	2	Pulse	99	237091	19768	1
A_HP_10	2	Pulse	99	257091	39768	1
A_HP_10	2	Pulse	99	277091	59768	1
A_HP_10	3	Picture	ins12	277927	234	1	30229	1	0	30000	other	0
A_HP_10	3	Pulse	99	297091	19398	1
A_HP_10	3	Pulse	99	317091	39398	1
A_HP_10	3	Pulse	99	337091	59398	1
A_HP_10	3	Pulse	99	357091	79398	1
A_HP_10	3	Pulse	99	377091	99398	1
A_HP_10	3	Pulse	99	397090	119397	1
A_HP_10	3	Pulse	99	417090	139397	1
A_HP_10	3	Pulse	99	437090	159397	1
A_HP_10	3	Pulse	99	457091	179398	1
A_HP_10	3	Pulse	99	477091	199398	1
A_HP_10	3	Pulse	99	497091	219398	1
A_HP_10	3	Pulse	99	517091	239398	1
A_HP_10	3	Pulse	99	537091	259397	1
A_HP_10	3	Pulse	99	557091	279398	1
A_HP_10	3	Pulse	99	577091	299398	1
A_HP_10	4	Response	3	597091	9167	1
A_HP_10	4	Pulse	99	597091	9167	1
A_HP_10	5	Picture	response95	597727	234	1	40229	1	0	40000	hit	26
A_HP_10	5	Response	2	605210	7717	1
A_HP_10	5	Pulse	99	617091	19598	1
A_HP_10	5	Pulse	99	637091	39598	1
A_HP_10	6	Picture	response92	648185	292	1	40229	1	0	40000	hit	31
A_HP_10	6	Pulse	99	657091	9198	1
A_HP_10	6	Response	1	660019	12126	1
A_HP_10	6	Pulse	99	677091	29198	1
A_HP_10	6	Pulse	99	697091	49198	1
A_HP_10	7	Picture	response90	698477	183	1	40229	1	0	40000	hit	35
A_HP_10	7	Response	1	710530	12237	1
A_HP_10	7	Pulse	99	717091	18798	1
A_HP_10	7	Pulse	99	737091	38798	1
A_HP_10	8	Picture	response93	748935	242	1	40229	1	0	40000	hit	40
A_HP_10	8	Pulse	99	757092	8399	1
A_HP_10	8	Response	1	759689	10996	1
A_HP_10	8	Pulse	99	777091	28398	1
A_HP_10	8	Pulse	99	797091	48398	1
A_HP_10	9	Picture	response94	799227	134	1	40229	1	0	40000	hit	44
A_HP_10	9	Response	2	804670	5577	1
A_HP_10	9	Pulse	99	817091	17998	1
A_HP_10	9	Pulse	99	837091	37998	1
A_HP_10	10	Picture	response96	849851	358	1	40229	1	0	40000	hit	49
A_HP_10	10	Pulse	99	857091	7598	1
A_HP_10	10	Response	2	858239	8746	1
A_HP_10	10	Pulse	99	877091	27598	1
A_HP_10	10	Pulse	99	897091	47598	1
A_HP_10	11	Picture	response91	900143	250	1	40229	1	0	40000	hit	53
A_HP_10	11	Response	2	907360	7467	1
A_HP_10	11	Pulse	99	917091	17198	1
A_HP_10	11	Pulse	99	937091	37198	1
A_HP_10	12	Picture	response89	950435	142	1	40229	1	0	40000	hit	58
A_HP_10	12	Pulse	99	957091	6798	1
A_HP_10	12	Response	2	960359	10066	1
A_HP_10	12	Pulse	99	977091	26798	1
A_HP_10	12	Pulse	99	997091	46798	1
A_HP_10	13	Picture	ins2	1000893	201	1	30229	1	0	30000	other	0
A_HP_10	13	Pulse	99	1017090	16398	1
A_HP_10	13	Pulse	99	1037091	36398	1
A_HP_10	13	Pulse	99	1057091	56399	1
A_HP_10	13	Pulse	99	1077091	76399	1
A_HP_10	13	Pulse	99	1097091	96399	1
A_HP_10	13	Pulse	99	1117091	116399	1
A_HP_10	13	Pulse	99	1137091	136399	1
A_HP_10	13	Pulse	99	1157091	156399	1
A_HP_10	13	Pulse	99	1177091	176399	1
A_HP_10	13	Pulse	99	1197091	196399	1
A_HP_10	13	Pulse	99	1217091	216398	1
A_HP_10	13	Pulse	99	1237091	236399	1
A_HP_10	13	Pulse	99	1257091	256398	1
A_HP_10	13	Pulse	99	1277091	276399	1
A_HP_10	13	Pulse	99	1297091	296399	1
A_HP_10	14	Response	3	1317091	6168	1
A_HP_10	14	Pulse	99	1317091	6168	1
A_HP_10	15	Picture	response9	1317723	231	1	40229	1	0	40000	hit	80
A_HP_10	15	Response	2	1322569	5076	1
A_HP_10	15	Pulse	99	1337091	19598	1
A_HP_10	15	Pulse	99	1357090	39597	1
A_HP_10	16	Picture	response10	1368182	290	1	40230	1	0	40000	hit	84
A_HP_10	16	Response	2	1372979	5087	1
A_HP_10	16	Pulse	99	1377089	9198	1
A_HP_10	16	Pulse	99	1397090	29198	1
A_HP_10	16	Pulse	99	1417090	49198	1
A_HP_10	17	Picture	response14	1418474	182	1	40229	1	0	40000	hit	89
A_HP_10	17	Response	1	1423739	5447	1
A_HP_10	17	Pulse	99	1437090	18798	1
A_HP_10	17	Pulse	99	1457090	38798	1
A_HP_10	18	Picture	response12	1468932	240	1	40230	1	0	40000	hit	93
A_HP_10	18	Response	2	1473729	5037	1
A_HP_10	18	Pulse	99	1477089	8397	1
A_HP_10	18	Pulse	99	1497090	28398	1
A_HP_10	18	Pulse	99	1517090	48398	1
A_HP_10	19	Picture	response13	1519224	132	1	40229	1	0	40000	hit	98
A_HP_10	19	Response	2	1524369	5277	1
A_HP_10	19	Pulse	99	1537090	17998	1
A_HP_10	19	Pulse	99	1557090	37998	1
A_HP_10	20	Picture	response15	1569848	356	1	40229	1	0	40000	hit	102
A_HP_10	20	Response	1	1576429	6937	1
A_HP_10	20	Pulse	99	1577089	7598	1
A_HP_10	20	Pulse	99	1597090	27598	1
A_HP_10	20	Pulse	99	1617090	47598	1
A_HP_10	21	Picture	response11	1620140	248	1	40229	1	0	40000	hit	107
A_HP_10	21	Response	1	1624549	4657	1
A_HP_10	21	Pulse	99	1637090	17198	1
A_HP_10	21	Pulse	99	1657090	37198	1
A_HP_10	22	Picture	response16	1670431	139	1	40229	1	0	40000	hit	111
A_HP_10	22	Response	2	1675818	5527	1
A_HP_10	22	Pulse	99	1677089	6797	1
A_HP_10	22	Pulse	99	1697090	26798	1
A_HP_10	22	Pulse	99	1717091	46799	1
A_HP_10	23	Picture	ins4	1720889	197	1	30229	1	0	30000	other	0
A_HP_10	23	Pulse	99	1737090	16398	1
A_HP_10	23	Pulse	99	1757090	36397	1
A_HP_10	23	Pulse	99	1777090	56398	1
A_HP_10	23	Pulse	99	1797090	76398	1
A_HP_10	23	Pulse	99	1817090	96398	1
A_HP_10	23	Pulse	99	1837091	116398	1
A_HP_10	23	Pulse	99	1857090	136398	1
A_HP_10	23	Pulse	99	1877091	156398	1
A_HP_10	23	Pulse	99	1897090	176398	1
A_HP_10	23	Pulse	99	1917090	196398	1
A_HP_10	23	Pulse	99	1937090	216398	1
A_HP_10	23	Pulse	99	1957090	236398	1
A_HP_10	23	Pulse	99	1977090	256398	1
A_HP_10	23	Pulse	99	1997090	276398	1
A_HP_10	23	Pulse	99	2017091	296398	1
A_HP_10	24	Response	3	2037090	6167	1
A_HP_10	24	Pulse	99	2037090	6167	1
A_HP_10	25	Picture	response31	2037722	230	1	40229	1	0	40000	hit	134
A_HP_10	25	Response	1	2048819	11327	1
A_HP_10	25	Pulse	99	2057090	19598	1
A_HP_10	25	Pulse	99	2077090	39598	1
A_HP_10	26	Picture	response26	2088181	288	1	40229	1	0	40000	hit	138
A_HP_10	26	Response	2	2092259	4367	1
A_HP_10	26	Pulse	99	2097089	9197	1
A_HP_10	26	Pulse	99	2117090	29198	1
A_HP_10	26	Pulse	99	2137090	49198	1
A_HP_10	27	Picture	response30	2138472	180	1	40229	1	0	40000	hit	143
A_HP_10	27	Response	1	2144709	6417	1
A_HP_10	27	Pulse	99	2157090	18798	1
A_HP_10	27	Pulse	99	2177090	38798	1
A_HP_10	28	Picture	response25	2188930	238	1	40231	1	0	40000	hit	147
A_HP_10	28	Response	1	2193498	4806	1
A_HP_10	28	Pulse	99	2197089	8396	1
A_HP_10	28	Pulse	99	2217089	28397	1
A_HP_10	28	Pulse	99	2237090	48398	1
A_HP_10	29	Picture	response32	2239223	130	1	40229	1	0	40000	hit	152
A_HP_10	29	Response	1	2244879	5786	1
A_HP_10	29	Pulse	99	2257090	17997	1
A_HP_10	29	Pulse	99	2277090	37998	1
A_HP_10	30	Picture	response29	2289848	356	1	40229	1	0	40000	hit	156
A_HP_10	30	Response	2	2295159	5666	1
A_HP_10	30	Pulse	99	2297090	7597	1
A_HP_10	30	Pulse	99	2317090	27598	1
A_HP_10	30	Pulse	99	2337090	47598	1
A_HP_10	31	Picture	response28	2340140	247	1	40230	1	0	40000	hit	161
A_HP_10	31	Response	1	2344869	4977	1
A_HP_10	31	Pulse	99	2357089	17197	1
A_HP_10	31	Pulse	99	2377090	37198	1
A_HP_10	32	Picture	response27	2390431	140	1	40229	1	0	40000	hit	165
A_HP_10	32	Response	2	2394769	4477	1
A_HP_10	32	Pulse	99	2397089	6798	1
A_HP_10	32	Pulse	99	2417090	26798	1
A_HP_10	32	Pulse	99	2437090	46798	1
A_HP_10	33	Picture	ins20	2440890	198	1	30229	1	0	30000	other	0
A_HP_10	33	Pulse	99	2457090	16398	1
A_HP_10	33	Pulse	99	2477090	36398	1
A_HP_10	33	Pulse	99	2497090	56398	1
A_HP_10	33	Pulse	99	2517090	76398	1
A_HP_10	33	Pulse	99	2537089	96398	1
A_HP_10	33	Pulse	99	2557090	116398	1
A_HP_10	33	Pulse	99	2577089	136398	1
A_HP_10	33	Pulse	99	2597090	156399	1
A_HP_10	33	Pulse	99	2617090	176399	1
A_HP_10	33	Pulse	99	2637090	196399	1
A_HP_10	33	Pulse	99	2657090	216398	1
A_HP_10	33	Pulse	99	2677090	236399	1
A_HP_10	33	Pulse	99	2697090	256398	1
A_HP_10	33	Pulse	99	2717090	276399	1
A_HP_10	33	Pulse	99	2737090	296399	1
A_HP_10	34	Response	3	2757090	6168	1
A_HP_10	34	Pulse	99	2757090	6168	1
A_HP_10	35	Picture	response154	2757722	230	1	40229	1	0	40000	hit	188
A_HP_10	35	Response	1	2769639	12147	1
A_HP_10	35	Pulse	99	2777090	19598	1
A_HP_10	35	Pulse	99	2797090	39598	1
A_HP_10	36	Picture	response158	2808180	288	1	40229	1	0	40000	hit	192
A_HP_10	36	Response	2	2814349	6457	1
A_HP_10	36	Pulse	99	2817089	9197	1
A_HP_10	36	Pulse	99	2837090	29198	1
A_HP_10	36	Pulse	99	2857090	49198	1
A_HP_10	37	Picture	response157	2858472	179	1	40230	1	0	40000	hit	197
A_HP_10	37	Response	2	2870429	12136	1
A_HP_10	37	Pulse	99	2877090	18797	1
A_HP_10	37	Pulse	99	2897090	38798	1
A_HP_10	38	Picture	response159	2908930	238	1	40229	1	0	40000	hit	202
A_HP_10	38	Pulse	99	2917090	8398	1
A_HP_10	38	Response	1	2921018	12326	1
A_HP_10	38	Pulse	99	2937090	28398	1
A_HP_10	38	Pulse	99	2957090	48398	1
A_HP_10	39	Picture	response153	2959222	130	1	40229	1	0	40000	hit	206
A_HP_10	39	Response	2	2966059	6967	1
A_HP_10	39	Pulse	99	2977090	17998	1
A_HP_10	39	Pulse	99	2997090	37998	1
A_HP_10	40	Picture	response156	3009847	355	1	40229	1	0	40000	hit	211
A_HP_10	40	Pulse	99	3017090	7598	1
A_HP_10	40	Response	1	3027068	17576	1
A_HP_10	40	Pulse	99	3037090	27598	1
A_HP_10	40	Pulse	99	3057090	47598	1
A_HP_10	41	Picture	response155	3060139	247	1	40229	1	0	40000	hit	215
A_HP_10	41	Response	2	3067029	7137	1
A_HP_10	41	Pulse	99	3077090	17198	1
A_HP_10	41	Pulse	99	3097090	37198	1
A_HP_10	42	Picture	response160	3110431	139	1	40229	1	0	40000	hit	220
A_HP_10	42	Pulse	99	3117090	6798	1
A_HP_10	42	Response	1	3119808	9516	1
A_HP_10	42	Pulse	99	3137090	26798	1
A_HP_10	42	Pulse	99	3157090	46798	1
A_HP_10	43	Picture	ins10	3160889	197	1	30229	1	0	30000	other	0
A_HP_10	43	Pulse	99	3177090	16398	1
A_HP_10	43	Pulse	99	3197090	36398	1
A_HP_10	43	Pulse	99	3217090	56398	1
A_HP_10	43	Pulse	99	3237090	76398	1
A_HP_10	43	Pulse	99	3257010	96318	1
A_HP_10	43	Pulse	99	3277090	116398	1
A_HP_10	43	Pulse	99	3297090	136398	1
A_HP_10	43	Pulse	99	3317010	156318	1
A_HP_10	43	Pulse	99	3337090	176398	1
A_HP_10	43	Pulse	99	3357090	196398	1
A_HP_10	43	Pulse	99	3377090	216398	1
A_HP_10	43	Pulse	99	3397089	236397	1
A_HP_10	43	Pulse	99	3417089	256397	1
A_HP_10	43	Pulse	99	3437090	276398	1
A_HP_10	43	Pulse	99	3457090	296398	1
A_HP_10	44	Response	3	3477090	6168	1
A_HP_10	44	Pulse	99	3477090	6168	1
A_HP_10	45	Picture	response75	3477722	230	1	40229	1	0	40000	hit	242
A_HP_10	45	Response	1	3485438	7947	1
A_HP_10	45	Pulse	99	3497089	19598	1
A_HP_10	45	Pulse	99	3517090	39598	1
A_HP_10	46	Picture	response76	3528180	288	1	40229	1	0	40000	hit	247
A_HP_10	46	Pulse	99	3537089	9197	1
A_HP_10	46	Response	2	3537578	9686	1
A_HP_10	46	Pulse	99	3557090	29198	1
A_HP_10	46	Pulse	99	3577010	49118	1
A_HP_10	47	Picture	response73	3578472	180	1	40229	1	0	40000	hit	251
A_HP_10	47	Response	1	3587598	9306	1
A_HP_10	47	Pulse	99	3597089	18797	1
A_HP_10	47	Pulse	99	3617090	38798	1
A_HP_10	48	Picture	response80	3628930	238	1	40229	1	0	40000	hit	255
A_HP_10	48	Response	1	3635328	6637	1
A_HP_10	48	Pulse	99	3637009	8317	1
A_HP_10	48	Pulse	99	3657090	28398	1
A_HP_10	48	Pulse	99	3677089	48397	1
A_HP_10	49	Picture	response77	3679222	130	1	40229	1	0	40000	hit	260
A_HP_10	49	Response	1	3687498	8406	1
A_HP_10	49	Pulse	99	3697009	17918	1
A_HP_10	49	Pulse	99	3717089	37998	1
A_HP_10	50	Picture	response74	3729847	355	1	40230	1	0	40000	hit	264
A_HP_10	50	Response	2	3735169	5677	1
A_HP_10	50	Pulse	99	3737089	7598	1
A_HP_10	50	Pulse	99	3757009	27518	1
A_HP_10	50	Pulse	99	3777089	47598	1
A_HP_10	51	Picture	response79	3780139	247	1	40230	1	0	40000	hit	269
A_HP_10	51	Response	1	3789258	9366	1
A_HP_10	51	Pulse	99	3797089	17198	1
A_HP_10	51	Pulse	99	3817089	37198	1
A_HP_10	52	Picture	response78	3830431	139	1	40229	1	0	40000	hit	274
A_HP_10	52	Pulse	99	3837089	6798	1
A_HP_10	52	Response	2	3839437	9145	1
A_HP_10	52	Pulse	99	3857089	26798	1
A_HP_10	52	Pulse	99	3877090	46798	1
A_HP_10	53	Picture	ins18	3880889	197	1	30229	1	0	30000	other	0
A_HP_10	53	Pulse	99	3897009	16318	1
A_HP_10	53	Pulse	99	3917089	36398	1
A_HP_10	53	Pulse	99	3937089	56398	1
A_HP_10	53	Pulse	99	3957010	76318	1
A_HP_10	53	Pulse	99	3977090	96398	1
A_HP_10	53	Pulse	99	3997090	116398	1
A_HP_10	53	Pulse	99	4017009	136318	1
A_HP_10	53	Pulse	99	4037089	156398	1
A_HP_10	53	Pulse	99	4057089	176398	1
A_HP_10	53	Pulse	99	4077009	196318	1
A_HP_10	53	Pulse	99	4097089	216398	1
A_HP_10	53	Pulse	99	4117090	236398	1
A_HP_10	53	Pulse	99	4137009	256318	1
A_HP_10	53	Pulse	99	4157090	276398	1
A_HP_10	53	Pulse	99	4177089	296397	1
A_HP_10	54	Response	3	4197089	6167	1
A_HP_10	54	Pulse	99	4197089	6167	1
A_HP_10	55	Picture	response142	4197721	230	1	40229	1	0	40000	hit	296
A_HP_10	55	Response	1	4207398	9906	1
A_HP_10	55	Pulse	99	4217089	19598	1
A_HP_10	55	Pulse	99	4237089	39598	1
A_HP_10	56	Picture	response143	4248180	288	1	40229	1	0	40000	hit	300
A_HP_10	56	Response	2	4256158	8267	1
A_HP_10	56	Pulse	99	4257089	9197	1
A_HP_10	56	Pulse	99	4277009	29117	1
A_HP_10	56	Pulse	99	4297089	49197	1
A_HP_10	57	Picture	response139	4298472	180	1	40229	1	0	40000	hit	306
A_HP_10	57	Pulse	99	4317089	18798	1
A_HP_10	57	Response	2	4319287	20996	1
A_HP_10	57	Pulse	99	4337009	38718	1
A_HP_10	58	Picture	response140	4348930	239	1	40229	1	0	40000	hit	309
A_HP_10	58	Response	1	4355188	6497	1
A_HP_10	58	Pulse	99	4357089	8397	1
A_HP_10	58	Pulse	99	4377089	28398	1
A_HP_10	58	Pulse	99	4397009	48318	1
A_HP_10	59	Picture	response138	4399222	131	1	40229	1	0	40000	hit	314
A_HP_10	59	Response	1	4414858	15767	1
A_HP_10	59	Pulse	99	4417088	17997	1
A_HP_10	59	Pulse	99	4437089	37998	1
A_HP_10	60	Picture	response137	4449847	356	1	40229	1	0	40000	hit	319
A_HP_10	60	Pulse	99	4457009	7518	1
A_HP_10	60	Response	2	4461728	12237	1
A_HP_10	60	Pulse	99	4477089	27597	1
A_HP_10	60	Pulse	99	4497089	47598	1
A_HP_10	61	Picture	response141	4500139	248	1	40229	1	0	40000	hit	323
A_HP_10	61	Response	1	4506498	6606	1
A_HP_10	61	Pulse	99	4517009	17118	1
A_HP_10	61	Pulse	99	4537089	37198	1
A_HP_10	62	Picture	response144	4550431	139	1	40229	1	0	40000	hit	328
A_HP_10	62	Pulse	99	4557089	6798	1
A_HP_10	62	Response	2	4569438	19146	1
A_HP_10	62	Pulse	99	4577009	26717	1
A_HP_10	62	Pulse	99	4597009	46718	1
A_HP_10	63	Picture	thanks	4600389	0	1	10230	1	0	10000	other	0
A_HP_10	63	Pulse	99	4617089	16700	1


Event Type	Code	Type	Response	RT	RT Uncertainty	Time	Uncertainty	Duration	Uncertainty	ReqTime	ReqDur

Picture	ready	other				217323	1	10229	1	0	10000
Picture	ins12	other				277927	1	30229	1	0	30000
Picture	response95	hit	2	7483	2	597727	1	40229	1	0	40000
Picture	response92	hit	1	11834	2	648185	1	40229	1	0	40000
Picture	response90	hit	1	12053	2	698477	1	40229	1	0	40000
Picture	response93	hit	1	10754	2	748935	1	40229	1	0	40000
Picture	response94	hit	2	5443	2	799227	1	40229	1	0	40000
Picture	response96	hit	2	8388	2	849851	1	40229	1	0	40000
Picture	response91	hit	2	7217	2	900143	1	40229	1	0	40000
Picture	response89	hit	2	9924	2	950435	1	40229	1	0	40000
Picture	ins2	other				1000893	1	30229	1	0	30000
Picture	response9	hit	2	4846	2	1317723	1	40229	1	0	40000
Picture	response10	hit	2	4797	2	1368182	1	40230	1	0	40000
Picture	response14	hit	1	5266	2	1418474	1	40229	1	0	40000
Picture	response12	hit	2	4797	2	1468932	1	40230	1	0	40000
Picture	response13	hit	2	5145	2	1519224	1	40229	1	0	40000
Picture	response15	hit	1	6581	2	1569848	1	40229	1	0	40000
Picture	response11	hit	1	4409	2	1620140	1	40229	1	0	40000
Picture	response16	hit	2	5388	2	1670431	1	40229	1	0	40000
Picture	ins4	other				1720889	1	30229	1	0	30000
Picture	response31	hit	1	11097	2	2037722	1	40229	1	0	40000
Picture	response26	hit	2	4078	2	2088181	1	40229	1	0	40000
Picture	response30	hit	1	6237	2	2138472	1	40229	1	0	40000
Picture	response25	hit	1	4568	2	2188930	1	40231	1	0	40000
Picture	response32	hit	1	5656	2	2239223	1	40229	1	0	40000
Picture	response29	hit	2	5311	2	2289848	1	40229	1	0	40000
Picture	response28	hit	1	4729	2	2340140	1	40230	1	0	40000
Picture	response27	hit	2	4337	2	2390431	1	40229	1	0	40000
Picture	ins20	other				2440890	1	30229	1	0	30000
Picture	response154	hit	1	11917	2	2757722	1	40229	1	0	40000
Picture	response158	hit	2	6169	2	2808180	1	40229	1	0	40000
Picture	response157	hit	2	11957	2	2858472	1	40230	1	0	40000
Picture	response159	hit	1	12088	2	2908930	1	40229	1	0	40000
Picture	response153	hit	2	6837	2	2959222	1	40229	1	0	40000
Picture	response156	hit	1	17221	2	3009847	1	40229	1	0	40000
Picture	response155	hit	2	6889	2	3060139	1	40229	1	0	40000
Picture	response160	hit	1	9377	2	3110431	1	40229	1	0	40000
Picture	ins10	other				3160889	1	30229	1	0	30000
Picture	response75	hit	1	7717	2	3477722	1	40229	1	0	40000
Picture	response76	hit	2	9398	2	3528180	1	40229	1	0	40000
Picture	response73	hit	1	9127	2	3578472	1	40229	1	0	40000
Picture	response80	hit	1	6399	2	3628930	1	40229	1	0	40000
Picture	response77	hit	1	8276	2	3679222	1	40229	1	0	40000
Picture	response74	hit	2	5322	2	3729847	1	40230	1	0	40000
Picture	response79	hit	1	9119	2	3780139	1	40230	1	0	40000
Picture	response78	hit	2	9006	2	3830431	1	40229	1	0	40000
Picture	ins18	other				3880889	1	30229	1	0	30000
Picture	response142	hit	1	9677	2	4197721	1	40229	1	0	40000
Picture	response143	hit	2	7978	2	4248180	1	40229	1	0	40000
Picture	response139	hit	2	20816	2	4298472	1	40229	1	0	40000
Picture	response140	hit	1	6258	2	4348930	1	40229	1	0	40000
Picture	response138	hit	1	15636	2	4399222	1	40229	1	0	40000
Picture	response137	hit	2	11881	2	4449847	1	40229	1	0	40000
Picture	response141	hit	1	6359	2	4500139	1	40229	1	0	40000
Picture	response144	hit	2	19007	2	4550431	1	40229	1	0	40000
Picture	thanks	other				4600389	1	10230	1	0	10000


{
   "app": "Presentation Version 21.0 Build 06.06.19",
   "device": "LENOVO 20KHCTO1WW",
   "experiment": "{C0C68DB1-10BA-42F2-8F79-3F2AFFEED4E4}",
   "os": "Windows 10 64 bit",
   "package": "",
   "parameters": {
      "configuration": "Default configuration"
   },
   "scenario": "Feature experiment(3).sce",
   "subject": "A_HP_10",
   "timestamp": "2019/08/29 04:33:52 GMT"
}
