Scenario - 
Logfile written - 09/26/2019 14:03:07

Subject	Trial	Event Type	Code	Time	TTime	Uncertainty	Duration	Uncertainty	ReqTime	ReqDur	Stim Type	Pair Index

A_HP_15	1	Response	3	223597	222597	1
A_HP_15	1	Pulse	99	223597	222597	1
A_HP_15	2	Picture	ready	223828	0	1	10230	1	0	10000	other	0
A_HP_15	2	Pulse	99	243596	19768	1
A_HP_15	2	Pulse	99	263596	39768	1
A_HP_15	2	Pulse	99	283597	59768	1
A_HP_15	3	Picture	ins20	284393	233	1	30229	1	0	30000	other	0
A_HP_15	3	Pulse	99	303596	19437	1
A_HP_15	3	Pulse	99	323596	39437	1
A_HP_15	3	Pulse	99	343596	59437	1
A_HP_15	3	Pulse	99	363597	79437	1
A_HP_15	3	Pulse	99	383596	99437	1
A_HP_15	3	Pulse	99	403596	119437	1
A_HP_15	3	Pulse	99	423596	139437	1
A_HP_15	3	Pulse	99	443596	159437	1
A_HP_15	3	Pulse	99	463596	179437	1
A_HP_15	3	Pulse	99	483596	199437	1
A_HP_15	3	Pulse	99	503596	219437	1
A_HP_15	3	Pulse	99	523597	239437	1
A_HP_15	3	Pulse	99	543597	259437	1
A_HP_15	3	Pulse	99	563597	279437	1
A_HP_15	3	Pulse	99	583597	299437	1
A_HP_15	4	Response	3	603597	9207	1
A_HP_15	4	Pulse	99	603597	9207	1
A_HP_15	5	Picture	response158	604189	230	1	40241	1	0	40000	hit	27
A_HP_15	5	Pulse	99	623597	19637	1
A_HP_15	5	Response	2	627385	23426	1
A_HP_15	5	Pulse	99	643597	39638	1
A_HP_15	6	Picture	response160	654493	133	1	40229	1	0	40000	hit	31
A_HP_15	6	Pulse	99	663597	9237	1
A_HP_15	6	Response	1	673966	19606	1
A_HP_15	6	Pulse	99	683597	29237	1
A_HP_15	6	Pulse	99	703597	49237	1
A_HP_15	7	Picture	response159	705118	358	1	40229	1	0	40000	hit	35
A_HP_15	7	Response	1	722466	17706	1
A_HP_15	7	Pulse	99	723516	18757	1
A_HP_15	7	Pulse	99	743597	38837	1
A_HP_15	8	Picture	response153	755410	250	1	40230	1	0	40000	hit	40
A_HP_15	8	Pulse	99	763597	8437	1
A_HP_15	8	Response	2	777416	22256	1
A_HP_15	8	Pulse	99	783596	28437	1
A_HP_15	8	Pulse	99	803597	48437	1
A_HP_15	9	Picture	response157	805701	142	1	40229	1	0	40000	hit	45
A_HP_15	9	Pulse	99	823597	18037	1
A_HP_15	9	Response	2	828756	23196	1
A_HP_15	9	Pulse	99	843597	38037	1
A_HP_15	10	Picture	response156	856160	199	1	40229	1	0	40000	hit	49
A_HP_15	10	Pulse	99	863597	7637	1
A_HP_15	10	Response	1	875616	19655	1
A_HP_15	10	Pulse	99	883597	27637	1
A_HP_15	10	Pulse	99	903597	47637	1
A_HP_15	11	Picture	response154	906618	258	1	40229	1	0	40000	hit	54
A_HP_15	11	Pulse	99	923597	17237	1
A_HP_15	11	Response	1	929396	23036	1
A_HP_15	11	Pulse	99	943597	37237	1
A_HP_15	12	Picture	response155	957076	316	1	40229	1	0	40000	hit	58
A_HP_15	12	Pulse	99	963597	6837	1
A_HP_15	12	Response	2	972586	15826	1
A_HP_15	12	Pulse	99	983597	26837	1
A_HP_15	12	Pulse	99	1003597	46838	1
A_HP_15	13	Picture	ins10	1007368	208	1	30229	1	0	30000	other	0
A_HP_15	13	Pulse	99	1023597	16437	1
A_HP_15	13	Pulse	99	1043517	36357	1
A_HP_15	13	Pulse	99	1063598	56437	1
A_HP_15	13	Pulse	99	1083598	76437	1
A_HP_15	13	Pulse	99	1103518	96358	1
A_HP_15	13	Pulse	99	1123598	116437	1
A_HP_15	13	Pulse	99	1143598	136437	1
A_HP_15	13	Pulse	99	1163598	156437	1
A_HP_15	13	Pulse	99	1183598	176437	1
A_HP_15	13	Pulse	99	1203598	196437	1
A_HP_15	13	Pulse	99	1223598	216437	1
A_HP_15	13	Pulse	99	1243598	236438	1
A_HP_15	13	Pulse	99	1263598	256438	1
A_HP_15	13	Pulse	99	1283598	276438	1
A_HP_15	13	Pulse	99	1303598	296438	1
A_HP_15	14	Response	3	1323598	6207	1
A_HP_15	14	Pulse	99	1323598	6207	1
A_HP_15	15	Picture	response75	1324191	230	1	40229	1	0	40000	hit	80
A_HP_15	15	Response	1	1341377	17416	1
A_HP_15	15	Pulse	99	1343597	19637	1
A_HP_15	15	Pulse	99	1363518	39558	1
A_HP_15	16	Picture	response79	1374482	122	1	40229	1	0	40000	hit	84
A_HP_15	16	Response	1	1381217	6856	1
A_HP_15	16	Pulse	99	1383597	9236	1
A_HP_15	16	Pulse	99	1403598	29237	1
A_HP_15	16	Pulse	99	1423518	49157	1
A_HP_15	17	Picture	response76	1425107	347	1	40229	1	0	40000	hit	89
A_HP_15	17	Response	2	1433057	8296	1
A_HP_15	17	Pulse	99	1443598	18838	1
A_HP_15	17	Pulse	99	1463598	38838	1
A_HP_15	18	Picture	response73	1475398	238	1	40229	1	0	40000	hit	94
A_HP_15	18	Pulse	99	1483518	8357	1
A_HP_15	18	Response	1	1495527	20366	1
A_HP_15	18	Pulse	99	1503598	28437	1
A_HP_15	18	Pulse	99	1523598	48438	1
A_HP_15	19	Picture	response77	1525690	129	1	40229	1	0	40000	hit	98
A_HP_15	19	Response	1	1534777	9216	1
A_HP_15	19	Pulse	99	1543518	17957	1
A_HP_15	19	Pulse	99	1563599	38037	1
A_HP_15	20	Picture	response74	1576148	186	1	40229	1	0	40000	hit	103
A_HP_15	20	Pulse	99	1583598	7637	1
A_HP_15	20	Response	2	1585736	9775	1
A_HP_15	20	Pulse	99	1603598	27637	1
A_HP_15	20	Pulse	99	1623599	47637	1
A_HP_15	21	Picture	response80	1626606	244	1	40229	1	0	40000	hit	107
A_HP_15	21	Response	1	1638037	11676	1
A_HP_15	21	Pulse	99	1643598	17236	1
A_HP_15	21	Pulse	99	1663598	37237	1
A_HP_15	22	Picture	response78	1677064	302	1	40229	1	0	40000	hit	112
A_HP_15	22	Pulse	99	1683518	6757	1
A_HP_15	22	Response	2	1688037	11276	1
A_HP_15	22	Pulse	99	1703598	26837	1
A_HP_15	22	Pulse	99	1723599	46837	1
A_HP_15	23	Picture	ins4	1727355	194	1	30229	1	0	30000	other	0
A_HP_15	23	Pulse	99	1743520	16358	1
A_HP_15	23	Pulse	99	1763599	36437	1
A_HP_15	23	Pulse	99	1783599	56437	1
A_HP_15	23	Pulse	99	1803519	76357	1
A_HP_15	23	Pulse	99	1823599	96437	1
A_HP_15	23	Pulse	99	1843599	116437	1
A_HP_15	23	Pulse	99	1863519	136357	1
A_HP_15	23	Pulse	99	1883599	156437	1
A_HP_15	23	Pulse	99	1903599	176437	1
A_HP_15	23	Pulse	99	1923519	196357	1
A_HP_15	23	Pulse	99	1943599	216437	1
A_HP_15	23	Pulse	99	1963599	236437	1
A_HP_15	23	Pulse	99	1983599	256437	1
A_HP_15	23	Pulse	99	2003519	276357	1
A_HP_15	23	Pulse	99	2023599	296437	1
A_HP_15	24	Response	3	2043599	6207	1
A_HP_15	24	Pulse	99	2043599	6207	1
A_HP_15	25	Picture	response28	2044191	229	1	40229	1	0	40000	hit	134
A_HP_15	25	Response	1	2050458	6496	1
A_HP_15	25	Pulse	99	2063519	19557	1
A_HP_15	25	Pulse	99	2083599	39637	1
A_HP_15	26	Picture	response30	2094483	121	1	40229	1	0	40000	hit	138
A_HP_15	26	Response	1	2099748	5386	1
A_HP_15	26	Pulse	99	2103598	9236	1
A_HP_15	26	Pulse	99	2123519	29157	1
A_HP_15	26	Pulse	99	2143599	49237	1
A_HP_15	27	Picture	response32	2145107	345	1	40229	1	0	40000	hit	143
A_HP_15	27	Response	1	2149258	4496	1
A_HP_15	27	Pulse	99	2163599	18837	1
A_HP_15	27	Pulse	99	2183519	38757	1
A_HP_15	28	Picture	response31	2195399	237	1	40229	1	0	40000	hit	147
A_HP_15	28	Response	1	2199758	4596	1
A_HP_15	28	Pulse	99	2203598	8436	1
A_HP_15	28	Pulse	99	2223599	28437	1
A_HP_15	28	Pulse	99	2243519	48357	1
A_HP_15	29	Picture	response29	2245690	128	1	40229	1	0	40000	hit	152
A_HP_15	29	Response	2	2251488	5926	1
A_HP_15	29	Pulse	99	2263599	18037	1
A_HP_15	29	Pulse	99	2283599	38037	1
A_HP_15	30	Picture	response27	2296148	186	1	40229	1	0	40000	hit	156
A_HP_15	30	Response	2	2301268	5306	1
A_HP_15	30	Pulse	99	2303519	7557	1
A_HP_15	30	Pulse	99	2323599	27637	1
A_HP_15	30	Pulse	99	2343599	47637	1
A_HP_15	31	Picture	response25	2346607	244	1	40229	1	0	40000	hit	161
A_HP_15	31	Response	1	2351128	4765	1
A_HP_15	31	Pulse	99	2363519	17157	1
A_HP_15	31	Pulse	99	2383519	37157	1
A_HP_15	32	Picture	response26	2397065	303	1	40229	1	0	40000	hit	166
A_HP_15	32	Pulse	99	2403599	6837	1
A_HP_15	32	Response	2	2403878	7115	1
A_HP_15	32	Pulse	99	2423599	26837	1
A_HP_15	32	Pulse	99	2443520	46757	1
A_HP_15	33	Picture	ins2	2447357	195	1	30229	1	0	30000	other	0
A_HP_15	33	Pulse	99	2463598	16436	1
A_HP_15	33	Pulse	99	2483599	36437	1
A_HP_15	33	Pulse	99	2503520	56357	1
A_HP_15	33	Pulse	99	2523600	76437	1
A_HP_15	33	Pulse	99	2543600	96438	1
A_HP_15	33	Pulse	99	2563520	116357	1
A_HP_15	33	Pulse	99	2583600	136437	1
A_HP_15	33	Pulse	99	2603600	156437	1
A_HP_15	33	Pulse	99	2623520	176357	1
A_HP_15	33	Pulse	99	2643600	196437	1
A_HP_15	33	Pulse	99	2663600	216437	1
A_HP_15	33	Pulse	99	2683520	236358	1
A_HP_15	33	Pulse	99	2703521	256358	1
A_HP_15	33	Pulse	99	2723600	276438	1
A_HP_15	33	Pulse	99	2743520	296358	1
A_HP_15	34	Response	3	2763520	6127	1
A_HP_15	34	Pulse	99	2763520	6127	1
A_HP_15	35	Picture	response12	2764093	230	1	40229	1	0	40000	hit	188
A_HP_15	35	Response	2	2772519	8656	1
A_HP_15	35	Pulse	99	2783600	19737	1
A_HP_15	35	Pulse	99	2803600	39737	1
A_HP_15	36	Picture	response14	2814552	289	1	40230	1	0	40000	hit	192
A_HP_15	36	Response	1	2818589	4326	1
A_HP_15	36	Pulse	99	2823520	9257	1
A_HP_15	36	Pulse	99	2843600	29337	1
A_HP_15	36	Pulse	99	2863600	49337	1
A_HP_15	37	Picture	response16	2864844	181	1	40229	1	0	40000	hit	197
A_HP_15	37	Response	2	2870109	5446	1
A_HP_15	37	Pulse	99	2883520	18857	1
A_HP_15	37	Pulse	99	2903600	38937	1
A_HP_15	38	Picture	response9	2915135	72	1	40229	1	0	40000	hit	201
A_HP_15	38	Response	2	2920519	5456	1
A_HP_15	38	Pulse	99	2923599	8536	1
A_HP_15	38	Pulse	99	2943520	28457	1
A_HP_15	38	Pulse	99	2963600	48537	1
A_HP_15	39	Picture	response11	2965760	297	1	40229	1	0	40000	hit	206
A_HP_15	39	Response	1	2972889	7426	1
A_HP_15	39	Pulse	99	2983600	18137	1
A_HP_15	39	Pulse	99	3003520	38057	1
A_HP_15	40	Picture	response15	3016052	190	1	40229	1	0	40000	hit	210
A_HP_15	40	Response	1	3021449	5586	1
A_HP_15	40	Pulse	99	3023519	7657	1
A_HP_15	40	Pulse	99	3043601	27738	1
A_HP_15	40	Pulse	99	3063520	47658	1
A_HP_15	41	Picture	response10	3066510	247	1	40229	1	0	40000	hit	215
A_HP_15	41	Response	2	3075519	9256	1
A_HP_15	41	Pulse	99	3083520	17257	1
A_HP_15	41	Pulse	99	3103601	37337	1
A_HP_15	42	Picture	response13	3116968	304	1	40229	1	0	40000	hit	220
A_HP_15	42	Pulse	99	3123521	6857	1
A_HP_15	42	Response	2	3126549	9885	1
A_HP_15	42	Pulse	99	3143521	26857	1
A_HP_15	42	Pulse	99	3163601	46937	1
A_HP_15	43	Picture	ins18	3167259	196	1	30229	1	0	30000	other	0
A_HP_15	43	Pulse	99	3183521	16457	1
A_HP_15	43	Pulse	99	3203521	36457	1
A_HP_15	43	Pulse	99	3223600	56537	1
A_HP_15	43	Pulse	99	3243601	76537	1
A_HP_15	43	Pulse	99	3263521	96457	1
A_HP_15	43	Pulse	99	3283601	116537	1
A_HP_15	43	Pulse	99	3303601	136537	1
A_HP_15	43	Pulse	99	3323521	156457	1
A_HP_15	43	Pulse	99	3343521	176458	1
A_HP_15	43	Pulse	99	3363601	196538	1
A_HP_15	43	Pulse	99	3383521	216458	1
A_HP_15	43	Pulse	99	3403521	236458	1
A_HP_15	43	Pulse	99	3423601	256538	1
A_HP_15	43	Pulse	99	3443521	276458	1
A_HP_15	43	Pulse	99	3463521	296458	1
A_HP_15	44	Response	3	3483601	6307	1
A_HP_15	44	Pulse	99	3483601	6307	1
A_HP_15	45	Picture	response139	3484194	230	1	40229	1	0	40000	hit	242
A_HP_15	45	Response	2	3503450	19486	1
A_HP_15	45	Pulse	99	3503520	19556	1
A_HP_15	45	Pulse	99	3523521	39557	1
A_HP_15	46	Picture	response141	3534485	121	1	40229	1	0	40000	hit	247
A_HP_15	46	Pulse	99	3543601	9237	1
A_HP_15	46	Response	1	3548539	14175	1
A_HP_15	46	Pulse	99	3563521	29157	1
A_HP_15	46	Pulse	99	3583521	49157	1
A_HP_15	47	Picture	response140	3585110	345	1	40229	1	0	40000	hit	251
A_HP_15	47	Response	1	3599780	15016	1
A_HP_15	47	Pulse	99	3603601	18836	1
A_HP_15	47	Pulse	99	3623601	38837	1
A_HP_15	48	Picture	response144	3635401	237	1	40229	1	0	40000	hit	256
A_HP_15	48	Pulse	99	3643521	8357	1
A_HP_15	48	Response	2	3653350	18186	1
A_HP_15	48	Pulse	99	3663523	28358	1
A_HP_15	48	Pulse	99	3683601	48437	1
A_HP_15	49	Picture	response143	3685693	129	1	40229	1	0	40000	hit	261
A_HP_15	49	Pulse	99	3703521	17957	1
A_HP_15	49	Response	2	3704910	19346	1
A_HP_15	49	Pulse	99	3723522	37957	1
A_HP_15	50	Picture	response138	3736151	187	1	40230	1	0	40000	hit	265
A_HP_15	50	Pulse	99	3743601	7637	1
A_HP_15	50	Response	1	3749360	13396	1
A_HP_15	50	Pulse	99	3763521	27557	1
A_HP_15	50	Pulse	99	3783522	47557	1
A_HP_15	51	Picture	response137	3786610	245	1	40229	1	0	40000	hit	270
A_HP_15	51	Pulse	99	3803601	17237	1
A_HP_15	51	Response	2	3807590	21226	1
A_HP_15	51	Pulse	99	3823522	37157	1
A_HP_15	52	Picture	response142	3837068	304	1	40230	1	0	40000	hit	274
A_HP_15	52	Pulse	99	3843522	6758	1
A_HP_15	52	Response	1	3858420	21656	1
A_HP_15	52	Pulse	99	3863601	26837	1
A_HP_15	52	Pulse	99	3883522	46757	1
A_HP_15	53	Picture	ins12	3887360	196	1	30229	1	0	30000	other	0
A_HP_15	53	Pulse	99	3903522	16357	1
A_HP_15	53	Pulse	99	3923602	36438	1
A_HP_15	53	Pulse	99	3943522	56358	1
A_HP_15	53	Pulse	99	3963522	76358	1
A_HP_15	53	Pulse	99	3983602	96438	1
A_HP_15	53	Pulse	99	4003522	116358	1
A_HP_15	53	Pulse	99	4023522	136358	1
A_HP_15	53	Pulse	99	4043522	156358	1
A_HP_15	53	Pulse	99	4063602	176437	1
A_HP_15	53	Pulse	99	4083522	196358	1
A_HP_15	53	Pulse	99	4103522	216358	1
A_HP_15	53	Pulse	99	4123602	236438	1
A_HP_15	53	Pulse	99	4143522	256358	1
A_HP_15	53	Pulse	99	4163522	276358	1
A_HP_15	53	Pulse	99	4183602	296438	1
A_HP_15	54	Response	3	4203522	6127	1
A_HP_15	54	Pulse	99	4203522	6127	1
A_HP_15	55	Picture	response94	4204095	230	1	40229	1	0	40000	hit	296
A_HP_15	55	Response	2	4222281	18416	1
A_HP_15	55	Pulse	99	4223522	19656	1
A_HP_15	55	Pulse	99	4243602	39737	1
A_HP_15	56	Picture	response90	4254553	288	1	40229	1	0	40000	hit	300
A_HP_15	56	Response	1	4262751	8486	1
A_HP_15	56	Pulse	99	4263522	9256	1
A_HP_15	56	Pulse	99	4283522	29257	1
A_HP_15	56	Pulse	99	4303602	49337	1
A_HP_15	57	Picture	response92	4304845	180	1	40229	1	0	40000	hit	305
A_HP_15	57	Response	1	4321061	16396	1
A_HP_15	57	Pulse	99	4323521	18856	1
A_HP_15	57	Pulse	99	4343522	38857	1
A_HP_15	58	Picture	response89	4355303	238	1	40229	1	0	40000	hit	309
A_HP_15	58	Response	2	4362571	7505	1
A_HP_15	58	Pulse	99	4363522	8456	1
A_HP_15	58	Pulse	99	4383522	28457	1
A_HP_15	58	Pulse	99	4403522	48457	1
A_HP_15	59	Picture	response95	4405761	296	1	40229	1	0	40000	hit	314
A_HP_15	59	Response	2	4416661	11196	1
A_HP_15	59	Pulse	99	4423522	18057	1
A_HP_15	59	Pulse	99	4443602	38137	1
A_HP_15	60	Picture	response96	4456053	187	1	40229	1	0	40000	hit	319
A_HP_15	60	Pulse	99	4463523	7657	1
A_HP_15	60	Response	2	4464791	8925	1
A_HP_15	60	Pulse	99	4483523	27657	1
A_HP_15	60	Pulse	99	4503602	47737	1
A_HP_15	61	Picture	response91	4506510	245	1	40229	1	0	40000	hit	323
A_HP_15	61	Response	2	4514181	7916	1
A_HP_15	61	Pulse	99	4523523	17257	1
A_HP_15	61	Pulse	99	4543522	37256	1
A_HP_15	62	Picture	response93	4556968	303	1	40229	1	0	40000	hit	328
A_HP_15	62	Pulse	99	4563603	6937	1
A_HP_15	62	Response	1	4564461	7795	1
A_HP_15	62	Pulse	99	4583523	26857	1
A_HP_15	62	Pulse	99	4603523	46857	1
A_HP_15	63	Picture	thanks	4606926	0	1	10229	1	0	10000	other	0
A_HP_15	63	Pulse	99	4623603	16676	1


Event Type	Code	Type	Response	RT	RT Uncertainty	Time	Uncertainty	Duration	Uncertainty	ReqTime	ReqDur

Picture	ready	other				223828	1	10230	1	0	10000
Picture	ins20	other				284393	1	30229	1	0	30000
Picture	response158	hit	2	23196	2	604189	1	40241	1	0	40000
Picture	response160	hit	1	19473	2	654493	1	40229	1	0	40000
Picture	response159	hit	1	17348	2	705118	1	40229	1	0	40000
Picture	response153	hit	2	22006	2	755410	1	40230	1	0	40000
Picture	response157	hit	2	23054	2	805701	1	40229	1	0	40000
Picture	response156	hit	1	19456	2	856160	1	40229	1	0	40000
Picture	response154	hit	1	22777	2	906618	1	40229	1	0	40000
Picture	response155	hit	2	15510	2	957076	1	40229	1	0	40000
Picture	ins10	other				1007368	1	30229	1	0	30000
Picture	response75	hit	1	17186	2	1324191	1	40229	1	0	40000
Picture	response79	hit	1	6735	2	1374482	1	40229	1	0	40000
Picture	response76	hit	2	7950	2	1425107	1	40229	1	0	40000
Picture	response73	hit	1	20128	2	1475398	1	40229	1	0	40000
Picture	response77	hit	1	9087	2	1525690	1	40229	1	0	40000
Picture	response74	hit	2	9589	2	1576148	1	40229	1	0	40000
Picture	response80	hit	1	11431	2	1626606	1	40229	1	0	40000
Picture	response78	hit	2	10974	2	1677064	1	40229	1	0	40000
Picture	ins4	other				1727355	1	30229	1	0	30000
Picture	response28	hit	1	6266	2	2044191	1	40229	1	0	40000
Picture	response30	hit	1	5265	2	2094483	1	40229	1	0	40000
Picture	response32	hit	1	4151	2	2145107	1	40229	1	0	40000
Picture	response31	hit	1	4359	2	2195399	1	40229	1	0	40000
Picture	response29	hit	2	5798	2	2245690	1	40229	1	0	40000
Picture	response27	hit	2	5120	2	2296148	1	40229	1	0	40000
Picture	response25	hit	1	4521	2	2346607	1	40229	1	0	40000
Picture	response26	hit	2	6812	2	2397065	1	40229	1	0	40000
Picture	ins2	other				2447357	1	30229	1	0	30000
Picture	response12	hit	2	8426	2	2764093	1	40229	1	0	40000
Picture	response14	hit	1	4037	2	2814552	1	40230	1	0	40000
Picture	response16	hit	2	5265	2	2864844	1	40229	1	0	40000
Picture	response9	hit	2	5384	2	2915135	1	40229	1	0	40000
Picture	response11	hit	1	7129	2	2965760	1	40229	1	0	40000
Picture	response15	hit	1	5397	2	3016052	1	40229	1	0	40000
Picture	response10	hit	2	9009	2	3066510	1	40229	1	0	40000
Picture	response13	hit	2	9581	2	3116968	1	40229	1	0	40000
Picture	ins18	other				3167259	1	30229	1	0	30000
Picture	response139	hit	2	19256	2	3484194	1	40229	1	0	40000
Picture	response141	hit	1	14054	2	3534485	1	40229	1	0	40000
Picture	response140	hit	1	14671	2	3585110	1	40229	1	0	40000
Picture	response144	hit	2	17949	2	3635401	1	40229	1	0	40000
Picture	response143	hit	2	19217	2	3685693	1	40229	1	0	40000
Picture	response138	hit	1	13209	2	3736151	1	40230	1	0	40000
Picture	response137	hit	2	20980	2	3786610	1	40229	1	0	40000
Picture	response142	hit	1	21352	2	3837068	1	40230	1	0	40000
Picture	ins12	other				3887360	1	30229	1	0	30000
Picture	response94	hit	2	18186	2	4204095	1	40229	1	0	40000
Picture	response90	hit	1	8198	2	4254553	1	40229	1	0	40000
Picture	response92	hit	1	16216	2	4304845	1	40229	1	0	40000
Picture	response89	hit	2	7267	2	4355303	1	40229	1	0	40000
Picture	response95	hit	2	10900	2	4405761	1	40229	1	0	40000
Picture	response96	hit	2	8738	2	4456053	1	40229	1	0	40000
Picture	response91	hit	2	7671	2	4506510	1	40229	1	0	40000
Picture	response93	hit	1	7492	2	4556968	1	40229	1	0	40000
Picture	thanks	other				4606926	1	10229	1	0	10000


{
   "app": "Presentation Version 21.0 Build 06.06.19",
   "device": "LENOVO 20KHCTO1WW",
   "experiment": "{C0C68DB1-10BA-42F2-8F79-3F2AFFEED4E4}",
   "os": "Windows 10 64 bit",
   "package": "",
   "parameters": {
      "configuration": "Default configuration"
   },
   "scenario": "Feature experiment(3).sce",
   "subject": "A_HP_15",
   "timestamp": "2019/09/26 04:55:15 GMT"
}
