Scenario - 
Logfile written - 09/26/2019 15:19:55

Subject	Trial	Event Type	Code	Time	TTime	Uncertainty	Duration	Uncertainty	ReqTime	ReqDur	Stim Type	Pair Index

A_HP_16	1	Response	3	302941	301275	1
A_HP_16	1	Pulse	99	302941	301275	1
A_HP_16	2	Picture	ready	303173	0	1	10229	1	0	10000	other	0
A_HP_16	2	Pulse	99	322941	19769	1
A_HP_16	2	Pulse	99	342942	39769	1
A_HP_16	2	Pulse	99	362942	59769	1
A_HP_16	3	Picture	ins18	363751	235	1	30229	1	0	30000	other	0
A_HP_16	3	Pulse	99	382942	19426	1
A_HP_16	3	Pulse	99	402942	39426	1
A_HP_16	3	Pulse	99	422942	59426	1
A_HP_16	3	Pulse	99	442942	79426	1
A_HP_16	3	Pulse	99	462942	99426	1
A_HP_16	3	Pulse	99	482942	119426	1
A_HP_16	3	Pulse	99	502942	139426	1
A_HP_16	3	Pulse	99	522942	159426	1
A_HP_16	3	Pulse	99	542942	179426	1
A_HP_16	3	Pulse	99	562942	199427	1
A_HP_16	3	Pulse	99	582942	219427	1
A_HP_16	3	Pulse	99	602942	239426	1
A_HP_16	3	Pulse	99	622942	259427	1
A_HP_16	3	Pulse	99	642942	279427	1
A_HP_16	3	Pulse	99	662942	299427	1
A_HP_16	4	Response	3	682942	9196	1
A_HP_16	4	Pulse	99	682942	9196	1
A_HP_16	5	Picture	response144	683546	230	1	40229	1	0	40000	hit	26
A_HP_16	5	Response	2	691461	8145	1
A_HP_16	5	Pulse	99	702942	19626	1
A_HP_16	5	Pulse	99	722942	39626	1
A_HP_16	6	Picture	response137	734004	288	1	40229	1	0	40000	hit	31
A_HP_16	6	Pulse	99	742942	9227	1
A_HP_16	6	Response	2	744090	10375	1
A_HP_16	6	Pulse	99	762943	29227	1
A_HP_16	6	Pulse	99	782942	49227	1
A_HP_16	7	Picture	response138	784295	179	1	40230	1	0	40000	hit	35
A_HP_16	7	Response	1	801401	17285	1
A_HP_16	7	Pulse	99	802941	18825	1
A_HP_16	7	Pulse	99	822942	38826	1
A_HP_16	8	Picture	response139	834754	238	1	40230	1	0	40000	hit	40
A_HP_16	8	Pulse	99	842943	8427	1
A_HP_16	8	Response	2	851471	16955	1
A_HP_16	8	Pulse	99	862942	28426	1
A_HP_16	8	Pulse	99	882943	48427	1
A_HP_16	9	Picture	response142	885047	130	1	40229	1	0	40000	hit	44
A_HP_16	9	Response	1	900911	15995	1
A_HP_16	9	Pulse	99	902942	18025	1
A_HP_16	9	Pulse	99	922942	38026	1
A_HP_16	10	Picture	response143	935672	355	1	40229	1	0	40000	hit	49
A_HP_16	10	Pulse	99	942943	7626	1
A_HP_16	10	Response	2	945531	10215	1
A_HP_16	10	Pulse	99	962943	27626	1
A_HP_16	10	Pulse	99	982942	47626	1
A_HP_16	11	Picture	response140	985963	247	1	40229	1	0	40000	hit	54
A_HP_16	11	Pulse	99	1002943	17227	1
A_HP_16	11	Response	1	1012101	26385	1
A_HP_16	11	Pulse	99	1022943	37227	1
A_HP_16	12	Picture	response141	1036255	138	1	40229	1	0	40000	hit	58
A_HP_16	12	Pulse	99	1042943	6826	1
A_HP_16	12	Response	1	1054331	18215	1
A_HP_16	12	Pulse	99	1062943	26827	1
A_HP_16	12	Pulse	99	1082943	46827	1
A_HP_16	13	Picture	ins2	1086712	196	1	30229	1	0	30000	other	0
A_HP_16	13	Pulse	99	1102943	16427	1
A_HP_16	13	Pulse	99	1122943	36427	1
A_HP_16	13	Pulse	99	1142943	56427	1
A_HP_16	13	Pulse	99	1162943	76427	1
A_HP_16	13	Pulse	99	1182943	96427	1
A_HP_16	13	Pulse	99	1202943	116427	1
A_HP_16	13	Pulse	99	1222943	136427	1
A_HP_16	13	Pulse	99	1242943	156427	1
A_HP_16	13	Pulse	99	1262943	176427	1
A_HP_16	13	Pulse	99	1282943	196427	1
A_HP_16	13	Pulse	99	1302943	216427	1
A_HP_16	13	Pulse	99	1322943	236427	1
A_HP_16	13	Pulse	99	1342943	256427	1
A_HP_16	13	Pulse	99	1362943	276427	1
A_HP_16	13	Pulse	99	1382943	296427	1
A_HP_16	14	Response	3	1402943	6197	1
A_HP_16	14	Pulse	99	1402943	6197	1
A_HP_16	15	Picture	response11	1403546	230	1	40229	1	0	40000	hit	80
A_HP_16	15	Response	1	1408382	5065	1
A_HP_16	15	Pulse	99	1422943	19627	1
A_HP_16	15	Pulse	99	1442943	39627	1
A_HP_16	16	Picture	response16	1454004	288	1	40229	1	0	40000	hit	84
A_HP_16	16	Response	2	1458312	4595	1
A_HP_16	16	Pulse	99	1462943	9226	1
A_HP_16	16	Pulse	99	1482943	29227	1
A_HP_16	16	Pulse	99	1502944	49227	1
A_HP_16	17	Picture	response15	1504295	178	1	40229	1	0	40000	hit	89
A_HP_16	17	Response	1	1510182	6065	1
A_HP_16	17	Pulse	99	1522943	18826	1
A_HP_16	17	Pulse	99	1542943	38826	1
A_HP_16	18	Picture	response10	1554754	237	1	40229	1	0	40000	hit	93
A_HP_16	18	Response	2	1562232	7716	1
A_HP_16	18	Pulse	99	1562943	8427	1
A_HP_16	18	Pulse	99	1582944	28427	1
A_HP_16	18	Pulse	99	1602944	48427	1
A_HP_16	19	Picture	response13	1605045	128	1	40229	1	0	40000	hit	98
A_HP_16	19	Response	2	1609852	4935	1
A_HP_16	19	Pulse	99	1622944	18027	1
A_HP_16	19	Pulse	99	1642944	38027	1
A_HP_16	20	Picture	response12	1655670	353	1	40229	1	0	40000	hit	102
A_HP_16	20	Response	2	1660692	5375	1
A_HP_16	20	Pulse	99	1662943	7626	1
A_HP_16	20	Pulse	99	1682944	27626	1
A_HP_16	20	Pulse	99	1702944	47627	1
A_HP_16	21	Picture	response14	1705962	244	1	40229	1	0	40000	hit	107
A_HP_16	21	Response	1	1711972	6255	1
A_HP_16	21	Pulse	99	1722944	17226	1
A_HP_16	21	Pulse	99	1742944	37226	1
A_HP_16	22	Picture	response9	1756253	136	1	40229	1	0	40000	hit	111
A_HP_16	22	Response	2	1762342	6225	1
A_HP_16	22	Pulse	99	1762943	6826	1
A_HP_16	22	Pulse	99	1782944	26827	1
A_HP_16	22	Pulse	99	1802944	46827	1
A_HP_16	23	Picture	ins20	1806711	194	1	30229	1	0	30000	other	0
A_HP_16	23	Pulse	99	1822944	16427	1
A_HP_16	23	Pulse	99	1842944	36427	1
A_HP_16	23	Pulse	99	1862944	56427	1
A_HP_16	23	Pulse	99	1882944	76427	1
A_HP_16	23	Pulse	99	1902944	96427	1
A_HP_16	23	Pulse	99	1922944	116427	1
A_HP_16	23	Pulse	99	1942944	136427	1
A_HP_16	23	Pulse	99	1962944	156427	1
A_HP_16	23	Pulse	99	1982944	176427	1
A_HP_16	23	Pulse	99	2002944	196427	1
A_HP_16	23	Pulse	99	2022944	216427	1
A_HP_16	23	Pulse	99	2042944	236427	1
A_HP_16	23	Pulse	99	2062944	256427	1
A_HP_16	23	Pulse	99	2082944	276427	1
A_HP_16	23	Pulse	99	2102944	296427	1
A_HP_16	24	Response	3	2122944	6197	1
A_HP_16	24	Pulse	99	2122944	6197	1
A_HP_16	25	Picture	response158	2123548	230	1	40229	1	0	40000	hit	134
A_HP_16	25	Response	2	2136483	13165	1
A_HP_16	25	Pulse	99	2142944	19626	1
A_HP_16	25	Pulse	99	2162944	39626	1
A_HP_16	26	Picture	response155	2174006	288	1	40229	1	0	40000	incorrect	139
A_HP_16	26	Pulse	99	2182944	9226	1
A_HP_16	26	Response	1	2196793	23075	1
A_HP_16	26	Pulse	99	2202944	29226	1
A_HP_16	26	Pulse	99	2222944	49226	1
A_HP_16	27	Picture	response157	2224298	180	1	40229	1	0	40000	hit	144
A_HP_16	27	Pulse	99	2242945	18827	1
A_HP_16	27	Response	2	2253283	29166	1
A_HP_16	27	Pulse	99	2262944	38827	1
A_HP_16	28	Picture	response159	2274755	237	1	40229	1	0	40000	hit	148
A_HP_16	28	Pulse	99	2282944	8426	1
A_HP_16	28	Response	1	2295284	20765	1
A_HP_16	28	Pulse	99	2302945	28426	1
A_HP_16	28	Pulse	99	2322945	48426	1
A_HP_16	29	Picture	response156	2325047	129	1	40229	1	0	40000	hit	152
A_HP_16	29	Response	1	2336643	11725	1
A_HP_16	29	Pulse	99	2342944	18026	1
A_HP_16	29	Pulse	99	2362945	38026	1
A_HP_16	30	Picture	response160	2375672	354	1	40229	1	0	40000	hit	156
A_HP_16	30	Response	1	2381884	6565	1
A_HP_16	30	Pulse	99	2382944	7626	1
A_HP_16	30	Pulse	99	2402945	27626	1
A_HP_16	30	Pulse	99	2422944	47626	1
A_HP_16	31	Picture	response153	2425963	245	1	40229	1	0	40000	hit	162
A_HP_16	31	Pulse	99	2442945	17226	1
A_HP_16	31	Response	2	2443193	17475	1
A_HP_16	31	Pulse	99	2462945	37226	1
A_HP_16	32	Picture	response154	2476255	136	1	40229	1	0	40000	hit	166
A_HP_16	32	Pulse	99	2482945	6826	1
A_HP_16	32	Response	1	2493923	17805	1
A_HP_16	32	Pulse	99	2502945	26826	1
A_HP_16	32	Pulse	99	2522945	46827	1
A_HP_16	33	Picture	ins4	2526713	195	1	30229	1	0	30000	other	0
A_HP_16	33	Pulse	99	2542945	16427	1
A_HP_16	33	Pulse	99	2562945	36426	1
A_HP_16	33	Pulse	99	2582945	56426	1
A_HP_16	33	Pulse	99	2602945	76427	1
A_HP_16	33	Pulse	99	2622945	96426	1
A_HP_16	33	Pulse	99	2642945	116427	1
A_HP_16	33	Pulse	99	2662945	136427	1
A_HP_16	33	Pulse	99	2682945	156426	1
A_HP_16	33	Pulse	99	2702945	176426	1
A_HP_16	33	Pulse	99	2722945	196426	1
A_HP_16	33	Pulse	99	2742945	216426	1
A_HP_16	33	Pulse	99	2762945	236427	1
A_HP_16	33	Pulse	99	2782945	256427	1
A_HP_16	33	Pulse	99	2802945	276427	1
A_HP_16	33	Pulse	99	2822945	296427	1
A_HP_16	34	Response	3	2842945	6196	1
A_HP_16	34	Pulse	99	2842945	6196	1
A_HP_16	35	Picture	response28	2843548	230	1	40229	1	0	40000	hit	188
A_HP_16	35	Response	1	2847844	4525	1
A_HP_16	35	Pulse	99	2862945	19627	1
A_HP_16	35	Pulse	99	2882945	39627	1
A_HP_16	36	Picture	response31	2894006	288	1	40229	1	0	40000	hit	192
A_HP_16	36	Response	1	2898194	4475	1
A_HP_16	36	Pulse	99	2902945	9226	1
A_HP_16	36	Pulse	99	2922945	29226	1
A_HP_16	36	Pulse	99	2942945	49226	1
A_HP_16	37	Picture	response32	2944298	179	1	40229	1	0	40000	hit	197
A_HP_16	37	Response	1	2948714	4595	1
A_HP_16	37	Pulse	99	2962945	18827	1
A_HP_16	37	Pulse	99	2982945	38827	1
A_HP_16	38	Picture	response30	2994755	236	1	40229	1	0	40000	hit	201
A_HP_16	38	Response	1	2999034	4515	1
A_HP_16	38	Pulse	99	3002945	8427	1
A_HP_16	38	Pulse	99	3022946	28427	1
A_HP_16	38	Pulse	99	3042946	48427	1
A_HP_16	39	Picture	response25	3045046	127	1	40229	1	0	40000	hit	206
A_HP_16	39	Response	1	3049304	4385	1
A_HP_16	39	Pulse	99	3062946	18027	1
A_HP_16	39	Pulse	99	3082946	38026	1
A_HP_16	40	Picture	response27	3095671	352	1	40229	1	0	40000	hit	210
A_HP_16	40	Response	2	3102444	7126	1
A_HP_16	40	Pulse	99	3102945	7626	1
A_HP_16	40	Pulse	99	3122946	27627	1
A_HP_16	40	Pulse	99	3142946	47627	1
A_HP_16	41	Picture	response29	3145962	243	1	40229	1	0	40000	hit	215
A_HP_16	41	Response	2	3153404	7685	1
A_HP_16	41	Pulse	99	3162946	17227	1
A_HP_16	41	Pulse	99	3182946	37227	1
A_HP_16	42	Picture	response26	3196253	134	1	40229	1	0	40000	hit	220
A_HP_16	42	Pulse	99	3202946	6826	1
A_HP_16	42	Response	2	3203124	7005	1
A_HP_16	42	Pulse	99	3222946	26827	1
A_HP_16	42	Pulse	99	3242946	46827	1
A_HP_16	43	Picture	ins12	3246711	191	1	30229	1	0	30000	other	0
A_HP_16	43	Pulse	99	3262946	16427	1
A_HP_16	43	Pulse	99	3282946	36427	1
A_HP_16	43	Pulse	99	3302946	56426	1
A_HP_16	43	Pulse	99	3322946	76426	1
A_HP_16	43	Pulse	99	3342946	96427	1
A_HP_16	43	Pulse	99	3362946	116426	1
A_HP_16	43	Pulse	99	3382946	136427	1
A_HP_16	43	Pulse	99	3402946	156427	1
A_HP_16	43	Pulse	99	3422946	176427	1
A_HP_16	43	Pulse	99	3442946	196427	1
A_HP_16	43	Pulse	99	3462946	216427	1
A_HP_16	43	Pulse	99	3482946	236427	1
A_HP_16	43	Pulse	99	3502946	256427	1
A_HP_16	43	Pulse	99	3522946	276427	1
A_HP_16	43	Pulse	99	3542946	296427	1
A_HP_16	44	Response	3	3562946	6196	1
A_HP_16	44	Pulse	99	3562946	6196	1
A_HP_16	45	Picture	response94	3563550	230	1	40229	1	0	40000	hit	242
A_HP_16	45	Response	2	3570135	6815	1
A_HP_16	45	Pulse	99	3582946	19626	1
A_HP_16	45	Pulse	99	3602946	39626	1
A_HP_16	46	Picture	response89	3614008	288	1	40230	1	0	40000	hit	247
A_HP_16	46	Pulse	99	3622946	9227	1
A_HP_16	46	Response	2	3622974	9255	1
A_HP_16	46	Pulse	99	3642946	29227	1
A_HP_16	46	Pulse	99	3662946	49226	1
A_HP_16	47	Picture	response91	3664300	180	1	40229	1	0	40000	hit	251
A_HP_16	47	Response	2	3670865	6745	1
A_HP_16	47	Pulse	99	3682946	18826	1
A_HP_16	47	Pulse	99	3702946	38827	1
A_HP_16	48	Picture	response92	3714758	238	1	40229	1	0	40000	hit	255
A_HP_16	48	Response	1	3721385	6865	1
A_HP_16	48	Pulse	99	3722946	8426	1
A_HP_16	48	Pulse	99	3742947	28427	1
A_HP_16	48	Pulse	99	3762947	48427	1
A_HP_16	49	Picture	response95	3765049	128	1	40229	1	0	40000	hit	260
A_HP_16	49	Response	2	3774685	9765	1
A_HP_16	49	Pulse	99	3782947	18026	1
A_HP_16	49	Pulse	99	3802947	38026	1
A_HP_16	50	Picture	response90	3815673	353	1	40229	1	0	40000	hit	265
A_HP_16	50	Pulse	99	3822947	7626	1
A_HP_16	50	Response	1	3829266	13945	1
A_HP_16	50	Pulse	99	3842947	27626	1
A_HP_16	50	Pulse	99	3862947	47627	1
A_HP_16	51	Picture	response96	3865965	244	1	40229	1	0	40000	hit	269
A_HP_16	51	Response	2	3873836	8115	1
A_HP_16	51	Pulse	99	3882947	17226	1
A_HP_16	51	Pulse	99	3902946	37226	1
A_HP_16	52	Picture	response93	3916256	136	1	40229	1	0	40000	hit	274
A_HP_16	52	Pulse	99	3922947	6826	1
A_HP_16	52	Response	1	3924135	8015	1
A_HP_16	52	Pulse	99	3942947	26827	1
A_HP_16	52	Pulse	99	3962947	46827	1
A_HP_16	53	Picture	ins10	3966715	194	1	30230	1	0	30000	other	0
A_HP_16	53	Pulse	99	3982947	16426	1
A_HP_16	53	Pulse	99	4002947	36426	1
A_HP_16	53	Pulse	99	4022947	56426	1
A_HP_16	53	Pulse	99	4042947	76426	1
A_HP_16	53	Pulse	99	4062947	96426	1
A_HP_16	53	Pulse	99	4082947	116426	1
A_HP_16	53	Pulse	99	4102947	136426	1
A_HP_16	53	Pulse	99	4122947	156426	1
A_HP_16	53	Pulse	99	4142947	176426	1
A_HP_16	53	Pulse	99	4162947	196426	1
A_HP_16	53	Pulse	99	4182947	216426	1
A_HP_16	53	Pulse	99	4202947	236426	1
A_HP_16	53	Pulse	99	4222947	256426	1
A_HP_16	53	Pulse	99	4242947	276426	1
A_HP_16	53	Pulse	99	4262947	296426	1
A_HP_16	54	Response	3	4282947	6196	1
A_HP_16	54	Pulse	99	4282947	6196	1
A_HP_16	55	Picture	response74	4283550	230	1	40229	1	0	40000	hit	296
A_HP_16	55	Response	2	4289456	6135	1
A_HP_16	55	Pulse	99	4302947	19627	1
A_HP_16	55	Pulse	99	4322947	39627	1
A_HP_16	56	Picture	response76	4334008	287	1	40229	1	0	40000	hit	301
A_HP_16	56	Pulse	99	4342947	9227	1
A_HP_16	56	Response	2	4345445	11725	1
A_HP_16	56	Pulse	99	4362947	29227	1
A_HP_16	56	Pulse	99	4382947	49227	1
A_HP_16	57	Picture	response78	4384299	178	1	40229	1	0	40000	hit	305
A_HP_16	57	Response	2	4393926	9805	1
A_HP_16	57	Pulse	99	4402947	18827	1
A_HP_16	57	Pulse	99	4422948	38827	1
A_HP_16	58	Picture	response73	4434757	236	1	40229	1	0	40000	hit	310
A_HP_16	58	Pulse	99	4442948	8427	1
A_HP_16	58	Response	1	4443665	9145	1
A_HP_16	58	Pulse	99	4462947	28427	1
A_HP_16	58	Pulse	99	4482948	48427	1
A_HP_16	59	Picture	response77	4485048	127	1	40229	1	0	40000	hit	314
A_HP_16	59	Response	1	4490956	6035	1
A_HP_16	59	Pulse	99	4502948	18027	1
A_HP_16	59	Pulse	99	4522948	38027	1
A_HP_16	60	Picture	response80	4535672	352	1	40229	1	0	40000	hit	319
A_HP_16	60	Pulse	99	4542948	7627	1
A_HP_16	60	Response	1	4542986	7665	1
A_HP_16	60	Pulse	99	4562948	27627	1
A_HP_16	60	Pulse	99	4582948	47627	1
A_HP_16	61	Picture	response79	4585963	242	1	40229	1	0	40000	hit	323
A_HP_16	61	Response	1	4593417	7696	1
A_HP_16	61	Pulse	99	4602948	17227	1
A_HP_16	61	Pulse	99	4622948	37227	1
A_HP_16	62	Picture	response75	4636255	133	1	40229	1	0	40000	hit	327
A_HP_16	62	Response	1	4642467	6345	1
A_HP_16	62	Pulse	99	4642947	6826	1
A_HP_16	62	Pulse	99	4662948	26827	1
A_HP_16	62	Pulse	99	4682948	46827	1
A_HP_16	63	Picture	thanks	4686213	0	1	10229	1	0	10000	other	0
A_HP_16	63	Pulse	99	4702948	16735	1


Event Type	Code	Type	Response	RT	RT Uncertainty	Time	Uncertainty	Duration	Uncertainty	ReqTime	ReqDur

Picture	ready	other				303173	1	10229	1	0	10000
Picture	ins18	other				363751	1	30229	1	0	30000
Picture	response144	hit	2	7915	2	683546	1	40229	1	0	40000
Picture	response137	hit	2	10087	2	734004	1	40229	1	0	40000
Picture	response138	hit	1	17106	2	784295	1	40230	1	0	40000
Picture	response139	hit	2	16717	2	834754	1	40230	1	0	40000
Picture	response142	hit	1	15865	2	885047	1	40229	1	0	40000
Picture	response143	hit	2	9860	2	935672	1	40229	1	0	40000
Picture	response140	hit	1	26139	2	985963	1	40229	1	0	40000
Picture	response141	hit	1	18077	2	1036255	1	40229	1	0	40000
Picture	ins2	other				1086712	1	30229	1	0	30000
Picture	response11	hit	1	4836	2	1403546	1	40229	1	0	40000
Picture	response16	hit	2	4308	2	1454004	1	40229	1	0	40000
Picture	response15	hit	1	5887	2	1504295	1	40229	1	0	40000
Picture	response10	hit	2	7479	2	1554754	1	40229	1	0	40000
Picture	response13	hit	2	4807	2	1605045	1	40229	1	0	40000
Picture	response12	hit	2	5022	2	1655670	1	40229	1	0	40000
Picture	response14	hit	1	6011	2	1705962	1	40229	1	0	40000
Picture	response9	hit	2	6089	2	1756253	1	40229	1	0	40000
Picture	ins20	other				1806711	1	30229	1	0	30000
Picture	response158	hit	2	12935	2	2123548	1	40229	1	0	40000
Picture	response155	incorrect	1	22787	2	2174006	1	40229	1	0	40000
Picture	response157	hit	2	28986	2	2224298	1	40229	1	0	40000
Picture	response159	hit	1	20528	2	2274755	1	40229	1	0	40000
Picture	response156	hit	1	11596	2	2325047	1	40229	1	0	40000
Picture	response160	hit	1	6212	2	2375672	1	40229	1	0	40000
Picture	response153	hit	2	17230	2	2425963	1	40229	1	0	40000
Picture	response154	hit	1	17669	2	2476255	1	40229	1	0	40000
Picture	ins4	other				2526713	1	30229	1	0	30000
Picture	response28	hit	1	4295	2	2843548	1	40229	1	0	40000
Picture	response31	hit	1	4188	2	2894006	1	40229	1	0	40000
Picture	response32	hit	1	4416	2	2944298	1	40229	1	0	40000
Picture	response30	hit	1	4279	2	2994755	1	40229	1	0	40000
Picture	response25	hit	1	4258	1	3045046	1	40229	1	0	40000
Picture	response27	hit	2	6773	2	3095671	1	40229	1	0	40000
Picture	response29	hit	2	7443	2	3145962	1	40229	1	0	40000
Picture	response26	hit	2	6871	2	3196253	1	40229	1	0	40000
Picture	ins12	other				3246711	1	30229	1	0	30000
Picture	response94	hit	2	6585	2	3563550	1	40229	1	0	40000
Picture	response89	hit	2	8966	2	3614008	1	40230	1	0	40000
Picture	response91	hit	2	6566	2	3664300	1	40229	1	0	40000
Picture	response92	hit	1	6628	2	3714758	1	40229	1	0	40000
Picture	response95	hit	2	9637	2	3765049	1	40229	1	0	40000
Picture	response90	hit	1	13593	2	3815673	1	40229	1	0	40000
Picture	response96	hit	2	7871	2	3865965	1	40229	1	0	40000
Picture	response93	hit	1	7879	2	3916256	1	40229	1	0	40000
Picture	ins10	other				3966715	1	30230	1	0	30000
Picture	response74	hit	2	5906	2	4283550	1	40229	1	0	40000
Picture	response76	hit	2	11438	2	4334008	1	40229	1	0	40000
Picture	response78	hit	2	9627	2	4384299	1	40229	1	0	40000
Picture	response73	hit	1	8909	2	4434757	1	40229	1	0	40000
Picture	response77	hit	1	5908	2	4485048	1	40229	1	0	40000
Picture	response80	hit	1	7313	2	4535672	1	40229	1	0	40000
Picture	response79	hit	1	7453	2	4585963	1	40229	1	0	40000
Picture	response75	hit	1	6212	2	4636255	1	40229	1	0	40000
Picture	thanks	other				4686213	1	10229	1	0	10000


{
   "app": "Presentation Version 21.0 Build 06.06.19",
   "device": "LENOVO 20KHCTO1WW",
   "experiment": "{C0C68DB1-10BA-42F2-8F79-3F2AFFEED4E4}",
   "os": "Windows 10 64 bit",
   "package": "",
   "parameters": {
      "configuration": "Default configuration"
   },
   "scenario": "Feature experiment(3).sce",
   "subject": "A_HP_16",
   "timestamp": "2019/09/26 06:11:56 GMT"
}
