Scenario - 
Logfile written - 10/18/2019 13:05:32

Subject	Trial	Event Type	Code	Time	TTime	Uncertainty	Duration	Uncertainty	ReqTime	ReqDur	Stim Type	Pair Index

A_HP_21	1	Response	3	295857	294858	1
A_HP_21	1	Pulse	99	295857	294858	1
A_HP_21	2	Picture	ready	296089	0	1	10229	1	0	10000	other	0
A_HP_21	2	Pulse	99	315857	19768	1
A_HP_21	2	Pulse	99	335857	39768	1
A_HP_21	2	Pulse	99	355857	59768	1
A_HP_21	3	Picture	ins10	356726	234	1	30230	1	0	30000	other	0
A_HP_21	3	Pulse	99	375857	19365	1
A_HP_21	3	Pulse	99	395858	39366	1
A_HP_21	3	Pulse	99	415857	59365	1
A_HP_21	3	Pulse	99	435857	79365	1
A_HP_21	3	Pulse	99	455857	99365	1
A_HP_21	3	Pulse	99	475857	119365	1
A_HP_21	3	Pulse	99	495857	139365	1
A_HP_21	3	Pulse	99	515857	159365	1
A_HP_21	3	Pulse	99	535857	179365	1
A_HP_21	3	Pulse	99	555857	199365	1
A_HP_21	3	Pulse	99	575857	219365	1
A_HP_21	3	Pulse	99	595857	239365	1
A_HP_21	3	Pulse	99	615857	259365	1
A_HP_21	3	Pulse	99	635857	279365	1
A_HP_21	3	Pulse	99	655857	299365	1
A_HP_21	4	Response	3	675857	9135	1
A_HP_21	4	Pulse	99	675857	9135	1
A_HP_21	5	Picture	response77	676422	230	1	40229	1	0	40000	hit	26
A_HP_21	5	Response	1	685516	9323	1
A_HP_21	5	Pulse	99	695857	19665	1
A_HP_21	5	Pulse	99	715857	39664	1
A_HP_21	6	Picture	response78	726713	121	1	40229	1	0	40000	hit	30
A_HP_21	6	Response	2	733976	7383	1
A_HP_21	6	Pulse	99	735856	9263	1
A_HP_21	6	Pulse	99	755857	29264	1
A_HP_21	6	Pulse	99	775857	49265	1
A_HP_21	7	Picture	response76	777338	347	1	40229	1	0	40000	hit	35
A_HP_21	7	Response	2	788226	11235	1
A_HP_21	7	Pulse	99	795857	18866	1
A_HP_21	7	Pulse	99	815857	38866	1
A_HP_21	8	Picture	response79	827629	238	1	40229	1	0	40000	incorrect	40
A_HP_21	8	Pulse	99	835857	8465	1
A_HP_21	8	Response	2	838945	11553	1
A_HP_21	8	Pulse	99	855857	28465	1
A_HP_21	8	Pulse	99	875857	48465	1
A_HP_21	9	Picture	response80	877921	129	1	40229	1	0	40000	hit	44
A_HP_21	9	Response	1	884515	6724	1
A_HP_21	9	Pulse	99	895857	18065	1
A_HP_21	9	Pulse	99	915857	38065	1
A_HP_21	10	Picture	response74	928378	187	1	40229	1	0	40000	hit	49
A_HP_21	10	Pulse	99	935857	7665	1
A_HP_21	10	Response	2	939065	10873	1
A_HP_21	10	Pulse	99	955857	27665	1
A_HP_21	10	Pulse	99	975857	47665	1
A_HP_21	11	Picture	response75	978836	244	1	40229	1	0	40000	hit	53
A_HP_21	11	Response	1	991716	13124	1
A_HP_21	11	Pulse	99	995856	17264	1
A_HP_21	11	Pulse	99	1015857	37265	1
A_HP_21	12	Picture	response73	1029294	301	1	40229	1	0	40000	hit	58
A_HP_21	12	Pulse	99	1035857	6865	1
A_HP_21	12	Response	1	1043325	14333	1
A_HP_21	12	Pulse	99	1055857	26865	1
A_HP_21	12	Pulse	99	1075856	46864	1
A_HP_21	13	Picture	ins2	1079585	194	1	30229	1	0	30000	other	0
A_HP_21	13	Pulse	99	1095857	16465	1
A_HP_21	13	Pulse	99	1115858	36466	1
A_HP_21	13	Pulse	99	1135857	56465	1
A_HP_21	13	Pulse	99	1155856	76465	1
A_HP_21	13	Pulse	99	1175857	96465	1
A_HP_21	13	Pulse	99	1195856	116465	1
A_HP_21	13	Pulse	99	1215857	136465	1
A_HP_21	13	Pulse	99	1235857	156465	1
A_HP_21	13	Pulse	99	1255856	176465	1
A_HP_21	13	Pulse	99	1275857	196465	1
A_HP_21	13	Pulse	99	1295856	216465	1
A_HP_21	13	Pulse	99	1315856	236465	1
A_HP_21	13	Pulse	99	1335857	256465	1
A_HP_21	13	Pulse	99	1355856	276465	1
A_HP_21	13	Pulse	99	1375857	296465	1
A_HP_21	14	Response	3	1395856	6235	1
A_HP_21	14	Pulse	99	1395856	6235	1
A_HP_21	15	Picture	response14	1396421	230	1	40229	1	0	40000	hit	80
A_HP_21	15	Response	1	1408296	12104	1
A_HP_21	15	Pulse	99	1415856	19664	1
A_HP_21	15	Pulse	99	1435857	39665	1
A_HP_21	16	Picture	response16	1446713	121	1	40230	1	0	40000	hit	84
A_HP_21	16	Response	2	1452235	5643	1
A_HP_21	16	Pulse	99	1455856	9265	1
A_HP_21	16	Pulse	99	1475856	29264	1
A_HP_21	16	Pulse	99	1495857	49265	1
A_HP_21	17	Picture	response9	1497338	347	1	40229	1	0	40000	hit	89
A_HP_21	17	Response	2	1505735	8744	1
A_HP_21	17	Pulse	99	1515856	18865	1
A_HP_21	17	Pulse	99	1535856	38865	1
A_HP_21	18	Picture	response12	1547630	239	1	40230	1	0	40000	hit	93
A_HP_21	18	Response	2	1553845	6453	1
A_HP_21	18	Pulse	99	1555856	8464	1
A_HP_21	18	Pulse	99	1575857	28465	1
A_HP_21	18	Pulse	99	1595857	48465	1
A_HP_21	19	Picture	response13	1597922	131	1	40229	1	0	40000	hit	98
A_HP_21	19	Response	2	1603525	5733	1
A_HP_21	19	Pulse	99	1615856	18065	1
A_HP_21	19	Pulse	99	1635857	38065	1
A_HP_21	20	Picture	response11	1648381	189	1	40229	1	0	40000	hit	103
A_HP_21	20	Pulse	99	1655776	7585	1
A_HP_21	20	Response	1	1665535	17343	1
A_HP_21	20	Pulse	99	1675857	27665	1
A_HP_21	20	Pulse	99	1695857	47665	1
A_HP_21	21	Picture	response15	1698839	247	1	40229	1	0	40000	hit	107
A_HP_21	21	Response	1	1705705	7114	1
A_HP_21	21	Pulse	99	1715776	17185	1
A_HP_21	21	Pulse	99	1735857	37265	1
A_HP_21	22	Picture	response10	1749297	305	1	40229	1	0	40000	hit	112
A_HP_21	22	Pulse	99	1755856	6864	1
A_HP_21	22	Response	2	1757905	8913	1
A_HP_21	22	Pulse	99	1775776	26784	1
A_HP_21	22	Pulse	99	1795856	46865	1
A_HP_21	23	Picture	ins12	1799588	197	1	30229	1	0	30000	other	0
A_HP_21	23	Pulse	99	1815856	16465	1
A_HP_21	23	Pulse	99	1835857	36465	1
A_HP_21	23	Pulse	99	1855856	56465	1
A_HP_21	23	Pulse	99	1875856	76465	1
A_HP_21	23	Pulse	99	1895856	96465	1
A_HP_21	23	Pulse	99	1915857	116465	1
A_HP_21	23	Pulse	99	1935856	136465	1
A_HP_21	23	Pulse	99	1955856	156465	1
A_HP_21	23	Pulse	99	1975856	176465	1
A_HP_21	23	Pulse	99	1995856	196465	1
A_HP_21	23	Pulse	99	2015856	216465	1
A_HP_21	23	Pulse	99	2035857	236465	1
A_HP_21	23	Pulse	99	2055856	256465	1
A_HP_21	23	Pulse	99	2075857	276465	1
A_HP_21	23	Pulse	99	2095856	296465	1
A_HP_21	24	Response	3	2115856	6234	1
A_HP_21	24	Pulse	99	2115856	6234	1
A_HP_21	25	Picture	response93	2116421	230	1	40229	1	0	40000	hit	134
A_HP_21	25	Response	1	2125295	9104	1
A_HP_21	25	Pulse	99	2135856	19665	1
A_HP_21	25	Pulse	99	2155776	39585	1
A_HP_21	26	Picture	response91	2166712	121	1	40229	1	0	40000	hit	138
A_HP_21	26	Response	2	2174065	7474	1
A_HP_21	26	Pulse	99	2175856	9265	1
A_HP_21	26	Pulse	99	2195856	29265	1
A_HP_21	26	Pulse	99	2215776	49185	1
A_HP_21	27	Picture	response94	2217337	347	1	40229	1	0	40000	hit	143
A_HP_21	27	Response	2	2225235	8245	1
A_HP_21	27	Pulse	99	2235856	18866	1
A_HP_21	27	Pulse	99	2255856	38866	1
A_HP_21	28	Picture	response89	2267628	237	1	40229	1	0	40000	hit	148
A_HP_21	28	Pulse	99	2275776	8384	1
A_HP_21	28	Response	2	2288555	21164	1
A_HP_21	28	Pulse	99	2295856	28465	1
A_HP_21	28	Pulse	99	2315856	48465	1
A_HP_21	29	Picture	response92	2317920	128	1	40229	1	0	40000	hit	152
A_HP_21	29	Response	1	2327775	9983	1
A_HP_21	29	Pulse	99	2335776	17985	1
A_HP_21	29	Pulse	99	2355856	38065	1
A_HP_21	30	Picture	response90	2368377	186	1	40229	1	0	40000	hit	157
A_HP_21	30	Pulse	99	2375856	7665	1
A_HP_21	30	Response	1	2377684	9493	1
A_HP_21	30	Pulse	99	2395776	27585	1
A_HP_21	30	Pulse	99	2415856	47665	1
A_HP_21	31	Picture	response96	2418835	244	1	40229	1	0	40000	hit	161
A_HP_21	31	Response	2	2428925	10334	1
A_HP_21	31	Pulse	99	2435856	17265	1
A_HP_21	31	Pulse	99	2455776	37185	1
A_HP_21	32	Picture	response95	2469292	302	1	40229	1	0	40000	hit	166
A_HP_21	32	Pulse	99	2475856	6865	1
A_HP_21	32	Response	2	2493415	24424	1
A_HP_21	32	Pulse	99	2495855	26864	1
A_HP_21	32	Pulse	99	2515856	46865	1
A_HP_21	33	Picture	ins18	2519584	193	1	30229	1	0	30000	other	0
A_HP_21	33	Pulse	99	2535856	16466	1
A_HP_21	33	Pulse	99	2555856	36466	1
A_HP_21	33	Pulse	99	2575856	56465	1
A_HP_21	33	Pulse	99	2595856	76466	1
A_HP_21	33	Pulse	99	2615856	96465	1
A_HP_21	33	Pulse	99	2635856	116466	1
A_HP_21	33	Pulse	99	2655776	136385	1
A_HP_21	33	Pulse	99	2675856	156465	1
A_HP_21	33	Pulse	99	2695856	176465	1
A_HP_21	33	Pulse	99	2715775	196385	1
A_HP_21	33	Pulse	99	2735856	216465	1
A_HP_21	33	Pulse	99	2755856	236465	1
A_HP_21	33	Pulse	99	2775775	256385	1
A_HP_21	33	Pulse	99	2795856	276466	1
A_HP_21	33	Pulse	99	2815856	296465	1
A_HP_21	34	Response	3	2835776	6155	1
A_HP_21	34	Pulse	99	2835776	6155	1
A_HP_21	35	Picture	response141	2836421	230	1	40229	1	0	40000	hit	188
A_HP_21	35	Response	1	2855074	18883	1
A_HP_21	35	Pulse	99	2855855	19664	1
A_HP_21	35	Pulse	99	2875856	39665	1
A_HP_21	36	Picture	response139	2886713	122	1	40229	1	0	40000	hit	194
A_HP_21	36	Pulse	99	2895776	9185	1
A_HP_21	36	Pulse	99	2915856	29265	1
A_HP_21	36	Response	2	2917684	31093	1
A_HP_21	36	Pulse	99	2935855	49264	1
A_HP_21	37	Picture	response138	2937338	347	1	40229	1	0	40000	hit	197
A_HP_21	37	Response	1	2952834	15844	1
A_HP_21	37	Pulse	99	2955775	18784	1
A_HP_21	37	Pulse	99	2975857	38866	1
A_HP_21	38	Picture	response142	2987630	239	1	40172	1	0	40000	hit	202
A_HP_21	38	Pulse	99	2995855	8464	1
A_HP_21	38	Response	1	2997614	10223	1
A_HP_21	38	Pulse	99	3015775	28384	1
A_HP_21	38	Pulse	99	3035857	48466	1
A_HP_21	39	Picture	response140	3037864	73	1	40230	1	0	40000	hit	207
A_HP_21	39	Pulse	99	3055856	18065	1
A_HP_21	39	Response	1	3060844	23053	1
A_HP_21	39	Pulse	99	3075775	37984	1
A_HP_21	40	Picture	response137	3088489	298	1	40229	1	0	40000	hit	211
A_HP_21	40	Pulse	99	3095855	7664	1
A_HP_21	40	Response	2	3097234	9043	1
A_HP_21	40	Pulse	99	3115856	27665	1
A_HP_21	40	Pulse	99	3135776	47585	1
A_HP_21	41	Picture	response144	3138781	190	1	40229	1	0	40000	hit	216
A_HP_21	41	Pulse	99	3155776	17185	1
A_HP_21	41	Response	2	3157514	18923	1
A_HP_21	41	Pulse	99	3175856	37265	1
A_HP_21	42	Picture	response143	3189238	247	1	40229	1	0	40000	hit	220
A_HP_21	42	Pulse	99	3195776	6785	1
A_HP_21	42	Response	2	3198694	9703	1
A_HP_21	42	Pulse	99	3215776	26785	1
A_HP_21	42	Pulse	99	3235856	46865	1
A_HP_21	43	Picture	ins4	3239695	305	1	30230	1	0	30000	other	0
A_HP_21	43	Pulse	99	3255856	16465	1
A_HP_21	43	Pulse	99	3275776	36385	1
A_HP_21	43	Pulse	99	3295856	56465	1
A_HP_21	43	Pulse	99	3315856	76465	1
A_HP_21	43	Pulse	99	3335775	96385	1
A_HP_21	43	Pulse	99	3355855	116465	1
A_HP_21	43	Pulse	99	3375856	136466	1
A_HP_21	43	Pulse	99	3395775	156385	1
A_HP_21	43	Pulse	99	3415856	176465	1
A_HP_21	43	Pulse	99	3435855	196465	1
A_HP_21	43	Pulse	99	3455775	216384	1
A_HP_21	43	Pulse	99	3475855	236465	1
A_HP_21	43	Pulse	99	3495856	256465	1
A_HP_21	43	Pulse	99	3515776	276385	1
A_HP_21	43	Pulse	99	3535855	296465	1
A_HP_21	44	Response	3	3555855	6235	1
A_HP_21	44	Pulse	99	3555855	6235	1
A_HP_21	45	Picture	response31	3556421	230	1	40229	1	0	40000	hit	242
A_HP_21	45	Response	1	3564324	8133	1
A_HP_21	45	Pulse	99	3575775	19584	1
A_HP_21	45	Pulse	99	3595855	39664	1
A_HP_21	46	Picture	response30	3606713	122	1	40229	1	0	40000	hit	246
A_HP_21	46	Response	1	3611534	4944	1
A_HP_21	46	Pulse	99	3615855	9264	1
A_HP_21	46	Pulse	99	3635775	29185	1
A_HP_21	46	Pulse	99	3655856	49265	1
A_HP_21	47	Picture	response29	3657337	347	1	40229	1	0	40000	hit	251
A_HP_21	47	Response	2	3668104	11114	1
A_HP_21	47	Pulse	99	3675855	18865	1
A_HP_21	47	Pulse	99	3695775	38785	1
A_HP_21	48	Picture	response32	3707629	238	1	40229	1	0	40000	hit	256
A_HP_21	48	Pulse	99	3715775	8384	1
A_HP_21	48	Response	1	3718174	10783	1
A_HP_21	48	Pulse	99	3735856	28465	1
A_HP_21	48	Pulse	99	3755776	48385	1
A_HP_21	49	Picture	response28	3757920	129	1	40229	1	0	40000	hit	260
A_HP_21	49	Response	1	3770524	12734	1
A_HP_21	49	Pulse	99	3775775	17984	1
A_HP_21	49	Pulse	99	3795856	38065	1
A_HP_21	50	Picture	response26	3808378	188	1	40229	1	0	40000	hit	265
A_HP_21	50	Pulse	99	3815775	7584	1
A_HP_21	50	Response	2	3817783	9593	1
A_HP_21	50	Pulse	99	3835776	27585	1
A_HP_21	50	Pulse	99	3855855	47665	1
A_HP_21	51	Picture	response25	3858836	245	1	40230	1	0	40000	hit	269
A_HP_21	51	Response	1	3866955	8364	1
A_HP_21	51	Pulse	99	3875774	17183	1
A_HP_21	51	Pulse	99	3895775	37184	1
A_HP_21	52	Picture	response27	3909295	305	1	40229	1	0	40000	hit	274
A_HP_21	52	Pulse	99	3915856	6866	1
A_HP_21	52	Response	2	3918423	9433	1
A_HP_21	52	Pulse	99	3935775	26785	1
A_HP_21	52	Pulse	99	3955775	46785	1
A_HP_21	53	Picture	ins20	3959587	196	1	30229	1	0	30000	other	0
A_HP_21	53	Pulse	99	3975855	16465	1
A_HP_21	53	Pulse	99	3995775	36384	1
A_HP_21	53	Pulse	99	4015775	56384	1
A_HP_21	53	Pulse	99	4035856	76465	1
A_HP_21	53	Pulse	99	4055855	96465	1
A_HP_21	53	Pulse	99	4075776	116385	1
A_HP_21	53	Pulse	99	4095855	136464	1
A_HP_21	53	Pulse	99	4115855	156464	1
A_HP_21	53	Pulse	99	4135775	176384	1
A_HP_21	53	Pulse	99	4155855	196464	1
A_HP_21	53	Pulse	99	4175855	216465	1
A_HP_21	53	Pulse	99	4195775	236385	1
A_HP_21	53	Pulse	99	4215775	256384	1
A_HP_21	53	Pulse	99	4235855	276465	1
A_HP_21	53	Pulse	99	4255775	296384	1
A_HP_21	54	Response	3	4275775	6154	1
A_HP_21	54	Pulse	99	4275775	6154	1
A_HP_21	55	Picture	response153	4276421	230	1	40229	1	0	40000	hit	296
A_HP_21	55	Response	2	4291704	15513	1
A_HP_21	55	Pulse	99	4295854	19664	1
A_HP_21	55	Pulse	99	4315775	39584	1
A_HP_21	56	Picture	response154	4326712	122	1	40230	1	0	40000	hit	301
A_HP_21	56	Pulse	99	4335775	9185	1
A_HP_21	56	Response	1	4344184	17593	1
A_HP_21	56	Pulse	99	4355856	29265	1
A_HP_21	56	Pulse	99	4375776	49185	1
A_HP_21	57	Picture	response155	4377337	348	1	40229	1	0	40000	hit	306
A_HP_21	57	Pulse	99	4395775	18785	1
A_HP_21	57	Response	2	4398583	21594	1
A_HP_21	57	Pulse	99	4415855	38866	1
A_HP_21	58	Picture	response159	4427629	239	1	40229	1	0	40000	hit	310
A_HP_21	58	Pulse	99	4435775	8385	1
A_HP_21	58	Response	1	4440233	12843	1
A_HP_21	58	Pulse	99	4455775	28385	1
A_HP_21	58	Pulse	99	4475855	48465	1
A_HP_21	59	Picture	response156	4477920	130	1	40229	1	0	40000	hit	314
A_HP_21	59	Response	1	4490754	12964	1
A_HP_21	59	Pulse	99	4495774	17984	1
A_HP_21	59	Pulse	99	4515775	37985	1
A_HP_21	60	Picture	response160	4528378	188	1	40229	1	0	40000	hit	319
A_HP_21	60	Pulse	99	4535855	7665	1
A_HP_21	60	Response	1	4538253	10063	1
A_HP_21	60	Pulse	99	4555775	27585	1
A_HP_21	60	Pulse	99	4575775	47584	1
A_HP_21	61	Picture	response157	4578836	246	1	40229	1	0	40000	hit	323
A_HP_21	61	Response	2	4593034	14444	1
A_HP_21	61	Pulse	99	4595855	17265	1
A_HP_21	61	Pulse	99	4615775	37184	1
A_HP_21	62	Picture	response158	4629295	304	1	40229	1	0	40000	hit	328
A_HP_21	62	Pulse	99	4635775	6784	1
A_HP_21	62	Response	2	4640053	11063	1
A_HP_21	62	Pulse	99	4655855	26865	1
A_HP_21	62	Pulse	99	4675775	46785	1
A_HP_21	63	Picture	thanks	4679253	0	1	10229	1	0	10000	other	0
A_HP_21	63	Pulse	99	4695775	16522	1


Event Type	Code	Type	Response	RT	RT Uncertainty	Time	Uncertainty	Duration	Uncertainty	ReqTime	ReqDur

Picture	ready	other				296089	1	10229	1	0	10000
Picture	ins10	other				356726	1	30230	1	0	30000
Picture	response77	hit	1	9094	2	676422	1	40229	1	0	40000
Picture	response78	hit	2	7262	2	726713	1	40229	1	0	40000
Picture	response76	hit	2	10888	2	777338	1	40229	1	0	40000
Picture	response79	incorrect	2	11316	2	827629	1	40229	1	0	40000
Picture	response80	hit	1	6595	2	877921	1	40229	1	0	40000
Picture	response74	hit	2	10686	2	928378	1	40229	1	0	40000
Picture	response75	hit	1	12880	2	978836	1	40229	1	0	40000
Picture	response73	hit	1	14032	2	1029294	1	40229	1	0	40000
Picture	ins2	other				1079585	1	30229	1	0	30000
Picture	response14	hit	1	11874	2	1396421	1	40229	1	0	40000
Picture	response16	hit	2	5522	2	1446713	1	40230	1	0	40000
Picture	response9	hit	2	8397	2	1497338	1	40229	1	0	40000
Picture	response12	hit	2	6215	2	1547630	1	40230	1	0	40000
Picture	response13	hit	2	5603	2	1597922	1	40229	1	0	40000
Picture	response11	hit	1	17154	2	1648381	1	40229	1	0	40000
Picture	response15	hit	1	6866	2	1698839	1	40229	1	0	40000
Picture	response10	hit	2	8607	2	1749297	1	40229	1	0	40000
Picture	ins12	other				1799588	1	30229	1	0	30000
Picture	response93	hit	1	8874	2	2116421	1	40229	1	0	40000
Picture	response91	hit	2	7353	2	2166712	1	40229	1	0	40000
Picture	response94	hit	2	7898	2	2217337	1	40229	1	0	40000
Picture	response89	hit	2	20926	2	2267628	1	40229	1	0	40000
Picture	response92	hit	1	9855	2	2317920	1	40229	1	0	40000
Picture	response90	hit	1	9307	2	2368377	1	40229	1	0	40000
Picture	response96	hit	2	10090	2	2418835	1	40229	1	0	40000
Picture	response95	hit	2	24122	2	2469292	1	40229	1	0	40000
Picture	ins18	other				2519584	1	30229	1	0	30000
Picture	response141	hit	1	18653	2	2836421	1	40229	1	0	40000
Picture	response139	hit	2	30971	2	2886713	1	40229	1	0	40000
Picture	response138	hit	1	15496	2	2937338	1	40229	1	0	40000
Picture	response142	hit	1	9984	2	2987630	1	40172	1	0	40000
Picture	response140	hit	1	22980	2	3037864	1	40230	1	0	40000
Picture	response137	hit	2	8745	2	3088489	1	40229	1	0	40000
Picture	response144	hit	2	18733	2	3138781	1	40229	1	0	40000
Picture	response143	hit	2	9456	2	3189238	1	40229	1	0	40000
Picture	ins4	other				3239695	1	30230	1	0	30000
Picture	response31	hit	1	7903	2	3556421	1	40229	1	0	40000
Picture	response30	hit	1	4822	2	3606713	1	40229	1	0	40000
Picture	response29	hit	2	10767	2	3657337	1	40229	1	0	40000
Picture	response32	hit	1	10545	2	3707629	1	40229	1	0	40000
Picture	response28	hit	1	12604	2	3757920	1	40229	1	0	40000
Picture	response26	hit	2	9405	2	3808378	1	40229	1	0	40000
Picture	response25	hit	1	8119	2	3858836	1	40230	1	0	40000
Picture	response27	hit	2	9128	2	3909295	1	40229	1	0	40000
Picture	ins20	other				3959587	1	30229	1	0	30000
Picture	response153	hit	2	15283	2	4276421	1	40229	1	0	40000
Picture	response154	hit	1	17471	2	4326712	1	40230	1	0	40000
Picture	response155	hit	2	21246	2	4377337	1	40229	1	0	40000
Picture	response159	hit	1	12605	2	4427629	1	40229	1	0	40000
Picture	response156	hit	1	12834	2	4477920	1	40229	1	0	40000
Picture	response160	hit	1	9875	2	4528378	1	40229	1	0	40000
Picture	response157	hit	2	14197	2	4578836	1	40229	1	0	40000
Picture	response158	hit	2	10758	2	4629295	1	40229	1	0	40000
Picture	thanks	other				4679253	1	10229	1	0	10000


{
   "app": "Presentation Version 21.0 Build 06.06.19",
   "device": "LENOVO 20KHCTO1WW",
   "experiment": "{C0C68DB1-10BA-42F2-8F79-3F2AFFEED4E4}",
   "os": "Windows 10 64 bit",
   "package": "",
   "parameters": {
      "configuration": "Default configuration"
   },
   "scenario": "Feature experiment(3).sce",
   "subject": "A_HP_21",
   "timestamp": "2019/10/18 03:57:33 GMT"
}
