Scenario - 
Logfile written - 10/30/2019 14:18:10

Subject	Trial	Event Type	Code	Time	TTime	Uncertainty	Duration	Uncertainty	ReqTime	ReqDur	Stim Type	Pair Index

A_HP_24	1	Response	3	264883	264050	1
A_HP_24	1	Pulse	99	264883	264050	1
A_HP_24	2	Picture	ready	265115	0	1	10230	1	0	10000	other	0
A_HP_24	2	Pulse	99	284884	19769	1
A_HP_24	2	Pulse	99	304964	39849	1
A_HP_24	2	Pulse	99	324964	59849	1
A_HP_24	3	Picture	ins10	325664	228	1	30229	1	0	30000	other	0
A_HP_24	3	Pulse	99	344884	19448	1
A_HP_24	3	Pulse	99	364963	39527	1
A_HP_24	3	Pulse	99	384964	59528	1
A_HP_24	3	Pulse	99	404883	79447	1
A_HP_24	3	Pulse	99	424964	99528	1
A_HP_24	3	Pulse	99	444964	119528	1
A_HP_24	3	Pulse	99	464884	139448	1
A_HP_24	3	Pulse	99	484964	159528	1
A_HP_24	3	Pulse	99	504964	179527	1
A_HP_24	3	Pulse	99	524884	199447	1
A_HP_24	3	Pulse	99	544963	219527	1
A_HP_24	3	Pulse	99	564964	239528	1
A_HP_24	3	Pulse	99	584884	259448	1
A_HP_24	3	Pulse	99	604964	279528	1
A_HP_24	3	Pulse	99	624964	299527	1
A_HP_24	4	Response	3	644898	9065	1
A_HP_24	4	Pulse	99	644898	9065	1
A_HP_24	5	Picture	response74	645419	184	1	40230	1	0	40000	hit	26
A_HP_24	5	Response	2	650792	5557	1
A_HP_24	5	Pulse	99	664964	19728	1
A_HP_24	5	Pulse	99	684964	39728	1
A_HP_24	6	Picture	response73	695877	242	1	40229	1	0	40000	hit	31
A_HP_24	6	Pulse	99	704883	9247	1
A_HP_24	6	Response	1	706332	10696	1
A_HP_24	6	Pulse	99	724883	29248	1
A_HP_24	6	Pulse	99	744963	49327	1
A_HP_24	7	Picture	response77	746169	133	1	40229	1	0	40000	hit	35
A_HP_24	7	Response	1	752752	6716	1
A_HP_24	7	Pulse	99	764884	18847	1
A_HP_24	7	Pulse	99	784884	38847	1
A_HP_24	8	Picture	response80	796628	192	1	40229	1	0	40000	hit	39
A_HP_24	8	Response	1	804862	8426	1
A_HP_24	8	Pulse	99	804963	8527	1
A_HP_24	8	Pulse	99	824884	28447	1
A_HP_24	8	Pulse	99	844883	48447	1
A_HP_24	9	Picture	response78	847086	250	1	40230	1	0	40000	hit	44
A_HP_24	9	Response	2	852662	5826	1
A_HP_24	9	Pulse	99	864963	18128	1
A_HP_24	9	Pulse	99	884963	38128	1
A_HP_24	10	Picture	response75	897378	142	1	40229	1	0	40000	hit	49
A_HP_24	10	Pulse	99	904883	7647	1
A_HP_24	10	Response	1	922102	24866	1
A_HP_24	10	Pulse	99	924962	27727	1
A_HP_24	10	Pulse	99	944963	47728	1
A_HP_24	11	Picture	response79	947836	200	1	40229	1	0	40000	hit	53
A_HP_24	11	Response	1	957892	10256	1
A_HP_24	11	Pulse	99	964883	17247	1
A_HP_24	11	Pulse	99	984963	37328	1
A_HP_24	12	Picture	response76	998293	259	1	40229	1	0	40000	hit	58
A_HP_24	12	Pulse	99	1004963	6929	1
A_HP_24	12	Response	2	1008882	10847	1
A_HP_24	12	Pulse	99	1024884	26849	1
A_HP_24	12	Pulse	99	1044963	46929	1
A_HP_24	13	Picture	ins2	1048584	149	1	30229	1	0	30000	other	0
A_HP_24	13	Pulse	99	1064963	16527	1
A_HP_24	13	Pulse	99	1084883	36447	1
A_HP_24	13	Pulse	99	1104963	56527	1
A_HP_24	13	Pulse	99	1124963	76527	1
A_HP_24	13	Pulse	99	1144883	96448	1
A_HP_24	13	Pulse	99	1164883	116447	1
A_HP_24	13	Pulse	99	1184963	136527	1
A_HP_24	13	Pulse	99	1204883	156448	1
A_HP_24	13	Pulse	99	1224883	176448	1
A_HP_24	13	Pulse	99	1244964	196528	1
A_HP_24	13	Pulse	99	1264883	216448	1
A_HP_24	13	Pulse	99	1284883	236448	1
A_HP_24	13	Pulse	99	1304963	256528	1
A_HP_24	13	Pulse	99	1324883	276448	1
A_HP_24	13	Pulse	99	1344883	296448	1
A_HP_24	14	Response	3	1364963	6131	1
A_HP_24	14	Pulse	99	1364963	6131	1
A_HP_24	15	Picture	response14	1365566	230	1	40229	1	0	40000	hit	80
A_HP_24	15	Response	1	1376822	11486	1
A_HP_24	15	Pulse	99	1384883	19547	1
A_HP_24	15	Pulse	99	1404883	39547	1
A_HP_24	16	Picture	response16	1415857	121	1	40229	1	0	40000	hit	84
A_HP_24	16	Response	2	1421202	5466	1
A_HP_24	16	Pulse	99	1424962	9227	1
A_HP_24	16	Pulse	99	1444963	29227	1
A_HP_24	16	Pulse	99	1464883	49147	1
A_HP_24	17	Picture	response15	1466481	347	1	40229	1	0	40000	hit	89
A_HP_24	17	Response	1	1470322	4187	1
A_HP_24	17	Pulse	99	1484963	18828	1
A_HP_24	17	Pulse	99	1504963	38828	1
A_HP_24	18	Picture	response12	1516773	238	1	40229	1	0	40000	hit	94
A_HP_24	18	Pulse	99	1524883	8348	1
A_HP_24	18	Response	2	1527391	10856	1
A_HP_24	18	Pulse	99	1544883	28348	1
A_HP_24	18	Pulse	99	1564963	48428	1
A_HP_24	19	Picture	response11	1567064	129	1	40229	1	0	40000	hit	98
A_HP_24	19	Response	1	1572202	5266	1
A_HP_24	19	Pulse	99	1584883	17947	1
A_HP_24	19	Pulse	99	1604883	37947	1
A_HP_24	20	Picture	response13	1617523	187	1	40230	1	0	40000	hit	102
A_HP_24	20	Response	2	1621182	3846	1
A_HP_24	20	Pulse	99	1624963	7627	1
A_HP_24	20	Pulse	99	1644883	27548	1
A_HP_24	20	Pulse	99	1664883	47547	1
A_HP_24	21	Picture	response9	1667982	246	1	40229	1	0	40000	hit	107
A_HP_24	21	Response	2	1673021	5286	1
A_HP_24	21	Pulse	99	1684963	17227	1
A_HP_24	21	Pulse	99	1704883	37147	1
A_HP_24	22	Picture	response10	1718440	304	1	40229	1	0	40000	hit	111
A_HP_24	22	Response	2	1722422	4286	1
A_HP_24	22	Pulse	99	1724883	6747	1
A_HP_24	22	Pulse	99	1744963	26827	1
A_HP_24	22	Pulse	99	1764883	46747	1
A_HP_24	23	Picture	ins18	1768730	195	1	30229	1	0	30000	other	0
A_HP_24	23	Pulse	99	1784883	16347	1
A_HP_24	23	Pulse	99	1804963	36427	1
A_HP_24	23	Pulse	99	1824883	56347	1
A_HP_24	23	Pulse	99	1844883	76347	1
A_HP_24	23	Pulse	99	1864963	96428	1
A_HP_24	23	Pulse	99	1884883	116347	1
A_HP_24	23	Pulse	99	1904883	136347	1
A_HP_24	23	Pulse	99	1924963	156427	1
A_HP_24	23	Pulse	99	1944882	176347	1
A_HP_24	23	Pulse	99	1964883	196347	1
A_HP_24	23	Pulse	99	1984882	216347	1
A_HP_24	23	Pulse	99	2004963	236427	1
A_HP_24	23	Pulse	99	2024883	256347	1
A_HP_24	23	Pulse	99	2044883	276347	1
A_HP_24	23	Pulse	99	2064963	296427	1
A_HP_24	24	Response	3	2084883	6117	1
A_HP_24	24	Pulse	99	2084883	6117	1
A_HP_24	25	Picture	response141	2085465	230	1	40173	1	0	40000	hit	134
A_HP_24	25	Response	1	2098462	13226	1
A_HP_24	25	Pulse	99	2104883	19648	1
A_HP_24	25	Pulse	99	2124963	39727	1
A_HP_24	26	Picture	response144	2135867	232	1	40229	1	0	40000	incorrect	139
A_HP_24	26	Pulse	99	2144883	9248	1
A_HP_24	26	Response	1	2160212	24576	1
A_HP_24	26	Pulse	99	2164882	29247	1
A_HP_24	26	Pulse	99	2184963	49327	1
A_HP_24	27	Picture	response138	2186325	290	1	40229	1	0	40000	hit	143
A_HP_24	27	Response	1	2202892	16856	1
A_HP_24	27	Pulse	99	2204882	18847	1
A_HP_24	27	Pulse	99	2224883	38848	1
A_HP_24	28	Picture	response143	2236617	181	1	40230	1	0	40000	hit	148
A_HP_24	28	Pulse	99	2244963	8527	1
A_HP_24	28	Response	2	2252461	16026	1
A_HP_24	28	Pulse	99	2264883	28448	1
A_HP_24	28	Pulse	99	2284883	48447	1
A_HP_24	29	Picture	response139	2287076	240	1	40229	1	0	40000	hit	152
A_HP_24	29	Response	2	2297122	10286	1
A_HP_24	29	Pulse	99	2304963	18127	1
A_HP_24	29	Pulse	99	2324883	38047	1
A_HP_24	30	Picture	response140	2337367	133	1	40229	1	0	40000	hit	157
A_HP_24	30	Pulse	99	2344883	7648	1
A_HP_24	30	Response	1	2359221	21986	1
A_HP_24	30	Pulse	99	2364962	27727	1
A_HP_24	30	Pulse	99	2384883	47648	1
A_HP_24	31	Picture	response142	2387992	357	1	40229	1	0	40000	hit	162
A_HP_24	31	Pulse	99	2404883	17248	1
A_HP_24	31	Response	1	2408981	21346	1
A_HP_24	31	Pulse	99	2424883	37248	1
A_HP_24	32	Picture	response137	2438284	249	1	40229	1	0	40000	hit	166
A_HP_24	32	Pulse	99	2444883	6848	1
A_HP_24	32	Response	2	2449000	10965	1
A_HP_24	32	Pulse	99	2464882	26847	1
A_HP_24	32	Pulse	99	2484883	46848	1
A_HP_24	33	Picture	ins4	2488575	140	1	30229	1	0	30000	other	0
A_HP_24	33	Pulse	99	2504883	16448	1
A_HP_24	33	Pulse	99	2524883	36448	1
A_HP_24	33	Pulse	99	2544882	56448	1
A_HP_24	33	Pulse	99	2564883	76448	1
A_HP_24	33	Pulse	99	2584882	96448	1
A_HP_24	33	Pulse	99	2604883	116448	1
A_HP_24	33	Pulse	99	2624963	136528	1
A_HP_24	33	Pulse	99	2644882	156447	1
A_HP_24	33	Pulse	99	2664882	176448	1
A_HP_24	33	Pulse	99	2684963	196528	1
A_HP_24	33	Pulse	99	2704882	216447	1
A_HP_24	33	Pulse	99	2724882	236448	1
A_HP_24	33	Pulse	99	2744962	256528	1
A_HP_24	33	Pulse	99	2764882	276448	1
A_HP_24	33	Pulse	99	2784882	296447	1
A_HP_24	34	Response	3	2804962	6297	1
A_HP_24	34	Pulse	99	2804962	6297	1
A_HP_24	35	Picture	response29	2805564	230	1	40229	1	0	40000	hit	188
A_HP_24	35	Response	2	2809511	4176	1
A_HP_24	35	Pulse	99	2824882	19547	1
A_HP_24	35	Pulse	99	2844882	39548	1
A_HP_24	36	Picture	response32	2855855	121	1	40229	1	0	40000	hit	192
A_HP_24	36	Response	1	2860261	4527	1
A_HP_24	36	Pulse	99	2864882	9148	1
A_HP_24	36	Pulse	99	2884882	29148	1
A_HP_24	36	Pulse	99	2904882	49148	1
A_HP_24	37	Picture	response30	2906480	346	1	40229	1	0	40000	hit	197
A_HP_24	37	Response	1	2910691	4558	1
A_HP_24	37	Pulse	99	2924882	18749	1
A_HP_24	37	Pulse	99	2944882	38748	1
A_HP_24	38	Picture	response26	2956771	236	1	40229	1	0	40000	hit	201
A_HP_24	38	Response	2	2960301	3766	1
A_HP_24	38	Pulse	99	2964882	8347	1
A_HP_24	38	Pulse	99	2984882	28348	1
A_HP_24	38	Pulse	99	3004882	48348	1
A_HP_24	39	Picture	response28	3007061	127	1	40229	1	0	40000	hit	206
A_HP_24	39	Response	1	3010630	3696	1
A_HP_24	39	Pulse	99	3024882	17948	1
A_HP_24	39	Pulse	99	3044882	37948	1
A_HP_24	40	Picture	response25	3057519	186	1	40229	1	0	40000	hit	210
A_HP_24	40	Response	1	3061141	3807	1
A_HP_24	40	Pulse	99	3064881	7548	1
A_HP_24	40	Pulse	99	3084882	27548	1
A_HP_24	40	Pulse	99	3104882	47548	1
A_HP_24	41	Picture	response27	3107978	244	1	40229	1	0	40000	hit	215
A_HP_24	41	Response	2	3115281	7546	1
A_HP_24	41	Pulse	99	3124882	17148	1
A_HP_24	41	Pulse	99	3144882	37148	1
A_HP_24	42	Picture	response31	3158436	301	1	40230	1	0	40000	hit	219
A_HP_24	42	Response	1	3162211	4077	1
A_HP_24	42	Pulse	99	3164881	6747	1
A_HP_24	42	Pulse	99	3184962	26828	1
A_HP_24	42	Pulse	99	3204882	46748	1
A_HP_24	43	Picture	ins12	3208728	194	1	30229	1	0	30000	other	0
A_HP_24	43	Pulse	99	3224882	16348	1
A_HP_24	43	Pulse	99	3244882	36348	1
A_HP_24	43	Pulse	99	3264882	56348	1
A_HP_24	43	Pulse	99	3284882	76348	1
A_HP_24	43	Pulse	99	3304882	96348	1
A_HP_24	43	Pulse	99	3324882	116348	1
A_HP_24	43	Pulse	99	3344882	136348	1
A_HP_24	43	Pulse	99	3364882	156348	1
A_HP_24	43	Pulse	99	3384882	176348	1
A_HP_24	43	Pulse	99	3404881	196348	1
A_HP_24	43	Pulse	99	3424882	216348	1
A_HP_24	43	Pulse	99	3444882	236348	1
A_HP_24	43	Pulse	99	3464882	256348	1
A_HP_24	43	Pulse	99	3484882	276348	1
A_HP_24	43	Pulse	99	3504881	296348	1
A_HP_24	44	Response	3	3524882	6118	1
A_HP_24	44	Pulse	99	3524882	6118	1
A_HP_24	45	Picture	response92	3525464	230	1	40229	1	0	40000	hit	242
A_HP_24	45	Response	1	3532491	7257	1
A_HP_24	45	Pulse	99	3544882	19648	1
A_HP_24	45	Pulse	99	3564882	39648	1
A_HP_24	46	Picture	response89	3575922	288	1	40229	1	0	40000	hit	247
A_HP_24	46	Pulse	99	3584882	9248	1
A_HP_24	46	Response	2	3586670	11036	1
A_HP_24	46	Pulse	99	3604882	29248	1
A_HP_24	46	Pulse	99	3624882	49248	1
A_HP_24	47	Picture	response94	3626213	179	1	40229	1	0	40000	hit	251
A_HP_24	47	Response	2	3634160	8127	1
A_HP_24	47	Pulse	99	3644882	18848	1
A_HP_24	47	Pulse	99	3664882	38848	1
A_HP_24	48	Picture	response95	3676505	71	1	40229	1	0	40000	hit	256
A_HP_24	48	Pulse	99	3684881	8448	1
A_HP_24	48	Response	2	3688530	12096	1
A_HP_24	48	Pulse	99	3704881	28447	1
A_HP_24	48	Pulse	99	3724882	48448	1
A_HP_24	49	Picture	response96	3727129	295	1	40229	1	0	40000	hit	260
A_HP_24	49	Response	2	3734140	7307	1
A_HP_24	49	Pulse	99	3744881	18048	1
A_HP_24	49	Pulse	99	3764882	38048	1
A_HP_24	50	Picture	response90	3777420	186	1	40229	1	0	40000	hit	264
A_HP_24	50	Response	1	3782990	5756	1
A_HP_24	50	Pulse	99	3784883	7649	1
A_HP_24	50	Pulse	99	3804882	27648	1
A_HP_24	50	Pulse	99	3824882	47648	1
A_HP_24	51	Picture	response91	3827878	244	1	40229	1	0	40000	hit	269
A_HP_24	51	Response	2	3833860	6227	1
A_HP_24	51	Pulse	99	3844881	17248	1
A_HP_24	51	Pulse	99	3864882	37248	1
A_HP_24	52	Picture	response93	3878170	136	1	40229	1	0	40000	hit	274
A_HP_24	52	Pulse	99	3884882	6848	1
A_HP_24	52	Response	1	3888550	10516	1
A_HP_24	52	Pulse	99	3904881	26848	1
A_HP_24	52	Pulse	99	3924882	46848	1
A_HP_24	53	Picture	ins20	3928592	158	1	30229	1	0	30000	other	0
A_HP_24	53	Pulse	99	3944882	16448	1
A_HP_24	53	Pulse	99	3964882	36448	1
A_HP_24	53	Pulse	99	3984882	56448	1
A_HP_24	53	Pulse	99	4004882	76448	1
A_HP_24	53	Pulse	99	4024881	96447	1
A_HP_24	53	Pulse	99	4044882	116448	1
A_HP_24	53	Pulse	99	4064882	136448	1
A_HP_24	53	Pulse	99	4084881	156448	1
A_HP_24	53	Pulse	99	4104881	176448	1
A_HP_24	53	Pulse	99	4124881	196448	1
A_HP_24	53	Pulse	99	4144881	216448	1
A_HP_24	53	Pulse	99	4164882	236448	1
A_HP_24	53	Pulse	99	4184882	256448	1
A_HP_24	53	Pulse	99	4204882	276448	1
A_HP_24	53	Pulse	99	4224881	296448	1
A_HP_24	54	Response	3	4244881	6051	1
A_HP_24	54	Pulse	99	4244881	6051	1
A_HP_24	55	Picture	response160	4245463	229	1	40229	1	0	40000	hit	296
A_HP_24	55	Response	1	4250340	5106	1
A_HP_24	55	Pulse	99	4264881	19648	1
A_HP_24	55	Pulse	99	4284881	39648	1
A_HP_24	56	Picture	response158	4295921	288	1	40229	1	0	40000	hit	300
A_HP_24	56	Response	2	4304881	9247	1
A_HP_24	56	Pulse	99	4304882	9249	1
A_HP_24	56	Pulse	99	4324881	29248	1
A_HP_24	56	Pulse	99	4344881	49248	1
A_HP_24	57	Picture	response157	4346212	178	1	40230	1	0	40000	hit	305
A_HP_24	57	Response	2	4356290	10256	1
A_HP_24	57	Pulse	99	4364881	18848	1
A_HP_24	57	Pulse	99	4384881	38848	1
A_HP_24	58	Picture	response153	4396504	70	1	40229	1	0	40000	hit	309
A_HP_24	58	Response	2	4404470	8037	1
A_HP_24	58	Pulse	99	4404881	8447	1
A_HP_24	58	Pulse	99	4424881	28448	1
A_HP_24	58	Pulse	99	4444881	48448	1
A_HP_24	59	Picture	response154	4447129	295	1	40229	1	0	40000	hit	314
A_HP_24	59	Response	1	4457460	10627	1
A_HP_24	59	Pulse	99	4464881	18048	1
A_HP_24	59	Pulse	99	4484881	38048	1
A_HP_24	60	Picture	response159	4497420	186	1	40229	1	0	40000	hit	319
A_HP_24	60	Pulse	99	4504881	7648	1
A_HP_24	60	Response	1	4512120	14887	1
A_HP_24	60	Pulse	99	4524882	27648	1
A_HP_24	60	Pulse	99	4544882	47648	1
A_HP_24	61	Picture	response156	4547877	243	1	40229	1	0	40000	hit	323
A_HP_24	61	Response	1	4558360	10727	1
A_HP_24	61	Pulse	99	4564881	17248	1
A_HP_24	61	Pulse	99	4584882	37248	1
A_HP_24	62	Picture	response155	4598169	134	1	40229	1	0	40000	hit	328
A_HP_24	62	Pulse	99	4604882	6847	1
A_HP_24	62	Response	2	4606670	8636	1
A_HP_24	62	Pulse	99	4624882	26847	1
A_HP_24	62	Pulse	99	4644881	46847	1
A_HP_24	63	Picture	thanks	4648294	0	1	10229	1	0	10000	other	0
A_HP_24	63	Pulse	99	4664881	16588	1


Event Type	Code	Type	Response	RT	RT Uncertainty	Time	Uncertainty	Duration	Uncertainty	ReqTime	ReqDur

Picture	ready	other				265115	1	10230	1	0	10000
Picture	ins10	other				325664	1	30229	1	0	30000
Picture	response74	hit	2	5373	2	645419	1	40230	1	0	40000
Picture	response73	hit	1	10454	2	695877	1	40229	1	0	40000
Picture	response77	hit	1	6583	2	746169	1	40229	1	0	40000
Picture	response80	hit	1	8235	2	796628	1	40229	1	0	40000
Picture	response78	hit	2	5576	2	847086	1	40230	1	0	40000
Picture	response75	hit	1	24724	2	897378	1	40229	1	0	40000
Picture	response79	hit	1	10057	2	947836	1	40229	1	0	40000
Picture	response76	hit	2	10588	2	998293	1	40229	1	0	40000
Picture	ins2	other				1048584	1	30229	1	0	30000
Picture	response14	hit	1	11256	2	1365566	1	40229	1	0	40000
Picture	response16	hit	2	5345	2	1415857	1	40229	1	0	40000
Picture	response15	hit	1	3840	2	1466481	1	40229	1	0	40000
Picture	response12	hit	2	10618	2	1516773	1	40229	1	0	40000
Picture	response11	hit	1	5137	2	1567064	1	40229	1	0	40000
Picture	response13	hit	2	3659	2	1617523	1	40230	1	0	40000
Picture	response9	hit	2	5040	2	1667982	1	40229	1	0	40000
Picture	response10	hit	2	3982	2	1718440	1	40229	1	0	40000
Picture	ins18	other				1768730	1	30229	1	0	30000
Picture	response141	hit	1	12996	2	2085465	1	40173	1	0	40000
Picture	response144	incorrect	1	24344	2	2135867	1	40229	1	0	40000
Picture	response138	hit	1	16566	2	2186325	1	40229	1	0	40000
Picture	response143	hit	2	15844	2	2236617	1	40230	1	0	40000
Picture	response139	hit	2	10046	2	2287076	1	40229	1	0	40000
Picture	response140	hit	1	21854	2	2337367	1	40229	1	0	40000
Picture	response142	hit	1	20989	2	2387992	1	40229	1	0	40000
Picture	response137	hit	2	10717	2	2438284	1	40229	1	0	40000
Picture	ins4	other				2488575	1	30229	1	0	30000
Picture	response29	hit	2	3946	2	2805564	1	40229	1	0	40000
Picture	response32	hit	1	4406	2	2855855	1	40229	1	0	40000
Picture	response30	hit	1	4211	2	2906480	1	40229	1	0	40000
Picture	response26	hit	2	3530	2	2956771	1	40229	1	0	40000
Picture	response28	hit	1	3569	2	3007061	1	40229	1	0	40000
Picture	response25	hit	1	3621	2	3057519	1	40229	1	0	40000
Picture	response27	hit	2	7303	2	3107978	1	40229	1	0	40000
Picture	response31	hit	1	3775	2	3158436	1	40230	1	0	40000
Picture	ins12	other				3208728	1	30229	1	0	30000
Picture	response92	hit	1	7027	2	3525464	1	40229	1	0	40000
Picture	response89	hit	2	10748	2	3575922	1	40229	1	0	40000
Picture	response94	hit	2	7947	2	3626213	1	40229	1	0	40000
Picture	response95	hit	2	12025	2	3676505	1	40229	1	0	40000
Picture	response96	hit	2	7012	2	3727129	1	40229	1	0	40000
Picture	response90	hit	1	5570	2	3777420	1	40229	1	0	40000
Picture	response91	hit	2	5982	2	3827878	1	40229	1	0	40000
Picture	response93	hit	1	10380	2	3878170	1	40229	1	0	40000
Picture	ins20	other				3928592	1	30229	1	0	30000
Picture	response160	hit	1	4877	2	4245463	1	40229	1	0	40000
Picture	response158	hit	2	8960	2	4295921	1	40229	1	0	40000
Picture	response157	hit	2	10078	2	4346212	1	40230	1	0	40000
Picture	response153	hit	2	7966	2	4396504	1	40229	1	0	40000
Picture	response154	hit	1	10331	2	4447129	1	40229	1	0	40000
Picture	response159	hit	1	14700	2	4497420	1	40229	1	0	40000
Picture	response156	hit	1	10483	2	4547877	1	40229	1	0	40000
Picture	response155	hit	2	8501	2	4598169	1	40229	1	0	40000
Picture	thanks	other				4648294	1	10229	1	0	10000


{
   "app": "Presentation Version 21.0 Build 06.06.19",
   "device": "LENOVO 20KHCTO1WW",
   "experiment": "{C0C68DB1-10BA-42F2-8F79-3F2AFFEED4E4}",
   "os": "Windows 10 64 bit",
   "package": "",
   "parameters": {
      "configuration": "Default configuration"
   },
   "scenario": "Feature experiment(3).sce",
   "subject": "A_HP_24",
   "timestamp": "2019/10/30 05:10:15 GMT"
}
