Scenario - 
Logfile written - 11/22/2019 12:29:19

Subject	Trial	Event Type	Code	Time	TTime	Uncertainty	Duration	Uncertainty	ReqTime	ReqDur	Stim Type	Pair Index

A_HP_32	1	Response	3	363219	362220	1
A_HP_32	1	Pulse	99	363219	362220	1
A_HP_32	2	Picture	ready	363451	0	1	10229	1	0	10000	other	0
A_HP_32	2	Pulse	99	383219	19768	1
A_HP_32	2	Pulse	99	403219	39768	1
A_HP_32	2	Pulse	99	423218	59768	1
A_HP_32	3	Picture	ins18	424026	234	1	30229	1	0	30000	other	0
A_HP_32	3	Pulse	99	443218	19427	1
A_HP_32	3	Pulse	99	463218	39427	1
A_HP_32	3	Pulse	99	483219	59427	1
A_HP_32	3	Pulse	99	503218	79427	1
A_HP_32	3	Pulse	99	523218	99427	1
A_HP_32	3	Pulse	99	543218	119427	1
A_HP_32	3	Pulse	99	563218	139427	1
A_HP_32	3	Pulse	99	583218	159426	1
A_HP_32	3	Pulse	99	603218	179427	1
A_HP_32	3	Pulse	99	623218	199426	1
A_HP_32	3	Pulse	99	643218	219426	1
A_HP_32	3	Pulse	99	663219	239427	1
A_HP_32	3	Pulse	99	683219	259427	1
A_HP_32	3	Pulse	99	703218	279426	1
A_HP_32	3	Pulse	99	723218	299426	1
A_HP_32	4	Response	3	743218	9196	1
A_HP_32	4	Pulse	99	743218	9196	1
A_HP_32	5	Picture	response141	743821	230	1	40229	1	0	40000	hit	26
A_HP_32	5	Response	1	756197	12605	1
A_HP_32	5	Pulse	99	763217	19626	1
A_HP_32	5	Pulse	99	783218	39627	1
A_HP_32	6	Picture	response144	794113	121	1	40229	1	0	40000	hit	31
A_HP_32	6	Pulse	99	803219	9227	1
A_HP_32	6	Response	2	811397	17406	1
A_HP_32	6	Pulse	99	823218	29226	1
A_HP_32	6	Pulse	99	843218	49227	1
A_HP_32	7	Picture	response140	844737	347	1	40230	1	0	40000	incorrect	36
A_HP_32	7	Pulse	99	863218	18828	1
A_HP_32	7	Response	2	865417	21026	1
A_HP_32	7	Pulse	99	883219	38828	1
A_HP_32	8	Picture	response138	895030	239	1	40229	1	0	40000	hit	40
A_HP_32	8	Pulse	99	903218	8427	1
A_HP_32	8	Response	1	921347	26556	1
A_HP_32	8	Pulse	99	923219	28427	1
A_HP_32	8	Pulse	99	943218	48427	1
A_HP_32	9	Picture	response142	945322	130	1	40230	1	0	40000	hit	44
A_HP_32	9	Response	1	959507	14315	1
A_HP_32	9	Pulse	99	963219	18027	1
A_HP_32	9	Pulse	99	983219	38027	1
A_HP_32	10	Picture	response137	995780	189	1	40229	1	0	40000	hit	49
A_HP_32	10	Pulse	99	1003219	7627	1
A_HP_32	10	Response	2	1015377	19785	1
A_HP_32	10	Pulse	99	1023219	27627	1
A_HP_32	10	Pulse	99	1043219	47627	1
A_HP_32	11	Picture	response139	1046239	248	1	40229	1	0	40000	hit	53
A_HP_32	11	Response	2	1058597	12606	1
A_HP_32	11	Pulse	99	1063218	17227	1
A_HP_32	11	Pulse	99	1083218	37227	1
A_HP_32	12	Picture	response143	1096697	306	1	40229	1	0	40000	hit	58
A_HP_32	12	Pulse	99	1103219	6828	1
A_HP_32	12	Response	2	1107277	10885	1
A_HP_32	12	Pulse	99	1123218	26827	1
A_HP_32	12	Pulse	99	1143218	46827	1
A_HP_32	13	Picture	ins2	1146989	198	1	30229	1	0	30000	other	0
A_HP_32	13	Pulse	99	1163218	16427	1
A_HP_32	13	Pulse	99	1183218	36427	1
A_HP_32	13	Pulse	99	1203218	56427	1
A_HP_32	13	Pulse	99	1223218	76427	1
A_HP_32	13	Pulse	99	1243218	96427	1
A_HP_32	13	Pulse	99	1263218	116427	1
A_HP_32	13	Pulse	99	1283218	136427	1
A_HP_32	13	Pulse	99	1303218	156427	1
A_HP_32	13	Pulse	99	1323218	176427	1
A_HP_32	13	Pulse	99	1343218	196427	1
A_HP_32	13	Pulse	99	1363218	216427	1
A_HP_32	13	Pulse	99	1383218	236427	1
A_HP_32	13	Pulse	99	1403218	256427	1
A_HP_32	13	Pulse	99	1423218	276427	1
A_HP_32	13	Pulse	99	1443138	296347	1
A_HP_32	14	Response	3	1463218	6196	1
A_HP_32	14	Pulse	99	1463218	6196	1
A_HP_32	15	Picture	response12	1463822	230	1	40229	1	0	40000	hit	80
A_HP_32	15	Response	2	1471277	7685	1
A_HP_32	15	Pulse	99	1483218	19627	1
A_HP_32	15	Pulse	99	1503218	39627	1
A_HP_32	16	Picture	response14	1514114	122	1	40229	1	0	40000	hit	84
A_HP_32	16	Response	1	1521807	7816	1
A_HP_32	16	Pulse	99	1523218	9227	1
A_HP_32	16	Pulse	99	1543218	29227	1
A_HP_32	16	Pulse	99	1563218	49227	1
A_HP_32	17	Picture	response10	1564739	347	1	40229	1	0	40000	hit	89
A_HP_32	17	Response	2	1572147	7756	1
A_HP_32	17	Pulse	99	1583218	18827	1
A_HP_32	17	Pulse	99	1603218	38827	1
A_HP_32	18	Picture	response11	1615030	238	1	40229	1	0	40000	hit	93
A_HP_32	18	Response	1	1622647	7856	1
A_HP_32	18	Pulse	99	1623217	8426	1
A_HP_32	18	Pulse	99	1643138	28347	1
A_HP_32	18	Pulse	99	1663218	48427	1
A_HP_32	19	Picture	response15	1665322	131	1	40229	1	0	40000	hit	98
A_HP_32	19	Response	1	1671377	6185	1
A_HP_32	19	Pulse	99	1683218	18026	1
A_HP_32	19	Pulse	99	1703138	37947	1
A_HP_32	20	Picture	response13	1715780	189	1	40230	1	0	40000	hit	102
A_HP_32	20	Response	2	1721667	6075	1
A_HP_32	20	Pulse	99	1723217	7626	1
A_HP_32	20	Pulse	99	1743218	27627	1
A_HP_32	20	Pulse	99	1763218	47627	1
A_HP_32	21	Picture	response16	1766239	248	1	40229	1	0	40000	hit	107
A_HP_32	21	Response	2	1770607	4616	1
A_HP_32	21	Pulse	99	1783218	17227	1
A_HP_32	21	Pulse	99	1803218	37227	1
A_HP_32	22	Picture	response9	1816698	307	1	40230	1	0	40000	hit	111
A_HP_32	22	Response	2	1821767	5376	1
A_HP_32	22	Pulse	99	1823218	6827	1
A_HP_32	22	Pulse	99	1843218	26827	1
A_HP_32	22	Pulse	99	1863218	46827	1
A_HP_32	23	Picture	ins10	1866989	198	1	30229	1	0	30000	other	0
A_HP_32	23	Pulse	99	1883217	16427	1
A_HP_32	23	Pulse	99	1903137	36346	1
A_HP_32	23	Pulse	99	1923218	56427	1
A_HP_32	23	Pulse	99	1943218	76427	1
A_HP_32	23	Pulse	99	1963138	96347	1
A_HP_32	23	Pulse	99	1983218	116427	1
A_HP_32	23	Pulse	99	2003218	136427	1
A_HP_32	23	Pulse	99	2023218	156427	1
A_HP_32	23	Pulse	99	2043217	176427	1
A_HP_32	23	Pulse	99	2063218	196427	1
A_HP_32	23	Pulse	99	2083218	216427	1
A_HP_32	23	Pulse	99	2103138	236347	1
A_HP_32	23	Pulse	99	2123218	256427	1
A_HP_32	23	Pulse	99	2143218	276427	1
A_HP_32	23	Pulse	99	2163138	296347	1
A_HP_32	24	Response	3	2183218	6197	1
A_HP_32	24	Pulse	99	2183218	6197	1
A_HP_32	25	Picture	response77	2183821	230	1	40229	1	0	40000	hit	134
A_HP_32	25	Response	1	2195157	11565	1
A_HP_32	25	Pulse	99	2203217	19626	1
A_HP_32	25	Pulse	99	2223138	39547	1
A_HP_32	26	Picture	response74	2234113	122	1	40229	1	0	40000	hit	138
A_HP_32	26	Response	2	2241876	7885	1
A_HP_32	26	Pulse	99	2243217	9226	1
A_HP_32	26	Pulse	99	2263218	29227	1
A_HP_32	26	Pulse	99	2283218	49227	1
A_HP_32	27	Picture	response78	2284738	347	1	40229	1	0	40000	hit	143
A_HP_32	27	Response	2	2290677	6286	1
A_HP_32	27	Pulse	99	2303217	18827	1
A_HP_32	27	Pulse	99	2323217	38827	1
A_HP_32	28	Picture	response73	2335030	239	1	40229	1	0	40000	hit	148
A_HP_32	28	Pulse	99	2343218	8427	1
A_HP_32	28	Response	1	2345226	10435	1
A_HP_32	28	Pulse	99	2363138	28347	1
A_HP_32	28	Pulse	99	2383218	48427	1
A_HP_32	29	Picture	response75	2385321	130	1	40229	1	0	40000	hit	152
A_HP_32	29	Response	1	2392327	7136	1
A_HP_32	29	Pulse	99	2403218	18027	1
A_HP_32	29	Pulse	99	2423138	37947	1
A_HP_32	30	Picture	response80	2435780	189	1	40229	1	0	40000	hit	157
A_HP_32	30	Pulse	99	2443218	7627	1
A_HP_32	30	Response	1	2445136	9545	1
A_HP_32	30	Pulse	99	2463218	27627	1
A_HP_32	30	Pulse	99	2483138	47547	1
A_HP_32	31	Picture	response79	2486238	247	1	40229	1	0	40000	hit	161
A_HP_32	31	Response	1	2494056	8066	1
A_HP_32	31	Pulse	99	2503217	17226	1
A_HP_32	31	Pulse	99	2523218	37227	1
A_HP_32	32	Picture	response76	2536696	305	1	40229	1	0	40000	hit	166
A_HP_32	32	Pulse	99	2543138	6747	1
A_HP_32	32	Response	2	2547705	11315	1
A_HP_32	32	Pulse	99	2563138	26747	1
A_HP_32	32	Pulse	99	2583218	46827	1
A_HP_32	33	Picture	ins4	2586988	197	1	30229	1	0	30000	other	0
A_HP_32	33	Pulse	99	2603218	16427	1
A_HP_32	33	Pulse	99	2623138	36347	1
A_HP_32	33	Pulse	99	2643217	56427	1
A_HP_32	33	Pulse	99	2663218	76427	1
A_HP_32	33	Pulse	99	2683138	96347	1
A_HP_32	33	Pulse	99	2703218	116427	1
A_HP_32	33	Pulse	99	2723218	136427	1
A_HP_32	33	Pulse	99	2743138	156347	1
A_HP_32	33	Pulse	99	2763217	176427	1
A_HP_32	33	Pulse	99	2783218	196427	1
A_HP_32	33	Pulse	99	2803137	216347	1
A_HP_32	33	Pulse	99	2823137	236347	1
A_HP_32	33	Pulse	99	2843217	256427	1
A_HP_32	33	Pulse	99	2863217	276427	1
A_HP_32	33	Pulse	99	2883137	296347	1
A_HP_32	34	Response	3	2903217	6197	1
A_HP_32	34	Pulse	99	2903217	6197	1
A_HP_32	35	Picture	response30	2903821	230	1	40230	1	0	40000	hit	188
A_HP_32	35	Response	1	2910816	7225	1
A_HP_32	35	Pulse	99	2923217	19626	1
A_HP_32	35	Pulse	99	2943137	39546	1
A_HP_32	36	Picture	response26	2954113	122	1	40229	1	0	40000	hit	192
A_HP_32	36	Response	2	2958716	4725	1
A_HP_32	36	Pulse	99	2963217	9226	1
A_HP_32	36	Pulse	99	2983217	29227	1
A_HP_32	36	Pulse	99	3003137	49146	1
A_HP_32	37	Picture	response28	3004738	347	1	40229	1	0	40000	hit	197
A_HP_32	37	Response	1	3008186	3796	1
A_HP_32	37	Pulse	99	3023137	18747	1
A_HP_32	37	Pulse	99	3043217	38827	1
A_HP_32	38	Picture	response32	3055029	239	1	40229	1	0	40000	hit	201
A_HP_32	38	Response	1	3059986	5196	1
A_HP_32	38	Pulse	99	3063137	8346	1
A_HP_32	38	Pulse	99	3083137	28347	1
A_HP_32	38	Pulse	99	3103217	48427	1
A_HP_32	39	Picture	response25	3105320	130	1	40229	1	0	40000	hit	206
A_HP_32	39	Response	1	3110356	5166	1
A_HP_32	39	Pulse	99	3123217	18027	1
A_HP_32	39	Pulse	99	3143137	37947	1
A_HP_32	40	Picture	response27	3155779	189	1	40229	1	0	40000	hit	210
A_HP_32	40	Response	2	3160176	4586	1
A_HP_32	40	Pulse	99	3163217	7627	1
A_HP_32	40	Pulse	99	3183217	27627	1
A_HP_32	40	Pulse	99	3203137	47547	1
A_HP_32	41	Picture	response31	3206238	247	1	40229	1	0	40000	hit	215
A_HP_32	41	Response	1	3211996	6006	1
A_HP_32	41	Pulse	99	3223217	17226	1
A_HP_32	41	Pulse	99	3243217	37227	1
A_HP_32	42	Picture	response29	3256695	305	1	40229	1	0	40000	hit	220
A_HP_32	42	Pulse	99	3263137	6747	1
A_HP_32	42	Response	2	3263515	7125	1
A_HP_32	42	Pulse	99	3283137	26747	1
A_HP_32	42	Pulse	99	3303217	46827	1
A_HP_32	43	Picture	ins20	3306987	197	1	30229	1	0	30000	other	0
A_HP_32	43	Pulse	99	3323137	16347	1
A_HP_32	43	Pulse	99	3343137	36347	1
A_HP_32	43	Pulse	99	3363217	56427	1
A_HP_32	43	Pulse	99	3383217	76427	1
A_HP_32	43	Pulse	99	3403137	96347	1
A_HP_32	43	Pulse	99	3423217	116427	1
A_HP_32	43	Pulse	99	3443217	136427	1
A_HP_32	43	Pulse	99	3463137	156347	1
A_HP_32	43	Pulse	99	3483217	176427	1
A_HP_32	43	Pulse	99	3503217	196427	1
A_HP_32	43	Pulse	99	3523138	216348	1
A_HP_32	43	Pulse	99	3543137	236347	1
A_HP_32	43	Pulse	99	3563217	256427	1
A_HP_32	43	Pulse	99	3583137	276347	1
A_HP_32	43	Pulse	99	3603137	296347	1
A_HP_32	44	Response	3	3623217	6196	1
A_HP_32	44	Pulse	99	3623217	6196	1
A_HP_32	45	Picture	response158	3623820	230	1	40230	1	0	40000	hit	242
A_HP_32	45	Response	2	3640426	16835	1
A_HP_32	45	Pulse	99	3643217	19626	1
A_HP_32	45	Pulse	99	3663137	39546	1
A_HP_32	46	Picture	response153	3674113	122	1	40229	1	0	40000	hit	247
A_HP_32	46	Pulse	99	3683217	9226	1
A_HP_32	46	Response	2	3694786	20795	1
A_HP_32	46	Pulse	99	3703217	29226	1
A_HP_32	46	Pulse	99	3723137	49147	1
A_HP_32	47	Picture	response159	3724738	347	1	40230	1	0	40000	hit	251
A_HP_32	47	Response	1	3739956	15565	1
A_HP_32	47	Pulse	99	3743137	18746	1
A_HP_32	47	Pulse	99	3763217	38827	1
A_HP_32	48	Picture	response157	3775030	240	1	40229	1	0	40000	hit	256
A_HP_32	48	Pulse	99	3783137	8347	1
A_HP_32	48	Response	2	3788236	13445	1
A_HP_32	48	Pulse	99	3803137	28347	1
A_HP_32	48	Pulse	99	3823217	48427	1
A_HP_32	49	Picture	response154	3825322	133	1	40229	1	0	40000	hit	261
A_HP_32	49	Pulse	99	3843137	17947	1
A_HP_32	49	Response	1	3848926	23736	1
A_HP_32	49	Pulse	99	3863137	37947	1
A_HP_32	50	Picture	response160	3875781	191	1	40229	1	0	40000	hit	265
A_HP_32	50	Pulse	99	3883217	7627	1
A_HP_32	50	Response	1	3889646	14056	1
A_HP_32	50	Pulse	99	3903137	27547	1
A_HP_32	50	Pulse	99	3923137	47547	1
A_HP_32	51	Picture	response155	3926239	249	1	40229	1	0	40000	hit	269
A_HP_32	51	Response	2	3938356	12366	1
A_HP_32	51	Pulse	99	3943217	17227	1
A_HP_32	51	Pulse	99	3963217	37227	1
A_HP_32	52	Picture	response156	3976697	307	1	40229	1	0	40000	hit	274
A_HP_32	52	Pulse	99	3983137	6747	1
A_HP_32	52	Response	1	3990206	13816	1
A_HP_32	52	Pulse	99	4003137	26747	1
A_HP_32	52	Pulse	99	4023217	46827	1
A_HP_32	53	Picture	ins12	4026989	199	1	30230	1	0	30000	other	0
A_HP_32	53	Pulse	99	4043137	16347	1
A_HP_32	53	Pulse	99	4063137	36347	1
A_HP_32	53	Pulse	99	4083217	56427	1
A_HP_32	53	Pulse	99	4103137	76347	1
A_HP_32	53	Pulse	99	4123140	96351	1
A_HP_32	53	Pulse	99	4143217	116428	1
A_HP_32	53	Pulse	99	4163137	136347	1
A_HP_32	53	Pulse	99	4183137	156347	1
A_HP_32	53	Pulse	99	4203137	176347	1
A_HP_32	53	Pulse	99	4223217	196427	1
A_HP_32	53	Pulse	99	4243137	216347	1
A_HP_32	53	Pulse	99	4263137	236347	1
A_HP_32	53	Pulse	99	4283217	256427	1
A_HP_32	53	Pulse	99	4303137	276347	1
A_HP_32	53	Pulse	99	4323137	296347	1
A_HP_32	54	Response	3	4343216	6197	1
A_HP_32	54	Pulse	99	4343216	6197	1
A_HP_32	55	Picture	response92	4343819	230	1	40229	1	0	40000	hit	296
A_HP_32	55	Response	1	4352295	8706	1
A_HP_32	55	Pulse	99	4363136	19546	1
A_HP_32	55	Pulse	99	4383137	39547	1
A_HP_32	56	Picture	response90	4394111	122	1	40229	1	0	40000	hit	301
A_HP_32	56	Pulse	99	4403216	9227	1
A_HP_32	56	Response	1	4406235	12245	1
A_HP_32	56	Pulse	99	4423137	29147	1
A_HP_32	56	Pulse	99	4443137	49148	1
A_HP_32	57	Picture	response95	4444736	347	1	40229	1	0	40000	hit	305
A_HP_32	57	Response	2	4451236	6847	1
A_HP_32	57	Pulse	99	4463136	18747	1
A_HP_32	57	Pulse	99	4483217	38828	1
A_HP_32	58	Picture	response91	4495027	237	1	40230	1	0	40000	hit	309
A_HP_32	58	Response	2	4501135	6346	1
A_HP_32	58	Pulse	99	4503137	8347	1
A_HP_32	58	Pulse	99	4523137	28347	1
A_HP_32	58	Pulse	99	4543217	48427	1
A_HP_32	59	Picture	response96	4545319	129	1	40229	1	0	40000	hit	314
A_HP_32	59	Response	2	4562695	17505	1
A_HP_32	59	Pulse	99	4563136	17946	1
A_HP_32	59	Pulse	99	4583136	37946	1
A_HP_32	60	Picture	response94	4595777	187	1	40229	1	0	40000	hit	318
A_HP_32	60	Response	2	4603005	7415	1
A_HP_32	60	Pulse	99	4603216	7626	1
A_HP_32	60	Pulse	99	4623136	27546	1
A_HP_32	60	Pulse	99	4643137	47546	1
A_HP_32	61	Picture	response93	4646235	245	1	40229	1	0	40000	hit	323
A_HP_32	61	Response	1	4656795	10806	1
A_HP_32	61	Pulse	99	4663216	17226	1
A_HP_32	61	Pulse	99	4683137	37147	1
A_HP_32	62	Picture	response89	4696693	303	1	40229	1	0	40000	hit	328
A_HP_32	62	Pulse	99	4703137	6747	1
A_HP_32	62	Response	2	4709295	12906	1
A_HP_32	62	Pulse	99	4723136	26747	1
A_HP_32	62	Pulse	99	4743217	46827	1
A_HP_32	63	Picture	thanks	4746651	0	1	10229	1	0	10000	other	0
A_HP_32	63	Pulse	99	4763136	16485	1


Event Type	Code	Type	Response	RT	RT Uncertainty	Time	Uncertainty	Duration	Uncertainty	ReqTime	ReqDur

Picture	ready	other				363451	1	10229	1	0	10000
Picture	ins18	other				424026	1	30229	1	0	30000
Picture	response141	hit	1	12375	2	743821	1	40229	1	0	40000
Picture	response144	hit	2	17285	2	794113	1	40229	1	0	40000
Picture	response140	incorrect	2	20680	2	844737	1	40230	1	0	40000
Picture	response138	hit	1	26317	2	895030	1	40229	1	0	40000
Picture	response142	hit	1	14185	2	945322	1	40230	1	0	40000
Picture	response137	hit	2	19596	2	995780	1	40229	1	0	40000
Picture	response139	hit	2	12358	2	1046239	1	40229	1	0	40000
Picture	response143	hit	2	10579	2	1096697	1	40229	1	0	40000
Picture	ins2	other				1146989	1	30229	1	0	30000
Picture	response12	hit	2	7455	2	1463822	1	40229	1	0	40000
Picture	response14	hit	1	7694	2	1514114	1	40229	1	0	40000
Picture	response10	hit	2	7408	2	1564739	1	40229	1	0	40000
Picture	response11	hit	1	7617	2	1615030	1	40229	1	0	40000
Picture	response15	hit	1	6055	2	1665322	1	40229	1	0	40000
Picture	response13	hit	2	5886	2	1715780	1	40230	1	0	40000
Picture	response16	hit	2	4368	2	1766239	1	40229	1	0	40000
Picture	response9	hit	2	5069	2	1816698	1	40230	1	0	40000
Picture	ins10	other				1866989	1	30229	1	0	30000
Picture	response77	hit	1	11335	2	2183821	1	40229	1	0	40000
Picture	response74	hit	2	7763	2	2234113	1	40229	1	0	40000
Picture	response78	hit	2	5939	2	2284738	1	40229	1	0	40000
Picture	response73	hit	1	10196	2	2335030	1	40229	1	0	40000
Picture	response75	hit	1	7005	2	2385321	1	40229	1	0	40000
Picture	response80	hit	1	9356	2	2435780	1	40229	1	0	40000
Picture	response79	hit	1	7818	2	2486238	1	40229	1	0	40000
Picture	response76	hit	2	11009	2	2536696	1	40229	1	0	40000
Picture	ins4	other				2586988	1	30229	1	0	30000
Picture	response30	hit	1	6995	2	2903821	1	40230	1	0	40000
Picture	response26	hit	2	4603	2	2954113	1	40229	1	0	40000
Picture	response28	hit	1	3448	2	3004738	1	40229	1	0	40000
Picture	response32	hit	1	4957	2	3055029	1	40229	1	0	40000
Picture	response25	hit	1	5036	2	3105320	1	40229	1	0	40000
Picture	response27	hit	2	4397	2	3155779	1	40229	1	0	40000
Picture	response31	hit	1	5759	2	3206238	1	40229	1	0	40000
Picture	response29	hit	2	6820	2	3256695	1	40229	1	0	40000
Picture	ins20	other				3306987	1	30229	1	0	30000
Picture	response158	hit	2	16605	2	3623820	1	40230	1	0	40000
Picture	response153	hit	2	20673	2	3674113	1	40229	1	0	40000
Picture	response159	hit	1	15218	2	3724738	1	40230	1	0	40000
Picture	response157	hit	2	13205	2	3775030	1	40229	1	0	40000
Picture	response154	hit	1	23603	2	3825322	1	40229	1	0	40000
Picture	response160	hit	1	13865	2	3875781	1	40229	1	0	40000
Picture	response155	hit	2	12117	2	3926239	1	40229	1	0	40000
Picture	response156	hit	1	13509	2	3976697	1	40229	1	0	40000
Picture	ins12	other				4026989	1	30230	1	0	30000
Picture	response92	hit	1	8476	2	4343819	1	40229	1	0	40000
Picture	response90	hit	1	12124	2	4394111	1	40229	1	0	40000
Picture	response95	hit	2	6500	2	4444736	1	40229	1	0	40000
Picture	response91	hit	2	6108	2	4495027	1	40230	1	0	40000
Picture	response96	hit	2	17376	2	4545319	1	40229	1	0	40000
Picture	response94	hit	2	7228	2	4595777	1	40229	1	0	40000
Picture	response93	hit	1	10561	2	4646235	1	40229	1	0	40000
Picture	response89	hit	2	12603	2	4696693	1	40229	1	0	40000
Picture	thanks	other				4746651	1	10229	1	0	10000


{
   "app": "Presentation Version 21.0 Build 06.06.19",
   "device": "LENOVO 20KHCTO1WW",
   "experiment": "{C0C68DB1-10BA-42F2-8F79-3F2AFFEED4E4}",
   "os": "Windows 10 64 bit",
   "package": "",
   "parameters": {
      "configuration": "Default configuration"
   },
   "scenario": "Feature experiment(3).sce",
   "subject": "A_HP_32",
   "timestamp": "2019/11/22 03:21:14 GMT"
}
