Scenario - 
Logfile written - 10/18/2019 16:00:52

Subject	Trial	Event Type	Code	Time	TTime	Uncertainty	Duration	Uncertainty	ReqTime	ReqDur	Stim Type	Pair Index

A_HP_23	1	Response	3	206964	205965	1
A_HP_23	1	Pulse	99	206964	205965	1
A_HP_23	2	Picture	ready	207196	0	1	10229	1	0	10000	other	0
A_HP_23	2	Pulse	99	226884	19688	1
A_HP_23	2	Pulse	99	246964	39768	1
A_HP_23	2	Pulse	99	266964	59768	1
A_HP_23	3	Picture	ins18	267832	234	1	30229	1	0	30000	other	0
A_HP_23	3	Pulse	99	286884	19286	1
A_HP_23	3	Pulse	99	306964	39366	1
A_HP_23	3	Pulse	99	326964	59366	1
A_HP_23	3	Pulse	99	346884	79286	1
A_HP_23	3	Pulse	99	366964	99366	1
A_HP_23	3	Pulse	99	386964	119366	1
A_HP_23	3	Pulse	99	406884	139286	1
A_HP_23	3	Pulse	99	426884	159286	1
A_HP_23	3	Pulse	99	446964	179366	1
A_HP_23	3	Pulse	99	466884	199286	1
A_HP_23	3	Pulse	99	486884	219286	1
A_HP_23	3	Pulse	99	506964	239366	1
A_HP_23	3	Pulse	99	526884	259286	1
A_HP_23	3	Pulse	99	546884	279286	1
A_HP_23	3	Pulse	99	566964	299366	1
A_HP_23	4	Response	3	586884	9056	1
A_HP_23	4	Pulse	99	586884	9056	1
A_HP_23	5	Picture	response139	587528	230	1	40229	1	0	40000	hit	27
A_HP_23	5	Pulse	99	606884	19586	1
A_HP_23	5	Response	2	608442	21144	1
A_HP_23	5	Pulse	99	626964	39666	1
A_HP_23	6	Picture	response143	637986	289	1	40229	1	0	40000	hit	31
A_HP_23	6	Pulse	99	646884	9186	1
A_HP_23	6	Response	2	656033	18335	1
A_HP_23	6	Pulse	99	666883	29186	1
A_HP_23	6	Pulse	99	686964	49267	1
A_HP_23	7	Picture	response144	688278	180	1	40229	1	0	40000	incorrect	36
A_HP_23	7	Pulse	99	706884	18786	1
A_HP_23	7	Response	1	709512	21414	1
A_HP_23	7	Pulse	99	726884	38786	1
A_HP_23	8	Picture	response142	738736	238	1	40230	1	0	40000	hit	40
A_HP_23	8	Pulse	99	746964	8466	1
A_HP_23	8	Response	1	759223	20725	1
A_HP_23	8	Pulse	99	766883	28386	1
A_HP_23	8	Pulse	99	786884	48386	1
A_HP_23	9	Picture	response140	789194	297	1	40229	1	0	40000	hit	45
A_HP_23	9	Pulse	99	806964	18066	1
A_HP_23	9	Response	1	826603	37705	1
A_HP_23	9	Pulse	99	826883	37986	1
A_HP_23	10	Picture	response141	839486	189	1	40229	1	0	40000	hit	49
A_HP_23	10	Pulse	99	846883	7586	1
A_HP_23	10	Response	1	849322	10025	1
A_HP_23	10	Pulse	99	866964	27667	1
A_HP_23	10	Pulse	99	886884	47587	1
A_HP_23	11	Picture	response138	889945	247	1	40229	1	0	40000	hit	54
A_HP_23	11	Pulse	99	906884	17186	1
A_HP_23	11	Response	1	914472	24775	1
A_HP_23	11	Pulse	99	926964	37266	1
A_HP_23	12	Picture	response137	940236	139	1	40229	1	0	40000	hit	59
A_HP_23	12	Pulse	99	946964	6866	1
A_HP_23	12	Pulse	99	966884	26787	1
A_HP_23	12	Response	2	970672	30575	1
A_HP_23	12	Pulse	99	986964	46867	1
A_HP_23	13	Picture	ins12	990861	364	1	30229	1	0	30000	other	0
A_HP_23	13	Pulse	99	1006963	16466	1
A_HP_23	13	Pulse	99	1026884	36386	1
A_HP_23	13	Pulse	99	1046884	56386	1
A_HP_23	13	Pulse	99	1066964	76466	1
A_HP_23	13	Pulse	99	1086883	96386	1
A_HP_23	13	Pulse	99	1106883	116386	1
A_HP_23	13	Pulse	99	1126964	136466	1
A_HP_23	13	Pulse	99	1146883	156386	1
A_HP_23	13	Pulse	99	1166883	176386	1
A_HP_23	13	Pulse	99	1186964	196466	1
A_HP_23	13	Pulse	99	1206883	216386	1
A_HP_23	13	Pulse	99	1226883	236386	1
A_HP_23	13	Pulse	99	1246963	256466	1
A_HP_23	13	Pulse	99	1266883	276386	1
A_HP_23	13	Pulse	99	1286883	296386	1
A_HP_23	14	Response	3	1306964	6236	1
A_HP_23	14	Pulse	99	1306964	6236	1
A_HP_23	15	Picture	response92	1307527	230	1	40229	1	0	40000	hit	80
A_HP_23	15	Response	1	1323572	16275	1
A_HP_23	15	Pulse	99	1326883	19586	1
A_HP_23	15	Pulse	99	1346884	39586	1
A_HP_23	16	Picture	response96	1357985	288	1	40229	1	0	40000	hit	84
A_HP_23	16	Response	2	1366782	9085	1
A_HP_23	16	Pulse	99	1366963	9266	1
A_HP_23	16	Pulse	99	1386883	29186	1
A_HP_23	16	Pulse	99	1406883	49186	1
A_HP_23	17	Picture	response89	1408276	179	1	40229	1	0	40000	hit	89
A_HP_23	17	Response	2	1422422	14325	1
A_HP_23	17	Pulse	99	1426963	18866	1
A_HP_23	17	Pulse	99	1446883	38786	1
A_HP_23	18	Picture	response90	1458734	237	1	40229	1	0	40000	hit	94
A_HP_23	18	Pulse	99	1466884	8387	1
A_HP_23	18	Response	1	1477883	19386	1
A_HP_23	18	Pulse	99	1486964	28467	1
A_HP_23	18	Pulse	99	1506884	48387	1
A_HP_23	19	Picture	response93	1509193	296	1	40229	1	0	40000	hit	98
A_HP_23	19	Response	1	1519262	10365	1
A_HP_23	19	Pulse	99	1526883	17987	1
A_HP_23	19	Pulse	99	1546963	38066	1
A_HP_23	20	Picture	response91	1559484	187	1	40230	1	0	40000	hit	103
A_HP_23	20	Pulse	99	1566883	7586	1
A_HP_23	20	Response	2	1569552	10254	1
A_HP_23	20	Pulse	99	1586883	27586	1
A_HP_23	20	Pulse	99	1606963	47666	1
A_HP_23	21	Picture	response95	1609943	246	1	40229	1	0	40000	hit	107
A_HP_23	21	Response	2	1618152	8455	1
A_HP_23	21	Pulse	99	1626883	17186	1
A_HP_23	21	Pulse	99	1646883	37186	1
A_HP_23	22	Picture	response94	1660234	137	1	40229	1	0	40000	hit	112
A_HP_23	22	Pulse	99	1666964	6868	1
A_HP_23	22	Response	2	1668321	8225	1
A_HP_23	22	Pulse	99	1686883	26786	1
A_HP_23	22	Pulse	99	1706883	46786	1
A_HP_23	23	Picture	ins4	1710859	362	1	30229	1	0	30000	other	0
A_HP_23	23	Pulse	99	1726883	16386	1
A_HP_23	23	Pulse	99	1746883	36387	1
A_HP_23	23	Pulse	99	1766883	56387	1
A_HP_23	23	Pulse	99	1786883	76386	1
A_HP_23	23	Pulse	99	1806883	96386	1
A_HP_23	23	Pulse	99	1826883	116386	1
A_HP_23	23	Pulse	99	1846883	136387	1
A_HP_23	23	Pulse	99	1866883	156386	1
A_HP_23	23	Pulse	99	1886883	176386	1
A_HP_23	23	Pulse	99	1906883	196386	1
A_HP_23	23	Pulse	99	1926883	216387	1
A_HP_23	23	Pulse	99	1946883	236386	1
A_HP_23	23	Pulse	99	1966883	256386	1
A_HP_23	23	Pulse	99	1986963	276466	1
A_HP_23	23	Pulse	99	2006883	296386	1
A_HP_23	24	Response	3	2026883	6156	1
A_HP_23	24	Pulse	99	2026883	6156	1
A_HP_23	25	Picture	response26	2027527	230	1	40229	1	0	40000	hit	134
A_HP_23	25	Response	2	2033462	6165	1
A_HP_23	25	Pulse	99	2046963	19665	1
A_HP_23	25	Pulse	99	2066883	39586	1
A_HP_23	26	Picture	response29	2077985	288	1	40229	1	0	40000	hit	138
A_HP_23	26	Response	2	2085162	7465	1
A_HP_23	26	Pulse	99	2086882	9186	1
A_HP_23	26	Pulse	99	2106963	29266	1
A_HP_23	26	Pulse	99	2126883	49186	1
A_HP_23	27	Picture	response31	2128277	180	1	40229	1	0	40000	hit	143
A_HP_23	27	Response	1	2132932	4835	1
A_HP_23	27	Pulse	99	2146883	18786	1
A_HP_23	27	Pulse	99	2166963	38866	1
A_HP_23	28	Picture	response30	2178735	238	1	40229	1	0	40000	hit	148
A_HP_23	28	Pulse	99	2186883	8386	1
A_HP_23	28	Response	1	2187101	8604	1
A_HP_23	28	Pulse	99	2206883	28386	1
A_HP_23	28	Pulse	99	2226963	48466	1
A_HP_23	29	Picture	response25	2229193	296	1	40229	1	0	40000	hit	152
A_HP_23	29	Response	1	2238332	9435	1
A_HP_23	29	Pulse	99	2246883	17986	1
A_HP_23	29	Pulse	99	2266883	37986	1
A_HP_23	30	Picture	response32	2279484	188	1	40229	1	0	40000	hit	156
A_HP_23	30	Response	1	2286051	6755	1
A_HP_23	30	Pulse	99	2286962	7666	1
A_HP_23	30	Pulse	99	2306882	27586	1
A_HP_23	30	Pulse	99	2326883	47587	1
A_HP_23	31	Picture	response27	2329942	245	1	40229	1	0	40000	hit	161
A_HP_23	31	Response	2	2337782	8085	1
A_HP_23	31	Pulse	99	2346882	17185	1
A_HP_23	31	Pulse	99	2366882	37186	1
A_HP_23	32	Picture	response28	2380233	136	1	40229	1	0	40000	hit	166
A_HP_23	32	Pulse	99	2386883	6786	1
A_HP_23	32	Response	1	2387201	7104	1
A_HP_23	32	Pulse	99	2406883	26786	1
A_HP_23	32	Pulse	99	2426883	46786	1
A_HP_23	33	Picture	ins10	2430858	362	1	30229	1	0	30000	other	0
A_HP_23	33	Pulse	99	2446883	16387	1
A_HP_23	33	Pulse	99	2466883	36386	1
A_HP_23	33	Pulse	99	2486883	56387	1
A_HP_23	33	Pulse	99	2506883	76387	1
A_HP_23	33	Pulse	99	2526883	96387	1
A_HP_23	33	Pulse	99	2546883	116386	1
A_HP_23	33	Pulse	99	2566883	136387	1
A_HP_23	33	Pulse	99	2586883	156387	1
A_HP_23	33	Pulse	99	2606883	176387	1
A_HP_23	33	Pulse	99	2626883	196386	1
A_HP_23	33	Pulse	99	2646883	216387	1
A_HP_23	33	Pulse	99	2666883	236386	1
A_HP_23	33	Pulse	99	2686882	256386	1
A_HP_23	33	Pulse	99	2706882	276386	1
A_HP_23	33	Pulse	99	2726883	296387	1
A_HP_23	34	Response	3	2746883	6156	1
A_HP_23	34	Pulse	99	2746883	6156	1
A_HP_23	35	Picture	response74	2747526	230	1	40229	1	0	40000	hit	188
A_HP_23	35	Response	2	2755021	7725	1
A_HP_23	35	Pulse	99	2766883	19586	1
A_HP_23	35	Pulse	99	2786883	39586	1
A_HP_23	36	Picture	response73	2797985	289	1	40229	1	0	40000	hit	193
A_HP_23	36	Pulse	99	2806883	9187	1
A_HP_23	36	Response	1	2820371	22675	1
A_HP_23	36	Pulse	99	2826882	29186	1
A_HP_23	36	Pulse	99	2846883	49187	1
A_HP_23	37	Picture	response80	2848276	179	1	40229	1	0	40000	hit	197
A_HP_23	37	Response	1	2858421	10325	1
A_HP_23	37	Pulse	99	2866882	18786	1
A_HP_23	37	Pulse	99	2886883	38786	1
A_HP_23	38	Picture	response79	2898734	237	1	40229	1	0	40000	hit	202
A_HP_23	38	Pulse	99	2906883	8386	1
A_HP_23	38	Response	1	2922031	23535	1
A_HP_23	38	Pulse	99	2926882	28385	1
A_HP_23	38	Pulse	99	2946884	48387	1
A_HP_23	39	Picture	response75	2949193	296	1	40229	1	0	40000	hit	206
A_HP_23	39	Response	1	2965671	16775	1
A_HP_23	39	Pulse	99	2966882	17985	1
A_HP_23	39	Pulse	99	2986883	37986	1
A_HP_23	40	Picture	response76	2999484	188	1	40230	1	0	40000	hit	212
A_HP_23	40	Pulse	99	3006883	7586	1
A_HP_23	40	Pulse	99	3026883	27587	1
A_HP_23	40	Response	2	3028191	28894	1
A_HP_23	40	Pulse	99	3046883	47587	1
A_HP_23	41	Picture	response77	3049943	246	1	40229	1	0	40000	hit	215
A_HP_23	41	Response	1	3061361	11665	1
A_HP_23	41	Pulse	99	3066882	17186	1
A_HP_23	41	Pulse	99	3086883	37186	1
A_HP_23	42	Picture	response78	3100234	138	1	40229	1	0	40000	hit	220
A_HP_23	42	Pulse	99	3106883	6786	1
A_HP_23	42	Response	2	3108051	7954	1
A_HP_23	42	Pulse	99	3126883	26787	1
A_HP_23	42	Pulse	99	3146882	46786	1
A_HP_23	43	Picture	ins2	3150858	362	1	30229	1	0	30000	other	0
A_HP_23	43	Pulse	99	3166882	16386	1
A_HP_23	43	Pulse	99	3186882	36386	1
A_HP_23	43	Pulse	99	3206882	56386	1
A_HP_23	43	Pulse	99	3226883	76387	1
A_HP_23	43	Pulse	99	3246882	96386	1
A_HP_23	43	Pulse	99	3266883	116386	1
A_HP_23	43	Pulse	99	3286882	136386	1
A_HP_23	43	Pulse	99	3306883	156386	1
A_HP_23	43	Pulse	99	3326882	176386	1
A_HP_23	43	Pulse	99	3346882	196386	1
A_HP_23	43	Pulse	99	3366883	216387	1
A_HP_23	43	Pulse	99	3386882	236386	1
A_HP_23	43	Pulse	99	3406882	256386	1
A_HP_23	43	Pulse	99	3426883	276387	1
A_HP_23	43	Pulse	99	3446882	296386	1
A_HP_23	44	Response	3	3466882	6156	1
A_HP_23	44	Pulse	99	3466882	6156	1
A_HP_23	45	Picture	response9	3467526	230	1	40229	1	0	40000	hit	242
A_HP_23	45	Response	2	3477571	10275	1
A_HP_23	45	Pulse	99	3486882	19586	1
A_HP_23	45	Pulse	99	3506882	39587	1
A_HP_23	46	Picture	response16	3517984	288	1	40229	1	0	40000	hit	246
A_HP_23	46	Response	2	3522511	4815	1
A_HP_23	46	Pulse	99	3526882	9186	1
A_HP_23	46	Pulse	99	3546883	29187	1
A_HP_23	46	Pulse	99	3566883	49187	1
A_HP_23	47	Picture	response10	3568276	180	1	40229	1	0	40000	hit	251
A_HP_23	47	Response	2	3573171	5074	1
A_HP_23	47	Pulse	99	3586882	18786	1
A_HP_23	47	Pulse	99	3606882	38786	1
A_HP_23	48	Picture	response15	3618734	238	1	40230	1	0	40000	hit	255
A_HP_23	48	Response	1	3622571	4075	1
A_HP_23	48	Pulse	99	3626882	8386	1
A_HP_23	48	Pulse	99	3646882	28386	1
A_HP_23	48	Pulse	99	3666882	48386	1
A_HP_23	49	Picture	response13	3669196	301	1	40229	1	0	40000	hit	260
A_HP_23	49	Response	2	3673381	4485	1
A_HP_23	49	Pulse	99	3686883	17987	1
A_HP_23	49	Pulse	99	3706882	37986	1
A_HP_23	50	Picture	response12	3719488	193	1	40229	1	0	40000	hit	264
A_HP_23	50	Response	2	3725141	5845	1
A_HP_23	50	Pulse	99	3726881	7586	1
A_HP_23	50	Pulse	99	3746882	27587	1
A_HP_23	50	Pulse	99	3766882	47587	1
A_HP_23	51	Picture	response14	3769946	250	1	40229	1	0	40000	hit	269
A_HP_23	51	Response	1	3777151	7455	1
A_HP_23	51	Pulse	99	3786882	17186	1
A_HP_23	51	Pulse	99	3806882	37186	1
A_HP_23	52	Picture	response11	3820238	142	1	40229	1	0	40000	hit	274
A_HP_23	52	Pulse	99	3826882	6786	1
A_HP_23	52	Response	1	3827370	7274	1
A_HP_23	52	Pulse	99	3846882	26786	1
A_HP_23	52	Pulse	99	3866882	46786	1
A_HP_23	53	Picture	ins20	3870863	367	1	30229	1	0	30000	other	0
A_HP_23	53	Pulse	99	3886882	16386	1
A_HP_23	53	Pulse	99	3906882	36386	1
A_HP_23	53	Pulse	99	3926882	56386	1
A_HP_23	53	Pulse	99	3946882	76386	1
A_HP_23	53	Pulse	99	3966882	96386	1
A_HP_23	53	Pulse	99	3986882	116386	1
A_HP_23	53	Pulse	99	4006882	136386	1
A_HP_23	53	Pulse	99	4026882	156386	1
A_HP_23	53	Pulse	99	4046882	176385	1
A_HP_23	53	Pulse	99	4066882	196386	1
A_HP_23	53	Pulse	99	4086882	216386	1
A_HP_23	53	Pulse	99	4106882	236386	1
A_HP_23	53	Pulse	99	4126882	256386	1
A_HP_23	53	Pulse	99	4146882	276386	1
A_HP_23	53	Pulse	99	4166882	296386	1
A_HP_23	54	Response	3	4186883	6156	1
A_HP_23	54	Pulse	99	4186883	6156	1
A_HP_23	55	Picture	response159	4187526	230	1	40229	1	0	40000	hit	296
A_HP_23	55	Response	1	4203821	16524	1
A_HP_23	55	Pulse	99	4206882	19586	1
A_HP_23	55	Pulse	99	4226882	39585	1
A_HP_23	56	Picture	response158	4237984	288	1	40229	1	0	40000	hit	301
A_HP_23	56	Pulse	99	4246882	9186	1
A_HP_23	56	Response	2	4254370	16675	1
A_HP_23	56	Pulse	99	4266881	29186	1
A_HP_23	56	Pulse	99	4286882	49186	1
A_HP_23	57	Picture	response160	4288276	180	1	40229	1	0	40000	incorrect	306
A_HP_23	57	Pulse	99	4306882	18786	1
A_HP_23	57	Response	2	4315450	27355	1
A_HP_23	57	Pulse	99	4326882	38786	1
A_HP_23	58	Picture	response156	4338734	238	1	40229	1	0	40000	incorrect	310
A_HP_23	58	Pulse	99	4346882	8386	1
A_HP_23	58	Response	2	4356191	17695	1
A_HP_23	58	Pulse	99	4366882	28386	1
A_HP_23	58	Pulse	99	4386882	48386	1
A_HP_23	59	Picture	response153	4389192	297	1	40229	1	0	40000	hit	315
A_HP_23	59	Pulse	99	4406882	17986	1
A_HP_23	59	Response	2	4415641	26745	1
A_HP_23	59	Pulse	99	4426882	37986	1
A_HP_23	60	Picture	response157	4439484	189	1	40229	1	0	40000	hit	319
A_HP_23	60	Pulse	99	4446882	7586	1
A_HP_23	60	Response	2	4459581	20286	1
A_HP_23	60	Pulse	99	4466882	27586	1
A_HP_23	60	Pulse	99	4486882	47587	1
A_HP_23	61	Picture	response155	4489943	247	1	40229	1	0	40000	hit	324
A_HP_23	61	Pulse	99	4506882	17186	1
A_HP_23	61	Response	2	4508010	18314	1
A_HP_23	61	Pulse	99	4526882	37186	1
A_HP_23	62	Picture	response154	4540234	139	1	40229	1	0	40000	incorrect	328
A_HP_23	62	Pulse	99	4546882	6786	1
A_HP_23	62	Response	2	4556491	16395	1
A_HP_23	62	Pulse	99	4566881	26786	1
A_HP_23	62	Pulse	99	4586882	46786	1
A_HP_23	63	Picture	thanks	4590359	0	1	10229	1	0	10000	other	0
A_HP_23	63	Pulse	99	4606882	16523	1


Event Type	Code	Type	Response	RT	RT Uncertainty	Time	Uncertainty	Duration	Uncertainty	ReqTime	ReqDur

Picture	ready	other				207196	1	10229	1	0	10000
Picture	ins18	other				267832	1	30229	1	0	30000
Picture	response139	hit	2	20914	2	587528	1	40229	1	0	40000
Picture	response143	hit	2	18046	2	637986	1	40229	1	0	40000
Picture	response144	incorrect	1	21234	2	688278	1	40229	1	0	40000
Picture	response142	hit	1	20487	2	738736	1	40230	1	0	40000
Picture	response140	hit	1	37408	2	789194	1	40229	1	0	40000
Picture	response141	hit	1	9836	2	839486	1	40229	1	0	40000
Picture	response138	hit	1	24528	2	889945	1	40229	1	0	40000
Picture	response137	hit	2	30436	2	940236	1	40229	1	0	40000
Picture	ins12	other				990861	1	30229	1	0	30000
Picture	response92	hit	1	16045	2	1307527	1	40229	1	0	40000
Picture	response96	hit	2	8797	2	1357985	1	40229	1	0	40000
Picture	response89	hit	2	14146	2	1408276	1	40229	1	0	40000
Picture	response90	hit	1	19148	2	1458734	1	40229	1	0	40000
Picture	response93	hit	1	10070	2	1509193	1	40229	1	0	40000
Picture	response91	hit	2	10067	2	1559484	1	40230	1	0	40000
Picture	response95	hit	2	8209	2	1609943	1	40229	1	0	40000
Picture	response94	hit	2	8087	2	1660234	1	40229	1	0	40000
Picture	ins4	other				1710859	1	30229	1	0	30000
Picture	response26	hit	2	5935	2	2027527	1	40229	1	0	40000
Picture	response29	hit	2	7177	2	2077985	1	40229	1	0	40000
Picture	response31	hit	1	4655	2	2128277	1	40229	1	0	40000
Picture	response30	hit	1	8366	2	2178735	1	40229	1	0	40000
Picture	response25	hit	1	9139	2	2229193	1	40229	1	0	40000
Picture	response32	hit	1	6567	2	2279484	1	40229	1	0	40000
Picture	response27	hit	2	7840	2	2329942	1	40229	1	0	40000
Picture	response28	hit	1	6968	2	2380233	1	40229	1	0	40000
Picture	ins10	other				2430858	1	30229	1	0	30000
Picture	response74	hit	2	7495	2	2747526	1	40229	1	0	40000
Picture	response73	hit	1	22387	2	2797985	1	40229	1	0	40000
Picture	response80	hit	1	10146	2	2848276	1	40229	1	0	40000
Picture	response79	hit	1	23297	2	2898734	1	40229	1	0	40000
Picture	response75	hit	1	16479	2	2949193	1	40229	1	0	40000
Picture	response76	hit	2	28706	2	2999484	1	40230	1	0	40000
Picture	response77	hit	1	11419	2	3049943	1	40229	1	0	40000
Picture	response78	hit	2	7817	2	3100234	1	40229	1	0	40000
Picture	ins2	other				3150858	1	30229	1	0	30000
Picture	response9	hit	2	10045	2	3467526	1	40229	1	0	40000
Picture	response16	hit	2	4526	2	3517984	1	40229	1	0	40000
Picture	response10	hit	2	4895	2	3568276	1	40229	1	0	40000
Picture	response15	hit	1	3837	2	3618734	1	40230	1	0	40000
Picture	response13	hit	2	4185	2	3669196	1	40229	1	0	40000
Picture	response12	hit	2	5652	2	3719488	1	40229	1	0	40000
Picture	response14	hit	1	7205	2	3769946	1	40229	1	0	40000
Picture	response11	hit	1	7132	2	3820238	1	40229	1	0	40000
Picture	ins20	other				3870863	1	30229	1	0	30000
Picture	response159	hit	1	16295	2	4187526	1	40229	1	0	40000
Picture	response158	hit	2	16386	2	4237984	1	40229	1	0	40000
Picture	response160	incorrect	2	27175	2	4288276	1	40229	1	0	40000
Picture	response156	incorrect	2	17457	2	4338734	1	40229	1	0	40000
Picture	response153	hit	2	26449	2	4389192	1	40229	1	0	40000
Picture	response157	hit	2	20097	2	4439484	1	40229	1	0	40000
Picture	response155	hit	2	18067	2	4489943	1	40229	1	0	40000
Picture	response154	incorrect	2	16256	2	4540234	1	40229	1	0	40000
Picture	thanks	other				4590359	1	10229	1	0	10000


{
   "app": "Presentation Version 21.0 Build 06.06.19",
   "device": "LENOVO 20KHCTO1WW",
   "experiment": "{C0C68DB1-10BA-42F2-8F79-3F2AFFEED4E4}",
   "os": "Windows 10 64 bit",
   "package": "",
   "parameters": {
      "configuration": "Default configuration"
   },
   "scenario": "Feature experiment(3).sce",
   "subject": "A_HP_23",
   "timestamp": "2019/10/18 06:53:03 GMT"
}
