Scenario - 
Logfile written - 09/26/2019 10:25:10

Subject	Trial	Event Type	Code	Time	TTime	Uncertainty	Duration	Uncertainty	ReqTime	ReqDur	Stim Type	Pair Index

A_HP_12	1	Response	3	257447	256281	1
A_HP_12	1	Pulse	99	257447	256281	1
A_HP_12	2	Picture	ready	257679	0	1	10229	1	0	10000	other	0
A_HP_12	2	Pulse	99	277447	19768	1
A_HP_12	2	Pulse	99	297447	39768	1
A_HP_12	2	Pulse	99	317447	59769	1
A_HP_12	3	Picture	ins4	318473	401	1	30229	1	0	30000	other	0
A_HP_12	3	Pulse	99	337447	19375	1
A_HP_12	3	Pulse	99	357447	39375	1
A_HP_12	3	Pulse	99	377448	59376	1
A_HP_12	3	Pulse	99	397447	79375	1
A_HP_12	3	Pulse	99	417447	99375	1
A_HP_12	3	Pulse	99	437447	119375	1
A_HP_12	3	Pulse	99	457447	139375	1
A_HP_12	3	Pulse	99	477448	159376	1
A_HP_12	3	Pulse	99	497447	179375	1
A_HP_12	3	Pulse	99	517447	199376	1
A_HP_12	3	Pulse	99	537447	219375	1
A_HP_12	3	Pulse	99	557447	239376	1
A_HP_12	3	Pulse	99	577448	259376	1
A_HP_12	3	Pulse	99	597447	279376	1
A_HP_12	3	Pulse	99	617447	299376	1
A_HP_12	4	Response	3	637447	9145	1
A_HP_12	4	Pulse	99	637447	9145	1
A_HP_12	5	Picture	response27	638005	233	1	40229	1	0	40000	hit	26
A_HP_12	5	Response	2	642116	4344	1
A_HP_12	5	Pulse	99	657447	19675	1
A_HP_12	5	Pulse	99	677447	39675	1
A_HP_12	6	Picture	response29	688463	292	1	40229	1	0	40000	hit	30
A_HP_12	6	Response	2	692846	4674	1
A_HP_12	6	Pulse	99	697447	9275	1
A_HP_12	6	Pulse	99	717447	29276	1
A_HP_12	6	Pulse	99	737448	49276	1
A_HP_12	7	Picture	response26	738755	183	1	40229	1	0	40000	hit	35
A_HP_12	7	Response	2	743017	4444	1
A_HP_12	7	Pulse	99	757448	18875	1
A_HP_12	7	Pulse	99	777448	38875	1
A_HP_12	8	Picture	response25	789214	242	1	40229	1	0	40000	hit	39
A_HP_12	8	Response	1	792826	3854	1
A_HP_12	8	Pulse	99	797447	8475	1
A_HP_12	8	Pulse	99	817448	28475	1
A_HP_12	8	Pulse	99	837448	48475	1
A_HP_12	9	Picture	response31	839506	133	1	40229	1	0	40000	hit	44
A_HP_12	9	Response	1	844727	5354	1
A_HP_12	9	Pulse	99	857448	18075	1
A_HP_12	9	Pulse	99	877448	38075	1
A_HP_12	10	Picture	response28	890131	359	1	40229	1	0	40000	hit	48
A_HP_12	10	Response	1	895747	5974	1
A_HP_12	10	Pulse	99	897447	7675	1
A_HP_12	10	Pulse	99	917448	27675	1
A_HP_12	10	Pulse	99	937448	47675	1
A_HP_12	11	Picture	response30	940423	251	1	40230	1	0	40000	hit	53
A_HP_12	11	Response	1	946106	5934	1
A_HP_12	11	Pulse	99	957448	17276	1
A_HP_12	11	Pulse	99	977448	37276	1
A_HP_12	12	Picture	response32	990715	142	1	40229	1	0	40000	hit	57
A_HP_12	12	Response	1	997047	6475	1
A_HP_12	12	Pulse	99	997448	6875	1
A_HP_12	12	Pulse	99	1017448	26875	1
A_HP_12	12	Pulse	99	1037448	46876	1
A_HP_12	13	Picture	ins12	1041173	201	1	30230	1	0	30000	other	0
A_HP_12	13	Pulse	99	1057448	16475	1
A_HP_12	13	Pulse	99	1077448	36475	1
A_HP_12	13	Pulse	99	1097448	56476	1
A_HP_12	13	Pulse	99	1117448	76476	1
A_HP_12	13	Pulse	99	1137448	96476	1
A_HP_12	13	Pulse	99	1157448	116476	1
A_HP_12	13	Pulse	99	1177448	136475	1
A_HP_12	13	Pulse	99	1197448	156476	1
A_HP_12	13	Pulse	99	1217448	176476	1
A_HP_12	13	Pulse	99	1237448	196476	1
A_HP_12	13	Pulse	99	1257448	216476	1
A_HP_12	13	Pulse	99	1277449	236476	1
A_HP_12	13	Pulse	99	1297449	256476	1
A_HP_12	13	Pulse	99	1317449	276476	1
A_HP_12	13	Pulse	99	1337448	296475	1
A_HP_12	14	Response	3	1357448	6245	1
A_HP_12	14	Pulse	99	1357448	6245	1
A_HP_12	15	Picture	response89	1358002	230	1	40229	1	0	40000	hit	80
A_HP_12	15	Response	2	1370347	12575	1
A_HP_12	15	Pulse	99	1377448	19676	1
A_HP_12	15	Pulse	99	1397449	39676	1
A_HP_12	16	Picture	response91	1408461	288	1	40229	1	0	40000	hit	84
A_HP_12	16	Response	2	1417237	9065	1
A_HP_12	16	Pulse	99	1417448	9275	1
A_HP_12	16	Pulse	99	1437448	29276	1
A_HP_12	16	Pulse	99	1457449	49276	1
A_HP_12	17	Picture	response95	1458753	180	1	40229	1	0	40000	hit	89
A_HP_12	17	Response	2	1463987	5415	1
A_HP_12	17	Pulse	99	1477449	18876	1
A_HP_12	17	Pulse	99	1497452	38880	1
A_HP_12	18	Picture	response92	1509211	238	1	40229	1	0	40000	hit	94
A_HP_12	18	Pulse	99	1517449	8476	1
A_HP_12	18	Response	1	1521467	12494	1
A_HP_12	18	Pulse	99	1537449	28476	1
A_HP_12	18	Pulse	99	1557449	48476	1
A_HP_12	19	Picture	response93	1559503	130	1	40229	1	0	40000	hit	98
A_HP_12	19	Response	1	1572198	12824	1
A_HP_12	19	Pulse	99	1577448	18075	1
A_HP_12	19	Pulse	99	1597449	38075	1
A_HP_12	20	Picture	response96	1610128	354	1	40229	1	0	40000	hit	102
A_HP_12	20	Response	2	1617298	7524	1
A_HP_12	20	Pulse	99	1617448	7675	1
A_HP_12	20	Pulse	99	1637449	27675	1
A_HP_12	20	Pulse	99	1657449	47675	1
A_HP_12	21	Picture	response94	1660420	247	1	40229	1	0	40000	hit	107
A_HP_12	21	Response	2	1666818	6645	1
A_HP_12	21	Pulse	99	1677449	17276	1
A_HP_12	21	Pulse	99	1697449	37276	1
A_HP_12	22	Picture	response90	1710712	139	1	40229	1	0	40000	hit	112
A_HP_12	22	Pulse	99	1717449	6876	1
A_HP_12	22	Response	1	1721127	10554	1
A_HP_12	22	Pulse	99	1737449	26876	1
A_HP_12	22	Pulse	99	1757449	46876	1
A_HP_12	23	Picture	ins18	1761170	196	1	30229	1	0	30000	other	0
A_HP_12	23	Pulse	99	1777449	16475	1
A_HP_12	23	Pulse	99	1797449	36475	1
A_HP_12	23	Pulse	99	1817450	56476	1
A_HP_12	23	Pulse	99	1837449	76475	1
A_HP_12	23	Pulse	99	1857450	96476	1
A_HP_12	23	Pulse	99	1877449	116475	1
A_HP_12	23	Pulse	99	1897449	136475	1
A_HP_12	23	Pulse	99	1917449	156476	1
A_HP_12	23	Pulse	99	1937449	176475	1
A_HP_12	23	Pulse	99	1957449	196476	1
A_HP_12	23	Pulse	99	1977449	216475	1
A_HP_12	23	Pulse	99	1997450	236476	1
A_HP_12	23	Pulse	99	2017449	256476	1
A_HP_12	23	Pulse	99	2037450	276476	1
A_HP_12	23	Pulse	99	2057450	296476	1
A_HP_12	24	Response	3	2077450	6245	1
A_HP_12	24	Pulse	99	2077450	6245	1
A_HP_12	25	Picture	response137	2078004	230	1	40229	1	0	40000	hit	134
A_HP_12	25	Response	2	2087469	9694	1
A_HP_12	25	Pulse	99	2097450	19676	1
A_HP_12	25	Pulse	99	2117450	39676	1
A_HP_12	26	Picture	response139	2128462	288	1	40229	1	0	40000	hit	139
A_HP_12	26	Pulse	99	2137450	9275	1
A_HP_12	26	Response	2	2141658	13483	1
A_HP_12	26	Pulse	99	2157450	29275	1
A_HP_12	26	Pulse	99	2177450	49275	1
A_HP_12	27	Picture	response138	2178754	180	1	40229	1	0	40000	hit	143
A_HP_12	27	Response	1	2194209	15635	1
A_HP_12	27	Pulse	99	2197449	18875	1
A_HP_12	27	Pulse	99	2217450	38876	1
A_HP_12	28	Picture	response141	2229213	238	1	40229	1	0	40000	hit	148
A_HP_12	28	Pulse	99	2237450	8476	1
A_HP_12	28	Response	1	2240648	11674	1
A_HP_12	28	Pulse	99	2257450	28475	1
A_HP_12	28	Pulse	99	2277450	48476	1
A_HP_12	29	Picture	response143	2279505	130	1	40229	1	0	40000	hit	152
A_HP_12	29	Response	2	2288199	8824	1
A_HP_12	29	Pulse	99	2297449	18075	1
A_HP_12	29	Pulse	99	2317450	38075	1
A_HP_12	30	Picture	response144	2330130	355	1	40230	1	0	40000	hit	156
A_HP_12	30	Response	2	2336109	6335	1
A_HP_12	30	Pulse	99	2337449	7675	1
A_HP_12	30	Pulse	99	2357450	27675	1
A_HP_12	30	Pulse	99	2377450	47675	1
A_HP_12	31	Picture	response142	2380422	247	1	40229	1	0	40000	hit	161
A_HP_12	31	Response	1	2391279	11104	1
A_HP_12	31	Pulse	99	2397450	17275	1
A_HP_12	31	Pulse	99	2417450	37276	1
A_HP_12	32	Picture	response140	2430714	139	1	40229	1	0	40000	hit	166
A_HP_12	32	Pulse	99	2437450	6875	1
A_HP_12	32	Response	1	2445419	14844	1
A_HP_12	32	Pulse	99	2457450	26875	1
A_HP_12	32	Pulse	99	2477450	46875	1
A_HP_12	33	Picture	ins10	2481172	197	1	30229	1	0	30000	other	0
A_HP_12	33	Pulse	99	2497450	16475	1
A_HP_12	33	Pulse	99	2517450	36475	1
A_HP_12	33	Pulse	99	2537450	56476	1
A_HP_12	33	Pulse	99	2557450	76476	1
A_HP_12	33	Pulse	99	2577449	96474	1
A_HP_12	33	Pulse	99	2597450	116476	1
A_HP_12	33	Pulse	99	2617450	136476	1
A_HP_12	33	Pulse	99	2637450	156476	1
A_HP_12	33	Pulse	99	2657450	176476	1
A_HP_12	33	Pulse	99	2677451	196476	1
A_HP_12	33	Pulse	99	2697451	216476	1
A_HP_12	33	Pulse	99	2717451	236476	1
A_HP_12	33	Pulse	99	2737450	256476	1
A_HP_12	33	Pulse	99	2757451	276476	1
A_HP_12	33	Pulse	99	2777450	296476	1
A_HP_12	34	Response	3	2797450	6245	1
A_HP_12	34	Pulse	99	2797450	6245	1
A_HP_12	35	Picture	response77	2798005	230	1	40229	1	0	40000	hit	188
A_HP_12	35	Response	1	2805229	7454	1
A_HP_12	35	Pulse	99	2817451	19675	1
A_HP_12	35	Pulse	99	2837451	39675	1
A_HP_12	36	Picture	response73	2848463	288	1	40229	1	0	40000	hit	192
A_HP_12	36	Response	1	2854539	6364	1
A_HP_12	36	Pulse	99	2857450	9275	1
A_HP_12	36	Pulse	99	2877451	29275	1
A_HP_12	36	Pulse	99	2897451	49275	1
A_HP_12	37	Picture	response74	2898755	179	1	40229	1	0	40000	hit	197
A_HP_12	37	Response	2	2905719	7144	1
A_HP_12	37	Pulse	99	2917451	18876	1
A_HP_12	37	Pulse	99	2937451	38875	1
A_HP_12	38	Picture	response79	2949213	237	1	40229	1	0	40000	hit	202
A_HP_12	38	Pulse	99	2957451	8475	1
A_HP_12	38	Response	1	2958269	9293	1
A_HP_12	38	Pulse	99	2977451	28476	1
A_HP_12	38	Pulse	99	2997451	48475	1
A_HP_12	39	Picture	response80	2999504	129	1	40229	1	0	40000	hit	206
A_HP_12	39	Response	1	3010209	10834	1
A_HP_12	39	Pulse	99	3017450	18075	1
A_HP_12	39	Pulse	99	3037451	38075	1
A_HP_12	40	Picture	response75	3050129	354	1	40230	1	0	40000	hit	211
A_HP_12	40	Pulse	99	3057451	7676	1
A_HP_12	40	Response	1	3059469	9694	1
A_HP_12	40	Pulse	99	3077451	27676	1
A_HP_12	40	Pulse	99	3097452	47677	1
A_HP_12	41	Picture	response76	3100421	245	1	40229	1	0	40000	hit	215
A_HP_12	41	Response	2	3108210	8034	1
A_HP_12	41	Pulse	99	3117451	17275	1
A_HP_12	41	Pulse	99	3137451	37276	1
A_HP_12	42	Picture	response78	3150713	137	1	40229	1	0	40000	hit	220
A_HP_12	42	Pulse	99	3157451	6876	1
A_HP_12	42	Response	2	3157600	7024	1
A_HP_12	42	Pulse	99	3177451	26876	1
A_HP_12	42	Pulse	99	3197451	46876	1
A_HP_12	43	Picture	ins20	3201171	195	1	30229	1	0	30000	other	0
A_HP_12	43	Pulse	99	3217451	16475	1
A_HP_12	43	Pulse	99	3237451	36475	1
A_HP_12	43	Pulse	99	3257451	56475	1
A_HP_12	43	Pulse	99	3277451	76475	1
A_HP_12	43	Pulse	99	3297451	96475	1
A_HP_12	43	Pulse	99	3317451	116475	1
A_HP_12	43	Pulse	99	3337451	136475	1
A_HP_12	43	Pulse	99	3357452	156476	1
A_HP_12	43	Pulse	99	3377451	176475	1
A_HP_12	43	Pulse	99	3397452	196476	1
A_HP_12	43	Pulse	99	3417451	216475	1
A_HP_12	43	Pulse	99	3437451	236475	1
A_HP_12	43	Pulse	99	3457451	256475	1
A_HP_12	43	Pulse	99	3477451	276475	1
A_HP_12	43	Pulse	99	3497451	296475	1
A_HP_12	44	Response	3	3517452	6245	1
A_HP_12	44	Pulse	99	3517452	6245	1
A_HP_12	45	Picture	response160	3518006	230	1	40229	1	0	40000	hit	242
A_HP_12	45	Response	1	3528090	10315	1
A_HP_12	45	Pulse	99	3537452	19676	1
A_HP_12	45	Pulse	99	3557451	39676	1
A_HP_12	46	Picture	response157	3568464	288	1	40229	1	0	40000	hit	247
A_HP_12	46	Pulse	99	3577452	9276	1
A_HP_12	46	Response	2	3579880	11704	1
A_HP_12	46	Pulse	99	3597452	29276	1
A_HP_12	46	Pulse	99	3617452	49276	1
A_HP_12	47	Picture	response155	3618756	180	1	40229	1	0	40000	hit	251
A_HP_12	47	Response	2	3634140	15565	1
A_HP_12	47	Pulse	99	3637451	18875	1
A_HP_12	47	Pulse	99	3657452	38876	1
A_HP_12	48	Picture	response154	3669214	238	1	40229	1	0	40000	hit	256
A_HP_12	48	Pulse	99	3677452	8476	1
A_HP_12	48	Response	1	3678990	10015	1
A_HP_12	48	Pulse	99	3697452	28476	1
A_HP_12	48	Pulse	99	3717452	48476	1
A_HP_12	49	Picture	response156	3719506	129	1	40229	1	0	40000	hit	260
A_HP_12	49	Response	1	3735681	16305	1
A_HP_12	49	Pulse	99	3737451	18075	1
A_HP_12	49	Pulse	99	3757452	38076	1
A_HP_12	50	Picture	response158	3770130	354	1	40229	1	0	40000	hit	265
A_HP_12	50	Pulse	99	3777452	7675	1
A_HP_12	50	Response	2	3788741	18964	1
A_HP_12	50	Pulse	99	3797452	27675	1
A_HP_12	50	Pulse	99	3817452	47675	1
A_HP_12	51	Picture	response153	3820422	245	1	40230	1	0	40000	hit	269
A_HP_12	51	Response	2	3833381	13204	1
A_HP_12	51	Pulse	99	3837451	17275	1
A_HP_12	51	Pulse	99	3857452	37275	1
A_HP_12	52	Picture	response159	3870714	137	1	40229	1	0	40000	hit	274
A_HP_12	52	Pulse	99	3877452	6876	1
A_HP_12	52	Response	1	3881651	11074	1
A_HP_12	52	Pulse	99	3897452	26875	1
A_HP_12	52	Pulse	99	3917452	46876	1
A_HP_12	53	Picture	ins2	3921172	195	1	30229	1	0	30000	other	0
A_HP_12	53	Pulse	99	3937452	16475	1
A_HP_12	53	Pulse	99	3957452	36475	1
A_HP_12	53	Pulse	99	3977452	56475	1
A_HP_12	53	Pulse	99	3997452	76476	1
A_HP_12	53	Pulse	99	4017452	96476	1
A_HP_12	53	Pulse	99	4037452	116475	1
A_HP_12	53	Pulse	99	4057452	136476	1
A_HP_12	53	Pulse	99	4077453	156476	1
A_HP_12	53	Pulse	99	4097452	176476	1
A_HP_12	53	Pulse	99	4117452	196476	1
A_HP_12	53	Pulse	99	4137452	216476	1
A_HP_12	53	Pulse	99	4157453	236476	1
A_HP_12	53	Pulse	99	4177452	256476	1
A_HP_12	53	Pulse	99	4197452	276476	1
A_HP_12	53	Pulse	99	4217453	296476	1
A_HP_12	54	Response	3	4237453	6245	1
A_HP_12	54	Pulse	99	4237453	6245	1
A_HP_12	55	Picture	response10	4238007	230	1	40229	1	0	40000	hit	296
A_HP_12	55	Response	2	4243091	5314	1
A_HP_12	55	Pulse	99	4257452	19676	1
A_HP_12	55	Pulse	99	4277453	39676	1
A_HP_12	56	Picture	response13	4288465	288	1	40230	1	0	40000	hit	300
A_HP_12	56	Response	2	4292482	4305	1
A_HP_12	56	Pulse	99	4297452	9276	1
A_HP_12	56	Pulse	99	4317453	29276	1
A_HP_12	56	Pulse	99	4337453	49276	1
A_HP_12	57	Picture	response15	4338757	181	1	40229	1	0	40000	hit	305
A_HP_12	57	Response	1	4342662	4085	1
A_HP_12	57	Pulse	99	4357453	18876	1
A_HP_12	57	Pulse	99	4377453	38876	1
A_HP_12	58	Picture	response12	4389215	238	1	40230	1	0	40000	hit	309
A_HP_12	58	Response	2	4394261	5284	1
A_HP_12	58	Pulse	99	4397452	8474	1
A_HP_12	58	Pulse	99	4417453	28475	1
A_HP_12	58	Pulse	99	4437453	48475	1
A_HP_12	59	Picture	response16	4439508	130	1	40229	1	0	40000	hit	314
A_HP_12	59	Response	2	4443561	4184	1
A_HP_12	59	Pulse	99	4457453	18075	1
A_HP_12	59	Pulse	99	4477453	38076	1
A_HP_12	60	Picture	response14	4490133	355	1	40230	1	0	40000	hit	318
A_HP_12	60	Response	1	4493282	3504	1
A_HP_12	60	Pulse	99	4497453	7675	1
A_HP_12	60	Pulse	99	4517453	27675	1
A_HP_12	60	Pulse	99	4537373	47595	1
A_HP_12	61	Picture	response11	4540424	247	1	40229	1	0	40000	hit	323
A_HP_12	61	Response	1	4544792	4614	1
A_HP_12	61	Pulse	99	4557453	17275	1
A_HP_12	61	Pulse	99	4577453	37275	1
A_HP_12	62	Picture	response9	4590716	138	1	40230	1	0	40000	hit	327
A_HP_12	62	Response	2	4595942	5364	1
A_HP_12	62	Pulse	99	4597453	6875	1
A_HP_12	62	Pulse	99	4617453	26875	1
A_HP_12	62	Pulse	99	4637453	46875	1
A_HP_12	63	Picture	thanks	4640675	0	1	10229	1	0	10000	other	0
A_HP_12	63	Pulse	99	4657453	16778	1


Event Type	Code	Type	Response	RT	RT Uncertainty	Time	Uncertainty	Duration	Uncertainty	ReqTime	ReqDur

Picture	ready	other				257679	1	10229	1	0	10000
Picture	ins4	other				318473	1	30229	1	0	30000
Picture	response27	hit	2	4111	2	638005	1	40229	1	0	40000
Picture	response29	hit	2	4383	2	688463	1	40229	1	0	40000
Picture	response26	hit	2	4261	2	738755	1	40229	1	0	40000
Picture	response25	hit	1	3612	2	789214	1	40229	1	0	40000
Picture	response31	hit	1	5221	2	839506	1	40229	1	0	40000
Picture	response28	hit	1	5616	2	890131	1	40229	1	0	40000
Picture	response30	hit	1	5683	2	940423	1	40230	1	0	40000
Picture	response32	hit	1	6333	2	990715	1	40229	1	0	40000
Picture	ins12	other				1041173	1	30230	1	0	30000
Picture	response89	hit	2	12345	2	1358002	1	40229	1	0	40000
Picture	response91	hit	2	8777	2	1408461	1	40229	1	0	40000
Picture	response95	hit	2	5235	2	1458753	1	40229	1	0	40000
Picture	response92	hit	1	12256	2	1509211	1	40229	1	0	40000
Picture	response93	hit	1	12695	2	1559503	1	40229	1	0	40000
Picture	response96	hit	2	7170	2	1610128	1	40229	1	0	40000
Picture	response94	hit	2	6398	2	1660420	1	40229	1	0	40000
Picture	response90	hit	1	10415	2	1710712	1	40229	1	0	40000
Picture	ins18	other				1761170	1	30229	1	0	30000
Picture	response137	hit	2	9465	2	2078004	1	40229	1	0	40000
Picture	response139	hit	2	13195	2	2128462	1	40229	1	0	40000
Picture	response138	hit	1	15454	2	2178754	1	40229	1	0	40000
Picture	response141	hit	1	11436	2	2229213	1	40229	1	0	40000
Picture	response143	hit	2	8694	2	2279505	1	40229	1	0	40000
Picture	response144	hit	2	5980	2	2330130	1	40230	1	0	40000
Picture	response142	hit	1	10857	2	2380422	1	40229	1	0	40000
Picture	response140	hit	1	14705	2	2430714	1	40229	1	0	40000
Picture	ins10	other				2481172	1	30229	1	0	30000
Picture	response77	hit	1	7224	2	2798005	1	40229	1	0	40000
Picture	response73	hit	1	6076	2	2848463	1	40229	1	0	40000
Picture	response74	hit	2	6965	2	2898755	1	40229	1	0	40000
Picture	response79	hit	1	9056	2	2949213	1	40229	1	0	40000
Picture	response80	hit	1	10705	2	2999504	1	40229	1	0	40000
Picture	response75	hit	1	9339	2	3050129	1	40230	1	0	40000
Picture	response76	hit	2	7789	2	3100421	1	40229	1	0	40000
Picture	response78	hit	2	6887	2	3150713	1	40229	1	0	40000
Picture	ins20	other				3201171	1	30229	1	0	30000
Picture	response160	hit	1	10085	2	3518006	1	40229	1	0	40000
Picture	response157	hit	2	11416	2	3568464	1	40229	1	0	40000
Picture	response155	hit	2	15385	2	3618756	1	40229	1	0	40000
Picture	response154	hit	1	9776	2	3669214	1	40229	1	0	40000
Picture	response156	hit	1	16175	2	3719506	1	40229	1	0	40000
Picture	response158	hit	2	18610	2	3770130	1	40229	1	0	40000
Picture	response153	hit	2	12959	2	3820422	1	40230	1	0	40000
Picture	response159	hit	1	10937	2	3870714	1	40229	1	0	40000
Picture	ins2	other				3921172	1	30229	1	0	30000
Picture	response10	hit	2	5084	2	4238007	1	40229	1	0	40000
Picture	response13	hit	2	4016	2	4288465	1	40230	1	0	40000
Picture	response15	hit	1	3904	2	4338757	1	40229	1	0	40000
Picture	response12	hit	2	5046	1	4389215	1	40230	1	0	40000
Picture	response16	hit	2	4054	2	4439508	1	40229	1	0	40000
Picture	response14	hit	1	3149	2	4490133	1	40230	1	0	40000
Picture	response11	hit	1	4367	2	4540424	1	40229	1	0	40000
Picture	response9	hit	2	5226	2	4590716	1	40230	1	0	40000
Picture	thanks	other				4640675	1	10229	1	0	10000


{
   "app": "Presentation Version 21.0 Build 06.06.19",
   "device": "LENOVO 20KHCTO1WW",
   "experiment": "{C0C68DB1-10BA-42F2-8F79-3F2AFFEED4E4}",
   "os": "Windows 10 64 bit",
   "package": "",
   "parameters": {
      "configuration": "Default configuration"
   },
   "scenario": "Feature experiment(3).sce",
   "subject": "A_HP_12",
   "timestamp": "2019/09/26 01:17:16 GMT"
}
