Scenario - 
Logfile written - 07/26/2019 14:05:16

Subject	Trial	Event Type	Code	Time	TTime	Uncertainty	Duration	Uncertainty	ReqTime	ReqDur	Stim Type	Pair Index

A_HP_05	1	Response	3	193728	192562	1
A_HP_05	1	Pulse	99	193728	192562	1
A_HP_05	2	Picture	ready	193961	0	1	10229	1	0	10000	other	0
A_HP_05	2	Pulse	99	213728	19768	1
A_HP_05	2	Pulse	99	233652	39692	1
A_HP_05	2	Pulse	99	253728	59768	1
A_HP_05	3	Picture	ins20	254521	234	1	30229	1	0	30000	other	0
A_HP_05	3	Pulse	99	273728	19441	1
A_HP_05	3	Pulse	99	293649	39362	1
A_HP_05	3	Pulse	99	313728	59441	1
A_HP_05	3	Pulse	99	333728	79441	1
A_HP_05	3	Pulse	99	353648	99361	1
A_HP_05	3	Pulse	99	373728	119441	1
A_HP_05	3	Pulse	99	393728	139441	1
A_HP_05	3	Pulse	99	413728	159441	1
A_HP_05	3	Pulse	99	433728	179441	1
A_HP_05	3	Pulse	99	453728	199441	1
A_HP_05	3	Pulse	99	473728	219441	1
A_HP_05	3	Pulse	99	493728	239441	1
A_HP_05	3	Pulse	99	513728	259441	1
A_HP_05	3	Pulse	99	533728	279441	1
A_HP_05	3	Pulse	99	553728	299441	1
A_HP_05	4	Response	3	573728	9210	1
A_HP_05	4	Pulse	99	573728	9210	1
A_HP_05	5	Picture	response153	574316	230	1	40229	1	0	40000	hit	26
A_HP_05	5	Response	2	590676	16590	1
A_HP_05	5	Pulse	99	593727	19641	1
A_HP_05	5	Pulse	99	613728	39641	1
A_HP_05	6	Picture	response159	624608	122	1	40229	1	0	40000	incorrect	31
A_HP_05	6	Pulse	99	633728	9241	1
A_HP_05	6	Response	2	637996	13510	1
A_HP_05	6	Pulse	99	653727	29241	1
A_HP_05	6	Pulse	99	673647	49160	1
A_HP_05	7	Picture	response160	675233	348	1	40229	1	0	40000	hit	35
A_HP_05	7	Response	1	693276	18390	1
A_HP_05	7	Pulse	99	693726	18841	1
A_HP_05	7	Pulse	99	713727	38841	1
A_HP_05	8	Picture	response158	725525	239	1	40230	1	0	40000	hit	40
A_HP_05	8	Pulse	99	733647	8361	1
A_HP_05	8	Response	2	738576	13291	1
A_HP_05	8	Pulse	99	753727	28442	1
A_HP_05	8	Pulse	99	773727	48442	1
A_HP_05	9	Picture	response154	775817	131	1	40229	1	0	40000	hit	44
A_HP_05	9	Response	1	781096	5410	1
A_HP_05	9	Pulse	99	793647	17961	1
A_HP_05	9	Pulse	99	813727	38041	1
A_HP_05	10	Picture	response156	826275	189	1	40230	1	0	40000	hit	49
A_HP_05	10	Pulse	99	833727	7641	1
A_HP_05	10	Response	1	850686	24600	1
A_HP_05	10	Pulse	99	853647	27561	1
A_HP_05	10	Pulse	99	873727	47641	1
A_HP_05	11	Picture	response155	876734	248	1	40229	1	0	40000	hit	53
A_HP_05	11	Response	2	886436	9950	1
A_HP_05	11	Pulse	99	893727	17241	1
A_HP_05	11	Pulse	99	913647	37161	1
A_HP_05	12	Picture	response157	927192	306	1	40229	1	0	40000	hit	58
A_HP_05	12	Pulse	99	933727	6841	1
A_HP_05	12	Response	2	951216	24330	1
A_HP_05	12	Pulse	99	953726	26840	1
A_HP_05	12	Pulse	99	973727	46841	1
A_HP_05	13	Picture	ins12	977484	199	1	30229	1	0	30000	other	0
A_HP_05	13	Pulse	99	993727	16442	1
A_HP_05	13	Pulse	99	1013726	36442	1
A_HP_05	13	Pulse	99	1033726	56442	1
A_HP_05	13	Pulse	99	1053727	76442	1
A_HP_05	13	Pulse	99	1073726	96442	1
A_HP_05	13	Pulse	99	1093726	116442	1
A_HP_05	13	Pulse	99	1113647	136362	1
A_HP_05	13	Pulse	99	1133726	156442	1
A_HP_05	13	Pulse	99	1153726	176441	1
A_HP_05	13	Pulse	99	1173647	196362	1
A_HP_05	13	Pulse	99	1193726	216441	1
A_HP_05	13	Pulse	99	1213727	236442	1
A_HP_05	13	Pulse	99	1233646	256362	1
A_HP_05	13	Pulse	99	1253727	276442	1
A_HP_05	13	Pulse	99	1273727	296442	1
A_HP_05	14	Response	3	1293647	6132	1
A_HP_05	14	Pulse	99	1293647	6132	1
A_HP_05	15	Picture	response90	1294215	230	1	40229	1	0	40000	hit	80
A_HP_05	15	Response	1	1312085	18100	1
A_HP_05	15	Pulse	99	1313726	19741	1
A_HP_05	15	Pulse	99	1333727	39741	1
A_HP_05	16	Picture	response96	1344674	289	1	40229	1	0	40000	hit	84
A_HP_05	16	Response	2	1353315	8930	1
A_HP_05	16	Pulse	99	1353646	9261	1
A_HP_05	16	Pulse	99	1373726	29341	1
A_HP_05	16	Pulse	99	1393727	49342	1
A_HP_05	17	Picture	response92	1394966	180	1	40229	1	0	40000	hit	89
A_HP_05	17	Response	1	1412445	17660	1
A_HP_05	17	Pulse	99	1413646	18861	1
A_HP_05	17	Pulse	99	1433726	38941	1
A_HP_05	18	Picture	response91	1445257	72	1	40230	1	0	40000	hit	93
A_HP_05	18	Response	2	1453525	8340	1
A_HP_05	18	Pulse	99	1453726	8541	1
A_HP_05	18	Pulse	99	1473646	28461	1
A_HP_05	18	Pulse	99	1493726	48541	1
A_HP_05	19	Picture	response89	1495882	297	1	40229	1	0	40000	hit	99
A_HP_05	19	Pulse	99	1513726	18141	1
A_HP_05	19	Response	2	1514264	18679	1
A_HP_05	19	Pulse	99	1533646	38061	1
A_HP_05	20	Picture	response93	1546174	189	1	40229	1	0	40000	hit	103
A_HP_05	20	Pulse	99	1553646	7661	1
A_HP_05	20	Response	1	1557535	11550	1
A_HP_05	20	Pulse	99	1573726	27741	1
A_HP_05	20	Pulse	99	1593726	47741	1
A_HP_05	21	Picture	response94	1596632	247	1	40229	1	0	40000	hit	107
A_HP_05	21	Response	2	1602505	6120	1
A_HP_05	21	Pulse	99	1613646	17261	1
A_HP_05	21	Pulse	99	1633726	37341	1
A_HP_05	22	Picture	response95	1646924	139	1	40230	1	0	40000	hit	111
A_HP_05	22	Response	2	1652705	5920	1
A_HP_05	22	Pulse	99	1653726	6941	1
A_HP_05	22	Pulse	99	1673646	26861	1
A_HP_05	22	Pulse	99	1693726	46941	1
A_HP_05	23	Picture	ins4	1697383	198	1	30229	1	0	30000	other	0
A_HP_05	23	Pulse	99	1713726	16541	1
A_HP_05	23	Pulse	99	1733646	36461	1
A_HP_05	23	Pulse	99	1753726	56541	1
A_HP_05	23	Pulse	99	1773726	76541	1
A_HP_05	23	Pulse	99	1793646	96461	1
A_HP_05	23	Pulse	99	1813726	116541	1
A_HP_05	23	Pulse	99	1833726	136541	1
A_HP_05	23	Pulse	99	1853646	156461	1
A_HP_05	23	Pulse	99	1873726	176541	1
A_HP_05	23	Pulse	99	1893726	196541	1
A_HP_05	23	Pulse	99	1913646	216461	1
A_HP_05	23	Pulse	99	1933726	236541	1
A_HP_05	23	Pulse	99	1953726	256541	1
A_HP_05	23	Pulse	99	1973646	276461	1
A_HP_05	23	Pulse	99	1993645	296460	1
A_HP_05	24	Response	3	2013726	6144	1
A_HP_05	24	Pulse	99	2013726	6144	1
A_HP_05	25	Picture	response28	2014314	230	1	40229	1	0	40000	hit	134
A_HP_05	25	Response	1	2019304	5220	1
A_HP_05	25	Pulse	99	2033646	19561	1
A_HP_05	25	Pulse	99	2053645	39561	1
A_HP_05	26	Picture	response26	2064606	122	1	40230	1	0	40000	hit	138
A_HP_05	26	Response	2	2070534	6050	1
A_HP_05	26	Pulse	99	2073725	9241	1
A_HP_05	26	Pulse	99	2093645	29161	1
A_HP_05	26	Pulse	99	2113645	49161	1
A_HP_05	27	Picture	response32	2115231	347	1	40229	1	0	40000	hit	143
A_HP_05	27	Response	1	2121184	6300	1
A_HP_05	27	Pulse	99	2133725	18841	1
A_HP_05	27	Pulse	99	2153645	38761	1
A_HP_05	28	Picture	response29	2165523	239	1	40229	1	0	40000	hit	147
A_HP_05	28	Response	2	2169904	4620	1
A_HP_05	28	Pulse	99	2173645	8361	1
A_HP_05	28	Pulse	99	2193725	28441	1
A_HP_05	28	Pulse	99	2213725	48441	1
A_HP_05	29	Picture	response25	2215815	131	1	40229	1	0	40000	hit	152
A_HP_05	29	Response	1	2222234	6550	1
A_HP_05	29	Pulse	99	2233645	17961	1
A_HP_05	29	Pulse	99	2253725	38041	1
A_HP_05	30	Picture	response31	2266273	189	1	40229	1	0	40000	hit	156
A_HP_05	30	Response	1	2272364	6280	1
A_HP_05	30	Pulse	99	2273725	7641	1
A_HP_05	30	Pulse	99	2293645	27561	1
A_HP_05	30	Pulse	99	2313725	47641	1
A_HP_05	31	Picture	response27	2316731	247	1	40229	1	0	40000	hit	161
A_HP_05	31	Response	2	2321074	4590	1
A_HP_05	31	Pulse	99	2333725	17241	1
A_HP_05	31	Pulse	99	2353645	37161	1
A_HP_05	32	Picture	response30	2367190	306	1	40229	1	0	40000	hit	165
A_HP_05	32	Response	1	2372714	5830	1
A_HP_05	32	Pulse	99	2373725	6841	1
A_HP_05	32	Pulse	99	2393725	26841	1
A_HP_05	32	Pulse	99	2413645	46761	1
A_HP_05	33	Picture	ins2	2417482	198	1	30229	1	0	30000	other	0
A_HP_05	33	Pulse	99	2433645	16362	1
A_HP_05	33	Pulse	99	2453725	36441	1
A_HP_05	33	Pulse	99	2473645	56361	1
A_HP_05	33	Pulse	99	2493645	76361	1
A_HP_05	33	Pulse	99	2513725	96441	1
A_HP_05	33	Pulse	99	2533645	116361	1
A_HP_05	33	Pulse	99	2553645	136361	1
A_HP_05	33	Pulse	99	2573725	156441	1
A_HP_05	33	Pulse	99	2593645	176361	1
A_HP_05	33	Pulse	99	2613645	196361	1
A_HP_05	33	Pulse	99	2633725	216441	1
A_HP_05	33	Pulse	99	2653645	236361	1
A_HP_05	33	Pulse	99	2673645	256361	1
A_HP_05	33	Pulse	99	2693725	276441	1
A_HP_05	33	Pulse	99	2713645	296361	1
A_HP_05	34	Response	3	2733645	6130	1
A_HP_05	34	Pulse	99	2733645	6130	1
A_HP_05	35	Picture	response10	2734213	230	1	40230	1	0	40000	hit	188
A_HP_05	35	Response	2	2742944	8960	1
A_HP_05	35	Pulse	99	2753725	19741	1
A_HP_05	35	Pulse	99	2773645	39661	1
A_HP_05	36	Picture	response15	2784672	289	1	40229	1	0	40000	hit	192
A_HP_05	36	Response	1	2789663	5280	1
A_HP_05	36	Pulse	99	2793644	9261	1
A_HP_05	36	Pulse	99	2813725	29341	1
A_HP_05	36	Pulse	99	2833725	49341	1
A_HP_05	37	Picture	response12	2834964	181	1	40229	1	0	40000	hit	197
A_HP_05	37	Response	2	2839503	4720	1
A_HP_05	37	Pulse	99	2853644	18861	1
A_HP_05	37	Pulse	99	2873644	38861	1
A_HP_05	38	Picture	response13	2885256	73	1	40229	1	0	40000	hit	201
A_HP_05	38	Response	2	2890113	4930	1
A_HP_05	38	Pulse	99	2893724	8541	1
A_HP_05	38	Pulse	99	2913644	28461	1
A_HP_05	38	Pulse	99	2933644	48461	1
A_HP_05	39	Picture	response14	2935881	298	1	40230	1	0	40000	hit	206
A_HP_05	39	Response	1	2940943	5360	1
A_HP_05	39	Pulse	99	2953724	18141	1
A_HP_05	39	Pulse	99	2973644	38061	1
A_HP_05	40	Picture	response16	2986173	190	1	40229	1	0	40000	hit	210
A_HP_05	40	Response	2	2990503	4520	1
A_HP_05	40	Pulse	99	2993644	7661	1
A_HP_05	40	Pulse	99	3013724	27741	1
A_HP_05	40	Pulse	99	3033644	47661	1
A_HP_05	41	Picture	response11	3036631	248	1	40230	1	0	40000	hit	215
A_HP_05	41	Response	1	3042243	5860	1
A_HP_05	41	Pulse	99	3053644	17261	1
A_HP_05	41	Pulse	99	3073724	37341	1
A_HP_05	42	Picture	response9	3086924	141	1	40229	1	0	40000	hit	219
A_HP_05	42	Response	2	3092143	5360	1
A_HP_05	42	Pulse	99	3093644	6861	1
A_HP_05	42	Pulse	99	3113643	26860	1
A_HP_05	42	Pulse	99	3133724	46941	1
A_HP_05	43	Picture	ins18	3137382	199	1	30229	1	0	30000	other	0
A_HP_05	43	Pulse	99	3153644	16461	1
A_HP_05	43	Pulse	99	3173644	36461	1
A_HP_05	43	Pulse	99	3193724	56541	1
A_HP_05	43	Pulse	99	3213644	76461	1
A_HP_05	43	Pulse	99	3233644	96461	1
A_HP_05	43	Pulse	99	3253724	116541	1
A_HP_05	43	Pulse	99	3273644	136461	1
A_HP_05	43	Pulse	99	3293644	156461	1
A_HP_05	43	Pulse	99	3313644	176461	1
A_HP_05	43	Pulse	99	3333644	196461	1
A_HP_05	43	Pulse	99	3353644	216461	1
A_HP_05	43	Pulse	99	3373644	236461	1
A_HP_05	43	Pulse	99	3393723	256541	1
A_HP_05	43	Pulse	99	3413644	276461	1
A_HP_05	43	Pulse	99	3433644	296461	1
A_HP_05	44	Response	3	3453724	6144	1
A_HP_05	44	Pulse	99	3453724	6144	1
A_HP_05	45	Picture	response144	3454312	230	1	40229	1	0	40000	hit	243
A_HP_05	45	Pulse	99	3473643	19561	1
A_HP_05	45	Response	2	3475202	21120	1
A_HP_05	45	Pulse	99	3493644	39561	1
A_HP_05	46	Picture	response137	3504604	122	1	40229	1	0	40000	hit	247
A_HP_05	46	Pulse	99	3513723	9241	1
A_HP_05	46	Response	2	3521202	16720	1
A_HP_05	46	Pulse	99	3533644	29162	1
A_HP_05	46	Pulse	99	3553643	49161	1
A_HP_05	47	Picture	response143	3555229	347	1	40229	1	0	40000	hit	252
A_HP_05	47	Pulse	99	3573724	18842	1
A_HP_05	47	Response	2	3574882	19999	1
A_HP_05	47	Pulse	99	3593643	38761	1
A_HP_05	48	Picture	response139	3605521	239	1	40229	1	0	40000	hit	256
A_HP_05	48	Pulse	99	3613643	8361	1
A_HP_05	48	Response	2	3624142	18860	1
A_HP_05	48	Pulse	99	3633723	28441	1
A_HP_05	48	Pulse	99	3653643	48361	1
A_HP_05	49	Picture	response141	3655812	130	1	40229	1	0	40000	hit	260
A_HP_05	49	Response	1	3672682	17000	1
A_HP_05	49	Pulse	99	3673643	17961	1
A_HP_05	49	Pulse	99	3693723	38041	1
A_HP_05	50	Picture	response140	3706271	189	1	40229	1	0	40000	hit	265
A_HP_05	50	Pulse	99	3713643	7561	1
A_HP_05	50	Response	1	3723672	17590	1
A_HP_05	50	Pulse	99	3733643	27561	1
A_HP_05	50	Pulse	99	3753643	47561	1
A_HP_05	51	Picture	response142	3756729	247	1	40229	1	0	40000	hit	270
A_HP_05	51	Pulse	99	3773643	17161	1
A_HP_05	51	Response	1	3777631	21149	1
A_HP_05	51	Pulse	99	3793643	37161	1
A_HP_05	52	Picture	response138	3807188	306	1	40230	1	0	40000	hit	274
A_HP_05	52	Pulse	99	3813643	6761	1
A_HP_05	52	Response	1	3816762	9880	1
A_HP_05	52	Pulse	99	3833643	26762	1
A_HP_05	52	Pulse	99	3853643	46761	1
A_HP_05	53	Picture	ins10	3857480	198	1	30229	1	0	30000	other	0
A_HP_05	53	Pulse	99	3873643	16362	1
A_HP_05	53	Pulse	99	3893643	36362	1
A_HP_05	53	Pulse	99	3913643	56362	1
A_HP_05	53	Pulse	99	3933643	76361	1
A_HP_05	53	Pulse	99	3953643	96361	1
A_HP_05	53	Pulse	99	3973643	116361	1
A_HP_05	53	Pulse	99	3993643	136361	1
A_HP_05	53	Pulse	99	4013723	156441	1
A_HP_05	53	Pulse	99	4033643	176361	1
A_HP_05	53	Pulse	99	4053642	196361	1
A_HP_05	53	Pulse	99	4073723	216441	1
A_HP_05	53	Pulse	99	4093643	236362	1
A_HP_05	53	Pulse	99	4113642	256361	1
A_HP_05	53	Pulse	99	4133723	276441	1
A_HP_05	53	Pulse	99	4153642	296361	1
A_HP_05	54	Response	3	4173643	6131	1
A_HP_05	54	Pulse	99	4173643	6131	1
A_HP_05	55	Picture	response80	4174211	230	1	40229	1	0	40000	hit	296
A_HP_05	55	Response	1	4191161	17180	1
A_HP_05	55	Pulse	99	4193642	19661	1
A_HP_05	55	Pulse	99	4213642	39661	1
A_HP_05	56	Picture	response79	4224669	288	1	40229	1	0	40000	hit	301
A_HP_05	56	Pulse	99	4233642	9261	1
A_HP_05	56	Response	1	4234390	10010	1
A_HP_05	56	Pulse	99	4253642	29261	1
A_HP_05	56	Pulse	99	4273642	49261	1
A_HP_05	57	Picture	response78	4274959	178	1	40229	1	0	40000	hit	305
A_HP_05	57	Response	2	4280791	6010	1
A_HP_05	57	Pulse	99	4293642	18861	1
A_HP_05	57	Pulse	99	4313642	38861	1
A_HP_05	58	Picture	response77	4325251	71	1	40229	1	0	40000	hit	310
A_HP_05	58	Pulse	99	4333642	8461	1
A_HP_05	58	Response	1	4334480	9299	1
A_HP_05	58	Pulse	99	4353642	28461	1
A_HP_05	58	Pulse	99	4373642	48462	1
A_HP_05	59	Picture	response73	4375876	295	1	40229	1	0	40000	hit	314
A_HP_05	59	Response	1	4381421	5840	1
A_HP_05	59	Pulse	99	4393642	18061	1
A_HP_05	59	Pulse	99	4413642	38061	1
A_HP_05	60	Picture	response75	4426167	187	1	40229	1	0	40000	hit	319
A_HP_05	60	Pulse	99	4433642	7662	1
A_HP_05	60	Response	1	4435750	9769	1
A_HP_05	60	Pulse	99	4453642	27662	1
A_HP_05	60	Pulse	99	4473642	47662	1
A_HP_05	61	Picture	response76	4476626	245	1	40229	1	0	40000	hit	323
A_HP_05	61	Response	2	4485501	9120	1
A_HP_05	61	Pulse	99	4493642	17261	1
A_HP_05	61	Pulse	99	4513642	37261	1
A_HP_05	62	Picture	response74	4526919	138	1	40229	1	0	40000	hit	327
A_HP_05	62	Response	2	4532371	5591	1
A_HP_05	62	Pulse	99	4533642	6861	1
A_HP_05	62	Pulse	99	4553642	26862	1
A_HP_05	62	Pulse	99	4573722	46942	1
A_HP_05	63	Picture	thanks	4577043	0	1	10229	1	0	10000	other	0
A_HP_05	63	Pulse	99	4593642	16599	1


Event Type	Code	Type	Response	RT	RT Uncertainty	Time	Uncertainty	Duration	Uncertainty	ReqTime	ReqDur

Picture	ready	other				193961	1	10229	1	0	10000
Picture	ins20	other				254521	1	30229	1	0	30000
Picture	response153	hit	2	16360	2	574316	1	40229	1	0	40000
Picture	response159	incorrect	2	13388	2	624608	1	40229	1	0	40000
Picture	response160	hit	1	18043	2	675233	1	40229	1	0	40000
Picture	response158	hit	2	13051	2	725525	1	40230	1	0	40000
Picture	response154	hit	1	5279	2	775817	1	40229	1	0	40000
Picture	response156	hit	1	24411	2	826275	1	40230	1	0	40000
Picture	response155	hit	2	9702	2	876734	1	40229	1	0	40000
Picture	response157	hit	2	24024	2	927192	1	40229	1	0	40000
Picture	ins12	other				977484	1	30229	1	0	30000
Picture	response90	hit	1	17870	2	1294215	1	40229	1	0	40000
Picture	response96	hit	2	8642	2	1344674	1	40229	1	0	40000
Picture	response92	hit	1	17480	2	1394966	1	40229	1	0	40000
Picture	response91	hit	2	8268	2	1445257	1	40230	1	0	40000
Picture	response89	hit	2	18382	2	1495882	1	40229	1	0	40000
Picture	response93	hit	1	11361	2	1546174	1	40229	1	0	40000
Picture	response94	hit	2	5873	2	1596632	1	40229	1	0	40000
Picture	response95	hit	2	5781	2	1646924	1	40230	1	0	40000
Picture	ins4	other				1697383	1	30229	1	0	30000
Picture	response28	hit	1	4990	2	2014314	1	40229	1	0	40000
Picture	response26	hit	2	5928	2	2064606	1	40230	1	0	40000
Picture	response32	hit	1	5953	2	2115231	1	40229	1	0	40000
Picture	response29	hit	2	4381	2	2165523	1	40229	1	0	40000
Picture	response25	hit	1	6419	2	2215815	1	40229	1	0	40000
Picture	response31	hit	1	6091	2	2266273	1	40229	1	0	40000
Picture	response27	hit	2	4343	2	2316731	1	40229	1	0	40000
Picture	response30	hit	1	5524	2	2367190	1	40229	1	0	40000
Picture	ins2	other				2417482	1	30229	1	0	30000
Picture	response10	hit	2	8730	2	2734213	1	40230	1	0	40000
Picture	response15	hit	1	4991	2	2784672	1	40229	1	0	40000
Picture	response12	hit	2	4539	2	2834964	1	40229	1	0	40000
Picture	response13	hit	2	4857	2	2885256	1	40229	1	0	40000
Picture	response14	hit	1	5062	2	2935881	1	40230	1	0	40000
Picture	response16	hit	2	4330	2	2986173	1	40229	1	0	40000
Picture	response11	hit	1	5611	2	3036631	1	40230	1	0	40000
Picture	response9	hit	2	5219	2	3086924	1	40229	1	0	40000
Picture	ins18	other				3137382	1	30229	1	0	30000
Picture	response144	hit	2	20890	2	3454312	1	40229	1	0	40000
Picture	response137	hit	2	16599	2	3504604	1	40229	1	0	40000
Picture	response143	hit	2	19653	2	3555229	1	40229	1	0	40000
Picture	response139	hit	2	18621	2	3605521	1	40229	1	0	40000
Picture	response141	hit	1	16870	2	3655812	1	40229	1	0	40000
Picture	response140	hit	1	17401	2	3706271	1	40229	1	0	40000
Picture	response142	hit	1	20902	2	3756729	1	40229	1	0	40000
Picture	response138	hit	1	9574	2	3807188	1	40230	1	0	40000
Picture	ins10	other				3857480	1	30229	1	0	30000
Picture	response80	hit	1	16950	2	4174211	1	40229	1	0	40000
Picture	response79	hit	1	9722	2	4224669	1	40229	1	0	40000
Picture	response78	hit	2	5832	2	4274959	1	40229	1	0	40000
Picture	response77	hit	1	9229	2	4325251	1	40229	1	0	40000
Picture	response73	hit	1	5545	2	4375876	1	40229	1	0	40000
Picture	response75	hit	1	9583	2	4426167	1	40229	1	0	40000
Picture	response76	hit	2	8875	2	4476626	1	40229	1	0	40000
Picture	response74	hit	2	5453	2	4526919	1	40229	1	0	40000
Picture	thanks	other				4577043	1	10229	1	0	10000


{
   "app": "Presentation Version 21.0 Build 06.06.19",
   "device": "LENOVO 20KHCTO1WW",
   "experiment": "{C0C68DB1-10BA-42F2-8F79-3F2AFFEED4E4}",
   "os": "Windows 10 64 bit",
   "package": "",
   "parameters": {
      "configuration": "Default configuration"
   },
   "scenario": "Feature experiment(3).sce",
   "subject": "A_HP_05",
   "timestamp": "2019/07/26 04:57:29 GMT"
}
