Scenario - 
Logfile written - 10/17/2019 11:16:55

Subject	Trial	Event Type	Code	Time	TTime	Uncertainty	Duration	Uncertainty	ReqTime	ReqDur	Stim Type	Pair Index

A_HP_19	1	Response	3	298328	297162	1
A_HP_19	1	Pulse	99	298328	297162	1
A_HP_19	2	Picture	ready	298560	0	1	10229	1	0	10000	other	0
A_HP_19	2	Pulse	99	318248	19688	1
A_HP_19	2	Pulse	99	338248	39688	1
A_HP_19	2	Pulse	99	358328	59768	1
A_HP_19	3	Picture	ins12	359151	233	1	30229	1	0	30000	other	0
A_HP_19	3	Pulse	99	378248	19330	1
A_HP_19	3	Pulse	99	398248	39330	1
A_HP_19	3	Pulse	99	418328	59411	1
A_HP_19	3	Pulse	99	438248	79330	1
A_HP_19	3	Pulse	99	458249	99331	1
A_HP_19	3	Pulse	99	478248	119331	1
A_HP_19	3	Pulse	99	498248	139330	1
A_HP_19	3	Pulse	99	518249	159331	1
A_HP_19	3	Pulse	99	538248	179331	1
A_HP_19	3	Pulse	99	558329	199411	1
A_HP_19	3	Pulse	99	578248	219331	1
A_HP_19	3	Pulse	99	598248	239331	1
A_HP_19	3	Pulse	99	618328	259411	1
A_HP_19	3	Pulse	99	638248	279330	1
A_HP_19	3	Pulse	99	658248	299331	1
A_HP_19	4	Response	3	678248	9100	1
A_HP_19	4	Pulse	99	678248	9100	1
A_HP_19	5	Picture	response94	678851	233	1	40229	1	0	40000	hit	26
A_HP_19	5	Response	2	685567	6949	1
A_HP_19	5	Pulse	99	698248	19630	1
A_HP_19	5	Pulse	99	718248	39630	1
A_HP_19	6	Picture	response92	729143	126	1	40229	1	0	40000	hit	31
A_HP_19	6	Pulse	99	738248	9231	1
A_HP_19	6	Response	1	739626	10609	1
A_HP_19	6	Pulse	99	758328	29311	1
A_HP_19	6	Pulse	99	778248	49231	1
A_HP_19	7	Picture	response91	779602	185	1	40229	1	0	40000	hit	35
A_HP_19	7	Response	2	784846	5430	1
A_HP_19	7	Pulse	99	798248	18831	1
A_HP_19	7	Pulse	99	818328	38911	1
A_HP_19	8	Picture	response95	830060	243	1	40229	1	0	40000	hit	39
A_HP_19	8	Response	2	834746	4930	1
A_HP_19	8	Pulse	99	838247	8430	1
A_HP_19	8	Pulse	99	858247	28431	1
A_HP_19	8	Pulse	99	878248	48431	1
A_HP_19	9	Picture	response89	880518	300	1	40229	1	0	40000	hit	44
A_HP_19	9	Response	2	890557	10339	1
A_HP_19	9	Pulse	99	898248	18031	1
A_HP_19	9	Pulse	99	918248	38030	1
A_HP_19	10	Picture	response90	930809	191	1	40230	1	0	40000	incorrect	48
A_HP_19	10	Response	2	936717	6099	1
A_HP_19	10	Pulse	99	938248	7630	1
A_HP_19	10	Pulse	99	958248	27630	1
A_HP_19	10	Pulse	99	978248	47630	1
A_HP_19	11	Picture	response93	981101	84	1	40229	1	0	40000	hit	53
A_HP_19	11	Response	1	988027	7010	1
A_HP_19	11	Pulse	99	998248	17231	1
A_HP_19	11	Pulse	99	1018328	37310	1
A_HP_19	12	Picture	response96	1031726	309	1	40229	1	0	40000	hit	58
A_HP_19	12	Pulse	99	1038248	6831	1
A_HP_19	12	Response	2	1039936	8519	1
A_HP_19	12	Pulse	99	1058248	26830	1
A_HP_19	12	Pulse	99	1078328	46910	1
A_HP_19	13	Picture	ins20	1082017	200	1	30229	1	0	30000	other	0
A_HP_19	13	Pulse	99	1098248	16431	1
A_HP_19	13	Pulse	99	1118248	36430	1
A_HP_19	13	Pulse	99	1138248	56430	1
A_HP_19	13	Pulse	99	1158248	76430	1
A_HP_19	13	Pulse	99	1178248	96430	1
A_HP_19	13	Pulse	99	1198248	116430	1
A_HP_19	13	Pulse	99	1218328	136510	1
A_HP_19	13	Pulse	99	1238248	156430	1
A_HP_19	13	Pulse	99	1258248	176430	1
A_HP_19	13	Pulse	99	1278327	196509	1
A_HP_19	13	Pulse	99	1298248	216431	1
A_HP_19	13	Pulse	99	1318248	236430	1
A_HP_19	13	Pulse	99	1338248	256430	1
A_HP_19	13	Pulse	99	1358248	276430	1
A_HP_19	13	Pulse	99	1378248	296430	1
A_HP_19	14	Response	3	1398248	6200	1
A_HP_19	14	Pulse	99	1398248	6200	1
A_HP_19	15	Picture	response156	1398847	230	1	40229	1	0	40000	hit	80
A_HP_19	15	Response	1	1406656	8039	1
A_HP_19	15	Pulse	99	1418248	19631	1
A_HP_19	15	Pulse	99	1438248	39630	1
A_HP_19	16	Picture	response155	1449139	122	1	40229	1	0	40000	hit	85
A_HP_19	16	Pulse	99	1458248	9231	1
A_HP_19	16	Response	2	1461436	12419	1
A_HP_19	16	Pulse	99	1478328	29311	1
A_HP_19	16	Pulse	99	1498248	49231	1
A_HP_19	17	Picture	response158	1499596	179	1	40229	1	0	40000	hit	89
A_HP_19	17	Response	2	1514157	14739	1
A_HP_19	17	Pulse	99	1518247	18830	1
A_HP_19	17	Pulse	99	1538248	38830	1
A_HP_19	18	Picture	response160	1550054	237	1	40229	1	0	40000	incorrect	94
A_HP_19	18	Pulse	99	1558248	8431	1
A_HP_19	18	Response	2	1563577	13759	1
A_HP_19	18	Pulse	99	1578248	28430	1
A_HP_19	18	Pulse	99	1598248	48430	1
A_HP_19	19	Picture	response159	1600511	294	1	40229	1	0	40000	hit	98
A_HP_19	19	Response	1	1613116	12899	1
A_HP_19	19	Pulse	99	1618248	18031	1
A_HP_19	19	Pulse	99	1638248	38031	1
A_HP_19	20	Picture	response157	1650803	187	1	40230	1	0	40000	incorrect	103
A_HP_19	20	Pulse	99	1658247	7631	1
A_HP_19	20	Response	1	1671706	21090	1
A_HP_19	20	Pulse	99	1678248	27631	1
A_HP_19	20	Pulse	99	1698248	47631	1
A_HP_19	21	Picture	response154	1701095	78	1	40229	1	0	40000	hit	107
A_HP_19	21	Response	1	1713556	12539	1
A_HP_19	21	Pulse	99	1718248	17231	1
A_HP_19	21	Pulse	99	1738247	37230	1
A_HP_19	22	Picture	response153	1751720	303	1	40229	1	0	40000	hit	112
A_HP_19	22	Pulse	99	1758248	6831	1
A_HP_19	22	Response	2	1764576	13159	1
A_HP_19	22	Pulse	99	1778248	26831	1
A_HP_19	22	Pulse	99	1798248	46831	1
A_HP_19	23	Picture	ins2	1802011	195	1	30229	1	0	30000	other	0
A_HP_19	23	Pulse	99	1818248	16431	1
A_HP_19	23	Pulse	99	1838248	36431	1
A_HP_19	23	Pulse	99	1858248	56431	1
A_HP_19	23	Pulse	99	1878248	76431	1
A_HP_19	23	Pulse	99	1898248	96431	1
A_HP_19	23	Pulse	99	1918248	116431	1
A_HP_19	23	Pulse	99	1938248	136431	1
A_HP_19	23	Pulse	99	1958248	156431	1
A_HP_19	23	Pulse	99	1978248	176431	1
A_HP_19	23	Pulse	99	1998248	196431	1
A_HP_19	23	Pulse	99	2018248	216431	1
A_HP_19	23	Pulse	99	2038247	236431	1
A_HP_19	23	Pulse	99	2058247	256430	1
A_HP_19	23	Pulse	99	2078248	276431	1
A_HP_19	23	Pulse	99	2098247	296431	1
A_HP_19	24	Response	3	2118247	6200	1
A_HP_19	24	Pulse	99	2118247	6200	1
A_HP_19	25	Picture	response10	2118847	230	1	40229	1	0	40000	hit	134
A_HP_19	25	Response	2	2122696	4079	1
A_HP_19	25	Pulse	99	2138247	19631	1
A_HP_19	25	Pulse	99	2158247	39631	1
A_HP_19	26	Picture	response15	2169139	122	1	40230	1	0	40000	hit	138
A_HP_19	26	Response	1	2172676	3660	1
A_HP_19	26	Pulse	99	2178247	9231	1
A_HP_19	26	Pulse	99	2198248	29231	1
A_HP_19	26	Pulse	99	2218247	49231	1
A_HP_19	27	Picture	response12	2219597	181	1	40229	1	0	40000	hit	143
A_HP_19	27	Response	2	2222906	3490	1
A_HP_19	27	Pulse	99	2238247	18831	1
A_HP_19	27	Pulse	99	2258247	38831	1
A_HP_19	28	Picture	response9	2270056	239	1	40229	1	0	40000	hit	147
A_HP_19	28	Response	2	2274336	4519	1
A_HP_19	28	Pulse	99	2278247	8431	1
A_HP_19	28	Pulse	99	2298247	28431	1
A_HP_19	28	Pulse	99	2318247	48431	1
A_HP_19	29	Picture	response14	2320514	298	1	40229	1	0	40000	hit	152
A_HP_19	29	Response	1	2323746	3529	1
A_HP_19	29	Pulse	99	2338247	18031	1
A_HP_19	29	Pulse	99	2358247	38031	1
A_HP_19	30	Picture	response11	2370806	190	1	40229	1	0	40000	hit	156
A_HP_19	30	Response	1	2375146	4530	1
A_HP_19	30	Pulse	99	2378247	7631	1
A_HP_19	30	Pulse	99	2398247	27631	1
A_HP_19	30	Pulse	99	2418246	47630	1
A_HP_19	31	Picture	response16	2421098	82	1	40229	1	0	40000	hit	161
A_HP_19	31	Response	2	2424726	3710	1
A_HP_19	31	Pulse	99	2438247	17231	1
A_HP_19	31	Pulse	99	2458247	37231	1
A_HP_19	32	Picture	response13	2471723	307	1	40229	1	0	40000	hit	165
A_HP_19	32	Response	2	2475615	4199	1
A_HP_19	32	Pulse	99	2478247	6831	1
A_HP_19	32	Pulse	99	2498247	26831	1
A_HP_19	32	Pulse	99	2518247	46831	1
A_HP_19	33	Picture	ins10	2522015	199	1	30229	1	0	30000	other	0
A_HP_19	33	Pulse	99	2538247	16431	1
A_HP_19	33	Pulse	99	2558247	36431	1
A_HP_19	33	Pulse	99	2578247	56431	1
A_HP_19	33	Pulse	99	2598247	76431	1
A_HP_19	33	Pulse	99	2618247	96431	1
A_HP_19	33	Pulse	99	2638247	116432	1
A_HP_19	33	Pulse	99	2658246	136431	1
A_HP_19	33	Pulse	99	2678247	156431	1
A_HP_19	33	Pulse	99	2698247	176431	1
A_HP_19	33	Pulse	99	2718248	196432	1
A_HP_19	33	Pulse	99	2738247	216431	1
A_HP_19	33	Pulse	99	2758248	236432	1
A_HP_19	33	Pulse	99	2778247	256431	1
A_HP_19	33	Pulse	99	2798247	276431	1
A_HP_19	33	Pulse	99	2818247	296431	1
A_HP_19	34	Response	3	2838247	6201	1
A_HP_19	34	Pulse	99	2838247	6201	1
A_HP_19	35	Picture	response75	2838846	230	1	40229	1	0	40000	hit	188
A_HP_19	35	Response	1	2848486	9870	1
A_HP_19	35	Pulse	99	2858247	19631	1
A_HP_19	35	Pulse	99	2878247	39630	1
A_HP_19	36	Picture	response77	2889138	122	1	40229	1	0	40000	hit	192
A_HP_19	36	Response	1	2897695	8680	1
A_HP_19	36	Pulse	99	2898246	9230	1
A_HP_19	36	Pulse	99	2918247	29231	1
A_HP_19	36	Pulse	99	2938247	49231	1
A_HP_19	37	Picture	response79	2939596	180	1	40229	1	0	40000	hit	197
A_HP_19	37	Response	1	2945835	6420	1
A_HP_19	37	Pulse	99	2958247	18831	1
A_HP_19	37	Pulse	99	2978247	38831	1
A_HP_19	38	Picture	response73	2990054	238	1	40229	1	0	40000	hit	201
A_HP_19	38	Response	1	2996425	6610	1
A_HP_19	38	Pulse	99	2998246	8430	1
A_HP_19	38	Pulse	99	3018247	28431	1
A_HP_19	38	Pulse	99	3038247	48431	1
A_HP_19	39	Picture	response80	3040512	295	1	40230	1	0	40000	hit	206
A_HP_19	39	Response	1	3046946	6730	1
A_HP_19	39	Pulse	99	3058247	18030	1
A_HP_19	39	Pulse	99	3078247	38030	1
A_HP_19	40	Picture	response78	3090803	188	1	40229	1	0	40000	hit	210
A_HP_19	40	Response	2	3096215	5600	1
A_HP_19	40	Pulse	99	3098246	7631	1
A_HP_19	40	Pulse	99	3118247	27631	1
A_HP_19	40	Pulse	99	3138246	47631	1
A_HP_19	41	Picture	response76	3141095	79	1	40229	1	0	40000	hit	215
A_HP_19	41	Response	2	3154425	13410	1
A_HP_19	41	Pulse	99	3158246	17230	1
A_HP_19	41	Pulse	99	3178247	37231	1
A_HP_19	42	Picture	response74	3191719	303	1	40230	1	0	40000	hit	219
A_HP_19	42	Response	2	3197635	6219	1
A_HP_19	42	Pulse	99	3198246	6831	1
A_HP_19	42	Pulse	99	3218247	26831	1
A_HP_19	42	Pulse	99	3238247	46831	1
A_HP_19	43	Picture	ins4	3242011	195	1	30229	1	0	30000	other	0
A_HP_19	43	Pulse	99	3258247	16431	1
A_HP_19	43	Pulse	99	3278247	36431	1
A_HP_19	43	Pulse	99	3298247	56431	1
A_HP_19	43	Pulse	99	3318246	76431	1
A_HP_19	43	Pulse	99	3338246	96430	1
A_HP_19	43	Pulse	99	3358246	116431	1
A_HP_19	43	Pulse	99	3378247	136431	1
A_HP_19	43	Pulse	99	3398247	156431	1
A_HP_19	43	Pulse	99	3418247	176431	1
A_HP_19	43	Pulse	99	3438247	196431	1
A_HP_19	43	Pulse	99	3458247	216431	1
A_HP_19	43	Pulse	99	3478246	236431	1
A_HP_19	43	Pulse	99	3498247	256431	1
A_HP_19	43	Pulse	99	3518247	276431	1
A_HP_19	43	Pulse	99	3538247	296431	1
A_HP_19	44	Response	3	3558247	6201	1
A_HP_19	44	Pulse	99	3558247	6201	1
A_HP_19	45	Picture	response32	3558846	230	1	40230	1	0	40000	hit	242
A_HP_19	45	Response	1	3562535	3919	1
A_HP_19	45	Pulse	99	3578246	19630	1
A_HP_19	45	Pulse	99	3598246	39630	1
A_HP_19	46	Picture	response28	3609138	122	1	40229	1	0	40000	hit	246
A_HP_19	46	Response	1	3612165	3150	1
A_HP_19	46	Pulse	99	3618247	9231	1
A_HP_19	46	Pulse	99	3638247	29231	1
A_HP_19	46	Pulse	99	3658247	49231	1
A_HP_19	47	Picture	response26	3659596	180	1	40229	1	0	40000	hit	251
A_HP_19	47	Response	2	3663245	3830	1
A_HP_19	47	Pulse	99	3678247	18831	1
A_HP_19	47	Pulse	99	3698247	38831	1
A_HP_19	48	Picture	response30	3710054	239	1	40229	1	0	40000	hit	255
A_HP_19	48	Response	1	3713035	3220	1
A_HP_19	48	Pulse	99	3718246	8431	1
A_HP_19	48	Pulse	99	3738246	28431	1
A_HP_19	48	Pulse	99	3758246	48431	1
A_HP_19	49	Picture	response31	3760512	296	1	40229	1	0	40000	hit	260
A_HP_19	49	Response	1	3764045	3830	1
A_HP_19	49	Pulse	99	3778246	18031	1
A_HP_19	49	Pulse	99	3798247	38031	1
A_HP_19	50	Picture	response29	3810803	188	1	40229	1	0	40000	hit	264
A_HP_19	50	Response	2	3813986	3370	1
A_HP_19	50	Pulse	99	3818247	7631	1
A_HP_19	50	Pulse	99	3838247	27631	1
A_HP_19	50	Pulse	99	3858247	47631	1
A_HP_19	51	Picture	response27	3861095	79	1	40229	1	0	40000	hit	269
A_HP_19	51	Response	2	3865345	4329	1
A_HP_19	51	Pulse	99	3878247	17231	1
A_HP_19	51	Pulse	99	3898247	37231	1
A_HP_19	52	Picture	response25	3911719	303	1	40230	1	0	40000	hit	273
A_HP_19	52	Response	1	3915116	3699	1
A_HP_19	52	Pulse	99	3918246	6830	1
A_HP_19	52	Pulse	99	3938247	26830	1
A_HP_19	52	Pulse	99	3958246	46830	1
A_HP_19	53	Picture	ins18	3962012	196	1	30106	1	0	30000	other	0
A_HP_19	53	Pulse	99	3978247	16431	1
A_HP_19	53	Pulse	99	3998247	36431	1
A_HP_19	53	Pulse	99	4018246	56431	1
A_HP_19	53	Pulse	99	4038245	76430	1
A_HP_19	53	Pulse	99	4058246	96431	1
A_HP_19	53	Pulse	99	4078246	116431	1
A_HP_19	53	Pulse	99	4098246	136431	1
A_HP_19	53	Pulse	99	4118246	156431	1
A_HP_19	53	Pulse	99	4138246	176431	1
A_HP_19	53	Pulse	99	4158247	196432	1
A_HP_19	53	Pulse	99	4178246	216431	1
A_HP_19	53	Pulse	99	4198246	236431	1
A_HP_19	53	Pulse	99	4218247	256431	1
A_HP_19	53	Pulse	99	4238246	276431	1
A_HP_19	53	Pulse	99	4258246	296431	1
A_HP_19	54	Response	3	4278246	6200	1
A_HP_19	54	Pulse	99	4278246	6200	1
A_HP_19	55	Picture	response140	4278846	230	1	40229	1	0	40000	hit	296
A_HP_19	55	Response	1	4285565	6949	1
A_HP_19	55	Pulse	99	4298246	19631	1
A_HP_19	55	Pulse	99	4318246	39630	1
A_HP_19	56	Picture	response138	4329137	121	1	40229	1	0	40000	hit	300
A_HP_19	56	Response	1	4335735	6720	1
A_HP_19	56	Pulse	99	4338246	9230	1
A_HP_19	56	Pulse	99	4358246	29231	1
A_HP_19	56	Pulse	99	4378246	49231	1
A_HP_19	57	Picture	response141	4379595	180	1	40230	1	0	40000	hit	305
A_HP_19	57	Response	1	4385105	5690	1
A_HP_19	57	Pulse	99	4398247	18831	1
A_HP_19	57	Pulse	99	4418246	38831	1
A_HP_19	58	Picture	response139	4430054	238	1	40229	1	0	40000	hit	310
A_HP_19	58	Pulse	99	4438246	8431	1
A_HP_19	58	Response	2	4438394	8579	1
A_HP_19	58	Pulse	99	4458246	28431	1
A_HP_19	58	Pulse	99	4478246	48431	1
A_HP_19	59	Picture	response143	4480512	296	1	40229	1	0	40000	hit	314
A_HP_19	59	Response	2	4491525	11309	1
A_HP_19	59	Pulse	99	4498246	18031	1
A_HP_19	59	Pulse	99	4518246	38031	1
A_HP_19	60	Picture	response144	4530804	189	1	40229	1	0	40000	incorrect	319
A_HP_19	60	Pulse	99	4538246	7631	1
A_HP_19	60	Response	1	4540245	9630	1
A_HP_19	60	Pulse	99	4558246	27631	1
A_HP_19	60	Pulse	99	4578246	47631	1
A_HP_19	61	Picture	response137	4581095	80	1	40229	1	0	40000	hit	323
A_HP_19	61	Response	2	4594505	13490	1
A_HP_19	61	Pulse	99	4598246	17231	1
A_HP_19	61	Pulse	99	4618246	37231	1
A_HP_19	62	Picture	response142	4631720	305	1	40229	1	0	40000	hit	328
A_HP_19	62	Pulse	99	4638246	6831	1
A_HP_19	62	Response	1	4646205	14789	1
A_HP_19	62	Pulse	99	4658246	26830	1
A_HP_19	62	Pulse	99	4678246	46831	1
A_HP_19	63	Picture	thanks	4681679	0	1	10229	1	0	10000	other	0
A_HP_19	63	Pulse	99	4698246	16568	1


Event Type	Code	Type	Response	RT	RT Uncertainty	Time	Uncertainty	Duration	Uncertainty	ReqTime	ReqDur

Picture	ready	other				298560	1	10229	1	0	10000
Picture	ins12	other				359151	1	30229	1	0	30000
Picture	response94	hit	2	6715	2	678851	1	40229	1	0	40000
Picture	response92	hit	1	10483	2	729143	1	40229	1	0	40000
Picture	response91	hit	2	5245	2	779602	1	40229	1	0	40000
Picture	response95	hit	2	4687	2	830060	1	40229	1	0	40000
Picture	response89	hit	2	10039	2	880518	1	40229	1	0	40000
Picture	response90	incorrect	2	5908	2	930809	1	40230	1	0	40000
Picture	response93	hit	1	6926	2	981101	1	40229	1	0	40000
Picture	response96	hit	2	8210	2	1031726	1	40229	1	0	40000
Picture	ins20	other				1082017	1	30229	1	0	30000
Picture	response156	hit	1	7809	2	1398847	1	40229	1	0	40000
Picture	response155	hit	2	12297	2	1449139	1	40229	1	0	40000
Picture	response158	hit	2	14560	2	1499596	1	40229	1	0	40000
Picture	response160	incorrect	2	13523	2	1550054	1	40229	1	0	40000
Picture	response159	hit	1	12605	2	1600511	1	40229	1	0	40000
Picture	response157	incorrect	1	20903	2	1650803	1	40230	1	0	40000
Picture	response154	hit	1	12461	2	1701095	1	40229	1	0	40000
Picture	response153	hit	2	12857	2	1751720	1	40229	1	0	40000
Picture	ins2	other				1802011	1	30229	1	0	30000
Picture	response10	hit	2	3849	2	2118847	1	40229	1	0	40000
Picture	response15	hit	1	3538	2	2169139	1	40230	1	0	40000
Picture	response12	hit	2	3308	2	2219597	1	40229	1	0	40000
Picture	response9	hit	2	4280	2	2270056	1	40229	1	0	40000
Picture	response14	hit	1	3232	2	2320514	1	40229	1	0	40000
Picture	response11	hit	1	4340	2	2370806	1	40229	1	0	40000
Picture	response16	hit	2	3628	2	2421098	1	40229	1	0	40000
Picture	response13	hit	2	3892	2	2471723	1	40229	1	0	40000
Picture	ins10	other				2522015	1	30229	1	0	30000
Picture	response75	hit	1	9639	2	2838846	1	40229	1	0	40000
Picture	response77	hit	1	8558	2	2889138	1	40229	1	0	40000
Picture	response79	hit	1	6240	2	2939596	1	40229	1	0	40000
Picture	response73	hit	1	6372	2	2990054	1	40229	1	0	40000
Picture	response80	hit	1	6435	2	3040512	1	40230	1	0	40000
Picture	response78	hit	2	5412	2	3090803	1	40229	1	0	40000
Picture	response76	hit	2	13331	2	3141095	1	40229	1	0	40000
Picture	response74	hit	2	5916	2	3191719	1	40230	1	0	40000
Picture	ins4	other				3242011	1	30229	1	0	30000
Picture	response32	hit	1	3689	2	3558846	1	40230	1	0	40000
Picture	response28	hit	1	3027	2	3609138	1	40229	1	0	40000
Picture	response26	hit	2	3649	2	3659596	1	40229	1	0	40000
Picture	response30	hit	1	2981	2	3710054	1	40229	1	0	40000
Picture	response31	hit	1	3533	2	3760512	1	40229	1	0	40000
Picture	response29	hit	2	3182	2	3810803	1	40229	1	0	40000
Picture	response27	hit	2	4251	2	3861095	1	40229	1	0	40000
Picture	response25	hit	1	3396	2	3911719	1	40230	1	0	40000
Picture	ins18	other				3962012	1	30106	1	0	30000
Picture	response140	hit	1	6719	2	4278846	1	40229	1	0	40000
Picture	response138	hit	1	6598	2	4329137	1	40229	1	0	40000
Picture	response141	hit	1	5510	2	4379595	1	40230	1	0	40000
Picture	response139	hit	2	8340	2	4430054	1	40229	1	0	40000
Picture	response143	hit	2	11013	2	4480512	1	40229	1	0	40000
Picture	response144	incorrect	1	9441	2	4530804	1	40229	1	0	40000
Picture	response137	hit	2	13410	2	4581095	1	40229	1	0	40000
Picture	response142	hit	1	14484	2	4631720	1	40229	1	0	40000
Picture	thanks	other				4681679	1	10229	1	0	10000


{
   "app": "Presentation Version 21.0 Build 06.06.19",
   "device": "LENOVO 20KHCTO1WW",
   "experiment": "{C0C68DB1-10BA-42F2-8F79-3F2AFFEED4E4}",
   "os": "Windows 10 64 bit",
   "package": "",
   "parameters": {
      "configuration": "Default configuration"
   },
   "scenario": "Feature experiment(3).sce",
   "subject": "A_HP_19",
   "timestamp": "2019/10/17 02:08:56 GMT"
}
