Scenario - 
Logfile written - 08/29/2019 10:04:52

Subject	Trial	Event Type	Code	Time	TTime	Uncertainty	Duration	Uncertainty	ReqTime	ReqDur	Stim Type	Pair Index

A_HP_07	1	Response	3	286827	285494	1
A_HP_07	1	Pulse	99	286827	285494	1
A_HP_07	2	Picture	ready	287059	0	1	10229	1	0	10000	other	0
A_HP_07	2	Pulse	99	306827	19768	1
A_HP_07	2	Pulse	99	326827	39768	1
A_HP_07	2	Pulse	99	346827	59768	1
A_HP_07	3	Picture	ins10	347624	234	1	30229	1	0	30000	other	0
A_HP_07	3	Pulse	99	366826	19436	1
A_HP_07	3	Pulse	99	386826	39436	1
A_HP_07	3	Pulse	99	406826	59435	1
A_HP_07	3	Pulse	99	426826	79436	1
A_HP_07	3	Pulse	99	446826	99436	1
A_HP_07	3	Pulse	99	466826	119436	1
A_HP_07	3	Pulse	99	486826	139435	1
A_HP_07	3	Pulse	99	506826	159436	1
A_HP_07	3	Pulse	99	526826	179436	1
A_HP_07	3	Pulse	99	546826	199436	1
A_HP_07	3	Pulse	99	566826	219435	1
A_HP_07	3	Pulse	99	586826	239435	1
A_HP_07	3	Pulse	99	606826	259436	1
A_HP_07	3	Pulse	99	626826	279435	1
A_HP_07	3	Pulse	99	646826	299435	1
A_HP_07	4	Response	3	666827	9206	1
A_HP_07	4	Pulse	99	666827	9206	1
A_HP_07	5	Picture	response75	667420	230	1	40229	1	0	40000	hit	26
A_HP_07	5	Response	1	676386	9195	1
A_HP_07	5	Pulse	99	686826	19636	1
A_HP_07	5	Pulse	99	706827	39636	1
A_HP_07	6	Picture	response79	717878	288	1	40229	1	0	40000	hit	30
A_HP_07	6	Response	1	724085	6495	1
A_HP_07	6	Pulse	99	726826	9235	1
A_HP_07	6	Pulse	99	746827	29236	1
A_HP_07	6	Pulse	99	766826	49236	1
A_HP_07	7	Picture	response77	768170	179	1	40230	1	0	40000	hit	35
A_HP_07	7	Response	1	775925	7935	1
A_HP_07	7	Pulse	99	786827	18836	1
A_HP_07	7	Pulse	99	806827	38836	1
A_HP_07	8	Picture	response78	818462	72	1	40229	1	0	40000	hit	39
A_HP_07	8	Response	2	825995	7605	1
A_HP_07	8	Pulse	99	826826	8436	1
A_HP_07	8	Pulse	99	846826	28436	1
A_HP_07	8	Pulse	99	866826	48436	1
A_HP_07	9	Picture	response76	869087	296	1	40229	1	0	40000	hit	44
A_HP_07	9	Response	2	879515	10725	1
A_HP_07	9	Pulse	99	886826	18036	1
A_HP_07	9	Pulse	99	906826	38036	1
A_HP_07	10	Picture	response80	919378	189	1	40229	1	0	40000	hit	49
A_HP_07	10	Pulse	99	926826	7637	1
A_HP_07	10	Response	1	939455	20266	1
A_HP_07	10	Pulse	99	946826	27637	1
A_HP_07	10	Pulse	99	966826	47637	1
A_HP_07	11	Picture	response74	969836	246	1	40229	1	0	40000	hit	53
A_HP_07	11	Response	2	975825	6235	1
A_HP_07	11	Pulse	99	986826	17236	1
A_HP_07	11	Pulse	99	1006826	37236	1
A_HP_07	12	Picture	response73	1020128	138	1	40229	1	0	40000	hit	58
A_HP_07	12	Pulse	99	1026826	6836	1
A_HP_07	12	Response	1	1046585	26595	1
A_HP_07	12	Pulse	99	1046826	26836	1
A_HP_07	12	Pulse	99	1066826	46836	1
A_HP_07	13	Picture	ins12	1070587	196	1	30229	1	0	30000	other	0
A_HP_07	13	Pulse	99	1086826	16436	1
A_HP_07	13	Pulse	99	1106826	36436	1
A_HP_07	13	Pulse	99	1126826	56436	1
A_HP_07	13	Pulse	99	1146826	76436	1
A_HP_07	13	Pulse	99	1166826	96436	1
A_HP_07	13	Pulse	99	1186826	116436	1
A_HP_07	13	Pulse	99	1206826	136436	1
A_HP_07	13	Pulse	99	1226826	156436	1
A_HP_07	13	Pulse	99	1246826	176436	1
A_HP_07	13	Pulse	99	1266826	196436	1
A_HP_07	13	Pulse	99	1286826	216436	1
A_HP_07	13	Pulse	99	1306826	236436	1
A_HP_07	13	Pulse	99	1326826	256436	1
A_HP_07	13	Pulse	99	1346826	276436	1
A_HP_07	13	Pulse	99	1366826	296436	1
A_HP_07	14	Response	3	1386826	6205	1
A_HP_07	14	Pulse	99	1386826	6205	1
A_HP_07	15	Picture	response96	1387420	230	1	40229	1	0	40000	hit	80
A_HP_07	15	Response	2	1403625	16435	1
A_HP_07	15	Pulse	99	1406826	19636	1
A_HP_07	15	Pulse	99	1426826	39636	1
A_HP_07	16	Picture	response89	1437878	288	1	40229	1	0	40000	hit	85
A_HP_07	16	Pulse	99	1446826	9236	1
A_HP_07	16	Response	2	1453615	16025	1
A_HP_07	16	Pulse	99	1466826	29236	1
A_HP_07	16	Pulse	99	1486746	49156	1
A_HP_07	17	Picture	response91	1488170	180	1	40229	1	0	40000	hit	89
A_HP_07	17	Response	2	1494525	6535	1
A_HP_07	17	Pulse	99	1506826	18836	1
A_HP_07	17	Pulse	99	1526826	38836	1
A_HP_07	18	Picture	response90	1538461	71	1	40229	1	0	40000	hit	94
A_HP_07	18	Pulse	99	1546826	8436	1
A_HP_07	18	Response	1	1550644	12254	1
A_HP_07	18	Pulse	99	1566826	28436	1
A_HP_07	18	Pulse	99	1586826	48436	1
A_HP_07	19	Picture	response92	1589086	296	1	40229	1	0	40000	hit	99
A_HP_07	19	Pulse	99	1606826	18036	1
A_HP_07	19	Response	1	1610824	22035	1
A_HP_07	19	Pulse	99	1626826	38036	1
A_HP_07	20	Picture	response95	1639378	188	1	40229	1	0	40000	hit	102
A_HP_07	20	Response	2	1643755	4565	1
A_HP_07	20	Pulse	99	1646826	7636	1
A_HP_07	20	Pulse	99	1666826	27636	1
A_HP_07	20	Pulse	99	1686826	47636	1
A_HP_07	21	Picture	response93	1689836	246	1	40229	1	0	40000	hit	107
A_HP_07	21	Response	1	1698195	8605	1
A_HP_07	21	Pulse	99	1706826	17236	1
A_HP_07	21	Pulse	99	1726826	37236	1
A_HP_07	22	Picture	response94	1740128	138	1	40230	1	0	40000	hit	112
A_HP_07	22	Pulse	99	1746826	6836	1
A_HP_07	22	Response	2	1747284	7294	1
A_HP_07	22	Pulse	99	1766826	26836	1
A_HP_07	22	Pulse	99	1786826	46836	1
A_HP_07	23	Picture	ins4	1790586	196	1	30229	1	0	30000	other	0
A_HP_07	23	Pulse	99	1806746	16356	1
A_HP_07	23	Pulse	99	1826826	36436	1
A_HP_07	23	Pulse	99	1846826	56436	1
A_HP_07	23	Pulse	99	1866746	76356	1
A_HP_07	23	Pulse	99	1886826	96436	1
A_HP_07	23	Pulse	99	1906826	116436	1
A_HP_07	23	Pulse	99	1926826	136436	1
A_HP_07	23	Pulse	99	1946826	156436	1
A_HP_07	23	Pulse	99	1966826	176436	1
A_HP_07	23	Pulse	99	1986826	196436	1
A_HP_07	23	Pulse	99	2006826	216436	1
A_HP_07	23	Pulse	99	2026826	236436	1
A_HP_07	23	Pulse	99	2046826	256436	1
A_HP_07	23	Pulse	99	2066826	276436	1
A_HP_07	23	Pulse	99	2086826	296436	1
A_HP_07	24	Response	3	2106826	6205	1
A_HP_07	24	Pulse	99	2106826	6205	1
A_HP_07	25	Picture	response28	2107420	230	1	40229	1	0	40000	hit	134
A_HP_07	25	Response	1	2115344	8155	1
A_HP_07	25	Pulse	99	2126747	19558	1
A_HP_07	25	Pulse	99	2146826	39636	1
A_HP_07	26	Picture	response27	2157878	288	1	40229	1	0	40000	hit	138
A_HP_07	26	Response	2	2161884	4295	1
A_HP_07	26	Pulse	99	2166825	9235	1
A_HP_07	26	Pulse	99	2186746	29156	1
A_HP_07	26	Pulse	99	2206826	49236	1
A_HP_07	27	Picture	response32	2208169	180	1	40229	1	0	40000	hit	143
A_HP_07	27	Response	1	2213525	5535	1
A_HP_07	27	Pulse	99	2226826	18836	1
A_HP_07	27	Pulse	99	2246746	38757	1
A_HP_07	28	Picture	response25	2258461	71	1	40229	1	0	40000	hit	147
A_HP_07	28	Response	1	2264714	6325	1
A_HP_07	28	Pulse	99	2266825	8435	1
A_HP_07	28	Pulse	99	2286826	28436	1
A_HP_07	28	Pulse	99	2306826	48436	1
A_HP_07	29	Picture	response31	2309086	296	1	40229	1	0	40000	hit	152
A_HP_07	29	Response	1	2317795	9005	1
A_HP_07	29	Pulse	99	2326826	18036	1
A_HP_07	29	Pulse	99	2346826	38036	1
A_HP_07	30	Picture	response26	2359377	188	1	40229	1	0	40000	hit	156
A_HP_07	30	Response	2	2364455	5265	1
A_HP_07	30	Pulse	99	2366825	7636	1
A_HP_07	30	Pulse	99	2386826	27636	1
A_HP_07	30	Pulse	99	2406826	47636	1
A_HP_07	31	Picture	response29	2409836	246	1	40229	1	0	40000	hit	161
A_HP_07	31	Response	2	2418154	8565	1
A_HP_07	31	Pulse	99	2426826	17236	1
A_HP_07	31	Pulse	99	2446748	37159	1
A_HP_07	32	Picture	response30	2460127	138	1	40229	1	0	40000	hit	166
A_HP_07	32	Pulse	99	2466826	6836	1
A_HP_07	32	Response	1	2467204	7215	1
A_HP_07	32	Pulse	99	2486826	26836	1
A_HP_07	32	Pulse	99	2506746	46756	1
A_HP_07	33	Picture	ins2	2510586	196	1	30229	1	0	30000	other	0
A_HP_07	33	Pulse	99	2526826	16436	1
A_HP_07	33	Pulse	99	2546826	36436	1
A_HP_07	33	Pulse	99	2566746	56356	1
A_HP_07	33	Pulse	99	2586826	76436	1
A_HP_07	33	Pulse	99	2606826	96436	1
A_HP_07	33	Pulse	99	2626746	116356	1
A_HP_07	33	Pulse	99	2646826	136436	1
A_HP_07	33	Pulse	99	2666826	156436	1
A_HP_07	33	Pulse	99	2686826	176436	1
A_HP_07	33	Pulse	99	2706826	196436	1
A_HP_07	33	Pulse	99	2726826	216436	1
A_HP_07	33	Pulse	99	2746825	236436	1
A_HP_07	33	Pulse	99	2766745	256356	1
A_HP_07	33	Pulse	99	2786826	276437	1
A_HP_07	33	Pulse	99	2806826	296436	1
A_HP_07	34	Response	3	2826746	6126	1
A_HP_07	34	Pulse	99	2826746	6126	1
A_HP_07	35	Picture	response11	2827319	230	1	40229	1	0	40000	hit	188
A_HP_07	35	Response	1	2835704	8615	1
A_HP_07	35	Pulse	99	2846826	19736	1
A_HP_07	35	Pulse	99	2866826	39736	1
A_HP_07	36	Picture	response9	2877778	288	1	40229	1	0	40000	hit	192
A_HP_07	36	Response	2	2881574	4085	1
A_HP_07	36	Pulse	99	2886745	9256	1
A_HP_07	36	Pulse	99	2906826	29336	1
A_HP_07	36	Pulse	99	2926825	49336	1
A_HP_07	37	Picture	response13	2928069	180	1	40229	1	0	40000	hit	197
A_HP_07	37	Response	2	2933274	5385	1
A_HP_07	37	Pulse	99	2946745	18856	1
A_HP_07	37	Pulse	99	2966825	38936	1
A_HP_07	38	Picture	response14	2978527	238	1	40229	1	0	40000	hit	201
A_HP_07	38	Response	1	2983934	5645	1
A_HP_07	38	Pulse	99	2986825	8535	1
A_HP_07	38	Pulse	99	3006745	28456	1
A_HP_07	38	Pulse	99	3026745	48456	1
A_HP_07	39	Picture	response10	3028819	129	1	40229	1	0	40000	hit	206
A_HP_07	39	Response	2	3035164	6475	1
A_HP_07	39	Pulse	99	3046825	18136	1
A_HP_07	39	Pulse	99	3066826	38136	1
A_HP_07	40	Picture	response15	3079444	354	1	40229	1	0	40000	hit	210
A_HP_07	40	Response	1	3084224	5135	1
A_HP_07	40	Pulse	99	3086745	7655	1
A_HP_07	40	Pulse	99	3106826	27736	1
A_HP_07	40	Pulse	99	3126825	47736	1
A_HP_07	41	Picture	response16	3129735	246	1	40229	1	0	40000	hit	215
A_HP_07	41	Response	2	3134424	4935	1
A_HP_07	41	Pulse	99	3146745	17256	1
A_HP_07	41	Pulse	99	3166825	37336	1
A_HP_07	42	Picture	response12	3180027	137	1	40229	1	0	40000	hit	219
A_HP_07	42	Response	2	3185123	5234	1
A_HP_07	42	Pulse	99	3186825	6935	1
A_HP_07	42	Pulse	99	3206745	26856	1
A_HP_07	42	Pulse	99	3226825	46936	1
A_HP_07	43	Picture	ins20	3230485	196	1	30229	1	0	30000	other	0
A_HP_07	43	Pulse	99	3246825	16536	1
A_HP_07	43	Pulse	99	3266745	36456	1
A_HP_07	43	Pulse	99	3286825	56536	1
A_HP_07	43	Pulse	99	3306825	76536	1
A_HP_07	43	Pulse	99	3326745	96456	1
A_HP_07	43	Pulse	99	3346745	116456	1
A_HP_07	43	Pulse	99	3366825	136536	1
A_HP_07	43	Pulse	99	3386745	156456	1
A_HP_07	43	Pulse	99	3406745	176456	1
A_HP_07	43	Pulse	99	3426825	196536	1
A_HP_07	43	Pulse	99	3446825	216536	1
A_HP_07	43	Pulse	99	3466745	236456	1
A_HP_07	43	Pulse	99	3486825	256536	1
A_HP_07	43	Pulse	99	3506825	276536	1
A_HP_07	43	Pulse	99	3526745	296456	1
A_HP_07	44	Response	3	3546825	6306	1
A_HP_07	44	Pulse	99	3546825	6306	1
A_HP_07	45	Picture	response158	3547418	230	1	40229	1	0	40000	hit	243
A_HP_07	45	Pulse	99	3566825	19636	1
A_HP_07	45	Response	2	3570903	23714	1
A_HP_07	45	Pulse	99	3586745	39556	1
A_HP_07	46	Picture	response154	3597877	288	1	40230	1	0	40000	hit	247
A_HP_07	46	Pulse	99	3606825	9236	1
A_HP_07	46	Response	1	3607323	9734	1
A_HP_07	46	Pulse	99	3626825	29236	1
A_HP_07	46	Pulse	99	3646745	49156	1
A_HP_07	47	Picture	response157	3648169	180	1	40229	1	0	40000	hit	251
A_HP_07	47	Response	2	3663404	15415	1
A_HP_07	47	Pulse	99	3666744	18755	1
A_HP_07	47	Pulse	99	3686825	38836	1
A_HP_07	48	Picture	response153	3698460	71	1	40230	1	0	40000	hit	256
A_HP_07	48	Pulse	99	3706745	8356	1
A_HP_07	48	Response	2	3710683	12294	1
A_HP_07	48	Pulse	99	3726745	28356	1
A_HP_07	48	Pulse	99	3746825	48436	1
A_HP_07	49	Picture	response159	3749086	297	1	40229	1	0	40000	hit	260
A_HP_07	49	Response	1	3762244	13455	1
A_HP_07	49	Pulse	99	3766745	17956	1
A_HP_07	49	Pulse	99	3786745	37956	1
A_HP_07	50	Picture	response156	3799378	189	1	40229	1	0	40000	hit	264
A_HP_07	50	Response	1	3805864	6675	1
A_HP_07	50	Pulse	99	3806824	7636	1
A_HP_07	50	Pulse	99	3826825	27636	1
A_HP_07	50	Pulse	99	3846745	47556	1
A_HP_07	51	Picture	response160	3849836	247	1	40229	1	0	40000	hit	269
A_HP_07	51	Response	1	3857494	7905	1
A_HP_07	51	Pulse	99	3866825	17236	1
A_HP_07	51	Pulse	99	3886825	37236	1
A_HP_07	52	Picture	response155	3900128	139	1	40229	1	0	40000	hit	274
A_HP_07	52	Pulse	99	3906745	6756	1
A_HP_07	52	Response	2	3911494	11505	1
A_HP_07	52	Pulse	99	3926825	26836	1
A_HP_07	52	Pulse	99	3946825	46836	1
A_HP_07	53	Picture	ins18	3950586	197	1	30229	1	0	30000	other	0
A_HP_07	53	Pulse	99	3966745	16356	1
A_HP_07	53	Pulse	99	3986745	36356	1
A_HP_07	53	Pulse	99	4006825	56436	1
A_HP_07	53	Pulse	99	4026745	76356	1
A_HP_07	53	Pulse	99	4046745	96356	1
A_HP_07	53	Pulse	99	4066825	116436	1
A_HP_07	53	Pulse	99	4086745	136356	1
A_HP_07	53	Pulse	99	4106745	156356	1
A_HP_07	53	Pulse	99	4126825	176436	1
A_HP_07	53	Pulse	99	4146745	196356	1
A_HP_07	53	Pulse	99	4166745	216356	1
A_HP_07	53	Pulse	99	4186825	236436	1
A_HP_07	53	Pulse	99	4206825	256436	1
A_HP_07	53	Pulse	99	4226745	276356	1
A_HP_07	53	Pulse	99	4246825	296436	1
A_HP_07	54	Response	3	4266825	6206	1
A_HP_07	54	Pulse	99	4266825	6206	1
A_HP_07	55	Picture	response143	4267419	230	1	40229	1	0	40000	hit	296
A_HP_07	55	Response	2	4277093	9905	1
A_HP_07	55	Pulse	99	4286745	19556	1
A_HP_07	55	Pulse	99	4306745	39556	1
A_HP_07	56	Picture	response138	4317877	288	1	40229	1	0	40000	hit	302
A_HP_07	56	Pulse	99	4326825	9236	1
A_HP_07	56	Pulse	99	4346745	29156	1
A_HP_07	56	Response	1	4346993	29405	1
A_HP_07	56	Pulse	99	4366745	49156	1
A_HP_07	57	Picture	response137	4368168	179	1	40229	1	0	40000	hit	305
A_HP_07	57	Response	2	4386774	18785	1
A_HP_07	57	Pulse	99	4386824	18836	1
A_HP_07	57	Pulse	99	4406745	38756	1
A_HP_07	58	Picture	response144	4418460	71	1	40229	1	0	40000	hit	310
A_HP_07	58	Pulse	99	4426747	8359	1
A_HP_07	58	Response	2	4430883	12495	1
A_HP_07	58	Pulse	99	4446825	28436	1
A_HP_07	58	Pulse	99	4466745	48356	1
A_HP_07	59	Picture	response140	4469085	296	1	40229	1	0	40000	hit	314
A_HP_07	59	Response	1	4486713	17925	1
A_HP_07	59	Pulse	99	4486744	17955	1
A_HP_07	59	Pulse	99	4506824	38036	1
A_HP_07	60	Picture	response141	4519376	188	1	40229	1	0	40000	hit	319
A_HP_07	60	Pulse	99	4526745	7556	1
A_HP_07	60	Response	1	4530303	11115	1
A_HP_07	60	Pulse	99	4546745	27556	1
A_HP_07	60	Pulse	99	4566745	47556	1
A_HP_07	61	Picture	response142	4569835	246	1	40229	1	0	40000	hit	323
A_HP_07	61	Response	1	4577344	7755	1
A_HP_07	61	Pulse	99	4586825	17236	1
A_HP_07	61	Pulse	99	4606745	37156	1
A_HP_07	62	Picture	response139	4620126	138	1	40229	1	0	40000	hit	328
A_HP_07	62	Pulse	99	4626744	6756	1
A_HP_07	62	Response	2	4632943	12955	1
A_HP_07	62	Pulse	99	4646824	26836	1
A_HP_07	62	Pulse	99	4666744	46756	1
A_HP_07	63	Picture	thanks	4670251	0	1	10229	1	0	10000	other	0
A_HP_07	63	Pulse	99	4686744	16493	1


Event Type	Code	Type	Response	RT	RT Uncertainty	Time	Uncertainty	Duration	Uncertainty	ReqTime	ReqDur

Picture	ready	other				287059	1	10229	1	0	10000
Picture	ins10	other				347624	1	30229	1	0	30000
Picture	response75	hit	1	8965	2	667420	1	40229	1	0	40000
Picture	response79	hit	1	6207	2	717878	1	40229	1	0	40000
Picture	response77	hit	1	7755	2	768170	1	40230	1	0	40000
Picture	response78	hit	2	7533	2	818462	1	40229	1	0	40000
Picture	response76	hit	2	10428	2	869087	1	40229	1	0	40000
Picture	response80	hit	1	20077	2	919378	1	40229	1	0	40000
Picture	response74	hit	2	5989	2	969836	1	40229	1	0	40000
Picture	response73	hit	1	26457	2	1020128	1	40229	1	0	40000
Picture	ins12	other				1070587	1	30229	1	0	30000
Picture	response96	hit	2	16205	2	1387420	1	40229	1	0	40000
Picture	response89	hit	2	15736	2	1437878	1	40229	1	0	40000
Picture	response91	hit	2	6355	2	1488170	1	40229	1	0	40000
Picture	response90	hit	1	12183	2	1538461	1	40229	1	0	40000
Picture	response92	hit	1	21739	2	1589086	1	40229	1	0	40000
Picture	response95	hit	2	4377	2	1639378	1	40229	1	0	40000
Picture	response93	hit	1	8359	2	1689836	1	40229	1	0	40000
Picture	response94	hit	2	7156	2	1740128	1	40230	1	0	40000
Picture	ins4	other				1790586	1	30229	1	0	30000
Picture	response28	hit	1	7925	2	2107420	1	40229	1	0	40000
Picture	response27	hit	2	4007	2	2157878	1	40229	1	0	40000
Picture	response32	hit	1	5355	2	2208169	1	40229	1	0	40000
Picture	response25	hit	1	6254	2	2258461	1	40229	1	0	40000
Picture	response31	hit	1	8709	2	2309086	1	40229	1	0	40000
Picture	response26	hit	2	5077	2	2359377	1	40229	1	0	40000
Picture	response29	hit	2	8319	2	2409836	1	40229	1	0	40000
Picture	response30	hit	1	7077	2	2460127	1	40229	1	0	40000
Picture	ins2	other				2510586	1	30229	1	0	30000
Picture	response11	hit	1	8385	2	2827319	1	40229	1	0	40000
Picture	response9	hit	2	3797	2	2877778	1	40229	1	0	40000
Picture	response13	hit	2	5205	2	2928069	1	40229	1	0	40000
Picture	response14	hit	1	5407	2	2978527	1	40229	1	0	40000
Picture	response10	hit	2	6346	2	3028819	1	40229	1	0	40000
Picture	response15	hit	1	4781	2	3079444	1	40229	1	0	40000
Picture	response16	hit	2	4689	2	3129735	1	40229	1	0	40000
Picture	response12	hit	2	5097	2	3180027	1	40229	1	0	40000
Picture	ins20	other				3230485	1	30229	1	0	30000
Picture	response158	hit	2	23485	2	3547418	1	40229	1	0	40000
Picture	response154	hit	1	9446	2	3597877	1	40230	1	0	40000
Picture	response157	hit	2	15234	2	3648169	1	40229	1	0	40000
Picture	response153	hit	2	12223	2	3698460	1	40230	1	0	40000
Picture	response159	hit	1	13158	2	3749086	1	40229	1	0	40000
Picture	response156	hit	1	6486	2	3799378	1	40229	1	0	40000
Picture	response160	hit	1	7658	2	3849836	1	40229	1	0	40000
Picture	response155	hit	2	11366	2	3900128	1	40229	1	0	40000
Picture	ins18	other				3950586	1	30229	1	0	30000
Picture	response143	hit	2	9675	2	4267419	1	40229	1	0	40000
Picture	response138	hit	1	29116	2	4317877	1	40229	1	0	40000
Picture	response137	hit	2	18606	2	4368168	1	40229	1	0	40000
Picture	response144	hit	2	12424	2	4418460	1	40229	1	0	40000
Picture	response140	hit	1	17629	2	4469085	1	40229	1	0	40000
Picture	response141	hit	1	10927	2	4519376	1	40229	1	0	40000
Picture	response142	hit	1	7509	2	4569835	1	40229	1	0	40000
Picture	response139	hit	2	12817	2	4620126	1	40229	1	0	40000
Picture	thanks	other				4670251	1	10229	1	0	10000


{
   "app": "Presentation Version 21.0 Build 06.06.19",
   "device": "LENOVO 20KHCTO1WW",
   "experiment": "{C0C68DB1-10BA-42F2-8F79-3F2AFFEED4E4}",
   "os": "Windows 10 64 bit",
   "package": "",
   "parameters": {
      "configuration": "Default configuration"
   },
   "scenario": "Feature experiment(3).sce",
   "subject": "A_HP_07",
   "timestamp": "2019/08/29 00:56:55 GMT"
}
