Scenario - 
Logfile written - 08/29/2019 12:17:24

Subject	Trial	Event Type	Code	Time	TTime	Uncertainty	Duration	Uncertainty	ReqTime	ReqDur	Stim Type	Pair Index

A_HP_09	1	Response	3	179273	177773	1
A_HP_09	1	Pulse	99	179273	177773	1
A_HP_09	2	Picture	ready	179504	0	1	10229	1	0	10000	other	0
A_HP_09	2	Pulse	99	199353	19848	1
A_HP_09	2	Pulse	99	219273	39768	1
A_HP_09	2	Pulse	99	239273	59768	1
A_HP_09	3	Picture	ins12	240129	234	1	30229	1	0	30000	other	0
A_HP_09	3	Pulse	99	259353	19457	1
A_HP_09	3	Pulse	99	279273	39377	1
A_HP_09	3	Pulse	99	299273	59377	1
A_HP_09	3	Pulse	99	319353	79457	1
A_HP_09	3	Pulse	99	339273	99377	1
A_HP_09	3	Pulse	99	359273	119377	1
A_HP_09	3	Pulse	99	379272	139377	1
A_HP_09	3	Pulse	99	399272	159377	1
A_HP_09	3	Pulse	99	419273	179377	1
A_HP_09	3	Pulse	99	439273	199377	1
A_HP_09	3	Pulse	99	459273	219377	1
A_HP_09	3	Pulse	99	479273	239377	1
A_HP_09	3	Pulse	99	499273	259377	1
A_HP_09	3	Pulse	99	519272	279377	1
A_HP_09	3	Pulse	99	539272	299377	1
A_HP_09	4	Response	3	559272	9147	1
A_HP_09	4	Pulse	99	559272	9147	1
A_HP_09	5	Picture	response89	559824	229	1	40229	1	0	40000	hit	26
A_HP_09	5	Response	2	577381	17786	1
A_HP_09	5	Pulse	99	579352	19756	1
A_HP_09	5	Pulse	99	599272	39677	1
A_HP_09	6	Picture	response90	610115	121	1	40229	1	0	40000	hit	31
A_HP_09	6	Pulse	99	619272	9278	1
A_HP_09	6	Response	1	623920	13926	1
A_HP_09	6	Pulse	99	639272	29277	1
A_HP_09	6	Pulse	99	659272	49278	1
A_HP_09	7	Picture	response91	660739	345	1	40229	1	0	40000	hit	35
A_HP_09	7	Response	2	669631	9237	1
A_HP_09	7	Pulse	99	679273	18878	1
A_HP_09	7	Pulse	99	699272	38878	1
A_HP_09	8	Picture	response93	711031	235	1	40229	1	0	40000	hit	39
A_HP_09	8	Response	1	719051	8256	1
A_HP_09	8	Pulse	99	719272	8476	1
A_HP_09	8	Pulse	99	739273	28477	1
A_HP_09	8	Pulse	99	759273	48477	1
A_HP_09	9	Picture	response95	761322	126	1	40229	1	0	40000	hit	44
A_HP_09	9	Response	2	768351	7156	1
A_HP_09	9	Pulse	99	779272	18077	1
A_HP_09	9	Pulse	99	799273	38077	1
A_HP_09	10	Picture	response92	811779	184	1	40229	1	0	40000	hit	50
A_HP_09	10	Pulse	99	819273	7677	1
A_HP_09	10	Pulse	99	839272	27677	1
A_HP_09	10	Response	1	844881	33286	1
A_HP_09	10	Pulse	99	859273	47677	1
A_HP_09	11	Picture	response96	862237	241	1	40229	1	0	40000	hit	53
A_HP_09	11	Response	2	878851	16855	1
A_HP_09	11	Pulse	99	879272	17276	1
A_HP_09	11	Pulse	99	899272	37277	1
A_HP_09	12	Picture	response94	912694	299	1	40229	1	0	40000	hit	58
A_HP_09	12	Pulse	99	919272	6877	1
A_HP_09	12	Response	2	921221	8825	1
A_HP_09	12	Pulse	99	939272	26877	1
A_HP_09	12	Pulse	99	959272	46877	1
A_HP_09	13	Picture	ins10	962985	190	1	30229	1	0	30000	other	0
A_HP_09	13	Pulse	99	979272	16477	1
A_HP_09	13	Pulse	99	999273	36478	1
A_HP_09	13	Pulse	99	1019272	56477	1
A_HP_09	13	Pulse	99	1039272	76477	1
A_HP_09	13	Pulse	99	1059272	96477	1
A_HP_09	13	Pulse	99	1079272	116477	1
A_HP_09	13	Pulse	99	1099272	136477	1
A_HP_09	13	Pulse	99	1119272	156477	1
A_HP_09	13	Pulse	99	1139272	176477	1
A_HP_09	13	Pulse	99	1159272	196477	1
A_HP_09	13	Pulse	99	1179272	216477	1
A_HP_09	13	Pulse	99	1199272	236477	1
A_HP_09	13	Pulse	99	1219272	256477	1
A_HP_09	13	Pulse	99	1239272	276477	1
A_HP_09	13	Pulse	99	1259272	296477	1
A_HP_09	14	Response	3	1279272	6247	1
A_HP_09	14	Pulse	99	1279272	6247	1
A_HP_09	15	Picture	response78	1279824	230	1	40229	1	0	40000	hit	82
A_HP_09	15	Pulse	99	1299272	19677	1
A_HP_09	15	Pulse	99	1319272	39677	1
A_HP_09	15	Response	2	1321991	42396	1
A_HP_09	16	Picture	response77	1330115	120	1	40229	1	0	40000	incorrect	85
A_HP_09	16	Pulse	99	1339272	9278	1
A_HP_09	16	Response	2	1357711	27716	1
A_HP_09	16	Pulse	99	1359271	29277	1
A_HP_09	16	Pulse	99	1379272	49277	1
A_HP_09	17	Picture	response80	1380739	345	1	40229	1	0	40000	hit	89
A_HP_09	17	Response	1	1390171	9777	1
A_HP_09	17	Pulse	99	1399272	18878	1
A_HP_09	17	Pulse	99	1419272	38878	1
A_HP_09	18	Picture	response75	1431029	235	1	40229	1	0	40000	hit	94
A_HP_09	18	Pulse	99	1439272	8477	1
A_HP_09	18	Response	1	1440230	9435	1
A_HP_09	18	Pulse	99	1459272	28477	1
A_HP_09	18	Pulse	99	1479272	48477	1
A_HP_09	19	Picture	response79	1481320	126	1	40229	1	0	40000	hit	98
A_HP_09	19	Response	1	1487561	6366	1
A_HP_09	19	Pulse	99	1499272	18077	1
A_HP_09	19	Pulse	99	1519272	38077	1
A_HP_09	20	Picture	response74	1531778	183	1	40229	1	0	40000	hit	102
A_HP_09	20	Response	2	1536211	4616	1
A_HP_09	20	Pulse	99	1539271	7676	1
A_HP_09	20	Pulse	99	1559272	27677	1
A_HP_09	20	Pulse	99	1579272	47677	1
A_HP_09	21	Picture	response76	1582236	241	1	40229	1	0	40000	hit	107
A_HP_09	21	Response	2	1591091	9096	1
A_HP_09	21	Pulse	99	1599272	17277	1
A_HP_09	21	Pulse	99	1619272	37277	1
A_HP_09	22	Picture	response73	1632694	299	1	40229	1	0	40000	hit	112
A_HP_09	22	Pulse	99	1639272	6877	1
A_HP_09	22	Response	1	1639370	6975	1
A_HP_09	22	Pulse	99	1659272	26877	1
A_HP_09	22	Pulse	99	1679272	46877	1
A_HP_09	23	Picture	ins2	1682985	191	1	30229	1	0	30000	other	0
A_HP_09	23	Pulse	99	1699272	16477	1
A_HP_09	23	Pulse	99	1719272	36477	1
A_HP_09	23	Pulse	99	1739272	56477	1
A_HP_09	23	Pulse	99	1759272	76477	1
A_HP_09	23	Pulse	99	1779272	96477	1
A_HP_09	23	Pulse	99	1799272	116477	1
A_HP_09	23	Pulse	99	1819272	136477	1
A_HP_09	23	Pulse	99	1839272	156477	1
A_HP_09	23	Pulse	99	1859272	176477	1
A_HP_09	23	Pulse	99	1879272	196477	1
A_HP_09	23	Pulse	99	1899272	216477	1
A_HP_09	23	Pulse	99	1919272	236477	1
A_HP_09	23	Pulse	99	1939272	256477	1
A_HP_09	23	Pulse	99	1959272	276477	1
A_HP_09	23	Pulse	99	1979272	296477	1
A_HP_09	24	Response	3	1999272	6247	1
A_HP_09	24	Pulse	99	1999272	6247	1
A_HP_09	25	Picture	response15	1999825	230	1	40229	1	0	40000	hit	134
A_HP_09	25	Response	1	2009581	9986	1
A_HP_09	25	Pulse	99	2019271	19676	1
A_HP_09	25	Pulse	99	2039272	39677	1
A_HP_09	26	Picture	response14	2050116	121	1	40229	1	0	40000	hit	138
A_HP_09	26	Response	1	2058691	8696	1
A_HP_09	26	Pulse	99	2059271	9277	1
A_HP_09	26	Pulse	99	2079272	29277	1
A_HP_09	26	Pulse	99	2099272	49277	1
A_HP_09	27	Picture	response13	2100740	346	1	40229	1	0	40000	hit	143
A_HP_09	27	Response	2	2105161	4767	1
A_HP_09	27	Pulse	99	2119272	18878	1
A_HP_09	27	Pulse	99	2139272	38878	1
A_HP_09	28	Picture	response12	2151031	236	1	40229	1	0	40000	hit	147
A_HP_09	28	Response	2	2157371	6576	1
A_HP_09	28	Pulse	99	2159271	8476	1
A_HP_09	28	Pulse	99	2179272	28477	1
A_HP_09	28	Pulse	99	2199272	48477	1
A_HP_09	29	Picture	response10	2201322	127	1	40229	1	0	40000	hit	152
A_HP_09	29	Response	2	2208221	7026	1
A_HP_09	29	Pulse	99	2219272	18077	1
A_HP_09	29	Pulse	99	2239272	38077	1
A_HP_09	30	Picture	response9	2251780	185	1	40229	1	0	40000	hit	156
A_HP_09	30	Response	2	2256421	4826	1
A_HP_09	30	Pulse	99	2259272	7677	1
A_HP_09	30	Pulse	99	2279272	27678	1
A_HP_09	30	Pulse	99	2299272	47678	1
A_HP_09	31	Picture	response11	2302237	243	1	40229	1	0	40000	hit	161
A_HP_09	31	Response	1	2307381	5386	1
A_HP_09	31	Pulse	99	2319272	17277	1
A_HP_09	31	Pulse	99	2339272	37277	1
A_HP_09	32	Picture	response16	2352695	300	1	40229	1	0	40000	hit	165
A_HP_09	32	Response	2	2357761	5366	1
A_HP_09	32	Pulse	99	2359271	6877	1
A_HP_09	32	Pulse	99	2379272	26877	1
A_HP_09	32	Pulse	99	2399272	46877	1
A_HP_09	33	Picture	ins18	2402987	192	1	30229	1	0	30000	other	0
A_HP_09	33	Pulse	99	2419272	16478	1
A_HP_09	33	Pulse	99	2439272	36478	1
A_HP_09	33	Pulse	99	2459272	56477	1
A_HP_09	33	Pulse	99	2479272	76478	1
A_HP_09	33	Pulse	99	2499272	96477	1
A_HP_09	33	Pulse	99	2519272	116478	1
A_HP_09	33	Pulse	99	2539272	136477	1
A_HP_09	33	Pulse	99	2559272	156478	1
A_HP_09	33	Pulse	99	2579272	176478	1
A_HP_09	33	Pulse	99	2599272	196478	1
A_HP_09	33	Pulse	99	2619272	216478	1
A_HP_09	33	Pulse	99	2639272	236478	1
A_HP_09	33	Pulse	99	2659272	256478	1
A_HP_09	33	Pulse	99	2679272	276478	1
A_HP_09	33	Pulse	99	2699272	296478	1
A_HP_09	34	Response	3	2719272	6247	1
A_HP_09	34	Pulse	99	2719272	6247	1
A_HP_09	35	Picture	response142	2719824	230	1	40229	1	0	40000	incorrect	189
A_HP_09	35	Pulse	99	2739272	19677	1
A_HP_09	35	Response	2	2742870	23275	1
A_HP_09	35	Pulse	99	2759272	39677	1
A_HP_09	36	Picture	response144	2770116	121	1	40229	1	0	40000	hit	193
A_HP_09	36	Pulse	99	2779271	9277	1
A_HP_09	36	Response	2	2795290	25296	1
A_HP_09	36	Pulse	99	2799271	29276	1
A_HP_09	36	Pulse	99	2819272	49277	1
A_HP_09	37	Picture	response143	2820740	346	1	40229	1	0	40000	hit	198
A_HP_09	37	Pulse	99	2839272	18878	1
A_HP_09	37	Response	2	2842060	21667	1
A_HP_09	37	Pulse	99	2859272	38878	1
A_HP_09	38	Picture	response138	2871031	237	1	40229	1	0	40000	incorrect	202
A_HP_09	38	Pulse	99	2879272	8477	1
A_HP_09	38	Response	2	2896930	26136	1
A_HP_09	38	Pulse	99	2899271	28477	1
A_HP_09	38	Pulse	99	2919272	48477	1
A_HP_09	39	Picture	response140	2921322	128	1	40229	1	0	40000	incorrect	207
A_HP_09	39	Pulse	99	2939272	18077	1
A_HP_09	39	Response	2	2949500	28306	1
A_HP_09	39	Pulse	99	2959271	38077	1
A_HP_09	40	Picture	response137	2971780	186	1	40229	1	0	40000	hit	211
A_HP_09	40	Pulse	99	2979272	7678	1
A_HP_09	40	Response	2	2991300	19706	1
A_HP_09	40	Pulse	99	2999271	27677	1
A_HP_09	40	Pulse	99	3019272	47678	1
A_HP_09	41	Picture	response141	3022237	243	1	40229	1	0	40000	hit	215
A_HP_09	41	Response	1	3026730	4736	1
A_HP_09	41	Pulse	99	3039271	17277	1
A_HP_09	41	Pulse	99	3059272	37277	1
A_HP_09	42	Picture	response139	3072695	301	1	40214	1	0	40000	incorrect	220
A_HP_09	42	Pulse	99	3079271	6877	1
A_HP_09	42	Response	1	3087669	15276	1
A_HP_09	42	Pulse	99	3099271	26877	1
A_HP_09	42	Pulse	99	3119271	46877	1
A_HP_09	43	Picture	ins20	3122971	178	1	30229	1	0	30000	other	0
A_HP_09	43	Pulse	99	3139271	16478	1
A_HP_09	43	Pulse	99	3159272	36478	1
A_HP_09	43	Pulse	99	3179271	56477	1
A_HP_09	43	Pulse	99	3199271	76478	1
A_HP_09	43	Pulse	99	3219271	96478	1
A_HP_09	43	Pulse	99	3239271	116478	1
A_HP_09	43	Pulse	99	3259271	136478	1
A_HP_09	43	Pulse	99	3279272	156478	1
A_HP_09	43	Pulse	99	3299271	176478	1
A_HP_09	43	Pulse	99	3319271	196478	1
A_HP_09	43	Pulse	99	3339271	216478	1
A_HP_09	43	Pulse	99	3359271	236478	1
A_HP_09	43	Pulse	99	3379271	256477	1
A_HP_09	43	Pulse	99	3399271	276478	1
A_HP_09	43	Pulse	99	3419271	296477	1
A_HP_09	44	Response	3	3439271	6316	1
A_HP_09	44	Pulse	99	3439271	6316	1
A_HP_09	45	Picture	response156	3439824	230	1	40229	1	0	40000	hit	242
A_HP_09	45	Response	1	3447670	8076	1
A_HP_09	45	Pulse	99	3459271	19677	1
A_HP_09	45	Pulse	99	3479272	39677	1
A_HP_09	46	Picture	response158	3490115	121	1	40229	1	0	40000	incorrect	247
A_HP_09	46	Pulse	99	3499271	9277	1
A_HP_09	46	Response	1	3518340	28346	1
A_HP_09	46	Pulse	99	3519271	29276	1
A_HP_09	46	Pulse	99	3539271	49277	1
A_HP_09	47	Picture	response157	3540739	346	1	40229	1	0	40000	hit	252
A_HP_09	47	Pulse	99	3559271	18878	1
A_HP_09	47	Response	2	3570850	30457	1
A_HP_09	47	Pulse	99	3579271	38878	1
A_HP_09	48	Picture	response160	3591030	236	1	40229	1	0	40000	hit	256
A_HP_09	48	Pulse	99	3599271	8477	1
A_HP_09	48	Response	1	3609120	18326	1
A_HP_09	48	Pulse	99	3619271	28477	1
A_HP_09	48	Pulse	99	3639271	48477	1
A_HP_09	49	Picture	response159	3641321	127	1	40229	1	0	40000	hit	260
A_HP_09	49	Response	1	3654310	13116	1
A_HP_09	49	Pulse	99	3659271	18077	1
A_HP_09	49	Pulse	99	3679271	38077	1
A_HP_09	50	Picture	response154	3691779	186	1	40229	1	0	40000	hit	265
A_HP_09	50	Pulse	99	3699271	7678	1
A_HP_09	50	Response	1	3704230	12636	1
A_HP_09	50	Pulse	99	3719271	27678	1
A_HP_09	50	Pulse	99	3739271	47677	1
A_HP_09	51	Picture	response153	3742237	244	1	40229	1	0	40000	hit	269
A_HP_09	51	Response	2	3752720	10726	1
A_HP_09	51	Pulse	99	3759271	17277	1
A_HP_09	51	Pulse	99	3779271	37277	1
A_HP_09	52	Picture	response155	3792695	301	1	40229	1	0	40000	hit	275
A_HP_09	52	Pulse	99	3799271	6877	1
A_HP_09	52	Pulse	99	3819271	26877	1
A_HP_09	52	Response	2	3822999	30606	1
A_HP_09	52	Pulse	99	3839271	46877	1
A_HP_09	53	Picture	ins4	3842986	193	1	30229	1	0	30000	other	0
A_HP_09	53	Pulse	99	3859271	16478	1
A_HP_09	53	Pulse	99	3879271	36478	1
A_HP_09	53	Pulse	99	3899271	56478	1
A_HP_09	53	Pulse	99	3919271	76478	1
A_HP_09	53	Pulse	99	3939271	96478	1
A_HP_09	53	Pulse	99	3959271	116478	1
A_HP_09	53	Pulse	99	3979271	136478	1
A_HP_09	53	Pulse	99	3999271	156478	1
A_HP_09	53	Pulse	99	4019271	176478	1
A_HP_09	53	Pulse	99	4039271	196478	1
A_HP_09	53	Pulse	99	4059271	216478	1
A_HP_09	53	Pulse	99	4079271	236478	1
A_HP_09	53	Pulse	99	4099271	256478	1
A_HP_09	53	Pulse	99	4119271	276478	1
A_HP_09	53	Pulse	99	4139271	296478	1
A_HP_09	54	Response	3	4159271	6248	1
A_HP_09	54	Pulse	99	4159271	6248	1
A_HP_09	55	Picture	response29	4159823	229	1	40229	1	0	40000	hit	296
A_HP_09	55	Response	2	4168389	8796	1
A_HP_09	55	Pulse	99	4179271	19678	1
A_HP_09	55	Pulse	99	4199271	39678	1
A_HP_09	56	Picture	response30	4210114	120	1	40229	1	0	40000	hit	300
A_HP_09	56	Response	1	4217860	7866	1
A_HP_09	56	Pulse	99	4219270	9277	1
A_HP_09	56	Pulse	99	4239271	29278	1
A_HP_09	56	Pulse	99	4259271	49278	1
A_HP_09	57	Picture	response26	4260738	345	1	40229	1	0	40000	hit	305
A_HP_09	57	Response	2	4266840	6447	1
A_HP_09	57	Pulse	99	4279271	18878	1
A_HP_09	57	Pulse	99	4299271	38878	1
A_HP_09	58	Picture	response31	4311029	236	1	40229	1	0	40000	hit	310
A_HP_09	58	Pulse	99	4319270	8477	1
A_HP_09	58	Response	1	4322528	11735	1
A_HP_09	58	Pulse	99	4339270	28477	1
A_HP_09	58	Pulse	99	4359270	48477	1
A_HP_09	59	Picture	response28	4361320	127	1	40229	1	0	40000	hit	314
A_HP_09	59	Response	1	4370849	9656	1
A_HP_09	59	Pulse	99	4379270	18077	1
A_HP_09	59	Pulse	99	4399270	38077	1
A_HP_09	60	Picture	response25	4411777	184	1	40229	1	0	40000	hit	319
A_HP_09	60	Pulse	99	4419270	7678	1
A_HP_09	60	Response	1	4420078	8486	1
A_HP_09	60	Pulse	99	4439270	27678	1
A_HP_09	60	Pulse	99	4459271	47678	1
A_HP_09	61	Picture	response32	4462235	241	1	40229	1	0	40000	hit	323
A_HP_09	61	Response	1	4471939	9946	1
A_HP_09	61	Pulse	99	4479270	17277	1
A_HP_09	61	Pulse	99	4499270	37277	1
A_HP_09	62	Picture	response27	4512692	298	1	40229	1	0	40000	hit	328
A_HP_09	62	Pulse	99	4519271	6877	1
A_HP_09	62	Response	2	4519979	7585	1
A_HP_09	62	Pulse	99	4539270	26877	1
A_HP_09	62	Pulse	99	4559271	46877	1
A_HP_09	63	Picture	thanks	4562649	0	1	10229	1	0	10000	other	0
A_HP_09	63	Pulse	99	4579271	16621	1


Event Type	Code	Type	Response	RT	RT Uncertainty	Time	Uncertainty	Duration	Uncertainty	ReqTime	ReqDur

Picture	ready	other				179504	1	10229	1	0	10000
Picture	ins12	other				240129	1	30229	1	0	30000
Picture	response89	hit	2	17557	2	559824	1	40229	1	0	40000
Picture	response90	hit	1	13805	2	610115	1	40229	1	0	40000
Picture	response91	hit	2	8892	2	660739	1	40229	1	0	40000
Picture	response93	hit	1	8021	2	711031	1	40229	1	0	40000
Picture	response95	hit	2	7030	2	761322	1	40229	1	0	40000
Picture	response92	hit	1	33102	2	811779	1	40229	1	0	40000
Picture	response96	hit	2	16614	2	862237	1	40229	1	0	40000
Picture	response94	hit	2	8526	2	912694	1	40229	1	0	40000
Picture	ins10	other				962985	1	30229	1	0	30000
Picture	response78	hit	2	42167	2	1279824	1	40229	1	0	40000
Picture	response77	incorrect	2	27596	2	1330115	1	40229	1	0	40000
Picture	response80	hit	1	9432	2	1380739	1	40229	1	0	40000
Picture	response75	hit	1	9200	2	1431029	1	40229	1	0	40000
Picture	response79	hit	1	6240	2	1481320	1	40229	1	0	40000
Picture	response74	hit	2	4433	2	1531778	1	40229	1	0	40000
Picture	response76	hit	2	8855	2	1582236	1	40229	1	0	40000
Picture	response73	hit	1	6676	2	1632694	1	40229	1	0	40000
Picture	ins2	other				1682985	1	30229	1	0	30000
Picture	response15	hit	1	9756	2	1999825	1	40229	1	0	40000
Picture	response14	hit	1	8575	2	2050116	1	40229	1	0	40000
Picture	response13	hit	2	4421	2	2100740	1	40229	1	0	40000
Picture	response12	hit	2	6340	2	2151031	1	40229	1	0	40000
Picture	response10	hit	2	6899	2	2201322	1	40229	1	0	40000
Picture	response9	hit	2	4641	2	2251780	1	40229	1	0	40000
Picture	response11	hit	1	5143	2	2302237	1	40229	1	0	40000
Picture	response16	hit	2	5065	2	2352695	1	40229	1	0	40000
Picture	ins18	other				2402987	1	30229	1	0	30000
Picture	response142	incorrect	2	23046	2	2719824	1	40229	1	0	40000
Picture	response144	hit	2	25175	2	2770116	1	40229	1	0	40000
Picture	response143	hit	2	21320	2	2820740	1	40229	1	0	40000
Picture	response138	incorrect	2	25899	2	2871031	1	40229	1	0	40000
Picture	response140	incorrect	2	28178	2	2921322	1	40229	1	0	40000
Picture	response137	hit	2	19521	2	2971780	1	40229	1	0	40000
Picture	response141	hit	1	4493	2	3022237	1	40229	1	0	40000
Picture	response139	incorrect	1	14974	2	3072695	1	40214	1	0	40000
Picture	ins20	other				3122971	1	30229	1	0	30000
Picture	response156	hit	1	7846	2	3439824	1	40229	1	0	40000
Picture	response158	incorrect	1	28225	2	3490115	1	40229	1	0	40000
Picture	response157	hit	2	30111	2	3540739	1	40229	1	0	40000
Picture	response160	hit	1	18089	2	3591030	1	40229	1	0	40000
Picture	response159	hit	1	12989	2	3641321	1	40229	1	0	40000
Picture	response154	hit	1	12450	2	3691779	1	40229	1	0	40000
Picture	response153	hit	2	10483	2	3742237	1	40229	1	0	40000
Picture	response155	hit	2	30304	2	3792695	1	40229	1	0	40000
Picture	ins4	other				3842986	1	30229	1	0	30000
Picture	response29	hit	2	8567	2	4159823	1	40229	1	0	40000
Picture	response30	hit	1	7746	2	4210114	1	40229	1	0	40000
Picture	response26	hit	2	6102	2	4260738	1	40229	1	0	40000
Picture	response31	hit	1	11500	2	4311029	1	40229	1	0	40000
Picture	response28	hit	1	9529	2	4361320	1	40229	1	0	40000
Picture	response25	hit	1	8301	2	4411777	1	40229	1	0	40000
Picture	response32	hit	1	9705	2	4462235	1	40229	1	0	40000
Picture	response27	hit	2	7287	2	4512692	1	40229	1	0	40000
Picture	thanks	other				4562649	1	10229	1	0	10000


{
   "app": "Presentation Version 21.0 Build 06.06.19",
   "device": "LENOVO 20KHCTO1WW",
   "experiment": "{C0C68DB1-10BA-42F2-8F79-3F2AFFEED4E4}",
   "os": "Windows 10 64 bit",
   "package": "",
   "parameters": {
      "configuration": "Default configuration"
   },
   "scenario": "Feature experiment(3).sce",
   "subject": "A_HP_09",
   "timestamp": "2019/08/29 03:09:38 GMT"
}
