Scenario - 
Logfile written - 10/30/2019 15:08:37

Subject	Trial	Event Type	Code	Time	TTime	Uncertainty	Duration	Uncertainty	ReqTime	ReqDur	Stim Type	Pair Index

A_HP_25	1	Response	3	335052	334385	1
A_HP_25	1	Pulse	99	335052	334385	1
A_HP_25	2	Picture	ready	335348	0	1	10230	1	0	10000	other	0
A_HP_25	2	Pulse	99	355052	19704	1
A_HP_25	2	Pulse	99	375052	39704	1
A_HP_25	2	Pulse	99	395052	59705	1
A_HP_25	3	Picture	ins10	395905	233	1	30229	1	0	30000	other	0
A_HP_25	3	Pulse	99	414972	19301	1
A_HP_25	3	Pulse	99	435052	39380	1
A_HP_25	3	Pulse	99	455052	59380	1
A_HP_25	3	Pulse	99	474972	79301	1
A_HP_25	3	Pulse	99	495052	99380	1
A_HP_25	3	Pulse	99	515052	119380	1
A_HP_25	3	Pulse	99	535052	139380	1
A_HP_25	3	Pulse	99	555051	159380	1
A_HP_25	3	Pulse	99	575052	179380	1
A_HP_25	3	Pulse	99	595052	199380	1
A_HP_25	3	Pulse	99	615052	219380	1
A_HP_25	3	Pulse	99	635052	239380	1
A_HP_25	3	Pulse	99	655052	259380	1
A_HP_25	3	Pulse	99	675051	279380	1
A_HP_25	3	Pulse	99	695052	299380	1
A_HP_25	4	Response	3	715052	9150	1
A_HP_25	4	Pulse	99	715052	9150	1
A_HP_25	5	Picture	response75	715701	230	1	40230	1	0	40000	hit	26
A_HP_25	5	Response	1	727411	11940	1
A_HP_25	5	Pulse	99	734972	19501	1
A_HP_25	5	Pulse	99	755051	39580	1
A_HP_25	6	Picture	response73	765993	122	1	40229	1	0	40000	hit	31
A_HP_25	6	Pulse	99	775052	9182	1
A_HP_25	6	Response	1	779910	14039	1
A_HP_25	6	Pulse	99	794972	29101	1
A_HP_25	6	Pulse	99	815052	49181	1
A_HP_25	7	Picture	response74	816451	181	1	40229	1	0	40000	hit	35
A_HP_25	7	Response	2	823500	7230	1
A_HP_25	7	Pulse	99	835051	18781	1
A_HP_25	7	Pulse	99	854972	38702	1
A_HP_25	8	Picture	response78	866909	238	1	40229	1	0	40000	hit	40
A_HP_25	8	Pulse	99	875052	8381	1
A_HP_25	8	Response	2	876050	9379	1
A_HP_25	8	Pulse	99	895051	28381	1
A_HP_25	8	Pulse	99	915052	48381	1
A_HP_25	9	Picture	response76	917368	297	1	40229	1	0	40000	hit	44
A_HP_25	9	Response	2	926501	9430	1
A_HP_25	9	Pulse	99	935051	17981	1
A_HP_25	9	Pulse	99	955052	37981	1
A_HP_25	10	Picture	response80	967660	189	1	40229	1	0	40000	hit	49
A_HP_25	10	Pulse	99	975052	7581	1
A_HP_25	10	Response	1	976340	8870	1
A_HP_25	10	Pulse	99	995051	27581	1
A_HP_25	10	Pulse	99	1015052	47582	1
A_HP_25	11	Picture	response77	1017951	81	1	40229	1	0	40000	hit	53
A_HP_25	11	Response	1	1027410	9540	1
A_HP_25	11	Pulse	99	1035052	17181	1
A_HP_25	11	Pulse	99	1054972	37101	1
A_HP_25	12	Picture	response79	1068576	306	1	40229	1	0	40000	hit	58
A_HP_25	12	Pulse	99	1075052	6781	1
A_HP_25	12	Response	1	1080710	12440	1
A_HP_25	12	Pulse	99	1095051	26780	1
A_HP_25	12	Pulse	99	1114972	46701	1
A_HP_25	13	Picture	ins4	1118868	198	1	30229	1	0	30000	other	0
A_HP_25	13	Pulse	99	1135051	16381	1
A_HP_25	13	Pulse	99	1155052	36381	1
A_HP_25	13	Pulse	99	1174972	56302	1
A_HP_25	13	Pulse	99	1195051	76381	1
A_HP_25	13	Pulse	99	1215052	96382	1
A_HP_25	13	Pulse	99	1234972	116301	1
A_HP_25	13	Pulse	99	1255051	136381	1
A_HP_25	13	Pulse	99	1275051	156381	1
A_HP_25	13	Pulse	99	1294972	176302	1
A_HP_25	13	Pulse	99	1315051	196381	1
A_HP_25	13	Pulse	99	1335051	216381	1
A_HP_25	13	Pulse	99	1355052	236382	1
A_HP_25	13	Pulse	99	1374972	256301	1
A_HP_25	13	Pulse	99	1395052	276382	1
A_HP_25	13	Pulse	99	1415051	296381	1
A_HP_25	14	Response	3	1434971	6071	1
A_HP_25	14	Pulse	99	1434971	6071	1
A_HP_25	15	Picture	response28	1435601	230	1	40229	1	0	40000	hit	80
A_HP_25	15	Response	1	1442440	7070	1
A_HP_25	15	Pulse	99	1455051	19681	1
A_HP_25	15	Pulse	99	1475051	39681	1
A_HP_25	16	Picture	response27	1486059	288	1	40229	1	0	40000	hit	84
A_HP_25	16	Response	2	1491870	6100	1
A_HP_25	16	Pulse	99	1494971	9201	1
A_HP_25	16	Pulse	99	1515051	29281	1
A_HP_25	16	Pulse	99	1535051	49281	1
A_HP_25	17	Picture	response25	1536350	180	1	40229	1	0	40000	hit	89
A_HP_25	17	Response	1	1544980	8810	1
A_HP_25	17	Pulse	99	1554971	18801	1
A_HP_25	17	Pulse	99	1575052	38882	1
A_HP_25	18	Picture	response29	1586809	238	1	40229	1	0	40000	hit	93
A_HP_25	18	Response	2	1591970	5400	1
A_HP_25	18	Pulse	99	1595050	8480	1
A_HP_25	18	Pulse	99	1614972	28401	1
A_HP_25	18	Pulse	99	1635052	48481	1
A_HP_25	19	Picture	response30	1637100	130	1	40229	1	0	40000	hit	98
A_HP_25	19	Response	1	1641840	4870	1
A_HP_25	19	Pulse	99	1655051	18081	1
A_HP_25	19	Pulse	99	1674972	38001	1
A_HP_25	20	Picture	response32	1687558	188	1	40229	1	0	40000	hit	102
A_HP_25	20	Response	1	1691670	4300	1
A_HP_25	20	Pulse	99	1694971	7601	1
A_HP_25	20	Pulse	99	1715051	27680	1
A_HP_25	20	Pulse	99	1735051	47681	1
A_HP_25	21	Picture	response31	1738017	246	1	40229	1	0	40000	hit	107
A_HP_25	21	Response	1	1742480	4710	1
A_HP_25	21	Pulse	99	1754972	17201	1
A_HP_25	21	Pulse	99	1775051	37281	1
A_HP_25	22	Picture	response26	1788308	137	1	40229	1	0	40000	hit	111
A_HP_25	22	Response	2	1794410	6240	1
A_HP_25	22	Pulse	99	1795051	6880	1
A_HP_25	22	Pulse	99	1814971	26801	1
A_HP_25	22	Pulse	99	1835051	46881	1
A_HP_25	23	Picture	ins20	1838766	195	1	30230	1	0	30000	other	0
A_HP_25	23	Pulse	99	1855052	16481	1
A_HP_25	23	Pulse	99	1874972	36401	1
A_HP_25	23	Pulse	99	1895052	56481	1
A_HP_25	23	Pulse	99	1915051	76481	1
A_HP_25	23	Pulse	99	1934971	96401	1
A_HP_25	23	Pulse	99	1955051	116481	1
A_HP_25	23	Pulse	99	1975051	136481	1
A_HP_25	23	Pulse	99	1994971	156401	1
A_HP_25	23	Pulse	99	2014971	176401	1
A_HP_25	23	Pulse	99	2035051	196481	1
A_HP_25	23	Pulse	99	2054971	216401	1
A_HP_25	23	Pulse	99	2074971	236401	1
A_HP_25	23	Pulse	99	2095051	256481	1
A_HP_25	23	Pulse	99	2115051	276481	1
A_HP_25	23	Pulse	99	2134971	296401	1
A_HP_25	24	Response	3	2155051	6250	1
A_HP_25	24	Pulse	99	2155051	6250	1
A_HP_25	25	Picture	response155	2155700	230	1	40229	1	0	40000	hit	135
A_HP_25	25	Pulse	99	2175051	19581	1
A_HP_25	25	Response	2	2183380	27910	1
A_HP_25	25	Pulse	99	2194971	39501	1
A_HP_25	26	Picture	response158	2205992	121	1	40229	1	0	40000	hit	139
A_HP_25	26	Pulse	99	2215051	9180	1
A_HP_25	26	Response	2	2216340	10469	1
A_HP_25	26	Pulse	99	2235051	29181	1
A_HP_25	26	Pulse	99	2254971	49101	1
A_HP_25	27	Picture	response153	2256451	180	1	40230	1	0	40000	hit	144
A_HP_25	27	Pulse	99	2275051	18781	1
A_HP_25	27	Response	2	2277510	21240	1
A_HP_25	27	Pulse	99	2295051	38780	1
A_HP_25	28	Picture	response154	2306909	238	1	40229	1	0	40000	incorrect	148
A_HP_25	28	Pulse	99	2314971	8301	1
A_HP_25	28	Response	2	2321800	15129	1
A_HP_25	28	Pulse	99	2334971	28301	1
A_HP_25	28	Pulse	99	2355051	48380	1
A_HP_25	29	Picture	response159	2357367	297	1	40229	1	0	40000	hit	152
A_HP_25	29	Response	1	2369820	12750	1
A_HP_25	29	Pulse	99	2374971	17901	1
A_HP_25	29	Pulse	99	2394971	37901	1
A_HP_25	30	Picture	response156	2407659	189	1	40229	1	0	40000	hit	157
A_HP_25	30	Pulse	99	2415051	7582	1
A_HP_25	30	Response	1	2420790	13320	1
A_HP_25	30	Pulse	99	2434971	27501	1
A_HP_25	30	Pulse	99	2454971	47501	1
A_HP_25	31	Picture	response157	2457950	80	1	40229	1	0	40000	hit	161
A_HP_25	31	Response	2	2473620	15750	1
A_HP_25	31	Pulse	99	2475050	17180	1
A_HP_25	31	Pulse	99	2495051	37181	1
A_HP_25	32	Picture	response160	2508576	306	1	40229	1	0	40000	hit	167
A_HP_25	32	Pulse	99	2514971	6701	1
A_HP_25	32	Pulse	99	2535051	26781	1
A_HP_25	32	Response	1	2535280	27010	1
A_HP_25	32	Pulse	99	2555051	46781	1
A_HP_25	33	Picture	ins18	2558867	198	1	30229	1	0	30000	other	0
A_HP_25	33	Pulse	99	2574971	16302	1
A_HP_25	33	Pulse	99	2595052	36382	1
A_HP_25	33	Pulse	99	2615051	56381	1
A_HP_25	33	Pulse	99	2634971	76301	1
A_HP_25	33	Pulse	99	2654971	96302	1
A_HP_25	33	Pulse	99	2675051	116382	1
A_HP_25	33	Pulse	99	2694971	136301	1
A_HP_25	33	Pulse	99	2714971	156301	1
A_HP_25	33	Pulse	99	2735051	176381	1
A_HP_25	33	Pulse	99	2754971	196301	1
A_HP_25	33	Pulse	99	2774971	216301	1
A_HP_25	33	Pulse	99	2795051	236381	1
A_HP_25	33	Pulse	99	2814971	256301	1
A_HP_25	33	Pulse	99	2834971	276301	1
A_HP_25	33	Pulse	99	2855051	296381	1
A_HP_25	34	Response	3	2875051	6151	1
A_HP_25	34	Pulse	99	2875051	6151	1
A_HP_25	35	Picture	response140	2875700	230	1	40229	1	0	40000	hit	188
A_HP_25	35	Response	1	2885149	9679	1
A_HP_25	35	Pulse	99	2894971	19501	1
A_HP_25	35	Pulse	99	2914971	39501	1
A_HP_25	36	Picture	response137	2926158	288	1	40229	1	0	40000	hit	193
A_HP_25	36	Pulse	99	2935050	9181	1
A_HP_25	36	Response	2	2936459	10589	1
A_HP_25	36	Pulse	99	2954971	29101	1
A_HP_25	36	Pulse	99	2974971	49101	1
A_HP_25	37	Picture	response142	2976449	180	1	40230	1	0	40000	hit	197
A_HP_25	37	Response	1	2990549	14280	1
A_HP_25	37	Pulse	99	2995050	18781	1
A_HP_25	37	Pulse	99	3014971	38701	1
A_HP_25	38	Picture	response138	3026909	240	1	40229	1	0	40000	hit	202
A_HP_25	38	Pulse	99	3034971	8301	1
A_HP_25	38	Response	1	3035179	8510	1
A_HP_25	38	Pulse	99	3055050	28381	1
A_HP_25	38	Pulse	99	3074971	48301	1
A_HP_25	39	Picture	response143	3077367	298	1	40229	1	0	40000	hit	206
A_HP_25	39	Response	2	3085650	8580	1
A_HP_25	39	Pulse	99	3094970	17901	1
A_HP_25	39	Pulse	99	3115052	37982	1
A_HP_25	40	Picture	response144	3127659	190	1	40229	1	0	40000	hit	211
A_HP_25	40	Pulse	99	3134971	7502	1
A_HP_25	40	Response	2	3145159	17690	1
A_HP_25	40	Pulse	99	3154971	27501	1
A_HP_25	40	Pulse	99	3175050	47581	1
A_HP_25	41	Picture	response139	3177951	81	1	40230	1	0	40000	hit	216
A_HP_25	41	Pulse	99	3194971	17101	1
A_HP_25	41	Response	2	3199769	21900	1
A_HP_25	41	Pulse	99	3214970	37101	1
A_HP_25	42	Picture	response141	3228576	306	1	40229	1	0	40000	hit	220
A_HP_25	42	Pulse	99	3234971	6701	1
A_HP_25	42	Response	1	3245469	17199	1
A_HP_25	42	Pulse	99	3255051	26781	1
A_HP_25	42	Pulse	99	3274971	46701	1
A_HP_25	43	Picture	ins2	3278868	198	1	30229	1	0	30000	other	0
A_HP_25	43	Pulse	99	3294971	16301	1
A_HP_25	43	Pulse	99	3315051	36381	1
A_HP_25	43	Pulse	99	3334970	56301	1
A_HP_25	43	Pulse	99	3354971	76301	1
A_HP_25	43	Pulse	99	3375051	96381	1
A_HP_25	43	Pulse	99	3394971	116301	1
A_HP_25	43	Pulse	99	3414971	136301	1
A_HP_25	43	Pulse	99	3435051	156381	1
A_HP_25	43	Pulse	99	3454971	176301	1
A_HP_25	43	Pulse	99	3474971	196301	1
A_HP_25	43	Pulse	99	3495051	216381	1
A_HP_25	43	Pulse	99	3514971	236301	1
A_HP_25	43	Pulse	99	3534971	256301	1
A_HP_25	43	Pulse	99	3554970	276301	1
A_HP_25	43	Pulse	99	3574970	296301	1
A_HP_25	44	Response	3	3594971	6071	1
A_HP_25	44	Pulse	99	3594971	6071	1
A_HP_25	45	Picture	response12	3595600	230	1	40229	1	0	40000	hit	242
A_HP_25	45	Response	2	3601399	6029	1
A_HP_25	45	Pulse	99	3614971	19601	1
A_HP_25	45	Pulse	99	3635050	39680	1
A_HP_25	46	Picture	response13	3646059	289	1	40229	1	0	40000	hit	246
A_HP_25	46	Response	2	3651899	6130	1
A_HP_25	46	Pulse	99	3654970	9201	1
A_HP_25	46	Pulse	99	3674971	29201	1
A_HP_25	46	Pulse	99	3695050	49281	1
A_HP_25	47	Picture	response16	3696350	180	1	40229	1	0	40000	hit	251
A_HP_25	47	Response	2	3702930	6760	1
A_HP_25	47	Pulse	99	3714971	18801	1
A_HP_25	47	Pulse	99	3734971	38801	1
A_HP_25	48	Picture	response10	3746808	239	1	40229	1	0	40000	hit	255
A_HP_25	48	Response	2	3751910	5340	1
A_HP_25	48	Pulse	99	3755049	8480	1
A_HP_25	48	Pulse	99	3774971	28401	1
A_HP_25	48	Pulse	99	3794970	48401	1
A_HP_25	49	Picture	response11	3797100	131	1	40229	1	0	40000	hit	260
A_HP_25	49	Response	1	3802660	5690	1
A_HP_25	49	Pulse	99	3815050	18081	1
A_HP_25	49	Pulse	99	3834971	38001	1
A_HP_25	50	Picture	response14	3847559	189	1	40230	1	0	40000	hit	264
A_HP_25	50	Response	1	3852799	5430	1
A_HP_25	50	Pulse	99	3854970	7601	1
A_HP_25	50	Pulse	99	3874970	27601	1
A_HP_25	50	Pulse	99	3894971	47601	1
A_HP_25	51	Picture	response9	3898017	248	1	40229	1	0	40000	hit	269
A_HP_25	51	Response	2	3903719	5950	1
A_HP_25	51	Pulse	99	3914970	17201	1
A_HP_25	51	Pulse	99	3934971	37201	1
A_HP_25	52	Picture	response15	3948309	139	1	40230	1	0	40000	hit	273
A_HP_25	52	Response	1	3953529	5360	1
A_HP_25	52	Pulse	99	3954970	6800	1
A_HP_25	52	Pulse	99	3974971	26801	1
A_HP_25	52	Pulse	99	3994971	46801	1
A_HP_25	53	Picture	ins12	3998768	198	1	30230	1	0	30000	other	0
A_HP_25	53	Pulse	99	4015049	16480	1
A_HP_25	53	Pulse	99	4034970	36401	1
A_HP_25	53	Pulse	99	4054971	56401	1
A_HP_25	53	Pulse	99	4075050	76481	1
A_HP_25	53	Pulse	99	4094970	96401	1
A_HP_25	53	Pulse	99	4114970	116401	1
A_HP_25	53	Pulse	99	4135051	136482	1
A_HP_25	53	Pulse	99	4154970	156401	1
A_HP_25	53	Pulse	99	4174970	176401	1
A_HP_25	53	Pulse	99	4194970	196401	1
A_HP_25	53	Pulse	99	4214970	216401	1
A_HP_25	53	Pulse	99	4234970	236401	1
A_HP_25	53	Pulse	99	4254970	256401	1
A_HP_25	53	Pulse	99	4274970	276401	1
A_HP_25	53	Pulse	99	4294970	296401	1
A_HP_25	54	Response	3	4314970	6170	1
A_HP_25	54	Pulse	99	4314970	6170	1
A_HP_25	55	Picture	response92	4315599	230	1	40230	1	0	40000	hit	296
A_HP_25	55	Response	1	4329469	14100	1
A_HP_25	55	Pulse	99	4334970	19601	1
A_HP_25	55	Pulse	99	4354970	39601	1
A_HP_25	56	Picture	response90	4366058	288	1	40229	1	0	40000	hit	300
A_HP_25	56	Response	1	4371199	5430	1
A_HP_25	56	Pulse	99	4374970	9200	1
A_HP_25	56	Pulse	99	4394970	29201	1
A_HP_25	56	Pulse	99	4414970	49200	1
A_HP_25	57	Picture	response91	4416349	181	1	40229	1	0	40000	hit	305
A_HP_25	57	Response	2	4421919	5750	1
A_HP_25	57	Pulse	99	4434970	18801	1
A_HP_25	57	Pulse	99	4455050	38881	1
A_HP_25	58	Picture	response93	4466808	238	1	40229	1	0	40000	hit	309
A_HP_25	58	Response	1	4474039	7469	1
A_HP_25	58	Pulse	99	4474970	8400	1
A_HP_25	58	Pulse	99	4494970	28401	1
A_HP_25	58	Pulse	99	4514970	48401	1
A_HP_25	59	Picture	response95	4517099	130	1	40229	1	0	40000	hit	314
A_HP_25	59	Response	2	4534659	17690	1
A_HP_25	59	Pulse	99	4534970	18001	1
A_HP_25	59	Pulse	99	4554970	38001	1
A_HP_25	60	Picture	response96	4567558	189	1	40229	1	0	40000	hit	319
A_HP_25	60	Pulse	99	4574970	7601	1
A_HP_25	60	Response	2	4576789	9420	1
A_HP_25	60	Pulse	99	4594971	27602	1
A_HP_25	60	Pulse	99	4614970	47601	1
A_HP_25	61	Picture	response94	4618016	247	1	40229	1	0	40000	hit	323
A_HP_25	61	Response	2	4628999	11230	1
A_HP_25	61	Pulse	99	4634970	17201	1
A_HP_25	61	Pulse	99	4654970	37201	1
A_HP_25	62	Picture	response89	4668308	139	1	40229	1	0	40000	hit	328
A_HP_25	62	Pulse	99	4674970	6801	1
A_HP_25	62	Response	2	4681379	13210	1
A_HP_25	62	Pulse	99	4694970	26801	1
A_HP_25	62	Pulse	99	4714970	46801	1
A_HP_25	63	Picture	thanks	4718267	0	1	10229	1	0	10000	other	0
A_HP_25	63	Pulse	99	4734970	16703	1


Event Type	Code	Type	Response	RT	RT Uncertainty	Time	Uncertainty	Duration	Uncertainty	ReqTime	ReqDur

Picture	ready	other				335348	1	10230	1	0	10000
Picture	ins10	other				395905	1	30229	1	0	30000
Picture	response75	hit	1	11710	2	715701	1	40230	1	0	40000
Picture	response73	hit	1	13917	2	765993	1	40229	1	0	40000
Picture	response74	hit	2	7049	2	816451	1	40229	1	0	40000
Picture	response78	hit	2	9141	2	866909	1	40229	1	0	40000
Picture	response76	hit	2	9133	2	917368	1	40229	1	0	40000
Picture	response80	hit	1	8681	2	967660	1	40229	1	0	40000
Picture	response77	hit	1	9459	2	1017951	1	40229	1	0	40000
Picture	response79	hit	1	12134	2	1068576	1	40229	1	0	40000
Picture	ins4	other				1118868	1	30229	1	0	30000
Picture	response28	hit	1	6839	2	1435601	1	40229	1	0	40000
Picture	response27	hit	2	5811	2	1486059	1	40229	1	0	40000
Picture	response25	hit	1	8630	2	1536350	1	40229	1	0	40000
Picture	response29	hit	2	5161	2	1586809	1	40229	1	0	40000
Picture	response30	hit	1	4740	2	1637100	1	40229	1	0	40000
Picture	response32	hit	1	4112	2	1687558	1	40229	1	0	40000
Picture	response31	hit	1	4464	2	1738017	1	40229	1	0	40000
Picture	response26	hit	2	6102	2	1788308	1	40229	1	0	40000
Picture	ins20	other				1838766	1	30230	1	0	30000
Picture	response155	hit	2	27680	2	2155700	1	40229	1	0	40000
Picture	response158	hit	2	10348	2	2205992	1	40229	1	0	40000
Picture	response153	hit	2	21059	2	2256451	1	40230	1	0	40000
Picture	response154	incorrect	2	14891	2	2306909	1	40229	1	0	40000
Picture	response159	hit	1	12453	2	2357367	1	40229	1	0	40000
Picture	response156	hit	1	13131	2	2407659	1	40229	1	0	40000
Picture	response157	hit	2	15670	2	2457950	1	40229	1	0	40000
Picture	response160	hit	1	26704	2	2508576	1	40229	1	0	40000
Picture	ins18	other				2558867	1	30229	1	0	30000
Picture	response140	hit	1	9449	2	2875700	1	40229	1	0	40000
Picture	response137	hit	2	10301	2	2926158	1	40229	1	0	40000
Picture	response142	hit	1	14099	2	2976449	1	40230	1	0	40000
Picture	response138	hit	1	8270	2	3026909	1	40229	1	0	40000
Picture	response143	hit	2	8282	2	3077367	1	40229	1	0	40000
Picture	response144	hit	2	17500	2	3127659	1	40229	1	0	40000
Picture	response139	hit	2	21819	2	3177951	1	40230	1	0	40000
Picture	response141	hit	1	16893	2	3228576	1	40229	1	0	40000
Picture	ins2	other				3278868	1	30229	1	0	30000
Picture	response12	hit	2	5799	2	3595600	1	40229	1	0	40000
Picture	response13	hit	2	5840	2	3646059	1	40229	1	0	40000
Picture	response16	hit	2	6579	2	3696350	1	40229	1	0	40000
Picture	response10	hit	2	5101	2	3746808	1	40229	1	0	40000
Picture	response11	hit	1	5559	2	3797100	1	40229	1	0	40000
Picture	response14	hit	1	5241	2	3847559	1	40230	1	0	40000
Picture	response9	hit	2	5702	2	3898017	1	40229	1	0	40000
Picture	response15	hit	1	5221	2	3948309	1	40230	1	0	40000
Picture	ins12	other				3998768	1	30230	1	0	30000
Picture	response92	hit	1	13870	2	4315599	1	40230	1	0	40000
Picture	response90	hit	1	5142	2	4366058	1	40229	1	0	40000
Picture	response91	hit	2	5570	2	4416349	1	40229	1	0	40000
Picture	response93	hit	1	7231	2	4466808	1	40229	1	0	40000
Picture	response95	hit	2	17560	2	4517099	1	40229	1	0	40000
Picture	response96	hit	2	9231	2	4567558	1	40229	1	0	40000
Picture	response94	hit	2	10983	2	4618016	1	40229	1	0	40000
Picture	response89	hit	2	13071	2	4668308	1	40229	1	0	40000
Picture	thanks	other				4718267	1	10229	1	0	10000


{
   "app": "Presentation Version 21.0 Build 06.06.19",
   "device": "LENOVO 20KHCTO1WW",
   "experiment": "{C0C68DB1-10BA-42F2-8F79-3F2AFFEED4E4}",
   "os": "Windows 10 64 bit",
   "package": "",
   "parameters": {
      "configuration": "Default configuration"
   },
   "scenario": "Feature experiment(3).sce",
   "subject": "A_HP_25",
   "timestamp": "2019/10/30 06:00:34 GMT"
}
