Scenario - 
Logfile written - 11/07/2019 14:03:38

Subject	Trial	Event Type	Code	Time	TTime	Uncertainty	Duration	Uncertainty	ReqTime	ReqDur	Stim Type	Pair Index

A_HP_27	1	Response	3	301535	300536	1
A_HP_27	1	Pulse	99	301535	300536	1
A_HP_27	2	Picture	ready	301768	0	1	10229	1	0	10000	other	0
A_HP_27	2	Pulse	99	321615	19847	1
A_HP_27	2	Pulse	99	341615	39847	1
A_HP_27	2	Pulse	99	361535	59767	1
A_HP_27	3	Picture	ins10	362335	234	1	30230	1	0	30000	other	0
A_HP_27	3	Pulse	99	381615	19515	1
A_HP_27	3	Pulse	99	401623	39522	1
A_HP_27	3	Pulse	99	421615	59515	1
A_HP_27	3	Pulse	99	441615	79515	1
A_HP_27	3	Pulse	99	461615	99515	1
A_HP_27	3	Pulse	99	481615	119515	1
A_HP_27	3	Pulse	99	501615	139515	1
A_HP_27	3	Pulse	99	521615	159515	1
A_HP_27	3	Pulse	99	541615	179515	1
A_HP_27	3	Pulse	99	561615	199515	1
A_HP_27	3	Pulse	99	581615	219515	1
A_HP_27	3	Pulse	99	601615	239515	1
A_HP_27	3	Pulse	99	621615	259515	1
A_HP_27	3	Pulse	99	641615	279515	1
A_HP_27	3	Pulse	99	661615	299515	1
A_HP_27	4	Response	3	681535	9204	1
A_HP_27	4	Pulse	99	681535	9204	1
A_HP_27	5	Picture	response80	682131	230	1	40229	1	0	40000	hit	26
A_HP_27	5	Response	1	692224	10323	1
A_HP_27	5	Pulse	99	701615	19714	1
A_HP_27	5	Pulse	99	721615	39714	1
A_HP_27	6	Picture	response73	732423	122	1	40229	1	0	40000	hit	31
A_HP_27	6	Pulse	99	741535	9235	1
A_HP_27	6	Response	1	745123	12823	1
A_HP_27	6	Pulse	99	761615	29315	1
A_HP_27	6	Pulse	99	781615	49315	1
A_HP_27	7	Picture	response74	782882	181	1	40229	1	0	40000	hit	35
A_HP_27	7	Response	2	790934	8233	1
A_HP_27	7	Pulse	99	801535	18835	1
A_HP_27	7	Pulse	99	821615	38915	1
A_HP_27	8	Picture	response76	833273	172	1	40229	1	0	40000	hit	40
A_HP_27	8	Pulse	99	841615	8514	1
A_HP_27	8	Response	2	843303	10203	1
A_HP_27	8	Pulse	99	861535	28435	1
A_HP_27	8	Pulse	99	881615	48515	1
A_HP_27	9	Picture	response78	883731	230	1	40229	1	0	40000	hit	44
A_HP_27	9	Response	2	890384	6883	1
A_HP_27	9	Pulse	99	901615	18114	1
A_HP_27	9	Pulse	99	921535	38035	1
A_HP_27	10	Picture	response79	934189	289	1	40229	1	0	40000	hit	49
A_HP_27	10	Pulse	99	941615	7715	1
A_HP_27	10	Response	1	944533	10633	1
A_HP_27	10	Pulse	99	961615	27715	1
A_HP_27	10	Pulse	99	981535	47635	1
A_HP_27	11	Picture	response77	984481	180	1	40229	1	0	40000	hit	53
A_HP_27	11	Response	1	995424	11124	1
A_HP_27	11	Pulse	99	1001614	17314	1
A_HP_27	11	Pulse	99	1021615	37315	1
A_HP_27	12	Picture	response75	1034939	238	1	40229	1	0	40000	hit	58
A_HP_27	12	Pulse	99	1041535	6835	1
A_HP_27	12	Response	1	1045724	11023	1
A_HP_27	12	Pulse	99	1061615	26915	1
A_HP_27	12	Pulse	99	1081615	46914	1
A_HP_27	13	Picture	ins4	1085230	130	1	30229	1	0	30000	other	0
A_HP_27	13	Pulse	99	1101535	16435	1
A_HP_27	13	Pulse	99	1121615	36515	1
A_HP_27	13	Pulse	99	1141615	56515	1
A_HP_27	13	Pulse	99	1161535	76435	1
A_HP_27	13	Pulse	99	1181615	96515	1
A_HP_27	13	Pulse	99	1201615	116514	1
A_HP_27	13	Pulse	99	1221535	136435	1
A_HP_27	13	Pulse	99	1241615	156515	1
A_HP_27	13	Pulse	99	1261615	176515	1
A_HP_27	13	Pulse	99	1281535	196435	1
A_HP_27	13	Pulse	99	1301535	216434	1
A_HP_27	13	Pulse	99	1321616	236515	1
A_HP_27	13	Pulse	99	1341535	256435	1
A_HP_27	13	Pulse	99	1361535	276435	1
A_HP_27	13	Pulse	99	1381615	296514	1
A_HP_27	14	Response	3	1401615	6284	1
A_HP_27	14	Pulse	99	1401615	6284	1
A_HP_27	15	Picture	response29	1402234	233	1	40229	1	0	40000	hit	80
A_HP_27	15	Response	2	1409953	7953	1
A_HP_27	15	Pulse	99	1421535	19534	1
A_HP_27	15	Pulse	99	1441615	39614	1
A_HP_27	16	Picture	response25	1452692	291	1	40229	1	0	40000	hit	84
A_HP_27	16	Response	1	1459224	6824	1
A_HP_27	16	Pulse	99	1461615	9214	1
A_HP_27	16	Pulse	99	1481535	29135	1
A_HP_27	16	Pulse	99	1501615	49215	1
A_HP_27	17	Picture	response26	1502983	183	1	40230	1	0	40000	hit	89
A_HP_27	17	Response	2	1507754	4953	1
A_HP_27	17	Pulse	99	1521615	18815	1
A_HP_27	17	Pulse	99	1541535	38735	1
A_HP_27	18	Picture	response28	1553442	242	1	40229	1	0	40000	hit	93
A_HP_27	18	Response	1	1560694	7494	1
A_HP_27	18	Pulse	99	1561615	8415	1
A_HP_27	18	Pulse	99	1581615	28415	1
A_HP_27	18	Pulse	99	1601535	48335	1
A_HP_27	19	Picture	response32	1603734	134	1	40226	5	0	40000	hit	98
A_HP_27	19	Response	1	1608614	5014	1
A_HP_27	19	Pulse	99	1621615	18015	1
A_HP_27	19	Pulse	99	1641615	38015	1
A_HP_27	20	Picture	response31	1654355	355	1	40229	1	0	40000	hit	102
A_HP_27	20	Response	1	1661014	7014	1
A_HP_27	20	Pulse	99	1661534	7534	1
A_HP_27	20	Pulse	99	1681615	27615	1
A_HP_27	20	Pulse	99	1701615	47615	1
A_HP_27	21	Picture	response30	1704646	246	1	40229	1	0	40000	hit	107
A_HP_27	21	Response	1	1712924	8524	1
A_HP_27	21	Pulse	99	1721535	17135	1
A_HP_27	21	Pulse	99	1741615	37215	1
A_HP_27	22	Picture	response27	1754938	138	1	40229	1	0	40000	hit	111
A_HP_27	22	Response	2	1761554	6754	1
A_HP_27	22	Pulse	99	1761614	6814	1
A_HP_27	22	Pulse	99	1781535	26735	1
A_HP_27	22	Pulse	99	1801615	46815	1
A_HP_27	23	Picture	ins18	1805396	196	1	30230	1	0	30000	other	0
A_HP_27	23	Pulse	99	1821615	16415	1
A_HP_27	23	Pulse	99	1841535	36335	1
A_HP_27	23	Pulse	99	1861615	56415	1
A_HP_27	23	Pulse	99	1881614	76414	1
A_HP_27	23	Pulse	99	1901535	96335	1
A_HP_27	23	Pulse	99	1921535	116335	1
A_HP_27	23	Pulse	99	1941615	136415	1
A_HP_27	23	Pulse	99	1961534	156334	1
A_HP_27	23	Pulse	99	1981535	176335	1
A_HP_27	23	Pulse	99	2001615	196415	1
A_HP_27	23	Pulse	99	2021535	216335	1
A_HP_27	23	Pulse	99	2041534	236334	1
A_HP_27	23	Pulse	99	2061615	256415	1
A_HP_27	23	Pulse	99	2081534	276334	1
A_HP_27	23	Pulse	99	2101534	296334	1
A_HP_27	24	Response	3	2121615	6184	1
A_HP_27	24	Pulse	99	2121615	6184	1
A_HP_27	25	Picture	response141	2122230	230	1	40229	1	0	40000	hit	134
A_HP_27	25	Response	1	2133933	11933	1
A_HP_27	25	Pulse	99	2141534	19534	1
A_HP_27	25	Pulse	99	2161535	39534	1
A_HP_27	26	Picture	response143	2172689	289	1	40229	1	0	40000	hit	138
A_HP_27	26	Response	2	2180023	7624	1
A_HP_27	26	Pulse	99	2181614	9215	1
A_HP_27	26	Pulse	99	2201535	29135	1
A_HP_27	26	Pulse	99	2221535	49135	1
A_HP_27	27	Picture	response138	2222980	181	1	40230	1	0	40000	hit	143
A_HP_27	27	Response	1	2233793	10994	1
A_HP_27	27	Pulse	99	2241615	18815	1
A_HP_27	27	Pulse	99	2261535	38735	1
A_HP_27	28	Picture	response139	2273440	240	1	40229	1	0	40000	hit	147
A_HP_27	28	Response	2	2279623	6423	1
A_HP_27	28	Pulse	99	2281534	8334	1
A_HP_27	28	Pulse	99	2301615	28414	1
A_HP_27	28	Pulse	99	2321535	48334	1
A_HP_27	29	Picture	response144	2323732	131	1	40230	1	0	40000	hit	152
A_HP_27	29	Response	2	2334123	10523	1
A_HP_27	29	Pulse	99	2341534	17934	1
A_HP_27	29	Pulse	99	2361615	38014	1
A_HP_27	30	Picture	response142	2374357	356	1	40229	1	0	40000	hit	157
A_HP_27	30	Pulse	99	2381615	7614	1
A_HP_27	30	Response	1	2387883	13882	1
A_HP_27	30	Pulse	99	2401534	27534	1
A_HP_27	30	Pulse	99	2421615	47614	1
A_HP_27	31	Picture	response140	2424648	248	1	40229	1	0	40000	hit	161
A_HP_27	31	Response	1	2436833	12433	1
A_HP_27	31	Pulse	99	2441613	17214	1
A_HP_27	31	Pulse	99	2461534	37134	1
A_HP_27	32	Picture	response137	2474940	140	1	40229	1	0	40000	hit	165
A_HP_27	32	Response	2	2481543	6744	1
A_HP_27	32	Pulse	99	2481614	6814	1
A_HP_27	32	Pulse	99	2501614	26815	1
A_HP_27	32	Pulse	99	2521534	46734	1
A_HP_27	33	Picture	ins2	2525398	199	1	30229	1	0	30000	other	0
A_HP_27	33	Pulse	99	2541534	16334	1
A_HP_27	33	Pulse	99	2561614	36414	1
A_HP_27	33	Pulse	99	2581534	56335	1
A_HP_27	33	Pulse	99	2601534	76334	1
A_HP_27	33	Pulse	99	2621614	96415	1
A_HP_27	33	Pulse	99	2641534	116335	1
A_HP_27	33	Pulse	99	2661534	136335	1
A_HP_27	33	Pulse	99	2681614	156414	1
A_HP_27	33	Pulse	99	2701535	176335	1
A_HP_27	33	Pulse	99	2721534	196335	1
A_HP_27	33	Pulse	99	2741614	216415	1
A_HP_27	33	Pulse	99	2761534	236334	1
A_HP_27	33	Pulse	99	2781534	256335	1
A_HP_27	33	Pulse	99	2801614	276415	1
A_HP_27	33	Pulse	99	2821534	296335	1
A_HP_27	34	Response	3	2841534	6104	1
A_HP_27	34	Pulse	99	2841534	6104	1
A_HP_27	35	Picture	response12	2842130	230	1	40229	1	0	40000	hit	188
A_HP_27	35	Response	2	2848103	6203	1
A_HP_27	35	Pulse	99	2861614	19714	1
A_HP_27	35	Pulse	99	2881534	39634	1
A_HP_27	36	Picture	response13	2892422	122	1	40229	1	0	40000	hit	193
A_HP_27	36	Pulse	99	2901534	9235	1
A_HP_27	36	Response	2	2902042	9743	1
A_HP_27	36	Pulse	99	2921614	29315	1
A_HP_27	36	Pulse	99	2941534	49235	1
A_HP_27	37	Picture	response16	2942880	180	1	40229	1	0	40000	hit	197
A_HP_27	37	Response	2	2947283	4583	1
A_HP_27	37	Pulse	99	2961534	18835	1
A_HP_27	37	Pulse	99	2981614	38915	1
A_HP_27	38	Picture	response15	2993338	238	1	40229	1	0	40000	hit	201
A_HP_27	38	Response	1	2998983	5883	1
A_HP_27	38	Pulse	99	3001534	8434	1
A_HP_27	38	Pulse	99	3021534	28435	1
A_HP_27	38	Pulse	99	3041614	48515	1
A_HP_27	39	Picture	response14	3043796	296	1	40229	1	0	40000	hit	206
A_HP_27	39	Response	1	3049993	6493	1
A_HP_27	39	Pulse	99	3061534	18034	1
A_HP_27	39	Pulse	99	3081534	38034	1
A_HP_27	40	Picture	response9	3094088	188	1	40229	1	0	40000	hit	210
A_HP_27	40	Response	2	3098873	4973	1
A_HP_27	40	Pulse	99	3101613	7714	1
A_HP_27	40	Pulse	99	3121534	27635	1
A_HP_27	40	Pulse	99	3141534	47635	1
A_HP_27	41	Picture	response10	3144379	80	1	40229	1	0	40000	hit	215
A_HP_27	41	Response	2	3149933	5633	1
A_HP_27	41	Pulse	99	3161534	17235	1
A_HP_27	41	Pulse	99	3181534	37234	1
A_HP_27	42	Picture	response11	3195004	305	1	40229	1	0	40000	hit	220
A_HP_27	42	Pulse	99	3201534	6835	1
A_HP_27	42	Response	1	3201932	7233	1
A_HP_27	42	Pulse	99	3221534	26835	1
A_HP_27	42	Pulse	99	3241534	46834	1
A_HP_27	43	Picture	ins20	3245296	197	1	30229	1	0	30000	other	0
A_HP_27	43	Pulse	99	3261534	16435	1
A_HP_27	43	Pulse	99	3281534	36435	1
A_HP_27	43	Pulse	99	3301534	56435	1
A_HP_27	43	Pulse	99	3321534	76435	1
A_HP_27	43	Pulse	99	3341534	96435	1
A_HP_27	43	Pulse	99	3361614	116515	1
A_HP_27	43	Pulse	99	3381534	136435	1
A_HP_27	43	Pulse	99	3401534	156435	1
A_HP_27	43	Pulse	99	3421614	176515	1
A_HP_27	43	Pulse	99	3441534	196435	1
A_HP_27	43	Pulse	99	3461534	216435	1
A_HP_27	43	Pulse	99	3481614	236515	1
A_HP_27	43	Pulse	99	3501534	256435	1
A_HP_27	43	Pulse	99	3521534	276435	1
A_HP_27	43	Pulse	99	3541614	296515	1
A_HP_27	44	Response	3	3561534	6204	1
A_HP_27	44	Pulse	99	3561534	6204	1
A_HP_27	45	Picture	response159	3562129	230	1	40229	1	0	40000	hit	242
A_HP_27	45	Response	1	3575673	13774	1
A_HP_27	45	Pulse	99	3581534	19635	1
A_HP_27	45	Pulse	99	3601614	39715	1
A_HP_27	46	Picture	response157	3612421	122	1	40229	1	0	40000	hit	246
A_HP_27	46	Response	2	3618623	6324	1
A_HP_27	46	Pulse	99	3621533	9234	1
A_HP_27	46	Pulse	99	3641534	29235	1
A_HP_27	46	Pulse	99	3661614	49315	1
A_HP_27	47	Picture	response160	3662880	180	1	40230	1	0	40000	hit	251
A_HP_27	47	Response	1	3673693	10993	1
A_HP_27	47	Pulse	99	3681534	18835	1
A_HP_27	47	Pulse	99	3701534	38835	1
A_HP_27	48	Picture	response156	3713338	239	1	40229	1	0	40000	hit	256
A_HP_27	48	Pulse	99	3721614	8515	1
A_HP_27	48	Response	1	3726242	13143	1
A_HP_27	48	Pulse	99	3741534	28434	1
A_HP_27	48	Pulse	99	3761534	48435	1
A_HP_27	49	Picture	response153	3763797	298	1	40229	1	0	40000	hit	260
A_HP_27	49	Response	2	3771713	8214	1
A_HP_27	49	Pulse	99	3781534	18035	1
A_HP_27	49	Pulse	99	3801534	38035	1
A_HP_27	50	Picture	response155	3814088	189	1	40229	1	0	40000	hit	265
A_HP_27	50	Pulse	99	3821534	7635	1
A_HP_27	50	Response	2	3826722	12823	1
A_HP_27	50	Pulse	99	3841534	27635	1
A_HP_27	50	Pulse	99	3861534	47635	1
A_HP_27	51	Picture	response154	3864380	81	1	40229	1	0	40000	hit	269
A_HP_27	51	Response	1	3878382	14083	1
A_HP_27	51	Pulse	99	3881533	17234	1
A_HP_27	51	Pulse	99	3901534	37234	1
A_HP_27	52	Picture	response158	3915005	305	1	40229	1	0	40000	hit	273
A_HP_27	52	Response	2	3920563	5863	1
A_HP_27	52	Pulse	99	3921533	6834	1
A_HP_27	52	Pulse	99	3941534	26834	1
A_HP_27	52	Pulse	99	3961534	46834	1
A_HP_27	53	Picture	ins12	3965296	197	1	30229	1	0	30000	other	0
A_HP_27	53	Pulse	99	3981534	16434	1
A_HP_27	53	Pulse	99	4001534	36435	1
A_HP_27	53	Pulse	99	4021534	56434	1
A_HP_27	53	Pulse	99	4041533	76434	1
A_HP_27	53	Pulse	99	4061534	96434	1
A_HP_27	53	Pulse	99	4081533	116434	1
A_HP_27	53	Pulse	99	4101534	136434	1
A_HP_27	53	Pulse	99	4121533	156434	1
A_HP_27	53	Pulse	99	4141534	176434	1
A_HP_27	53	Pulse	99	4161533	196434	1
A_HP_27	53	Pulse	99	4181534	216434	1
A_HP_27	53	Pulse	99	4201533	236434	1
A_HP_27	53	Pulse	99	4221534	256434	1
A_HP_27	53	Pulse	99	4241533	276434	1
A_HP_27	53	Pulse	99	4261534	296434	1
A_HP_27	54	Response	3	4281534	6204	1
A_HP_27	54	Pulse	99	4281534	6204	1
A_HP_27	55	Picture	response90	4282129	230	1	40229	1	0	40000	incorrect	297
A_HP_27	55	Pulse	99	4301534	19634	1
A_HP_27	55	Response	2	4301652	19752	1
A_HP_27	55	Pulse	99	4321533	39634	1
A_HP_27	56	Picture	response93	4332421	122	1	40229	1	0	40000	hit	300
A_HP_27	56	Response	1	4341533	9234	1
A_HP_27	56	Pulse	99	4341534	9236	1
A_HP_27	56	Pulse	99	4361534	29235	1
A_HP_27	56	Pulse	99	4381533	49234	1
A_HP_27	57	Picture	response96	4382879	180	1	40229	1	0	40000	hit	305
A_HP_27	57	Response	2	4391042	8343	1
A_HP_27	57	Pulse	99	4401534	18835	1
A_HP_27	57	Pulse	99	4421534	38835	1
A_HP_27	58	Picture	response89	4433227	128	1	40229	1	0	40000	hit	310
A_HP_27	58	Pulse	99	4441534	8435	1
A_HP_27	58	Response	2	4449522	16423	1
A_HP_27	58	Pulse	99	4461534	28434	1
A_HP_27	58	Pulse	99	4481534	48434	1
A_HP_27	59	Picture	response91	4483852	354	1	40229	1	0	40000	hit	314
A_HP_27	59	Response	2	4490762	7264	1
A_HP_27	59	Pulse	99	4501533	18035	1
A_HP_27	59	Pulse	99	4521534	38035	1
A_HP_27	60	Picture	response92	4534145	247	1	40229	1	0	40000	hit	319
A_HP_27	60	Pulse	99	4541533	7635	1
A_HP_27	60	Response	1	4545902	12003	1
A_HP_27	60	Pulse	99	4561533	27635	1
A_HP_27	60	Pulse	99	4581533	47635	1
A_HP_27	61	Picture	response94	4584437	139	1	40229	1	0	40000	hit	323
A_HP_27	61	Response	2	4590522	6224	1
A_HP_27	61	Pulse	99	4601533	17235	1
A_HP_27	61	Pulse	99	4621533	37235	1
A_HP_27	62	Picture	response95	4634895	196	1	40229	1	0	40000	hit	327
A_HP_27	62	Response	2	4640902	6203	1
A_HP_27	62	Pulse	99	4641533	6834	1
A_HP_27	62	Pulse	99	4661534	26835	1
A_HP_27	62	Pulse	99	4681533	46834	1
A_HP_27	63	Picture	thanks	4685020	0	1	10229	1	0	10000	other	0
A_HP_27	63	Pulse	99	4701533	16513	1


Event Type	Code	Type	Response	RT	RT Uncertainty	Time	Uncertainty	Duration	Uncertainty	ReqTime	ReqDur

Picture	ready	other				301768	1	10229	1	0	10000
Picture	ins10	other				362335	1	30230	1	0	30000
Picture	response80	hit	1	10093	2	682131	1	40229	1	0	40000
Picture	response73	hit	1	12701	2	732423	1	40229	1	0	40000
Picture	response74	hit	2	8052	2	782882	1	40229	1	0	40000
Picture	response76	hit	2	10031	2	833273	1	40229	1	0	40000
Picture	response78	hit	2	6653	2	883731	1	40229	1	0	40000
Picture	response79	hit	1	10344	2	934189	1	40229	1	0	40000
Picture	response77	hit	1	10943	2	984481	1	40229	1	0	40000
Picture	response75	hit	1	10785	2	1034939	1	40229	1	0	40000
Picture	ins4	other				1085230	1	30229	1	0	30000
Picture	response29	hit	2	7720	2	1402234	1	40229	1	0	40000
Picture	response25	hit	1	6532	2	1452692	1	40229	1	0	40000
Picture	response26	hit	2	4770	2	1502983	1	40230	1	0	40000
Picture	response28	hit	1	7252	2	1553442	1	40229	1	0	40000
Picture	response32	hit	1	4880	2	1603734	1	40226	5	0	40000
Picture	response31	hit	1	6659	2	1654355	1	40229	1	0	40000
Picture	response30	hit	1	8277	2	1704646	1	40229	1	0	40000
Picture	response27	hit	2	6615	2	1754938	1	40229	1	0	40000
Picture	ins18	other				1805396	1	30230	1	0	30000
Picture	response141	hit	1	11703	2	2122230	1	40229	1	0	40000
Picture	response143	hit	2	7335	2	2172689	1	40229	1	0	40000
Picture	response138	hit	1	10813	2	2222980	1	40230	1	0	40000
Picture	response139	hit	2	6183	2	2273440	1	40229	1	0	40000
Picture	response144	hit	2	10392	2	2323732	1	40230	1	0	40000
Picture	response142	hit	1	13526	2	2374357	1	40229	1	0	40000
Picture	response140	hit	1	12185	2	2424648	1	40229	1	0	40000
Picture	response137	hit	2	6603	2	2474940	1	40229	1	0	40000
Picture	ins2	other				2525398	1	30229	1	0	30000
Picture	response12	hit	2	5973	2	2842130	1	40229	1	0	40000
Picture	response13	hit	2	9621	2	2892422	1	40229	1	0	40000
Picture	response16	hit	2	4403	2	2942880	1	40229	1	0	40000
Picture	response15	hit	1	5645	2	2993338	1	40229	1	0	40000
Picture	response14	hit	1	6197	2	3043796	1	40229	1	0	40000
Picture	response9	hit	2	4785	2	3094088	1	40229	1	0	40000
Picture	response10	hit	2	5553	2	3144379	1	40229	1	0	40000
Picture	response11	hit	1	6928	2	3195004	1	40229	1	0	40000
Picture	ins20	other				3245296	1	30229	1	0	30000
Picture	response159	hit	1	13544	2	3562129	1	40229	1	0	40000
Picture	response157	hit	2	6202	2	3612421	1	40229	1	0	40000
Picture	response160	hit	1	10813	2	3662880	1	40230	1	0	40000
Picture	response156	hit	1	12904	2	3713338	1	40229	1	0	40000
Picture	response153	hit	2	7916	2	3763797	1	40229	1	0	40000
Picture	response155	hit	2	12634	2	3814088	1	40229	1	0	40000
Picture	response154	hit	1	14002	2	3864380	1	40229	1	0	40000
Picture	response158	hit	2	5558	2	3915005	1	40229	1	0	40000
Picture	ins12	other				3965296	1	30229	1	0	30000
Picture	response90	incorrect	2	19522	2	4282129	1	40229	1	0	40000
Picture	response93	hit	1	9112	2	4332421	1	40229	1	0	40000
Picture	response96	hit	2	8163	2	4382879	1	40229	1	0	40000
Picture	response89	hit	2	16295	2	4433227	1	40229	1	0	40000
Picture	response91	hit	2	6910	2	4483852	1	40229	1	0	40000
Picture	response92	hit	1	11757	2	4534145	1	40229	1	0	40000
Picture	response94	hit	2	6085	2	4584437	1	40229	1	0	40000
Picture	response95	hit	2	6007	2	4634895	1	40229	1	0	40000
Picture	thanks	other				4685020	1	10229	1	0	10000


{
   "app": "Presentation Version 21.0 Build 06.06.19",
   "device": "LENOVO 20KHCTO1WW",
   "experiment": "{C0C68DB1-10BA-42F2-8F79-3F2AFFEED4E4}",
   "os": "Windows 10 64 bit",
   "package": "",
   "parameters": {
      "configuration": "Default configuration"
   },
   "scenario": "Feature experiment(3).sce",
   "subject": "A_HP_27",
   "timestamp": "2019/11/07 04:55:40 GMT"
}
