Scenario - 
Logfile written - 01/17/2020 11:14:47

Subject	Trial	Event Type	Code	Time	TTime	Uncertainty	Duration	Uncertainty	ReqTime	ReqDur	Stim Type	Pair Index

A_HP_45	1	Response	3	433649	432816	1
A_HP_45	1	Pulse	99	433649	432816	1
A_HP_45	2	Picture	ready	433803	0	1	10162	1	0	10000	other	0
A_HP_45	2	Pulse	99	453648	19845	1
A_HP_45	2	Pulse	99	473728	39925	1
A_HP_45	2	Pulse	99	493649	59845	1
A_HP_45	3	Picture	ins18	494276	70	1	30153	1	0	30000	other	0
A_HP_45	3	Pulse	99	513648	19442	1
A_HP_45	3	Pulse	99	533729	39523	1
A_HP_45	3	Pulse	99	553649	59443	1
A_HP_45	3	Pulse	99	573648	79442	1
A_HP_45	3	Pulse	99	593729	99523	1
A_HP_45	3	Pulse	99	613648	119443	1
A_HP_45	3	Pulse	99	633648	139443	1
A_HP_45	3	Pulse	99	653729	159523	1
A_HP_45	3	Pulse	99	673649	179443	1
A_HP_45	3	Pulse	99	693649	199443	1
A_HP_45	3	Pulse	99	713729	219523	1
A_HP_45	3	Pulse	99	733648	239442	1
A_HP_45	3	Pulse	99	753649	259443	1
A_HP_45	3	Pulse	99	773729	279523	1
A_HP_45	3	Pulse	99	793649	299443	1
A_HP_45	4	Response	3	813648	9346	1
A_HP_45	4	Pulse	99	813648	9346	1
A_HP_45	5	Picture	response143	814131	125	1	40149	1	0	40000	hit	26
A_HP_45	5	Response	2	826397	12391	1
A_HP_45	5	Pulse	99	833649	19643	1
A_HP_45	5	Pulse	99	853649	39642	1
A_HP_45	6	Picture	response139	864442	36	1	40148	1	0	40000	hit	32
A_HP_45	6	Pulse	99	873649	9243	1
A_HP_45	6	Pulse	99	893648	29242	1
A_HP_45	6	Response	2	900178	35772	1
A_HP_45	6	Pulse	99	913649	49243	1
A_HP_45	7	Picture	response144	914919	113	1	40148	1	0	40000	incorrect	35
A_HP_45	7	Response	1	929568	14761	1
A_HP_45	7	Pulse	99	933649	18842	1
A_HP_45	7	Pulse	99	953649	38843	1
A_HP_45	8	Picture	response140	965396	190	1	40148	1	0	40000	incorrect	40
A_HP_45	8	Pulse	99	973649	8442	1
A_HP_45	8	Response	2	977358	12151	1
A_HP_45	8	Pulse	99	993649	28443	1
A_HP_45	8	Pulse	99	1013649	48442	1
A_HP_45	9	Picture	response141	1015707	100	1	40149	1	0	40000	hit	44
A_HP_45	9	Response	1	1024357	8751	1
A_HP_45	9	Pulse	99	1033649	18043	1
A_HP_45	9	Pulse	99	1053649	38042	1
A_HP_45	10	Picture	response142	1066184	177	1	40149	1	0	40000	hit	49
A_HP_45	10	Pulse	99	1073649	7643	1
A_HP_45	10	Response	1	1078288	12281	1
A_HP_45	10	Pulse	99	1093649	27642	1
A_HP_45	10	Pulse	99	1113649	47642	1
A_HP_45	11	Picture	response138	1116494	88	1	40149	1	0	40000	hit	53
A_HP_45	11	Response	1	1128578	12171	1
A_HP_45	11	Pulse	99	1133648	17242	1
A_HP_45	11	Pulse	99	1153649	37243	1
A_HP_45	12	Picture	response137	1166972	165	1	40149	1	0	40000	hit	58
A_HP_45	12	Pulse	99	1173649	6843	1
A_HP_45	12	Response	2	1193117	26311	1
A_HP_45	12	Pulse	99	1193648	26842	1
A_HP_45	12	Pulse	99	1213649	46842	1
A_HP_45	13	Picture	ins4	1217282	76	1	30153	1	0	30000	other	0
A_HP_45	13	Pulse	99	1233649	16443	1
A_HP_45	13	Pulse	99	1253649	36442	1
A_HP_45	13	Pulse	99	1273649	56443	1
A_HP_45	13	Pulse	99	1293649	76442	1
A_HP_45	13	Pulse	99	1313649	96442	1
A_HP_45	13	Pulse	99	1333649	116443	1
A_HP_45	13	Pulse	99	1353649	136443	1
A_HP_45	13	Pulse	99	1373649	156442	1
A_HP_45	13	Pulse	99	1393649	176443	1
A_HP_45	13	Pulse	99	1413649	196443	1
A_HP_45	13	Pulse	99	1433649	216443	1
A_HP_45	13	Pulse	99	1453649	236443	1
A_HP_45	13	Pulse	99	1473650	256443	1
A_HP_45	13	Pulse	99	1493649	276442	1
A_HP_45	13	Pulse	99	1513649	296443	1
A_HP_45	14	Response	3	1533649	6340	1
A_HP_45	14	Pulse	99	1533649	6340	1
A_HP_45	15	Picture	response28	1534139	132	1	40148	1	0	40000	hit	80
A_HP_45	15	Response	1	1539808	5801	1
A_HP_45	15	Pulse	99	1553649	19642	1
A_HP_45	15	Pulse	99	1573649	39642	1
A_HP_45	16	Picture	response32	1584449	43	1	40149	1	0	40000	hit	84
A_HP_45	16	Response	1	1588818	4411	1
A_HP_45	16	Pulse	99	1593649	9242	1
A_HP_45	16	Pulse	99	1613649	29242	1
A_HP_45	16	Pulse	99	1633649	49243	1
A_HP_45	17	Picture	response27	1634927	120	1	40148	1	0	40000	hit	89
A_HP_45	17	Response	2	1644198	9391	1
A_HP_45	17	Pulse	99	1653649	18842	1
A_HP_45	17	Pulse	99	1673649	38842	1
A_HP_45	18	Picture	response29	1685404	197	1	40148	1	0	40000	hit	93
A_HP_45	18	Response	2	1690428	5221	1
A_HP_45	18	Pulse	99	1693648	8442	1
A_HP_45	18	Pulse	99	1713649	28442	1
A_HP_45	18	Pulse	99	1733649	48442	1
A_HP_45	19	Picture	response30	1735714	107	1	40149	1	0	40000	hit	98
A_HP_45	19	Response	1	1740378	4771	1
A_HP_45	19	Pulse	99	1753649	18042	1
A_HP_45	19	Pulse	99	1773649	38042	1
A_HP_45	20	Picture	response31	1786191	185	1	40149	1	0	40000	hit	102
A_HP_45	20	Response	1	1793228	7221	1
A_HP_45	20	Pulse	99	1793649	7642	1
A_HP_45	20	Pulse	99	1813649	27642	1
A_HP_45	20	Pulse	99	1833649	47642	1
A_HP_45	21	Picture	response25	1836502	95	1	40148	1	0	40000	hit	107
A_HP_45	21	Response	1	1848758	12351	1
A_HP_45	21	Pulse	99	1853649	17242	1
A_HP_45	21	Pulse	99	1873649	37242	1
A_HP_45	22	Picture	response26	1886979	172	1	40148	1	0	40000	hit	112
A_HP_45	22	Pulse	99	1893649	6842	1
A_HP_45	22	Response	2	1906818	20011	1
A_HP_45	22	Pulse	99	1913649	26842	1
A_HP_45	22	Pulse	99	1933649	46842	1
A_HP_45	23	Picture	ins20	1937290	83	1	30153	1	0	30000	other	0
A_HP_45	23	Pulse	99	1953649	16443	1
A_HP_45	23	Pulse	99	1973649	36443	1
A_HP_45	23	Pulse	99	1993649	56442	1
A_HP_45	23	Pulse	99	2013649	76443	1
A_HP_45	23	Pulse	99	2033649	96443	1
A_HP_45	23	Pulse	99	2053649	116442	1
A_HP_45	23	Pulse	99	2073649	136442	1
A_HP_45	23	Pulse	99	2093649	156443	1
A_HP_45	23	Pulse	99	2113649	176442	1
A_HP_45	23	Pulse	99	2133649	196442	1
A_HP_45	23	Pulse	99	2153649	216443	1
A_HP_45	23	Pulse	99	2173649	236443	1
A_HP_45	23	Pulse	99	2193649	256443	1
A_HP_45	23	Pulse	99	2213649	276443	1
A_HP_45	23	Pulse	99	2233649	296442	1
A_HP_45	24	Response	3	2253650	6333	1
A_HP_45	24	Pulse	99	2253650	6333	1
A_HP_45	25	Picture	response156	2254146	139	1	40149	1	0	40000	hit	134
A_HP_45	25	Response	1	2270588	16581	1
A_HP_45	25	Pulse	99	2273649	19642	1
A_HP_45	25	Pulse	99	2293649	39643	1
A_HP_45	26	Picture	response160	2304457	50	1	40148	1	0	40000	hit	138
A_HP_45	26	Response	1	2313128	8721	1
A_HP_45	26	Pulse	99	2313649	9242	1
A_HP_45	26	Pulse	99	2333649	29242	1
A_HP_45	26	Pulse	99	2353650	49243	1
A_HP_45	27	Picture	response154	2354934	127	1	40148	1	0	40000	hit	144
A_HP_45	27	Pulse	99	2373649	18842	1
A_HP_45	27	Response	1	2381318	26511	1
A_HP_45	27	Pulse	99	2393650	38842	1
A_HP_45	28	Picture	response153	2405245	38	1	40148	1	0	40000	hit	148
A_HP_45	28	Pulse	99	2413650	8442	1
A_HP_45	28	Response	2	2425448	20241	1
A_HP_45	28	Pulse	99	2433650	28443	1
A_HP_45	28	Pulse	99	2453650	48443	1
A_HP_45	29	Picture	response155	2455722	115	1	40148	1	0	40000	hit	153
A_HP_45	29	Pulse	99	2473650	18042	1
A_HP_45	29	Response	2	2487488	31881	1
A_HP_45	29	Pulse	99	2493650	38042	1
A_HP_45	30	Picture	response159	2506199	192	1	40149	1	0	40000	hit	157
A_HP_45	30	Pulse	99	2513650	7643	1
A_HP_45	30	Response	1	2514708	8701	1
A_HP_45	30	Pulse	99	2533650	27643	1
A_HP_45	30	Pulse	99	2553650	47642	1
A_HP_45	31	Picture	response157	2556510	102	1	40149	1	0	40000	hit	162
A_HP_45	31	Pulse	99	2573650	17242	1
A_HP_45	31	Response	2	2580668	24261	1
A_HP_45	31	Pulse	99	2593649	37241	1
A_HP_45	32	Picture	response158	2606987	180	1	40149	1	0	40000	hit	167
A_HP_45	32	Pulse	99	2613650	6843	1
A_HP_45	32	Pulse	99	2633649	26842	1
A_HP_45	32	Response	2	2638828	32021	1
A_HP_45	32	Pulse	99	2653649	46842	1
A_HP_45	33	Picture	ins10	2657297	90	1	30153	1	0	30000	other	0
A_HP_45	33	Pulse	99	2673650	16442	1
A_HP_45	33	Pulse	99	2693650	36442	1
A_HP_45	33	Pulse	99	2713650	56442	1
A_HP_45	33	Pulse	99	2733650	76442	1
A_HP_45	33	Pulse	99	2753650	96442	1
A_HP_45	33	Pulse	99	2773650	116442	1
A_HP_45	33	Pulse	99	2793650	136443	1
A_HP_45	33	Pulse	99	2813650	156443	1
A_HP_45	33	Pulse	99	2833650	176443	1
A_HP_45	33	Pulse	99	2853650	196443	1
A_HP_45	33	Pulse	99	2873650	216442	1
A_HP_45	33	Pulse	99	2893650	236443	1
A_HP_45	33	Pulse	99	2913649	256442	1
A_HP_45	33	Pulse	99	2933650	276442	1
A_HP_45	33	Pulse	99	2953650	296443	1
A_HP_45	34	Response	3	2973650	6326	1
A_HP_45	34	Pulse	99	2973650	6326	1
A_HP_45	35	Picture	response75	2974154	147	1	40149	1	0	40000	hit	189
A_HP_45	35	Pulse	99	2993650	19643	1
A_HP_45	35	Response	1	3000889	26881	1
A_HP_45	35	Pulse	99	3013650	39642	1
A_HP_45	36	Picture	response73	3024465	57	1	40149	1	0	40000	hit	193
A_HP_45	36	Pulse	99	3033650	9243	1
A_HP_45	36	Response	1	3043069	18661	1
A_HP_45	36	Pulse	99	3053650	29243	1
A_HP_45	36	Pulse	99	3073650	49243	1
A_HP_45	37	Picture	response77	3074942	134	1	40148	1	0	40000	hit	197
A_HP_45	37	Response	1	3080739	5931	1
A_HP_45	37	Pulse	99	3093651	18843	1
A_HP_45	37	Pulse	99	3113650	38842	1
A_HP_45	38	Picture	response78	3125252	45	1	40148	1	0	40000	hit	201
A_HP_45	38	Response	2	3131959	6751	1
A_HP_45	38	Pulse	99	3133650	8442	1
A_HP_45	38	Pulse	99	3153650	28442	1
A_HP_45	38	Pulse	99	3173650	48442	1
A_HP_45	39	Picture	response80	3175729	122	1	40149	1	0	40000	hit	206
A_HP_45	39	Response	1	3187529	11921	1
A_HP_45	39	Pulse	99	3193650	18042	1
A_HP_45	39	Pulse	99	3213650	38042	1
A_HP_45	40	Picture	response79	3226040	33	1	40148	1	0	40000	hit	211
A_HP_45	40	Pulse	99	3233650	7643	1
A_HP_45	40	Response	1	3241769	15761	1
A_HP_45	40	Pulse	99	3253650	27642	1
A_HP_45	40	Pulse	99	3273650	47643	1
A_HP_45	41	Picture	response74	3276517	110	1	40149	1	0	40000	hit	216
A_HP_45	41	Pulse	99	3293650	17243	1
A_HP_45	41	Response	2	3304579	28171	1
A_HP_45	41	Pulse	99	3313650	37242	1
A_HP_45	42	Picture	response76	3326994	187	1	40149	1	0	40000	hit	220
A_HP_45	42	Pulse	99	3333650	6842	1
A_HP_45	42	Response	2	3338819	12011	1
A_HP_45	42	Pulse	99	3353650	26843	1
A_HP_45	42	Pulse	99	3373650	46842	1
A_HP_45	43	Picture	ins12	3377305	97	1	30153	1	0	30000	other	0
A_HP_45	43	Pulse	99	3393650	16443	1
A_HP_45	43	Pulse	99	3413650	36442	1
A_HP_45	43	Pulse	99	3433650	56443	1
A_HP_45	43	Pulse	99	3453650	76442	1
A_HP_45	43	Pulse	99	3473650	96443	1
A_HP_45	43	Pulse	99	3493650	116442	1
A_HP_45	43	Pulse	99	3513650	136443	1
A_HP_45	43	Pulse	99	3533650	156442	1
A_HP_45	43	Pulse	99	3553650	176443	1
A_HP_45	43	Pulse	99	3573650	196443	1
A_HP_45	43	Pulse	99	3593651	216444	1
A_HP_45	43	Pulse	99	3613650	236443	1
A_HP_45	43	Pulse	99	3633650	256443	1
A_HP_45	43	Pulse	99	3653650	276443	1
A_HP_45	43	Pulse	99	3673650	296442	1
A_HP_45	44	Response	3	3693650	6319	1
A_HP_45	44	Pulse	99	3693650	6319	1
A_HP_45	45	Picture	response96	3694162	154	1	40148	1	0	40000	hit	242
A_HP_45	45	Response	2	3706349	12341	1
A_HP_45	45	Pulse	99	3713650	19643	1
A_HP_45	45	Pulse	99	3733651	39643	1
A_HP_45	46	Picture	response90	3744472	64	1	40149	1	0	40000	hit	246
A_HP_45	46	Response	1	3751539	7131	1
A_HP_45	46	Pulse	99	3753650	9242	1
A_HP_45	46	Pulse	99	3773650	29242	1
A_HP_45	46	Pulse	99	3793650	49243	1
A_HP_45	47	Picture	response94	3794949	141	1	40148	1	0	40000	hit	251
A_HP_45	47	Response	2	3802409	7601	1
A_HP_45	47	Pulse	99	3813650	18842	1
A_HP_45	47	Pulse	99	3833650	38842	1
A_HP_45	48	Picture	response95	3845260	52	1	40148	1	0	40000	hit	255
A_HP_45	48	Response	2	3852049	6841	1
A_HP_45	48	Pulse	99	3853650	8442	1
A_HP_45	48	Pulse	99	3873650	28443	1
A_HP_45	48	Pulse	99	3893650	48442	1
A_HP_45	49	Picture	response91	3895737	129	1	40149	1	0	40000	hit	260
A_HP_45	49	Response	2	3902189	6581	1
A_HP_45	49	Pulse	99	3913650	18042	1
A_HP_45	49	Pulse	99	3933650	38042	1
A_HP_45	50	Picture	response93	3946048	40	1	40148	1	0	40000	hit	265
A_HP_45	50	Pulse	99	3953650	7642	1
A_HP_45	50	Response	1	3964679	18671	1
A_HP_45	50	Pulse	99	3973650	27642	1
A_HP_45	50	Pulse	99	3993650	47643	1
A_HP_45	51	Picture	response89	3996525	117	1	40148	1	0	40000	hit	270
A_HP_45	51	Pulse	99	4013650	17242	1
A_HP_45	51	Response	2	4017109	20701	1
A_HP_45	51	Pulse	99	4033650	37242	1
A_HP_45	52	Picture	response92	4047002	194	1	40149	1	0	40000	hit	274
A_HP_45	52	Pulse	99	4053650	6842	1
A_HP_45	52	Response	1	4058949	12141	1
A_HP_45	52	Pulse	99	4073650	26842	1
A_HP_45	52	Pulse	99	4093650	46842	1
A_HP_45	53	Picture	ins2	4097312	104	1	30153	1	0	30000	other	0
A_HP_45	53	Pulse	99	4113651	16443	1
A_HP_45	53	Pulse	99	4133650	36442	1
A_HP_45	53	Pulse	99	4153650	56442	1
A_HP_45	53	Pulse	99	4173651	76442	1
A_HP_45	53	Pulse	99	4193651	96442	1
A_HP_45	53	Pulse	99	4213651	116442	1
A_HP_45	53	Pulse	99	4233650	136442	1
A_HP_45	53	Pulse	99	4253651	156442	1
A_HP_45	53	Pulse	99	4273652	176444	1
A_HP_45	53	Pulse	99	4293650	196442	1
A_HP_45	53	Pulse	99	4313651	216442	1
A_HP_45	53	Pulse	99	4333651	236442	1
A_HP_45	53	Pulse	99	4353651	256442	1
A_HP_45	53	Pulse	99	4373651	276443	1
A_HP_45	53	Pulse	99	4393651	296443	1
A_HP_45	54	Response	3	4413651	6312	1
A_HP_45	54	Pulse	99	4413651	6312	1
A_HP_45	55	Picture	response9	4414169	161	1	40149	1	0	40000	hit	296
A_HP_45	55	Response	2	4423810	9801	1
A_HP_45	55	Pulse	99	4433651	19643	1
A_HP_45	55	Pulse	99	4453651	39643	1
A_HP_45	56	Picture	response13	4464480	71	1	40149	1	0	40000	hit	300
A_HP_45	56	Response	2	4472559	8151	1
A_HP_45	56	Pulse	99	4473651	9242	1
A_HP_45	56	Pulse	99	4493650	29242	1
A_HP_45	56	Pulse	99	4513651	49243	1
A_HP_45	57	Picture	response16	4514957	149	1	40149	1	0	40000	hit	305
A_HP_45	57	Response	2	4520860	6051	1
A_HP_45	57	Pulse	99	4533651	18842	1
A_HP_45	57	Pulse	99	4553651	38842	1
A_HP_45	58	Picture	response10	4565267	59	1	40148	1	0	40000	hit	309
A_HP_45	58	Response	2	4569520	4311	1
A_HP_45	58	Pulse	99	4573651	8442	1
A_HP_45	58	Pulse	99	4593651	28443	1
A_HP_45	58	Pulse	99	4613571	48362	1
A_HP_45	59	Picture	response14	4615745	136	1	40149	1	0	40000	hit	314
A_HP_45	59	Response	1	4620159	4551	1
A_HP_45	59	Pulse	99	4633651	18043	1
A_HP_45	59	Pulse	99	4653651	38042	1
A_HP_45	60	Picture	response15	4666055	47	1	40148	1	0	40000	hit	319
A_HP_45	60	Pulse	99	4673571	7562	1
A_HP_45	60	Response	1	4674459	8450	1
A_HP_45	60	Pulse	99	4693651	27642	1
A_HP_45	60	Pulse	99	4713651	47643	1
A_HP_45	61	Picture	response11	4716532	124	1	40149	1	0	40000	hit	323
A_HP_45	61	Response	1	4721399	4991	1
A_HP_45	61	Pulse	99	4733571	17162	1
A_HP_45	61	Pulse	99	4753651	37243	1
A_HP_45	62	Picture	response12	4766843	35	1	40148	1	0	40000	hit	328
A_HP_45	62	Pulse	99	4773651	6842	1
A_HP_45	62	Response	2	4775259	8451	1
A_HP_45	62	Pulse	99	4793571	26762	1
A_HP_45	62	Pulse	99	4813651	46842	1
A_HP_45	63	Picture	thanks	4816987	0	1	10162	1	0	10000	other	0
A_HP_45	63	Pulse	99	4833651	16664	1


Event Type	Code	Type	Response	RT	RT Uncertainty	Time	Uncertainty	Duration	Uncertainty	ReqTime	ReqDur

Picture	ready	other				433803	1	10162	1	0	10000
Picture	ins18	other				494276	1	30153	1	0	30000
Picture	response143	hit	2	12266	2	814131	1	40149	1	0	40000
Picture	response139	hit	2	35736	2	864442	1	40148	1	0	40000
Picture	response144	incorrect	1	14649	2	914919	1	40148	1	0	40000
Picture	response140	incorrect	2	11961	2	965396	1	40148	1	0	40000
Picture	response141	hit	1	8651	2	1015707	1	40149	1	0	40000
Picture	response142	hit	1	12104	2	1066184	1	40149	1	0	40000
Picture	response138	hit	1	12083	2	1116494	1	40149	1	0	40000
Picture	response137	hit	2	26146	2	1166972	1	40149	1	0	40000
Picture	ins4	other				1217282	1	30153	1	0	30000
Picture	response28	hit	1	5669	2	1534139	1	40148	1	0	40000
Picture	response32	hit	1	4368	2	1584449	1	40149	1	0	40000
Picture	response27	hit	2	9271	2	1634927	1	40148	1	0	40000
Picture	response29	hit	2	5024	2	1685404	1	40148	1	0	40000
Picture	response30	hit	1	4664	2	1735714	1	40149	1	0	40000
Picture	response31	hit	1	7036	2	1786191	1	40149	1	0	40000
Picture	response25	hit	1	12256	2	1836502	1	40148	1	0	40000
Picture	response26	hit	2	19839	2	1886979	1	40148	1	0	40000
Picture	ins20	other				1937290	1	30153	1	0	30000
Picture	response156	hit	1	16442	2	2254146	1	40149	1	0	40000
Picture	response160	hit	1	8671	2	2304457	1	40148	1	0	40000
Picture	response154	hit	1	26384	2	2354934	1	40148	1	0	40000
Picture	response153	hit	2	20204	2	2405245	1	40148	1	0	40000
Picture	response155	hit	2	31767	2	2455722	1	40148	1	0	40000
Picture	response159	hit	1	8509	2	2506199	1	40149	1	0	40000
Picture	response157	hit	2	24159	2	2556510	1	40149	1	0	40000
Picture	response158	hit	2	31842	2	2606987	1	40149	1	0	40000
Picture	ins10	other				2657297	1	30153	1	0	30000
Picture	response75	hit	1	26735	2	2974154	1	40149	1	0	40000
Picture	response73	hit	1	18604	2	3024465	1	40149	1	0	40000
Picture	response77	hit	1	5797	2	3074942	1	40148	1	0	40000
Picture	response78	hit	2	6706	2	3125252	1	40148	1	0	40000
Picture	response80	hit	1	11799	2	3175729	1	40149	1	0	40000
Picture	response79	hit	1	15729	2	3226040	1	40148	1	0	40000
Picture	response74	hit	2	28062	2	3276517	1	40149	1	0	40000
Picture	response76	hit	2	11825	2	3326994	1	40149	1	0	40000
Picture	ins12	other				3377305	1	30153	1	0	30000
Picture	response96	hit	2	12187	2	3694162	1	40148	1	0	40000
Picture	response90	hit	1	7067	2	3744472	1	40149	1	0	40000
Picture	response94	hit	2	7459	2	3794949	1	40148	1	0	40000
Picture	response95	hit	2	6789	2	3845260	1	40148	1	0	40000
Picture	response91	hit	2	6452	2	3895737	1	40149	1	0	40000
Picture	response93	hit	1	18631	2	3946048	1	40148	1	0	40000
Picture	response89	hit	2	20584	2	3996525	1	40148	1	0	40000
Picture	response92	hit	1	11947	2	4047002	1	40149	1	0	40000
Picture	ins2	other				4097312	1	30153	1	0	30000
Picture	response9	hit	2	9641	2	4414169	1	40149	1	0	40000
Picture	response13	hit	2	8080	2	4464480	1	40149	1	0	40000
Picture	response16	hit	2	5903	2	4514957	1	40149	1	0	40000
Picture	response10	hit	2	4252	2	4565267	1	40148	1	0	40000
Picture	response14	hit	1	4415	2	4615745	1	40149	1	0	40000
Picture	response15	hit	1	8403	2	4666055	1	40148	1	0	40000
Picture	response11	hit	1	4867	2	4716532	1	40149	1	0	40000
Picture	response12	hit	2	8416	2	4766843	1	40148	1	0	40000
Picture	thanks	other				4816987	1	10162	1	0	10000


{
   "app": "Presentation Version 21.1 Build 09.05.19",
   "device": "LENOVO 20FBCTO1WW",
   "experiment": "{C0C68DB1-10BA-42F2-8F79-3F2AFFEED4E4}",
   "os": "Windows 10 64 bit",
   "package": "",
   "parameters": {
      "configuration": "Default configuration"
   },
   "scenario": "Feature experiment(3).sce",
   "subject": "A_HP_45",
   "timestamp": "2020/01/17 02:06:37 GMT"
}
