Scenario - 
Logfile written - 02/20/2020 16:52:41

Subject	Trial	Event Type	Code	Time	TTime	Uncertainty	Duration	Uncertainty	ReqTime	ReqDur	Stim Type	Pair Index

A_HP_52	1	Response	3	186534	185369	1
A_HP_52	1	Pulse	99	186534	185369	1
A_HP_52	2	Picture	ready	186582	0	1	10162	1	0	10000	other	0
A_HP_52	2	Pulse	99	206534	19952	1
A_HP_52	2	Pulse	99	226534	39952	1
A_HP_52	2	Pulse	99	246534	59953	1
A_HP_52	3	Picture	ins2	247054	135	1	30153	1	0	30000	other	0
A_HP_52	3	Pulse	99	266534	19615	1
A_HP_52	3	Pulse	99	286535	39615	1
A_HP_52	3	Pulse	99	306535	59615	1
A_HP_52	3	Pulse	99	326534	79614	1
A_HP_52	3	Pulse	99	346534	99614	1
A_HP_52	3	Pulse	99	366534	119614	1
A_HP_52	3	Pulse	99	386534	139615	1
A_HP_52	3	Pulse	99	406534	159614	1
A_HP_52	3	Pulse	99	426534	179615	1
A_HP_52	3	Pulse	99	446534	199615	1
A_HP_52	3	Pulse	99	466534	219615	1
A_HP_52	3	Pulse	99	486534	239614	1
A_HP_52	3	Pulse	99	506534	259614	1
A_HP_52	3	Pulse	99	526454	279535	1
A_HP_52	3	Pulse	99	546534	299615	1
A_HP_52	4	Response	3	566534	9453	1
A_HP_52	4	Pulse	99	566534	9453	1
A_HP_52	5	Picture	response12	576905	10329	1	39815	1	10000	40000	hit	27
A_HP_52	5	Pulse	99	586454	19878	1
A_HP_52	5	Response	1	587312	20736	1
A_HP_52	5	Pulse	99	606534	39958	1
A_HP_52	6	Pulse	99	626534	9814	1
A_HP_52	6	Picture	response15	627049	10329	1	39815	1	10000	40000	hit	31
A_HP_52	6	Response	2	642114	25394	1
A_HP_52	6	Pulse	99	646454	29734	1
A_HP_52	6	Pulse	99	666534	49814	1
A_HP_52	7	Picture	response16	677193	10329	1	39815	1	10000	40000	hit	36
A_HP_52	7	Pulse	99	686534	19670	1
A_HP_52	7	Response	2	688133	21269	1
A_HP_52	7	Pulse	99	706534	39670	1
A_HP_52	8	Pulse	99	726534	9526	1
A_HP_52	8	Picture	response11	727337	10329	1	39815	1	10000	40000	hit	41
A_HP_52	8	Pulse	99	746534	29526	1
A_HP_52	8	Response	2	747783	30774	1
A_HP_52	8	Pulse	99	766534	49526	1
A_HP_52	9	Picture	response13	777481	10329	1	39815	1	10000	40000	hit	45
A_HP_52	9	Pulse	99	786534	19382	1
A_HP_52	9	Response	2	797433	30281	1
A_HP_52	9	Pulse	99	806534	39382	1
A_HP_52	10	Pulse	99	826534	9238	1
A_HP_52	10	Picture	response9	827625	10329	1	39815	1	10000	40000	hit	50
A_HP_52	10	Pulse	99	846534	29238	1
A_HP_52	10	Response	1	847443	30146	1
A_HP_52	10	Pulse	99	866534	49238	1
A_HP_52	11	Picture	response10	877769	10329	1	39815	1	10000	40000	hit	54
A_HP_52	11	Pulse	99	886534	19094	1
A_HP_52	11	Response	1	901933	34493	1
A_HP_52	11	Pulse	99	906534	39094	1
A_HP_52	12	Pulse	99	926534	8950	1
A_HP_52	12	Picture	response14	927913	10329	1	40148	1	10000	40000	hit	59
A_HP_52	12	Pulse	99	946534	28950	1
A_HP_52	12	Response	1	952803	35219	1
A_HP_52	12	Pulse	99	966534	48950	1
A_HP_52	13	Picture	ins20	968061	141	1	30153	1	0	30000	other	0
A_HP_52	13	Pulse	99	986534	18614	1
A_HP_52	13	Pulse	99	1006534	38614	1
A_HP_52	13	Pulse	99	1026534	58614	1
A_HP_52	13	Pulse	99	1046534	78614	1
A_HP_52	13	Pulse	99	1066535	98615	1
A_HP_52	13	Pulse	99	1086454	118535	1
A_HP_52	13	Pulse	99	1106534	138614	1
A_HP_52	13	Pulse	99	1126534	158615	1
A_HP_52	13	Pulse	99	1146454	178534	1
A_HP_52	13	Pulse	99	1166534	198614	1
A_HP_52	13	Pulse	99	1186534	218615	1
A_HP_52	13	Pulse	99	1206454	238534	1
A_HP_52	13	Pulse	99	1226534	258614	1
A_HP_52	13	Pulse	99	1246534	278614	1
A_HP_52	13	Pulse	99	1266454	298534	1
A_HP_52	14	Response	3	1286534	8447	1
A_HP_52	14	Pulse	99	1286534	8447	1
A_HP_52	15	Picture	response156	1296912	10329	1	39815	1	10000	40000	hit	81
A_HP_52	15	Pulse	99	1306534	19951	1
A_HP_52	15	Response	2	1322543	35960	1
A_HP_52	15	Pulse	99	1326454	39871	1
A_HP_52	16	Pulse	99	1346534	9807	1
A_HP_52	16	Picture	response155	1347056	10329	1	39815	1	10000	40000	hit	86
A_HP_52	16	Pulse	99	1366534	29807	1
A_HP_52	16	Response	2	1382423	45696	1
A_HP_52	16	Pulse	99	1386454	49727	1
A_HP_52	17	Picture	response157	1397200	10329	1	39815	1	10000	40000	hit	90
A_HP_52	17	Pulse	99	1406535	19663	1
A_HP_52	17	Response	2	1418074	31202	1
A_HP_52	17	Pulse	99	1426534	39663	1
A_HP_52	18	Pulse	99	1446454	9439	1
A_HP_52	18	Picture	response153	1447344	10329	1	39815	1	10000	40000	hit	94
A_HP_52	18	Response	1	1466513	29498	1
A_HP_52	18	Pulse	99	1466533	29518	1
A_HP_52	18	Pulse	99	1486534	49519	1
A_HP_52	19	Picture	response158	1497488	10329	1	39815	1	10000	40000	hit	99
A_HP_52	19	Pulse	99	1506454	19295	1
A_HP_52	19	Response	2	1522543	35384	1
A_HP_52	19	Pulse	99	1526534	39375	1
A_HP_52	20	Pulse	99	1546535	9232	1
A_HP_52	20	Picture	response154	1547632	10329	1	39815	1	10000	40000	hit	104
A_HP_52	20	Pulse	99	1566454	29151	1
A_HP_52	20	Response	1	1567442	30139	1
A_HP_52	20	Pulse	99	1586534	49231	1
A_HP_52	21	Picture	response160	1597776	10329	1	39815	1	10000	40000	hit	109
A_HP_52	21	Pulse	99	1606534	19087	1
A_HP_52	21	Pulse	99	1626454	39007	1
A_HP_52	21	Response	2	1629253	41806	1
A_HP_52	22	Pulse	99	1646534	8943	1
A_HP_52	22	Picture	response159	1647920	10329	1	40149	1	10000	40000	hit	113
A_HP_52	22	Pulse	99	1666534	28943	1
A_HP_52	22	Response	2	1678473	40882	1
A_HP_52	22	Pulse	99	1686454	48863	1
A_HP_52	23	Picture	ins14	1688068	149	1	30153	1	0	30000	other	0
A_HP_52	23	Pulse	99	1706454	18535	1
A_HP_52	23	Pulse	99	1726534	38615	1
A_HP_52	23	Pulse	99	1746454	58535	1
A_HP_52	23	Pulse	99	1766454	78535	1
A_HP_52	23	Pulse	99	1786534	98615	1
A_HP_52	23	Pulse	99	1806454	118535	1
A_HP_52	23	Pulse	99	1826454	138535	1
A_HP_52	23	Pulse	99	1846534	158615	1
A_HP_52	23	Pulse	99	1866454	178535	1
A_HP_52	23	Pulse	99	1886454	198534	1
A_HP_52	23	Pulse	99	1906534	218614	1
A_HP_52	23	Pulse	99	1926454	238534	1
A_HP_52	23	Pulse	99	1946454	258534	1
A_HP_52	23	Pulse	99	1966534	278614	1
A_HP_52	23	Pulse	99	1986454	298535	1
A_HP_52	24	Response	3	2006454	8360	1
A_HP_52	24	Pulse	99	2006454	8360	1
A_HP_52	25	Picture	response111	2016919	10329	1	39815	1	10000	40000	incorrect	135
A_HP_52	25	Pulse	99	2026534	19943	1
A_HP_52	25	Response	2	2037683	31092	1
A_HP_52	25	Pulse	99	2046534	39944	1
A_HP_52	26	Pulse	99	2066454	9720	1
A_HP_52	26	Picture	response107	2067063	10329	1	39815	1	10000	40000	incorrect	140
A_HP_52	26	Pulse	99	2086534	29800	1
A_HP_52	26	Response	2	2090913	34178	1
A_HP_52	26	Pulse	99	2106534	49800	1
A_HP_52	27	Picture	response106	2117207	10329	1	39815	1	10000	40000	hit	144
A_HP_52	27	Pulse	99	2126454	19576	1
A_HP_52	27	Response	1	2129523	22644	1
A_HP_52	27	Pulse	99	2146534	39655	1
A_HP_52	28	Pulse	99	2166534	9512	1
A_HP_52	28	Picture	response112	2167351	10329	1	39815	1	10000	40000	hit	149
A_HP_52	28	Pulse	99	2186454	29432	1
A_HP_52	28	Response	2	2188323	31301	1
A_HP_52	28	Pulse	99	2206534	49512	1
A_HP_52	29	Picture	response108	2217495	10329	1	39815	1	10000	40000	hit	153
A_HP_52	29	Pulse	99	2226534	19368	1
A_HP_52	29	Response	2	2236523	29356	1
A_HP_52	29	Pulse	99	2246454	39288	1
A_HP_52	30	Pulse	99	2266454	9144	1
A_HP_52	30	Picture	response110	2267639	10329	1	39815	1	10000	40000	hit	157
A_HP_52	30	Response	2	2285983	28673	1
A_HP_52	30	Pulse	99	2286534	29224	1
A_HP_52	30	Pulse	99	2306454	49144	1
A_HP_52	31	Picture	response105	2317783	10329	1	39815	1	10000	40000	hit	162
A_HP_52	31	Pulse	99	2326454	19000	1
A_HP_52	31	Response	2	2329533	22079	1
A_HP_52	31	Pulse	99	2346534	39080	1
A_HP_52	32	Pulse	99	2366454	8856	1
A_HP_52	32	Picture	response109	2367927	10329	1	40149	1	10000	40000	hit	167
A_HP_52	32	Pulse	99	2386454	28856	1
A_HP_52	32	Response	1	2389583	31985	1
A_HP_52	32	Pulse	99	2406534	48936	1
A_HP_52	33	Picture	ins4	2408075	56	1	30153	1	0	30000	other	0
A_HP_52	33	Pulse	99	2426454	18434	1
A_HP_52	33	Pulse	99	2446454	38434	1
A_HP_52	33	Pulse	99	2466534	58515	1
A_HP_52	33	Pulse	99	2486454	78435	1
A_HP_52	33	Pulse	99	2506454	98435	1
A_HP_52	33	Pulse	99	2526534	118514	1
A_HP_52	33	Pulse	99	2546454	138434	1
A_HP_52	33	Pulse	99	2566454	158435	1
A_HP_52	33	Pulse	99	2586534	178514	1
A_HP_52	33	Pulse	99	2606454	198435	1
A_HP_52	33	Pulse	99	2626454	218435	1
A_HP_52	33	Pulse	99	2646534	238515	1
A_HP_52	33	Pulse	99	2666454	258435	1
A_HP_52	33	Pulse	99	2686454	278434	1
A_HP_52	33	Pulse	99	2706534	298514	1
A_HP_52	34	Response	3	2726454	8352	1
A_HP_52	34	Pulse	99	2726454	8352	1
A_HP_52	35	Picture	response32	2736926	10329	1	39815	1	10000	40000	hit	189
A_HP_52	35	Pulse	99	2746454	19856	1
A_HP_52	35	Response	2	2748723	22125	1
A_HP_52	35	Pulse	99	2766534	39936	1
A_HP_52	36	Pulse	99	2786454	9712	1
A_HP_52	36	Picture	response30	2787070	10329	1	39815	1	10000	40000	hit	193
A_HP_52	36	Response	1	2795993	19251	1
A_HP_52	36	Pulse	99	2806454	29712	1
A_HP_52	36	Pulse	99	2826534	49792	1
A_HP_52	37	Picture	response31	2837214	10329	1	39815	1	10000	40000	hit	198
A_HP_52	37	Pulse	99	2846454	19569	1
A_HP_52	37	Response	1	2848193	21307	1
A_HP_52	37	Pulse	99	2866454	39569	1
A_HP_52	38	Pulse	99	2886454	9425	1
A_HP_52	38	Picture	response26	2887358	10329	1	39815	1	10000	40000	hit	202
A_HP_52	38	Response	2	2905083	28053	1
A_HP_52	38	Pulse	99	2906454	29424	1
A_HP_52	38	Pulse	99	2926454	49424	1
A_HP_52	39	Picture	response25	2937502	10329	1	39815	1	10000	40000	hit	206
A_HP_52	39	Response	2	2944183	17010	1
A_HP_52	39	Pulse	99	2946453	19280	1
A_HP_52	39	Pulse	99	2966454	39280	1
A_HP_52	40	Pulse	99	2986454	9137	1
A_HP_52	40	Picture	response29	2987646	10329	1	39815	1	10000	40000	hit	211
A_HP_52	40	Response	1	3002613	25295	1
A_HP_52	40	Pulse	99	3006453	29136	1
A_HP_52	40	Pulse	99	3026454	49136	1
A_HP_52	41	Picture	response28	3037790	10329	1	39815	1	10000	40000	hit	215
A_HP_52	41	Response	1	3045143	17681	1
A_HP_52	41	Pulse	99	3046454	18993	1
A_HP_52	41	Pulse	99	3066454	38992	1
A_HP_52	42	Pulse	99	3086454	8849	1
A_HP_52	42	Picture	response27	3087934	10329	1	40148	1	10000	40000	hit	220
A_HP_52	42	Response	1	3098643	21038	1
A_HP_52	42	Pulse	99	3106455	28849	1
A_HP_52	42	Pulse	99	3126454	48849	1
A_HP_52	43	Picture	ins18	3128082	63	1	30153	1	0	30000	other	0
A_HP_52	43	Pulse	99	3146454	18434	1
A_HP_52	43	Pulse	99	3166454	38434	1
A_HP_52	43	Pulse	99	3186454	58434	1
A_HP_52	43	Pulse	99	3206454	78434	1
A_HP_52	43	Pulse	99	3226454	98434	1
A_HP_52	43	Pulse	99	3246454	118434	1
A_HP_52	43	Pulse	99	3266454	138434	1
A_HP_52	43	Pulse	99	3286454	158435	1
A_HP_52	43	Pulse	99	3306454	178434	1
A_HP_52	43	Pulse	99	3326454	198434	1
A_HP_52	43	Pulse	99	3346454	218434	1
A_HP_52	43	Pulse	99	3366453	238434	1
A_HP_52	43	Pulse	99	3386454	258435	1
A_HP_52	43	Pulse	99	3406454	278434	1
A_HP_52	43	Pulse	99	3426454	298434	1
A_HP_52	44	Response	3	3446454	8345	1
A_HP_52	44	Pulse	99	3446454	8345	1
A_HP_52	45	Picture	response139	3456933	10329	1	39815	1	10000	40000	hit	243
A_HP_52	45	Pulse	99	3466454	19849	1
A_HP_52	45	Response	1	3470343	23738	1
A_HP_52	45	Pulse	99	3486454	39849	1
A_HP_52	46	Pulse	99	3506454	9705	1
A_HP_52	46	Picture	response142	3507077	10329	1	39815	1	10000	40000	hit	247
A_HP_52	46	Response	1	3523963	27214	1
A_HP_52	46	Pulse	99	3526453	29704	1
A_HP_52	46	Pulse	99	3546454	49705	1
A_HP_52	47	Picture	response143	3557221	10329	1	39815	1	10000	40000	hit	252
A_HP_52	47	Pulse	99	3566455	19562	1
A_HP_52	47	Response	1	3569963	23070	1
A_HP_52	47	Pulse	99	3586454	39561	1
A_HP_52	48	Pulse	99	3606454	9418	1
A_HP_52	48	Picture	response137	3607365	10329	1	39815	1	10000	40000	hit	257
A_HP_52	48	Pulse	99	3626454	29417	1
A_HP_52	48	Response	2	3636573	39536	1
A_HP_52	48	Pulse	99	3646454	49417	1
A_HP_52	49	Picture	response141	3657509	10329	1	39815	1	10000	40000	hit	261
A_HP_52	49	Pulse	99	3666454	19273	1
A_HP_52	49	Response	2	3669153	21972	1
A_HP_52	49	Pulse	99	3686455	39274	1
A_HP_52	50	Pulse	99	3706454	9129	1
A_HP_52	50	Picture	response144	3707653	10329	1	39815	1	10000	40000	hit	265
A_HP_52	50	Response	1	3725793	28468	1
A_HP_52	50	Pulse	99	3726454	29130	1
A_HP_52	50	Pulse	99	3746454	49130	1
A_HP_52	51	Picture	response138	3757797	10329	1	39815	1	10000	40000	hit	270
A_HP_52	51	Pulse	99	3766454	18985	1
A_HP_52	51	Response	1	3775883	28414	1
A_HP_52	51	Pulse	99	3786454	38985	1
A_HP_52	52	Pulse	99	3806454	8841	1
A_HP_52	52	Picture	response140	3807941	10329	1	40148	1	10000	40000	hit	275
A_HP_52	52	Pulse	99	3826454	28841	1
A_HP_52	52	Response	1	3833803	36190	1
A_HP_52	52	Pulse	99	3846454	48841	1
A_HP_52	53	Picture	ins16	3848090	70	1	30153	1	0	30000	other	0
A_HP_52	53	Pulse	99	3866454	18434	1
A_HP_52	53	Pulse	99	3886454	38434	1
A_HP_52	53	Pulse	99	3906454	58434	1
A_HP_52	53	Pulse	99	3926454	78434	1
A_HP_52	53	Pulse	99	3946454	98435	1
A_HP_52	53	Pulse	99	3966454	118435	1
A_HP_52	53	Pulse	99	3986454	138435	1
A_HP_52	53	Pulse	99	4006454	158435	1
A_HP_52	53	Pulse	99	4026454	178435	1
A_HP_52	53	Pulse	99	4046454	198434	1
A_HP_52	53	Pulse	99	4066454	218435	1
A_HP_52	53	Pulse	99	4086454	238434	1
A_HP_52	53	Pulse	99	4106454	258434	1
A_HP_52	53	Pulse	99	4126454	278434	1
A_HP_52	53	Pulse	99	4146455	298435	1
A_HP_52	54	Response	3	4166454	8338	1
A_HP_52	54	Pulse	99	4166454	8338	1
A_HP_52	55	Picture	response126	4176941	10329	1	39815	1	10000	40000	hit	297
A_HP_52	55	Pulse	99	4186454	19842	1
A_HP_52	55	Response	2	4197173	30561	1
A_HP_52	55	Pulse	99	4206454	39842	1
A_HP_52	56	Pulse	99	4226454	9698	1
A_HP_52	56	Picture	response127	4227085	10329	1	39815	1	10000	40000	hit	301
A_HP_52	56	Response	2	4236462	19707	1
A_HP_52	56	Pulse	99	4246454	29698	1
A_HP_52	56	Pulse	99	4266454	49698	1
A_HP_52	57	Picture	response121	4277229	10329	1	39815	1	10000	40000	hit	306
A_HP_52	57	Pulse	99	4286454	19554	1
A_HP_52	57	Response	1	4292442	25543	1
A_HP_52	57	Pulse	99	4306454	39554	1
A_HP_52	58	Pulse	99	4326454	9410	1
A_HP_52	58	Picture	response125	4327372	10329	1	39815	1	10000	40000	hit	311
A_HP_52	58	Pulse	99	4346454	29410	1
A_HP_52	58	Response	2	4349903	32859	1
A_HP_52	58	Pulse	99	4366454	49410	1
A_HP_52	59	Picture	response124	4377516	10329	1	39815	1	10000	40000	hit	315
A_HP_52	59	Pulse	99	4386454	19266	1
A_HP_52	59	Response	2	4400203	33015	1
A_HP_52	59	Pulse	99	4406454	39266	1
A_HP_52	60	Pulse	99	4426454	9122	1
A_HP_52	60	Picture	response128	4427660	10329	1	39815	1	10000	40000	hit	319
A_HP_52	60	Response	2	4438363	21031	1
A_HP_52	60	Pulse	99	4446454	29122	1
A_HP_52	60	Pulse	99	4466454	49122	1
A_HP_52	61	Picture	response123	4477804	10329	1	39815	1	10000	40000	hit	324
A_HP_52	61	Pulse	99	4486454	18978	1
A_HP_52	61	Response	2	4495883	28407	1
A_HP_52	61	Pulse	99	4506454	38978	1
A_HP_52	62	Pulse	99	4526454	8834	1
A_HP_52	62	Picture	response122	4527948	10329	1	40149	1	10000	40000	hit	329
A_HP_52	62	Pulse	99	4546454	28834	1
A_HP_52	62	Response	1	4552083	34463	1
A_HP_52	62	Pulse	99	4566454	48835	1
A_HP_52	63	Picture	ins24	4568097	77	1	30153	1	0	30000	other	0
A_HP_52	63	Pulse	99	4586454	18435	1
A_HP_52	63	Pulse	99	4606454	38435	1
A_HP_52	63	Pulse	99	4626454	58435	1
A_HP_52	63	Pulse	99	4646454	78435	1
A_HP_52	63	Pulse	99	4666454	98435	1
A_HP_52	63	Pulse	99	4686454	118434	1
A_HP_52	63	Pulse	99	4706455	138436	1
A_HP_52	63	Pulse	99	4726454	158435	1
A_HP_52	63	Pulse	99	4746454	178435	1
A_HP_52	63	Pulse	99	4766454	198435	1
A_HP_52	63	Pulse	99	4786454	218435	1
A_HP_52	63	Pulse	99	4806454	238435	1
A_HP_52	63	Pulse	99	4826454	258435	1
A_HP_52	63	Pulse	99	4846454	278434	1
A_HP_52	63	Pulse	99	4866454	298435	1
A_HP_52	64	Response	3	4886454	8331	1
A_HP_52	64	Pulse	99	4886454	8331	1
A_HP_52	65	Picture	response192	4896948	10329	1	39815	1	10000	40000	hit	351
A_HP_52	65	Pulse	99	4906454	19835	1
A_HP_52	65	Response	1	4919953	33334	1
A_HP_52	65	Pulse	99	4926454	39835	1
A_HP_52	66	Pulse	99	4946454	9691	1
A_HP_52	66	Picture	response185	4947092	10329	1	39815	1	10000	40000	hit	355
A_HP_52	66	Response	1	4966422	29659	1
A_HP_52	66	Pulse	99	4966453	29690	1
A_HP_52	66	Pulse	99	4986454	49691	1
A_HP_52	67	Picture	response191	4997235	10329	1	39816	1	10000	40000	hit	360
A_HP_52	67	Pulse	99	5006454	19547	1
A_HP_52	67	Response	1	5007502	20595	1
A_HP_52	67	Pulse	99	5026454	39547	1
A_HP_52	68	Pulse	99	5046454	9403	1
A_HP_52	68	Picture	response186	5047380	10329	1	39815	1	10000	40000	hit	365
A_HP_52	68	Pulse	99	5066454	29403	1
A_HP_52	68	Response	2	5067482	30431	1
A_HP_52	68	Pulse	99	5086454	49403	1
A_HP_52	69	Picture	response188	5097524	10329	1	39815	1	10000	40000	hit	370
A_HP_52	69	Pulse	99	5106454	19259	1
A_HP_52	69	Pulse	99	5126454	39259	1
A_HP_52	69	Response	2	5127342	40147	1
A_HP_52	70	Pulse	99	5146454	9115	1
A_HP_52	70	Picture	response189	5147667	10329	1	39815	1	10000	40000	hit	373
A_HP_52	70	Response	1	5160812	23474	1
A_HP_52	70	Pulse	99	5166454	29115	1
A_HP_52	70	Pulse	99	5186454	49115	1
A_HP_52	71	Picture	response190	5197811	10329	1	39815	1	10000	40000	hit	378
A_HP_52	71	Pulse	99	5206454	18971	1
A_HP_52	71	Response	1	5217623	30140	1
A_HP_52	71	Pulse	99	5226454	38971	1
A_HP_52	72	Pulse	99	5246454	8827	1
A_HP_52	72	Picture	response187	5247955	10329	1	40148	1	10000	40000	hit	382
A_HP_52	72	Response	2	5259103	21476	1
A_HP_52	72	Pulse	99	5266454	28827	1
A_HP_52	72	Pulse	99	5286454	48827	1
A_HP_52	73	Picture	ins6	5288104	85	1	30153	1	0	30000	other	0
A_HP_52	73	Pulse	99	5306454	18434	1
A_HP_52	73	Pulse	99	5326454	38435	1
A_HP_52	73	Pulse	99	5346454	58435	1
A_HP_52	73	Pulse	99	5366454	78435	1
A_HP_52	73	Pulse	99	5386454	98435	1
A_HP_52	73	Pulse	99	5406454	118434	1
A_HP_52	73	Pulse	99	5426454	138434	1
A_HP_52	73	Pulse	99	5446454	158435	1
A_HP_52	73	Pulse	99	5466454	178435	1
A_HP_52	73	Pulse	99	5486454	198435	1
A_HP_52	73	Pulse	99	5506454	218435	1
A_HP_52	73	Pulse	99	5526454	238434	1
A_HP_52	73	Pulse	99	5546454	258435	1
A_HP_52	73	Pulse	99	5566454	278435	1
A_HP_52	73	Pulse	99	5586454	298435	1
A_HP_52	74	Response	3	5606454	8324	1
A_HP_52	74	Pulse	99	5606454	8324	1
A_HP_52	75	Picture	response42	5616955	10329	1	39815	1	10000	40000	hit	405
A_HP_52	75	Pulse	99	5626454	19828	1
A_HP_52	75	Response	1	5638913	32286	1
A_HP_52	75	Pulse	99	5646454	39828	1
A_HP_52	76	Pulse	99	5666454	9684	1
A_HP_52	76	Picture	response44	5667099	10329	1	39815	1	10000	40000	hit	409
A_HP_52	76	Response	2	5679813	23042	1
A_HP_52	76	Pulse	99	5686454	29684	1
A_HP_52	76	Pulse	99	5706454	49684	1
A_HP_52	77	Picture	response45	5717243	10329	1	39816	1	10000	40000	hit	414
A_HP_52	77	Pulse	99	5726454	19540	1
A_HP_52	77	Response	1	5730672	23758	1
A_HP_52	77	Pulse	99	5746454	39540	1
A_HP_52	78	Pulse	99	5766454	9396	1
A_HP_52	78	Picture	response41	5767387	10329	1	39815	1	10000	40000	hit	418
A_HP_52	78	Response	2	5779592	22534	1
A_HP_52	78	Pulse	99	5786454	29396	1
A_HP_52	78	Pulse	99	5806454	49396	1
A_HP_52	79	Picture	response43	5817531	10329	1	39815	1	10000	40000	hit	423
A_HP_52	79	Pulse	99	5826454	19252	1
A_HP_52	79	Response	1	5832792	25590	1
A_HP_52	79	Pulse	99	5846454	39252	1
A_HP_52	80	Pulse	99	5866454	9108	1
A_HP_52	80	Picture	response46	5867675	10329	1	39815	1	10000	40000	hit	427
A_HP_52	80	Response	2	5883612	26266	1
A_HP_52	80	Pulse	99	5886454	29108	1
A_HP_52	80	Pulse	99	5906455	49109	1
A_HP_52	81	Picture	response48	5917819	10329	1	39815	1	10000	40000	hit	432
A_HP_52	81	Pulse	99	5926454	18964	1
A_HP_52	81	Response	1	5926872	19382	1
A_HP_52	81	Pulse	99	5946454	38964	1
A_HP_52	82	Pulse	99	5966454	8820	1
A_HP_52	82	Picture	response47	5967963	10329	1	40148	1	10000	40000	hit	436
A_HP_52	82	Response	1	5977082	19449	1
A_HP_52	82	Pulse	99	5986454	28820	1
A_HP_52	82	Pulse	99	6006454	48820	1
A_HP_52	83	Picture	ins8	6008111	92	1	30153	1	0	30000	other	0
A_HP_52	83	Pulse	99	6026454	18434	1
A_HP_52	83	Pulse	99	6046454	38434	1
A_HP_52	83	Pulse	99	6066454	58434	1
A_HP_52	83	Pulse	99	6086454	78434	1
A_HP_52	83	Pulse	99	6106454	98434	1
A_HP_52	83	Pulse	99	6126454	118434	1
A_HP_52	83	Pulse	99	6146454	138434	1
A_HP_52	83	Pulse	99	6166454	158434	1
A_HP_52	83	Pulse	99	6186454	178435	1
A_HP_52	83	Pulse	99	6206454	198435	1
A_HP_52	83	Pulse	99	6226454	218434	1
A_HP_52	83	Pulse	99	6246454	238435	1
A_HP_52	83	Pulse	99	6266454	258435	1
A_HP_52	83	Pulse	99	6286454	278435	1
A_HP_52	83	Pulse	99	6306454	298435	1
A_HP_52	84	Response	3	6326454	8317	1
A_HP_52	84	Pulse	99	6326454	8317	1
A_HP_52	85	Picture	response58	6336962	10329	1	39815	1	10000	40000	hit	459
A_HP_52	85	Pulse	99	6346454	19820	1
A_HP_52	85	Response	1	6358012	31379	1
A_HP_52	85	Pulse	99	6366454	39820	1
A_HP_52	86	Pulse	99	6386454	9676	1
A_HP_52	86	Picture	response61	6387106	10329	1	39815	1	10000	40000	hit	464
A_HP_52	86	Pulse	99	6406454	29676	1
A_HP_52	86	Response	2	6408552	31775	1
A_HP_52	86	Pulse	99	6426454	49677	1
A_HP_52	87	Picture	response64	6437250	10329	1	39815	1	10000	40000	hit	468
A_HP_52	87	Pulse	99	6446454	19532	1
A_HP_52	87	Response	2	6450552	23631	1
A_HP_52	87	Pulse	99	6466454	39532	1
A_HP_52	88	Pulse	99	6486454	9389	1
A_HP_52	88	Picture	response62	6487394	10329	1	39815	1	10000	40000	hit	473
A_HP_52	88	Pulse	99	6506454	29388	1
A_HP_52	88	Response	2	6513183	36117	1
A_HP_52	88	Pulse	99	6526454	49388	1
A_HP_52	89	Picture	response59	6537538	10329	1	39815	1	10000	40000	hit	477
A_HP_52	89	Pulse	99	6546454	19245	1
A_HP_52	89	Response	1	6553233	26024	1
A_HP_52	89	Pulse	99	6566454	39244	1
A_HP_52	90	Pulse	99	6586454	9101	1
A_HP_52	90	Picture	response60	6587682	10329	1	39815	1	10000	40000	hit	481
A_HP_52	90	Response	2	6605062	27709	1
A_HP_52	90	Pulse	99	6606453	29100	1
A_HP_52	90	Pulse	99	6626455	49102	1
A_HP_52	91	Picture	response57	6637826	10329	1	39815	1	10000	40000	hit	486
A_HP_52	91	Pulse	99	6646454	18957	1
A_HP_52	91	Response	1	6661602	34105	1
A_HP_52	91	Pulse	99	6666454	38957	1
A_HP_52	92	Pulse	99	6686454	8813	1
A_HP_52	92	Picture	response63	6687970	10329	1	40149	1	10000	40000	hit	490
A_HP_52	92	Response	1	6698142	20501	1
A_HP_52	92	Pulse	99	6706454	28813	1
A_HP_52	92	Pulse	99	6726454	48813	1
A_HP_52	93	Picture	ins22	6728118	99	1	30153	1	0	30000	other	0
A_HP_52	93	Pulse	99	6746454	18434	1
A_HP_52	93	Pulse	99	6766454	38434	1
A_HP_52	93	Pulse	99	6786454	58435	1
A_HP_52	93	Pulse	99	6806454	78435	1
A_HP_52	93	Pulse	99	6826454	98434	1
A_HP_52	93	Pulse	99	6846454	118434	1
A_HP_52	93	Pulse	99	6866454	138435	1
A_HP_52	93	Pulse	99	6886454	158434	1
A_HP_52	93	Pulse	99	6906454	178434	1
A_HP_52	93	Pulse	99	6926454	198435	1
A_HP_52	93	Pulse	99	6946453	218434	1
A_HP_52	93	Pulse	99	6966454	238434	1
A_HP_52	93	Pulse	99	6986454	258435	1
A_HP_52	93	Pulse	99	7006454	278434	1
A_HP_52	93	Pulse	99	7026453	298434	1
A_HP_52	94	Response	3	7046454	8309	1
A_HP_52	94	Pulse	99	7046454	8309	1
A_HP_52	95	Picture	response172	7056969	10329	1	39815	1	10000	40000	hit	513
A_HP_52	95	Pulse	99	7066454	19813	1
A_HP_52	95	Response	2	7073112	26472	1
A_HP_52	95	Pulse	99	7086454	39813	1
A_HP_52	96	Pulse	99	7106374	9589	1
A_HP_52	96	Picture	response175	7107113	10329	1	39815	1	10000	40000	hit	517
A_HP_52	96	Response	2	7121292	24508	1
A_HP_52	96	Pulse	99	7126453	29669	1
A_HP_52	96	Pulse	99	7146454	49669	1
A_HP_52	97	Picture	response169	7157257	10329	1	39815	1	10000	40000	hit	522
A_HP_52	97	Pulse	99	7166374	19445	1
A_HP_52	97	Response	2	7170732	23804	1
A_HP_52	97	Pulse	99	7186453	39525	1
A_HP_52	98	Pulse	99	7206454	9381	1
A_HP_52	98	Picture	response171	7207401	10329	1	39815	1	10000	40000	hit	527
A_HP_52	98	Pulse	99	7226374	29301	1
A_HP_52	98	Response	1	7234882	37810	1
A_HP_52	98	Pulse	99	7246453	49381	1
A_HP_52	99	Picture	response176	7257545	10329	1	39815	1	10000	40000	hit	531
A_HP_52	99	Pulse	99	7266453	19237	1
A_HP_52	99	Response	1	7282972	35756	1
A_HP_52	99	Pulse	99	7286373	39157	1
A_HP_52	100	Pulse	99	7306454	9093	1
A_HP_52	100	Picture	response174	7307689	10329	1	39815	1	10000	40000	hit	535
A_HP_52	100	Response	2	7321603	24243	1
A_HP_52	100	Pulse	99	7326454	29093	1
A_HP_52	100	Pulse	99	7346374	49013	1
A_HP_52	101	Picture	response173	7357833	10329	1	39815	1	10000	40000	hit	540
A_HP_52	101	Pulse	99	7366453	18949	1
A_HP_52	101	Response	1	7385863	38358	1
A_HP_52	101	Pulse	99	7386454	38949	1
A_HP_52	102	Pulse	99	7406374	8726	1
A_HP_52	102	Picture	response170	7407977	10329	1	40148	1	10000	40000	hit	545
A_HP_52	102	Pulse	99	7426453	28805	1
A_HP_52	102	Response	2	7433232	35584	1
A_HP_52	102	Pulse	99	7446454	48806	1
A_HP_52	103	Picture	ins12	7448125	106	1	30153	1	0	30000	other	0
A_HP_52	103	Pulse	99	7466374	18355	1
A_HP_52	103	Pulse	99	7486453	38434	1
A_HP_52	103	Pulse	99	7506454	58434	1
A_HP_52	103	Pulse	99	7526374	78354	1
A_HP_52	103	Pulse	99	7546454	98434	1
A_HP_52	103	Pulse	99	7566454	118435	1
A_HP_52	103	Pulse	99	7586374	138355	1
A_HP_52	103	Pulse	99	7606454	158434	1
A_HP_52	103	Pulse	99	7626454	178434	1
A_HP_52	103	Pulse	99	7646374	198354	1
A_HP_52	103	Pulse	99	7666454	218435	1
A_HP_52	103	Pulse	99	7686454	238434	1
A_HP_52	103	Pulse	99	7706373	258354	1
A_HP_52	103	Pulse	99	7726374	278354	1
A_HP_52	103	Pulse	99	7746454	298435	1
A_HP_52	104	Response	3	7766374	8222	1
A_HP_52	104	Pulse	99	7766374	8222	1
A_HP_52	105	Picture	response95	7776810	10329	1	39815	1	10000	40000	hit	567
A_HP_52	105	Pulse	99	7786374	19893	1
A_HP_52	105	Response	1	7795893	29412	1
A_HP_52	105	Pulse	99	7806454	39973	1
A_HP_52	106	Pulse	99	7826374	9749	1
A_HP_52	106	Picture	response92	7826954	10329	1	39815	1	10000	40000	hit	571
A_HP_52	106	Response	1	7845762	29137	1
A_HP_52	106	Pulse	99	7846373	29748	1
A_HP_52	106	Pulse	99	7866454	49829	1
A_HP_52	107	Picture	response89	7877098	10329	1	39815	1	10000	40000	hit	576
A_HP_52	107	Pulse	99	7886374	19605	1
A_HP_52	107	Response	2	7897302	30533	1
A_HP_52	107	Pulse	99	7906373	39604	1
A_HP_52	108	Pulse	99	7926454	9541	1
A_HP_52	108	Picture	response94	7927241	10329	1	39815	1	10000	40000	hit	581
A_HP_52	108	Pulse	99	7946454	29541	1
A_HP_52	108	Response	2	7946902	29989	1
A_HP_52	108	Pulse	99	7966374	49461	1
A_HP_52	109	Picture	response93	7977386	10329	1	39815	1	10000	40000	incorrect	585
A_HP_52	109	Pulse	99	7986454	19397	1
A_HP_52	109	Response	2	8000413	33356	1
A_HP_52	109	Pulse	99	8006454	39397	1
A_HP_52	110	Pulse	99	8026373	9173	1
A_HP_52	110	Picture	response90	8027529	10329	1	39815	1	10000	40000	hit	589
A_HP_52	110	Response	1	8039123	21922	1
A_HP_52	110	Pulse	99	8046454	29253	1
A_HP_52	110	Pulse	99	8066454	49253	1
A_HP_52	111	Picture	response91	8077673	10329	1	39815	1	10000	40000	hit	594
A_HP_52	111	Pulse	99	8086374	19029	1
A_HP_52	111	Response	2	8097742	30398	1
A_HP_52	111	Pulse	99	8106454	39109	1
A_HP_52	112	Pulse	99	8126454	8965	1
A_HP_52	112	Picture	response96	8127817	10329	1	40148	1	10000	40000	hit	598
A_HP_52	112	Response	2	8142672	25184	1
A_HP_52	112	Pulse	99	8146373	28885	1
A_HP_52	112	Pulse	99	8166454	48965	1
A_HP_52	113	Picture	ins10	8167966	147	1	30153	1	0	30000	other	0
A_HP_52	113	Pulse	99	8186454	18635	1
A_HP_52	113	Pulse	99	8206374	38555	1
A_HP_52	113	Pulse	99	8226454	58635	1
A_HP_52	113	Pulse	99	8246453	78634	1
A_HP_52	113	Pulse	99	8266373	98554	1
A_HP_52	113	Pulse	99	8286373	118554	1
A_HP_52	113	Pulse	99	8306454	138634	1
A_HP_52	113	Pulse	99	8326374	158555	1
A_HP_52	113	Pulse	99	8346374	178554	1
A_HP_52	113	Pulse	99	8366453	198634	1
A_HP_52	113	Pulse	99	8386374	218555	1
A_HP_52	113	Pulse	99	8406374	238555	1
A_HP_52	113	Pulse	99	8426454	258634	1
A_HP_52	113	Pulse	99	8446374	278555	1
A_HP_52	113	Pulse	99	8466374	298555	1
A_HP_52	114	Response	3	8486454	8462	1
A_HP_52	114	Pulse	99	8486454	8462	1
A_HP_52	115	Picture	response77	8496817	10329	1	39815	1	10000	40000	hit	621
A_HP_52	115	Pulse	99	8506374	19886	1
A_HP_52	115	Response	2	8522093	35605	1
A_HP_52	115	Pulse	99	8526373	39885	1
A_HP_52	116	Pulse	99	8546454	9822	1
A_HP_52	116	Picture	response74	8546961	10329	1	39815	1	10000	40000	hit	626
A_HP_52	116	Pulse	99	8566374	29742	1
A_HP_52	116	Response	1	8569902	33270	1
A_HP_52	116	Pulse	99	8586373	49741	1
A_HP_52	117	Picture	response75	8597105	10329	1	39815	1	10000	40000	hit	630
A_HP_52	117	Pulse	99	8606454	19678	1
A_HP_52	117	Response	2	8616693	29917	1
A_HP_52	117	Pulse	99	8626374	39598	1
A_HP_52	118	Pulse	99	8646374	9454	1
A_HP_52	118	Picture	response78	8647249	10329	1	39815	1	10000	40000	hit	635
A_HP_52	118	Pulse	99	8666454	29534	1
A_HP_52	118	Response	1	8683672	46752	1
A_HP_52	118	Pulse	99	8686373	49453	1
A_HP_52	119	Picture	response76	8697393	10329	1	39815	1	10000	40000	hit	639
A_HP_52	119	Pulse	99	8706374	19310	1
A_HP_52	119	Response	1	8711962	24898	1
A_HP_52	119	Pulse	99	8726454	39390	1
A_HP_52	120	Pulse	99	8746373	9165	1
A_HP_52	120	Picture	response79	8747537	10329	1	39815	1	10000	40000	hit	643
A_HP_52	120	Response	1	8765022	27814	1
A_HP_52	120	Pulse	99	8766373	29166	1
A_HP_52	120	Pulse	99	8786453	49246	1
A_HP_52	121	Picture	response80	8797680	10329	1	39815	1	10000	40000	hit	648
A_HP_52	121	Pulse	99	8806374	19022	1
A_HP_52	121	Response	2	8806712	19360	1
A_HP_52	121	Pulse	99	8826373	39022	1
A_HP_52	122	Pulse	99	8846453	8958	1
A_HP_52	122	Picture	response73	8847824	10329	1	39815	1	10000	40000	hit	652
A_HP_52	122	Response	2	8858853	21357	1
A_HP_52	122	Pulse	99	8866374	28878	1
A_HP_52	122	Pulse	99	8886374	48878	1
A_HP_52	123	Picture	thanks	8887640	0	1	10162	1	0	10000	other	0
A_HP_52	123	Pulse	99	8906374	18734	1


Event Type	Code	Type	Response	RT	RT Uncertainty	Time	Uncertainty	Duration	Uncertainty	ReqTime	ReqDur

Picture	ready	other				186582	1	10162	1	0	10000
Picture	ins2	other				247054	1	30153	1	0	30000
Picture	response12	hit	1	10407	2	576905	1	39815	1	10000	40000
Picture	response15	hit	2	15065	2	627049	1	39815	1	10000	40000
Picture	response16	hit	2	10941	2	677193	1	39815	1	10000	40000
Picture	response11	hit	2	20446	2	727337	1	39815	1	10000	40000
Picture	response13	hit	2	19952	2	777481	1	39815	1	10000	40000
Picture	response9	hit	1	19818	2	827625	1	39815	1	10000	40000
Picture	response10	hit	1	24164	2	877769	1	39815	1	10000	40000
Picture	response14	hit	1	24890	2	927913	1	40148	1	10000	40000
Picture	ins20	other				968061	1	30153	1	0	30000
Picture	response156	hit	2	25631	2	1296912	1	39815	1	10000	40000
Picture	response155	hit	2	35367	2	1347056	1	39815	1	10000	40000
Picture	response157	hit	2	20874	2	1397200	1	39815	1	10000	40000
Picture	response153	hit	1	19169	2	1447344	1	39815	1	10000	40000
Picture	response158	hit	2	25055	2	1497488	1	39815	1	10000	40000
Picture	response154	hit	1	19811	2	1547632	1	39815	1	10000	40000
Picture	response160	hit	2	31477	2	1597776	1	39815	1	10000	40000
Picture	response159	hit	2	30553	2	1647920	1	40149	1	10000	40000
Picture	ins14	other				1688068	1	30153	1	0	30000
Picture	response111	incorrect	2	20764	2	2016919	1	39815	1	10000	40000
Picture	response107	incorrect	2	23850	2	2067063	1	39815	1	10000	40000
Picture	response106	hit	1	12315	2	2117207	1	39815	1	10000	40000
Picture	response112	hit	2	20972	2	2167351	1	39815	1	10000	40000
Picture	response108	hit	2	19028	2	2217495	1	39815	1	10000	40000
Picture	response110	hit	2	18344	2	2267639	1	39815	1	10000	40000
Picture	response105	hit	2	11750	2	2317783	1	39815	1	10000	40000
Picture	response109	hit	1	21656	2	2367927	1	40149	1	10000	40000
Picture	ins4	other				2408075	1	30153	1	0	30000
Picture	response32	hit	2	11796	2	2736926	1	39815	1	10000	40000
Picture	response30	hit	1	8922	2	2787070	1	39815	1	10000	40000
Picture	response31	hit	1	10978	2	2837214	1	39815	1	10000	40000
Picture	response26	hit	2	17725	2	2887358	1	39815	1	10000	40000
Picture	response25	hit	2	6681	2	2937502	1	39815	1	10000	40000
Picture	response29	hit	1	14967	2	2987646	1	39815	1	10000	40000
Picture	response28	hit	1	7353	2	3037790	1	39815	1	10000	40000
Picture	response27	hit	1	10709	2	3087934	1	40148	1	10000	40000
Picture	ins18	other				3128082	1	30153	1	0	30000
Picture	response139	hit	1	13409	2	3456933	1	39815	1	10000	40000
Picture	response142	hit	1	16885	2	3507077	1	39815	1	10000	40000
Picture	response143	hit	1	12742	2	3557221	1	39815	1	10000	40000
Picture	response137	hit	2	29207	2	3607365	1	39815	1	10000	40000
Picture	response141	hit	2	11643	2	3657509	1	39815	1	10000	40000
Picture	response144	hit	1	18139	2	3707653	1	39815	1	10000	40000
Picture	response138	hit	1	18085	2	3757797	1	39815	1	10000	40000
Picture	response140	hit	1	25862	2	3807941	1	40148	1	10000	40000
Picture	ins16	other				3848090	1	30153	1	0	30000
Picture	response126	hit	2	20232	2	4176941	1	39815	1	10000	40000
Picture	response127	hit	2	9378	2	4227085	1	39815	1	10000	40000
Picture	response121	hit	1	15214	2	4277229	1	39815	1	10000	40000
Picture	response125	hit	2	22530	2	4327372	1	39815	1	10000	40000
Picture	response124	hit	2	22686	2	4377516	1	39815	1	10000	40000
Picture	response128	hit	2	10702	2	4427660	1	39815	1	10000	40000
Picture	response123	hit	2	18078	2	4477804	1	39815	1	10000	40000
Picture	response122	hit	1	24135	2	4527948	1	40149	1	10000	40000
Picture	ins24	other				4568097	1	30153	1	0	30000
Picture	response192	hit	1	23005	2	4896948	1	39815	1	10000	40000
Picture	response185	hit	1	19331	2	4947092	1	39815	1	10000	40000
Picture	response191	hit	1	10267	2	4997235	1	39816	1	10000	40000
Picture	response186	hit	2	20102	2	5047380	1	39815	1	10000	40000
Picture	response188	hit	2	29819	2	5097524	1	39815	1	10000	40000
Picture	response189	hit	1	13145	2	5147667	1	39815	1	10000	40000
Picture	response190	hit	1	19811	2	5197811	1	39815	1	10000	40000
Picture	response187	hit	2	11147	2	5247955	1	40148	1	10000	40000
Picture	ins6	other				5288104	1	30153	1	0	30000
Picture	response42	hit	1	21958	2	5616955	1	39815	1	10000	40000
Picture	response44	hit	2	12714	2	5667099	1	39815	1	10000	40000
Picture	response45	hit	1	13430	2	5717243	1	39816	1	10000	40000
Picture	response41	hit	2	12205	2	5767387	1	39815	1	10000	40000
Picture	response43	hit	1	15262	2	5817531	1	39815	1	10000	40000
Picture	response46	hit	2	15938	2	5867675	1	39815	1	10000	40000
Picture	response48	hit	1	9053	2	5917819	1	39815	1	10000	40000
Picture	response47	hit	1	9120	2	5967963	1	40148	1	10000	40000
Picture	ins8	other				6008111	1	30153	1	0	30000
Picture	response58	hit	1	21050	2	6336962	1	39815	1	10000	40000
Picture	response61	hit	2	21446	2	6387106	1	39815	1	10000	40000
Picture	response64	hit	2	13303	2	6437250	1	39815	1	10000	40000
Picture	response62	hit	2	25789	2	6487394	1	39815	1	10000	40000
Picture	response59	hit	1	15695	2	6537538	1	39815	1	10000	40000
Picture	response60	hit	2	17380	2	6587682	1	39815	1	10000	40000
Picture	response57	hit	1	23777	2	6637826	1	39815	1	10000	40000
Picture	response63	hit	1	10173	2	6687970	1	40149	1	10000	40000
Picture	ins22	other				6728118	1	30153	1	0	30000
Picture	response172	hit	2	16143	2	7056969	1	39815	1	10000	40000
Picture	response175	hit	2	14179	2	7107113	1	39815	1	10000	40000
Picture	response169	hit	2	13475	2	7157257	1	39815	1	10000	40000
Picture	response171	hit	1	27481	2	7207401	1	39815	1	10000	40000
Picture	response176	hit	1	25427	2	7257545	1	39815	1	10000	40000
Picture	response174	hit	2	13914	2	7307689	1	39815	1	10000	40000
Picture	response173	hit	1	28030	2	7357833	1	39815	1	10000	40000
Picture	response170	hit	2	25255	2	7407977	1	40148	1	10000	40000
Picture	ins12	other				7448125	1	30153	1	0	30000
Picture	response95	hit	1	19083	2	7776810	1	39815	1	10000	40000
Picture	response92	hit	1	18809	2	7826954	1	39815	1	10000	40000
Picture	response89	hit	2	20205	2	7877098	1	39815	1	10000	40000
Picture	response94	hit	2	19661	2	7927241	1	39815	1	10000	40000
Picture	response93	incorrect	2	23027	2	7977386	1	39815	1	10000	40000
Picture	response90	hit	1	11593	2	8027529	1	39815	1	10000	40000
Picture	response91	hit	2	20069	2	8077673	1	39815	1	10000	40000
Picture	response96	hit	2	14855	2	8127817	1	40148	1	10000	40000
Picture	ins10	other				8167966	1	30153	1	0	30000
Picture	response77	hit	2	25276	2	8496817	1	39815	1	10000	40000
Picture	response74	hit	1	22942	2	8546961	1	39815	1	10000	40000
Picture	response75	hit	2	19588	2	8597105	1	39815	1	10000	40000
Picture	response78	hit	1	36424	2	8647249	1	39815	1	10000	40000
Picture	response76	hit	1	14570	2	8697393	1	39815	1	10000	40000
Picture	response79	hit	1	17486	2	8747537	1	39815	1	10000	40000
Picture	response80	hit	2	9031	2	8797680	1	39815	1	10000	40000
Picture	response73	hit	2	11028	2	8847824	1	39815	1	10000	40000
Picture	thanks	other				8887640	1	10162	1	0	10000


{
   "app": "Presentation Version 21.1 Build 09.05.19",
   "device": "LENOVO 20FBCTO1WW",
   "experiment": "{A2FC4E2A-B401-4E65-9CA9-5B09E294C871}",
   "os": "Windows 10 64 bit",
   "package": "",
   "parameters": {
      "configuration": "Default configuration"
   },
   "scenario": "Dimension experiment(2).sce",
   "subject": "A_HP_52",
   "timestamp": "2020/02/20 07:37:39 GMT"
}
