Scenario - 
Logfile written - 11/07/2019 16:34:16

Subject	Trial	Event Type	Code	Time	TTime	Uncertainty	Duration	Uncertainty	ReqTime	ReqDur	Stim Type	Pair Index

A_HP_29	1	Response	3	359409	358242	1
A_HP_29	1	Pulse	99	359409	358242	1
A_HP_29	2	Picture	ready	359641	0	1	10396	1	0	10000	other	0
A_HP_29	2	Pulse	99	379409	19768	1
A_HP_29	2	Pulse	99	399409	39768	1
A_HP_29	2	Pulse	99	419409	59768	1
A_HP_29	3	Picture	ins2	420217	232	1	30230	1	0	30000	other	0
A_HP_29	3	Pulse	99	439408	19423	1
A_HP_29	3	Pulse	99	459408	39423	1
A_HP_29	3	Pulse	99	479488	59503	1
A_HP_29	3	Pulse	99	499408	79423	1
A_HP_29	3	Pulse	99	519409	99423	1
A_HP_29	3	Pulse	99	539489	119503	1
A_HP_29	3	Pulse	99	559409	139423	1
A_HP_29	3	Pulse	99	579409	159423	1
A_HP_29	3	Pulse	99	599489	179503	1
A_HP_29	3	Pulse	99	619409	199423	1
A_HP_29	3	Pulse	99	639409	219423	1
A_HP_29	3	Pulse	99	659489	239503	1
A_HP_29	3	Pulse	99	679408	259423	1
A_HP_29	3	Pulse	99	699409	279423	1
A_HP_29	3	Pulse	99	719489	299503	1
A_HP_29	4	Response	3	739409	9193	1
A_HP_29	4	Pulse	99	739409	9193	1
A_HP_29	5	Picture	response10	750201	10563	1	39667	1	10000	40000	hit	27
A_HP_29	5	Pulse	99	759408	19770	1
A_HP_29	5	Response	1	773257	33619	1
A_HP_29	5	Pulse	99	779488	39849	1
A_HP_29	6	Pulse	99	799409	9540	1
A_HP_29	6	Picture	response16	800264	10396	1	39835	1	10000	40000	hit	31
A_HP_29	6	Response	2	808567	18699	1
A_HP_29	6	Pulse	99	819408	29540	1
A_HP_29	6	Pulse	99	839489	49620	1
A_HP_29	7	Picture	response15	850496	10396	1	39834	1	10000	40000	hit	36
A_HP_29	7	Pulse	99	859408	19309	1
A_HP_29	7	Response	2	859616	19517	1
A_HP_29	7	Pulse	99	879408	39309	1
A_HP_29	8	Pulse	99	899489	9159	1
A_HP_29	8	Picture	response9	900725	10396	1	39835	1	10000	40000	hit	40
A_HP_29	8	Response	1	913367	23038	1
A_HP_29	8	Pulse	99	919408	29079	1
A_HP_29	8	Pulse	99	939408	49079	1
A_HP_29	9	Picture	response14	950956	10396	1	39834	1	10000	40000	hit	45
A_HP_29	9	Pulse	99	959488	18928	1
A_HP_29	9	Response	1	969707	29147	1
A_HP_29	9	Pulse	99	979408	38848	1
A_HP_29	10	Pulse	99	999408	8618	1
A_HP_29	10	Picture	response13	1001352	10562	1	39668	1	10000	40000	hit	50
A_HP_29	10	Pulse	99	1019488	28698	1
A_HP_29	10	Response	2	1024156	33366	1
A_HP_29	10	Pulse	99	1039408	48618	1
A_HP_29	11	Picture	response11	1051416	10396	1	39834	1	10000	40000	hit	54
A_HP_29	11	Pulse	99	1059408	18387	1
A_HP_29	11	Response	2	1063316	22295	1
A_HP_29	11	Pulse	99	1079488	38467	1
A_HP_29	12	Pulse	99	1099408	8158	1
A_HP_29	12	Picture	response12	1101647	10396	1	40167	1	10000	40000	hit	58
A_HP_29	12	Response	1	1118127	26877	1
A_HP_29	12	Pulse	99	1119408	28157	1
A_HP_29	12	Pulse	99	1139408	48157	1
A_HP_29	13	Picture	ins10	1141814	230	1	30229	1	0	30000	other	0
A_HP_29	13	Pulse	99	1159408	17824	1
A_HP_29	13	Pulse	99	1179408	37824	1
A_HP_29	13	Pulse	99	1199408	57824	1
A_HP_29	13	Pulse	99	1219408	77824	1
A_HP_29	13	Pulse	99	1239408	97824	1
A_HP_29	13	Pulse	99	1259408	117824	1
A_HP_29	13	Pulse	99	1279408	137824	1
A_HP_29	13	Pulse	99	1299408	157824	1
A_HP_29	13	Pulse	99	1319408	177824	1
A_HP_29	13	Pulse	99	1339408	197824	1
A_HP_29	13	Pulse	99	1359408	217824	1
A_HP_29	13	Pulse	99	1379408	237824	1
A_HP_29	13	Pulse	99	1399408	257824	1
A_HP_29	13	Pulse	99	1419408	277824	1
A_HP_29	13	Pulse	99	1439408	297824	1
A_HP_29	14	Response	3	1459408	7593	1
A_HP_29	14	Pulse	99	1459408	7593	1
A_HP_29	15	Picture	response73	1470201	10562	1	39835	1	10000	40000	hit	81
A_HP_29	15	Pulse	99	1479408	19770	1
A_HP_29	15	Response	2	1490997	31358	1
A_HP_29	15	Pulse	99	1499408	39769	1
A_HP_29	16	Pulse	99	1519408	9373	1
A_HP_29	16	Picture	response80	1520432	10396	1	39834	1	10000	40000	hit	85
A_HP_29	16	Response	2	1532637	22601	1
A_HP_29	16	Pulse	99	1539408	29372	1
A_HP_29	16	Pulse	99	1559408	49372	1
A_HP_29	17	Picture	response79	1570662	10396	1	39835	1	10000	40000	hit	90
A_HP_29	17	Pulse	99	1579408	19142	1
A_HP_29	17	Response	1	1586256	25991	1
A_HP_29	17	Pulse	99	1599408	39142	1
A_HP_29	18	Pulse	99	1619408	8911	1
A_HP_29	18	Picture	response78	1620892	10395	1	39835	1	10000	40000	hit	95
A_HP_29	18	Pulse	99	1639408	28912	1
A_HP_29	18	Response	1	1641866	31370	1
A_HP_29	18	Pulse	99	1659408	48912	1
A_HP_29	19	Picture	response76	1671122	10395	1	39834	1	10000	40000	hit	99
A_HP_29	19	Pulse	99	1679408	18681	1
A_HP_29	19	Response	1	1695607	34880	1
A_HP_29	19	Pulse	99	1699407	38680	1
A_HP_29	20	Pulse	99	1719408	8451	1
A_HP_29	20	Picture	response75	1721519	10562	1	39668	1	10000	40000	hit	104
A_HP_29	20	Pulse	99	1739407	28451	1
A_HP_29	20	Response	2	1752297	41340	1
A_HP_29	20	Pulse	99	1759408	48451	1
A_HP_29	21	Picture	response74	1771583	10396	1	39835	1	10000	40000	hit	108
A_HP_29	21	Pulse	99	1779408	18221	1
A_HP_29	21	Response	1	1794377	33190	1
A_HP_29	21	Pulse	99	1799408	38220	1
A_HP_29	22	Pulse	99	1819408	7990	1
A_HP_29	22	Picture	response77	1821813	10395	1	40203	1	10000	40000	hit	113
A_HP_29	22	Pulse	99	1839408	27990	1
A_HP_29	22	Response	2	1846477	35059	1
A_HP_29	22	Pulse	99	1859408	47990	1
A_HP_29	23	Picture	ins4	1862016	232	1	30230	1	0	30000	other	0
A_HP_29	23	Pulse	99	1879408	17623	1
A_HP_29	23	Pulse	99	1899408	37623	1
A_HP_29	23	Pulse	99	1919408	57624	1
A_HP_29	23	Pulse	99	1939408	77624	1
A_HP_29	23	Pulse	99	1959408	97624	1
A_HP_29	23	Pulse	99	1979408	117624	1
A_HP_29	23	Pulse	99	1999408	137624	1
A_HP_29	23	Pulse	99	2019408	157624	1
A_HP_29	23	Pulse	99	2039408	177624	1
A_HP_29	23	Pulse	99	2059408	197624	1
A_HP_29	23	Pulse	99	2079408	217623	1
A_HP_29	23	Pulse	99	2099408	237623	1
A_HP_29	23	Pulse	99	2119408	257624	1
A_HP_29	23	Pulse	99	2139408	277624	1
A_HP_29	23	Pulse	99	2159408	297624	1
A_HP_29	24	Response	3	2179407	7393	1
A_HP_29	24	Pulse	99	2179407	7393	1
A_HP_29	25	Picture	response32	2190201	10562	1	39835	1	10000	40000	hit	134
A_HP_29	25	Response	2	2197066	17427	1
A_HP_29	25	Pulse	99	2199407	19769	1
A_HP_29	25	Pulse	99	2219408	39769	1
A_HP_29	26	Pulse	99	2239408	9372	1
A_HP_29	26	Picture	response27	2240432	10396	1	39835	1	10000	40000	hit	139
A_HP_29	26	Response	1	2247886	17851	1
A_HP_29	26	Pulse	99	2259408	29372	1
A_HP_29	26	Pulse	99	2279408	49372	1
A_HP_29	27	Picture	response31	2290662	10396	1	39835	1	10000	40000	hit	143
A_HP_29	27	Response	1	2298096	17830	1
A_HP_29	27	Pulse	99	2299407	19141	1
A_HP_29	27	Pulse	99	2319407	39141	1
A_HP_29	28	Pulse	99	2339408	8911	1
A_HP_29	28	Picture	response25	2340892	10396	1	39835	1	10000	40000	hit	148
A_HP_29	28	Response	2	2346276	15780	1
A_HP_29	28	Pulse	99	2359407	28911	1
A_HP_29	28	Pulse	99	2379407	48911	1
A_HP_29	29	Picture	response29	2391123	10396	1	39835	1	10000	40000	hit	152
A_HP_29	29	Response	1	2398036	17309	1
A_HP_29	29	Pulse	99	2399407	18680	1
A_HP_29	29	Pulse	99	2419407	38680	1
A_HP_29	30	Pulse	99	2439407	8449	1
A_HP_29	30	Picture	response30	2441520	10562	1	39668	1	10000	40000	hit	157
A_HP_29	30	Response	1	2449276	18318	1
A_HP_29	30	Pulse	99	2459407	28449	1
A_HP_29	30	Pulse	99	2479407	48449	1
A_HP_29	31	Picture	response28	2491584	10396	1	39835	1	10000	40000	hit	161
A_HP_29	31	Response	1	2498096	16908	1
A_HP_29	31	Pulse	99	2499407	18218	1
A_HP_29	31	Pulse	99	2519407	38219	1
A_HP_29	32	Pulse	99	2539407	7988	1
A_HP_29	32	Picture	response26	2541814	10396	1	40199	1	10000	40000	hit	166
A_HP_29	32	Response	2	2549916	18497	1
A_HP_29	32	Pulse	99	2559407	27988	1
A_HP_29	32	Pulse	99	2579407	47989	1
A_HP_29	33	Picture	ins20	2582014	230	1	30230	1	0	30000	other	0
A_HP_29	33	Pulse	99	2599407	17624	1
A_HP_29	33	Pulse	99	2619407	37624	1
A_HP_29	33	Pulse	99	2639407	57624	1
A_HP_29	33	Pulse	99	2659408	77624	1
A_HP_29	33	Pulse	99	2679408	97624	1
A_HP_29	33	Pulse	99	2699408	117624	1
A_HP_29	33	Pulse	99	2719407	137624	1
A_HP_29	33	Pulse	99	2739407	157624	1
A_HP_29	33	Pulse	99	2759407	177624	1
A_HP_29	33	Pulse	99	2779407	197624	1
A_HP_29	33	Pulse	99	2799407	217624	1
A_HP_29	33	Pulse	99	2819407	237624	1
A_HP_29	33	Pulse	99	2839407	257624	1
A_HP_29	33	Pulse	99	2859408	277624	1
A_HP_29	33	Pulse	99	2879407	297624	1
A_HP_29	34	Response	3	2899408	7394	1
A_HP_29	34	Pulse	99	2899408	7394	1
A_HP_29	35	Picture	response156	2910200	10562	1	39668	1	10000	40000	hit	189
A_HP_29	35	Pulse	99	2919408	19770	1
A_HP_29	35	Response	2	2926486	26849	1
A_HP_29	35	Pulse	99	2939407	39770	1
A_HP_29	36	Pulse	99	2959408	9540	1
A_HP_29	36	Picture	response154	2960264	10396	1	39834	1	10000	40000	incorrect	194
A_HP_29	36	Pulse	99	2979408	29540	1
A_HP_29	36	Response	2	2983796	33928	1
A_HP_29	36	Pulse	99	2999407	49539	1
A_HP_29	37	Picture	response157	3010493	10396	1	39835	1	10000	40000	hit	198
A_HP_29	37	Pulse	99	3019407	19310	1
A_HP_29	37	Response	2	3029326	29228	1
A_HP_29	37	Pulse	99	3039407	39309	1
A_HP_29	38	Pulse	99	3059407	9079	1
A_HP_29	38	Picture	response158	3060723	10395	1	39835	1	10000	40000	hit	203
A_HP_29	38	Pulse	99	3079407	29079	1
A_HP_29	38	Response	2	3091686	41358	1
A_HP_29	38	Pulse	99	3099407	49079	1
A_HP_29	39	Picture	response153	3110954	10395	1	39835	1	10000	40000	hit	208
A_HP_29	39	Pulse	99	3119407	18849	1
A_HP_29	39	Pulse	99	3139407	38849	1
A_HP_29	39	Response	1	3144336	43777	1
A_HP_29	40	Pulse	99	3159407	8619	1
A_HP_29	40	Picture	response160	3161351	10562	1	39669	1	10000	40000	hit	212
A_HP_29	40	Pulse	99	3179407	28619	1
A_HP_29	40	Response	2	3187246	36457	1
A_HP_29	40	Pulse	99	3199407	48618	1
A_HP_29	41	Picture	response159	3211415	10396	1	39835	1	10000	40000	hit	216
A_HP_29	41	Pulse	99	3219407	18388	1
A_HP_29	41	Response	2	3226256	25236	1
A_HP_29	41	Pulse	99	3239407	38388	1
A_HP_29	42	Pulse	99	3259407	8157	1
A_HP_29	42	Picture	response155	3261645	10396	1	40168	1	10000	40000	hit	220
A_HP_29	42	Response	2	3276856	25606	1
A_HP_29	42	Pulse	99	3279406	28157	1
A_HP_29	42	Pulse	99	3299407	48157	1
A_HP_29	43	Picture	ins8	3301813	230	1	30229	1	0	30000	other	0
A_HP_29	43	Pulse	99	3319407	17824	1
A_HP_29	43	Pulse	99	3339407	37824	1
A_HP_29	43	Pulse	99	3359407	57824	1
A_HP_29	43	Pulse	99	3379407	77824	1
A_HP_29	43	Pulse	99	3399407	97824	1
A_HP_29	43	Pulse	99	3419407	117824	1
A_HP_29	43	Pulse	99	3439407	137824	1
A_HP_29	43	Pulse	99	3459407	157824	1
A_HP_29	43	Pulse	99	3479407	177824	1
A_HP_29	43	Pulse	99	3499407	197824	1
A_HP_29	43	Pulse	99	3519407	217824	1
A_HP_29	43	Pulse	99	3539407	237824	1
A_HP_29	43	Pulse	99	3559407	257824	1
A_HP_29	43	Pulse	99	3579407	277824	1
A_HP_29	43	Pulse	99	3599407	297824	1
A_HP_29	44	Response	3	3619407	7593	1
A_HP_29	44	Pulse	99	3619407	7593	1
A_HP_29	45	Picture	response57	3630200	10562	1	39835	1	10000	40000	incorrect	243
A_HP_29	45	Pulse	99	3639407	19770	1
A_HP_29	45	Response	2	3650146	30509	1
A_HP_29	45	Pulse	99	3659407	39770	1
A_HP_29	46	Pulse	99	3679407	9373	1
A_HP_29	46	Picture	response58	3680430	10395	1	39835	1	10000	40000	hit	247
A_HP_29	46	Response	1	3690376	20342	1
A_HP_29	46	Pulse	99	3699407	29373	1
A_HP_29	46	Pulse	99	3719407	49373	1
A_HP_29	47	Picture	response60	3730661	10396	1	39835	1	10000	40000	hit	251
A_HP_29	47	Response	2	3739386	19121	1
A_HP_29	47	Pulse	99	3739406	19141	1
A_HP_29	47	Pulse	99	3759407	39142	1
A_HP_29	48	Pulse	99	3779407	8911	1
A_HP_29	48	Picture	response59	3780891	10395	1	39835	1	10000	40000	hit	257
A_HP_29	48	Pulse	99	3799407	28911	1
A_HP_29	48	Response	1	3806255	35760	1
A_HP_29	48	Pulse	99	3819407	48911	1
A_HP_29	49	Picture	response63	3831121	10395	1	39835	1	10000	40000	hit	261
A_HP_29	49	Pulse	99	3839407	18681	1
A_HP_29	49	Response	1	3840705	19979	1
A_HP_29	49	Pulse	99	3859407	38681	1
A_HP_29	50	Pulse	99	3879407	8451	1
A_HP_29	50	Picture	response64	3881518	10562	1	39669	1	10000	40000	hit	266
A_HP_29	50	Pulse	99	3899407	28451	1
A_HP_29	50	Response	2	3899935	28979	1
A_HP_29	50	Pulse	99	3919407	48451	1
A_HP_29	51	Picture	response62	3931582	10396	1	39835	1	10000	40000	hit	269
A_HP_29	51	Response	2	3938876	17689	1
A_HP_29	51	Pulse	99	3939406	18220	1
A_HP_29	51	Pulse	99	3959407	38220	1
A_HP_29	52	Pulse	99	3979407	7990	1
A_HP_29	52	Picture	response61	3981813	10396	1	40201	1	10000	40000	hit	274
A_HP_29	52	Response	2	3995496	24079	1
A_HP_29	52	Pulse	99	3999406	27989	1
A_HP_29	52	Pulse	99	4019407	47990	1
A_HP_29	53	Picture	ins18	4022014	230	1	30229	1	0	30000	other	0
A_HP_29	53	Pulse	99	4039407	17623	1
A_HP_29	53	Pulse	99	4059407	37623	1
A_HP_29	53	Pulse	99	4079407	57623	1
A_HP_29	53	Pulse	99	4099407	77623	1
A_HP_29	53	Pulse	99	4119407	97623	1
A_HP_29	53	Pulse	99	4139407	117623	1
A_HP_29	53	Pulse	99	4159407	137623	1
A_HP_29	53	Pulse	99	4179407	157623	1
A_HP_29	53	Pulse	99	4199407	177623	1
A_HP_29	53	Pulse	99	4219407	197623	1
A_HP_29	53	Pulse	99	4239407	217623	1
A_HP_29	53	Pulse	99	4259407	237623	1
A_HP_29	53	Pulse	99	4279407	257623	1
A_HP_29	53	Pulse	99	4299407	277623	1
A_HP_29	53	Pulse	99	4319407	297623	1
A_HP_29	54	Response	3	4339407	7393	1
A_HP_29	54	Pulse	99	4339407	7393	1
A_HP_29	55	Picture	response137	4350200	10562	1	39667	1	10000	40000	hit	297
A_HP_29	55	Pulse	99	4359407	19770	1
A_HP_29	55	Response	2	4372665	33028	1
A_HP_29	55	Pulse	99	4379407	39769	1
A_HP_29	56	Pulse	99	4399407	9540	1
A_HP_29	56	Picture	response143	4400263	10395	1	39835	1	10000	40000	hit	301
A_HP_29	56	Response	1	4418646	28779	1
A_HP_29	56	Pulse	99	4419406	29539	1
A_HP_29	56	Pulse	99	4439407	49540	1
A_HP_29	57	Picture	response138	4450493	10396	1	39835	1	10000	40000	hit	306
A_HP_29	57	Pulse	99	4459407	19309	1
A_HP_29	57	Response	1	4470795	30698	1
A_HP_29	57	Pulse	99	4479407	39309	1
A_HP_29	58	Pulse	99	4499407	9079	1
A_HP_29	58	Picture	response144	4500724	10396	1	39835	1	10000	40000	hit	311
A_HP_29	58	Pulse	99	4519406	29078	1
A_HP_29	58	Response	1	4526435	36107	1
A_HP_29	58	Pulse	99	4539407	49079	1
A_HP_29	59	Picture	response140	4550954	10396	1	39834	1	10000	40000	hit	315
A_HP_29	59	Pulse	99	4559407	18848	1
A_HP_29	59	Response	1	4575905	35346	1
A_HP_29	59	Pulse	99	4579406	38847	1
A_HP_29	60	Pulse	99	4599407	8618	1
A_HP_29	60	Picture	response142	4601351	10562	1	39668	1	10000	40000	hit	320
A_HP_29	60	Pulse	99	4619407	28618	1
A_HP_29	60	Response	1	4621405	30616	1
A_HP_29	60	Pulse	99	4639407	48618	1
A_HP_29	61	Picture	response141	4651414	10395	1	39835	1	10000	40000	hit	324
A_HP_29	61	Pulse	99	4659407	18388	1
A_HP_29	61	Response	2	4673925	32906	1
A_HP_29	61	Pulse	99	4679406	38387	1
A_HP_29	62	Pulse	99	4699407	8157	1
A_HP_29	62	Picture	response139	4701645	10396	1	40168	1	10000	40000	incorrect	329
A_HP_29	62	Pulse	99	4719407	28157	1
A_HP_29	62	Response	2	4725755	34506	1
A_HP_29	62	Pulse	99	4739406	48157	1
A_HP_29	63	Picture	ins22	4741813	230	1	30229	1	0	30000	other	0
A_HP_29	63	Pulse	99	4759407	17823	1
A_HP_29	63	Pulse	99	4779407	37823	1
A_HP_29	63	Pulse	99	4799407	57823	1
A_HP_29	63	Pulse	99	4819407	77823	1
A_HP_29	63	Pulse	99	4839407	97823	1
A_HP_29	63	Pulse	99	4859407	117823	1
A_HP_29	63	Pulse	99	4879406	137823	1
A_HP_29	63	Pulse	99	4899407	157823	1
A_HP_29	63	Pulse	99	4919407	177823	1
A_HP_29	63	Pulse	99	4939407	197823	1
A_HP_29	63	Pulse	99	4959407	217823	1
A_HP_29	63	Pulse	99	4979406	237823	1
A_HP_29	63	Pulse	99	4999406	257823	1
A_HP_29	63	Pulse	99	5019407	277823	1
A_HP_29	63	Pulse	99	5039407	297823	1
A_HP_29	64	Response	3	5059406	7592	1
A_HP_29	64	Pulse	99	5059406	7592	1
A_HP_29	65	Picture	response171	5070199	10562	1	39835	1	10000	40000	incorrect	351
A_HP_29	65	Pulse	99	5079407	19770	1
A_HP_29	65	Response	2	5095535	35898	1
A_HP_29	65	Pulse	99	5099406	39769	1
A_HP_29	66	Pulse	99	5119406	9373	1
A_HP_29	66	Picture	response175	5120429	10396	1	39835	1	10000	40000	hit	356
A_HP_29	66	Pulse	99	5139406	29373	1
A_HP_29	66	Response	2	5151055	41021	1
A_HP_29	66	Pulse	99	5159406	49372	1
A_HP_29	67	Picture	response170	5170660	10396	1	39835	1	10000	40000	hit	360
A_HP_29	67	Pulse	99	5179406	19142	1
A_HP_29	67	Response	2	5188715	28451	1
A_HP_29	67	Pulse	99	5199406	39142	1
A_HP_29	68	Pulse	99	5219406	8912	1
A_HP_29	68	Picture	response174	5220890	10395	1	39835	1	10000	40000	hit	364
A_HP_29	68	Response	2	5235465	24971	1
A_HP_29	68	Pulse	99	5239406	28912	1
A_HP_29	68	Pulse	99	5259406	48912	1
A_HP_29	69	Picture	response176	5271120	10396	1	39835	1	10000	40000	hit	369
A_HP_29	69	Pulse	99	5279406	18682	1
A_HP_29	69	Response	1	5296365	35641	1
A_HP_29	69	Pulse	99	5299406	38681	1
A_HP_29	70	Pulse	99	5319406	8451	1
A_HP_29	70	Picture	response173	5321517	10562	1	39668	1	10000	40000	hit	374
A_HP_29	70	Pulse	99	5339406	28451	1
A_HP_29	70	Response	1	5343695	32740	1
A_HP_29	70	Pulse	99	5359406	48452	1
A_HP_29	71	Picture	response169	5371581	10396	1	39835	1	10000	40000	hit	378
A_HP_29	71	Pulse	99	5379406	18221	1
A_HP_29	71	Response	2	5386535	25350	1
A_HP_29	71	Pulse	99	5399406	38221	1
A_HP_29	72	Pulse	99	5419406	7991	1
A_HP_29	72	Picture	response172	5421811	10396	1	40202	1	10000	40000	incorrect	383
A_HP_29	72	Pulse	99	5439406	27991	1
A_HP_29	72	Response	1	5445315	33899	1
A_HP_29	72	Pulse	99	5459406	47991	1
A_HP_29	73	Picture	ins14	5462013	230	1	30229	1	0	30000	other	0
A_HP_29	73	Pulse	99	5479406	17623	1
A_HP_29	73	Pulse	99	5499406	37623	1
A_HP_29	73	Pulse	99	5519406	57623	1
A_HP_29	73	Pulse	99	5539406	77623	1
A_HP_29	73	Pulse	99	5559406	97623	1
A_HP_29	73	Pulse	99	5579406	117623	1
A_HP_29	73	Pulse	99	5599406	137623	1
A_HP_29	73	Pulse	99	5619406	157623	1
A_HP_29	73	Pulse	99	5639406	177623	1
A_HP_29	73	Pulse	99	5659406	197623	1
A_HP_29	73	Pulse	99	5679406	217623	1
A_HP_29	73	Pulse	99	5699406	237623	1
A_HP_29	73	Pulse	99	5719406	257623	1
A_HP_29	73	Pulse	99	5739406	277623	1
A_HP_29	73	Pulse	99	5759406	297623	1
A_HP_29	74	Response	3	5779406	7392	1
A_HP_29	74	Pulse	99	5779406	7392	1
A_HP_29	75	Picture	response112	5790199	10563	1	39834	1	10000	40000	hit	405
A_HP_29	75	Pulse	99	5799406	19770	1
A_HP_29	75	Response	2	5805665	26028	1
A_HP_29	75	Pulse	99	5819406	39770	1
A_HP_29	76	Pulse	99	5839406	9373	1
A_HP_29	76	Picture	response108	5840429	10396	1	39835	1	10000	40000	hit	409
A_HP_29	76	Response	2	5852064	22031	1
A_HP_29	76	Pulse	99	5859406	29373	1
A_HP_29	76	Pulse	99	5879406	49373	1
A_HP_29	77	Picture	response110	5890659	10395	1	39836	1	10000	40000	hit	414
A_HP_29	77	Pulse	99	5899406	19142	1
A_HP_29	77	Response	2	5909155	28891	1
A_HP_29	77	Pulse	99	5919406	39142	1
A_HP_29	78	Pulse	99	5939406	8911	1
A_HP_29	78	Picture	response105	5940890	10396	1	39835	1	10000	40000	hit	418
A_HP_29	78	Response	2	5955484	24990	1
A_HP_29	78	Pulse	99	5959405	28910	1
A_HP_29	78	Pulse	99	5979406	48911	1
A_HP_29	79	Picture	response109	5991121	10396	1	39835	1	10000	40000	hit	423
A_HP_29	79	Pulse	99	5999406	18681	1
A_HP_29	79	Response	1	6012905	32180	1
A_HP_29	79	Pulse	99	6019406	38680	1
A_HP_29	80	Pulse	99	6039406	8450	1
A_HP_29	80	Picture	response106	6041518	10562	1	39626	1	10000	40000	hit	428
A_HP_29	80	Pulse	99	6059406	28451	1
A_HP_29	80	Response	1	6063134	32178	1
A_HP_29	80	Pulse	99	6079406	48450	1
A_HP_29	81	Picture	response107	6091540	10396	1	39835	1	10000	40000	hit	432
A_HP_29	81	Pulse	99	6099406	18262	1
A_HP_29	81	Response	1	6114115	32970	1
A_HP_29	81	Pulse	99	6119405	38261	1
A_HP_29	82	Pulse	99	6139406	8031	1
A_HP_29	82	Picture	response111	6141770	10396	1	40242	1	10000	40000	hit	436
A_HP_29	82	Response	1	6154034	22660	1
A_HP_29	82	Pulse	99	6159406	28031	1
A_HP_29	82	Pulse	99	6179406	48031	1
A_HP_29	83	Picture	ins12	6182012	230	1	30229	1	0	30000	other	0
A_HP_29	83	Pulse	99	6199406	17624	1
A_HP_29	83	Pulse	99	6219406	37624	1
A_HP_29	83	Pulse	99	6239406	57624	1
A_HP_29	83	Pulse	99	6259405	77624	1
A_HP_29	83	Pulse	99	6279406	97624	1
A_HP_29	83	Pulse	99	6299406	117624	1
A_HP_29	83	Pulse	99	6319406	137624	1
A_HP_29	83	Pulse	99	6339406	157624	1
A_HP_29	83	Pulse	99	6359406	177624	1
A_HP_29	83	Pulse	99	6379406	197624	1
A_HP_29	83	Pulse	99	6399406	217624	1
A_HP_29	83	Pulse	99	6419406	237624	1
A_HP_29	83	Pulse	99	6439406	257624	1
A_HP_29	83	Pulse	99	6459406	277624	1
A_HP_29	83	Pulse	99	6479406	297624	1
A_HP_29	84	Response	3	6499406	7393	1
A_HP_29	84	Pulse	99	6499406	7393	1
A_HP_29	85	Picture	response95	6510199	10562	1	39835	1	10000	40000	incorrect	460
A_HP_29	85	Pulse	99	6519406	19769	1
A_HP_29	85	Pulse	99	6539406	39769	1
A_HP_29	85	Response	2	6540654	41017	1
A_HP_29	86	Pulse	99	6559406	9372	1
A_HP_29	86	Picture	response91	6560429	10396	1	39835	1	10000	40000	hit	464
A_HP_29	86	Pulse	99	6579406	29372	1
A_HP_29	86	Response	2	6582194	32160	1
A_HP_29	86	Pulse	99	6599406	49372	1
A_HP_29	87	Picture	response94	6610659	10396	1	39835	1	10000	40000	hit	468
A_HP_29	87	Pulse	99	6619406	19142	1
A_HP_29	87	Response	2	6630014	29751	1
A_HP_29	87	Pulse	99	6639405	39142	1
A_HP_29	88	Pulse	99	6659406	8912	1
A_HP_29	88	Picture	response90	6660889	10395	1	39835	1	10000	40000	hit	472
A_HP_29	88	Response	1	6671484	20990	1
A_HP_29	88	Pulse	99	6679405	28911	1
A_HP_29	88	Pulse	99	6699406	48912	1
A_HP_29	89	Picture	response89	6711120	10396	1	39835	1	10000	40000	hit	477
A_HP_29	89	Pulse	99	6719406	18681	1
A_HP_29	89	Response	2	6726114	25390	1
A_HP_29	89	Pulse	99	6739405	38681	1
A_HP_29	90	Pulse	99	6759405	8451	1
A_HP_29	90	Picture	response96	6761517	10562	1	39668	1	10000	40000	hit	482
A_HP_29	90	Pulse	99	6779405	28451	1
A_HP_29	90	Response	2	6782774	31819	1
A_HP_29	90	Pulse	99	6799405	48451	1
A_HP_29	91	Picture	response93	6811581	10396	1	39835	1	10000	40000	hit	486
A_HP_29	91	Pulse	99	6819405	18221	1
A_HP_29	91	Response	1	6838734	37550	1
A_HP_29	91	Pulse	99	6839405	38221	1
A_HP_29	92	Pulse	99	6859405	7990	1
A_HP_29	92	Picture	response92	6861811	10396	1	40201	1	10000	40000	hit	490
A_HP_29	92	Response	1	6877514	26099	1
A_HP_29	92	Pulse	99	6879405	27990	1
A_HP_29	92	Pulse	99	6899406	47990	1
A_HP_29	93	Picture	ins16	6902012	229	1	30229	1	0	30000	other	0
A_HP_29	93	Pulse	99	6919406	17623	1
A_HP_29	93	Pulse	99	6939406	37623	1
A_HP_29	93	Pulse	99	6959405	57623	1
A_HP_29	93	Pulse	99	6979405	77622	1
A_HP_29	93	Pulse	99	6999406	97623	1
A_HP_29	93	Pulse	99	7019405	117623	1
A_HP_29	93	Pulse	99	7039406	137623	1
A_HP_29	93	Pulse	99	7059405	157623	1
A_HP_29	93	Pulse	99	7079405	177623	1
A_HP_29	93	Pulse	99	7099405	197623	1
A_HP_29	93	Pulse	99	7119405	217623	1
A_HP_29	93	Pulse	99	7139405	237623	1
A_HP_29	93	Pulse	99	7159405	257623	1
A_HP_29	93	Pulse	99	7179406	277623	1
A_HP_29	93	Pulse	99	7199405	297623	1
A_HP_29	94	Response	3	7219406	7393	1
A_HP_29	94	Pulse	99	7219406	7393	1
A_HP_29	95	Picture	response128	7230198	10562	1	39835	1	10000	40000	hit	513
A_HP_29	95	Pulse	99	7239405	19769	1
A_HP_29	95	Response	2	7249524	29888	1
A_HP_29	95	Pulse	99	7259405	39769	1
A_HP_29	96	Pulse	99	7279405	9373	1
A_HP_29	96	Picture	response127	7280428	10396	1	39835	1	10000	40000	hit	518
A_HP_29	96	Pulse	99	7299405	29372	1
A_HP_29	96	Response	2	7311654	41621	1
A_HP_29	96	Pulse	99	7319325	49292	1
A_HP_29	97	Picture	response126	7330659	10396	1	39835	1	10000	40000	hit	522
A_HP_29	97	Pulse	99	7339405	19142	1
A_HP_29	97	Response	2	7346174	25911	1
A_HP_29	97	Pulse	99	7359405	39142	1
A_HP_29	98	Pulse	99	7379325	8831	1
A_HP_29	98	Picture	response121	7380890	10396	1	39835	1	10000	40000	hit	526
A_HP_29	98	Response	1	7399014	28520	1
A_HP_29	98	Pulse	99	7399405	28911	1
A_HP_29	98	Pulse	99	7419405	48911	1
A_HP_29	99	Picture	response123	7431120	10396	1	39835	1	10000	40000	hit	531
A_HP_29	99	Pulse	99	7439325	18601	1
A_HP_29	99	Response	2	7456603	35879	1
A_HP_29	99	Pulse	99	7459405	38680	1
A_HP_29	100	Pulse	99	7479405	8450	1
A_HP_29	100	Picture	response125	7481517	10562	1	39668	1	10000	40000	hit	535
A_HP_29	100	Response	2	7496104	25149	1
A_HP_29	100	Pulse	99	7499324	28370	1
A_HP_29	100	Pulse	99	7519405	48450	1
A_HP_29	101	Picture	response122	7531580	10396	1	39835	1	10000	40000	hit	540
A_HP_29	101	Pulse	99	7539405	18220	1
A_HP_29	101	Response	1	7558774	37589	1
A_HP_29	101	Pulse	99	7559324	38140	1
A_HP_29	102	Pulse	99	7579405	7990	1
A_HP_29	102	Picture	response124	7581811	10396	1	40201	1	10000	40000	hit	545
A_HP_29	102	Pulse	99	7599405	27990	1
A_HP_29	102	Response	2	7613174	41759	1
A_HP_29	102	Pulse	99	7619325	47910	1
A_HP_29	103	Picture	ins24	7622012	230	1	30229	1	0	30000	other	0
A_HP_29	103	Pulse	99	7639405	17623	1
A_HP_29	103	Pulse	99	7659405	37623	1
A_HP_29	103	Pulse	99	7679325	57543	1
A_HP_29	103	Pulse	99	7699405	77623	1
A_HP_29	103	Pulse	99	7719405	97623	1
A_HP_29	103	Pulse	99	7739325	117543	1
A_HP_29	103	Pulse	99	7759405	137623	1
A_HP_29	103	Pulse	99	7779405	157623	1
A_HP_29	103	Pulse	99	7799325	177543	1
A_HP_29	103	Pulse	99	7819405	197623	1
A_HP_29	103	Pulse	99	7839405	217623	1
A_HP_29	103	Pulse	99	7859325	237543	1
A_HP_29	103	Pulse	99	7879405	257623	1
A_HP_29	103	Pulse	99	7899405	277623	1
A_HP_29	103	Pulse	99	7919325	297543	1
A_HP_29	104	Response	3	7939405	7393	1
A_HP_29	104	Pulse	99	7939405	7393	1
A_HP_29	105	Picture	response189	7950197	10562	1	39835	1	10000	40000	hit	567
A_HP_29	105	Pulse	99	7959405	19770	1
A_HP_29	105	Response	1	7973584	33948	1
A_HP_29	105	Pulse	99	7979325	39690	1
A_HP_29	106	Pulse	99	7999405	9373	1
A_HP_29	106	Picture	response188	8000428	10396	1	39834	1	10000	40000	hit	572
A_HP_29	106	Pulse	99	8019405	29372	1
A_HP_29	106	Response	2	8026344	36311	1
A_HP_29	106	Pulse	99	8039325	49292	1
A_HP_29	107	Picture	response190	8050659	10396	1	39835	1	10000	40000	incorrect	576
A_HP_29	107	Pulse	99	8059405	19142	1
A_HP_29	107	Response	2	8073273	33011	1
A_HP_29	107	Pulse	99	8079405	39142	1
A_HP_29	108	Pulse	99	8099325	8831	1
A_HP_29	108	Picture	response192	8100890	10396	1	39834	1	10000	40000	hit	581
A_HP_29	108	Pulse	99	8119405	28911	1
A_HP_29	108	Response	1	8135743	45249	1
A_HP_29	108	Pulse	99	8139405	48910	1
A_HP_29	109	Picture	response191	8151120	10396	1	39835	1	10000	40000	incorrect	585
A_HP_29	109	Pulse	99	8159325	18600	1
A_HP_29	109	Response	2	8178773	38049	1
A_HP_29	109	Pulse	99	8179404	38680	1
A_HP_29	110	Pulse	99	8199405	8450	1
A_HP_29	110	Picture	response186	8201517	10562	1	39668	1	10000	40000	hit	590
A_HP_29	110	Pulse	99	8219325	28370	1
A_HP_29	110	Response	2	8223603	32648	1
A_HP_29	110	Pulse	99	8239405	48450	1
A_HP_29	111	Picture	response185	8251582	10396	1	39835	1	10000	40000	hit	594
A_HP_29	111	Pulse	99	8259405	18220	1
A_HP_29	111	Response	1	8275594	34408	1
A_HP_29	111	Pulse	99	8279324	38139	1
A_HP_29	112	Pulse	99	8299405	7989	1
A_HP_29	112	Picture	response187	8301811	10395	1	40199	1	10000	40000	hit	599
A_HP_29	112	Pulse	99	8319405	27989	1
A_HP_29	112	Response	2	8335514	44097	1
A_HP_29	112	Pulse	99	8339325	47908	1
A_HP_29	113	Picture	ins6	8342011	230	1	30229	1	0	30000	other	0
A_HP_29	113	Pulse	99	8359405	17624	1
A_HP_29	113	Pulse	99	8379405	37624	1
A_HP_29	113	Pulse	99	8399325	57544	1
A_HP_29	113	Pulse	99	8419325	77544	1
A_HP_29	113	Pulse	99	8439404	97623	1
A_HP_29	113	Pulse	99	8459325	117544	1
A_HP_29	113	Pulse	99	8479325	137544	1
A_HP_29	113	Pulse	99	8499404	157623	1
A_HP_29	113	Pulse	99	8519324	177544	1
A_HP_29	113	Pulse	99	8539325	197544	1
A_HP_29	113	Pulse	99	8559404	217623	1
A_HP_29	113	Pulse	99	8579325	237544	1
A_HP_29	113	Pulse	99	8599324	257543	1
A_HP_29	113	Pulse	99	8619404	277623	1
A_HP_29	113	Pulse	99	8639324	297543	1
A_HP_29	114	Response	3	8659325	7312	1
A_HP_29	114	Pulse	99	8659325	7312	1
A_HP_29	115	Picture	response44	8669951	10396	1	39835	1	10000	40000	hit	620
A_HP_29	115	Response	2	8678332	18777	1
A_HP_29	115	Pulse	99	8679404	19849	1
A_HP_29	115	Pulse	99	8699325	39770	1
A_HP_29	116	Pulse	99	8719325	9539	1
A_HP_29	116	Picture	response43	8720348	10562	1	39669	1	10000	40000	hit	625
A_HP_29	116	Response	1	8726633	16848	1
A_HP_29	116	Pulse	99	8739404	29619	1
A_HP_29	116	Pulse	99	8759324	49539	1
A_HP_29	117	Picture	response42	8770413	10396	1	39834	1	10000	40000	hit	629
A_HP_29	117	Response	1	8775933	15917	1
A_HP_29	117	Pulse	99	8779324	19307	1
A_HP_29	117	Pulse	99	8799404	39388	1
A_HP_29	118	Pulse	99	8819324	9078	1
A_HP_29	118	Picture	response45	8820642	10396	1	39835	1	10000	40000	hit	634
A_HP_29	118	Response	1	8827503	17257	1
A_HP_29	118	Pulse	99	8839324	29078	1
A_HP_29	118	Pulse	99	8859404	49158	1
A_HP_29	119	Picture	response46	8870873	10396	1	39835	1	10000	40000	hit	638
A_HP_29	119	Response	2	8876803	16326	1
A_HP_29	119	Pulse	99	8879404	18927	1
A_HP_29	119	Pulse	99	8899324	38847	1
A_HP_29	120	Pulse	99	8919404	8696	1
A_HP_29	120	Picture	response41	8921104	10396	1	39835	1	10000	40000	hit	643
A_HP_29	120	Response	2	8928113	17405	1
A_HP_29	120	Pulse	99	8939404	28696	1
A_HP_29	120	Pulse	99	8959324	48616	1
A_HP_29	121	Picture	response48	8971501	10562	1	39668	1	10000	40000	hit	647
A_HP_29	121	Response	1	8977573	16635	1
A_HP_29	121	Pulse	99	8979404	18466	1
A_HP_29	121	Pulse	99	8999404	38466	1
A_HP_29	122	Pulse	99	9019325	8156	1
A_HP_29	122	Picture	response47	9021564	10395	1	39835	1	10000	40000	hit	652
A_HP_29	122	Response	1	9026373	15205	1
A_HP_29	122	Pulse	99	9039404	28236	1
A_HP_29	122	Pulse	99	9059405	48236	1
A_HP_29	123	Picture	thanks	9061399	0	1	10230	1	0	10000	other	0
A_HP_29	123	Pulse	99	9079324	17925	1


Event Type	Code	Type	Response	RT	RT Uncertainty	Time	Uncertainty	Duration	Uncertainty	ReqTime	ReqDur

Picture	ready	other				359641	1	10396	1	0	10000
Picture	ins2	other				420217	1	30230	1	0	30000
Picture	response10	hit	1	23056	2	750201	1	39667	1	10000	40000
Picture	response16	hit	2	8303	2	800264	1	39835	1	10000	40000
Picture	response15	hit	2	9121	2	850496	1	39834	1	10000	40000
Picture	response9	hit	1	12642	2	900725	1	39835	1	10000	40000
Picture	response14	hit	1	18751	2	950956	1	39834	1	10000	40000
Picture	response13	hit	2	22804	2	1001352	1	39668	1	10000	40000
Picture	response11	hit	2	11900	2	1051416	1	39834	1	10000	40000
Picture	response12	hit	1	16481	2	1101647	1	40167	1	10000	40000
Picture	ins10	other				1141814	1	30229	1	0	30000
Picture	response73	hit	2	20797	2	1470201	1	39835	1	10000	40000
Picture	response80	hit	2	12205	2	1520432	1	39834	1	10000	40000
Picture	response79	hit	1	15595	2	1570662	1	39835	1	10000	40000
Picture	response78	hit	1	20975	2	1620892	1	39835	1	10000	40000
Picture	response76	hit	1	24485	2	1671122	1	39834	1	10000	40000
Picture	response75	hit	2	30778	2	1721519	1	39668	1	10000	40000
Picture	response74	hit	1	22794	2	1771583	1	39835	1	10000	40000
Picture	response77	hit	2	24663	2	1821813	1	40203	1	10000	40000
Picture	ins4	other				1862016	1	30230	1	0	30000
Picture	response32	hit	2	6865	2	2190201	1	39835	1	10000	40000
Picture	response27	hit	1	7455	2	2240432	1	39835	1	10000	40000
Picture	response31	hit	1	7434	2	2290662	1	39835	1	10000	40000
Picture	response25	hit	2	5384	2	2340892	1	39835	1	10000	40000
Picture	response29	hit	1	6913	2	2391123	1	39835	1	10000	40000
Picture	response30	hit	1	7756	2	2441520	1	39668	1	10000	40000
Picture	response28	hit	1	6512	2	2491584	1	39835	1	10000	40000
Picture	response26	hit	2	8102	2	2541814	1	40199	1	10000	40000
Picture	ins20	other				2582014	1	30230	1	0	30000
Picture	response156	hit	2	16287	2	2910200	1	39668	1	10000	40000
Picture	response154	incorrect	2	23532	2	2960264	1	39834	1	10000	40000
Picture	response157	hit	2	18833	2	3010493	1	39835	1	10000	40000
Picture	response158	hit	2	30963	2	3060723	1	39835	1	10000	40000
Picture	response153	hit	1	33382	2	3110954	1	39835	1	10000	40000
Picture	response160	hit	2	25895	2	3161351	1	39669	1	10000	40000
Picture	response159	hit	2	14840	2	3211415	1	39835	1	10000	40000
Picture	response155	hit	2	15210	2	3261645	1	40168	1	10000	40000
Picture	ins8	other				3301813	1	30229	1	0	30000
Picture	response57	incorrect	2	19946	2	3630200	1	39835	1	10000	40000
Picture	response58	hit	1	9946	2	3680430	1	39835	1	10000	40000
Picture	response60	hit	2	8725	2	3730661	1	39835	1	10000	40000
Picture	response59	hit	1	25364	2	3780891	1	39835	1	10000	40000
Picture	response63	hit	1	9583	2	3831121	1	39835	1	10000	40000
Picture	response64	hit	2	18417	2	3881518	1	39669	1	10000	40000
Picture	response62	hit	2	7294	2	3931582	1	39835	1	10000	40000
Picture	response61	hit	2	13683	2	3981813	1	40201	1	10000	40000
Picture	ins18	other				4022014	1	30229	1	0	30000
Picture	response137	hit	2	22466	2	4350200	1	39667	1	10000	40000
Picture	response143	hit	1	18383	2	4400263	1	39835	1	10000	40000
Picture	response138	hit	1	20302	2	4450493	1	39835	1	10000	40000
Picture	response144	hit	1	25711	2	4500724	1	39835	1	10000	40000
Picture	response140	hit	1	24951	2	4550954	1	39834	1	10000	40000
Picture	response142	hit	1	20054	2	4601351	1	39668	1	10000	40000
Picture	response141	hit	2	22511	2	4651414	1	39835	1	10000	40000
Picture	response139	incorrect	2	24110	2	4701645	1	40168	1	10000	40000
Picture	ins22	other				4741813	1	30229	1	0	30000
Picture	response171	incorrect	2	25336	2	5070199	1	39835	1	10000	40000
Picture	response175	hit	2	30626	2	5120429	1	39835	1	10000	40000
Picture	response170	hit	2	18055	2	5170660	1	39835	1	10000	40000
Picture	response174	hit	2	14575	2	5220890	1	39835	1	10000	40000
Picture	response176	hit	1	25245	2	5271120	1	39835	1	10000	40000
Picture	response173	hit	1	22178	2	5321517	1	39668	1	10000	40000
Picture	response169	hit	2	14954	2	5371581	1	39835	1	10000	40000
Picture	response172	incorrect	1	23503	2	5421811	1	40202	1	10000	40000
Picture	ins14	other				5462013	1	30229	1	0	30000
Picture	response112	hit	2	15466	2	5790199	1	39834	1	10000	40000
Picture	response108	hit	2	11636	2	5840429	1	39835	1	10000	40000
Picture	response110	hit	2	18496	2	5890659	1	39836	1	10000	40000
Picture	response105	hit	2	14594	2	5940890	1	39835	1	10000	40000
Picture	response109	hit	1	21784	2	5991121	1	39835	1	10000	40000
Picture	response106	hit	1	21616	2	6041518	1	39626	1	10000	40000
Picture	response107	hit	1	22575	2	6091540	1	39835	1	10000	40000
Picture	response111	hit	1	12264	2	6141770	1	40242	1	10000	40000
Picture	ins12	other				6182012	1	30229	1	0	30000
Picture	response95	incorrect	2	30455	2	6510199	1	39835	1	10000	40000
Picture	response91	hit	2	21765	2	6560429	1	39835	1	10000	40000
Picture	response94	hit	2	19355	2	6610659	1	39835	1	10000	40000
Picture	response90	hit	1	10595	2	6660889	1	39835	1	10000	40000
Picture	response89	hit	2	14994	2	6711120	1	39835	1	10000	40000
Picture	response96	hit	2	21257	2	6761517	1	39668	1	10000	40000
Picture	response93	hit	1	27154	2	6811581	1	39835	1	10000	40000
Picture	response92	hit	1	15703	2	6861811	1	40201	1	10000	40000
Picture	ins16	other				6902012	1	30229	1	0	30000
Picture	response128	hit	2	19326	2	7230198	1	39835	1	10000	40000
Picture	response127	hit	2	31225	2	7280428	1	39835	1	10000	40000
Picture	response126	hit	2	15515	2	7330659	1	39835	1	10000	40000
Picture	response121	hit	1	18124	2	7380890	1	39835	1	10000	40000
Picture	response123	hit	2	25483	2	7431120	1	39835	1	10000	40000
Picture	response125	hit	2	14587	2	7481517	1	39668	1	10000	40000
Picture	response122	hit	1	27193	2	7531580	1	39835	1	10000	40000
Picture	response124	hit	2	31363	2	7581811	1	40201	1	10000	40000
Picture	ins24	other				7622012	1	30229	1	0	30000
Picture	response189	hit	1	23386	2	7950197	1	39835	1	10000	40000
Picture	response188	hit	2	25915	2	8000428	1	39834	1	10000	40000
Picture	response190	incorrect	2	22615	2	8050659	1	39835	1	10000	40000
Picture	response192	hit	1	34853	2	8100890	1	39834	1	10000	40000
Picture	response191	incorrect	2	27653	2	8151120	1	39835	1	10000	40000
Picture	response186	hit	2	22086	2	8201517	1	39668	1	10000	40000
Picture	response185	hit	1	24012	2	8251582	1	39835	1	10000	40000
Picture	response187	hit	2	33702	2	8301811	1	40199	1	10000	40000
Picture	ins6	other				8342011	1	30229	1	0	30000
Picture	response44	hit	2	8381	2	8669951	1	39835	1	10000	40000
Picture	response43	hit	1	6286	2	8720348	1	39669	1	10000	40000
Picture	response42	hit	1	5520	2	8770413	1	39834	1	10000	40000
Picture	response45	hit	1	6861	2	8820642	1	39835	1	10000	40000
Picture	response46	hit	2	5930	2	8870873	1	39835	1	10000	40000
Picture	response41	hit	2	7009	2	8921104	1	39835	1	10000	40000
Picture	response48	hit	1	6072	2	8971501	1	39668	1	10000	40000
Picture	response47	hit	1	4809	2	9021564	1	39835	1	10000	40000
Picture	thanks	other				9061399	1	10230	1	0	10000


{
   "app": "Presentation Version 21.0 Build 06.06.19",
   "device": "LENOVO 20KHCTO1WW",
   "experiment": "{A2FC4E2A-B401-4E65-9CA9-5B09E294C871}",
   "os": "Windows 10 64 bit",
   "package": "",
   "parameters": {
      "configuration": "Default configuration"
   },
   "scenario": "Dimension experiment(2).sce",
   "subject": "A_HP_29",
   "timestamp": "2019/11/07 07:18:57 GMT"
}
