Scenario - 
Logfile written - 01/16/2020 12:41:24

Subject	Trial	Event Type	Code	Time	TTime	Uncertainty	Duration	Uncertainty	ReqTime	ReqDur	Stim Type	Pair Index

A_HP_46	1	Response	3	449404	448405	1
A_HP_46	1	Pulse	99	449404	448405	1
A_HP_46	2	Picture	ready	449463	0	1	10162	1	0	10000	other	0
A_HP_46	2	Pulse	99	469404	19941	1
A_HP_46	2	Pulse	99	489324	39861	1
A_HP_46	2	Pulse	99	509324	59861	1
A_HP_46	3	Picture	ins22	509936	130	1	30153	1	0	30000	other	0
A_HP_46	3	Pulse	99	529403	19598	1
A_HP_46	3	Pulse	99	549404	39598	1
A_HP_46	3	Pulse	99	569323	59518	1
A_HP_46	3	Pulse	99	589404	79598	1
A_HP_46	3	Pulse	99	609403	99598	1
A_HP_46	3	Pulse	99	629324	119518	1
A_HP_46	3	Pulse	99	649404	139598	1
A_HP_46	3	Pulse	99	669404	159599	1
A_HP_46	3	Pulse	99	689324	179518	1
A_HP_46	3	Pulse	99	709404	199598	1
A_HP_46	3	Pulse	99	729404	219598	1
A_HP_46	3	Pulse	99	749324	239518	1
A_HP_46	3	Pulse	99	769404	259598	1
A_HP_46	3	Pulse	99	789404	279598	1
A_HP_46	3	Pulse	99	809324	299518	1
A_HP_46	4	Response	3	829404	9442	1
A_HP_46	4	Pulse	99	829404	9442	1
A_HP_46	5	Picture	response170	839786	10329	1	39815	1	10000	40000	hit	27
A_HP_46	5	Pulse	99	849404	19946	1
A_HP_46	5	Response	2	859963	30505	1
A_HP_46	5	Pulse	99	869324	39867	1
A_HP_46	6	Pulse	99	889404	9802	1
A_HP_46	6	Picture	response169	889930	10329	1	39815	1	10000	40000	hit	31
A_HP_46	6	Response	2	908472	28871	1
A_HP_46	6	Pulse	99	909403	29802	1
A_HP_46	6	Pulse	99	929324	49722	1
A_HP_46	7	Picture	response173	940074	10329	1	39815	1	10000	40000	hit	36
A_HP_46	7	Pulse	99	949404	19658	1
A_HP_46	7	Response	1	953042	23297	1
A_HP_46	7	Pulse	99	969404	39658	1
A_HP_46	8	Pulse	99	989324	9434	1
A_HP_46	8	Picture	response172	990218	10329	1	39815	1	10000	40000	incorrect	41
A_HP_46	8	Pulse	99	1009404	29514	1
A_HP_46	8	Response	1	1011472	31583	1
A_HP_46	8	Pulse	99	1029404	49514	1
A_HP_46	9	Picture	response174	1040362	10329	1	39815	1	10000	40000	hit	45
A_HP_46	9	Pulse	99	1049325	19291	1
A_HP_46	9	Response	2	1053073	23039	1
A_HP_46	9	Pulse	99	1069404	39370	1
A_HP_46	10	Pulse	99	1089404	9226	1
A_HP_46	10	Picture	response171	1090506	10329	1	39815	1	10000	40000	hit	49
A_HP_46	10	Response	1	1108393	28215	1
A_HP_46	10	Pulse	99	1109324	29146	1
A_HP_46	10	Pulse	99	1129324	49146	1
A_HP_46	11	Picture	response175	1140650	10329	1	39815	1	10000	40000	hit	54
A_HP_46	11	Pulse	99	1149404	19082	1
A_HP_46	11	Response	2	1152553	22231	1
A_HP_46	11	Pulse	99	1169325	39003	1
A_HP_46	12	Pulse	99	1189325	8859	1
A_HP_46	12	Picture	response176	1190794	10329	1	40149	1	10000	40000	hit	59
A_HP_46	12	Pulse	99	1209404	28938	1
A_HP_46	12	Response	1	1216263	35797	1
A_HP_46	12	Pulse	99	1229324	48858	1
A_HP_46	13	Picture	ins20	1230943	137	1	30153	1	0	30000	other	0
A_HP_46	13	Pulse	99	1249324	18518	1
A_HP_46	13	Pulse	99	1269404	38598	1
A_HP_46	13	Pulse	99	1289324	58518	1
A_HP_46	13	Pulse	99	1309324	78518	1
A_HP_46	13	Pulse	99	1329404	98598	1
A_HP_46	13	Pulse	99	1349324	118518	1
A_HP_46	13	Pulse	99	1369324	138518	1
A_HP_46	13	Pulse	99	1389404	158598	1
A_HP_46	13	Pulse	99	1409324	178518	1
A_HP_46	13	Pulse	99	1429324	198518	1
A_HP_46	13	Pulse	99	1449404	218598	1
A_HP_46	13	Pulse	99	1469324	238518	1
A_HP_46	13	Pulse	99	1489324	258518	1
A_HP_46	13	Pulse	99	1509404	278598	1
A_HP_46	13	Pulse	99	1529324	298518	1
A_HP_46	14	Response	3	1549324	8355	1
A_HP_46	14	Pulse	99	1549324	8355	1
A_HP_46	15	Picture	response155	1559794	10329	1	39815	1	10000	40000	hit	81
A_HP_46	15	Pulse	99	1569404	19939	1
A_HP_46	15	Response	2	1581704	32238	1
A_HP_46	15	Pulse	99	1589324	39859	1
A_HP_46	16	Pulse	99	1609324	9715	1
A_HP_46	16	Picture	response153	1609938	10329	1	39815	1	10000	40000	hit	86
A_HP_46	16	Pulse	99	1629404	29795	1
A_HP_46	16	Response	1	1638683	39074	1
A_HP_46	16	Pulse	99	1649324	49715	1
A_HP_46	17	Picture	response157	1660082	10329	1	39815	1	10000	40000	incorrect	91
A_HP_46	17	Pulse	99	1669324	19571	1
A_HP_46	17	Pulse	99	1689404	39651	1
A_HP_46	17	Response	1	1696293	46539	1
A_HP_46	18	Pulse	99	1709324	9426	1
A_HP_46	18	Picture	response158	1710226	10329	1	39815	1	10000	40000	hit	95
A_HP_46	18	Pulse	99	1729324	29427	1
A_HP_46	18	Response	2	1737113	37216	1
A_HP_46	18	Pulse	99	1749324	49427	1
A_HP_46	19	Picture	response154	1760370	10329	1	39815	1	10000	40000	hit	99
A_HP_46	19	Pulse	99	1769324	19283	1
A_HP_46	19	Response	1	1770453	20412	1
A_HP_46	19	Pulse	99	1789324	39283	1
A_HP_46	20	Pulse	99	1809324	9139	1
A_HP_46	20	Picture	response160	1810514	10329	1	39815	1	10000	40000	hit	104
A_HP_46	20	Pulse	99	1829325	29139	1
A_HP_46	20	Response	2	1837413	37228	1
A_HP_46	20	Pulse	99	1849324	49139	1
A_HP_46	21	Picture	response159	1860658	10329	1	39815	1	10000	40000	hit	108
A_HP_46	21	Pulse	99	1869324	18995	1
A_HP_46	21	Response	2	1878453	28124	1
A_HP_46	21	Pulse	99	1889324	38995	1
A_HP_46	22	Pulse	99	1909324	8851	1
A_HP_46	22	Picture	response156	1910802	10329	1	40149	1	10000	40000	hit	113
A_HP_46	22	Pulse	99	1929324	28851	1
A_HP_46	22	Response	2	1941593	41120	1
A_HP_46	22	Pulse	99	1949324	48851	1
A_HP_46	23	Picture	ins12	1950950	144	1	30153	1	0	30000	other	0
A_HP_46	23	Pulse	99	1969324	18518	1
A_HP_46	23	Pulse	99	1989324	38518	1
A_HP_46	23	Pulse	99	2009325	58518	1
A_HP_46	23	Pulse	99	2029325	78518	1
A_HP_46	23	Pulse	99	2049324	98518	1
A_HP_46	23	Pulse	99	2069405	118598	1
A_HP_46	23	Pulse	99	2089325	138518	1
A_HP_46	23	Pulse	99	2109324	158518	1
A_HP_46	23	Pulse	99	2129405	178598	1
A_HP_46	23	Pulse	99	2149325	198518	1
A_HP_46	23	Pulse	99	2169324	218518	1
A_HP_46	23	Pulse	99	2189405	238598	1
A_HP_46	23	Pulse	99	2209324	258518	1
A_HP_46	23	Pulse	99	2229325	278518	1
A_HP_46	23	Pulse	99	2249405	298598	1
A_HP_46	24	Response	3	2269325	8348	1
A_HP_46	24	Pulse	99	2269325	8348	1
A_HP_46	25	Picture	response95	2279802	10329	1	39815	1	10000	40000	hit	135
A_HP_46	25	Pulse	99	2289325	19852	1
A_HP_46	25	Response	1	2294693	25220	1
A_HP_46	25	Pulse	99	2309325	39852	1
A_HP_46	26	Pulse	99	2329325	9708	1
A_HP_46	26	Picture	response91	2329946	10329	1	39815	1	10000	40000	hit	139
A_HP_46	26	Response	2	2343243	23626	1
A_HP_46	26	Pulse	99	2349325	29708	1
A_HP_46	26	Pulse	99	2369325	49708	1
A_HP_46	27	Picture	response96	2380090	10329	1	39815	1	10000	40000	hit	144
A_HP_46	27	Pulse	99	2389325	19564	1
A_HP_46	27	Response	2	2398493	28732	1
A_HP_46	27	Pulse	99	2409325	39564	1
A_HP_46	28	Pulse	99	2429325	9420	1
A_HP_46	28	Picture	response89	2430234	10329	1	39815	1	10000	40000	hit	149
A_HP_46	28	Pulse	99	2449325	29420	1
A_HP_46	28	Response	2	2464153	44248	1
A_HP_46	28	Pulse	99	2469325	49420	1
A_HP_46	29	Picture	response90	2480378	10329	1	39815	1	10000	40000	hit	153
A_HP_46	29	Pulse	99	2489325	19277	1
A_HP_46	29	Response	1	2496733	26684	1
A_HP_46	29	Pulse	99	2509325	39276	1
A_HP_46	30	Pulse	99	2529325	9132	1
A_HP_46	30	Picture	response93	2530522	10329	1	39815	1	10000	40000	hit	158
A_HP_46	30	Pulse	99	2549325	29132	1
A_HP_46	30	Response	1	2559113	38921	1
A_HP_46	30	Pulse	99	2569325	49132	1
A_HP_46	31	Picture	response92	2580665	10329	1	39815	1	10000	40000	hit	162
A_HP_46	31	Pulse	99	2589325	18988	1
A_HP_46	31	Response	1	2593923	23587	1
A_HP_46	31	Pulse	99	2609325	38988	1
A_HP_46	32	Pulse	99	2629325	8844	1
A_HP_46	32	Picture	response94	2630809	10329	1	40148	1	10000	40000	hit	167
A_HP_46	32	Pulse	99	2649325	28844	1
A_HP_46	32	Response	2	2654454	33973	1
A_HP_46	32	Pulse	99	2669325	48844	1
A_HP_46	33	Picture	ins10	2670958	151	1	30153	1	0	30000	other	0
A_HP_46	33	Pulse	99	2689325	18518	1
A_HP_46	33	Pulse	99	2709325	38518	1
A_HP_46	33	Pulse	99	2729325	58518	1
A_HP_46	33	Pulse	99	2749325	78518	1
A_HP_46	33	Pulse	99	2769325	98518	1
A_HP_46	33	Pulse	99	2789325	118518	1
A_HP_46	33	Pulse	99	2809325	138518	1
A_HP_46	33	Pulse	99	2829325	158518	1
A_HP_46	33	Pulse	99	2849325	178518	1
A_HP_46	33	Pulse	99	2869325	198518	1
A_HP_46	33	Pulse	99	2889325	218518	1
A_HP_46	33	Pulse	99	2909326	238520	1
A_HP_46	33	Pulse	99	2929325	258518	1
A_HP_46	33	Pulse	99	2949325	278518	1
A_HP_46	33	Pulse	99	2969325	298518	1
A_HP_46	34	Response	3	2989325	8341	1
A_HP_46	34	Pulse	99	2989325	8341	1
A_HP_46	35	Picture	response79	2999809	10329	1	39815	1	10000	40000	hit	189
A_HP_46	35	Pulse	99	3009325	19844	1
A_HP_46	35	Response	1	3010933	21453	1
A_HP_46	35	Pulse	99	3029325	39845	1
A_HP_46	36	Pulse	99	3049325	9700	1
A_HP_46	36	Picture	response74	3049953	10329	1	39815	1	10000	40000	hit	193
A_HP_46	36	Response	1	3068214	28589	1
A_HP_46	36	Pulse	99	3069325	29700	1
A_HP_46	36	Pulse	99	3089326	49701	1
A_HP_46	37	Picture	response80	3100097	10329	1	39815	1	10000	40000	hit	198
A_HP_46	37	Pulse	99	3109325	19557	1
A_HP_46	37	Response	2	3111844	22075	1
A_HP_46	37	Pulse	99	3129325	39557	1
A_HP_46	38	Pulse	99	3149325	9413	1
A_HP_46	38	Picture	response75	3150241	10329	1	39815	1	10000	40000	hit	202
A_HP_46	38	Response	2	3165274	25361	1
A_HP_46	38	Pulse	99	3169325	29413	1
A_HP_46	38	Pulse	99	3189325	49413	1
A_HP_46	39	Picture	response78	3200385	10329	1	39815	1	10000	40000	hit	207
A_HP_46	39	Pulse	99	3209325	19269	1
A_HP_46	39	Response	1	3217754	27697	1
A_HP_46	39	Pulse	99	3229325	39269	1
A_HP_46	40	Pulse	99	3249325	9125	1
A_HP_46	40	Picture	response76	3250529	10329	1	39815	1	10000	40000	hit	211
A_HP_46	40	Response	1	3263384	23184	1
A_HP_46	40	Pulse	99	3269325	29125	1
A_HP_46	40	Pulse	99	3289325	49125	1
A_HP_46	41	Picture	response77	3300673	10329	1	39815	1	10000	40000	hit	217
A_HP_46	41	Pulse	99	3309325	18981	1
A_HP_46	41	Pulse	99	3329325	38981	1
A_HP_46	41	Response	2	3334494	44149	1
A_HP_46	42	Pulse	99	3349326	8837	1
A_HP_46	42	Picture	response73	3350817	10329	1	40148	1	10000	40000	hit	220
A_HP_46	42	Response	2	3365844	25355	1
A_HP_46	42	Pulse	99	3369325	28837	1
A_HP_46	42	Pulse	99	3389325	48837	1
A_HP_46	43	Picture	ins6	3390966	58	1	30153	1	0	30000	other	0
A_HP_46	43	Pulse	99	3409325	18418	1
A_HP_46	43	Pulse	99	3429325	38418	1
A_HP_46	43	Pulse	99	3449325	58418	1
A_HP_46	43	Pulse	99	3469325	78418	1
A_HP_46	43	Pulse	99	3489325	98418	1
A_HP_46	43	Pulse	99	3509325	118418	1
A_HP_46	43	Pulse	99	3529325	138418	1
A_HP_46	43	Pulse	99	3549325	158418	1
A_HP_46	43	Pulse	99	3569325	178418	1
A_HP_46	43	Pulse	99	3589325	198418	1
A_HP_46	43	Pulse	99	3609325	218418	1
A_HP_46	43	Pulse	99	3629325	238418	1
A_HP_46	43	Pulse	99	3649325	258418	1
A_HP_46	43	Pulse	99	3669325	278418	1
A_HP_46	43	Pulse	99	3689325	298418	1
A_HP_46	44	Response	3	3709326	8334	1
A_HP_46	44	Pulse	99	3709326	8334	1
A_HP_46	45	Picture	response43	3719817	10329	1	39815	1	10000	40000	hit	243
A_HP_46	45	Pulse	99	3729325	19837	1
A_HP_46	45	Response	1	3730023	20535	1
A_HP_46	45	Pulse	99	3749325	39837	1
A_HP_46	46	Pulse	99	3769325	9693	1
A_HP_46	46	Picture	response45	3769961	10329	1	39815	1	10000	40000	hit	247
A_HP_46	46	Response	1	3775454	15822	1
A_HP_46	46	Pulse	99	3789325	29693	1
A_HP_46	46	Pulse	99	3809325	49693	1
A_HP_46	47	Picture	response41	3820105	10329	1	39815	1	10000	40000	hit	251
A_HP_46	47	Response	2	3827224	17448	1
A_HP_46	47	Pulse	99	3829325	19548	1
A_HP_46	47	Pulse	99	3849325	39549	1
A_HP_46	48	Pulse	99	3869326	9405	1
A_HP_46	48	Picture	response42	3870249	10329	1	39815	1	10000	40000	hit	256
A_HP_46	48	Response	1	3879444	19524	1
A_HP_46	48	Pulse	99	3889326	29405	1
A_HP_46	48	Pulse	99	3909325	49405	1
A_HP_46	49	Picture	response47	3920393	10329	1	39815	1	10000	40000	hit	260
A_HP_46	49	Response	1	3927905	17840	1
A_HP_46	49	Pulse	99	3929325	19261	1
A_HP_46	49	Pulse	99	3949326	39261	1
A_HP_46	50	Pulse	99	3969325	9117	1
A_HP_46	50	Picture	response44	3970537	10329	1	39815	1	10000	40000	hit	265
A_HP_46	50	Response	2	3978084	17876	1
A_HP_46	50	Pulse	99	3989326	29117	1
A_HP_46	50	Pulse	99	4009327	49118	1
A_HP_46	51	Picture	response48	4020681	10329	1	39815	1	10000	40000	hit	270
A_HP_46	51	Pulse	99	4029326	18973	1
A_HP_46	51	Response	1	4032934	22582	1
A_HP_46	51	Pulse	99	4049326	38974	1
A_HP_46	52	Pulse	99	4069326	8830	1
A_HP_46	52	Picture	response46	4070825	10329	1	40148	1	10000	40000	hit	274
A_HP_46	52	Response	2	4081274	20778	1
A_HP_46	52	Pulse	99	4089326	28830	1
A_HP_46	52	Pulse	99	4109326	48830	1
A_HP_46	53	Picture	ins2	4110973	66	1	30153	1	0	30000	other	0
A_HP_46	53	Pulse	99	4129325	18418	1
A_HP_46	53	Pulse	99	4149326	38418	1
A_HP_46	53	Pulse	99	4169326	58418	1
A_HP_46	53	Pulse	99	4189326	78418	1
A_HP_46	53	Pulse	99	4209326	98418	1
A_HP_46	53	Pulse	99	4229326	118419	1
A_HP_46	53	Pulse	99	4249326	138419	1
A_HP_46	53	Pulse	99	4269326	158418	1
A_HP_46	53	Pulse	99	4289326	178418	1
A_HP_46	53	Pulse	99	4309326	198418	1
A_HP_46	53	Pulse	99	4329326	218418	1
A_HP_46	53	Pulse	99	4349326	238418	1
A_HP_46	53	Pulse	99	4369326	258418	1
A_HP_46	53	Pulse	99	4389326	278418	1
A_HP_46	53	Pulse	99	4409326	298418	1
A_HP_46	54	Response	3	4429326	8326	1
A_HP_46	54	Pulse	99	4429326	8326	1
A_HP_46	55	Picture	response12	4439824	10329	1	39815	1	10000	40000	hit	297
A_HP_46	55	Pulse	99	4449326	19830	1
A_HP_46	55	Response	1	4457475	27979	1
A_HP_46	55	Pulse	99	4469326	39830	1
A_HP_46	56	Pulse	99	4489326	9686	1
A_HP_46	56	Picture	response10	4489968	10329	1	39815	1	10000	40000	hit	301
A_HP_46	56	Response	1	4501685	22045	1
A_HP_46	56	Pulse	99	4509326	29686	1
A_HP_46	56	Pulse	99	4529326	49686	1
A_HP_46	57	Picture	response9	4540112	10329	1	39815	1	10000	40000	hit	306
A_HP_46	57	Pulse	99	4549326	19542	1
A_HP_46	57	Response	1	4557965	28181	1
A_HP_46	57	Pulse	99	4569326	39542	1
A_HP_46	58	Pulse	99	4589326	9398	1
A_HP_46	58	Picture	response15	4590256	10329	1	39815	1	10000	40000	hit	311
A_HP_46	58	Pulse	99	4609327	29399	1
A_HP_46	58	Response	2	4611555	31627	1
A_HP_46	58	Pulse	99	4629326	49398	1
A_HP_46	59	Picture	response14	4640400	10329	1	39815	1	10000	40000	hit	315
A_HP_46	59	Pulse	99	4649326	19254	1
A_HP_46	59	Response	1	4653355	23283	1
A_HP_46	59	Pulse	99	4669326	39254	1
A_HP_46	60	Pulse	99	4689326	9111	1
A_HP_46	60	Picture	response13	4690544	10329	1	39815	1	10000	40000	hit	320
A_HP_46	60	Pulse	99	4709326	29110	1
A_HP_46	60	Response	2	4715805	35589	1
A_HP_46	60	Pulse	99	4729326	49110	1
A_HP_46	61	Picture	response11	4740688	10329	1	39815	1	10000	40000	hit	324
A_HP_46	61	Pulse	99	4749326	18966	1
A_HP_46	61	Response	2	4757715	27355	1
A_HP_46	61	Pulse	99	4769326	38966	1
A_HP_46	62	Pulse	99	4789326	8822	1
A_HP_46	62	Picture	response16	4790832	10329	1	40148	1	10000	40000	hit	328
A_HP_46	62	Response	2	4803115	22611	1
A_HP_46	62	Pulse	99	4809326	28822	1
A_HP_46	62	Pulse	99	4829326	48823	1
A_HP_46	63	Picture	ins16	4830981	73	1	30153	1	0	30000	other	0
A_HP_46	63	Pulse	99	4849326	18418	1
A_HP_46	63	Pulse	99	4869326	38418	1
A_HP_46	63	Pulse	99	4889326	58418	1
A_HP_46	63	Pulse	99	4909327	78419	1
A_HP_46	63	Pulse	99	4929326	98418	1
A_HP_46	63	Pulse	99	4949326	118418	1
A_HP_46	63	Pulse	99	4969326	138418	1
A_HP_46	63	Pulse	99	4989326	158418	1
A_HP_46	63	Pulse	99	5009326	178418	1
A_HP_46	63	Pulse	99	5029326	198418	1
A_HP_46	63	Pulse	99	5049326	218418	1
A_HP_46	63	Pulse	99	5069326	238418	1
A_HP_46	63	Pulse	99	5089326	258418	1
A_HP_46	63	Pulse	99	5109326	278418	1
A_HP_46	63	Pulse	99	5129326	298418	1
A_HP_46	64	Response	3	5149326	8319	1
A_HP_46	64	Pulse	99	5149326	8319	1
A_HP_46	65	Picture	response127	5159832	10329	1	39815	1	10000	40000	hit	351
A_HP_46	65	Pulse	99	5169327	19824	1
A_HP_46	65	Response	2	5177735	28232	1
A_HP_46	65	Pulse	99	5189326	39823	1
A_HP_46	66	Pulse	99	5209326	9679	1
A_HP_46	66	Picture	response123	5209976	10329	1	39815	1	10000	40000	incorrect	356
A_HP_46	66	Pulse	99	5229326	29679	1
A_HP_46	66	Response	1	5234645	34998	1
A_HP_46	66	Pulse	99	5249326	49679	1
A_HP_46	67	Picture	response125	5260120	10329	1	39815	1	10000	40000	hit	360
A_HP_46	67	Pulse	99	5269326	19535	1
A_HP_46	67	Response	2	5278465	28674	1
A_HP_46	67	Pulse	99	5289327	39536	1
A_HP_46	68	Pulse	99	5309326	9391	1
A_HP_46	68	Picture	response122	5310264	10329	1	39815	1	10000	40000	hit	364
A_HP_46	68	Response	1	5322405	22470	1
A_HP_46	68	Pulse	99	5329326	29391	1
A_HP_46	68	Pulse	99	5349326	49391	1
A_HP_46	69	Picture	response126	5360408	10328	1	39815	1	10000	40000	hit	369
A_HP_46	69	Pulse	99	5369326	19247	1
A_HP_46	69	Response	2	5371865	21786	1
A_HP_46	69	Pulse	99	5389326	39247	1
A_HP_46	70	Pulse	99	5409326	9103	1
A_HP_46	70	Picture	response124	5410552	10329	1	39815	1	10000	40000	hit	373
A_HP_46	70	Response	2	5422585	22362	1
A_HP_46	70	Pulse	99	5429326	29103	1
A_HP_46	70	Pulse	99	5449326	49103	1
A_HP_46	71	Picture	response121	5460696	10329	1	39815	1	10000	40000	hit	378
A_HP_46	71	Pulse	99	5469326	18959	1
A_HP_46	71	Response	1	5476935	26568	1
A_HP_46	71	Pulse	99	5489327	38960	1
A_HP_46	72	Pulse	99	5509326	8815	1
A_HP_46	72	Picture	response128	5510840	10329	1	40148	1	10000	40000	hit	382
A_HP_46	72	Response	2	5527635	27124	1
A_HP_46	72	Pulse	99	5529326	28815	1
A_HP_46	72	Pulse	99	5549326	48815	1
A_HP_46	73	Picture	ins4	5550988	80	1	30153	1	0	30000	other	0
A_HP_46	73	Pulse	99	5569327	18418	1
A_HP_46	73	Pulse	99	5589326	38418	1
A_HP_46	73	Pulse	99	5609326	58418	1
A_HP_46	73	Pulse	99	5629327	78419	1
A_HP_46	73	Pulse	99	5649326	98418	1
A_HP_46	73	Pulse	99	5669327	118419	1
A_HP_46	73	Pulse	99	5689327	138418	1
A_HP_46	73	Pulse	99	5709327	158418	1
A_HP_46	73	Pulse	99	5729326	178418	1
A_HP_46	73	Pulse	99	5749327	198418	1
A_HP_46	73	Pulse	99	5769327	218418	1
A_HP_46	73	Pulse	99	5789327	238418	1
A_HP_46	73	Pulse	99	5809326	258418	1
A_HP_46	73	Pulse	99	5829327	278418	1
A_HP_46	73	Pulse	99	5849246	298338	1
A_HP_46	74	Response	3	5869327	8312	1
A_HP_46	74	Pulse	99	5869327	8312	1
A_HP_46	75	Picture	response25	5879840	10329	1	39815	1	10000	40000	hit	405
A_HP_46	75	Pulse	99	5889327	19816	1
A_HP_46	75	Response	2	5889864	20353	1
A_HP_46	75	Pulse	99	5909247	39736	1
A_HP_46	76	Pulse	99	5929327	9672	1
A_HP_46	76	Picture	response32	5929984	10329	1	39815	1	10000	40000	hit	409
A_HP_46	76	Response	2	5938295	18640	1
A_HP_46	76	Pulse	99	5949327	29672	1
A_HP_46	76	Pulse	99	5969247	49592	1
A_HP_46	77	Picture	response29	5980128	10329	1	39815	1	10000	40000	hit	413
A_HP_46	77	Response	1	5987835	18037	1
A_HP_46	77	Pulse	99	5989326	19528	1
A_HP_46	77	Pulse	99	6009327	39528	1
A_HP_46	78	Pulse	99	6029247	9304	1
A_HP_46	78	Picture	response30	6030271	10329	1	39815	1	10000	40000	hit	418
A_HP_46	78	Response	1	6036965	17023	1
A_HP_46	78	Pulse	99	6049327	29384	1
A_HP_46	78	Pulse	99	6069327	49384	1
A_HP_46	79	Picture	response27	6080415	10329	1	39815	1	10000	40000	hit	422
A_HP_46	79	Response	1	6087415	17328	1
A_HP_46	79	Pulse	99	6089246	19159	1
A_HP_46	79	Pulse	99	6109327	39240	1
A_HP_46	80	Pulse	99	6129327	9096	1
A_HP_46	80	Picture	response31	6130560	10329	1	39815	1	10000	40000	hit	427
A_HP_46	80	Response	1	6145406	25175	1
A_HP_46	80	Pulse	99	6149247	29016	1
A_HP_46	80	Pulse	99	6169327	49096	1
A_HP_46	81	Picture	response28	6180703	10329	1	39815	1	10000	40000	hit	432
A_HP_46	81	Pulse	99	6189327	18952	1
A_HP_46	81	Response	1	6197735	27361	1
A_HP_46	81	Pulse	99	6209247	38872	1
A_HP_46	82	Pulse	99	6229327	8808	1
A_HP_46	82	Picture	response26	6230847	10329	1	40148	1	10000	40000	hit	436
A_HP_46	82	Response	2	6244036	23517	1
A_HP_46	82	Pulse	99	6249327	28808	1
A_HP_46	82	Pulse	99	6269247	48728	1
A_HP_46	83	Picture	ins8	6270996	87	1	30153	1	0	30000	other	0
A_HP_46	83	Pulse	99	6289327	18418	1
A_HP_46	83	Pulse	99	6309327	38418	1
A_HP_46	83	Pulse	99	6329327	58418	1
A_HP_46	83	Pulse	99	6349327	78418	1
A_HP_46	83	Pulse	99	6369327	98418	1
A_HP_46	83	Pulse	99	6389327	118418	1
A_HP_46	83	Pulse	99	6409327	138418	1
A_HP_46	83	Pulse	99	6429327	158419	1
A_HP_46	83	Pulse	99	6449327	178418	1
A_HP_46	83	Pulse	99	6469247	198339	1
A_HP_46	83	Pulse	99	6489327	218418	1
A_HP_46	83	Pulse	99	6509327	238418	1
A_HP_46	83	Pulse	99	6529247	258338	1
A_HP_46	83	Pulse	99	6549327	278418	1
A_HP_46	83	Pulse	99	6569327	298418	1
A_HP_46	84	Response	3	6589247	8225	1
A_HP_46	84	Pulse	99	6589247	8225	1
A_HP_46	85	Picture	response57	6599681	10329	1	39815	1	10000	40000	hit	459
A_HP_46	85	Pulse	99	6609327	19975	1
A_HP_46	85	Response	1	6619056	29704	1
A_HP_46	85	Pulse	99	6629327	39975	1
A_HP_46	86	Pulse	99	6649247	9751	1
A_HP_46	86	Picture	response60	6649825	10329	1	39815	1	10000	40000	hit	463
A_HP_46	86	Response	2	6662076	22580	1
A_HP_46	86	Pulse	99	6669327	29831	1
A_HP_46	86	Pulse	99	6689327	49831	1
A_HP_46	87	Picture	response63	6699969	10329	1	39815	1	10000	40000	hit	467
A_HP_46	87	Response	1	6707326	17686	1
A_HP_46	87	Pulse	99	6709247	19607	1
A_HP_46	87	Pulse	99	6729327	39687	1
A_HP_46	88	Pulse	99	6749327	9543	1
A_HP_46	88	Picture	response58	6750113	10329	1	39815	1	10000	40000	hit	473
A_HP_46	88	Pulse	99	6769247	29463	1
A_HP_46	88	Response	1	6776106	36322	1
A_HP_46	88	Pulse	99	6789328	49544	1
A_HP_46	89	Picture	response64	6800256	10329	1	39815	1	10000	40000	incorrect	477
A_HP_46	89	Pulse	99	6809327	19399	1
A_HP_46	89	Response	1	6815806	25878	1
A_HP_46	89	Pulse	99	6829247	39319	1
A_HP_46	90	Pulse	99	6849327	9255	1
A_HP_46	90	Picture	response59	6850401	10329	1	39815	1	10000	40000	hit	481
A_HP_46	90	Response	1	6860036	19964	1
A_HP_46	90	Pulse	99	6869328	29256	1
A_HP_46	90	Pulse	99	6889247	49175	1
A_HP_46	91	Picture	response62	6900544	10329	1	39815	1	10000	40000	hit	486
A_HP_46	91	Pulse	99	6909327	19112	1
A_HP_46	91	Response	2	6915016	24800	1
A_HP_46	91	Pulse	99	6929327	39111	1
A_HP_46	92	Pulse	99	6949247	8887	1
A_HP_46	92	Picture	response61	6950688	10329	1	40149	1	10000	40000	hit	490
A_HP_46	92	Response	2	6964176	23816	1
A_HP_46	92	Pulse	99	6969327	28967	1
A_HP_46	92	Pulse	99	6989327	48968	1
A_HP_46	93	Picture	ins18	6990837	128	1	30153	1	0	30000	other	0
A_HP_46	93	Pulse	99	7009247	18538	1
A_HP_46	93	Pulse	99	7029247	38538	1
A_HP_46	93	Pulse	99	7049327	58618	1
A_HP_46	93	Pulse	99	7069247	78538	1
A_HP_46	93	Pulse	99	7089247	98538	1
A_HP_46	93	Pulse	99	7109327	118618	1
A_HP_46	93	Pulse	99	7129247	138538	1
A_HP_46	93	Pulse	99	7149247	158538	1
A_HP_46	93	Pulse	99	7169327	178618	1
A_HP_46	93	Pulse	99	7189247	198538	1
A_HP_46	93	Pulse	99	7209247	218538	1
A_HP_46	93	Pulse	99	7229327	238618	1
A_HP_46	93	Pulse	99	7249247	258538	1
A_HP_46	93	Pulse	99	7269247	278538	1
A_HP_46	93	Pulse	99	7289327	298618	1
A_HP_46	94	Response	3	7309247	8384	1
A_HP_46	94	Pulse	99	7309247	8384	1
A_HP_46	95	Picture	response144	7319688	10329	1	39815	1	10000	40000	hit	513
A_HP_46	95	Pulse	99	7329248	19888	1
A_HP_46	95	Response	1	7346796	37437	1
A_HP_46	95	Pulse	99	7349327	39968	1
A_HP_46	96	Pulse	99	7369247	9744	1
A_HP_46	96	Picture	response137	7369832	10329	1	39815	1	10000	40000	hit	518
A_HP_46	96	Pulse	99	7389248	29744	1
A_HP_46	96	Response	2	7401406	41903	1
A_HP_46	96	Pulse	99	7409327	49824	1
A_HP_46	97	Picture	response139	7419976	10329	1	39815	1	10000	40000	hit	522
A_HP_46	97	Pulse	99	7429248	19600	1
A_HP_46	97	Response	1	7431756	22109	1
A_HP_46	97	Pulse	99	7449247	39600	1
A_HP_46	98	Pulse	99	7469327	9536	1
A_HP_46	98	Picture	response138	7470120	10329	1	39815	1	10000	40000	hit	527
A_HP_46	98	Pulse	99	7489247	29456	1
A_HP_46	98	Response	1	7489985	30194	1
A_HP_46	98	Pulse	99	7509248	49456	1
A_HP_46	99	Picture	response141	7520264	10329	1	39815	1	10000	40000	hit	532
A_HP_46	99	Pulse	99	7529327	19392	1
A_HP_46	99	Pulse	99	7549247	39312	1
A_HP_46	99	Response	2	7550676	40740	1
A_HP_46	100	Pulse	99	7569248	9168	1
A_HP_46	100	Picture	response143	7570408	10329	1	39815	1	10000	40000	hit	535
A_HP_46	100	Response	1	7584816	24737	1
A_HP_46	100	Pulse	99	7589328	29248	1
A_HP_46	100	Pulse	99	7609248	49168	1
A_HP_46	101	Picture	response142	7620552	10329	1	39815	1	10000	40000	hit	540
A_HP_46	101	Pulse	99	7629248	19024	1
A_HP_46	101	Response	1	7634896	24673	1
A_HP_46	101	Pulse	99	7649247	39024	1
A_HP_46	102	Pulse	99	7669327	8960	1
A_HP_46	102	Picture	response140	7670696	10329	1	40149	1	10000	40000	hit	545
A_HP_46	102	Pulse	99	7689248	28880	1
A_HP_46	102	Response	1	7690906	30539	1
A_HP_46	102	Pulse	99	7709248	48880	1
A_HP_46	103	Picture	ins24	7710845	135	1	30153	1	0	30000	other	0
A_HP_46	103	Pulse	99	7729327	18618	1
A_HP_46	103	Pulse	99	7749248	38538	1
A_HP_46	103	Pulse	99	7769248	58538	1
A_HP_46	103	Pulse	99	7789328	78618	1
A_HP_46	103	Pulse	99	7809248	98538	1
A_HP_46	103	Pulse	99	7829248	118538	1
A_HP_46	103	Pulse	99	7849328	138618	1
A_HP_46	103	Pulse	99	7869248	158538	1
A_HP_46	103	Pulse	99	7889248	178538	1
A_HP_46	103	Pulse	99	7909328	198618	1
A_HP_46	103	Pulse	99	7929248	218538	1
A_HP_46	103	Pulse	99	7949248	238538	1
A_HP_46	103	Pulse	99	7969328	258618	1
A_HP_46	103	Pulse	99	7989249	278539	1
A_HP_46	103	Pulse	99	8009248	298538	1
A_HP_46	104	Response	3	8029328	8457	1
A_HP_46	104	Pulse	99	8029328	8457	1
A_HP_46	105	Picture	response188	8039696	10329	1	39815	1	10000	40000	hit	567
A_HP_46	105	Pulse	99	8049248	19881	1
A_HP_46	105	Response	2	8055797	26430	1
A_HP_46	105	Pulse	99	8069248	39881	1
A_HP_46	106	Pulse	99	8089328	9817	1
A_HP_46	106	Picture	response189	8089840	10329	1	39815	1	10000	40000	hit	571
A_HP_46	106	Response	1	8103677	24166	1
A_HP_46	106	Pulse	99	8109248	29737	1
A_HP_46	106	Pulse	99	8129248	49737	1
A_HP_46	107	Picture	response192	8139984	10329	1	39815	1	10000	40000	miss	0
A_HP_46	107	Pulse	99	8149328	19673	1
A_HP_46	107	Pulse	99	8169248	39593	1
A_HP_46	108	Pulse	99	8189248	9449	1
A_HP_46	108	Picture	response186	8190128	10329	1	39815	1	10000	40000	hit	580
A_HP_46	108	Pulse	99	8209328	29529	1
A_HP_46	108	Response	2	8211277	31478	1
A_HP_46	108	Pulse	99	8229248	49449	1
A_HP_46	109	Picture	response185	8240272	10329	1	39815	1	10000	40000	hit	584
A_HP_46	109	Pulse	99	8249248	19305	1
A_HP_46	109	Response	1	8260857	30914	1
A_HP_46	109	Pulse	99	8269248	39305	1
A_HP_46	110	Pulse	99	8289248	9161	1
A_HP_46	110	Picture	response187	8290416	10329	1	39815	1	10000	40000	hit	588
A_HP_46	110	Response	2	8303427	23340	1
A_HP_46	110	Pulse	99	8309248	29161	1
A_HP_46	110	Pulse	99	8329248	49161	1
A_HP_46	111	Picture	response191	8340560	10329	1	39815	1	10000	40000	hit	593
A_HP_46	111	Pulse	99	8349248	19017	1
A_HP_46	111	Response	1	8352327	22096	1
A_HP_46	111	Pulse	99	8369248	39017	1
A_HP_46	112	Pulse	99	8389248	8873	1
A_HP_46	112	Picture	response190	8390704	10329	1	40149	1	10000	40000	hit	598
A_HP_46	112	Pulse	99	8409248	28873	1
A_HP_46	112	Response	1	8415647	35272	1
A_HP_46	112	Pulse	99	8429248	48874	1
A_HP_46	113	Picture	ins14	8430852	142	1	30153	1	0	30000	other	0
A_HP_46	113	Pulse	99	8449248	18538	1
A_HP_46	113	Pulse	99	8469248	38538	1
A_HP_46	113	Pulse	99	8489248	58538	1
A_HP_46	113	Pulse	99	8509248	78538	1
A_HP_46	113	Pulse	99	8529248	98538	1
A_HP_46	113	Pulse	99	8549248	118538	1
A_HP_46	113	Pulse	99	8569248	138538	1
A_HP_46	113	Pulse	99	8589248	158538	1
A_HP_46	113	Pulse	99	8609248	178538	1
A_HP_46	113	Pulse	99	8629248	198538	1
A_HP_46	113	Pulse	99	8649248	218538	1
A_HP_46	113	Pulse	99	8669248	238538	1
A_HP_46	113	Pulse	99	8689248	258538	1
A_HP_46	113	Pulse	99	8709248	278538	1
A_HP_46	113	Pulse	99	8729248	298538	1
A_HP_46	114	Response	3	8749248	8370	1
A_HP_46	114	Pulse	99	8749248	8370	1
A_HP_46	115	Picture	response106	8759703	10329	1	39815	1	10000	40000	hit	620
A_HP_46	115	Pulse	99	8769248	19874	1
A_HP_46	115	Response	1	8769286	19912	1
A_HP_46	115	Pulse	99	8789248	39874	1
A_HP_46	116	Pulse	99	8809248	9730	1
A_HP_46	116	Picture	response105	8809847	10329	1	39815	1	10000	40000	hit	624
A_HP_46	116	Response	2	8828707	29188	1
A_HP_46	116	Pulse	99	8829248	29729	1
A_HP_46	116	Pulse	99	8849248	49729	1
A_HP_46	117	Picture	response108	8859991	10329	1	39815	1	10000	40000	hit	629
A_HP_46	117	Pulse	99	8869248	19586	1
A_HP_46	117	Response	2	8875427	25765	1
A_HP_46	117	Pulse	99	8889248	39586	1
A_HP_46	118	Pulse	99	8909248	9442	1
A_HP_46	118	Picture	response112	8910135	10329	1	39815	1	10000	40000	hit	633
A_HP_46	118	Response	2	8927417	27611	1
A_HP_46	118	Pulse	99	8929247	29441	1
A_HP_46	118	Pulse	99	8949248	49442	1
A_HP_46	119	Picture	response109	8960279	10329	1	39815	1	10000	40000	hit	638
A_HP_46	119	Pulse	99	8969248	19298	1
A_HP_46	119	Response	1	8970847	20896	1
A_HP_46	119	Pulse	99	8989248	39298	1
A_HP_46	120	Pulse	99	9009249	9154	1
A_HP_46	120	Picture	response110	9010423	10329	1	39815	1	10000	40000	hit	643
A_HP_46	120	Pulse	99	9029248	29154	1
A_HP_46	120	Response	2	9033887	33793	1
A_HP_46	120	Pulse	99	9049248	49154	1
A_HP_46	121	Picture	response107	9060567	10329	1	39815	1	10000	40000	hit	647
A_HP_46	121	Pulse	99	9069248	19010	1
A_HP_46	121	Response	1	9084547	34309	1
A_HP_46	121	Pulse	99	9089248	39010	1
A_HP_46	122	Pulse	99	9109248	8866	1
A_HP_46	122	Picture	response111	9110711	10329	1	39815	1	10000	40000	hit	651
A_HP_46	122	Response	1	9125457	25075	1
A_HP_46	122	Pulse	99	9129248	28866	1
A_HP_46	122	Pulse	99	9149248	48866	1
A_HP_46	123	Picture	thanks	9150527	0	1	10162	1	0	10000	other	0
A_HP_46	123	Pulse	99	9169248	18722	1


Event Type	Code	Type	Response	RT	RT Uncertainty	Time	Uncertainty	Duration	Uncertainty	ReqTime	ReqDur

Picture	ready	other				449463	1	10162	1	0	10000
Picture	ins22	other				509936	1	30153	1	0	30000
Picture	response170	hit	2	20176	2	839786	1	39815	1	10000	40000
Picture	response169	hit	2	18542	2	889930	1	39815	1	10000	40000
Picture	response173	hit	1	12968	2	940074	1	39815	1	10000	40000
Picture	response172	incorrect	1	21254	2	990218	1	39815	1	10000	40000
Picture	response174	hit	2	12710	2	1040362	1	39815	1	10000	40000
Picture	response171	hit	1	17886	2	1090506	1	39815	1	10000	40000
Picture	response175	hit	2	11902	2	1140650	1	39815	1	10000	40000
Picture	response176	hit	1	25468	2	1190794	1	40149	1	10000	40000
Picture	ins20	other				1230943	1	30153	1	0	30000
Picture	response155	hit	2	21910	2	1559794	1	39815	1	10000	40000
Picture	response153	hit	1	28745	2	1609938	1	39815	1	10000	40000
Picture	response157	incorrect	1	36211	2	1660082	1	39815	1	10000	40000
Picture	response158	hit	2	26887	2	1710226	1	39815	1	10000	40000
Picture	response154	hit	1	10083	2	1760370	1	39815	1	10000	40000
Picture	response160	hit	2	26899	2	1810514	1	39815	1	10000	40000
Picture	response159	hit	2	17795	2	1860658	1	39815	1	10000	40000
Picture	response156	hit	2	30791	2	1910802	1	40149	1	10000	40000
Picture	ins12	other				1950950	1	30153	1	0	30000
Picture	response95	hit	1	14892	2	2279802	1	39815	1	10000	40000
Picture	response91	hit	2	13298	2	2329946	1	39815	1	10000	40000
Picture	response96	hit	2	18404	2	2380090	1	39815	1	10000	40000
Picture	response89	hit	2	33920	2	2430234	1	39815	1	10000	40000
Picture	response90	hit	1	16356	2	2480378	1	39815	1	10000	40000
Picture	response93	hit	1	28592	2	2530522	1	39815	1	10000	40000
Picture	response92	hit	1	13258	2	2580665	1	39815	1	10000	40000
Picture	response94	hit	2	23644	2	2630809	1	40148	1	10000	40000
Picture	ins10	other				2670958	1	30153	1	0	30000
Picture	response79	hit	1	11124	2	2999809	1	39815	1	10000	40000
Picture	response74	hit	1	18261	2	3049953	1	39815	1	10000	40000
Picture	response80	hit	2	11746	2	3100097	1	39815	1	10000	40000
Picture	response75	hit	2	15033	2	3150241	1	39815	1	10000	40000
Picture	response78	hit	1	17369	2	3200385	1	39815	1	10000	40000
Picture	response76	hit	1	12855	2	3250529	1	39815	1	10000	40000
Picture	response77	hit	2	33821	2	3300673	1	39815	1	10000	40000
Picture	response73	hit	2	15027	2	3350817	1	40148	1	10000	40000
Picture	ins6	other				3390966	1	30153	1	0	30000
Picture	response43	hit	1	10207	2	3719817	1	39815	1	10000	40000
Picture	response45	hit	1	5493	2	3769961	1	39815	1	10000	40000
Picture	response41	hit	2	7119	2	3820105	1	39815	1	10000	40000
Picture	response42	hit	1	9195	2	3870249	1	39815	1	10000	40000
Picture	response47	hit	1	7512	2	3920393	1	39815	1	10000	40000
Picture	response44	hit	2	7548	2	3970537	1	39815	1	10000	40000
Picture	response48	hit	1	12254	2	4020681	1	39815	1	10000	40000
Picture	response46	hit	2	10450	2	4070825	1	40148	1	10000	40000
Picture	ins2	other				4110973	1	30153	1	0	30000
Picture	response12	hit	1	17651	2	4439824	1	39815	1	10000	40000
Picture	response10	hit	1	11717	2	4489968	1	39815	1	10000	40000
Picture	response9	hit	1	17852	2	4540112	1	39815	1	10000	40000
Picture	response15	hit	2	21298	2	4590256	1	39815	1	10000	40000
Picture	response14	hit	1	12954	2	4640400	1	39815	1	10000	40000
Picture	response13	hit	2	25260	2	4690544	1	39815	1	10000	40000
Picture	response11	hit	2	17027	2	4740688	1	39815	1	10000	40000
Picture	response16	hit	2	12282	2	4790832	1	40148	1	10000	40000
Picture	ins16	other				4830981	1	30153	1	0	30000
Picture	response127	hit	2	17903	2	5159832	1	39815	1	10000	40000
Picture	response123	incorrect	1	24669	2	5209976	1	39815	1	10000	40000
Picture	response125	hit	2	18345	2	5260120	1	39815	1	10000	40000
Picture	response122	hit	1	12141	2	5310264	1	39815	1	10000	40000
Picture	response126	hit	2	11457	2	5360408	1	39815	1	10000	40000
Picture	response124	hit	2	12034	2	5410552	1	39815	1	10000	40000
Picture	response121	hit	1	16239	2	5460696	1	39815	1	10000	40000
Picture	response128	hit	2	16795	2	5510840	1	40148	1	10000	40000
Picture	ins4	other				5550988	1	30153	1	0	30000
Picture	response25	hit	2	10025	2	5879840	1	39815	1	10000	40000
Picture	response32	hit	2	8312	2	5929984	1	39815	1	10000	40000
Picture	response29	hit	1	7708	2	5980128	1	39815	1	10000	40000
Picture	response30	hit	1	6694	2	6030271	1	39815	1	10000	40000
Picture	response27	hit	1	7000	2	6080415	1	39815	1	10000	40000
Picture	response31	hit	1	14846	2	6130560	1	39815	1	10000	40000
Picture	response28	hit	1	17032	2	6180703	1	39815	1	10000	40000
Picture	response26	hit	2	13188	2	6230847	1	40148	1	10000	40000
Picture	ins8	other				6270996	1	30153	1	0	30000
Picture	response57	hit	1	19375	2	6599681	1	39815	1	10000	40000
Picture	response60	hit	2	12251	2	6649825	1	39815	1	10000	40000
Picture	response63	hit	1	7358	2	6699969	1	39815	1	10000	40000
Picture	response58	hit	1	25994	2	6750113	1	39815	1	10000	40000
Picture	response64	incorrect	1	15550	2	6800256	1	39815	1	10000	40000
Picture	response59	hit	1	9635	2	6850401	1	39815	1	10000	40000
Picture	response62	hit	2	14472	2	6900544	1	39815	1	10000	40000
Picture	response61	hit	2	13488	2	6950688	1	40149	1	10000	40000
Picture	ins18	other				6990837	1	30153	1	0	30000
Picture	response144	hit	1	27108	2	7319688	1	39815	1	10000	40000
Picture	response137	hit	2	31574	2	7369832	1	39815	1	10000	40000
Picture	response139	hit	1	11780	2	7419976	1	39815	1	10000	40000
Picture	response138	hit	1	19865	2	7470120	1	39815	1	10000	40000
Picture	response141	hit	2	30412	2	7520264	1	39815	1	10000	40000
Picture	response143	hit	1	14408	2	7570408	1	39815	1	10000	40000
Picture	response142	hit	1	14344	2	7620552	1	39815	1	10000	40000
Picture	response140	hit	1	20210	2	7670696	1	40149	1	10000	40000
Picture	ins24	other				7710845	1	30153	1	0	30000
Picture	response188	hit	2	16101	2	8039696	1	39815	1	10000	40000
Picture	response189	hit	1	13837	2	8089840	1	39815	1	10000	40000
Picture	response192	miss				8139984	1	39815	1	10000	40000
Picture	response186	hit	2	21149	2	8190128	1	39815	1	10000	40000
Picture	response185	hit	1	20585	2	8240272	1	39815	1	10000	40000
Picture	response187	hit	2	13011	2	8290416	1	39815	1	10000	40000
Picture	response191	hit	1	11767	2	8340560	1	39815	1	10000	40000
Picture	response190	hit	1	24943	2	8390704	1	40149	1	10000	40000
Picture	ins14	other				8430852	1	30153	1	0	30000
Picture	response106	hit	1	9583	2	8759703	1	39815	1	10000	40000
Picture	response105	hit	2	18860	2	8809847	1	39815	1	10000	40000
Picture	response108	hit	2	15436	2	8859991	1	39815	1	10000	40000
Picture	response112	hit	2	17282	2	8910135	1	39815	1	10000	40000
Picture	response109	hit	1	10567	2	8960279	1	39815	1	10000	40000
Picture	response110	hit	2	23464	2	9010423	1	39815	1	10000	40000
Picture	response107	hit	1	23980	2	9060567	1	39815	1	10000	40000
Picture	response111	hit	1	14746	2	9110711	1	39815	1	10000	40000
Picture	thanks	other				9150527	1	10162	1	0	10000


{
   "app": "Presentation Version 21.1 Build 09.05.19",
   "device": "LENOVO 20FBCTO1WW",
   "experiment": "{A2FC4E2A-B401-4E65-9CA9-5B09E294C871}",
   "os": "Windows 10 64 bit",
   "package": "",
   "parameters": {
      "configuration": "Default configuration"
   },
   "scenario": "Dimension experiment(2).sce",
   "subject": "A_HP_46",
   "timestamp": "2020/01/16 03:25:55 GMT"
}
