Scenario - 
Logfile written - 11/22/2019 16:16:54

Subject	Trial	Event Type	Code	Time	TTime	Uncertainty	Duration	Uncertainty	ReqTime	ReqDur	Stim Type	Pair Index

A_HP_35	1	Response	3	258398	257399	1
A_HP_35	1	Pulse	99	258398	257399	1
A_HP_35	2	Picture	ready	258630	0	1	10396	1	0	10000	other	0
A_HP_35	2	Pulse	99	278398	19768	1
A_HP_35	2	Pulse	99	298398	39768	1
A_HP_35	2	Pulse	99	318398	59768	1
A_HP_35	3	Picture	ins6	319260	232	1	30230	1	0	30000	other	0
A_HP_35	3	Pulse	99	338398	19370	1
A_HP_35	3	Pulse	99	358398	39370	1
A_HP_35	3	Pulse	99	378398	59370	1
A_HP_35	3	Pulse	99	398398	79370	1
A_HP_35	3	Pulse	99	418398	99370	1
A_HP_35	3	Pulse	99	438398	119370	1
A_HP_35	3	Pulse	99	458398	139370	1
A_HP_35	3	Pulse	99	478398	159370	1
A_HP_35	3	Pulse	99	498398	179370	1
A_HP_35	3	Pulse	99	518398	199370	1
A_HP_35	3	Pulse	99	538398	219370	1
A_HP_35	3	Pulse	99	558398	239370	1
A_HP_35	3	Pulse	99	578398	259370	1
A_HP_35	3	Pulse	99	598398	279370	1
A_HP_35	3	Pulse	99	618398	299370	1
A_HP_35	4	Response	3	638398	9140	1
A_HP_35	4	Pulse	99	638398	9140	1
A_HP_35	5	Picture	response47	649191	10562	1	39834	1	10000	40000	hit	26
A_HP_35	5	Response	1	655217	16588	1
A_HP_35	5	Pulse	99	658397	19769	1
A_HP_35	5	Pulse	99	678398	39770	1
A_HP_35	6	Pulse	99	698398	9374	1
A_HP_35	6	Picture	response45	699420	10395	1	39835	1	10000	40000	hit	31
A_HP_35	6	Response	1	707337	18312	1
A_HP_35	6	Pulse	99	718398	29373	1
A_HP_35	6	Pulse	99	738398	49374	1
A_HP_35	7	Picture	response48	749651	10396	1	39834	1	10000	40000	hit	35
A_HP_35	7	Response	1	757817	18562	1
A_HP_35	7	Pulse	99	758398	19143	1
A_HP_35	7	Pulse	99	778398	39143	1
A_HP_35	8	Pulse	99	798398	8913	1
A_HP_35	8	Picture	response42	799881	10396	1	39834	1	10000	40000	hit	40
A_HP_35	8	Response	1	809487	20002	1
A_HP_35	8	Pulse	99	818398	28913	1
A_HP_35	8	Pulse	99	838398	48913	1
A_HP_35	9	Picture	response44	850111	10395	1	39836	1	10000	40000	hit	45
A_HP_35	9	Pulse	99	858398	18682	1
A_HP_35	9	Response	2	858486	18771	1
A_HP_35	9	Pulse	99	878398	38682	1
A_HP_35	10	Pulse	99	898398	8451	1
A_HP_35	10	Picture	response46	900509	10563	1	39667	1	10000	40000	hit	49
A_HP_35	10	Response	2	911337	21390	1
A_HP_35	10	Pulse	99	918397	28451	1
A_HP_35	10	Pulse	99	938398	48451	1
A_HP_35	11	Picture	response41	950572	10395	1	39835	1	10000	40000	hit	54
A_HP_35	11	Pulse	99	958398	18221	1
A_HP_35	11	Response	2	974107	33931	1
A_HP_35	11	Pulse	99	978398	38221	1
A_HP_35	12	Pulse	99	998398	7992	1
A_HP_35	12	Picture	response43	1000801	10395	1	40157	1	10000	40000	hit	58
A_HP_35	12	Response	1	1014226	23820	1
A_HP_35	12	Pulse	99	1018398	27991	1
A_HP_35	12	Pulse	99	1038398	47992	1
A_HP_35	13	Picture	ins4	1040958	231	1	30229	1	0	30000	other	0
A_HP_35	13	Pulse	99	1058398	17670	1
A_HP_35	13	Pulse	99	1078398	37670	1
A_HP_35	13	Pulse	99	1098398	57670	1
A_HP_35	13	Pulse	99	1118398	77670	1
A_HP_35	13	Pulse	99	1138398	97670	1
A_HP_35	13	Pulse	99	1158399	117672	1
A_HP_35	13	Pulse	99	1178398	137670	1
A_HP_35	13	Pulse	99	1198398	157670	1
A_HP_35	13	Pulse	99	1218398	177670	1
A_HP_35	13	Pulse	99	1238398	197670	1
A_HP_35	13	Pulse	99	1258397	217670	1
A_HP_35	13	Pulse	99	1278398	237670	1
A_HP_35	13	Pulse	99	1298398	257671	1
A_HP_35	13	Pulse	99	1318398	277670	1
A_HP_35	13	Pulse	99	1338398	297671	1
A_HP_35	14	Response	3	1358398	7440	1
A_HP_35	14	Pulse	99	1358398	7440	1
A_HP_35	15	Picture	response25	1369358	10729	1	39668	1	10000	40000	hit	80
A_HP_35	15	Response	2	1376296	17668	1
A_HP_35	15	Pulse	99	1378398	19769	1
A_HP_35	15	Pulse	99	1398398	39769	1
A_HP_35	16	Pulse	99	1418398	9372	1
A_HP_35	16	Picture	response27	1419421	10396	1	39835	1	10000	40000	hit	85
A_HP_35	16	Response	1	1428917	19891	1
A_HP_35	16	Pulse	99	1438398	29372	1
A_HP_35	16	Pulse	99	1458398	49372	1
A_HP_35	17	Picture	response29	1469651	10395	1	39835	1	10000	40000	hit	90
A_HP_35	17	Pulse	99	1478398	19142	1
A_HP_35	17	Response	1	1478676	19420	1
A_HP_35	17	Pulse	99	1498398	39142	1
A_HP_35	18	Pulse	99	1518398	8912	1
A_HP_35	18	Picture	response30	1519882	10396	1	39834	1	10000	40000	hit	94
A_HP_35	18	Response	1	1528197	18711	1
A_HP_35	18	Pulse	99	1538398	28912	1
A_HP_35	18	Pulse	99	1558398	48912	1
A_HP_35	19	Picture	response31	1570112	10396	1	39835	1	10000	40000	hit	98
A_HP_35	19	Response	1	1578076	18360	1
A_HP_35	19	Pulse	99	1578397	18680	1
A_HP_35	19	Pulse	99	1598398	38682	1
A_HP_35	20	Pulse	99	1618398	8451	1
A_HP_35	20	Picture	response32	1620509	10562	1	39668	1	10000	40000	hit	103
A_HP_35	20	Response	2	1629196	19250	1
A_HP_35	20	Pulse	99	1638397	28451	1
A_HP_35	20	Pulse	99	1658397	48451	1
A_HP_35	21	Picture	response28	1670572	10396	1	39834	1	10000	40000	hit	108
A_HP_35	21	Pulse	99	1678397	18221	1
A_HP_35	21	Response	1	1678786	18609	1
A_HP_35	21	Pulse	99	1698397	38221	1
A_HP_35	22	Pulse	99	1718397	7991	1
A_HP_35	22	Picture	response26	1720802	10395	1	40158	1	10000	40000	hit	112
A_HP_35	22	Response	2	1728527	18120	1
A_HP_35	22	Pulse	99	1738398	27991	1
A_HP_35	22	Pulse	99	1758398	47991	1
A_HP_35	23	Picture	ins12	1760960	232	1	30229	1	0	30000	other	0
A_HP_35	23	Pulse	99	1778398	17670	1
A_HP_35	23	Pulse	99	1798398	37670	1
A_HP_35	23	Pulse	99	1818398	57670	1
A_HP_35	23	Pulse	99	1838398	77670	1
A_HP_35	23	Pulse	99	1858398	97670	1
A_HP_35	23	Pulse	99	1878397	117669	1
A_HP_35	23	Pulse	99	1898397	137669	1
A_HP_35	23	Pulse	99	1918398	157670	1
A_HP_35	23	Pulse	99	1938398	177670	1
A_HP_35	23	Pulse	99	1958397	197669	1
A_HP_35	23	Pulse	99	1978398	217670	1
A_HP_35	23	Pulse	99	1998397	237669	1
A_HP_35	23	Pulse	99	2018397	257669	1
A_HP_35	23	Pulse	99	2038397	277669	1
A_HP_35	23	Pulse	99	2058397	297669	1
A_HP_35	24	Response	3	2078397	7439	1
A_HP_35	24	Pulse	99	2078397	7439	1
A_HP_35	25	Picture	response93	2089357	10729	1	39668	1	10000	40000	incorrect	135
A_HP_35	25	Pulse	99	2098398	19769	1
A_HP_35	25	Response	2	2115076	36448	1
A_HP_35	25	Pulse	99	2118397	39768	1
A_HP_35	26	Pulse	99	2138398	9372	1
A_HP_35	26	Picture	response92	2139421	10396	1	39834	1	10000	40000	hit	139
A_HP_35	26	Response	1	2157476	28451	1
A_HP_35	26	Pulse	99	2158398	29372	1
A_HP_35	26	Pulse	99	2178397	49372	1
A_HP_35	27	Picture	response95	2189651	10396	1	39835	1	10000	40000	incorrect	144
A_HP_35	27	Pulse	99	2198398	19142	1
A_HP_35	27	Response	2	2203766	24510	1
A_HP_35	27	Pulse	99	2218398	39142	1
A_HP_35	28	Pulse	99	2238398	8912	1
A_HP_35	28	Picture	response90	2239882	10396	1	39834	1	10000	40000	hit	148
A_HP_35	28	Response	1	2255156	25670	1
A_HP_35	28	Pulse	99	2258397	28911	1
A_HP_35	28	Pulse	99	2278397	48911	1
A_HP_35	29	Picture	response89	2290111	10396	1	39835	1	10000	40000	hit	153
A_HP_35	29	Pulse	99	2298397	18681	1
A_HP_35	29	Response	2	2317326	37610	1
A_HP_35	29	Pulse	99	2318397	38681	1
A_HP_35	30	Pulse	99	2338397	8451	1
A_HP_35	30	Picture	response94	2340508	10562	1	39669	1	10000	40000	hit	158
A_HP_35	30	Pulse	99	2358397	28451	1
A_HP_35	30	Response	2	2363976	34029	1
A_HP_35	30	Pulse	99	2378397	48451	1
A_HP_35	31	Picture	response91	2390573	10396	1	39834	1	10000	40000	hit	162
A_HP_35	31	Pulse	99	2398399	18222	1
A_HP_35	31	Response	2	2416906	36729	1
A_HP_35	31	Pulse	99	2418396	38219	1
A_HP_35	32	Pulse	99	2438398	7990	1
A_HP_35	32	Picture	response96	2440803	10396	1	40154	1	10000	40000	hit	167
A_HP_35	32	Pulse	99	2458398	27990	1
A_HP_35	32	Response	2	2464226	33818	1
A_HP_35	32	Pulse	99	2478398	47990	1
A_HP_35	33	Picture	ins16	2480957	230	1	30229	1	0	30000	other	0
A_HP_35	33	Pulse	99	2498398	17670	1
A_HP_35	33	Pulse	99	2518397	37670	1
A_HP_35	33	Pulse	99	2538398	57670	1
A_HP_35	33	Pulse	99	2558398	77670	1
A_HP_35	33	Pulse	99	2578398	97670	1
A_HP_35	33	Pulse	99	2598397	117669	1
A_HP_35	33	Pulse	99	2618397	137670	1
A_HP_35	33	Pulse	99	2638397	157669	1
A_HP_35	33	Pulse	99	2658398	177670	1
A_HP_35	33	Pulse	99	2678397	197669	1
A_HP_35	33	Pulse	99	2698397	217670	1
A_HP_35	33	Pulse	99	2718397	237669	1
A_HP_35	33	Pulse	99	2738397	257669	1
A_HP_35	33	Pulse	99	2758397	277669	1
A_HP_35	33	Pulse	99	2778397	297669	1
A_HP_35	34	Response	3	2798397	7439	1
A_HP_35	34	Pulse	99	2798397	7439	1
A_HP_35	35	Picture	response126	2809356	10729	1	39669	1	10000	40000	hit	189
A_HP_35	35	Pulse	99	2818397	19770	1
A_HP_35	35	Response	2	2838086	39459	1
A_HP_35	35	Pulse	99	2838397	39769	1
A_HP_35	36	Pulse	99	2858397	9372	1
A_HP_35	36	Picture	response121	2859421	10396	1	39835	1	10000	40000	hit	193
A_HP_35	36	Response	1	2870066	21041	1
A_HP_35	36	Pulse	99	2878397	29372	1
A_HP_35	36	Pulse	99	2898397	49372	1
A_HP_35	37	Picture	response124	2909652	10396	1	39835	1	10000	40000	hit	198
A_HP_35	37	Pulse	99	2918397	19141	1
A_HP_35	37	Response	2	2937726	38470	1
A_HP_35	37	Pulse	99	2938397	39141	1
A_HP_35	38	Pulse	99	2958396	8910	1
A_HP_35	38	Picture	response125	2959882	10396	1	39835	1	10000	40000	hit	202
A_HP_35	38	Response	2	2977986	28499	1
A_HP_35	38	Pulse	99	2978396	28910	1
A_HP_35	38	Pulse	99	2998398	48911	1
A_HP_35	39	Picture	response128	3010113	10396	1	39835	1	10000	40000	hit	207
A_HP_35	39	Pulse	99	3018397	18680	1
A_HP_35	39	Response	2	3032676	32959	1
A_HP_35	39	Pulse	99	3038397	38680	1
A_HP_35	40	Pulse	99	3058397	8449	1
A_HP_35	40	Picture	response127	3060510	10562	1	39668	1	10000	40000	hit	212
A_HP_35	40	Pulse	99	3078398	28450	1
A_HP_35	40	Response	2	3084256	34308	1
A_HP_35	40	Pulse	99	3098397	48449	1
A_HP_35	41	Picture	response122	3110574	10396	1	39835	1	10000	40000	incorrect	216
A_HP_35	41	Pulse	99	3118397	18219	1
A_HP_35	41	Response	2	3131516	31337	1
A_HP_35	41	Pulse	99	3138317	38139	1
A_HP_35	42	Pulse	99	3158397	7989	1
A_HP_35	42	Picture	response123	3160804	10396	1	40253	1	10000	40000	hit	221
A_HP_35	42	Pulse	99	3178397	27989	1
A_HP_35	42	Response	2	3184585	34177	1
A_HP_35	42	Pulse	99	3198397	47989	1
A_HP_35	43	Picture	ins8	3201057	230	1	30229	1	0	30000	other	0
A_HP_35	43	Pulse	99	3218400	17572	1
A_HP_35	43	Pulse	99	3238397	37570	1
A_HP_35	43	Pulse	99	3258397	57570	1
A_HP_35	43	Pulse	99	3278397	77569	1
A_HP_35	43	Pulse	99	3298397	97570	1
A_HP_35	43	Pulse	99	3318397	117570	1
A_HP_35	43	Pulse	99	3338397	137569	1
A_HP_35	43	Pulse	99	3358397	157570	1
A_HP_35	43	Pulse	99	3378397	177570	1
A_HP_35	43	Pulse	99	3398317	197490	1
A_HP_35	43	Pulse	99	3418397	217570	1
A_HP_35	43	Pulse	99	3438397	237570	1
A_HP_35	43	Pulse	99	3458397	257569	1
A_HP_35	43	Pulse	99	3478397	277570	1
A_HP_35	43	Pulse	99	3498397	297569	1
A_HP_35	44	Response	3	3518396	7339	1
A_HP_35	44	Pulse	99	3518396	7339	1
A_HP_35	45	Picture	response57	3529189	10562	1	39834	1	10000	40000	hit	243
A_HP_35	45	Pulse	99	3538397	19770	1
A_HP_35	45	Response	1	3551666	33039	1
A_HP_35	45	Pulse	99	3558397	39770	1
A_HP_35	46	Pulse	99	3578397	9374	1
A_HP_35	46	Picture	response64	3579419	10395	1	39835	1	10000	40000	hit	247
A_HP_35	46	Response	2	3588006	18982	1
A_HP_35	46	Pulse	99	3598396	29373	1
A_HP_35	46	Pulse	99	3618397	49373	1
A_HP_35	47	Picture	response60	3629649	10396	1	39835	1	10000	40000	hit	251
A_HP_35	47	Response	2	3637905	18651	1
A_HP_35	47	Pulse	99	3638396	19142	1
A_HP_35	47	Pulse	99	3658316	39063	1
A_HP_35	48	Pulse	99	3678397	8912	1
A_HP_35	48	Picture	response61	3679880	10395	1	39835	1	10000	40000	hit	256
A_HP_35	48	Response	2	3690606	21121	1
A_HP_35	48	Pulse	99	3698397	28912	1
A_HP_35	48	Pulse	99	3718317	48832	1
A_HP_35	49	Picture	response58	3730111	10396	1	39835	1	10000	40000	hit	261
A_HP_35	49	Pulse	99	3738396	18681	1
A_HP_35	49	Response	1	3742796	23081	1
A_HP_35	49	Pulse	99	3758396	38681	1
A_HP_35	50	Pulse	99	3778396	8451	1
A_HP_35	50	Picture	response63	3780508	10562	1	39669	1	10000	40000	hit	265
A_HP_35	50	Response	1	3793325	23380	1
A_HP_35	50	Pulse	99	3798396	28451	1
A_HP_35	50	Pulse	99	3818396	48451	1
A_HP_35	51	Picture	response59	3830572	10395	1	39835	1	10000	40000	hit	270
A_HP_35	51	Pulse	99	3838397	18220	1
A_HP_35	51	Response	1	3838985	18808	1
A_HP_35	51	Pulse	99	3858317	38140	1
A_HP_35	52	Pulse	99	3878397	7990	1
A_HP_35	52	Picture	response62	3880803	10396	1	40154	1	10000	40000	hit	274
A_HP_35	52	Response	2	3889945	19538	1
A_HP_35	52	Pulse	99	3898396	27989	1
A_HP_35	52	Pulse	99	3918316	47909	1
A_HP_35	53	Picture	ins14	3920956	230	1	30229	1	0	30000	other	0
A_HP_35	53	Pulse	99	3938396	17670	1
A_HP_35	53	Pulse	99	3958397	37671	1
A_HP_35	53	Pulse	99	3978316	57590	1
A_HP_35	53	Pulse	99	3998396	77670	1
A_HP_35	53	Pulse	99	4018397	97671	1
A_HP_35	53	Pulse	99	4038397	117671	1
A_HP_35	53	Pulse	99	4058396	137670	1
A_HP_35	53	Pulse	99	4078397	157671	1
A_HP_35	53	Pulse	99	4098396	177670	1
A_HP_35	53	Pulse	99	4118316	197590	1
A_HP_35	53	Pulse	99	4138396	217670	1
A_HP_35	53	Pulse	99	4158396	237670	1
A_HP_35	53	Pulse	99	4178316	257590	1
A_HP_35	53	Pulse	99	4198396	277670	1
A_HP_35	53	Pulse	99	4218396	297670	1
A_HP_35	54	Response	3	4238316	7360	1
A_HP_35	54	Pulse	99	4238316	7360	1
A_HP_35	55	Picture	response108	4248941	10395	1	39835	1	10000	40000	hit	297
A_HP_35	55	Pulse	99	4258396	19850	1
A_HP_35	55	Response	2	4264855	26309	1
A_HP_35	55	Pulse	99	4278397	39851	1
A_HP_35	56	Pulse	99	4298397	9621	1
A_HP_35	56	Picture	response112	4299338	10562	1	39668	1	10000	40000	hit	301
A_HP_35	56	Response	2	4313595	24819	1
A_HP_35	56	Pulse	99	4318397	29621	1
A_HP_35	56	Pulse	99	4338397	49621	1
A_HP_35	57	Picture	response110	4349402	10396	1	39835	1	10000	40000	hit	306
A_HP_35	57	Pulse	99	4358397	19390	1
A_HP_35	57	Response	2	4372045	33038	1
A_HP_35	57	Pulse	99	4378317	39310	1
A_HP_35	58	Pulse	99	4398396	9159	1
A_HP_35	58	Picture	response111	4399633	10396	1	39835	1	10000	40000	incorrect	311
A_HP_35	58	Pulse	99	4418396	29159	1
A_HP_35	58	Response	2	4433455	44218	1
A_HP_35	58	Pulse	99	4438316	49079	1
A_HP_35	59	Picture	response105	4449863	10396	1	39835	1	10000	40000	hit	315
A_HP_35	59	Pulse	99	4458397	18929	1
A_HP_35	59	Response	2	4467595	28127	1
A_HP_35	59	Pulse	99	4478397	38929	1
A_HP_35	60	Pulse	99	4498316	8618	1
A_HP_35	60	Picture	response109	4500094	10396	1	39835	1	10000	40000	hit	320
A_HP_35	60	Pulse	99	4518396	28698	1
A_HP_35	60	Response	1	4526335	36637	1
A_HP_35	60	Pulse	99	4538396	48698	1
A_HP_35	61	Picture	response106	4550324	10396	1	39835	1	10000	40000	hit	324
A_HP_35	61	Pulse	99	4558316	18387	1
A_HP_35	61	Response	1	4567055	27127	1
A_HP_35	61	Pulse	99	4578396	38467	1
A_HP_35	62	Pulse	99	4598396	8237	1
A_HP_35	62	Picture	response107	4600555	10396	1	40201	1	10000	40000	hit	328
A_HP_35	62	Response	1	4617605	27446	1
A_HP_35	62	Pulse	99	4618396	28237	1
A_HP_35	62	Pulse	99	4638316	48157	1
A_HP_35	63	Picture	ins22	4640756	230	1	30229	1	0	30000	other	0
A_HP_35	63	Pulse	99	4658396	17870	1
A_HP_35	63	Pulse	99	4678397	37871	1
A_HP_35	63	Pulse	99	4698316	57790	1
A_HP_35	63	Pulse	99	4718396	77870	1
A_HP_35	63	Pulse	99	4738396	97870	1
A_HP_35	63	Pulse	99	4758316	117790	1
A_HP_35	63	Pulse	99	4778396	137870	1
A_HP_35	63	Pulse	99	4798396	157870	1
A_HP_35	63	Pulse	99	4818316	177790	1
A_HP_35	63	Pulse	99	4838316	197790	1
A_HP_35	63	Pulse	99	4858396	217870	1
A_HP_35	63	Pulse	99	4878396	237870	1
A_HP_35	63	Pulse	99	4898316	257790	1
A_HP_35	63	Pulse	99	4918396	277870	1
A_HP_35	63	Pulse	99	4938396	297870	1
A_HP_35	64	Response	3	4958316	7560	1
A_HP_35	64	Pulse	99	4958316	7560	1
A_HP_35	65	Picture	response176	4968942	10395	1	39835	1	10000	40000	hit	351
A_HP_35	65	Pulse	99	4978397	19850	1
A_HP_35	65	Response	1	4994284	35738	1
A_HP_35	65	Pulse	99	4998396	39849	1
A_HP_35	66	Pulse	99	5018316	9540	1
A_HP_35	66	Picture	response169	5019339	10562	1	39668	1	10000	40000	hit	356
A_HP_35	66	Pulse	99	5038397	29620	1
A_HP_35	66	Response	2	5041864	33088	1
A_HP_35	66	Pulse	99	5058396	49619	1
A_HP_35	67	Picture	response171	5069402	10395	1	39835	1	10000	40000	hit	361
A_HP_35	67	Pulse	99	5078316	19309	1
A_HP_35	67	Pulse	99	5098316	39309	1
A_HP_35	67	Response	1	5104145	45138	1
A_HP_35	68	Pulse	99	5118396	9159	1
A_HP_35	68	Picture	response170	5119633	10396	1	39834	1	10000	40000	hit	365
A_HP_35	68	Pulse	99	5138316	29079	1
A_HP_35	68	Response	2	5146884	37647	1
A_HP_35	68	Pulse	99	5158316	49079	1
A_HP_35	69	Picture	response172	5169863	10395	1	39835	1	10000	40000	incorrect	370
A_HP_35	69	Pulse	99	5178396	18928	1
A_HP_35	69	Pulse	99	5198395	38928	1
A_HP_35	69	Response	1	5204305	44837	1
A_HP_35	70	Pulse	99	5218316	8618	1
A_HP_35	70	Picture	response174	5220093	10395	1	39835	1	10000	40000	hit	374
A_HP_35	70	Pulse	99	5238396	28699	1
A_HP_35	70	Response	2	5253024	43327	1
A_HP_35	70	Pulse	99	5258395	48698	1
A_HP_35	71	Picture	response175	5270323	10396	1	39834	1	10000	40000	hit	378
A_HP_35	71	Pulse	99	5278316	18388	1
A_HP_35	71	Response	2	5296374	36447	1
A_HP_35	71	Pulse	99	5298395	38468	1
A_HP_35	72	Pulse	99	5318396	8238	1
A_HP_35	72	Picture	response173	5320553	10395	1	40203	1	10000	40000	hit	383
A_HP_35	72	Pulse	99	5338316	28158	1
A_HP_35	72	Response	1	5352155	41997	1
A_HP_35	72	Pulse	99	5358315	48158	1
A_HP_35	73	Picture	ins18	5360755	230	1	30229	1	0	30000	other	0
A_HP_35	73	Pulse	99	5378396	17870	1
A_HP_35	73	Pulse	99	5398316	37790	1
A_HP_35	73	Pulse	99	5418316	57790	1
A_HP_35	73	Pulse	99	5438396	77870	1
A_HP_35	73	Pulse	99	5458396	97870	1
A_HP_35	73	Pulse	99	5478316	117790	1
A_HP_35	73	Pulse	99	5498396	137870	1
A_HP_35	73	Pulse	99	5518395	157870	1
A_HP_35	73	Pulse	99	5538316	177790	1
A_HP_35	73	Pulse	99	5558396	197870	1
A_HP_35	73	Pulse	99	5578396	217870	1
A_HP_35	73	Pulse	99	5598316	237790	1
A_HP_35	73	Pulse	99	5618316	257790	1
A_HP_35	73	Pulse	99	5638396	277870	1
A_HP_35	73	Pulse	99	5658315	297790	1
A_HP_35	74	Response	3	5678315	7560	1
A_HP_35	74	Pulse	99	5678315	7560	1
A_HP_35	75	Picture	response140	5688941	10395	1	39834	1	10000	40000	hit	406
A_HP_35	75	Pulse	99	5698396	19850	1
A_HP_35	75	Pulse	99	5718315	39770	1
A_HP_35	75	Response	1	5719453	40908	1
A_HP_35	76	Pulse	99	5738316	9540	1
A_HP_35	76	Picture	response142	5739338	10562	1	39668	1	10000	40000	incorrect	410
A_HP_35	76	Pulse	99	5758396	29620	1
A_HP_35	76	Response	2	5769854	41078	1
A_HP_35	76	Pulse	99	5778395	49619	1
A_HP_35	77	Picture	response137	5789401	10395	1	39836	1	10000	40000	incorrect	414
A_HP_35	77	Pulse	99	5798316	19310	1
A_HP_35	77	Response	1	5816924	37919	1
A_HP_35	77	Pulse	99	5818315	39310	1
A_HP_35	78	Pulse	99	5838397	9160	1
A_HP_35	78	Picture	response144	5839632	10395	1	39835	1	10000	40000	hit	419
A_HP_35	78	Pulse	99	5858315	29079	1
A_HP_35	78	Response	1	5868944	39708	1
A_HP_35	78	Pulse	99	5878315	49079	1
A_HP_35	79	Picture	response138	5889863	10396	1	39835	1	10000	40000	incorrect	424
A_HP_35	79	Pulse	99	5898396	18929	1
A_HP_35	79	Pulse	99	5918316	38849	1
A_HP_35	79	Response	2	5919914	40447	1
A_HP_35	80	Pulse	99	5938315	8618	1
A_HP_35	80	Picture	response143	5940093	10396	1	39834	1	10000	40000	hit	428
A_HP_35	80	Pulse	99	5958396	28699	1
A_HP_35	80	Response	1	5961944	32247	1
A_HP_35	80	Pulse	99	5978315	48618	1
A_HP_35	81	Picture	response139	5990490	10562	1	39668	1	10000	40000	hit	432
A_HP_35	81	Pulse	99	5998316	18388	1
A_HP_35	81	Response	1	6003676	23748	1
A_HP_35	81	Pulse	99	6018396	38468	1
A_HP_35	82	Pulse	99	6038399	8241	1
A_HP_35	82	Picture	response141	6040553	10396	1	40202	1	10000	40000	hit	437
A_HP_35	82	Pulse	99	6058316	28158	1
A_HP_35	82	Response	2	6069104	38946	1
A_HP_35	82	Pulse	99	6078315	48157	1
A_HP_35	83	Picture	ins2	6080756	230	1	30229	1	0	30000	other	0
A_HP_35	83	Pulse	99	6098396	17870	1
A_HP_35	83	Pulse	99	6118315	37790	1
A_HP_35	83	Pulse	99	6138316	57790	1
A_HP_35	83	Pulse	99	6158396	77870	1
A_HP_35	83	Pulse	99	6178316	97790	1
A_HP_35	83	Pulse	99	6198316	117790	1
A_HP_35	83	Pulse	99	6218396	137870	1
A_HP_35	83	Pulse	99	6238315	157790	1
A_HP_35	83	Pulse	99	6258315	177790	1
A_HP_35	83	Pulse	99	6278396	197870	1
A_HP_35	83	Pulse	99	6298316	217790	1
A_HP_35	83	Pulse	99	6318315	237790	1
A_HP_35	83	Pulse	99	6338315	257790	1
A_HP_35	83	Pulse	99	6358396	277870	1
A_HP_35	83	Pulse	99	6378315	297789	1
A_HP_35	84	Response	3	6398316	7559	1
A_HP_35	84	Pulse	99	6398316	7559	1
A_HP_35	85	Picture	response15	6408942	10396	1	39835	1	10000	40000	incorrect	460
A_HP_35	85	Pulse	99	6418395	19849	1
A_HP_35	85	Pulse	99	6438315	39769	1
A_HP_35	85	Response	1	6440104	41558	1
A_HP_35	86	Pulse	99	6458315	9539	1
A_HP_35	86	Picture	response13	6459339	10562	1	39668	1	10000	40000	hit	463
A_HP_35	86	Response	2	6467314	18538	1
A_HP_35	86	Pulse	99	6478396	29619	1
A_HP_35	86	Pulse	99	6498315	49538	1
A_HP_35	87	Picture	response11	6509402	10395	1	39835	1	10000	40000	hit	468
A_HP_35	87	Pulse	99	6518315	19308	1
A_HP_35	87	Response	2	6528914	29907	1
A_HP_35	87	Pulse	99	6538396	39389	1
A_HP_35	88	Pulse	99	6558315	9078	1
A_HP_35	88	Picture	response16	6559633	10396	1	39835	1	10000	40000	hit	472
A_HP_35	88	Response	2	6567534	18297	1
A_HP_35	88	Pulse	99	6578315	29078	1
A_HP_35	88	Pulse	99	6598316	49078	1
A_HP_35	89	Picture	response10	6609864	10396	1	39834	1	10000	40000	hit	477
A_HP_35	89	Pulse	99	6618395	18927	1
A_HP_35	89	Response	1	6620503	21036	1
A_HP_35	89	Pulse	99	6638315	38847	1
A_HP_35	90	Pulse	99	6658315	8617	1
A_HP_35	90	Picture	response9	6660093	10395	1	39835	1	10000	40000	hit	482
A_HP_35	90	Pulse	99	6678395	28697	1
A_HP_35	90	Response	1	6682364	32666	1
A_HP_35	90	Pulse	99	6698315	48617	1
A_HP_35	91	Picture	response14	6710491	10562	1	39668	1	10000	40000	hit	486
A_HP_35	91	Pulse	99	6718315	18387	1
A_HP_35	91	Response	1	6727244	27316	1
A_HP_35	91	Pulse	99	6738396	38467	1
A_HP_35	92	Pulse	99	6758315	8157	1
A_HP_35	92	Picture	response12	6760554	10396	1	40201	1	10000	40000	hit	490
A_HP_35	92	Response	1	6769684	19525	1
A_HP_35	92	Pulse	99	6778315	28157	1
A_HP_35	92	Pulse	99	6798395	48237	1
A_HP_35	93	Picture	ins24	6800756	230	1	30229	1	0	30000	other	0
A_HP_35	93	Pulse	99	6818316	17790	1
A_HP_35	93	Pulse	99	6838315	37790	1
A_HP_35	93	Pulse	99	6858315	57790	1
A_HP_35	93	Pulse	99	6878315	77790	1
A_HP_35	93	Pulse	99	6898315	97789	1
A_HP_35	93	Pulse	99	6918315	117789	1
A_HP_35	93	Pulse	99	6938395	137869	1
A_HP_35	93	Pulse	99	6958315	157789	1
A_HP_35	93	Pulse	99	6978315	177790	1
A_HP_35	93	Pulse	99	6998395	197869	1
A_HP_35	93	Pulse	99	7018315	217789	1
A_HP_35	93	Pulse	99	7038315	237789	1
A_HP_35	93	Pulse	99	7058315	257789	1
A_HP_35	93	Pulse	99	7078315	277789	1
A_HP_35	93	Pulse	99	7098315	297790	1
A_HP_35	94	Response	3	7118315	7559	1
A_HP_35	94	Pulse	99	7118315	7559	1
A_HP_35	95	Picture	response189	7128940	10395	1	39835	1	10000	40000	hit	513
A_HP_35	95	Pulse	99	7138315	19770	1
A_HP_35	95	Response	1	7144104	25559	1
A_HP_35	95	Pulse	99	7158315	39770	1
A_HP_35	96	Pulse	99	7178315	9539	1
A_HP_35	96	Picture	response187	7179338	10562	1	39668	1	10000	40000	hit	518
A_HP_35	96	Pulse	99	7198395	29620	1
A_HP_35	96	Response	2	7201563	32788	1
A_HP_35	96	Pulse	99	7218315	49540	1
A_HP_35	97	Picture	response186	7229401	10395	1	39836	1	10000	40000	hit	522
A_HP_35	97	Pulse	99	7238315	19309	1
A_HP_35	97	Response	2	7245344	26338	1
A_HP_35	97	Pulse	99	7258395	39389	1
A_HP_35	98	Pulse	99	7278315	9078	1
A_HP_35	98	Picture	response192	7279632	10395	1	39835	1	10000	40000	hit	528
A_HP_35	98	Pulse	99	7298315	29078	1
A_HP_35	98	Pulse	99	7318315	49078	1
A_HP_35	98	Response	1	7318363	49126	1
A_HP_35	99	Picture	response190	7329862	10395	1	39835	1	10000	40000	miss	0
A_HP_35	99	Pulse	99	7338315	18848	1
A_HP_35	99	Pulse	99	7358315	38848	1
A_HP_35	100	Pulse	99	7378315	8617	1
A_HP_35	100	Picture	response191	7380093	10395	1	39835	1	10000	40000	incorrect	535
A_HP_35	100	Pulse	99	7398315	28618	1
A_HP_35	100	Response	2	7404434	34737	1
A_HP_35	100	Pulse	99	7418315	48618	1
A_HP_35	101	Picture	response188	7430490	10562	1	39668	1	10000	40000	hit	539
A_HP_35	101	Pulse	99	7438315	18388	1
A_HP_35	101	Response	2	7452174	32246	1
A_HP_35	101	Pulse	99	7458315	38387	1
A_HP_35	102	Pulse	99	7478315	8157	1
A_HP_35	102	Picture	response185	7480554	10396	1	40200	1	10000	40000	hit	544
A_HP_35	102	Pulse	99	7498315	28156	1
A_HP_35	102	Response	1	7499913	29754	1
A_HP_35	102	Pulse	99	7518395	48236	1
A_HP_35	103	Picture	ins10	7520754	230	1	30229	1	0	30000	other	0
A_HP_35	103	Pulse	99	7538315	17790	1
A_HP_35	103	Pulse	99	7558315	37790	1
A_HP_35	103	Pulse	99	7578315	57791	1
A_HP_35	103	Pulse	99	7598315	77790	1
A_HP_35	103	Pulse	99	7618315	97791	1
A_HP_35	103	Pulse	99	7638315	117790	1
A_HP_35	103	Pulse	99	7658315	137790	1
A_HP_35	103	Pulse	99	7678315	157791	1
A_HP_35	103	Pulse	99	7698315	177790	1
A_HP_35	103	Pulse	99	7718315	197790	1
A_HP_35	103	Pulse	99	7738315	217791	1
A_HP_35	103	Pulse	99	7758315	237791	1
A_HP_35	103	Pulse	99	7778395	257871	1
A_HP_35	103	Pulse	99	7798315	277790	1
A_HP_35	103	Pulse	99	7818315	297790	1
A_HP_35	104	Response	3	7838315	7560	1
A_HP_35	104	Pulse	99	7838315	7560	1
A_HP_35	105	Picture	response73	7848941	10396	1	39835	1	10000	40000	hit	566
A_HP_35	105	Pulse	99	7858314	19769	1
A_HP_35	105	Response	2	7862333	23788	1
A_HP_35	105	Pulse	99	7878314	39769	1
A_HP_35	106	Pulse	99	7898315	9539	1
A_HP_35	106	Picture	response78	7899337	10562	1	39668	1	10000	40000	hit	571
A_HP_35	106	Pulse	99	7918314	29539	1
A_HP_35	106	Response	1	7920093	31318	1
A_HP_35	106	Pulse	99	7938315	49540	1
A_HP_35	107	Picture	response76	7949400	10395	1	39835	1	10000	40000	hit	575
A_HP_35	107	Pulse	99	7958314	19309	1
A_HP_35	107	Response	1	7959322	20317	1
A_HP_35	107	Pulse	99	7978315	39310	1
A_HP_35	108	Pulse	99	7998315	9079	1
A_HP_35	108	Picture	response80	7999631	10395	1	39835	1	10000	40000	hit	579
A_HP_35	108	Response	2	8007323	18088	1
A_HP_35	108	Pulse	99	8018315	29079	1
A_HP_35	108	Pulse	99	8038315	49079	1
A_HP_35	109	Picture	response75	8049861	10396	1	39835	1	10000	40000	hit	584
A_HP_35	109	Pulse	99	8058314	18849	1
A_HP_35	109	Response	2	8065113	25648	1
A_HP_35	109	Pulse	99	8078315	38849	1
A_HP_35	110	Pulse	99	8098315	8619	1
A_HP_35	110	Picture	response74	8100092	10396	1	39835	1	10000	40000	hit	589
A_HP_35	110	Pulse	99	8118315	28619	1
A_HP_35	110	Response	1	8130613	40917	1
A_HP_35	110	Pulse	99	8138315	48619	1
A_HP_35	111	Picture	response79	8150489	10562	1	39668	1	10000	40000	hit	593
A_HP_35	111	Pulse	99	8158314	18388	1
A_HP_35	111	Response	1	8171404	31477	1
A_HP_35	111	Pulse	99	8178315	38388	1
A_HP_35	112	Pulse	99	8198315	8158	1
A_HP_35	112	Picture	response77	8200552	10396	1	40203	1	10000	40000	hit	598
A_HP_35	112	Pulse	99	8218315	28158	1
A_HP_35	112	Response	2	8230753	40597	1
A_HP_35	112	Pulse	99	8238315	48158	1
A_HP_35	113	Picture	ins20	8240755	230	1	30229	1	0	30000	other	0
A_HP_35	113	Pulse	99	8258314	17789	1
A_HP_35	113	Pulse	99	8278315	37790	1
A_HP_35	113	Pulse	99	8298315	57790	1
A_HP_35	113	Pulse	99	8318314	77789	1
A_HP_35	113	Pulse	99	8338315	97790	1
A_HP_35	113	Pulse	99	8358314	117789	1
A_HP_35	113	Pulse	99	8378315	137790	1
A_HP_35	113	Pulse	99	8398315	157790	1
A_HP_35	113	Pulse	99	8418315	177790	1
A_HP_35	113	Pulse	99	8438314	197789	1
A_HP_35	113	Pulse	99	8458315	217790	1
A_HP_35	113	Pulse	99	8478315	237790	1
A_HP_35	113	Pulse	99	8498315	257790	1
A_HP_35	113	Pulse	99	8518314	277789	1
A_HP_35	113	Pulse	99	8538314	297789	1
A_HP_35	114	Response	3	8558314	7559	1
A_HP_35	114	Pulse	99	8558314	7559	1
A_HP_35	115	Picture	response154	8568940	10396	1	39835	1	10000	40000	hit	620
A_HP_35	115	Pulse	99	8578314	19769	1
A_HP_35	115	Response	1	8590923	32379	1
A_HP_35	115	Pulse	99	8598314	39770	1
A_HP_35	116	Pulse	99	8618315	9539	1
A_HP_35	116	Picture	response160	8619338	10562	1	39668	1	10000	40000	hit	625
A_HP_35	116	Pulse	99	8638315	29539	1
A_HP_35	116	Response	2	8648304	39528	1
A_HP_35	116	Pulse	99	8658314	49539	1
A_HP_35	117	Picture	response159	8669402	10396	1	39834	1	10000	40000	hit	630
A_HP_35	117	Pulse	99	8678314	19309	1
A_HP_35	117	Pulse	99	8698315	39309	1
A_HP_35	117	Response	2	8699633	40627	1
A_HP_35	118	Pulse	99	8718314	9078	1
A_HP_35	118	Picture	response155	8719632	10396	1	39835	1	10000	40000	hit	634
A_HP_35	118	Pulse	99	8738314	29078	1
A_HP_35	118	Response	2	8741013	31777	1
A_HP_35	118	Pulse	99	8758314	49078	1
A_HP_35	119	Picture	response156	8769862	10396	1	39835	1	10000	40000	hit	638
A_HP_35	119	Pulse	99	8778314	18848	1
A_HP_35	119	Response	2	8793394	33927	1
A_HP_35	119	Pulse	99	8798314	38848	1
A_HP_35	120	Pulse	99	8818314	8618	1
A_HP_35	120	Picture	response153	8820093	10396	1	39835	1	10000	40000	hit	643
A_HP_35	120	Pulse	99	8838314	28618	1
A_HP_35	120	Response	1	8846763	37066	1
A_HP_35	120	Pulse	99	8858314	48618	1
A_HP_35	121	Picture	response157	8870489	10562	1	39668	1	10000	40000	hit	647
A_HP_35	121	Pulse	99	8878314	18387	1
A_HP_35	121	Response	2	8886293	26366	1
A_HP_35	121	Pulse	99	8898314	38387	1
A_HP_35	122	Pulse	99	8918314	8157	1
A_HP_35	122	Picture	response158	8920553	10396	1	39835	1	10000	40000	hit	652
A_HP_35	122	Pulse	99	8938314	28157	1
A_HP_35	122	Response	2	8939772	29615	1
A_HP_35	122	Pulse	99	8958314	48156	1
A_HP_35	123	Picture	thanks	8960388	0	1	10229	1	0	10000	other	0
A_HP_35	123	Pulse	99	8978314	17926	1


Event Type	Code	Type	Response	RT	RT Uncertainty	Time	Uncertainty	Duration	Uncertainty	ReqTime	ReqDur

Picture	ready	other				258630	1	10396	1	0	10000
Picture	ins6	other				319260	1	30230	1	0	30000
Picture	response47	hit	1	6026	2	649191	1	39834	1	10000	40000
Picture	response45	hit	1	7917	2	699420	1	39835	1	10000	40000
Picture	response48	hit	1	8166	2	749651	1	39834	1	10000	40000
Picture	response42	hit	1	9606	2	799881	1	39834	1	10000	40000
Picture	response44	hit	2	8376	2	850111	1	39836	1	10000	40000
Picture	response46	hit	2	10827	2	900509	1	39667	1	10000	40000
Picture	response41	hit	2	23536	2	950572	1	39835	1	10000	40000
Picture	response43	hit	1	13425	2	1000801	1	40157	1	10000	40000
Picture	ins4	other				1040958	1	30229	1	0	30000
Picture	response25	hit	2	6939	2	1369358	1	39668	1	10000	40000
Picture	response27	hit	1	9496	2	1419421	1	39835	1	10000	40000
Picture	response29	hit	1	9025	2	1469651	1	39835	1	10000	40000
Picture	response30	hit	1	8315	2	1519882	1	39834	1	10000	40000
Picture	response31	hit	1	7964	2	1570112	1	39835	1	10000	40000
Picture	response32	hit	2	8687	2	1620509	1	39668	1	10000	40000
Picture	response28	hit	1	8213	2	1670572	1	39834	1	10000	40000
Picture	response26	hit	2	7724	2	1720802	1	40158	1	10000	40000
Picture	ins12	other				1760960	1	30229	1	0	30000
Picture	response93	incorrect	2	25719	2	2089357	1	39668	1	10000	40000
Picture	response92	hit	1	18055	2	2139421	1	39834	1	10000	40000
Picture	response95	incorrect	2	14115	2	2189651	1	39835	1	10000	40000
Picture	response90	hit	1	15275	2	2239882	1	39834	1	10000	40000
Picture	response89	hit	2	27215	2	2290111	1	39835	1	10000	40000
Picture	response94	hit	2	23467	2	2340508	1	39669	1	10000	40000
Picture	response91	hit	2	26333	2	2390573	1	39834	1	10000	40000
Picture	response96	hit	2	23422	2	2440803	1	40154	1	10000	40000
Picture	ins16	other				2480957	1	30229	1	0	30000
Picture	response126	hit	2	28730	2	2809356	1	39669	1	10000	40000
Picture	response121	hit	1	10645	2	2859421	1	39835	1	10000	40000
Picture	response124	hit	2	28074	2	2909652	1	39835	1	10000	40000
Picture	response125	hit	2	18104	2	2959882	1	39835	1	10000	40000
Picture	response128	hit	2	22563	2	3010113	1	39835	1	10000	40000
Picture	response127	hit	2	23746	2	3060510	1	39668	1	10000	40000
Picture	response122	incorrect	2	20942	2	3110574	1	39835	1	10000	40000
Picture	response123	hit	2	23781	2	3160804	1	40253	1	10000	40000
Picture	ins8	other				3201057	1	30229	1	0	30000
Picture	response57	hit	1	22477	2	3529189	1	39834	1	10000	40000
Picture	response64	hit	2	8587	2	3579419	1	39835	1	10000	40000
Picture	response60	hit	2	8256	2	3629649	1	39835	1	10000	40000
Picture	response61	hit	2	10726	2	3679880	1	39835	1	10000	40000
Picture	response58	hit	1	12685	2	3730111	1	39835	1	10000	40000
Picture	response63	hit	1	12817	2	3780508	1	39669	1	10000	40000
Picture	response59	hit	1	8413	2	3830572	1	39835	1	10000	40000
Picture	response62	hit	2	9143	2	3880803	1	40154	1	10000	40000
Picture	ins14	other				3920956	1	30229	1	0	30000
Picture	response108	hit	2	15914	2	4248941	1	39835	1	10000	40000
Picture	response112	hit	2	14257	2	4299338	1	39668	1	10000	40000
Picture	response110	hit	2	22643	2	4349402	1	39835	1	10000	40000
Picture	response111	incorrect	2	33822	2	4399633	1	39835	1	10000	40000
Picture	response105	hit	2	17732	2	4449863	1	39835	1	10000	40000
Picture	response109	hit	1	26241	2	4500094	1	39835	1	10000	40000
Picture	response106	hit	1	16731	2	4550324	1	39835	1	10000	40000
Picture	response107	hit	1	17050	2	4600555	1	40201	1	10000	40000
Picture	ins22	other				4640756	1	30229	1	0	30000
Picture	response176	hit	1	25343	2	4968942	1	39835	1	10000	40000
Picture	response169	hit	2	22525	2	5019339	1	39668	1	10000	40000
Picture	response171	hit	1	34743	2	5069402	1	39835	1	10000	40000
Picture	response170	hit	2	27251	2	5119633	1	39834	1	10000	40000
Picture	response172	incorrect	1	34442	2	5169863	1	39835	1	10000	40000
Picture	response174	hit	2	32932	2	5220093	1	39835	1	10000	40000
Picture	response175	hit	2	26051	2	5270323	1	39834	1	10000	40000
Picture	response173	hit	1	31602	2	5320553	1	40203	1	10000	40000
Picture	ins18	other				5360755	1	30229	1	0	30000
Picture	response140	hit	1	30512	2	5688941	1	39834	1	10000	40000
Picture	response142	incorrect	2	30516	2	5739338	1	39668	1	10000	40000
Picture	response137	incorrect	1	27523	2	5789401	1	39836	1	10000	40000
Picture	response144	hit	1	29312	2	5839632	1	39835	1	10000	40000
Picture	response138	incorrect	2	30051	2	5889863	1	39835	1	10000	40000
Picture	response143	hit	1	21851	2	5940093	1	39834	1	10000	40000
Picture	response139	hit	1	13186	2	5990490	1	39668	1	10000	40000
Picture	response141	hit	2	28551	2	6040553	1	40202	1	10000	40000
Picture	ins2	other				6080756	1	30229	1	0	30000
Picture	response15	incorrect	1	31162	2	6408942	1	39835	1	10000	40000
Picture	response13	hit	2	7976	2	6459339	1	39668	1	10000	40000
Picture	response11	hit	2	19511	2	6509402	1	39835	1	10000	40000
Picture	response16	hit	2	7901	2	6559633	1	39835	1	10000	40000
Picture	response10	hit	1	10640	2	6609864	1	39834	1	10000	40000
Picture	response9	hit	1	22270	2	6660093	1	39835	1	10000	40000
Picture	response14	hit	1	16754	2	6710491	1	39668	1	10000	40000
Picture	response12	hit	1	9130	2	6760554	1	40201	1	10000	40000
Picture	ins24	other				6800756	1	30229	1	0	30000
Picture	response189	hit	1	15164	2	7128940	1	39835	1	10000	40000
Picture	response187	hit	2	22226	2	7179338	1	39668	1	10000	40000
Picture	response186	hit	2	15943	2	7229401	1	39836	1	10000	40000
Picture	response192	hit	1	38731	2	7279632	1	39835	1	10000	40000
Picture	response190	miss				7329862	1	39835	1	10000	40000
Picture	response191	incorrect	2	24341	2	7380093	1	39835	1	10000	40000
Picture	response188	hit	2	21684	2	7430490	1	39668	1	10000	40000
Picture	response185	hit	1	19358	2	7480554	1	40200	1	10000	40000
Picture	ins10	other				7520754	1	30229	1	0	30000
Picture	response73	hit	2	13392	2	7848941	1	39835	1	10000	40000
Picture	response78	hit	1	20756	2	7899337	1	39668	1	10000	40000
Picture	response76	hit	1	9922	2	7949400	1	39835	1	10000	40000
Picture	response80	hit	2	7693	2	7999631	1	39835	1	10000	40000
Picture	response75	hit	2	15252	2	8049861	1	39835	1	10000	40000
Picture	response74	hit	1	30522	2	8100092	1	39835	1	10000	40000
Picture	response79	hit	1	20915	2	8150489	1	39668	1	10000	40000
Picture	response77	hit	2	30201	2	8200552	1	40203	1	10000	40000
Picture	ins20	other				8240755	1	30229	1	0	30000
Picture	response154	hit	1	21983	2	8568940	1	39835	1	10000	40000
Picture	response160	hit	2	28966	2	8619338	1	39668	1	10000	40000
Picture	response159	hit	2	30231	2	8669402	1	39834	1	10000	40000
Picture	response155	hit	2	21381	2	8719632	1	39835	1	10000	40000
Picture	response156	hit	2	23532	2	8769862	1	39835	1	10000	40000
Picture	response153	hit	1	26671	2	8820093	1	39835	1	10000	40000
Picture	response157	hit	2	15804	2	8870489	1	39668	1	10000	40000
Picture	response158	hit	2	19219	2	8920553	1	39835	1	10000	40000
Picture	thanks	other				8960388	1	10229	1	0	10000


{
   "app": "Presentation Version 21.0 Build 06.06.19",
   "device": "LENOVO 20KHCTO1WW",
   "experiment": "{A2FC4E2A-B401-4E65-9CA9-5B09E294C871}",
   "os": "Windows 10 64 bit",
   "package": "",
   "parameters": {
      "configuration": "Default configuration"
   },
   "scenario": "Dimension experiment(2).sce",
   "subject": "A_HP_35",
   "timestamp": "2019/11/22 07:01:46 GMT"
}
