Scenario - 
Logfile written - 10/17/2019 10:51:09

Subject	Trial	Event Type	Code	Time	TTime	Uncertainty	Duration	Uncertainty	ReqTime	ReqDur	Stim Type	Pair Index

A_HP_19	1	Response	3	191272	190273	1
A_HP_19	1	Pulse	99	191272	190273	1
A_HP_19	2	Picture	ready	191504	0	1	10229	1	0	10000	other	0
A_HP_19	2	Pulse	99	211272	19768	1
A_HP_19	2	Pulse	99	231272	39768	1
A_HP_19	2	Pulse	99	251272	59768	1
A_HP_19	3	Picture	ins16	252058	232	1	30229	1	0	30000	other	0
A_HP_19	3	Pulse	99	271272	19446	1
A_HP_19	3	Pulse	99	291272	39446	1
A_HP_19	3	Pulse	99	311272	59446	1
A_HP_19	3	Pulse	99	331272	79446	1
A_HP_19	3	Pulse	99	351272	99445	1
A_HP_19	3	Pulse	99	371272	119445	1
A_HP_19	3	Pulse	99	391272	139446	1
A_HP_19	3	Pulse	99	411272	159446	1
A_HP_19	3	Pulse	99	431272	179446	1
A_HP_19	3	Pulse	99	451272	199446	1
A_HP_19	3	Pulse	99	471272	219446	1
A_HP_19	3	Pulse	99	491272	239446	1
A_HP_19	3	Pulse	99	511271	259445	1
A_HP_19	3	Pulse	99	531271	279445	1
A_HP_19	3	Pulse	99	551272	299446	1
A_HP_19	4	Response	3	571272	9215	1
A_HP_19	4	Pulse	99	571272	9215	1
A_HP_19	5	Picture	response125	582064	10562	1	39668	1	10000	40000	hit	27
A_HP_19	5	Pulse	99	591272	19770	1
A_HP_19	5	Response	2	603871	32368	1
A_HP_19	5	Pulse	99	611272	39770	1
A_HP_19	6	Pulse	99	631272	9539	1
A_HP_19	6	Picture	response126	632128	10396	1	39835	1	10000	40000	hit	31
A_HP_19	6	Response	2	647561	25828	1
A_HP_19	6	Pulse	99	651271	29539	1
A_HP_19	6	Pulse	99	671272	49539	1
A_HP_19	7	Picture	response124	682359	10396	1	39834	1	10000	40000	hit	36
A_HP_19	7	Pulse	99	691272	19309	1
A_HP_19	7	Response	2	696160	24197	1
A_HP_19	7	Pulse	99	711272	39309	1
A_HP_19	8	Pulse	99	731272	9078	1
A_HP_19	8	Picture	response121	732588	10395	1	39835	1	10000	40000	hit	40
A_HP_19	8	Response	1	742031	19838	1
A_HP_19	8	Pulse	99	751272	29079	1
A_HP_19	8	Pulse	99	771272	49079	1
A_HP_19	9	Picture	response122	782819	10396	1	39834	1	10000	40000	hit	45
A_HP_19	9	Pulse	99	791272	18848	1
A_HP_19	9	Response	1	792370	19946	1
A_HP_19	9	Pulse	99	811272	38848	1
A_HP_19	10	Pulse	99	831272	8618	1
A_HP_19	10	Picture	response127	833216	10562	1	39668	1	10000	40000	hit	49
A_HP_19	10	Response	2	843180	20526	1
A_HP_19	10	Pulse	99	851272	28618	1
A_HP_19	10	Pulse	99	871272	48618	1
A_HP_19	11	Picture	response128	883280	10396	1	39835	1	10000	40000	hit	54
A_HP_19	11	Pulse	99	891271	18387	1
A_HP_19	11	Response	2	894370	21486	1
A_HP_19	11	Pulse	99	911272	38388	1
A_HP_19	12	Pulse	99	931272	8157	1
A_HP_19	12	Picture	response123	933510	10395	1	40247	1	10000	40000	hit	58
A_HP_19	12	Response	2	947861	24746	1
A_HP_19	12	Pulse	99	951272	28157	1
A_HP_19	12	Pulse	99	971271	48157	1
A_HP_19	13	Picture	ins4	973757	231	1	30229	1	0	30000	other	0
A_HP_19	13	Pulse	99	991271	17746	1
A_HP_19	13	Pulse	99	1011271	37746	1
A_HP_19	13	Pulse	99	1031271	57746	1
A_HP_19	13	Pulse	99	1051272	77746	1
A_HP_19	13	Pulse	99	1071272	97746	1
A_HP_19	13	Pulse	99	1091272	117746	1
A_HP_19	13	Pulse	99	1111272	137746	1
A_HP_19	13	Pulse	99	1131271	157746	1
A_HP_19	13	Pulse	99	1151272	177746	1
A_HP_19	13	Pulse	99	1171272	197746	1
A_HP_19	13	Pulse	99	1191271	217746	1
A_HP_19	13	Pulse	99	1211272	237746	1
A_HP_19	13	Pulse	99	1231272	257746	1
A_HP_19	13	Pulse	99	1251272	277746	1
A_HP_19	13	Pulse	99	1271271	297746	1
A_HP_19	14	Response	3	1291272	7516	1
A_HP_19	14	Pulse	99	1291272	7516	1
A_HP_19	15	Picture	response31	1302064	10562	1	39668	1	10000	40000	hit	80
A_HP_19	15	Response	1	1307880	16378	1
A_HP_19	15	Pulse	99	1311271	19769	1
A_HP_19	15	Pulse	99	1331272	39770	1
A_HP_19	16	Pulse	99	1351271	9539	1
A_HP_19	16	Picture	response28	1352128	10396	1	39835	1	10000	40000	hit	85
A_HP_19	16	Response	1	1357420	15688	1
A_HP_19	16	Pulse	99	1371272	29539	1
A_HP_19	16	Pulse	99	1391271	49539	1
A_HP_19	17	Picture	response26	1402358	10396	1	39835	1	10000	40000	hit	89
A_HP_19	17	Response	2	1405970	14008	1
A_HP_19	17	Pulse	99	1411271	19308	1
A_HP_19	17	Pulse	99	1431271	39309	1
A_HP_19	18	Pulse	99	1451271	9079	1
A_HP_19	18	Picture	response27	1452588	10395	1	39835	1	10000	40000	hit	94
A_HP_19	18	Response	1	1457650	15457	1
A_HP_19	18	Pulse	99	1471271	29079	1
A_HP_19	18	Pulse	99	1491271	49079	1
A_HP_19	19	Picture	response29	1502819	10396	1	39835	1	10000	40000	hit	98
A_HP_19	19	Response	1	1508220	15797	1
A_HP_19	19	Pulse	99	1511271	18848	1
A_HP_19	19	Pulse	99	1531271	38848	1
A_HP_19	20	Pulse	99	1551271	8618	1
A_HP_19	20	Picture	response30	1553216	10562	1	39668	1	10000	40000	hit	103
A_HP_19	20	Response	1	1557200	14547	1
A_HP_19	20	Pulse	99	1571271	28618	1
A_HP_19	20	Pulse	99	1591271	48618	1
A_HP_19	21	Picture	response32	1603279	10396	1	39835	1	10000	40000	hit	107
A_HP_19	21	Response	2	1608060	15176	1
A_HP_19	21	Pulse	99	1611270	18387	1
A_HP_19	21	Pulse	99	1631271	38387	1
A_HP_19	22	Pulse	99	1651271	8157	1
A_HP_19	22	Picture	response25	1653510	10396	1	40246	1	10000	40000	hit	112
A_HP_19	22	Response	2	1659090	15976	1
A_HP_19	22	Pulse	99	1671271	28157	1
A_HP_19	22	Pulse	99	1691271	48157	1
A_HP_19	23	Picture	ins8	1693755	230	1	30229	1	0	30000	other	0
A_HP_19	23	Pulse	99	1711271	17746	1
A_HP_19	23	Pulse	99	1731271	37746	1
A_HP_19	23	Pulse	99	1751271	57746	1
A_HP_19	23	Pulse	99	1771271	77745	1
A_HP_19	23	Pulse	99	1791271	97746	1
A_HP_19	23	Pulse	99	1811271	117746	1
A_HP_19	23	Pulse	99	1831271	137746	1
A_HP_19	23	Pulse	99	1851271	157746	1
A_HP_19	23	Pulse	99	1871271	177745	1
A_HP_19	23	Pulse	99	1891272	197746	1
A_HP_19	23	Pulse	99	1911271	217746	1
A_HP_19	23	Pulse	99	1931271	237746	1
A_HP_19	23	Pulse	99	1951271	257746	1
A_HP_19	23	Pulse	99	1971271	277746	1
A_HP_19	23	Pulse	99	1991271	297746	1
A_HP_19	24	Response	3	2011271	7516	1
A_HP_19	24	Pulse	99	2011271	7516	1
A_HP_19	25	Picture	response59	2022064	10562	1	39668	1	10000	40000	hit	135
A_HP_19	25	Pulse	99	2031271	19769	1
A_HP_19	25	Response	1	2031839	20338	1
A_HP_19	25	Pulse	99	2051271	39769	1
A_HP_19	26	Pulse	99	2071271	9539	1
A_HP_19	26	Picture	response63	2072128	10395	1	39834	1	10000	40000	hit	139
A_HP_19	26	Response	1	2078130	16398	1
A_HP_19	26	Pulse	99	2091271	29539	1
A_HP_19	26	Pulse	99	2111271	49539	1
A_HP_19	27	Picture	response64	2122357	10395	1	39835	1	10000	40000	hit	143
A_HP_19	27	Response	2	2128320	16358	1
A_HP_19	27	Pulse	99	2131271	19309	1
A_HP_19	27	Pulse	99	2151271	39309	1
A_HP_19	28	Pulse	99	2171271	9079	1
A_HP_19	28	Picture	response60	2172588	10396	1	39835	1	10000	40000	hit	148
A_HP_19	28	Response	2	2178860	16668	1
A_HP_19	28	Pulse	99	2191271	29079	1
A_HP_19	28	Pulse	99	2211271	49079	1
A_HP_19	29	Picture	response58	2222818	10396	1	39835	1	10000	40000	hit	152
A_HP_19	29	Response	1	2230950	18527	1
A_HP_19	29	Pulse	99	2231270	18848	1
A_HP_19	29	Pulse	99	2251271	38848	1
A_HP_19	30	Pulse	99	2271271	8618	1
A_HP_19	30	Picture	response62	2273215	10562	1	39668	1	10000	40000	hit	157
A_HP_19	30	Response	2	2278280	15627	1
A_HP_19	30	Pulse	99	2291271	28618	1
A_HP_19	30	Pulse	99	2311271	48618	1
A_HP_19	31	Picture	response57	2323279	10395	1	39835	1	10000	40000	hit	162
A_HP_19	31	Pulse	99	2331271	18388	1
A_HP_19	31	Response	1	2331519	18636	1
A_HP_19	31	Pulse	99	2351271	38388	1
A_HP_19	32	Pulse	99	2371271	8157	1
A_HP_19	32	Picture	response61	2373510	10396	1	40246	1	10000	40000	hit	166
A_HP_19	32	Response	2	2379700	16586	1
A_HP_19	32	Pulse	99	2391275	28161	1
A_HP_19	32	Pulse	99	2411271	48157	1
A_HP_19	33	Picture	ins18	2413755	231	1	30229	1	0	30000	other	0
A_HP_19	33	Pulse	99	2431271	17746	1
A_HP_19	33	Pulse	99	2451271	37746	1
A_HP_19	33	Pulse	99	2471271	57746	1
A_HP_19	33	Pulse	99	2491271	77746	1
A_HP_19	33	Pulse	99	2511271	97746	1
A_HP_19	33	Pulse	99	2531271	117746	1
A_HP_19	33	Pulse	99	2551271	137746	1
A_HP_19	33	Pulse	99	2571271	157746	1
A_HP_19	33	Pulse	99	2591271	177746	1
A_HP_19	33	Pulse	99	2611271	197746	1
A_HP_19	33	Pulse	99	2631271	217746	1
A_HP_19	33	Pulse	99	2651271	237746	1
A_HP_19	33	Pulse	99	2671271	257746	1
A_HP_19	33	Pulse	99	2691271	277746	1
A_HP_19	33	Pulse	99	2711271	297746	1
A_HP_19	34	Response	3	2731271	7516	1
A_HP_19	34	Pulse	99	2731271	7516	1
A_HP_19	35	Picture	response138	2742063	10562	1	39667	1	10000	40000	hit	189
A_HP_19	35	Pulse	99	2751271	19770	1
A_HP_19	35	Response	1	2756569	25068	1
A_HP_19	35	Pulse	99	2771271	39770	1
A_HP_19	36	Pulse	99	2791271	9540	1
A_HP_19	36	Picture	response142	2792126	10396	1	39835	1	10000	40000	hit	194
A_HP_19	36	Pulse	99	2811271	29540	1
A_HP_19	36	Response	1	2812949	31218	1
A_HP_19	36	Pulse	99	2831270	49540	1
A_HP_19	37	Picture	response140	2842357	10396	1	39835	1	10000	40000	hit	198
A_HP_19	37	Pulse	99	2851271	19310	1
A_HP_19	37	Response	1	2858129	26168	1
A_HP_19	37	Pulse	99	2871271	39310	1
A_HP_19	38	Pulse	99	2891270	9079	1
A_HP_19	38	Picture	response141	2892587	10396	1	39835	1	10000	40000	hit	203
A_HP_19	38	Pulse	99	2911271	29079	1
A_HP_19	38	Response	2	2913209	31017	1
A_HP_19	38	Pulse	99	2931271	49079	1
A_HP_19	39	Picture	response144	2942818	10396	1	39835	1	10000	40000	hit	207
A_HP_19	39	Pulse	99	2951270	18848	1
A_HP_19	39	Response	1	2959170	26748	1
A_HP_19	39	Pulse	99	2971271	38849	1
A_HP_19	40	Pulse	99	2991271	8618	1
A_HP_19	40	Picture	response139	2993215	10562	1	39668	1	10000	40000	hit	211
A_HP_19	40	Response	1	3009409	26757	1
A_HP_19	40	Pulse	99	3011270	28618	1
A_HP_19	40	Pulse	99	3031271	48618	1
A_HP_19	41	Picture	response137	3043278	10396	1	39835	1	10000	40000	hit	216
A_HP_19	41	Pulse	99	3051271	18388	1
A_HP_19	41	Response	2	3055229	22347	1
A_HP_19	41	Pulse	99	3071271	38388	1
A_HP_19	42	Pulse	99	3091271	8158	1
A_HP_19	42	Picture	response143	3093508	10395	1	40247	1	10000	40000	hit	220
A_HP_19	42	Response	1	3104859	21746	1
A_HP_19	42	Pulse	99	3111271	28158	1
A_HP_19	42	Pulse	99	3131271	48158	1
A_HP_19	43	Picture	ins2	3133755	231	1	30229	1	0	30000	other	0
A_HP_19	43	Pulse	99	3151271	17746	1
A_HP_19	43	Pulse	99	3171271	37746	1
A_HP_19	43	Pulse	99	3191271	57746	1
A_HP_19	43	Pulse	99	3211271	77746	1
A_HP_19	43	Pulse	99	3231270	97746	1
A_HP_19	43	Pulse	99	3251271	117746	1
A_HP_19	43	Pulse	99	3271271	137746	1
A_HP_19	43	Pulse	99	3291271	157746	1
A_HP_19	43	Pulse	99	3311271	177746	1
A_HP_19	43	Pulse	99	3331270	197745	1
A_HP_19	43	Pulse	99	3351271	217746	1
A_HP_19	43	Pulse	99	3371271	237746	1
A_HP_19	43	Pulse	99	3391271	257746	1
A_HP_19	43	Pulse	99	3411270	277746	1
A_HP_19	43	Pulse	99	3431271	297746	1
A_HP_19	44	Response	3	3451270	7515	1
A_HP_19	44	Pulse	99	3451270	7515	1
A_HP_19	45	Picture	response10	3462063	10562	1	39668	1	10000	40000	hit	242
A_HP_19	45	Response	1	3470149	18648	1
A_HP_19	45	Pulse	99	3471270	19769	1
A_HP_19	45	Pulse	99	3491271	39770	1
A_HP_19	46	Pulse	99	3511271	9540	1
A_HP_19	46	Picture	response11	3512127	10396	1	39834	1	10000	40000	hit	247
A_HP_19	46	Response	2	3519398	17668	1
A_HP_19	46	Pulse	99	3531270	29539	1
A_HP_19	46	Pulse	99	3551270	49540	1
A_HP_19	47	Picture	response16	3562356	10395	1	39835	1	10000	40000	hit	251
A_HP_19	47	Response	2	3568559	16598	1
A_HP_19	47	Pulse	99	3571270	19309	1
A_HP_19	47	Pulse	99	3591271	39309	1
A_HP_19	48	Pulse	99	3611270	9079	1
A_HP_19	48	Picture	response12	3612587	10396	1	39834	1	10000	40000	hit	256
A_HP_19	48	Response	1	3618329	16138	1
A_HP_19	48	Pulse	99	3631270	29079	1
A_HP_19	48	Pulse	99	3651270	49079	1
A_HP_19	49	Picture	response14	3662816	10395	1	39835	1	10000	40000	hit	260
A_HP_19	49	Response	1	3669949	17528	1
A_HP_19	49	Pulse	99	3671270	18849	1
A_HP_19	49	Pulse	99	3691270	38850	1
A_HP_19	50	Pulse	99	3711270	8619	1
A_HP_19	50	Picture	response13	3713213	10562	1	39668	1	10000	40000	hit	265
A_HP_19	50	Response	2	3719289	16638	1
A_HP_19	50	Pulse	99	3731271	28619	1
A_HP_19	50	Pulse	99	3751270	48619	1
A_HP_19	51	Picture	response15	3763277	10395	1	39835	1	10000	40000	hit	270
A_HP_19	51	Pulse	99	3771270	18389	1
A_HP_19	51	Response	2	3772598	19717	1
A_HP_19	51	Pulse	99	3791270	38389	1
A_HP_19	52	Pulse	99	3811270	8159	1
A_HP_19	52	Picture	response9	3813507	10396	1	40247	1	10000	40000	hit	274
A_HP_19	52	Response	1	3821089	17977	1
A_HP_19	52	Pulse	99	3831270	28159	1
A_HP_19	52	Pulse	99	3851270	48159	1
A_HP_19	53	Picture	ins6	3853755	230	1	30229	1	0	30000	other	0
A_HP_19	53	Pulse	99	3871270	17746	1
A_HP_19	53	Pulse	99	3891269	37744	1
A_HP_19	53	Pulse	99	3911270	57746	1
A_HP_19	53	Pulse	99	3931270	77745	1
A_HP_19	53	Pulse	99	3951270	97746	1
A_HP_19	53	Pulse	99	3971270	117746	1
A_HP_19	53	Pulse	99	3991270	137746	1
A_HP_19	53	Pulse	99	4011270	157746	1
A_HP_19	53	Pulse	99	4031270	177746	1
A_HP_19	53	Pulse	99	4051270	197745	1
A_HP_19	53	Pulse	99	4071270	217746	1
A_HP_19	53	Pulse	99	4091270	237745	1
A_HP_19	53	Pulse	99	4111270	257746	1
A_HP_19	53	Pulse	99	4131270	277745	1
A_HP_19	53	Pulse	99	4151270	297746	1
A_HP_19	54	Response	3	4171270	7515	1
A_HP_19	54	Pulse	99	4171270	7515	1
A_HP_19	55	Picture	response47	4182063	10562	1	39672	1	10000	40000	hit	296
A_HP_19	55	Response	1	4187319	15819	1
A_HP_19	55	Pulse	99	4191270	19770	1
A_HP_19	55	Pulse	99	4211269	39768	1
A_HP_19	56	Pulse	99	4231270	9535	1
A_HP_19	56	Picture	response41	4232130	10396	1	39835	1	10000	40000	hit	301
A_HP_19	56	Response	2	4235739	14004	1
A_HP_19	56	Pulse	99	4251270	29535	1
A_HP_19	56	Pulse	99	4271270	49535	1
A_HP_19	57	Picture	response48	4282361	10396	1	39834	1	10000	40000	hit	305
A_HP_19	57	Response	1	4286079	14114	1
A_HP_19	57	Pulse	99	4291270	19305	1
A_HP_19	57	Pulse	99	4311270	39305	1
A_HP_19	58	Pulse	99	4331270	9075	1
A_HP_19	58	Picture	response44	4332593	10398	1	39832	1	10000	40000	hit	310
A_HP_19	58	Response	2	4336648	14453	1
A_HP_19	58	Pulse	99	4351270	29075	1
A_HP_19	58	Pulse	99	4371270	49075	1
A_HP_19	59	Picture	response46	4382821	10396	1	39835	1	10000	40000	hit	314
A_HP_19	59	Response	2	4386698	14273	1
A_HP_19	59	Pulse	99	4391269	18844	1
A_HP_19	59	Pulse	99	4411270	38845	1
A_HP_19	60	Pulse	99	4431270	8614	1
A_HP_19	60	Picture	response42	4433218	10562	1	39668	1	10000	40000	hit	319
A_HP_19	60	Response	1	4437639	14983	1
A_HP_19	60	Pulse	99	4451270	28614	1
A_HP_19	60	Pulse	99	4471270	48615	1
A_HP_19	61	Picture	response45	4483281	10395	1	39835	1	10000	40000	hit	323
A_HP_19	61	Response	1	4487329	14443	1
A_HP_19	61	Pulse	99	4491269	18383	1
A_HP_19	61	Pulse	99	4511269	38383	1
A_HP_19	62	Pulse	99	4531270	8154	1
A_HP_19	62	Picture	response43	4533511	10395	1	40243	1	10000	40000	hit	328
A_HP_19	62	Response	1	4537458	14343	1
A_HP_19	62	Pulse	99	4551269	28154	1
A_HP_19	62	Pulse	99	4571270	48154	1
A_HP_19	63	Picture	ins14	4573754	230	1	30229	1	0	30000	other	0
A_HP_19	63	Pulse	99	4591270	17746	1
A_HP_19	63	Pulse	99	4611270	37746	1
A_HP_19	63	Pulse	99	4631270	57746	1
A_HP_19	63	Pulse	99	4651270	77746	1
A_HP_19	63	Pulse	99	4671269	97745	1
A_HP_19	63	Pulse	99	4691269	117745	1
A_HP_19	63	Pulse	99	4711270	137745	1
A_HP_19	63	Pulse	99	4731270	157745	1
A_HP_19	63	Pulse	99	4751269	177745	1
A_HP_19	63	Pulse	99	4771270	197745	1
A_HP_19	63	Pulse	99	4791270	217746	1
A_HP_19	63	Pulse	99	4811270	237746	1
A_HP_19	63	Pulse	99	4831270	257746	1
A_HP_19	63	Pulse	99	4851270	277746	1
A_HP_19	63	Pulse	99	4871270	297746	1
A_HP_19	64	Response	3	4891270	7516	1
A_HP_19	64	Pulse	99	4891270	7516	1
A_HP_19	65	Picture	response109	4902063	10562	1	39668	1	10000	40000	hit	351
A_HP_19	65	Pulse	99	4911270	19770	1
A_HP_19	65	Response	1	4912418	20918	1
A_HP_19	65	Pulse	99	4931270	39770	1
A_HP_19	66	Pulse	99	4951270	9539	1
A_HP_19	66	Picture	response111	4952126	10396	1	39835	1	10000	40000	hit	355
A_HP_19	66	Response	1	4962079	20348	1
A_HP_19	66	Pulse	99	4971270	29539	1
A_HP_19	66	Pulse	99	4991270	49539	1
A_HP_19	67	Picture	response106	5002357	10396	1	39834	1	10000	40000	hit	359
A_HP_19	67	Response	1	5009908	17947	1
A_HP_19	67	Pulse	99	5011269	19308	1
A_HP_19	67	Pulse	99	5031270	39309	1
A_HP_19	68	Pulse	99	5051270	9079	1
A_HP_19	68	Picture	response105	5052586	10395	1	39835	1	10000	40000	hit	364
A_HP_19	68	Response	2	5061419	19228	1
A_HP_19	68	Pulse	99	5071270	29079	1
A_HP_19	68	Pulse	99	5091270	49079	1
A_HP_19	69	Picture	response107	5102817	10396	1	39835	1	10000	40000	hit	369
A_HP_19	69	Pulse	99	5111269	18848	1
A_HP_19	69	Response	1	5116759	24337	1
A_HP_19	69	Pulse	99	5131270	38848	1
A_HP_19	70	Pulse	99	5151270	8618	1
A_HP_19	70	Picture	response108	5153214	10562	1	39668	1	10000	40000	hit	373
A_HP_19	70	Response	2	5162909	20256	1
A_HP_19	70	Pulse	99	5171270	28618	1
A_HP_19	70	Pulse	99	5191270	48618	1
A_HP_19	71	Picture	response112	5203278	10396	1	39835	1	10000	40000	hit	378
A_HP_19	71	Pulse	99	5211270	18387	1
A_HP_19	71	Response	2	5214418	21536	1
A_HP_19	71	Pulse	99	5231269	38387	1
A_HP_19	72	Pulse	99	5251270	8157	1
A_HP_19	72	Picture	response110	5253509	10396	1	40245	1	10000	40000	hit	382
A_HP_19	72	Response	2	5263868	20755	1
A_HP_19	72	Pulse	99	5271270	28157	1
A_HP_19	72	Pulse	99	5291270	48157	1
A_HP_19	73	Picture	ins24	5293753	230	1	30229	1	0	30000	other	0
A_HP_19	73	Pulse	99	5311270	17746	1
A_HP_19	73	Pulse	99	5331270	37746	1
A_HP_19	73	Pulse	99	5351269	57746	1
A_HP_19	73	Pulse	99	5371270	77746	1
A_HP_19	73	Pulse	99	5391270	97746	1
A_HP_19	73	Pulse	99	5411270	117746	1
A_HP_19	73	Pulse	99	5431190	137666	1
A_HP_19	73	Pulse	99	5451270	157746	1
A_HP_19	73	Pulse	99	5471270	177746	1
A_HP_19	73	Pulse	99	5491269	197746	1
A_HP_19	73	Pulse	99	5511269	217745	1
A_HP_19	73	Pulse	99	5531269	237746	1
A_HP_19	73	Pulse	99	5551270	257746	1
A_HP_19	73	Pulse	99	5571270	277746	1
A_HP_19	73	Pulse	99	5591269	297746	1
A_HP_19	74	Response	3	5611270	7516	1
A_HP_19	74	Pulse	99	5611270	7516	1
A_HP_19	75	Picture	response189	5622062	10562	1	39668	1	10000	40000	hit	405
A_HP_19	75	Pulse	99	5631189	19689	1
A_HP_19	75	Response	1	5639328	27828	1
A_HP_19	75	Pulse	99	5651269	39769	1
A_HP_19	76	Pulse	99	5671269	9539	1
A_HP_19	76	Picture	response185	5672126	10396	1	39835	1	10000	40000	hit	409
A_HP_19	76	Response	1	5685908	24178	1
A_HP_19	76	Pulse	99	5691270	29539	1
A_HP_19	76	Pulse	99	5711269	49539	1
A_HP_19	77	Picture	response190	5722356	10396	1	39835	1	10000	40000	hit	414
A_HP_19	77	Pulse	99	5731269	19309	1
A_HP_19	77	Response	1	5736168	24208	1
A_HP_19	77	Pulse	99	5751269	39309	1
A_HP_19	78	Pulse	99	5771269	9078	1
A_HP_19	78	Picture	response188	5772587	10396	1	39835	1	10000	40000	hit	418
A_HP_19	78	Response	2	5785858	23667	1
A_HP_19	78	Pulse	99	5791269	29078	1
A_HP_19	78	Pulse	99	5811269	49078	1
A_HP_19	79	Picture	response187	5822817	10395	1	39835	1	10000	40000	hit	423
A_HP_19	79	Pulse	99	5831269	18847	1
A_HP_19	79	Response	2	5841098	28677	1
A_HP_19	79	Pulse	99	5851269	38848	1
A_HP_19	80	Pulse	99	5871269	8618	1
A_HP_19	80	Picture	response186	5873214	10563	1	39668	1	10000	40000	incorrect	427
A_HP_19	80	Response	1	5889788	27136	1
A_HP_19	80	Pulse	99	5891189	28537	1
A_HP_19	80	Pulse	99	5911269	48618	1
A_HP_19	81	Picture	response191	5923278	10396	1	39835	1	10000	40000	hit	432
A_HP_19	81	Pulse	99	5931269	18387	1
A_HP_19	81	Response	1	5939078	26196	1
A_HP_19	81	Pulse	99	5951269	38387	1
A_HP_19	82	Pulse	99	5971269	8157	1
A_HP_19	82	Picture	response192	5973508	10396	1	40246	1	10000	40000	hit	436
A_HP_19	82	Response	1	5987628	24516	1
A_HP_19	82	Pulse	99	5991269	28156	1
A_HP_19	82	Pulse	99	6011269	48157	1
A_HP_19	83	Picture	ins20	6013754	230	1	30229	1	0	30000	other	0
A_HP_19	83	Pulse	99	6031269	17746	1
A_HP_19	83	Pulse	99	6051269	37746	1
A_HP_19	83	Pulse	99	6071269	57745	1
A_HP_19	83	Pulse	99	6091189	77666	1
A_HP_19	83	Pulse	99	6111269	97746	1
A_HP_19	83	Pulse	99	6131269	117746	1
A_HP_19	83	Pulse	99	6151189	137665	1
A_HP_19	83	Pulse	99	6171269	157745	1
A_HP_19	83	Pulse	99	6191269	177745	1
A_HP_19	83	Pulse	99	6211269	197746	1
A_HP_19	83	Pulse	99	6231269	217746	1
A_HP_19	83	Pulse	99	6251269	237746	1
A_HP_19	83	Pulse	99	6271269	257746	1
A_HP_19	83	Pulse	99	6291189	277666	1
A_HP_19	83	Pulse	99	6311269	297745	1
A_HP_19	84	Response	3	6331269	7515	1
A_HP_19	84	Pulse	99	6331269	7515	1
A_HP_19	85	Picture	response159	6342061	10562	1	39668	1	10000	40000	hit	459
A_HP_19	85	Pulse	99	6351189	19690	1
A_HP_19	85	Response	2	6357147	25648	1
A_HP_19	85	Pulse	99	6371269	39770	1
A_HP_19	86	Pulse	99	6391269	9540	1
A_HP_19	86	Picture	response154	6392124	10395	1	39835	1	10000	40000	hit	463
A_HP_19	86	Response	1	6406637	24908	1
A_HP_19	86	Pulse	99	6411189	29460	1
A_HP_19	86	Pulse	99	6431269	49540	1
A_HP_19	87	Picture	response157	6442355	10396	1	39835	1	10000	40000	hit	468
A_HP_19	87	Pulse	99	6451269	19310	1
A_HP_19	87	Response	2	6463768	31809	1
A_HP_19	87	Pulse	99	6471269	39310	1
A_HP_19	88	Pulse	99	6491189	9000	1
A_HP_19	88	Picture	response160	6492585	10396	1	39834	1	10000	40000	hit	472
A_HP_19	88	Response	2	6508608	26418	1
A_HP_19	88	Pulse	99	6511269	29079	1
A_HP_19	88	Pulse	99	6531269	49079	1
A_HP_19	89	Picture	response155	6542815	10396	1	39835	1	10000	40000	hit	477
A_HP_19	89	Pulse	99	6551191	18772	1
A_HP_19	89	Response	2	6554388	21968	1
A_HP_19	89	Pulse	99	6571269	38849	1
A_HP_19	90	Pulse	99	6591269	8619	1
A_HP_19	90	Picture	response156	6593212	10562	1	39668	1	10000	40000	hit	481
A_HP_19	90	Response	2	6606587	23937	1
A_HP_19	90	Pulse	99	6611189	28539	1
A_HP_19	90	Pulse	99	6631269	48619	1
A_HP_19	91	Picture	response153	6643276	10395	1	39835	1	10000	40000	incorrect	486
A_HP_19	91	Pulse	99	6651269	18389	1
A_HP_19	91	Response	2	6660758	27877	1
A_HP_19	91	Pulse	99	6671189	38309	1
A_HP_19	92	Pulse	99	6691269	8158	1
A_HP_19	92	Picture	response158	6693506	10395	1	40247	1	10000	40000	hit	490
A_HP_19	92	Response	2	6707738	24627	1
A_HP_19	92	Pulse	99	6711269	28158	1
A_HP_19	92	Pulse	99	6731269	48158	1
A_HP_19	93	Picture	ins12	6733753	230	1	30229	1	0	30000	other	0
A_HP_19	93	Pulse	99	6751189	17666	1
A_HP_19	93	Pulse	99	6771269	37746	1
A_HP_19	93	Pulse	99	6791269	57746	1
A_HP_19	93	Pulse	99	6811190	77666	1
A_HP_19	93	Pulse	99	6831269	97746	1
A_HP_19	93	Pulse	99	6851268	117744	1
A_HP_19	93	Pulse	99	6871189	137666	1
A_HP_19	93	Pulse	99	6891269	157746	1
A_HP_19	93	Pulse	99	6911269	177746	1
A_HP_19	93	Pulse	99	6931269	197746	1
A_HP_19	93	Pulse	99	6951189	217666	1
A_HP_19	93	Pulse	99	6971269	237745	1
A_HP_19	93	Pulse	99	6991269	257746	1
A_HP_19	93	Pulse	99	7011189	277666	1
A_HP_19	93	Pulse	99	7031269	297746	1
A_HP_19	94	Response	3	7051269	7515	1
A_HP_19	94	Pulse	99	7051269	7515	1
A_HP_19	95	Picture	response91	7062062	10562	1	39668	1	10000	40000	hit	513
A_HP_19	95	Pulse	99	7071189	19689	1
A_HP_19	95	Response	2	7077018	25518	1
A_HP_19	95	Pulse	99	7091269	39769	1
A_HP_19	96	Pulse	99	7111269	9539	1
A_HP_19	96	Picture	response92	7112125	10396	1	39835	1	10000	40000	hit	517
A_HP_19	96	Response	1	7122498	20768	1
A_HP_19	96	Pulse	99	7131188	29458	1
A_HP_19	96	Pulse	99	7151189	49459	1
A_HP_19	97	Picture	response89	7162356	10396	1	39834	1	10000	40000	hit	522
A_HP_19	97	Pulse	99	7171268	19308	1
A_HP_19	97	Response	2	7177037	25077	1
A_HP_19	97	Pulse	99	7191269	39308	1
A_HP_19	98	Pulse	99	7211189	8999	1
A_HP_19	98	Picture	response96	7212586	10396	1	39835	1	10000	40000	hit	526
A_HP_19	98	Response	2	7227997	25807	1
A_HP_19	98	Pulse	99	7231268	29078	1
A_HP_19	98	Pulse	99	7251269	49079	1
A_HP_19	99	Picture	response93	7262816	10395	1	39835	1	10000	40000	hit	531
A_HP_19	99	Pulse	99	7271189	18768	1
A_HP_19	99	Response	1	7278647	26227	1
A_HP_19	99	Pulse	99	7291269	38848	1
A_HP_19	100	Pulse	99	7311269	8618	1
A_HP_19	100	Picture	response94	7313213	10562	1	39668	1	10000	40000	hit	536
A_HP_19	100	Pulse	99	7331189	28538	1
A_HP_19	100	Response	2	7333647	30996	1
A_HP_19	100	Pulse	99	7351189	48538	1
A_HP_19	101	Picture	response90	7363277	10396	1	39834	1	10000	40000	hit	540
A_HP_19	101	Pulse	99	7371268	18387	1
A_HP_19	101	Response	1	7379277	26396	1
A_HP_19	101	Pulse	99	7391187	38306	1
A_HP_19	102	Pulse	99	7411188	8077	1
A_HP_19	102	Picture	response95	7413506	10395	1	40246	1	10000	40000	hit	544
A_HP_19	102	Response	1	7429887	26776	1
A_HP_19	102	Pulse	99	7431267	28156	1
A_HP_19	102	Pulse	99	7451268	48157	1
A_HP_19	103	Picture	ins22	7453752	230	1	30229	1	0	30000	other	0
A_HP_19	103	Pulse	99	7471188	17666	1
A_HP_19	103	Pulse	99	7491269	37746	1
A_HP_19	103	Pulse	99	7511269	57747	1
A_HP_19	103	Pulse	99	7531189	77666	1
A_HP_19	103	Pulse	99	7551269	97746	1
A_HP_19	103	Pulse	99	7571269	117746	1
A_HP_19	103	Pulse	99	7591189	137667	1
A_HP_19	103	Pulse	99	7611189	157666	1
A_HP_19	103	Pulse	99	7631267	177745	1
A_HP_19	103	Pulse	99	7651188	197666	1
A_HP_19	103	Pulse	99	7671188	217666	1
A_HP_19	103	Pulse	99	7691269	237746	1
A_HP_19	103	Pulse	99	7711268	257746	1
A_HP_19	103	Pulse	99	7731188	277666	1
A_HP_19	103	Pulse	99	7751268	297746	1
A_HP_19	104	Response	3	7771268	7516	1
A_HP_19	104	Pulse	99	7771268	7516	1
A_HP_19	105	Picture	response176	7782060	10562	1	39668	1	10000	40000	hit	567
A_HP_19	105	Pulse	99	7791189	19690	1
A_HP_19	105	Response	1	7793947	22448	1
A_HP_19	105	Pulse	99	7811188	39690	1
A_HP_19	106	Pulse	99	7831269	9540	1
A_HP_19	106	Picture	response173	7832124	10395	1	39835	1	10000	40000	hit	571
A_HP_19	106	Response	1	7849987	28258	1
A_HP_19	106	Pulse	99	7851187	29459	1
A_HP_19	106	Pulse	99	7871188	49460	1
A_HP_19	107	Picture	response170	7882354	10395	1	39835	1	10000	40000	hit	576
A_HP_19	107	Pulse	99	7891268	19309	1
A_HP_19	107	Response	2	7895827	23868	1
A_HP_19	107	Pulse	99	7911268	39309	1
A_HP_19	108	Pulse	99	7931188	8999	1
A_HP_19	108	Picture	response171	7932584	10395	1	39835	1	10000	40000	hit	580
A_HP_19	108	Response	1	7946857	24668	1
A_HP_19	108	Pulse	99	7951268	29079	1
A_HP_19	108	Pulse	99	7971268	49079	1
A_HP_19	109	Picture	response169	7982815	10396	1	39834	1	10000	40000	hit	585
A_HP_19	109	Pulse	99	7991188	18769	1
A_HP_19	109	Response	2	7994497	22078	1
A_HP_19	109	Pulse	99	8011189	38770	1
A_HP_19	110	Pulse	99	8031268	8619	1
A_HP_19	110	Picture	response175	8033211	10562	1	39668	1	10000	40000	hit	589
A_HP_19	110	Response	2	8050097	27448	1
A_HP_19	110	Pulse	99	8051188	28539	1
A_HP_19	110	Pulse	99	8071188	48539	1
A_HP_19	111	Picture	response174	8083275	10396	1	39835	1	10000	40000	hit	594
A_HP_19	111	Pulse	99	8091268	18389	1
A_HP_19	111	Response	2	8103577	30698	1
A_HP_19	111	Pulse	99	8111188	38308	1
A_HP_19	112	Pulse	99	8131187	8077	1
A_HP_19	112	Picture	response172	8133506	10396	1	40247	1	10000	40000	hit	599
A_HP_19	112	Pulse	99	8151268	28158	1
A_HP_19	112	Response	2	8152247	29137	1
A_HP_19	112	Pulse	99	8171268	48158	1
A_HP_19	113	Picture	ins10	8173753	230	1	30229	1	0	30000	other	0
A_HP_19	113	Pulse	99	8191188	17666	1
A_HP_19	113	Pulse	99	8211188	37666	1
A_HP_19	113	Pulse	99	8231268	57746	1
A_HP_19	113	Pulse	99	8251188	77665	1
A_HP_19	113	Pulse	99	8271188	97666	1
A_HP_19	113	Pulse	99	8291268	117746	1
A_HP_19	113	Pulse	99	8311188	137666	1
A_HP_19	113	Pulse	99	8331188	157666	1
A_HP_19	113	Pulse	99	8351268	177746	1
A_HP_19	113	Pulse	99	8371190	197668	1
A_HP_19	113	Pulse	99	8391188	217666	1
A_HP_19	113	Pulse	99	8411268	237746	1
A_HP_19	113	Pulse	99	8431268	257746	1
A_HP_19	113	Pulse	99	8451188	277666	1
A_HP_19	113	Pulse	99	8471187	297665	1
A_HP_19	114	Response	3	8491268	7515	1
A_HP_19	114	Pulse	99	8491268	7515	1
A_HP_19	115	Picture	response75	8502060	10562	1	39668	1	10000	40000	hit	621
A_HP_19	115	Pulse	99	8511188	19690	1
A_HP_19	115	Response	2	8514086	22588	1
A_HP_19	115	Pulse	99	8531188	39690	1
A_HP_19	116	Pulse	99	8551268	9539	1
A_HP_19	116	Picture	response74	8552124	10396	1	39834	1	10000	40000	hit	625
A_HP_19	116	Response	1	8563277	21548	1
A_HP_19	116	Pulse	99	8571188	29459	1
A_HP_19	116	Pulse	99	8591188	49459	1
A_HP_19	117	Picture	response77	8602354	10396	1	39835	1	10000	40000	hit	630
A_HP_19	117	Pulse	99	8611268	19309	1
A_HP_19	117	Response	2	8618336	26378	1
A_HP_19	117	Pulse	99	8631188	39229	1
A_HP_19	118	Pulse	99	8651188	8999	1
A_HP_19	118	Picture	response76	8652584	10396	1	39835	1	10000	40000	hit	634
A_HP_19	118	Response	1	8664696	22508	1
A_HP_19	118	Pulse	99	8671188	28999	1
A_HP_19	118	Pulse	99	8691268	49079	1
A_HP_19	119	Picture	response78	8702815	10396	1	39835	1	10000	40000	hit	639
A_HP_19	119	Pulse	99	8711188	18768	1
A_HP_19	119	Response	1	8717656	25237	1
A_HP_19	119	Pulse	99	8731188	38769	1
A_HP_19	120	Pulse	99	8751268	8618	1
A_HP_19	120	Picture	response80	8753212	10562	1	39668	1	10000	40000	hit	643
A_HP_19	120	Response	2	8760137	17487	1
A_HP_19	120	Pulse	99	8771188	28538	1
A_HP_19	120	Pulse	99	8791188	48538	1
A_HP_19	121	Picture	response79	8803275	10396	1	39835	1	10000	40000	hit	648
A_HP_19	121	Pulse	99	8811268	18388	1
A_HP_19	121	Response	1	8812496	19616	1
A_HP_19	121	Pulse	99	8831188	38308	1
A_HP_19	122	Pulse	99	8851188	8078	1
A_HP_19	122	Picture	response73	8853505	10396	1	39835	1	10000	40000	hit	652
A_HP_19	122	Response	2	8863937	20827	1
A_HP_19	122	Pulse	99	8871188	28078	1
A_HP_19	122	Pulse	99	8891188	48078	1
A_HP_19	123	Picture	thanks	8893340	0	1	10229	1	0	10000	other	0
A_HP_19	123	Pulse	99	8911188	17848	1


Event Type	Code	Type	Response	RT	RT Uncertainty	Time	Uncertainty	Duration	Uncertainty	ReqTime	ReqDur

Picture	ready	other				191504	1	10229	1	0	10000
Picture	ins16	other				252058	1	30229	1	0	30000
Picture	response125	hit	2	21806	2	582064	1	39668	1	10000	40000
Picture	response126	hit	2	15432	2	632128	1	39835	1	10000	40000
Picture	response124	hit	2	13801	2	682359	1	39834	1	10000	40000
Picture	response121	hit	1	9442	2	732588	1	39835	1	10000	40000
Picture	response122	hit	1	9550	2	782819	1	39834	1	10000	40000
Picture	response127	hit	2	9964	2	833216	1	39668	1	10000	40000
Picture	response128	hit	2	11090	2	883280	1	39835	1	10000	40000
Picture	response123	hit	2	14351	2	933510	1	40247	1	10000	40000
Picture	ins4	other				973757	1	30229	1	0	30000
Picture	response31	hit	1	5816	2	1302064	1	39668	1	10000	40000
Picture	response28	hit	1	5292	2	1352128	1	39835	1	10000	40000
Picture	response26	hit	2	3612	2	1402358	1	39835	1	10000	40000
Picture	response27	hit	1	5062	2	1452588	1	39835	1	10000	40000
Picture	response29	hit	1	5402	2	1502819	1	39835	1	10000	40000
Picture	response30	hit	1	3985	2	1553216	1	39668	1	10000	40000
Picture	response32	hit	2	4780	2	1603279	1	39835	1	10000	40000
Picture	response25	hit	2	5580	2	1653510	1	40246	1	10000	40000
Picture	ins8	other				1693755	1	30229	1	0	30000
Picture	response59	hit	1	9775	2	2022064	1	39668	1	10000	40000
Picture	response63	hit	1	6002	2	2072128	1	39834	1	10000	40000
Picture	response64	hit	2	5963	2	2122357	1	39835	1	10000	40000
Picture	response60	hit	2	6272	2	2172588	1	39835	1	10000	40000
Picture	response58	hit	1	8131	2	2222818	1	39835	1	10000	40000
Picture	response62	hit	2	5065	2	2273215	1	39668	1	10000	40000
Picture	response57	hit	1	8241	2	2323279	1	39835	1	10000	40000
Picture	response61	hit	2	6190	2	2373510	1	40246	1	10000	40000
Picture	ins18	other				2413755	1	30229	1	0	30000
Picture	response138	hit	1	14506	2	2742063	1	39667	1	10000	40000
Picture	response142	hit	1	20823	2	2792126	1	39835	1	10000	40000
Picture	response140	hit	1	15773	2	2842357	1	39835	1	10000	40000
Picture	response141	hit	2	20622	2	2892587	1	39835	1	10000	40000
Picture	response144	hit	1	16352	2	2942818	1	39835	1	10000	40000
Picture	response139	hit	1	16195	2	2993215	1	39668	1	10000	40000
Picture	response137	hit	2	11951	2	3043278	1	39835	1	10000	40000
Picture	response143	hit	1	11351	2	3093508	1	40247	1	10000	40000
Picture	ins2	other				3133755	1	30229	1	0	30000
Picture	response10	hit	1	8086	2	3462063	1	39668	1	10000	40000
Picture	response11	hit	2	7272	2	3512127	1	39834	1	10000	40000
Picture	response16	hit	2	6203	2	3562356	1	39835	1	10000	40000
Picture	response12	hit	1	5742	2	3612587	1	39834	1	10000	40000
Picture	response14	hit	1	7133	2	3662816	1	39835	1	10000	40000
Picture	response13	hit	2	6075	2	3713213	1	39668	1	10000	40000
Picture	response15	hit	2	9322	2	3763277	1	39835	1	10000	40000
Picture	response9	hit	1	7582	2	3813507	1	40247	1	10000	40000
Picture	ins6	other				3853755	1	30229	1	0	30000
Picture	response47	hit	1	5256	2	4182063	1	39672	1	10000	40000
Picture	response41	hit	2	3609	2	4232130	1	39835	1	10000	40000
Picture	response48	hit	1	3718	2	4282361	1	39834	1	10000	40000
Picture	response44	hit	2	4056	2	4332593	1	39832	1	10000	40000
Picture	response46	hit	2	3878	2	4382821	1	39835	1	10000	40000
Picture	response42	hit	1	4421	2	4433218	1	39668	1	10000	40000
Picture	response45	hit	1	4048	2	4483281	1	39835	1	10000	40000
Picture	response43	hit	1	3947	2	4533511	1	40243	1	10000	40000
Picture	ins14	other				4573754	1	30229	1	0	30000
Picture	response109	hit	1	10355	2	4902063	1	39668	1	10000	40000
Picture	response111	hit	1	9952	2	4952126	1	39835	1	10000	40000
Picture	response106	hit	1	7552	2	5002357	1	39834	1	10000	40000
Picture	response105	hit	2	8832	2	5052586	1	39835	1	10000	40000
Picture	response107	hit	1	13941	2	5102817	1	39835	1	10000	40000
Picture	response108	hit	2	9694	2	5153214	1	39668	1	10000	40000
Picture	response112	hit	2	11140	2	5203278	1	39835	1	10000	40000
Picture	response110	hit	2	10359	2	5253509	1	40245	1	10000	40000
Picture	ins24	other				5293753	1	30229	1	0	30000
Picture	response189	hit	1	17266	2	5622062	1	39668	1	10000	40000
Picture	response185	hit	1	13782	2	5672126	1	39835	1	10000	40000
Picture	response190	hit	1	13812	2	5722356	1	39835	1	10000	40000
Picture	response188	hit	2	13272	2	5772587	1	39835	1	10000	40000
Picture	response187	hit	2	18281	2	5822817	1	39835	1	10000	40000
Picture	response186	incorrect	1	16574	2	5873214	1	39668	1	10000	40000
Picture	response191	hit	1	15800	2	5923278	1	39835	1	10000	40000
Picture	response192	hit	1	14120	2	5973508	1	40246	1	10000	40000
Picture	ins20	other				6013754	1	30229	1	0	30000
Picture	response159	hit	2	15086	2	6342061	1	39668	1	10000	40000
Picture	response154	hit	1	14513	2	6392124	1	39835	1	10000	40000
Picture	response157	hit	2	21413	2	6442355	1	39835	1	10000	40000
Picture	response160	hit	2	16022	2	6492585	1	39834	1	10000	40000
Picture	response155	hit	2	11572	2	6542815	1	39835	1	10000	40000
Picture	response156	hit	2	13375	2	6593212	1	39668	1	10000	40000
Picture	response153	incorrect	2	17482	2	6643276	1	39835	1	10000	40000
Picture	response158	hit	2	14232	2	6693506	1	40247	1	10000	40000
Picture	ins12	other				6733753	1	30229	1	0	30000
Picture	response91	hit	2	14956	2	7062062	1	39668	1	10000	40000
Picture	response92	hit	1	10372	2	7112125	1	39835	1	10000	40000
Picture	response89	hit	2	14681	2	7162356	1	39834	1	10000	40000
Picture	response96	hit	2	15411	2	7212586	1	39835	1	10000	40000
Picture	response93	hit	1	15831	2	7262816	1	39835	1	10000	40000
Picture	response94	hit	2	20434	2	7313213	1	39668	1	10000	40000
Picture	response90	hit	1	16000	2	7363277	1	39834	1	10000	40000
Picture	response95	hit	1	16381	2	7413506	1	40246	1	10000	40000
Picture	ins22	other				7453752	1	30229	1	0	30000
Picture	response176	hit	1	11887	2	7782060	1	39668	1	10000	40000
Picture	response173	hit	1	17863	2	7832124	1	39835	1	10000	40000
Picture	response170	hit	2	13473	2	7882354	1	39835	1	10000	40000
Picture	response171	hit	1	14273	2	7932584	1	39835	1	10000	40000
Picture	response169	hit	2	11682	2	7982815	1	39834	1	10000	40000
Picture	response175	hit	2	16886	2	8033211	1	39668	1	10000	40000
Picture	response174	hit	2	20302	2	8083275	1	39835	1	10000	40000
Picture	response172	hit	2	18741	2	8133506	1	40247	1	10000	40000
Picture	ins10	other				8173753	1	30229	1	0	30000
Picture	response75	hit	2	12026	2	8502060	1	39668	1	10000	40000
Picture	response74	hit	1	11152	2	8552124	1	39834	1	10000	40000
Picture	response77	hit	2	15982	2	8602354	1	39835	1	10000	40000
Picture	response76	hit	1	12112	2	8652584	1	39835	1	10000	40000
Picture	response78	hit	1	14841	2	8702815	1	39835	1	10000	40000
Picture	response80	hit	2	6925	2	8753212	1	39668	1	10000	40000
Picture	response79	hit	1	9221	2	8803275	1	39835	1	10000	40000
Picture	response73	hit	2	10431	2	8853505	1	39835	1	10000	40000
Picture	thanks	other				8893340	1	10229	1	0	10000


{
   "app": "Presentation Version 21.0 Build 06.06.19",
   "device": "LENOVO 20KHCTO1WW",
   "experiment": "{A2FC4E2A-B401-4E65-9CA9-5B09E294C871}",
   "os": "Windows 10 64 bit",
   "package": "",
   "parameters": {
      "configuration": "Default configuration"
   },
   "scenario": "Dimension experiment(2).sce",
   "subject": "A_HP_19",
   "timestamp": "2019/10/17 01:36:06 GMT"
}
