Scenario - 
Logfile written - 12/19/2019 12:38:29

Subject	Trial	Event Type	Code	Time	TTime	Uncertainty	Duration	Uncertainty	ReqTime	ReqDur	Stim Type	Pair Index

A_HP_40	1	Response	3	356665	355564	1
A_HP_40	1	Pulse	99	356665	355564	1
A_HP_40	2	Picture	ready	356773	0	1	10162	1	0	10000	other	0
A_HP_40	2	Pulse	99	376745	19972	1
A_HP_40	2	Pulse	99	396745	39972	1
A_HP_40	2	Pulse	99	416664	59891	1
A_HP_40	3	Picture	ins8	417246	75	1	30153	1	0	30000	other	0
A_HP_40	3	Pulse	99	436745	19574	1
A_HP_40	3	Pulse	99	456745	39574	1
A_HP_40	3	Pulse	99	476665	59494	1
A_HP_40	3	Pulse	99	496745	79574	1
A_HP_40	3	Pulse	99	516745	99574	1
A_HP_40	3	Pulse	99	536664	119494	1
A_HP_40	3	Pulse	99	556745	139574	1
A_HP_40	3	Pulse	99	576745	159574	1
A_HP_40	3	Pulse	99	596664	179494	1
A_HP_40	3	Pulse	99	616745	199574	1
A_HP_40	3	Pulse	99	636745	219574	1
A_HP_40	3	Pulse	99	656744	239573	1
A_HP_40	3	Pulse	99	676745	259574	1
A_HP_40	3	Pulse	99	696745	279574	1
A_HP_40	3	Pulse	99	716745	299574	1
A_HP_40	4	Response	3	736664	9392	1
A_HP_40	4	Pulse	99	736664	9392	1
A_HP_40	5	Picture	response63	747096	10329	1	39815	1	10000	40000	incorrect	27
A_HP_40	5	Pulse	99	756745	19977	1
A_HP_40	5	Response	2	768273	31506	1
A_HP_40	5	Pulse	99	776745	39977	1
A_HP_40	6	Pulse	99	796665	9753	1
A_HP_40	6	Picture	response64	797240	10329	1	39815	1	10000	40000	incorrect	31
A_HP_40	6	Response	1	807513	20602	1
A_HP_40	6	Pulse	99	816745	29833	1
A_HP_40	6	Pulse	99	836745	49834	1
A_HP_40	7	Picture	response57	847384	10329	1	39815	1	10000	40000	hit	37
A_HP_40	7	Pulse	99	856665	19610	1
A_HP_40	7	Pulse	99	876745	39689	1
A_HP_40	7	Response	1	879923	42868	1
A_HP_40	8	Pulse	99	896745	9545	1
A_HP_40	8	Picture	response60	897528	10329	1	39815	1	10000	40000	hit	40
A_HP_40	8	Response	2	911994	24794	1
A_HP_40	8	Pulse	99	916664	29465	1
A_HP_40	8	Pulse	99	936745	49545	1
A_HP_40	9	Picture	response61	947672	10329	1	39815	1	10000	40000	hit	45
A_HP_40	9	Pulse	99	956745	19401	1
A_HP_40	9	Response	2	964553	27210	1
A_HP_40	9	Pulse	99	976665	39321	1
A_HP_40	10	Pulse	99	996745	9257	1
A_HP_40	10	Picture	response59	997816	10329	1	39815	1	10000	40000	hit	49
A_HP_40	10	Response	1	1014094	26606	1
A_HP_40	10	Pulse	99	1016744	29256	1
A_HP_40	10	Pulse	99	1036665	49178	1
A_HP_40	11	Picture	response62	1047960	10329	1	39815	1	10000	40000	hit	54
A_HP_40	11	Pulse	99	1056745	19113	1
A_HP_40	11	Response	2	1072283	34652	1
A_HP_40	11	Pulse	99	1076745	39113	1
A_HP_40	12	Pulse	99	1096665	8889	1
A_HP_40	12	Picture	response58	1098104	10329	1	40148	1	10000	40000	hit	58
A_HP_40	12	Response	1	1110924	23148	1
A_HP_40	12	Pulse	99	1116745	28969	1
A_HP_40	12	Pulse	99	1136745	48969	1
A_HP_40	13	Picture	ins6	1138253	81	1	30153	1	0	30000	other	0
A_HP_40	13	Pulse	99	1156665	18494	1
A_HP_40	13	Pulse	99	1176665	38493	1
A_HP_40	13	Pulse	99	1196745	58574	1
A_HP_40	13	Pulse	99	1216665	78494	1
A_HP_40	13	Pulse	99	1236665	98494	1
A_HP_40	13	Pulse	99	1256745	118574	1
A_HP_40	13	Pulse	99	1276665	138494	1
A_HP_40	13	Pulse	99	1296665	158494	1
A_HP_40	13	Pulse	99	1316746	178574	1
A_HP_40	13	Pulse	99	1336665	198494	1
A_HP_40	13	Pulse	99	1356665	218494	1
A_HP_40	13	Pulse	99	1376745	238574	1
A_HP_40	13	Pulse	99	1396665	258494	1
A_HP_40	13	Pulse	99	1416665	278494	1
A_HP_40	13	Pulse	99	1436745	298574	1
A_HP_40	14	Response	3	1456665	8386	1
A_HP_40	14	Pulse	99	1456665	8386	1
A_HP_40	15	Picture	response46	1467104	10329	1	39815	1	10000	40000	hit	81
A_HP_40	15	Pulse	99	1476666	19890	1
A_HP_40	15	Response	2	1477273	20498	1
A_HP_40	15	Pulse	99	1496745	39970	1
A_HP_40	16	Pulse	99	1516665	9746	1
A_HP_40	16	Picture	response45	1517248	10329	1	39815	1	10000	40000	hit	85
A_HP_40	16	Response	1	1527644	20725	1
A_HP_40	16	Pulse	99	1536665	29746	1
A_HP_40	16	Pulse	99	1556745	49826	1
A_HP_40	17	Picture	response44	1567392	10329	1	39815	1	10000	40000	hit	89
A_HP_40	17	Response	2	1576574	19511	1
A_HP_40	17	Pulse	99	1576744	19681	1
A_HP_40	17	Pulse	99	1596665	39602	1
A_HP_40	18	Pulse	99	1616745	9538	1
A_HP_40	18	Picture	response47	1617536	10329	1	39815	1	10000	40000	hit	94
A_HP_40	18	Response	1	1628834	21627	1
A_HP_40	18	Pulse	99	1636745	29538	1
A_HP_40	18	Pulse	99	1656665	49458	1
A_HP_40	19	Picture	response41	1667680	10329	1	39815	1	10000	40000	hit	99
A_HP_40	19	Pulse	99	1676665	19314	1
A_HP_40	19	Response	2	1684904	27553	1
A_HP_40	19	Pulse	99	1696745	39394	1
A_HP_40	20	Pulse	99	1716666	9170	1
A_HP_40	20	Picture	response48	1717824	10329	1	39815	1	10000	40000	hit	103
A_HP_40	20	Response	1	1731584	24089	1
A_HP_40	20	Pulse	99	1736665	29170	1
A_HP_40	20	Pulse	99	1756745	49250	1
A_HP_40	21	Picture	response42	1767968	10329	1	39815	1	10000	40000	hit	108
A_HP_40	21	Pulse	99	1776666	19027	1
A_HP_40	21	Response	1	1779814	22175	1
A_HP_40	21	Pulse	99	1796665	39026	1
A_HP_40	22	Pulse	99	1816745	8962	1
A_HP_40	22	Picture	response43	1818112	10329	1	40148	1	10000	40000	hit	112
A_HP_40	22	Response	1	1826444	18661	1
A_HP_40	22	Pulse	99	1836665	28882	1
A_HP_40	22	Pulse	99	1856665	48882	1
A_HP_40	23	Picture	ins24	1858260	89	1	30153	1	0	30000	other	0
A_HP_40	23	Pulse	99	1876746	18574	1
A_HP_40	23	Pulse	99	1896665	38494	1
A_HP_40	23	Pulse	99	1916665	58494	1
A_HP_40	23	Pulse	99	1936746	78574	1
A_HP_40	23	Pulse	99	1956665	98494	1
A_HP_40	23	Pulse	99	1976665	118494	1
A_HP_40	23	Pulse	99	1996745	138574	1
A_HP_40	23	Pulse	99	2016665	158494	1
A_HP_40	23	Pulse	99	2036666	178494	1
A_HP_40	23	Pulse	99	2056746	198574	1
A_HP_40	23	Pulse	99	2076665	218494	1
A_HP_40	23	Pulse	99	2096665	238494	1
A_HP_40	23	Pulse	99	2116666	258494	1
A_HP_40	23	Pulse	99	2136665	278494	1
A_HP_40	23	Pulse	99	2156666	298494	1
A_HP_40	24	Response	3	2176666	8379	1
A_HP_40	24	Pulse	99	2176666	8379	1
A_HP_40	25	Picture	response191	2187112	10329	1	39815	1	10000	40000	incorrect	136
A_HP_40	25	Pulse	99	2196666	19883	1
A_HP_40	25	Pulse	99	2216665	39883	1
A_HP_40	25	Response	2	2217604	40821	1
A_HP_40	26	Pulse	99	2236666	9739	1
A_HP_40	26	Picture	response187	2237256	10329	1	39815	1	10000	40000	hit	140
A_HP_40	26	Pulse	99	2256666	29739	1
A_HP_40	26	Response	2	2260064	33137	1
A_HP_40	26	Pulse	99	2276666	49739	1
A_HP_40	27	Picture	response190	2287400	10329	1	39815	1	10000	40000	hit	145
A_HP_40	27	Pulse	99	2296666	19595	1
A_HP_40	27	Pulse	99	2316666	39595	1
A_HP_40	27	Response	1	2320944	43873	1
A_HP_40	28	Pulse	99	2336666	9451	1
A_HP_40	28	Picture	response185	2337544	10329	1	39815	1	10000	40000	hit	149
A_HP_40	28	Pulse	99	2356666	29451	1
A_HP_40	28	Response	1	2360444	33229	1
A_HP_40	28	Pulse	99	2376746	49531	1
A_HP_40	29	Picture	response186	2387688	10329	1	39815	1	10000	40000	hit	154
A_HP_40	29	Pulse	99	2396666	19307	1
A_HP_40	29	Pulse	99	2416666	39307	1
A_HP_40	29	Response	2	2421594	44236	1
A_HP_40	30	Pulse	99	2436746	9243	1
A_HP_40	30	Picture	response188	2437831	10329	1	39815	1	10000	40000	hit	158
A_HP_40	30	Pulse	99	2456666	29163	1
A_HP_40	30	Response	2	2463235	35732	1
A_HP_40	30	Pulse	99	2476666	49163	1
A_HP_40	31	Picture	response189	2487976	10329	1	39815	1	10000	40000	hit	163
A_HP_40	31	Pulse	99	2496746	19100	1
A_HP_40	31	Pulse	99	2516666	39019	1
A_HP_40	31	Response	1	2519164	41517	1
A_HP_40	32	Pulse	99	2536666	8875	1
A_HP_40	32	Picture	response192	2538119	10329	1	40149	1	10000	40000	hit	167
A_HP_40	32	Pulse	99	2556746	28955	1
A_HP_40	32	Response	1	2572844	45054	1
A_HP_40	32	Pulse	99	2576665	48875	1
A_HP_40	33	Picture	ins22	2578268	96	1	30153	1	0	30000	other	0
A_HP_40	33	Pulse	99	2596666	18494	1
A_HP_40	33	Pulse	99	2616666	38493	1
A_HP_40	33	Pulse	99	2636666	58493	1
A_HP_40	33	Pulse	99	2656666	78494	1
A_HP_40	33	Pulse	99	2676666	98494	1
A_HP_40	33	Pulse	99	2696666	118494	1
A_HP_40	33	Pulse	99	2716666	138494	1
A_HP_40	33	Pulse	99	2736666	158494	1
A_HP_40	33	Pulse	99	2756666	178494	1
A_HP_40	33	Pulse	99	2776667	198494	1
A_HP_40	33	Pulse	99	2796666	218494	1
A_HP_40	33	Pulse	99	2816666	238494	1
A_HP_40	33	Pulse	99	2836666	258494	1
A_HP_40	33	Pulse	99	2856666	278494	1
A_HP_40	33	Pulse	99	2876666	298494	1
A_HP_40	34	Response	3	2896666	8371	1
A_HP_40	34	Pulse	99	2896666	8371	1
A_HP_40	35	Picture	response170	2907119	10329	1	39815	1	10000	40000	hit	189
A_HP_40	35	Pulse	99	2916666	19875	1
A_HP_40	35	Response	2	2928955	32164	1
A_HP_40	35	Pulse	99	2936666	39875	1
A_HP_40	36	Pulse	99	2956666	9731	1
A_HP_40	36	Picture	response176	2957263	10329	1	39815	1	10000	40000	hit	194
A_HP_40	36	Pulse	99	2976666	29731	1
A_HP_40	36	Response	1	2986845	39910	1
A_HP_40	36	Pulse	99	2996666	49732	1
A_HP_40	37	Picture	response172	3007407	10329	1	39815	1	10000	40000	hit	198
A_HP_40	37	Pulse	99	3016666	19587	1
A_HP_40	37	Response	2	3022925	25846	1
A_HP_40	37	Pulse	99	3036666	39588	1
A_HP_40	38	Pulse	99	3056666	9444	1
A_HP_40	38	Picture	response175	3057551	10329	1	39815	1	10000	40000	hit	203
A_HP_40	38	Pulse	99	3076666	29444	1
A_HP_40	38	Response	2	3079405	32182	1
A_HP_40	38	Pulse	99	3096666	49443	1
A_HP_40	39	Picture	response173	3107695	10329	1	39815	1	10000	40000	hit	208
A_HP_40	39	Pulse	99	3116666	19300	1
A_HP_40	39	Pulse	99	3136666	39299	1
A_HP_40	39	Response	1	3141325	43959	1
A_HP_40	40	Pulse	99	3156666	9156	1
A_HP_40	40	Picture	response171	3157839	10329	1	39815	1	10000	40000	hit	212
A_HP_40	40	Pulse	99	3176666	29156	1
A_HP_40	40	Response	1	3179415	31904	1
A_HP_40	40	Pulse	99	3196666	49156	1
A_HP_40	41	Picture	response174	3207983	10329	1	39815	1	10000	40000	hit	216
A_HP_40	41	Pulse	99	3216666	19012	1
A_HP_40	41	Response	2	3228325	30670	1
A_HP_40	41	Pulse	99	3236666	39012	1
A_HP_40	42	Pulse	99	3256666	8868	1
A_HP_40	42	Picture	response169	3258127	10329	1	40148	1	10000	40000	hit	221
A_HP_40	42	Pulse	99	3276666	28868	1
A_HP_40	42	Response	2	3288555	40757	1
A_HP_40	42	Pulse	99	3296666	48868	1
A_HP_40	43	Picture	ins14	3298276	103	1	30153	1	0	30000	other	0
A_HP_40	43	Pulse	99	3316666	18494	1
A_HP_40	43	Pulse	99	3336666	38494	1
A_HP_40	43	Pulse	99	3356666	58494	1
A_HP_40	43	Pulse	99	3376666	78494	1
A_HP_40	43	Pulse	99	3396666	98494	1
A_HP_40	43	Pulse	99	3416666	118494	1
A_HP_40	43	Pulse	99	3436666	138494	1
A_HP_40	43	Pulse	99	3456666	158494	1
A_HP_40	43	Pulse	99	3476666	178494	1
A_HP_40	43	Pulse	99	3496666	198494	1
A_HP_40	43	Pulse	99	3516666	218494	1
A_HP_40	43	Pulse	99	3536666	238494	1
A_HP_40	43	Pulse	99	3556667	258494	1
A_HP_40	43	Pulse	99	3576666	278494	1
A_HP_40	43	Pulse	99	3596666	298494	1
A_HP_40	44	Response	3	3616666	8364	1
A_HP_40	44	Pulse	99	3616666	8364	1
A_HP_40	45	Picture	response108	3627127	10329	1	39815	1	10000	40000	hit	243
A_HP_40	45	Pulse	99	3636666	19868	1
A_HP_40	45	Response	2	3643765	26967	1
A_HP_40	45	Pulse	99	3656666	39868	1
A_HP_40	46	Pulse	99	3676667	9724	1
A_HP_40	46	Picture	response107	3677271	10329	1	39815	1	10000	40000	hit	248
A_HP_40	46	Pulse	99	3696666	29724	1
A_HP_40	46	Response	1	3710175	43233	1
A_HP_40	46	Pulse	99	3716667	49724	1
A_HP_40	47	Picture	response109	3727415	10329	1	39815	1	10000	40000	hit	252
A_HP_40	47	Pulse	99	3736666	19580	1
A_HP_40	47	Response	1	3748425	31339	1
A_HP_40	47	Pulse	99	3756666	39580	1
A_HP_40	48	Pulse	99	3776666	9436	1
A_HP_40	48	Picture	response112	3777559	10329	1	39815	1	10000	40000	hit	257
A_HP_40	48	Pulse	99	3796666	29436	1
A_HP_40	48	Response	2	3811495	44265	1
A_HP_40	48	Pulse	99	3816667	49436	1
A_HP_40	49	Picture	response111	3827703	10329	1	39815	1	10000	40000	incorrect	262
A_HP_40	49	Pulse	99	3836666	19292	1
A_HP_40	49	Pulse	99	3856667	39292	1
A_HP_40	49	Response	2	3860935	43561	1
A_HP_40	50	Pulse	99	3876666	9148	1
A_HP_40	50	Picture	response105	3877847	10329	1	39815	1	10000	40000	hit	265
A_HP_40	50	Response	2	3894945	27427	1
A_HP_40	50	Pulse	99	3896666	29148	1
A_HP_40	50	Pulse	99	3916666	49148	1
A_HP_40	51	Picture	response110	3927991	10329	1	39815	1	10000	40000	hit	270
A_HP_40	51	Pulse	99	3936667	19005	1
A_HP_40	51	Response	2	3953045	35383	1
A_HP_40	51	Pulse	99	3956667	39005	1
A_HP_40	52	Pulse	99	3976667	8861	1
A_HP_40	52	Picture	response106	3978135	10329	1	40149	1	10000	40000	hit	275
A_HP_40	52	Pulse	99	3996667	28860	1
A_HP_40	52	Response	1	4009775	41969	1
A_HP_40	52	Pulse	99	4016667	48861	1
A_HP_40	53	Picture	ins2	4018283	110	1	30153	1	0	30000	other	0
A_HP_40	53	Pulse	99	4036667	18494	1
A_HP_40	53	Pulse	99	4056667	38494	1
A_HP_40	53	Pulse	99	4076666	58494	1
A_HP_40	53	Pulse	99	4096667	78494	1
A_HP_40	53	Pulse	99	4116667	98494	1
A_HP_40	53	Pulse	99	4136667	118494	1
A_HP_40	53	Pulse	99	4156667	138494	1
A_HP_40	53	Pulse	99	4176667	158494	1
A_HP_40	53	Pulse	99	4196667	178494	1
A_HP_40	53	Pulse	99	4216666	198494	1
A_HP_40	53	Pulse	99	4236667	218494	1
A_HP_40	53	Pulse	99	4256666	238494	1
A_HP_40	53	Pulse	99	4276667	258494	1
A_HP_40	53	Pulse	99	4296667	278494	1
A_HP_40	53	Pulse	99	4316667	298494	1
A_HP_40	54	Response	3	4336667	8357	1
A_HP_40	54	Pulse	99	4336667	8357	1
A_HP_40	55	Picture	response11	4347134	10329	1	39815	1	10000	40000	hit	298
A_HP_40	55	Pulse	99	4356667	19861	1
A_HP_40	55	Pulse	99	4376667	39861	1
A_HP_40	55	Response	2	4379906	43100	1
A_HP_40	56	Pulse	99	4396667	9717	1
A_HP_40	56	Picture	response13	4397278	10329	1	39815	1	10000	40000	hit	301
A_HP_40	56	Response	2	4411585	24636	1
A_HP_40	56	Pulse	99	4416667	29717	1
A_HP_40	56	Pulse	99	4436667	49718	1
A_HP_40	57	Picture	response10	4447422	10329	1	39815	1	10000	40000	hit	306
A_HP_40	57	Pulse	99	4456667	19573	1
A_HP_40	57	Response	1	4471666	34572	1
A_HP_40	57	Pulse	99	4476667	39573	1
A_HP_40	58	Pulse	99	4496667	9429	1
A_HP_40	58	Picture	response15	4497566	10329	1	39815	1	10000	40000	hit	310
A_HP_40	58	Response	2	4507355	20117	1
A_HP_40	58	Pulse	99	4516667	29429	1
A_HP_40	58	Pulse	99	4536667	49429	1
A_HP_40	59	Picture	response12	4547710	10329	1	39815	1	10000	40000	hit	315
A_HP_40	59	Pulse	99	4556667	19285	1
A_HP_40	59	Response	1	4567306	29924	1
A_HP_40	59	Pulse	99	4576667	39285	1
A_HP_40	60	Pulse	99	4596667	9141	1
A_HP_40	60	Picture	response16	4597854	10329	1	39815	1	10000	40000	hit	320
A_HP_40	60	Pulse	99	4616667	29141	1
A_HP_40	60	Response	2	4620666	33140	1
A_HP_40	60	Pulse	99	4636667	49141	1
A_HP_40	61	Picture	response14	4647998	10329	1	39815	1	10000	40000	miss	0
A_HP_40	61	Pulse	99	4656667	18997	1
A_HP_40	61	Pulse	99	4676667	38997	1
A_HP_40	62	Pulse	99	4696667	8853	1
A_HP_40	62	Picture	response9	4698142	10329	1	40149	1	10000	40000	hit	328
A_HP_40	62	Pulse	99	4716667	28854	1
A_HP_40	62	Response	1	4725556	37743	1
A_HP_40	62	Pulse	99	4736667	48853	1
A_HP_40	63	Picture	ins20	4738291	117	1	30153	1	0	30000	other	0
A_HP_40	63	Pulse	99	4756667	18494	1
A_HP_40	63	Pulse	99	4776667	38494	1
A_HP_40	63	Pulse	99	4796667	58494	1
A_HP_40	63	Pulse	99	4816667	78494	1
A_HP_40	63	Pulse	99	4836667	98494	1
A_HP_40	63	Pulse	99	4856667	118494	1
A_HP_40	63	Pulse	99	4876667	138493	1
A_HP_40	63	Pulse	99	4896667	158494	1
A_HP_40	63	Pulse	99	4916667	178494	1
A_HP_40	63	Pulse	99	4936667	198494	1
A_HP_40	63	Pulse	99	4956667	218494	1
A_HP_40	63	Pulse	99	4976667	238494	1
A_HP_40	63	Pulse	99	4996667	258494	1
A_HP_40	63	Pulse	99	5016667	278494	1
A_HP_40	63	Pulse	99	5036667	298494	1
A_HP_40	64	Response	3	5056667	8350	1
A_HP_40	64	Pulse	99	5056667	8350	1
A_HP_40	65	Picture	response154	5067142	10329	1	39815	1	10000	40000	hit	351
A_HP_40	65	Pulse	99	5076667	19854	1
A_HP_40	65	Pulse	99	5096667	39854	1
A_HP_40	65	Response	1	5096825	40012	1
A_HP_40	66	Pulse	99	5116667	9710	1
A_HP_40	66	Picture	response157	5117286	10329	1	39815	1	10000	40000	hit	355
A_HP_40	66	Pulse	99	5136667	29710	1
A_HP_40	66	Response	2	5146336	39379	1
A_HP_40	66	Pulse	99	5156667	49710	1
A_HP_40	67	Picture	response153	5167430	10329	1	39815	1	10000	40000	hit	359
A_HP_40	67	Pulse	99	5176667	19566	1
A_HP_40	67	Response	1	5194776	37675	1
A_HP_40	67	Pulse	99	5196667	39566	1
A_HP_40	68	Pulse	99	5216667	9422	1
A_HP_40	68	Picture	response156	5217574	10329	1	39815	1	10000	40000	miss	0
A_HP_40	68	Pulse	99	5236667	29422	1
A_HP_40	68	Pulse	99	5256667	49422	1
A_HP_40	69	Picture	response158	5267718	10329	1	39815	1	10000	40000	hit	368
A_HP_40	69	Pulse	99	5276667	19278	1
A_HP_40	69	Pulse	99	5296667	39278	1
A_HP_40	69	Response	2	5298246	40857	1
A_HP_40	70	Pulse	99	5316667	9134	1
A_HP_40	70	Picture	response155	5317862	10329	1	39815	1	10000	40000	hit	371
A_HP_40	70	Response	2	5333466	25933	1
A_HP_40	70	Pulse	99	5336667	29134	1
A_HP_40	70	Pulse	99	5356667	49134	1
A_HP_40	71	Picture	response159	5368006	10329	1	39815	1	10000	40000	hit	376
A_HP_40	71	Pulse	99	5376667	18990	1
A_HP_40	71	Response	2	5382226	24549	1
A_HP_40	71	Pulse	99	5396667	38990	1
A_HP_40	72	Pulse	99	5416667	8846	1
A_HP_40	72	Picture	response160	5418150	10329	1	40149	1	10000	40000	hit	381
A_HP_40	72	Pulse	99	5436667	28846	1
A_HP_40	72	Response	2	5447086	39265	1
A_HP_40	72	Pulse	99	5456667	48846	1
A_HP_40	73	Picture	ins16	5458298	125	1	30153	1	0	30000	other	0
A_HP_40	73	Pulse	99	5476667	18494	1
A_HP_40	73	Pulse	99	5496667	38494	1
A_HP_40	73	Pulse	99	5516667	58494	1
A_HP_40	73	Pulse	99	5536667	78494	1
A_HP_40	73	Pulse	99	5556667	98494	1
A_HP_40	73	Pulse	99	5576668	118494	1
A_HP_40	73	Pulse	99	5596667	138494	1
A_HP_40	73	Pulse	99	5616667	158494	1
A_HP_40	73	Pulse	99	5636667	178494	1
A_HP_40	73	Pulse	99	5656667	198494	1
A_HP_40	73	Pulse	99	5676667	218494	1
A_HP_40	73	Pulse	99	5696668	238494	1
A_HP_40	73	Pulse	99	5716667	258494	1
A_HP_40	73	Pulse	99	5736668	278494	1
A_HP_40	73	Pulse	99	5756667	298494	1
A_HP_40	74	Response	3	5776668	8343	1
A_HP_40	74	Pulse	99	5776668	8343	1
A_HP_40	75	Picture	response121	5787150	10329	1	39815	1	10000	40000	hit	403
A_HP_40	75	Pulse	99	5796668	19847	1
A_HP_40	75	Response	1	5804216	27395	1
A_HP_40	75	Pulse	99	5816668	39847	1
A_HP_40	76	Pulse	99	5836668	9703	1
A_HP_40	76	Picture	response127	5837294	10329	1	39815	1	10000	40000	hit	408
A_HP_40	76	Pulse	99	5856667	29703	1
A_HP_40	76	Response	2	5866317	39352	1
A_HP_40	76	Pulse	99	5876588	49623	1
A_HP_40	77	Picture	response123	5887438	10329	1	39815	1	10000	40000	hit	412
A_HP_40	77	Pulse	99	5896668	19559	1
A_HP_40	77	Response	2	5905196	28088	1
A_HP_40	77	Pulse	99	5916668	39559	1
A_HP_40	78	Pulse	99	5936668	9415	1
A_HP_40	78	Picture	response125	5937581	10329	1	39815	1	10000	40000	hit	416
A_HP_40	78	Response	2	5953446	26193	1
A_HP_40	78	Pulse	99	5956667	29415	1
A_HP_40	78	Pulse	99	5976668	49415	1
A_HP_40	79	Picture	response124	5987725	10329	1	39815	1	10000	40000	hit	421
A_HP_40	79	Pulse	99	5996668	19271	1
A_HP_40	79	Response	2	6011156	33759	1
A_HP_40	79	Pulse	99	6016668	39271	1
A_HP_40	80	Pulse	99	6036668	9127	1
A_HP_40	80	Picture	response128	6037869	10329	1	39815	1	10000	40000	hit	425
A_HP_40	80	Response	2	6054906	27366	1
A_HP_40	80	Pulse	99	6056668	29127	1
A_HP_40	80	Pulse	99	6076668	49127	1
A_HP_40	81	Picture	response122	6088013	10329	1	39815	1	10000	40000	hit	430
A_HP_40	81	Pulse	99	6096668	18983	1
A_HP_40	81	Response	1	6098736	21052	1
A_HP_40	81	Pulse	99	6116668	38983	1
A_HP_40	82	Pulse	99	6136668	8839	1
A_HP_40	82	Picture	response126	6138158	10329	1	40149	1	10000	40000	hit	434
A_HP_40	82	Response	2	6154166	26338	1
A_HP_40	82	Pulse	99	6156667	28838	1
A_HP_40	82	Pulse	99	6176668	48839	1
A_HP_40	83	Picture	ins4	6178306	132	1	30153	1	0	30000	other	0
A_HP_40	83	Pulse	99	6196668	18494	1
A_HP_40	83	Pulse	99	6216668	38494	1
A_HP_40	83	Pulse	99	6236668	58493	1
A_HP_40	83	Pulse	99	6256668	78494	1
A_HP_40	83	Pulse	99	6276668	98494	1
A_HP_40	83	Pulse	99	6296668	118494	1
A_HP_40	83	Pulse	99	6316668	138494	1
A_HP_40	83	Pulse	99	6336668	158494	1
A_HP_40	83	Pulse	99	6356668	178494	1
A_HP_40	83	Pulse	99	6376588	198414	1
A_HP_40	83	Pulse	99	6396668	218494	1
A_HP_40	83	Pulse	99	6416668	238494	1
A_HP_40	83	Pulse	99	6436588	258414	1
A_HP_40	83	Pulse	99	6456668	278494	1
A_HP_40	83	Pulse	99	6476668	298494	1
A_HP_40	84	Response	3	6496588	8256	1
A_HP_40	84	Pulse	99	6496588	8256	1
A_HP_40	85	Picture	response26	6506991	10329	1	39815	1	10000	40000	hit	456
A_HP_40	85	Response	2	6516257	19595	1
A_HP_40	85	Pulse	99	6516668	20006	1
A_HP_40	85	Pulse	99	6536668	40006	1
A_HP_40	86	Pulse	99	6556588	9782	1
A_HP_40	86	Picture	response29	6557135	10329	1	39815	1	10000	40000	hit	461
A_HP_40	86	Response	1	6569217	22411	1
A_HP_40	86	Pulse	99	6576668	29862	1
A_HP_40	86	Pulse	99	6596668	49862	1
A_HP_40	87	Picture	response32	6607279	10329	1	39815	1	10000	40000	hit	466
A_HP_40	87	Pulse	99	6616588	19638	1
A_HP_40	87	Response	2	6618347	21397	1
A_HP_40	87	Pulse	99	6636668	39718	1
A_HP_40	88	Pulse	99	6656668	9574	1
A_HP_40	88	Picture	response25	6657422	10329	1	39815	1	10000	40000	hit	470
A_HP_40	88	Response	2	6668007	20913	1
A_HP_40	88	Pulse	99	6676588	29494	1
A_HP_40	88	Pulse	99	6696668	49574	1
A_HP_40	89	Picture	response30	6707566	10329	1	39815	1	10000	40000	hit	474
A_HP_40	89	Response	1	6716357	19119	1
A_HP_40	89	Pulse	99	6716667	19430	1
A_HP_40	89	Pulse	99	6736588	39350	1
A_HP_40	90	Pulse	99	6756668	9286	1
A_HP_40	90	Picture	response27	6757710	10329	1	39815	1	10000	40000	hit	479
A_HP_40	90	Response	1	6768817	21435	1
A_HP_40	90	Pulse	99	6776668	29286	1
A_HP_40	90	Pulse	99	6796588	49206	1
A_HP_40	91	Picture	response28	6807854	10329	1	39815	1	10000	40000	hit	483
A_HP_40	91	Response	1	6814987	17461	1
A_HP_40	91	Pulse	99	6816668	19142	1
A_HP_40	91	Pulse	99	6836668	39143	1
A_HP_40	92	Pulse	99	6856668	8998	1
A_HP_40	92	Picture	response31	6857998	10329	1	40149	1	10000	40000	hit	488
A_HP_40	92	Response	1	6864517	16847	1
A_HP_40	92	Pulse	99	6876588	28918	1
A_HP_40	92	Pulse	99	6896668	48998	1
A_HP_40	93	Picture	ins18	6898147	72	1	30153	1	0	30000	other	0
A_HP_40	93	Pulse	99	6916668	18594	1
A_HP_40	93	Pulse	99	6936588	38514	1
A_HP_40	93	Pulse	99	6956668	58594	1
A_HP_40	93	Pulse	99	6976668	78594	1
A_HP_40	93	Pulse	99	6996588	98514	1
A_HP_40	93	Pulse	99	7016668	118594	1
A_HP_40	93	Pulse	99	7036668	138594	1
A_HP_40	93	Pulse	99	7056588	158514	1
A_HP_40	93	Pulse	99	7076668	178594	1
A_HP_40	93	Pulse	99	7096668	198594	1
A_HP_40	93	Pulse	99	7116588	218514	1
A_HP_40	93	Pulse	99	7136668	238594	1
A_HP_40	93	Pulse	99	7156668	258594	1
A_HP_40	93	Pulse	99	7176588	278514	1
A_HP_40	93	Pulse	99	7196668	298594	1
A_HP_40	94	Response	3	7216668	8495	1
A_HP_40	94	Pulse	99	7216668	8495	1
A_HP_40	95	Picture	response139	7227165	10329	1	39815	1	10000	40000	hit	511
A_HP_40	95	Pulse	99	7236589	19753	1
A_HP_40	95	Response	1	7243427	26591	1
A_HP_40	95	Pulse	99	7256668	39832	1
A_HP_40	96	Pulse	99	7276669	9689	1
A_HP_40	96	Picture	response138	7277309	10329	1	39815	1	10000	40000	hit	516
A_HP_40	96	Pulse	99	7296589	29609	1
A_HP_40	96	Response	1	7304467	37487	1
A_HP_40	96	Pulse	99	7316669	49688	1
A_HP_40	97	Picture	response137	7327453	10329	1	39815	1	10000	40000	hit	521
A_HP_40	97	Pulse	99	7336668	19544	1
A_HP_40	97	Pulse	99	7356589	39465	1
A_HP_40	97	Response	2	7359597	42473	1
A_HP_40	98	Pulse	99	7376589	9320	1
A_HP_40	98	Picture	response140	7377597	10329	1	39815	1	10000	40000	hit	525
A_HP_40	98	Pulse	99	7396669	29400	1
A_HP_40	98	Response	1	7405947	38679	1
A_HP_40	98	Pulse	99	7416588	49320	1
A_HP_40	99	Picture	response142	7427741	10329	1	39815	1	10000	40000	hit	529
A_HP_40	99	Pulse	99	7436589	19177	1
A_HP_40	99	Response	1	7449838	32426	1
A_HP_40	99	Pulse	99	7456669	39257	1
A_HP_40	100	Pulse	99	7476589	9033	1
A_HP_40	100	Picture	response141	7477885	10329	1	39815	1	10000	40000	hit	534
A_HP_40	100	Pulse	99	7496589	29033	1
A_HP_40	100	Response	2	7505407	37851	1
A_HP_40	100	Pulse	99	7516669	49113	1
A_HP_40	101	Picture	response144	7528029	10329	1	39815	1	10000	40000	incorrect	539
A_HP_40	101	Pulse	99	7536589	18889	1
A_HP_40	101	Pulse	99	7556589	38889	1
A_HP_40	101	Response	2	7561817	44117	1
A_HP_40	102	Pulse	99	7576668	8824	1
A_HP_40	102	Picture	response143	7578173	10329	1	40149	1	10000	40000	hit	543
A_HP_40	102	Pulse	99	7596589	28745	1
A_HP_40	102	Response	1	7597417	29573	1
A_HP_40	102	Pulse	99	7616589	48745	1
A_HP_40	103	Picture	ins12	7618321	146	1	30153	1	0	30000	other	0
A_HP_40	103	Pulse	99	7636669	18494	1
A_HP_40	103	Pulse	99	7656589	38414	1
A_HP_40	103	Pulse	99	7676589	58414	1
A_HP_40	103	Pulse	99	7696669	78494	1
A_HP_40	103	Pulse	99	7716589	98414	1
A_HP_40	103	Pulse	99	7736589	118414	1
A_HP_40	103	Pulse	99	7756669	138494	1
A_HP_40	103	Pulse	99	7776589	158414	1
A_HP_40	103	Pulse	99	7796589	178414	1
A_HP_40	103	Pulse	99	7816669	198494	1
A_HP_40	103	Pulse	99	7836669	218494	1
A_HP_40	103	Pulse	99	7856589	238414	1
A_HP_40	103	Pulse	99	7876589	258414	1
A_HP_40	103	Pulse	99	7896669	278494	1
A_HP_40	103	Pulse	99	7916589	298414	1
A_HP_40	104	Response	3	7936589	8241	1
A_HP_40	104	Pulse	99	7936589	8241	1
A_HP_40	105	Picture	response93	7947006	10329	1	39815	1	10000	40000	hit	566
A_HP_40	105	Pulse	99	7956669	19992	1
A_HP_40	105	Pulse	99	7976589	39912	1
A_HP_40	105	Response	1	7984998	48321	1
A_HP_40	106	Pulse	99	7996589	9768	1
A_HP_40	106	Picture	response91	7997150	10329	1	39815	1	10000	40000	hit	569
A_HP_40	106	Response	2	8014808	27986	1
A_HP_40	106	Pulse	99	8016669	29847	1
A_HP_40	106	Pulse	99	8036589	49768	1
A_HP_40	107	Picture	response96	8047294	10329	1	39815	1	10000	40000	hit	574
A_HP_40	107	Pulse	99	8056589	19624	1
A_HP_40	107	Response	2	8075608	38643	1
A_HP_40	107	Pulse	99	8076669	39704	1
A_HP_40	108	Pulse	99	8096589	9480	1
A_HP_40	108	Picture	response89	8097438	10329	1	39815	1	10000	40000	hit	579
A_HP_40	108	Pulse	99	8116589	29480	1
A_HP_40	108	Response	2	8128958	41849	1
A_HP_40	108	Pulse	99	8136669	49560	1
A_HP_40	109	Picture	response90	8147582	10329	1	39815	1	10000	40000	hit	583
A_HP_40	109	Pulse	99	8156589	19336	1
A_HP_40	109	Response	1	8168498	31245	1
A_HP_40	109	Pulse	99	8176589	39336	1
A_HP_40	110	Pulse	99	8196669	9272	1
A_HP_40	110	Picture	response92	8197726	10329	1	39815	1	10000	40000	hit	587
A_HP_40	110	Response	1	8211588	24191	1
A_HP_40	110	Pulse	99	8216589	29192	1
A_HP_40	110	Pulse	99	8236589	49192	1
A_HP_40	111	Picture	response94	8247870	10329	1	39815	1	10000	40000	hit	592
A_HP_40	111	Pulse	99	8256669	19128	1
A_HP_40	111	Response	2	8271858	34317	1
A_HP_40	111	Pulse	99	8276589	39048	1
A_HP_40	112	Pulse	99	8296589	8904	1
A_HP_40	112	Picture	response95	8298014	10329	1	40148	1	10000	40000	hit	597
A_HP_40	112	Pulse	99	8316669	28984	1
A_HP_40	112	Response	1	8322949	35264	1
A_HP_40	112	Pulse	99	8336589	48904	1
A_HP_40	113	Picture	ins10	8338162	87	1	30153	1	0	30000	other	0
A_HP_40	113	Pulse	99	8356589	18514	1
A_HP_40	113	Pulse	99	8376589	38514	1
A_HP_40	113	Pulse	99	8396589	58514	1
A_HP_40	113	Pulse	99	8416589	78513	1
A_HP_40	113	Pulse	99	8436589	98514	1
A_HP_40	113	Pulse	99	8456589	118513	1
A_HP_40	113	Pulse	99	8476589	138514	1
A_HP_40	113	Pulse	99	8496589	158514	1
A_HP_40	113	Pulse	99	8516589	178514	1
A_HP_40	113	Pulse	99	8536589	198514	1
A_HP_40	113	Pulse	99	8556589	218514	1
A_HP_40	113	Pulse	99	8576589	238514	1
A_HP_40	113	Pulse	99	8596589	258514	1
A_HP_40	113	Pulse	99	8616589	278514	1
A_HP_40	113	Pulse	99	8636589	298514	1
A_HP_40	114	Response	3	8656589	8401	1
A_HP_40	114	Pulse	99	8656589	8401	1
A_HP_40	115	Picture	response77	8667013	10329	1	39815	1	10000	40000	hit	620
A_HP_40	115	Pulse	99	8676589	19905	1
A_HP_40	115	Pulse	99	8696589	39904	1
A_HP_40	115	Response	2	8696897	40213	1
A_HP_40	116	Pulse	99	8716589	9761	1
A_HP_40	116	Picture	response75	8717157	10329	1	39815	1	10000	40000	hit	624
A_HP_40	116	Pulse	99	8736589	29761	1
A_HP_40	116	Response	2	8739648	32819	1
A_HP_40	116	Pulse	99	8756589	49761	1
A_HP_40	117	Picture	response73	8767301	10329	1	39815	1	10000	40000	hit	628
A_HP_40	117	Pulse	99	8776589	19617	1
A_HP_40	117	Response	2	8795678	38705	1
A_HP_40	117	Pulse	99	8796589	39616	1
A_HP_40	118	Pulse	99	8816669	9552	1
A_HP_40	118	Picture	response80	8817445	10329	1	39815	1	10000	40000	hit	633
A_HP_40	118	Pulse	99	8836589	29473	1
A_HP_40	118	Response	2	8841258	34142	1
A_HP_40	118	Pulse	99	8856590	49473	1
A_HP_40	119	Picture	response74	8867589	10329	1	39815	1	10000	40000	hit	637
A_HP_40	119	Pulse	99	8876589	19329	1
A_HP_40	119	Response	1	8890168	32908	1
A_HP_40	119	Pulse	99	8896589	39329	1
A_HP_40	120	Pulse	99	8916590	9185	1
A_HP_40	120	Picture	response79	8917733	10329	1	39815	1	10000	40000	hit	642
A_HP_40	120	Pulse	99	8936589	29185	1
A_HP_40	120	Response	1	8937267	29863	1
A_HP_40	120	Pulse	99	8956590	49185	1
A_HP_40	121	Picture	response78	8967877	10329	1	39815	1	10000	40000	hit	647
A_HP_40	121	Pulse	99	8976589	19041	1
A_HP_40	121	Pulse	99	8996589	39041	1
A_HP_40	121	Response	1	8999138	41590	1
A_HP_40	122	Pulse	99	9016589	8897	1
A_HP_40	122	Picture	response76	9018021	10329	1	39815	1	10000	40000	hit	650
A_HP_40	122	Response	1	9033379	25686	1
A_HP_40	122	Pulse	99	9036589	28897	1
A_HP_40	122	Pulse	99	9056589	48897	1
A_HP_40	123	Picture	thanks	9057837	0	1	10162	1	0	10000	other	0
A_HP_40	123	Pulse	99	9076590	18753	1


Event Type	Code	Type	Response	RT	RT Uncertainty	Time	Uncertainty	Duration	Uncertainty	ReqTime	ReqDur

Picture	ready	other				356773	1	10162	1	0	10000
Picture	ins8	other				417246	1	30153	1	0	30000
Picture	response63	incorrect	2	21177	2	747096	1	39815	1	10000	40000
Picture	response64	incorrect	1	10273	2	797240	1	39815	1	10000	40000
Picture	response57	hit	1	32539	2	847384	1	39815	1	10000	40000
Picture	response60	hit	2	14465	2	897528	1	39815	1	10000	40000
Picture	response61	hit	2	16881	2	947672	1	39815	1	10000	40000
Picture	response59	hit	1	16277	2	997816	1	39815	1	10000	40000
Picture	response62	hit	2	24323	2	1047960	1	39815	1	10000	40000
Picture	response58	hit	1	12819	2	1098104	1	40148	1	10000	40000
Picture	ins6	other				1138253	1	30153	1	0	30000
Picture	response46	hit	2	10169	2	1467104	1	39815	1	10000	40000
Picture	response45	hit	1	10396	2	1517248	1	39815	1	10000	40000
Picture	response44	hit	2	9182	2	1567392	1	39815	1	10000	40000
Picture	response47	hit	1	11298	2	1617536	1	39815	1	10000	40000
Picture	response41	hit	2	17224	2	1667680	1	39815	1	10000	40000
Picture	response48	hit	1	13760	2	1717824	1	39815	1	10000	40000
Picture	response42	hit	1	11846	2	1767968	1	39815	1	10000	40000
Picture	response43	hit	1	8332	2	1818112	1	40148	1	10000	40000
Picture	ins24	other				1858260	1	30153	1	0	30000
Picture	response191	incorrect	2	30493	2	2187112	1	39815	1	10000	40000
Picture	response187	hit	2	22809	2	2237256	1	39815	1	10000	40000
Picture	response190	hit	1	33545	2	2287400	1	39815	1	10000	40000
Picture	response185	hit	1	22901	2	2337544	1	39815	1	10000	40000
Picture	response186	hit	2	33907	2	2387688	1	39815	1	10000	40000
Picture	response188	hit	2	25403	2	2437831	1	39815	1	10000	40000
Picture	response189	hit	1	31189	2	2487976	1	39815	1	10000	40000
Picture	response192	hit	1	34725	2	2538119	1	40149	1	10000	40000
Picture	ins22	other				2578268	1	30153	1	0	30000
Picture	response170	hit	2	21835	2	2907119	1	39815	1	10000	40000
Picture	response176	hit	1	29582	2	2957263	1	39815	1	10000	40000
Picture	response172	hit	2	15518	2	3007407	1	39815	1	10000	40000
Picture	response175	hit	2	21854	2	3057551	1	39815	1	10000	40000
Picture	response173	hit	1	33630	2	3107695	1	39815	1	10000	40000
Picture	response171	hit	1	21576	2	3157839	1	39815	1	10000	40000
Picture	response174	hit	2	20342	2	3207983	1	39815	1	10000	40000
Picture	response169	hit	2	30428	2	3258127	1	40148	1	10000	40000
Picture	ins14	other				3298276	1	30153	1	0	30000
Picture	response108	hit	2	16638	2	3627127	1	39815	1	10000	40000
Picture	response107	hit	1	32904	2	3677271	1	39815	1	10000	40000
Picture	response109	hit	1	21010	2	3727415	1	39815	1	10000	40000
Picture	response112	hit	2	33937	2	3777559	1	39815	1	10000	40000
Picture	response111	incorrect	2	33233	2	3827703	1	39815	1	10000	40000
Picture	response105	hit	2	17099	2	3877847	1	39815	1	10000	40000
Picture	response110	hit	2	25055	2	3927991	1	39815	1	10000	40000
Picture	response106	hit	1	31640	2	3978135	1	40149	1	10000	40000
Picture	ins2	other				4018283	1	30153	1	0	30000
Picture	response11	hit	2	32771	2	4347134	1	39815	1	10000	40000
Picture	response13	hit	2	14307	2	4397278	1	39815	1	10000	40000
Picture	response10	hit	1	24243	2	4447422	1	39815	1	10000	40000
Picture	response15	hit	2	9789	2	4497566	1	39815	1	10000	40000
Picture	response12	hit	1	19595	2	4547710	1	39815	1	10000	40000
Picture	response16	hit	2	22811	2	4597854	1	39815	1	10000	40000
Picture	response14	miss				4647998	1	39815	1	10000	40000
Picture	response9	hit	1	27414	2	4698142	1	40149	1	10000	40000
Picture	ins20	other				4738291	1	30153	1	0	30000
Picture	response154	hit	1	29683	2	5067142	1	39815	1	10000	40000
Picture	response157	hit	2	29050	2	5117286	1	39815	1	10000	40000
Picture	response153	hit	1	27346	2	5167430	1	39815	1	10000	40000
Picture	response156	miss				5217574	1	39815	1	10000	40000
Picture	response158	hit	2	30528	2	5267718	1	39815	1	10000	40000
Picture	response155	hit	2	15604	2	5317862	1	39815	1	10000	40000
Picture	response159	hit	2	14220	2	5368006	1	39815	1	10000	40000
Picture	response160	hit	2	28936	2	5418150	1	40149	1	10000	40000
Picture	ins16	other				5458298	1	30153	1	0	30000
Picture	response121	hit	1	17067	2	5787150	1	39815	1	10000	40000
Picture	response127	hit	2	29023	2	5837294	1	39815	1	10000	40000
Picture	response123	hit	2	17759	2	5887438	1	39815	1	10000	40000
Picture	response125	hit	2	15865	2	5937581	1	39815	1	10000	40000
Picture	response124	hit	2	23431	2	5987725	1	39815	1	10000	40000
Picture	response128	hit	2	17037	2	6037869	1	39815	1	10000	40000
Picture	response122	hit	1	10723	2	6088013	1	39815	1	10000	40000
Picture	response126	hit	2	16009	2	6138158	1	40149	1	10000	40000
Picture	ins4	other				6178306	1	30153	1	0	30000
Picture	response26	hit	2	9266	2	6506991	1	39815	1	10000	40000
Picture	response29	hit	1	12082	2	6557135	1	39815	1	10000	40000
Picture	response32	hit	2	11068	2	6607279	1	39815	1	10000	40000
Picture	response25	hit	2	10584	2	6657422	1	39815	1	10000	40000
Picture	response30	hit	1	8790	2	6707566	1	39815	1	10000	40000
Picture	response27	hit	1	11107	2	6757710	1	39815	1	10000	40000
Picture	response28	hit	1	7132	2	6807854	1	39815	1	10000	40000
Picture	response31	hit	1	6519	2	6857998	1	40149	1	10000	40000
Picture	ins18	other				6898147	1	30153	1	0	30000
Picture	response139	hit	1	16263	2	7227165	1	39815	1	10000	40000
Picture	response138	hit	1	27159	2	7277309	1	39815	1	10000	40000
Picture	response137	hit	2	32144	2	7327453	1	39815	1	10000	40000
Picture	response140	hit	1	28350	2	7377597	1	39815	1	10000	40000
Picture	response142	hit	1	22097	2	7427741	1	39815	1	10000	40000
Picture	response141	hit	2	27523	2	7477885	1	39815	1	10000	40000
Picture	response144	incorrect	2	33789	2	7528029	1	39815	1	10000	40000
Picture	response143	hit	1	19244	2	7578173	1	40149	1	10000	40000
Picture	ins12	other				7618321	1	30153	1	0	30000
Picture	response93	hit	1	37992	2	7947006	1	39815	1	10000	40000
Picture	response91	hit	2	17658	2	7997150	1	39815	1	10000	40000
Picture	response96	hit	2	28314	2	8047294	1	39815	1	10000	40000
Picture	response89	hit	2	31520	2	8097438	1	39815	1	10000	40000
Picture	response90	hit	1	20916	2	8147582	1	39815	1	10000	40000
Picture	response92	hit	1	13862	2	8197726	1	39815	1	10000	40000
Picture	response94	hit	2	23988	2	8247870	1	39815	1	10000	40000
Picture	response95	hit	1	24935	2	8298014	1	40148	1	10000	40000
Picture	ins10	other				8338162	1	30153	1	0	30000
Picture	response77	hit	2	29884	2	8667013	1	39815	1	10000	40000
Picture	response75	hit	2	22490	2	8717157	1	39815	1	10000	40000
Picture	response73	hit	2	28377	2	8767301	1	39815	1	10000	40000
Picture	response80	hit	2	23813	2	8817445	1	39815	1	10000	40000
Picture	response74	hit	1	22579	2	8867589	1	39815	1	10000	40000
Picture	response79	hit	1	19534	2	8917733	1	39815	1	10000	40000
Picture	response78	hit	1	31261	2	8967877	1	39815	1	10000	40000
Picture	response76	hit	1	15358	2	9018021	1	39815	1	10000	40000
Picture	thanks	other				9057837	1	10162	1	0	10000


{
   "app": "Presentation Version 21.1 Build 09.05.19",
   "device": "LENOVO 20FBCTO1WW",
   "experiment": "{A2FC4E2A-B401-4E65-9CA9-5B09E294C871}",
   "os": "Windows 10 64 bit",
   "package": "",
   "parameters": {
      "configuration": "Default configuration"
   },
   "scenario": "Dimension experiment(2).sce",
   "subject": "A_HP_40",
   "timestamp": "2019/12/19 03:23:11 GMT"
}
