Scenario - 
Logfile written - 07/19/2019 13:29:21

Subject	Trial	Event Type	Code	Time	TTime	Uncertainty	Duration	Uncertainty	ReqTime	ReqDur	Stim Type	Pair Index

A_HP_03	1	Response	1	182115	178710	1
A_HP_03	1	Response	2	201125	197720	1
A_HP_03	1	Response	3	371357	367951	1
A_HP_03	1	Pulse	99	371357	367951	1
A_HP_03	2	Picture	ready	371595	0	1	10231	1	0	10000	other	0
A_HP_03	2	Pulse	99	391276	19681	1
A_HP_03	2	Pulse	99	411276	39681	1
A_HP_03	2	Pulse	99	431356	59761	1
A_HP_03	3	Picture	ins10	432201	239	1	30231	1	0	30000	other	0
A_HP_03	3	Pulse	99	451277	19315	1
A_HP_03	3	Pulse	99	471276	39314	1
A_HP_03	3	Pulse	99	491356	59394	1
A_HP_03	3	Pulse	99	511276	79314	1
A_HP_03	3	Pulse	99	531276	99314	1
A_HP_03	3	Pulse	99	551356	119394	1
A_HP_03	3	Pulse	99	571276	139314	1
A_HP_03	3	Pulse	99	591276	159314	1
A_HP_03	3	Pulse	99	611356	179394	1
A_HP_03	3	Pulse	99	631276	199314	1
A_HP_03	3	Pulse	99	651276	219314	1
A_HP_03	3	Pulse	99	671356	239394	1
A_HP_03	3	Pulse	99	691276	259314	1
A_HP_03	3	Pulse	99	711276	279314	1
A_HP_03	3	Pulse	99	731356	299394	1
A_HP_03	4	Response	3	751276	9082	1
A_HP_03	4	Pulse	99	751276	9082	1
A_HP_03	5	Picture	response75	761906	10397	1	39836	1	10000	40000	hit	29
A_HP_03	5	Pulse	99	771276	19767	1
A_HP_03	5	Response	2	784725	33216	1
A_HP_03	5	Pulse	99	791356	39847	1
A_HP_03	6	Pulse	99	811276	9534	1
A_HP_03	6	Picture	response79	812139	10397	1	39836	1	10000	40000	hit	33
A_HP_03	6	Response	1	828144	26402	1
A_HP_03	6	Pulse	99	831275	29533	1
A_HP_03	6	Pulse	99	851276	49534	1
A_HP_03	7	Picture	response73	862538	10563	1	39670	1	10000	40000	hit	38
A_HP_03	7	Pulse	99	871276	19301	1
A_HP_03	7	Response	2	875055	23080	1
A_HP_03	7	Pulse	99	891276	39301	1
A_HP_03	8	Pulse	99	911276	9068	1
A_HP_03	8	Picture	response76	912606	10397	1	39835	1	10000	40000	hit	43
A_HP_03	8	Pulse	99	931357	29148	1
A_HP_03	8	Response	1	933485	31277	1
A_HP_03	8	Pulse	99	951276	49068	1
A_HP_03	9	Picture	response80	962838	10397	1	39836	1	10000	40000	hit	47
A_HP_03	9	Pulse	99	971276	18835	1
A_HP_03	9	Response	2	974525	22084	1
A_HP_03	9	Pulse	99	991356	38915	1
A_HP_03	10	Pulse	99	1011277	8603	1
A_HP_03	10	Picture	response77	1013070	10397	1	39836	1	10000	40000	hit	51
A_HP_03	10	Response	2	1029275	26601	1
A_HP_03	10	Pulse	99	1031276	28603	1
A_HP_03	10	Pulse	99	1051357	48683	1
A_HP_03	11	Picture	response74	1063303	10397	1	39836	1	10000	40000	hit	56
A_HP_03	11	Pulse	99	1071276	18370	1
A_HP_03	11	Response	1	1089735	36829	1
A_HP_03	11	Pulse	99	1091276	38370	1
A_HP_03	12	Pulse	99	1111356	8217	1
A_HP_03	12	Picture	response78	1113703	10564	1	39995	1	10000	40000	hit	60
A_HP_03	12	Response	1	1127215	24076	1
A_HP_03	12	Pulse	99	1131276	28137	1
A_HP_03	12	Pulse	99	1151276	48137	1
A_HP_03	13	Picture	ins14	1153698	235	1	30230	1	0	30000	other	0
A_HP_03	13	Pulse	99	1171356	17894	1
A_HP_03	13	Pulse	99	1191276	37814	1
A_HP_03	13	Pulse	99	1211277	57814	1
A_HP_03	13	Pulse	99	1231356	77894	1
A_HP_03	13	Pulse	99	1251276	97814	1
A_HP_03	13	Pulse	99	1271276	117814	1
A_HP_03	13	Pulse	99	1291356	137894	1
A_HP_03	13	Pulse	99	1311276	157814	1
A_HP_03	13	Pulse	99	1331277	177814	1
A_HP_03	13	Pulse	99	1351276	197814	1
A_HP_03	13	Pulse	99	1371276	217813	1
A_HP_03	13	Pulse	99	1391277	237814	1
A_HP_03	13	Pulse	99	1411277	257814	1
A_HP_03	13	Pulse	99	1431277	277814	1
A_HP_03	13	Pulse	99	1451276	297814	1
A_HP_03	14	Response	3	1471276	7581	1
A_HP_03	14	Pulse	99	1471276	7581	1
A_HP_03	15	Picture	response111	1481905	10397	1	39836	1	10000	40000	hit	83
A_HP_03	15	Pulse	99	1491276	19768	1
A_HP_03	15	Response	1	1503645	32137	1
A_HP_03	15	Pulse	99	1511276	39768	1
A_HP_03	16	Pulse	99	1531277	9535	1
A_HP_03	16	Picture	response112	1532138	10396	1	39836	1	10000	40000	hit	87
A_HP_03	16	Response	2	1540565	18824	1
A_HP_03	16	Pulse	99	1551276	29535	1
A_HP_03	16	Pulse	99	1571277	49535	1
A_HP_03	17	Picture	response105	1582537	10563	1	39669	1	10000	40000	hit	92
A_HP_03	17	Pulse	99	1591276	19302	1
A_HP_03	17	Response	2	1591964	19990	1
A_HP_03	17	Pulse	99	1611357	39383	1
A_HP_03	18	Pulse	99	1631277	9070	1
A_HP_03	18	Picture	response107	1632603	10397	1	39836	1	10000	40000	hit	97
A_HP_03	18	Pulse	99	1651277	29070	1
A_HP_03	18	Response	1	1657265	35059	1
A_HP_03	18	Pulse	99	1671357	49150	1
A_HP_03	19	Picture	response106	1682836	10397	1	39836	1	10000	40000	hit	101
A_HP_03	19	Pulse	99	1691276	18837	1
A_HP_03	19	Response	1	1698945	26506	1
A_HP_03	19	Pulse	99	1711277	38837	1
A_HP_03	20	Pulse	99	1731357	8684	1
A_HP_03	20	Picture	response110	1733069	10397	1	39836	1	10000	40000	hit	105
A_HP_03	20	Response	2	1745275	22603	1
A_HP_03	20	Pulse	99	1751276	28603	1
A_HP_03	20	Pulse	99	1771276	48604	1
A_HP_03	21	Picture	response109	1783301	10397	1	39836	1	10000	40000	hit	110
A_HP_03	21	Pulse	99	1791357	18452	1
A_HP_03	21	Response	1	1798015	25111	1
A_HP_03	21	Pulse	99	1811277	38372	1
A_HP_03	22	Pulse	99	1831277	8139	1
A_HP_03	22	Picture	response108	1833702	10564	1	39994	1	10000	40000	hit	115
A_HP_03	22	Pulse	99	1851277	28139	1
A_HP_03	22	Response	2	1854445	31307	1
A_HP_03	22	Pulse	99	1871277	48139	1
A_HP_03	23	Picture	ins12	1873695	232	1	30231	1	0	30000	other	0
A_HP_03	23	Pulse	99	1891277	17814	1
A_HP_03	23	Pulse	99	1911277	37814	1
A_HP_03	23	Pulse	99	1931277	57814	1
A_HP_03	23	Pulse	99	1951277	77814	1
A_HP_03	23	Pulse	99	1971277	97814	1
A_HP_03	23	Pulse	99	1991277	117814	1
A_HP_03	23	Pulse	99	2011277	137814	1
A_HP_03	23	Pulse	99	2031277	157814	1
A_HP_03	23	Pulse	99	2051277	177814	1
A_HP_03	23	Pulse	99	2071277	197814	1
A_HP_03	23	Pulse	99	2091277	217814	1
A_HP_03	23	Pulse	99	2111277	237814	1
A_HP_03	23	Pulse	99	2131277	257814	1
A_HP_03	23	Pulse	99	2151277	277814	1
A_HP_03	23	Pulse	99	2171277	297814	1
A_HP_03	24	Response	3	2191277	7581	1
A_HP_03	24	Pulse	99	2191277	7581	1
A_HP_03	25	Picture	response90	2201906	10396	1	39836	1	10000	40000	hit	137
A_HP_03	25	Pulse	99	2211277	19768	1
A_HP_03	25	Response	1	2212605	21096	1
A_HP_03	25	Pulse	99	2231277	39768	1
A_HP_03	26	Pulse	99	2251277	9536	1
A_HP_03	26	Picture	response95	2252138	10396	1	39836	1	10000	40000	hit	141
A_HP_03	26	Response	1	2266666	24924	1
A_HP_03	26	Pulse	99	2271276	29535	1
A_HP_03	26	Pulse	99	2291357	49615	1
A_HP_03	27	Picture	response96	2302538	10564	1	39669	1	10000	40000	hit	146
A_HP_03	27	Pulse	99	2311277	19303	1
A_HP_03	27	Response	2	2327256	35282	1
A_HP_03	27	Pulse	99	2331276	39302	1
A_HP_03	28	Pulse	99	2351357	9150	1
A_HP_03	28	Picture	response89	2352604	10397	1	39836	1	10000	40000	hit	151
A_HP_03	28	Pulse	99	2371277	29070	1
A_HP_03	28	Response	2	2372335	30128	1
A_HP_03	28	Pulse	99	2391277	49070	1
A_HP_03	29	Picture	response94	2402836	10396	1	39836	1	10000	40000	hit	155
A_HP_03	29	Pulse	99	2411277	18838	1
A_HP_03	29	Response	2	2416056	23616	1
A_HP_03	29	Pulse	99	2431277	38837	1
A_HP_03	30	Pulse	99	2451277	8605	1
A_HP_03	30	Picture	response91	2453069	10396	1	39836	1	10000	40000	hit	161
A_HP_03	30	Pulse	99	2471277	28605	1
A_HP_03	30	Pulse	99	2491277	48605	1
A_HP_03	30	Response	2	2491885	49213	1
A_HP_03	31	Picture	response92	2503301	10397	1	39836	1	10000	40000	hit	164
A_HP_03	31	Pulse	99	2511277	18372	1
A_HP_03	31	Response	1	2520266	27361	1
A_HP_03	31	Pulse	99	2531277	38373	1
A_HP_03	32	Pulse	99	2551277	8139	1
A_HP_03	32	Picture	response93	2553701	10563	1	39995	1	10000	40000	hit	168
A_HP_03	32	Response	1	2569036	25898	1
A_HP_03	32	Pulse	99	2571276	28139	1
A_HP_03	32	Pulse	99	2591277	48139	1
A_HP_03	33	Picture	ins8	2593695	232	1	30231	1	0	30000	other	0
A_HP_03	33	Pulse	99	2611277	17814	1
A_HP_03	33	Pulse	99	2631277	37814	1
A_HP_03	33	Pulse	99	2651277	57814	1
A_HP_03	33	Pulse	99	2671277	77814	1
A_HP_03	33	Pulse	99	2691277	97814	1
A_HP_03	33	Pulse	99	2711277	117814	1
A_HP_03	33	Pulse	99	2731277	137814	1
A_HP_03	33	Pulse	99	2751277	157814	1
A_HP_03	33	Pulse	99	2771277	177814	1
A_HP_03	33	Pulse	99	2791277	197814	1
A_HP_03	33	Pulse	99	2811277	217814	1
A_HP_03	33	Pulse	99	2831277	237814	1
A_HP_03	33	Pulse	99	2851277	257814	1
A_HP_03	33	Pulse	99	2871277	277814	1
A_HP_03	33	Pulse	99	2891277	297814	1
A_HP_03	34	Response	3	2911277	7581	1
A_HP_03	34	Pulse	99	2911277	7581	1
A_HP_03	35	Picture	response62	2921906	10397	1	39836	1	10000	40000	hit	191
A_HP_03	35	Pulse	99	2931277	19768	1
A_HP_03	35	Response	2	2935466	23957	1
A_HP_03	35	Pulse	99	2951277	39768	1
A_HP_03	36	Pulse	99	2971277	9535	1
A_HP_03	36	Picture	response64	2972139	10397	1	39836	1	10000	40000	hit	195
A_HP_03	36	Response	2	2980416	18674	1
A_HP_03	36	Pulse	99	2991277	29535	1
A_HP_03	36	Pulse	99	3011277	49535	1
A_HP_03	37	Picture	response59	3022538	10563	1	39669	1	10000	40000	hit	200
A_HP_03	37	Pulse	99	3031277	19303	1
A_HP_03	37	Response	1	3031395	19420	1
A_HP_03	37	Pulse	99	3051277	39302	1
A_HP_03	38	Pulse	99	3071278	9071	1
A_HP_03	38	Picture	response61	3072604	10396	1	39836	1	10000	40000	hit	204
A_HP_03	38	Response	2	3082836	20629	1
A_HP_03	38	Pulse	99	3091277	29070	1
A_HP_03	38	Pulse	99	3111277	49070	1
A_HP_03	39	Picture	response60	3122837	10398	1	39835	1	10000	40000	hit	208
A_HP_03	39	Response	2	3129596	17156	1
A_HP_03	39	Pulse	99	3131277	18837	1
A_HP_03	39	Pulse	99	3151277	38838	1
A_HP_03	40	Pulse	99	3171277	8605	1
A_HP_03	40	Picture	response58	3173069	10397	1	39836	1	10000	40000	hit	213
A_HP_03	40	Response	1	3186066	23394	1
A_HP_03	40	Pulse	99	3191277	28604	1
A_HP_03	40	Pulse	99	3211277	48605	1
A_HP_03	41	Picture	response57	3223302	10397	1	39837	1	10000	40000	hit	218
A_HP_03	41	Pulse	99	3231277	18372	1
A_HP_03	41	Response	1	3245846	32940	1
A_HP_03	41	Pulse	99	3251277	38371	1
A_HP_03	42	Pulse	99	3271277	8138	1
A_HP_03	42	Picture	response63	3273703	10564	1	39993	1	10000	40000	hit	222
A_HP_03	42	Response	1	3290356	27217	1
A_HP_03	42	Pulse	99	3291277	28138	1
A_HP_03	42	Pulse	99	3311277	48138	1
A_HP_03	43	Picture	ins24	3313695	232	1	30231	1	0	30000	other	0
A_HP_03	43	Pulse	99	3331277	17814	1
A_HP_03	43	Pulse	99	3351277	37814	1
A_HP_03	43	Pulse	99	3371277	57814	1
A_HP_03	43	Pulse	99	3391278	77814	1
A_HP_03	43	Pulse	99	3411277	97814	1
A_HP_03	43	Pulse	99	3431278	117814	1
A_HP_03	43	Pulse	99	3451278	137814	1
A_HP_03	43	Pulse	99	3471277	157814	1
A_HP_03	43	Pulse	99	3491278	177814	1
A_HP_03	43	Pulse	99	3511277	197814	1
A_HP_03	43	Pulse	99	3531278	217814	1
A_HP_03	43	Pulse	99	3551278	237814	1
A_HP_03	43	Pulse	99	3571278	257814	1
A_HP_03	43	Pulse	99	3591278	277814	1
A_HP_03	43	Pulse	99	3611278	297814	1
A_HP_03	44	Response	3	3631278	7581	1
A_HP_03	44	Pulse	99	3631278	7581	1
A_HP_03	45	Picture	response189	3641907	10397	1	39836	1	10000	40000	hit	245
A_HP_03	45	Pulse	99	3651278	19768	1
A_HP_03	45	Response	1	3655766	24256	1
A_HP_03	45	Pulse	99	3671278	39768	1
A_HP_03	46	Pulse	99	3691277	9535	1
A_HP_03	46	Picture	response186	3692139	10396	1	39837	1	10000	40000	hit	250
A_HP_03	46	Pulse	99	3711277	29535	1
A_HP_03	46	Response	2	3712975	31233	1
A_HP_03	46	Pulse	99	3731278	49535	1
A_HP_03	47	Picture	response188	3742539	10563	1	39669	1	10000	40000	hit	254
A_HP_03	47	Pulse	99	3751278	19301	1
A_HP_03	47	Response	2	3758787	26810	1
A_HP_03	47	Pulse	99	3771278	39301	1
A_HP_03	48	Pulse	99	3791278	9069	1
A_HP_03	48	Picture	response192	3792605	10396	1	39836	1	10000	40000	hit	258
A_HP_03	48	Response	1	3802046	19837	1
A_HP_03	48	Pulse	99	3811277	29069	1
A_HP_03	48	Pulse	99	3831277	49069	1
A_HP_03	49	Picture	response190	3842838	10397	1	39836	1	10000	40000	hit	263
A_HP_03	49	Pulse	99	3851278	18837	1
A_HP_03	49	Response	1	3864766	32325	1
A_HP_03	49	Pulse	99	3871277	38836	1
A_HP_03	50	Pulse	99	3891278	8604	1
A_HP_03	50	Picture	response191	3893070	10397	1	39836	1	10000	40000	hit	268
A_HP_03	50	Pulse	99	3911277	28604	1
A_HP_03	50	Response	1	3925986	43312	1
A_HP_03	50	Pulse	99	3931277	48604	1
A_HP_03	51	Picture	response185	3943303	10397	1	39836	1	10000	40000	hit	272
A_HP_03	51	Pulse	99	3951277	18371	1
A_HP_03	51	Response	1	3970877	37970	1
A_HP_03	51	Pulse	99	3971277	38371	1
A_HP_03	52	Pulse	99	3991278	8139	1
A_HP_03	52	Picture	response187	3993703	10564	1	39993	1	10000	40000	hit	277
A_HP_03	52	Pulse	99	4011278	28139	1
A_HP_03	52	Response	2	4018746	35607	1
A_HP_03	52	Pulse	99	4031278	48139	1
A_HP_03	53	Picture	ins20	4033696	232	1	30231	1	0	30000	other	0
A_HP_03	53	Pulse	99	4051278	17814	1
A_HP_03	53	Pulse	99	4071278	37814	1
A_HP_03	53	Pulse	99	4091278	57814	1
A_HP_03	53	Pulse	99	4111278	77814	1
A_HP_03	53	Pulse	99	4131278	97814	1
A_HP_03	53	Pulse	99	4151278	117814	1
A_HP_03	53	Pulse	99	4171278	137814	1
A_HP_03	53	Pulse	99	4191278	157814	1
A_HP_03	53	Pulse	99	4211278	177814	1
A_HP_03	53	Pulse	99	4231278	197814	1
A_HP_03	53	Pulse	99	4251278	217814	1
A_HP_03	53	Pulse	99	4271278	237814	1
A_HP_03	53	Pulse	99	4291278	257814	1
A_HP_03	53	Pulse	99	4311278	277814	1
A_HP_03	53	Pulse	99	4331278	297814	1
A_HP_03	54	Response	3	4351278	7581	1
A_HP_03	54	Pulse	99	4351278	7581	1
A_HP_03	55	Picture	response158	4361907	10397	1	39835	1	10000	40000	hit	299
A_HP_03	55	Pulse	99	4371278	19768	1
A_HP_03	55	Response	2	4380446	28936	1
A_HP_03	55	Pulse	99	4391278	39768	1
A_HP_03	56	Pulse	99	4411278	9536	1
A_HP_03	56	Picture	response155	4412139	10397	1	39836	1	10000	40000	incorrect	303
A_HP_03	56	Response	1	4427147	25404	1
A_HP_03	56	Pulse	99	4431278	29535	1
A_HP_03	56	Pulse	99	4451278	49535	1
A_HP_03	57	Picture	response159	4462539	10563	1	39669	1	10000	40000	hit	308
A_HP_03	57	Pulse	99	4471278	19303	1
A_HP_03	57	Response	2	4477527	25551	1
A_HP_03	57	Pulse	99	4491278	39303	1
A_HP_03	58	Pulse	99	4511278	9070	1
A_HP_03	58	Picture	response157	4512604	10397	1	39836	1	10000	40000	hit	313
A_HP_03	58	Pulse	99	4531278	29070	1
A_HP_03	58	Response	2	4531496	29288	1
A_HP_03	58	Pulse	99	4551278	49070	1
A_HP_03	59	Picture	response156	4562838	10397	1	39836	1	10000	40000	hit	317
A_HP_03	59	Pulse	99	4571278	18838	1
A_HP_03	59	Response	2	4577817	25376	1
A_HP_03	59	Pulse	99	4591278	38837	1
A_HP_03	60	Pulse	99	4611278	8605	1
A_HP_03	60	Picture	response154	4613070	10397	1	39836	1	10000	40000	hit	322
A_HP_03	60	Pulse	99	4631278	28605	1
A_HP_03	60	Response	1	4638546	35873	1
A_HP_03	60	Pulse	99	4651278	48604	1
A_HP_03	61	Picture	response160	4663302	10396	1	39836	1	10000	40000	hit	326
A_HP_03	61	Pulse	99	4671278	18372	1
A_HP_03	61	Response	2	4689957	37051	1
A_HP_03	61	Pulse	99	4691277	38372	1
A_HP_03	62	Pulse	99	4711278	8140	1
A_HP_03	62	Picture	response153	4713702	10563	1	39994	1	10000	40000	hit	331
A_HP_03	62	Pulse	99	4731278	28140	1
A_HP_03	62	Response	1	4733586	30448	1
A_HP_03	62	Pulse	99	4751278	48140	1
A_HP_03	63	Picture	ins6	4753696	232	1	30231	1	0	30000	other	0
A_HP_03	63	Pulse	99	4771278	17814	1
A_HP_03	63	Pulse	99	4791278	37814	1
A_HP_03	63	Pulse	99	4811278	57814	1
A_HP_03	63	Pulse	99	4831277	77813	1
A_HP_03	63	Pulse	99	4851278	97814	1
A_HP_03	63	Pulse	99	4871278	117814	1
A_HP_03	63	Pulse	99	4891279	137814	1
A_HP_03	63	Pulse	99	4911278	157814	1
A_HP_03	63	Pulse	99	4931278	177813	1
A_HP_03	63	Pulse	99	4951278	197814	1
A_HP_03	63	Pulse	99	4971278	217813	1
A_HP_03	63	Pulse	99	4991278	237814	1
A_HP_03	63	Pulse	99	5011278	257814	1
A_HP_03	63	Pulse	99	5031278	277814	1
A_HP_03	63	Pulse	99	5051278	297814	1
A_HP_03	64	Response	3	5071278	7581	1
A_HP_03	64	Pulse	99	5071278	7581	1
A_HP_03	65	Picture	response47	5081907	10397	1	39836	1	10000	40000	hit	352
A_HP_03	65	Response	1	5090077	18566	1
A_HP_03	65	Pulse	99	5091277	19767	1
A_HP_03	65	Pulse	99	5111278	39768	1
A_HP_03	66	Pulse	99	5131278	9535	1
A_HP_03	66	Picture	response48	5132140	10397	1	39836	1	10000	40000	hit	357
A_HP_03	66	Response	1	5140087	18343	1
A_HP_03	66	Pulse	99	5151278	29535	1
A_HP_03	66	Pulse	99	5171278	49535	1
A_HP_03	67	Picture	response43	5182539	10563	1	39669	1	10000	40000	hit	361
A_HP_03	67	Response	1	5190357	18381	1
A_HP_03	67	Pulse	99	5191278	19302	1
A_HP_03	67	Pulse	99	5211279	39303	1
A_HP_03	68	Pulse	99	5231278	9070	1
A_HP_03	68	Picture	response41	5232605	10397	1	39836	1	10000	40000	hit	366
A_HP_03	68	Response	2	5243547	21338	1
A_HP_03	68	Pulse	99	5251279	29070	1
A_HP_03	68	Pulse	99	5271278	49070	1
A_HP_03	69	Picture	response46	5282838	10397	1	39836	1	10000	40000	hit	371
A_HP_03	69	Pulse	99	5291278	18837	1
A_HP_03	69	Response	2	5292316	19875	1
A_HP_03	69	Pulse	99	5311279	38837	1
A_HP_03	70	Pulse	99	5331278	8605	1
A_HP_03	70	Picture	response44	5333070	10396	1	39836	1	10000	40000	hit	375
A_HP_03	70	Response	2	5341387	18714	1
A_HP_03	70	Pulse	99	5351278	28604	1
A_HP_03	70	Pulse	99	5371278	48605	1
A_HP_03	71	Picture	response45	5383303	10396	1	39837	1	10000	40000	hit	380
A_HP_03	71	Pulse	99	5391278	18372	1
A_HP_03	71	Response	1	5393427	20520	1
A_HP_03	71	Pulse	99	5411278	38372	1
A_HP_03	72	Pulse	99	5431278	8139	1
A_HP_03	72	Picture	response42	5433703	10563	1	39994	1	10000	40000	hit	384
A_HP_03	72	Response	1	5439557	16418	1
A_HP_03	72	Pulse	99	5451278	28139	1
A_HP_03	72	Pulse	99	5471278	48139	1
A_HP_03	73	Picture	ins4	5473697	232	1	30230	1	0	30000	other	0
A_HP_03	73	Pulse	99	5491278	17814	1
A_HP_03	73	Pulse	99	5511278	37814	1
A_HP_03	73	Pulse	99	5531278	57814	1
A_HP_03	73	Pulse	99	5551278	77814	1
A_HP_03	73	Pulse	99	5571278	97814	1
A_HP_03	73	Pulse	99	5591278	117814	1
A_HP_03	73	Pulse	99	5611279	137814	1
A_HP_03	73	Pulse	99	5631279	157814	1
A_HP_03	73	Pulse	99	5651279	177814	1
A_HP_03	73	Pulse	99	5671278	197814	1
A_HP_03	73	Pulse	99	5691279	217814	1
A_HP_03	73	Pulse	99	5711279	237814	1
A_HP_03	73	Pulse	99	5731279	257814	1
A_HP_03	73	Pulse	99	5751279	277814	1
A_HP_03	73	Pulse	99	5771279	297814	1
A_HP_03	74	Response	3	5791279	7581	1
A_HP_03	74	Pulse	99	5791279	7581	1
A_HP_03	75	Picture	response25	5801908	10397	1	39836	1	10000	40000	hit	406
A_HP_03	75	Response	2	5808747	17237	1
A_HP_03	75	Pulse	99	5811279	19768	1
A_HP_03	75	Pulse	99	5831279	39768	1
A_HP_03	76	Pulse	99	5851279	9535	1
A_HP_03	76	Picture	response31	5852140	10396	1	39837	1	10000	40000	hit	411
A_HP_03	76	Response	1	5858528	16784	1
A_HP_03	76	Pulse	99	5871279	29535	1
A_HP_03	76	Pulse	99	5891279	49535	1
A_HP_03	77	Picture	response30	5902540	10563	1	39669	1	10000	40000	hit	416
A_HP_03	77	Pulse	99	5911279	19302	1
A_HP_03	77	Response	1	5925517	33541	1
A_HP_03	77	Pulse	99	5931278	39301	1
A_HP_03	78	Pulse	99	5951279	9069	1
A_HP_03	78	Picture	response28	5952606	10397	1	39836	1	10000	40000	hit	420
A_HP_03	78	Response	1	5958417	16208	1
A_HP_03	78	Pulse	99	5971279	29069	1
A_HP_03	78	Pulse	99	5991279	49069	1
A_HP_03	79	Picture	response26	6002838	10396	1	39837	1	10000	40000	hit	424
A_HP_03	79	Response	2	6009447	17005	1
A_HP_03	79	Pulse	99	6011279	18837	1
A_HP_03	79	Pulse	99	6031279	38837	1
A_HP_03	80	Pulse	99	6051279	8604	1
A_HP_03	80	Picture	response32	6053071	10397	1	39835	1	10000	40000	hit	429
A_HP_03	80	Response	2	6061157	18483	1
A_HP_03	80	Pulse	99	6071279	28604	1
A_HP_03	80	Pulse	99	6091279	48604	1
A_HP_03	81	Picture	response29	6103303	10397	1	39836	1	10000	40000	hit	433
A_HP_03	81	Response	1	6108607	15701	1
A_HP_03	81	Pulse	99	6111278	18371	1
A_HP_03	81	Pulse	99	6131279	38372	1
A_HP_03	82	Pulse	99	6151279	8139	1
A_HP_03	82	Picture	response27	6153703	10563	1	39995	1	10000	40000	hit	438
A_HP_03	82	Response	1	6160798	17658	1
A_HP_03	82	Pulse	99	6171279	28139	1
A_HP_03	82	Pulse	99	6191279	48139	1
A_HP_03	83	Picture	ins22	6193697	232	1	30230	1	0	30000	other	0
A_HP_03	83	Pulse	99	6211278	17813	1
A_HP_03	83	Pulse	99	6231279	37814	1
A_HP_03	83	Pulse	99	6251279	57814	1
A_HP_03	83	Pulse	99	6271279	77814	1
A_HP_03	83	Pulse	99	6291279	97814	1
A_HP_03	83	Pulse	99	6311279	117814	1
A_HP_03	83	Pulse	99	6331279	137814	1
A_HP_03	83	Pulse	99	6351279	157814	1
A_HP_03	83	Pulse	99	6371279	177814	1
A_HP_03	83	Pulse	99	6391279	197814	1
A_HP_03	83	Pulse	99	6411279	217814	1
A_HP_03	83	Pulse	99	6431279	237814	1
A_HP_03	83	Pulse	99	6451279	257814	1
A_HP_03	83	Pulse	99	6471279	277814	1
A_HP_03	83	Pulse	99	6491279	297814	1
A_HP_03	84	Response	3	6511279	7581	1
A_HP_03	84	Pulse	99	6511279	7581	1
A_HP_03	85	Picture	response175	6521908	10397	1	39836	1	10000	40000	hit	461
A_HP_03	85	Pulse	99	6531279	19768	1
A_HP_03	85	Response	2	6540268	28757	1
A_HP_03	85	Pulse	99	6551279	39768	1
A_HP_03	86	Pulse	99	6571279	9535	1
A_HP_03	86	Picture	response169	6572141	10397	1	39839	1	10000	40000	hit	465
A_HP_03	86	Response	2	6587287	25543	1
A_HP_03	86	Pulse	99	6591279	29534	1
A_HP_03	86	Pulse	99	6611279	49535	1
A_HP_03	87	Picture	response170	6622543	10564	1	39670	1	10000	40000	hit	470
A_HP_03	87	Pulse	99	6631279	19299	1
A_HP_03	87	Response	2	6639758	27778	1
A_HP_03	87	Pulse	99	6651279	39300	1
A_HP_03	88	Pulse	99	6671279	9067	1
A_HP_03	88	Picture	response171	6672609	10396	1	39837	1	10000	40000	hit	475
A_HP_03	88	Pulse	99	6691279	29066	1
A_HP_03	88	Response	1	6698418	36205	1
A_HP_03	88	Pulse	99	6711279	49066	1
A_HP_03	89	Picture	response174	6722842	10396	1	39838	1	10000	40000	hit	480
A_HP_03	89	Pulse	99	6731279	18833	1
A_HP_03	89	Pulse	99	6751279	38833	1
A_HP_03	89	Response	2	6755057	42611	1
A_HP_03	90	Pulse	99	6771279	8599	1
A_HP_03	90	Picture	response173	6773077	10397	1	39836	1	10000	40000	hit	484
A_HP_03	90	Pulse	99	6791279	28599	1
A_HP_03	90	Response	1	6795047	32367	1
A_HP_03	90	Pulse	99	6811279	48599	1
A_HP_03	91	Picture	response176	6823310	10397	1	39836	1	10000	40000	hit	488
A_HP_03	91	Pulse	99	6831279	18366	1
A_HP_03	91	Response	1	6840108	27195	1
A_HP_03	91	Pulse	99	6851279	38366	1
A_HP_03	92	Pulse	99	6871279	8134	1
A_HP_03	92	Picture	response172	6873709	10563	1	39988	1	10000	40000	hit	492
A_HP_03	92	Response	2	6886638	23492	1
A_HP_03	92	Pulse	99	6891278	28133	1
A_HP_03	92	Pulse	99	6911279	48134	1
A_HP_03	93	Picture	ins18	6913697	232	1	30230	1	0	30000	other	0
A_HP_03	93	Pulse	99	6931279	17814	1
A_HP_03	93	Pulse	99	6951279	37814	1
A_HP_03	93	Pulse	99	6971279	57814	1
A_HP_03	93	Pulse	99	6991279	77814	1
A_HP_03	93	Pulse	99	7011279	97814	1
A_HP_03	93	Pulse	99	7031279	117814	1
A_HP_03	93	Pulse	99	7051279	137814	1
A_HP_03	93	Pulse	99	7071279	157814	1
A_HP_03	93	Pulse	99	7091279	177814	1
A_HP_03	93	Pulse	99	7111279	197814	1
A_HP_03	93	Pulse	99	7131279	217814	1
A_HP_03	93	Pulse	99	7151279	237814	1
A_HP_03	93	Pulse	99	7171279	257814	1
A_HP_03	93	Pulse	99	7191279	277814	1
A_HP_03	93	Pulse	99	7211279	297814	1
A_HP_03	94	Response	3	7231280	7581	1
A_HP_03	94	Pulse	99	7231280	7581	1
A_HP_03	95	Picture	response140	7241909	10397	1	39836	1	10000	40000	hit	515
A_HP_03	95	Pulse	99	7251279	19767	1
A_HP_03	95	Response	1	7256108	24595	1
A_HP_03	95	Pulse	99	7271279	39767	1
A_HP_03	96	Pulse	99	7291280	9535	1
A_HP_03	96	Picture	response142	7292141	10396	1	39836	1	10000	40000	miss	0
A_HP_03	96	Pulse	99	7311279	29534	1
A_HP_03	96	Pulse	99	7331280	49534	1
A_HP_03	97	Picture	response138	7342541	10563	1	39669	1	10000	40000	incorrect	523
A_HP_03	97	Pulse	99	7351279	19302	1
A_HP_03	97	Response	2	7363558	31580	1
A_HP_03	97	Pulse	99	7371279	39301	1
A_HP_03	98	Pulse	99	7391280	9069	1
A_HP_03	98	Picture	response141	7392607	10397	1	39836	1	10000	40000	hit	528
A_HP_03	98	Pulse	99	7411279	29068	1
A_HP_03	98	Response	2	7422708	40497	1
A_HP_03	98	Pulse	99	7431279	49068	1
A_HP_03	99	Picture	response139	7442840	10397	1	39836	1	10000	40000	hit	532
A_HP_03	99	Pulse	99	7451279	18836	1
A_HP_03	99	Response	1	7460178	27734	1
A_HP_03	99	Pulse	99	7471279	38836	1
A_HP_03	100	Pulse	99	7491279	8603	1
A_HP_03	100	Picture	response144	7493072	10396	1	39836	1	10000	40000	hit	537
A_HP_03	100	Pulse	99	7511279	28603	1
A_HP_03	100	Response	1	7512847	30171	1
A_HP_03	100	Pulse	99	7531279	48603	1
A_HP_03	101	Picture	response143	7543305	10397	1	39836	1	10000	40000	hit	541
A_HP_03	101	Pulse	99	7551279	18371	1
A_HP_03	101	Response	1	7559608	26700	1
A_HP_03	101	Pulse	99	7571279	38371	1
A_HP_03	102	Pulse	99	7591279	8138	1
A_HP_03	102	Picture	response137	7593704	10563	1	39993	1	10000	40000	hit	546
A_HP_03	102	Pulse	99	7611280	28139	1
A_HP_03	102	Response	2	7616028	32887	1
A_HP_03	102	Pulse	99	7631279	48138	1
A_HP_03	103	Picture	ins16	7633698	232	1	30231	1	0	30000	other	0
A_HP_03	103	Pulse	99	7651280	17814	1
A_HP_03	103	Pulse	99	7671280	37814	1
A_HP_03	103	Pulse	99	7691279	57814	1
A_HP_03	103	Pulse	99	7711280	77814	1
A_HP_03	103	Pulse	99	7731280	97814	1
A_HP_03	103	Pulse	99	7751280	117814	1
A_HP_03	103	Pulse	99	7771280	137814	1
A_HP_03	103	Pulse	99	7791280	157814	1
A_HP_03	103	Pulse	99	7811280	177814	1
A_HP_03	103	Pulse	99	7831280	197814	1
A_HP_03	103	Pulse	99	7851279	217814	1
A_HP_03	103	Pulse	99	7871280	237814	1
A_HP_03	103	Pulse	99	7891280	257814	1
A_HP_03	103	Pulse	99	7911280	277814	1
A_HP_03	103	Pulse	99	7931280	297814	1
A_HP_03	104	Response	3	7951280	7581	1
A_HP_03	104	Pulse	99	7951280	7581	1
A_HP_03	105	Picture	response123	7961908	10396	1	39836	1	10000	40000	hit	568
A_HP_03	105	Pulse	99	7971280	19768	1
A_HP_03	105	Response	2	7980618	29106	1
A_HP_03	105	Pulse	99	7991279	39768	1
A_HP_03	106	Pulse	99	8011280	9535	1
A_HP_03	106	Picture	response124	8012141	10396	1	39837	1	10000	40000	hit	572
A_HP_03	106	Response	2	8024638	22894	1
A_HP_03	106	Pulse	99	8031280	29535	1
A_HP_03	106	Pulse	99	8051280	49536	1
A_HP_03	107	Picture	response122	8062541	10563	1	39670	1	10000	40000	hit	577
A_HP_03	107	Pulse	99	8071280	19302	1
A_HP_03	107	Response	1	8080818	28841	1
A_HP_03	107	Pulse	99	8091280	39302	1
A_HP_03	108	Pulse	99	8111280	9070	1
A_HP_03	108	Picture	response128	8112607	10396	1	39836	1	10000	40000	hit	582
A_HP_03	108	Pulse	99	8131280	29069	1
A_HP_03	108	Response	2	8132438	30228	1
A_HP_03	108	Pulse	99	8151280	49070	1
A_HP_03	109	Picture	response126	8162839	10397	1	39837	1	10000	40000	hit	587
A_HP_03	109	Pulse	99	8171279	18837	1
A_HP_03	109	Pulse	99	8191279	38837	1
A_HP_03	109	Response	2	8197098	44655	1
A_HP_03	110	Pulse	99	8211280	8604	1
A_HP_03	110	Picture	response127	8213073	10397	1	39836	1	10000	40000	hit	590
A_HP_03	110	Response	2	8228568	25892	1
A_HP_03	110	Pulse	99	8231279	28603	1
A_HP_03	110	Pulse	99	8251280	48604	1
A_HP_03	111	Picture	response121	8263305	10396	1	39837	1	10000	40000	hit	595
A_HP_03	111	Pulse	99	8271280	18371	1
A_HP_03	111	Response	1	8279919	27010	1
A_HP_03	111	Pulse	99	8291280	38371	1
A_HP_03	112	Pulse	99	8311280	8138	1
A_HP_03	112	Picture	response125	8313705	10564	1	39993	1	10000	40000	miss	0
A_HP_03	112	Pulse	99	8331280	28138	1
A_HP_03	112	Pulse	99	8351280	48138	1
A_HP_03	113	Picture	ins2	8353698	232	1	30230	1	0	30000	other	0
A_HP_03	113	Pulse	99	8371280	17814	1
A_HP_03	113	Pulse	99	8391280	37814	1
A_HP_03	113	Pulse	99	8411280	57814	1
A_HP_03	113	Pulse	99	8431279	77813	1
A_HP_03	113	Pulse	99	8451280	97814	1
A_HP_03	113	Pulse	99	8471280	117814	1
A_HP_03	113	Pulse	99	8491280	137814	1
A_HP_03	113	Pulse	99	8511280	157814	1
A_HP_03	113	Pulse	99	8531280	177814	1
A_HP_03	113	Pulse	99	8551279	197813	1
A_HP_03	113	Pulse	99	8571280	217814	1
A_HP_03	113	Pulse	99	8591280	237814	1
A_HP_03	113	Pulse	99	8611280	257814	1
A_HP_03	113	Pulse	99	8631280	277814	1
A_HP_03	113	Pulse	99	8651280	297814	1
A_HP_03	114	Response	3	8671280	7581	1
A_HP_03	114	Pulse	99	8671280	7581	1
A_HP_03	115	Picture	response12	8681909	10397	1	39836	1	10000	40000	hit	621
A_HP_03	115	Pulse	99	8691280	19767	1
A_HP_03	115	Response	1	8694019	22506	1
A_HP_03	115	Pulse	99	8711281	39768	1
A_HP_03	116	Pulse	99	8731280	9534	1
A_HP_03	116	Picture	response15	8732142	10397	1	39836	1	10000	40000	hit	625
A_HP_03	116	Response	2	8746069	24323	1
A_HP_03	116	Pulse	99	8751280	29534	1
A_HP_03	116	Pulse	99	8771280	49534	1
A_HP_03	117	Picture	response11	8782541	10563	1	39669	1	10000	40000	hit	630
A_HP_03	117	Pulse	99	8791280	19302	1
A_HP_03	117	Response	2	8795948	23970	1
A_HP_03	117	Pulse	99	8811280	39302	1
A_HP_03	118	Pulse	99	8831280	9069	1
A_HP_03	118	Picture	response9	8832607	10396	1	39836	1	10000	40000	hit	634
A_HP_03	118	Response	1	8841809	19598	1
A_HP_03	118	Pulse	99	8851280	29069	1
A_HP_03	118	Pulse	99	8871280	49069	1
A_HP_03	119	Picture	response16	8882840	10397	1	39836	1	10000	40000	hit	639
A_HP_03	119	Pulse	99	8891280	18837	1
A_HP_03	119	Response	2	8892408	19965	1
A_HP_03	119	Pulse	99	8911280	38837	1
A_HP_03	120	Pulse	99	8931280	8604	1
A_HP_03	120	Picture	response13	8933072	10397	1	39836	1	10000	40000	hit	643
A_HP_03	120	Response	2	8945899	23223	1
A_HP_03	120	Pulse	99	8951279	28604	1
A_HP_03	120	Pulse	99	8971280	48604	1
A_HP_03	121	Picture	response10	8983305	10397	1	39836	1	10000	40000	hit	648
A_HP_03	121	Pulse	99	8991280	18372	1
A_HP_03	121	Response	1	8992868	19960	1
A_HP_03	121	Pulse	99	9011280	38372	1
A_HP_03	122	Pulse	99	9031280	8139	1
A_HP_03	122	Picture	response14	9033704	10563	1	39669	1	10000	40000	hit	652
A_HP_03	122	Response	1	9042769	19628	1
A_HP_03	122	Pulse	99	9051280	28139	1
A_HP_03	122	Pulse	99	9071280	48139	1
A_HP_03	123	Picture	thanks	9073373	0	1	10231	1	0	10000	other	0
A_HP_03	123	Pulse	99	9091280	17907	1


Event Type	Code	Type	Response	RT	RT Uncertainty	Time	Uncertainty	Duration	Uncertainty	ReqTime	ReqDur

Picture	ready	other				371595	1	10231	1	0	10000
Picture	ins10	other				432201	1	30231	1	0	30000
Picture	response75	hit	2	22819	2	761906	1	39836	1	10000	40000
Picture	response79	hit	1	16005	2	812139	1	39836	1	10000	40000
Picture	response73	hit	2	12516	2	862538	1	39670	1	10000	40000
Picture	response76	hit	1	20879	2	912606	1	39835	1	10000	40000
Picture	response80	hit	2	11687	2	962838	1	39836	1	10000	40000
Picture	response77	hit	2	16205	2	1013070	1	39836	1	10000	40000
Picture	response74	hit	1	26432	2	1063303	1	39836	1	10000	40000
Picture	response78	hit	1	13513	2	1113703	1	39995	1	10000	40000
Picture	ins14	other				1153698	1	30230	1	0	30000
Picture	response111	hit	1	21740	2	1481905	1	39836	1	10000	40000
Picture	response112	hit	2	8427	2	1532138	1	39836	1	10000	40000
Picture	response105	hit	2	9427	2	1582537	1	39669	1	10000	40000
Picture	response107	hit	1	24662	2	1632603	1	39836	1	10000	40000
Picture	response106	hit	1	16109	2	1682836	1	39836	1	10000	40000
Picture	response110	hit	2	12206	2	1733069	1	39836	1	10000	40000
Picture	response109	hit	1	14714	2	1783301	1	39836	1	10000	40000
Picture	response108	hit	2	20743	2	1833702	1	39994	1	10000	40000
Picture	ins12	other				1873695	1	30231	1	0	30000
Picture	response90	hit	1	10699	2	2201906	1	39836	1	10000	40000
Picture	response95	hit	1	14528	2	2252138	1	39836	1	10000	40000
Picture	response96	hit	2	24718	2	2302538	1	39669	1	10000	40000
Picture	response89	hit	2	19731	2	2352604	1	39836	1	10000	40000
Picture	response94	hit	2	13220	2	2402836	1	39836	1	10000	40000
Picture	response91	hit	2	38817	2	2453069	1	39836	1	10000	40000
Picture	response92	hit	1	16964	2	2503301	1	39836	1	10000	40000
Picture	response93	hit	1	15335	2	2553701	1	39995	1	10000	40000
Picture	ins8	other				2593695	1	30231	1	0	30000
Picture	response62	hit	2	13560	2	2921906	1	39836	1	10000	40000
Picture	response64	hit	2	8277	2	2972139	1	39836	1	10000	40000
Picture	response59	hit	1	8857	2	3022538	1	39669	1	10000	40000
Picture	response61	hit	2	10233	2	3072604	1	39836	1	10000	40000
Picture	response60	hit	2	6759	2	3122837	1	39835	1	10000	40000
Picture	response58	hit	1	12997	2	3173069	1	39836	1	10000	40000
Picture	response57	hit	1	22544	2	3223302	1	39837	1	10000	40000
Picture	response63	hit	1	16653	2	3273703	1	39993	1	10000	40000
Picture	ins24	other				3313695	1	30231	1	0	30000
Picture	response189	hit	1	13859	2	3641907	1	39836	1	10000	40000
Picture	response186	hit	2	20836	2	3692139	1	39837	1	10000	40000
Picture	response188	hit	2	16247	2	3742539	1	39669	1	10000	40000
Picture	response192	hit	1	9441	2	3792605	1	39836	1	10000	40000
Picture	response190	hit	1	21928	2	3842838	1	39836	1	10000	40000
Picture	response191	hit	1	32916	2	3893070	1	39836	1	10000	40000
Picture	response185	hit	1	27574	2	3943303	1	39836	1	10000	40000
Picture	response187	hit	2	25043	2	3993703	1	39993	1	10000	40000
Picture	ins20	other				4033696	1	30231	1	0	30000
Picture	response158	hit	2	18539	2	4361907	1	39835	1	10000	40000
Picture	response155	incorrect	1	15008	2	4412139	1	39836	1	10000	40000
Picture	response159	hit	2	14988	2	4462539	1	39669	1	10000	40000
Picture	response157	hit	2	18892	2	4512604	1	39836	1	10000	40000
Picture	response156	hit	2	14979	2	4562838	1	39836	1	10000	40000
Picture	response154	hit	1	25476	2	4613070	1	39836	1	10000	40000
Picture	response160	hit	2	26654	2	4663302	1	39836	1	10000	40000
Picture	response153	hit	1	19885	2	4713702	1	39994	1	10000	40000
Picture	ins6	other				4753696	1	30231	1	0	30000
Picture	response47	hit	1	8169	2	5081907	1	39836	1	10000	40000
Picture	response48	hit	1	7947	2	5132140	1	39836	1	10000	40000
Picture	response43	hit	1	7818	2	5182539	1	39669	1	10000	40000
Picture	response41	hit	2	10941	2	5232605	1	39836	1	10000	40000
Picture	response46	hit	2	9478	2	5282838	1	39836	1	10000	40000
Picture	response44	hit	2	8317	2	5333070	1	39836	1	10000	40000
Picture	response45	hit	1	10124	2	5383303	1	39837	1	10000	40000
Picture	response42	hit	1	5855	2	5433703	1	39994	1	10000	40000
Picture	ins4	other				5473697	1	30230	1	0	30000
Picture	response25	hit	2	6840	2	5801908	1	39836	1	10000	40000
Picture	response31	hit	1	6388	2	5852140	1	39837	1	10000	40000
Picture	response30	hit	1	22977	2	5902540	1	39669	1	10000	40000
Picture	response28	hit	1	5811	2	5952606	1	39836	1	10000	40000
Picture	response26	hit	2	6609	2	6002838	1	39837	1	10000	40000
Picture	response32	hit	2	8086	2	6053071	1	39835	1	10000	40000
Picture	response29	hit	1	5304	2	6103303	1	39836	1	10000	40000
Picture	response27	hit	1	7095	2	6153703	1	39995	1	10000	40000
Picture	ins22	other				6193697	1	30230	1	0	30000
Picture	response175	hit	2	18360	2	6521908	1	39836	1	10000	40000
Picture	response169	hit	2	15147	2	6572141	1	39839	1	10000	40000
Picture	response170	hit	2	17215	2	6622543	1	39670	1	10000	40000
Picture	response171	hit	1	25809	2	6672609	1	39837	1	10000	40000
Picture	response174	hit	2	32215	2	6722842	1	39838	1	10000	40000
Picture	response173	hit	1	21971	2	6773077	1	39836	1	10000	40000
Picture	response176	hit	1	16799	2	6823310	1	39836	1	10000	40000
Picture	response172	hit	2	12929	2	6873709	1	39988	1	10000	40000
Picture	ins18	other				6913697	1	30230	1	0	30000
Picture	response140	hit	1	14198	2	7241909	1	39836	1	10000	40000
Picture	response142	miss				7292141	1	39836	1	10000	40000
Picture	response138	incorrect	2	21017	2	7342541	1	39669	1	10000	40000
Picture	response141	hit	2	30100	2	7392607	1	39836	1	10000	40000
Picture	response139	hit	1	17338	2	7442840	1	39836	1	10000	40000
Picture	response144	hit	1	19775	2	7493072	1	39836	1	10000	40000
Picture	response143	hit	1	16303	2	7543305	1	39836	1	10000	40000
Picture	response137	hit	2	22324	2	7593704	1	39993	1	10000	40000
Picture	ins16	other				7633698	1	30231	1	0	30000
Picture	response123	hit	2	18710	2	7961908	1	39836	1	10000	40000
Picture	response124	hit	2	12497	2	8012141	1	39837	1	10000	40000
Picture	response122	hit	1	18278	2	8062541	1	39670	1	10000	40000
Picture	response128	hit	2	19831	2	8112607	1	39836	1	10000	40000
Picture	response126	hit	2	34259	2	8162839	1	39837	1	10000	40000
Picture	response127	hit	2	15495	2	8213073	1	39836	1	10000	40000
Picture	response121	hit	1	16613	2	8263305	1	39837	1	10000	40000
Picture	response125	miss				8313705	1	39993	1	10000	40000
Picture	ins2	other				8353698	1	30230	1	0	30000
Picture	response12	hit	1	12109	2	8681909	1	39836	1	10000	40000
Picture	response15	hit	2	13927	2	8732142	1	39836	1	10000	40000
Picture	response11	hit	2	13407	2	8782541	1	39669	1	10000	40000
Picture	response9	hit	1	9201	2	8832607	1	39836	1	10000	40000
Picture	response16	hit	2	9568	2	8882840	1	39836	1	10000	40000
Picture	response13	hit	2	12826	2	8933072	1	39836	1	10000	40000
Picture	response10	hit	1	9563	2	8983305	1	39836	1	10000	40000
Picture	response14	hit	1	9065	2	9033704	1	39669	1	10000	40000
Picture	thanks	other				9073373	1	10231	1	0	10000


{
   "app": "Presentation Version 21.0 Build 06.06.19",
   "device": "LENOVO 20KHCTO1WW",
   "experiment": "{A2FC4E2A-B401-4E65-9CA9-5B09E294C871}",
   "os": "Windows 10 64 bit",
   "package": "",
   "parameters": {
      "configuration": "Default configuration"
   },
   "scenario": "Dimension experiment(2).sce",
   "subject": "A_HP_03",
   "timestamp": "2019/07/19 04:13:54 GMT"
}
