Scenario - 
Logfile written - 10/30/2019 16:52:35

Subject	Trial	Event Type	Code	Time	TTime	Uncertainty	Duration	Uncertainty	ReqTime	ReqDur	Stim Type	Pair Index

A_HP_26	1	Response	3	165873	165374	1
A_HP_26	1	Pulse	99	165873	165374	1
A_HP_26	2	Picture	ready	166105	0	1	10229	1	0	10000	other	0
A_HP_26	2	Pulse	99	185873	19768	1
A_HP_26	2	Pulse	99	205873	39768	1
A_HP_26	2	Pulse	99	225874	59768	1
A_HP_26	3	Picture	ins12	226660	232	1	30229	1	0	30000	other	0
A_HP_26	3	Pulse	99	245873	19445	1
A_HP_26	3	Pulse	99	265873	39445	1
A_HP_26	3	Pulse	99	285873	59445	1
A_HP_26	3	Pulse	99	305873	79445	1
A_HP_26	3	Pulse	99	325873	99445	1
A_HP_26	3	Pulse	99	345873	119445	1
A_HP_26	3	Pulse	99	365873	139445	1
A_HP_26	3	Pulse	99	385873	159445	1
A_HP_26	3	Pulse	99	405873	179445	1
A_HP_26	3	Pulse	99	425873	199445	1
A_HP_26	3	Pulse	99	445873	219445	1
A_HP_26	3	Pulse	99	465873	239445	1
A_HP_26	3	Pulse	99	485873	259445	1
A_HP_26	3	Pulse	99	505873	279445	1
A_HP_26	3	Pulse	99	525875	299447	1
A_HP_26	4	Response	3	545874	9216	1
A_HP_26	4	Pulse	99	545874	9216	1
A_HP_26	5	Picture	response92	556499	10396	1	39834	1	10000	40000	hit	27
A_HP_26	5	Pulse	99	565793	19689	1
A_HP_26	5	Response	1	568991	22888	1
A_HP_26	5	Pulse	99	585873	39770	1
A_HP_26	6	Pulse	99	605874	9540	1
A_HP_26	6	Picture	response93	606729	10395	1	39835	1	10000	40000	hit	31
A_HP_26	6	Response	1	622162	25828	1
A_HP_26	6	Pulse	99	625872	29539	1
A_HP_26	6	Pulse	99	645873	49539	1
A_HP_26	7	Picture	response94	656959	10395	1	39835	1	10000	40000	hit	36
A_HP_26	7	Pulse	99	665873	19309	1
A_HP_26	7	Response	2	670221	23657	1
A_HP_26	7	Pulse	99	685873	39309	1
A_HP_26	8	Pulse	99	705873	9079	1
A_HP_26	8	Picture	response91	707190	10396	1	39834	1	10000	40000	hit	40
A_HP_26	8	Response	2	717691	20897	1
A_HP_26	8	Pulse	99	725873	29079	1
A_HP_26	8	Pulse	99	745873	49079	1
A_HP_26	9	Picture	response96	757419	10395	1	39835	1	10000	40000	hit	45
A_HP_26	9	Pulse	99	765873	18849	1
A_HP_26	9	Response	2	780901	33877	1
A_HP_26	9	Pulse	99	785872	38848	1
A_HP_26	10	Pulse	99	805873	8618	1
A_HP_26	10	Picture	response90	807816	10562	1	39668	1	10000	40000	hit	49
A_HP_26	10	Response	1	821981	24727	1
A_HP_26	10	Pulse	99	825793	28538	1
A_HP_26	10	Pulse	99	845873	48618	1
A_HP_26	11	Picture	response89	857880	10395	1	39835	1	10000	40000	hit	54
A_HP_26	11	Pulse	99	865873	18388	1
A_HP_26	11	Response	2	872052	24567	1
A_HP_26	11	Pulse	99	885793	38308	1
A_HP_26	12	Pulse	99	905873	8158	1
A_HP_26	12	Picture	response95	908111	10395	1	40248	1	10000	40000	hit	58
A_HP_26	12	Response	1	922392	24677	1
A_HP_26	12	Pulse	99	925873	28158	1
A_HP_26	12	Pulse	99	945873	48158	1
A_HP_26	13	Picture	ins4	948359	231	1	30229	1	0	30000	other	0
A_HP_26	13	Pulse	99	965873	17745	1
A_HP_26	13	Pulse	99	985873	37745	1
A_HP_26	13	Pulse	99	1005873	57745	1
A_HP_26	13	Pulse	99	1025873	77745	1
A_HP_26	13	Pulse	99	1045873	97745	1
A_HP_26	13	Pulse	99	1065873	117745	1
A_HP_26	13	Pulse	99	1085793	137665	1
A_HP_26	13	Pulse	99	1105873	157745	1
A_HP_26	13	Pulse	99	1125873	177745	1
A_HP_26	13	Pulse	99	1145793	197665	1
A_HP_26	13	Pulse	99	1165873	217745	1
A_HP_26	13	Pulse	99	1185873	237745	1
A_HP_26	13	Pulse	99	1205793	257665	1
A_HP_26	13	Pulse	99	1225873	277745	1
A_HP_26	13	Pulse	99	1245873	297745	1
A_HP_26	14	Response	3	1265873	7515	1
A_HP_26	14	Pulse	99	1265873	7515	1
A_HP_26	15	Picture	response28	1276499	10395	1	39835	1	10000	40000	hit	80
A_HP_26	15	Response	1	1281352	15249	1
A_HP_26	15	Pulse	99	1285872	19769	1
A_HP_26	15	Pulse	99	1305873	39769	1
A_HP_26	16	Pulse	99	1325873	9540	1
A_HP_26	16	Picture	response29	1326728	10395	1	39835	1	10000	40000	hit	85
A_HP_26	16	Response	1	1331702	15368	1
A_HP_26	16	Pulse	99	1345793	29460	1
A_HP_26	16	Pulse	99	1365873	49540	1
A_HP_26	17	Picture	response25	1376958	10395	1	39835	1	10000	40000	hit	89
A_HP_26	17	Response	2	1383011	16447	1
A_HP_26	17	Pulse	99	1385872	19309	1
A_HP_26	17	Pulse	99	1405793	39230	1
A_HP_26	18	Pulse	99	1425872	9079	1
A_HP_26	18	Picture	response32	1427189	10395	1	39835	1	10000	40000	hit	94
A_HP_26	18	Response	2	1433581	16788	1
A_HP_26	18	Pulse	99	1445873	29079	1
A_HP_26	18	Pulse	99	1465793	48999	1
A_HP_26	19	Picture	response26	1477419	10396	1	39834	1	10000	40000	hit	98
A_HP_26	19	Response	2	1483311	16288	1
A_HP_26	19	Pulse	99	1485872	18849	1
A_HP_26	19	Pulse	99	1505873	38849	1
A_HP_26	20	Pulse	99	1525793	8540	1
A_HP_26	20	Picture	response30	1527816	10562	1	39668	1	10000	40000	hit	103
A_HP_26	20	Response	1	1535211	17957	1
A_HP_26	20	Pulse	99	1545873	28620	1
A_HP_26	20	Pulse	99	1565873	48619	1
A_HP_26	21	Picture	response31	1577879	10395	1	39835	1	10000	40000	hit	107
A_HP_26	21	Response	1	1583051	15568	1
A_HP_26	21	Pulse	99	1585872	18388	1
A_HP_26	21	Pulse	99	1605793	38309	1
A_HP_26	22	Pulse	99	1625873	8159	1
A_HP_26	22	Picture	response27	1628110	10396	1	40247	1	10000	40000	hit	112
A_HP_26	22	Response	1	1633931	16217	1
A_HP_26	22	Pulse	99	1645873	28158	1
A_HP_26	22	Pulse	99	1665793	48078	1
A_HP_26	23	Picture	ins10	1668357	229	1	30229	1	0	30000	other	0
A_HP_26	23	Pulse	99	1685873	17746	1
A_HP_26	23	Pulse	99	1705873	37745	1
A_HP_26	23	Pulse	99	1725793	57665	1
A_HP_26	23	Pulse	99	1745873	77745	1
A_HP_26	23	Pulse	99	1765873	97745	1
A_HP_26	23	Pulse	99	1785793	117665	1
A_HP_26	23	Pulse	99	1805873	137745	1
A_HP_26	23	Pulse	99	1825873	157745	1
A_HP_26	23	Pulse	99	1845793	177665	1
A_HP_26	23	Pulse	99	1865793	197665	1
A_HP_26	23	Pulse	99	1885872	217745	1
A_HP_26	23	Pulse	99	1905873	237745	1
A_HP_26	23	Pulse	99	1925792	257665	1
A_HP_26	23	Pulse	99	1945873	277745	1
A_HP_26	23	Pulse	99	1965872	297745	1
A_HP_26	24	Response	3	1985793	7435	1
A_HP_26	24	Pulse	99	1985793	7435	1
A_HP_26	25	Picture	response77	1996418	10395	1	39835	1	10000	40000	hit	135
A_HP_26	25	Pulse	99	2005872	19850	1
A_HP_26	25	Response	2	2010101	24078	1
A_HP_26	25	Pulse	99	2025872	39850	1
A_HP_26	26	Pulse	99	2045793	9540	1
A_HP_26	26	Picture	response75	2046815	10562	1	39668	1	10000	40000	hit	139
A_HP_26	26	Response	2	2062881	26628	1
A_HP_26	26	Pulse	99	2065872	29619	1
A_HP_26	26	Pulse	99	2085872	49620	1
A_HP_26	27	Picture	response74	2096879	10396	1	39835	1	10000	40000	hit	144
A_HP_26	27	Pulse	99	2105797	19314	1
A_HP_26	27	Response	1	2113361	26878	1
A_HP_26	27	Pulse	99	2125872	39389	1
A_HP_26	28	Pulse	99	2145872	9159	1
A_HP_26	28	Picture	response76	2147109	10395	1	39835	1	10000	40000	hit	148
A_HP_26	28	Response	1	2161891	25178	1
A_HP_26	28	Pulse	99	2165792	29078	1
A_HP_26	28	Pulse	99	2185792	49079	1
A_HP_26	29	Picture	response79	2197339	10395	1	39835	1	10000	40000	hit	153
A_HP_26	29	Pulse	99	2205872	18928	1
A_HP_26	29	Response	1	2210670	23727	1
A_HP_26	29	Pulse	99	2225872	38929	1
A_HP_26	30	Pulse	99	2245792	8619	1
A_HP_26	30	Picture	response80	2247569	10396	1	39834	1	10000	40000	hit	157
A_HP_26	30	Response	2	2258511	21337	1
A_HP_26	30	Pulse	99	2265872	28699	1
A_HP_26	30	Pulse	99	2285872	48699	1
A_HP_26	31	Picture	response78	2297965	10562	1	39669	1	10000	40000	hit	162
A_HP_26	31	Pulse	99	2305792	18389	1
A_HP_26	31	Response	1	2317821	30417	1
A_HP_26	31	Pulse	99	2325872	38468	1
A_HP_26	32	Pulse	99	2345872	8238	1
A_HP_26	32	Picture	response73	2348030	10396	1	40227	1	10000	40000	hit	166
A_HP_26	32	Response	2	2358271	20637	1
A_HP_26	32	Pulse	99	2365792	28157	1
A_HP_26	32	Pulse	99	2385873	48238	1
A_HP_26	33	Picture	ins18	2388257	230	1	30229	1	0	30000	other	0
A_HP_26	33	Pulse	99	2405872	17845	1
A_HP_26	33	Pulse	99	2425792	37765	1
A_HP_26	33	Pulse	99	2445792	57765	1
A_HP_26	33	Pulse	99	2465872	77845	1
A_HP_26	33	Pulse	99	2485793	97765	1
A_HP_26	33	Pulse	99	2505792	117765	1
A_HP_26	33	Pulse	99	2525872	137845	1
A_HP_26	33	Pulse	99	2545872	157845	1
A_HP_26	33	Pulse	99	2565792	177765	1
A_HP_26	33	Pulse	99	2585872	197845	1
A_HP_26	33	Pulse	99	2605872	217845	1
A_HP_26	33	Pulse	99	2625793	237765	1
A_HP_26	33	Pulse	99	2645872	257845	1
A_HP_26	33	Pulse	99	2665872	277845	1
A_HP_26	33	Pulse	99	2685792	297765	1
A_HP_26	34	Response	3	2705792	7535	1
A_HP_26	34	Pulse	99	2705792	7535	1
A_HP_26	35	Picture	response137	2716417	10395	1	39834	1	10000	40000	hit	189
A_HP_26	35	Pulse	99	2725872	19850	1
A_HP_26	35	Response	2	2734731	28709	1
A_HP_26	35	Pulse	99	2745792	39770	1
A_HP_26	36	Pulse	99	2765792	9540	1
A_HP_26	36	Picture	response138	2766814	10562	1	39668	1	10000	40000	hit	193
A_HP_26	36	Response	1	2785610	29358	1
A_HP_26	36	Pulse	99	2785872	29620	1
A_HP_26	36	Pulse	99	2805792	49540	1
A_HP_26	37	Picture	response142	2816877	10395	1	39835	1	10000	40000	hit	198
A_HP_26	37	Pulse	99	2825792	19310	1
A_HP_26	37	Response	1	2827320	20838	1
A_HP_26	37	Pulse	99	2845872	39390	1
A_HP_26	38	Pulse	99	2865872	9160	1
A_HP_26	38	Picture	response140	2867107	10395	1	39835	1	10000	40000	hit	203
A_HP_26	38	Pulse	99	2885792	29080	1
A_HP_26	38	Response	1	2896561	39849	1
A_HP_26	38	Pulse	99	2905872	49160	1
A_HP_26	39	Picture	response143	2917337	10395	1	39835	1	10000	40000	hit	207
A_HP_26	39	Pulse	99	2925872	18930	1
A_HP_26	39	Response	1	2941471	34528	1
A_HP_26	39	Pulse	99	2945791	38849	1
A_HP_26	40	Pulse	99	2965792	8620	1
A_HP_26	40	Picture	response141	2967567	10395	1	39835	1	10000	40000	hit	211
A_HP_26	40	Response	2	2984710	27538	1
A_HP_26	40	Pulse	99	2985872	28700	1
A_HP_26	40	Pulse	99	3005792	48620	1
A_HP_26	41	Picture	response144	3017964	10562	1	39668	1	10000	40000	hit	216
A_HP_26	41	Pulse	99	3025792	18390	1
A_HP_26	41	Response	1	3045031	37628	1
A_HP_26	41	Pulse	99	3045871	38469	1
A_HP_26	42	Pulse	99	3065792	8160	1
A_HP_26	42	Picture	response139	3068027	10395	1	40192	1	10000	40000	hit	221
A_HP_26	42	Pulse	99	3085792	28159	1
A_HP_26	42	Response	1	3100081	42448	1
A_HP_26	42	Pulse	99	3105872	48239	1
A_HP_26	43	Picture	ins20	3108219	193	1	30229	1	0	30000	other	0
A_HP_26	43	Pulse	99	3125792	17765	1
A_HP_26	43	Pulse	99	3145792	37765	1
A_HP_26	43	Pulse	99	3165872	57846	1
A_HP_26	43	Pulse	99	3185872	77845	1
A_HP_26	43	Pulse	99	3205795	97769	1
A_HP_26	43	Pulse	99	3225792	117765	1
A_HP_26	43	Pulse	99	3245872	137845	1
A_HP_26	43	Pulse	99	3265792	157765	1
A_HP_26	43	Pulse	99	3285792	177765	1
A_HP_26	43	Pulse	99	3305872	197845	1
A_HP_26	43	Pulse	99	3325792	217765	1
A_HP_26	43	Pulse	99	3345792	237765	1
A_HP_26	43	Pulse	99	3365872	257845	1
A_HP_26	43	Pulse	99	3385792	277765	1
A_HP_26	43	Pulse	99	3405792	297765	1
A_HP_26	44	Response	3	3425872	7615	1
A_HP_26	44	Pulse	99	3425872	7615	1
A_HP_26	45	Picture	response153	3436830	10728	1	39501	1	10000	40000	hit	243
A_HP_26	45	Pulse	99	3445792	19690	1
A_HP_26	45	Response	1	3458451	32349	1
A_HP_26	45	Pulse	99	3465792	39690	1
A_HP_26	46	Pulse	99	3485792	9461	1
A_HP_26	46	Picture	response156	3486727	10395	1	39835	1	10000	40000	hit	248
A_HP_26	46	Pulse	99	3505872	29541	1
A_HP_26	46	Response	2	3509640	33309	1
A_HP_26	46	Pulse	99	3525792	49460	1
A_HP_26	47	Picture	response158	3536957	10395	1	39835	1	10000	40000	hit	252
A_HP_26	47	Pulse	99	3545792	19230	1
A_HP_26	47	Response	2	3554780	28219	1
A_HP_26	47	Pulse	99	3565872	39311	1
A_HP_26	48	Pulse	99	3585791	9000	1
A_HP_26	48	Picture	response159	3587187	10396	1	39834	1	10000	40000	hit	257
A_HP_26	48	Pulse	99	3605792	29000	1
A_HP_26	48	Response	2	3609109	32318	1
A_HP_26	48	Pulse	99	3625872	49080	1
A_HP_26	49	Picture	response160	3637417	10395	1	39835	1	10000	40000	hit	261
A_HP_26	49	Pulse	99	3645792	18770	1
A_HP_26	49	Response	2	3649509	22487	1
A_HP_26	49	Pulse	99	3665792	38770	1
A_HP_26	50	Pulse	99	3685872	8620	1
A_HP_26	50	Picture	response154	3687813	10562	1	39669	1	10000	40000	hit	265
A_HP_26	50	Response	1	3704950	27699	1
A_HP_26	50	Pulse	99	3705791	28540	1
A_HP_26	50	Pulse	99	3725792	48540	1
A_HP_26	51	Picture	response155	3737877	10396	1	39836	1	10000	40000	hit	270
A_HP_26	51	Pulse	99	3745792	18310	1
A_HP_26	51	Response	2	3752871	25389	1
A_HP_26	51	Pulse	99	3765792	38310	1
A_HP_26	52	Pulse	99	3785791	8078	1
A_HP_26	52	Picture	response157	3788109	10396	1	40247	1	10000	40000	hit	274
A_HP_26	52	Response	2	3805080	27367	1
A_HP_26	52	Pulse	99	3805791	28077	1
A_HP_26	52	Pulse	99	3825871	48158	1
A_HP_26	53	Picture	ins8	3828356	230	1	30229	1	0	30000	other	0
A_HP_26	53	Pulse	99	3845791	17666	1
A_HP_26	53	Pulse	99	3865791	37666	1
A_HP_26	53	Pulse	99	3885872	57746	1
A_HP_26	53	Pulse	99	3905791	77666	1
A_HP_26	53	Pulse	99	3925792	97666	1
A_HP_26	53	Pulse	99	3945871	117746	1
A_HP_26	53	Pulse	99	3965791	137666	1
A_HP_26	53	Pulse	99	3985791	157666	1
A_HP_26	53	Pulse	99	4005871	177746	1
A_HP_26	53	Pulse	99	4025791	197666	1
A_HP_26	53	Pulse	99	4045793	217668	1
A_HP_26	53	Pulse	99	4065791	237666	1
A_HP_26	53	Pulse	99	4085791	257666	1
A_HP_26	53	Pulse	99	4105791	277666	1
A_HP_26	53	Pulse	99	4125791	297666	1
A_HP_26	54	Response	3	4145871	7516	1
A_HP_26	54	Pulse	99	4145871	7516	1
A_HP_26	55	Picture	response58	4156663	10562	1	39668	1	10000	40000	hit	296
A_HP_26	55	Response	1	4165320	19219	1
A_HP_26	55	Pulse	99	4165791	19690	1
A_HP_26	55	Pulse	99	4185791	39690	1
A_HP_26	56	Pulse	99	4205871	9540	1
A_HP_26	56	Picture	response64	4206726	10395	1	39835	1	10000	40000	hit	301
A_HP_26	56	Response	2	4216009	19678	1
A_HP_26	56	Pulse	99	4225791	29460	1
A_HP_26	56	Pulse	99	4245791	49460	1
A_HP_26	57	Picture	response57	4256956	10395	1	39835	1	10000	40000	hit	306
A_HP_26	57	Pulse	99	4265871	19310	1
A_HP_26	57	Response	1	4269560	22999	1
A_HP_26	57	Pulse	99	4285791	39230	1
A_HP_26	58	Pulse	99	4305791	9000	1
A_HP_26	58	Picture	response61	4307187	10396	1	39834	1	10000	40000	hit	310
A_HP_26	58	Response	2	4315420	18629	1
A_HP_26	58	Pulse	99	4325791	29000	1
A_HP_26	58	Pulse	99	4345791	49000	1
A_HP_26	59	Picture	response62	4357417	10395	1	39835	1	10000	40000	hit	315
A_HP_26	59	Pulse	99	4365791	18770	1
A_HP_26	59	Response	2	4371140	24119	1
A_HP_26	59	Pulse	99	4385791	38770	1
A_HP_26	60	Pulse	99	4405791	8540	1
A_HP_26	60	Picture	response59	4407814	10562	1	39668	1	10000	40000	hit	319
A_HP_26	60	Response	1	4414300	17049	1
A_HP_26	60	Pulse	99	4425791	28540	1
A_HP_26	60	Pulse	99	4445791	48540	1
A_HP_26	61	Picture	response60	4457877	10396	1	39835	1	10000	40000	hit	324
A_HP_26	61	Pulse	99	4465871	18389	1
A_HP_26	61	Response	2	4468539	21057	1
A_HP_26	61	Pulse	99	4485791	38309	1
A_HP_26	62	Pulse	99	4505791	8079	1
A_HP_26	62	Picture	response63	4508107	10395	1	40248	1	10000	40000	hit	328
A_HP_26	62	Response	1	4514950	17238	1
A_HP_26	62	Pulse	99	4525871	28159	1
A_HP_26	62	Pulse	99	4545791	48079	1
A_HP_26	63	Picture	ins14	4548356	230	1	30229	1	0	30000	other	0
A_HP_26	63	Pulse	99	4565791	17665	1
A_HP_26	63	Pulse	99	4585791	37665	1
A_HP_26	63	Pulse	99	4605791	57665	1
A_HP_26	63	Pulse	99	4625791	77665	1
A_HP_26	63	Pulse	99	4645791	97665	1
A_HP_26	63	Pulse	99	4665791	117665	1
A_HP_26	63	Pulse	99	4685791	137665	1
A_HP_26	63	Pulse	99	4705791	157665	1
A_HP_26	63	Pulse	99	4725791	177665	1
A_HP_26	63	Pulse	99	4745791	197665	1
A_HP_26	63	Pulse	99	4765791	217665	1
A_HP_26	63	Pulse	99	4785871	237745	1
A_HP_26	63	Pulse	99	4805791	257665	1
A_HP_26	63	Pulse	99	4825791	277665	1
A_HP_26	63	Pulse	99	4845791	297665	1
A_HP_26	64	Response	3	4865791	7435	1
A_HP_26	64	Pulse	99	4865791	7435	1
A_HP_26	65	Picture	response112	4876417	10395	1	39835	1	10000	40000	hit	351
A_HP_26	65	Pulse	99	4885791	19769	1
A_HP_26	65	Response	2	4888299	22278	1
A_HP_26	65	Pulse	99	4905791	39769	1
A_HP_26	66	Pulse	99	4925791	9539	1
A_HP_26	66	Picture	response106	4926813	10562	1	39669	1	10000	40000	hit	355
A_HP_26	66	Response	1	4938739	22488	1
A_HP_26	66	Pulse	99	4945791	29539	1
A_HP_26	66	Pulse	99	4965791	49539	1
A_HP_26	67	Picture	response108	4976877	10395	1	39835	1	10000	40000	hit	360
A_HP_26	67	Pulse	99	4985791	19309	1
A_HP_26	67	Response	2	4998059	31578	1
A_HP_26	67	Pulse	99	5005791	39309	1
A_HP_26	68	Pulse	99	5025791	9079	1
A_HP_26	68	Picture	response111	5027108	10396	1	39834	1	10000	40000	hit	364
A_HP_26	68	Response	1	5043720	27007	1
A_HP_26	68	Pulse	99	5045791	29078	1
A_HP_26	68	Pulse	99	5065791	49079	1
A_HP_26	69	Picture	response107	5077337	10395	1	39835	1	10000	40000	hit	369
A_HP_26	69	Pulse	99	5085791	18849	1
A_HP_26	69	Response	1	5091249	24307	1
A_HP_26	69	Pulse	99	5105791	38849	1
A_HP_26	70	Pulse	99	5125791	8619	1
A_HP_26	70	Picture	response110	5127568	10395	1	39835	1	10000	40000	hit	373
A_HP_26	70	Response	2	5137999	20827	1
A_HP_26	70	Pulse	99	5145790	28618	1
A_HP_26	70	Pulse	99	5165790	48618	1
A_HP_26	71	Picture	response109	5177965	10562	1	39668	1	10000	40000	hit	378
A_HP_26	71	Pulse	99	5185791	18388	1
A_HP_26	71	Response	1	5190719	23317	1
A_HP_26	71	Pulse	99	5205790	38388	1
A_HP_26	72	Pulse	99	5225791	8158	1
A_HP_26	72	Picture	response105	5228028	10396	1	40227	1	10000	40000	hit	382
A_HP_26	72	Response	2	5242109	24476	1
A_HP_26	72	Pulse	99	5245791	28158	1
A_HP_26	72	Pulse	99	5265791	48158	1
A_HP_26	73	Picture	ins2	5268256	230	1	30229	1	0	30000	other	0
A_HP_26	73	Pulse	99	5285791	17765	1
A_HP_26	73	Pulse	99	5305791	37765	1
A_HP_26	73	Pulse	99	5325791	57765	1
A_HP_26	73	Pulse	99	5345791	77766	1
A_HP_26	73	Pulse	99	5365791	97765	1
A_HP_26	73	Pulse	99	5385791	117765	1
A_HP_26	73	Pulse	99	5405791	137765	1
A_HP_26	73	Pulse	99	5425791	157765	1
A_HP_26	73	Pulse	99	5445791	177765	1
A_HP_26	73	Pulse	99	5465791	197765	1
A_HP_26	73	Pulse	99	5485791	217765	1
A_HP_26	73	Pulse	99	5505793	237768	1
A_HP_26	73	Pulse	99	5525791	257765	1
A_HP_26	73	Pulse	99	5545791	277765	1
A_HP_26	73	Pulse	99	5565791	297765	1
A_HP_26	74	Response	3	5585791	7535	1
A_HP_26	74	Pulse	99	5585791	7535	1
A_HP_26	75	Picture	response9	5596416	10395	1	39835	1	10000	40000	hit	405
A_HP_26	75	Pulse	99	5605791	19770	1
A_HP_26	75	Response	1	5609039	23018	1
A_HP_26	75	Pulse	99	5625790	39770	1
A_HP_26	76	Pulse	99	5645791	9539	1
A_HP_26	76	Picture	response16	5646813	10562	1	39669	1	10000	40000	hit	409
A_HP_26	76	Response	2	5658699	22448	1
A_HP_26	76	Pulse	99	5665790	29539	1
A_HP_26	76	Pulse	99	5685791	49539	1
A_HP_26	77	Picture	response14	5696878	10396	1	39834	1	10000	40000	hit	414
A_HP_26	77	Pulse	99	5705791	19309	1
A_HP_26	77	Response	1	5711808	25326	1
A_HP_26	77	Pulse	99	5725790	39308	1
A_HP_26	78	Pulse	99	5745790	9078	1
A_HP_26	78	Picture	response13	5747107	10395	1	39835	1	10000	40000	hit	418
A_HP_26	78	Response	2	5759619	22907	1
A_HP_26	78	Pulse	99	5765790	29078	1
A_HP_26	78	Pulse	99	5785790	49078	1
A_HP_26	79	Picture	response15	5797337	10395	1	39835	1	10000	40000	hit	423
A_HP_26	79	Pulse	99	5805791	18848	1
A_HP_26	79	Response	2	5811669	24727	1
A_HP_26	79	Pulse	99	5825791	38848	1
A_HP_26	80	Pulse	99	5845790	8618	1
A_HP_26	80	Picture	response11	5847568	10396	1	39835	1	10000	40000	hit	427
A_HP_26	80	Response	2	5862829	25657	1
A_HP_26	80	Pulse	99	5865791	28618	1
A_HP_26	80	Pulse	99	5885790	48618	1
A_HP_26	81	Picture	response12	5897965	10562	1	39668	1	10000	40000	hit	432
A_HP_26	81	Pulse	99	5905791	18388	1
A_HP_26	81	Response	1	5906429	19026	1
A_HP_26	81	Pulse	99	5925790	38387	1
A_HP_26	82	Pulse	99	5945790	8158	1
A_HP_26	82	Picture	response10	5948029	10396	1	40227	1	10000	40000	hit	436
A_HP_26	82	Response	1	5958090	20457	1
A_HP_26	82	Pulse	99	5965790	28157	1
A_HP_26	82	Pulse	99	5985790	48158	1
A_HP_26	83	Picture	ins6	5988255	230	1	30229	1	0	30000	other	0
A_HP_26	83	Pulse	99	6005791	17765	1
A_HP_26	83	Pulse	99	6025791	37765	1
A_HP_26	83	Pulse	99	6045790	57765	1
A_HP_26	83	Pulse	99	6065790	77765	1
A_HP_26	83	Pulse	99	6085790	97765	1
A_HP_26	83	Pulse	99	6105790	117765	1
A_HP_26	83	Pulse	99	6125794	137768	1
A_HP_26	83	Pulse	99	6145791	157766	1
A_HP_26	83	Pulse	99	6165791	177765	1
A_HP_26	83	Pulse	99	6185790	197765	1
A_HP_26	83	Pulse	99	6205791	217766	1
A_HP_26	83	Pulse	99	6225790	237765	1
A_HP_26	83	Pulse	99	6245790	257765	1
A_HP_26	83	Pulse	99	6265790	277765	1
A_HP_26	83	Pulse	99	6285790	297765	1
A_HP_26	84	Response	3	6305790	7535	1
A_HP_26	84	Pulse	99	6305790	7535	1
A_HP_26	85	Picture	response48	6316416	10396	1	39834	1	10000	40000	hit	458
A_HP_26	85	Response	1	6322129	16109	1
A_HP_26	85	Pulse	99	6325790	19769	1
A_HP_26	85	Pulse	99	6345790	39770	1
A_HP_26	86	Pulse	99	6365791	9540	1
A_HP_26	86	Picture	response44	6366812	10562	1	39668	1	10000	40000	hit	463
A_HP_26	86	Response	2	6372419	16169	1
A_HP_26	86	Pulse	99	6385791	29540	1
A_HP_26	86	Pulse	99	6405790	49540	1
A_HP_26	87	Picture	response43	6416876	10395	1	39835	1	10000	40000	hit	467
A_HP_26	87	Response	1	6420669	14188	1
A_HP_26	87	Pulse	99	6425789	19309	1
A_HP_26	87	Pulse	99	6445790	39309	1
A_HP_26	88	Pulse	99	6465791	9080	1
A_HP_26	88	Picture	response45	6467106	10396	1	39835	1	10000	40000	hit	472
A_HP_26	88	Response	1	6470949	14238	1
A_HP_26	88	Pulse	99	6485790	29079	1
A_HP_26	88	Pulse	99	6505790	49079	1
A_HP_26	89	Picture	response46	6517336	10395	1	39835	1	10000	40000	hit	476
A_HP_26	89	Response	2	6522249	15308	1
A_HP_26	89	Pulse	99	6525789	18848	1
A_HP_26	89	Pulse	99	6545790	38849	1
A_HP_26	90	Pulse	99	6565790	8619	1
A_HP_26	90	Picture	response47	6567567	10395	1	39835	1	10000	40000	hit	481
A_HP_26	90	Response	1	6573239	16068	1
A_HP_26	90	Pulse	99	6585790	28619	1
A_HP_26	90	Pulse	99	6605790	48619	1
A_HP_26	91	Picture	response41	6617964	10562	1	39669	1	10000	40000	hit	485
A_HP_26	91	Response	2	6622089	14687	1
A_HP_26	91	Pulse	99	6625790	18388	1
A_HP_26	91	Pulse	99	6645790	38388	1
A_HP_26	92	Pulse	99	6665790	8158	1
A_HP_26	92	Picture	response42	6668028	10396	1	40258	1	10000	40000	hit	490
A_HP_26	92	Response	1	6673089	15457	1
A_HP_26	92	Pulse	99	6685790	28158	1
A_HP_26	92	Pulse	99	6705790	48158	1
A_HP_26	93	Picture	ins22	6708286	261	1	30229	1	0	30000	other	0
A_HP_26	93	Pulse	99	6725790	17765	1
A_HP_26	93	Pulse	99	6745790	37765	1
A_HP_26	93	Pulse	99	6765790	57766	1
A_HP_26	93	Pulse	99	6785792	77767	1
A_HP_26	93	Pulse	99	6805790	97765	1
A_HP_26	93	Pulse	99	6825790	117765	1
A_HP_26	93	Pulse	99	6845790	137765	1
A_HP_26	93	Pulse	99	6865790	157766	1
A_HP_26	93	Pulse	99	6885790	177765	1
A_HP_26	93	Pulse	99	6905790	197765	1
A_HP_26	93	Pulse	99	6925790	217765	1
A_HP_26	93	Pulse	99	6945790	237765	1
A_HP_26	93	Pulse	99	6965791	257766	1
A_HP_26	93	Pulse	99	6985789	277764	1
A_HP_26	93	Pulse	99	7005790	297765	1
A_HP_26	94	Response	3	7025790	7535	1
A_HP_26	94	Pulse	99	7025790	7535	1
A_HP_26	95	Picture	response170	7036415	10395	1	39835	1	10000	40000	hit	513
A_HP_26	95	Pulse	99	7045790	19770	1
A_HP_26	95	Response	2	7059229	33209	1
A_HP_26	95	Pulse	99	7065790	39770	1
A_HP_26	96	Pulse	99	7085790	9540	1
A_HP_26	96	Picture	response172	7086813	10562	1	39668	1	10000	40000	hit	517
A_HP_26	96	Response	2	7105449	29198	1
A_HP_26	96	Pulse	99	7105789	29539	1
A_HP_26	96	Pulse	99	7125790	49539	1
A_HP_26	97	Picture	response174	7136876	10395	1	39835	1	10000	40000	hit	522
A_HP_26	97	Pulse	99	7145790	19309	1
A_HP_26	97	Response	2	7151359	24878	1
A_HP_26	97	Pulse	99	7165790	39309	1
A_HP_26	98	Pulse	99	7185790	9078	1
A_HP_26	98	Picture	response176	7187107	10396	1	39835	1	10000	40000	hit	526
A_HP_26	98	Response	1	7204689	27978	1
A_HP_26	98	Pulse	99	7205789	29078	1
A_HP_26	98	Pulse	99	7225790	49079	1
A_HP_26	99	Picture	response171	7237337	10395	1	39835	1	10000	40000	hit	531
A_HP_26	99	Pulse	99	7245790	18849	1
A_HP_26	99	Response	1	7258759	31817	1
A_HP_26	99	Pulse	99	7265790	38848	1
A_HP_26	100	Pulse	99	7285790	8618	1
A_HP_26	100	Picture	response169	7287567	10395	1	39835	1	10000	40000	hit	535
A_HP_26	100	Response	2	7301449	24277	1
A_HP_26	100	Pulse	99	7305789	28618	1
A_HP_26	100	Pulse	99	7325790	48618	1
A_HP_26	101	Picture	response173	7337964	10562	1	39668	1	10000	40000	hit	540
A_HP_26	101	Pulse	99	7345790	18388	1
A_HP_26	101	Response	1	7353519	26117	1
A_HP_26	101	Pulse	99	7365789	38387	1
A_HP_26	102	Pulse	99	7385790	8158	1
A_HP_26	102	Picture	response175	7388027	10395	1	40227	1	10000	40000	hit	544
A_HP_26	102	Response	2	7405619	27986	1
A_HP_26	102	Pulse	99	7405789	28157	1
A_HP_26	102	Pulse	99	7425790	48158	1
A_HP_26	103	Picture	ins24	7428255	230	1	30229	1	0	30000	other	0
A_HP_26	103	Pulse	99	7445790	17765	1
A_HP_26	103	Pulse	99	7465790	37765	1
A_HP_26	103	Pulse	99	7485790	57765	1
A_HP_26	103	Pulse	99	7505790	77765	1
A_HP_26	103	Pulse	99	7525790	97765	1
A_HP_26	103	Pulse	99	7545790	117765	1
A_HP_26	103	Pulse	99	7565790	137765	1
A_HP_26	103	Pulse	99	7585790	157765	1
A_HP_26	103	Pulse	99	7605789	177765	1
A_HP_26	103	Pulse	99	7625790	197765	1
A_HP_26	103	Pulse	99	7645790	217765	1
A_HP_26	103	Pulse	99	7665790	237765	1
A_HP_26	103	Pulse	99	7685790	257765	1
A_HP_26	103	Pulse	99	7705790	277765	1
A_HP_26	103	Pulse	99	7725791	297767	1
A_HP_26	104	Response	3	7745790	7535	1
A_HP_26	104	Pulse	99	7745790	7535	1
A_HP_26	105	Picture	response192	7756415	10395	1	39835	1	10000	40000	hit	567
A_HP_26	105	Pulse	99	7765790	19770	1
A_HP_26	105	Response	1	7776648	30628	1
A_HP_26	105	Pulse	99	7785791	39771	1
A_HP_26	106	Pulse	99	7805791	9540	1
A_HP_26	106	Picture	response187	7806812	10562	1	39668	1	10000	40000	hit	572
A_HP_26	106	Pulse	99	7825789	29539	1
A_HP_26	106	Response	2	7829558	33308	1
A_HP_26	106	Pulse	99	7845789	49539	1
A_HP_26	107	Picture	response190	7856876	10395	1	39835	1	10000	40000	hit	576
A_HP_26	107	Pulse	99	7865789	19309	1
A_HP_26	107	Response	1	7871618	25137	1
A_HP_26	107	Pulse	99	7885789	39309	1
A_HP_26	108	Pulse	99	7905789	9079	1
A_HP_26	108	Picture	response186	7907106	10395	1	39835	1	10000	40000	hit	580
A_HP_26	108	Response	2	7916248	19538	1
A_HP_26	108	Pulse	99	7925789	29079	1
A_HP_26	108	Pulse	99	7945790	49079	1
A_HP_26	109	Picture	response188	7957336	10395	1	39835	1	10000	40000	hit	585
A_HP_26	109	Pulse	99	7965790	18849	1
A_HP_26	109	Response	2	7979558	32617	1
A_HP_26	109	Pulse	99	7985789	38848	1
A_HP_26	110	Pulse	99	8005790	8619	1
A_HP_26	110	Picture	response191	8007566	10395	1	39835	1	10000	40000	hit	590
A_HP_26	110	Pulse	99	8025789	28619	1
A_HP_26	110	Response	1	8029088	31917	1
A_HP_26	110	Pulse	99	8045789	48618	1
A_HP_26	111	Picture	response185	8057963	10562	1	39668	1	10000	40000	hit	594
A_HP_26	111	Pulse	99	8065789	18388	1
A_HP_26	111	Response	1	8073438	26037	1
A_HP_26	111	Pulse	99	8085788	38387	1
A_HP_26	112	Pulse	99	8105789	8158	1
A_HP_26	112	Picture	response189	8108027	10396	1	40227	1	10000	40000	hit	598
A_HP_26	112	Response	1	8120048	22416	1
A_HP_26	112	Pulse	99	8125789	28158	1
A_HP_26	112	Pulse	99	8145789	48158	1
A_HP_26	113	Picture	ins16	8148254	230	1	30229	1	0	30000	other	0
A_HP_26	113	Pulse	99	8165789	17765	1
A_HP_26	113	Pulse	99	8185789	37765	1
A_HP_26	113	Pulse	99	8205789	57765	1
A_HP_26	113	Pulse	99	8225789	77765	1
A_HP_26	113	Pulse	99	8245789	97765	1
A_HP_26	113	Pulse	99	8265790	117766	1
A_HP_26	113	Pulse	99	8285789	137765	1
A_HP_26	113	Pulse	99	8305790	157765	1
A_HP_26	113	Pulse	99	8325789	177765	1
A_HP_26	113	Pulse	99	8345789	197765	1
A_HP_26	113	Pulse	99	8365789	217764	1
A_HP_26	113	Pulse	99	8385789	237765	1
A_HP_26	113	Pulse	99	8405789	257765	1
A_HP_26	113	Pulse	99	8425789	277765	1
A_HP_26	113	Pulse	99	8445789	297765	1
A_HP_26	114	Response	3	8465789	7535	1
A_HP_26	114	Pulse	99	8465789	7535	1
A_HP_26	115	Picture	response128	8476415	10396	1	39835	1	10000	40000	hit	621
A_HP_26	115	Pulse	99	8485789	19770	1
A_HP_26	115	Response	2	8498678	32658	1
A_HP_26	115	Pulse	99	8505789	39770	1
A_HP_26	116	Pulse	99	8525789	9540	1
A_HP_26	116	Picture	response122	8526811	10562	1	39668	1	10000	40000	incorrect	626
A_HP_26	116	Pulse	99	8545789	29539	1
A_HP_26	116	Response	2	8546517	30267	1
A_HP_26	116	Pulse	99	8565789	49540	1
A_HP_26	117	Picture	response121	8576875	10395	1	39835	1	10000	40000	incorrect	630
A_HP_26	117	Pulse	99	8585789	19309	1
A_HP_26	117	Response	2	8598378	31898	1
A_HP_26	117	Pulse	99	8605789	39309	1
A_HP_26	118	Pulse	99	8625789	9079	1
A_HP_26	118	Picture	response123	8627106	10395	1	39835	1	10000	40000	hit	635
A_HP_26	118	Pulse	99	8645789	29079	1
A_HP_26	118	Response	2	8654568	37858	1
A_HP_26	118	Pulse	99	8665789	49079	1
A_HP_26	119	Picture	response126	8677335	10395	1	39835	1	10000	40000	incorrect	639
A_HP_26	119	Pulse	99	8685789	18849	1
A_HP_26	119	Response	1	8697388	30447	1
A_HP_26	119	Pulse	99	8705788	38848	1
A_HP_26	120	Pulse	99	8725789	8618	1
A_HP_26	120	Picture	response125	8727566	10396	1	39835	1	10000	40000	incorrect	643
A_HP_26	120	Response	1	8744068	26897	1
A_HP_26	120	Pulse	99	8745789	28618	1
A_HP_26	120	Pulse	99	8765789	48618	1
A_HP_26	121	Picture	response127	8777963	10562	1	39669	1	10000	40000	hit	648
A_HP_26	121	Pulse	99	8785789	18388	1
A_HP_26	121	Response	2	8801018	33617	1
A_HP_26	121	Pulse	99	8805788	38388	1
A_HP_26	122	Pulse	99	8825789	8158	1
A_HP_26	122	Picture	response124	8828026	10395	1	39835	1	10000	40000	hit	652
A_HP_26	122	Response	2	8839258	21627	1
A_HP_26	122	Pulse	99	8845789	28158	1
A_HP_26	122	Pulse	99	8865789	48158	1
A_HP_26	123	Picture	thanks	8867861	0	1	10229	1	0	10000	other	0
A_HP_26	123	Pulse	99	8885789	17928	1


Event Type	Code	Type	Response	RT	RT Uncertainty	Time	Uncertainty	Duration	Uncertainty	ReqTime	ReqDur

Picture	ready	other				166105	1	10229	1	0	10000
Picture	ins12	other				226660	1	30229	1	0	30000
Picture	response92	hit	1	12492	2	556499	1	39834	1	10000	40000
Picture	response93	hit	1	15433	2	606729	1	39835	1	10000	40000
Picture	response94	hit	2	13262	2	656959	1	39835	1	10000	40000
Picture	response91	hit	2	10502	2	707190	1	39834	1	10000	40000
Picture	response96	hit	2	23482	2	757419	1	39835	1	10000	40000
Picture	response90	hit	1	14165	2	807816	1	39668	1	10000	40000
Picture	response89	hit	2	14171	2	857880	1	39835	1	10000	40000
Picture	response95	hit	1	14281	2	908111	1	40248	1	10000	40000
Picture	ins4	other				948359	1	30229	1	0	30000
Picture	response28	hit	1	4853	2	1276499	1	39835	1	10000	40000
Picture	response29	hit	1	4973	2	1326728	1	39835	1	10000	40000
Picture	response25	hit	2	6052	2	1376958	1	39835	1	10000	40000
Picture	response32	hit	2	6392	2	1427189	1	39835	1	10000	40000
Picture	response26	hit	2	5892	2	1477419	1	39834	1	10000	40000
Picture	response30	hit	1	7395	2	1527816	1	39668	1	10000	40000
Picture	response31	hit	1	5172	2	1577879	1	39835	1	10000	40000
Picture	response27	hit	1	5822	2	1628110	1	40247	1	10000	40000
Picture	ins10	other				1668357	1	30229	1	0	30000
Picture	response77	hit	2	13683	2	1996418	1	39835	1	10000	40000
Picture	response75	hit	2	16066	2	2046815	1	39668	1	10000	40000
Picture	response74	hit	1	16482	2	2096879	1	39835	1	10000	40000
Picture	response76	hit	1	14782	2	2147109	1	39835	1	10000	40000
Picture	response79	hit	1	13332	2	2197339	1	39835	1	10000	40000
Picture	response80	hit	2	10941	2	2247569	1	39834	1	10000	40000
Picture	response78	hit	1	19856	2	2297965	1	39669	1	10000	40000
Picture	response73	hit	2	10241	2	2348030	1	40227	1	10000	40000
Picture	ins18	other				2388257	1	30229	1	0	30000
Picture	response137	hit	2	18313	2	2716417	1	39834	1	10000	40000
Picture	response138	hit	1	18796	2	2766814	1	39668	1	10000	40000
Picture	response142	hit	1	10443	2	2816877	1	39835	1	10000	40000
Picture	response140	hit	1	29453	2	2867107	1	39835	1	10000	40000
Picture	response143	hit	1	24133	2	2917337	1	39835	1	10000	40000
Picture	response141	hit	2	17143	2	2967567	1	39835	1	10000	40000
Picture	response144	hit	1	27066	2	3017964	1	39668	1	10000	40000
Picture	response139	hit	1	32053	2	3068027	1	40192	1	10000	40000
Picture	ins20	other				3108219	1	30229	1	0	30000
Picture	response153	hit	1	21621	2	3436830	1	39501	1	10000	40000
Picture	response156	hit	2	22914	2	3486727	1	39835	1	10000	40000
Picture	response158	hit	2	17824	2	3536957	1	39835	1	10000	40000
Picture	response159	hit	2	21922	2	3587187	1	39834	1	10000	40000
Picture	response160	hit	2	12092	2	3637417	1	39835	1	10000	40000
Picture	response154	hit	1	17137	2	3687813	1	39669	1	10000	40000
Picture	response155	hit	2	14993	2	3737877	1	39836	1	10000	40000
Picture	response157	hit	2	16971	2	3788109	1	40247	1	10000	40000
Picture	ins8	other				3828356	1	30229	1	0	30000
Picture	response58	hit	1	8657	2	4156663	1	39668	1	10000	40000
Picture	response64	hit	2	9283	2	4206726	1	39835	1	10000	40000
Picture	response57	hit	1	12603	2	4256956	1	39835	1	10000	40000
Picture	response61	hit	2	8233	2	4307187	1	39834	1	10000	40000
Picture	response62	hit	2	13723	2	4357417	1	39835	1	10000	40000
Picture	response59	hit	1	6486	2	4407814	1	39668	1	10000	40000
Picture	response60	hit	2	10662	2	4457877	1	39835	1	10000	40000
Picture	response63	hit	1	6843	2	4508107	1	40248	1	10000	40000
Picture	ins14	other				4548356	1	30229	1	0	30000
Picture	response112	hit	2	11882	2	4876417	1	39835	1	10000	40000
Picture	response106	hit	1	11926	2	4926813	1	39669	1	10000	40000
Picture	response108	hit	2	21182	2	4976877	1	39835	1	10000	40000
Picture	response111	hit	1	16612	2	5027108	1	39834	1	10000	40000
Picture	response107	hit	1	13912	2	5077337	1	39835	1	10000	40000
Picture	response110	hit	2	10432	2	5127568	1	39835	1	10000	40000
Picture	response109	hit	1	12754	2	5177965	1	39668	1	10000	40000
Picture	response105	hit	2	14081	2	5228028	1	40227	1	10000	40000
Picture	ins2	other				5268256	1	30229	1	0	30000
Picture	response9	hit	1	12623	2	5596416	1	39835	1	10000	40000
Picture	response16	hit	2	11886	2	5646813	1	39669	1	10000	40000
Picture	response14	hit	1	14930	2	5696878	1	39834	1	10000	40000
Picture	response13	hit	2	12512	2	5747107	1	39835	1	10000	40000
Picture	response15	hit	2	14332	2	5797337	1	39835	1	10000	40000
Picture	response11	hit	2	15261	2	5847568	1	39835	1	10000	40000
Picture	response12	hit	1	8463	2	5897965	1	39668	1	10000	40000
Picture	response10	hit	1	10061	2	5948029	1	40227	1	10000	40000
Picture	ins6	other				5988255	1	30229	1	0	30000
Picture	response48	hit	1	5713	2	6316416	1	39834	1	10000	40000
Picture	response44	hit	2	5607	2	6366812	1	39668	1	10000	40000
Picture	response43	hit	1	3793	2	6416876	1	39835	1	10000	40000
Picture	response45	hit	1	3843	2	6467106	1	39835	1	10000	40000
Picture	response46	hit	2	4913	2	6517336	1	39835	1	10000	40000
Picture	response47	hit	1	5672	2	6567567	1	39835	1	10000	40000
Picture	response41	hit	2	4125	2	6617964	1	39669	1	10000	40000
Picture	response42	hit	1	5061	2	6668028	1	40258	1	10000	40000
Picture	ins22	other				6708286	1	30229	1	0	30000
Picture	response170	hit	2	22813	2	7036415	1	39835	1	10000	40000
Picture	response172	hit	2	18636	2	7086813	1	39668	1	10000	40000
Picture	response174	hit	2	14482	2	7136876	1	39835	1	10000	40000
Picture	response176	hit	1	17582	2	7187107	1	39835	1	10000	40000
Picture	response171	hit	1	21422	2	7237337	1	39835	1	10000	40000
Picture	response169	hit	2	13882	2	7287567	1	39835	1	10000	40000
Picture	response173	hit	1	15555	2	7337964	1	39668	1	10000	40000
Picture	response175	hit	2	17591	2	7388027	1	40227	1	10000	40000
Picture	ins24	other				7428255	1	30229	1	0	30000
Picture	response192	hit	1	20233	2	7756415	1	39835	1	10000	40000
Picture	response187	hit	2	22746	2	7806812	1	39668	1	10000	40000
Picture	response190	hit	1	14742	2	7856876	1	39835	1	10000	40000
Picture	response186	hit	2	9143	2	7907106	1	39835	1	10000	40000
Picture	response188	hit	2	22222	2	7957336	1	39835	1	10000	40000
Picture	response191	hit	1	21522	2	8007566	1	39835	1	10000	40000
Picture	response185	hit	1	15475	2	8057963	1	39668	1	10000	40000
Picture	response189	hit	1	12021	2	8108027	1	40227	1	10000	40000
Picture	ins16	other				8148254	1	30229	1	0	30000
Picture	response128	hit	2	22263	2	8476415	1	39835	1	10000	40000
Picture	response122	incorrect	2	19705	2	8526811	1	39668	1	10000	40000
Picture	response121	incorrect	2	21503	2	8576875	1	39835	1	10000	40000
Picture	response123	hit	2	27462	2	8627106	1	39835	1	10000	40000
Picture	response126	incorrect	1	20052	2	8677335	1	39835	1	10000	40000
Picture	response125	incorrect	1	16501	2	8727566	1	39835	1	10000	40000
Picture	response127	hit	2	23055	2	8777963	1	39669	1	10000	40000
Picture	response124	hit	2	11232	2	8828026	1	39835	1	10000	40000
Picture	thanks	other				8867861	1	10229	1	0	10000


{
   "app": "Presentation Version 21.0 Build 06.06.19",
   "device": "LENOVO 20KHCTO1WW",
   "experiment": "{A2FC4E2A-B401-4E65-9CA9-5B09E294C871}",
   "os": "Windows 10 64 bit",
   "package": "",
   "parameters": {
      "configuration": "Default configuration"
   },
   "scenario": "Dimension experiment(2).sce",
   "subject": "A_HP_26",
   "timestamp": "2019/10/30 07:37:35 GMT"
}
