Scenario - 
Logfile written - 11/21/2019 10:23:22

Subject	Trial	Event Type	Code	Time	TTime	Uncertainty	Duration	Uncertainty	ReqTime	ReqDur	Stim Type	Pair Index

A_HP_30	1	Response	3	506067	505234	1
A_HP_30	1	Pulse	99	506067	505234	1
A_HP_30	2	Picture	ready	506298	0	1	10230	1	0	10000	other	0
A_HP_30	2	Pulse	99	526067	19769	1
A_HP_30	2	Pulse	99	546067	39769	1
A_HP_30	2	Pulse	99	566067	59769	1
A_HP_30	3	Picture	ins8	566866	233	1	30229	1	0	30000	other	0
A_HP_30	3	Pulse	99	586067	19434	1
A_HP_30	3	Pulse	99	606067	39434	1
A_HP_30	3	Pulse	99	626067	59434	1
A_HP_30	3	Pulse	99	646067	79434	1
A_HP_30	3	Pulse	99	665987	99354	1
A_HP_30	3	Pulse	99	686067	119434	1
A_HP_30	3	Pulse	99	706067	139434	1
A_HP_30	3	Pulse	99	725987	159354	1
A_HP_30	3	Pulse	99	746067	179434	1
A_HP_30	3	Pulse	99	766067	199434	1
A_HP_30	3	Pulse	99	785987	219354	1
A_HP_30	3	Pulse	99	806067	239434	1
A_HP_30	3	Pulse	99	826067	259434	1
A_HP_30	3	Pulse	99	846067	279434	1
A_HP_30	3	Pulse	99	866067	299434	1
A_HP_30	4	Response	3	886067	9204	1
A_HP_30	4	Pulse	99	886067	9204	1
A_HP_30	5	Picture	response63	896693	10396	1	39834	1	10000	40000	hit	27
A_HP_30	5	Pulse	99	906067	19769	1
A_HP_30	5	Response	1	907435	21138	1
A_HP_30	5	Pulse	99	925987	39689	1
A_HP_30	6	Pulse	99	946067	9539	1
A_HP_30	6	Picture	response64	946924	10396	1	39834	1	10000	40000	hit	31
A_HP_30	6	Response	2	958836	22308	1
A_HP_30	6	Pulse	99	966067	29539	1
A_HP_30	6	Pulse	99	985987	49459	1
A_HP_30	7	Picture	response62	997320	10562	1	39668	1	10000	40000	hit	36
A_HP_30	7	Pulse	99	1006067	19309	1
A_HP_30	7	Response	2	1008345	21587	1
A_HP_30	7	Pulse	99	1026067	39309	1
A_HP_30	8	Pulse	99	1045987	8999	1
A_HP_30	8	Picture	response60	1047384	10396	1	39835	1	10000	40000	hit	40
A_HP_30	8	Response	2	1059806	22817	1
A_HP_30	8	Pulse	99	1066067	29078	1
A_HP_30	8	Pulse	99	1086067	49079	1
A_HP_30	9	Picture	response58	1097615	10396	1	39835	1	10000	40000	hit	45
A_HP_30	9	Pulse	99	1105987	18768	1
A_HP_30	9	Response	1	1107565	20346	1
A_HP_30	9	Pulse	99	1126067	38848	1
A_HP_30	10	Pulse	99	1146067	8617	1
A_HP_30	10	Picture	response57	1147845	10396	1	39835	1	10000	40000	hit	49
A_HP_30	10	Response	1	1159826	22376	1
A_HP_30	10	Pulse	99	1166067	28617	1
A_HP_30	10	Pulse	99	1185987	48537	1
A_HP_30	11	Picture	response61	1198076	10396	1	39834	1	10000	40000	hit	54
A_HP_30	11	Pulse	99	1206067	18387	1
A_HP_30	11	Response	2	1209455	21776	1
A_HP_30	11	Pulse	99	1226066	38387	1
A_HP_30	12	Pulse	99	1245986	8076	1
A_HP_30	12	Picture	response59	1248472	10562	1	39991	1	10000	40000	hit	58
A_HP_30	12	Response	1	1256365	18455	1
A_HP_30	12	Pulse	99	1266066	28156	1
A_HP_30	12	Pulse	99	1286067	48157	1
A_HP_30	13	Picture	ins24	1288463	232	1	30229	1	0	30000	other	0
A_HP_30	13	Pulse	99	1305987	17755	1
A_HP_30	13	Pulse	99	1326067	37835	1
A_HP_30	13	Pulse	99	1346067	57835	1
A_HP_30	13	Pulse	99	1365986	77754	1
A_HP_30	13	Pulse	99	1386067	97835	1
A_HP_30	13	Pulse	99	1406067	117835	1
A_HP_30	13	Pulse	99	1425987	137755	1
A_HP_30	13	Pulse	99	1446067	157835	1
A_HP_30	13	Pulse	99	1466067	177835	1
A_HP_30	13	Pulse	99	1485987	197755	1
A_HP_30	13	Pulse	99	1505986	217754	1
A_HP_30	13	Pulse	99	1526066	237834	1
A_HP_30	13	Pulse	99	1546067	257835	1
A_HP_30	13	Pulse	99	1565986	277754	1
A_HP_30	13	Pulse	99	1586066	297834	1
A_HP_30	14	Response	3	1606067	7604	1
A_HP_30	14	Pulse	99	1606067	7604	1
A_HP_30	15	Picture	response185	1616692	10395	1	39835	1	10000	40000	hit	81
A_HP_30	15	Pulse	99	1625987	19689	1
A_HP_30	15	Response	1	1637314	31017	1
A_HP_30	15	Pulse	99	1646066	39769	1
A_HP_30	16	Pulse	99	1666066	9539	1
A_HP_30	16	Picture	response192	1666923	10396	1	39835	1	10000	40000	hit	86
A_HP_30	16	Pulse	99	1685986	29459	1
A_HP_30	16	Response	1	1705225	48697	1
A_HP_30	16	Pulse	99	1706066	49539	1
A_HP_30	17	Picture	response190	1717320	10562	1	39668	1	10000	40000	hit	90
A_HP_30	17	Pulse	99	1726066	19309	1
A_HP_30	17	Response	1	1733205	26447	1
A_HP_30	17	Pulse	99	1745986	39229	1
A_HP_30	18	Pulse	99	1765986	8998	1
A_HP_30	18	Picture	response188	1767652	10664	1	39566	1	10000	40000	hit	95
A_HP_30	18	Pulse	99	1786066	29078	1
A_HP_30	18	Response	2	1794975	37987	1
A_HP_30	18	Pulse	99	1805986	48998	1
A_HP_30	19	Picture	response187	1817613	10395	1	39835	1	10000	40000	incorrect	99
A_HP_30	19	Pulse	99	1825987	18768	1
A_HP_30	19	Response	1	1845195	37977	1
A_HP_30	19	Pulse	99	1846066	38848	1
A_HP_30	20	Pulse	99	1866066	8618	1
A_HP_30	20	Picture	response186	1867844	10396	1	39835	1	10000	40000	hit	103
A_HP_30	20	Response	2	1883815	26366	1
A_HP_30	20	Pulse	99	1885986	28537	1
A_HP_30	20	Pulse	99	1906066	48617	1
A_HP_30	21	Picture	response189	1918074	10396	1	39835	1	10000	40000	hit	108
A_HP_30	21	Pulse	99	1926066	18387	1
A_HP_30	21	Response	1	1932015	24337	1
A_HP_30	21	Pulse	99	1945986	38307	1
A_HP_30	22	Pulse	99	1966066	8157	1
A_HP_30	22	Picture	response191	1968471	10562	1	39990	1	10000	40000	hit	113
A_HP_30	22	Pulse	99	1986066	28157	1
A_HP_30	22	Response	1	1995365	37455	1
A_HP_30	22	Pulse	99	2005986	48076	1
A_HP_30	23	Picture	ins4	2008462	230	1	30229	1	0	30000	other	0
A_HP_30	23	Pulse	99	2025986	17754	1
A_HP_30	23	Pulse	99	2046066	37835	1
A_HP_30	23	Pulse	99	2065985	57754	1
A_HP_30	23	Pulse	99	2085985	77754	1
A_HP_30	23	Pulse	99	2106066	97834	1
A_HP_30	23	Pulse	99	2125986	117754	1
A_HP_30	23	Pulse	99	2145986	137754	1
A_HP_30	23	Pulse	99	2166066	157834	1
A_HP_30	23	Pulse	99	2186066	177834	1
A_HP_30	23	Pulse	99	2205986	197754	1
A_HP_30	23	Pulse	99	2226065	217834	1
A_HP_30	23	Pulse	99	2246065	237834	1
A_HP_30	23	Pulse	99	2265986	257755	1
A_HP_30	23	Pulse	99	2285986	277755	1
A_HP_30	23	Pulse	99	2306066	297835	1
A_HP_30	24	Response	3	2325986	7524	1
A_HP_30	24	Pulse	99	2325986	7524	1
A_HP_30	25	Picture	response26	2336612	10396	1	39835	1	10000	40000	hit	134
A_HP_30	25	Response	2	2343785	17568	1
A_HP_30	25	Pulse	99	2345985	19769	1
A_HP_30	25	Pulse	99	2366066	39850	1
A_HP_30	26	Pulse	99	2385986	9539	1
A_HP_30	26	Picture	response25	2386843	10396	1	39834	1	10000	40000	hit	139
A_HP_30	26	Response	2	2399344	22898	1
A_HP_30	26	Pulse	99	2405986	29539	1
A_HP_30	26	Pulse	99	2426066	49619	1
A_HP_30	27	Picture	response27	2437073	10396	1	39835	1	10000	40000	hit	143
A_HP_30	27	Response	1	2444155	17478	1
A_HP_30	27	Pulse	99	2445986	19309	1
A_HP_30	27	Pulse	99	2465986	39309	1
A_HP_30	28	Pulse	99	2486066	9158	1
A_HP_30	28	Picture	response31	2487471	10563	1	39669	1	10000	40000	hit	148
A_HP_30	28	Response	1	2502655	25747	1
A_HP_30	28	Pulse	99	2506066	29158	1
A_HP_30	28	Pulse	99	2525985	49077	1
A_HP_30	29	Picture	response28	2537535	10396	1	39835	1	10000	40000	hit	153
A_HP_30	29	Pulse	99	2546066	18927	1
A_HP_30	29	Response	1	2546964	19825	1
A_HP_30	29	Pulse	99	2566066	38927	1
A_HP_30	30	Pulse	99	2585986	8616	1
A_HP_30	30	Picture	response32	2587765	10396	1	39835	1	10000	40000	hit	157
A_HP_30	30	Response	2	2596225	18855	1
A_HP_30	30	Pulse	99	2605986	28616	1
A_HP_30	30	Pulse	99	2626066	48696	1
A_HP_30	31	Picture	response30	2638162	10562	1	39668	1	10000	40000	hit	162
A_HP_30	31	Pulse	99	2645986	18386	1
A_HP_30	31	Response	1	2656555	28955	1
A_HP_30	31	Pulse	99	2665986	38386	1
A_HP_30	32	Pulse	99	2686066	8235	1
A_HP_30	32	Picture	response29	2688227	10396	1	40236	1	10000	40000	incorrect	166
A_HP_30	32	Response	2	2698165	20334	1
A_HP_30	32	Pulse	99	2705986	28155	1
A_HP_30	32	Pulse	99	2725986	48155	1
A_HP_30	33	Picture	ins18	2728462	230	1	30230	1	0	30000	other	0
A_HP_30	33	Pulse	99	2746066	17834	1
A_HP_30	33	Pulse	99	2765986	37754	1
A_HP_30	33	Pulse	99	2785986	57754	1
A_HP_30	33	Pulse	99	2806066	77834	1
A_HP_30	33	Pulse	99	2826066	97834	1
A_HP_30	33	Pulse	99	2845986	117754	1
A_HP_30	33	Pulse	99	2865986	137754	1
A_HP_30	33	Pulse	99	2886066	157834	1
A_HP_30	33	Pulse	99	2905985	177753	1
A_HP_30	33	Pulse	99	2925986	197754	1
A_HP_30	33	Pulse	99	2946066	217834	1
A_HP_30	33	Pulse	99	2965986	237754	1
A_HP_30	33	Pulse	99	2985986	257754	1
A_HP_30	33	Pulse	99	3006066	277834	1
A_HP_30	33	Pulse	99	3025986	297754	1
A_HP_30	34	Response	3	3045986	7524	1
A_HP_30	34	Pulse	99	3045986	7524	1
A_HP_30	35	Picture	response141	3056612	10396	1	39835	1	10000	40000	hit	189
A_HP_30	35	Pulse	99	3066066	19849	1
A_HP_30	35	Response	2	3073744	27528	1
A_HP_30	35	Pulse	99	3085986	39770	1
A_HP_30	36	Pulse	99	3105986	9539	1
A_HP_30	36	Picture	response142	3106842	10396	1	39835	1	10000	40000	hit	193
A_HP_30	36	Response	1	3114724	18277	1
A_HP_30	36	Pulse	99	3125985	29538	1
A_HP_30	36	Pulse	99	3146066	49619	1
A_HP_30	37	Picture	response139	3157073	10396	1	39835	1	10000	40000	hit	198
A_HP_30	37	Pulse	99	3165986	19309	1
A_HP_30	37	Response	1	3168614	21937	1
A_HP_30	37	Pulse	99	3185985	39308	1
A_HP_30	38	Pulse	99	3206066	9158	1
A_HP_30	38	Picture	response143	3207470	10562	1	39669	1	10000	40000	hit	202
A_HP_30	38	Response	1	3219974	23066	1
A_HP_30	38	Pulse	99	3225986	29078	1
A_HP_30	38	Pulse	99	3245986	49078	1
A_HP_30	39	Picture	response138	3257534	10396	1	39835	1	10000	40000	hit	207
A_HP_30	39	Pulse	99	3266066	18927	1
A_HP_30	39	Response	1	3277974	30836	1
A_HP_30	39	Pulse	99	3285986	38847	1
A_HP_30	40	Pulse	99	3305986	8617	1
A_HP_30	40	Picture	response144	3307765	10396	1	39835	1	10000	40000	hit	212
A_HP_30	40	Pulse	99	3326065	28696	1
A_HP_30	40	Response	1	3331584	34215	1
A_HP_30	40	Pulse	99	3345985	48616	1
A_HP_30	41	Picture	response140	3358162	10562	1	39668	1	10000	40000	hit	216
A_HP_30	41	Pulse	99	3365985	18386	1
A_HP_30	41	Response	1	3379054	31454	1
A_HP_30	41	Pulse	99	3385985	38386	1
A_HP_30	42	Pulse	99	3405985	8155	1
A_HP_30	42	Picture	response137	3408226	10396	1	40235	1	10000	40000	hit	221
A_HP_30	42	Pulse	99	3425986	28156	1
A_HP_30	42	Response	2	3442884	45054	1
A_HP_30	42	Pulse	99	3445985	48155	1
A_HP_30	43	Picture	ins20	3448461	230	1	30229	1	0	30000	other	0
A_HP_30	43	Pulse	99	3466066	17835	1
A_HP_30	43	Pulse	99	3485985	37755	1
A_HP_30	43	Pulse	99	3505985	57754	1
A_HP_30	43	Pulse	99	3526065	77835	1
A_HP_30	43	Pulse	99	3545986	97755	1
A_HP_30	43	Pulse	99	3565986	117755	1
A_HP_30	43	Pulse	99	3586066	137835	1
A_HP_30	43	Pulse	99	3605985	157755	1
A_HP_30	43	Pulse	99	3625986	177755	1
A_HP_30	43	Pulse	99	3645986	197755	1
A_HP_30	43	Pulse	99	3665986	217755	1
A_HP_30	43	Pulse	99	3685986	237755	1
A_HP_30	43	Pulse	99	3705986	257755	1
A_HP_30	43	Pulse	99	3725985	277755	1
A_HP_30	43	Pulse	99	3745986	297755	1
A_HP_30	44	Response	3	3765985	7524	1
A_HP_30	44	Pulse	99	3765985	7524	1
A_HP_30	45	Picture	response159	3776611	10396	1	39835	1	10000	40000	hit	243
A_HP_30	45	Pulse	99	3786065	19850	1
A_HP_30	45	Response	2	3801294	35079	1
A_HP_30	45	Pulse	99	3805985	39770	1
A_HP_30	46	Pulse	99	3825985	9539	1
A_HP_30	46	Picture	response153	3826841	10396	1	39835	1	10000	40000	hit	247
A_HP_30	46	Response	1	3845495	29049	1
A_HP_30	46	Pulse	99	3846065	29619	1
A_HP_30	46	Pulse	99	3865986	49540	1
A_HP_30	47	Picture	response155	3877072	10396	1	39834	1	10000	40000	hit	252
A_HP_30	47	Pulse	99	3885985	19309	1
A_HP_30	47	Response	2	3894264	27588	1
A_HP_30	47	Pulse	99	3906065	39389	1
A_HP_30	48	Pulse	99	3925985	9079	1
A_HP_30	48	Picture	response160	3927469	10562	1	39668	1	10000	40000	hit	257
A_HP_30	48	Pulse	99	3945985	29079	1
A_HP_30	48	Response	2	3953074	36168	1
A_HP_30	48	Pulse	99	3965985	49079	1
A_HP_30	49	Picture	response156	3977532	10396	1	39835	1	10000	40000	hit	261
A_HP_30	49	Pulse	99	3985985	18849	1
A_HP_30	49	Response	2	3989564	22427	1
A_HP_30	49	Pulse	99	4005985	38849	1
A_HP_30	50	Pulse	99	4025985	8618	1
A_HP_30	50	Picture	response157	4027763	10395	1	39835	1	10000	40000	hit	266
A_HP_30	50	Pulse	99	4045985	28618	1
A_HP_30	50	Response	2	4055114	37747	1
A_HP_30	50	Pulse	99	4065985	48618	1
A_HP_30	51	Picture	response158	4078160	10562	1	39668	1	10000	40000	hit	270
A_HP_30	51	Pulse	99	4085986	18388	1
A_HP_30	51	Response	2	4097923	30326	1
A_HP_30	51	Pulse	99	4106065	38468	1
A_HP_30	52	Pulse	99	4125985	8157	1
A_HP_30	52	Picture	response154	4128224	10396	1	40238	1	10000	40000	hit	274
A_HP_30	52	Response	1	4141324	23496	1
A_HP_30	52	Pulse	99	4145985	28157	1
A_HP_30	52	Pulse	99	4166065	48237	1
A_HP_30	53	Picture	ins12	4168461	230	1	30229	1	0	30000	other	0
A_HP_30	53	Pulse	99	4185985	17754	1
A_HP_30	53	Pulse	99	4205985	37754	1
A_HP_30	53	Pulse	99	4225985	57754	1
A_HP_30	53	Pulse	99	4245985	77754	1
A_HP_30	53	Pulse	99	4265984	97753	1
A_HP_30	53	Pulse	99	4285985	117754	1
A_HP_30	53	Pulse	99	4305985	137754	1
A_HP_30	53	Pulse	99	4325985	157754	1
A_HP_30	53	Pulse	99	4345985	177754	1
A_HP_30	53	Pulse	99	4365985	197754	1
A_HP_30	53	Pulse	99	4385985	217754	1
A_HP_30	53	Pulse	99	4405985	237754	1
A_HP_30	53	Pulse	99	4426065	257834	1
A_HP_30	53	Pulse	99	4445985	277754	1
A_HP_30	53	Pulse	99	4465985	297754	1
A_HP_30	54	Response	3	4485985	7524	1
A_HP_30	54	Pulse	99	4485985	7524	1
A_HP_30	55	Picture	response89	4496611	10396	1	39835	1	10000	40000	hit	297
A_HP_30	55	Pulse	99	4505985	19769	1
A_HP_30	55	Response	2	4508623	22408	1
A_HP_30	55	Pulse	99	4525985	39770	1
A_HP_30	56	Pulse	99	4545985	9539	1
A_HP_30	56	Picture	response94	4546842	10396	1	39835	1	10000	40000	hit	301
A_HP_30	56	Response	2	4557724	21278	1
A_HP_30	56	Pulse	99	4565985	29539	1
A_HP_30	56	Pulse	99	4585985	49539	1
A_HP_30	57	Picture	response92	4597072	10396	1	39834	1	10000	40000	incorrect	306
A_HP_30	57	Pulse	99	4605985	19309	1
A_HP_30	57	Response	2	4613544	26867	1
A_HP_30	57	Pulse	99	4625985	39308	1
A_HP_30	58	Pulse	99	4645985	9079	1
A_HP_30	58	Picture	response95	4647468	10562	1	39668	1	10000	40000	hit	310
A_HP_30	58	Response	1	4663274	26367	1
A_HP_30	58	Pulse	99	4665985	29078	1
A_HP_30	58	Pulse	99	4685989	49083	1
A_HP_30	59	Picture	response93	4697532	10396	1	39835	1	10000	40000	hit	316
A_HP_30	59	Pulse	99	4705985	18848	1
A_HP_30	59	Pulse	99	4725984	38848	1
A_HP_30	59	Response	1	4726224	39087	1
A_HP_30	60	Pulse	99	4745985	8618	1
A_HP_30	60	Picture	response96	4747763	10396	1	39835	1	10000	40000	hit	319
A_HP_30	60	Response	2	4761534	24166	1
A_HP_30	60	Pulse	99	4765985	28618	1
A_HP_30	60	Pulse	99	4785985	48618	1
A_HP_30	61	Picture	response91	4798160	10562	1	39668	1	10000	40000	hit	324
A_HP_30	61	Pulse	99	4805985	18387	1
A_HP_30	61	Response	2	4811993	24395	1
A_HP_30	61	Pulse	99	4825985	38387	1
A_HP_30	62	Pulse	99	4845984	8156	1
A_HP_30	62	Picture	response90	4848223	10395	1	40237	1	10000	40000	hit	328
A_HP_30	62	Response	1	4860413	22585	1
A_HP_30	62	Pulse	99	4865984	28156	1
A_HP_30	62	Pulse	99	4885985	48157	1
A_HP_30	63	Picture	ins2	4888460	230	1	30229	1	0	30000	other	0
A_HP_30	63	Pulse	99	4905985	17754	1
A_HP_30	63	Pulse	99	4925985	37755	1
A_HP_30	63	Pulse	99	4945985	57755	1
A_HP_30	63	Pulse	99	4965985	77755	1
A_HP_30	63	Pulse	99	4985985	97755	1
A_HP_30	63	Pulse	99	5005985	117755	1
A_HP_30	63	Pulse	99	5025984	137754	1
A_HP_30	63	Pulse	99	5045985	157755	1
A_HP_30	63	Pulse	99	5065985	177755	1
A_HP_30	63	Pulse	99	5085985	197754	1
A_HP_30	63	Pulse	99	5105985	217755	1
A_HP_30	63	Pulse	99	5125984	237754	1
A_HP_30	63	Pulse	99	5145984	257754	1
A_HP_30	63	Pulse	99	5165985	277754	1
A_HP_30	63	Pulse	99	5185985	297755	1
A_HP_30	64	Response	3	5205985	7524	1
A_HP_30	64	Pulse	99	5205985	7524	1
A_HP_30	65	Picture	response13	5216610	10395	1	39835	1	10000	40000	hit	351
A_HP_30	65	Pulse	99	5225984	19769	1
A_HP_30	65	Response	2	5231953	25739	1
A_HP_30	65	Pulse	99	5245984	39769	1
A_HP_30	66	Pulse	99	5265984	9539	1
A_HP_30	66	Picture	response12	5266841	10396	1	39835	1	10000	40000	hit	355
A_HP_30	66	Response	1	5274953	18508	1
A_HP_30	66	Pulse	99	5285984	29539	1
A_HP_30	66	Pulse	99	5305984	49539	1
A_HP_30	67	Picture	response15	5317071	10396	1	39835	1	10000	40000	hit	360
A_HP_30	67	Pulse	99	5325985	19309	1
A_HP_30	67	Response	2	5336743	30068	1
A_HP_30	67	Pulse	99	5345985	39309	1
A_HP_30	68	Pulse	99	5365985	9079	1
A_HP_30	68	Picture	response16	5367262	10356	1	39874	1	10000	40000	hit	364
A_HP_30	68	Response	2	5375433	18528	1
A_HP_30	68	Pulse	99	5385985	29079	1
A_HP_30	68	Pulse	99	5405984	49079	1
A_HP_30	69	Picture	response10	5417532	10396	1	39835	1	10000	40000	hit	369
A_HP_30	69	Pulse	99	5425985	18848	1
A_HP_30	69	Response	1	5426953	19817	1
A_HP_30	69	Pulse	99	5445985	38848	1
A_HP_30	70	Pulse	99	5465987	8620	1
A_HP_30	70	Picture	response9	5467762	10396	1	39835	1	10000	40000	hit	373
A_HP_30	70	Response	1	5480183	22816	1
A_HP_30	70	Pulse	99	5485984	28617	1
A_HP_30	70	Pulse	99	5505985	48618	1
A_HP_30	71	Picture	response11	5518160	10562	1	39668	1	10000	40000	hit	378
A_HP_30	71	Pulse	99	5525985	18387	1
A_HP_30	71	Response	2	5530813	23215	1
A_HP_30	71	Pulse	99	5545985	38387	1
A_HP_30	72	Pulse	99	5565984	8157	1
A_HP_30	72	Picture	response14	5568223	10395	1	40237	1	10000	40000	hit	382
A_HP_30	72	Response	1	5580203	22375	1
A_HP_30	72	Pulse	99	5585985	28157	1
A_HP_30	72	Pulse	99	5605984	48157	1
A_HP_30	73	Picture	ins10	5608460	230	1	30229	1	0	30000	other	0
A_HP_30	73	Pulse	99	5625984	17754	1
A_HP_30	73	Pulse	99	5645985	37754	1
A_HP_30	73	Pulse	99	5665985	57754	1
A_HP_30	73	Pulse	99	5685984	77754	1
A_HP_30	73	Pulse	99	5705984	97754	1
A_HP_30	73	Pulse	99	5725984	117754	1
A_HP_30	73	Pulse	99	5745984	137754	1
A_HP_30	73	Pulse	99	5765984	157754	1
A_HP_30	73	Pulse	99	5785984	177754	1
A_HP_30	73	Pulse	99	5805984	197754	1
A_HP_30	73	Pulse	99	5825984	217754	1
A_HP_30	73	Pulse	99	5845984	237754	1
A_HP_30	73	Pulse	99	5865984	257754	1
A_HP_30	73	Pulse	99	5885985	277754	1
A_HP_30	73	Pulse	99	5905984	297754	1
A_HP_30	74	Response	3	5925984	7524	1
A_HP_30	74	Pulse	99	5925984	7524	1
A_HP_30	75	Picture	response78	5936610	10396	1	39835	1	10000	40000	hit	405
A_HP_30	75	Pulse	99	5945984	19770	1
A_HP_30	75	Response	1	5951853	25639	1
A_HP_30	75	Pulse	99	5965984	39770	1
A_HP_30	76	Pulse	99	5985984	9540	1
A_HP_30	76	Picture	response75	5986840	10396	1	39835	1	10000	40000	incorrect	409
A_HP_30	76	Response	1	6000003	23558	1
A_HP_30	76	Pulse	99	6005984	29539	1
A_HP_30	76	Pulse	99	6025984	49540	1
A_HP_30	77	Picture	response76	6037071	10396	1	39835	1	10000	40000	hit	414
A_HP_30	77	Pulse	99	6045984	19309	1
A_HP_30	77	Response	1	6057973	31298	1
A_HP_30	77	Pulse	99	6065984	39309	1
A_HP_30	78	Pulse	99	6085984	9079	1
A_HP_30	78	Picture	response80	6087468	10562	1	39668	1	10000	40000	hit	418
A_HP_30	78	Response	2	6100474	23568	1
A_HP_30	78	Pulse	99	6105984	29079	1
A_HP_30	78	Pulse	99	6125984	49079	1
A_HP_30	79	Picture	response79	6137532	10396	1	39834	1	10000	40000	incorrect	423
A_HP_30	79	Pulse	99	6145984	18849	1
A_HP_30	79	Response	2	6149933	22797	1
A_HP_30	79	Pulse	99	6165985	38849	1
A_HP_30	80	Pulse	99	6185984	8618	1
A_HP_30	80	Picture	response77	6187762	10396	1	39834	1	10000	40000	hit	427
A_HP_30	80	Response	2	6204473	27107	1
A_HP_30	80	Pulse	99	6205984	28618	1
A_HP_30	80	Pulse	99	6225984	48618	1
A_HP_30	81	Picture	response73	6238159	10562	1	39668	1	10000	40000	hit	432
A_HP_30	81	Pulse	99	6245984	18388	1
A_HP_30	81	Response	2	6253172	25576	1
A_HP_30	81	Pulse	99	6265984	38387	1
A_HP_30	82	Pulse	99	6285985	8158	1
A_HP_30	82	Picture	response74	6288222	10396	1	40238	1	10000	40000	hit	436
A_HP_30	82	Response	1	6300463	22636	1
A_HP_30	82	Pulse	99	6305984	28157	1
A_HP_30	82	Pulse	99	6325984	48158	1
A_HP_30	83	Picture	ins22	6328460	230	1	30229	1	0	30000	other	0
A_HP_30	83	Pulse	99	6345984	17754	1
A_HP_30	83	Pulse	99	6365984	37754	1
A_HP_30	83	Pulse	99	6385984	57754	1
A_HP_30	83	Pulse	99	6405984	77754	1
A_HP_30	83	Pulse	99	6425984	97754	1
A_HP_30	83	Pulse	99	6445985	117755	1
A_HP_30	83	Pulse	99	6465984	137754	1
A_HP_30	83	Pulse	99	6485984	157754	1
A_HP_30	83	Pulse	99	6505984	177754	1
A_HP_30	83	Pulse	99	6525984	197754	1
A_HP_30	83	Pulse	99	6545984	217754	1
A_HP_30	83	Pulse	99	6565984	237754	1
A_HP_30	83	Pulse	99	6585984	257754	1
A_HP_30	83	Pulse	99	6605984	277754	1
A_HP_30	83	Pulse	99	6625984	297754	1
A_HP_30	84	Response	3	6645984	7523	1
A_HP_30	84	Pulse	99	6645984	7523	1
A_HP_30	85	Picture	response175	6656610	10396	1	39834	1	10000	40000	hit	459
A_HP_30	85	Pulse	99	6665984	19770	1
A_HP_30	85	Response	2	6677103	30889	1
A_HP_30	85	Pulse	99	6685984	39770	1
A_HP_30	86	Pulse	99	6705984	9540	1
A_HP_30	86	Picture	response170	6706840	10396	1	39835	1	10000	40000	hit	464
A_HP_30	86	Pulse	99	6725984	29540	1
A_HP_30	86	Response	2	6729023	32578	1
A_HP_30	86	Pulse	99	6745984	49540	1
A_HP_30	87	Picture	response176	6757070	10396	1	39835	1	10000	40000	hit	468
A_HP_30	87	Pulse	99	6765984	19309	1
A_HP_30	87	Response	1	6784252	37578	1
A_HP_30	87	Pulse	99	6785983	39309	1
A_HP_30	88	Pulse	99	6805984	9079	1
A_HP_30	88	Picture	response173	6807467	10562	1	39668	1	10000	40000	hit	473
A_HP_30	88	Pulse	99	6825984	29078	1
A_HP_30	88	Response	1	6826292	29387	1
A_HP_30	88	Pulse	99	6845984	49079	1
A_HP_30	89	Picture	response174	6857531	10396	1	39835	1	10000	40000	hit	477
A_HP_30	89	Pulse	99	6865984	18848	1
A_HP_30	89	Response	2	6883023	35887	1
A_HP_30	89	Pulse	99	6885983	38848	1
A_HP_30	90	Pulse	99	6905984	8618	1
A_HP_30	90	Picture	response169	6907762	10396	1	39835	1	10000	40000	hit	482
A_HP_30	90	Pulse	99	6925984	28618	1
A_HP_30	90	Response	2	6930382	33016	1
A_HP_30	90	Pulse	99	6945984	48618	1
A_HP_30	91	Picture	response171	6958159	10562	1	39668	1	10000	40000	hit	486
A_HP_30	91	Pulse	99	6965984	18387	1
A_HP_30	91	Response	1	6985003	37406	1
A_HP_30	91	Pulse	99	6985984	38387	1
A_HP_30	92	Pulse	99	7005984	8157	1
A_HP_30	92	Picture	response172	7008222	10395	1	40237	1	10000	40000	incorrect	490
A_HP_30	92	Response	1	7025283	27456	1
A_HP_30	92	Pulse	99	7025984	28157	1
A_HP_30	92	Pulse	99	7045984	48157	1
A_HP_30	93	Picture	ins16	7048460	230	1	30229	1	0	30000	other	0
A_HP_30	93	Pulse	99	7065984	17754	1
A_HP_30	93	Pulse	99	7085983	37754	1
A_HP_30	93	Pulse	99	7105984	57754	1
A_HP_30	93	Pulse	99	7125983	77754	1
A_HP_30	93	Pulse	99	7145984	97754	1
A_HP_30	93	Pulse	99	7165984	117754	1
A_HP_30	93	Pulse	99	7185984	137754	1
A_HP_30	93	Pulse	99	7205983	157754	1
A_HP_30	93	Pulse	99	7225984	177754	1
A_HP_30	93	Pulse	99	7245984	197754	1
A_HP_30	93	Pulse	99	7265984	217754	1
A_HP_30	93	Pulse	99	7285984	237754	1
A_HP_30	93	Pulse	99	7305984	257754	1
A_HP_30	93	Pulse	99	7325983	277754	1
A_HP_30	93	Pulse	99	7345984	297754	1
A_HP_30	94	Response	3	7365983	7523	1
A_HP_30	94	Pulse	99	7365983	7523	1
A_HP_30	95	Picture	response123	7376610	10396	1	39835	1	10000	40000	hit	513
A_HP_30	95	Pulse	99	7385984	19770	1
A_HP_30	95	Response	2	7399182	32968	1
A_HP_30	95	Pulse	99	7405984	39770	1
A_HP_30	96	Pulse	99	7425983	9539	1
A_HP_30	96	Picture	response127	7426840	10396	1	39835	1	10000	40000	hit	517
A_HP_30	96	Response	2	7435393	18948	1
A_HP_30	96	Pulse	99	7445984	29540	1
A_HP_30	96	Pulse	99	7465984	49539	1
A_HP_30	97	Picture	response128	7477070	10396	1	39835	1	10000	40000	hit	522
A_HP_30	97	Pulse	99	7485984	19309	1
A_HP_30	97	Response	2	7501152	34478	1
A_HP_30	97	Pulse	99	7505984	39309	1
A_HP_30	98	Pulse	99	7525984	9079	1
A_HP_30	98	Picture	response126	7527467	10562	1	39668	1	10000	40000	hit	526
A_HP_30	98	Response	2	7541492	24588	1
A_HP_30	98	Pulse	99	7545983	29079	1
A_HP_30	98	Pulse	99	7565984	49079	1
A_HP_30	99	Picture	response122	7577531	10396	1	39835	1	10000	40000	incorrect	531
A_HP_30	99	Pulse	99	7585984	18849	1
A_HP_30	99	Response	2	7587472	20337	1
A_HP_30	99	Pulse	99	7605985	38850	1
A_HP_30	100	Pulse	99	7625984	8618	1
A_HP_30	100	Picture	response125	7627761	10396	1	39835	1	10000	40000	hit	536
A_HP_30	100	Pulse	99	7645984	28618	1
A_HP_30	100	Response	2	7660872	43507	1
A_HP_30	100	Pulse	99	7665983	48618	1
A_HP_30	101	Picture	response121	7678158	10562	1	39668	1	10000	40000	hit	540
A_HP_30	101	Pulse	99	7685984	18388	1
A_HP_30	101	Response	1	7691512	23916	1
A_HP_30	101	Pulse	99	7705984	38388	1
A_HP_30	102	Pulse	99	7725983	8157	1
A_HP_30	102	Picture	response124	7728222	10396	1	40238	1	10000	40000	hit	545
A_HP_30	102	Pulse	99	7745984	28158	1
A_HP_30	102	Response	2	7753452	35626	1
A_HP_30	102	Pulse	99	7765983	48157	1
A_HP_30	103	Picture	ins6	7768459	230	1	30229	1	0	30000	other	0
A_HP_30	103	Pulse	99	7785984	17754	1
A_HP_30	103	Pulse	99	7805984	37754	1
A_HP_30	103	Pulse	99	7825983	57754	1
A_HP_30	103	Pulse	99	7845984	77755	1
A_HP_30	103	Pulse	99	7865984	97754	1
A_HP_30	103	Pulse	99	7885983	117754	1
A_HP_30	103	Pulse	99	7905983	137754	1
A_HP_30	103	Pulse	99	7925983	157754	1
A_HP_30	103	Pulse	99	7945983	177754	1
A_HP_30	103	Pulse	99	7965983	197754	1
A_HP_30	103	Pulse	99	7985983	217754	1
A_HP_30	103	Pulse	99	8005983	237754	1
A_HP_30	103	Pulse	99	8025983	257754	1
A_HP_30	103	Pulse	99	8045983	277754	1
A_HP_30	103	Pulse	99	8065983	297754	1
A_HP_30	104	Response	3	8085983	7524	1
A_HP_30	104	Pulse	99	8085983	7524	1
A_HP_30	105	Picture	response47	8096609	10396	1	39835	1	10000	40000	hit	566
A_HP_30	105	Response	1	8105112	18898	1
A_HP_30	105	Pulse	99	8105983	19769	1
A_HP_30	105	Pulse	99	8125983	39769	1
A_HP_30	106	Pulse	99	8145983	9539	1
A_HP_30	106	Picture	response45	8146839	10396	1	39835	1	10000	40000	hit	571
A_HP_30	106	Response	1	8154822	18378	1
A_HP_30	106	Pulse	99	8165983	29539	1
A_HP_30	106	Pulse	99	8185983	49539	1
A_HP_30	107	Picture	response44	8197070	10396	1	39835	1	10000	40000	hit	576
A_HP_30	107	Pulse	99	8205984	19310	1
A_HP_30	107	Response	2	8210032	23358	1
A_HP_30	107	Pulse	99	8225983	39309	1
A_HP_30	108	Pulse	99	8245983	9079	1
A_HP_30	108	Picture	response48	8247467	10562	1	39668	1	10000	40000	hit	580
A_HP_30	108	Response	1	8259682	22778	1
A_HP_30	108	Pulse	99	8265983	29079	1
A_HP_30	108	Pulse	99	8285984	49079	1
A_HP_30	109	Picture	response46	8297530	10396	1	39835	1	10000	40000	hit	584
A_HP_30	109	Response	2	8304511	17377	1
A_HP_30	109	Pulse	99	8305983	18849	1
A_HP_30	109	Pulse	99	8325983	38849	1
A_HP_30	110	Pulse	99	8345983	8618	1
A_HP_30	110	Picture	response41	8347760	10395	1	39835	1	10000	40000	hit	589
A_HP_30	110	Response	2	8359202	21837	1
A_HP_30	110	Pulse	99	8365983	28618	1
A_HP_30	110	Pulse	99	8385983	48618	1
A_HP_30	111	Picture	response42	8398158	10562	1	39668	1	10000	40000	hit	594
A_HP_30	111	Pulse	99	8405983	18387	1
A_HP_30	111	Response	1	8408062	20466	1
A_HP_30	111	Pulse	99	8425983	38388	1
A_HP_30	112	Pulse	99	8445983	8157	1
A_HP_30	112	Picture	response43	8448222	10396	1	40238	1	10000	40000	hit	598
A_HP_30	112	Response	1	8455642	17816	1
A_HP_30	112	Pulse	99	8465983	28157	1
A_HP_30	112	Pulse	99	8485983	48157	1
A_HP_30	113	Picture	ins14	8488459	230	1	30229	1	0	30000	other	0
A_HP_30	113	Pulse	99	8505983	17754	1
A_HP_30	113	Pulse	99	8525983	37754	1
A_HP_30	113	Pulse	99	8545983	57754	1
A_HP_30	113	Pulse	99	8565983	77754	1
A_HP_30	113	Pulse	99	8585983	97754	1
A_HP_30	113	Pulse	99	8605983	117754	1
A_HP_30	113	Pulse	99	8625983	137754	1
A_HP_30	113	Pulse	99	8645983	157754	1
A_HP_30	113	Pulse	99	8665983	177754	1
A_HP_30	113	Pulse	99	8685983	197754	1
A_HP_30	113	Pulse	99	8705983	217754	1
A_HP_30	113	Pulse	99	8725983	237754	1
A_HP_30	113	Pulse	99	8745983	257754	1
A_HP_30	113	Pulse	99	8765983	277754	1
A_HP_30	113	Pulse	99	8785983	297754	1
A_HP_30	114	Response	3	8805983	7523	1
A_HP_30	114	Pulse	99	8805983	7523	1
A_HP_30	115	Picture	response108	8816609	10396	1	39835	1	10000	40000	hit	621
A_HP_30	115	Pulse	99	8825983	19770	1
A_HP_30	115	Response	2	8831611	25398	1
A_HP_30	115	Pulse	99	8845983	39770	1
A_HP_30	116	Pulse	99	8865983	9539	1
A_HP_30	116	Picture	response107	8866839	10396	1	39835	1	10000	40000	hit	626
A_HP_30	116	Pulse	99	8885983	29539	1
A_HP_30	116	Response	1	8890611	34167	1
A_HP_30	116	Pulse	99	8905983	49539	1
A_HP_30	117	Picture	response105	8917069	10396	1	39835	1	10000	40000	hit	630
A_HP_30	117	Pulse	99	8925983	19309	1
A_HP_30	117	Response	2	8930412	23738	1
A_HP_30	117	Pulse	99	8945983	39309	1
A_HP_30	118	Pulse	99	8965983	9079	1
A_HP_30	118	Picture	response106	8967194	10289	1	39941	1	10000	40000	hit	634
A_HP_30	118	Response	1	8985492	28587	1
A_HP_30	118	Pulse	99	8985983	29078	1
A_HP_30	118	Pulse	99	9005983	49079	1
A_HP_30	119	Picture	response109	9017530	10396	1	39835	1	10000	40000	hit	639
A_HP_30	119	Pulse	99	9025983	18848	1
A_HP_30	119	Response	1	9026421	19287	1
A_HP_30	119	Pulse	99	9045983	38848	1
A_HP_30	120	Pulse	99	9065983	8618	1
A_HP_30	120	Picture	response112	9067761	10396	1	39835	1	10000	40000	hit	643
A_HP_30	120	Response	2	9080021	22656	1
A_HP_30	120	Pulse	99	9085982	28617	1
A_HP_30	120	Pulse	99	9105983	48618	1
A_HP_30	121	Picture	response111	9118158	10562	1	39668	1	10000	40000	hit	648
A_HP_30	121	Pulse	99	9125982	18387	1
A_HP_30	121	Response	1	9144322	36726	1
A_HP_30	121	Pulse	99	9145983	38387	1
A_HP_30	122	Pulse	99	9165982	8157	1
A_HP_30	122	Picture	response110	9168221	10396	1	39835	1	10000	40000	hit	652
A_HP_30	122	Response	2	9180942	23116	1
A_HP_30	122	Pulse	99	9185982	28157	1
A_HP_30	122	Pulse	99	9205982	48157	1
A_HP_30	123	Picture	thanks	9208056	0	1	10229	1	0	10000	other	0
A_HP_30	123	Pulse	99	9225983	17927	1


Event Type	Code	Type	Response	RT	RT Uncertainty	Time	Uncertainty	Duration	Uncertainty	ReqTime	ReqDur

Picture	ready	other				506298	1	10230	1	0	10000
Picture	ins8	other				566866	1	30229	1	0	30000
Picture	response63	hit	1	10742	2	896693	1	39834	1	10000	40000
Picture	response64	hit	2	11912	2	946924	1	39834	1	10000	40000
Picture	response62	hit	2	11025	2	997320	1	39668	1	10000	40000
Picture	response60	hit	2	12422	2	1047384	1	39835	1	10000	40000
Picture	response58	hit	1	9951	2	1097615	1	39835	1	10000	40000
Picture	response57	hit	1	11980	2	1147845	1	39835	1	10000	40000
Picture	response61	hit	2	11380	2	1198076	1	39834	1	10000	40000
Picture	response59	hit	1	7892	2	1248472	1	39991	1	10000	40000
Picture	ins24	other				1288463	1	30229	1	0	30000
Picture	response185	hit	1	20622	2	1616692	1	39835	1	10000	40000
Picture	response192	hit	1	38302	2	1666923	1	39835	1	10000	40000
Picture	response190	hit	1	15885	2	1717320	1	39668	1	10000	40000
Picture	response188	hit	2	27323	2	1767652	1	39566	1	10000	40000
Picture	response187	incorrect	1	27582	2	1817613	1	39835	1	10000	40000
Picture	response186	hit	2	15971	2	1867844	1	39835	1	10000	40000
Picture	response189	hit	1	13941	2	1918074	1	39835	1	10000	40000
Picture	response191	hit	1	26893	2	1968471	1	39990	1	10000	40000
Picture	ins4	other				2008462	1	30229	1	0	30000
Picture	response26	hit	2	7173	2	2336612	1	39835	1	10000	40000
Picture	response25	hit	2	12502	2	2386843	1	39834	1	10000	40000
Picture	response27	hit	1	7082	2	2437073	1	39835	1	10000	40000
Picture	response31	hit	1	15185	2	2487471	1	39669	1	10000	40000
Picture	response28	hit	1	9429	2	2537535	1	39835	1	10000	40000
Picture	response32	hit	2	8460	2	2587765	1	39835	1	10000	40000
Picture	response30	hit	1	18392	2	2638162	1	39668	1	10000	40000
Picture	response29	incorrect	2	9938	2	2688227	1	40236	1	10000	40000
Picture	ins18	other				2728462	1	30230	1	0	30000
Picture	response141	hit	2	17132	2	3056612	1	39835	1	10000	40000
Picture	response142	hit	1	7881	2	3106842	1	39835	1	10000	40000
Picture	response139	hit	1	11541	2	3157073	1	39835	1	10000	40000
Picture	response143	hit	1	12504	2	3207470	1	39669	1	10000	40000
Picture	response138	hit	1	20440	2	3257534	1	39835	1	10000	40000
Picture	response144	hit	1	23819	2	3307765	1	39835	1	10000	40000
Picture	response140	hit	1	20892	2	3358162	1	39668	1	10000	40000
Picture	response137	hit	2	34658	2	3408226	1	40235	1	10000	40000
Picture	ins20	other				3448461	1	30229	1	0	30000
Picture	response159	hit	2	24683	2	3776611	1	39835	1	10000	40000
Picture	response153	hit	1	18653	2	3826841	1	39835	1	10000	40000
Picture	response155	hit	2	17192	2	3877072	1	39834	1	10000	40000
Picture	response160	hit	2	25606	2	3927469	1	39668	1	10000	40000
Picture	response156	hit	2	12032	2	3977532	1	39835	1	10000	40000
Picture	response157	hit	2	27351	2	4027763	1	39835	1	10000	40000
Picture	response158	hit	2	19764	2	4078160	1	39668	1	10000	40000
Picture	response154	hit	1	13101	2	4128224	1	40238	1	10000	40000
Picture	ins12	other				4168461	1	30229	1	0	30000
Picture	response89	hit	2	12012	2	4496611	1	39835	1	10000	40000
Picture	response94	hit	2	10882	2	4546842	1	39835	1	10000	40000
Picture	response92	incorrect	2	16472	2	4597072	1	39834	1	10000	40000
Picture	response95	hit	1	15805	2	4647468	1	39668	1	10000	40000
Picture	response93	hit	1	28691	2	4697532	1	39835	1	10000	40000
Picture	response96	hit	2	13771	2	4747763	1	39835	1	10000	40000
Picture	response91	hit	2	13833	2	4798160	1	39668	1	10000	40000
Picture	response90	hit	1	12190	2	4848223	1	40237	1	10000	40000
Picture	ins2	other				4888460	1	30229	1	0	30000
Picture	response13	hit	2	15344	2	5216610	1	39835	1	10000	40000
Picture	response12	hit	1	8112	2	5266841	1	39835	1	10000	40000
Picture	response15	hit	2	19672	2	5317071	1	39835	1	10000	40000
Picture	response16	hit	2	8172	2	5367262	1	39874	1	10000	40000
Picture	response10	hit	1	9421	2	5417532	1	39835	1	10000	40000
Picture	response9	hit	1	12421	2	5467762	1	39835	1	10000	40000
Picture	response11	hit	2	12653	2	5518160	1	39668	1	10000	40000
Picture	response14	hit	1	11980	2	5568223	1	40237	1	10000	40000
Picture	ins10	other				5608460	1	30229	1	0	30000
Picture	response78	hit	1	15243	2	5936610	1	39835	1	10000	40000
Picture	response75	incorrect	1	13163	2	5986840	1	39835	1	10000	40000
Picture	response76	hit	1	20902	2	6037071	1	39835	1	10000	40000
Picture	response80	hit	2	13006	2	6087468	1	39668	1	10000	40000
Picture	response79	incorrect	2	12401	2	6137532	1	39834	1	10000	40000
Picture	response77	hit	2	16711	2	6187762	1	39834	1	10000	40000
Picture	response73	hit	2	15014	2	6238159	1	39668	1	10000	40000
Picture	response74	hit	1	12240	2	6288222	1	40238	1	10000	40000
Picture	ins22	other				6328460	1	30229	1	0	30000
Picture	response175	hit	2	20493	2	6656610	1	39834	1	10000	40000
Picture	response170	hit	2	22183	2	6706840	1	39835	1	10000	40000
Picture	response176	hit	1	27182	2	6757070	1	39835	1	10000	40000
Picture	response173	hit	1	18825	2	6807467	1	39668	1	10000	40000
Picture	response174	hit	2	25491	2	6857531	1	39835	1	10000	40000
Picture	response169	hit	2	22621	2	6907762	1	39835	1	10000	40000
Picture	response171	hit	1	26844	2	6958159	1	39668	1	10000	40000
Picture	response172	incorrect	1	17060	2	7008222	1	40237	1	10000	40000
Picture	ins16	other				7048460	1	30229	1	0	30000
Picture	response123	hit	2	22573	2	7376610	1	39835	1	10000	40000
Picture	response127	hit	2	8553	2	7426840	1	39835	1	10000	40000
Picture	response128	hit	2	24082	2	7477070	1	39835	1	10000	40000
Picture	response126	hit	2	14026	2	7527467	1	39668	1	10000	40000
Picture	response122	incorrect	2	9942	2	7577531	1	39835	1	10000	40000
Picture	response125	hit	2	33112	2	7627761	1	39835	1	10000	40000
Picture	response121	hit	1	13354	2	7678158	1	39668	1	10000	40000
Picture	response124	hit	2	25230	2	7728222	1	40238	1	10000	40000
Picture	ins6	other				7768459	1	30229	1	0	30000
Picture	response47	hit	1	8503	2	8096609	1	39835	1	10000	40000
Picture	response45	hit	1	7982	2	8146839	1	39835	1	10000	40000
Picture	response44	hit	2	12962	2	8197070	1	39835	1	10000	40000
Picture	response48	hit	1	12216	2	8247467	1	39668	1	10000	40000
Picture	response46	hit	2	6981	2	8297530	1	39835	1	10000	40000
Picture	response41	hit	2	11442	2	8347760	1	39835	1	10000	40000
Picture	response42	hit	1	9904	2	8398158	1	39668	1	10000	40000
Picture	response43	hit	1	7420	2	8448222	1	40238	1	10000	40000
Picture	ins14	other				8488459	1	30229	1	0	30000
Picture	response108	hit	2	15002	2	8816609	1	39835	1	10000	40000
Picture	response107	hit	1	23772	2	8866839	1	39835	1	10000	40000
Picture	response105	hit	2	13343	2	8917069	1	39835	1	10000	40000
Picture	response106	hit	1	18298	2	8967194	1	39941	1	10000	40000
Picture	response109	hit	1	8891	2	9017530	1	39835	1	10000	40000
Picture	response112	hit	2	12261	2	9067761	1	39835	1	10000	40000
Picture	response111	hit	1	26164	2	9118158	1	39668	1	10000	40000
Picture	response110	hit	2	12720	2	9168221	1	39835	1	10000	40000
Picture	thanks	other				9208056	1	10229	1	0	10000


{
   "app": "Presentation Version 21.0 Build 06.06.19",
   "device": "LENOVO 20KHCTO1WW",
   "experiment": "{A2FC4E2A-B401-4E65-9CA9-5B09E294C871}",
   "os": "Windows 10 64 bit",
   "package": "",
   "parameters": {
      "configuration": "Default configuration"
   },
   "scenario": "Dimension experiment(2).sce",
   "subject": "A_HP_30",
   "timestamp": "2019/11/21 01:07:48 GMT"
}
