Scenario - 
Logfile written - 10/17/2019 13:00:37

Subject	Trial	Event Type	Code	Time	TTime	Uncertainty	Duration	Uncertainty	ReqTime	ReqDur	Stim Type	Pair Index

A_HP_20	1	Response	3	1972899	1972066	1
A_HP_20	1	Pulse	99	1972899	1972066	1
A_HP_20	2	Picture	ready	1973164	0	1	10229	1	0	10000	other	0
A_HP_20	2	Pulse	99	1992899	19735	1
A_HP_20	2	Pulse	99	2012899	39735	1
A_HP_20	2	Pulse	99	2032899	59735	1
A_HP_20	3	Picture	ins14	2033755	232	1	30230	1	0	30000	other	0
A_HP_20	3	Pulse	99	2052899	19376	1
A_HP_20	3	Pulse	99	2072899	39376	1
A_HP_20	3	Pulse	99	2092899	59376	1
A_HP_20	3	Pulse	99	2112899	79376	1
A_HP_20	3	Pulse	99	2132899	99376	1
A_HP_20	3	Pulse	99	2152899	119376	1
A_HP_20	3	Pulse	99	2172899	139376	1
A_HP_20	3	Pulse	99	2192899	159376	1
A_HP_20	3	Pulse	99	2212899	179377	1
A_HP_20	3	Pulse	99	2232899	199376	1
A_HP_20	3	Pulse	99	2252899	219376	1
A_HP_20	3	Pulse	99	2272899	239376	1
A_HP_20	3	Pulse	99	2292899	259376	1
A_HP_20	3	Pulse	99	2312899	279376	1
A_HP_20	3	Pulse	99	2332899	299376	1
A_HP_20	4	Response	3	2352899	9146	1
A_HP_20	4	Pulse	99	2352899	9146	1
A_HP_20	5	Picture	response111	2363691	10562	1	39668	1	10000	40000	hit	27
A_HP_20	5	Pulse	99	2372899	19770	1
A_HP_20	5	Response	1	2378877	25748	1
A_HP_20	5	Pulse	99	2392899	39770	1
A_HP_20	6	Pulse	99	2412899	9540	1
A_HP_20	6	Picture	response107	2413755	10396	1	39834	1	10000	40000	hit	31
A_HP_20	6	Response	1	2426948	23589	1
A_HP_20	6	Pulse	99	2432899	29540	1
A_HP_20	6	Pulse	99	2452900	49541	1
A_HP_20	7	Picture	response112	2463984	10395	1	39835	1	10000	40000	hit	36
A_HP_20	7	Pulse	99	2472899	19310	1
A_HP_20	7	Response	2	2479327	25738	1
A_HP_20	7	Pulse	99	2492899	39310	1
A_HP_20	8	Pulse	99	2512899	9080	1
A_HP_20	8	Picture	response108	2514215	10395	1	39835	1	10000	40000	hit	41
A_HP_20	8	Pulse	99	2532899	29079	1
A_HP_20	8	Response	2	2534107	30287	1
A_HP_20	8	Pulse	99	2552899	49079	1
A_HP_20	9	Picture	response109	2564446	10396	1	39834	1	10000	40000	hit	45
A_HP_20	9	Pulse	99	2572899	18849	1
A_HP_20	9	Response	1	2573357	19307	1
A_HP_20	9	Pulse	99	2592899	38849	1
A_HP_20	10	Pulse	99	2612899	8619	1
A_HP_20	10	Picture	response106	2614842	10562	1	39668	1	10000	40000	hit	49
A_HP_20	10	Response	1	2619957	15677	1
A_HP_20	10	Pulse	99	2632899	28619	1
A_HP_20	10	Pulse	99	2652899	48619	1
A_HP_20	11	Picture	response105	2664906	10395	1	39835	1	10000	40000	hit	54
A_HP_20	11	Pulse	99	2672899	18389	1
A_HP_20	11	Response	2	2675987	21477	1
A_HP_20	11	Pulse	99	2692899	38389	1
A_HP_20	12	Pulse	99	2712899	8158	1
A_HP_20	12	Picture	response110	2715136	10396	1	40218	1	10000	40000	hit	58
A_HP_20	12	Response	2	2723698	18957	1
A_HP_20	12	Pulse	99	2732899	28158	1
A_HP_20	12	Pulse	99	2752899	48158	1
A_HP_20	13	Picture	ins2	2755354	231	1	30229	1	0	30000	other	0
A_HP_20	13	Pulse	99	2772899	17776	1
A_HP_20	13	Pulse	99	2792899	37776	1
A_HP_20	13	Pulse	99	2812899	57776	1
A_HP_20	13	Pulse	99	2832819	77696	1
A_HP_20	13	Pulse	99	2852899	97775	1
A_HP_20	13	Pulse	99	2872899	117776	1
A_HP_20	13	Pulse	99	2892898	137775	1
A_HP_20	13	Pulse	99	2912899	157776	1
A_HP_20	13	Pulse	99	2932899	177776	1
A_HP_20	13	Pulse	99	2952899	197776	1
A_HP_20	13	Pulse	99	2972899	217776	1
A_HP_20	13	Pulse	99	2992899	237776	1
A_HP_20	13	Pulse	99	3012899	257776	1
A_HP_20	13	Pulse	99	3032899	277776	1
A_HP_20	13	Pulse	99	3052899	297776	1
A_HP_20	14	Response	3	3072899	7545	1
A_HP_20	14	Pulse	99	3072899	7545	1
A_HP_20	15	Picture	response11	3083691	10562	1	39668	1	10000	40000	hit	81
A_HP_20	15	Pulse	99	3092899	19770	1
A_HP_20	15	Response	2	3105838	32709	1
A_HP_20	15	Pulse	99	3112899	39770	1
A_HP_20	16	Pulse	99	3132899	9540	1
A_HP_20	16	Picture	response14	3133755	10396	1	39834	1	10000	40000	hit	86
A_HP_20	16	Pulse	99	3152899	29539	1
A_HP_20	16	Response	1	3156917	33558	1
A_HP_20	16	Pulse	99	3172819	49460	1
A_HP_20	17	Picture	response13	3183985	10395	1	39835	1	10000	40000	hit	91
A_HP_20	17	Pulse	99	3192899	19309	1
A_HP_20	17	Pulse	99	3212899	39310	1
A_HP_20	17	Response	2	3214807	41218	1
A_HP_20	18	Pulse	99	3232899	9079	1
A_HP_20	18	Picture	response16	3234215	10396	1	39835	1	10000	40000	hit	95
A_HP_20	18	Pulse	99	3252899	29079	1
A_HP_20	18	Response	2	3254117	30297	1
A_HP_20	18	Pulse	99	3272899	49079	1
A_HP_20	19	Picture	response15	3284445	10395	1	39835	1	10000	40000	incorrect	99
A_HP_20	19	Pulse	99	3292899	18849	1
A_HP_20	19	Response	1	3302467	28417	1
A_HP_20	19	Pulse	99	3312819	38769	1
A_HP_20	20	Pulse	99	3332899	8619	1
A_HP_20	20	Picture	response12	3334842	10562	1	39668	1	10000	40000	hit	103
A_HP_20	20	Response	1	3342578	18298	1
A_HP_20	20	Pulse	99	3352899	28619	1
A_HP_20	20	Pulse	99	3372819	48539	1
A_HP_20	21	Picture	response9	3384905	10395	1	39835	1	10000	40000	hit	108
A_HP_20	21	Pulse	99	3392898	18389	1
A_HP_20	21	Response	1	3407728	33218	1
A_HP_20	21	Pulse	99	3412899	38389	1
A_HP_20	22	Pulse	99	3432899	8159	1
A_HP_20	22	Picture	response10	3435135	10395	1	40217	1	10000	40000	hit	112
A_HP_20	22	Response	1	3442447	17707	1
A_HP_20	22	Pulse	99	3452898	28158	1
A_HP_20	22	Pulse	99	3472898	48158	1
A_HP_20	23	Picture	ins4	3475352	230	1	30229	1	0	30000	other	0
A_HP_20	23	Pulse	99	3492898	17776	1
A_HP_20	23	Pulse	99	3512818	37696	1
A_HP_20	23	Pulse	99	3532898	57776	1
A_HP_20	23	Pulse	99	3552898	77776	1
A_HP_20	23	Pulse	99	3572898	97776	1
A_HP_20	23	Pulse	99	3592898	117776	1
A_HP_20	23	Pulse	99	3612898	137776	1
A_HP_20	23	Pulse	99	3632899	157777	1
A_HP_20	23	Pulse	99	3652819	177697	1
A_HP_20	23	Pulse	99	3672899	197776	1
A_HP_20	23	Pulse	99	3692899	217777	1
A_HP_20	23	Pulse	99	3712819	237697	1
A_HP_20	23	Pulse	99	3732899	257777	1
A_HP_20	23	Pulse	99	3752898	277776	1
A_HP_20	23	Pulse	99	3772902	297780	1
A_HP_20	24	Response	3	3792818	7466	1
A_HP_20	24	Pulse	99	3792818	7466	1
A_HP_20	25	Picture	response31	3803444	10395	1	39835	1	10000	40000	hit	135
A_HP_20	25	Pulse	99	3812898	19850	1
A_HP_20	25	Response	1	3815416	22368	1
A_HP_20	25	Pulse	99	3832898	39850	1
A_HP_20	26	Pulse	99	3852818	9540	1
A_HP_20	26	Picture	response27	3853841	10562	1	39667	1	10000	40000	hit	139
A_HP_20	26	Response	1	3861477	18198	1
A_HP_20	26	Pulse	99	3872898	29620	1
A_HP_20	26	Pulse	99	3892898	49620	1
A_HP_20	27	Picture	response29	3903904	10395	1	39835	1	10000	40000	hit	143
A_HP_20	27	Response	1	3911927	18419	1
A_HP_20	27	Pulse	99	3912818	19309	1
A_HP_20	27	Pulse	99	3932898	39390	1
A_HP_20	28	Pulse	99	3952898	9160	1
A_HP_20	28	Picture	response32	3954134	10395	1	39835	1	10000	40000	hit	148
A_HP_20	28	Response	2	3964467	20729	1
A_HP_20	28	Pulse	99	3972898	29160	1
A_HP_20	28	Pulse	99	3992818	49080	1
A_HP_20	29	Picture	response26	4004531	10562	1	39835	1	10000	40000	hit	153
A_HP_20	29	Pulse	99	4012898	18930	1
A_HP_20	29	Response	2	4019817	25849	1
A_HP_20	29	Pulse	99	4032899	38930	1
A_HP_20	30	Pulse	99	4052818	8453	1
A_HP_20	30	Picture	response25	4054761	10395	1	39835	1	10000	40000	hit	157
A_HP_20	30	Response	2	4065557	21192	1
A_HP_20	30	Pulse	99	4072898	28533	1
A_HP_20	30	Pulse	99	4092899	48533	1
A_HP_20	31	Picture	response30	4104991	10395	1	39835	1	10000	40000	hit	161
A_HP_20	31	Response	1	4111627	17032	1
A_HP_20	31	Pulse	99	4112898	18302	1
A_HP_20	31	Pulse	99	4132818	38223	1
A_HP_20	32	Pulse	99	4152898	8073	1
A_HP_20	32	Picture	response28	4155221	10395	1	40232	1	10000	40000	hit	166
A_HP_20	32	Response	1	4163306	18481	1
A_HP_20	32	Pulse	99	4172899	28073	1
A_HP_20	32	Pulse	99	4192818	47993	1
A_HP_20	33	Picture	ins8	4195453	230	1	30229	1	0	30000	other	0
A_HP_20	33	Pulse	99	4212898	17676	1
A_HP_20	33	Pulse	99	4232898	37676	1
A_HP_20	33	Pulse	99	4252818	57596	1
A_HP_20	33	Pulse	99	4272818	77596	1
A_HP_20	33	Pulse	99	4292898	97676	1
A_HP_20	33	Pulse	99	4312898	117676	1
A_HP_20	33	Pulse	99	4332818	137596	1
A_HP_20	33	Pulse	99	4352898	157676	1
A_HP_20	33	Pulse	99	4372899	177676	1
A_HP_20	33	Pulse	99	4392818	197596	1
A_HP_20	33	Pulse	99	4412898	217676	1
A_HP_20	33	Pulse	99	4432898	237675	1
A_HP_20	33	Pulse	99	4452899	257676	1
A_HP_20	33	Pulse	99	4472818	277596	1
A_HP_20	33	Pulse	99	4492899	297676	1
A_HP_20	34	Response	3	4512898	7445	1
A_HP_20	34	Pulse	99	4512898	7445	1
A_HP_20	35	Picture	response59	4523691	10562	1	39668	1	10000	40000	hit	189
A_HP_20	35	Pulse	99	4532818	19690	1
A_HP_20	35	Response	1	4538597	25468	1
A_HP_20	35	Pulse	99	4552899	39770	1
A_HP_20	36	Pulse	99	4572899	9540	1
A_HP_20	36	Picture	response57	4573753	10395	1	39835	1	10000	40000	hit	194
A_HP_20	36	Pulse	99	4592818	29460	1
A_HP_20	36	Response	1	4597336	33978	1
A_HP_20	36	Pulse	99	4612818	49460	1
A_HP_20	37	Picture	response58	4623983	10395	1	39836	1	10000	40000	hit	198
A_HP_20	37	Pulse	99	4632898	19310	1
A_HP_20	37	Response	1	4633311	19722	1
A_HP_20	37	Pulse	99	4652898	39310	1
A_HP_20	38	Pulse	99	4672818	8999	1
A_HP_20	38	Picture	response64	4674215	10395	1	39835	1	10000	40000	hit	202
A_HP_20	38	Response	2	4690777	26957	1
A_HP_20	38	Pulse	99	4692897	29077	1
A_HP_20	38	Pulse	99	4712898	49078	1
A_HP_20	39	Picture	response60	4724446	10395	1	39835	1	10000	40000	hit	207
A_HP_20	39	Pulse	99	4732818	18768	1
A_HP_20	39	Response	2	4735926	21876	1
A_HP_20	39	Pulse	99	4752818	38768	1
A_HP_20	40	Pulse	99	4772898	8618	1
A_HP_20	40	Picture	response63	4774842	10562	1	39668	1	10000	40000	hit	211
A_HP_20	40	Response	1	4783917	19636	1
A_HP_20	40	Pulse	99	4792818	28538	1
A_HP_20	40	Pulse	99	4812818	48538	1
A_HP_20	41	Picture	response62	4824906	10396	1	39834	1	10000	40000	hit	216
A_HP_20	41	Pulse	99	4832898	18388	1
A_HP_20	41	Response	2	4839267	24757	1
A_HP_20	41	Pulse	99	4852898	38388	1
A_HP_20	42	Pulse	99	4872818	8078	1
A_HP_20	42	Picture	response61	4875136	10396	1	40217	1	10000	40000	hit	220
A_HP_20	42	Response	2	4891897	27157	1
A_HP_20	42	Pulse	99	4892898	28158	1
A_HP_20	42	Pulse	99	4912898	48158	1
A_HP_20	43	Picture	ins12	4915352	230	1	30229	1	0	30000	other	0
A_HP_20	43	Pulse	99	4932818	17696	1
A_HP_20	43	Pulse	99	4952818	37696	1
A_HP_20	43	Pulse	99	4972898	57776	1
A_HP_20	43	Pulse	99	4992898	77776	1
A_HP_20	43	Pulse	99	5012818	97696	1
A_HP_20	43	Pulse	99	5032898	117776	1
A_HP_20	43	Pulse	99	5052898	137776	1
A_HP_20	43	Pulse	99	5072818	157696	1
A_HP_20	43	Pulse	99	5092818	177696	1
A_HP_20	43	Pulse	99	5112897	197775	1
A_HP_20	43	Pulse	99	5132818	217696	1
A_HP_20	43	Pulse	99	5152818	237696	1
A_HP_20	43	Pulse	99	5172898	257776	1
A_HP_20	43	Pulse	99	5192898	277776	1
A_HP_20	43	Pulse	99	5212818	297696	1
A_HP_20	44	Response	3	5232818	7465	1
A_HP_20	44	Pulse	99	5232818	7465	1
A_HP_20	45	Picture	response96	5243443	10395	1	39835	1	10000	40000	hit	243
A_HP_20	45	Pulse	99	5252898	19850	1
A_HP_20	45	Response	2	5268906	35858	1
A_HP_20	45	Pulse	99	5272818	39770	1
A_HP_20	46	Pulse	99	5292818	9540	1
A_HP_20	46	Picture	response89	5293840	10563	1	39668	1	10000	40000	hit	248
A_HP_20	46	Pulse	99	5312897	29620	1
A_HP_20	46	Response	2	5317846	34568	1
A_HP_20	46	Pulse	99	5332897	49619	1
A_HP_20	47	Picture	response93	5343904	10395	1	39835	1	10000	40000	hit	252
A_HP_20	47	Pulse	99	5352817	19309	1
A_HP_20	47	Response	1	5363947	30438	1
A_HP_20	47	Pulse	99	5372898	39389	1
A_HP_20	48	Pulse	99	5392898	9159	1
A_HP_20	48	Picture	response90	5394134	10395	1	39835	1	10000	40000	hit	256
A_HP_20	48	Response	1	5407286	23548	1
A_HP_20	48	Pulse	99	5412818	29079	1
A_HP_20	48	Pulse	99	5432817	49079	1
A_HP_20	49	Picture	response92	5444698	10729	1	39668	1	10000	40000	incorrect	261
A_HP_20	49	Pulse	99	5452898	18929	1
A_HP_20	49	Response	2	5464097	30128	1
A_HP_20	49	Pulse	99	5472817	38849	1
A_HP_20	50	Pulse	99	5492818	8452	1
A_HP_20	50	Picture	response95	5494761	10395	1	39835	1	10000	40000	hit	266
A_HP_20	50	Pulse	99	5512898	28532	1
A_HP_20	50	Response	1	5522417	38051	1
A_HP_20	50	Pulse	99	5532898	48532	1
A_HP_20	51	Picture	response91	5544991	10395	1	39835	1	10000	40000	incorrect	270
A_HP_20	51	Pulse	99	5552818	18222	1
A_HP_20	51	Response	1	5569167	34570	1
A_HP_20	51	Pulse	99	5572818	38221	1
A_HP_20	52	Pulse	99	5592898	8071	1
A_HP_20	52	Picture	response94	5595221	10395	1	40230	1	10000	40000	hit	275
A_HP_20	52	Pulse	99	5612818	27991	1
A_HP_20	52	Response	2	5622986	38160	1
A_HP_20	52	Pulse	99	5632817	47991	1
A_HP_20	53	Picture	ins22	5635451	230	1	30229	1	0	30000	other	0
A_HP_20	53	Pulse	99	5652898	17676	1
A_HP_20	53	Pulse	99	5672818	37596	1
A_HP_20	53	Pulse	99	5692818	57596	1
A_HP_20	53	Pulse	99	5712818	77596	1
A_HP_20	53	Pulse	99	5732898	97676	1
A_HP_20	53	Pulse	99	5752818	117596	1
A_HP_20	53	Pulse	99	5772818	137596	1
A_HP_20	53	Pulse	99	5792898	157676	1
A_HP_20	53	Pulse	99	5812818	177596	1
A_HP_20	53	Pulse	99	5832818	197596	1
A_HP_20	53	Pulse	99	5852897	217675	1
A_HP_20	53	Pulse	99	5872898	237676	1
A_HP_20	53	Pulse	99	5892818	257596	1
A_HP_20	53	Pulse	99	5912818	277596	1
A_HP_20	53	Pulse	99	5932898	297676	1
A_HP_20	54	Response	3	5952818	7366	1
A_HP_20	54	Pulse	99	5952818	7366	1
A_HP_20	55	Picture	response172	5963443	10395	1	39835	1	10000	40000	hit	297
A_HP_20	55	Pulse	99	5972817	19769	1
A_HP_20	55	Response	2	5982816	29769	1
A_HP_20	55	Pulse	99	5992898	39850	1
A_HP_20	56	Pulse	99	6012818	9539	1
A_HP_20	56	Picture	response169	6013840	10562	1	39668	1	10000	40000	hit	301
A_HP_20	56	Response	2	6028036	24758	1
A_HP_20	56	Pulse	99	6032817	29539	1
A_HP_20	56	Pulse	99	6052818	49539	1
A_HP_20	57	Picture	response170	6063904	10395	1	39835	1	10000	40000	hit	306
A_HP_20	57	Pulse	99	6072897	19389	1
A_HP_20	57	Response	2	6090426	36918	1
A_HP_20	57	Pulse	99	6092817	39309	1
A_HP_20	58	Pulse	99	6112818	9079	1
A_HP_20	58	Picture	response174	6114134	10396	1	39834	1	10000	40000	hit	311
A_HP_20	58	Pulse	99	6132898	29159	1
A_HP_20	58	Response	2	6133855	30117	1
A_HP_20	58	Pulse	99	6152818	49079	1
A_HP_20	59	Picture	response175	6164698	10729	1	39668	1	10000	40000	hit	315
A_HP_20	59	Pulse	99	6172818	18849	1
A_HP_20	59	Response	2	6181236	27267	1
A_HP_20	59	Pulse	99	6192817	38849	1
A_HP_20	60	Pulse	99	6212818	8452	1
A_HP_20	60	Picture	response173	6214761	10396	1	39834	1	10000	40000	hit	320
A_HP_20	60	Pulse	99	6232817	28452	1
A_HP_20	60	Response	1	6235626	31261	1
A_HP_20	60	Pulse	99	6252817	48452	1
A_HP_20	61	Picture	response171	6264991	10396	1	39835	1	10000	40000	hit	324
A_HP_20	61	Pulse	99	6272897	18302	1
A_HP_20	61	Response	1	6286506	31911	1
A_HP_20	61	Pulse	99	6292817	38222	1
A_HP_20	62	Pulse	99	6312817	7992	1
A_HP_20	62	Picture	response176	6315221	10395	1	40230	1	10000	40000	hit	329
A_HP_20	62	Pulse	99	6332897	28071	1
A_HP_20	62	Response	1	6345836	41010	1
A_HP_20	62	Pulse	99	6352817	47991	1
A_HP_20	63	Picture	ins6	6355451	230	1	30230	1	0	30000	other	0
A_HP_20	63	Pulse	99	6372817	17596	1
A_HP_20	63	Pulse	99	6392817	37596	1
A_HP_20	63	Pulse	99	6412897	57676	1
A_HP_20	63	Pulse	99	6432816	77595	1
A_HP_20	63	Pulse	99	6452817	97597	1
A_HP_20	63	Pulse	99	6472897	117676	1
A_HP_20	63	Pulse	99	6492817	137597	1
A_HP_20	63	Pulse	99	6512817	157597	1
A_HP_20	63	Pulse	99	6532817	177597	1
A_HP_20	63	Pulse	99	6552817	197597	1
A_HP_20	63	Pulse	99	6572817	217597	1
A_HP_20	63	Pulse	99	6592817	237597	1
A_HP_20	63	Pulse	99	6612897	257677	1
A_HP_20	63	Pulse	99	6632817	277597	1
A_HP_20	63	Pulse	99	6652817	297597	1
A_HP_20	64	Response	3	6672817	7367	1
A_HP_20	64	Pulse	99	6672817	7367	1
A_HP_20	65	Picture	response44	6683442	10395	1	39835	1	10000	40000	hit	351
A_HP_20	65	Pulse	99	6692817	19770	1
A_HP_20	65	Response	2	6695995	22948	1
A_HP_20	65	Pulse	99	6712817	39770	1
A_HP_20	66	Pulse	99	6732817	9540	1
A_HP_20	66	Picture	response46	6733840	10562	1	39668	1	10000	40000	hit	356
A_HP_20	66	Pulse	99	6752897	29620	1
A_HP_20	66	Response	2	6759606	36328	1
A_HP_20	66	Pulse	99	6772817	49540	1
A_HP_20	67	Picture	response45	6783903	10396	1	39835	1	10000	40000	hit	359
A_HP_20	67	Response	1	6789905	16398	1
A_HP_20	67	Pulse	99	6792816	19308	1
A_HP_20	67	Pulse	99	6812897	39389	1
A_HP_20	68	Pulse	99	6832817	9079	1
A_HP_20	68	Picture	response41	6834133	10395	1	39835	1	10000	40000	hit	365
A_HP_20	68	Pulse	99	6852817	29079	1
A_HP_20	68	Response	2	6853375	29637	1
A_HP_20	68	Pulse	99	6872817	49079	1
A_HP_20	69	Picture	response42	6884697	10729	1	39501	1	10000	40000	hit	368
A_HP_20	69	Response	1	6890315	16347	1
A_HP_20	69	Pulse	99	6892816	18848	1
A_HP_20	69	Pulse	99	6912817	38848	1
A_HP_20	70	Pulse	99	6932817	8619	1
A_HP_20	70	Picture	response43	6934594	10396	1	39834	1	10000	40000	hit	373
A_HP_20	70	Response	1	6940396	16198	1
A_HP_20	70	Pulse	99	6952897	28699	1
A_HP_20	70	Pulse	99	6972817	48619	1
A_HP_20	71	Picture	response47	6984824	10395	1	39835	1	10000	40000	hit	377
A_HP_20	71	Response	1	6990626	16197	1
A_HP_20	71	Pulse	99	6992816	18387	1
A_HP_20	71	Pulse	99	7012817	38389	1
A_HP_20	72	Pulse	99	7032817	8158	1
A_HP_20	72	Picture	response48	7035055	10396	1	40196	1	10000	40000	hit	382
A_HP_20	72	Response	1	7041406	16747	1
A_HP_20	72	Pulse	99	7052817	28158	1
A_HP_20	72	Pulse	99	7072817	48158	1
A_HP_20	73	Picture	ins24	7075251	230	1	30230	1	0	30000	other	0
A_HP_20	73	Pulse	99	7092817	17796	1
A_HP_20	73	Pulse	99	7112817	37796	1
A_HP_20	73	Pulse	99	7132817	57796	1
A_HP_20	73	Pulse	99	7152817	77796	1
A_HP_20	73	Pulse	99	7172817	97796	1
A_HP_20	73	Pulse	99	7192817	117796	1
A_HP_20	73	Pulse	99	7212817	137796	1
A_HP_20	73	Pulse	99	7232816	157795	1
A_HP_20	73	Pulse	99	7252817	177796	1
A_HP_20	73	Pulse	99	7272817	197796	1
A_HP_20	73	Pulse	99	7292897	217876	1
A_HP_20	73	Pulse	99	7312817	237796	1
A_HP_20	73	Pulse	99	7332817	257796	1
A_HP_20	73	Pulse	99	7352816	277795	1
A_HP_20	73	Pulse	99	7372817	297796	1
A_HP_20	74	Response	3	7392817	7566	1
A_HP_20	74	Pulse	99	7392817	7566	1
A_HP_20	75	Picture	response186	7403442	10395	1	39835	1	10000	40000	hit	405
A_HP_20	75	Pulse	99	7412817	19770	1
A_HP_20	75	Response	2	7427586	34539	1
A_HP_20	75	Pulse	99	7432816	39770	1
A_HP_20	76	Pulse	99	7452817	9540	1
A_HP_20	76	Picture	response187	7453839	10562	1	39668	1	10000	40000	hit	410
A_HP_20	76	Pulse	99	7472817	29540	1
A_HP_20	76	Response	2	7475405	32128	1
A_HP_20	76	Pulse	99	7492817	49540	1
A_HP_20	77	Picture	response191	7503903	10396	1	39834	1	10000	40000	incorrect	414
A_HP_20	77	Pulse	99	7512817	19310	1
A_HP_20	77	Response	2	7525905	32398	1
A_HP_20	77	Pulse	99	7532816	39309	1
A_HP_20	78	Pulse	99	7552816	9079	1
A_HP_20	78	Picture	response185	7554133	10396	1	39835	1	10000	40000	incorrect	419
A_HP_20	78	Pulse	99	7572816	29079	1
A_HP_20	78	Response	2	7579345	35608	1
A_HP_20	78	Pulse	99	7592816	49079	1
A_HP_20	79	Picture	response189	7604696	10728	1	39502	1	10000	40000	hit	423
A_HP_20	79	Pulse	99	7612816	18849	1
A_HP_20	79	Response	1	7616735	22767	1
A_HP_20	79	Pulse	99	7632816	38849	1
A_HP_20	80	Pulse	99	7652816	8618	1
A_HP_20	80	Picture	response188	7654594	10396	1	39834	1	10000	40000	incorrect	428
A_HP_20	80	Pulse	99	7672817	28619	1
A_HP_20	80	Response	1	7674985	30787	1
A_HP_20	80	Pulse	99	7692817	48619	1
A_HP_20	81	Picture	response192	7704824	10395	1	39835	1	10000	40000	hit	432
A_HP_20	81	Pulse	99	7712817	18389	1
A_HP_20	81	Response	1	7714045	19617	1
A_HP_20	81	Pulse	99	7732817	38388	1
A_HP_20	82	Pulse	99	7752817	8159	1
A_HP_20	82	Picture	response190	7755054	10395	1	40196	1	10000	40000	hit	437
A_HP_20	82	Pulse	99	7772817	28159	1
A_HP_20	82	Response	1	7781046	36388	1
A_HP_20	82	Pulse	99	7792816	48158	1
A_HP_20	83	Picture	ins20	7795250	230	1	30229	1	0	30000	other	0
A_HP_20	83	Pulse	99	7812816	17796	1
A_HP_20	83	Pulse	99	7832816	37796	1
A_HP_20	83	Pulse	99	7852816	57796	1
A_HP_20	83	Pulse	99	7872816	77796	1
A_HP_20	83	Pulse	99	7892817	97797	1
A_HP_20	83	Pulse	99	7912817	117797	1
A_HP_20	83	Pulse	99	7932816	137797	1
A_HP_20	83	Pulse	99	7952817	157797	1
A_HP_20	83	Pulse	99	7972817	177797	1
A_HP_20	83	Pulse	99	7992817	197797	1
A_HP_20	83	Pulse	99	8012817	217797	1
A_HP_20	83	Pulse	99	8032817	237797	1
A_HP_20	83	Pulse	99	8052817	257797	1
A_HP_20	83	Pulse	99	8072816	277796	1
A_HP_20	83	Pulse	99	8092817	297797	1
A_HP_20	84	Response	3	8112816	7566	1
A_HP_20	84	Pulse	99	8112816	7566	1
A_HP_20	85	Picture	response154	8123443	10396	1	39834	1	10000	40000	hit	459
A_HP_20	85	Pulse	99	8132816	19769	1
A_HP_20	85	Response	1	8143585	30538	1
A_HP_20	85	Pulse	99	8152817	39770	1
A_HP_20	86	Pulse	99	8172817	9539	1
A_HP_20	86	Picture	response159	8173839	10562	1	39668	1	10000	40000	hit	463
A_HP_20	86	Response	2	8190645	27368	1
A_HP_20	86	Pulse	99	8192816	29539	1
A_HP_20	86	Pulse	99	8212817	49539	1
A_HP_20	87	Picture	response160	8223902	10395	1	39835	1	10000	40000	hit	469
A_HP_20	87	Pulse	99	8232816	19309	1
A_HP_20	87	Pulse	99	8252817	39310	1
A_HP_20	87	Response	2	8253505	39998	1
A_HP_20	88	Pulse	99	8272816	9079	1
A_HP_20	88	Picture	response158	8274133	10396	1	39834	1	10000	40000	hit	473
A_HP_20	88	Pulse	99	8292817	29080	1
A_HP_20	88	Response	2	8299155	35418	1
A_HP_20	88	Pulse	99	8312816	49079	1
A_HP_20	89	Picture	response155	8324696	10729	1	39668	1	10000	40000	hit	477
A_HP_20	89	Pulse	99	8332816	18849	1
A_HP_20	89	Response	2	8339515	25548	1
A_HP_20	89	Pulse	99	8352816	38849	1
A_HP_20	90	Pulse	99	8372816	8453	1
A_HP_20	90	Picture	response153	8374759	10395	1	39835	1	10000	40000	hit	482
A_HP_20	90	Pulse	99	8392816	28453	1
A_HP_20	90	Response	1	8399875	35511	1
A_HP_20	90	Pulse	99	8412816	48453	1
A_HP_20	91	Picture	response156	8424989	10395	1	39835	1	10000	40000	hit	486
A_HP_20	91	Pulse	99	8432816	18222	1
A_HP_20	91	Response	2	8450055	35461	1
A_HP_20	91	Pulse	99	8452815	38221	1
A_HP_20	92	Pulse	99	8472816	7992	1
A_HP_20	92	Picture	response157	8475219	10395	1	40231	1	10000	40000	hit	491
A_HP_20	92	Pulse	99	8492816	27992	1
A_HP_20	92	Response	2	8505965	41141	1
A_HP_20	92	Pulse	99	8512817	47993	1
A_HP_20	93	Picture	ins18	8515450	230	1	30229	1	0	30000	other	0
A_HP_20	93	Pulse	99	8532816	17596	1
A_HP_20	93	Pulse	99	8552817	37596	1
A_HP_20	93	Pulse	99	8572816	57596	1
A_HP_20	93	Pulse	99	8592816	77596	1
A_HP_20	93	Pulse	99	8612817	97596	1
A_HP_20	93	Pulse	99	8632816	117596	1
A_HP_20	93	Pulse	99	8652816	137596	1
A_HP_20	93	Pulse	99	8672817	157596	1
A_HP_20	93	Pulse	99	8692816	177596	1
A_HP_20	93	Pulse	99	8712816	197596	1
A_HP_20	93	Pulse	99	8732816	217596	1
A_HP_20	93	Pulse	99	8752816	237596	1
A_HP_20	93	Pulse	99	8772816	257596	1
A_HP_20	93	Pulse	99	8792816	277596	1
A_HP_20	93	Pulse	99	8812816	297596	1
A_HP_20	94	Response	3	8832816	7366	1
A_HP_20	94	Pulse	99	8832816	7366	1
A_HP_20	95	Picture	response143	8843442	10395	1	39835	1	10000	40000	hit	513
A_HP_20	95	Pulse	99	8852816	19770	1
A_HP_20	95	Response	1	8870545	37499	1
A_HP_20	95	Pulse	99	8872816	39770	1
A_HP_20	96	Pulse	99	8892816	9540	1
A_HP_20	96	Picture	response138	8893838	10562	1	39668	1	10000	40000	hit	517
A_HP_20	96	Response	1	8910775	27498	1
A_HP_20	96	Pulse	99	8912816	29539	1
A_HP_20	96	Pulse	99	8932816	49539	1
A_HP_20	97	Picture	response144	8943902	10395	1	39835	1	10000	40000	hit	523
A_HP_20	97	Pulse	99	8952816	19309	1
A_HP_20	97	Pulse	99	8972816	39309	1
A_HP_20	97	Response	1	8973504	39997	1
A_HP_20	98	Pulse	99	8992816	9079	1
A_HP_20	98	Picture	response142	8994132	10395	1	39835	1	10000	40000	hit	527
A_HP_20	98	Pulse	99	9012816	29079	1
A_HP_20	98	Response	1	9021795	38058	1
A_HP_20	98	Pulse	99	9032816	49079	1
A_HP_20	99	Picture	response139	9044695	10728	1	39668	1	10000	40000	hit	531
A_HP_20	99	Pulse	99	9052816	18849	1
A_HP_20	99	Response	1	9053554	19587	1
A_HP_20	99	Pulse	99	9072816	38849	1
A_HP_20	100	Pulse	99	9092816	8452	1
A_HP_20	100	Picture	response140	9094759	10395	1	39835	1	10000	40000	incorrect	536
A_HP_20	100	Pulse	99	9112816	28452	1
A_HP_20	100	Response	2	9113744	29381	1
A_HP_20	100	Pulse	99	9132815	48452	1
A_HP_20	101	Picture	response137	9144989	10395	1	39835	1	10000	40000	incorrect	540
A_HP_20	101	Pulse	99	9152816	18222	1
A_HP_20	101	Response	1	9162164	27571	1
A_HP_20	101	Pulse	99	9172815	38222	1
A_HP_20	102	Pulse	99	9192815	7991	1
A_HP_20	102	Picture	response141	9195219	10396	1	40231	1	10000	40000	incorrect	544
A_HP_20	102	Response	1	9210524	25700	1
A_HP_20	102	Pulse	99	9212815	27991	1
A_HP_20	102	Pulse	99	9232816	47992	1
A_HP_20	103	Picture	ins10	9235450	230	1	30229	1	0	30000	other	0
A_HP_20	103	Pulse	99	9252815	17595	1
A_HP_20	103	Pulse	99	9272814	37594	1
A_HP_20	103	Pulse	99	9292815	57595	1
A_HP_20	103	Pulse	99	9312816	77596	1
A_HP_20	103	Pulse	99	9332815	97595	1
A_HP_20	103	Pulse	99	9352816	117596	1
A_HP_20	103	Pulse	99	9372816	137596	1
A_HP_20	103	Pulse	99	9392816	157596	1
A_HP_20	103	Pulse	99	9412816	177596	1
A_HP_20	103	Pulse	99	9432815	197595	1
A_HP_20	103	Pulse	99	9452816	217596	1
A_HP_20	103	Pulse	99	9472816	237596	1
A_HP_20	103	Pulse	99	9492816	257596	1
A_HP_20	103	Pulse	99	9512816	277596	1
A_HP_20	103	Pulse	99	9532816	297596	1
A_HP_20	104	Response	3	9552816	7366	1
A_HP_20	104	Pulse	99	9552816	7366	1
A_HP_20	105	Picture	response78	9563441	10395	1	39835	1	10000	40000	hit	567
A_HP_20	105	Pulse	99	9572816	19770	1
A_HP_20	105	Response	1	9578924	25878	1
A_HP_20	105	Pulse	99	9592815	39769	1
A_HP_20	106	Pulse	99	9612816	9539	1
A_HP_20	106	Picture	response80	9613839	10562	1	39668	1	10000	40000	hit	572
A_HP_20	106	Pulse	99	9632815	29539	1
A_HP_20	106	Response	2	9635933	32657	1
A_HP_20	106	Pulse	99	9652815	49539	1
A_HP_20	107	Picture	response74	9663902	10395	1	39835	1	10000	40000	hit	576
A_HP_20	107	Pulse	99	9672815	19309	1
A_HP_20	107	Response	1	9678684	25178	1
A_HP_20	107	Pulse	99	9692815	39309	1
A_HP_20	108	Pulse	99	9712815	9078	1
A_HP_20	108	Picture	response77	9714132	10395	1	39835	1	10000	40000	hit	581
A_HP_20	108	Pulse	99	9732815	29078	1
A_HP_20	108	Response	2	9741925	38187	1
A_HP_20	108	Pulse	99	9752816	49078	1
A_HP_20	109	Picture	response76	9764696	10729	1	39502	1	10000	40000	hit	585
A_HP_20	109	Pulse	99	9772816	18848	1
A_HP_20	109	Response	1	9773334	19366	1
A_HP_20	109	Pulse	99	9792816	38848	1
A_HP_20	110	Pulse	99	9812816	8618	1
A_HP_20	110	Picture	response73	9814593	10396	1	39835	1	10000	40000	hit	590
A_HP_20	110	Pulse	99	9832815	28617	1
A_HP_20	110	Response	2	9840864	36667	1
A_HP_20	110	Pulse	99	9852816	48618	1
A_HP_20	111	Picture	response75	9864824	10396	1	39835	1	10000	40000	hit	594
A_HP_20	111	Pulse	99	9872816	18387	1
A_HP_20	111	Response	2	9875854	21426	1
A_HP_20	111	Pulse	99	9892816	38387	1
A_HP_20	112	Pulse	99	9912816	8157	1
A_HP_20	112	Picture	response79	9915054	10395	1	40195	1	10000	40000	hit	598
A_HP_20	112	Response	1	9928414	23755	1
A_HP_20	112	Pulse	99	9932815	28156	1
A_HP_20	112	Pulse	99	9952816	48157	1
A_HP_20	113	Picture	ins16	9955250	230	1	30229	1	0	30000	other	0
A_HP_20	113	Pulse	99	9972816	17796	1
A_HP_20	113	Pulse	99	9992816	37796	1
A_HP_20	113	Pulse	99	10012816	57796	1
A_HP_20	113	Pulse	99	10032816	77796	1
A_HP_20	113	Pulse	99	10052816	97796	1
A_HP_20	113	Pulse	99	10072815	117796	1
A_HP_20	113	Pulse	99	10092816	137796	1
A_HP_20	113	Pulse	99	10112815	157795	1
A_HP_20	113	Pulse	99	10132815	177796	1
A_HP_20	113	Pulse	99	10152815	197796	1
A_HP_20	113	Pulse	99	10172815	217795	1
A_HP_20	113	Pulse	99	10192815	237795	1
A_HP_20	113	Pulse	99	10212816	257796	1
A_HP_20	113	Pulse	99	10232816	277796	1
A_HP_20	113	Pulse	99	10252816	297796	1
A_HP_20	114	Response	3	10272815	7564	1
A_HP_20	114	Pulse	99	10272815	7564	1
A_HP_20	115	Picture	response123	10283441	10396	1	39835	1	10000	40000	hit	621
A_HP_20	115	Pulse	99	10292815	19769	1
A_HP_20	115	Response	2	10311724	38678	1
A_HP_20	115	Pulse	99	10312815	39769	1
A_HP_20	116	Pulse	99	10332816	9540	1
A_HP_20	116	Picture	response125	10333838	10562	1	39668	1	10000	40000	hit	625
A_HP_20	116	Response	2	10345934	22658	1
A_HP_20	116	Pulse	99	10352816	29540	1
A_HP_20	116	Pulse	99	10372815	49539	1
A_HP_20	117	Picture	response121	10383902	10396	1	39835	1	10000	40000	hit	630
A_HP_20	117	Pulse	99	10392815	19309	1
A_HP_20	117	Response	1	10405244	31738	1
A_HP_20	117	Pulse	99	10412815	39309	1
A_HP_20	118	Pulse	99	10432815	9079	1
A_HP_20	118	Picture	response126	10434132	10395	1	39835	1	10000	40000	hit	635
A_HP_20	118	Pulse	99	10452815	29079	1
A_HP_20	118	Response	2	10454914	31177	1
A_HP_20	118	Pulse	99	10472815	49079	1
A_HP_20	119	Picture	response124	10484695	10729	1	39502	1	10000	40000	hit	639
A_HP_20	119	Pulse	99	10492816	18849	1
A_HP_20	119	Response	2	10498754	24787	1
A_HP_20	119	Pulse	99	10512815	38849	1
A_HP_20	120	Pulse	99	10532816	8619	1
A_HP_20	120	Picture	response122	10534593	10396	1	39834	1	10000	40000	hit	644
A_HP_20	120	Pulse	99	10552815	28618	1
A_HP_20	120	Response	1	10555994	31797	1
A_HP_20	120	Pulse	99	10572815	48618	1
A_HP_20	121	Picture	response128	10584823	10396	1	39835	1	10000	40000	hit	648
A_HP_20	121	Pulse	99	10592815	18388	1
A_HP_20	121	Response	2	10602844	28416	1
A_HP_20	121	Pulse	99	10612815	38388	1
A_HP_20	122	Pulse	99	10632815	8157	1
A_HP_20	122	Picture	response127	10635053	10395	1	39835	1	10000	40000	hit	653
A_HP_20	122	Pulse	99	10652815	28157	1
A_HP_20	122	Response	2	10670254	45596	1
A_HP_20	122	Pulse	99	10672815	48157	1
A_HP_20	123	Picture	thanks	10674889	0	1	10229	1	0	10000	other	0
A_HP_20	123	Pulse	99	10692815	17927	1


Event Type	Code	Type	Response	RT	RT Uncertainty	Time	Uncertainty	Duration	Uncertainty	ReqTime	ReqDur

Picture	ready	other				1973164	1	10229	1	0	10000
Picture	ins14	other				2033755	1	30230	1	0	30000
Picture	response111	hit	1	15186	2	2363691	1	39668	1	10000	40000
Picture	response107	hit	1	13193	2	2413755	1	39834	1	10000	40000
Picture	response112	hit	2	15343	2	2463984	1	39835	1	10000	40000
Picture	response108	hit	2	19892	2	2514215	1	39835	1	10000	40000
Picture	response109	hit	1	8911	2	2564446	1	39834	1	10000	40000
Picture	response106	hit	1	5115	2	2614842	1	39668	1	10000	40000
Picture	response105	hit	2	11082	2	2664906	1	39835	1	10000	40000
Picture	response110	hit	2	8561	2	2715136	1	40218	1	10000	40000
Picture	ins2	other				2755354	1	30229	1	0	30000
Picture	response11	hit	2	22146	2	3083691	1	39668	1	10000	40000
Picture	response14	hit	1	23162	2	3133755	1	39834	1	10000	40000
Picture	response13	hit	2	30822	2	3183985	1	39835	1	10000	40000
Picture	response16	hit	2	19902	2	3234215	1	39835	1	10000	40000
Picture	response15	incorrect	1	18022	2	3284445	1	39835	1	10000	40000
Picture	response12	hit	1	7736	2	3334842	1	39668	1	10000	40000
Picture	response9	hit	1	22823	2	3384905	1	39835	1	10000	40000
Picture	response10	hit	1	7312	2	3435135	1	40217	1	10000	40000
Picture	ins4	other				3475352	1	30229	1	0	30000
Picture	response31	hit	1	11973	2	3803444	1	39835	1	10000	40000
Picture	response27	hit	1	7636	2	3853841	1	39667	1	10000	40000
Picture	response29	hit	1	8023	2	3903904	1	39835	1	10000	40000
Picture	response32	hit	2	10333	2	3954134	1	39835	1	10000	40000
Picture	response26	hit	2	15287	2	4004531	1	39835	1	10000	40000
Picture	response25	hit	2	10797	2	4054761	1	39835	1	10000	40000
Picture	response30	hit	1	6636	2	4104991	1	39835	1	10000	40000
Picture	response28	hit	1	8086	2	4155221	1	40232	1	10000	40000
Picture	ins8	other				4195453	1	30229	1	0	30000
Picture	response59	hit	1	14906	2	4523691	1	39668	1	10000	40000
Picture	response57	hit	1	23583	2	4573753	1	39835	1	10000	40000
Picture	response58	hit	1	9327	2	4623983	1	39836	1	10000	40000
Picture	response64	hit	2	16562	2	4674215	1	39835	1	10000	40000
Picture	response60	hit	2	11481	2	4724446	1	39835	1	10000	40000
Picture	response63	hit	1	9075	2	4774842	1	39668	1	10000	40000
Picture	response62	hit	2	14361	2	4824906	1	39834	1	10000	40000
Picture	response61	hit	2	16761	2	4875136	1	40217	1	10000	40000
Picture	ins12	other				4915352	1	30229	1	0	30000
Picture	response96	hit	2	25463	2	5243443	1	39835	1	10000	40000
Picture	response89	hit	2	24005	2	5293840	1	39668	1	10000	40000
Picture	response93	hit	1	20043	2	5343904	1	39835	1	10000	40000
Picture	response90	hit	1	13152	2	5394134	1	39835	1	10000	40000
Picture	response92	incorrect	2	19399	2	5444698	1	39668	1	10000	40000
Picture	response95	hit	1	27655	2	5494761	1	39835	1	10000	40000
Picture	response91	incorrect	1	24176	2	5544991	1	39835	1	10000	40000
Picture	response94	hit	2	27765	2	5595221	1	40230	1	10000	40000
Picture	ins22	other				5635451	1	30229	1	0	30000
Picture	response172	hit	2	19373	2	5963443	1	39835	1	10000	40000
Picture	response169	hit	2	14196	2	6013840	1	39668	1	10000	40000
Picture	response170	hit	2	26523	2	6063904	1	39835	1	10000	40000
Picture	response174	hit	2	19721	2	6114134	1	39834	1	10000	40000
Picture	response175	hit	2	16538	2	6164698	1	39668	1	10000	40000
Picture	response173	hit	1	20865	2	6214761	1	39834	1	10000	40000
Picture	response171	hit	1	21515	2	6264991	1	39835	1	10000	40000
Picture	response176	hit	1	30615	2	6315221	1	40230	1	10000	40000
Picture	ins6	other				6355451	1	30230	1	0	30000
Picture	response44	hit	2	12553	2	6683442	1	39835	1	10000	40000
Picture	response46	hit	2	25766	2	6733840	1	39668	1	10000	40000
Picture	response45	hit	1	6002	2	6783903	1	39835	1	10000	40000
Picture	response41	hit	2	19241	2	6834133	1	39835	1	10000	40000
Picture	response42	hit	1	5618	2	6884697	1	39501	1	10000	40000
Picture	response43	hit	1	5802	2	6934594	1	39834	1	10000	40000
Picture	response47	hit	1	5802	2	6984824	1	39835	1	10000	40000
Picture	response48	hit	1	6351	2	7035055	1	40196	1	10000	40000
Picture	ins24	other				7075251	1	30230	1	0	30000
Picture	response186	hit	2	24143	2	7403442	1	39835	1	10000	40000
Picture	response187	hit	2	21565	2	7453839	1	39668	1	10000	40000
Picture	response191	incorrect	2	22002	2	7503903	1	39834	1	10000	40000
Picture	response185	incorrect	2	25212	2	7554133	1	39835	1	10000	40000
Picture	response189	hit	1	12039	2	7604696	1	39502	1	10000	40000
Picture	response188	incorrect	1	20392	2	7654594	1	39834	1	10000	40000
Picture	response192	hit	1	9221	2	7704824	1	39835	1	10000	40000
Picture	response190	hit	1	25992	2	7755054	1	40196	1	10000	40000
Picture	ins20	other				7795250	1	30229	1	0	30000
Picture	response154	hit	1	20143	2	8123443	1	39834	1	10000	40000
Picture	response159	hit	2	16806	2	8173839	1	39668	1	10000	40000
Picture	response160	hit	2	29602	2	8223902	1	39835	1	10000	40000
Picture	response158	hit	2	25022	2	8274133	1	39834	1	10000	40000
Picture	response155	hit	2	14819	2	8324696	1	39668	1	10000	40000
Picture	response153	hit	1	25116	2	8374759	1	39835	1	10000	40000
Picture	response156	hit	2	25066	2	8424989	1	39835	1	10000	40000
Picture	response157	hit	2	30746	2	8475219	1	40231	1	10000	40000
Picture	ins18	other				8515450	1	30229	1	0	30000
Picture	response143	hit	1	27103	2	8843442	1	39835	1	10000	40000
Picture	response138	hit	1	16936	2	8893838	1	39668	1	10000	40000
Picture	response144	hit	1	29602	2	8943902	1	39835	1	10000	40000
Picture	response142	hit	1	27663	2	8994132	1	39835	1	10000	40000
Picture	response139	hit	1	8859	2	9044695	1	39668	1	10000	40000
Picture	response140	incorrect	2	18985	2	9094759	1	39835	1	10000	40000
Picture	response137	incorrect	1	17175	2	9144989	1	39835	1	10000	40000
Picture	response141	incorrect	1	15305	2	9195219	1	40231	1	10000	40000
Picture	ins10	other				9235450	1	30229	1	0	30000
Picture	response78	hit	1	15482	2	9563441	1	39835	1	10000	40000
Picture	response80	hit	2	22095	2	9613839	1	39668	1	10000	40000
Picture	response74	hit	1	14782	2	9663902	1	39835	1	10000	40000
Picture	response77	hit	2	27792	2	9714132	1	39835	1	10000	40000
Picture	response76	hit	1	8638	2	9764696	1	39502	1	10000	40000
Picture	response73	hit	2	26271	2	9814593	1	39835	1	10000	40000
Picture	response75	hit	2	11030	2	9864824	1	39835	1	10000	40000
Picture	response79	hit	1	13360	2	9915054	1	40195	1	10000	40000
Picture	ins16	other				9955250	1	30229	1	0	30000
Picture	response123	hit	2	28283	2	10283441	1	39835	1	10000	40000
Picture	response125	hit	2	12096	2	10333838	1	39668	1	10000	40000
Picture	response121	hit	1	21342	2	10383902	1	39835	1	10000	40000
Picture	response126	hit	2	20782	2	10434132	1	39835	1	10000	40000
Picture	response124	hit	2	14059	2	10484695	1	39502	1	10000	40000
Picture	response122	hit	1	21400	2	10534593	1	39834	1	10000	40000
Picture	response128	hit	2	18021	2	10584823	1	39835	1	10000	40000
Picture	response127	hit	2	35201	2	10635053	1	39835	1	10000	40000
Picture	thanks	other				10674889	1	10229	1	0	10000


{
   "app": "Presentation Version 21.0 Build 06.06.19",
   "device": "LENOVO 20KHCTO1WW",
   "experiment": "{A2FC4E2A-B401-4E65-9CA9-5B09E294C871}",
   "os": "Windows 10 64 bit",
   "package": "",
   "parameters": {
      "configuration": "Default configuration"
   },
   "scenario": "Dimension experiment(2).sce",
   "subject": "A_HP_20",
   "timestamp": "2019/10/17 03:42:36 GMT"
}
