Scenario - 
Logfile written - 09/27/2019 15:16:11

Subject	Trial	Event Type	Code	Time	TTime	Uncertainty	Duration	Uncertainty	ReqTime	ReqDur	Stim Type	Pair Index

A_HP_17	1	Response	3	220166	219499	1
A_HP_17	1	Pulse	99	220166	219499	1
A_HP_17	2	Picture	ready	220397	0	1	10229	1	0	10000	other	0
A_HP_17	2	Pulse	99	240085	19688	1
A_HP_17	2	Pulse	99	260166	39768	1
A_HP_17	2	Pulse	99	280165	59768	1
A_HP_17	3	Picture	ins20	280958	232	1	30229	1	0	30000	other	0
A_HP_17	3	Pulse	99	300087	19361	1
A_HP_17	3	Pulse	99	320166	39440	1
A_HP_17	3	Pulse	99	340165	59439	1
A_HP_17	3	Pulse	99	360086	79360	1
A_HP_17	3	Pulse	99	380086	99360	1
A_HP_17	3	Pulse	99	400166	119440	1
A_HP_17	3	Pulse	99	420086	139360	1
A_HP_17	3	Pulse	99	440085	159360	1
A_HP_17	3	Pulse	99	460166	179440	1
A_HP_17	3	Pulse	99	480086	199360	1
A_HP_17	3	Pulse	99	500086	219360	1
A_HP_17	3	Pulse	99	520166	239440	1
A_HP_17	3	Pulse	99	540086	259360	1
A_HP_17	3	Pulse	99	560086	279360	1
A_HP_17	3	Pulse	99	580166	299440	1
A_HP_17	4	Response	3	600086	9129	1
A_HP_17	4	Pulse	99	600086	9129	1
A_HP_17	5	Picture	response160	610712	10396	1	39835	1	10000	40000	hit	28
A_HP_17	5	Pulse	99	620086	19769	1
A_HP_17	5	Pulse	99	640166	39850	1
A_HP_17	5	Response	2	644254	43938	1
A_HP_17	6	Pulse	99	660086	9540	1
A_HP_17	6	Picture	response157	660942	10396	1	39835	1	10000	40000	hit	32
A_HP_17	6	Pulse	99	680086	29539	1
A_HP_17	6	Response	2	689505	38958	1
A_HP_17	6	Pulse	99	700166	49619	1
A_HP_17	7	Picture	response153	711173	10396	1	39835	1	10000	40000	hit	36
A_HP_17	7	Pulse	99	720086	19309	1
A_HP_17	7	Response	1	736725	35948	1
A_HP_17	7	Pulse	99	740087	39309	1
A_HP_17	8	Pulse	99	760166	9159	1
A_HP_17	8	Picture	response158	761403	10395	1	39836	1	10000	40000	hit	41
A_HP_17	8	Pulse	99	780086	29079	1
A_HP_17	8	Response	2	785335	34327	1
A_HP_17	8	Pulse	99	800086	49078	1
A_HP_17	9	Picture	response155	811801	10562	1	39668	1	10000	40000	hit	45
A_HP_17	9	Pulse	99	820166	18927	1
A_HP_17	9	Response	2	834535	33296	1
A_HP_17	9	Pulse	99	840086	38847	1
A_HP_17	10	Pulse	99	860086	8617	1
A_HP_17	10	Picture	response156	861865	10396	1	39835	1	10000	40000	hit	50
A_HP_17	10	Pulse	99	880086	28617	1
A_HP_17	10	Response	2	896955	45486	1
A_HP_17	10	Pulse	99	900086	48617	1
A_HP_17	11	Picture	response154	912095	10395	1	39835	1	10000	40000	hit	54
A_HP_17	11	Pulse	99	920086	18387	1
A_HP_17	11	Response	1	936155	34456	1
A_HP_17	11	Pulse	99	940085	38386	1
A_HP_17	12	Pulse	99	960167	8237	1
A_HP_17	12	Picture	response159	962325	10396	1	40232	1	10000	40000	hit	59
A_HP_17	12	Pulse	99	980086	28157	1
A_HP_17	12	Response	2	984675	32745	1
A_HP_17	12	Pulse	99	1000086	48157	1
A_HP_17	13	Picture	ins24	1002557	230	1	30229	1	0	30000	other	0
A_HP_17	13	Pulse	99	1020167	17839	1
A_HP_17	13	Pulse	99	1040086	37759	1
A_HP_17	13	Pulse	99	1060087	57759	1
A_HP_17	13	Pulse	99	1080167	77839	1
A_HP_17	13	Pulse	99	1100087	97759	1
A_HP_17	13	Pulse	99	1120087	117759	1
A_HP_17	13	Pulse	99	1140167	137839	1
A_HP_17	13	Pulse	99	1160087	157759	1
A_HP_17	13	Pulse	99	1180087	177759	1
A_HP_17	13	Pulse	99	1200167	197840	1
A_HP_17	13	Pulse	99	1220087	217760	1
A_HP_17	13	Pulse	99	1240087	237760	1
A_HP_17	13	Pulse	99	1260167	257839	1
A_HP_17	13	Pulse	99	1280087	277760	1
A_HP_17	13	Pulse	99	1300087	297759	1
A_HP_17	14	Response	3	1320167	7609	1
A_HP_17	14	Pulse	99	1320167	7609	1
A_HP_17	15	Picture	response189	1330959	10562	1	39668	1	10000	40000	incorrect	81
A_HP_17	15	Pulse	99	1340087	19690	1
A_HP_17	15	Response	2	1359716	39319	1
A_HP_17	15	Pulse	99	1360086	39689	1
A_HP_17	16	Pulse	99	1380087	9460	1
A_HP_17	16	Picture	response186	1381023	10395	1	39835	1	10000	40000	hit	86
A_HP_17	16	Pulse	99	1400087	29460	1
A_HP_17	16	Response	2	1408896	38269	1
A_HP_17	16	Pulse	99	1420087	49460	1
A_HP_17	17	Picture	response187	1431253	10396	1	39835	1	10000	40000	hit	90
A_HP_17	17	Pulse	99	1440087	19229	1
A_HP_17	17	Response	2	1448366	27508	1
A_HP_17	17	Pulse	99	1460087	39229	1
A_HP_17	18	Pulse	99	1480088	8999	1
A_HP_17	18	Picture	response191	1481651	10562	1	39668	1	10000	40000	hit	95
A_HP_17	18	Pulse	99	1500088	28999	1
A_HP_17	18	Response	1	1502335	31247	1
A_HP_17	18	Pulse	99	1520087	48999	1
A_HP_17	19	Picture	response192	1531714	10395	1	39835	1	10000	40000	incorrect	99
A_HP_17	19	Pulse	99	1540087	18769	1
A_HP_17	19	Response	2	1556816	35498	1
A_HP_17	19	Pulse	99	1560087	38768	1
A_HP_17	20	Pulse	99	1580088	8539	1
A_HP_17	20	Picture	response185	1581945	10396	1	39835	1	10000	40000	hit	103
A_HP_17	20	Response	1	1599826	28277	1
A_HP_17	20	Pulse	99	1600087	28538	1
A_HP_17	20	Pulse	99	1620087	48538	1
A_HP_17	21	Picture	response188	1632175	10396	1	39835	1	10000	40000	hit	108
A_HP_17	21	Pulse	99	1640088	18308	1
A_HP_17	21	Response	2	1655516	33737	1
A_HP_17	21	Pulse	99	1660087	38307	1
A_HP_17	22	Pulse	99	1680088	8078	1
A_HP_17	22	Picture	response190	1682406	10396	1	40420	1	10000	40000	hit	113
A_HP_17	22	Pulse	99	1700168	28158	1
A_HP_17	22	Response	1	1708126	36116	1
A_HP_17	22	Pulse	99	1720087	48078	1
A_HP_17	23	Picture	ins14	1722825	397	1	30229	1	0	30000	other	0
A_HP_17	23	Pulse	99	1740088	17659	1
A_HP_17	23	Pulse	99	1760168	37739	1
A_HP_17	23	Pulse	99	1780088	57659	1
A_HP_17	23	Pulse	99	1800088	77659	1
A_HP_17	23	Pulse	99	1820168	97739	1
A_HP_17	23	Pulse	99	1840088	117659	1
A_HP_17	23	Pulse	99	1860088	137659	1
A_HP_17	23	Pulse	99	1880168	157739	1
A_HP_17	23	Pulse	99	1900088	177659	1
A_HP_17	23	Pulse	99	1920088	197659	1
A_HP_17	23	Pulse	99	1940088	217660	1
A_HP_17	23	Pulse	99	1960088	237659	1
A_HP_17	23	Pulse	99	1980088	257659	1
A_HP_17	23	Pulse	99	2000088	277659	1
A_HP_17	23	Pulse	99	2020088	297659	1
A_HP_17	24	Response	3	2040088	7263	1
A_HP_17	24	Pulse	99	2040088	7263	1
A_HP_17	25	Picture	response107	2050714	10396	1	39835	1	10000	40000	hit	136
A_HP_17	25	Pulse	99	2060088	19770	1
A_HP_17	25	Pulse	99	2080088	39770	1
A_HP_17	25	Response	1	2089847	49528	1
A_HP_17	26	Pulse	99	2100088	9539	1
A_HP_17	26	Picture	response109	2100945	10396	1	39834	1	10000	40000	hit	139
A_HP_17	26	Response	1	2118287	27738	1
A_HP_17	26	Pulse	99	2120087	29539	1
A_HP_17	26	Pulse	99	2140088	49539	1
A_HP_17	27	Picture	response108	2151174	10396	1	39835	1	10000	40000	hit	144
A_HP_17	27	Pulse	99	2160088	19310	1
A_HP_17	27	Response	2	2179677	38898	1
A_HP_17	27	Pulse	99	2180087	39309	1
A_HP_17	28	Pulse	99	2200088	9079	1
A_HP_17	28	Picture	response111	2201404	10395	1	39835	1	10000	40000	hit	149
A_HP_17	28	Pulse	99	2220088	29079	1
A_HP_17	28	Response	1	2222466	31457	1
A_HP_17	28	Pulse	99	2240088	49079	1
A_HP_17	29	Picture	response110	2251802	10562	1	39668	1	10000	40000	hit	153
A_HP_17	29	Pulse	99	2260088	18848	1
A_HP_17	29	Response	2	2267977	26737	1
A_HP_17	29	Pulse	99	2280089	38849	1
A_HP_17	30	Pulse	99	2300089	8618	1
A_HP_17	30	Picture	response106	2301866	10396	1	39835	1	10000	40000	hit	157
A_HP_17	30	Response	1	2312277	20807	1
A_HP_17	30	Pulse	99	2320088	28618	1
A_HP_17	30	Pulse	99	2340089	48618	1
A_HP_17	31	Picture	response112	2352097	10396	1	39835	1	10000	40000	hit	163
A_HP_17	31	Pulse	99	2360089	18387	1
A_HP_17	31	Pulse	99	2380088	38387	1
A_HP_17	31	Response	2	2382156	40455	1
A_HP_17	32	Pulse	99	2400089	8157	1
A_HP_17	32	Picture	response105	2402327	10395	1	40232	1	10000	40000	hit	167
A_HP_17	32	Pulse	99	2420089	28157	1
A_HP_17	32	Response	2	2420676	28744	1
A_HP_17	32	Pulse	99	2440088	48157	1
A_HP_17	33	Picture	ins2	2442559	230	1	30229	1	0	30000	other	0
A_HP_17	33	Pulse	99	2460088	17760	1
A_HP_17	33	Pulse	99	2480088	37760	1
A_HP_17	33	Pulse	99	2500088	57760	1
A_HP_17	33	Pulse	99	2520092	77763	1
A_HP_17	33	Pulse	99	2540089	97760	1
A_HP_17	33	Pulse	99	2560089	117760	1
A_HP_17	33	Pulse	99	2580089	137760	1
A_HP_17	33	Pulse	99	2600089	157760	1
A_HP_17	33	Pulse	99	2620089	177760	1
A_HP_17	33	Pulse	99	2640089	197760	1
A_HP_17	33	Pulse	99	2660090	217761	1
A_HP_17	33	Pulse	99	2680089	237760	1
A_HP_17	33	Pulse	99	2700089	257760	1
A_HP_17	33	Pulse	99	2720089	277760	1
A_HP_17	33	Pulse	99	2740089	297760	1
A_HP_17	34	Response	3	2760089	7530	1
A_HP_17	34	Pulse	99	2760089	7530	1
A_HP_17	35	Picture	response15	2770716	10396	1	39835	1	10000	40000	hit	189
A_HP_17	35	Pulse	99	2780089	19769	1
A_HP_17	35	Response	2	2794188	33868	1
A_HP_17	35	Pulse	99	2800089	39769	1
A_HP_17	36	Pulse	99	2820089	9539	1
A_HP_17	36	Picture	response12	2820946	10395	1	39835	1	10000	40000	hit	193
A_HP_17	36	Response	1	2832118	21568	1
A_HP_17	36	Pulse	99	2840089	29539	1
A_HP_17	36	Pulse	99	2860089	49539	1
A_HP_17	37	Picture	response13	2871176	10396	1	39835	1	10000	40000	hit	198
A_HP_17	37	Pulse	99	2880088	19308	1
A_HP_17	37	Response	2	2884068	23287	1
A_HP_17	37	Pulse	99	2900089	39309	1
A_HP_17	38	Pulse	99	2920090	9078	1
A_HP_17	38	Picture	response10	2921407	10395	1	39835	1	10000	40000	hit	202
A_HP_17	38	Response	1	2935318	24306	1
A_HP_17	38	Pulse	99	2940089	29077	1
A_HP_17	38	Pulse	99	2960089	49078	1
A_HP_17	39	Picture	response11	2971804	10562	1	39668	1	10000	40000	hit	207
A_HP_17	39	Pulse	99	2980089	18847	1
A_HP_17	39	Response	2	2991048	29806	1
A_HP_17	39	Pulse	99	3000089	38847	1
A_HP_17	40	Pulse	99	3020089	8617	1
A_HP_17	40	Picture	response16	3021868	10396	1	39834	1	10000	40000	hit	212
A_HP_17	40	Pulse	99	3040089	28617	1
A_HP_17	40	Response	2	3043317	31845	1
A_HP_17	40	Pulse	99	3060090	48617	1
A_HP_17	41	Picture	response14	3072098	10396	1	39835	1	10000	40000	hit	216
A_HP_17	41	Pulse	99	3080090	18387	1
A_HP_17	41	Response	1	3088998	27296	1
A_HP_17	41	Pulse	99	3100089	38387	1
A_HP_17	42	Pulse	99	3120090	8157	1
A_HP_17	42	Picture	response9	3122328	10396	1	40232	1	10000	40000	hit	220
A_HP_17	42	Response	1	3138248	26316	1
A_HP_17	42	Pulse	99	3140089	28156	1
A_HP_17	42	Pulse	99	3160090	48157	1
A_HP_17	43	Picture	ins18	3162560	230	1	30230	1	0	30000	other	0
A_HP_17	43	Pulse	99	3180090	17760	1
A_HP_17	43	Pulse	99	3200090	37759	1
A_HP_17	43	Pulse	99	3220090	57759	1
A_HP_17	43	Pulse	99	3240090	77759	1
A_HP_17	43	Pulse	99	3260090	97760	1
A_HP_17	43	Pulse	99	3280090	117759	1
A_HP_17	43	Pulse	99	3300090	137759	1
A_HP_17	43	Pulse	99	3320090	157760	1
A_HP_17	43	Pulse	99	3340090	177759	1
A_HP_17	43	Pulse	99	3360090	197759	1
A_HP_17	43	Pulse	99	3380090	217760	1
A_HP_17	43	Pulse	99	3400092	237761	1
A_HP_17	43	Pulse	99	3420090	257760	1
A_HP_17	43	Pulse	99	3440090	277760	1
A_HP_17	43	Pulse	99	3460090	297759	1
A_HP_17	44	Response	3	3480090	7529	1
A_HP_17	44	Pulse	99	3480090	7529	1
A_HP_17	45	Picture	response143	3490716	10395	1	39835	1	10000	40000	hit	243
A_HP_17	45	Pulse	99	3500090	19769	1
A_HP_17	45	Response	1	3516789	36468	1
A_HP_17	45	Pulse	99	3520089	39768	1
A_HP_17	46	Pulse	99	3540090	9539	1
A_HP_17	46	Picture	response140	3540947	10396	1	39835	1	10000	40000	incorrect	248
A_HP_17	46	Pulse	99	3560090	29539	1
A_HP_17	46	Response	2	3564678	34127	1
A_HP_17	46	Pulse	99	3580090	49539	1
A_HP_17	47	Picture	response137	3591177	10396	1	39835	1	10000	40000	hit	252
A_HP_17	47	Pulse	99	3600090	19309	1
A_HP_17	47	Response	2	3619109	38328	1
A_HP_17	47	Pulse	99	3620090	39308	1
A_HP_17	48	Pulse	99	3640090	9078	1
A_HP_17	48	Picture	response141	3641408	10396	1	39835	1	10000	40000	hit	257
A_HP_17	48	Pulse	99	3660090	29078	1
A_HP_17	48	Response	2	3667549	36537	1
A_HP_17	48	Pulse	99	3680090	49078	1
A_HP_17	49	Picture	response144	3691804	10562	1	39668	1	10000	40000	incorrect	262
A_HP_17	49	Pulse	99	3700091	18848	1
A_HP_17	49	Pulse	99	3720090	38848	1
A_HP_17	49	Response	2	3721858	40616	1
A_HP_17	50	Pulse	99	3740091	8618	1
A_HP_17	50	Picture	response138	3741868	10395	1	39835	1	10000	40000	hit	266
A_HP_17	50	Pulse	99	3760091	28618	1
A_HP_17	50	Response	1	3761979	30507	1
A_HP_17	50	Pulse	99	3780091	48618	1
A_HP_17	51	Picture	response142	3792098	10395	1	39835	1	10000	40000	hit	270
A_HP_17	51	Pulse	99	3800091	18388	1
A_HP_17	51	Response	1	3808529	26827	1
A_HP_17	51	Pulse	99	3820090	38388	1
A_HP_17	52	Pulse	99	3840091	8158	1
A_HP_17	52	Picture	response139	3842329	10396	1	40233	1	10000	40000	hit	274
A_HP_17	52	Response	1	3858590	26657	1
A_HP_17	52	Pulse	99	3860090	28157	1
A_HP_17	52	Pulse	99	3880091	48158	1
A_HP_17	53	Picture	ins10	3882562	230	1	30229	1	0	30000	other	0
A_HP_17	53	Pulse	99	3900091	17759	1
A_HP_17	53	Pulse	99	3920091	37759	1
A_HP_17	53	Pulse	99	3940091	57759	1
A_HP_17	53	Pulse	99	3960091	77759	1
A_HP_17	53	Pulse	99	3980091	97759	1
A_HP_17	53	Pulse	99	4000091	117759	1
A_HP_17	53	Pulse	99	4020091	137760	1
A_HP_17	53	Pulse	99	4040091	157759	1
A_HP_17	53	Pulse	99	4060091	177759	1
A_HP_17	53	Pulse	99	4080091	197759	1
A_HP_17	53	Pulse	99	4100091	217759	1
A_HP_17	53	Pulse	99	4120091	237759	1
A_HP_17	53	Pulse	99	4140091	257759	1
A_HP_17	53	Pulse	99	4160091	277759	1
A_HP_17	53	Pulse	99	4180091	297759	1
A_HP_17	54	Response	3	4200091	7529	1
A_HP_17	54	Pulse	99	4200091	7529	1
A_HP_17	55	Picture	response73	4210717	10395	1	39835	1	10000	40000	hit	297
A_HP_17	55	Pulse	99	4220091	19769	1
A_HP_17	55	Response	2	4232020	31698	1
A_HP_17	55	Pulse	99	4240090	39769	1
A_HP_17	56	Pulse	99	4260091	9540	1
A_HP_17	56	Picture	response78	4260947	10396	1	39834	1	10000	40000	hit	302
A_HP_17	56	Pulse	99	4280091	29539	1
A_HP_17	56	Response	1	4292160	41608	1
A_HP_17	56	Pulse	99	4300090	49539	1
A_HP_17	57	Picture	response74	4311178	10396	1	39835	1	10000	40000	hit	307
A_HP_17	57	Pulse	99	4320091	19309	1
A_HP_17	57	Pulse	99	4340091	39309	1
A_HP_17	57	Response	1	4340179	39397	1
A_HP_17	58	Pulse	99	4360091	9078	1
A_HP_17	58	Picture	response79	4361408	10396	1	39835	1	10000	40000	hit	310
A_HP_17	58	Response	1	4375660	24647	1
A_HP_17	58	Pulse	99	4380091	29078	1
A_HP_17	58	Pulse	99	4400092	49079	1
A_HP_17	59	Picture	response76	4411805	10562	1	39668	1	10000	40000	hit	315
A_HP_17	59	Pulse	99	4420091	18848	1
A_HP_17	59	Response	1	4427840	26597	1
A_HP_17	59	Pulse	99	4440091	38848	1
A_HP_17	60	Pulse	99	4460091	8618	1
A_HP_17	60	Picture	response80	4461869	10396	1	39835	1	10000	40000	hit	320
A_HP_17	60	Pulse	99	4480091	28618	1
A_HP_17	60	Response	2	4481929	30456	1
A_HP_17	60	Pulse	99	4500091	48618	1
A_HP_17	61	Picture	response75	4512100	10396	1	39835	1	10000	40000	hit	324
A_HP_17	61	Pulse	99	4520091	18387	1
A_HP_17	61	Response	2	4536670	34966	1
A_HP_17	61	Pulse	99	4540091	38386	1
A_HP_17	62	Pulse	99	4560091	8156	1
A_HP_17	62	Picture	response77	4562331	10395	1	40231	1	10000	40000	hit	329
A_HP_17	62	Pulse	99	4580092	28157	1
A_HP_17	62	Response	2	4593560	41625	1
A_HP_17	62	Pulse	99	4600091	48156	1
A_HP_17	63	Picture	ins16	4602562	230	1	30229	1	0	30000	other	0
A_HP_17	63	Pulse	99	4620092	17759	1
A_HP_17	63	Pulse	99	4640091	37759	1
A_HP_17	63	Pulse	99	4660092	57760	1
A_HP_17	63	Pulse	99	4680095	77763	1
A_HP_17	63	Pulse	99	4700092	97759	1
A_HP_17	63	Pulse	99	4720092	117760	1
A_HP_17	63	Pulse	99	4740092	137760	1
A_HP_17	63	Pulse	99	4760092	157760	1
A_HP_17	63	Pulse	99	4780092	177760	1
A_HP_17	63	Pulse	99	4800092	197760	1
A_HP_17	63	Pulse	99	4820092	217760	1
A_HP_17	63	Pulse	99	4840092	237760	1
A_HP_17	63	Pulse	99	4860092	257760	1
A_HP_17	63	Pulse	99	4880092	277760	1
A_HP_17	63	Pulse	99	4900092	297760	1
A_HP_17	64	Response	3	4920092	7530	1
A_HP_17	64	Pulse	99	4920092	7530	1
A_HP_17	65	Picture	response126	4930718	10396	1	39835	1	10000	40000	hit	352
A_HP_17	65	Pulse	99	4940092	19769	1
A_HP_17	65	Pulse	99	4960092	39769	1
A_HP_17	65	Response	2	4960280	39958	1
A_HP_17	66	Pulse	99	4980093	9539	1
A_HP_17	66	Picture	response128	4980949	10396	1	39835	1	10000	40000	hit	356
A_HP_17	66	Pulse	99	5000092	29539	1
A_HP_17	66	Response	2	5003510	32957	1
A_HP_17	66	Pulse	99	5020092	49539	1
A_HP_17	67	Picture	response122	5031179	10396	1	39835	1	10000	40000	hit	361
A_HP_17	67	Pulse	99	5040093	19310	1
A_HP_17	67	Pulse	99	5060092	39308	1
A_HP_17	67	Response	1	5064951	44167	1
A_HP_17	68	Pulse	99	5080092	9078	1
A_HP_17	68	Picture	response127	5081409	10395	1	39836	1	10000	40000	incorrect	365
A_HP_17	68	Pulse	99	5100092	29078	1
A_HP_17	68	Response	1	5114411	43397	1
A_HP_17	68	Pulse	99	5120092	49078	1
A_HP_17	69	Picture	response123	5131807	10562	1	39668	1	10000	40000	hit	369
A_HP_17	69	Pulse	99	5140093	18848	1
A_HP_17	69	Response	2	5158401	37156	1
A_HP_17	69	Pulse	99	5160092	38847	1
A_HP_17	70	Pulse	99	5180093	8617	1
A_HP_17	70	Picture	response124	5181871	10396	1	39834	1	10000	40000	hit	374
A_HP_17	70	Pulse	99	5200093	28617	1
A_HP_17	70	Response	2	5203031	31556	1
A_HP_17	70	Pulse	99	5220092	48617	1
A_HP_17	71	Picture	response125	5232101	10396	1	39835	1	10000	40000	hit	378
A_HP_17	71	Pulse	99	5240093	18387	1
A_HP_17	71	Response	2	5247472	25766	1
A_HP_17	71	Pulse	99	5260093	38387	1
A_HP_17	72	Pulse	99	5280093	8157	1
A_HP_17	72	Picture	response121	5282331	10395	1	40232	1	10000	40000	hit	382
A_HP_17	72	Response	1	5298822	26885	1
A_HP_17	72	Pulse	99	5300092	28156	1
A_HP_17	72	Pulse	99	5320093	48157	1
A_HP_17	73	Picture	ins6	5322564	230	1	30229	1	0	30000	other	0
A_HP_17	73	Pulse	99	5340093	17759	1
A_HP_17	73	Pulse	99	5360095	37761	1
A_HP_17	73	Pulse	99	5380093	57759	1
A_HP_17	73	Pulse	99	5400093	77759	1
A_HP_17	73	Pulse	99	5420093	97759	1
A_HP_17	73	Pulse	99	5440093	117759	1
A_HP_17	73	Pulse	99	5460093	137759	1
A_HP_17	73	Pulse	99	5480093	157759	1
A_HP_17	73	Pulse	99	5500093	177759	1
A_HP_17	73	Pulse	99	5520093	197759	1
A_HP_17	73	Pulse	99	5540093	217759	1
A_HP_17	73	Pulse	99	5560093	237760	1
A_HP_17	73	Pulse	99	5580093	257760	1
A_HP_17	73	Pulse	99	5600093	277760	1
A_HP_17	73	Pulse	99	5620093	297760	1
A_HP_17	74	Response	3	5640093	7529	1
A_HP_17	74	Pulse	99	5640093	7529	1
A_HP_17	75	Picture	response41	5650719	10396	1	39835	1	10000	40000	hit	405
A_HP_17	75	Pulse	99	5660093	19770	1
A_HP_17	75	Response	2	5662161	21837	1
A_HP_17	75	Pulse	99	5680093	39770	1
A_HP_17	76	Pulse	99	5700094	9540	1
A_HP_17	76	Picture	response44	5700950	10396	1	39835	1	10000	40000	hit	409
A_HP_17	76	Response	2	5715442	24888	1
A_HP_17	76	Pulse	99	5720093	29539	1
A_HP_17	76	Pulse	99	5740093	49539	1
A_HP_17	77	Picture	response43	5751180	10395	1	39835	1	10000	40000	hit	413
A_HP_17	77	Response	1	5759402	18618	1
A_HP_17	77	Pulse	99	5760093	19308	1
A_HP_17	77	Pulse	99	5780093	39309	1
A_HP_17	78	Pulse	99	5800093	9079	1
A_HP_17	78	Picture	response47	5801410	10395	1	39836	1	10000	40000	hit	418
A_HP_17	78	Response	1	5809572	18557	1
A_HP_17	78	Pulse	99	5820094	29079	1
A_HP_17	78	Pulse	99	5840093	49079	1
A_HP_17	79	Picture	response42	5851808	10562	1	39668	1	10000	40000	hit	422
A_HP_17	79	Response	1	5858822	17576	1
A_HP_17	79	Pulse	99	5860093	18848	1
A_HP_17	79	Pulse	99	5880094	38848	1
A_HP_17	80	Pulse	99	5900094	8618	1
A_HP_17	80	Picture	response48	5901871	10395	1	39835	1	10000	40000	hit	427
A_HP_17	80	Response	1	5908202	16726	1
A_HP_17	80	Pulse	99	5920094	28618	1
A_HP_17	80	Pulse	99	5940094	48618	1
A_HP_17	81	Picture	response46	5952103	10396	1	39835	1	10000	40000	hit	432
A_HP_17	81	Pulse	99	5960094	18387	1
A_HP_17	81	Response	2	5965242	23535	1
A_HP_17	81	Pulse	99	5980094	38387	1
A_HP_17	82	Pulse	99	6000095	8158	1
A_HP_17	82	Picture	response45	6002333	10396	1	40232	1	10000	40000	hit	436
A_HP_17	82	Response	1	6014113	22175	1
A_HP_17	82	Pulse	99	6020093	28156	1
A_HP_17	82	Pulse	99	6040094	48157	1
A_HP_17	83	Picture	ins12	6042565	230	1	30229	1	0	30000	other	0
A_HP_17	83	Pulse	99	6060094	17759	1
A_HP_17	83	Pulse	99	6080094	37759	1
A_HP_17	83	Pulse	99	6100094	57759	1
A_HP_17	83	Pulse	99	6120094	77759	1
A_HP_17	83	Pulse	99	6140094	97759	1
A_HP_17	83	Pulse	99	6160094	117759	1
A_HP_17	83	Pulse	99	6180094	137759	1
A_HP_17	83	Pulse	99	6200094	157759	1
A_HP_17	83	Pulse	99	6220094	177759	1
A_HP_17	83	Pulse	99	6240095	197761	1
A_HP_17	83	Pulse	99	6260094	217759	1
A_HP_17	83	Pulse	99	6280094	237759	1
A_HP_17	83	Pulse	99	6300094	257759	1
A_HP_17	83	Pulse	99	6320094	277759	1
A_HP_17	83	Pulse	99	6340094	297760	1
A_HP_17	84	Response	3	6360094	7529	1
A_HP_17	84	Pulse	99	6360094	7529	1
A_HP_17	85	Picture	response92	6370719	10395	1	39835	1	10000	40000	hit	459
A_HP_17	85	Pulse	99	6380094	19770	1
A_HP_17	85	Response	1	6381842	21518	1
A_HP_17	85	Pulse	99	6400095	39770	1
A_HP_17	86	Pulse	99	6420095	9540	1
A_HP_17	86	Picture	response93	6420950	10396	1	39834	1	10000	40000	hit	464
A_HP_17	86	Pulse	99	6440094	29540	1
A_HP_17	86	Response	1	6446523	35969	1
A_HP_17	86	Pulse	99	6460094	49540	1
A_HP_17	87	Picture	response95	6471180	10395	1	39835	1	10000	40000	hit	468
A_HP_17	87	Pulse	99	6480094	19309	1
A_HP_17	87	Response	1	6496543	35759	1
A_HP_17	87	Pulse	99	6500093	39309	1
A_HP_17	88	Pulse	99	6520095	9080	1
A_HP_17	88	Picture	response90	6521411	10396	1	39834	1	10000	40000	hit	473
A_HP_17	88	Pulse	99	6540095	29079	1
A_HP_17	88	Response	1	6549963	38948	1
A_HP_17	88	Pulse	99	6560097	49081	1
A_HP_17	89	Picture	response89	6571808	10562	1	39668	1	10000	40000	hit	477
A_HP_17	89	Pulse	99	6580095	18849	1
A_HP_17	89	Response	2	6589603	28358	1
A_HP_17	89	Pulse	99	6600095	38849	1
A_HP_17	90	Pulse	99	6620095	8619	1
A_HP_17	90	Picture	response91	6621871	10395	1	39835	1	10000	40000	hit	482
A_HP_17	90	Pulse	99	6640095	28619	1
A_HP_17	90	Response	2	6649533	38058	1
A_HP_17	90	Pulse	99	6660094	48619	1
A_HP_17	91	Picture	response96	6672102	10396	1	39835	1	10000	40000	hit	487
A_HP_17	91	Pulse	99	6680095	18388	1
A_HP_17	91	Pulse	99	6700095	38388	1
A_HP_17	91	Response	2	6704243	42536	1
A_HP_17	92	Pulse	99	6720095	8158	1
A_HP_17	92	Picture	response94	6722499	10562	1	40067	1	10000	40000	hit	491
A_HP_17	92	Pulse	99	6740095	28159	1
A_HP_17	92	Response	2	6749334	37397	1
A_HP_17	92	Pulse	99	6760095	48158	1
A_HP_17	93	Picture	ins22	6762566	230	1	30229	1	0	30000	other	0
A_HP_17	93	Pulse	99	6780095	17759	1
A_HP_17	93	Pulse	99	6800095	37759	1
A_HP_17	93	Pulse	99	6820095	57759	1
A_HP_17	93	Pulse	99	6840095	77759	1
A_HP_17	93	Pulse	99	6860095	97759	1
A_HP_17	93	Pulse	99	6880095	117759	1
A_HP_17	93	Pulse	99	6900095	137759	1
A_HP_17	93	Pulse	99	6920095	157759	1
A_HP_17	93	Pulse	99	6940095	177759	1
A_HP_17	93	Pulse	99	6960095	197759	1
A_HP_17	93	Pulse	99	6980095	217760	1
A_HP_17	93	Pulse	99	7000095	237759	1
A_HP_17	93	Pulse	99	7020095	257759	1
A_HP_17	93	Pulse	99	7040095	277759	1
A_HP_17	93	Pulse	99	7060095	297759	1
A_HP_17	94	Response	3	7080095	7529	1
A_HP_17	94	Pulse	99	7080095	7529	1
A_HP_17	95	Picture	response170	7090721	10396	1	39835	1	10000	40000	hit	513
A_HP_17	95	Pulse	99	7100096	19770	1
A_HP_17	95	Response	2	7109984	29658	1
A_HP_17	95	Pulse	99	7120095	39769	1
A_HP_17	96	Pulse	99	7140095	9539	1
A_HP_17	96	Picture	response175	7140952	10396	1	39835	1	10000	40000	hit	517
A_HP_17	96	Response	2	7158674	28118	1
A_HP_17	96	Pulse	99	7160095	29539	1
A_HP_17	96	Pulse	99	7180095	49539	1
A_HP_17	97	Picture	response169	7191182	10396	1	39834	1	10000	40000	hit	522
A_HP_17	97	Pulse	99	7200096	19309	1
A_HP_17	97	Response	2	7214764	33978	1
A_HP_17	97	Pulse	99	7220095	39308	1
A_HP_17	98	Pulse	99	7240095	9079	1
A_HP_17	98	Picture	response176	7241412	10396	1	39835	1	10000	40000	incorrect	526
A_HP_17	98	Response	2	7259144	28127	1
A_HP_17	98	Pulse	99	7260095	29078	1
A_HP_17	98	Pulse	99	7280096	49079	1
A_HP_17	99	Picture	response171	7291810	10562	1	39668	1	10000	40000	hit	531
A_HP_17	99	Pulse	99	7300096	18848	1
A_HP_17	99	Response	1	7311974	30727	1
A_HP_17	99	Pulse	99	7320095	38847	1
A_HP_17	100	Pulse	99	7340096	8618	1
A_HP_17	100	Picture	response173	7341874	10396	1	39835	1	10000	40000	hit	536
A_HP_17	100	Pulse	99	7360095	28617	1
A_HP_17	100	Response	1	7365344	33866	1
A_HP_17	100	Pulse	99	7380095	48617	1
A_HP_17	101	Picture	response174	7392104	10395	1	39836	1	10000	40000	hit	541
A_HP_17	101	Pulse	99	7400096	18387	1
A_HP_17	101	Pulse	99	7420096	38387	1
A_HP_17	101	Response	2	7420154	38445	1
A_HP_17	102	Pulse	99	7440096	8156	1
A_HP_17	102	Picture	response172	7442335	10395	1	40232	1	10000	40000	hit	545
A_HP_17	102	Pulse	99	7460096	28156	1
A_HP_17	102	Response	2	7479205	47265	1
A_HP_17	102	Pulse	99	7480095	48156	1
A_HP_17	103	Picture	ins4	7482567	230	1	30229	1	0	30000	other	0
A_HP_17	103	Pulse	99	7500096	17759	1
A_HP_17	103	Pulse	99	7520096	37759	1
A_HP_17	103	Pulse	99	7540096	57759	1
A_HP_17	103	Pulse	99	7560016	77679	1
A_HP_17	103	Pulse	99	7580096	97759	1
A_HP_17	103	Pulse	99	7600097	117760	1
A_HP_17	103	Pulse	99	7620097	137760	1
A_HP_17	103	Pulse	99	7640096	157759	1
A_HP_17	103	Pulse	99	7660096	177759	1
A_HP_17	103	Pulse	99	7680096	197760	1
A_HP_17	103	Pulse	99	7700096	217759	1
A_HP_17	103	Pulse	99	7720096	237759	1
A_HP_17	103	Pulse	99	7740096	257759	1
A_HP_17	103	Pulse	99	7760097	277760	1
A_HP_17	103	Pulse	99	7780096	297759	1
A_HP_17	104	Response	3	7800096	7529	1
A_HP_17	104	Pulse	99	7800096	7529	1
A_HP_17	105	Picture	response25	7810722	10395	1	39835	1	10000	40000	hit	566
A_HP_17	105	Response	2	7818925	18599	1
A_HP_17	105	Pulse	99	7820096	19770	1
A_HP_17	105	Pulse	99	7840097	39770	1
A_HP_17	106	Pulse	99	7860097	9540	1
A_HP_17	106	Picture	response28	7860952	10395	1	39835	1	10000	40000	hit	571
A_HP_17	106	Response	1	7868985	18429	1
A_HP_17	106	Pulse	99	7880096	29540	1
A_HP_17	106	Pulse	99	7900097	49540	1
A_HP_17	107	Picture	response29	7911182	10395	1	39835	1	10000	40000	hit	576
A_HP_17	107	Pulse	99	7920096	19309	1
A_HP_17	107	Response	1	7924855	24068	1
A_HP_17	107	Pulse	99	7940097	39310	1
A_HP_17	108	Pulse	99	7960097	9080	1
A_HP_17	108	Picture	response30	7961412	10395	1	39835	1	10000	40000	hit	580
A_HP_17	108	Response	1	7968806	17789	1
A_HP_17	108	Pulse	99	7980097	29080	1
A_HP_17	108	Pulse	99	8000097	49080	1
A_HP_17	109	Picture	response26	8011809	10562	1	39668	1	10000	40000	hit	584
A_HP_17	109	Response	2	8017945	16699	1
A_HP_17	109	Pulse	99	8020096	18849	1
A_HP_17	109	Pulse	99	8040097	38850	1
A_HP_17	110	Pulse	99	8060097	8620	1
A_HP_17	110	Picture	response32	8061872	10395	1	39835	1	10000	40000	hit	589
A_HP_17	110	Response	2	8068586	17109	1
A_HP_17	110	Pulse	99	8080097	28620	1
A_HP_17	110	Pulse	99	8100097	48620	1
A_HP_17	111	Picture	response31	8112102	10395	1	39834	1	10000	40000	hit	593
A_HP_17	111	Response	1	8119196	17489	1
A_HP_17	111	Pulse	99	8120016	18309	1
A_HP_17	111	Pulse	99	8140097	38390	1
A_HP_17	112	Pulse	99	8160097	8160	1
A_HP_17	112	Picture	response27	8162666	10729	1	39902	1	10000	40000	hit	598
A_HP_17	112	Response	1	8169405	17469	1
A_HP_17	112	Pulse	99	8180017	28080	1
A_HP_17	112	Pulse	99	8200097	48160	1
A_HP_17	113	Picture	ins8	8202568	230	1	30229	1	0	30000	other	0
A_HP_17	113	Pulse	99	8220097	17759	1
A_HP_17	113	Pulse	99	8240018	37680	1
A_HP_17	113	Pulse	99	8260097	57759	1
A_HP_17	113	Pulse	99	8280097	77759	1
A_HP_17	113	Pulse	99	8300018	97680	1
A_HP_17	113	Pulse	99	8320097	117759	1
A_HP_17	113	Pulse	99	8340097	137759	1
A_HP_17	113	Pulse	99	8360097	157759	1
A_HP_17	113	Pulse	99	8380097	177759	1
A_HP_17	113	Pulse	99	8400098	197760	1
A_HP_17	113	Pulse	99	8420097	217759	1
A_HP_17	113	Pulse	99	8440097	237760	1
A_HP_17	113	Pulse	99	8460097	257760	1
A_HP_17	113	Pulse	99	8480097	277760	1
A_HP_17	113	Pulse	99	8500097	297760	1
A_HP_17	114	Response	3	8520097	7529	1
A_HP_17	114	Pulse	99	8520097	7529	1
A_HP_17	115	Picture	response61	8530723	10396	1	39835	1	10000	40000	hit	621
A_HP_17	115	Pulse	99	8540098	19770	1
A_HP_17	115	Response	2	8555716	35389	1
A_HP_17	115	Pulse	99	8560097	39769	1
A_HP_17	116	Pulse	99	8580098	9540	1
A_HP_17	116	Picture	response64	8580953	10396	1	39835	1	10000	40000	incorrect	626
A_HP_17	116	Pulse	99	8600098	29540	1
A_HP_17	116	Response	1	8600526	29968	1
A_HP_17	116	Pulse	99	8620018	49460	1
A_HP_17	117	Picture	response63	8631184	10396	1	39835	1	10000	40000	hit	630
A_HP_17	117	Pulse	99	8640098	19310	1
A_HP_17	117	Response	1	8646786	25998	1
A_HP_17	117	Pulse	99	8660098	39310	1
A_HP_17	118	Pulse	99	8680018	9000	1
A_HP_17	118	Picture	response58	8681414	10395	1	39836	1	10000	40000	hit	634
A_HP_17	118	Response	1	8693646	22628	1
A_HP_17	118	Pulse	99	8700098	29079	1
A_HP_17	118	Pulse	99	8720098	49079	1
A_HP_17	119	Picture	response60	8731812	10562	1	39668	1	10000	40000	hit	639
A_HP_17	119	Pulse	99	8740018	18769	1
A_HP_17	119	Response	2	8748597	27347	1
A_HP_17	119	Pulse	99	8760098	38849	1
A_HP_17	120	Pulse	99	8780101	8621	1
A_HP_17	120	Picture	response62	8781876	10396	1	39835	1	10000	40000	incorrect	644
A_HP_17	120	Pulse	99	8800018	28538	1
A_HP_17	120	Response	1	8808357	36877	1
A_HP_17	120	Pulse	99	8820098	48618	1
A_HP_17	121	Picture	response57	8832106	10396	1	39834	1	10000	40000	hit	648
A_HP_17	121	Pulse	99	8840098	18387	1
A_HP_17	121	Response	1	8846057	24346	1
A_HP_17	121	Pulse	99	8860018	38307	1
A_HP_17	122	Pulse	99	8880098	8157	1
A_HP_17	122	Picture	response59	8882336	10396	1	39835	1	10000	40000	hit	652
A_HP_17	122	Response	1	8897157	25216	1
A_HP_17	122	Pulse	99	8900098	28157	1
A_HP_17	122	Pulse	99	8920018	48077	1
A_HP_17	123	Picture	thanks	8922171	0	1	10229	1	0	10000	other	0
A_HP_17	123	Pulse	99	8940098	17927	1


Event Type	Code	Type	Response	RT	RT Uncertainty	Time	Uncertainty	Duration	Uncertainty	ReqTime	ReqDur

Picture	ready	other				220397	1	10229	1	0	10000
Picture	ins20	other				280958	1	30229	1	0	30000
Picture	response160	hit	2	33542	2	610712	1	39835	1	10000	40000
Picture	response157	hit	2	28562	2	660942	1	39835	1	10000	40000
Picture	response153	hit	1	25552	2	711173	1	39835	1	10000	40000
Picture	response158	hit	2	23932	2	761403	1	39836	1	10000	40000
Picture	response155	hit	2	22734	2	811801	1	39668	1	10000	40000
Picture	response156	hit	2	35091	2	861865	1	39835	1	10000	40000
Picture	response154	hit	1	24060	2	912095	1	39835	1	10000	40000
Picture	response159	hit	2	22349	2	962325	1	40232	1	10000	40000
Picture	ins24	other				1002557	1	30229	1	0	30000
Picture	response189	incorrect	2	28757	2	1330959	1	39668	1	10000	40000
Picture	response186	hit	2	27874	2	1381023	1	39835	1	10000	40000
Picture	response187	hit	2	17113	2	1431253	1	39835	1	10000	40000
Picture	response191	hit	1	20685	2	1481651	1	39668	1	10000	40000
Picture	response192	incorrect	2	25102	2	1531714	1	39835	1	10000	40000
Picture	response185	hit	1	17882	2	1581945	1	39835	1	10000	40000
Picture	response188	hit	2	23341	2	1632175	1	39835	1	10000	40000
Picture	response190	hit	1	25720	2	1682406	1	40420	1	10000	40000
Picture	ins14	other				1722825	1	30229	1	0	30000
Picture	response107	hit	1	39133	2	2050714	1	39835	1	10000	40000
Picture	response109	hit	1	17342	2	2100945	1	39834	1	10000	40000
Picture	response108	hit	2	28503	2	2151174	1	39835	1	10000	40000
Picture	response111	hit	1	21062	2	2201404	1	39835	1	10000	40000
Picture	response110	hit	2	16175	2	2251802	1	39668	1	10000	40000
Picture	response106	hit	1	10411	2	2301866	1	39835	1	10000	40000
Picture	response112	hit	2	30059	2	2352097	1	39835	1	10000	40000
Picture	response105	hit	2	18349	2	2402327	1	40232	1	10000	40000
Picture	ins2	other				2442559	1	30229	1	0	30000
Picture	response15	hit	2	23472	2	2770716	1	39835	1	10000	40000
Picture	response12	hit	1	11172	2	2820946	1	39835	1	10000	40000
Picture	response13	hit	2	12892	2	2871176	1	39835	1	10000	40000
Picture	response10	hit	1	13911	2	2921407	1	39835	1	10000	40000
Picture	response11	hit	2	19244	2	2971804	1	39668	1	10000	40000
Picture	response16	hit	2	21449	2	3021868	1	39834	1	10000	40000
Picture	response14	hit	1	16900	2	3072098	1	39835	1	10000	40000
Picture	response9	hit	1	15920	2	3122328	1	40232	1	10000	40000
Picture	ins18	other				3162560	1	30230	1	0	30000
Picture	response143	hit	1	26073	2	3490716	1	39835	1	10000	40000
Picture	response140	incorrect	2	23731	2	3540947	1	39835	1	10000	40000
Picture	response137	hit	2	27932	2	3591177	1	39835	1	10000	40000
Picture	response141	hit	2	26141	2	3641408	1	39835	1	10000	40000
Picture	response144	incorrect	2	30054	2	3691804	1	39668	1	10000	40000
Picture	response138	hit	1	20111	2	3741868	1	39835	1	10000	40000
Picture	response142	hit	1	16431	2	3792098	1	39835	1	10000	40000
Picture	response139	hit	1	16261	2	3842329	1	40233	1	10000	40000
Picture	ins10	other				3882562	1	30229	1	0	30000
Picture	response73	hit	2	21303	2	4210717	1	39835	1	10000	40000
Picture	response78	hit	1	31212	2	4260947	1	39834	1	10000	40000
Picture	response74	hit	1	29001	2	4311178	1	39835	1	10000	40000
Picture	response79	hit	1	14252	2	4361408	1	39835	1	10000	40000
Picture	response76	hit	1	16034	2	4411805	1	39668	1	10000	40000
Picture	response80	hit	2	20060	2	4461869	1	39835	1	10000	40000
Picture	response75	hit	2	24570	2	4512100	1	39835	1	10000	40000
Picture	response77	hit	2	31230	2	4562331	1	40231	1	10000	40000
Picture	ins16	other				4602562	1	30229	1	0	30000
Picture	response126	hit	2	29562	2	4930718	1	39835	1	10000	40000
Picture	response128	hit	2	22561	2	4980949	1	39835	1	10000	40000
Picture	response122	hit	1	33771	2	5031179	1	39835	1	10000	40000
Picture	response127	incorrect	1	33002	2	5081409	1	39836	1	10000	40000
Picture	response123	hit	2	26594	2	5131807	1	39668	1	10000	40000
Picture	response124	hit	2	21160	2	5181871	1	39834	1	10000	40000
Picture	response125	hit	2	15370	2	5232101	1	39835	1	10000	40000
Picture	response121	hit	1	16490	2	5282331	1	40232	1	10000	40000
Picture	ins6	other				5322564	1	30229	1	0	30000
Picture	response41	hit	2	11442	2	5650719	1	39835	1	10000	40000
Picture	response44	hit	2	14493	2	5700950	1	39835	1	10000	40000
Picture	response43	hit	1	8222	2	5751180	1	39835	1	10000	40000
Picture	response47	hit	1	8162	2	5801410	1	39836	1	10000	40000
Picture	response42	hit	1	7014	2	5851808	1	39668	1	10000	40000
Picture	response48	hit	1	6331	2	5901871	1	39835	1	10000	40000
Picture	response46	hit	2	13139	2	5952103	1	39835	1	10000	40000
Picture	response45	hit	1	11780	2	6002333	1	40232	1	10000	40000
Picture	ins12	other				6042565	1	30229	1	0	30000
Picture	response92	hit	1	11123	2	6370719	1	39835	1	10000	40000
Picture	response93	hit	1	25573	2	6420950	1	39834	1	10000	40000
Picture	response95	hit	1	25363	2	6471180	1	39835	1	10000	40000
Picture	response90	hit	1	28552	2	6521411	1	39834	1	10000	40000
Picture	response89	hit	2	17796	2	6571808	1	39668	1	10000	40000
Picture	response91	hit	2	27662	2	6621871	1	39835	1	10000	40000
Picture	response96	hit	2	32141	2	6672102	1	39835	1	10000	40000
Picture	response94	hit	2	26835	2	6722499	1	40067	1	10000	40000
Picture	ins22	other				6762566	1	30229	1	0	30000
Picture	response170	hit	2	19263	2	7090721	1	39835	1	10000	40000
Picture	response175	hit	2	17722	2	7140952	1	39835	1	10000	40000
Picture	response169	hit	2	23582	2	7191182	1	39834	1	10000	40000
Picture	response176	incorrect	2	17732	2	7241412	1	39835	1	10000	40000
Picture	response171	hit	1	20165	2	7291810	1	39668	1	10000	40000
Picture	response173	hit	1	23470	2	7341874	1	39835	1	10000	40000
Picture	response174	hit	2	28049	2	7392104	1	39836	1	10000	40000
Picture	response172	hit	2	36870	2	7442335	1	40232	1	10000	40000
Picture	ins4	other				7482567	1	30229	1	0	30000
Picture	response25	hit	2	8204	2	7810722	1	39835	1	10000	40000
Picture	response28	hit	1	8033	2	7860952	1	39835	1	10000	40000
Picture	response29	hit	1	13673	2	7911182	1	39835	1	10000	40000
Picture	response30	hit	1	7393	2	7961412	1	39835	1	10000	40000
Picture	response26	hit	2	6137	2	8011809	1	39668	1	10000	40000
Picture	response32	hit	2	6713	2	8061872	1	39835	1	10000	40000
Picture	response31	hit	1	7093	2	8112102	1	39834	1	10000	40000
Picture	response27	hit	1	6740	2	8162666	1	39902	1	10000	40000
Picture	ins8	other				8202568	1	30229	1	0	30000
Picture	response61	hit	2	24993	2	8530723	1	39835	1	10000	40000
Picture	response64	incorrect	1	19573	2	8580953	1	39835	1	10000	40000
Picture	response63	hit	1	15603	2	8631184	1	39835	1	10000	40000
Picture	response58	hit	1	12233	2	8681414	1	39836	1	10000	40000
Picture	response60	hit	2	16785	2	8731812	1	39668	1	10000	40000
Picture	response62	incorrect	1	26481	2	8781876	1	39835	1	10000	40000
Picture	response57	hit	1	13950	2	8832106	1	39834	1	10000	40000
Picture	response59	hit	1	14821	2	8882336	1	39835	1	10000	40000
Picture	thanks	other				8922171	1	10229	1	0	10000


{
   "app": "Presentation Version 21.0 Build 06.06.19",
   "device": "LENOVO 20KHCTO1WW",
   "experiment": "{A2FC4E2A-B401-4E65-9CA9-5B09E294C871}",
   "os": "Windows 10 64 bit",
   "package": "",
   "parameters": {
      "configuration": "Default configuration"
   },
   "scenario": "Dimension experiment(2).sce",
   "subject": "A_HP_17",
   "timestamp": "2019/09/27 06:01:06 GMT"
}
