Scenario - 
Logfile written - 10/17/2019 16:46:05

Subject	Trial	Event Type	Code	Time	TTime	Uncertainty	Duration	Uncertainty	ReqTime	ReqDur	Stim Type	Pair Index

A_HP_23	1	Response	3	186974	185974	1
A_HP_23	1	Pulse	99	186974	185974	1
A_HP_23	2	Picture	ready	187205	0	1	10230	1	0	10000	other	0
A_HP_23	2	Pulse	99	207053	19848	1
A_HP_23	2	Pulse	99	227054	39848	1
A_HP_23	2	Pulse	99	246974	59768	1
A_HP_23	3	Picture	ins10	247759	232	1	30229	1	0	30000	other	0
A_HP_23	3	Pulse	99	266973	19446	1
A_HP_23	3	Pulse	99	287053	39526	1
A_HP_23	3	Pulse	99	307054	59527	1
A_HP_23	3	Pulse	99	326973	79446	1
A_HP_23	3	Pulse	99	347054	99526	1
A_HP_23	3	Pulse	99	367054	119526	1
A_HP_23	3	Pulse	99	386973	139446	1
A_HP_23	3	Pulse	99	406974	159446	1
A_HP_23	3	Pulse	99	427054	179526	1
A_HP_23	3	Pulse	99	447054	199526	1
A_HP_23	3	Pulse	99	466973	219446	1
A_HP_23	3	Pulse	99	487053	239526	1
A_HP_23	3	Pulse	99	507053	259526	1
A_HP_23	3	Pulse	99	526974	279446	1
A_HP_23	3	Pulse	99	546973	299446	1
A_HP_23	4	Response	3	567053	9296	1
A_HP_23	4	Pulse	99	567053	9296	1
A_HP_23	5	Picture	response78	577679	10396	1	39689	1	10000	40000	hit	27
A_HP_23	5	Pulse	99	587053	19770	1
A_HP_23	5	Response	1	605173	37890	1
A_HP_23	5	Pulse	99	606973	39690	1
A_HP_23	6	Pulse	99	626974	9606	1
A_HP_23	6	Picture	response76	627763	10396	1	39835	1	10000	40000	hit	31
A_HP_23	6	Response	1	644072	26704	1
A_HP_23	6	Pulse	99	647053	29685	1
A_HP_23	6	Pulse	99	666973	49606	1
A_HP_23	7	Picture	response74	678160	10562	1	39669	1	10000	40000	hit	36
A_HP_23	7	Pulse	99	686973	19375	1
A_HP_23	7	Response	1	695852	28254	1
A_HP_23	7	Pulse	99	707054	39455	1
A_HP_23	8	Pulse	99	727053	9224	1
A_HP_23	8	Picture	response75	728224	10396	1	39834	1	10000	40000	hit	40
A_HP_23	8	Response	2	743242	25414	1
A_HP_23	8	Pulse	99	746973	29144	1
A_HP_23	8	Pulse	99	766973	49145	1
A_HP_23	9	Picture	response73	778454	10395	1	39835	1	10000	40000	hit	45
A_HP_23	9	Pulse	99	787053	18995	1
A_HP_23	9	Response	2	790772	22713	1
A_HP_23	9	Pulse	99	807053	38995	1
A_HP_23	10	Pulse	99	826973	8684	1
A_HP_23	10	Picture	response79	828685	10396	1	39835	1	10000	40000	hit	49
A_HP_23	10	Response	1	839102	20813	1
A_HP_23	10	Pulse	99	846973	28684	1
A_HP_23	10	Pulse	99	867053	48764	1
A_HP_23	11	Picture	response77	878916	10396	1	39835	1	10000	40000	hit	54
A_HP_23	11	Pulse	99	886973	18453	1
A_HP_23	11	Response	2	904622	36102	1
A_HP_23	11	Pulse	99	906972	38453	1
A_HP_23	12	Pulse	99	927053	8303	1
A_HP_23	12	Picture	response80	929313	10562	1	40044	1	10000	40000	hit	58
A_HP_23	12	Response	2	942452	23702	1
A_HP_23	12	Pulse	99	947053	28303	1
A_HP_23	12	Pulse	99	966973	48223	1
A_HP_23	13	Picture	ins22	969357	230	1	30229	1	0	30000	other	0
A_HP_23	13	Pulse	99	986973	17847	1
A_HP_23	13	Pulse	99	1007053	37926	1
A_HP_23	13	Pulse	99	1026973	57847	1
A_HP_23	13	Pulse	99	1046973	77847	1
A_HP_23	13	Pulse	99	1067053	97927	1
A_HP_23	13	Pulse	99	1087053	117927	1
A_HP_23	13	Pulse	99	1106973	137847	1
A_HP_23	13	Pulse	99	1126973	157847	1
A_HP_23	13	Pulse	99	1147053	177927	1
A_HP_23	13	Pulse	99	1166973	197847	1
A_HP_23	13	Pulse	99	1186973	217847	1
A_HP_23	13	Pulse	99	1206973	237846	1
A_HP_23	13	Pulse	99	1227053	257926	1
A_HP_23	13	Pulse	99	1246973	277846	1
A_HP_23	13	Pulse	99	1266972	297846	1
A_HP_23	14	Response	3	1287053	7696	1
A_HP_23	14	Pulse	99	1287053	7696	1
A_HP_23	15	Picture	response170	1297678	10395	1	39835	1	10000	40000	incorrect	81
A_HP_23	15	Pulse	99	1306973	19690	1
A_HP_23	15	Response	1	1322741	35458	1
A_HP_23	15	Pulse	99	1326972	39690	1
A_HP_23	16	Pulse	99	1346973	9461	1
A_HP_23	16	Picture	response173	1347909	10396	1	39834	1	10000	40000	hit	86
A_HP_23	16	Pulse	99	1367053	29540	1
A_HP_23	16	Response	1	1371782	34269	1
A_HP_23	16	Pulse	99	1386973	49460	1
A_HP_23	17	Picture	response169	1398305	10562	1	39669	1	10000	40000	hit	90
A_HP_23	17	Pulse	99	1406973	19230	1
A_HP_23	17	Response	2	1414031	26288	1
A_HP_23	17	Pulse	99	1427053	39309	1
A_HP_23	18	Pulse	99	1447053	9079	1
A_HP_23	18	Picture	response174	1448369	10396	1	39834	1	10000	40000	hit	95
A_HP_23	18	Pulse	99	1466973	29000	1
A_HP_23	18	Response	2	1479842	41868	1
A_HP_23	18	Pulse	99	1486973	49000	1
A_HP_23	19	Picture	response176	1498599	10396	1	39834	1	10000	40000	hit	100
A_HP_23	19	Pulse	99	1507053	18850	1
A_HP_23	19	Pulse	99	1526973	38770	1
A_HP_23	19	Response	1	1527831	39628	1
A_HP_23	20	Pulse	99	1546973	8540	1
A_HP_23	20	Picture	response175	1548995	10562	1	39668	1	10000	40000	incorrect	104
A_HP_23	20	Pulse	99	1566973	28540	1
A_HP_23	20	Response	1	1580381	41948	1
A_HP_23	20	Pulse	99	1587053	48620	1
A_HP_23	21	Picture	response172	1599059	10395	1	39835	1	10000	40000	hit	109
A_HP_23	21	Pulse	99	1606973	18310	1
A_HP_23	21	Pulse	99	1626973	38310	1
A_HP_23	21	Response	2	1634282	45619	1
A_HP_23	22	Pulse	99	1647053	8160	1
A_HP_23	22	Picture	response171	1649289	10395	1	40168	1	10000	40000	incorrect	113
A_HP_23	22	Pulse	99	1666973	28080	1
A_HP_23	22	Response	2	1676362	37468	1
A_HP_23	22	Pulse	99	1686973	48080	1
A_HP_23	23	Picture	ins24	1689456	230	1	30229	1	0	30000	other	0
A_HP_23	23	Pulse	99	1706973	17747	1
A_HP_23	23	Pulse	99	1727053	37827	1
A_HP_23	23	Pulse	99	1746973	57747	1
A_HP_23	23	Pulse	99	1766973	77747	1
A_HP_23	23	Pulse	99	1787053	97827	1
A_HP_23	23	Pulse	99	1806973	117747	1
A_HP_23	23	Pulse	99	1826973	137747	1
A_HP_23	23	Pulse	99	1846973	157747	1
A_HP_23	23	Pulse	99	1867053	177827	1
A_HP_23	23	Pulse	99	1886973	197747	1
A_HP_23	23	Pulse	99	1906973	217746	1
A_HP_23	23	Pulse	99	1926973	237746	1
A_HP_23	23	Pulse	99	1946973	257746	1
A_HP_23	23	Pulse	99	1966973	277747	1
A_HP_23	23	Pulse	99	1986973	297747	1
A_HP_23	24	Response	3	2007052	7596	1
A_HP_23	24	Pulse	99	2007052	7596	1
A_HP_23	25	Picture	response192	2017678	10395	1	39835	1	10000	40000	hit	135
A_HP_23	25	Pulse	99	2026972	19690	1
A_HP_23	25	Response	1	2042001	34719	1
A_HP_23	25	Pulse	99	2046972	39690	1
A_HP_23	26	Pulse	99	2066973	9460	1
A_HP_23	26	Picture	response185	2067909	10396	1	39835	1	10000	40000	hit	140
A_HP_23	26	Pulse	99	2087052	29539	1
A_HP_23	26	Response	1	2090610	33097	1
A_HP_23	26	Pulse	99	2106972	49459	1
A_HP_23	27	Picture	response187	2118306	10562	1	39668	1	10000	40000	hit	144
A_HP_23	27	Pulse	99	2126972	19229	1
A_HP_23	27	Response	2	2132491	24747	1
A_HP_23	27	Pulse	99	2147052	39309	1
A_HP_23	28	Pulse	99	2166973	8999	1
A_HP_23	28	Picture	response186	2168369	10396	1	39834	1	10000	40000	hit	149
A_HP_23	28	Pulse	99	2186973	29000	1
A_HP_23	28	Response	2	2190821	32848	1
A_HP_23	28	Pulse	99	2206973	48999	1
A_HP_23	29	Picture	response189	2218599	10396	1	39834	1	10000	40000	hit	153
A_HP_23	29	Pulse	99	2227053	18849	1
A_HP_23	29	Response	1	2238531	30328	1
A_HP_23	29	Pulse	99	2246972	38769	1
A_HP_23	30	Pulse	99	2266973	8539	1
A_HP_23	30	Picture	response190	2268995	10562	1	39668	1	10000	40000	hit	158
A_HP_23	30	Pulse	99	2286973	28539	1
A_HP_23	30	Response	1	2293382	34948	1
A_HP_23	30	Pulse	99	2306972	48539	1
A_HP_23	31	Picture	response188	2319059	10396	1	39834	1	10000	40000	hit	162
A_HP_23	31	Pulse	99	2326972	18309	1
A_HP_23	31	Response	2	2344151	35487	1
A_HP_23	31	Pulse	99	2346972	38308	1
A_HP_23	32	Pulse	99	2367052	8159	1
A_HP_23	32	Picture	response191	2369289	10395	1	40167	1	10000	40000	hit	167
A_HP_23	32	Pulse	99	2386973	28080	1
A_HP_23	32	Response	1	2389501	30607	1
A_HP_23	32	Pulse	99	2406973	48079	1
A_HP_23	33	Picture	ins12	2409456	230	1	30229	1	0	30000	other	0
A_HP_23	33	Pulse	99	2426973	17747	1
A_HP_23	33	Pulse	99	2446973	37747	1
A_HP_23	33	Pulse	99	2466973	57747	1
A_HP_23	33	Pulse	99	2486973	77747	1
A_HP_23	33	Pulse	99	2507053	97827	1
A_HP_23	33	Pulse	99	2526973	117747	1
A_HP_23	33	Pulse	99	2546973	137747	1
A_HP_23	33	Pulse	99	2566973	157746	1
A_HP_23	33	Pulse	99	2586973	177746	1
A_HP_23	33	Pulse	99	2606973	197747	1
A_HP_23	33	Pulse	99	2626973	217747	1
A_HP_23	33	Pulse	99	2646973	237747	1
A_HP_23	33	Pulse	99	2666973	257747	1
A_HP_23	33	Pulse	99	2686973	277746	1
A_HP_23	33	Pulse	99	2706972	297746	1
A_HP_23	34	Response	3	2727052	7596	1
A_HP_23	34	Pulse	99	2727052	7596	1
A_HP_23	35	Picture	response92	2737678	10395	1	39835	1	10000	40000	hit	189
A_HP_23	35	Pulse	99	2746972	19690	1
A_HP_23	35	Response	1	2750011	22728	1
A_HP_23	35	Pulse	99	2766972	39690	1
A_HP_23	36	Pulse	99	2786973	9460	1
A_HP_23	36	Picture	response90	2787908	10395	1	39835	1	10000	40000	hit	193
A_HP_23	36	Response	1	2804461	26949	1
A_HP_23	36	Pulse	99	2806972	29460	1
A_HP_23	36	Pulse	99	2826972	49460	1
A_HP_23	37	Picture	response89	2838305	10562	1	39668	1	10000	40000	hit	198
A_HP_23	37	Pulse	99	2846972	19229	1
A_HP_23	37	Response	2	2855821	28078	1
A_HP_23	37	Pulse	99	2867052	39309	1
A_HP_23	38	Pulse	99	2886972	8999	1
A_HP_23	38	Picture	response93	2888368	10395	1	39835	1	10000	40000	hit	202
A_HP_23	38	Response	1	2903531	25558	1
A_HP_23	38	Pulse	99	2906971	28999	1
A_HP_23	38	Pulse	99	2926972	48999	1
A_HP_23	39	Picture	response91	2938599	10396	1	39834	1	10000	40000	miss	0
A_HP_23	39	Pulse	99	2946971	18768	1
A_HP_23	39	Pulse	99	2966972	38769	1
A_HP_23	40	Pulse	99	2986972	8538	1
A_HP_23	40	Picture	response95	2988995	10562	1	39668	1	10000	40000	hit	210
A_HP_23	40	Response	1	2998461	20027	1
A_HP_23	40	Pulse	99	3006972	28538	1
A_HP_23	40	Pulse	99	3026972	48539	1
A_HP_23	41	Picture	response96	3039059	10396	1	39834	1	10000	40000	hit	215
A_HP_23	41	Pulse	99	3046972	18308	1
A_HP_23	41	Response	2	3052171	23507	1
A_HP_23	41	Pulse	99	3066973	38309	1
A_HP_23	42	Pulse	99	3086972	8078	1
A_HP_23	42	Picture	response94	3089289	10395	1	40166	1	10000	40000	hit	220
A_HP_23	42	Pulse	99	3106972	28078	1
A_HP_23	42	Response	2	3116611	37717	1
A_HP_23	42	Pulse	99	3126973	48079	1
A_HP_23	43	Picture	ins20	3129455	229	1	30229	1	0	30000	other	0
A_HP_23	43	Pulse	99	3146972	17747	1
A_HP_23	43	Pulse	99	3166972	37746	1
A_HP_23	43	Pulse	99	3186973	57747	1
A_HP_23	43	Pulse	99	3206972	77746	1
A_HP_23	43	Pulse	99	3226972	97746	1
A_HP_23	43	Pulse	99	3246972	117746	1
A_HP_23	43	Pulse	99	3266972	137746	1
A_HP_23	43	Pulse	99	3286972	157746	1
A_HP_23	43	Pulse	99	3306972	177746	1
A_HP_23	43	Pulse	99	3326972	197746	1
A_HP_23	43	Pulse	99	3346972	217746	1
A_HP_23	43	Pulse	99	3366972	237746	1
A_HP_23	43	Pulse	99	3386972	257746	1
A_HP_23	43	Pulse	99	3406972	277746	1
A_HP_23	43	Pulse	99	3426972	297746	1
A_HP_23	44	Response	3	3446971	7515	1
A_HP_23	44	Pulse	99	3446971	7515	1
A_HP_23	45	Picture	response155	3457597	10396	1	39835	1	10000	40000	hit	242
A_HP_23	45	Pulse	99	3466972	19770	1
A_HP_23	45	Response	2	3477060	29859	1
A_HP_23	45	Pulse	99	3486972	39770	1
A_HP_23	46	Pulse	99	3506972	9540	1
A_HP_23	46	Picture	response160	3507994	10562	1	39668	1	10000	40000	hit	247
A_HP_23	46	Pulse	99	3526972	29540	1
A_HP_23	46	Response	2	3535231	37798	1
A_HP_23	46	Pulse	99	3546972	49540	1
A_HP_23	47	Picture	response156	3558058	10396	1	39834	1	10000	40000	hit	251
A_HP_23	47	Pulse	99	3566972	19309	1
A_HP_23	47	Response	2	3579441	31778	1
A_HP_23	47	Pulse	99	3586972	39309	1
A_HP_23	48	Pulse	99	3606972	9079	1
A_HP_23	48	Picture	response154	3608288	10396	1	39834	1	10000	40000	incorrect	256
A_HP_23	48	Pulse	99	3626972	29079	1
A_HP_23	48	Response	2	3634140	36248	1
A_HP_23	48	Pulse	99	3646971	49079	1
A_HP_23	49	Picture	response159	3658518	10395	1	39835	1	10000	40000	hit	260
A_HP_23	49	Pulse	99	3666972	18850	1
A_HP_23	49	Response	2	3675291	27168	1
A_HP_23	49	Pulse	99	3686972	38849	1
A_HP_23	50	Pulse	99	3706972	8619	1
A_HP_23	50	Picture	response157	3708749	10396	1	39835	1	10000	40000	hit	265
A_HP_23	50	Pulse	99	3726972	28619	1
A_HP_23	50	Response	2	3734520	36167	1
A_HP_23	50	Pulse	99	3746972	48619	1
A_HP_23	51	Picture	response153	3759146	10562	1	39668	1	10000	40000	hit	269
A_HP_23	51	Pulse	99	3766972	18388	1
A_HP_23	51	Response	1	3776411	27827	1
A_HP_23	51	Pulse	99	3786972	38388	1
A_HP_23	52	Pulse	99	3806972	8158	1
A_HP_23	52	Picture	response158	3809209	10395	1	40246	1	10000	40000	hit	274
A_HP_23	52	Pulse	99	3826972	28158	1
A_HP_23	52	Response	2	3839721	40907	1
A_HP_23	52	Pulse	99	3846972	48158	1
A_HP_23	53	Picture	ins8	3849456	230	1	30229	1	0	30000	other	0
A_HP_23	53	Pulse	99	3866972	17747	1
A_HP_23	53	Pulse	99	3886972	37746	1
A_HP_23	53	Pulse	99	3906971	57746	1
A_HP_23	53	Pulse	99	3926972	77746	1
A_HP_23	53	Pulse	99	3946972	97747	1
A_HP_23	53	Pulse	99	3966972	117746	1
A_HP_23	53	Pulse	99	3986972	137746	1
A_HP_23	53	Pulse	99	4006972	157746	1
A_HP_23	53	Pulse	99	4026972	177747	1
A_HP_23	53	Pulse	99	4046972	197747	1
A_HP_23	53	Pulse	99	4066972	217747	1
A_HP_23	53	Pulse	99	4086972	237747	1
A_HP_23	53	Pulse	99	4106972	257747	1
A_HP_23	53	Pulse	99	4126972	277747	1
A_HP_23	53	Pulse	99	4146972	297747	1
A_HP_23	54	Response	3	4166972	7516	1
A_HP_23	54	Pulse	99	4166972	7516	1
A_HP_23	55	Picture	response59	4177598	10396	1	39834	1	10000	40000	hit	296
A_HP_23	55	Pulse	99	4186972	19770	1
A_HP_23	55	Response	1	4188870	21668	1
A_HP_23	55	Pulse	99	4206972	39770	1
A_HP_23	56	Pulse	99	4226972	9540	1
A_HP_23	56	Picture	response57	4227994	10562	1	39668	1	10000	40000	hit	300
A_HP_23	56	Response	1	4243451	26019	1
A_HP_23	56	Pulse	99	4246971	29539	1
A_HP_23	56	Pulse	99	4266972	49540	1
A_HP_23	57	Picture	response62	4278057	10395	1	39835	1	10000	40000	hit	305
A_HP_23	57	Pulse	99	4286972	19310	1
A_HP_23	57	Response	2	4297630	29969	1
A_HP_23	57	Pulse	99	4306972	39310	1
A_HP_23	58	Pulse	99	4326972	9080	1
A_HP_23	58	Picture	response58	4328288	10396	1	39835	1	10000	40000	hit	309
A_HP_23	58	Response	1	4335810	17918	1
A_HP_23	58	Pulse	99	4346971	29079	1
A_HP_23	58	Pulse	99	4366972	49079	1
A_HP_23	59	Picture	response60	4378518	10396	1	39834	1	10000	40000	hit	314
A_HP_23	59	Pulse	99	4386972	18849	1
A_HP_23	59	Response	2	4387940	19817	1
A_HP_23	59	Pulse	99	4406972	38849	1
A_HP_23	60	Pulse	99	4426971	8619	1
A_HP_23	60	Picture	response64	4428748	10396	1	39834	1	10000	40000	hit	318
A_HP_23	60	Response	2	4442780	24427	1
A_HP_23	60	Pulse	99	4446970	28618	1
A_HP_23	60	Pulse	99	4466972	48619	1
A_HP_23	61	Picture	response63	4479145	10562	1	39668	1	10000	40000	hit	322
A_HP_23	61	Response	1	4486090	17508	1
A_HP_23	61	Pulse	99	4486971	18388	1
A_HP_23	61	Pulse	99	4506972	38389	1
A_HP_23	62	Pulse	99	4526972	8160	1
A_HP_23	62	Picture	response61	4529207	10395	1	40247	1	10000	40000	hit	327
A_HP_23	62	Response	2	4545451	26639	1
A_HP_23	62	Pulse	99	4546971	28159	1
A_HP_23	62	Pulse	99	4566972	48159	1
A_HP_23	63	Picture	ins14	4569454	229	1	30229	1	0	30000	other	0
A_HP_23	63	Pulse	99	4586971	17747	1
A_HP_23	63	Pulse	99	4606972	37747	1
A_HP_23	63	Pulse	99	4626971	57747	1
A_HP_23	63	Pulse	99	4646972	77747	1
A_HP_23	63	Pulse	99	4666972	97747	1
A_HP_23	63	Pulse	99	4686972	117747	1
A_HP_23	63	Pulse	99	4706972	137747	1
A_HP_23	63	Pulse	99	4726972	157747	1
A_HP_23	63	Pulse	99	4746972	177747	1
A_HP_23	63	Pulse	99	4766972	197747	1
A_HP_23	63	Pulse	99	4786972	217747	1
A_HP_23	63	Pulse	99	4806972	237747	1
A_HP_23	63	Pulse	99	4826971	257747	1
A_HP_23	63	Pulse	99	4846972	277747	1
A_HP_23	63	Pulse	99	4866972	297747	1
A_HP_23	64	Response	3	4886972	7517	1
A_HP_23	64	Pulse	99	4886972	7517	1
A_HP_23	65	Picture	response108	4897597	10395	1	39835	1	10000	40000	hit	350
A_HP_23	65	Pulse	99	4906971	19770	1
A_HP_23	65	Response	2	4913090	25889	1
A_HP_23	65	Pulse	99	4926971	39770	1
A_HP_23	66	Pulse	99	4946972	9540	1
A_HP_23	66	Picture	response105	4947993	10562	1	39668	1	10000	40000	hit	354
A_HP_23	66	Response	2	4963410	25979	1
A_HP_23	66	Pulse	99	4966971	29539	1
A_HP_23	66	Pulse	99	4986971	49540	1
A_HP_23	67	Picture	response112	4998058	10396	1	39834	1	10000	40000	hit	359
A_HP_23	67	Pulse	99	5006971	19309	1
A_HP_23	67	Response	2	5015180	27518	1
A_HP_23	67	Pulse	99	5026971	39309	1
A_HP_23	68	Pulse	99	5046971	9079	1
A_HP_23	68	Picture	response106	5048288	10396	1	39835	1	10000	40000	hit	364
A_HP_23	68	Pulse	99	5066971	29079	1
A_HP_23	68	Response	1	5076240	38348	1
A_HP_23	68	Pulse	99	5086971	49079	1
A_HP_23	69	Picture	response111	5098518	10396	1	39835	1	10000	40000	hit	368
A_HP_23	69	Pulse	99	5106971	18849	1
A_HP_23	69	Response	1	5124850	36728	1
A_HP_23	69	Pulse	99	5126971	38848	1
A_HP_23	70	Pulse	99	5146971	8619	1
A_HP_23	70	Picture	response107	5148987	10634	1	39596	1	10000	40000	hit	372
A_HP_23	70	Response	1	5165500	27148	1
A_HP_23	70	Pulse	99	5166971	28618	1
A_HP_23	70	Pulse	99	5186971	48619	1
A_HP_23	71	Picture	response109	5199145	10562	1	39668	1	10000	40000	hit	377
A_HP_23	71	Pulse	99	5206971	18388	1
A_HP_23	71	Response	1	5216070	27487	1
A_HP_23	71	Pulse	99	5226971	38388	1
A_HP_23	72	Pulse	99	5246971	8158	1
A_HP_23	72	Picture	response110	5249208	10395	1	40245	1	10000	40000	hit	381
A_HP_23	72	Response	2	5266060	27247	1
A_HP_23	72	Pulse	99	5266970	28157	1
A_HP_23	72	Pulse	99	5286971	48158	1
A_HP_23	73	Picture	ins18	5289454	230	1	30229	1	0	30000	other	0
A_HP_23	73	Pulse	99	5306971	17747	1
A_HP_23	73	Pulse	99	5326971	37747	1
A_HP_23	73	Pulse	99	5346971	57747	1
A_HP_23	73	Pulse	99	5366971	77747	1
A_HP_23	73	Pulse	99	5386971	97747	1
A_HP_23	73	Pulse	99	5406971	117747	1
A_HP_23	73	Pulse	99	5426971	137747	1
A_HP_23	73	Pulse	99	5446971	157747	1
A_HP_23	73	Pulse	99	5466971	177747	1
A_HP_23	73	Pulse	99	5486971	197747	1
A_HP_23	73	Pulse	99	5506971	217747	1
A_HP_23	73	Pulse	99	5526971	237747	1
A_HP_23	73	Pulse	99	5546971	257747	1
A_HP_23	73	Pulse	99	5566971	277747	1
A_HP_23	73	Pulse	99	5586971	297747	1
A_HP_23	74	Response	3	5606971	7517	1
A_HP_23	74	Pulse	99	5606971	7517	1
A_HP_23	75	Picture	response142	5617597	10395	1	39835	1	10000	40000	hit	404
A_HP_23	75	Pulse	99	5626971	19770	1
A_HP_23	75	Response	1	5639330	32128	1
A_HP_23	75	Pulse	99	5646971	39770	1
A_HP_23	76	Pulse	99	5666971	9540	1
A_HP_23	76	Picture	response137	5667993	10562	1	39668	1	10000	40000	hit	409
A_HP_23	76	Pulse	99	5686971	29539	1
A_HP_23	76	Response	2	5688979	31547	1
A_HP_23	76	Pulse	99	5706971	49540	1
A_HP_23	77	Picture	response143	5718057	10396	1	39835	1	10000	40000	hit	413
A_HP_23	77	Pulse	99	5726971	19309	1
A_HP_23	77	Response	1	5727939	20277	1
A_HP_23	77	Pulse	99	5746971	39309	1
A_HP_23	78	Pulse	99	5766971	9079	1
A_HP_23	78	Picture	response141	5768287	10396	1	39835	1	10000	40000	hit	417
A_HP_23	78	Response	2	5786460	28568	1
A_HP_23	78	Pulse	99	5786970	29079	1
A_HP_23	78	Pulse	99	5806971	49079	1
A_HP_23	79	Picture	response139	5818517	10395	1	39835	1	10000	40000	hit	422
A_HP_23	79	Pulse	99	5826971	18849	1
A_HP_23	79	Response	1	5831430	23308	1
A_HP_23	79	Pulse	99	5846971	38849	1
A_HP_23	80	Pulse	99	5866971	8619	1
A_HP_23	80	Picture	response140	5868748	10396	1	39834	1	10000	40000	hit	427
A_HP_23	80	Pulse	99	5886971	28619	1
A_HP_23	80	Response	1	5889379	31027	1
A_HP_23	80	Pulse	99	5906971	48619	1
A_HP_23	81	Picture	response144	5919145	10562	1	39668	1	10000	40000	hit	431
A_HP_23	81	Pulse	99	5926971	18388	1
A_HP_23	81	Response	1	5932599	24017	1
A_HP_23	81	Pulse	99	5946971	38388	1
A_HP_23	82	Pulse	99	5966971	8158	1
A_HP_23	82	Picture	response138	5969208	10396	1	40246	1	10000	40000	hit	436
A_HP_23	82	Pulse	99	5986971	28158	1
A_HP_23	82	Response	1	5994720	35907	1
A_HP_23	82	Pulse	99	6006971	48158	1
A_HP_23	83	Picture	ins2	6009454	230	1	30229	1	0	30000	other	0
A_HP_23	83	Pulse	99	6026971	17747	1
A_HP_23	83	Pulse	99	6046971	37747	1
A_HP_23	83	Pulse	99	6066971	57747	1
A_HP_23	83	Pulse	99	6086971	77747	1
A_HP_23	83	Pulse	99	6106971	97747	1
A_HP_23	83	Pulse	99	6126971	117747	1
A_HP_23	83	Pulse	99	6146971	137747	1
A_HP_23	83	Pulse	99	6166970	157746	1
A_HP_23	83	Pulse	99	6186971	177747	1
A_HP_23	83	Pulse	99	6206971	197747	1
A_HP_23	83	Pulse	99	6226971	217747	1
A_HP_23	83	Pulse	99	6246971	237747	1
A_HP_23	83	Pulse	99	6266971	257746	1
A_HP_23	83	Pulse	99	6286971	277747	1
A_HP_23	83	Pulse	99	6306971	297747	1
A_HP_23	84	Response	3	6326971	7517	1
A_HP_23	84	Pulse	99	6326971	7517	1
A_HP_23	85	Picture	response14	6337597	10396	1	39834	1	10000	40000	hit	458
A_HP_23	85	Pulse	99	6346971	19770	1
A_HP_23	85	Response	1	6351489	24288	1
A_HP_23	85	Pulse	99	6366971	39770	1
A_HP_23	86	Pulse	99	6386971	9540	1
A_HP_23	86	Picture	response12	6387993	10562	1	39668	1	10000	40000	hit	462
A_HP_23	86	Response	1	6401089	23659	1
A_HP_23	86	Pulse	99	6406970	29539	1
A_HP_23	86	Pulse	99	6426971	49540	1
A_HP_23	87	Picture	response16	6438057	10395	1	39835	1	10000	40000	hit	467
A_HP_23	87	Pulse	99	6446970	19309	1
A_HP_23	87	Response	2	6448078	20417	1
A_HP_23	87	Pulse	99	6466970	39309	1
A_HP_23	88	Pulse	99	6486971	9079	1
A_HP_23	88	Picture	response15	6488287	10395	1	39835	1	10000	40000	hit	471
A_HP_23	88	Response	2	6495070	17178	1
A_HP_23	88	Pulse	99	6506971	29079	1
A_HP_23	88	Pulse	99	6526971	49079	1
A_HP_23	89	Picture	response9	6538517	10396	1	39834	1	10000	40000	hit	476
A_HP_23	89	Pulse	99	6546971	18849	1
A_HP_23	89	Response	1	6549019	20897	1
A_HP_23	89	Pulse	99	6566971	38850	1
A_HP_23	90	Pulse	99	6586971	8619	1
A_HP_23	90	Picture	response11	6588747	10395	1	39835	1	10000	40000	hit	480
A_HP_23	90	Response	2	6603539	25188	1
A_HP_23	90	Pulse	99	6606970	28618	1
A_HP_23	90	Pulse	99	6626971	48619	1
A_HP_23	91	Picture	response10	6639143	10562	1	39668	1	10000	40000	hit	485
A_HP_23	91	Pulse	99	6646971	18389	1
A_HP_23	91	Response	1	6648509	19927	1
A_HP_23	91	Pulse	99	6666970	38389	1
A_HP_23	92	Pulse	99	6686970	8158	1
A_HP_23	92	Picture	response13	6689208	10396	1	40246	1	10000	40000	hit	489
A_HP_23	92	Response	2	6705649	26837	1
A_HP_23	92	Pulse	99	6706970	28158	1
A_HP_23	92	Pulse	99	6726970	48158	1
A_HP_23	93	Picture	ins4	6729454	230	1	30230	1	0	30000	other	0
A_HP_23	93	Pulse	99	6746971	17747	1
A_HP_23	93	Pulse	99	6766970	37746	1
A_HP_23	93	Pulse	99	6786970	57746	1
A_HP_23	93	Pulse	99	6806970	77746	1
A_HP_23	93	Pulse	99	6826970	97746	1
A_HP_23	93	Pulse	99	6846970	117746	1
A_HP_23	93	Pulse	99	6866970	137746	1
A_HP_23	93	Pulse	99	6886970	157746	1
A_HP_23	93	Pulse	99	6906970	177746	1
A_HP_23	93	Pulse	99	6926970	197746	1
A_HP_23	93	Pulse	99	6946970	217746	1
A_HP_23	93	Pulse	99	6966970	237746	1
A_HP_23	93	Pulse	99	6986970	257746	1
A_HP_23	93	Pulse	99	7006970	277746	1
A_HP_23	93	Pulse	99	7026970	297746	1
A_HP_23	94	Response	3	7046970	7515	1
A_HP_23	94	Pulse	99	7046970	7515	1
A_HP_23	95	Picture	response26	7057596	10396	1	39835	1	10000	40000	hit	511
A_HP_23	95	Response	2	7066349	19149	1
A_HP_23	95	Pulse	99	7066969	19769	1
A_HP_23	95	Pulse	99	7086970	39770	1
A_HP_23	96	Pulse	99	7106970	9540	1
A_HP_23	96	Picture	response31	7107992	10562	1	39668	1	10000	40000	hit	516
A_HP_23	96	Response	1	7120199	22769	1
A_HP_23	96	Pulse	99	7126970	29540	1
A_HP_23	96	Pulse	99	7146971	49540	1
A_HP_23	97	Picture	response30	7158056	10396	1	39834	1	10000	40000	hit	520
A_HP_23	97	Response	1	7166689	19029	1
A_HP_23	97	Pulse	99	7166970	19310	1
A_HP_23	97	Pulse	99	7186970	39310	1
A_HP_23	98	Pulse	99	7206970	9080	1
A_HP_23	98	Picture	response27	7208286	10396	1	39835	1	10000	40000	hit	525
A_HP_23	98	Response	1	7217449	19559	1
A_HP_23	98	Pulse	99	7226970	29080	1
A_HP_23	98	Pulse	99	7246970	49080	1
A_HP_23	99	Picture	response29	7258516	10396	1	39835	1	10000	40000	hit	529
A_HP_23	99	Response	1	7265809	17688	1
A_HP_23	99	Pulse	99	7266969	18849	1
A_HP_23	99	Pulse	99	7286970	38849	1
A_HP_23	100	Pulse	99	7306970	8619	1
A_HP_23	100	Picture	response25	7308747	10396	1	39835	1	10000	40000	hit	534
A_HP_23	100	Response	2	7316949	18598	1
A_HP_23	100	Pulse	99	7326970	28619	1
A_HP_23	100	Pulse	99	7346970	48619	1
A_HP_23	101	Picture	response28	7359143	10562	1	39668	1	10000	40000	hit	538
A_HP_23	101	Response	1	7365938	17357	1
A_HP_23	101	Pulse	99	7366969	18388	1
A_HP_23	101	Pulse	99	7386970	38389	1
A_HP_23	102	Pulse	99	7406970	8159	1
A_HP_23	102	Picture	response32	7409207	10395	1	40247	1	10000	40000	hit	543
A_HP_23	102	Response	2	7417659	18848	1
A_HP_23	102	Pulse	99	7426970	28159	1
A_HP_23	102	Pulse	99	7446970	48159	1
A_HP_23	103	Picture	ins6	7449453	230	1	30229	1	0	30000	other	0
A_HP_23	103	Pulse	99	7466970	17747	1
A_HP_23	103	Pulse	99	7486970	37746	1
A_HP_23	103	Pulse	99	7506970	57746	1
A_HP_23	103	Pulse	99	7526970	77746	1
A_HP_23	103	Pulse	99	7546970	97746	1
A_HP_23	103	Pulse	99	7566970	117746	1
A_HP_23	103	Pulse	99	7586970	137746	1
A_HP_23	103	Pulse	99	7606969	157746	1
A_HP_23	103	Pulse	99	7626970	177746	1
A_HP_23	103	Pulse	99	7646970	197746	1
A_HP_23	103	Pulse	99	7666970	217746	1
A_HP_23	103	Pulse	99	7686970	237747	1
A_HP_23	103	Pulse	99	7706970	257746	1
A_HP_23	103	Pulse	99	7726970	277746	1
A_HP_23	103	Pulse	99	7746970	297746	1
A_HP_23	104	Response	3	7766970	7516	1
A_HP_23	104	Pulse	99	7766970	7516	1
A_HP_23	105	Picture	response46	7777596	10396	1	39834	1	10000	40000	hit	565
A_HP_23	105	Response	2	7786719	19519	1
A_HP_23	105	Pulse	99	7786969	19769	1
A_HP_23	105	Pulse	99	7806970	39770	1
A_HP_23	106	Pulse	99	7826970	9540	1
A_HP_23	106	Picture	response44	7827992	10562	1	39668	1	10000	40000	hit	570
A_HP_23	106	Response	2	7833149	15718	1
A_HP_23	106	Pulse	99	7846970	29540	1
A_HP_23	106	Pulse	99	7866970	49540	1
A_HP_23	107	Picture	response43	7878056	10395	1	39834	1	10000	40000	hit	574
A_HP_23	107	Response	1	7882339	14679	1
A_HP_23	107	Pulse	99	7886969	19309	1
A_HP_23	107	Pulse	99	7906970	39310	1
A_HP_23	108	Pulse	99	7926970	9080	1
A_HP_23	108	Picture	response42	7928285	10395	1	39835	1	10000	40000	hit	579
A_HP_23	108	Response	1	7935439	17549	1
A_HP_23	108	Pulse	99	7946970	29079	1
A_HP_23	108	Pulse	99	7966970	49080	1
A_HP_23	109	Picture	response48	7978516	10395	1	39835	1	10000	40000	hit	583
A_HP_23	109	Response	1	7983608	15488	1
A_HP_23	109	Pulse	99	7986969	18849	1
A_HP_23	109	Pulse	99	8006970	38849	1
A_HP_23	110	Pulse	99	8026970	8619	1
A_HP_23	110	Picture	response47	8028746	10395	1	39835	1	10000	40000	hit	588
A_HP_23	110	Response	1	8034468	16117	1
A_HP_23	110	Pulse	99	8046969	28619	1
A_HP_23	110	Pulse	99	8066969	48619	1
A_HP_23	111	Picture	response45	8079143	10562	1	39669	1	10000	40000	hit	592
A_HP_23	111	Response	1	8086538	17957	1
A_HP_23	111	Pulse	99	8086969	18388	1
A_HP_23	111	Pulse	99	8106969	38389	1
A_HP_23	112	Pulse	99	8126970	8159	1
A_HP_23	112	Picture	response41	8129207	10396	1	40247	1	10000	40000	hit	597
A_HP_23	112	Response	2	8136319	17507	1
A_HP_23	112	Pulse	99	8146970	28158	1
A_HP_23	112	Pulse	99	8166970	48159	1
A_HP_23	113	Picture	ins16	8169453	230	1	30229	1	0	30000	other	0
A_HP_23	113	Pulse	99	8186970	17747	1
A_HP_23	113	Pulse	99	8206970	37746	1
A_HP_23	113	Pulse	99	8226970	57746	1
A_HP_23	113	Pulse	99	8246970	77746	1
A_HP_23	113	Pulse	99	8266970	97746	1
A_HP_23	113	Pulse	99	8286970	117746	1
A_HP_23	113	Pulse	99	8306970	137747	1
A_HP_23	113	Pulse	99	8326970	157746	1
A_HP_23	113	Pulse	99	8346970	177746	1
A_HP_23	113	Pulse	99	8366970	197746	1
A_HP_23	113	Pulse	99	8386970	217746	1
A_HP_23	113	Pulse	99	8406890	237667	1
A_HP_23	113	Pulse	99	8426970	257747	1
A_HP_23	113	Pulse	99	8446970	277747	1
A_HP_23	113	Pulse	99	8466970	297747	1
A_HP_23	114	Response	3	8486970	7516	1
A_HP_23	114	Pulse	99	8486970	7516	1
A_HP_23	115	Picture	response123	8497595	10395	1	39835	1	10000	40000	hit	620
A_HP_23	115	Pulse	99	8506970	19770	1
A_HP_23	115	Response	2	8517658	30458	1
A_HP_23	115	Pulse	99	8526970	39770	1
A_HP_23	116	Pulse	99	8546889	9459	1
A_HP_23	116	Picture	response126	8547993	10562	1	39668	1	10000	40000	hit	625
A_HP_23	116	Pulse	99	8566970	29539	1
A_HP_23	116	Response	2	8574849	37418	1
A_HP_23	116	Pulse	99	8586970	49539	1
A_HP_23	117	Picture	response121	8598056	10395	1	39835	1	10000	40000	hit	629
A_HP_23	117	Pulse	99	8606969	19309	1
A_HP_23	117	Response	1	8607577	19917	1
A_HP_23	117	Pulse	99	8626969	39309	1
A_HP_23	118	Pulse	99	8646969	9078	1
A_HP_23	118	Picture	response128	8648286	10396	1	39835	1	10000	40000	hit	633
A_HP_23	118	Response	2	8665878	27987	1
A_HP_23	118	Pulse	99	8666969	29078	1
A_HP_23	118	Pulse	99	8686969	49078	1
A_HP_23	119	Picture	response125	8698517	10396	1	39835	1	10000	40000	hit	638
A_HP_23	119	Pulse	99	8706969	18848	1
A_HP_23	119	Response	2	8712018	23897	1
A_HP_23	119	Pulse	99	8726969	38848	1
A_HP_23	120	Pulse	99	8746969	8618	1
A_HP_23	120	Picture	response124	8748748	10397	1	39834	1	10000	40000	hit	643
A_HP_23	120	Pulse	99	8766889	28537	1
A_HP_23	120	Response	2	8773458	35106	1
A_HP_23	120	Pulse	99	8786969	48618	1
A_HP_23	121	Picture	response127	8799144	10562	1	39668	1	10000	40000	hit	647
A_HP_23	121	Pulse	99	8806969	18388	1
A_HP_23	121	Response	2	8819378	30796	1
A_HP_23	121	Pulse	99	8826969	38387	1
A_HP_23	122	Pulse	99	8846969	8157	1
A_HP_23	122	Picture	response122	8849207	10396	1	39835	1	10000	40000	hit	651
A_HP_23	122	Response	1	8861938	23126	1
A_HP_23	122	Pulse	99	8866969	28157	1
A_HP_23	122	Pulse	99	8886969	48157	1
A_HP_23	123	Picture	thanks	8889042	0	1	10229	1	0	10000	other	0
A_HP_23	123	Pulse	99	8906889	17846	1


Event Type	Code	Type	Response	RT	RT Uncertainty	Time	Uncertainty	Duration	Uncertainty	ReqTime	ReqDur

Picture	ready	other				187205	1	10230	1	0	10000
Picture	ins10	other				247759	1	30229	1	0	30000
Picture	response78	hit	1	27494	2	577679	1	39689	1	10000	40000
Picture	response76	hit	1	16309	2	627763	1	39835	1	10000	40000
Picture	response74	hit	1	17692	2	678160	1	39669	1	10000	40000
Picture	response75	hit	2	15018	2	728224	1	39834	1	10000	40000
Picture	response73	hit	2	12318	2	778454	1	39835	1	10000	40000
Picture	response79	hit	1	10417	2	828685	1	39835	1	10000	40000
Picture	response77	hit	2	25706	2	878916	1	39835	1	10000	40000
Picture	response80	hit	2	13140	2	929313	1	40044	1	10000	40000
Picture	ins22	other				969357	1	30229	1	0	30000
Picture	response170	incorrect	1	25063	2	1297678	1	39835	1	10000	40000
Picture	response173	hit	1	23873	2	1347909	1	39834	1	10000	40000
Picture	response169	hit	2	15726	2	1398305	1	39669	1	10000	40000
Picture	response174	hit	2	31473	2	1448369	1	39834	1	10000	40000
Picture	response176	hit	1	29232	2	1498599	1	39834	1	10000	40000
Picture	response175	incorrect	1	31386	2	1548995	1	39668	1	10000	40000
Picture	response172	hit	2	35223	2	1599059	1	39835	1	10000	40000
Picture	response171	incorrect	2	27073	2	1649289	1	40168	1	10000	40000
Picture	ins24	other				1689456	1	30229	1	0	30000
Picture	response192	hit	1	24323	2	2017678	1	39835	1	10000	40000
Picture	response185	hit	1	22702	2	2067909	1	39835	1	10000	40000
Picture	response187	hit	2	14185	2	2118306	1	39668	1	10000	40000
Picture	response186	hit	2	22452	2	2168369	1	39834	1	10000	40000
Picture	response189	hit	1	19932	2	2218599	1	39834	1	10000	40000
Picture	response190	hit	1	24386	2	2268995	1	39668	1	10000	40000
Picture	response188	hit	2	25092	2	2319059	1	39834	1	10000	40000
Picture	response191	hit	1	20212	2	2369289	1	40167	1	10000	40000
Picture	ins12	other				2409456	1	30229	1	0	30000
Picture	response92	hit	1	12333	2	2737678	1	39835	1	10000	40000
Picture	response90	hit	1	16553	2	2787908	1	39835	1	10000	40000
Picture	response89	hit	2	17516	2	2838305	1	39668	1	10000	40000
Picture	response93	hit	1	15163	2	2888368	1	39835	1	10000	40000
Picture	response91	miss				2938599	1	39834	1	10000	40000
Picture	response95	hit	1	9465	2	2988995	1	39668	1	10000	40000
Picture	response96	hit	2	13112	2	3039059	1	39834	1	10000	40000
Picture	response94	hit	2	27322	2	3089289	1	40166	1	10000	40000
Picture	ins20	other				3129455	1	30229	1	0	30000
Picture	response155	hit	2	19463	2	3457597	1	39835	1	10000	40000
Picture	response160	hit	2	27236	2	3507994	1	39668	1	10000	40000
Picture	response156	hit	2	21382	2	3558058	1	39834	1	10000	40000
Picture	response154	incorrect	2	25852	2	3608288	1	39834	1	10000	40000
Picture	response159	hit	2	16773	2	3658518	1	39835	1	10000	40000
Picture	response157	hit	2	25772	2	3708749	1	39835	1	10000	40000
Picture	response153	hit	1	17265	2	3759146	1	39668	1	10000	40000
Picture	response158	hit	2	30511	2	3809209	1	40246	1	10000	40000
Picture	ins8	other				3849456	1	30229	1	0	30000
Picture	response59	hit	1	11272	2	4177598	1	39834	1	10000	40000
Picture	response57	hit	1	15457	2	4227994	1	39668	1	10000	40000
Picture	response62	hit	2	19573	2	4278057	1	39835	1	10000	40000
Picture	response58	hit	1	7522	2	4328288	1	39835	1	10000	40000
Picture	response60	hit	2	9421	2	4378518	1	39834	1	10000	40000
Picture	response64	hit	2	14032	2	4428748	1	39834	1	10000	40000
Picture	response63	hit	1	6946	2	4479145	1	39668	1	10000	40000
Picture	response61	hit	2	16243	2	4529207	1	40247	1	10000	40000
Picture	ins14	other				4569454	1	30229	1	0	30000
Picture	response108	hit	2	15494	2	4897597	1	39835	1	10000	40000
Picture	response105	hit	2	15417	2	4947993	1	39668	1	10000	40000
Picture	response112	hit	2	17122	2	4998058	1	39834	1	10000	40000
Picture	response106	hit	1	27952	2	5048288	1	39835	1	10000	40000
Picture	response111	hit	1	26332	2	5098518	1	39835	1	10000	40000
Picture	response107	hit	1	16514	2	5148987	1	39596	1	10000	40000
Picture	response109	hit	1	16925	2	5199145	1	39668	1	10000	40000
Picture	response110	hit	2	16851	2	5249208	1	40245	1	10000	40000
Picture	ins18	other				5289454	1	30229	1	0	30000
Picture	response142	hit	1	21733	2	5617597	1	39835	1	10000	40000
Picture	response137	hit	2	20985	2	5667993	1	39668	1	10000	40000
Picture	response143	hit	1	9882	2	5718057	1	39835	1	10000	40000
Picture	response141	hit	2	18172	2	5768287	1	39835	1	10000	40000
Picture	response139	hit	1	12913	2	5818517	1	39835	1	10000	40000
Picture	response140	hit	1	20631	2	5868748	1	39834	1	10000	40000
Picture	response144	hit	1	13454	2	5919145	1	39668	1	10000	40000
Picture	response138	hit	1	25511	2	5969208	1	40246	1	10000	40000
Picture	ins2	other				6009454	1	30229	1	0	30000
Picture	response14	hit	1	13893	2	6337597	1	39834	1	10000	40000
Picture	response12	hit	1	13096	2	6387993	1	39668	1	10000	40000
Picture	response16	hit	2	10022	2	6438057	1	39835	1	10000	40000
Picture	response15	hit	2	6783	2	6488287	1	39835	1	10000	40000
Picture	response9	hit	1	10502	2	6538517	1	39834	1	10000	40000
Picture	response11	hit	2	14793	2	6588747	1	39835	1	10000	40000
Picture	response10	hit	1	9365	2	6639143	1	39668	1	10000	40000
Picture	response13	hit	2	16442	2	6689208	1	40246	1	10000	40000
Picture	ins4	other				6729454	1	30230	1	0	30000
Picture	response26	hit	2	8753	2	7057596	1	39835	1	10000	40000
Picture	response31	hit	1	12207	2	7107992	1	39668	1	10000	40000
Picture	response30	hit	1	8633	2	7158056	1	39834	1	10000	40000
Picture	response27	hit	1	9163	2	7208286	1	39835	1	10000	40000
Picture	response29	hit	1	7292	2	7258516	1	39835	1	10000	40000
Picture	response25	hit	2	8202	2	7308747	1	39835	1	10000	40000
Picture	response28	hit	1	6795	2	7359143	1	39668	1	10000	40000
Picture	response32	hit	2	8452	2	7409207	1	40247	1	10000	40000
Picture	ins6	other				7449453	1	30229	1	0	30000
Picture	response46	hit	2	9123	2	7777596	1	39834	1	10000	40000
Picture	response44	hit	2	5156	2	7827992	1	39668	1	10000	40000
Picture	response43	hit	1	4283	2	7878056	1	39834	1	10000	40000
Picture	response42	hit	1	7154	2	7928285	1	39835	1	10000	40000
Picture	response48	hit	1	5092	2	7978516	1	39835	1	10000	40000
Picture	response47	hit	1	5722	2	8028746	1	39835	1	10000	40000
Picture	response45	hit	1	7396	2	8079143	1	39669	1	10000	40000
Picture	response41	hit	2	7112	2	8129207	1	40247	1	10000	40000
Picture	ins16	other				8169453	1	30229	1	0	30000
Picture	response123	hit	2	20063	2	8497595	1	39835	1	10000	40000
Picture	response126	hit	2	26856	2	8547993	1	39668	1	10000	40000
Picture	response121	hit	1	9522	2	8598056	1	39835	1	10000	40000
Picture	response128	hit	2	17591	2	8648286	1	39835	1	10000	40000
Picture	response125	hit	2	13501	2	8698517	1	39835	1	10000	40000
Picture	response124	hit	2	24710	2	8748748	1	39834	1	10000	40000
Picture	response127	hit	2	20234	2	8799144	1	39668	1	10000	40000
Picture	response122	hit	1	12730	2	8849207	1	39835	1	10000	40000
Picture	thanks	other				8889042	1	10229	1	0	10000


{
   "app": "Presentation Version 21.0 Build 06.06.19",
   "device": "LENOVO 20KHCTO1WW",
   "experiment": "{A2FC4E2A-B401-4E65-9CA9-5B09E294C871}",
   "os": "Windows 10 64 bit",
   "package": "",
   "parameters": {
      "configuration": "Default configuration"
   },
   "scenario": "Dimension experiment(2).sce",
   "subject": "A_HP_23",
   "timestamp": "2019/10/17 07:31:03 GMT"
}
