Scenario - 
Logfile written - 12/04/2019 13:55:48

Subject	Trial	Event Type	Code	Time	TTime	Uncertainty	Duration	Uncertainty	ReqTime	ReqDur	Stim Type	Pair Index

A_HP_36	1	Response	3	1298038	1296872	1
A_HP_36	1	Pulse	99	1298038	1296872	1
A_HP_36	2	Picture	ready	1298270	0	1	10229	1	0	10000	other	0
A_HP_36	2	Pulse	99	1318038	19768	1
A_HP_36	2	Pulse	99	1338038	39768	1
A_HP_36	2	Pulse	99	1358039	59768	1
A_HP_36	3	Picture	ins18	1358973	325	1	30229	1	0	30000	other	0
A_HP_36	3	Pulse	99	1378039	19391	1
A_HP_36	3	Pulse	99	1398038	39391	1
A_HP_36	3	Pulse	99	1418038	59391	1
A_HP_36	3	Pulse	99	1438039	79391	1
A_HP_36	3	Pulse	99	1458039	99392	1
A_HP_36	3	Pulse	99	1478039	119391	1
A_HP_36	3	Pulse	99	1498039	139391	1
A_HP_36	3	Pulse	99	1518039	159391	1
A_HP_36	3	Pulse	99	1538039	179391	1
A_HP_36	3	Pulse	99	1558039	199391	1
A_HP_36	3	Pulse	99	1578039	219391	1
A_HP_36	3	Pulse	99	1598039	239391	1
A_HP_36	3	Pulse	99	1618039	259391	1
A_HP_36	3	Pulse	99	1638039	279391	1
A_HP_36	3	Pulse	99	1658039	299391	1
A_HP_36	4	Response	3	1678038	9161	1
A_HP_36	4	Pulse	99	1678038	9161	1
A_HP_36	5	Picture	response140	1688831	10562	1	39668	1	10000	40000	hit	27
A_HP_36	5	Pulse	99	1698038	19769	1
A_HP_36	5	Response	1	1701547	23278	1
A_HP_36	5	Pulse	99	1718038	39770	1
A_HP_36	6	Pulse	99	1738039	9540	1
A_HP_36	6	Picture	response138	1738895	10396	1	39835	1	10000	40000	hit	31
A_HP_36	6	Response	1	1752387	23888	1
A_HP_36	6	Pulse	99	1758038	29539	1
A_HP_36	6	Pulse	99	1778038	49539	1
A_HP_36	7	Picture	response137	1789126	10396	1	39834	1	10000	40000	hit	36
A_HP_36	7	Pulse	99	1798039	19309	1
A_HP_36	7	Response	2	1810797	32068	1
A_HP_36	7	Pulse	99	1818038	39309	1
A_HP_36	8	Pulse	99	1838038	9079	1
A_HP_36	8	Picture	response144	1839355	10396	1	39835	1	10000	40000	hit	41
A_HP_36	8	Pulse	99	1858038	29078	1
A_HP_36	8	Response	1	1858456	29496	1
A_HP_36	8	Pulse	99	1878038	49078	1
A_HP_36	9	Picture	response141	1889586	10396	1	39835	1	10000	40000	hit	45
A_HP_36	9	Pulse	99	1898038	18848	1
A_HP_36	9	Response	2	1911127	31937	1
A_HP_36	9	Pulse	99	1918038	38848	1
A_HP_36	10	Pulse	99	1938038	8618	1
A_HP_36	10	Picture	response143	1939982	10562	1	39668	1	10000	40000	hit	50
A_HP_36	10	Pulse	99	1958038	28618	1
A_HP_36	10	Response	1	1961307	31887	1
A_HP_36	10	Pulse	99	1978038	48618	1
A_HP_36	11	Picture	response139	1990046	10395	1	39835	1	10000	40000	hit	54
A_HP_36	11	Pulse	99	1998038	18387	1
A_HP_36	11	Response	1	2002546	22896	1
A_HP_36	11	Pulse	99	2018038	38387	1
A_HP_36	12	Pulse	99	2038038	8156	1
A_HP_36	12	Picture	response142	2040277	10396	1	40199	1	10000	40000	hit	58
A_HP_36	12	Response	1	2056927	27046	1
A_HP_36	12	Pulse	99	2058038	28156	1
A_HP_36	12	Pulse	99	2078038	48157	1
A_HP_36	13	Picture	ins20	2080477	230	1	30229	1	0	30000	other	0
A_HP_36	13	Pulse	99	2098038	17792	1
A_HP_36	13	Pulse	99	2118038	37792	1
A_HP_36	13	Pulse	99	2138038	57792	1
A_HP_36	13	Pulse	99	2158039	77792	1
A_HP_36	13	Pulse	99	2178038	97792	1
A_HP_36	13	Pulse	99	2198039	117792	1
A_HP_36	13	Pulse	99	2218038	137792	1
A_HP_36	13	Pulse	99	2238038	157792	1
A_HP_36	13	Pulse	99	2258038	177792	1
A_HP_36	13	Pulse	99	2278038	197792	1
A_HP_36	13	Pulse	99	2298038	217792	1
A_HP_36	13	Pulse	99	2318038	237792	1
A_HP_36	13	Pulse	99	2338038	257792	1
A_HP_36	13	Pulse	99	2358038	277792	1
A_HP_36	13	Pulse	99	2378039	297792	1
A_HP_36	14	Response	3	2398038	7561	1
A_HP_36	14	Pulse	99	2398038	7561	1
A_HP_36	15	Picture	response153	2408830	10562	1	39668	1	10000	40000	hit	81
A_HP_36	15	Pulse	99	2418038	19770	1
A_HP_36	15	Response	1	2436786	38518	1
A_HP_36	15	Pulse	99	2438037	39769	1
A_HP_36	16	Pulse	99	2458039	9541	1
A_HP_36	16	Picture	response160	2458894	10396	1	39835	1	10000	40000	hit	86
A_HP_36	16	Pulse	99	2478038	29540	1
A_HP_36	16	Response	2	2492407	43909	1
A_HP_36	16	Pulse	99	2498038	49540	1
A_HP_36	17	Picture	response154	2509124	10396	1	39835	1	10000	40000	hit	90
A_HP_36	17	Pulse	99	2518038	19310	1
A_HP_36	17	Response	1	2528347	29619	1
A_HP_36	17	Pulse	99	2538038	39310	1
A_HP_36	18	Pulse	99	2558038	9079	1
A_HP_36	18	Picture	response158	2559187	10227	1	40003	1	10000	40000	hit	94
A_HP_36	18	Response	2	2575387	26427	1
A_HP_36	18	Pulse	99	2578037	29078	1
A_HP_36	18	Pulse	99	2598038	49078	1
A_HP_36	19	Picture	response155	2609585	10395	1	39835	1	10000	40000	hit	100
A_HP_36	19	Pulse	99	2618038	18848	1
A_HP_36	19	Pulse	99	2638038	38848	1
A_HP_36	19	Response	2	2639346	40157	1
A_HP_36	20	Pulse	99	2658038	8618	1
A_HP_36	20	Picture	response156	2659982	10562	1	39668	1	10000	40000	hit	104
A_HP_36	20	Pulse	99	2678038	28618	1
A_HP_36	20	Response	2	2683327	33907	1
A_HP_36	20	Pulse	99	2698038	48618	1
A_HP_36	21	Picture	response157	2710045	10395	1	39834	1	10000	40000	hit	108
A_HP_36	21	Pulse	99	2718038	18388	1
A_HP_36	21	Response	2	2732577	32927	1
A_HP_36	21	Pulse	99	2738038	38388	1
A_HP_36	22	Pulse	99	2758038	8158	1
A_HP_36	22	Picture	response159	2760275	10395	1	40202	1	10000	40000	hit	113
A_HP_36	22	Pulse	99	2778038	28158	1
A_HP_36	22	Response	2	2779556	29677	1
A_HP_36	22	Pulse	99	2798038	48158	1
A_HP_36	23	Picture	ins8	2800477	231	1	30229	1	0	30000	other	0
A_HP_36	23	Pulse	99	2818038	17791	1
A_HP_36	23	Pulse	99	2838038	37791	1
A_HP_36	23	Pulse	99	2858038	57791	1
A_HP_36	23	Pulse	99	2878037	77791	1
A_HP_36	23	Pulse	99	2898038	97791	1
A_HP_36	23	Pulse	99	2918038	117791	1
A_HP_36	23	Pulse	99	2938038	137791	1
A_HP_36	23	Pulse	99	2958038	157791	1
A_HP_36	23	Pulse	99	2978038	177792	1
A_HP_36	23	Pulse	99	2998037	197791	1
A_HP_36	23	Pulse	99	3018038	217792	1
A_HP_36	23	Pulse	99	3038038	237791	1
A_HP_36	23	Pulse	99	3058038	257791	1
A_HP_36	23	Pulse	99	3078038	277791	1
A_HP_36	23	Pulse	99	3098038	297791	1
A_HP_36	24	Response	3	3118038	7562	1
A_HP_36	24	Pulse	99	3118038	7562	1
A_HP_36	25	Picture	response63	3128830	10562	1	39668	1	10000	40000	hit	135
A_HP_36	25	Pulse	99	3138037	19769	1
A_HP_36	25	Response	1	3139115	20847	1
A_HP_36	25	Pulse	99	3158037	39769	1
A_HP_36	26	Pulse	99	3178038	9539	1
A_HP_36	26	Picture	response58	3178894	10395	1	39835	1	10000	40000	hit	139
A_HP_36	26	Response	1	3189096	20598	1
A_HP_36	26	Pulse	99	3198038	29539	1
A_HP_36	26	Pulse	99	3218038	49539	1
A_HP_36	27	Picture	response57	3229125	10396	1	39835	1	10000	40000	hit	143
A_HP_36	27	Response	1	3237607	18878	1
A_HP_36	27	Pulse	99	3238037	19308	1
A_HP_36	27	Pulse	99	3258038	39309	1
A_HP_36	28	Pulse	99	3278037	9078	1
A_HP_36	28	Picture	response62	3279355	10396	1	39835	1	10000	40000	hit	148
A_HP_36	28	Response	2	3290256	21296	1
A_HP_36	28	Pulse	99	3298037	29078	1
A_HP_36	28	Pulse	99	3318037	49078	1
A_HP_36	29	Picture	response61	3329586	10396	1	39834	1	10000	40000	hit	153
A_HP_36	29	Pulse	99	3338038	18847	1
A_HP_36	29	Response	2	3343827	24637	1
A_HP_36	29	Pulse	99	3358038	38848	1
A_HP_36	30	Pulse	99	3378038	8617	1
A_HP_36	30	Picture	response60	3379982	10562	1	39668	1	10000	40000	hit	157
A_HP_36	30	Response	2	3390366	20946	1
A_HP_36	30	Pulse	99	3398037	28617	1
A_HP_36	30	Pulse	99	3418038	48618	1
A_HP_36	31	Picture	response59	3430046	10395	1	39835	1	10000	40000	hit	162
A_HP_36	31	Pulse	99	3438038	18387	1
A_HP_36	31	Response	1	3440677	21027	1
A_HP_36	31	Pulse	99	3458038	38387	1
A_HP_36	32	Pulse	99	3478038	8157	1
A_HP_36	32	Picture	response64	3480276	10395	1	40200	1	10000	40000	hit	166
A_HP_36	32	Response	2	3490726	20846	1
A_HP_36	32	Pulse	99	3498037	28157	1
A_HP_36	32	Pulse	99	3518038	48157	1
A_HP_36	33	Picture	ins6	3520476	230	1	30229	1	0	30000	other	0
A_HP_36	33	Pulse	99	3538037	17791	1
A_HP_36	33	Pulse	99	3558038	37791	1
A_HP_36	33	Pulse	99	3578038	57791	1
A_HP_36	33	Pulse	99	3598038	77791	1
A_HP_36	33	Pulse	99	3618038	97791	1
A_HP_36	33	Pulse	99	3638038	117792	1
A_HP_36	33	Pulse	99	3658038	137791	1
A_HP_36	33	Pulse	99	3678038	157791	1
A_HP_36	33	Pulse	99	3698038	177791	1
A_HP_36	33	Pulse	99	3718037	197791	1
A_HP_36	33	Pulse	99	3738037	217791	1
A_HP_36	33	Pulse	99	3758038	237792	1
A_HP_36	33	Pulse	99	3778037	257791	1
A_HP_36	33	Pulse	99	3798038	277791	1
A_HP_36	33	Pulse	99	3818038	297792	1
A_HP_36	34	Response	3	3838037	7561	1
A_HP_36	34	Pulse	99	3838037	7561	1
A_HP_36	35	Picture	response43	3848829	10562	1	39668	1	10000	40000	hit	189
A_HP_36	35	Pulse	99	3858037	19770	1
A_HP_36	35	Response	1	3858465	20198	1
A_HP_36	35	Pulse	99	3878037	39770	1
A_HP_36	36	Pulse	99	3898038	9540	1
A_HP_36	36	Picture	response48	3898893	10395	1	39835	1	10000	40000	hit	193
A_HP_36	36	Response	1	3909766	21268	1
A_HP_36	36	Pulse	99	3918037	29539	1
A_HP_36	36	Pulse	99	3938037	49539	1
A_HP_36	37	Picture	response45	3949124	10396	1	39835	1	10000	40000	hit	198
A_HP_36	37	Pulse	99	3958038	19309	1
A_HP_36	37	Response	1	3962686	23958	1
A_HP_36	37	Pulse	99	3978037	39309	1
A_HP_36	38	Pulse	99	3998037	9079	1
A_HP_36	38	Picture	response42	3999354	10395	1	39835	1	10000	40000	hit	202
A_HP_36	38	Response	1	4011526	22568	1
A_HP_36	38	Pulse	99	4018037	29079	1
A_HP_36	38	Pulse	99	4038037	49079	1
A_HP_36	39	Picture	response46	4049585	10396	1	39835	1	10000	40000	hit	207
A_HP_36	39	Pulse	99	4058037	18848	1
A_HP_36	39	Response	2	4069066	29877	1
A_HP_36	39	Pulse	99	4078037	38848	1
A_HP_36	40	Pulse	99	4098037	8618	1
A_HP_36	40	Picture	response47	4099982	10562	1	39668	1	10000	40000	hit	211
A_HP_36	40	Response	1	4109366	19947	1
A_HP_36	40	Pulse	99	4118037	28618	1
A_HP_36	40	Pulse	99	4138037	48618	1
A_HP_36	41	Picture	response41	4150045	10396	1	39834	1	10000	40000	hit	216
A_HP_36	41	Pulse	99	4158038	18388	1
A_HP_36	41	Response	2	4161746	22096	1
A_HP_36	41	Pulse	99	4178037	38388	1
A_HP_36	42	Pulse	99	4198037	8157	1
A_HP_36	42	Picture	response44	4200275	10395	1	40201	1	10000	40000	hit	220
A_HP_36	42	Response	2	4209336	19456	1
A_HP_36	42	Pulse	99	4218037	28157	1
A_HP_36	42	Pulse	99	4238037	48157	1
A_HP_36	43	Picture	ins14	4240476	230	1	30229	1	0	30000	other	0
A_HP_36	43	Pulse	99	4258037	17791	1
A_HP_36	43	Pulse	99	4278037	37792	1
A_HP_36	43	Pulse	99	4298037	57791	1
A_HP_36	43	Pulse	99	4318037	77791	1
A_HP_36	43	Pulse	99	4338037	97791	1
A_HP_36	43	Pulse	99	4358037	117791	1
A_HP_36	43	Pulse	99	4378037	137792	1
A_HP_36	43	Pulse	99	4398037	157791	1
A_HP_36	43	Pulse	99	4418037	177792	1
A_HP_36	43	Pulse	99	4437957	197712	1
A_HP_36	43	Pulse	99	4458037	217792	1
A_HP_36	43	Pulse	99	4478037	237792	1
A_HP_36	43	Pulse	99	4498037	257791	1
A_HP_36	43	Pulse	99	4518037	277791	1
A_HP_36	43	Pulse	99	4538037	297791	1
A_HP_36	44	Response	3	4558037	7561	1
A_HP_36	44	Pulse	99	4558037	7561	1
A_HP_36	45	Picture	response105	4568829	10562	1	39668	1	10000	40000	hit	243
A_HP_36	45	Pulse	99	4578037	19770	1
A_HP_36	45	Response	2	4578155	19888	1
A_HP_36	45	Pulse	99	4598037	39770	1
A_HP_36	46	Pulse	99	4618037	9540	1
A_HP_36	46	Picture	response112	4618893	10396	1	39835	1	10000	40000	hit	247
A_HP_36	46	Response	2	4634286	25788	1
A_HP_36	46	Pulse	99	4638037	29539	1
A_HP_36	46	Pulse	99	4658037	49539	1
A_HP_36	47	Picture	response107	4669123	10396	1	39834	1	10000	40000	hit	252
A_HP_36	47	Pulse	99	4678037	19310	1
A_HP_36	47	Response	1	4688776	30048	1
A_HP_36	47	Pulse	99	4697957	39229	1
A_HP_36	48	Pulse	99	4718037	9079	1
A_HP_36	48	Picture	response111	4719353	10396	1	39834	1	10000	40000	hit	256
A_HP_36	48	Response	1	4732886	23928	1
A_HP_36	48	Pulse	99	4738036	29079	1
A_HP_36	48	Pulse	99	4758037	49079	1
A_HP_36	49	Picture	response106	4769583	10396	1	39835	1	10000	40000	hit	261
A_HP_36	49	Pulse	99	4778037	18849	1
A_HP_36	49	Response	1	4780696	21508	1
A_HP_36	49	Pulse	99	4798037	38849	1
A_HP_36	50	Pulse	99	4818037	8619	1
A_HP_36	50	Picture	response109	4819980	10562	1	39668	1	10000	40000	hit	265
A_HP_36	50	Response	1	4833936	24518	1
A_HP_36	50	Pulse	99	4838037	28619	1
A_HP_36	50	Pulse	99	4858037	48619	1
A_HP_36	51	Picture	response110	4870043	10395	1	39835	1	10000	40000	hit	270
A_HP_36	51	Pulse	99	4878037	18389	1
A_HP_36	51	Response	2	4881615	21967	1
A_HP_36	51	Pulse	99	4898038	38390	1
A_HP_36	52	Pulse	99	4918037	8159	1
A_HP_36	52	Picture	response108	4920273	10395	1	40201	1	10000	40000	hit	275
A_HP_36	52	Pulse	99	4938037	28158	1
A_HP_36	52	Response	2	4940205	30326	1
A_HP_36	52	Pulse	99	4957956	48078	1
A_HP_36	53	Picture	ins24	4960475	230	1	30229	1	0	30000	other	0
A_HP_36	53	Pulse	99	4978036	17792	1
A_HP_36	53	Pulse	99	4998036	37792	1
A_HP_36	53	Pulse	99	5017956	57712	1
A_HP_36	53	Pulse	99	5038036	77792	1
A_HP_36	53	Pulse	99	5058037	97792	1
A_HP_36	53	Pulse	99	5078037	117792	1
A_HP_36	53	Pulse	99	5098037	137792	1
A_HP_36	53	Pulse	99	5118037	157792	1
A_HP_36	53	Pulse	99	5138037	177792	1
A_HP_36	53	Pulse	99	5157957	197712	1
A_HP_36	53	Pulse	99	5178037	217792	1
A_HP_36	53	Pulse	99	5198037	237792	1
A_HP_36	53	Pulse	99	5217957	257712	1
A_HP_36	53	Pulse	99	5238037	277792	1
A_HP_36	53	Pulse	99	5258037	297792	1
A_HP_36	54	Response	3	5277957	7482	1
A_HP_36	54	Pulse	99	5277957	7482	1
A_HP_36	55	Picture	response187	5288582	10396	1	39835	1	10000	40000	hit	298
A_HP_36	55	Pulse	99	5298037	19850	1
A_HP_36	55	Pulse	99	5318037	39850	1
A_HP_36	55	Response	2	5318465	40278	1
A_HP_36	56	Pulse	99	5338037	9620	1
A_HP_36	56	Picture	response190	5338979	10562	1	39668	1	10000	40000	incorrect	302
A_HP_36	56	Pulse	99	5358037	29620	1
A_HP_36	56	Response	2	5371225	42809	1
A_HP_36	56	Pulse	99	5378036	49620	1
A_HP_36	57	Picture	response185	5389043	10395	1	39842	1	10000	40000	hit	306
A_HP_36	57	Pulse	99	5398037	19389	1
A_HP_36	57	Response	1	5405325	26678	1
A_HP_36	57	Pulse	99	5417956	39309	1
A_HP_36	58	Pulse	99	5438036	9152	1
A_HP_36	58	Picture	response191	5439280	10396	1	39835	1	10000	40000	hit	311
A_HP_36	58	Pulse	99	5458036	29152	1
A_HP_36	58	Response	1	5463055	34171	1
A_HP_36	58	Pulse	99	5477956	49072	1
A_HP_36	59	Picture	response188	5489510	10396	1	39835	1	10000	40000	hit	316
A_HP_36	59	Pulse	99	5498036	18922	1
A_HP_36	59	Pulse	99	5518036	38922	1
A_HP_36	59	Response	2	5522515	43401	1
A_HP_36	60	Pulse	99	5537957	8612	1
A_HP_36	60	Picture	response192	5539741	10396	1	39834	1	10000	40000	incorrect	320
A_HP_36	60	Pulse	99	5558037	28692	1
A_HP_36	60	Response	2	5562505	33160	1
A_HP_36	60	Pulse	99	5578037	48692	1
A_HP_36	61	Picture	response186	5589970	10395	1	39835	1	10000	40000	hit	324
A_HP_36	61	Pulse	99	5597957	18382	1
A_HP_36	61	Response	2	5604395	24820	1
A_HP_36	61	Pulse	99	5618037	38462	1
A_HP_36	62	Pulse	99	5638037	8231	1
A_HP_36	62	Picture	response189	5640201	10396	1	40240	1	10000	40000	hit	328
A_HP_36	62	Response	1	5656515	26710	1
A_HP_36	62	Pulse	99	5658036	28231	1
A_HP_36	62	Pulse	99	5677956	48151	1
A_HP_36	63	Picture	ins2	5680441	296	1	30121	1	0	30000	other	0
A_HP_36	63	Pulse	99	5698037	17892	1
A_HP_36	63	Pulse	99	5718037	37892	1
A_HP_36	63	Pulse	99	5737956	57812	1
A_HP_36	63	Pulse	99	5758037	77892	1
A_HP_36	63	Pulse	99	5778036	97892	1
A_HP_36	63	Pulse	99	5797956	117812	1
A_HP_36	63	Pulse	99	5818036	137892	1
A_HP_36	63	Pulse	99	5838037	157892	1
A_HP_36	63	Pulse	99	5857956	177812	1
A_HP_36	63	Pulse	99	5878037	197892	1
A_HP_36	63	Pulse	99	5898037	217892	1
A_HP_36	63	Pulse	99	5918037	237892	1
A_HP_36	63	Pulse	99	5937956	257812	1
A_HP_36	63	Pulse	99	5958037	277892	1
A_HP_36	63	Pulse	99	5978036	297892	1
A_HP_36	64	Response	3	5997956	7582	1
A_HP_36	64	Pulse	99	5997956	7582	1
A_HP_36	65	Picture	response11	6008627	10440	1	39790	1	10000	40000	hit	351
A_HP_36	65	Pulse	99	6018036	19850	1
A_HP_36	65	Response	2	6027385	29199	1
A_HP_36	65	Pulse	99	6038036	39850	1
A_HP_36	66	Pulse	99	6057956	9540	1
A_HP_36	66	Picture	response12	6058979	10562	1	39668	1	10000	40000	hit	355
A_HP_36	66	Response	1	6073365	24948	1
A_HP_36	66	Pulse	99	6078036	29619	1
A_HP_36	66	Pulse	99	6098036	49620	1
A_HP_36	67	Picture	response10	6109043	10395	1	39835	1	10000	40000	hit	360
A_HP_36	67	Pulse	99	6117956	19309	1
A_HP_36	67	Response	1	6118444	19797	1
A_HP_36	67	Pulse	99	6138036	39389	1
A_HP_36	68	Pulse	99	6158036	9159	1
A_HP_36	68	Picture	response9	6159272	10395	1	39836	1	10000	40000	hit	365
A_HP_36	68	Pulse	99	6177956	29079	1
A_HP_36	68	Response	1	6180924	32047	1
A_HP_36	68	Pulse	99	6197956	49079	1
A_HP_36	69	Picture	response14	6209671	10563	1	39668	1	10000	40000	hit	369
A_HP_36	69	Pulse	99	6218036	18928	1
A_HP_36	69	Response	1	6226805	27697	1
A_HP_36	69	Pulse	99	6238036	38928	1
A_HP_36	70	Pulse	99	6257956	8618	1
A_HP_36	70	Picture	response16	6259734	10395	1	39835	1	10000	40000	hit	373
A_HP_36	70	Response	2	6272905	23566	1
A_HP_36	70	Pulse	99	6278036	28697	1
A_HP_36	70	Pulse	99	6298036	48698	1
A_HP_36	71	Picture	response13	6309964	10396	1	39835	1	10000	40000	hit	378
A_HP_36	71	Pulse	99	6317956	18387	1
A_HP_36	71	Response	2	6336605	37036	1
A_HP_36	71	Pulse	99	6338036	38468	1
A_HP_36	72	Pulse	99	6358036	8237	1
A_HP_36	72	Picture	response15	6360195	10396	1	40180	1	10000	40000	hit	382
A_HP_36	72	Response	2	6375585	25786	1
A_HP_36	72	Pulse	99	6377956	28157	1
A_HP_36	72	Pulse	99	6397956	48157	1
A_HP_36	73	Picture	ins4	6400375	230	1	30229	1	0	30000	other	0
A_HP_36	73	Pulse	99	6418036	17891	1
A_HP_36	73	Pulse	99	6437956	37811	1
A_HP_36	73	Pulse	99	6457956	57811	1
A_HP_36	73	Pulse	99	6478036	77891	1
A_HP_36	73	Pulse	99	6498036	97891	1
A_HP_36	73	Pulse	99	6517956	117811	1
A_HP_36	73	Pulse	99	6538036	137891	1
A_HP_36	73	Pulse	99	6558036	157891	1
A_HP_36	73	Pulse	99	6577956	177811	1
A_HP_36	73	Pulse	99	6598036	197891	1
A_HP_36	73	Pulse	99	6618036	217891	1
A_HP_36	73	Pulse	99	6637956	237811	1
A_HP_36	73	Pulse	99	6657956	257811	1
A_HP_36	73	Pulse	99	6678036	277891	1
A_HP_36	73	Pulse	99	6697956	297811	1
A_HP_36	74	Response	3	6717956	7581	1
A_HP_36	74	Pulse	99	6717956	7581	1
A_HP_36	75	Picture	response31	6728582	10396	1	39834	1	10000	40000	hit	405
A_HP_36	75	Pulse	99	6738036	19849	1
A_HP_36	75	Response	1	6741645	23458	1
A_HP_36	75	Pulse	99	6757956	39769	1
A_HP_36	76	Pulse	99	6777956	9539	1
A_HP_36	76	Picture	response29	6778979	10562	1	39668	1	10000	40000	hit	409
A_HP_36	76	Response	1	6788955	20538	1
A_HP_36	76	Pulse	99	6798035	29619	1
A_HP_36	76	Pulse	99	6818036	49619	1
A_HP_36	77	Picture	response25	6829042	10395	1	39835	1	10000	40000	hit	414
A_HP_36	77	Pulse	99	6837956	19309	1
A_HP_36	77	Response	2	6839784	21137	1
A_HP_36	77	Pulse	99	6858036	39390	1
A_HP_36	78	Pulse	99	6878036	9159	1
A_HP_36	78	Picture	response26	6879273	10395	1	39835	1	10000	40000	hit	418
A_HP_36	78	Response	2	6888654	19777	1
A_HP_36	78	Pulse	99	6897956	29078	1
A_HP_36	78	Pulse	99	6917956	49078	1
A_HP_36	79	Picture	response32	6929669	10562	1	39669	1	10000	40000	hit	423
A_HP_36	79	Pulse	99	6938036	18929	1
A_HP_36	79	Response	2	6940235	21128	1
A_HP_36	79	Pulse	99	6957955	38848	1
A_HP_36	80	Pulse	99	6977956	8618	1
A_HP_36	80	Picture	response30	6979733	10396	1	39834	1	10000	40000	hit	427
A_HP_36	80	Response	1	6987655	18317	1
A_HP_36	80	Pulse	99	6998036	28699	1
A_HP_36	80	Pulse	99	7017956	48618	1
A_HP_36	81	Picture	response28	7029963	10396	1	39834	1	10000	40000	hit	431
A_HP_36	81	Response	1	7037504	17937	1
A_HP_36	81	Pulse	99	7037956	18388	1
A_HP_36	81	Pulse	99	7058036	38468	1
A_HP_36	82	Pulse	99	7078036	8239	1
A_HP_36	82	Picture	response27	7080192	10395	1	40182	1	10000	40000	hit	436
A_HP_36	82	Response	1	7088555	18757	1
A_HP_36	82	Pulse	99	7097956	28158	1
A_HP_36	82	Pulse	99	7118036	48238	1
A_HP_36	83	Picture	ins22	7120374	230	1	30229	1	0	30000	other	0
A_HP_36	83	Pulse	99	7138036	17891	1
A_HP_36	83	Pulse	99	7157956	37811	1
A_HP_36	83	Pulse	99	7177956	57811	1
A_HP_36	83	Pulse	99	7198035	77891	1
A_HP_36	83	Pulse	99	7217956	97811	1
A_HP_36	83	Pulse	99	7237956	117811	1
A_HP_36	83	Pulse	99	7258035	137891	1
A_HP_36	83	Pulse	99	7277956	157811	1
A_HP_36	83	Pulse	99	7297956	177812	1
A_HP_36	83	Pulse	99	7318036	197891	1
A_HP_36	83	Pulse	99	7337956	217811	1
A_HP_36	83	Pulse	99	7357956	237811	1
A_HP_36	83	Pulse	99	7378036	257891	1
A_HP_36	83	Pulse	99	7398036	277891	1
A_HP_36	83	Pulse	99	7417956	297811	1
A_HP_36	84	Response	3	7437956	7581	1
A_HP_36	84	Pulse	99	7437956	7581	1
A_HP_36	85	Picture	response170	7448582	10396	1	39835	1	10000	40000	hit	459
A_HP_36	85	Pulse	99	7458035	19849	1
A_HP_36	85	Response	2	7472074	33888	1
A_HP_36	85	Pulse	99	7477955	39769	1
A_HP_36	86	Pulse	99	7497955	9539	1
A_HP_36	86	Picture	response174	7498979	10562	1	39668	1	10000	40000	hit	463
A_HP_36	86	Response	2	7512104	23688	1
A_HP_36	86	Pulse	99	7518035	29619	1
A_HP_36	86	Pulse	99	7537955	49539	1
A_HP_36	87	Picture	response171	7549042	10395	1	39835	1	10000	40000	hit	469
A_HP_36	87	Pulse	99	7557955	19308	1
A_HP_36	87	Pulse	99	7578036	39389	1
A_HP_36	87	Response	1	7584844	46198	1
A_HP_36	88	Pulse	99	7597956	9079	1
A_HP_36	88	Picture	response173	7599273	10396	1	39835	1	10000	40000	hit	472
A_HP_36	88	Response	1	7612044	23167	1
A_HP_36	88	Pulse	99	7617955	29078	1
A_HP_36	88	Pulse	99	7637955	49078	1
A_HP_36	89	Picture	response175	7649670	10562	1	39668	1	10000	40000	hit	477
A_HP_36	89	Pulse	99	7658035	18928	1
A_HP_36	89	Response	2	7670934	31827	1
A_HP_36	89	Pulse	99	7677954	38847	1
A_HP_36	90	Pulse	99	7697955	8617	1
A_HP_36	90	Picture	response169	7699733	10395	1	39835	1	10000	40000	hit	481
A_HP_36	90	Response	2	7714664	25326	1
A_HP_36	90	Pulse	99	7718035	28697	1
A_HP_36	90	Pulse	99	7737956	48618	1
A_HP_36	91	Picture	response176	7749963	10395	1	39835	1	10000	40000	hit	487
A_HP_36	91	Pulse	99	7757955	18387	1
A_HP_36	91	Pulse	99	7778036	38467	1
A_HP_36	91	Response	1	7781404	41836	1
A_HP_36	92	Pulse	99	7797956	8157	1
A_HP_36	92	Picture	response172	7800194	10396	1	40180	1	10000	40000	hit	491
A_HP_36	92	Pulse	99	7817955	28157	1
A_HP_36	92	Response	2	7818014	28215	1
A_HP_36	92	Pulse	99	7838035	48237	1
A_HP_36	93	Picture	ins10	7840374	230	1	30229	1	0	30000	other	0
A_HP_36	93	Pulse	99	7857955	17811	1
A_HP_36	93	Pulse	99	7877955	37811	1
A_HP_36	93	Pulse	99	7897955	57811	1
A_HP_36	93	Pulse	99	7917955	77811	1
A_HP_36	93	Pulse	99	7937955	97811	1
A_HP_36	93	Pulse	99	7957955	117811	1
A_HP_36	93	Pulse	99	7978035	137891	1
A_HP_36	93	Pulse	99	7997955	157811	1
A_HP_36	93	Pulse	99	8017955	177811	1
A_HP_36	93	Pulse	99	8038036	197892	1
A_HP_36	93	Pulse	99	8057955	217811	1
A_HP_36	93	Pulse	99	8077955	237811	1
A_HP_36	93	Pulse	99	8098036	257892	1
A_HP_36	93	Pulse	99	8117955	277811	1
A_HP_36	93	Pulse	99	8137955	297811	1
A_HP_36	94	Response	3	8157955	7581	1
A_HP_36	94	Pulse	99	8157955	7581	1
A_HP_36	95	Picture	response76	8168581	10396	1	39835	1	10000	40000	hit	513
A_HP_36	95	Pulse	99	8177955	19769	1
A_HP_36	95	Response	1	8183313	25127	1
A_HP_36	95	Pulse	99	8197955	39769	1
A_HP_36	96	Pulse	99	8217955	9539	1
A_HP_36	96	Picture	response73	8218979	10562	1	39668	1	10000	40000	hit	517
A_HP_36	96	Response	2	8236574	28158	1
A_HP_36	96	Pulse	99	8238035	29618	1
A_HP_36	96	Pulse	99	8257955	49539	1
A_HP_36	97	Picture	response79	8269042	10395	1	39835	1	10000	40000	hit	523
A_HP_36	97	Pulse	99	8277955	19309	1
A_HP_36	97	Pulse	99	8298035	39389	1
A_HP_36	97	Response	1	8299813	41167	1
A_HP_36	98	Pulse	99	8317955	9078	1
A_HP_36	98	Picture	response74	8319272	10395	1	39835	1	10000	40000	hit	527
A_HP_36	98	Pulse	99	8337955	29078	1
A_HP_36	98	Response	1	8340804	31927	1
A_HP_36	98	Pulse	99	8358035	49158	1
A_HP_36	99	Picture	response80	8369669	10562	1	39668	1	10000	40000	hit	531
A_HP_36	99	Pulse	99	8377955	18848	1
A_HP_36	99	Response	2	8389754	30647	1
A_HP_36	99	Pulse	99	8397955	38848	1
A_HP_36	100	Pulse	99	8417955	8618	1
A_HP_36	100	Picture	response78	8419733	10396	1	39835	1	10000	40000	hit	536
A_HP_36	100	Pulse	99	8437955	28618	1
A_HP_36	100	Response	1	8444654	35317	1
A_HP_36	100	Pulse	99	8457955	48618	1
A_HP_36	101	Picture	response75	8469964	10396	1	39835	1	10000	40000	hit	540
A_HP_36	101	Pulse	99	8477955	18387	1
A_HP_36	101	Response	2	8491264	31696	1
A_HP_36	101	Pulse	99	8497955	38387	1
A_HP_36	102	Pulse	99	8517955	8157	1
A_HP_36	102	Picture	response77	8520194	10396	1	40180	1	10000	40000	hit	545
A_HP_36	102	Pulse	99	8537955	28157	1
A_HP_36	102	Response	2	8545693	35895	1
A_HP_36	102	Pulse	99	8558035	48237	1
A_HP_36	103	Picture	ins12	8560374	230	1	30229	1	0	30000	other	0
A_HP_36	103	Pulse	99	8577955	17811	1
A_HP_36	103	Pulse	99	8597955	37811	1
A_HP_36	103	Pulse	99	8618035	57891	1
A_HP_36	103	Pulse	99	8637955	77812	1
A_HP_36	103	Pulse	99	8657955	97811	1
A_HP_36	103	Pulse	99	8677955	117811	1
A_HP_36	103	Pulse	99	8697955	137811	1
A_HP_36	103	Pulse	99	8717955	157811	1
A_HP_36	103	Pulse	99	8737955	177811	1
A_HP_36	103	Pulse	99	8757955	197811	1
A_HP_36	103	Pulse	99	8777955	217811	1
A_HP_36	103	Pulse	99	8797955	237811	1
A_HP_36	103	Pulse	99	8818035	257891	1
A_HP_36	103	Pulse	99	8837955	277811	1
A_HP_36	103	Pulse	99	8857955	297811	1
A_HP_36	104	Response	3	8877955	7581	1
A_HP_36	104	Pulse	99	8877955	7581	1
A_HP_36	105	Picture	response95	8888581	10395	1	39835	1	10000	40000	hit	567
A_HP_36	105	Pulse	99	8897954	19769	1
A_HP_36	105	Response	1	8905243	27058	1
A_HP_36	105	Pulse	99	8917955	39769	1
A_HP_36	106	Pulse	99	8937955	9539	1
A_HP_36	106	Picture	response89	8938978	10562	1	39668	1	10000	40000	hit	572
A_HP_36	106	Pulse	99	8957955	29539	1
A_HP_36	106	Response	2	8957983	29567	1
A_HP_36	106	Pulse	99	8977955	49539	1
A_HP_36	107	Picture	response96	8989041	10396	1	39834	1	10000	40000	hit	576
A_HP_36	107	Pulse	99	8997955	19309	1
A_HP_36	107	Response	2	9015464	36818	1
A_HP_36	107	Pulse	99	9017955	39309	1
A_HP_36	108	Pulse	99	9037955	9079	1
A_HP_36	108	Picture	response90	9039271	10395	1	39835	1	10000	40000	hit	580
A_HP_36	108	Response	1	9051134	22258	1
A_HP_36	108	Pulse	99	9057954	29079	1
A_HP_36	108	Pulse	99	9077955	49079	1
A_HP_36	109	Picture	response94	9089667	10562	1	39669	1	10000	40000	hit	585
A_HP_36	109	Pulse	99	9097955	18849	1
A_HP_36	109	Response	2	9107674	28568	1
A_HP_36	109	Pulse	99	9117955	38849	1
A_HP_36	110	Pulse	99	9137955	8619	1
A_HP_36	110	Picture	response93	9139731	10395	1	39835	1	10000	40000	hit	590
A_HP_36	110	Pulse	99	9157955	28619	1
A_HP_36	110	Response	1	9159353	30017	1
A_HP_36	110	Pulse	99	9177955	48619	1
A_HP_36	111	Picture	response92	9189962	10395	1	39835	1	10000	40000	hit	594
A_HP_36	111	Pulse	99	9197955	18388	1
A_HP_36	111	Response	1	9206874	27307	1
A_HP_36	111	Pulse	99	9217955	38388	1
A_HP_36	112	Pulse	99	9237955	8158	1
A_HP_36	112	Picture	response91	9240192	10396	1	40181	1	10000	40000	hit	598
A_HP_36	112	Response	2	9257534	27737	1
A_HP_36	112	Pulse	99	9257954	28158	1
A_HP_36	112	Pulse	99	9277955	48158	1
A_HP_36	113	Picture	ins16	9280373	230	1	30229	1	0	30000	other	0
A_HP_36	113	Pulse	99	9297955	17812	1
A_HP_36	113	Pulse	99	9317955	37812	1
A_HP_36	113	Pulse	99	9337955	57811	1
A_HP_36	113	Pulse	99	9357955	77811	1
A_HP_36	113	Pulse	99	9377955	97812	1
A_HP_36	113	Pulse	99	9397955	117812	1
A_HP_36	113	Pulse	99	9417955	137811	1
A_HP_36	113	Pulse	99	9437955	157812	1
A_HP_36	113	Pulse	99	9457955	177811	1
A_HP_36	113	Pulse	99	9477955	197811	1
A_HP_36	113	Pulse	99	9497955	217811	1
A_HP_36	113	Pulse	99	9517955	237811	1
A_HP_36	113	Pulse	99	9537955	257811	1
A_HP_36	113	Pulse	99	9557955	277811	1
A_HP_36	113	Pulse	99	9577955	297811	1
A_HP_36	114	Response	3	9597955	7581	1
A_HP_36	114	Pulse	99	9597955	7581	1
A_HP_36	115	Picture	response128	9608579	10395	1	39835	1	10000	40000	hit	621
A_HP_36	115	Pulse	99	9617955	19770	1
A_HP_36	115	Response	2	9628983	30799	1
A_HP_36	115	Pulse	99	9637955	39770	1
A_HP_36	116	Pulse	99	9657955	9540	1
A_HP_36	116	Picture	response121	9658977	10562	1	39668	1	10000	40000	hit	625
A_HP_36	116	Response	1	9674233	25819	1
A_HP_36	116	Pulse	99	9677954	29540	1
A_HP_36	116	Pulse	99	9697955	49540	1
A_HP_36	117	Picture	response126	9709041	10396	1	39834	1	10000	40000	hit	630
A_HP_36	117	Pulse	99	9717955	19310	1
A_HP_36	117	Response	2	9726573	27928	1
A_HP_36	117	Pulse	99	9737955	39310	1
A_HP_36	118	Pulse	99	9757955	9080	1
A_HP_36	118	Picture	response124	9759270	10395	1	39835	1	10000	40000	hit	635
A_HP_36	118	Pulse	99	9777954	29080	1
A_HP_36	118	Response	2	9778653	29778	1
A_HP_36	118	Pulse	99	9797955	49080	1
A_HP_36	119	Picture	response123	9809667	10562	1	39668	1	10000	40000	hit	639
A_HP_36	119	Pulse	99	9817955	18850	1
A_HP_36	119	Response	2	9827153	28048	1
A_HP_36	119	Pulse	99	9837954	38850	1
A_HP_36	120	Pulse	99	9857955	8620	1
A_HP_36	120	Picture	response125	9859731	10396	1	39835	1	10000	40000	hit	643
A_HP_36	120	Response	2	9877863	28528	1
A_HP_36	120	Pulse	99	9877954	28619	1
A_HP_36	120	Pulse	99	9897955	48620	1
A_HP_36	121	Picture	response127	9909960	10395	1	39835	1	10000	40000	hit	648
A_HP_36	121	Pulse	99	9917955	18389	1
A_HP_36	121	Response	2	9926983	27418	1
A_HP_36	121	Pulse	99	9937954	38389	1
A_HP_36	122	Pulse	99	9957955	8160	1
A_HP_36	122	Picture	response122	9960191	10396	1	39834	1	10000	40000	hit	652
A_HP_36	122	Response	1	9977213	27418	1
A_HP_36	122	Pulse	99	9977954	28159	1
A_HP_36	122	Pulse	99	9997954	48159	1
A_HP_36	123	Picture	thanks	10000025	0	1	10229	1	0	10000	other	0
A_HP_36	123	Pulse	99	10017955	17930	1


Event Type	Code	Type	Response	RT	RT Uncertainty	Time	Uncertainty	Duration	Uncertainty	ReqTime	ReqDur

Picture	ready	other				1298270	1	10229	1	0	10000
Picture	ins18	other				1358973	1	30229	1	0	30000
Picture	response140	hit	1	12716	2	1688831	1	39668	1	10000	40000
Picture	response138	hit	1	13492	2	1738895	1	39835	1	10000	40000
Picture	response137	hit	2	21672	2	1789126	1	39834	1	10000	40000
Picture	response144	hit	1	19101	2	1839355	1	39835	1	10000	40000
Picture	response141	hit	2	21542	2	1889586	1	39835	1	10000	40000
Picture	response143	hit	1	21325	2	1939982	1	39668	1	10000	40000
Picture	response139	hit	1	12500	2	1990046	1	39835	1	10000	40000
Picture	response142	hit	1	16650	2	2040277	1	40199	1	10000	40000
Picture	ins20	other				2080477	1	30229	1	0	30000
Picture	response153	hit	1	27956	2	2408830	1	39668	1	10000	40000
Picture	response160	hit	2	33513	2	2458894	1	39835	1	10000	40000
Picture	response154	hit	1	19223	2	2509124	1	39835	1	10000	40000
Picture	response158	hit	2	16200	2	2559187	1	40003	1	10000	40000
Picture	response155	hit	2	29761	2	2609585	1	39835	1	10000	40000
Picture	response156	hit	2	23345	2	2659982	1	39668	1	10000	40000
Picture	response157	hit	2	22531	2	2710045	1	39834	1	10000	40000
Picture	response159	hit	2	19281	2	2760275	1	40202	1	10000	40000
Picture	ins8	other				2800477	1	30229	1	0	30000
Picture	response63	hit	1	10285	2	3128830	1	39668	1	10000	40000
Picture	response58	hit	1	10203	2	3178894	1	39835	1	10000	40000
Picture	response57	hit	1	8482	2	3229125	1	39835	1	10000	40000
Picture	response62	hit	2	10901	2	3279355	1	39835	1	10000	40000
Picture	response61	hit	2	14241	2	3329586	1	39834	1	10000	40000
Picture	response60	hit	2	10384	2	3379982	1	39668	1	10000	40000
Picture	response59	hit	1	10631	2	3430046	1	39835	1	10000	40000
Picture	response64	hit	2	10450	2	3480276	1	40200	1	10000	40000
Picture	ins6	other				3520476	1	30229	1	0	30000
Picture	response43	hit	1	9636	2	3848829	1	39668	1	10000	40000
Picture	response48	hit	1	10873	2	3898893	1	39835	1	10000	40000
Picture	response45	hit	1	13562	2	3949124	1	39835	1	10000	40000
Picture	response42	hit	1	12172	2	3999354	1	39835	1	10000	40000
Picture	response46	hit	2	19482	2	4049585	1	39835	1	10000	40000
Picture	response47	hit	1	9384	2	4099982	1	39668	1	10000	40000
Picture	response41	hit	2	11700	2	4150045	1	39834	1	10000	40000
Picture	response44	hit	2	9061	2	4200275	1	40201	1	10000	40000
Picture	ins14	other				4240476	1	30229	1	0	30000
Picture	response105	hit	2	9326	2	4568829	1	39668	1	10000	40000
Picture	response112	hit	2	15393	2	4618893	1	39835	1	10000	40000
Picture	response107	hit	1	19653	2	4669123	1	39834	1	10000	40000
Picture	response111	hit	1	13533	2	4719353	1	39834	1	10000	40000
Picture	response106	hit	1	11112	2	4769583	1	39835	1	10000	40000
Picture	response109	hit	1	13956	2	4819980	1	39668	1	10000	40000
Picture	response110	hit	2	11572	2	4870043	1	39835	1	10000	40000
Picture	response108	hit	2	19931	2	4920273	1	40201	1	10000	40000
Picture	ins24	other				4960475	1	30229	1	0	30000
Picture	response187	hit	2	29883	2	5288582	1	39835	1	10000	40000
Picture	response190	incorrect	2	32246	2	5338979	1	39668	1	10000	40000
Picture	response185	hit	1	16283	2	5389043	1	39842	1	10000	40000
Picture	response191	hit	1	23776	2	5439280	1	39835	1	10000	40000
Picture	response188	hit	2	33005	2	5489510	1	39835	1	10000	40000
Picture	response192	incorrect	2	22765	2	5539741	1	39834	1	10000	40000
Picture	response186	hit	2	14425	2	5589970	1	39835	1	10000	40000
Picture	response189	hit	1	16314	2	5640201	1	40240	1	10000	40000
Picture	ins2	other				5680441	1	30121	1	0	30000
Picture	response11	hit	2	18759	2	6008627	1	39790	1	10000	40000
Picture	response12	hit	1	14386	2	6058979	1	39668	1	10000	40000
Picture	response10	hit	1	9402	2	6109043	1	39835	1	10000	40000
Picture	response9	hit	1	21652	2	6159272	1	39836	1	10000	40000
Picture	response14	hit	1	17134	2	6209671	1	39668	1	10000	40000
Picture	response16	hit	2	13171	2	6259734	1	39835	1	10000	40000
Picture	response13	hit	2	26641	2	6309964	1	39835	1	10000	40000
Picture	response15	hit	2	15390	2	6360195	1	40180	1	10000	40000
Picture	ins4	other				6400375	1	30229	1	0	30000
Picture	response31	hit	1	13062	2	6728582	1	39834	1	10000	40000
Picture	response29	hit	1	9976	2	6778979	1	39668	1	10000	40000
Picture	response25	hit	2	10742	2	6829042	1	39835	1	10000	40000
Picture	response26	hit	2	9382	2	6879273	1	39835	1	10000	40000
Picture	response32	hit	2	10566	2	6929669	1	39669	1	10000	40000
Picture	response30	hit	1	7922	2	6979733	1	39834	1	10000	40000
Picture	response28	hit	1	7541	2	7029963	1	39834	1	10000	40000
Picture	response27	hit	1	8362	2	7080192	1	40182	1	10000	40000
Picture	ins22	other				7120374	1	30229	1	0	30000
Picture	response170	hit	2	23492	2	7448582	1	39835	1	10000	40000
Picture	response174	hit	2	13126	2	7498979	1	39668	1	10000	40000
Picture	response171	hit	1	35802	2	7549042	1	39835	1	10000	40000
Picture	response173	hit	1	12772	2	7599273	1	39835	1	10000	40000
Picture	response175	hit	2	21264	2	7649670	1	39668	1	10000	40000
Picture	response169	hit	2	14931	2	7699733	1	39835	1	10000	40000
Picture	response176	hit	1	31441	2	7749963	1	39835	1	10000	40000
Picture	response172	hit	2	17819	2	7800194	1	40180	1	10000	40000
Picture	ins10	other				7840374	1	30229	1	0	30000
Picture	response76	hit	1	14732	2	8168581	1	39835	1	10000	40000
Picture	response73	hit	2	17595	2	8218979	1	39668	1	10000	40000
Picture	response79	hit	1	30771	2	8269042	1	39835	1	10000	40000
Picture	response74	hit	1	21531	2	8319272	1	39835	1	10000	40000
Picture	response80	hit	2	20085	2	8369669	1	39668	1	10000	40000
Picture	response78	hit	1	24921	2	8419733	1	39835	1	10000	40000
Picture	response75	hit	2	21301	2	8469964	1	39835	1	10000	40000
Picture	response77	hit	2	25499	2	8520194	1	40180	1	10000	40000
Picture	ins12	other				8560374	1	30229	1	0	30000
Picture	response95	hit	1	16663	2	8888581	1	39835	1	10000	40000
Picture	response89	hit	2	19004	2	8938978	1	39668	1	10000	40000
Picture	response96	hit	2	26422	2	8989041	1	39834	1	10000	40000
Picture	response90	hit	1	11863	2	9039271	1	39835	1	10000	40000
Picture	response94	hit	2	18006	2	9089667	1	39669	1	10000	40000
Picture	response93	hit	1	19622	2	9139731	1	39835	1	10000	40000
Picture	response92	hit	1	16912	2	9189962	1	39835	1	10000	40000
Picture	response91	hit	2	17341	2	9240192	1	40181	1	10000	40000
Picture	ins16	other				9280373	1	30229	1	0	30000
Picture	response128	hit	2	20404	2	9608579	1	39835	1	10000	40000
Picture	response121	hit	1	15256	2	9658977	1	39668	1	10000	40000
Picture	response126	hit	2	17533	2	9709041	1	39834	1	10000	40000
Picture	response124	hit	2	19383	2	9759270	1	39835	1	10000	40000
Picture	response123	hit	2	17486	2	9809667	1	39668	1	10000	40000
Picture	response125	hit	2	18133	2	9859731	1	39835	1	10000	40000
Picture	response127	hit	2	17023	2	9909960	1	39835	1	10000	40000
Picture	response122	hit	1	17022	2	9960191	1	39834	1	10000	40000
Picture	thanks	other				10000025	1	10229	1	0	10000


{
   "app": "Presentation Version 21.0 Build 06.06.19",
   "device": "LENOVO 20KHCTO1WW",
   "experiment": "{A2FC4E2A-B401-4E65-9CA9-5B09E294C871}",
   "os": "Windows 10 64 bit",
   "package": "",
   "parameters": {
      "configuration": "Default configuration"
   },
   "scenario": "Dimension experiment(2).sce",
   "subject": "A_HP_36",
   "timestamp": "2019/12/04 04:38:55 GMT"
}
