Scenario - 
Logfile written - 08/29/2019 09:38:07

Subject	Trial	Event Type	Code	Time	TTime	Uncertainty	Duration	Uncertainty	ReqTime	ReqDur	Stim Type	Pair Index

A_HP_07	1	Response	3	195652	194153	1
A_HP_07	1	Pulse	99	195652	194153	1
A_HP_07	2	Picture	ready	195884	0	1	10229	1	0	10000	other	0
A_HP_07	2	Pulse	99	215652	19769	1
A_HP_07	2	Pulse	99	235652	39769	1
A_HP_07	2	Pulse	99	255652	59768	1
A_HP_07	3	Picture	ins24	256517	232	1	30229	1	0	30000	other	0
A_HP_07	3	Pulse	99	275652	19367	1
A_HP_07	3	Pulse	99	295652	39367	1
A_HP_07	3	Pulse	99	315652	59367	1
A_HP_07	3	Pulse	99	335652	79367	1
A_HP_07	3	Pulse	99	355652	99367	1
A_HP_07	3	Pulse	99	375652	119367	1
A_HP_07	3	Pulse	99	395652	139367	1
A_HP_07	3	Pulse	99	415653	159368	1
A_HP_07	3	Pulse	99	435652	179367	1
A_HP_07	3	Pulse	99	455652	199367	1
A_HP_07	3	Pulse	99	475652	219367	1
A_HP_07	3	Pulse	99	495652	239367	1
A_HP_07	3	Pulse	99	515652	259367	1
A_HP_07	3	Pulse	99	535652	279367	1
A_HP_07	3	Pulse	99	555652	299367	1
A_HP_07	4	Response	3	575652	9137	1
A_HP_07	4	Pulse	99	575652	9137	1
A_HP_07	5	Picture	response188	586277	10395	1	39835	1	10000	40000	hit	28
A_HP_07	5	Pulse	99	595652	19770	1
A_HP_07	5	Pulse	99	615652	39769	1
A_HP_07	5	Response	2	616070	40188	1
A_HP_07	6	Pulse	99	635652	9540	1
A_HP_07	6	Picture	response186	636507	10395	1	39835	1	10000	40000	hit	31
A_HP_07	6	Response	2	654120	28008	1
A_HP_07	6	Pulse	99	655651	29539	1
A_HP_07	6	Pulse	99	675654	49542	1
A_HP_07	7	Picture	response190	686737	10395	1	39835	1	10000	40000	hit	36
A_HP_07	7	Pulse	99	695652	19310	1
A_HP_07	7	Response	1	706270	29928	1
A_HP_07	7	Pulse	99	715651	39310	1
A_HP_07	8	Pulse	99	735652	9080	1
A_HP_07	8	Picture	response185	736967	10395	1	39835	1	10000	40000	hit	41
A_HP_07	8	Pulse	99	755652	29080	1
A_HP_07	8	Response	1	769310	42738	1
A_HP_07	8	Pulse	99	775651	49079	1
A_HP_07	9	Picture	response192	787197	10395	1	39835	1	10000	40000	hit	45
A_HP_07	9	Pulse	99	795652	18850	1
A_HP_07	9	Response	1	813100	36298	1
A_HP_07	9	Pulse	99	815651	38849	1
A_HP_07	10	Pulse	99	835652	8620	1
A_HP_07	10	Picture	response187	837427	10395	1	39835	1	10000	40000	hit	50
A_HP_07	10	Pulse	99	855652	28620	1
A_HP_07	10	Response	2	864920	37888	1
A_HP_07	10	Pulse	99	875651	48619	1
A_HP_07	11	Picture	response191	887657	10395	1	39835	1	10000	40000	hit	54
A_HP_07	11	Pulse	99	895652	18390	1
A_HP_07	11	Response	1	909741	32479	1
A_HP_07	11	Pulse	99	915651	38389	1
A_HP_07	12	Pulse	99	935652	8159	1
A_HP_07	12	Picture	response189	938054	10562	1	40060	1	10000	40000	hit	59
A_HP_07	12	Pulse	99	955652	28159	1
A_HP_07	12	Response	1	963621	36128	1
A_HP_07	12	Pulse	99	975652	48159	1
A_HP_07	13	Picture	ins18	978115	230	1	30229	1	0	30000	other	0
A_HP_07	13	Pulse	99	995652	17767	1
A_HP_07	13	Pulse	99	1015652	37767	1
A_HP_07	13	Pulse	99	1035652	57767	1
A_HP_07	13	Pulse	99	1055652	77767	1
A_HP_07	13	Pulse	99	1075652	97767	1
A_HP_07	13	Pulse	99	1095572	117687	1
A_HP_07	13	Pulse	99	1115652	137767	1
A_HP_07	13	Pulse	99	1135652	157767	1
A_HP_07	13	Pulse	99	1155652	177767	1
A_HP_07	13	Pulse	99	1175652	197767	1
A_HP_07	13	Pulse	99	1195651	217766	1
A_HP_07	13	Pulse	99	1215652	237767	1
A_HP_07	13	Pulse	99	1235652	257767	1
A_HP_07	13	Pulse	99	1255652	277767	1
A_HP_07	13	Pulse	99	1275651	297767	1
A_HP_07	14	Response	3	1295652	7537	1
A_HP_07	14	Pulse	99	1295652	7537	1
A_HP_07	15	Picture	response140	1306277	10395	1	39835	1	10000	40000	hit	81
A_HP_07	15	Pulse	99	1315651	19769	1
A_HP_07	15	Response	1	1322570	26688	1
A_HP_07	15	Pulse	99	1335651	39769	1
A_HP_07	16	Pulse	99	1355651	9539	1
A_HP_07	16	Picture	response141	1356508	10396	1	39835	1	10000	40000	hit	86
A_HP_07	16	Pulse	99	1375651	29539	1
A_HP_07	16	Response	2	1380299	34187	1
A_HP_07	16	Pulse	99	1395651	49539	1
A_HP_07	17	Picture	response144	1406738	10395	1	39835	1	10000	40000	hit	90
A_HP_07	17	Pulse	99	1415571	19229	1
A_HP_07	17	Response	1	1426080	29738	1
A_HP_07	17	Pulse	99	1435651	39309	1
A_HP_07	18	Pulse	99	1455651	9079	1
A_HP_07	18	Picture	response139	1456967	10395	1	39835	1	10000	40000	incorrect	94
A_HP_07	18	Response	2	1475340	28768	1
A_HP_07	18	Pulse	99	1475571	28998	1
A_HP_07	18	Pulse	99	1495652	49080	1
A_HP_07	19	Picture	response142	1507198	10395	1	39834	1	10000	40000	hit	99
A_HP_07	19	Pulse	99	1515651	18849	1
A_HP_07	19	Response	1	1526550	29747	1
A_HP_07	19	Pulse	99	1535651	38848	1
A_HP_07	20	Pulse	99	1555652	8619	1
A_HP_07	20	Picture	response137	1557427	10395	1	39835	1	10000	40000	miss	0
A_HP_07	20	Pulse	99	1575651	28619	1
A_HP_07	20	Pulse	99	1595651	48619	1
A_HP_07	21	Picture	response138	1607658	10396	1	39835	1	10000	40000	incorrect	107
A_HP_07	21	Pulse	99	1615651	18389	1
A_HP_07	21	Response	2	1632130	34868	1
A_HP_07	21	Pulse	99	1635650	38388	1
A_HP_07	22	Pulse	99	1655651	8159	1
A_HP_07	22	Picture	response143	1658054	10562	1	40059	1	10000	40000	hit	111
A_HP_07	22	Response	1	1673010	25517	1
A_HP_07	22	Pulse	99	1675650	28158	1
A_HP_07	22	Pulse	99	1695651	48158	1
A_HP_07	23	Picture	ins6	1698113	230	1	30229	1	0	30000	other	0
A_HP_07	23	Pulse	99	1715651	17768	1
A_HP_07	23	Pulse	99	1735572	37688	1
A_HP_07	23	Pulse	99	1755651	57768	1
A_HP_07	23	Pulse	99	1775651	77768	1
A_HP_07	23	Pulse	99	1795572	97688	1
A_HP_07	23	Pulse	99	1815651	117768	1
A_HP_07	23	Pulse	99	1835651	137768	1
A_HP_07	23	Pulse	99	1855571	157688	1
A_HP_07	23	Pulse	99	1875652	177769	1
A_HP_07	23	Pulse	99	1895651	197768	1
A_HP_07	23	Pulse	99	1915571	217688	1
A_HP_07	23	Pulse	99	1935651	237768	1
A_HP_07	23	Pulse	99	1955651	257768	1
A_HP_07	23	Pulse	99	1975652	277768	1
A_HP_07	23	Pulse	99	1995651	297768	1
A_HP_07	24	Response	3	2015651	7537	1
A_HP_07	24	Pulse	99	2015651	7537	1
A_HP_07	25	Picture	response45	2026277	10395	1	39835	1	10000	40000	hit	134
A_HP_07	25	Pulse	99	2035651	19770	1
A_HP_07	25	Response	1	2038889	23008	1
A_HP_07	25	Pulse	99	2055571	39690	1
A_HP_07	26	Pulse	99	2075651	9540	1
A_HP_07	26	Picture	response48	2076506	10395	1	39835	1	10000	40000	hit	138
A_HP_07	26	Response	1	2082960	16849	1
A_HP_07	26	Pulse	99	2095651	29540	1
A_HP_07	26	Pulse	99	2115571	49460	1
A_HP_07	27	Picture	response46	2126737	10395	1	39835	1	10000	40000	hit	142
A_HP_07	27	Response	2	2135580	19238	1
A_HP_07	27	Pulse	99	2135650	19309	1
A_HP_07	27	Pulse	99	2155651	39309	1
A_HP_07	28	Pulse	99	2175571	9000	1
A_HP_07	28	Picture	response43	2176967	10395	1	39835	1	10000	40000	hit	147
A_HP_07	28	Response	1	2187190	20618	1
A_HP_07	28	Pulse	99	2195651	29080	1
A_HP_07	28	Pulse	99	2215651	49080	1
A_HP_07	29	Picture	response41	2227197	10395	1	39835	1	10000	40000	hit	152
A_HP_07	29	Pulse	99	2235571	18769	1
A_HP_07	29	Response	2	2238049	21248	1
A_HP_07	29	Pulse	99	2255651	38849	1
A_HP_07	30	Pulse	99	2275651	8619	1
A_HP_07	30	Picture	response44	2277427	10395	1	39835	1	10000	40000	hit	156
A_HP_07	30	Response	2	2284670	17638	1
A_HP_07	30	Pulse	99	2295571	28540	1
A_HP_07	30	Pulse	99	2315651	48619	1
A_HP_07	31	Picture	response47	2327658	10396	1	39835	1	10000	40000	hit	160
A_HP_07	31	Response	1	2333770	16508	1
A_HP_07	31	Pulse	99	2335650	18388	1
A_HP_07	31	Pulse	99	2355651	38389	1
A_HP_07	32	Pulse	99	2375571	8078	1
A_HP_07	32	Picture	response42	2378055	10562	1	40139	1	10000	40000	hit	165
A_HP_07	32	Response	1	2386000	18507	1
A_HP_07	32	Pulse	99	2395651	28158	1
A_HP_07	32	Pulse	99	2415651	48158	1
A_HP_07	33	Picture	ins4	2418194	311	1	30229	1	0	30000	other	0
A_HP_07	33	Pulse	99	2435571	17688	1
A_HP_07	33	Pulse	99	2455651	37768	1
A_HP_07	33	Pulse	99	2475651	57768	1
A_HP_07	33	Pulse	99	2495571	77688	1
A_HP_07	33	Pulse	99	2515651	97768	1
A_HP_07	33	Pulse	99	2535651	117768	1
A_HP_07	33	Pulse	99	2555571	137688	1
A_HP_07	33	Pulse	99	2575651	157768	1
A_HP_07	33	Pulse	99	2595651	177768	1
A_HP_07	33	Pulse	99	2615571	197688	1
A_HP_07	33	Pulse	99	2635651	217768	1
A_HP_07	33	Pulse	99	2655651	237768	1
A_HP_07	33	Pulse	99	2675571	257688	1
A_HP_07	33	Pulse	99	2695571	277688	1
A_HP_07	33	Pulse	99	2715651	297768	1
A_HP_07	34	Response	3	2735571	7457	1
A_HP_07	34	Pulse	99	2735571	7457	1
A_HP_07	35	Picture	response25	2746196	10396	1	39835	1	10000	40000	hit	187
A_HP_07	35	Response	2	2753470	17669	1
A_HP_07	35	Pulse	99	2755570	19770	1
A_HP_07	35	Pulse	99	2775651	39850	1
A_HP_07	36	Pulse	99	2795651	9620	1
A_HP_07	36	Picture	response27	2796426	10395	1	39835	1	10000	40000	hit	192
A_HP_07	36	Response	1	2806619	20588	1
A_HP_07	36	Pulse	99	2815570	29540	1
A_HP_07	36	Pulse	99	2835651	49620	1
A_HP_07	37	Picture	response28	2846656	10395	1	39835	1	10000	40000	hit	196
A_HP_07	37	Response	1	2854200	17938	1
A_HP_07	37	Pulse	99	2855650	19389	1
A_HP_07	37	Pulse	99	2875571	39310	1
A_HP_07	38	Pulse	99	2895651	9159	1
A_HP_07	38	Picture	response29	2897054	10562	1	39668	1	10000	40000	hit	201
A_HP_07	38	Response	1	2905940	19448	1
A_HP_07	38	Pulse	99	2915651	29159	1
A_HP_07	38	Pulse	99	2935571	49079	1
A_HP_07	39	Picture	response31	2947118	10395	1	39835	1	10000	40000	hit	205
A_HP_07	39	Response	1	2955219	18497	1
A_HP_07	39	Pulse	99	2955650	18928	1
A_HP_07	39	Pulse	99	2975651	38928	1
A_HP_07	40	Pulse	99	2995571	8619	1
A_HP_07	40	Picture	response32	2997348	10396	1	39835	1	10000	40000	hit	210
A_HP_07	40	Response	2	3005079	18127	1
A_HP_07	40	Pulse	99	3015571	28618	1
A_HP_07	40	Pulse	99	3035651	48699	1
A_HP_07	41	Picture	response30	3047578	10395	1	39835	1	10000	40000	hit	214
A_HP_07	41	Response	1	3053499	16317	1
A_HP_07	41	Pulse	99	3055570	18388	1
A_HP_07	41	Pulse	99	3075571	38388	1
A_HP_07	42	Pulse	99	3095651	8238	1
A_HP_07	42	Picture	response26	3097809	10396	1	40204	1	10000	40000	hit	219
A_HP_07	42	Response	2	3105229	17816	1
A_HP_07	42	Pulse	99	3115570	28158	1
A_HP_07	42	Pulse	99	3135570	48158	1
A_HP_07	43	Picture	ins22	3138013	230	1	30229	1	0	30000	other	0
A_HP_07	43	Pulse	99	3155650	17868	1
A_HP_07	43	Pulse	99	3175651	37868	1
A_HP_07	43	Pulse	99	3195571	57788	1
A_HP_07	43	Pulse	99	3215651	77868	1
A_HP_07	43	Pulse	99	3235651	97868	1
A_HP_07	43	Pulse	99	3255570	117788	1
A_HP_07	43	Pulse	99	3275650	137868	1
A_HP_07	43	Pulse	99	3295651	157868	1
A_HP_07	43	Pulse	99	3315571	177788	1
A_HP_07	43	Pulse	99	3335571	197788	1
A_HP_07	43	Pulse	99	3355651	217868	1
A_HP_07	43	Pulse	99	3375571	237788	1
A_HP_07	43	Pulse	99	3395571	257788	1
A_HP_07	43	Pulse	99	3415651	277868	1
A_HP_07	43	Pulse	99	3435571	297788	1
A_HP_07	44	Response	3	3455571	7558	1
A_HP_07	44	Pulse	99	3455571	7558	1
A_HP_07	45	Picture	response174	3466196	10395	1	39835	1	10000	40000	hit	242
A_HP_07	45	Pulse	99	3475650	19849	1
A_HP_07	45	Response	2	3491539	35739	1
A_HP_07	45	Pulse	99	3495570	39769	1
A_HP_07	46	Pulse	99	3515571	9540	1
A_HP_07	46	Picture	response176	3516426	10396	1	39835	1	10000	40000	hit	247
A_HP_07	46	Pulse	99	3535651	29620	1
A_HP_07	46	Response	1	3538869	32838	1
A_HP_07	46	Pulse	99	3555651	49620	1
A_HP_07	47	Picture	response171	3566656	10395	1	39835	1	10000	40000	hit	251
A_HP_07	47	Pulse	99	3575570	19309	1
A_HP_07	47	Response	1	3592429	36168	1
A_HP_07	47	Pulse	99	3595650	39389	1
A_HP_07	48	Pulse	99	3615650	9159	1
A_HP_07	48	Picture	response173	3617053	10562	1	39668	1	10000	40000	hit	256
A_HP_07	48	Pulse	99	3635570	29079	1
A_HP_07	48	Response	1	3646279	39788	1
A_HP_07	48	Pulse	99	3655570	49079	1
A_HP_07	49	Picture	response169	3667117	10396	1	39835	1	10000	40000	hit	260
A_HP_07	49	Pulse	99	3675651	18929	1
A_HP_07	49	Response	2	3685209	28487	1
A_HP_07	49	Pulse	99	3695571	38849	1
A_HP_07	50	Pulse	99	3715570	8618	1
A_HP_07	50	Picture	response175	3717348	10395	1	39835	1	10000	40000	hit	265
A_HP_07	50	Pulse	99	3735650	28698	1
A_HP_07	50	Response	2	3744099	37147	1
A_HP_07	50	Pulse	99	3755570	48618	1
A_HP_07	51	Picture	response170	3767578	10395	1	39835	1	10000	40000	hit	270
A_HP_07	51	Pulse	99	3775570	18388	1
A_HP_07	51	Pulse	99	3795650	38468	1
A_HP_07	51	Response	2	3797459	40276	1
A_HP_07	52	Pulse	99	3815570	8157	1
A_HP_07	52	Picture	response172	3817808	10395	1	40204	1	10000	40000	hit	273
A_HP_07	52	Response	2	3835429	28016	1
A_HP_07	52	Pulse	99	3835569	28156	1
A_HP_07	52	Pulse	99	3855650	48237	1
A_HP_07	53	Picture	ins8	3858012	230	1	30229	1	0	30000	other	0
A_HP_07	53	Pulse	99	3875570	17788	1
A_HP_07	53	Pulse	99	3895570	37788	1
A_HP_07	53	Pulse	99	3915650	57868	1
A_HP_07	53	Pulse	99	3935570	77788	1
A_HP_07	53	Pulse	99	3955570	97788	1
A_HP_07	53	Pulse	99	3975570	117788	1
A_HP_07	53	Pulse	99	3995650	137868	1
A_HP_07	53	Pulse	99	4015570	157788	1
A_HP_07	53	Pulse	99	4035570	177788	1
A_HP_07	53	Pulse	99	4055650	197868	1
A_HP_07	53	Pulse	99	4075570	217788	1
A_HP_07	53	Pulse	99	4095570	237788	1
A_HP_07	53	Pulse	99	4115650	257868	1
A_HP_07	53	Pulse	99	4135570	277788	1
A_HP_07	53	Pulse	99	4155570	297788	1
A_HP_07	54	Response	3	4175650	7638	1
A_HP_07	54	Pulse	99	4175650	7638	1
A_HP_07	55	Picture	response60	4186276	10396	1	39835	1	10000	40000	hit	296
A_HP_07	55	Pulse	99	4195570	19690	1
A_HP_07	55	Response	2	4199208	23327	1
A_HP_07	55	Pulse	99	4215570	39689	1
A_HP_07	56	Pulse	99	4235650	9539	1
A_HP_07	56	Picture	response57	4236506	10395	1	39835	1	10000	40000	hit	300
A_HP_07	56	Response	1	4248069	21958	1
A_HP_07	56	Pulse	99	4255570	29459	1
A_HP_07	56	Pulse	99	4275570	49459	1
A_HP_07	57	Picture	response58	4286737	10396	1	39835	1	10000	40000	hit	305
A_HP_07	57	Pulse	99	4295650	19309	1
A_HP_07	57	Response	1	4311259	34918	1
A_HP_07	57	Pulse	99	4315570	39229	1
A_HP_07	58	Pulse	99	4335570	8999	1
A_HP_07	58	Picture	response61	4336967	10396	1	39835	1	10000	40000	hit	310
A_HP_07	58	Pulse	99	4355570	28998	1
A_HP_07	58	Response	2	4356228	29656	1
A_HP_07	58	Pulse	99	4375650	49078	1
A_HP_07	59	Picture	response64	4387198	10396	1	39835	1	10000	40000	hit	314
A_HP_07	59	Pulse	99	4395569	18767	1
A_HP_07	59	Response	2	4408859	32057	1
A_HP_07	59	Pulse	99	4415570	38768	1
A_HP_07	60	Pulse	99	4435650	8617	1
A_HP_07	60	Picture	response62	4437428	10395	1	39835	1	10000	40000	hit	319
A_HP_07	60	Pulse	99	4455570	28538	1
A_HP_07	60	Response	2	4461999	34966	1
A_HP_07	60	Pulse	99	4475570	48538	1
A_HP_07	61	Picture	response63	4487658	10395	1	39835	1	10000	40000	hit	323
A_HP_07	61	Pulse	99	4495650	18387	1
A_HP_07	61	Response	1	4499708	22445	1
A_HP_07	61	Pulse	99	4515570	38307	1
A_HP_07	62	Pulse	99	4535570	8077	1
A_HP_07	62	Picture	response59	4538055	10562	1	40058	1	10000	40000	hit	327
A_HP_07	62	Response	1	4550469	22976	1
A_HP_07	62	Pulse	99	4555649	28156	1
A_HP_07	62	Pulse	99	4575570	48077	1
A_HP_07	63	Picture	ins14	4578113	230	1	30229	1	0	30000	other	0
A_HP_07	63	Pulse	99	4595570	17687	1
A_HP_07	63	Pulse	99	4615570	37687	1
A_HP_07	63	Pulse	99	4635570	57687	1
A_HP_07	63	Pulse	99	4655570	77687	1
A_HP_07	63	Pulse	99	4675570	97687	1
A_HP_07	63	Pulse	99	4695570	117687	1
A_HP_07	63	Pulse	99	4715570	137687	1
A_HP_07	63	Pulse	99	4735570	157687	1
A_HP_07	63	Pulse	99	4755650	177767	1
A_HP_07	63	Pulse	99	4775570	197687	1
A_HP_07	63	Pulse	99	4795570	217687	1
A_HP_07	63	Pulse	99	4815650	237767	1
A_HP_07	63	Pulse	99	4835570	257687	1
A_HP_07	63	Pulse	99	4855570	277687	1
A_HP_07	63	Pulse	99	4875650	297767	1
A_HP_07	64	Response	3	4895570	7457	1
A_HP_07	64	Pulse	99	4895570	7457	1
A_HP_07	65	Picture	response109	4906196	10396	1	39835	1	10000	40000	hit	350
A_HP_07	65	Pulse	99	4915570	19769	1
A_HP_07	65	Response	1	4920878	25078	1
A_HP_07	65	Pulse	99	4935570	39769	1
A_HP_07	66	Pulse	99	4955570	9539	1
A_HP_07	66	Picture	response112	4956426	10396	1	39835	1	10000	40000	hit	355
A_HP_07	66	Pulse	99	4975570	29539	1
A_HP_07	66	Response	2	4982559	36528	1
A_HP_07	66	Pulse	99	4995570	49539	1
A_HP_07	67	Picture	response105	5006657	10396	1	39835	1	10000	40000	hit	359
A_HP_07	67	Pulse	99	5015570	19309	1
A_HP_07	67	Response	2	5020858	24597	1
A_HP_07	67	Pulse	99	5035570	39309	1
A_HP_07	68	Pulse	99	5055570	9078	1
A_HP_07	68	Picture	response107	5057054	10562	1	39668	1	10000	40000	hit	364
A_HP_07	68	Pulse	99	5075570	29078	1
A_HP_07	68	Response	1	5087249	40757	1
A_HP_07	68	Pulse	99	5095570	49078	1
A_HP_07	69	Picture	response108	5107117	10396	1	39835	1	10000	40000	hit	368
A_HP_07	69	Pulse	99	5115570	18848	1
A_HP_07	69	Response	2	5127469	30747	1
A_HP_07	69	Pulse	99	5135570	38848	1
A_HP_07	70	Pulse	99	5155570	8618	1
A_HP_07	70	Picture	response111	5157347	10395	1	39835	1	10000	40000	hit	373
A_HP_07	70	Pulse	99	5175570	28618	1
A_HP_07	70	Response	1	5181339	34387	1
A_HP_07	70	Pulse	99	5195650	48698	1
A_HP_07	71	Picture	response110	5207578	10396	1	39835	1	10000	40000	hit	377
A_HP_07	71	Pulse	99	5215569	18387	1
A_HP_07	71	Response	2	5226528	29345	1
A_HP_07	71	Pulse	99	5235569	38387	1
A_HP_07	72	Pulse	99	5255569	8157	1
A_HP_07	72	Picture	response106	5257808	10396	1	40203	1	10000	40000	hit	382
A_HP_07	72	Pulse	99	5275570	28157	1
A_HP_07	72	Response	1	5280938	33525	1
A_HP_07	72	Pulse	99	5295569	48156	1
A_HP_07	73	Picture	ins20	5298012	230	1	30229	1	0	30000	other	0
A_HP_07	73	Pulse	99	5315569	17788	1
A_HP_07	73	Pulse	99	5335569	37788	1
A_HP_07	73	Pulse	99	5355570	57788	1
A_HP_07	73	Pulse	99	5375570	77788	1
A_HP_07	73	Pulse	99	5395570	97788	1
A_HP_07	73	Pulse	99	5415570	117788	1
A_HP_07	73	Pulse	99	5435570	137788	1
A_HP_07	73	Pulse	99	5455570	157788	1
A_HP_07	73	Pulse	99	5475569	177788	1
A_HP_07	73	Pulse	99	5495570	197788	1
A_HP_07	73	Pulse	99	5515570	217788	1
A_HP_07	73	Pulse	99	5535570	237788	1
A_HP_07	73	Pulse	99	5555570	257788	1
A_HP_07	73	Pulse	99	5575570	277788	1
A_HP_07	73	Pulse	99	5595570	297789	1
A_HP_07	74	Response	3	5615570	7558	1
A_HP_07	74	Pulse	99	5615570	7558	1
A_HP_07	75	Picture	response159	5626196	10396	1	39835	1	10000	40000	hit	404
A_HP_07	75	Pulse	99	5635570	19770	1
A_HP_07	75	Response	2	5649838	34038	1
A_HP_07	75	Pulse	99	5655570	39770	1
A_HP_07	76	Pulse	99	5675570	9539	1
A_HP_07	76	Picture	response154	5676426	10396	1	39835	1	10000	40000	hit	409
A_HP_07	76	Pulse	99	5695570	29539	1
A_HP_07	76	Response	1	5695908	29878	1
A_HP_07	76	Pulse	99	5715570	49539	1
A_HP_07	77	Picture	response160	5726656	10395	1	39835	1	10000	40000	hit	413
A_HP_07	77	Pulse	99	5735570	19309	1
A_HP_07	77	Response	2	5754468	38208	1
A_HP_07	77	Pulse	99	5755569	39309	1
A_HP_07	78	Pulse	99	5775569	9079	1
A_HP_07	78	Picture	response157	5777053	10562	1	39668	1	10000	40000	hit	418
A_HP_07	78	Pulse	99	5795569	29078	1
A_HP_07	78	Response	2	5804178	37687	1
A_HP_07	78	Pulse	99	5815569	49078	1
A_HP_07	79	Picture	response158	5827116	10395	1	39835	1	10000	40000	hit	422
A_HP_07	79	Pulse	99	5835569	18848	1
A_HP_07	79	Response	2	5849348	32627	1
A_HP_07	79	Pulse	99	5855569	38848	1
A_HP_07	80	Pulse	99	5875569	8618	1
A_HP_07	80	Picture	response156	5877347	10396	1	39834	1	10000	40000	hit	427
A_HP_07	80	Pulse	99	5895569	28618	1
A_HP_07	80	Response	2	5911018	44066	1
A_HP_07	80	Pulse	99	5915568	48617	1
A_HP_07	81	Picture	response153	5927577	10395	1	39835	1	10000	40000	hit	432
A_HP_07	81	Pulse	99	5935569	18388	1
A_HP_07	81	Pulse	99	5955569	38388	1
A_HP_07	81	Response	1	5959118	41936	1
A_HP_07	82	Pulse	99	5975569	8157	1
A_HP_07	82	Picture	response155	5977807	10395	1	40205	1	10000	40000	hit	435
A_HP_07	82	Response	2	5994868	27456	1
A_HP_07	82	Pulse	99	5995569	28157	1
A_HP_07	82	Pulse	99	6015569	48157	1
A_HP_07	83	Picture	ins10	6018012	230	1	30229	1	0	30000	other	0
A_HP_07	83	Pulse	99	6035569	17787	1
A_HP_07	83	Pulse	99	6055569	37787	1
A_HP_07	83	Pulse	99	6075569	57787	1
A_HP_07	83	Pulse	99	6095569	77787	1
A_HP_07	83	Pulse	99	6115569	97787	1
A_HP_07	83	Pulse	99	6135569	117787	1
A_HP_07	83	Pulse	99	6155569	137787	1
A_HP_07	83	Pulse	99	6175569	157787	1
A_HP_07	83	Pulse	99	6195569	177787	1
A_HP_07	83	Pulse	99	6215569	197787	1
A_HP_07	83	Pulse	99	6235569	217787	1
A_HP_07	83	Pulse	99	6255569	237787	1
A_HP_07	83	Pulse	99	6275569	257787	1
A_HP_07	83	Pulse	99	6295569	277787	1
A_HP_07	83	Pulse	99	6315569	297787	1
A_HP_07	84	Response	3	6335570	7557	1
A_HP_07	84	Pulse	99	6335570	7557	1
A_HP_07	85	Picture	response76	6346195	10395	1	39834	1	10000	40000	hit	458
A_HP_07	85	Pulse	99	6355569	19769	1
A_HP_07	85	Response	1	6363058	27258	1
A_HP_07	85	Pulse	99	6375569	39769	1
A_HP_07	86	Pulse	99	6395569	9539	1
A_HP_07	86	Picture	response73	6396425	10395	1	39835	1	10000	40000	hit	463
A_HP_07	86	Pulse	99	6415569	29539	1
A_HP_07	86	Response	2	6420087	34057	1
A_HP_07	86	Pulse	99	6435569	49539	1
A_HP_07	87	Picture	response77	6446655	10395	1	39835	1	10000	40000	hit	467
A_HP_07	87	Pulse	99	6455569	19309	1
A_HP_07	87	Response	2	6474178	37918	1
A_HP_07	87	Pulse	99	6475568	39309	1
A_HP_07	88	Pulse	99	6495569	9079	1
A_HP_07	88	Picture	response75	6497052	10562	1	39668	1	10000	40000	hit	471
A_HP_07	88	Response	2	6515078	28588	1
A_HP_07	88	Pulse	99	6515568	29078	1
A_HP_07	88	Pulse	99	6535569	49079	1
A_HP_07	89	Picture	response79	6547116	10395	1	39835	1	10000	40000	hit	476
A_HP_07	89	Pulse	99	6555569	18849	1
A_HP_07	89	Response	1	6572378	35657	1
A_HP_07	89	Pulse	99	6575569	38848	1
A_HP_07	90	Pulse	99	6595569	8618	1
A_HP_07	90	Picture	response80	6597346	10395	1	39835	1	10000	40000	hit	480
A_HP_07	90	Response	2	6611227	24277	1
A_HP_07	90	Pulse	99	6615568	28617	1
A_HP_07	90	Pulse	99	6635569	48618	1
A_HP_07	91	Picture	response78	6647576	10395	1	39835	1	10000	40000	hit	485
A_HP_07	91	Pulse	99	6655569	18388	1
A_HP_07	91	Response	1	6667438	30257	1
A_HP_07	91	Pulse	99	6675569	38388	1
A_HP_07	92	Pulse	99	6695569	8157	1
A_HP_07	92	Picture	response74	6697807	10395	1	40205	1	10000	40000	hit	490
A_HP_07	92	Pulse	99	6715569	28157	1
A_HP_07	92	Response	1	6719357	31946	1
A_HP_07	92	Pulse	99	6735569	48158	1
A_HP_07	93	Picture	ins2	6738012	230	1	30229	1	0	30000	other	0
A_HP_07	93	Pulse	99	6755569	17787	1
A_HP_07	93	Pulse	99	6775569	37787	1
A_HP_07	93	Pulse	99	6795569	57787	1
A_HP_07	93	Pulse	99	6815569	77787	1
A_HP_07	93	Pulse	99	6835569	97787	1
A_HP_07	93	Pulse	99	6855569	117787	1
A_HP_07	93	Pulse	99	6875569	137787	1
A_HP_07	93	Pulse	99	6895569	157787	1
A_HP_07	93	Pulse	99	6915569	177787	1
A_HP_07	93	Pulse	99	6935569	197787	1
A_HP_07	93	Pulse	99	6955569	217787	1
A_HP_07	93	Pulse	99	6975569	237787	1
A_HP_07	93	Pulse	99	6995569	257787	1
A_HP_07	93	Pulse	99	7015569	277787	1
A_HP_07	93	Pulse	99	7035569	297787	1
A_HP_07	94	Response	3	7055569	7557	1
A_HP_07	94	Pulse	99	7055569	7557	1
A_HP_07	95	Picture	response16	7066194	10395	1	39835	1	10000	40000	hit	512
A_HP_07	95	Pulse	99	7075569	19770	1
A_HP_07	95	Response	2	7077507	21708	1
A_HP_07	95	Pulse	99	7095569	39770	1
A_HP_07	96	Pulse	99	7115569	9540	1
A_HP_07	96	Picture	response11	7116425	10396	1	39835	1	10000	40000	hit	517
A_HP_07	96	Pulse	99	7135569	29540	1
A_HP_07	96	Response	2	7143988	37959	1
A_HP_07	96	Pulse	99	7155569	49540	1
A_HP_07	97	Picture	response14	7166655	10395	1	39835	1	10000	40000	hit	521
A_HP_07	97	Pulse	99	7175569	19310	1
A_HP_07	97	Response	1	7181918	25658	1
A_HP_07	97	Pulse	99	7195569	39309	1
A_HP_07	98	Pulse	99	7215569	9079	1
A_HP_07	98	Picture	response13	7217052	10562	1	39668	1	10000	40000	hit	525
A_HP_07	98	Response	2	7226347	19857	1
A_HP_07	98	Pulse	99	7235568	29078	1
A_HP_07	98	Pulse	99	7255568	49078	1
A_HP_07	99	Picture	response15	7267115	10395	1	39835	1	10000	40000	hit	529
A_HP_07	99	Response	2	7275167	18447	1
A_HP_07	99	Pulse	99	7275567	18847	1
A_HP_07	99	Pulse	99	7295568	38848	1
A_HP_07	100	Pulse	99	7315568	8618	1
A_HP_07	100	Picture	response12	7317345	10395	1	39835	1	10000	40000	hit	535
A_HP_07	100	Pulse	99	7335568	28618	1
A_HP_07	100	Response	1	7337837	30887	1
A_HP_07	100	Pulse	99	7355569	48619	1
A_HP_07	101	Picture	response10	7367576	10396	1	39835	1	10000	40000	hit	539
A_HP_07	101	Pulse	99	7375569	18388	1
A_HP_07	101	Response	1	7379007	21827	1
A_HP_07	101	Pulse	99	7395569	38389	1
A_HP_07	102	Pulse	99	7415569	8159	1
A_HP_07	102	Picture	response9	7417806	10395	1	40204	1	10000	40000	incorrect	544
A_HP_07	102	Pulse	99	7435568	28158	1
A_HP_07	102	Response	2	7452527	45116	1
A_HP_07	102	Pulse	99	7455568	48157	1
A_HP_07	103	Picture	ins12	7458010	230	1	30229	1	0	30000	other	0
A_HP_07	103	Pulse	99	7475568	17788	1
A_HP_07	103	Pulse	99	7495568	37787	1
A_HP_07	103	Pulse	99	7515569	57788	1
A_HP_07	103	Pulse	99	7535569	77788	1
A_HP_07	103	Pulse	99	7555569	97788	1
A_HP_07	103	Pulse	99	7575569	117788	1
A_HP_07	103	Pulse	99	7595569	137788	1
A_HP_07	103	Pulse	99	7615569	157788	1
A_HP_07	103	Pulse	99	7635569	177788	1
A_HP_07	103	Pulse	99	7655569	197788	1
A_HP_07	103	Pulse	99	7675568	217788	1
A_HP_07	103	Pulse	99	7695569	237788	1
A_HP_07	103	Pulse	99	7715569	257788	1
A_HP_07	103	Pulse	99	7735569	277788	1
A_HP_07	103	Pulse	99	7755568	297788	1
A_HP_07	104	Response	3	7775569	7558	1
A_HP_07	104	Pulse	99	7775569	7558	1
A_HP_07	105	Picture	response90	7786194	10395	1	39835	1	10000	40000	hit	566
A_HP_07	105	Pulse	99	7795569	19770	1
A_HP_07	105	Response	1	7803487	27688	1
A_HP_07	105	Pulse	99	7815568	39770	1
A_HP_07	106	Pulse	99	7835568	9539	1
A_HP_07	106	Picture	response93	7836425	10396	1	39835	1	10000	40000	hit	570
A_HP_07	106	Response	1	7853387	27359	1
A_HP_07	106	Pulse	99	7855568	29539	1
A_HP_07	106	Pulse	99	7875568	49540	1
A_HP_07	107	Picture	response92	7886654	10395	1	39835	1	10000	40000	hit	575
A_HP_07	107	Pulse	99	7895569	19309	1
A_HP_07	107	Response	1	7900987	24728	1
A_HP_07	107	Pulse	99	7915569	39309	1
A_HP_07	108	Pulse	99	7935569	9079	1
A_HP_07	108	Picture	response94	7937052	10562	1	39668	1	10000	40000	hit	579
A_HP_07	108	Response	2	7948647	22158	1
A_HP_07	108	Pulse	99	7955568	29079	1
A_HP_07	108	Pulse	99	7975568	49079	1
A_HP_07	109	Picture	response96	7987115	10395	1	39835	1	10000	40000	hit	584
A_HP_07	109	Pulse	99	7995568	18849	1
A_HP_07	109	Response	2	8003867	27147	1
A_HP_07	109	Pulse	99	8015568	38849	1
A_HP_07	110	Pulse	99	8035568	8618	1
A_HP_07	110	Picture	response89	8037345	10395	1	39835	1	10000	40000	hit	588
A_HP_07	110	Response	2	8052867	25917	1
A_HP_07	110	Pulse	99	8055568	28618	1
A_HP_07	110	Pulse	99	8075568	48618	1
A_HP_07	111	Picture	response95	8087576	10396	1	39835	1	10000	40000	hit	594
A_HP_07	111	Pulse	99	8095568	18388	1
A_HP_07	111	Pulse	99	8115568	38388	1
A_HP_07	111	Response	1	8119286	42106	1
A_HP_07	112	Pulse	99	8135568	8158	1
A_HP_07	112	Picture	response91	8137806	10396	1	40205	1	10000	40000	hit	598
A_HP_07	112	Pulse	99	8155568	28157	1
A_HP_07	112	Response	2	8157127	29716	1
A_HP_07	112	Pulse	99	8175568	48158	1
A_HP_07	113	Picture	ins16	8178011	230	1	30229	1	0	30000	other	0
A_HP_07	113	Pulse	99	8195568	17787	1
A_HP_07	113	Pulse	99	8215568	37787	1
A_HP_07	113	Pulse	99	8235568	57787	1
A_HP_07	113	Pulse	99	8255569	77788	1
A_HP_07	113	Pulse	99	8275568	97787	1
A_HP_07	113	Pulse	99	8295568	117787	1
A_HP_07	113	Pulse	99	8315568	137787	1
A_HP_07	113	Pulse	99	8335568	157787	1
A_HP_07	113	Pulse	99	8355568	177787	1
A_HP_07	113	Pulse	99	8375568	197787	1
A_HP_07	113	Pulse	99	8395568	217787	1
A_HP_07	113	Pulse	99	8415568	237787	1
A_HP_07	113	Pulse	99	8435569	257788	1
A_HP_07	113	Pulse	99	8455568	277787	1
A_HP_07	113	Pulse	99	8475568	297787	1
A_HP_07	114	Response	3	8495568	7556	1
A_HP_07	114	Pulse	99	8495568	7556	1
A_HP_07	115	Picture	response123	8506193	10395	1	39835	1	10000	40000	incorrect	621
A_HP_07	115	Pulse	99	8515568	19770	1
A_HP_07	115	Pulse	99	8535568	39770	1
A_HP_07	115	Response	1	8535976	40178	1
A_HP_07	116	Pulse	99	8555568	9540	1
A_HP_07	116	Picture	response127	8556424	10395	1	39835	1	10000	40000	hit	624
A_HP_07	116	Response	2	8570387	24359	1
A_HP_07	116	Pulse	99	8575568	29540	1
A_HP_07	116	Pulse	99	8595568	49540	1
A_HP_07	117	Picture	response128	8606654	10396	1	39834	1	10000	40000	hit	629
A_HP_07	117	Pulse	99	8615568	19310	1
A_HP_07	117	Response	2	8628037	31779	1
A_HP_07	117	Pulse	99	8635568	39310	1
A_HP_07	118	Pulse	99	8655568	9080	1
A_HP_07	118	Picture	response125	8657050	10562	1	39668	1	10000	40000	hit	633
A_HP_07	118	Response	2	8667047	20559	1
A_HP_07	118	Pulse	99	8675568	29079	1
A_HP_07	118	Pulse	99	8695568	49080	1
A_HP_07	119	Picture	response121	8707114	10395	1	39835	1	10000	40000	hit	638
A_HP_07	119	Pulse	99	8715568	18849	1
A_HP_07	119	Response	1	8717436	20718	1
A_HP_07	119	Pulse	99	8735568	38849	1
A_HP_07	120	Pulse	99	8755568	8619	1
A_HP_07	120	Picture	response122	8757344	10395	1	39835	1	10000	40000	hit	642
A_HP_07	120	Response	1	8773916	26967	1
A_HP_07	120	Pulse	99	8775567	28618	1
A_HP_07	120	Pulse	99	8795568	48619	1
A_HP_07	121	Picture	response124	8807575	10396	1	39835	1	10000	40000	miss	0
A_HP_07	121	Pulse	99	8815568	18388	1
A_HP_07	121	Pulse	99	8835568	38389	1
A_HP_07	122	Pulse	99	8855567	8158	1
A_HP_07	122	Picture	response126	8857805	10396	1	39835	1	10000	40000	incorrect	651
A_HP_07	122	Pulse	99	8875568	28158	1
A_HP_07	122	Response	1	8885347	37937	1
A_HP_07	122	Pulse	99	8895568	48158	1
A_HP_07	123	Picture	thanks	8897640	0	1	10229	1	0	10000	other	0
A_HP_07	123	Pulse	99	8915568	17928	1


Event Type	Code	Type	Response	RT	RT Uncertainty	Time	Uncertainty	Duration	Uncertainty	ReqTime	ReqDur

Picture	ready	other				195884	1	10229	1	0	10000
Picture	ins24	other				256517	1	30229	1	0	30000
Picture	response188	hit	2	29793	2	586277	1	39835	1	10000	40000
Picture	response186	hit	2	17613	2	636507	1	39835	1	10000	40000
Picture	response190	hit	1	19533	2	686737	1	39835	1	10000	40000
Picture	response185	hit	1	32343	2	736967	1	39835	1	10000	40000
Picture	response192	hit	1	25903	2	787197	1	39835	1	10000	40000
Picture	response187	hit	2	27493	2	837427	1	39835	1	10000	40000
Picture	response191	hit	1	22083	2	887657	1	39835	1	10000	40000
Picture	response189	hit	1	25566	2	938054	1	40060	1	10000	40000
Picture	ins18	other				978115	1	30229	1	0	30000
Picture	response140	hit	1	16293	2	1306277	1	39835	1	10000	40000
Picture	response141	hit	2	23792	2	1356508	1	39835	1	10000	40000
Picture	response144	hit	1	19342	2	1406738	1	39835	1	10000	40000
Picture	response139	incorrect	2	18373	2	1456967	1	39835	1	10000	40000
Picture	response142	hit	1	19352	2	1507198	1	39834	1	10000	40000
Picture	response137	miss				1557427	1	39835	1	10000	40000
Picture	response138	incorrect	2	24472	2	1607658	1	39835	1	10000	40000
Picture	response143	hit	1	14956	2	1658054	1	40059	1	10000	40000
Picture	ins6	other				1698113	1	30229	1	0	30000
Picture	response45	hit	1	12613	2	2026277	1	39835	1	10000	40000
Picture	response48	hit	1	6453	2	2076506	1	39835	1	10000	40000
Picture	response46	hit	2	8843	2	2126737	1	39835	1	10000	40000
Picture	response43	hit	1	10223	2	2176967	1	39835	1	10000	40000
Picture	response41	hit	2	10852	2	2227197	1	39835	1	10000	40000
Picture	response44	hit	2	7243	2	2277427	1	39835	1	10000	40000
Picture	response47	hit	1	6112	2	2327658	1	39835	1	10000	40000
Picture	response42	hit	1	7945	2	2378055	1	40139	1	10000	40000
Picture	ins4	other				2418194	1	30229	1	0	30000
Picture	response25	hit	2	7273	2	2746196	1	39835	1	10000	40000
Picture	response27	hit	1	10193	2	2796426	1	39835	1	10000	40000
Picture	response28	hit	1	7543	2	2846656	1	39835	1	10000	40000
Picture	response29	hit	1	8886	2	2897054	1	39668	1	10000	40000
Picture	response31	hit	1	8102	2	2947118	1	39835	1	10000	40000
Picture	response32	hit	2	7731	2	2997348	1	39835	1	10000	40000
Picture	response30	hit	1	5921	2	3047578	1	39835	1	10000	40000
Picture	response26	hit	2	7421	2	3097809	1	40204	1	10000	40000
Picture	ins22	other				3138013	1	30229	1	0	30000
Picture	response174	hit	2	25343	2	3466196	1	39835	1	10000	40000
Picture	response176	hit	1	22443	2	3516426	1	39835	1	10000	40000
Picture	response171	hit	1	25773	2	3566656	1	39835	1	10000	40000
Picture	response173	hit	1	29225	2	3617053	1	39668	1	10000	40000
Picture	response169	hit	2	18092	2	3667117	1	39835	1	10000	40000
Picture	response175	hit	2	26751	2	3717348	1	39835	1	10000	40000
Picture	response170	hit	2	29880	2	3767578	1	39835	1	10000	40000
Picture	response172	hit	2	17621	2	3817808	1	40204	1	10000	40000
Picture	ins8	other				3858012	1	30229	1	0	30000
Picture	response60	hit	2	12932	2	4186276	1	39835	1	10000	40000
Picture	response57	hit	1	11563	2	4236506	1	39835	1	10000	40000
Picture	response58	hit	1	24522	2	4286737	1	39835	1	10000	40000
Picture	response61	hit	2	19261	2	4336967	1	39835	1	10000	40000
Picture	response64	hit	2	21661	2	4387198	1	39835	1	10000	40000
Picture	response62	hit	2	24571	2	4437428	1	39835	1	10000	40000
Picture	response63	hit	1	12050	2	4487658	1	39835	1	10000	40000
Picture	response59	hit	1	12414	2	4538055	1	40058	1	10000	40000
Picture	ins14	other				4578113	1	30229	1	0	30000
Picture	response109	hit	1	14682	2	4906196	1	39835	1	10000	40000
Picture	response112	hit	2	26132	2	4956426	1	39835	1	10000	40000
Picture	response105	hit	2	14201	2	5006657	1	39835	1	10000	40000
Picture	response107	hit	1	30195	2	5057054	1	39668	1	10000	40000
Picture	response108	hit	2	20352	2	5107117	1	39835	1	10000	40000
Picture	response111	hit	1	23991	2	5157347	1	39835	1	10000	40000
Picture	response110	hit	2	18950	2	5207578	1	39835	1	10000	40000
Picture	response106	hit	1	23129	2	5257808	1	40203	1	10000	40000
Picture	ins20	other				5298012	1	30229	1	0	30000
Picture	response159	hit	2	23643	2	5626196	1	39835	1	10000	40000
Picture	response154	hit	1	19482	2	5676426	1	39835	1	10000	40000
Picture	response160	hit	2	27812	2	5726656	1	39835	1	10000	40000
Picture	response157	hit	2	27125	2	5777053	1	39668	1	10000	40000
Picture	response158	hit	2	22231	2	5827116	1	39835	1	10000	40000
Picture	response156	hit	2	33671	2	5877347	1	39834	1	10000	40000
Picture	response153	hit	1	31541	2	5927577	1	39835	1	10000	40000
Picture	response155	hit	2	17061	2	5977807	1	40205	1	10000	40000
Picture	ins10	other				6018012	1	30229	1	0	30000
Picture	response76	hit	1	16862	2	6346195	1	39834	1	10000	40000
Picture	response73	hit	2	23662	2	6396425	1	39835	1	10000	40000
Picture	response77	hit	2	27522	2	6446655	1	39835	1	10000	40000
Picture	response75	hit	2	18026	2	6497052	1	39668	1	10000	40000
Picture	response79	hit	1	25262	2	6547116	1	39835	1	10000	40000
Picture	response80	hit	2	13881	2	6597346	1	39835	1	10000	40000
Picture	response78	hit	1	19861	2	6647576	1	39835	1	10000	40000
Picture	response74	hit	1	21551	2	6697807	1	40205	1	10000	40000
Picture	ins2	other				6738012	1	30229	1	0	30000
Picture	response16	hit	2	11313	2	7066194	1	39835	1	10000	40000
Picture	response11	hit	2	27564	2	7116425	1	39835	1	10000	40000
Picture	response14	hit	1	15263	2	7166655	1	39835	1	10000	40000
Picture	response13	hit	2	9295	2	7217052	1	39668	1	10000	40000
Picture	response15	hit	2	8052	2	7267115	1	39835	1	10000	40000
Picture	response12	hit	1	20492	2	7317345	1	39835	1	10000	40000
Picture	response10	hit	1	11431	2	7367576	1	39835	1	10000	40000
Picture	response9	incorrect	2	34721	2	7417806	1	40204	1	10000	40000
Picture	ins12	other				7458010	1	30229	1	0	30000
Picture	response90	hit	1	17293	2	7786194	1	39835	1	10000	40000
Picture	response93	hit	1	16963	2	7836425	1	39835	1	10000	40000
Picture	response92	hit	1	14333	2	7886654	1	39835	1	10000	40000
Picture	response94	hit	2	11595	2	7937052	1	39668	1	10000	40000
Picture	response96	hit	2	16752	2	7987115	1	39835	1	10000	40000
Picture	response89	hit	2	15521	2	8037345	1	39835	1	10000	40000
Picture	response95	hit	1	31710	2	8087576	1	39835	1	10000	40000
Picture	response91	hit	2	19320	2	8137806	1	40205	1	10000	40000
Picture	ins16	other				8178011	1	30229	1	0	30000
Picture	response123	incorrect	1	29783	2	8506193	1	39835	1	10000	40000
Picture	response127	hit	2	13963	2	8556424	1	39835	1	10000	40000
Picture	response128	hit	2	21383	2	8606654	1	39834	1	10000	40000
Picture	response125	hit	2	9997	2	8657050	1	39668	1	10000	40000
Picture	response121	hit	1	10322	2	8707114	1	39835	1	10000	40000
Picture	response122	hit	1	16572	2	8757344	1	39835	1	10000	40000
Picture	response124	miss				8807575	1	39835	1	10000	40000
Picture	response126	incorrect	1	27542	2	8857805	1	39835	1	10000	40000
Picture	thanks	other				8897640	1	10229	1	0	10000


{
   "app": "Presentation Version 21.0 Build 06.06.19",
   "device": "LENOVO 20KHCTO1WW",
   "experiment": "{A2FC4E2A-B401-4E65-9CA9-5B09E294C871}",
   "os": "Windows 10 64 bit",
   "package": "",
   "parameters": {
      "configuration": "Default configuration"
   },
   "scenario": "Dimension experiment(2).sce",
   "subject": "A_HP_07",
   "timestamp": "2019/08/29 00:23:04 GMT"
}
