Scenario - 
Logfile written - 09/26/2019 12:11:57

Subject	Trial	Event Type	Code	Time	TTime	Uncertainty	Duration	Uncertainty	ReqTime	ReqDur	Stim Type	Pair Index

A_HP_14	1	Response	3	101436	99937	1
A_HP_14	1	Pulse	99	101436	99937	1
A_HP_14	2	Picture	ready	101667	0	1	10229	1	0	10000	other	0
A_HP_14	2	Pulse	99	121436	19769	1
A_HP_14	2	Pulse	99	141436	39769	1
A_HP_14	2	Pulse	99	161436	59769	1
A_HP_14	3	Picture	ins24	162221	233	1	30229	1	0	30000	other	0
A_HP_14	3	Pulse	99	181437	19448	1
A_HP_14	3	Pulse	99	201437	39448	1
A_HP_14	3	Pulse	99	221437	59448	1
A_HP_14	3	Pulse	99	241437	79448	1
A_HP_14	3	Pulse	99	261437	99448	1
A_HP_14	3	Pulse	99	281437	119448	1
A_HP_14	3	Pulse	99	301437	139448	1
A_HP_14	3	Pulse	99	321437	159448	1
A_HP_14	3	Pulse	99	341437	179448	1
A_HP_14	3	Pulse	99	361437	199448	1
A_HP_14	3	Pulse	99	381437	219448	1
A_HP_14	3	Pulse	99	401437	239448	1
A_HP_14	3	Pulse	99	421437	259448	1
A_HP_14	3	Pulse	99	441437	279448	1
A_HP_14	3	Pulse	99	461437	299448	1
A_HP_14	4	Response	3	481437	9218	1
A_HP_14	4	Pulse	99	481437	9218	1
A_HP_14	5	Picture	response185	492063	10396	1	39834	1	10000	40000	hit	27
A_HP_14	5	Pulse	99	501437	19769	1
A_HP_14	5	Response	1	508966	27298	1
A_HP_14	5	Pulse	99	521437	39769	1
A_HP_14	6	Pulse	99	541437	9539	1
A_HP_14	6	Picture	response188	542293	10396	1	39835	1	10000	40000	hit	32
A_HP_14	6	Pulse	99	561437	29539	1
A_HP_14	6	Response	2	569275	37377	1
A_HP_14	6	Pulse	99	581437	49539	1
A_HP_14	7	Picture	response192	592858	10729	1	39668	1	10000	40000	hit	36
A_HP_14	7	Pulse	99	601437	19309	1
A_HP_14	7	Response	1	611016	28887	1
A_HP_14	7	Pulse	99	621437	39309	1
A_HP_14	8	Pulse	99	641437	8912	1
A_HP_14	8	Picture	response187	642921	10396	1	39835	1	10000	40000	hit	41
A_HP_14	8	Pulse	99	661437	28912	1
A_HP_14	8	Response	2	667635	35110	1
A_HP_14	8	Pulse	99	681437	48912	1
A_HP_14	9	Picture	response190	693151	10396	1	39835	1	10000	40000	hit	45
A_HP_14	9	Pulse	99	701437	18682	1
A_HP_14	9	Response	1	709096	26341	1
A_HP_14	9	Pulse	99	721437	38682	1
A_HP_14	10	Pulse	99	741437	8451	1
A_HP_14	10	Picture	response191	743382	10395	1	39835	1	10000	40000	hit	50
A_HP_14	10	Pulse	99	761437	28451	1
A_HP_14	10	Response	1	764776	31790	1
A_HP_14	10	Pulse	99	781437	48451	1
A_HP_14	11	Picture	response186	793612	10395	1	39835	1	10000	40000	hit	54
A_HP_14	11	Pulse	99	801437	18221	1
A_HP_14	11	Response	2	808466	25249	1
A_HP_14	11	Pulse	99	821437	38221	1
A_HP_14	12	Pulse	99	841437	7991	1
A_HP_14	12	Picture	response189	844009	10562	1	40010	1	10000	40000	hit	59
A_HP_14	12	Pulse	99	861437	27991	1
A_HP_14	12	Response	1	864516	31069	1
A_HP_14	12	Pulse	99	881437	47991	1
A_HP_14	13	Picture	ins20	884019	230	1	30229	1	0	30000	other	0
A_HP_14	13	Pulse	99	901437	17648	1
A_HP_14	13	Pulse	99	921437	37648	1
A_HP_14	13	Pulse	99	941437	57648	1
A_HP_14	13	Pulse	99	961438	77649	1
A_HP_14	13	Pulse	99	981438	97649	1
A_HP_14	13	Pulse	99	1001438	117649	1
A_HP_14	13	Pulse	99	1021438	137649	1
A_HP_14	13	Pulse	99	1041438	157649	1
A_HP_14	13	Pulse	99	1061438	177649	1
A_HP_14	13	Pulse	99	1081438	197649	1
A_HP_14	13	Pulse	99	1101438	217649	1
A_HP_14	13	Pulse	99	1121438	237649	1
A_HP_14	13	Pulse	99	1141438	257649	1
A_HP_14	13	Pulse	99	1161438	277649	1
A_HP_14	13	Pulse	99	1181438	297649	1
A_HP_14	14	Response	3	1201438	7419	1
A_HP_14	14	Pulse	99	1201438	7419	1
A_HP_14	15	Picture	response153	1212064	10396	1	39835	1	10000	40000	hit	81
A_HP_14	15	Pulse	99	1221438	19769	1
A_HP_14	15	Response	1	1232406	30738	1
A_HP_14	15	Pulse	99	1241438	39769	1
A_HP_14	16	Pulse	99	1261438	9539	1
A_HP_14	16	Picture	response159	1262295	10396	1	39835	1	10000	40000	hit	86
A_HP_14	16	Pulse	99	1281438	29539	1
A_HP_14	16	Response	2	1285196	33297	1
A_HP_14	16	Pulse	99	1301438	49539	1
A_HP_14	17	Picture	response156	1312859	10729	1	39668	1	10000	40000	hit	90
A_HP_14	17	Pulse	99	1321438	19309	1
A_HP_14	17	Response	2	1331917	29787	1
A_HP_14	17	Pulse	99	1341438	39309	1
A_HP_14	18	Pulse	99	1361438	8911	1
A_HP_14	18	Picture	response154	1362923	10396	1	39835	1	10000	40000	hit	94
A_HP_14	18	Response	1	1378137	25610	1
A_HP_14	18	Pulse	99	1381437	28911	1
A_HP_14	18	Pulse	99	1401438	48911	1
A_HP_14	19	Picture	response158	1413154	10396	1	39835	1	10000	40000	hit	99
A_HP_14	19	Pulse	99	1421438	18681	1
A_HP_14	19	Response	2	1424896	22139	1
A_HP_14	19	Pulse	99	1441438	38681	1
A_HP_14	20	Pulse	99	1461438	8450	1
A_HP_14	20	Picture	response155	1463385	10396	1	39834	1	10000	40000	hit	103
A_HP_14	20	Response	2	1479817	26829	1
A_HP_14	20	Pulse	99	1481438	28450	1
A_HP_14	20	Pulse	99	1501438	48450	1
A_HP_14	21	Picture	response157	1513615	10396	1	39835	1	10000	40000	hit	108
A_HP_14	21	Pulse	99	1521438	18220	1
A_HP_14	21	Response	2	1540927	37709	1
A_HP_14	21	Pulse	99	1541438	38219	1
A_HP_14	22	Pulse	99	1561438	7989	1
A_HP_14	22	Picture	response160	1564012	10562	1	40009	1	10000	40000	hit	113
A_HP_14	22	Pulse	99	1581439	27989	1
A_HP_14	22	Response	2	1581527	28078	1
A_HP_14	22	Pulse	99	1601439	47989	1
A_HP_14	23	Picture	ins8	1604020	230	1	30229	1	0	30000	other	0
A_HP_14	23	Pulse	99	1621439	17648	1
A_HP_14	23	Pulse	99	1641439	37648	1
A_HP_14	23	Pulse	99	1661439	57648	1
A_HP_14	23	Pulse	99	1681439	77648	1
A_HP_14	23	Pulse	99	1701439	97648	1
A_HP_14	23	Pulse	99	1721439	117648	1
A_HP_14	23	Pulse	99	1741438	137648	1
A_HP_14	23	Pulse	99	1761439	157648	1
A_HP_14	23	Pulse	99	1781439	177648	1
A_HP_14	23	Pulse	99	1801439	197648	1
A_HP_14	23	Pulse	99	1821439	217648	1
A_HP_14	23	Pulse	99	1841439	237648	1
A_HP_14	23	Pulse	99	1861439	257648	1
A_HP_14	23	Pulse	99	1881439	277648	1
A_HP_14	23	Pulse	99	1901439	297648	1
A_HP_14	24	Response	3	1921439	7418	1
A_HP_14	24	Pulse	99	1921439	7418	1
A_HP_14	25	Picture	response64	1932064	10395	1	39834	1	10000	40000	hit	135
A_HP_14	25	Pulse	99	1941439	19770	1
A_HP_14	25	Response	2	1952418	30749	1
A_HP_14	25	Pulse	99	1961439	39770	1
A_HP_14	26	Pulse	99	1981439	9541	1
A_HP_14	26	Picture	response63	1982294	10396	1	39835	1	10000	40000	hit	139
A_HP_14	26	Response	1	1990777	18879	1
A_HP_14	26	Pulse	99	2001439	29540	1
A_HP_14	26	Pulse	99	2021439	49540	1
A_HP_14	27	Picture	response59	2032691	10562	1	39668	1	10000	40000	hit	144
A_HP_14	27	Pulse	99	2041439	19310	1
A_HP_14	27	Response	1	2041497	19368	1
A_HP_14	27	Pulse	99	2061439	39310	1
A_HP_14	28	Pulse	99	2081439	9080	1
A_HP_14	28	Picture	response60	2082755	10395	1	39835	1	10000	40000	hit	148
A_HP_14	28	Response	2	2092168	19809	1
A_HP_14	28	Pulse	99	2101439	29080	1
A_HP_14	28	Pulse	99	2121439	49080	1
A_HP_14	29	Picture	response58	2132985	10396	1	39835	1	10000	40000	hit	153
A_HP_14	29	Pulse	99	2141439	18850	1
A_HP_14	29	Response	1	2142207	19618	1
A_HP_14	29	Pulse	99	2161440	38850	1
A_HP_14	30	Pulse	99	2181440	8620	1
A_HP_14	30	Picture	response57	2183215	10395	1	39835	1	10000	40000	hit	157
A_HP_14	30	Response	1	2191258	18438	1
A_HP_14	30	Pulse	99	2201439	28620	1
A_HP_14	30	Pulse	99	2221440	48620	1
A_HP_14	31	Picture	response61	2233445	10395	1	39835	1	10000	40000	hit	162
A_HP_14	31	Pulse	99	2241440	18389	1
A_HP_14	31	Response	2	2245378	22328	1
A_HP_14	31	Pulse	99	2261440	38389	1
A_HP_14	32	Pulse	99	2281440	8159	1
A_HP_14	32	Picture	response62	2283843	10562	1	40079	1	10000	40000	hit	167
A_HP_14	32	Pulse	99	2301440	28159	1
A_HP_14	32	Response	2	2302958	29677	1
A_HP_14	32	Pulse	99	2321440	48159	1
A_HP_14	33	Picture	ins10	2323921	230	1	30229	1	0	30000	other	0
A_HP_14	33	Pulse	99	2341440	17748	1
A_HP_14	33	Pulse	99	2361440	37748	1
A_HP_14	33	Pulse	99	2381440	57748	1
A_HP_14	33	Pulse	99	2401440	77748	1
A_HP_14	33	Pulse	99	2421440	97748	1
A_HP_14	33	Pulse	99	2441440	117748	1
A_HP_14	33	Pulse	99	2461440	137748	1
A_HP_14	33	Pulse	99	2481440	157748	1
A_HP_14	33	Pulse	99	2501440	177748	1
A_HP_14	33	Pulse	99	2521440	197748	1
A_HP_14	33	Pulse	99	2541440	217748	1
A_HP_14	33	Pulse	99	2561440	237748	1
A_HP_14	33	Pulse	99	2581440	257748	1
A_HP_14	33	Pulse	99	2601440	277749	1
A_HP_14	33	Pulse	99	2621440	297748	1
A_HP_14	34	Response	3	2641440	7518	1
A_HP_14	34	Pulse	99	2641440	7518	1
A_HP_14	35	Picture	response80	2652065	10395	1	39835	1	10000	40000	hit	189
A_HP_14	35	Pulse	99	2661440	19770	1
A_HP_14	35	Response	2	2666298	24628	1
A_HP_14	35	Pulse	99	2681440	39770	1
A_HP_14	36	Pulse	99	2701440	9540	1
A_HP_14	36	Picture	response74	2702296	10395	1	39835	1	10000	40000	hit	194
A_HP_14	36	Pulse	99	2721440	29540	1
A_HP_14	36	Response	1	2728599	36698	1
A_HP_14	36	Pulse	99	2741440	49540	1
A_HP_14	37	Picture	response79	2752693	10562	1	39668	1	10000	40000	hit	198
A_HP_14	37	Pulse	99	2761440	19310	1
A_HP_14	37	Response	1	2771079	28949	1
A_HP_14	37	Pulse	99	2781440	39310	1
A_HP_14	38	Pulse	99	2801441	9080	1
A_HP_14	38	Picture	response76	2802756	10395	1	39835	1	10000	40000	hit	202
A_HP_14	38	Response	1	2819929	27568	1
A_HP_14	38	Pulse	99	2821440	29079	1
A_HP_14	38	Pulse	99	2841441	49080	1
A_HP_14	39	Picture	response78	2852987	10395	1	39835	1	10000	40000	hit	207
A_HP_14	39	Pulse	99	2861440	18849	1
A_HP_14	39	Response	1	2873359	30768	1
A_HP_14	39	Pulse	99	2881440	38849	1
A_HP_14	40	Pulse	99	2901440	8619	1
A_HP_14	40	Picture	response73	2903217	10396	1	39835	1	10000	40000	hit	212
A_HP_14	40	Pulse	99	2921441	28619	1
A_HP_14	40	Response	2	2926389	33567	1
A_HP_14	40	Pulse	99	2941440	48619	1
A_HP_14	41	Picture	response77	2953448	10396	1	39835	1	10000	40000	hit	216
A_HP_14	41	Pulse	99	2961441	18388	1
A_HP_14	41	Response	2	2970509	27457	1
A_HP_14	41	Pulse	99	2981441	38388	1
A_HP_14	42	Pulse	99	3001441	8158	1
A_HP_14	42	Picture	response75	3003845	10562	1	40078	1	10000	40000	hit	220
A_HP_14	42	Response	2	3017459	24177	1
A_HP_14	42	Pulse	99	3021440	28157	1
A_HP_14	42	Pulse	99	3041441	48158	1
A_HP_14	43	Picture	ins22	3043923	230	1	30229	1	0	30000	other	0
A_HP_14	43	Pulse	99	3061441	17748	1
A_HP_14	43	Pulse	99	3081441	37748	1
A_HP_14	43	Pulse	99	3101441	57748	1
A_HP_14	43	Pulse	99	3121441	77748	1
A_HP_14	43	Pulse	99	3141441	97748	1
A_HP_14	43	Pulse	99	3161441	117748	1
A_HP_14	43	Pulse	99	3181441	137748	1
A_HP_14	43	Pulse	99	3201441	157748	1
A_HP_14	43	Pulse	99	3221441	177748	1
A_HP_14	43	Pulse	99	3241441	197748	1
A_HP_14	43	Pulse	99	3261441	217748	1
A_HP_14	43	Pulse	99	3281441	237748	1
A_HP_14	43	Pulse	99	3301441	257748	1
A_HP_14	43	Pulse	99	3321441	277748	1
A_HP_14	43	Pulse	99	3341441	297748	1
A_HP_14	44	Response	3	3361441	7518	1
A_HP_14	44	Pulse	99	3361441	7518	1
A_HP_14	45	Picture	response171	3372068	10396	1	39835	1	10000	40000	hit	243
A_HP_14	45	Pulse	99	3381441	19769	1
A_HP_14	45	Response	1	3393000	31327	1
A_HP_14	45	Pulse	99	3401441	39769	1
A_HP_14	46	Pulse	99	3421441	9538	1
A_HP_14	46	Picture	response172	3422298	10396	1	39835	1	10000	40000	hit	248
A_HP_14	46	Pulse	99	3441441	29538	1
A_HP_14	46	Response	2	3448460	36557	1
A_HP_14	46	Pulse	99	3461441	49538	1
A_HP_14	47	Picture	response176	3472862	10729	1	39668	1	10000	40000	hit	252
A_HP_14	47	Pulse	99	3481441	19308	1
A_HP_14	47	Response	1	3488200	26067	1
A_HP_14	47	Pulse	99	3501441	39309	1
A_HP_14	48	Pulse	99	3521441	8911	1
A_HP_14	48	Picture	response169	3522926	10396	1	39834	1	10000	40000	hit	257
A_HP_14	48	Pulse	99	3541441	28911	1
A_HP_14	48	Response	2	3541890	29359	1
A_HP_14	48	Pulse	99	3561441	48911	1
A_HP_14	49	Picture	response175	3573156	10396	1	39835	1	10000	40000	hit	261
A_HP_14	49	Pulse	99	3581441	18681	1
A_HP_14	49	Response	2	3599530	36770	1
A_HP_14	49	Pulse	99	3601441	38680	1
A_HP_14	50	Pulse	99	3621441	8451	1
A_HP_14	50	Picture	response174	3623386	10396	1	39835	1	10000	40000	hit	266
A_HP_14	50	Pulse	99	3641442	28451	1
A_HP_14	50	Response	2	3642979	29989	1
A_HP_14	50	Pulse	99	3661442	48451	1
A_HP_14	51	Picture	response173	3673617	10396	1	39835	1	10000	40000	hit	271
A_HP_14	51	Pulse	99	3681442	18221	1
A_HP_14	51	Pulse	99	3701442	38221	1
A_HP_14	51	Response	1	3702900	39679	1
A_HP_14	52	Pulse	99	3721442	7991	1
A_HP_14	52	Picture	response170	3724014	10562	1	40011	1	10000	40000	hit	275
A_HP_14	52	Pulse	99	3741442	27990	1
A_HP_14	52	Response	2	3743170	29718	1
A_HP_14	52	Pulse	99	3761442	47990	1
A_HP_14	53	Picture	ins4	3764025	231	1	30229	1	0	30000	other	0
A_HP_14	53	Pulse	99	3781442	17648	1
A_HP_14	53	Pulse	99	3801442	37648	1
A_HP_14	53	Pulse	99	3821442	57648	1
A_HP_14	53	Pulse	99	3841442	77648	1
A_HP_14	53	Pulse	99	3861442	97648	1
A_HP_14	53	Pulse	99	3881442	117648	1
A_HP_14	53	Pulse	99	3901442	137648	1
A_HP_14	53	Pulse	99	3921442	157648	1
A_HP_14	53	Pulse	99	3941442	177648	1
A_HP_14	53	Pulse	99	3961442	197648	1
A_HP_14	53	Pulse	99	3981442	217648	1
A_HP_14	53	Pulse	99	4001442	237648	1
A_HP_14	53	Pulse	99	4021442	257648	1
A_HP_14	53	Pulse	99	4041442	277648	1
A_HP_14	53	Pulse	99	4061442	297648	1
A_HP_14	54	Response	3	4081442	7418	1
A_HP_14	54	Pulse	99	4081442	7418	1
A_HP_14	55	Picture	response26	4092068	10395	1	39835	1	10000	40000	hit	296
A_HP_14	55	Response	2	4099960	18288	1
A_HP_14	55	Pulse	99	4101441	19769	1
A_HP_14	55	Pulse	99	4121442	39770	1
A_HP_14	56	Pulse	99	4141442	9540	1
A_HP_14	56	Picture	response25	4142298	10395	1	39835	1	10000	40000	hit	301
A_HP_14	56	Response	2	4149701	17798	1
A_HP_14	56	Pulse	99	4161442	29540	1
A_HP_14	56	Pulse	99	4181442	49540	1
A_HP_14	57	Picture	response32	4192694	10562	1	39668	1	10000	40000	hit	306
A_HP_14	57	Pulse	99	4201442	19310	1
A_HP_14	57	Response	2	4202240	20108	1
A_HP_14	57	Pulse	99	4221442	39310	1
A_HP_14	58	Pulse	99	4241442	9080	1
A_HP_14	58	Picture	response30	4242758	10395	1	39835	1	10000	40000	hit	310
A_HP_14	58	Response	1	4254361	21998	1
A_HP_14	58	Pulse	99	4261442	29080	1
A_HP_14	58	Pulse	99	4281442	49080	1
A_HP_14	59	Picture	response31	4292988	10395	1	39835	1	10000	40000	hit	314
A_HP_14	59	Response	1	4298181	15589	1
A_HP_14	59	Pulse	99	4301442	18849	1
A_HP_14	59	Pulse	99	4321442	38850	1
A_HP_14	60	Pulse	99	4341442	8620	1
A_HP_14	60	Picture	response28	4343218	10395	1	39835	1	10000	40000	hit	319
A_HP_14	60	Response	1	4349701	16879	1
A_HP_14	60	Pulse	99	4361442	28620	1
A_HP_14	60	Pulse	99	4381442	48620	1
A_HP_14	61	Picture	response27	4393448	10395	1	39835	1	10000	40000	hit	323
A_HP_14	61	Response	1	4400711	17658	1
A_HP_14	61	Pulse	99	4401442	18389	1
A_HP_14	61	Pulse	99	4421442	38390	1
A_HP_14	62	Pulse	99	4441442	8159	1
A_HP_14	62	Picture	response29	4443845	10562	1	40079	1	10000	40000	hit	328
A_HP_14	62	Response	1	4450111	16828	1
A_HP_14	62	Pulse	99	4461442	28159	1
A_HP_14	62	Pulse	99	4481443	48159	1
A_HP_14	63	Picture	ins18	4483924	230	1	30229	1	0	30000	other	0
A_HP_14	63	Pulse	99	4501443	17748	1
A_HP_14	63	Pulse	99	4521443	37748	1
A_HP_14	63	Pulse	99	4541443	57748	1
A_HP_14	63	Pulse	99	4561443	77748	1
A_HP_14	63	Pulse	99	4581443	97748	1
A_HP_14	63	Pulse	99	4601443	117748	1
A_HP_14	63	Pulse	99	4621443	137749	1
A_HP_14	63	Pulse	99	4641443	157749	1
A_HP_14	63	Pulse	99	4661443	177749	1
A_HP_14	63	Pulse	99	4681443	197749	1
A_HP_14	63	Pulse	99	4701443	217749	1
A_HP_14	63	Pulse	99	4721443	237749	1
A_HP_14	63	Pulse	99	4741443	257749	1
A_HP_14	63	Pulse	99	4761443	277749	1
A_HP_14	63	Pulse	99	4781443	297749	1
A_HP_14	64	Response	3	4801443	7518	1
A_HP_14	64	Pulse	99	4801443	7518	1
A_HP_14	65	Picture	response141	4812068	10395	1	39836	1	10000	40000	hit	351
A_HP_14	65	Pulse	99	4821443	19770	1
A_HP_14	65	Response	2	4834682	33009	1
A_HP_14	65	Pulse	99	4841443	39770	1
A_HP_14	66	Pulse	99	4861444	9540	1
A_HP_14	66	Picture	response140	4862299	10396	1	39835	1	10000	40000	hit	356
A_HP_14	66	Pulse	99	4881443	29540	1
A_HP_14	66	Response	1	4881511	29608	1
A_HP_14	66	Pulse	99	4901443	49540	1
A_HP_14	67	Picture	response142	4912863	10729	1	39668	1	10000	40000	hit	360
A_HP_14	67	Pulse	99	4921443	19309	1
A_HP_14	67	Response	1	4926372	24238	1
A_HP_14	67	Pulse	99	4941443	39309	1
A_HP_14	68	Pulse	99	4961443	8912	1
A_HP_14	68	Picture	response137	4962928	10396	1	39835	1	10000	40000	hit	365
A_HP_14	68	Pulse	99	4981443	28912	1
A_HP_14	68	Response	2	4986652	34120	1
A_HP_14	68	Pulse	99	5001444	48912	1
A_HP_14	69	Picture	response139	5013158	10396	1	39835	1	10000	40000	hit	369
A_HP_14	69	Pulse	99	5021444	18681	1
A_HP_14	69	Response	1	5028902	26140	1
A_HP_14	69	Pulse	99	5041444	38681	1
A_HP_14	70	Pulse	99	5061444	8451	1
A_HP_14	70	Picture	response143	5063389	10396	1	39835	1	10000	40000	hit	373
A_HP_14	70	Response	1	5075552	22559	1
A_HP_14	70	Pulse	99	5081443	28450	1
A_HP_14	70	Pulse	99	5101445	48452	1
A_HP_14	71	Picture	response144	5113619	10396	1	39835	1	10000	40000	hit	378
A_HP_14	71	Pulse	99	5121444	18221	1
A_HP_14	71	Response	1	5139882	36659	1
A_HP_14	71	Pulse	99	5141443	38220	1
A_HP_14	72	Pulse	99	5161444	7990	1
A_HP_14	72	Picture	response138	5164017	10563	1	40009	1	10000	40000	hit	382
A_HP_14	72	Response	1	5174243	20789	1
A_HP_14	72	Pulse	99	5181443	27990	1
A_HP_14	72	Pulse	99	5201444	47990	1
A_HP_14	73	Picture	ins12	5204026	230	1	30229	1	0	30000	other	0
A_HP_14	73	Pulse	99	5221444	17648	1
A_HP_14	73	Pulse	99	5241444	37648	1
A_HP_14	73	Pulse	99	5261444	57648	1
A_HP_14	73	Pulse	99	5281444	77648	1
A_HP_14	73	Pulse	99	5301444	97648	1
A_HP_14	73	Pulse	99	5321444	117648	1
A_HP_14	73	Pulse	99	5341444	137648	1
A_HP_14	73	Pulse	99	5361444	157648	1
A_HP_14	73	Pulse	99	5381444	177648	1
A_HP_14	73	Pulse	99	5401444	197648	1
A_HP_14	73	Pulse	99	5421444	217648	1
A_HP_14	73	Pulse	99	5441364	237568	1
A_HP_14	73	Pulse	99	5461444	257648	1
A_HP_14	73	Pulse	99	5481444	277648	1
A_HP_14	73	Pulse	99	5501444	297648	1
A_HP_14	74	Response	3	5521444	7418	1
A_HP_14	74	Pulse	99	5521444	7418	1
A_HP_14	75	Picture	response96	5532070	10396	1	39835	1	10000	40000	hit	405
A_HP_14	75	Pulse	99	5541444	19769	1
A_HP_14	75	Response	2	5551573	29898	1
A_HP_14	75	Pulse	99	5561444	39769	1
A_HP_14	76	Pulse	99	5581444	9539	1
A_HP_14	76	Picture	response92	5582301	10396	1	39835	1	10000	40000	hit	409
A_HP_14	76	Response	1	5592613	20708	1
A_HP_14	76	Pulse	99	5601444	29539	1
A_HP_14	76	Pulse	99	5621444	49539	1
A_HP_14	77	Picture	response94	5632697	10562	1	39835	1	10000	40000	hit	414
A_HP_14	77	Pulse	99	5641444	19309	1
A_HP_14	77	Response	2	5649623	27488	1
A_HP_14	77	Pulse	99	5661444	39309	1
A_HP_14	78	Pulse	99	5681444	8912	1
A_HP_14	78	Picture	response93	5682928	10396	1	39836	1	10000	40000	hit	419
A_HP_14	78	Pulse	99	5701444	28912	1
A_HP_14	78	Response	1	5707923	35391	1
A_HP_14	78	Pulse	99	5721444	48912	1
A_HP_14	79	Picture	response95	5733160	10396	1	39834	1	10000	40000	hit	423
A_HP_14	79	Pulse	99	5741445	18681	1
A_HP_14	79	Response	1	5753693	30930	1
A_HP_14	79	Pulse	99	5761364	38601	1
A_HP_14	80	Pulse	99	5781445	8451	1
A_HP_14	80	Picture	response90	5783389	10396	1	39835	1	10000	40000	hit	427
A_HP_14	80	Response	1	5800643	27650	1
A_HP_14	80	Pulse	99	5801444	28450	1
A_HP_14	80	Pulse	99	5821365	48371	1
A_HP_14	81	Picture	response89	5833620	10396	1	39835	1	10000	40000	hit	432
A_HP_14	81	Pulse	99	5841445	18220	1
A_HP_14	81	Response	2	5859233	36009	1
A_HP_14	81	Pulse	99	5861444	38220	1
A_HP_14	82	Pulse	99	5881445	7990	1
A_HP_14	82	Picture	response91	5884017	10562	1	40011	1	10000	40000	hit	437
A_HP_14	82	Pulse	99	5901445	27990	1
A_HP_14	82	Response	2	5912603	39149	1
A_HP_14	82	Pulse	99	5921445	47990	1
A_HP_14	83	Picture	ins14	5924027	230	1	30229	1	0	30000	other	0
A_HP_14	83	Pulse	99	5941445	17648	1
A_HP_14	83	Pulse	99	5961445	37648	1
A_HP_14	83	Pulse	99	5981445	57648	1
A_HP_14	83	Pulse	99	6001445	77648	1
A_HP_14	83	Pulse	99	6021365	97568	1
A_HP_14	83	Pulse	99	6041445	117648	1
A_HP_14	83	Pulse	99	6061445	137648	1
A_HP_14	83	Pulse	99	6081365	157568	1
A_HP_14	83	Pulse	99	6101445	177648	1
A_HP_14	83	Pulse	99	6121445	197648	1
A_HP_14	83	Pulse	99	6141366	217569	1
A_HP_14	83	Pulse	99	6161445	237648	1
A_HP_14	83	Pulse	99	6181445	257648	1
A_HP_14	83	Pulse	99	6201365	277568	1
A_HP_14	83	Pulse	99	6221445	297648	1
A_HP_14	84	Response	3	6241445	7418	1
A_HP_14	84	Pulse	99	6241445	7418	1
A_HP_14	85	Picture	response108	6252070	10395	1	39835	1	10000	40000	hit	459
A_HP_14	85	Pulse	99	6261445	19770	1
A_HP_14	85	Response	2	6275354	33679	1
A_HP_14	85	Pulse	99	6281445	39770	1
A_HP_14	86	Pulse	99	6301446	9540	1
A_HP_14	86	Picture	response107	6302301	10395	1	39835	1	10000	40000	hit	463
A_HP_14	86	Response	1	6314894	22989	1
A_HP_14	86	Pulse	99	6321445	29539	1
A_HP_14	86	Pulse	99	6341365	49460	1
A_HP_14	87	Picture	response110	6352697	10562	1	39835	1	10000	40000	hit	468
A_HP_14	87	Pulse	99	6361445	19310	1
A_HP_14	87	Response	2	6363813	21678	1
A_HP_14	87	Pulse	99	6381445	39310	1
A_HP_14	88	Pulse	99	6401365	8833	1
A_HP_14	88	Picture	response112	6402928	10395	1	39835	1	10000	40000	hit	472
A_HP_14	88	Response	2	6421114	28582	1
A_HP_14	88	Pulse	99	6421445	28912	1
A_HP_14	88	Pulse	99	6441445	48913	1
A_HP_14	89	Picture	response111	6453158	10395	1	39835	1	10000	40000	hit	477
A_HP_14	89	Pulse	99	6461366	18603	1
A_HP_14	89	Response	1	6473724	30962	1
A_HP_14	89	Pulse	99	6481445	38683	1
A_HP_14	90	Pulse	99	6501445	8452	1
A_HP_14	90	Picture	response109	6503389	10396	1	39835	1	10000	40000	hit	481
A_HP_14	90	Response	1	6514184	21191	1
A_HP_14	90	Pulse	99	6521365	28372	1
A_HP_14	90	Pulse	99	6541446	48452	1
A_HP_14	91	Picture	response106	6553619	10396	1	39835	1	10000	40000	hit	486
A_HP_14	91	Pulse	99	6561446	18222	1
A_HP_14	91	Response	1	6572565	29341	1
A_HP_14	91	Pulse	99	6581365	38142	1
A_HP_14	92	Pulse	99	6601446	7991	1
A_HP_14	92	Picture	response105	6604016	10562	1	40011	1	10000	40000	hit	490
A_HP_14	92	Response	2	6615084	21630	1
A_HP_14	92	Pulse	99	6621446	27991	1
A_HP_14	92	Pulse	99	6641446	47991	1
A_HP_14	93	Picture	ins16	6644027	230	1	30229	1	0	30000	other	0
A_HP_14	93	Pulse	99	6661366	17569	1
A_HP_14	93	Pulse	99	6681446	37649	1
A_HP_14	93	Pulse	99	6701446	57649	1
A_HP_14	93	Pulse	99	6721366	77569	1
A_HP_14	93	Pulse	99	6741446	97649	1
A_HP_14	93	Pulse	99	6761446	117649	1
A_HP_14	93	Pulse	99	6781366	137568	1
A_HP_14	93	Pulse	99	6801446	157649	1
A_HP_14	93	Pulse	99	6821446	177649	1
A_HP_14	93	Pulse	99	6841366	197569	1
A_HP_14	93	Pulse	99	6861446	217649	1
A_HP_14	93	Pulse	99	6881446	237649	1
A_HP_14	93	Pulse	99	6901366	257569	1
A_HP_14	93	Pulse	99	6921446	277649	1
A_HP_14	93	Pulse	99	6941446	297649	1
A_HP_14	94	Response	3	6961366	7339	1
A_HP_14	94	Pulse	99	6961366	7339	1
A_HP_14	95	Picture	response121	6971992	10395	1	39835	1	10000	40000	hit	513
A_HP_14	95	Pulse	99	6981366	19770	1
A_HP_14	95	Response	1	6984625	23028	1
A_HP_14	95	Pulse	99	7001446	39850	1
A_HP_14	96	Pulse	99	7021447	9620	1
A_HP_14	96	Picture	response126	7022223	10396	1	39835	1	10000	40000	hit	517
A_HP_14	96	Response	2	7035785	23958	1
A_HP_14	96	Pulse	99	7041366	29539	1
A_HP_14	96	Pulse	99	7061447	49620	1
A_HP_14	97	Picture	response122	7072453	10396	1	39835	1	10000	40000	hit	522
A_HP_14	97	Pulse	99	7081447	19389	1
A_HP_14	97	Response	1	7083375	21317	1
A_HP_14	97	Pulse	99	7101367	39309	1
A_HP_14	98	Pulse	99	7121447	9159	1
A_HP_14	98	Picture	response125	7122850	10562	1	39668	1	10000	40000	hit	527
A_HP_14	98	Pulse	99	7141447	29159	1
A_HP_14	98	Response	2	7141905	29617	1
A_HP_14	98	Pulse	99	7161367	49079	1
A_HP_14	99	Picture	response124	7172914	10396	1	39835	1	10000	40000	hit	531
A_HP_14	99	Pulse	99	7181447	18929	1
A_HP_14	99	Response	2	7193075	30557	1
A_HP_14	99	Pulse	99	7201447	38929	1
A_HP_14	100	Pulse	99	7221367	8618	1
A_HP_14	100	Picture	response127	7223144	10396	1	39835	1	10000	40000	hit	535
A_HP_14	100	Response	2	7233655	20907	1
A_HP_14	100	Pulse	99	7241366	28618	1
A_HP_14	100	Pulse	99	7261447	48698	1
A_HP_14	101	Picture	response128	7273374	10396	1	39835	1	10000	40000	hit	540
A_HP_14	101	Pulse	99	7281366	18388	1
A_HP_14	101	Response	2	7292156	29177	1
A_HP_14	101	Pulse	99	7301367	38388	1
A_HP_14	102	Pulse	99	7321447	8237	1
A_HP_14	102	Picture	response123	7323605	10396	1	40224	1	10000	40000	incorrect	545
A_HP_14	102	Pulse	99	7341447	28237	1
A_HP_14	102	Response	1	7348956	35746	1
A_HP_14	102	Pulse	99	7361367	48157	1
A_HP_14	103	Picture	ins6	7363829	230	1	30229	1	0	30000	other	0
A_HP_14	103	Pulse	99	7381447	17848	1
A_HP_14	103	Pulse	99	7401447	37848	1
A_HP_14	103	Pulse	99	7421367	57768	1
A_HP_14	103	Pulse	99	7441447	77848	1
A_HP_14	103	Pulse	99	7461447	97848	1
A_HP_14	103	Pulse	99	7481367	117768	1
A_HP_14	103	Pulse	99	7501447	137848	1
A_HP_14	103	Pulse	99	7521447	157848	1
A_HP_14	103	Pulse	99	7541367	177768	1
A_HP_14	103	Pulse	99	7561367	197768	1
A_HP_14	103	Pulse	99	7581447	217848	1
A_HP_14	103	Pulse	99	7601368	237769	1
A_HP_14	103	Pulse	99	7621367	257768	1
A_HP_14	103	Pulse	99	7641447	277848	1
A_HP_14	103	Pulse	99	7661367	297768	1
A_HP_14	104	Response	3	7681367	7537	1
A_HP_14	104	Pulse	99	7681367	7537	1
A_HP_14	105	Picture	response47	7691993	10396	1	39834	1	10000	40000	hit	566
A_HP_14	105	Response	1	7699826	18229	1
A_HP_14	105	Pulse	99	7701447	19850	1
A_HP_14	105	Pulse	99	7721448	39851	1
A_HP_14	106	Pulse	99	7741367	9540	1
A_HP_14	106	Picture	response44	7742223	10396	1	39835	1	10000	40000	hit	571
A_HP_14	106	Response	2	7749796	17969	1
A_HP_14	106	Pulse	99	7761447	29620	1
A_HP_14	106	Pulse	99	7781447	49620	1
A_HP_14	107	Picture	response43	7792454	10396	1	39835	1	10000	40000	hit	576
A_HP_14	107	Pulse	99	7801368	19310	1
A_HP_14	107	Response	1	7805946	23888	1
A_HP_14	107	Pulse	99	7821448	39390	1
A_HP_14	108	Pulse	99	7841448	9159	1
A_HP_14	108	Picture	response41	7842851	10562	1	39668	1	10000	40000	hit	580
A_HP_14	108	Response	2	7850726	18438	1
A_HP_14	108	Pulse	99	7861368	29079	1
A_HP_14	108	Pulse	99	7881367	49079	1
A_HP_14	109	Picture	response46	7892914	10396	1	39835	1	10000	40000	hit	585
A_HP_14	109	Pulse	99	7901448	18929	1
A_HP_14	109	Response	2	7907386	24868	1
A_HP_14	109	Pulse	99	7921368	38849	1
A_HP_14	110	Pulse	99	7941368	8618	1
A_HP_14	110	Picture	response45	7943145	10396	1	39835	1	10000	40000	hit	589
A_HP_14	110	Response	1	7955297	22548	1
A_HP_14	110	Pulse	99	7961448	28699	1
A_HP_14	110	Pulse	99	7981368	48619	1
A_HP_14	111	Picture	response42	7993375	10396	1	39835	1	10000	40000	hit	594
A_HP_14	111	Pulse	99	8001368	18388	1
A_HP_14	111	Response	1	8001576	18596	1
A_HP_14	111	Pulse	99	8021448	38468	1
A_HP_14	112	Pulse	99	8041368	8157	1
A_HP_14	112	Picture	response48	8043606	10396	1	40223	1	10000	40000	hit	598
A_HP_14	112	Response	1	8051847	18636	1
A_HP_14	112	Pulse	99	8061368	28157	1
A_HP_14	112	Pulse	99	8081448	48237	1
A_HP_14	113	Picture	ins2	8083830	230	1	30229	1	0	30000	other	0
A_HP_14	113	Pulse	99	8101448	17848	1
A_HP_14	113	Pulse	99	8121368	37768	1
A_HP_14	113	Pulse	99	8141368	57768	1
A_HP_14	113	Pulse	99	8161448	77848	1
A_HP_14	113	Pulse	99	8181367	97768	1
A_HP_14	113	Pulse	99	8201368	117768	1
A_HP_14	113	Pulse	99	8221448	137848	1
A_HP_14	113	Pulse	99	8241368	157768	1
A_HP_14	113	Pulse	99	8261368	177768	1
A_HP_14	113	Pulse	99	8281448	197849	1
A_HP_14	113	Pulse	99	8301368	217768	1
A_HP_14	113	Pulse	99	8321368	237768	1
A_HP_14	113	Pulse	99	8341448	257848	1
A_HP_14	113	Pulse	99	8361369	277769	1
A_HP_14	113	Pulse	99	8381369	297769	1
A_HP_14	114	Response	3	8401448	7618	1
A_HP_14	114	Pulse	99	8401448	7618	1
A_HP_14	115	Picture	response10	8412074	10395	1	39835	1	10000	40000	hit	621
A_HP_14	115	Pulse	99	8421368	19690	1
A_HP_14	115	Response	1	8430066	28388	1
A_HP_14	115	Pulse	99	8441368	39690	1
A_HP_14	116	Pulse	99	8461369	9460	1
A_HP_14	116	Picture	response14	8462304	10395	1	39835	1	10000	40000	hit	625
A_HP_14	116	Response	1	8476697	24789	1
A_HP_14	116	Pulse	99	8481448	29540	1
A_HP_14	116	Pulse	99	8501369	49460	1
A_HP_14	117	Picture	response9	8512701	10562	1	39835	1	10000	40000	hit	630
A_HP_14	117	Pulse	99	8521368	19229	1
A_HP_14	117	Response	1	8532227	30089	1
A_HP_14	117	Pulse	99	8541449	39310	1
A_HP_14	118	Pulse	99	8561369	8833	1
A_HP_14	118	Picture	response16	8562931	10395	1	39835	1	10000	40000	hit	634
A_HP_14	118	Response	2	8574417	21882	1
A_HP_14	118	Pulse	99	8581368	28833	1
A_HP_14	118	Pulse	99	8601449	48913	1
A_HP_14	119	Picture	response15	8613161	10395	1	39835	1	10000	40000	hit	639
A_HP_14	119	Pulse	99	8621369	18603	1
A_HP_14	119	Response	2	8633598	30832	1
A_HP_14	119	Pulse	99	8641369	38603	1
A_HP_14	120	Pulse	99	8661449	8453	1
A_HP_14	120	Picture	response12	8663391	10396	1	39835	1	10000	40000	hit	643
A_HP_14	120	Response	1	8673908	20912	1
A_HP_14	120	Pulse	99	8681369	28373	1
A_HP_14	120	Pulse	99	8701369	48373	1
A_HP_14	121	Picture	response11	8713621	10395	1	39835	1	10000	40000	hit	648
A_HP_14	121	Pulse	99	8721449	18223	1
A_HP_14	121	Response	2	8735108	31882	1
A_HP_14	121	Pulse	99	8741369	38143	1
A_HP_14	122	Pulse	99	8761369	7913	1
A_HP_14	122	Picture	response13	8764018	10562	1	39669	1	10000	40000	hit	652
A_HP_14	122	Response	2	8780858	27401	1
A_HP_14	122	Pulse	99	8781368	27912	1
A_HP_14	122	Pulse	99	8801449	47993	1
A_HP_14	123	Picture	thanks	8803687	0	1	10230	1	0	10000	other	0
A_HP_14	123	Pulse	99	8821369	17682	1


Event Type	Code	Type	Response	RT	RT Uncertainty	Time	Uncertainty	Duration	Uncertainty	ReqTime	ReqDur

Picture	ready	other				101667	1	10229	1	0	10000
Picture	ins24	other				162221	1	30229	1	0	30000
Picture	response185	hit	1	16902	2	492063	1	39834	1	10000	40000
Picture	response188	hit	2	26982	2	542293	1	39835	1	10000	40000
Picture	response192	hit	1	18158	2	592858	1	39668	1	10000	40000
Picture	response187	hit	2	24715	2	642921	1	39835	1	10000	40000
Picture	response190	hit	1	15945	2	693151	1	39835	1	10000	40000
Picture	response191	hit	1	21395	2	743382	1	39835	1	10000	40000
Picture	response186	hit	2	14854	2	793612	1	39835	1	10000	40000
Picture	response189	hit	1	20507	2	844009	1	40010	1	10000	40000
Picture	ins20	other				884019	1	30229	1	0	30000
Picture	response153	hit	1	20342	2	1212064	1	39835	1	10000	40000
Picture	response159	hit	2	22901	2	1262295	1	39835	1	10000	40000
Picture	response156	hit	2	19058	2	1312859	1	39668	1	10000	40000
Picture	response154	hit	1	15214	2	1362923	1	39835	1	10000	40000
Picture	response158	hit	2	11743	2	1413154	1	39835	1	10000	40000
Picture	response155	hit	2	16433	2	1463385	1	39834	1	10000	40000
Picture	response157	hit	2	27313	2	1513615	1	39835	1	10000	40000
Picture	response160	hit	2	17515	2	1564012	1	40009	1	10000	40000
Picture	ins8	other				1604020	1	30229	1	0	30000
Picture	response64	hit	2	20354	2	1932064	1	39834	1	10000	40000
Picture	response63	hit	1	8483	2	1982294	1	39835	1	10000	40000
Picture	response59	hit	1	8807	2	2032691	1	39668	1	10000	40000
Picture	response60	hit	2	9414	2	2082755	1	39835	1	10000	40000
Picture	response58	hit	1	9222	2	2132985	1	39835	1	10000	40000
Picture	response57	hit	1	8043	2	2183215	1	39835	1	10000	40000
Picture	response61	hit	2	11932	2	2233445	1	39835	1	10000	40000
Picture	response62	hit	2	19115	2	2283843	1	40079	1	10000	40000
Picture	ins10	other				2323921	1	30229	1	0	30000
Picture	response80	hit	2	14233	2	2652065	1	39835	1	10000	40000
Picture	response74	hit	1	26303	2	2702296	1	39835	1	10000	40000
Picture	response79	hit	1	18386	2	2752693	1	39668	1	10000	40000
Picture	response76	hit	1	17173	2	2802756	1	39835	1	10000	40000
Picture	response78	hit	1	20373	2	2852987	1	39835	1	10000	40000
Picture	response73	hit	2	23171	2	2903217	1	39835	1	10000	40000
Picture	response77	hit	2	17061	2	2953448	1	39835	1	10000	40000
Picture	response75	hit	2	13614	2	3003845	1	40078	1	10000	40000
Picture	ins22	other				3043923	1	30229	1	0	30000
Picture	response171	hit	1	20932	2	3372068	1	39835	1	10000	40000
Picture	response172	hit	2	26161	2	3422298	1	39835	1	10000	40000
Picture	response176	hit	1	15338	2	3472862	1	39668	1	10000	40000
Picture	response169	hit	2	18964	2	3522926	1	39834	1	10000	40000
Picture	response175	hit	2	26374	2	3573156	1	39835	1	10000	40000
Picture	response174	hit	2	19593	2	3623386	1	39835	1	10000	40000
Picture	response173	hit	1	29284	2	3673617	1	39835	1	10000	40000
Picture	response170	hit	2	19156	2	3724014	1	40011	1	10000	40000
Picture	ins4	other				3764025	1	30229	1	0	30000
Picture	response26	hit	2	7893	2	4092068	1	39835	1	10000	40000
Picture	response25	hit	2	7403	2	4142298	1	39835	1	10000	40000
Picture	response32	hit	2	9546	2	4192694	1	39668	1	10000	40000
Picture	response30	hit	1	11603	2	4242758	1	39835	1	10000	40000
Picture	response31	hit	1	5193	2	4292988	1	39835	1	10000	40000
Picture	response28	hit	1	6483	2	4343218	1	39835	1	10000	40000
Picture	response27	hit	1	7263	2	4393448	1	39835	1	10000	40000
Picture	response29	hit	1	6266	2	4443845	1	40079	1	10000	40000
Picture	ins18	other				4483924	1	30229	1	0	30000
Picture	response141	hit	2	22614	2	4812068	1	39836	1	10000	40000
Picture	response140	hit	1	19212	2	4862299	1	39835	1	10000	40000
Picture	response142	hit	1	13509	2	4912863	1	39668	1	10000	40000
Picture	response137	hit	2	23724	2	4962928	1	39835	1	10000	40000
Picture	response139	hit	1	15744	2	5013158	1	39835	1	10000	40000
Picture	response143	hit	1	12164	2	5063389	1	39835	1	10000	40000
Picture	response144	hit	1	26263	2	5113619	1	39835	1	10000	40000
Picture	response138	hit	1	10226	2	5164017	1	40009	1	10000	40000
Picture	ins12	other				5204026	1	30229	1	0	30000
Picture	response96	hit	2	19503	2	5532070	1	39835	1	10000	40000
Picture	response92	hit	1	10313	2	5582301	1	39835	1	10000	40000
Picture	response94	hit	2	16926	2	5632697	1	39835	1	10000	40000
Picture	response93	hit	1	24995	2	5682928	1	39836	1	10000	40000
Picture	response95	hit	1	20534	2	5733160	1	39834	1	10000	40000
Picture	response90	hit	1	17254	2	5783389	1	39835	1	10000	40000
Picture	response89	hit	2	25613	2	5833620	1	39835	1	10000	40000
Picture	response91	hit	2	28587	2	5884017	1	40011	1	10000	40000
Picture	ins14	other				5924027	1	30229	1	0	30000
Picture	response108	hit	2	23284	2	6252070	1	39835	1	10000	40000
Picture	response107	hit	1	12593	2	6302301	1	39835	1	10000	40000
Picture	response110	hit	2	11116	2	6352697	1	39835	1	10000	40000
Picture	response112	hit	2	18187	2	6402928	1	39835	1	10000	40000
Picture	response111	hit	1	20566	2	6453158	1	39835	1	10000	40000
Picture	response109	hit	1	10795	2	6503389	1	39835	1	10000	40000
Picture	response106	hit	1	18945	2	6553619	1	39835	1	10000	40000
Picture	response105	hit	2	11068	2	6604016	1	40011	1	10000	40000
Picture	ins16	other				6644027	1	30229	1	0	30000
Picture	response121	hit	1	12633	2	6971992	1	39835	1	10000	40000
Picture	response126	hit	2	13563	2	7022223	1	39835	1	10000	40000
Picture	response122	hit	1	10922	2	7072453	1	39835	1	10000	40000
Picture	response125	hit	2	19055	2	7122850	1	39668	1	10000	40000
Picture	response124	hit	2	20162	2	7172914	1	39835	1	10000	40000
Picture	response127	hit	2	10511	2	7223144	1	39835	1	10000	40000
Picture	response128	hit	2	18781	2	7273374	1	39835	1	10000	40000
Picture	response123	incorrect	1	25351	2	7323605	1	40224	1	10000	40000
Picture	ins6	other				7363829	1	30229	1	0	30000
Picture	response47	hit	1	7833	2	7691993	1	39834	1	10000	40000
Picture	response44	hit	2	7573	2	7742223	1	39835	1	10000	40000
Picture	response43	hit	1	13492	2	7792454	1	39835	1	10000	40000
Picture	response41	hit	2	7876	2	7842851	1	39668	1	10000	40000
Picture	response46	hit	2	14472	2	7892914	1	39835	1	10000	40000
Picture	response45	hit	1	12152	2	7943145	1	39835	1	10000	40000
Picture	response42	hit	1	8201	2	7993375	1	39835	1	10000	40000
Picture	response48	hit	1	8241	2	8043606	1	40223	1	10000	40000
Picture	ins2	other				8083830	1	30229	1	0	30000
Picture	response10	hit	1	17993	2	8412074	1	39835	1	10000	40000
Picture	response14	hit	1	14394	2	8462304	1	39835	1	10000	40000
Picture	response9	hit	1	19527	2	8512701	1	39835	1	10000	40000
Picture	response16	hit	2	11486	2	8562931	1	39835	1	10000	40000
Picture	response15	hit	2	20436	2	8613161	1	39835	1	10000	40000
Picture	response12	hit	1	10516	2	8663391	1	39835	1	10000	40000
Picture	response11	hit	2	21486	2	8713621	1	39835	1	10000	40000
Picture	response13	hit	2	16839	2	8764018	1	39669	1	10000	40000
Picture	thanks	other				8803687	1	10230	1	0	10000


{
   "app": "Presentation Version 21.0 Build 06.06.19",
   "device": "LENOVO 20KHCTO1WW",
   "experiment": "{A2FC4E2A-B401-4E65-9CA9-5B09E294C871}",
   "os": "Windows 10 64 bit",
   "package": "",
   "parameters": {
      "configuration": "Default configuration"
   },
   "scenario": "Dimension experiment(2).sce",
   "subject": "A_HP_14",
   "timestamp": "2019/09/26 02:57:04 GMT"
}
