Scenario - 
Logfile written - 10/18/2019 13:49:47

Subject	Trial	Event Type	Code	Time	TTime	Uncertainty	Duration	Uncertainty	ReqTime	ReqDur	Stim Type	Pair Index

A_HP_21	1	Response	3	250571	249572	1
A_HP_21	1	Pulse	99	250571	249572	1
A_HP_21	2	Picture	ready	250803	0	1	10229	1	0	10000	other	0
A_HP_21	2	Pulse	99	270571	19768	1
A_HP_21	2	Pulse	99	290491	39688	1
A_HP_21	2	Pulse	99	310571	59768	1
A_HP_21	3	Picture	ins24	311357	232	1	30229	1	0	30000	other	0
A_HP_21	3	Pulse	99	330571	19445	1
A_HP_21	3	Pulse	99	350491	39365	1
A_HP_21	3	Pulse	99	370571	59445	1
A_HP_21	3	Pulse	99	390571	79445	1
A_HP_21	3	Pulse	99	410571	99445	1
A_HP_21	3	Pulse	99	430571	119445	1
A_HP_21	3	Pulse	99	450571	139445	1
A_HP_21	3	Pulse	99	470571	159445	1
A_HP_21	3	Pulse	99	490571	179445	1
A_HP_21	3	Pulse	99	510571	199445	1
A_HP_21	3	Pulse	99	530571	219445	1
A_HP_21	3	Pulse	99	550491	239365	1
A_HP_21	3	Pulse	99	570571	259445	1
A_HP_21	3	Pulse	99	590571	279445	1
A_HP_21	3	Pulse	99	610491	299365	1
A_HP_21	4	Response	3	630571	9215	1
A_HP_21	4	Pulse	99	630571	9215	1
A_HP_21	5	Picture	response191	641363	10562	1	39668	1	10000	40000	hit	28
A_HP_21	5	Pulse	99	650571	19770	1
A_HP_21	5	Pulse	99	670491	39690	1
A_HP_21	5	Response	1	676009	45209	1
A_HP_21	6	Pulse	99	690571	9540	1
A_HP_21	6	Picture	response187	691426	10396	1	39834	1	10000	40000	hit	31
A_HP_21	6	Response	2	702280	21249	1
A_HP_21	6	Pulse	99	710571	29540	1
A_HP_21	6	Pulse	99	730491	49460	1
A_HP_21	7	Picture	response188	741656	10396	1	39835	1	10000	40000	hit	36
A_HP_21	7	Pulse	99	750571	19310	1
A_HP_21	7	Response	2	760660	29399	1
A_HP_21	7	Pulse	99	770571	39310	1
A_HP_21	8	Pulse	99	790491	9000	1
A_HP_21	8	Picture	response192	791886	10395	1	39835	1	10000	40000	hit	40
A_HP_21	8	Response	1	808690	27199	1
A_HP_21	8	Pulse	99	810571	29079	1
A_HP_21	8	Pulse	99	830571	49080	1
A_HP_21	9	Picture	response185	842117	10396	1	39835	1	10000	40000	hit	45
A_HP_21	9	Pulse	99	850491	18769	1
A_HP_21	9	Response	1	863470	31748	1
A_HP_21	9	Pulse	99	870571	38850	1
A_HP_21	10	Pulse	99	890571	8619	1
A_HP_21	10	Picture	response186	892514	10562	1	39668	1	10000	40000	hit	50
A_HP_21	10	Pulse	99	910491	28539	1
A_HP_21	10	Response	2	917330	35378	1
A_HP_21	10	Pulse	99	930571	48619	1
A_HP_21	11	Picture	response189	942577	10395	1	39835	1	10000	40000	hit	54
A_HP_21	11	Pulse	99	950571	18389	1
A_HP_21	11	Response	1	958599	26417	1
A_HP_21	11	Pulse	99	970491	38309	1
A_HP_21	12	Pulse	99	990571	8158	1
A_HP_21	12	Picture	response190	992808	10396	1	40247	1	10000	40000	hit	59
A_HP_21	12	Pulse	99	1010571	28158	1
A_HP_21	12	Response	1	1019630	37217	1
A_HP_21	12	Pulse	99	1030491	48078	1
A_HP_21	13	Picture	ins8	1033055	230	1	30229	1	0	30000	other	0
A_HP_21	13	Pulse	99	1050571	17746	1
A_HP_21	13	Pulse	99	1070571	37746	1
A_HP_21	13	Pulse	99	1090491	57666	1
A_HP_21	13	Pulse	99	1110571	77746	1
A_HP_21	13	Pulse	99	1130570	97746	1
A_HP_21	13	Pulse	99	1150491	117666	1
A_HP_21	13	Pulse	99	1170491	137667	1
A_HP_21	13	Pulse	99	1190570	157746	1
A_HP_21	13	Pulse	99	1210491	177666	1
A_HP_21	13	Pulse	99	1230491	197666	1
A_HP_21	13	Pulse	99	1250571	217746	1
A_HP_21	13	Pulse	99	1270490	237666	1
A_HP_21	13	Pulse	99	1290491	257666	1
A_HP_21	13	Pulse	99	1310571	277746	1
A_HP_21	13	Pulse	99	1330490	297666	1
A_HP_21	14	Response	3	1350491	7436	1
A_HP_21	14	Pulse	99	1350491	7436	1
A_HP_21	15	Picture	response57	1361117	10396	1	39835	1	10000	40000	hit	81
A_HP_21	15	Pulse	99	1370571	19849	1
A_HP_21	15	Response	1	1380229	29508	1
A_HP_21	15	Pulse	99	1390571	39850	1
A_HP_21	16	Pulse	99	1410491	9540	1
A_HP_21	16	Picture	response60	1411513	10562	1	39668	1	10000	40000	hit	85
A_HP_21	16	Response	2	1421679	20728	1
A_HP_21	16	Pulse	99	1430570	29619	1
A_HP_21	16	Pulse	99	1450571	49619	1
A_HP_21	17	Picture	response58	1461577	10396	1	39835	1	10000	40000	hit	90
A_HP_21	17	Pulse	99	1470491	19309	1
A_HP_21	17	Response	1	1474739	23557	1
A_HP_21	17	Pulse	99	1490570	39389	1
A_HP_21	18	Pulse	99	1510571	9159	1
A_HP_21	18	Picture	response64	1511808	10396	1	39835	1	10000	40000	hit	94
A_HP_21	18	Response	2	1521779	20367	1
A_HP_21	18	Pulse	99	1530492	29080	1
A_HP_21	18	Pulse	99	1550570	49159	1
A_HP_21	19	Picture	response59	1562204	10562	1	39668	1	10000	40000	hit	99
A_HP_21	19	Pulse	99	1570570	18928	1
A_HP_21	19	Response	1	1578929	27287	1
A_HP_21	19	Pulse	99	1590490	38848	1
A_HP_21	20	Pulse	99	1610570	8698	1
A_HP_21	20	Picture	response61	1612268	10396	1	39835	1	10000	40000	hit	103
A_HP_21	20	Response	2	1622319	20447	1
A_HP_21	20	Pulse	99	1630570	28697	1
A_HP_21	20	Pulse	99	1650490	48617	1
A_HP_21	21	Picture	response63	1662498	10395	1	39835	1	10000	40000	hit	108
A_HP_21	21	Pulse	99	1670570	18468	1
A_HP_21	21	Response	1	1671888	19785	1
A_HP_21	21	Pulse	99	1690570	38467	1
A_HP_21	22	Pulse	99	1710490	8157	1
A_HP_21	22	Picture	response62	1712729	10396	1	40226	1	10000	40000	hit	112
A_HP_21	22	Response	2	1722379	20046	1
A_HP_21	22	Pulse	99	1730571	28237	1
A_HP_21	22	Pulse	99	1750570	48237	1
A_HP_21	23	Picture	ins10	1752955	230	1	30229	1	0	30000	other	0
A_HP_21	23	Pulse	99	1770490	17765	1
A_HP_21	23	Pulse	99	1790571	37845	1
A_HP_21	23	Pulse	99	1810570	57845	1
A_HP_21	23	Pulse	99	1830491	77765	1
A_HP_21	23	Pulse	99	1850490	97765	1
A_HP_21	23	Pulse	99	1870571	117846	1
A_HP_21	23	Pulse	99	1890490	137765	1
A_HP_21	23	Pulse	99	1910490	157765	1
A_HP_21	23	Pulse	99	1930570	177845	1
A_HP_21	23	Pulse	99	1950490	197765	1
A_HP_21	23	Pulse	99	1970490	217765	1
A_HP_21	23	Pulse	99	1990571	237845	1
A_HP_21	23	Pulse	99	2010490	257765	1
A_HP_21	23	Pulse	99	2030490	277765	1
A_HP_21	23	Pulse	99	2050571	297845	1
A_HP_21	24	Response	3	2070490	7535	1
A_HP_21	24	Pulse	99	2070490	7535	1
A_HP_21	25	Picture	response78	2081116	10395	1	39835	1	10000	40000	hit	135
A_HP_21	25	Pulse	99	2090490	19769	1
A_HP_21	25	Response	1	2096819	26098	1
A_HP_21	25	Pulse	99	2110570	39850	1
A_HP_21	26	Pulse	99	2130490	9539	1
A_HP_21	26	Picture	response76	2131513	10562	1	39668	1	10000	40000	hit	140
A_HP_21	26	Pulse	99	2150491	29539	1
A_HP_21	26	Response	1	2164979	44028	1
A_HP_21	26	Pulse	99	2170570	49618	1
A_HP_21	27	Picture	response75	2181577	10395	1	39835	1	10000	40000	hit	145
A_HP_21	27	Pulse	99	2190490	19309	1
A_HP_21	27	Pulse	99	2210490	39309	1
A_HP_21	27	Response	2	2214139	42957	1
A_HP_21	28	Pulse	99	2230570	9159	1
A_HP_21	28	Picture	response74	2231807	10395	1	39835	1	10000	40000	hit	149
A_HP_21	28	Pulse	99	2250490	29079	1
A_HP_21	28	Response	1	2253058	31647	1
A_HP_21	28	Pulse	99	2270490	49079	1
A_HP_21	29	Picture	response80	2282370	10729	1	39502	1	10000	40000	hit	154
A_HP_21	29	Pulse	99	2290570	18929	1
A_HP_21	29	Pulse	99	2310490	38849	1
A_HP_21	29	Response	2	2310869	39228	1
A_HP_21	30	Pulse	99	2330490	8618	1
A_HP_21	30	Picture	response73	2332267	10395	1	39835	1	10000	40000	hit	157
A_HP_21	30	Response	2	2343269	21397	1
A_HP_21	30	Pulse	99	2350570	28699	1
A_HP_21	30	Pulse	99	2370570	48698	1
A_HP_21	31	Picture	response77	2382498	10396	1	39834	1	10000	40000	hit	162
A_HP_21	31	Pulse	99	2390490	18388	1
A_HP_21	31	Response	2	2398838	26737	1
A_HP_21	31	Pulse	99	2410570	38468	1
A_HP_21	32	Pulse	99	2430570	8238	1
A_HP_21	32	Picture	response79	2432727	10396	1	40228	1	10000	40000	hit	166
A_HP_21	32	Response	1	2448549	26217	1
A_HP_21	32	Pulse	99	2450490	28158	1
A_HP_21	32	Pulse	99	2470490	48158	1
A_HP_21	33	Picture	ins18	2472955	230	1	30229	1	0	30000	other	0
A_HP_21	33	Pulse	99	2490570	17845	1
A_HP_21	33	Pulse	99	2510490	37765	1
A_HP_21	33	Pulse	99	2530490	57766	1
A_HP_21	33	Pulse	99	2550570	77845	1
A_HP_21	33	Pulse	99	2570490	97765	1
A_HP_21	33	Pulse	99	2590490	117765	1
A_HP_21	33	Pulse	99	2610570	137845	1
A_HP_21	33	Pulse	99	2630490	157765	1
A_HP_21	33	Pulse	99	2650490	177765	1
A_HP_21	33	Pulse	99	2670570	197845	1
A_HP_21	33	Pulse	99	2690490	217765	1
A_HP_21	33	Pulse	99	2710490	237765	1
A_HP_21	33	Pulse	99	2730570	257845	1
A_HP_21	33	Pulse	99	2750490	277765	1
A_HP_21	33	Pulse	99	2770490	297765	1
A_HP_21	34	Response	3	2790570	7615	1
A_HP_21	34	Pulse	99	2790570	7615	1
A_HP_21	35	Picture	response143	2801363	10562	1	39668	1	10000	40000	hit	190
A_HP_21	35	Pulse	99	2810490	19689	1
A_HP_21	35	Pulse	99	2830490	39689	1
A_HP_21	35	Response	1	2832468	41667	1
A_HP_21	36	Pulse	99	2850570	9539	1
A_HP_21	36	Picture	response139	2851427	10396	1	39835	1	10000	40000	hit	193
A_HP_21	36	Response	1	2861559	20528	1
A_HP_21	36	Pulse	99	2870490	29459	1
A_HP_21	36	Pulse	99	2890490	49459	1
A_HP_21	37	Picture	response141	2901657	10396	1	39835	1	10000	40000	hit	198
A_HP_21	37	Pulse	99	2910570	19308	1
A_HP_21	37	Response	2	2918398	27137	1
A_HP_21	37	Pulse	99	2930489	39228	1
A_HP_21	38	Pulse	99	2950490	8998	1
A_HP_21	38	Picture	response144	2951887	10396	1	39835	1	10000	40000	hit	203
A_HP_21	38	Pulse	99	2970570	29078	1
A_HP_21	38	Response	1	2981299	39807	1
A_HP_21	38	Pulse	99	2990490	48998	1
A_HP_21	39	Picture	response137	3002118	10395	1	39835	1	10000	40000	hit	208
A_HP_21	39	Pulse	99	3010490	18767	1
A_HP_21	39	Pulse	99	3030570	38847	1
A_HP_21	39	Response	2	3033148	41425	1
A_HP_21	40	Pulse	99	3050490	8537	1
A_HP_21	40	Picture	response138	3052515	10562	1	39668	1	10000	40000	hit	212
A_HP_21	40	Pulse	99	3070490	28537	1
A_HP_21	40	Response	1	3071428	29475	1
A_HP_21	40	Pulse	99	3090490	48537	1
A_HP_21	41	Picture	response140	3102578	10395	1	39835	1	10000	40000	hit	217
A_HP_21	41	Pulse	99	3110490	18307	1
A_HP_21	41	Pulse	99	3130489	38306	1
A_HP_21	41	Response	1	3139988	47805	1
A_HP_21	42	Pulse	99	3150490	8077	1
A_HP_21	42	Picture	response142	3152808	10395	1	40245	1	10000	40000	hit	221
A_HP_21	42	Pulse	99	3170490	28076	1
A_HP_21	42	Response	1	3180969	38555	1
A_HP_21	42	Pulse	99	3190490	48076	1
A_HP_21	43	Picture	ins2	3193054	230	1	30229	1	0	30000	other	0
A_HP_21	43	Pulse	99	3210490	17666	1
A_HP_21	43	Pulse	99	3230490	37666	1
A_HP_21	43	Pulse	99	3250490	57666	1
A_HP_21	43	Pulse	99	3270490	77666	1
A_HP_21	43	Pulse	99	3290490	97666	1
A_HP_21	43	Pulse	99	3310490	117666	1
A_HP_21	43	Pulse	99	3330490	137666	1
A_HP_21	43	Pulse	99	3350570	157746	1
A_HP_21	43	Pulse	99	3370490	177666	1
A_HP_21	43	Pulse	99	3390489	197666	1
A_HP_21	43	Pulse	99	3410570	217746	1
A_HP_21	43	Pulse	99	3430490	237666	1
A_HP_21	43	Pulse	99	3450490	257666	1
A_HP_21	43	Pulse	99	3470570	277746	1
A_HP_21	43	Pulse	99	3490490	297666	1
A_HP_21	44	Response	3	3510490	7436	1
A_HP_21	44	Pulse	99	3510490	7436	1
A_HP_21	45	Picture	response15	3521115	10395	1	39835	1	10000	40000	hit	242
A_HP_21	45	Response	2	3530008	19289	1
A_HP_21	45	Pulse	99	3530569	19850	1
A_HP_21	45	Pulse	99	3550490	39770	1
A_HP_21	46	Pulse	99	3570489	9540	1
A_HP_21	46	Picture	response11	3571512	10562	1	39668	1	10000	40000	hit	247
A_HP_21	46	Response	2	3580468	19519	1
A_HP_21	46	Pulse	99	3590570	29620	1
A_HP_21	46	Pulse	99	3610490	49540	1
A_HP_21	47	Picture	response13	3621575	10395	1	39836	1	10000	40000	hit	252
A_HP_21	47	Pulse	99	3630490	19310	1
A_HP_21	47	Response	2	3633438	22258	1
A_HP_21	47	Pulse	99	3650569	39390	1
A_HP_21	48	Pulse	99	3670490	9079	1
A_HP_21	48	Picture	response14	3671806	10396	1	39835	1	10000	40000	hit	256
A_HP_21	48	Response	1	3684718	23308	1
A_HP_21	48	Pulse	99	3690489	29079	1
A_HP_21	48	Pulse	99	3710489	49079	1
A_HP_21	49	Picture	response9	3722203	10562	1	39668	1	10000	40000	hit	261
A_HP_21	49	Pulse	99	3730489	18849	1
A_HP_21	49	Response	1	3733128	21487	1
A_HP_21	49	Pulse	99	3750489	38849	1
A_HP_21	50	Pulse	99	3770490	8618	1
A_HP_21	50	Picture	response12	3772267	10395	1	39835	1	10000	40000	hit	265
A_HP_21	50	Response	1	3784208	22337	1
A_HP_21	50	Pulse	99	3790490	28618	1
A_HP_21	50	Pulse	99	3810490	48618	1
A_HP_21	51	Picture	response10	3822497	10396	1	39834	1	10000	40000	hit	270
A_HP_21	51	Pulse	99	3830489	18388	1
A_HP_21	51	Response	1	3830507	18406	1
A_HP_21	51	Pulse	99	3850489	38388	1
A_HP_21	52	Pulse	99	3870489	8158	1
A_HP_21	52	Picture	response16	3872727	10396	1	40227	1	10000	40000	hit	274
A_HP_21	52	Response	2	3886938	24607	1
A_HP_21	52	Pulse	99	3890489	28157	1
A_HP_21	52	Pulse	99	3910489	48158	1
A_HP_21	53	Picture	ins12	3912954	230	1	30229	1	0	30000	other	0
A_HP_21	53	Pulse	99	3930489	17765	1
A_HP_21	53	Pulse	99	3950489	37765	1
A_HP_21	53	Pulse	99	3970489	57765	1
A_HP_21	53	Pulse	99	3990489	77765	1
A_HP_21	53	Pulse	99	4010489	97765	1
A_HP_21	53	Pulse	99	4030489	117765	1
A_HP_21	53	Pulse	99	4050489	137765	1
A_HP_21	53	Pulse	99	4070489	157765	1
A_HP_21	53	Pulse	99	4090489	177765	1
A_HP_21	53	Pulse	99	4110489	197765	1
A_HP_21	53	Pulse	99	4130489	217765	1
A_HP_21	53	Pulse	99	4150489	237765	1
A_HP_21	53	Pulse	99	4170489	257765	1
A_HP_21	53	Pulse	99	4190489	277765	1
A_HP_21	53	Pulse	99	4210489	297765	1
A_HP_21	54	Response	3	4230489	7534	1
A_HP_21	54	Pulse	99	4230489	7534	1
A_HP_21	55	Picture	response89	4241115	10395	1	39835	1	10000	40000	hit	297
A_HP_21	55	Pulse	99	4250489	19770	1
A_HP_21	55	Response	2	4256448	25729	1
A_HP_21	55	Pulse	99	4270489	39770	1
A_HP_21	56	Pulse	99	4290489	9539	1
A_HP_21	56	Picture	response93	4291512	10562	1	39668	1	10000	40000	hit	302
A_HP_21	56	Pulse	99	4310489	29540	1
A_HP_21	56	Response	1	4311597	30648	1
A_HP_21	56	Pulse	99	4330489	49539	1
A_HP_21	57	Picture	response91	4341576	10395	1	39835	1	10000	40000	hit	306
A_HP_21	57	Pulse	99	4350489	19309	1
A_HP_21	57	Response	2	4361168	29987	1
A_HP_21	57	Pulse	99	4370489	39309	1
A_HP_21	58	Pulse	99	4390489	9078	1
A_HP_21	58	Picture	response90	4391806	10396	1	39835	1	10000	40000	hit	310
A_HP_21	58	Response	1	4406368	24957	1
A_HP_21	58	Pulse	99	4410489	29078	1
A_HP_21	58	Pulse	99	4430489	49079	1
A_HP_21	59	Picture	response95	4442037	10396	1	39835	1	10000	40000	hit	315
A_HP_21	59	Pulse	99	4450489	18848	1
A_HP_21	59	Response	1	4452207	20566	1
A_HP_21	59	Pulse	99	4470489	38848	1
A_HP_21	60	Pulse	99	4490489	8618	1
A_HP_21	60	Picture	response94	4492267	10395	1	39835	1	10000	40000	hit	319
A_HP_21	60	Response	2	4508538	26667	1
A_HP_21	60	Pulse	99	4510490	28619	1
A_HP_21	60	Pulse	99	4530489	48618	1
A_HP_21	61	Picture	response96	4542497	10395	1	39835	1	10000	40000	hit	325
A_HP_21	61	Pulse	99	4550489	18387	1
A_HP_21	61	Pulse	99	4570489	38387	1
A_HP_21	61	Response	2	4574847	42745	1
A_HP_21	62	Pulse	99	4590489	8156	1
A_HP_21	62	Picture	response92	4592728	10396	1	40225	1	10000	40000	hit	328
A_HP_21	62	Response	1	4603958	21625	1
A_HP_21	62	Pulse	99	4610489	28156	1
A_HP_21	62	Pulse	99	4630489	48156	1
A_HP_21	63	Picture	ins16	4632954	230	1	30230	1	0	30000	other	0
A_HP_21	63	Pulse	99	4650489	17765	1
A_HP_21	63	Pulse	99	4670489	37765	1
A_HP_21	63	Pulse	99	4690489	57765	1
A_HP_21	63	Pulse	99	4710489	77765	1
A_HP_21	63	Pulse	99	4730489	97765	1
A_HP_21	63	Pulse	99	4750489	117765	1
A_HP_21	63	Pulse	99	4770489	137765	1
A_HP_21	63	Pulse	99	4790489	157765	1
A_HP_21	63	Pulse	99	4810489	177765	1
A_HP_21	63	Pulse	99	4830489	197765	1
A_HP_21	63	Pulse	99	4850489	217765	1
A_HP_21	63	Pulse	99	4870489	237765	1
A_HP_21	63	Pulse	99	4890489	257765	1
A_HP_21	63	Pulse	99	4910488	277765	1
A_HP_21	63	Pulse	99	4930489	297765	1
A_HP_21	64	Response	3	4950489	7535	1
A_HP_21	64	Pulse	99	4950489	7535	1
A_HP_21	65	Picture	response128	4961115	10396	1	39835	1	10000	40000	hit	351
A_HP_21	65	Pulse	99	4970489	19769	1
A_HP_21	65	Response	2	4981237	30518	1
A_HP_21	65	Pulse	99	4990488	39769	1
A_HP_21	66	Pulse	99	5010489	9539	1
A_HP_21	66	Picture	response124	5011512	10562	1	39668	1	10000	40000	hit	355
A_HP_21	66	Response	2	5023228	22278	1
A_HP_21	66	Pulse	99	5030489	29539	1
A_HP_21	66	Pulse	99	5050489	49539	1
A_HP_21	67	Picture	response125	5061576	10396	1	39835	1	10000	40000	hit	360
A_HP_21	67	Pulse	99	5070489	19309	1
A_HP_21	67	Response	2	5082107	30927	1
A_HP_21	67	Pulse	99	5090489	39309	1
A_HP_21	68	Pulse	99	5110489	9078	1
A_HP_21	68	Picture	response127	5111806	10396	1	39835	1	10000	40000	hit	365
A_HP_21	68	Pulse	99	5130489	29078	1
A_HP_21	68	Response	2	5142337	40927	1
A_HP_21	68	Pulse	99	5150489	49079	1
A_HP_21	69	Picture	response123	5162036	10396	1	39835	1	10000	40000	hit	369
A_HP_21	69	Pulse	99	5170488	18848	1
A_HP_21	69	Response	2	5174057	22416	1
A_HP_21	69	Pulse	99	5190489	38848	1
A_HP_21	70	Pulse	99	5210489	8618	1
A_HP_21	70	Picture	response122	5212267	10396	1	39835	1	10000	40000	miss	0
A_HP_21	70	Pulse	99	5230489	28618	1
A_HP_21	70	Pulse	99	5250489	48618	1
A_HP_21	71	Picture	response126	5262497	10395	1	39835	1	10000	40000	hit	377
A_HP_21	71	Pulse	99	5270489	18387	1
A_HP_21	71	Response	2	5281937	29836	1
A_HP_21	71	Pulse	99	5290488	38387	1
A_HP_21	72	Pulse	99	5310489	8157	1
A_HP_21	72	Picture	response121	5312727	10396	1	40226	1	10000	40000	hit	382
A_HP_21	72	Pulse	99	5330489	28157	1
A_HP_21	72	Response	1	5334867	32536	1
A_HP_21	72	Pulse	99	5350489	48157	1
A_HP_21	73	Picture	ins22	5352953	230	1	30230	1	0	30000	other	0
A_HP_21	73	Pulse	99	5370488	17765	1
A_HP_21	73	Pulse	99	5390489	37765	1
A_HP_21	73	Pulse	99	5410489	57765	1
A_HP_21	73	Pulse	99	5430489	77765	1
A_HP_21	73	Pulse	99	5450489	97765	1
A_HP_21	73	Pulse	99	5470489	117765	1
A_HP_21	73	Pulse	99	5490489	137765	1
A_HP_21	73	Pulse	99	5510489	157765	1
A_HP_21	73	Pulse	99	5530489	177765	1
A_HP_21	73	Pulse	99	5550489	197765	1
A_HP_21	73	Pulse	99	5570488	217765	1
A_HP_21	73	Pulse	99	5590488	237765	1
A_HP_21	73	Pulse	99	5610489	257765	1
A_HP_21	73	Pulse	99	5630489	277765	1
A_HP_21	73	Pulse	99	5650489	297765	1
A_HP_21	74	Response	3	5670488	7535	1
A_HP_21	74	Pulse	99	5670488	7535	1
A_HP_21	75	Picture	response171	5681114	10395	1	39835	1	10000	40000	hit	405
A_HP_21	75	Pulse	99	5690488	19770	1
A_HP_21	75	Pulse	99	5710488	39770	1
A_HP_21	75	Response	1	5717267	46549	1
A_HP_21	76	Pulse	99	5730489	9540	1
A_HP_21	76	Picture	response174	5731511	10562	1	39668	1	10000	40000	hit	409
A_HP_21	76	Pulse	99	5750488	29540	1
A_HP_21	76	Response	2	5751476	30528	1
A_HP_21	76	Pulse	99	5770488	49540	1
A_HP_21	77	Picture	response175	5781574	10395	1	39836	1	10000	40000	hit	413
A_HP_21	77	Pulse	99	5790488	19310	1
A_HP_21	77	Response	2	5808387	37208	1
A_HP_21	77	Pulse	99	5810488	39309	1
A_HP_21	78	Pulse	99	5830488	9079	1
A_HP_21	78	Picture	response172	5831805	10395	1	39835	1	10000	40000	hit	418
A_HP_21	78	Pulse	99	5850488	29079	1
A_HP_21	78	Response	2	5860067	38658	1
A_HP_21	78	Pulse	99	5870488	49079	1
A_HP_21	79	Picture	response173	5882368	10728	1	39502	1	10000	40000	hit	422
A_HP_21	79	Pulse	99	5890489	18849	1
A_HP_21	79	Response	1	5898297	26658	1
A_HP_21	79	Pulse	99	5910488	38849	1
A_HP_21	80	Pulse	99	5930488	8618	1
A_HP_21	80	Picture	response170	5932265	10396	1	39835	1	10000	40000	hit	427
A_HP_21	80	Pulse	99	5950488	28618	1
A_HP_21	80	Response	2	5956177	34307	1
A_HP_21	80	Pulse	99	5970488	48619	1
A_HP_21	81	Picture	response176	5982496	10395	1	39834	1	10000	40000	hit	431
A_HP_21	81	Pulse	99	5990488	18388	1
A_HP_21	81	Response	1	6010077	37977	1
A_HP_21	81	Pulse	99	6010488	38388	1
A_HP_21	82	Pulse	99	6030488	8158	1
A_HP_21	82	Picture	response169	6032725	10395	1	40228	1	10000	40000	hit	436
A_HP_21	82	Pulse	99	6050488	28158	1
A_HP_21	82	Response	2	6051556	29226	1
A_HP_21	82	Pulse	99	6070488	48158	1
A_HP_21	83	Picture	ins4	6072953	230	1	30229	1	0	30000	other	0
A_HP_21	83	Pulse	99	6090488	17765	1
A_HP_21	83	Pulse	99	6110488	37765	1
A_HP_21	83	Pulse	99	6130488	57765	1
A_HP_21	83	Pulse	99	6150488	77765	1
A_HP_21	83	Pulse	99	6170488	97765	1
A_HP_21	83	Pulse	99	6190489	117766	1
A_HP_21	83	Pulse	99	6210488	137765	1
A_HP_21	83	Pulse	99	6230489	157766	1
A_HP_21	83	Pulse	99	6250488	177765	1
A_HP_21	83	Pulse	99	6270488	197765	1
A_HP_21	83	Pulse	99	6290493	217770	1
A_HP_21	83	Pulse	99	6310488	237765	1
A_HP_21	83	Pulse	99	6330488	257765	1
A_HP_21	83	Pulse	99	6350488	277765	1
A_HP_21	83	Pulse	99	6370488	297765	1
A_HP_21	84	Response	3	6390488	7535	1
A_HP_21	84	Pulse	99	6390488	7535	1
A_HP_21	85	Picture	response30	6401114	10395	1	39835	1	10000	40000	hit	458
A_HP_21	85	Pulse	99	6410488	19770	1
A_HP_21	85	Response	1	6419987	29269	1
A_HP_21	85	Pulse	99	6430488	39770	1
A_HP_21	86	Pulse	99	6450488	9540	1
A_HP_21	86	Picture	response27	6451511	10562	1	39668	1	10000	40000	hit	462
A_HP_21	86	Response	1	6459367	18419	1
A_HP_21	86	Pulse	99	6470488	29539	1
A_HP_21	86	Pulse	99	6490488	49540	1
A_HP_21	87	Picture	response25	6501573	10395	1	39835	1	10000	40000	hit	466
A_HP_21	87	Response	2	6509217	18038	1
A_HP_21	87	Pulse	99	6510488	19310	1
A_HP_21	87	Pulse	99	6530488	39310	1
A_HP_21	88	Pulse	99	6550488	9079	1
A_HP_21	88	Picture	response26	6551804	10396	1	39834	1	10000	40000	hit	471
A_HP_21	88	Response	2	6561666	20258	1
A_HP_21	88	Pulse	99	6570488	29079	1
A_HP_21	88	Pulse	99	6590488	49079	1
A_HP_21	89	Picture	response32	6602034	10396	1	39835	1	10000	40000	hit	476
A_HP_21	89	Pulse	99	6610488	18849	1
A_HP_21	89	Response	2	6611426	19787	1
A_HP_21	89	Pulse	99	6630491	38852	1
A_HP_21	90	Pulse	99	6650488	8619	1
A_HP_21	90	Picture	response31	6652265	10395	1	39835	1	10000	40000	hit	480
A_HP_21	90	Response	1	6658697	16828	1
A_HP_21	90	Pulse	99	6670488	28619	1
A_HP_21	90	Pulse	99	6690488	48619	1
A_HP_21	91	Picture	response29	6702495	10395	1	39835	1	10000	40000	hit	484
A_HP_21	91	Response	1	6708457	16357	1
A_HP_21	91	Pulse	99	6710487	18388	1
A_HP_21	91	Pulse	99	6730488	38388	1
A_HP_21	92	Pulse	99	6750488	8158	1
A_HP_21	92	Picture	response28	6752725	10396	1	40226	1	10000	40000	incorrect	489
A_HP_21	92	Response	2	6756617	14287	1
A_HP_21	92	Pulse	99	6770488	28158	1
A_HP_21	92	Pulse	99	6790488	48158	1
A_HP_21	93	Picture	ins6	6792952	230	1	30229	1	0	30000	other	0
A_HP_21	93	Pulse	99	6810488	17766	1
A_HP_21	93	Pulse	99	6830488	37766	1
A_HP_21	93	Pulse	99	6850488	57766	1
A_HP_21	93	Pulse	99	6870488	77766	1
A_HP_21	93	Pulse	99	6890488	97766	1
A_HP_21	93	Pulse	99	6910488	117766	1
A_HP_21	93	Pulse	99	6930488	137766	1
A_HP_21	93	Pulse	99	6950488	157766	1
A_HP_21	93	Pulse	99	6970488	177766	1
A_HP_21	93	Pulse	99	6990488	197766	1
A_HP_21	93	Pulse	99	7010487	217766	1
A_HP_21	93	Pulse	99	7030488	237766	1
A_HP_21	93	Pulse	99	7050488	257766	1
A_HP_21	93	Pulse	99	7070488	277766	1
A_HP_21	93	Pulse	99	7090488	297766	1
A_HP_21	94	Response	3	7110488	7536	1
A_HP_21	94	Pulse	99	7110488	7536	1
A_HP_21	95	Picture	response45	7121113	10395	1	39835	1	10000	40000	hit	511
A_HP_21	95	Response	1	7130097	19379	1
A_HP_21	95	Pulse	99	7130487	19770	1
A_HP_21	95	Pulse	99	7150488	39770	1
A_HP_21	96	Pulse	99	7170487	9539	1
A_HP_21	96	Picture	response42	7171510	10562	1	39668	1	10000	40000	hit	516
A_HP_21	96	Response	1	7178166	17218	1
A_HP_21	96	Pulse	99	7190488	29540	1
A_HP_21	96	Pulse	99	7210488	49540	1
A_HP_21	97	Picture	response43	7221574	10396	1	39835	1	10000	40000	hit	520
A_HP_21	97	Response	1	7226247	15068	1
A_HP_21	97	Pulse	99	7230487	19308	1
A_HP_21	97	Pulse	99	7250488	39309	1
A_HP_21	98	Pulse	99	7270488	9079	1
A_HP_21	98	Picture	response44	7271805	10396	1	39834	1	10000	40000	hit	525
A_HP_21	98	Response	2	7276966	15557	1
A_HP_21	98	Pulse	99	7290488	29079	1
A_HP_21	98	Pulse	99	7310488	49079	1
A_HP_21	99	Picture	response47	7322201	10562	1	39668	1	10000	40000	hit	529
A_HP_21	99	Response	1	7328756	17117	1
A_HP_21	99	Pulse	99	7330487	18848	1
A_HP_21	99	Pulse	99	7350487	38848	1
A_HP_21	100	Pulse	99	7370488	8619	1
A_HP_21	100	Picture	response46	7372265	10396	1	39835	1	10000	40000	hit	534
A_HP_21	100	Response	2	7378917	17047	1
A_HP_21	100	Pulse	99	7390488	28618	1
A_HP_21	100	Pulse	99	7410488	48619	1
A_HP_21	101	Picture	response48	7422495	10396	1	39834	1	10000	40000	hit	538
A_HP_21	101	Response	1	7428796	16697	1
A_HP_21	101	Pulse	99	7430487	18388	1
A_HP_21	101	Pulse	99	7450488	38388	1
A_HP_21	102	Pulse	99	7470488	8158	1
A_HP_21	102	Picture	response41	7472725	10395	1	40227	1	10000	40000	hit	543
A_HP_21	102	Response	2	7483026	20697	1
A_HP_21	102	Pulse	99	7490488	28158	1
A_HP_21	102	Pulse	99	7510488	48158	1
A_HP_21	103	Picture	ins20	7512952	230	1	30230	1	0	30000	other	0
A_HP_21	103	Pulse	99	7530488	17767	1
A_HP_21	103	Pulse	99	7550487	37766	1
A_HP_21	103	Pulse	99	7570488	57766	1
A_HP_21	103	Pulse	99	7590488	77766	1
A_HP_21	103	Pulse	99	7610488	97766	1
A_HP_21	103	Pulse	99	7630488	117766	1
A_HP_21	103	Pulse	99	7650488	137766	1
A_HP_21	103	Pulse	99	7670488	157766	1
A_HP_21	103	Pulse	99	7690487	177766	1
A_HP_21	103	Pulse	99	7710488	197766	1
A_HP_21	103	Pulse	99	7730488	217766	1
A_HP_21	103	Pulse	99	7750488	237766	1
A_HP_21	103	Pulse	99	7770487	257766	1
A_HP_21	103	Pulse	99	7790488	277766	1
A_HP_21	103	Pulse	99	7810487	297766	1
A_HP_21	104	Response	3	7830487	7535	1
A_HP_21	104	Pulse	99	7830487	7535	1
A_HP_21	105	Picture	response155	7841114	10396	1	39835	1	10000	40000	hit	566
A_HP_21	105	Pulse	99	7850487	19769	1
A_HP_21	105	Response	2	7864236	33518	1
A_HP_21	105	Pulse	99	7870487	39769	1
A_HP_21	106	Pulse	99	7890488	9539	1
A_HP_21	106	Picture	response156	7891510	10562	1	39668	1	10000	40000	hit	570
A_HP_21	106	Response	2	7902287	21338	1
A_HP_21	106	Pulse	99	7910487	29539	1
A_HP_21	106	Pulse	99	7930488	49539	1
A_HP_21	107	Picture	response157	7941574	10396	1	39835	1	10000	40000	hit	575
A_HP_21	107	Pulse	99	7950487	19309	1
A_HP_21	107	Response	2	7954976	23798	1
A_HP_21	107	Pulse	99	7970487	39309	1
A_HP_21	108	Pulse	99	7990487	9078	1
A_HP_21	108	Picture	response153	7991804	10396	1	39835	1	10000	40000	hit	580
A_HP_21	108	Pulse	99	8010487	29078	1
A_HP_21	108	Response	1	8017496	36087	1
A_HP_21	108	Pulse	99	8030487	49079	1
A_HP_21	109	Picture	response160	8042035	10395	1	39834	1	10000	40000	hit	584
A_HP_21	109	Pulse	99	8050487	18848	1
A_HP_21	109	Response	2	8070096	38457	1
A_HP_21	109	Pulse	99	8070490	38851	1
A_HP_21	110	Pulse	99	8090487	8618	1
A_HP_21	110	Picture	response159	8092265	10396	1	39835	1	10000	40000	hit	589
A_HP_21	110	Pulse	99	8110487	28618	1
A_HP_21	110	Response	2	8113746	31877	1
A_HP_21	110	Pulse	99	8130487	48618	1
A_HP_21	111	Picture	response154	8142495	10395	1	39834	1	10000	40000	hit	593
A_HP_21	111	Pulse	99	8150487	18388	1
A_HP_21	111	Response	1	8158066	25967	1
A_HP_21	111	Pulse	99	8170488	38388	1
A_HP_21	112	Pulse	99	8190487	8158	1
A_HP_21	112	Picture	response158	8192725	10395	1	40228	1	10000	40000	hit	598
A_HP_21	112	Pulse	99	8210487	28158	1
A_HP_21	112	Response	2	8210606	28277	1
A_HP_21	112	Pulse	99	8230487	48158	1
A_HP_21	113	Picture	ins14	8232952	230	1	30229	1	0	30000	other	0
A_HP_21	113	Pulse	99	8250488	17766	1
A_HP_21	113	Pulse	99	8270487	37765	1
A_HP_21	113	Pulse	99	8290487	57765	1
A_HP_21	113	Pulse	99	8310487	77765	1
A_HP_21	113	Pulse	99	8330487	97765	1
A_HP_21	113	Pulse	99	8350487	117765	1
A_HP_21	113	Pulse	99	8370488	137765	1
A_HP_21	113	Pulse	99	8390487	157765	1
A_HP_21	113	Pulse	99	8410491	177769	1
A_HP_21	113	Pulse	99	8430487	197765	1
A_HP_21	113	Pulse	99	8450487	217765	1
A_HP_21	113	Pulse	99	8470487	237765	1
A_HP_21	113	Pulse	99	8490487	257765	1
A_HP_21	113	Pulse	99	8510487	277765	1
A_HP_21	113	Pulse	99	8530487	297765	1
A_HP_21	114	Response	3	8550487	7534	1
A_HP_21	114	Pulse	99	8550487	7534	1
A_HP_21	115	Picture	response105	8561113	10396	1	39835	1	10000	40000	hit	620
A_HP_21	115	Pulse	99	8570487	19769	1
A_HP_21	115	Response	2	8575895	25177	1
A_HP_21	115	Pulse	99	8590487	39770	1
A_HP_21	116	Pulse	99	8610487	9539	1
A_HP_21	116	Picture	response110	8611510	10562	1	39668	1	10000	40000	hit	624
A_HP_21	116	Response	2	8620696	19748	1
A_HP_21	116	Pulse	99	8630487	29539	1
A_HP_21	116	Pulse	99	8650487	49539	1
A_HP_21	117	Picture	response107	8661574	10396	1	39835	1	10000	40000	hit	629
A_HP_21	117	Pulse	99	8670487	19308	1
A_HP_21	117	Response	1	8678969	27791	1
A_HP_21	117	Pulse	99	8690487	39308	1
A_HP_21	118	Pulse	99	8710487	9078	1
A_HP_21	118	Picture	response106	8711804	10396	1	39835	1	10000	40000	hit	633
A_HP_21	118	Response	1	8729386	27977	1
A_HP_21	118	Pulse	99	8730486	29078	1
A_HP_21	118	Pulse	99	8750487	49078	1
A_HP_21	119	Picture	response112	8762035	10395	1	39835	1	10000	40000	hit	639
A_HP_21	119	Pulse	99	8770487	18848	1
A_HP_21	119	Pulse	99	8790487	38848	1
A_HP_21	119	Response	2	8796435	44796	1
A_HP_21	120	Pulse	99	8810487	8618	1
A_HP_21	120	Picture	response108	8812265	10396	1	39835	1	10000	40000	hit	643
A_HP_21	120	Pulse	99	8830487	28618	1
A_HP_21	120	Response	2	8836455	34586	1
A_HP_21	120	Pulse	99	8850487	48617	1
A_HP_21	121	Picture	response111	8862495	10395	1	39835	1	10000	40000	hit	647
A_HP_21	121	Pulse	99	8870487	18387	1
A_HP_21	121	Response	1	8884766	32666	1
A_HP_21	121	Pulse	99	8890486	38386	1
A_HP_21	122	Pulse	99	8910487	8157	1
A_HP_21	122	Picture	response109	8912726	10396	1	39835	1	10000	40000	hit	651
A_HP_21	122	Response	1	8926876	24546	1
A_HP_21	122	Pulse	99	8930487	28157	1
A_HP_21	122	Pulse	99	8950487	48157	1
A_HP_21	123	Picture	thanks	8952561	0	1	10229	1	0	10000	other	0
A_HP_21	123	Pulse	99	8970487	17926	1


Event Type	Code	Type	Response	RT	RT Uncertainty	Time	Uncertainty	Duration	Uncertainty	ReqTime	ReqDur

Picture	ready	other				250803	1	10229	1	0	10000
Picture	ins24	other				311357	1	30229	1	0	30000
Picture	response191	hit	1	34646	2	641363	1	39668	1	10000	40000
Picture	response187	hit	2	10853	2	691426	1	39834	1	10000	40000
Picture	response188	hit	2	19003	2	741656	1	39835	1	10000	40000
Picture	response192	hit	1	16803	2	791886	1	39835	1	10000	40000
Picture	response185	hit	1	21352	2	842117	1	39835	1	10000	40000
Picture	response186	hit	2	24815	2	892514	1	39668	1	10000	40000
Picture	response189	hit	1	16022	2	942577	1	39835	1	10000	40000
Picture	response190	hit	1	26822	2	992808	1	40247	1	10000	40000
Picture	ins8	other				1033055	1	30229	1	0	30000
Picture	response57	hit	1	19112	2	1361117	1	39835	1	10000	40000
Picture	response60	hit	2	10166	2	1411513	1	39668	1	10000	40000
Picture	response58	hit	1	13162	2	1461577	1	39835	1	10000	40000
Picture	response64	hit	2	9972	2	1511808	1	39835	1	10000	40000
Picture	response59	hit	1	16725	2	1562204	1	39668	1	10000	40000
Picture	response61	hit	2	10051	2	1612268	1	39835	1	10000	40000
Picture	response63	hit	1	9390	2	1662498	1	39835	1	10000	40000
Picture	response62	hit	2	9650	2	1712729	1	40226	1	10000	40000
Picture	ins10	other				1752955	1	30229	1	0	30000
Picture	response78	hit	1	15703	2	2081116	1	39835	1	10000	40000
Picture	response76	hit	1	33466	2	2131513	1	39668	1	10000	40000
Picture	response75	hit	2	32562	2	2181577	1	39835	1	10000	40000
Picture	response74	hit	1	21251	2	2231807	1	39835	1	10000	40000
Picture	response80	hit	2	28499	2	2282370	1	39502	1	10000	40000
Picture	response73	hit	2	11002	2	2332267	1	39835	1	10000	40000
Picture	response77	hit	2	16341	2	2382498	1	39834	1	10000	40000
Picture	response79	hit	1	15822	2	2432727	1	40228	1	10000	40000
Picture	ins18	other				2472955	1	30229	1	0	30000
Picture	response143	hit	1	31105	2	2801363	1	39668	1	10000	40000
Picture	response139	hit	1	10132	2	2851427	1	39835	1	10000	40000
Picture	response141	hit	2	16741	2	2901657	1	39835	1	10000	40000
Picture	response144	hit	1	29411	2	2951887	1	39835	1	10000	40000
Picture	response137	hit	2	31030	2	3002118	1	39835	1	10000	40000
Picture	response138	hit	1	18913	2	3052515	1	39668	1	10000	40000
Picture	response140	hit	1	37410	2	3102578	1	39835	1	10000	40000
Picture	response142	hit	1	28160	2	3152808	1	40245	1	10000	40000
Picture	ins2	other				3193054	1	30229	1	0	30000
Picture	response15	hit	2	8894	2	3521115	1	39835	1	10000	40000
Picture	response11	hit	2	8957	2	3571512	1	39668	1	10000	40000
Picture	response13	hit	2	11863	2	3621575	1	39836	1	10000	40000
Picture	response14	hit	1	12912	2	3671806	1	39835	1	10000	40000
Picture	response9	hit	1	10925	2	3722203	1	39668	1	10000	40000
Picture	response12	hit	1	11941	2	3772267	1	39835	1	10000	40000
Picture	response10	hit	1	8010	2	3822497	1	39834	1	10000	40000
Picture	response16	hit	2	14211	2	3872727	1	40227	1	10000	40000
Picture	ins12	other				3912954	1	30229	1	0	30000
Picture	response89	hit	2	15333	2	4241115	1	39835	1	10000	40000
Picture	response93	hit	1	20085	2	4291512	1	39668	1	10000	40000
Picture	response91	hit	2	19592	2	4341576	1	39835	1	10000	40000
Picture	response90	hit	1	14561	2	4391806	1	39835	1	10000	40000
Picture	response95	hit	1	10170	2	4442037	1	39835	1	10000	40000
Picture	response94	hit	2	16271	2	4492267	1	39835	1	10000	40000
Picture	response96	hit	2	32350	2	4542497	1	39835	1	10000	40000
Picture	response92	hit	1	11229	2	4592728	1	40225	1	10000	40000
Picture	ins16	other				4632954	1	30230	1	0	30000
Picture	response128	hit	2	20122	2	4961115	1	39835	1	10000	40000
Picture	response124	hit	2	11716	2	5011512	1	39668	1	10000	40000
Picture	response125	hit	2	20532	2	5061576	1	39835	1	10000	40000
Picture	response127	hit	2	30531	2	5111806	1	39835	1	10000	40000
Picture	response123	hit	2	12020	2	5162036	1	39835	1	10000	40000
Picture	response122	miss				5212267	1	39835	1	10000	40000
Picture	response126	hit	2	19441	2	5262497	1	39835	1	10000	40000
Picture	response121	hit	1	22140	2	5312727	1	40226	1	10000	40000
Picture	ins22	other				5352953	1	30230	1	0	30000
Picture	response171	hit	1	36154	2	5681114	1	39835	1	10000	40000
Picture	response174	hit	2	19966	2	5731511	1	39668	1	10000	40000
Picture	response175	hit	2	26813	2	5781574	1	39836	1	10000	40000
Picture	response172	hit	2	28262	2	5831805	1	39835	1	10000	40000
Picture	response173	hit	1	15929	2	5882368	1	39502	1	10000	40000
Picture	response170	hit	2	23911	2	5932265	1	39835	1	10000	40000
Picture	response176	hit	1	27582	2	5982496	1	39834	1	10000	40000
Picture	response169	hit	2	18831	2	6032725	1	40228	1	10000	40000
Picture	ins4	other				6072953	1	30229	1	0	30000
Picture	response30	hit	1	18873	2	6401114	1	39835	1	10000	40000
Picture	response27	hit	1	7856	2	6451511	1	39668	1	10000	40000
Picture	response25	hit	2	7643	2	6501573	1	39835	1	10000	40000
Picture	response26	hit	2	9862	2	6551804	1	39834	1	10000	40000
Picture	response32	hit	2	9391	2	6602034	1	39835	1	10000	40000
Picture	response31	hit	1	6432	2	6652265	1	39835	1	10000	40000
Picture	response29	hit	1	5962	2	6702495	1	39835	1	10000	40000
Picture	response28	incorrect	2	3891	2	6752725	1	40226	1	10000	40000
Picture	ins6	other				6792952	1	30229	1	0	30000
Picture	response45	hit	1	8984	2	7121113	1	39835	1	10000	40000
Picture	response42	hit	1	6656	2	7171510	1	39668	1	10000	40000
Picture	response43	hit	1	4672	2	7221574	1	39835	1	10000	40000
Picture	response44	hit	2	5162	2	7271805	1	39834	1	10000	40000
Picture	response47	hit	1	6555	2	7322201	1	39668	1	10000	40000
Picture	response46	hit	2	6652	2	7372265	1	39835	1	10000	40000
Picture	response48	hit	1	6301	2	7422495	1	39834	1	10000	40000
Picture	response41	hit	2	10302	2	7472725	1	40227	1	10000	40000
Picture	ins20	other				7512952	1	30230	1	0	30000
Picture	response155	hit	2	23123	2	7841114	1	39835	1	10000	40000
Picture	response156	hit	2	10776	2	7891510	1	39668	1	10000	40000
Picture	response157	hit	2	13402	2	7941574	1	39835	1	10000	40000
Picture	response153	hit	1	25692	2	7991804	1	39835	1	10000	40000
Picture	response160	hit	2	28062	2	8042035	1	39834	1	10000	40000
Picture	response159	hit	2	21481	2	8092265	1	39835	1	10000	40000
Picture	response154	hit	1	15571	2	8142495	1	39834	1	10000	40000
Picture	response158	hit	2	17882	2	8192725	1	40228	1	10000	40000
Picture	ins14	other				8232952	1	30229	1	0	30000
Picture	response105	hit	2	14782	2	8561113	1	39835	1	10000	40000
Picture	response110	hit	2	9186	2	8611510	1	39668	1	10000	40000
Picture	response107	hit	1	17395	2	8661574	1	39835	1	10000	40000
Picture	response106	hit	1	17581	2	8711804	1	39835	1	10000	40000
Picture	response112	hit	2	34401	2	8762035	1	39835	1	10000	40000
Picture	response108	hit	2	24190	2	8812265	1	39835	1	10000	40000
Picture	response111	hit	1	22271	2	8862495	1	39835	1	10000	40000
Picture	response109	hit	1	14150	2	8912726	1	39835	1	10000	40000
Picture	thanks	other				8952561	1	10229	1	0	10000


{
   "app": "Presentation Version 21.0 Build 06.06.19",
   "device": "LENOVO 20KHCTO1WW",
   "experiment": "{A2FC4E2A-B401-4E65-9CA9-5B09E294C871}",
   "os": "Windows 10 64 bit",
   "package": "",
   "parameters": {
      "configuration": "Default configuration"
   },
   "scenario": "Dimension experiment(2).sce",
   "subject": "A_HP_21",
   "timestamp": "2019/10/18 04:34:39 GMT"
}
