Scenario - 
Logfile written - 09/27/2019 12:13:44

Subject	Trial	Event Type	Code	Time	TTime	Uncertainty	Duration	Uncertainty	ReqTime	ReqDur	Stim Type	Pair Index

A_HP_15	1	Response	3	213196	212363	1
A_HP_15	1	Pulse	99	213196	212363	1
A_HP_15	2	Picture	ready	213427	0	1	10229	1	0	10000	other	0
A_HP_15	2	Pulse	99	233195	19768	1
A_HP_15	2	Pulse	99	253195	39768	1
A_HP_15	2	Pulse	99	273195	59768	1
A_HP_15	3	Picture	ins10	273917	92	1	30230	1	0	30000	other	0
A_HP_15	3	Pulse	99	293196	19370	1
A_HP_15	3	Pulse	99	313207	39382	1
A_HP_15	3	Pulse	99	333195	59370	1
A_HP_15	3	Pulse	99	353195	79370	1
A_HP_15	3	Pulse	99	373195	99370	1
A_HP_15	3	Pulse	99	393196	119370	1
A_HP_15	3	Pulse	99	413196	139370	1
A_HP_15	3	Pulse	99	433196	159370	1
A_HP_15	3	Pulse	99	453196	179370	1
A_HP_15	3	Pulse	99	473196	199370	1
A_HP_15	3	Pulse	99	493196	219371	1
A_HP_15	3	Pulse	99	513196	239370	1
A_HP_15	3	Pulse	99	533196	259370	1
A_HP_15	3	Pulse	99	553196	279371	1
A_HP_15	3	Pulse	99	573196	299371	1
A_HP_15	4	Response	3	593196	9140	1
A_HP_15	4	Pulse	99	593196	9140	1
A_HP_15	5	Picture	response80	603822	10396	1	39834	1	10000	40000	hit	27
A_HP_15	5	Pulse	99	613196	19769	1
A_HP_15	5	Response	2	626705	33278	1
A_HP_15	5	Pulse	99	633196	39769	1
A_HP_15	6	Pulse	99	653196	9539	1
A_HP_15	6	Picture	response77	654219	10562	1	39668	1	10000	40000	hit	32
A_HP_15	6	Pulse	99	673196	29539	1
A_HP_15	6	Response	2	684115	40458	1
A_HP_15	6	Pulse	99	693196	49539	1
A_HP_15	7	Picture	response79	704283	10396	1	39835	1	10000	40000	hit	36
A_HP_15	7	Pulse	99	713196	19309	1
A_HP_15	7	Response	1	731015	37128	1
A_HP_15	7	Pulse	99	733195	39308	1
A_HP_15	8	Pulse	99	753196	9078	1
A_HP_15	8	Picture	response75	754514	10396	1	39835	1	10000	40000	hit	40
A_HP_15	8	Response	2	770495	26377	1
A_HP_15	8	Pulse	99	773195	29077	1
A_HP_15	8	Pulse	99	793196	49078	1
A_HP_15	9	Picture	response73	804911	10562	1	39668	1	10000	40000	hit	45
A_HP_15	9	Pulse	99	813196	18848	1
A_HP_15	9	Response	2	820815	26466	1
A_HP_15	9	Pulse	99	833196	38847	1
A_HP_15	10	Pulse	99	853196	8617	1
A_HP_15	10	Picture	response76	854974	10395	1	39836	1	10000	40000	miss	0
A_HP_15	10	Pulse	99	873196	28617	1
A_HP_15	10	Pulse	99	893197	48618	1
A_HP_15	11	Picture	response74	905206	10396	1	39835	1	10000	40000	hit	53
A_HP_15	11	Pulse	99	913196	18386	1
A_HP_15	11	Response	1	929085	34275	1
A_HP_15	11	Pulse	99	933196	38386	1
A_HP_15	12	Pulse	99	953196	8156	1
A_HP_15	12	Picture	response78	955436	10396	1	40223	1	10000	40000	hit	58
A_HP_15	12	Pulse	99	973197	28156	1
A_HP_15	12	Response	1	983175	38135	1
A_HP_15	12	Pulse	99	993196	48156	1
A_HP_15	13	Picture	ins4	995659	231	1	30229	1	0	30000	other	0
A_HP_15	13	Pulse	99	1013197	17769	1
A_HP_15	13	Pulse	99	1033197	37770	1
A_HP_15	13	Pulse	99	1053197	57770	1
A_HP_15	13	Pulse	99	1073197	77770	1
A_HP_15	13	Pulse	99	1093197	97769	1
A_HP_15	13	Pulse	99	1113196	117769	1
A_HP_15	13	Pulse	99	1133197	137769	1
A_HP_15	13	Pulse	99	1153117	157689	1
A_HP_15	13	Pulse	99	1173197	177770	1
A_HP_15	13	Pulse	99	1193197	197769	1
A_HP_15	13	Pulse	99	1213117	217689	1
A_HP_15	13	Pulse	99	1233197	237770	1
A_HP_15	13	Pulse	99	1253197	257770	1
A_HP_15	13	Pulse	99	1273197	277770	1
A_HP_15	13	Pulse	99	1293197	297769	1
A_HP_15	14	Response	3	1313197	7539	1
A_HP_15	14	Pulse	99	1313197	7539	1
A_HP_15	15	Picture	response25	1323823	10396	1	39835	1	10000	40000	hit	79
A_HP_15	15	Response	2	1330295	16869	1
A_HP_15	15	Pulse	99	1333196	19769	1
A_HP_15	15	Pulse	99	1353197	39770	1
A_HP_15	16	Pulse	99	1373198	9540	1
A_HP_15	16	Picture	response31	1374220	10563	1	39668	1	10000	40000	hit	84
A_HP_15	16	Response	1	1381446	17788	1
A_HP_15	16	Pulse	99	1393197	29540	1
A_HP_15	16	Pulse	99	1413197	49540	1
A_HP_15	17	Picture	response27	1424283	10396	1	39835	1	10000	40000	hit	88
A_HP_15	17	Response	1	1430916	17028	1
A_HP_15	17	Pulse	99	1433196	19309	1
A_HP_15	17	Pulse	99	1453197	39310	1
A_HP_15	18	Pulse	99	1473197	9079	1
A_HP_15	18	Picture	response29	1474514	10396	1	39835	1	10000	40000	hit	93
A_HP_15	18	Response	1	1483286	19168	1
A_HP_15	18	Pulse	99	1493197	29079	1
A_HP_15	18	Pulse	99	1513197	49079	1
A_HP_15	19	Picture	response26	1524911	10562	1	39668	1	10000	40000	hit	97
A_HP_15	19	Response	2	1531426	17077	1
A_HP_15	19	Pulse	99	1533197	18848	1
A_HP_15	19	Pulse	99	1553197	38849	1
A_HP_15	20	Pulse	99	1573198	8619	1
A_HP_15	20	Picture	response32	1574975	10396	1	39835	1	10000	40000	hit	102
A_HP_15	20	Response	2	1581776	17197	1
A_HP_15	20	Pulse	99	1593197	28618	1
A_HP_15	20	Pulse	99	1613197	48618	1
A_HP_15	21	Picture	response30	1625205	10395	1	39835	1	10000	40000	hit	106
A_HP_15	21	Response	1	1629296	14487	1
A_HP_15	21	Pulse	99	1633197	18387	1
A_HP_15	21	Pulse	99	1653197	38388	1
A_HP_15	22	Pulse	99	1673201	8161	1
A_HP_15	22	Picture	response28	1675436	10396	1	40223	1	10000	40000	hit	111
A_HP_15	22	Response	1	1680996	15956	1
A_HP_15	22	Pulse	99	1693198	28158	1
A_HP_15	22	Pulse	99	1713117	48077	1
A_HP_15	23	Picture	ins8	1715659	232	1	30229	1	0	30000	other	0
A_HP_15	23	Pulse	99	1733197	17770	1
A_HP_15	23	Pulse	99	1753198	37771	1
A_HP_15	23	Pulse	99	1773117	57690	1
A_HP_15	23	Pulse	99	1793198	77770	1
A_HP_15	23	Pulse	99	1813198	97770	1
A_HP_15	23	Pulse	99	1833118	117690	1
A_HP_15	23	Pulse	99	1853198	137770	1
A_HP_15	23	Pulse	99	1873198	157770	1
A_HP_15	23	Pulse	99	1893118	177690	1
A_HP_15	23	Pulse	99	1913198	197770	1
A_HP_15	23	Pulse	99	1933198	217770	1
A_HP_15	23	Pulse	99	1953118	237691	1
A_HP_15	23	Pulse	99	1973198	257770	1
A_HP_15	23	Pulse	99	1993198	277770	1
A_HP_15	23	Pulse	99	2013118	297690	1
A_HP_15	24	Response	3	2033198	7540	1
A_HP_15	24	Pulse	99	2033198	7540	1
A_HP_15	25	Picture	response62	2043824	10396	1	39835	1	10000	40000	hit	134
A_HP_15	25	Pulse	99	2053198	19770	1
A_HP_15	25	Response	2	2059796	26368	1
A_HP_15	25	Pulse	99	2073118	39690	1
A_HP_15	26	Pulse	99	2093198	9540	1
A_HP_15	26	Picture	response64	2094221	10562	1	39668	1	10000	40000	incorrect	139
A_HP_15	26	Pulse	99	2113198	29539	1
A_HP_15	26	Response	1	2126797	43138	1
A_HP_15	26	Pulse	99	2133118	49459	1
A_HP_15	27	Picture	response57	2144284	10396	1	39835	1	10000	40000	hit	143
A_HP_15	27	Pulse	99	2153198	19309	1
A_HP_15	27	Response	1	2153796	19907	1
A_HP_15	27	Pulse	99	2173198	39309	1
A_HP_15	28	Pulse	99	2193198	9079	1
A_HP_15	28	Picture	response63	2194515	10396	1	39834	1	10000	40000	hit	147
A_HP_15	28	Response	1	2204537	20417	1
A_HP_15	28	Pulse	99	2213198	29078	1
A_HP_15	28	Pulse	99	2233198	49079	1
A_HP_15	29	Picture	response59	2244912	10562	1	39668	1	10000	40000	hit	152
A_HP_15	29	Pulse	99	2253198	18849	1
A_HP_15	29	Response	1	2261737	27388	1
A_HP_15	29	Pulse	99	2273198	38849	1
A_HP_15	30	Pulse	99	2293198	8618	1
A_HP_15	30	Picture	response58	2294976	10396	1	39835	1	10000	40000	hit	156
A_HP_15	30	Response	1	2310757	26177	1
A_HP_15	30	Pulse	99	2313198	28618	1
A_HP_15	30	Pulse	99	2333118	48538	1
A_HP_15	31	Picture	response60	2345206	10396	1	39835	1	10000	40000	hit	161
A_HP_15	31	Pulse	99	2353199	18388	1
A_HP_15	31	Response	2	2357676	22866	1
A_HP_15	31	Pulse	99	2373199	38388	1
A_HP_15	32	Pulse	99	2393118	8077	1
A_HP_15	32	Picture	response61	2395437	10396	1	40222	1	10000	40000	hit	166
A_HP_15	32	Pulse	99	2413198	28157	1
A_HP_15	32	Response	2	2414796	29755	1
A_HP_15	32	Pulse	99	2433198	48157	1
A_HP_15	33	Picture	ins12	2435659	230	1	30229	1	0	30000	other	0
A_HP_15	33	Pulse	99	2453118	17690	1
A_HP_15	33	Pulse	99	2473198	37770	1
A_HP_15	33	Pulse	99	2493199	57770	1
A_HP_15	33	Pulse	99	2513119	77690	1
A_HP_15	33	Pulse	99	2533199	97770	1
A_HP_15	33	Pulse	99	2553199	117770	1
A_HP_15	33	Pulse	99	2573119	137690	1
A_HP_15	33	Pulse	99	2593199	157770	1
A_HP_15	33	Pulse	99	2613199	177770	1
A_HP_15	33	Pulse	99	2633119	197690	1
A_HP_15	33	Pulse	99	2653199	217770	1
A_HP_15	33	Pulse	99	2673199	237770	1
A_HP_15	33	Pulse	99	2693119	257690	1
A_HP_15	33	Pulse	99	2713199	277770	1
A_HP_15	33	Pulse	99	2733199	297770	1
A_HP_15	34	Response	3	2753119	7460	1
A_HP_15	34	Pulse	99	2753119	7460	1
A_HP_15	35	Picture	response91	2763912	10562	1	39668	1	10000	40000	hit	188
A_HP_15	35	Pulse	99	2773199	19850	1
A_HP_15	35	Response	2	2789338	35988	1
A_HP_15	35	Pulse	99	2793199	39849	1
A_HP_15	36	Pulse	99	2813119	9539	1
A_HP_15	36	Picture	response92	2813976	10396	1	39835	1	10000	40000	hit	192
A_HP_15	36	Response	1	2825268	21688	1
A_HP_15	36	Pulse	99	2833199	29618	1
A_HP_15	36	Pulse	99	2853199	49619	1
A_HP_15	37	Picture	response93	2864206	10395	1	39836	1	10000	40000	hit	197
A_HP_15	37	Pulse	99	2873119	19308	1
A_HP_15	37	Response	1	2886038	32227	1
A_HP_15	37	Pulse	99	2893199	39388	1
A_HP_15	38	Pulse	99	2913199	9158	1
A_HP_15	38	Picture	response94	2914437	10395	1	39835	1	10000	40000	hit	201
A_HP_15	38	Response	2	2928568	24526	1
A_HP_15	38	Pulse	99	2933119	29077	1
A_HP_15	38	Pulse	99	2953199	49157	1
A_HP_15	39	Picture	response96	2964668	10395	1	39835	1	10000	40000	hit	206
A_HP_15	39	Pulse	99	2973199	18927	1
A_HP_15	39	Response	2	2982988	28716	1
A_HP_15	39	Pulse	99	2993119	38847	1
A_HP_15	40	Pulse	99	3013119	8617	1
A_HP_15	40	Picture	response90	3015065	10562	1	39668	1	10000	40000	hit	210
A_HP_15	40	Response	1	3033008	28506	1
A_HP_15	40	Pulse	99	3033199	28696	1
A_HP_15	40	Pulse	99	3053119	48617	1
A_HP_15	41	Picture	response95	3065129	10396	1	39835	1	10000	40000	hit	215
A_HP_15	41	Pulse	99	3073119	18386	1
A_HP_15	41	Response	1	3090188	35455	1
A_HP_15	41	Pulse	99	3093199	38465	1
A_HP_15	42	Pulse	99	3113120	8156	1
A_HP_15	42	Picture	response89	3115360	10396	1	40200	1	10000	40000	hit	220
A_HP_15	42	Pulse	99	3133119	28155	1
A_HP_15	42	Response	2	3142108	37144	1
A_HP_15	42	Pulse	99	3153200	48236	1
A_HP_15	43	Picture	ins2	3155560	230	1	30230	1	0	30000	other	0
A_HP_15	43	Pulse	99	3173200	17870	1
A_HP_15	43	Pulse	99	3193119	37790	1
A_HP_15	43	Pulse	99	3213200	57870	1
A_HP_15	43	Pulse	99	3233200	77870	1
A_HP_15	43	Pulse	99	3253120	97790	1
A_HP_15	43	Pulse	99	3273200	117870	1
A_HP_15	43	Pulse	99	3293200	137870	1
A_HP_15	43	Pulse	99	3313120	157790	1
A_HP_15	43	Pulse	99	3333200	177870	1
A_HP_15	43	Pulse	99	3353198	197869	1
A_HP_15	43	Pulse	99	3373120	217790	1
A_HP_15	43	Pulse	99	3393200	237870	1
A_HP_15	43	Pulse	99	3413200	257870	1
A_HP_15	43	Pulse	99	3433120	277790	1
A_HP_15	43	Pulse	99	3453200	297870	1
A_HP_15	44	Response	3	3473200	7640	1
A_HP_15	44	Pulse	99	3473200	7640	1
A_HP_15	45	Picture	response10	3483826	10396	1	39835	1	10000	40000	hit	242
A_HP_15	45	Pulse	99	3493121	19690	1
A_HP_15	45	Response	1	3501049	27618	1
A_HP_15	45	Pulse	99	3513200	39769	1
A_HP_15	46	Pulse	99	3533200	9540	1
A_HP_15	46	Picture	response13	3534223	10562	1	39668	1	10000	40000	hit	246
A_HP_15	46	Response	2	3543769	20108	1
A_HP_15	46	Pulse	99	3553120	29459	1
A_HP_15	46	Pulse	99	3573200	49539	1
A_HP_15	47	Picture	response12	3584287	10396	1	39835	1	10000	40000	hit	251
A_HP_15	47	Pulse	99	3593200	19309	1
A_HP_15	47	Response	1	3598529	24637	1
A_HP_15	47	Pulse	99	3613120	39229	1
A_HP_15	48	Pulse	99	3633120	8999	1
A_HP_15	48	Picture	response14	3634517	10395	1	39835	1	10000	40000	hit	255
A_HP_15	48	Response	1	3652179	28057	1
A_HP_15	48	Pulse	99	3653200	29078	1
A_HP_15	48	Pulse	99	3673120	48999	1
A_HP_15	49	Picture	response9	3684914	10562	1	39669	1	10000	40000	hit	260
A_HP_15	49	Pulse	99	3693120	18769	1
A_HP_15	49	Response	1	3702429	28078	1
A_HP_15	49	Pulse	99	3713200	38848	1
A_HP_15	50	Pulse	99	3733121	8537	1
A_HP_15	50	Picture	response16	3734979	10396	1	39835	1	10000	40000	hit	264
A_HP_15	50	Response	2	3750509	25926	1
A_HP_15	50	Pulse	99	3753120	28536	1
A_HP_15	50	Pulse	99	3773200	48617	1
A_HP_15	51	Picture	response15	3785209	10396	1	39835	1	10000	40000	hit	269
A_HP_15	51	Pulse	99	3793121	18307	1
A_HP_15	51	Response	2	3805239	30425	1
A_HP_15	51	Pulse	99	3813120	38307	1
A_HP_15	52	Pulse	99	3833201	8156	1
A_HP_15	52	Picture	response11	3835440	10395	1	40221	1	10000	40000	hit	274
A_HP_15	52	Pulse	99	3853120	28076	1
A_HP_15	52	Response	2	3853369	28325	1
A_HP_15	52	Pulse	99	3873120	48076	1
A_HP_15	53	Picture	ins24	3875661	230	1	30229	1	0	30000	other	0
A_HP_15	53	Pulse	99	3893201	17770	1
A_HP_15	53	Pulse	99	3913121	37690	1
A_HP_15	53	Pulse	99	3933121	57690	1
A_HP_15	53	Pulse	99	3953201	77771	1
A_HP_15	53	Pulse	99	3973121	97690	1
A_HP_15	53	Pulse	99	3993121	117690	1
A_HP_15	53	Pulse	99	4013201	137770	1
A_HP_15	53	Pulse	99	4033121	157690	1
A_HP_15	53	Pulse	99	4053121	177690	1
A_HP_15	53	Pulse	99	4073201	197770	1
A_HP_15	53	Pulse	99	4093121	217690	1
A_HP_15	53	Pulse	99	4113121	237690	1
A_HP_15	53	Pulse	99	4133201	257770	1
A_HP_15	53	Pulse	99	4153201	277770	1
A_HP_15	53	Pulse	99	4173121	297691	1
A_HP_15	54	Response	3	4193201	7540	1
A_HP_15	54	Pulse	99	4193201	7540	1
A_HP_15	55	Picture	response190	4203827	10395	1	39835	1	10000	40000	hit	296
A_HP_15	55	Pulse	99	4213201	19769	1
A_HP_15	55	Response	1	4220730	27298	1
A_HP_15	55	Pulse	99	4233121	39689	1
A_HP_15	56	Pulse	99	4253121	9459	1
A_HP_15	56	Picture	response192	4254224	10562	1	39669	1	10000	40000	hit	301
A_HP_15	56	Pulse	99	4273201	29539	1
A_HP_15	56	Response	1	4277549	33887	1
A_HP_15	56	Pulse	99	4293121	49459	1
A_HP_15	57	Picture	response185	4304288	10396	1	39835	1	10000	40000	hit	305
A_HP_15	57	Pulse	99	4313121	19229	1
A_HP_15	57	Response	1	4321040	27147	1
A_HP_15	57	Pulse	99	4333201	39308	1
A_HP_15	58	Pulse	99	4353121	8998	1
A_HP_15	58	Picture	response187	4354519	10396	1	39835	1	10000	40000	hit	310
A_HP_15	58	Pulse	99	4373121	28998	1
A_HP_15	58	Response	2	4376000	31877	1
A_HP_15	58	Pulse	99	4393201	49078	1
A_HP_15	59	Picture	response186	4404916	10562	1	39668	1	10000	40000	hit	314
A_HP_15	59	Pulse	99	4413121	18768	1
A_HP_15	59	Response	2	4424210	29856	1
A_HP_15	59	Pulse	99	4433121	38768	1
A_HP_15	60	Pulse	99	4453202	8618	1
A_HP_15	60	Picture	response189	4454979	10396	1	39835	1	10000	40000	hit	318
A_HP_15	60	Response	1	4470450	25867	1
A_HP_15	60	Pulse	99	4473121	28537	1
A_HP_15	60	Pulse	99	4493122	48538	1
A_HP_15	61	Picture	response188	4505210	10396	1	39835	1	10000	40000	hit	323
A_HP_15	61	Pulse	99	4513202	18388	1
A_HP_15	61	Response	2	4529250	34436	1
A_HP_15	61	Pulse	99	4533121	38307	1
A_HP_15	62	Pulse	99	4553121	8077	1
A_HP_15	62	Picture	response191	4555440	10396	1	40221	1	10000	40000	hit	328
A_HP_15	62	Pulse	99	4573202	28157	1
A_HP_15	62	Response	1	4577790	32745	1
A_HP_15	62	Pulse	99	4593121	48077	1
A_HP_15	63	Picture	ins16	4595662	230	1	30229	1	0	30000	other	0
A_HP_15	63	Pulse	99	4613122	17690	1
A_HP_15	63	Pulse	99	4633202	37770	1
A_HP_15	63	Pulse	99	4653122	57690	1
A_HP_15	63	Pulse	99	4673122	77690	1
A_HP_15	63	Pulse	99	4693202	97770	1
A_HP_15	63	Pulse	99	4713122	117691	1
A_HP_15	63	Pulse	99	4733122	137690	1
A_HP_15	63	Pulse	99	4753202	157770	1
A_HP_15	63	Pulse	99	4773122	177690	1
A_HP_15	63	Pulse	99	4793122	197690	1
A_HP_15	63	Pulse	99	4813202	217770	1
A_HP_15	63	Pulse	99	4833122	237690	1
A_HP_15	63	Pulse	99	4853122	257690	1
A_HP_15	63	Pulse	99	4873122	277690	1
A_HP_15	63	Pulse	99	4893122	297691	1
A_HP_15	64	Response	3	4913122	7460	1
A_HP_15	64	Pulse	99	4913122	7460	1
A_HP_15	65	Picture	response121	4923914	10562	1	39668	1	10000	40000	hit	350
A_HP_15	65	Pulse	99	4933122	19770	1
A_HP_15	65	Response	1	4933290	19938	1
A_HP_15	65	Pulse	99	4953122	39770	1
A_HP_15	66	Pulse	99	4973122	9540	1
A_HP_15	66	Picture	response126	4973978	10396	1	39835	1	10000	40000	hit	355
A_HP_15	66	Pulse	99	4993122	29540	1
A_HP_15	66	Response	2	4993860	30278	1
A_HP_15	66	Pulse	99	5013122	49540	1
A_HP_15	67	Picture	response128	5024208	10395	1	39835	1	10000	40000	hit	359
A_HP_15	67	Pulse	99	5033122	19310	1
A_HP_15	67	Response	2	5048561	34748	1
A_HP_15	67	Pulse	99	5053122	39309	1
A_HP_15	68	Pulse	99	5073123	9080	1
A_HP_15	68	Picture	response124	5074438	10395	1	39835	1	10000	40000	hit	363
A_HP_15	68	Response	2	5092461	28419	1
A_HP_15	68	Pulse	99	5093122	29079	1
A_HP_15	68	Pulse	99	5113122	49080	1
A_HP_15	69	Picture	response125	5124669	10396	1	39835	1	10000	40000	hit	369
A_HP_15	69	Pulse	99	5133123	18850	1
A_HP_15	69	Pulse	99	5153123	38849	1
A_HP_15	69	Response	2	5154631	40357	1
A_HP_15	70	Pulse	99	5173122	8619	1
A_HP_15	70	Picture	response123	5175066	10563	1	39668	1	10000	40000	miss	0
A_HP_15	70	Pulse	99	5193203	28699	1
A_HP_15	70	Pulse	99	5213123	48619	1
A_HP_15	71	Picture	response127	5225130	10396	1	39835	1	10000	40000	hit	376
A_HP_15	71	Pulse	99	5233122	18388	1
A_HP_15	71	Response	2	5234210	19476	1
A_HP_15	71	Pulse	99	5253203	38468	1
A_HP_15	72	Pulse	99	5273123	8158	1
A_HP_15	72	Picture	response122	5275360	10396	1	40203	1	10000	40000	hit	381
A_HP_15	72	Pulse	99	5293123	28158	1
A_HP_15	72	Response	1	5302031	37067	1
A_HP_15	72	Pulse	99	5313203	48238	1
A_HP_15	73	Picture	ins18	5315563	230	1	30229	1	0	30000	other	0
A_HP_15	73	Pulse	99	5333122	17789	1
A_HP_15	73	Pulse	99	5353123	37790	1
A_HP_15	73	Pulse	99	5373203	57870	1
A_HP_15	73	Pulse	99	5393122	77789	1
A_HP_15	73	Pulse	99	5413123	97790	1
A_HP_15	73	Pulse	99	5433203	117870	1
A_HP_15	73	Pulse	99	5453123	137790	1
A_HP_15	73	Pulse	99	5473123	157790	1
A_HP_15	73	Pulse	99	5493203	177869	1
A_HP_15	73	Pulse	99	5513123	197790	1
A_HP_15	73	Pulse	99	5533123	217790	1
A_HP_15	73	Pulse	99	5553123	237790	1
A_HP_15	73	Pulse	99	5573123	257790	1
A_HP_15	73	Pulse	99	5593123	277790	1
A_HP_15	73	Pulse	99	5613123	297790	1
A_HP_15	74	Response	3	5633123	7559	1
A_HP_15	74	Pulse	99	5633123	7559	1
A_HP_15	75	Picture	response139	5643916	10562	1	39668	1	10000	40000	hit	403
A_HP_15	75	Pulse	99	5653123	19770	1
A_HP_15	75	Response	1	5666372	33018	1
A_HP_15	75	Pulse	99	5673123	39770	1
A_HP_15	76	Pulse	99	5693123	9539	1
A_HP_15	76	Picture	response137	5693979	10396	1	39835	1	10000	40000	hit	408
A_HP_15	76	Pulse	99	5713123	29539	1
A_HP_15	76	Response	2	5715912	32328	1
A_HP_15	76	Pulse	99	5733123	49539	1
A_HP_15	77	Picture	response138	5744210	10395	1	39835	1	10000	40000	hit	412
A_HP_15	77	Pulse	99	5753124	19310	1
A_HP_15	77	Response	1	5755512	21698	1
A_HP_15	77	Pulse	99	5773124	39309	1
A_HP_15	78	Pulse	99	5793124	9079	1
A_HP_15	78	Picture	response140	5794441	10395	1	39835	1	10000	40000	miss	0
A_HP_15	78	Pulse	99	5813124	29079	1
A_HP_15	78	Pulse	99	5833124	49079	1
A_HP_15	79	Picture	response142	5844671	10396	1	39835	1	10000	40000	hit	420
A_HP_15	79	Pulse	99	5853124	18848	1
A_HP_15	79	Response	1	5862403	28127	1
A_HP_15	79	Pulse	99	5873123	38848	1
A_HP_15	80	Pulse	99	5893123	8618	1
A_HP_15	80	Picture	response143	5895068	10562	1	39668	1	10000	40000	hit	424
A_HP_15	80	Response	1	5906492	21987	1
A_HP_15	80	Pulse	99	5913123	28617	1
A_HP_15	80	Pulse	99	5933124	48618	1
A_HP_15	81	Picture	response144	5945132	10396	1	39835	1	10000	40000	incorrect	429
A_HP_15	81	Pulse	99	5953124	18387	1
A_HP_15	81	Response	2	5972172	37436	1
A_HP_15	81	Pulse	99	5973123	38387	1
A_HP_15	82	Pulse	99	5993124	8157	1
A_HP_15	82	Picture	response141	5995363	10396	1	40201	1	10000	40000	hit	433
A_HP_15	82	Response	2	6011662	26696	1
A_HP_15	82	Pulse	99	6013123	28156	1
A_HP_15	82	Pulse	99	6033124	48157	1
A_HP_15	83	Picture	ins22	6035564	230	1	30230	1	0	30000	other	0
A_HP_15	83	Pulse	99	6053124	17790	1
A_HP_15	83	Pulse	99	6073124	37790	1
A_HP_15	83	Pulse	99	6093124	57790	1
A_HP_15	83	Pulse	99	6113124	77790	1
A_HP_15	83	Pulse	99	6133124	97790	1
A_HP_15	83	Pulse	99	6153124	117790	1
A_HP_15	83	Pulse	99	6173124	137790	1
A_HP_15	83	Pulse	99	6193124	157790	1
A_HP_15	83	Pulse	99	6213124	177790	1
A_HP_15	83	Pulse	99	6233124	197790	1
A_HP_15	83	Pulse	99	6253124	217790	1
A_HP_15	83	Pulse	99	6273124	237790	1
A_HP_15	83	Pulse	99	6293125	257791	1
A_HP_15	83	Pulse	99	6313125	277791	1
A_HP_15	83	Pulse	99	6333125	297791	1
A_HP_15	84	Response	3	6353124	7560	1
A_HP_15	84	Pulse	99	6353124	7560	1
A_HP_15	85	Picture	response175	6363917	10562	1	39668	1	10000	40000	hit	456
A_HP_15	85	Pulse	99	6373124	19770	1
A_HP_15	85	Response	2	6380983	27628	1
A_HP_15	85	Pulse	99	6393124	39770	1
A_HP_15	86	Pulse	99	6413125	9540	1
A_HP_15	86	Picture	response176	6413981	10396	1	39834	1	10000	40000	hit	460
A_HP_15	86	Response	1	6432133	28548	1
A_HP_15	86	Pulse	99	6433124	29539	1
A_HP_15	86	Pulse	99	6453125	49539	1
A_HP_15	87	Picture	response174	6464211	10396	1	39835	1	10000	40000	hit	465
A_HP_15	87	Pulse	99	6473125	19309	1
A_HP_15	87	Response	2	6475713	21898	1
A_HP_15	87	Pulse	99	6493124	39309	1
A_HP_15	88	Pulse	99	6513125	9079	1
A_HP_15	88	Picture	response170	6514441	10396	1	39835	1	10000	40000	hit	469
A_HP_15	88	Response	2	6523753	19708	1
A_HP_15	88	Pulse	99	6533124	29079	1
A_HP_15	88	Pulse	99	6553125	49079	1
A_HP_15	89	Picture	response173	6564671	10395	1	39835	1	10000	40000	hit	474
A_HP_15	89	Pulse	99	6573125	18849	1
A_HP_15	89	Response	1	6577913	23637	1
A_HP_15	89	Pulse	99	6593125	38849	1
A_HP_15	90	Pulse	99	6613125	8618	1
A_HP_15	90	Picture	response169	6615068	10562	1	39669	1	10000	40000	hit	479
A_HP_15	90	Pulse	99	6633125	28618	1
A_HP_15	90	Response	2	6636333	31826	1
A_HP_15	90	Pulse	99	6653125	48618	1
A_HP_15	91	Picture	response172	6665132	10395	1	39835	1	10000	40000	miss	0
A_HP_15	91	Pulse	99	6673125	18388	1
A_HP_15	91	Pulse	99	6693125	38388	1
A_HP_15	92	Pulse	99	6713124	8157	1
A_HP_15	92	Picture	response171	6715362	10396	1	40203	1	10000	40000	hit	487
A_HP_15	92	Pulse	99	6733125	28158	1
A_HP_15	92	Response	1	6747914	42947	1
A_HP_15	92	Pulse	99	6753125	48158	1
A_HP_15	93	Picture	ins20	6755565	230	1	30229	1	0	30000	other	0
A_HP_15	93	Pulse	99	6773125	17789	1
A_HP_15	93	Pulse	99	6793125	37790	1
A_HP_15	93	Pulse	99	6813125	57790	1
A_HP_15	93	Pulse	99	6833125	77790	1
A_HP_15	93	Pulse	99	6853125	97789	1
A_HP_15	93	Pulse	99	6873125	117790	1
A_HP_15	93	Pulse	99	6893125	137789	1
A_HP_15	93	Pulse	99	6913125	157790	1
A_HP_15	93	Pulse	99	6933125	177790	1
A_HP_15	93	Pulse	99	6953125	197789	1
A_HP_15	93	Pulse	99	6973125	217790	1
A_HP_15	93	Pulse	99	6993126	237790	1
A_HP_15	93	Pulse	99	7013125	257790	1
A_HP_15	93	Pulse	99	7033125	277790	1
A_HP_15	93	Pulse	99	7053125	297790	1
A_HP_15	94	Response	3	7073125	7559	1
A_HP_15	94	Pulse	99	7073125	7559	1
A_HP_15	95	Picture	response154	7083918	10563	1	39668	1	10000	40000	hit	509
A_HP_15	95	Pulse	99	7093125	19770	1
A_HP_15	95	Response	1	7100784	27429	1
A_HP_15	95	Pulse	99	7113126	39770	1
A_HP_15	96	Pulse	99	7133125	9540	1
A_HP_15	96	Picture	response158	7133982	10396	1	39834	1	10000	40000	hit	513
A_HP_15	96	Response	2	7146234	22648	1
A_HP_15	96	Pulse	99	7153125	29539	1
A_HP_15	96	Pulse	99	7173125	49540	1
A_HP_15	97	Picture	response157	7184211	10396	1	39835	1	10000	40000	hit	518
A_HP_15	97	Pulse	99	7193125	19310	1
A_HP_15	97	Response	2	7212474	38659	1
A_HP_15	97	Pulse	99	7213125	39309	1
A_HP_15	98	Pulse	99	7233126	9079	1
A_HP_15	98	Picture	response155	7234442	10396	1	39835	1	10000	40000	hit	522
A_HP_15	98	Response	2	7246535	22488	1
A_HP_15	98	Pulse	99	7253125	29079	1
A_HP_15	98	Pulse	99	7273126	49079	1
A_HP_15	99	Picture	response153	7284673	10396	1	39835	1	10000	40000	hit	527
A_HP_15	99	Pulse	99	7293126	18849	1
A_HP_15	99	Response	1	7309804	35527	1
A_HP_15	99	Pulse	99	7313125	38848	1
A_HP_15	100	Pulse	99	7333126	8618	1
A_HP_15	100	Picture	response156	7335070	10562	1	39668	1	10000	40000	hit	532
A_HP_15	100	Pulse	99	7353126	28618	1
A_HP_15	100	Response	2	7358524	34016	1
A_HP_15	100	Pulse	99	7373125	48617	1
A_HP_15	101	Picture	response160	7385134	10396	1	39835	1	10000	40000	hit	536
A_HP_15	101	Pulse	99	7393126	18388	1
A_HP_15	101	Response	2	7397814	23076	1
A_HP_15	101	Pulse	99	7413126	38388	1
A_HP_15	102	Pulse	99	7433126	8157	1
A_HP_15	102	Picture	response159	7435364	10396	1	40202	1	10000	40000	hit	541
A_HP_15	102	Pulse	99	7453126	28157	1
A_HP_15	102	Response	2	7462094	37126	1
A_HP_15	102	Pulse	99	7473125	48157	1
A_HP_15	103	Picture	ins6	7475566	230	1	30229	1	0	30000	other	0
A_HP_15	103	Pulse	99	7493126	17789	1
A_HP_15	103	Pulse	99	7513126	37790	1
A_HP_15	103	Pulse	99	7533126	57789	1
A_HP_15	103	Pulse	99	7553126	77789	1
A_HP_15	103	Pulse	99	7573126	97790	1
A_HP_15	103	Pulse	99	7593126	117790	1
A_HP_15	103	Pulse	99	7613126	137790	1
A_HP_15	103	Pulse	99	7633126	157790	1
A_HP_15	103	Pulse	99	7653126	177789	1
A_HP_15	103	Pulse	99	7673126	197790	1
A_HP_15	103	Pulse	99	7693126	217790	1
A_HP_15	103	Pulse	99	7713126	237790	1
A_HP_15	103	Pulse	99	7733126	257790	1
A_HP_15	103	Pulse	99	7753127	277790	1
A_HP_15	103	Pulse	99	7773126	297790	1
A_HP_15	104	Response	3	7793126	7559	1
A_HP_15	104	Pulse	99	7793126	7559	1
A_HP_15	105	Picture	response45	7803919	10562	1	39668	1	10000	40000	hit	562
A_HP_15	105	Response	1	7812525	19168	1
A_HP_15	105	Pulse	99	7813126	19769	1
A_HP_15	105	Pulse	99	7833126	39770	1
A_HP_15	106	Pulse	99	7853126	9540	1
A_HP_15	106	Picture	response47	7853982	10396	1	39835	1	10000	40000	hit	567
A_HP_15	106	Response	1	7859615	16028	1
A_HP_15	106	Pulse	99	7873126	29539	1
A_HP_15	106	Pulse	99	7893126	49540	1
A_HP_15	107	Picture	response42	7904213	10395	1	39835	1	10000	40000	hit	571
A_HP_15	107	Response	1	7910415	16598	1
A_HP_15	107	Pulse	99	7913126	19308	1
A_HP_15	107	Pulse	99	7933127	39309	1
A_HP_15	108	Pulse	99	7953127	9079	1
A_HP_15	108	Picture	response43	7954444	10396	1	39835	1	10000	40000	hit	576
A_HP_15	108	Response	1	7960575	16527	1
A_HP_15	108	Pulse	99	7973126	29078	1
A_HP_15	108	Pulse	99	7993127	49079	1
A_HP_15	109	Picture	response41	8004674	10396	1	39835	1	10000	40000	hit	580
A_HP_15	109	Response	2	8011345	17067	1
A_HP_15	109	Pulse	99	8013126	18848	1
A_HP_15	109	Pulse	99	8033127	38848	1
A_HP_15	110	Pulse	99	8053127	8618	1
A_HP_15	110	Picture	response48	8055071	10562	1	39668	1	10000	40000	hit	585
A_HP_15	110	Response	1	8063516	19007	1
A_HP_15	110	Pulse	99	8073126	28617	1
A_HP_15	110	Pulse	99	8093127	48618	1
A_HP_15	111	Picture	response44	8105135	10396	1	39835	1	10000	40000	hit	590
A_HP_15	111	Pulse	99	8113127	18388	1
A_HP_15	111	Response	2	8113385	18646	1
A_HP_15	111	Pulse	99	8133127	38388	1
A_HP_15	112	Pulse	99	8153127	8157	1
A_HP_15	112	Picture	response46	8155365	10396	1	40202	1	10000	40000	hit	594
A_HP_15	112	Response	2	8162456	17486	1
A_HP_15	112	Pulse	99	8173127	28157	1
A_HP_15	112	Pulse	99	8193127	48157	1
A_HP_15	113	Picture	ins14	8195567	230	1	30229	1	0	30000	other	0
A_HP_15	113	Pulse	99	8213127	17790	1
A_HP_15	113	Pulse	99	8233127	37790	1
A_HP_15	113	Pulse	99	8253127	57790	1
A_HP_15	113	Pulse	99	8273127	77790	1
A_HP_15	113	Pulse	99	8293127	97790	1
A_HP_15	113	Pulse	99	8313127	117790	1
A_HP_15	113	Pulse	99	8333127	137790	1
A_HP_15	113	Pulse	99	8353127	157790	1
A_HP_15	113	Pulse	99	8373127	177790	1
A_HP_15	113	Pulse	99	8393127	197790	1
A_HP_15	113	Pulse	99	8413127	217790	1
A_HP_15	113	Pulse	99	8433127	237790	1
A_HP_15	113	Pulse	99	8453127	257790	1
A_HP_15	113	Pulse	99	8473127	277790	1
A_HP_15	113	Pulse	99	8493127	297790	1
A_HP_15	114	Response	3	8513127	7560	1
A_HP_15	114	Pulse	99	8513127	7560	1
A_HP_15	115	Picture	response111	8523920	10562	1	39668	1	10000	40000	hit	617
A_HP_15	115	Pulse	99	8533128	19770	1
A_HP_15	115	Response	1	8543356	29998	1
A_HP_15	115	Pulse	99	8553127	39769	1
A_HP_15	116	Pulse	99	8573127	9539	1
A_HP_15	116	Picture	response106	8573984	10396	1	39834	1	10000	40000	hit	622
A_HP_15	116	Pulse	99	8593127	29539	1
A_HP_15	116	Response	1	8593536	29948	1
A_HP_15	116	Pulse	99	8613128	49540	1
A_HP_15	117	Picture	response110	8624213	10395	1	39836	1	10000	40000	hit	625
A_HP_15	117	Response	2	8632296	18478	1
A_HP_15	117	Pulse	99	8633127	19309	1
A_HP_15	117	Pulse	99	8653128	39309	1
A_HP_15	118	Pulse	99	8673128	9079	1
A_HP_15	118	Picture	response112	8674445	10396	1	39835	1	10000	40000	hit	630
A_HP_15	118	Response	2	8692487	28437	1
A_HP_15	118	Pulse	99	8693127	29078	1
A_HP_15	118	Pulse	99	8713128	49079	1
A_HP_15	119	Picture	response108	8724675	10396	1	39835	1	10000	40000	hit	636
A_HP_15	119	Pulse	99	8733128	18848	1
A_HP_15	119	Pulse	99	8753128	38848	1
A_HP_15	119	Response	2	8755146	40866	1
A_HP_15	120	Pulse	99	8773128	8618	1
A_HP_15	120	Picture	response109	8775072	10562	1	39668	1	10000	40000	hit	639
A_HP_15	120	Response	1	8790427	25917	1
A_HP_15	120	Pulse	99	8793127	28617	1
A_HP_15	120	Pulse	99	8813128	48618	1
A_HP_15	121	Picture	response107	8825136	10396	1	39835	1	10000	40000	hit	644
A_HP_15	121	Pulse	99	8833128	18388	1
A_HP_15	121	Response	1	8844377	29636	1
A_HP_15	121	Pulse	99	8853128	38387	1
A_HP_15	122	Pulse	99	8873128	8157	1
A_HP_15	122	Picture	response105	8875367	10396	1	39835	1	10000	40000	hit	649
A_HP_15	122	Pulse	99	8893128	28157	1
A_HP_15	122	Response	2	8895426	30455	1
A_HP_15	122	Pulse	99	8913128	48157	1
A_HP_15	123	Picture	thanks	8915202	0	1	10229	1	0	10000	other	0
A_HP_15	123	Pulse	99	8933128	17926	1


Event Type	Code	Type	Response	RT	RT Uncertainty	Time	Uncertainty	Duration	Uncertainty	ReqTime	ReqDur

Picture	ready	other				213427	1	10229	1	0	10000
Picture	ins10	other				273917	1	30230	1	0	30000
Picture	response80	hit	2	22882	2	603822	1	39834	1	10000	40000
Picture	response77	hit	2	29895	2	654219	1	39668	1	10000	40000
Picture	response79	hit	1	26732	2	704283	1	39835	1	10000	40000
Picture	response75	hit	2	15982	2	754514	1	39835	1	10000	40000
Picture	response73	hit	2	15903	2	804911	1	39668	1	10000	40000
Picture	response76	miss				854974	1	39836	1	10000	40000
Picture	response74	hit	1	23880	2	905206	1	39835	1	10000	40000
Picture	response78	hit	1	27739	2	955436	1	40223	1	10000	40000
Picture	ins4	other				995659	1	30229	1	0	30000
Picture	response25	hit	2	6473	2	1323823	1	39835	1	10000	40000
Picture	response31	hit	1	7226	2	1374220	1	39668	1	10000	40000
Picture	response27	hit	1	6633	2	1424283	1	39835	1	10000	40000
Picture	response29	hit	1	8772	2	1474514	1	39835	1	10000	40000
Picture	response26	hit	2	6515	2	1524911	1	39668	1	10000	40000
Picture	response32	hit	2	6801	2	1574975	1	39835	1	10000	40000
Picture	response30	hit	1	4091	2	1625205	1	39835	1	10000	40000
Picture	response28	hit	1	5560	2	1675436	1	40223	1	10000	40000
Picture	ins8	other				1715659	1	30229	1	0	30000
Picture	response62	hit	2	15973	2	2043824	1	39835	1	10000	40000
Picture	response64	incorrect	1	32576	2	2094221	1	39668	1	10000	40000
Picture	response57	hit	1	9512	2	2144284	1	39835	1	10000	40000
Picture	response63	hit	1	10022	2	2194515	1	39834	1	10000	40000
Picture	response59	hit	1	16825	2	2244912	1	39668	1	10000	40000
Picture	response58	hit	1	15781	2	2294976	1	39835	1	10000	40000
Picture	response60	hit	2	12470	2	2345206	1	39835	1	10000	40000
Picture	response61	hit	2	19359	2	2395437	1	40222	1	10000	40000
Picture	ins12	other				2435659	1	30229	1	0	30000
Picture	response91	hit	2	25426	2	2763912	1	39668	1	10000	40000
Picture	response92	hit	1	11292	2	2813976	1	39835	1	10000	40000
Picture	response93	hit	1	21832	2	2864206	1	39836	1	10000	40000
Picture	response94	hit	2	14131	2	2914437	1	39835	1	10000	40000
Picture	response96	hit	2	18320	2	2964668	1	39835	1	10000	40000
Picture	response90	hit	1	17944	2	3015065	1	39668	1	10000	40000
Picture	response95	hit	1	25059	2	3065129	1	39835	1	10000	40000
Picture	response89	hit	2	26748	2	3115360	1	40200	1	10000	40000
Picture	ins2	other				3155560	1	30230	1	0	30000
Picture	response10	hit	1	17223	2	3483826	1	39835	1	10000	40000
Picture	response13	hit	2	9546	2	3534223	1	39668	1	10000	40000
Picture	response12	hit	1	14242	2	3584287	1	39835	1	10000	40000
Picture	response14	hit	1	17662	2	3634517	1	39835	1	10000	40000
Picture	response9	hit	1	17515	2	3684914	1	39669	1	10000	40000
Picture	response16	hit	2	15530	2	3734979	1	39835	1	10000	40000
Picture	response15	hit	2	20030	2	3785209	1	39835	1	10000	40000
Picture	response11	hit	2	17929	2	3835440	1	40221	1	10000	40000
Picture	ins24	other				3875661	1	30229	1	0	30000
Picture	response190	hit	1	16902	2	4203827	1	39835	1	10000	40000
Picture	response192	hit	1	23325	2	4254224	1	39669	1	10000	40000
Picture	response185	hit	1	16752	2	4304288	1	39835	1	10000	40000
Picture	response187	hit	2	21481	2	4354519	1	39835	1	10000	40000
Picture	response186	hit	2	19294	2	4404916	1	39668	1	10000	40000
Picture	response189	hit	1	15471	2	4454979	1	39835	1	10000	40000
Picture	response188	hit	2	24040	2	4505210	1	39835	1	10000	40000
Picture	response191	hit	1	22349	2	4555440	1	40221	1	10000	40000
Picture	ins16	other				4595662	1	30229	1	0	30000
Picture	response121	hit	1	9376	2	4923914	1	39668	1	10000	40000
Picture	response126	hit	2	19882	2	4973978	1	39835	1	10000	40000
Picture	response128	hit	2	24353	2	5024208	1	39835	1	10000	40000
Picture	response124	hit	2	18023	2	5074438	1	39835	1	10000	40000
Picture	response125	hit	2	29962	2	5124669	1	39835	1	10000	40000
Picture	response123	miss				5175066	1	39668	1	10000	40000
Picture	response127	hit	2	9080	2	5225130	1	39835	1	10000	40000
Picture	response122	hit	1	26671	2	5275360	1	40203	1	10000	40000
Picture	ins18	other				5315563	1	30229	1	0	30000
Picture	response139	hit	1	22456	2	5643916	1	39668	1	10000	40000
Picture	response137	hit	2	21933	2	5693979	1	39835	1	10000	40000
Picture	response138	hit	1	11303	2	5744210	1	39835	1	10000	40000
Picture	response140	miss				5794441	1	39835	1	10000	40000
Picture	response142	hit	1	17732	2	5844671	1	39835	1	10000	40000
Picture	response143	hit	1	11424	2	5895068	1	39668	1	10000	40000
Picture	response144	incorrect	2	27040	2	5945132	1	39835	1	10000	40000
Picture	response141	hit	2	16300	2	5995363	1	40201	1	10000	40000
Picture	ins22	other				6035564	1	30230	1	0	30000
Picture	response175	hit	2	17065	2	6363917	1	39668	1	10000	40000
Picture	response176	hit	1	18152	2	6413981	1	39834	1	10000	40000
Picture	response174	hit	2	11502	2	6464211	1	39835	1	10000	40000
Picture	response170	hit	2	9312	2	6514441	1	39835	1	10000	40000
Picture	response173	hit	1	13242	2	6564671	1	39835	1	10000	40000
Picture	response169	hit	2	21265	2	6615068	1	39669	1	10000	40000
Picture	response172	miss				6665132	1	39835	1	10000	40000
Picture	response171	hit	1	32551	2	6715362	1	40203	1	10000	40000
Picture	ins20	other				6755565	1	30229	1	0	30000
Picture	response154	hit	1	16866	2	7083918	1	39668	1	10000	40000
Picture	response158	hit	2	12253	2	7133982	1	39834	1	10000	40000
Picture	response157	hit	2	28263	2	7184211	1	39835	1	10000	40000
Picture	response155	hit	2	12092	2	7234442	1	39835	1	10000	40000
Picture	response153	hit	1	25132	2	7284673	1	39835	1	10000	40000
Picture	response156	hit	2	23454	2	7335070	1	39668	1	10000	40000
Picture	response160	hit	2	12680	2	7385134	1	39835	1	10000	40000
Picture	response159	hit	2	26730	2	7435364	1	40202	1	10000	40000
Picture	ins6	other				7475566	1	30229	1	0	30000
Picture	response45	hit	1	8606	2	7803919	1	39668	1	10000	40000
Picture	response47	hit	1	5633	2	7853982	1	39835	1	10000	40000
Picture	response42	hit	1	6203	2	7904213	1	39835	1	10000	40000
Picture	response43	hit	1	6132	2	7954444	1	39835	1	10000	40000
Picture	response41	hit	2	6671	2	8004674	1	39835	1	10000	40000
Picture	response48	hit	1	8444	2	8055071	1	39668	1	10000	40000
Picture	response44	hit	2	8250	2	8105135	1	39835	1	10000	40000
Picture	response46	hit	2	7091	2	8155365	1	40202	1	10000	40000
Picture	ins14	other				8195567	1	30229	1	0	30000
Picture	response111	hit	1	19436	2	8523920	1	39668	1	10000	40000
Picture	response106	hit	1	19552	2	8573984	1	39834	1	10000	40000
Picture	response110	hit	2	8083	2	8624213	1	39836	1	10000	40000
Picture	response112	hit	2	18042	2	8674445	1	39835	1	10000	40000
Picture	response108	hit	2	30470	2	8724675	1	39835	1	10000	40000
Picture	response109	hit	1	15354	2	8775072	1	39668	1	10000	40000
Picture	response107	hit	1	19240	2	8825136	1	39835	1	10000	40000
Picture	response105	hit	2	20059	2	8875367	1	39835	1	10000	40000
Picture	thanks	other				8915202	1	10229	1	0	10000


{
   "app": "Presentation Version 21.0 Build 06.06.19",
   "device": "LENOVO 20KHCTO1WW",
   "experiment": "{A2FC4E2A-B401-4E65-9CA9-5B09E294C871}",
   "os": "Windows 10 64 bit",
   "package": "",
   "parameters": {
      "configuration": "Default configuration"
   },
   "scenario": "Dimension experiment(2).sce",
   "subject": "A_HP_15",
   "timestamp": "2019/09/27 02:58:40 GMT"
}
