Scenario - 
Logfile written - 12/05/2019 15:13:30

Subject	Trial	Event Type	Code	Time	TTime	Uncertainty	Duration	Uncertainty	ReqTime	ReqDur	Stim Type	Pair Index

A_HP_37	1	Response	3	132667	131835	1
A_HP_37	1	Pulse	99	132667	131835	1
A_HP_37	2	Picture	ready	132899	0	1	10229	1	0	10000	other	0
A_HP_37	2	Pulse	99	152667	19768	1
A_HP_37	2	Pulse	99	172667	39768	1
A_HP_37	2	Pulse	99	192667	59768	1
A_HP_37	3	Picture	ins8	193459	232	1	30230	1	0	30000	other	0
A_HP_37	3	Pulse	99	212667	19441	1
A_HP_37	3	Pulse	99	232667	39441	1
A_HP_37	3	Pulse	99	252667	59441	1
A_HP_37	3	Pulse	99	272667	79440	1
A_HP_37	3	Pulse	99	292667	99440	1
A_HP_37	3	Pulse	99	312667	119440	1
A_HP_37	3	Pulse	99	332667	139440	1
A_HP_37	3	Pulse	99	352667	159440	1
A_HP_37	3	Pulse	99	372667	179441	1
A_HP_37	3	Pulse	99	392667	199441	1
A_HP_37	3	Pulse	99	412667	219440	1
A_HP_37	3	Pulse	99	432667	239440	1
A_HP_37	3	Pulse	99	452667	259440	1
A_HP_37	3	Pulse	99	472667	279440	1
A_HP_37	3	Pulse	99	492667	299440	1
A_HP_37	4	Response	3	512667	9210	1
A_HP_37	4	Pulse	99	512667	9210	1
A_HP_37	5	Picture	response61	523293	10396	1	39834	1	10000	40000	hit	27
A_HP_37	5	Pulse	99	532667	19769	1
A_HP_37	5	Response	2	549496	36598	1
A_HP_37	5	Pulse	99	552666	39768	1
A_HP_37	6	Pulse	99	572667	9539	1
A_HP_37	6	Picture	response64	573523	10395	1	39835	1	10000	40000	hit	32
A_HP_37	6	Pulse	99	592667	29539	1
A_HP_37	6	Response	2	598385	35258	1
A_HP_37	6	Pulse	99	612667	49539	1
A_HP_37	7	Picture	response60	623921	10562	1	39668	1	10000	40000	hit	36
A_HP_37	7	Pulse	99	632667	19309	1
A_HP_37	7	Response	2	636865	23507	1
A_HP_37	7	Pulse	99	652667	39309	1
A_HP_37	8	Pulse	99	672667	9079	1
A_HP_37	8	Picture	response63	673984	10396	1	39835	1	10000	40000	hit	41
A_HP_37	8	Pulse	99	692667	29079	1
A_HP_37	8	Response	1	711356	47767	1
A_HP_37	8	Pulse	99	712667	49078	1
A_HP_37	9	Picture	response57	724215	10396	1	39835	1	10000	40000	hit	46
A_HP_37	9	Pulse	99	732667	18848	1
A_HP_37	9	Pulse	99	752667	38848	1
A_HP_37	9	Response	1	760746	46927	1
A_HP_37	10	Pulse	99	772667	8617	1
A_HP_37	10	Picture	response59	774445	10396	1	39835	1	10000	40000	hit	50
A_HP_37	10	Pulse	99	792667	28617	1
A_HP_37	10	Response	1	793165	29115	1
A_HP_37	10	Pulse	99	812667	48618	1
A_HP_37	11	Picture	response58	824675	10396	1	39835	1	10000	40000	hit	54
A_HP_37	11	Pulse	99	832667	18387	1
A_HP_37	11	Response	1	837135	22855	1
A_HP_37	11	Pulse	99	852667	38387	1
A_HP_37	12	Pulse	99	872667	8157	1
A_HP_37	12	Picture	response62	875072	10562	1	40086	1	10000	40000	hit	58
A_HP_37	12	Response	2	891716	27205	1
A_HP_37	12	Pulse	99	892586	28076	1
A_HP_37	12	Pulse	99	912667	48157	1
A_HP_37	13	Picture	ins2	915158	231	1	30229	1	0	30000	other	0
A_HP_37	13	Pulse	99	932667	17741	1
A_HP_37	13	Pulse	99	952587	37660	1
A_HP_37	13	Pulse	99	972667	57740	1
A_HP_37	13	Pulse	99	992667	77740	1
A_HP_37	13	Pulse	99	1012587	97660	1
A_HP_37	13	Pulse	99	1032667	117740	1
A_HP_37	13	Pulse	99	1052667	137740	1
A_HP_37	13	Pulse	99	1072587	157660	1
A_HP_37	13	Pulse	99	1092667	177740	1
A_HP_37	13	Pulse	99	1112667	197740	1
A_HP_37	13	Pulse	99	1132587	217660	1
A_HP_37	13	Pulse	99	1152667	237740	1
A_HP_37	13	Pulse	99	1172667	257740	1
A_HP_37	13	Pulse	99	1192587	277661	1
A_HP_37	13	Pulse	99	1212666	297740	1
A_HP_37	14	Response	3	1232667	7510	1
A_HP_37	14	Pulse	99	1232667	7510	1
A_HP_37	15	Picture	response12	1243293	10396	1	39835	1	10000	40000	hit	81
A_HP_37	15	Pulse	99	1252587	19689	1
A_HP_37	15	Response	1	1256925	24027	1
A_HP_37	15	Pulse	99	1272667	39769	1
A_HP_37	16	Pulse	99	1292667	9539	1
A_HP_37	16	Picture	response9	1293524	10396	1	39835	1	10000	40000	hit	85
A_HP_37	16	Response	1	1309507	26379	1
A_HP_37	16	Pulse	99	1312586	29459	1
A_HP_37	16	Pulse	99	1332667	49539	1
A_HP_37	17	Picture	response11	1343920	10562	1	39668	1	10000	40000	hit	90
A_HP_37	17	Pulse	99	1352667	19309	1
A_HP_37	17	Response	2	1362255	28897	1
A_HP_37	17	Pulse	99	1372667	39308	1
A_HP_37	18	Pulse	99	1392667	9078	1
A_HP_37	18	Picture	response10	1393984	10396	1	39835	1	10000	40000	hit	94
A_HP_37	18	Response	1	1404396	20807	1
A_HP_37	18	Pulse	99	1412667	29078	1
A_HP_37	18	Pulse	99	1432667	49078	1
A_HP_37	19	Picture	response14	1444215	10396	1	39835	1	10000	40000	hit	99
A_HP_37	19	Pulse	99	1452667	18848	1
A_HP_37	19	Response	1	1467606	33787	1
A_HP_37	19	Pulse	99	1472666	38847	1
A_HP_37	20	Pulse	99	1492668	8618	1
A_HP_37	20	Picture	response15	1494445	10395	1	39835	1	10000	40000	hit	104
A_HP_37	20	Pulse	99	1512667	28618	1
A_HP_37	20	Response	2	1517256	33206	1
A_HP_37	20	Pulse	99	1532667	48618	1
A_HP_37	21	Picture	response16	1544675	10396	1	39835	1	10000	40000	hit	108
A_HP_37	21	Pulse	99	1552667	18387	1
A_HP_37	21	Response	2	1567355	33076	1
A_HP_37	21	Pulse	99	1572666	38386	1
A_HP_37	22	Pulse	99	1592667	8156	1
A_HP_37	22	Picture	response13	1595073	10562	1	40085	1	10000	40000	hit	113
A_HP_37	22	Pulse	99	1612667	28156	1
A_HP_37	22	Response	2	1629799	45289	1
A_HP_37	22	Pulse	99	1632586	48075	1
A_HP_37	23	Picture	ins6	1635158	232	1	30229	1	0	30000	other	0
A_HP_37	23	Pulse	99	1652667	17741	1
A_HP_37	23	Pulse	99	1672667	37741	1
A_HP_37	23	Pulse	99	1692587	57661	1
A_HP_37	23	Pulse	99	1712667	77741	1
A_HP_37	23	Pulse	99	1732667	97741	1
A_HP_37	23	Pulse	99	1752587	117661	1
A_HP_37	23	Pulse	99	1772666	137741	1
A_HP_37	23	Pulse	99	1792667	157741	1
A_HP_37	23	Pulse	99	1812586	177661	1
A_HP_37	23	Pulse	99	1832667	197741	1
A_HP_37	23	Pulse	99	1852666	217741	1
A_HP_37	23	Pulse	99	1872587	237661	1
A_HP_37	23	Pulse	99	1892666	257740	1
A_HP_37	23	Pulse	99	1912666	277741	1
A_HP_37	23	Pulse	99	1932586	297660	1
A_HP_37	24	Response	3	1952667	7510	1
A_HP_37	24	Pulse	99	1952667	7510	1
A_HP_37	25	Picture	response42	1963293	10396	1	39835	1	10000	40000	hit	135
A_HP_37	25	Pulse	99	1972667	19769	1
A_HP_37	25	Response	1	1974684	21787	1
A_HP_37	25	Pulse	99	1992586	39689	1
A_HP_37	26	Pulse	99	2012667	9539	1
A_HP_37	26	Picture	response46	2013523	10396	1	39835	1	10000	40000	hit	139
A_HP_37	26	Response	2	2025835	22707	1
A_HP_37	26	Pulse	99	2032666	29539	1
A_HP_37	26	Pulse	99	2052586	49459	1
A_HP_37	27	Picture	response45	2063920	10562	1	39668	1	10000	40000	hit	143
A_HP_37	27	Response	1	2072615	19257	1
A_HP_37	27	Pulse	99	2072666	19308	1
A_HP_37	27	Pulse	99	2092666	39308	1
A_HP_37	28	Pulse	99	2112586	8998	1
A_HP_37	28	Picture	response48	2113984	10396	1	39835	1	10000	40000	hit	149
A_HP_37	28	Pulse	99	2132666	29078	1
A_HP_37	28	Response	1	2145465	41876	1
A_HP_37	28	Pulse	99	2152666	49078	1
A_HP_37	29	Picture	response41	2164215	10396	1	39835	1	10000	40000	hit	154
A_HP_37	29	Pulse	99	2172586	18767	1
A_HP_37	29	Pulse	99	2192667	38847	1
A_HP_37	29	Response	2	2193204	39385	1
A_HP_37	30	Pulse	99	2212667	8617	1
A_HP_37	30	Picture	response44	2214445	10396	1	39835	1	10000	40000	hit	157
A_HP_37	30	Response	2	2229685	25636	1
A_HP_37	30	Pulse	99	2232586	28536	1
A_HP_37	30	Pulse	99	2252666	48617	1
A_HP_37	31	Picture	response47	2264675	10396	1	39835	1	10000	40000	hit	162
A_HP_37	31	Pulse	99	2272666	18387	1
A_HP_37	31	Response	1	2279426	25146	1
A_HP_37	31	Pulse	99	2292586	38307	1
A_HP_37	32	Pulse	99	2312586	8076	1
A_HP_37	32	Picture	response43	2315072	10562	1	40083	1	10000	40000	hit	166
A_HP_37	32	Response	1	2328165	23655	1
A_HP_37	32	Pulse	99	2332666	28156	1
A_HP_37	32	Pulse	99	2352587	48077	1
A_HP_37	33	Picture	ins20	2355155	230	1	30229	1	0	30000	other	0
A_HP_37	33	Pulse	99	2372586	17661	1
A_HP_37	33	Pulse	99	2392666	37741	1
A_HP_37	33	Pulse	99	2412586	57661	1
A_HP_37	33	Pulse	99	2432586	77661	1
A_HP_37	33	Pulse	99	2452666	97741	1
A_HP_37	33	Pulse	99	2472586	117661	1
A_HP_37	33	Pulse	99	2492586	137661	1
A_HP_37	33	Pulse	99	2512666	157741	1
A_HP_37	33	Pulse	99	2532586	177661	1
A_HP_37	33	Pulse	99	2552586	197661	1
A_HP_37	33	Pulse	99	2572666	217741	1
A_HP_37	33	Pulse	99	2592666	237741	1
A_HP_37	33	Pulse	99	2612586	257661	1
A_HP_37	33	Pulse	99	2632666	277741	1
A_HP_37	33	Pulse	99	2652666	297741	1
A_HP_37	34	Response	3	2672586	7430	1
A_HP_37	34	Pulse	99	2672586	7430	1
A_HP_37	35	Picture	response153	2683212	10396	1	39835	1	10000	40000	hit	189
A_HP_37	35	Pulse	99	2692666	19850	1
A_HP_37	35	Response	1	2705275	32458	1
A_HP_37	35	Pulse	99	2712666	39850	1
A_HP_37	36	Pulse	99	2732586	9539	1
A_HP_37	36	Picture	response160	2733443	10396	1	39835	1	10000	40000	hit	194
A_HP_37	36	Pulse	99	2752666	29619	1
A_HP_37	36	Response	2	2762274	39227	1
A_HP_37	36	Pulse	99	2772666	49619	1
A_HP_37	37	Picture	response154	2783673	10396	1	39834	1	10000	40000	hit	199
A_HP_37	37	Pulse	99	2792586	19308	1
A_HP_37	37	Pulse	99	2812666	39389	1
A_HP_37	37	Response	1	2817655	44377	1
A_HP_37	38	Pulse	99	2832666	9159	1
A_HP_37	38	Picture	response156	2833903	10396	1	39835	1	10000	40000	incorrect	203
A_HP_37	38	Pulse	99	2852586	29079	1
A_HP_37	38	Response	1	2859795	36288	1
A_HP_37	38	Pulse	99	2872666	49159	1
A_HP_37	39	Picture	response159	2884133	10396	1	39835	1	10000	40000	hit	208
A_HP_37	39	Pulse	99	2892666	18928	1
A_HP_37	39	Pulse	99	2912586	38848	1
A_HP_37	39	Response	2	2913804	40066	1
A_HP_37	40	Pulse	99	2932666	8698	1
A_HP_37	40	Picture	response158	2934363	10396	1	39835	1	10000	40000	hit	212
A_HP_37	40	Pulse	99	2952666	28698	1
A_HP_37	40	Response	2	2959665	35697	1
A_HP_37	40	Pulse	99	2972586	48618	1
A_HP_37	41	Picture	response157	2984760	10562	1	39668	1	10000	40000	hit	216
A_HP_37	41	Pulse	99	2992666	18468	1
A_HP_37	41	Response	2	3004745	30547	1
A_HP_37	41	Pulse	99	3012666	38468	1
A_HP_37	42	Pulse	99	3032586	8157	1
A_HP_37	42	Picture	response155	3034824	10396	1	40231	1	10000	40000	hit	221
A_HP_37	42	Pulse	99	3052586	28157	1
A_HP_37	42	Response	2	3056444	32015	1
A_HP_37	42	Pulse	99	3072666	48237	1
A_HP_37	43	Picture	ins22	3075056	230	1	30229	1	0	30000	other	0
A_HP_37	43	Pulse	99	3092586	17760	1
A_HP_37	43	Pulse	99	3112586	37760	1
A_HP_37	43	Pulse	99	3132666	57840	1
A_HP_37	43	Pulse	99	3152586	77760	1
A_HP_37	43	Pulse	99	3172586	97760	1
A_HP_37	43	Pulse	99	3192666	117840	1
A_HP_37	43	Pulse	99	3212586	137760	1
A_HP_37	43	Pulse	99	3232586	157760	1
A_HP_37	43	Pulse	99	3252666	177841	1
A_HP_37	43	Pulse	99	3272586	197760	1
A_HP_37	43	Pulse	99	3292586	217760	1
A_HP_37	43	Pulse	99	3312666	237841	1
A_HP_37	43	Pulse	99	3332586	257760	1
A_HP_37	43	Pulse	99	3352586	277761	1
A_HP_37	43	Pulse	99	3372666	297840	1
A_HP_37	44	Response	3	3392586	7530	1
A_HP_37	44	Pulse	99	3392586	7530	1
A_HP_37	45	Picture	response176	3403211	10395	1	39835	1	10000	40000	hit	244
A_HP_37	45	Pulse	99	3412586	19770	1
A_HP_37	45	Pulse	99	3432666	39850	1
A_HP_37	45	Response	1	3432874	40058	1
A_HP_37	46	Pulse	99	3452586	9540	1
A_HP_37	46	Picture	response172	3453442	10396	1	39835	1	10000	40000	hit	248
A_HP_37	46	Pulse	99	3472586	29540	1
A_HP_37	46	Response	2	3483484	40438	1
A_HP_37	46	Pulse	99	3492666	49620	1
A_HP_37	47	Picture	response171	3503673	10396	1	39835	1	10000	40000	hit	253
A_HP_37	47	Pulse	99	3512585	19309	1
A_HP_37	47	Pulse	99	3532586	39309	1
A_HP_37	47	Response	1	3533264	39987	1
A_HP_37	48	Pulse	99	3552666	9158	1
A_HP_37	48	Picture	response175	3553903	10396	1	39835	1	10000	40000	hit	257
A_HP_37	48	Pulse	99	3572586	29078	1
A_HP_37	48	Response	2	3578714	35207	1
A_HP_37	48	Pulse	99	3592586	49078	1
A_HP_37	49	Picture	response170	3604134	10396	1	39835	1	10000	40000	hit	262
A_HP_37	49	Pulse	99	3612666	18928	1
A_HP_37	49	Pulse	99	3632586	38848	1
A_HP_37	49	Response	2	3634104	40366	1
A_HP_37	50	Pulse	99	3652586	8617	1
A_HP_37	50	Picture	response174	3654364	10395	1	39835	1	10000	40000	hit	266
A_HP_37	50	Pulse	99	3672666	28697	1
A_HP_37	50	Response	2	3682444	38476	1
A_HP_37	50	Pulse	99	3692585	48617	1
A_HP_37	51	Picture	response169	3704761	10562	1	39668	1	10000	40000	hit	271
A_HP_37	51	Pulse	99	3712586	18387	1
A_HP_37	51	Pulse	99	3732666	38467	1
A_HP_37	51	Response	2	3735424	41225	1
A_HP_37	52	Pulse	99	3752586	8157	1
A_HP_37	52	Picture	response173	3754825	10396	1	40230	1	10000	40000	hit	275
A_HP_37	52	Pulse	99	3772585	28156	1
A_HP_37	52	Response	1	3774513	30084	1
A_HP_37	52	Pulse	99	3792585	48156	1
A_HP_37	53	Picture	ins14	3795055	230	1	30229	1	0	30000	other	0
A_HP_37	53	Pulse	99	3812586	17761	1
A_HP_37	53	Pulse	99	3832586	37761	1
A_HP_37	53	Pulse	99	3852586	57761	1
A_HP_37	53	Pulse	99	3872666	77841	1
A_HP_37	53	Pulse	99	3892586	97760	1
A_HP_37	53	Pulse	99	3912585	117760	1
A_HP_37	53	Pulse	99	3932666	137840	1
A_HP_37	53	Pulse	99	3952586	157761	1
A_HP_37	53	Pulse	99	3972586	177761	1
A_HP_37	53	Pulse	99	3992666	197841	1
A_HP_37	53	Pulse	99	4012585	217760	1
A_HP_37	53	Pulse	99	4032586	237761	1
A_HP_37	53	Pulse	99	4052665	257840	1
A_HP_37	53	Pulse	99	4072585	277760	1
A_HP_37	53	Pulse	99	4092585	297760	1
A_HP_37	54	Response	3	4112666	7610	1
A_HP_37	54	Pulse	99	4112666	7610	1
A_HP_37	55	Picture	response112	4123291	10395	1	39835	1	10000	40000	hit	297
A_HP_37	55	Pulse	99	4132585	19689	1
A_HP_37	55	Response	2	4150644	37749	1
A_HP_37	55	Pulse	99	4152585	39689	1
A_HP_37	56	Pulse	99	4172666	9540	1
A_HP_37	56	Picture	response105	4173521	10395	1	39835	1	10000	40000	hit	302
A_HP_37	56	Pulse	99	4192585	29459	1
A_HP_37	56	Response	2	4196004	32878	1
A_HP_37	56	Pulse	99	4212585	49460	1
A_HP_37	57	Picture	response111	4223918	10562	1	39668	1	10000	40000	hit	307
A_HP_37	57	Pulse	99	4232665	19309	1
A_HP_37	57	Pulse	99	4252585	39229	1
A_HP_37	57	Response	1	4254733	41377	1
A_HP_37	58	Pulse	99	4272586	8999	1
A_HP_37	58	Picture	response106	4273982	10395	1	39835	1	10000	40000	hit	312
A_HP_37	58	Pulse	99	4292665	29079	1
A_HP_37	58	Pulse	99	4312586	48999	1
A_HP_37	58	Response	1	4313473	49887	1
A_HP_37	59	Picture	response107	4324212	10395	1	39837	1	10000	40000	hit	316
A_HP_37	59	Pulse	99	4332585	18768	1
A_HP_37	59	Pulse	99	4352665	38848	1
A_HP_37	59	Response	1	4361285	47468	1
A_HP_37	60	Pulse	99	4372585	8536	1
A_HP_37	60	Picture	response108	4374447	10398	1	39833	1	10000	40000	hit	320
A_HP_37	60	Pulse	99	4392585	28536	1
A_HP_37	60	Response	2	4407484	43435	1
A_HP_37	60	Pulse	99	4412665	48616	1
A_HP_37	61	Picture	response110	4424675	10395	1	39835	1	10000	40000	miss	0
A_HP_37	61	Pulse	99	4432585	18306	1
A_HP_37	61	Pulse	99	4452585	38306	1
A_HP_37	62	Pulse	99	4472665	8156	1
A_HP_37	62	Picture	response109	4475072	10562	1	40082	1	10000	40000	hit	328
A_HP_37	62	Pulse	99	4492585	28076	1
A_HP_37	62	Response	1	4498124	33614	1
A_HP_37	62	Pulse	99	4512585	48076	1
A_HP_37	63	Picture	ins24	4515154	230	1	30229	1	0	30000	other	0
A_HP_37	63	Pulse	99	4532585	17661	1
A_HP_37	63	Pulse	99	4552585	37661	1
A_HP_37	63	Pulse	99	4572585	57661	1
A_HP_37	63	Pulse	99	4592585	77661	1
A_HP_37	63	Pulse	99	4612585	97661	1
A_HP_37	63	Pulse	99	4632585	117661	1
A_HP_37	63	Pulse	99	4652585	137661	1
A_HP_37	63	Pulse	99	4672585	157661	1
A_HP_37	63	Pulse	99	4692585	177661	1
A_HP_37	63	Pulse	99	4712585	197661	1
A_HP_37	63	Pulse	99	4732585	217661	1
A_HP_37	63	Pulse	99	4752585	237661	1
A_HP_37	63	Pulse	99	4772585	257661	1
A_HP_37	63	Pulse	99	4792585	277661	1
A_HP_37	63	Pulse	99	4812585	297661	1
A_HP_37	64	Response	3	4832585	7431	1
A_HP_37	64	Pulse	99	4832585	7431	1
A_HP_37	65	Picture	response190	4843211	10396	1	39835	1	10000	40000	hit	350
A_HP_37	65	Pulse	99	4852585	19770	1
A_HP_37	65	Response	1	4866913	34098	1
A_HP_37	65	Pulse	99	4872585	39770	1
A_HP_37	66	Pulse	99	4892585	9539	1
A_HP_37	66	Picture	response189	4893441	10395	1	39835	1	10000	40000	hit	355
A_HP_37	66	Pulse	99	4912585	29539	1
A_HP_37	66	Response	1	4913443	30397	1
A_HP_37	66	Pulse	99	4932585	49540	1
A_HP_37	67	Picture	response186	4943671	10396	1	39835	1	10000	40000	hit	359
A_HP_37	67	Pulse	99	4952585	19309	1
A_HP_37	67	Response	2	4963314	30038	1
A_HP_37	67	Pulse	99	4972585	39309	1
A_HP_37	68	Pulse	99	4992585	9079	1
A_HP_37	68	Picture	response185	4993901	10395	1	39835	1	10000	40000	hit	364
A_HP_37	68	Pulse	99	5012585	29079	1
A_HP_37	68	Response	1	5030144	46638	1
A_HP_37	68	Pulse	99	5032584	49078	1
A_HP_37	69	Picture	response191	5044132	10395	1	39835	1	10000	40000	hit	369
A_HP_37	69	Pulse	99	5052585	18849	1
A_HP_37	69	Pulse	99	5072585	38849	1
A_HP_37	69	Response	1	5072793	39057	1
A_HP_37	70	Pulse	99	5092585	8619	1
A_HP_37	70	Picture	response192	5094362	10396	1	39835	1	10000	40000	hit	373
A_HP_37	70	Pulse	99	5112585	28618	1
A_HP_37	70	Response	1	5124754	40787	1
A_HP_37	70	Pulse	99	5132585	48618	1
A_HP_37	71	Picture	response188	5144759	10562	1	39668	1	10000	40000	hit	377
A_HP_37	71	Pulse	99	5152585	18388	1
A_HP_37	71	Response	2	5163043	28847	1
A_HP_37	71	Pulse	99	5172585	38388	1
A_HP_37	72	Pulse	99	5192585	8158	1
A_HP_37	72	Picture	response187	5194822	10395	1	40231	1	10000	40000	hit	382
A_HP_37	72	Pulse	99	5212665	28238	1
A_HP_37	72	Response	2	5220114	35687	1
A_HP_37	72	Pulse	99	5232585	48158	1
A_HP_37	73	Picture	ins10	5235053	230	1	30229	1	0	30000	other	0
A_HP_37	73	Pulse	99	5252585	17761	1
A_HP_37	73	Pulse	99	5272585	37761	1
A_HP_37	73	Pulse	99	5292585	57761	1
A_HP_37	73	Pulse	99	5312585	77761	1
A_HP_37	73	Pulse	99	5332585	97761	1
A_HP_37	73	Pulse	99	5352585	117761	1
A_HP_37	73	Pulse	99	5372585	137761	1
A_HP_37	73	Pulse	99	5392585	157761	1
A_HP_37	73	Pulse	99	5412585	177761	1
A_HP_37	73	Pulse	99	5432585	197761	1
A_HP_37	73	Pulse	99	5452585	217761	1
A_HP_37	73	Pulse	99	5472585	237761	1
A_HP_37	73	Pulse	99	5492585	257761	1
A_HP_37	73	Pulse	99	5512585	277761	1
A_HP_37	73	Pulse	99	5532585	297761	1
A_HP_37	74	Response	3	5552585	7531	1
A_HP_37	74	Pulse	99	5552585	7531	1
A_HP_37	75	Picture	response77	5563210	10396	1	39835	1	10000	40000	hit	404
A_HP_37	75	Pulse	99	5572585	19770	1
A_HP_37	75	Response	2	5585153	32339	1
A_HP_37	75	Pulse	99	5592585	39770	1
A_HP_37	76	Pulse	99	5612585	9540	1
A_HP_37	76	Picture	response78	5613441	10396	1	39835	1	10000	40000	hit	409
A_HP_37	76	Pulse	99	5632585	29540	1
A_HP_37	76	Response	1	5636083	33038	1
A_HP_37	76	Pulse	99	5652585	49540	1
A_HP_37	77	Picture	response76	5663671	10395	1	39835	1	10000	40000	hit	413
A_HP_37	77	Pulse	99	5672585	19309	1
A_HP_37	77	Response	1	5677413	24137	1
A_HP_37	77	Pulse	99	5692585	39309	1
A_HP_37	78	Pulse	99	5712585	9079	1
A_HP_37	78	Picture	response75	5713901	10395	1	39835	1	10000	40000	hit	418
A_HP_37	78	Pulse	99	5732585	29079	1
A_HP_37	78	Response	2	5734403	30897	1
A_HP_37	78	Pulse	99	5752585	49079	1
A_HP_37	79	Picture	response74	5764131	10395	1	39835	1	10000	40000	hit	422
A_HP_37	79	Pulse	99	5772585	18849	1
A_HP_37	79	Response	1	5784813	31077	1
A_HP_37	79	Pulse	99	5792585	38849	1
A_HP_37	80	Pulse	99	5812585	8619	1
A_HP_37	80	Picture	response73	5814361	10395	1	39835	1	10000	40000	hit	427
A_HP_37	80	Pulse	99	5832585	28619	1
A_HP_37	80	Response	2	5838713	34747	1
A_HP_37	80	Pulse	99	5852585	48618	1
A_HP_37	81	Picture	response80	5864759	10562	1	39669	1	10000	40000	hit	431
A_HP_37	81	Pulse	99	5872585	18388	1
A_HP_37	81	Response	2	5885213	31017	1
A_HP_37	81	Pulse	99	5892584	38388	1
A_HP_37	82	Pulse	99	5912585	8158	1
A_HP_37	82	Picture	response79	5914822	10395	1	40231	1	10000	40000	hit	435
A_HP_37	82	Response	1	5924683	20256	1
A_HP_37	82	Pulse	99	5932584	28157	1
A_HP_37	82	Pulse	99	5952584	48157	1
A_HP_37	83	Picture	ins16	5955054	230	1	30229	1	0	30000	other	0
A_HP_37	83	Pulse	99	5972584	17761	1
A_HP_37	83	Pulse	99	5992584	37761	1
A_HP_37	83	Pulse	99	6012584	57761	1
A_HP_37	83	Pulse	99	6032584	77761	1
A_HP_37	83	Pulse	99	6052584	97761	1
A_HP_37	83	Pulse	99	6072584	117761	1
A_HP_37	83	Pulse	99	6092584	137761	1
A_HP_37	83	Pulse	99	6112584	157761	1
A_HP_37	83	Pulse	99	6132584	177761	1
A_HP_37	83	Pulse	99	6152584	197761	1
A_HP_37	83	Pulse	99	6172584	217761	1
A_HP_37	83	Pulse	99	6192584	237761	1
A_HP_37	83	Pulse	99	6212585	257761	1
A_HP_37	83	Pulse	99	6232585	277761	1
A_HP_37	83	Pulse	99	6252584	297761	1
A_HP_37	84	Response	3	6272584	7531	1
A_HP_37	84	Pulse	99	6272584	7531	1
A_HP_37	85	Picture	response122	6283210	10396	1	39835	1	10000	40000	hit	458
A_HP_37	85	Pulse	99	6292584	19770	1
A_HP_37	85	Response	1	6308183	35369	1
A_HP_37	85	Pulse	99	6312584	39770	1
A_HP_37	86	Pulse	99	6332585	9540	1
A_HP_37	86	Picture	response126	6333440	10396	1	39835	1	10000	40000	hit	462
A_HP_37	86	Response	2	6344813	21769	1
A_HP_37	86	Pulse	99	6352584	29540	1
A_HP_37	86	Pulse	99	6372584	49540	1
A_HP_37	87	Picture	response127	6383670	10395	1	39835	1	10000	40000	hit	468
A_HP_37	87	Pulse	99	6392584	19309	1
A_HP_37	87	Pulse	99	6412584	39310	1
A_HP_37	87	Response	2	6415462	42188	1
A_HP_37	88	Pulse	99	6432584	9079	1
A_HP_37	88	Picture	response125	6433901	10395	1	39835	1	10000	40000	hit	472
A_HP_37	88	Pulse	99	6452584	29079	1
A_HP_37	88	Response	2	6468573	45068	1
A_HP_37	88	Pulse	99	6472584	49079	1
A_HP_37	89	Picture	response124	6484131	10395	1	39835	1	10000	40000	hit	477
A_HP_37	89	Pulse	99	6492584	18849	1
A_HP_37	89	Pulse	99	6512584	38849	1
A_HP_37	89	Response	2	6519033	45297	1
A_HP_37	90	Pulse	99	6532584	8618	1
A_HP_37	90	Picture	response123	6534361	10395	1	39835	1	10000	40000	hit	481
A_HP_37	90	Pulse	99	6552584	28618	1
A_HP_37	90	Response	2	6572123	48157	1
A_HP_37	90	Pulse	99	6572584	48618	1
A_HP_37	91	Picture	response128	6584758	10562	1	39668	1	10000	40000	hit	485
A_HP_37	91	Pulse	99	6592584	18388	1
A_HP_37	91	Response	2	6612583	38387	1
A_HP_37	91	Pulse	99	6612583	38387	1
A_HP_37	92	Pulse	99	6632584	8158	1
A_HP_37	92	Picture	response121	6634822	10395	1	40231	1	10000	40000	hit	490
A_HP_37	92	Pulse	99	6652584	28158	1
A_HP_37	92	Response	1	6662553	38126	1
A_HP_37	92	Pulse	99	6672584	48157	1
A_HP_37	93	Picture	ins12	6675053	230	1	30229	1	0	30000	other	0
A_HP_37	93	Pulse	99	6692584	17761	1
A_HP_37	93	Pulse	99	6712584	37761	1
A_HP_37	93	Pulse	99	6732584	57761	1
A_HP_37	93	Pulse	99	6752584	77761	1
A_HP_37	93	Pulse	99	6772584	97761	1
A_HP_37	93	Pulse	99	6792585	117762	1
A_HP_37	93	Pulse	99	6812584	137761	1
A_HP_37	93	Pulse	99	6832584	157761	1
A_HP_37	93	Pulse	99	6852584	177761	1
A_HP_37	93	Pulse	99	6872584	197761	1
A_HP_37	93	Pulse	99	6892584	217761	1
A_HP_37	93	Pulse	99	6912584	237761	1
A_HP_37	93	Pulse	99	6932584	257761	1
A_HP_37	93	Pulse	99	6952584	277761	1
A_HP_37	93	Pulse	99	6972584	297761	1
A_HP_37	94	Response	3	6992584	7531	1
A_HP_37	94	Pulse	99	6992584	7531	1
A_HP_37	95	Picture	response93	7003210	10395	1	39835	1	10000	40000	hit	512
A_HP_37	95	Pulse	99	7012584	19770	1
A_HP_37	95	Response	1	7027633	34819	1
A_HP_37	95	Pulse	99	7032584	39769	1
A_HP_37	96	Pulse	99	7052584	9540	1
A_HP_37	96	Picture	response95	7053439	10395	1	39835	1	10000	40000	hit	517
A_HP_37	96	Pulse	99	7072584	29540	1
A_HP_37	96	Response	1	7078393	35348	1
A_HP_37	96	Pulse	99	7092584	49540	1
A_HP_37	97	Picture	response92	7103670	10395	1	39835	1	10000	40000	hit	521
A_HP_37	97	Pulse	99	7112584	19310	1
A_HP_37	97	Response	1	7127613	34339	1
A_HP_37	97	Pulse	99	7132584	39309	1
A_HP_37	98	Pulse	99	7152584	9080	1
A_HP_37	98	Picture	response90	7153899	10395	1	39835	1	10000	40000	miss	0
A_HP_37	98	Pulse	99	7172584	29080	1
A_HP_37	98	Pulse	99	7192584	49080	1
A_HP_37	99	Picture	response91	7204130	10395	1	39835	1	10000	40000	hit	530
A_HP_37	99	Pulse	99	7212584	18850	1
A_HP_37	99	Pulse	99	7232584	38850	1
A_HP_37	99	Response	2	7243013	49279	1
A_HP_37	100	Pulse	99	7252584	8619	1
A_HP_37	100	Picture	response89	7254360	10395	1	39835	1	10000	40000	hit	534
A_HP_37	100	Pulse	99	7272584	28620	1
A_HP_37	100	Response	2	7276692	32728	1
A_HP_37	100	Pulse	99	7292584	48620	1
A_HP_37	101	Picture	response96	7304756	10562	1	39668	1	10000	40000	hit	539
A_HP_37	101	Pulse	99	7312584	18389	1
A_HP_37	101	Pulse	99	7332584	38389	1
A_HP_37	101	Response	2	7339373	45178	1
A_HP_37	102	Pulse	99	7352584	8159	1
A_HP_37	102	Picture	response94	7354820	10395	1	40233	1	10000	40000	hit	543
A_HP_37	102	Pulse	99	7372584	28159	1
A_HP_37	102	Response	2	7376762	32338	1
A_HP_37	102	Pulse	99	7392584	48159	1
A_HP_37	103	Picture	ins18	7395053	230	1	30230	1	0	30000	other	0
A_HP_37	103	Pulse	99	7412584	17761	1
A_HP_37	103	Pulse	99	7432584	37761	1
A_HP_37	103	Pulse	99	7452584	57761	1
A_HP_37	103	Pulse	99	7472584	77761	1
A_HP_37	103	Pulse	99	7492584	97761	1
A_HP_37	103	Pulse	99	7512584	117761	1
A_HP_37	103	Pulse	99	7532584	137761	1
A_HP_37	103	Pulse	99	7552584	157761	1
A_HP_37	103	Pulse	99	7572584	177761	1
A_HP_37	103	Pulse	99	7592584	197761	1
A_HP_37	103	Pulse	99	7612584	217761	1
A_HP_37	103	Pulse	99	7632584	237761	1
A_HP_37	103	Pulse	99	7652584	257761	1
A_HP_37	103	Pulse	99	7672584	277761	1
A_HP_37	103	Pulse	99	7692584	297760	1
A_HP_37	104	Response	3	7712584	7530	1
A_HP_37	104	Pulse	99	7712584	7530	1
A_HP_37	105	Picture	response141	7723209	10395	1	39835	1	10000	40000	hit	565
A_HP_37	105	Pulse	99	7732584	19770	1
A_HP_37	105	Response	2	7745392	32579	1
A_HP_37	105	Pulse	99	7752583	39770	1
A_HP_37	106	Pulse	99	7772584	9540	1
A_HP_37	106	Picture	response142	7773440	10396	1	39835	1	10000	40000	hit	570
A_HP_37	106	Pulse	99	7792584	29539	1
A_HP_37	106	Response	1	7801272	38228	1
A_HP_37	106	Pulse	99	7812583	49539	1
A_HP_37	107	Picture	response138	7823670	10396	1	39835	1	10000	40000	hit	575
A_HP_37	107	Pulse	99	7832583	19309	1
A_HP_37	107	Pulse	99	7852583	39309	1
A_HP_37	107	Response	1	7855671	42397	1
A_HP_37	108	Pulse	99	7872584	9078	1
A_HP_37	108	Picture	response144	7873901	10396	1	39835	1	10000	40000	hit	579
A_HP_37	108	Pulse	99	7892583	29078	1
A_HP_37	108	Response	1	7907812	44307	1
A_HP_37	108	Pulse	99	7912583	49078	1
A_HP_37	109	Picture	response140	7924131	10396	1	39835	1	10000	40000	incorrect	584
A_HP_37	109	Pulse	99	7932584	18848	1
A_HP_37	109	Pulse	99	7952583	38848	1
A_HP_37	109	Response	2	7957332	43596	1
A_HP_37	110	Pulse	99	7972583	8618	1
A_HP_37	110	Picture	response139	7974362	10396	1	39835	1	10000	40000	incorrect	588
A_HP_37	110	Pulse	99	7992584	28618	1
A_HP_37	110	Response	2	8010272	46306	1
A_HP_37	110	Pulse	99	8012583	48617	1
A_HP_37	111	Picture	response137	8024758	10562	1	39669	1	10000	40000	miss	0
A_HP_37	111	Pulse	99	8032583	18387	1
A_HP_37	111	Pulse	99	8052583	38387	1
A_HP_37	112	Pulse	99	8072583	8156	1
A_HP_37	112	Picture	response143	8074823	10396	1	40230	1	10000	40000	hit	596
A_HP_37	112	Pulse	99	8092584	28156	1
A_HP_37	112	Response	1	8103752	39325	1
A_HP_37	112	Pulse	99	8112583	48156	1
A_HP_37	113	Picture	ins4	8115053	230	1	30229	1	0	30000	other	0
A_HP_37	113	Pulse	99	8132583	17761	1
A_HP_37	113	Pulse	99	8152583	37761	1
A_HP_37	113	Pulse	99	8172584	57761	1
A_HP_37	113	Pulse	99	8192583	77761	1
A_HP_37	113	Pulse	99	8212583	97761	1
A_HP_37	113	Pulse	99	8232584	117761	1
A_HP_37	113	Pulse	99	8252583	137760	1
A_HP_37	113	Pulse	99	8272583	157761	1
A_HP_37	113	Pulse	99	8292583	177761	1
A_HP_37	113	Pulse	99	8312584	197761	1
A_HP_37	113	Pulse	99	8332583	217761	1
A_HP_37	113	Pulse	99	8352583	237761	1
A_HP_37	113	Pulse	99	8372583	257761	1
A_HP_37	113	Pulse	99	8392583	277761	1
A_HP_37	113	Pulse	99	8412583	297761	1
A_HP_37	114	Response	3	8432583	7530	1
A_HP_37	114	Pulse	99	8432583	7530	1
A_HP_37	115	Picture	response26	8443209	10396	1	39835	1	10000	40000	hit	618
A_HP_37	115	Pulse	99	8452583	19770	1
A_HP_37	115	Response	2	8472512	39699	1
A_HP_37	115	Pulse	99	8472582	39769	1
A_HP_37	116	Pulse	99	8492583	9540	1
A_HP_37	116	Picture	response30	8493439	10396	1	39835	1	10000	40000	hit	622
A_HP_37	116	Response	1	8502402	19358	1
A_HP_37	116	Pulse	99	8512583	29539	1
A_HP_37	116	Pulse	99	8532583	49539	1
A_HP_37	117	Picture	response32	8543669	10395	1	39835	1	10000	40000	hit	628
A_HP_37	117	Pulse	99	8552583	19309	1
A_HP_37	117	Pulse	99	8572583	39309	1
A_HP_37	117	Response	2	8573811	40537	1
A_HP_37	118	Pulse	99	8592583	9079	1
A_HP_37	118	Picture	response25	8593900	10395	1	39835	1	10000	40000	hit	631
A_HP_37	118	Response	2	8601482	17978	1
A_HP_37	118	Pulse	99	8612583	29078	1
A_HP_37	118	Pulse	99	8632583	49079	1
A_HP_37	119	Picture	response31	8644130	10395	1	39835	1	10000	40000	hit	635
A_HP_37	119	Response	1	8652042	18308	1
A_HP_37	119	Pulse	99	8652583	18848	1
A_HP_37	119	Pulse	99	8672583	38849	1
A_HP_37	120	Pulse	99	8692583	8619	1
A_HP_37	120	Picture	response28	8694360	10395	1	39835	1	10000	40000	hit	640
A_HP_37	120	Response	1	8704472	20507	1
A_HP_37	120	Pulse	99	8712583	28618	1
A_HP_37	120	Pulse	99	8732583	48618	1
A_HP_37	121	Picture	response29	8744757	10562	1	39668	1	10000	40000	hit	645
A_HP_37	121	Pulse	99	8752583	18388	1
A_HP_37	121	Response	1	8755041	20846	1
A_HP_37	121	Pulse	99	8772583	38387	1
A_HP_37	122	Pulse	99	8792583	8158	1
A_HP_37	122	Picture	response27	8794821	10396	1	39835	1	10000	40000	hit	649
A_HP_37	122	Response	1	8809832	25406	1
A_HP_37	122	Pulse	99	8812582	28157	1
A_HP_37	122	Pulse	99	8832583	48158	1
A_HP_37	123	Picture	thanks	8834656	0	1	10229	1	0	10000	other	0
A_HP_37	123	Pulse	99	8852583	17927	1


Event Type	Code	Type	Response	RT	RT Uncertainty	Time	Uncertainty	Duration	Uncertainty	ReqTime	ReqDur

Picture	ready	other				132899	1	10229	1	0	10000
Picture	ins8	other				193459	1	30230	1	0	30000
Picture	response61	hit	2	26202	2	523293	1	39834	1	10000	40000
Picture	response64	hit	2	24862	2	573523	1	39835	1	10000	40000
Picture	response60	hit	2	12945	2	623921	1	39668	1	10000	40000
Picture	response63	hit	1	37372	2	673984	1	39835	1	10000	40000
Picture	response57	hit	1	36531	2	724215	1	39835	1	10000	40000
Picture	response59	hit	1	18720	2	774445	1	39835	1	10000	40000
Picture	response58	hit	1	12460	2	824675	1	39835	1	10000	40000
Picture	response62	hit	2	16643	2	875072	1	40086	1	10000	40000
Picture	ins2	other				915158	1	30229	1	0	30000
Picture	response12	hit	1	13632	2	1243293	1	39835	1	10000	40000
Picture	response9	hit	1	15983	2	1293524	1	39835	1	10000	40000
Picture	response11	hit	2	18335	2	1343920	1	39668	1	10000	40000
Picture	response10	hit	1	10412	2	1393984	1	39835	1	10000	40000
Picture	response14	hit	1	23391	2	1444215	1	39835	1	10000	40000
Picture	response15	hit	2	22811	2	1494445	1	39835	1	10000	40000
Picture	response16	hit	2	22680	2	1544675	1	39835	1	10000	40000
Picture	response13	hit	2	34726	2	1595073	1	40085	1	10000	40000
Picture	ins6	other				1635158	1	30229	1	0	30000
Picture	response42	hit	1	11392	2	1963293	1	39835	1	10000	40000
Picture	response46	hit	2	12312	2	2013523	1	39835	1	10000	40000
Picture	response45	hit	1	8694	2	2063920	1	39668	1	10000	40000
Picture	response48	hit	1	31481	2	2113984	1	39835	1	10000	40000
Picture	response41	hit	2	28990	2	2164215	1	39835	1	10000	40000
Picture	response44	hit	2	15240	2	2214445	1	39835	1	10000	40000
Picture	response47	hit	1	14750	2	2264675	1	39835	1	10000	40000
Picture	response43	hit	1	13093	2	2315072	1	40083	1	10000	40000
Picture	ins20	other				2355155	1	30229	1	0	30000
Picture	response153	hit	1	22063	2	2683212	1	39835	1	10000	40000
Picture	response160	hit	2	28832	2	2733443	1	39835	1	10000	40000
Picture	response154	hit	1	33982	2	2783673	1	39834	1	10000	40000
Picture	response156	incorrect	1	25892	2	2833903	1	39835	1	10000	40000
Picture	response159	hit	2	29671	2	2884133	1	39835	1	10000	40000
Picture	response158	hit	2	25301	2	2934363	1	39835	1	10000	40000
Picture	response157	hit	2	19984	2	2984760	1	39668	1	10000	40000
Picture	response155	hit	2	21620	2	3034824	1	40231	1	10000	40000
Picture	ins22	other				3075056	1	30229	1	0	30000
Picture	response176	hit	1	29663	2	3403211	1	39835	1	10000	40000
Picture	response172	hit	2	30042	2	3453442	1	39835	1	10000	40000
Picture	response171	hit	1	29591	2	3503673	1	39835	1	10000	40000
Picture	response175	hit	2	24811	2	3553903	1	39835	1	10000	40000
Picture	response170	hit	2	29970	2	3604134	1	39835	1	10000	40000
Picture	response174	hit	2	28080	2	3654364	1	39835	1	10000	40000
Picture	response169	hit	2	30663	2	3704761	1	39668	1	10000	40000
Picture	response173	hit	1	19689	2	3754825	1	40230	1	10000	40000
Picture	ins14	other				3795055	1	30229	1	0	30000
Picture	response112	hit	2	27353	2	4123291	1	39835	1	10000	40000
Picture	response105	hit	2	22482	2	4173521	1	39835	1	10000	40000
Picture	response111	hit	1	30815	2	4223918	1	39668	1	10000	40000
Picture	response106	hit	1	39491	2	4273982	1	39835	1	10000	40000
Picture	response107	hit	1	37072	2	4324212	1	39837	1	10000	40000
Picture	response108	hit	2	33037	2	4374447	1	39833	1	10000	40000
Picture	response110	miss				4424675	1	39835	1	10000	40000
Picture	response109	hit	1	23052	2	4475072	1	40082	1	10000	40000
Picture	ins24	other				4515154	1	30229	1	0	30000
Picture	response190	hit	1	23703	2	4843211	1	39835	1	10000	40000
Picture	response189	hit	1	20002	2	4893441	1	39835	1	10000	40000
Picture	response186	hit	2	19642	2	4943671	1	39835	1	10000	40000
Picture	response185	hit	1	36243	2	4993901	1	39835	1	10000	40000
Picture	response191	hit	1	28662	2	5044132	1	39835	1	10000	40000
Picture	response192	hit	1	30392	2	5094362	1	39835	1	10000	40000
Picture	response188	hit	2	18285	2	5144759	1	39668	1	10000	40000
Picture	response187	hit	2	25291	2	5194822	1	40231	1	10000	40000
Picture	ins10	other				5235053	1	30229	1	0	30000
Picture	response77	hit	2	21943	2	5563210	1	39835	1	10000	40000
Picture	response78	hit	1	22642	2	5613441	1	39835	1	10000	40000
Picture	response76	hit	1	13742	2	5663671	1	39835	1	10000	40000
Picture	response75	hit	2	20502	2	5713901	1	39835	1	10000	40000
Picture	response74	hit	1	20682	2	5764131	1	39835	1	10000	40000
Picture	response73	hit	2	24352	2	5814361	1	39835	1	10000	40000
Picture	response80	hit	2	20455	2	5864759	1	39669	1	10000	40000
Picture	response79	hit	1	9861	2	5914822	1	40231	1	10000	40000
Picture	ins16	other				5955054	1	30229	1	0	30000
Picture	response122	hit	1	24973	2	6283210	1	39835	1	10000	40000
Picture	response126	hit	2	11373	2	6333440	1	39835	1	10000	40000
Picture	response127	hit	2	31792	2	6383670	1	39835	1	10000	40000
Picture	response125	hit	2	34672	2	6433901	1	39835	1	10000	40000
Picture	response124	hit	2	34902	2	6484131	1	39835	1	10000	40000
Picture	response123	hit	2	37762	2	6534361	1	39835	1	10000	40000
Picture	response128	hit	2	27825	2	6584758	1	39668	1	10000	40000
Picture	response121	hit	1	27731	2	6634822	1	40231	1	10000	40000
Picture	ins12	other				6675053	1	30229	1	0	30000
Picture	response93	hit	1	24423	2	7003210	1	39835	1	10000	40000
Picture	response95	hit	1	24953	2	7053439	1	39835	1	10000	40000
Picture	response92	hit	1	23943	2	7103670	1	39835	1	10000	40000
Picture	response90	miss				7153899	1	39835	1	10000	40000
Picture	response91	hit	2	38883	2	7204130	1	39835	1	10000	40000
Picture	response89	hit	2	22333	2	7254360	1	39835	1	10000	40000
Picture	response96	hit	2	34616	2	7304756	1	39668	1	10000	40000
Picture	response94	hit	2	21942	2	7354820	1	40233	1	10000	40000
Picture	ins18	other				7395053	1	30230	1	0	30000
Picture	response141	hit	2	22183	2	7723209	1	39835	1	10000	40000
Picture	response142	hit	1	27832	2	7773440	1	39835	1	10000	40000
Picture	response138	hit	1	32001	2	7823670	1	39835	1	10000	40000
Picture	response144	hit	1	33911	2	7873901	1	39835	1	10000	40000
Picture	response140	incorrect	2	33201	2	7924131	1	39835	1	10000	40000
Picture	response139	incorrect	2	35911	2	7974362	1	39835	1	10000	40000
Picture	response137	miss				8024758	1	39669	1	10000	40000
Picture	response143	hit	1	28929	2	8074823	1	40230	1	10000	40000
Picture	ins4	other				8115053	1	30229	1	0	30000
Picture	response26	hit	2	29303	2	8443209	1	39835	1	10000	40000
Picture	response30	hit	1	8963	2	8493439	1	39835	1	10000	40000
Picture	response32	hit	2	30142	2	8543669	1	39835	1	10000	40000
Picture	response25	hit	2	7582	2	8593900	1	39835	1	10000	40000
Picture	response31	hit	1	7912	2	8644130	1	39835	1	10000	40000
Picture	response28	hit	1	10112	2	8694360	1	39835	1	10000	40000
Picture	response29	hit	1	10284	2	8744757	1	39668	1	10000	40000
Picture	response27	hit	1	15011	2	8794821	1	39835	1	10000	40000
Picture	thanks	other				8834656	1	10229	1	0	10000


{
   "app": "Presentation Version 21.0 Build 06.06.19",
   "device": "LENOVO 20KHCTO1WW",
   "experiment": "{A2FC4E2A-B401-4E65-9CA9-5B09E294C871}",
   "os": "Windows 10 64 bit",
   "package": "",
   "parameters": {
      "configuration": "Default configuration"
   },
   "scenario": "Dimension experiment(2).sce",
   "subject": "A_HP_37",
   "timestamp": "2019/12/05 05:58:34 GMT"
}
