Scenario - 
Logfile written - 08/30/2019 11:02:11

Subject	Trial	Event Type	Code	Time	TTime	Uncertainty	Duration	Uncertainty	ReqTime	ReqDur	Stim Type	Pair Index

A_HP_08	1	Response	3	655502	654502	1
A_HP_08	1	Pulse	99	655502	654502	1
A_HP_08	2	Picture	ready	655734	0	1	10229	1	0	10000	other	0
A_HP_08	2	Pulse	99	675502	19767	1
A_HP_08	2	Pulse	99	695582	39848	1
A_HP_08	2	Pulse	99	715501	59767	1
A_HP_08	3	Picture	ins19	716343	233	1	30229	1	0	30000	other	0
A_HP_08	3	Pulse	99	735501	19391	1
A_HP_08	3	Pulse	99	755581	39471	1
A_HP_08	3	Pulse	99	775501	59391	1
A_HP_08	3	Pulse	99	795501	79391	1
A_HP_08	3	Pulse	99	815581	99471	1
A_HP_08	3	Pulse	99	835581	119471	1
A_HP_08	3	Pulse	99	855501	139391	1
A_HP_08	3	Pulse	99	875581	159472	1
A_HP_08	3	Pulse	99	895581	179471	1
A_HP_08	3	Pulse	99	915502	199392	1
A_HP_08	3	Pulse	99	935501	219391	1
A_HP_08	3	Pulse	99	955581	239471	1
A_HP_08	3	Pulse	99	975501	259391	1
A_HP_08	3	Pulse	99	995502	279392	1
A_HP_08	3	Pulse	99	1015581	299471	1
A_HP_08	4	Response	3	1035501	9161	1
A_HP_08	4	Pulse	99	1035501	9161	1
A_HP_08	5	Picture	response151	1036141	230	1	40229	1	0	40000	hit	27
A_HP_08	5	Pulse	99	1055502	19591	1
A_HP_08	5	Response	1	1060850	24939	1
A_HP_08	5	Pulse	99	1075581	39670	1
A_HP_08	6	Picture	response152	1086432	121	1	40229	1	0	40000	hit	31
A_HP_08	6	Pulse	99	1095502	9192	1
A_HP_08	6	Response	1	1100879	14569	1
A_HP_08	6	Pulse	99	1115501	29191	1
A_HP_08	6	Pulse	99	1135581	49271	1
A_HP_08	7	Picture	response149	1136889	180	1	40229	1	0	40000	hit	36
A_HP_08	7	Pulse	99	1155581	18872	1
A_HP_08	7	Response	2	1159089	22380	1
A_HP_08	7	Pulse	99	1175501	38792	1
A_HP_08	8	Picture	response145	1187347	238	1	40229	1	0	40000	hit	40
A_HP_08	8	Pulse	99	1195501	8391	1
A_HP_08	8	Response	2	1202819	15709	1
A_HP_08	8	Pulse	99	1215580	28471	1
A_HP_08	8	Pulse	99	1235501	48391	1
A_HP_08	9	Picture	response148	1237805	295	1	40229	1	0	40000	hit	44
A_HP_08	9	Response	1	1247730	10220	1
A_HP_08	9	Pulse	99	1255501	17991	1
A_HP_08	9	Pulse	99	1275581	38071	1
A_HP_08	10	Picture	response146	1288097	187	1	40229	1	0	40000	hit	50
A_HP_08	10	Pulse	99	1295501	7591	1
A_HP_08	10	Pulse	99	1315501	27591	1
A_HP_08	10	Response	1	1318059	30149	1
A_HP_08	10	Pulse	99	1335581	47671	1
A_HP_08	11	Picture	response150	1338388	78	1	40229	1	0	40000	hit	53
A_HP_08	11	Response	2	1346540	8230	1
A_HP_08	11	Pulse	99	1355501	17191	1
A_HP_08	11	Pulse	99	1375501	37191	1
A_HP_08	12	Picture	response147	1389013	303	1	40230	1	0	40000	hit	58
A_HP_08	12	Pulse	99	1395580	6870	1
A_HP_08	12	Response	2	1406549	17839	1
A_HP_08	12	Pulse	99	1415501	26791	1
A_HP_08	12	Pulse	99	1435501	46791	1
A_HP_08	13	Picture	ins1	1439305	195	1	30229	1	0	30000	other	0
A_HP_08	13	Pulse	99	1455581	16471	1
A_HP_08	13	Pulse	99	1475501	36391	1
A_HP_08	13	Pulse	99	1495501	56391	1
A_HP_08	13	Pulse	99	1515501	76391	1
A_HP_08	13	Pulse	99	1535581	96471	1
A_HP_08	13	Pulse	99	1555501	116391	1
A_HP_08	13	Pulse	99	1575501	136391	1
A_HP_08	13	Pulse	99	1595581	156471	1
A_HP_08	13	Pulse	99	1615501	176391	1
A_HP_08	13	Pulse	99	1635501	196391	1
A_HP_08	13	Pulse	99	1655581	216471	1
A_HP_08	13	Pulse	99	1675501	236391	1
A_HP_08	13	Pulse	99	1695501	256391	1
A_HP_08	13	Pulse	99	1715580	276470	1
A_HP_08	13	Pulse	99	1735501	296391	1
A_HP_08	14	Response	3	1755501	6160	1
A_HP_08	14	Pulse	99	1755501	6160	1
A_HP_08	15	Picture	response1	1756140	230	1	40230	1	0	40000	hit	80
A_HP_08	15	Response	2	1762739	6830	1
A_HP_08	15	Pulse	99	1775580	19671	1
A_HP_08	15	Pulse	99	1795501	39591	1
A_HP_08	16	Picture	response2	1806432	122	1	40229	1	0	40000	hit	84
A_HP_08	16	Response	2	1811119	4810	1
A_HP_08	16	Pulse	99	1815500	9190	1
A_HP_08	16	Pulse	99	1835501	29191	1
A_HP_08	16	Pulse	99	1855581	49272	1
A_HP_08	17	Picture	response8	1856890	180	1	40230	1	0	40000	hit	89
A_HP_08	17	Response	2	1861980	5270	1
A_HP_08	17	Pulse	99	1875501	18791	1
A_HP_08	17	Pulse	99	1895501	38791	1
A_HP_08	18	Picture	response6	1907348	239	1	40229	1	0	40000	hit	93
A_HP_08	18	Response	1	1913969	6860	1
A_HP_08	18	Pulse	99	1915580	8471	1
A_HP_08	18	Pulse	99	1935501	28391	1
A_HP_08	18	Pulse	99	1955501	48391	1
A_HP_08	19	Picture	response4	1957806	297	1	40230	1	0	40000	hit	98
A_HP_08	19	Response	2	1963789	6280	1
A_HP_08	19	Pulse	99	1975581	18071	1
A_HP_08	19	Pulse	99	1995501	37991	1
A_HP_08	20	Picture	response3	2008098	188	1	40229	1	0	40000	hit	103
A_HP_08	20	Pulse	99	2015501	7591	1
A_HP_08	20	Response	1	2016308	8399	1
A_HP_08	20	Pulse	99	2035583	27673	1
A_HP_08	20	Pulse	99	2055501	47591	1
A_HP_08	21	Picture	response5	2058390	80	1	40228	1	0	40000	hit	107
A_HP_08	21	Response	2	2072879	14570	1
A_HP_08	21	Pulse	99	2075500	17190	1
A_HP_08	21	Pulse	99	2095500	37191	1
A_HP_08	22	Picture	response7	2109013	304	1	40229	1	0	40000	hit	112
A_HP_08	22	Pulse	99	2115501	6791	1
A_HP_08	22	Response	1	2120048	11339	1
A_HP_08	22	Pulse	99	2135500	26791	1
A_HP_08	22	Pulse	99	2155500	46791	1
A_HP_08	23	Picture	ins3	2159305	196	1	30229	1	0	30000	other	0
A_HP_08	23	Pulse	99	2175500	16391	1
A_HP_08	23	Pulse	99	2195501	36391	1
A_HP_08	23	Pulse	99	2215500	56391	1
A_HP_08	23	Pulse	99	2235580	76471	1
A_HP_08	23	Pulse	99	2255500	96391	1
A_HP_08	23	Pulse	99	2275500	116391	1
A_HP_08	23	Pulse	99	2295580	136471	1
A_HP_08	23	Pulse	99	2315500	156391	1
A_HP_08	23	Pulse	99	2335500	176391	1
A_HP_08	23	Pulse	99	2355580	196471	1
A_HP_08	23	Pulse	99	2375500	216391	1
A_HP_08	23	Pulse	99	2395500	236391	1
A_HP_08	23	Pulse	99	2415500	256391	1
A_HP_08	23	Pulse	99	2435500	276391	1
A_HP_08	23	Pulse	99	2455500	296391	1
A_HP_08	24	Response	3	2475500	6161	1
A_HP_08	24	Pulse	99	2475500	6161	1
A_HP_08	25	Picture	response23	2476139	230	1	40229	1	0	40000	hit	134
A_HP_08	25	Response	1	2487029	11120	1
A_HP_08	25	Pulse	99	2495500	19591	1
A_HP_08	25	Pulse	99	2515500	39591	1
A_HP_08	26	Picture	response24	2526431	122	1	40229	1	0	40000	hit	138
A_HP_08	26	Response	1	2531389	5080	1
A_HP_08	26	Pulse	99	2535500	9190	1
A_HP_08	26	Pulse	99	2555500	29191	1
A_HP_08	26	Pulse	99	2575500	49191	1
A_HP_08	27	Picture	response18	2576889	180	1	40229	1	0	40000	hit	143
A_HP_08	27	Response	2	2582670	5961	1
A_HP_08	27	Pulse	99	2595500	18791	1
A_HP_08	27	Pulse	99	2615580	38871	1
A_HP_08	28	Picture	response21	2627347	238	1	40229	1	0	40000	hit	148
A_HP_08	28	Pulse	99	2635500	8391	1
A_HP_08	28	Response	2	2637828	10719	1
A_HP_08	28	Pulse	99	2655500	28391	1
A_HP_08	28	Pulse	99	2675500	48391	1
A_HP_08	29	Picture	response22	2677806	296	1	40229	1	0	40000	hit	152
A_HP_08	29	Response	1	2688479	10970	1
A_HP_08	29	Pulse	99	2695499	17990	1
A_HP_08	29	Pulse	99	2715500	37991	1
A_HP_08	30	Picture	response20	2728097	188	1	40229	1	0	40000	hit	157
A_HP_08	30	Pulse	99	2735500	7591	1
A_HP_08	30	Response	1	2735768	7860	1
A_HP_08	30	Pulse	99	2755500	27591	1
A_HP_08	30	Pulse	99	2775500	47591	1
A_HP_08	31	Picture	response17	2778388	79	1	40229	1	0	40000	hit	161
A_HP_08	31	Response	1	2783619	5310	1
A_HP_08	31	Pulse	99	2795500	17191	1
A_HP_08	31	Pulse	99	2815500	37191	1
A_HP_08	32	Picture	response19	2829013	304	1	40229	1	0	40000	hit	165
A_HP_08	32	Response	2	2834839	6130	1
A_HP_08	32	Pulse	99	2835500	6791	1
A_HP_08	32	Pulse	99	2855500	26791	1
A_HP_08	32	Pulse	99	2875500	46791	1
A_HP_08	33	Picture	ins9	2879304	195	1	30229	1	0	30000	other	0
A_HP_08	33	Pulse	99	2895500	16391	1
A_HP_08	33	Pulse	99	2915500	36391	1
A_HP_08	33	Pulse	99	2935500	56391	1
A_HP_08	33	Pulse	99	2955500	76391	1
A_HP_08	33	Pulse	99	2975500	96391	1
A_HP_08	33	Pulse	99	2995500	116391	1
A_HP_08	33	Pulse	99	3015500	136391	1
A_HP_08	33	Pulse	99	3035500	156391	1
A_HP_08	33	Pulse	99	3055500	176391	1
A_HP_08	33	Pulse	99	3075500	196391	1
A_HP_08	33	Pulse	99	3095500	216391	1
A_HP_08	33	Pulse	99	3115500	236391	1
A_HP_08	33	Pulse	99	3135500	256391	1
A_HP_08	33	Pulse	99	3155500	276391	1
A_HP_08	33	Pulse	99	3175500	296391	1
A_HP_08	34	Response	3	3195500	6161	1
A_HP_08	34	Pulse	99	3195500	6161	1
A_HP_08	35	Picture	response69	3196140	230	1	40229	1	0	40000	incorrect	189
A_HP_08	35	Pulse	99	3215500	19590	1
A_HP_08	35	Response	2	3220528	24619	1
A_HP_08	35	Pulse	99	3235500	39590	1
A_HP_08	36	Picture	response65	3246432	122	1	40229	1	0	40000	incorrect	193
A_HP_08	36	Pulse	99	3255501	9191	1
A_HP_08	36	Response	2	3257689	11379	1
A_HP_08	36	Pulse	99	3275500	29190	1
A_HP_08	36	Pulse	99	3295500	49190	1
A_HP_08	37	Picture	response66	3296890	180	1	40229	1	0	40000	hit	197
A_HP_08	37	Response	2	3307419	10709	1
A_HP_08	37	Pulse	99	3315500	18790	1
A_HP_08	37	Pulse	99	3335500	38790	1
A_HP_08	38	Picture	response71	3347348	238	1	40229	1	0	40000	incorrect	202
A_HP_08	38	Pulse	99	3355500	8391	1
A_HP_08	38	Response	2	3372769	25659	1
A_HP_08	38	Pulse	99	3375499	28390	1
A_HP_08	38	Pulse	99	3395500	48390	1
A_HP_08	39	Picture	response67	3397806	297	1	40229	1	0	40000	incorrect	206
A_HP_08	39	Response	2	3404039	6529	1
A_HP_08	39	Pulse	99	3415499	17990	1
A_HP_08	39	Pulse	99	3435500	37990	1
A_HP_08	40	Picture	response68	3448098	189	1	40229	1	0	40000	incorrect	211
A_HP_08	40	Pulse	99	3455500	7591	1
A_HP_08	40	Response	1	3467499	19589	1
A_HP_08	40	Pulse	99	3475500	27590	1
A_HP_08	40	Pulse	99	3495500	47590	1
A_HP_08	41	Picture	response70	3498389	80	1	40229	1	0	40000	hit	215
A_HP_08	41	Response	2	3504329	6019	1
A_HP_08	41	Pulse	99	3515500	17190	1
A_HP_08	41	Pulse	99	3535500	37190	1
A_HP_08	42	Picture	response72	3549014	305	1	40229	1	0	40000	incorrect	220
A_HP_08	42	Pulse	99	3555500	6791	1
A_HP_08	42	Response	2	3564928	16219	1
A_HP_08	42	Pulse	99	3575500	26790	1
A_HP_08	42	Pulse	99	3595500	46790	1
A_HP_08	43	Picture	ins11	3599306	196	1	30229	1	0	30000	other	0
A_HP_08	43	Pulse	99	3615500	16390	1
A_HP_08	43	Pulse	99	3635500	36390	1
A_HP_08	43	Pulse	99	3655499	56390	1
A_HP_08	43	Pulse	99	3675500	76390	1
A_HP_08	43	Pulse	99	3695500	96390	1
A_HP_08	43	Pulse	99	3715500	116390	1
A_HP_08	43	Pulse	99	3735499	136390	1
A_HP_08	43	Pulse	99	3755500	156390	1
A_HP_08	43	Pulse	99	3775500	176390	1
A_HP_08	43	Pulse	99	3795499	196390	1
A_HP_08	43	Pulse	99	3815499	216390	1
A_HP_08	43	Pulse	99	3835499	236389	1
A_HP_08	43	Pulse	99	3855500	256390	1
A_HP_08	43	Pulse	99	3875500	276390	1
A_HP_08	43	Pulse	99	3895500	296390	1
A_HP_08	44	Response	3	3915500	6160	1
A_HP_08	44	Pulse	99	3915500	6160	1
A_HP_08	45	Picture	response86	3916139	230	1	40228	1	0	40000	incorrect	243
A_HP_08	45	Pulse	99	3935500	19591	1
A_HP_08	45	Response	1	3942059	26149	1
A_HP_08	45	Pulse	99	3955500	39591	1
A_HP_08	46	Picture	response87	3966430	121	1	40229	1	0	40000	hit	246
A_HP_08	46	Response	2	3974588	8279	1
A_HP_08	46	Pulse	99	3975499	9191	1
A_HP_08	46	Pulse	99	3995500	29192	1
A_HP_08	46	Pulse	99	4015500	49191	1
A_HP_08	47	Picture	response88	4016888	181	1	40229	1	0	40000	incorrect	251
A_HP_08	47	Response	1	4031938	15231	1
A_HP_08	47	Pulse	99	4035499	18792	1
A_HP_08	47	Pulse	99	4055500	38792	1
A_HP_08	48	Picture	response82	4067346	237	1	40230	1	0	40000	hit	256
A_HP_08	48	Pulse	99	4075500	8392	1
A_HP_08	48	Response	1	4083509	16400	1
A_HP_08	48	Pulse	99	4095500	28391	1
A_HP_08	48	Pulse	99	4115500	48391	1
A_HP_08	49	Picture	response83	4117804	296	1	40229	1	0	40000	hit	260
A_HP_08	49	Response	2	4127598	10090	1
A_HP_08	49	Pulse	99	4135500	17991	1
A_HP_08	49	Pulse	99	4155500	37991	1
A_HP_08	50	Picture	response85	4168096	188	1	40229	1	0	40000	hit	265
A_HP_08	50	Pulse	99	4175500	7591	1
A_HP_08	50	Response	1	4189008	21100	1
A_HP_08	50	Pulse	99	4195500	27591	1
A_HP_08	50	Pulse	99	4215500	47591	1
A_HP_08	51	Picture	response81	4218388	79	1	40229	1	0	40000	hit	270
A_HP_08	51	Pulse	99	4235500	17191	1
A_HP_08	51	Response	2	4236128	17819	1
A_HP_08	51	Pulse	99	4255500	37191	1
A_HP_08	52	Picture	response84	4269013	304	1	40230	1	0	40000	hit	274
A_HP_08	52	Pulse	99	4275500	6790	1
A_HP_08	52	Response	1	4289208	20499	1
A_HP_08	52	Pulse	99	4295500	26790	1
A_HP_08	52	Pulse	99	4315500	46790	1
A_HP_08	53	Picture	ins17	4319305	196	1	30229	1	0	30000	other	0
A_HP_08	53	Pulse	99	4335500	16391	1
A_HP_08	53	Pulse	99	4355500	36391	1
A_HP_08	53	Pulse	99	4375500	56391	1
A_HP_08	53	Pulse	99	4395500	76391	1
A_HP_08	53	Pulse	99	4415500	96391	1
A_HP_08	53	Pulse	99	4435500	116391	1
A_HP_08	53	Pulse	99	4455500	136391	1
A_HP_08	53	Pulse	99	4475500	156391	1
A_HP_08	53	Pulse	99	4495500	176392	1
A_HP_08	53	Pulse	99	4515500	196391	1
A_HP_08	53	Pulse	99	4535500	216391	1
A_HP_08	53	Pulse	99	4555500	236391	1
A_HP_08	53	Pulse	99	4575500	256391	1
A_HP_08	53	Pulse	99	4595500	276391	1
A_HP_08	53	Pulse	99	4615500	296391	1
A_HP_08	54	Response	3	4635500	6160	1
A_HP_08	54	Pulse	99	4635500	6160	1
A_HP_08	55	Picture	response131	4636138	230	1	40229	1	0	40000	hit	296
A_HP_08	55	Response	2	4647008	11099	1
A_HP_08	55	Pulse	99	4655499	19591	1
A_HP_08	55	Pulse	99	4675500	39591	1
A_HP_08	56	Picture	response129	4686430	122	1	40229	1	0	40000	hit	301
A_HP_08	56	Pulse	99	4695500	9191	1
A_HP_08	56	Response	2	4701348	15040	1
A_HP_08	56	Pulse	99	4715499	29191	1
A_HP_08	56	Pulse	99	4735499	49191	1
A_HP_08	57	Picture	response132	4736889	180	1	40230	1	0	40000	incorrect	305
A_HP_08	57	Response	2	4754899	18190	1
A_HP_08	57	Pulse	99	4755499	18791	1
A_HP_08	57	Pulse	99	4775500	38791	1
A_HP_08	58	Picture	response135	4787347	239	1	40229	1	0	40000	incorrect	310
A_HP_08	58	Pulse	99	4795499	8391	1
A_HP_08	58	Response	1	4807558	20450	1
A_HP_08	58	Pulse	99	4815499	28391	1
A_HP_08	58	Pulse	99	4835499	48391	1
A_HP_08	59	Picture	response136	4837806	297	1	40229	1	0	40000	hit	315
A_HP_08	59	Pulse	99	4855500	17991	1
A_HP_08	59	Response	2	4858128	20619	1
A_HP_08	59	Pulse	99	4875500	37991	1
A_HP_08	60	Picture	response134	4888098	189	1	40230	1	0	40000	hit	319
A_HP_08	60	Pulse	99	4895500	7591	1
A_HP_08	60	Response	1	4900738	12830	1
A_HP_08	60	Pulse	99	4915500	27591	1
A_HP_08	60	Pulse	99	4935500	47591	1
A_HP_08	61	Picture	response133	4938389	81	1	40230	1	0	40000	hit	324
A_HP_08	61	Pulse	99	4955499	17191	1
A_HP_08	61	Response	1	4962978	24670	1
A_HP_08	61	Pulse	99	4975499	37191	1
A_HP_08	62	Picture	response130	4989014	305	1	40229	1	0	40000	hit	328
A_HP_08	62	Pulse	99	4995500	6791	1
A_HP_08	62	Response	1	5003509	14800	1
A_HP_08	62	Pulse	99	5015500	26791	1
A_HP_08	62	Pulse	99	5035499	46791	1
A_HP_08	63	Picture	thanks	5038972	0	1	10232	1	0	10000	other	0
A_HP_08	63	Pulse	99	5055499	16527	1


Event Type	Code	Type	Response	RT	RT Uncertainty	Time	Uncertainty	Duration	Uncertainty	ReqTime	ReqDur

Picture	ready	other				655734	1	10229	1	0	10000
Picture	ins19	other				716343	1	30229	1	0	30000
Picture	response151	hit	1	24709	2	1036141	1	40229	1	0	40000
Picture	response152	hit	1	14448	2	1086432	1	40229	1	0	40000
Picture	response149	hit	2	22199	2	1136889	1	40229	1	0	40000
Picture	response145	hit	2	15471	2	1187347	1	40229	1	0	40000
Picture	response148	hit	1	9925	2	1237805	1	40229	1	0	40000
Picture	response146	hit	1	29962	2	1288097	1	40229	1	0	40000
Picture	response150	hit	2	8152	2	1338388	1	40229	1	0	40000
Picture	response147	hit	2	17536	2	1389013	1	40230	1	0	40000
Picture	ins1	other				1439305	1	30229	1	0	30000
Picture	response1	hit	2	6600	2	1756140	1	40230	1	0	40000
Picture	response2	hit	2	4688	2	1806432	1	40229	1	0	40000
Picture	response8	hit	2	5090	2	1856890	1	40230	1	0	40000
Picture	response6	hit	1	6621	2	1907348	1	40229	1	0	40000
Picture	response4	hit	2	5983	2	1957806	1	40230	1	0	40000
Picture	response3	hit	1	8211	2	2008098	1	40229	1	0	40000
Picture	response5	hit	2	14490	2	2058390	1	40228	1	0	40000
Picture	response7	hit	1	11035	2	2109013	1	40229	1	0	40000
Picture	ins3	other				2159305	1	30229	1	0	30000
Picture	response23	hit	1	10890	2	2476139	1	40229	1	0	40000
Picture	response24	hit	1	4958	2	2526431	1	40229	1	0	40000
Picture	response18	hit	2	5781	2	2576889	1	40229	1	0	40000
Picture	response21	hit	2	10481	2	2627347	1	40229	1	0	40000
Picture	response22	hit	1	10674	2	2677806	1	40229	1	0	40000
Picture	response20	hit	1	7672	2	2728097	1	40229	1	0	40000
Picture	response17	hit	1	5231	2	2778388	1	40229	1	0	40000
Picture	response19	hit	2	5826	2	2829013	1	40229	1	0	40000
Picture	ins9	other				2879304	1	30229	1	0	30000
Picture	response69	incorrect	2	24388	2	3196140	1	40229	1	0	40000
Picture	response65	incorrect	2	11257	2	3246432	1	40229	1	0	40000
Picture	response66	hit	2	10529	2	3296890	1	40229	1	0	40000
Picture	response71	incorrect	2	25421	2	3347348	1	40229	1	0	40000
Picture	response67	incorrect	2	6232	2	3397806	1	40229	1	0	40000
Picture	response68	incorrect	1	19401	2	3448098	1	40229	1	0	40000
Picture	response70	hit	2	5939	2	3498389	1	40229	1	0	40000
Picture	response72	incorrect	2	15914	2	3549014	1	40229	1	0	40000
Picture	ins11	other				3599306	1	30229	1	0	30000
Picture	response86	incorrect	1	25920	2	3916139	1	40228	1	0	40000
Picture	response87	hit	2	8158	2	3966430	1	40229	1	0	40000
Picture	response88	incorrect	1	15050	2	4016888	1	40229	1	0	40000
Picture	response82	hit	1	16163	2	4067346	1	40230	1	0	40000
Picture	response83	hit	2	9794	2	4117804	1	40229	1	0	40000
Picture	response85	hit	1	20912	2	4168096	1	40229	1	0	40000
Picture	response81	hit	2	17740	2	4218388	1	40229	1	0	40000
Picture	response84	hit	1	20195	2	4269013	1	40230	1	0	40000
Picture	ins17	other				4319305	1	30229	1	0	30000
Picture	response131	hit	2	10870	2	4636138	1	40229	1	0	40000
Picture	response129	hit	2	14918	2	4686430	1	40229	1	0	40000
Picture	response132	incorrect	2	18010	2	4736889	1	40230	1	0	40000
Picture	response135	incorrect	1	20211	2	4787347	1	40229	1	0	40000
Picture	response136	hit	2	20322	2	4837806	1	40229	1	0	40000
Picture	response134	hit	1	12640	2	4888098	1	40230	1	0	40000
Picture	response133	hit	1	24589	2	4938389	1	40230	1	0	40000
Picture	response130	hit	1	14495	2	4989014	1	40229	1	0	40000
Picture	thanks	other				5038972	1	10232	1	0	10000


{
   "app": "Presentation Version 21.0 Build 06.06.19",
   "device": "LENOVO 20KHCTO1WW",
   "experiment": "{C0C68DB1-10BA-42F2-8F79-3F2AFFEED4E4}",
   "os": "Windows 10 64 bit",
   "package": "",
   "parameters": {
      "configuration": "Default configuration"
   },
   "scenario": "Feature experiment(1).sce",
   "subject": "A_HP_08",
   "timestamp": "2019/08/30 01:53:37 GMT"
}
