Scenario - 
Logfile written - 09/26/2019 13:46:36

Subject	Trial	Event Type	Code	Time	TTime	Uncertainty	Duration	Uncertainty	ReqTime	ReqDur	Stim Type	Pair Index

A_HP_15	1	Response	3	459943	458944	1
A_HP_15	1	Pulse	99	459943	458944	1
A_HP_15	2	Picture	ready	460175	0	1	10229	1	0	10000	other	0
A_HP_15	2	Pulse	99	479943	19768	1
A_HP_15	2	Pulse	99	499863	39688	1
A_HP_15	2	Pulse	99	519943	59768	1
A_HP_15	3	Picture	ins9	520751	234	1	30229	1	0	30000	other	0
A_HP_15	3	Pulse	99	539943	19426	1
A_HP_15	3	Pulse	99	559863	39345	1
A_HP_15	3	Pulse	99	579943	59426	1
A_HP_15	3	Pulse	99	599943	79426	1
A_HP_15	3	Pulse	99	619863	99346	1
A_HP_15	3	Pulse	99	639943	119426	1
A_HP_15	3	Pulse	99	659943	139426	1
A_HP_15	3	Pulse	99	679863	159346	1
A_HP_15	3	Pulse	99	699944	179426	1
A_HP_15	3	Pulse	99	719943	199426	1
A_HP_15	3	Pulse	99	739864	219346	1
A_HP_15	3	Pulse	99	759943	239426	1
A_HP_15	3	Pulse	99	779943	259426	1
A_HP_15	3	Pulse	99	799864	279346	1
A_HP_15	3	Pulse	99	819864	299346	1
A_HP_15	4	Response	3	839943	9196	1
A_HP_15	4	Pulse	99	839943	9196	1
A_HP_15	5	Picture	response65	840547	230	1	40229	1	0	40000	hit	26
A_HP_15	5	Response	1	853353	13035	1
A_HP_15	5	Pulse	99	859943	19626	1
A_HP_15	5	Pulse	99	879864	39546	1
A_HP_15	6	Picture	response67	891006	288	1	40230	1	0	40000	hit	31
A_HP_15	6	Pulse	99	899943	9226	1
A_HP_15	6	Response	1	914812	24095	1
A_HP_15	6	Pulse	99	919943	29226	1
A_HP_15	6	Pulse	99	939864	49146	1
A_HP_15	7	Picture	response66	941298	180	1	40229	1	0	40000	hit	35
A_HP_15	7	Response	2	951723	10605	1
A_HP_15	7	Pulse	99	959944	18826	1
A_HP_15	7	Pulse	99	979944	38826	1
A_HP_15	8	Picture	response70	991756	238	1	40229	1	0	40000	hit	40
A_HP_15	8	Pulse	99	999864	8346	1
A_HP_15	8	Response	2	1002392	10874	1
A_HP_15	8	Pulse	99	1019944	28426	1
A_HP_15	8	Pulse	99	1039944	48426	1
A_HP_15	9	Picture	response72	1042048	130	1	40229	1	0	40000	hit	45
A_HP_15	9	Pulse	99	1059864	17946	1
A_HP_15	9	Response	1	1069683	27765	1
A_HP_15	9	Pulse	99	1079944	38026	1
A_HP_15	10	Picture	response69	1092673	355	1	40230	1	0	40000	hit	49
A_HP_15	10	Pulse	99	1099944	7626	1
A_HP_15	10	Response	1	1112203	19885	1
A_HP_15	10	Pulse	99	1119863	27545	1
A_HP_15	10	Pulse	99	1139864	47546	1
A_HP_15	11	Picture	response71	1142965	247	1	40230	1	0	40000	hit	54
A_HP_15	11	Pulse	99	1159944	17226	1
A_HP_15	11	Response	1	1169113	26395	1
A_HP_15	11	Pulse	99	1179864	37146	1
A_HP_15	12	Picture	response68	1193257	138	1	40229	1	0	40000	hit	59
A_HP_15	12	Pulse	99	1199864	6745	1
A_HP_15	12	Pulse	99	1219944	26825	1
A_HP_15	12	Response	2	1221593	28474	1
A_HP_15	12	Pulse	99	1239864	46745	1
A_HP_15	13	Picture	ins11	1243715	197	1	30229	1	0	30000	other	0
A_HP_15	13	Pulse	99	1259864	16346	1
A_HP_15	13	Pulse	99	1279944	36426	1
A_HP_15	13	Pulse	99	1299944	56426	1
A_HP_15	13	Pulse	99	1319864	76346	1
A_HP_15	13	Pulse	99	1339945	96426	1
A_HP_15	13	Pulse	99	1359945	116426	1
A_HP_15	13	Pulse	99	1379865	136346	1
A_HP_15	13	Pulse	99	1399945	156426	1
A_HP_15	13	Pulse	99	1419945	176426	1
A_HP_15	13	Pulse	99	1439865	196346	1
A_HP_15	13	Pulse	99	1459865	216346	1
A_HP_15	13	Pulse	99	1479945	236426	1
A_HP_15	13	Pulse	99	1499865	256346	1
A_HP_15	13	Pulse	99	1519865	276346	1
A_HP_15	13	Pulse	99	1539945	296426	1
A_HP_15	14	Response	3	1559865	6115	1
A_HP_15	14	Pulse	99	1559865	6115	1
A_HP_15	15	Picture	response87	1560448	230	1	40230	1	0	40000	hit	81
A_HP_15	15	Pulse	99	1579865	19646	1
A_HP_15	15	Response	2	1583743	23525	1
A_HP_15	15	Pulse	99	1599945	39726	1
A_HP_15	16	Picture	response84	1610740	122	1	40229	1	0	40000	hit	85
A_HP_15	16	Pulse	99	1619865	9246	1
A_HP_15	16	Response	1	1624153	13535	1
A_HP_15	16	Pulse	99	1639865	29246	1
A_HP_15	16	Pulse	99	1659945	49326	1
A_HP_15	17	Picture	response86	1661198	181	1	40229	1	0	40000	hit	89
A_HP_15	17	Response	2	1671463	10446	1
A_HP_15	17	Pulse	99	1679945	18927	1
A_HP_15	17	Pulse	99	1699865	38847	1
A_HP_15	18	Picture	response85	1711657	238	1	40230	1	0	40000	hit	94
A_HP_15	18	Pulse	99	1719945	8526	1
A_HP_15	18	Response	1	1730333	18915	1
A_HP_15	18	Pulse	99	1739944	28526	1
A_HP_15	18	Pulse	99	1759865	48446	1
A_HP_15	19	Picture	response88	1762115	296	1	40229	1	0	40000	hit	98
A_HP_15	19	Response	2	1771713	9895	1
A_HP_15	19	Pulse	99	1779945	18126	1
A_HP_15	19	Pulse	99	1799945	38126	1
A_HP_15	20	Picture	response82	1812407	188	1	40229	1	0	40000	hit	104
A_HP_15	20	Pulse	99	1819865	7646	1
A_HP_15	20	Pulse	99	1839865	27646	1
A_HP_15	20	Response	1	1843663	31445	1
A_HP_15	20	Pulse	99	1859945	47726	1
A_HP_15	21	Picture	response83	1862698	79	1	40229	1	0	40000	hit	108
A_HP_15	21	Pulse	99	1879865	17246	1
A_HP_15	21	Response	2	1886734	24115	1
A_HP_15	21	Pulse	99	1899865	37246	1
A_HP_15	22	Picture	response81	1913323	303	1	40229	1	0	40000	hit	112
A_HP_15	22	Pulse	99	1919945	6925	1
A_HP_15	22	Response	2	1931124	18104	1
A_HP_15	22	Pulse	99	1939865	26845	1
A_HP_15	22	Pulse	99	1959865	46845	1
A_HP_15	23	Picture	ins3	1963615	195	1	30229	1	0	30000	other	0
A_HP_15	23	Pulse	99	1979945	16525	1
A_HP_15	23	Pulse	99	1999865	36445	1
A_HP_15	23	Pulse	99	2019865	56445	1
A_HP_15	23	Pulse	99	2039945	76525	1
A_HP_15	23	Pulse	99	2059865	96445	1
A_HP_15	23	Pulse	99	2079865	116446	1
A_HP_15	23	Pulse	99	2099945	136525	1
A_HP_15	23	Pulse	99	2119945	156526	1
A_HP_15	23	Pulse	99	2139866	176446	1
A_HP_15	23	Pulse	99	2159865	196445	1
A_HP_15	23	Pulse	99	2179946	216526	1
A_HP_15	23	Pulse	99	2199866	236446	1
A_HP_15	23	Pulse	99	2219866	256446	1
A_HP_15	23	Pulse	99	2239946	276526	1
A_HP_15	23	Pulse	99	2259866	296446	1
A_HP_15	24	Response	3	2279866	6215	1
A_HP_15	24	Pulse	99	2279866	6215	1
A_HP_15	25	Picture	response18	2280450	230	1	40229	1	0	40000	hit	134
A_HP_15	25	Response	2	2292614	12394	1
A_HP_15	25	Pulse	99	2299946	19725	1
A_HP_15	25	Pulse	99	2319866	39646	1
A_HP_15	26	Picture	response20	2330742	122	1	40230	1	0	40000	hit	139
A_HP_15	26	Pulse	99	2339866	9247	1
A_HP_15	26	Response	1	2343864	13244	1
A_HP_15	26	Pulse	99	2359946	29326	1
A_HP_15	26	Pulse	99	2379866	49246	1
A_HP_15	27	Picture	response21	2381200	181	1	40229	1	0	40000	hit	143
A_HP_15	27	Response	2	2387555	6536	1
A_HP_15	27	Pulse	99	2399866	18847	1
A_HP_15	27	Pulse	99	2419946	38927	1
A_HP_15	28	Picture	response19	2431659	238	1	40229	1	0	40000	hit	147
A_HP_15	28	Response	2	2437265	5845	1
A_HP_15	28	Pulse	99	2439865	8445	1
A_HP_15	28	Pulse	99	2459866	28446	1
A_HP_15	28	Pulse	99	2479866	48446	1
A_HP_15	29	Picture	response17	2482116	296	1	40229	1	0	40000	hit	152
A_HP_15	29	Response	1	2488275	6455	1
A_HP_15	29	Pulse	99	2499946	18126	1
A_HP_15	29	Pulse	99	2519866	38046	1
A_HP_15	30	Picture	response23	2532408	188	1	40229	1	0	40000	hit	156
A_HP_15	30	Response	1	2537595	5375	1
A_HP_15	30	Pulse	99	2539865	7645	1
A_HP_15	30	Pulse	99	2559946	27726	1
A_HP_15	30	Pulse	99	2579866	47646	1
A_HP_15	31	Picture	response24	2582699	79	1	40229	1	0	40000	hit	161
A_HP_15	31	Response	1	2587595	4975	1
A_HP_15	31	Pulse	99	2599866	17246	1
A_HP_15	31	Pulse	99	2619946	37326	1
A_HP_15	32	Picture	response22	2633324	303	1	40229	1	0	40000	hit	166
A_HP_15	32	Pulse	99	2639866	6846	1
A_HP_15	32	Response	1	2646595	13574	1
A_HP_15	32	Pulse	99	2659866	26846	1
A_HP_15	32	Pulse	99	2679946	46926	1
A_HP_15	33	Picture	ins1	2683615	194	1	30229	1	0	30000	other	0
A_HP_15	33	Pulse	99	2699866	16445	1
A_HP_15	33	Pulse	99	2719866	36445	1
A_HP_15	33	Pulse	99	2739947	56526	1
A_HP_15	33	Pulse	99	2759866	76445	1
A_HP_15	33	Pulse	99	2779867	96446	1
A_HP_15	33	Pulse	99	2799867	116446	1
A_HP_15	33	Pulse	99	2819867	136446	1
A_HP_15	33	Pulse	99	2839867	156446	1
A_HP_15	33	Pulse	99	2859867	176446	1
A_HP_15	33	Pulse	99	2879866	196446	1
A_HP_15	33	Pulse	99	2899867	216446	1
A_HP_15	33	Pulse	99	2919867	236446	1
A_HP_15	33	Pulse	99	2939947	256526	1
A_HP_15	33	Pulse	99	2959867	276446	1
A_HP_15	33	Pulse	99	2979867	296446	1
A_HP_15	34	Response	3	2999947	6295	1
A_HP_15	34	Pulse	99	2999947	6295	1
A_HP_15	35	Picture	response3	3000551	230	1	40229	1	0	40000	hit	188
A_HP_15	35	Response	1	3008515	8195	1
A_HP_15	35	Pulse	99	3019867	19546	1
A_HP_15	35	Pulse	99	3039867	39546	1
A_HP_15	36	Picture	response8	3051009	288	1	40229	1	0	40000	hit	193
A_HP_15	36	Pulse	99	3059947	9226	1
A_HP_15	36	Response	2	3062625	11904	1
A_HP_15	36	Pulse	99	3079867	29146	1
A_HP_15	36	Pulse	99	3099867	49146	1
A_HP_15	37	Picture	response5	3101301	180	1	40229	1	0	40000	hit	197
A_HP_15	37	Response	2	3110446	9325	1
A_HP_15	37	Pulse	99	3119867	18746	1
A_HP_15	37	Pulse	99	3139867	38746	1
A_HP_15	38	Picture	response7	3151759	238	1	40229	1	0	40000	hit	201
A_HP_15	38	Response	1	3159516	7995	1
A_HP_15	38	Pulse	99	3159866	8345	1
A_HP_15	38	Pulse	99	3179867	28346	1
A_HP_15	38	Pulse	99	3199867	48346	1
A_HP_15	39	Picture	response1	3202051	130	1	40229	1	0	40000	hit	206
A_HP_15	39	Response	2	3211396	9475	1
A_HP_15	39	Pulse	99	3219867	17946	1
A_HP_15	39	Pulse	99	3239867	37946	1
A_HP_15	40	Picture	response2	3252676	355	1	40229	1	0	40000	hit	210
A_HP_15	40	Response	2	3258646	6325	1
A_HP_15	40	Pulse	99	3259867	7545	1
A_HP_15	40	Pulse	99	3279867	27546	1
A_HP_15	40	Pulse	99	3299867	47546	1
A_HP_15	41	Picture	response6	3302968	246	1	40229	1	0	40000	hit	215
A_HP_15	41	Response	1	3314536	11815	1
A_HP_15	41	Pulse	99	3319867	17146	1
A_HP_15	41	Pulse	99	3339867	37146	1
A_HP_15	42	Picture	response4	3353259	138	1	40229	1	0	40000	hit	220
A_HP_15	42	Pulse	99	3359868	6746	1
A_HP_15	42	Response	2	3361315	8194	1
A_HP_15	42	Pulse	99	3379948	26826	1
A_HP_15	42	Pulse	99	3399867	46746	1
A_HP_15	43	Picture	ins19	3403717	196	1	30229	1	0	30000	other	0
A_HP_15	43	Pulse	99	3419867	16346	1
A_HP_15	43	Pulse	99	3439867	36346	1
A_HP_15	43	Pulse	99	3459867	56346	1
A_HP_15	43	Pulse	99	3479868	76346	1
A_HP_15	43	Pulse	99	3499867	96346	1
A_HP_15	43	Pulse	99	3519867	116346	1
A_HP_15	43	Pulse	99	3539868	136346	1
A_HP_15	43	Pulse	99	3559868	156346	1
A_HP_15	43	Pulse	99	3579868	176346	1
A_HP_15	43	Pulse	99	3599868	196346	1
A_HP_15	43	Pulse	99	3619868	216346	1
A_HP_15	43	Pulse	99	3639868	236347	1
A_HP_15	43	Pulse	99	3659868	256346	1
A_HP_15	43	Pulse	99	3679868	276347	1
A_HP_15	43	Pulse	99	3699868	296346	1
A_HP_15	44	Response	3	3719868	6117	1
A_HP_15	44	Pulse	99	3719868	6117	1
A_HP_15	45	Picture	response151	3720452	230	1	40229	1	0	40000	hit	243
A_HP_15	45	Pulse	99	3739868	19646	1
A_HP_15	45	Response	1	3740056	19834	1
A_HP_15	45	Pulse	99	3759948	39726	1
A_HP_15	46	Picture	response146	3770743	120	1	40229	1	0	40000	incorrect	247
A_HP_15	46	Pulse	99	3779868	9246	1
A_HP_15	46	Response	2	3797907	27284	1
A_HP_15	46	Pulse	99	3799867	29245	1
A_HP_15	46	Pulse	99	3819868	49246	1
A_HP_15	47	Picture	response148	3821200	179	1	40229	1	0	40000	hit	251
A_HP_15	47	Response	1	3838676	17655	1
A_HP_15	47	Pulse	99	3839868	18847	1
A_HP_15	47	Pulse	99	3859868	38847	1
A_HP_15	48	Picture	response145	3871658	235	1	40229	1	0	40000	hit	257
A_HP_15	48	Pulse	99	3879868	8446	1
A_HP_15	48	Pulse	99	3899868	28445	1
A_HP_15	48	Response	2	3901506	30083	1
A_HP_15	48	Pulse	99	3919868	48446	1
A_HP_15	49	Picture	response150	3922116	294	1	40229	1	0	40000	hit	260
A_HP_15	49	Response	2	3934297	12475	1
A_HP_15	49	Pulse	99	3939868	18046	1
A_HP_15	49	Pulse	99	3959868	38046	1
A_HP_15	50	Picture	response147	3972407	185	1	40229	1	0	40000	hit	265
A_HP_15	50	Pulse	99	3979868	7646	1
A_HP_15	50	Response	2	3995447	23224	1
A_HP_15	50	Pulse	99	3999868	27645	1
A_HP_15	50	Pulse	99	4019868	47646	1
A_HP_15	51	Picture	response149	4022698	76	1	40229	1	0	40000	incorrect	270
A_HP_15	51	Pulse	99	4039868	17246	1
A_HP_15	51	Response	1	4051087	28465	1
A_HP_15	51	Pulse	99	4059868	37246	1
A_HP_15	52	Picture	response152	4073322	300	1	40229	1	0	40000	hit	274
A_HP_15	52	Pulse	99	4079868	6846	1
A_HP_15	52	Response	1	4088487	15464	1
A_HP_15	52	Pulse	99	4099868	26846	1
A_HP_15	52	Pulse	99	4119868	46846	1
A_HP_15	53	Picture	ins17	4123614	191	1	30229	1	0	30000	other	0
A_HP_15	53	Pulse	99	4139869	16446	1
A_HP_15	53	Pulse	99	4159869	36446	1
A_HP_15	53	Pulse	99	4179869	56446	1
A_HP_15	53	Pulse	99	4199869	76446	1
A_HP_15	53	Pulse	99	4219869	96446	1
A_HP_15	53	Pulse	99	4239869	116446	1
A_HP_15	53	Pulse	99	4259869	136446	1
A_HP_15	53	Pulse	99	4279869	156446	1
A_HP_15	53	Pulse	99	4299869	176446	1
A_HP_15	53	Pulse	99	4319869	196446	1
A_HP_15	53	Pulse	99	4339869	216446	1
A_HP_15	53	Pulse	99	4359869	236446	1
A_HP_15	53	Pulse	99	4379869	256446	1
A_HP_15	53	Pulse	99	4399869	276447	1
A_HP_15	53	Pulse	99	4419869	296446	1
A_HP_15	54	Response	3	4439869	6216	1
A_HP_15	54	Pulse	99	4439869	6216	1
A_HP_15	55	Picture	response136	4440453	229	1	40229	1	0	40000	hit	296
A_HP_15	55	Response	2	4458418	18195	1
A_HP_15	55	Pulse	99	4459869	19645	1
A_HP_15	55	Pulse	99	4479869	39646	1
A_HP_15	56	Picture	response135	4490744	120	1	40229	1	0	40000	hit	301
A_HP_15	56	Pulse	99	4499869	9246	1
A_HP_15	56	Response	2	4502837	12214	1
A_HP_15	56	Pulse	99	4519869	29246	1
A_HP_15	56	Pulse	99	4539869	49246	1
A_HP_15	57	Picture	response129	4541202	179	1	40229	1	0	40000	hit	306
A_HP_15	57	Pulse	99	4559869	18847	1
A_HP_15	57	Response	2	4567347	26325	1
A_HP_15	57	Pulse	99	4579869	38846	1
A_HP_15	58	Picture	response134	4591660	237	1	40229	1	0	40000	hit	310
A_HP_15	58	Pulse	99	4599869	8446	1
A_HP_15	58	Response	1	4610338	18915	1
A_HP_15	58	Pulse	99	4619869	28446	1
A_HP_15	58	Pulse	99	4639869	48446	1
A_HP_15	59	Picture	response132	4642119	295	1	40229	1	0	40000	hit	315
A_HP_15	59	Pulse	99	4659869	18045	1
A_HP_15	59	Response	1	4663148	21324	1
A_HP_15	59	Pulse	99	4679869	38045	1
A_HP_15	60	Picture	response130	4692411	187	1	40229	1	0	40000	incorrect	319
A_HP_15	60	Pulse	99	4699869	7645	1
A_HP_15	60	Response	2	4708918	16694	1
A_HP_15	60	Pulse	99	4719869	27645	1
A_HP_15	60	Pulse	99	4739869	47646	1
A_HP_15	61	Picture	response133	4742702	79	1	40229	1	0	40000	hit	323
A_HP_15	61	Response	1	4752788	10164	1
A_HP_15	61	Pulse	99	4759869	17245	1
A_HP_15	61	Pulse	99	4779869	37246	1
A_HP_15	62	Picture	response131	4793327	303	1	40229	1	0	40000	hit	328
A_HP_15	62	Pulse	99	4799869	6845	1
A_HP_15	62	Response	2	4810958	17934	1
A_HP_15	62	Pulse	99	4819869	26845	1
A_HP_15	62	Pulse	99	4839869	46845	1
A_HP_15	63	Picture	thanks	4843286	0	1	10229	1	0	10000	other	0
A_HP_15	63	Pulse	99	4859870	16584	1


Event Type	Code	Type	Response	RT	RT Uncertainty	Time	Uncertainty	Duration	Uncertainty	ReqTime	ReqDur

Picture	ready	other				460175	1	10229	1	0	10000
Picture	ins9	other				520751	1	30229	1	0	30000
Picture	response65	hit	1	12805	2	840547	1	40229	1	0	40000
Picture	response67	hit	1	23807	2	891006	1	40230	1	0	40000
Picture	response66	hit	2	10425	2	941298	1	40229	1	0	40000
Picture	response70	hit	2	10636	2	991756	1	40229	1	0	40000
Picture	response72	hit	1	27635	2	1042048	1	40229	1	0	40000
Picture	response69	hit	1	19530	2	1092673	1	40230	1	0	40000
Picture	response71	hit	1	26148	2	1142965	1	40230	1	0	40000
Picture	response68	hit	2	28336	2	1193257	1	40229	1	0	40000
Picture	ins11	other				1243715	1	30229	1	0	30000
Picture	response87	hit	2	23295	2	1560448	1	40230	1	0	40000
Picture	response84	hit	1	13413	2	1610740	1	40229	1	0	40000
Picture	response86	hit	2	10265	2	1661198	1	40229	1	0	40000
Picture	response85	hit	1	18677	2	1711657	1	40230	1	0	40000
Picture	response88	hit	2	9598	2	1762115	1	40229	1	0	40000
Picture	response82	hit	1	31256	2	1812407	1	40229	1	0	40000
Picture	response83	hit	2	24035	2	1862698	1	40229	1	0	40000
Picture	response81	hit	2	17801	2	1913323	1	40229	1	0	40000
Picture	ins3	other				1963615	1	30229	1	0	30000
Picture	response18	hit	2	12164	2	2280450	1	40229	1	0	40000
Picture	response20	hit	1	13122	2	2330742	1	40230	1	0	40000
Picture	response21	hit	2	6354	2	2381200	1	40229	1	0	40000
Picture	response19	hit	2	5606	2	2431659	1	40229	1	0	40000
Picture	response17	hit	1	6159	2	2482116	1	40229	1	0	40000
Picture	response23	hit	1	5187	2	2532408	1	40229	1	0	40000
Picture	response24	hit	1	4896	2	2582699	1	40229	1	0	40000
Picture	response22	hit	1	13271	2	2633324	1	40229	1	0	40000
Picture	ins1	other				2683615	1	30229	1	0	30000
Picture	response3	hit	1	7965	2	3000551	1	40229	1	0	40000
Picture	response8	hit	2	11616	2	3051009	1	40229	1	0	40000
Picture	response5	hit	2	9145	2	3101301	1	40229	1	0	40000
Picture	response7	hit	1	7757	2	3151759	1	40229	1	0	40000
Picture	response1	hit	2	9345	2	3202051	1	40229	1	0	40000
Picture	response2	hit	2	5970	2	3252676	1	40229	1	0	40000
Picture	response6	hit	1	11569	2	3302968	1	40229	1	0	40000
Picture	response4	hit	2	8056	2	3353259	1	40229	1	0	40000
Picture	ins19	other				3403717	1	30229	1	0	30000
Picture	response151	hit	1	19604	2	3720452	1	40229	1	0	40000
Picture	response146	incorrect	2	27164	2	3770743	1	40229	1	0	40000
Picture	response148	hit	1	17476	2	3821200	1	40229	1	0	40000
Picture	response145	hit	2	29848	2	3871658	1	40229	1	0	40000
Picture	response150	hit	2	12181	2	3922116	1	40229	1	0	40000
Picture	response147	hit	2	23040	2	3972407	1	40229	1	0	40000
Picture	response149	incorrect	1	28389	2	4022698	1	40229	1	0	40000
Picture	response152	hit	1	15165	2	4073322	1	40229	1	0	40000
Picture	ins17	other				4123614	1	30229	1	0	30000
Picture	response136	hit	2	17965	2	4440453	1	40229	1	0	40000
Picture	response135	hit	2	12094	2	4490744	1	40229	1	0	40000
Picture	response129	hit	2	26146	2	4541202	1	40229	1	0	40000
Picture	response134	hit	1	18677	2	4591660	1	40229	1	0	40000
Picture	response132	hit	1	21028	2	4642119	1	40229	1	0	40000
Picture	response130	incorrect	2	16507	2	4692411	1	40229	1	0	40000
Picture	response133	hit	1	10086	2	4742702	1	40229	1	0	40000
Picture	response131	hit	2	17631	2	4793327	1	40229	1	0	40000
Picture	thanks	other				4843286	1	10229	1	0	10000


{
   "app": "Presentation Version 21.0 Build 06.06.19",
   "device": "LENOVO 20KHCTO1WW",
   "experiment": "{C0C68DB1-10BA-42F2-8F79-3F2AFFEED4E4}",
   "os": "Windows 10 64 bit",
   "package": "",
   "parameters": {
      "configuration": "Default configuration"
   },
   "scenario": "Feature experiment(1).sce",
   "subject": "A_HP_15",
   "timestamp": "2019/09/26 04:38:22 GMT"
}
