Scenario - 
Logfile written - 12/04/2019 15:32:40

Subject	Trial	Event Type	Code	Time	TTime	Uncertainty	Duration	Uncertainty	ReqTime	ReqDur	Stim Type	Pair Index

A_HP_37	1	Response	3	600917	599584	1
A_HP_37	1	Pulse	99	600917	599584	1
A_HP_37	2	Picture	ready	601149	0	1	10229	1	0	10000	other	0
A_HP_37	2	Pulse	99	620917	19768	1
A_HP_37	2	Pulse	99	640917	39768	1
A_HP_37	2	Pulse	99	660917	59768	1
A_HP_37	3	Picture	ins9	661748	234	1	30229	1	0	30000	other	0
A_HP_37	3	Pulse	99	680917	19403	1
A_HP_37	3	Pulse	99	700917	39404	1
A_HP_37	3	Pulse	99	720917	59403	1
A_HP_37	3	Pulse	99	740917	79403	1
A_HP_37	3	Pulse	99	760917	99404	1
A_HP_37	3	Pulse	99	780917	119403	1
A_HP_37	3	Pulse	99	800917	139403	1
A_HP_37	3	Pulse	99	820917	159403	1
A_HP_37	3	Pulse	99	840917	179403	1
A_HP_37	3	Pulse	99	860917	199403	1
A_HP_37	3	Pulse	99	880917	219403	1
A_HP_37	3	Pulse	99	900917	239403	1
A_HP_37	3	Pulse	99	920917	259403	1
A_HP_37	3	Pulse	99	940917	279403	1
A_HP_37	3	Pulse	99	960916	299403	1
A_HP_37	4	Response	3	980917	9173	1
A_HP_37	4	Pulse	99	980917	9173	1
A_HP_37	5	Picture	response72	981543	229	1	40230	1	0	40000	hit	27
A_HP_37	5	Pulse	99	1000917	19604	1
A_HP_37	5	Response	1	1000955	19642	1
A_HP_37	5	Pulse	99	1020917	39604	1
A_HP_37	6	Picture	response69	1032002	289	1	40230	1	0	40000	hit	30
A_HP_37	6	Response	1	1040805	9093	1
A_HP_37	6	Pulse	99	1040916	9203	1
A_HP_37	6	Pulse	99	1060917	29204	1
A_HP_37	6	Pulse	99	1080917	49204	1
A_HP_37	7	Picture	response65	1082294	181	1	40230	1	0	40000	hit	35
A_HP_37	7	Response	1	1095906	13793	1
A_HP_37	7	Pulse	99	1100916	18804	1
A_HP_37	7	Pulse	99	1120917	38804	1
A_HP_37	8	Picture	response71	1132586	74	1	40229	1	0	40000	hit	40
A_HP_37	8	Pulse	99	1140917	8404	1
A_HP_37	8	Response	1	1151605	19093	1
A_HP_37	8	Pulse	99	1160917	28404	1
A_HP_37	8	Pulse	99	1180917	48404	1
A_HP_37	9	Picture	response70	1183211	298	1	40229	1	0	40000	hit	44
A_HP_37	9	Response	2	1197586	14673	1
A_HP_37	9	Pulse	99	1200916	18004	1
A_HP_37	9	Pulse	99	1220917	38004	1
A_HP_37	10	Picture	response68	1233502	190	1	40229	1	0	40000	hit	49
A_HP_37	10	Pulse	99	1240917	7604	1
A_HP_37	10	Response	2	1245835	12523	1
A_HP_37	10	Pulse	99	1260917	27604	1
A_HP_37	10	Pulse	99	1280916	47604	1
A_HP_37	11	Picture	response67	1283960	248	1	40229	1	0	40000	hit	53
A_HP_37	11	Response	1	1296656	12943	1
A_HP_37	11	Pulse	99	1300916	17204	1
A_HP_37	11	Pulse	99	1320917	37204	1
A_HP_37	12	Picture	response66	1334253	140	1	40229	1	0	40000	hit	58
A_HP_37	12	Pulse	99	1340917	6804	1
A_HP_37	12	Response	2	1350765	16653	1
A_HP_37	12	Pulse	99	1360916	26803	1
A_HP_37	12	Pulse	99	1380917	46804	1
A_HP_37	13	Picture	ins17	1384711	198	1	30229	1	0	30000	other	0
A_HP_37	13	Pulse	99	1400916	16404	1
A_HP_37	13	Pulse	99	1420917	36404	1
A_HP_37	13	Pulse	99	1440837	56324	1
A_HP_37	13	Pulse	99	1460916	76404	1
A_HP_37	13	Pulse	99	1480917	96404	1
A_HP_37	13	Pulse	99	1500837	116324	1
A_HP_37	13	Pulse	99	1520916	136404	1
A_HP_37	13	Pulse	99	1540916	156404	1
A_HP_37	13	Pulse	99	1560837	176324	1
A_HP_37	13	Pulse	99	1580917	196404	1
A_HP_37	13	Pulse	99	1600917	216404	1
A_HP_37	13	Pulse	99	1620837	236324	1
A_HP_37	13	Pulse	99	1640917	256404	1
A_HP_37	13	Pulse	99	1660917	276404	1
A_HP_37	13	Pulse	99	1680917	296404	1
A_HP_37	14	Response	3	1700917	6173	1
A_HP_37	14	Pulse	99	1700917	6173	1
A_HP_37	15	Picture	response133	1701542	230	1	40230	1	0	40000	hit	81
A_HP_37	15	Pulse	99	1720917	19604	1
A_HP_37	15	Response	1	1726445	25133	1
A_HP_37	15	Pulse	99	1740916	39604	1
A_HP_37	16	Picture	response134	1752001	289	1	40229	1	0	40000	hit	85
A_HP_37	16	Pulse	99	1760917	9204	1
A_HP_37	16	Response	1	1773345	21633	1
A_HP_37	16	Pulse	99	1780916	29204	1
A_HP_37	16	Pulse	99	1800916	49204	1
A_HP_37	17	Picture	response131	1802293	180	1	40229	1	0	40000	hit	89
A_HP_37	17	Response	2	1816395	14283	1
A_HP_37	17	Pulse	99	1820916	18803	1
A_HP_37	17	Pulse	99	1840917	38804	1
A_HP_37	18	Picture	response135	1852584	72	1	40229	1	0	40000	hit	94
A_HP_37	18	Pulse	99	1860916	8404	1
A_HP_37	18	Response	2	1864955	12443	1
A_HP_37	18	Pulse	99	1880916	28404	1
A_HP_37	18	Pulse	99	1900916	48404	1
A_HP_37	19	Picture	response132	1903209	296	1	40230	1	0	40000	hit	100
A_HP_37	19	Pulse	99	1920917	18004	1
A_HP_37	19	Pulse	99	1940836	37924	1
A_HP_37	19	Response	1	1942484	39572	1
A_HP_37	20	Picture	response136	1953501	189	1	40229	1	0	40000	hit	103
A_HP_37	20	Pulse	99	1960917	7605	1
A_HP_37	20	Response	2	1968425	15113	1
A_HP_37	20	Pulse	99	1980916	27604	1
A_HP_37	20	Pulse	99	2000836	47524	1
A_HP_37	21	Picture	response130	2003959	247	1	40229	1	0	40000	hit	108
A_HP_37	21	Pulse	99	2020916	17204	1
A_HP_37	21	Response	1	2035155	31443	1
A_HP_37	21	Pulse	99	2040916	37203	1
A_HP_37	22	Picture	response129	2054251	138	1	40229	1	0	40000	hit	112
A_HP_37	22	Pulse	99	2060836	6724	1
A_HP_37	22	Response	2	2068455	14342	1
A_HP_37	22	Pulse	99	2080917	26804	1
A_HP_37	22	Pulse	99	2100916	46803	1
A_HP_37	23	Picture	ins1	2104709	197	1	30229	1	0	30000	other	0
A_HP_37	23	Pulse	99	2120836	16324	1
A_HP_37	23	Pulse	99	2140916	36404	1
A_HP_37	23	Pulse	99	2160916	56404	1
A_HP_37	23	Pulse	99	2180836	76324	1
A_HP_37	23	Pulse	99	2200916	96404	1
A_HP_37	23	Pulse	99	2220916	116404	1
A_HP_37	23	Pulse	99	2240836	136324	1
A_HP_37	23	Pulse	99	2260916	156404	1
A_HP_37	23	Pulse	99	2280916	176404	1
A_HP_37	23	Pulse	99	2300836	196324	1
A_HP_37	23	Pulse	99	2320916	216404	1
A_HP_37	23	Pulse	99	2340916	236404	1
A_HP_37	23	Pulse	99	2360836	256324	1
A_HP_37	23	Pulse	99	2380916	276404	1
A_HP_37	23	Pulse	99	2400916	296404	1
A_HP_37	24	Response	3	2420916	6173	1
A_HP_37	24	Pulse	99	2420916	6173	1
A_HP_37	25	Picture	response2	2421543	230	1	40229	1	0	40000	hit	134
A_HP_37	25	Response	2	2431795	10482	1
A_HP_37	25	Pulse	99	2440916	19603	1
A_HP_37	25	Pulse	99	2460916	39603	1
A_HP_37	26	Picture	response5	2472001	289	1	40229	1	0	40000	hit	138
A_HP_37	26	Response	2	2478995	7283	1
A_HP_37	26	Pulse	99	2480916	9203	1
A_HP_37	26	Pulse	99	2500836	29124	1
A_HP_37	26	Pulse	99	2520916	49204	1
A_HP_37	27	Picture	response8	2522293	181	1	40230	1	0	40000	hit	143
A_HP_37	27	Response	2	2530615	8503	1
A_HP_37	27	Pulse	99	2540916	18804	1
A_HP_37	27	Pulse	99	2560836	38724	1
A_HP_37	28	Picture	response1	2572585	73	1	40230	1	0	40000	hit	148
A_HP_37	28	Pulse	99	2580917	8404	1
A_HP_37	28	Response	2	2581024	8512	1
A_HP_37	28	Pulse	99	2600916	28404	1
A_HP_37	28	Pulse	99	2620836	48324	1
A_HP_37	29	Picture	response3	2623210	299	1	40229	1	0	40000	hit	152
A_HP_37	29	Response	1	2635564	12653	1
A_HP_37	29	Pulse	99	2640916	18004	1
A_HP_37	29	Pulse	99	2660916	38004	1
A_HP_37	30	Picture	response7	2673502	191	1	40229	1	0	40000	hit	157
A_HP_37	30	Pulse	99	2680836	7524	1
A_HP_37	30	Response	1	2681824	8512	1
A_HP_37	30	Pulse	99	2700916	27604	1
A_HP_37	30	Pulse	99	2720916	47604	1
A_HP_37	31	Picture	response6	2723960	249	1	40229	1	0	40000	hit	161
A_HP_37	31	Response	1	2732614	8903	1
A_HP_37	31	Pulse	99	2740835	17124	1
A_HP_37	31	Pulse	99	2760916	37204	1
A_HP_37	32	Picture	response4	2774252	140	1	40229	1	0	40000	hit	166
A_HP_37	32	Pulse	99	2780916	6804	1
A_HP_37	32	Response	2	2784364	10253	1
A_HP_37	32	Pulse	99	2800836	26724	1
A_HP_37	32	Pulse	99	2820916	46804	1
A_HP_37	33	Picture	ins3	2824710	198	1	30229	1	0	30000	other	0
A_HP_37	33	Pulse	99	2840916	16404	1
A_HP_37	33	Pulse	99	2860836	36324	1
A_HP_37	33	Pulse	99	2880916	56404	1
A_HP_37	33	Pulse	99	2900916	76404	1
A_HP_37	33	Pulse	99	2920836	96324	1
A_HP_37	33	Pulse	99	2940916	116404	1
A_HP_37	33	Pulse	99	2960916	136404	1
A_HP_37	33	Pulse	99	2980836	156324	1
A_HP_37	33	Pulse	99	3000836	176324	1
A_HP_37	33	Pulse	99	3020916	196404	1
A_HP_37	33	Pulse	99	3040836	216324	1
A_HP_37	33	Pulse	99	3060836	236324	1
A_HP_37	33	Pulse	99	3080916	256404	1
A_HP_37	33	Pulse	99	3100836	276324	1
A_HP_37	33	Pulse	99	3120836	296324	1
A_HP_37	34	Response	3	3140916	6173	1
A_HP_37	34	Pulse	99	3140916	6173	1
A_HP_37	35	Picture	response19	3141542	230	1	40229	1	0	40000	hit	188
A_HP_37	35	Response	2	3157005	15693	1
A_HP_37	35	Pulse	99	3160835	19523	1
A_HP_37	35	Pulse	99	3180836	39524	1
A_HP_37	36	Picture	response20	3192000	288	1	40229	1	0	40000	hit	193
A_HP_37	36	Pulse	99	3200916	9204	1
A_HP_37	36	Response	1	3205974	14263	1
A_HP_37	36	Pulse	99	3220916	29204	1
A_HP_37	36	Pulse	99	3240836	49124	1
A_HP_37	37	Picture	response18	3242291	180	1	40229	1	0	40000	hit	197
A_HP_37	37	Response	2	3249505	7393	1
A_HP_37	37	Pulse	99	3260916	18804	1
A_HP_37	37	Pulse	99	3280915	38804	1
A_HP_37	38	Picture	response17	3292583	72	1	40229	1	0	40000	hit	202
A_HP_37	38	Pulse	99	3300836	8324	1
A_HP_37	38	Response	1	3305424	12912	1
A_HP_37	38	Pulse	99	3320916	28404	1
A_HP_37	38	Pulse	99	3340916	48404	1
A_HP_37	39	Picture	response24	3343209	297	1	40229	1	0	40000	hit	207
A_HP_37	39	Pulse	99	3360836	17924	1
A_HP_37	39	Response	1	3368214	25302	1
A_HP_37	39	Pulse	99	3380916	38004	1
A_HP_37	40	Picture	response22	3393500	189	1	40229	1	0	40000	hit	211
A_HP_37	40	Pulse	99	3400916	7604	1
A_HP_37	40	Response	1	3403174	9862	1
A_HP_37	40	Pulse	99	3420836	27524	1
A_HP_37	40	Pulse	99	3440916	47604	1
A_HP_37	41	Picture	response21	3443959	247	1	40229	1	0	40000	hit	215
A_HP_37	41	Response	2	3451004	7293	1
A_HP_37	41	Pulse	99	3460916	17204	1
A_HP_37	41	Pulse	99	3480836	37124	1
A_HP_37	42	Picture	response23	3494251	139	1	40230	1	0	40000	hit	220
A_HP_37	42	Pulse	99	3500916	6804	1
A_HP_37	42	Response	1	3505774	11663	1
A_HP_37	42	Pulse	99	3520916	26804	1
A_HP_37	42	Pulse	99	3540836	46724	1
A_HP_37	43	Picture	ins19	3544709	198	1	30229	1	0	30000	other	0
A_HP_37	43	Pulse	99	3560836	16324	1
A_HP_37	43	Pulse	99	3580916	36404	1
A_HP_37	43	Pulse	99	3600836	56324	1
A_HP_37	43	Pulse	99	3620836	76324	1
A_HP_37	43	Pulse	99	3640916	96404	1
A_HP_37	43	Pulse	99	3660836	116324	1
A_HP_37	43	Pulse	99	3680835	136324	1
A_HP_37	43	Pulse	99	3700916	156404	1
A_HP_37	43	Pulse	99	3720836	176324	1
A_HP_37	43	Pulse	99	3740836	196324	1
A_HP_37	43	Pulse	99	3760916	216404	1
A_HP_37	43	Pulse	99	3780835	236324	1
A_HP_37	43	Pulse	99	3800835	256324	1
A_HP_37	43	Pulse	99	3820916	276404	1
A_HP_37	43	Pulse	99	3840836	296324	1
A_HP_37	44	Response	3	3860836	6093	1
A_HP_37	44	Pulse	99	3860836	6093	1
A_HP_37	45	Picture	response145	3861441	230	1	40229	1	0	40000	hit	243
A_HP_37	45	Pulse	99	3880915	19704	1
A_HP_37	45	Response	2	3884954	23743	1
A_HP_37	45	Pulse	99	3900836	39624	1
A_HP_37	46	Picture	response147	3911900	288	1	40229	1	0	40000	incorrect	247
A_HP_37	46	Pulse	99	3920835	9224	1
A_HP_37	46	Response	1	3935344	23733	1
A_HP_37	46	Pulse	99	3940915	29304	1
A_HP_37	46	Pulse	99	3960915	49304	1
A_HP_37	47	Picture	response148	3962191	180	1	40229	1	0	40000	hit	252
A_HP_37	47	Pulse	99	3980835	18824	1
A_HP_37	47	Response	1	3988284	26273	1
A_HP_37	47	Pulse	99	4000915	38904	1
A_HP_37	48	Picture	response149	4012649	238	1	40229	1	0	40000	incorrect	256
A_HP_37	48	Pulse	99	4020915	8504	1
A_HP_37	48	Response	1	4033604	21193	1
A_HP_37	48	Pulse	99	4040835	28424	1
A_HP_37	48	Pulse	99	4060835	48424	1
A_HP_37	49	Picture	response150	4062941	130	1	40229	1	0	40000	hit	260
A_HP_37	49	Response	2	4073554	10743	1
A_HP_37	49	Pulse	99	4080916	18104	1
A_HP_37	49	Pulse	99	4100835	38024	1
A_HP_37	50	Picture	response152	4113566	355	1	40229	1	0	40000	hit	266
A_HP_37	50	Pulse	99	4120835	7624	1
A_HP_37	50	Pulse	99	4140915	27704	1
A_HP_37	50	Response	1	4145014	31802	1
A_HP_37	50	Pulse	99	4160835	47624	1
A_HP_37	51	Picture	response146	4163858	246	1	40229	1	0	40000	hit	270
A_HP_37	51	Pulse	99	4180835	17224	1
A_HP_37	51	Response	1	4197314	33703	1
A_HP_37	51	Pulse	99	4200915	37303	1
A_HP_37	52	Picture	response151	4214149	138	1	40229	1	0	40000	hit	275
A_HP_37	52	Pulse	99	4220835	6824	1
A_HP_37	52	Pulse	99	4240835	26824	1
A_HP_37	52	Response	1	4249654	35643	1
A_HP_37	52	Pulse	99	4260915	46904	1
A_HP_37	53	Picture	ins11	4264607	196	1	30229	1	0	30000	other	0
A_HP_37	53	Pulse	99	4280835	16424	1
A_HP_37	53	Pulse	99	4300835	36424	1
A_HP_37	53	Pulse	99	4320915	56504	1
A_HP_37	53	Pulse	99	4340835	76424	1
A_HP_37	53	Pulse	99	4360835	96424	1
A_HP_37	53	Pulse	99	4380915	116504	1
A_HP_37	53	Pulse	99	4400835	136424	1
A_HP_37	53	Pulse	99	4420835	156424	1
A_HP_37	53	Pulse	99	4440915	176504	1
A_HP_37	53	Pulse	99	4460835	196424	1
A_HP_37	53	Pulse	99	4480835	216424	1
A_HP_37	53	Pulse	99	4500915	236504	1
A_HP_37	53	Pulse	99	4520835	256424	1
A_HP_37	53	Pulse	99	4540835	276424	1
A_HP_37	53	Pulse	99	4560915	296504	1
A_HP_37	54	Response	3	4580835	6194	1
A_HP_37	54	Pulse	99	4580835	6194	1
A_HP_37	55	Picture	response84	4581441	230	1	40229	1	0	40000	hit	296
A_HP_37	55	Response	1	4599354	18142	1
A_HP_37	55	Pulse	99	4600835	19623	1
A_HP_37	55	Pulse	99	4620835	39624	1
A_HP_37	56	Picture	response87	4631900	289	1	40229	1	0	40000	hit	301
A_HP_37	56	Pulse	99	4640835	9224	1
A_HP_37	56	Response	2	4649854	18243	1
A_HP_37	56	Pulse	99	4660835	29224	1
A_HP_37	56	Pulse	99	4680835	49224	1
A_HP_37	57	Picture	response86	4682191	180	1	40229	1	0	40000	incorrect	306
A_HP_37	57	Pulse	99	4700835	18824	1
A_HP_37	57	Response	1	4713484	31473	1
A_HP_37	57	Pulse	99	4720835	38824	1
A_HP_37	58	Picture	response85	4732649	238	1	40230	1	0	40000	hit	310
A_HP_37	58	Pulse	99	4740835	8424	1
A_HP_37	58	Response	1	4759224	26813	1
A_HP_37	58	Pulse	99	4760915	28504	1
A_HP_37	58	Pulse	99	4780835	48424	1
A_HP_37	59	Picture	response82	4782941	130	1	40229	1	0	40000	miss	0
A_HP_37	59	Pulse	99	4800835	18024	1
A_HP_37	59	Pulse	99	4820915	38104	1
A_HP_37	60	Picture	response83	4833565	354	1	40229	1	0	40000	incorrect	318
A_HP_37	60	Pulse	99	4840835	7624	1
A_HP_37	60	Response	1	4859224	26013	1
A_HP_37	60	Pulse	99	4860834	27623	1
A_HP_37	60	Pulse	99	4880915	47704	1
A_HP_37	61	Picture	response81	4883857	246	1	40229	1	0	40000	hit	323
A_HP_37	61	Pulse	99	4900835	17224	1
A_HP_37	61	Response	2	4904043	20432	1
A_HP_37	61	Pulse	99	4920835	37224	1
A_HP_37	62	Picture	response88	4934148	137	1	40229	1	0	40000	incorrect	328
A_HP_37	62	Pulse	99	4940915	6904	1
A_HP_37	62	Pulse	99	4960835	26824	1
A_HP_37	62	Response	1	4963233	29222	1
A_HP_37	62	Pulse	99	4980835	46824	1
A_HP_37	63	Picture	thanks	4984107	0	1	10229	1	0	10000	other	0
A_HP_37	63	Pulse	99	5000915	16808	1


Event Type	Code	Type	Response	RT	RT Uncertainty	Time	Uncertainty	Duration	Uncertainty	ReqTime	ReqDur

Picture	ready	other				601149	1	10229	1	0	10000
Picture	ins9	other				661748	1	30229	1	0	30000
Picture	response72	hit	1	19412	2	981543	1	40230	1	0	40000
Picture	response69	hit	1	8804	2	1032002	1	40230	1	0	40000
Picture	response65	hit	1	13612	2	1082294	1	40230	1	0	40000
Picture	response71	hit	1	19019	2	1132586	1	40229	1	0	40000
Picture	response70	hit	2	14375	2	1183211	1	40229	1	0	40000
Picture	response68	hit	2	12333	2	1233502	1	40229	1	0	40000
Picture	response67	hit	1	12695	2	1283960	1	40229	1	0	40000
Picture	response66	hit	2	16513	2	1334253	1	40229	1	0	40000
Picture	ins17	other				1384711	1	30229	1	0	30000
Picture	response133	hit	1	24903	2	1701542	1	40230	1	0	40000
Picture	response134	hit	1	21344	2	1752001	1	40229	1	0	40000
Picture	response131	hit	2	14102	2	1802293	1	40229	1	0	40000
Picture	response135	hit	2	12371	2	1852584	1	40229	1	0	40000
Picture	response132	hit	1	39276	2	1903209	1	40230	1	0	40000
Picture	response136	hit	2	14924	2	1953501	1	40229	1	0	40000
Picture	response130	hit	1	31196	2	2003959	1	40229	1	0	40000
Picture	response129	hit	2	14204	2	2054251	1	40229	1	0	40000
Picture	ins1	other				2104709	1	30229	1	0	30000
Picture	response2	hit	2	10252	2	2421543	1	40229	1	0	40000
Picture	response5	hit	2	6994	2	2472001	1	40229	1	0	40000
Picture	response8	hit	2	8322	2	2522293	1	40230	1	0	40000
Picture	response1	hit	2	8440	2	2572585	1	40230	1	0	40000
Picture	response3	hit	1	12354	2	2623210	1	40229	1	0	40000
Picture	response7	hit	1	8322	2	2673502	1	40229	1	0	40000
Picture	response6	hit	1	8654	2	2723960	1	40229	1	0	40000
Picture	response4	hit	2	10112	2	2774252	1	40229	1	0	40000
Picture	ins3	other				2824710	1	30229	1	0	30000
Picture	response19	hit	2	15463	2	3141542	1	40229	1	0	40000
Picture	response20	hit	1	13974	2	3192000	1	40229	1	0	40000
Picture	response18	hit	2	7213	2	3242291	1	40229	1	0	40000
Picture	response17	hit	1	12841	2	3292583	1	40229	1	0	40000
Picture	response24	hit	1	25006	2	3343209	1	40229	1	0	40000
Picture	response22	hit	1	9673	2	3393500	1	40229	1	0	40000
Picture	response21	hit	2	7046	2	3443959	1	40229	1	0	40000
Picture	response23	hit	1	11524	2	3494251	1	40230	1	0	40000
Picture	ins19	other				3544709	1	30229	1	0	30000
Picture	response145	hit	2	23513	2	3861441	1	40229	1	0	40000
Picture	response147	incorrect	1	23445	2	3911900	1	40229	1	0	40000
Picture	response148	hit	1	26093	2	3962191	1	40229	1	0	40000
Picture	response149	incorrect	1	20955	2	4012649	1	40229	1	0	40000
Picture	response150	hit	2	10613	2	4062941	1	40229	1	0	40000
Picture	response152	hit	1	31448	2	4113566	1	40229	1	0	40000
Picture	response146	hit	1	33457	2	4163858	1	40229	1	0	40000
Picture	response151	hit	1	35505	2	4214149	1	40229	1	0	40000
Picture	ins11	other				4264607	1	30229	1	0	30000
Picture	response84	hit	1	17912	2	4581441	1	40229	1	0	40000
Picture	response87	hit	2	17954	2	4631900	1	40229	1	0	40000
Picture	response86	incorrect	1	31293	2	4682191	1	40229	1	0	40000
Picture	response85	hit	1	26575	2	4732649	1	40230	1	0	40000
Picture	response82	miss				4782941	1	40229	1	0	40000
Picture	response83	incorrect	1	25658	2	4833565	1	40229	1	0	40000
Picture	response81	hit	2	20187	2	4883857	1	40229	1	0	40000
Picture	response88	incorrect	1	29085	2	4934148	1	40229	1	0	40000
Picture	thanks	other				4984107	1	10229	1	0	10000


{
   "app": "Presentation Version 21.0 Build 06.06.19",
   "device": "LENOVO 20KHCTO1WW",
   "experiment": "{C0C68DB1-10BA-42F2-8F79-3F2AFFEED4E4}",
   "os": "Windows 10 64 bit",
   "package": "",
   "parameters": {
      "configuration": "Default configuration"
   },
   "scenario": "Feature experiment(1).sce",
   "subject": "A_HP_37",
   "timestamp": "2019/12/04 06:24:11 GMT"
}
