Scenario - 
Logfile written - 11/21/2019 09:11:45

Subject	Trial	Event Type	Code	Time	TTime	Uncertainty	Duration	Uncertainty	ReqTime	ReqDur	Stim Type	Pair Index

A_HP_30	1	Response	3	684285	683119	1
A_HP_30	1	Pulse	99	684285	683119	1
A_HP_30	2	Picture	ready	684553	0	1	10229	1	0	10000	other	0
A_HP_30	2	Pulse	99	704285	19732	1
A_HP_30	2	Pulse	99	724285	39732	1
A_HP_30	2	Pulse	99	744285	59732	1
A_HP_30	3	Picture	ins1	745132	234	1	30229	1	0	30000	other	0
A_HP_30	3	Pulse	99	764285	19387	1
A_HP_30	3	Pulse	99	784284	39386	1
A_HP_30	3	Pulse	99	804285	59387	1
A_HP_30	3	Pulse	99	824285	79387	1
A_HP_30	3	Pulse	99	844285	99387	1
A_HP_30	3	Pulse	99	864285	119387	1
A_HP_30	3	Pulse	99	884285	139387	1
A_HP_30	3	Pulse	99	904285	159387	1
A_HP_30	3	Pulse	99	924285	179387	1
A_HP_30	3	Pulse	99	944285	199387	1
A_HP_30	3	Pulse	99	964285	219387	1
A_HP_30	3	Pulse	99	984285	239387	1
A_HP_30	3	Pulse	99	1004285	259387	1
A_HP_30	3	Pulse	99	1024285	279387	1
A_HP_30	3	Pulse	99	1044205	299307	1
A_HP_30	4	Response	3	1064285	9157	1
A_HP_30	4	Pulse	99	1064285	9157	1
A_HP_30	5	Picture	response4	1064933	234	1	40229	1	0	40000	hit	26
A_HP_30	5	Response	2	1075734	11035	1
A_HP_30	5	Pulse	99	1084285	19586	1
A_HP_30	5	Pulse	99	1104285	39586	1
A_HP_30	6	Picture	response7	1115224	126	1	40230	1	0	40000	hit	30
A_HP_30	6	Response	1	1123193	8095	1
A_HP_30	6	Pulse	99	1124284	9186	1
A_HP_30	6	Pulse	99	1144284	29186	1
A_HP_30	6	Pulse	99	1164284	49186	1
A_HP_30	7	Picture	response1	1165683	186	1	40229	1	0	40000	hit	35
A_HP_30	7	Response	2	1171263	5766	1
A_HP_30	7	Pulse	99	1184284	18787	1
A_HP_30	7	Pulse	99	1204284	38787	1
A_HP_30	8	Picture	response3	1216142	244	1	40229	1	0	40000	hit	39
A_HP_30	8	Response	1	1224173	8275	1
A_HP_30	8	Pulse	99	1224284	8386	1
A_HP_30	8	Pulse	99	1244284	28386	1
A_HP_30	8	Pulse	99	1264284	48386	1
A_HP_30	9	Picture	response6	1266433	135	1	40229	1	0	40000	hit	44
A_HP_30	9	Response	1	1277553	11255	1
A_HP_30	9	Pulse	99	1284284	17986	1
A_HP_30	9	Pulse	99	1304284	37986	1
A_HP_30	10	Picture	response5	1316892	194	1	40229	1	0	40000	hit	48
A_HP_30	10	Response	2	1323423	6725	1
A_HP_30	10	Pulse	99	1324284	7586	1
A_HP_30	10	Pulse	99	1344284	27586	1
A_HP_30	10	Pulse	99	1364204	47506	1
A_HP_30	11	Picture	response8	1367183	86	1	40230	1	0	40000	hit	53
A_HP_30	11	Response	2	1374263	7165	1
A_HP_30	11	Pulse	99	1384284	17187	1
A_HP_30	11	Pulse	99	1404284	37187	1
A_HP_30	12	Picture	response2	1417808	311	1	40229	1	0	40000	hit	58
A_HP_30	12	Pulse	99	1424204	6707	1
A_HP_30	12	Response	2	1427702	10205	1
A_HP_30	12	Pulse	99	1444285	26787	1
A_HP_30	12	Pulse	99	1464284	46787	1
A_HP_30	13	Picture	ins17	1468100	203	1	30229	1	0	30000	other	0
A_HP_30	13	Pulse	99	1484284	16387	1
A_HP_30	13	Pulse	99	1504284	36387	1
A_HP_30	13	Pulse	99	1524284	56387	1
A_HP_30	13	Pulse	99	1544284	76387	1
A_HP_30	13	Pulse	99	1564284	96387	1
A_HP_30	13	Pulse	99	1584284	116387	1
A_HP_30	13	Pulse	99	1604284	136386	1
A_HP_30	13	Pulse	99	1624284	156386	1
A_HP_30	13	Pulse	99	1644284	176387	1
A_HP_30	13	Pulse	99	1664284	196387	1
A_HP_30	13	Pulse	99	1684204	216307	1
A_HP_30	13	Pulse	99	1704284	236387	1
A_HP_30	13	Pulse	99	1724284	256387	1
A_HP_30	13	Pulse	99	1744204	276307	1
A_HP_30	13	Pulse	99	1764284	296387	1
A_HP_30	14	Response	3	1784284	6156	1
A_HP_30	14	Pulse	99	1784284	6156	1
A_HP_30	15	Picture	response130	1784928	230	1	40229	1	0	40000	hit	81
A_HP_30	15	Pulse	99	1804204	19506	1
A_HP_30	15	Response	1	1813373	28675	1
A_HP_30	15	Pulse	99	1824284	39586	1
A_HP_30	16	Picture	response134	1835220	122	1	40229	1	0	40000	hit	85
A_HP_30	16	Pulse	99	1844284	9186	1
A_HP_30	16	Response	1	1858873	23775	1
A_HP_30	16	Pulse	99	1864204	29106	1
A_HP_30	16	Pulse	99	1884284	49186	1
A_HP_30	17	Picture	response136	1885845	347	1	40229	1	0	40000	hit	89
A_HP_30	17	Response	2	1898893	13395	1
A_HP_30	17	Pulse	99	1904284	18786	1
A_HP_30	17	Pulse	99	1924284	38787	1
A_HP_30	18	Picture	response132	1936136	239	1	40229	1	0	40000	hit	94
A_HP_30	18	Pulse	99	1944284	8386	1
A_HP_30	18	Response	1	1956173	20275	1
A_HP_30	18	Pulse	99	1964284	28386	1
A_HP_30	18	Pulse	99	1984285	48387	1
A_HP_30	19	Picture	response135	1986428	130	1	40229	1	0	40000	hit	98
A_HP_30	19	Response	2	1997033	10735	1
A_HP_30	19	Pulse	99	2004204	17906	1
A_HP_30	19	Pulse	99	2024284	37987	1
A_HP_30	20	Picture	response129	2036886	189	1	40229	1	0	40000	hit	103
A_HP_30	20	Pulse	99	2044284	7586	1
A_HP_30	20	Response	2	2053392	16695	1
A_HP_30	20	Pulse	99	2064204	27506	1
A_HP_30	20	Pulse	99	2084284	47586	1
A_HP_30	21	Picture	response133	2087344	247	1	40229	1	0	40000	hit	107
A_HP_30	21	Response	1	2101033	13935	1
A_HP_30	21	Pulse	99	2104283	17186	1
A_HP_30	21	Pulse	99	2124204	37106	1
A_HP_30	22	Picture	response131	2137802	305	1	40229	1	0	40000	hit	112
A_HP_30	22	Pulse	99	2144284	6787	1
A_HP_30	22	Response	2	2157703	20205	1
A_HP_30	22	Pulse	99	2164284	26787	1
A_HP_30	22	Pulse	99	2184204	46706	1
A_HP_30	23	Picture	ins19	2188094	197	1	30229	1	0	30000	other	0
A_HP_30	23	Pulse	99	2204284	16387	1
A_HP_30	23	Pulse	99	2224284	36387	1
A_HP_30	23	Pulse	99	2244204	56307	1
A_HP_30	23	Pulse	99	2264284	76386	1
A_HP_30	23	Pulse	99	2284284	96387	1
A_HP_30	23	Pulse	99	2304284	116387	1
A_HP_30	23	Pulse	99	2324204	136307	1
A_HP_30	23	Pulse	99	2344284	156387	1
A_HP_30	23	Pulse	99	2364284	176387	1
A_HP_30	23	Pulse	99	2384204	196307	1
A_HP_30	23	Pulse	99	2404284	216387	1
A_HP_30	23	Pulse	99	2424284	236387	1
A_HP_30	23	Pulse	99	2444204	256307	1
A_HP_30	23	Pulse	99	2464284	276387	1
A_HP_30	23	Pulse	99	2484284	296387	1
A_HP_30	24	Response	3	2504204	6077	1
A_HP_30	24	Pulse	99	2504204	6077	1
A_HP_30	25	Picture	response150	2504827	230	1	40229	1	0	40000	hit	134
A_HP_30	25	Response	2	2519153	14555	1
A_HP_30	25	Pulse	99	2524283	19686	1
A_HP_30	25	Pulse	99	2544284	39686	1
A_HP_30	26	Picture	response147	2555285	288	1	40396	1	0	40000	hit	139
A_HP_30	26	Pulse	99	2564204	9207	1
A_HP_30	26	Response	2	2572252	17255	1
A_HP_30	26	Pulse	99	2584284	29287	1
A_HP_30	26	Pulse	99	2604284	49287	1
A_HP_30	27	Picture	response148	2605577	180	1	40230	1	0	40000	hit	143
A_HP_30	27	Response	1	2619442	14045	1
A_HP_30	27	Pulse	99	2624203	18806	1
A_HP_30	27	Pulse	99	2644204	38807	1
A_HP_30	28	Picture	response152	2655869	72	1	40229	1	0	40000	hit	148
A_HP_30	28	Pulse	99	2664284	8487	1
A_HP_30	28	Response	1	2667822	12025	1
A_HP_30	28	Pulse	99	2684284	28486	1
A_HP_30	28	Pulse	99	2704204	48407	1
A_HP_30	29	Picture	response151	2706494	297	1	40229	1	0	40000	hit	152
A_HP_30	29	Response	1	2721493	15296	1
A_HP_30	29	Pulse	99	2724283	18086	1
A_HP_30	29	Pulse	99	2744284	38086	1
A_HP_30	30	Picture	response149	2756786	189	1	40396	1	0	40000	hit	157
A_HP_30	30	Pulse	99	2764204	7607	1
A_HP_30	30	Response	2	2768432	11835	1
A_HP_30	30	Pulse	99	2784284	27687	1
A_HP_30	30	Pulse	99	2804284	47687	1
A_HP_30	31	Picture	response146	2807244	247	1	40229	1	0	40000	hit	161
A_HP_30	31	Response	1	2817282	10285	1
A_HP_30	31	Pulse	99	2824203	17206	1
A_HP_30	31	Pulse	99	2844284	37286	1
A_HP_30	32	Picture	response145	2857536	139	1	40229	1	0	40000	hit	166
A_HP_30	32	Pulse	99	2864284	6887	1
A_HP_30	32	Response	2	2869562	12165	1
A_HP_30	32	Pulse	99	2884204	26807	1
A_HP_30	32	Pulse	99	2904284	46887	1
A_HP_30	33	Picture	ins9	2907994	196	1	30229	1	0	30000	other	0
A_HP_30	33	Pulse	99	2924284	16486	1
A_HP_30	33	Pulse	99	2944204	36406	1
A_HP_30	33	Pulse	99	2964204	56406	1
A_HP_30	33	Pulse	99	2984284	76486	1
A_HP_30	33	Pulse	99	3004204	96406	1
A_HP_30	33	Pulse	99	3024204	116406	1
A_HP_30	33	Pulse	99	3044284	136486	1
A_HP_30	33	Pulse	99	3064284	156486	1
A_HP_30	33	Pulse	99	3084204	176405	1
A_HP_30	33	Pulse	99	3104284	196486	1
A_HP_30	33	Pulse	99	3124284	216486	1
A_HP_30	33	Pulse	99	3144204	236406	1
A_HP_30	33	Pulse	99	3164284	256486	1
A_HP_30	33	Pulse	99	3184284	276486	1
A_HP_30	33	Pulse	99	3204204	296405	1
A_HP_30	34	Response	3	3224284	6255	1
A_HP_30	34	Pulse	99	3224284	6255	1
A_HP_30	35	Picture	response66	3224928	230	1	40229	1	0	40000	hit	188
A_HP_30	35	Response	2	3236273	11575	1
A_HP_30	35	Pulse	99	3244284	19586	1
A_HP_30	35	Pulse	99	3264204	39506	1
A_HP_30	36	Picture	response69	3275219	122	1	40229	1	0	40000	hit	193
A_HP_30	36	Pulse	99	3284204	9107	1
A_HP_30	36	Response	1	3289602	14505	1
A_HP_30	36	Pulse	99	3304284	29187	1
A_HP_30	36	Pulse	99	3324204	49107	1
A_HP_30	37	Picture	response68	3325844	347	1	40229	1	0	40000	hit	197
A_HP_30	37	Response	2	3335023	9525	1
A_HP_30	37	Pulse	99	3344204	18706	1
A_HP_30	37	Pulse	99	3364284	38786	1
A_HP_30	38	Picture	response70	3376136	239	1	40229	1	0	40000	hit	202
A_HP_30	38	Pulse	99	3384204	8306	1
A_HP_30	38	Response	2	3402483	26585	1
A_HP_30	38	Pulse	99	3404203	28306	1
A_HP_30	38	Pulse	99	3424284	48386	1
A_HP_30	39	Picture	response67	3426428	131	1	40229	1	0	40000	hit	206
A_HP_30	39	Response	1	3438982	12685	1
A_HP_30	39	Pulse	99	3444284	17987	1
A_HP_30	39	Pulse	99	3464204	37907	1
A_HP_30	40	Picture	response71	3476886	189	1	40230	1	0	40000	hit	211
A_HP_30	40	Pulse	99	3484284	7587	1
A_HP_30	40	Response	1	3494303	17605	1
A_HP_30	40	Pulse	99	3504284	27586	1
A_HP_30	40	Pulse	99	3524204	47506	1
A_HP_30	41	Picture	response65	3527345	248	1	40229	1	0	40000	hit	215
A_HP_30	41	Response	1	3540762	13665	1
A_HP_30	41	Pulse	99	3544203	17106	1
A_HP_30	41	Pulse	99	3564284	37187	1
A_HP_30	42	Picture	response72	3577803	306	1	40229	1	0	40000	hit	220
A_HP_30	42	Pulse	99	3584204	6707	1
A_HP_30	42	Response	1	3590412	12915	1
A_HP_30	42	Pulse	99	3604203	26706	1
A_HP_30	42	Pulse	99	3624284	46787	1
A_HP_30	43	Picture	ins11	3628095	198	1	30229	1	0	30000	other	0
A_HP_30	43	Pulse	99	3644204	16307	1
A_HP_30	43	Pulse	99	3664204	36307	1
A_HP_30	43	Pulse	99	3684284	56387	1
A_HP_30	43	Pulse	99	3704203	76307	1
A_HP_30	43	Pulse	99	3724203	96307	1
A_HP_30	43	Pulse	99	3744284	116387	1
A_HP_30	43	Pulse	99	3764204	136307	1
A_HP_30	43	Pulse	99	3784203	156306	1
A_HP_30	43	Pulse	99	3804283	176386	1
A_HP_30	43	Pulse	99	3824203	196306	1
A_HP_30	43	Pulse	99	3844203	216307	1
A_HP_30	43	Pulse	99	3864203	236307	1
A_HP_30	43	Pulse	99	3884284	256387	1
A_HP_30	43	Pulse	99	3904203	276307	1
A_HP_30	43	Pulse	99	3924203	296307	1
A_HP_30	44	Response	3	3944283	6156	1
A_HP_30	44	Pulse	99	3944283	6156	1
A_HP_30	45	Picture	response81	3944926	230	1	40229	1	0	40000	incorrect	242
A_HP_30	45	Response	1	3958052	13356	1
A_HP_30	45	Pulse	99	3964203	19507	1
A_HP_30	45	Pulse	99	3984203	39506	1
A_HP_30	46	Picture	response88	3995218	121	1	40229	1	0	40000	hit	247
A_HP_30	46	Pulse	99	4004282	9185	1
A_HP_30	46	Response	2	4006722	11624	1
A_HP_30	46	Pulse	99	4024203	29106	1
A_HP_30	46	Pulse	99	4044203	49106	1
A_HP_30	47	Picture	response87	4045843	346	1	40229	1	0	40000	hit	251
A_HP_30	47	Response	2	4053971	8474	1
A_HP_30	47	Pulse	99	4064284	18786	1
A_HP_30	47	Pulse	99	4084203	38705	1
A_HP_30	48	Picture	response86	4096135	238	1	40229	1	0	40000	hit	256
A_HP_30	48	Pulse	99	4104204	8307	1
A_HP_30	48	Response	2	4106372	10476	1
A_HP_30	48	Pulse	99	4124283	28387	1
A_HP_30	48	Pulse	99	4144203	48307	1
A_HP_30	49	Picture	response84	4146426	130	1	40229	1	0	40000	hit	260
A_HP_30	49	Response	1	4160152	13855	1
A_HP_30	49	Pulse	99	4164203	17906	1
A_HP_30	49	Pulse	99	4184203	37906	1
A_HP_30	50	Picture	response85	4196885	188	1	40229	1	0	40000	hit	265
A_HP_30	50	Pulse	99	4204203	7507	1
A_HP_30	50	Response	1	4209752	13056	1
A_HP_30	50	Pulse	99	4224203	27507	1
A_HP_30	50	Pulse	99	4244203	47507	1
A_HP_30	51	Picture	response83	4247343	246	1	40229	1	0	40000	hit	269
A_HP_30	51	Response	2	4256782	9685	1
A_HP_30	51	Pulse	99	4264283	17186	1
A_HP_30	51	Pulse	99	4284203	37106	1
A_HP_30	52	Picture	response82	4297801	304	1	40229	1	0	40000	hit	274
A_HP_30	52	Pulse	99	4304203	6706	1
A_HP_30	52	Response	1	4306522	9025	1
A_HP_30	52	Pulse	99	4324283	26786	1
A_HP_30	52	Pulse	99	4344203	46706	1
A_HP_30	53	Picture	ins3	4348093	197	1	30229	1	0	30000	other	0
A_HP_30	53	Pulse	99	4364203	16307	1
A_HP_30	53	Pulse	99	4384283	36387	1
A_HP_30	53	Pulse	99	4404203	56307	1
A_HP_30	53	Pulse	99	4424203	76307	1
A_HP_30	53	Pulse	99	4444283	96387	1
A_HP_30	53	Pulse	99	4464203	116307	1
A_HP_30	53	Pulse	99	4484203	136307	1
A_HP_30	53	Pulse	99	4504203	156307	1
A_HP_30	53	Pulse	99	4524203	176307	1
A_HP_30	53	Pulse	99	4544203	196307	1
A_HP_30	53	Pulse	99	4564203	216307	1
A_HP_30	53	Pulse	99	4584203	236307	1
A_HP_30	53	Pulse	99	4604203	256307	1
A_HP_30	53	Pulse	99	4624203	276307	1
A_HP_30	53	Pulse	99	4644283	296387	1
A_HP_30	54	Response	3	4664203	6076	1
A_HP_30	54	Pulse	99	4664203	6076	1
A_HP_30	55	Picture	response23	4664827	230	1	40229	1	0	40000	hit	296
A_HP_30	55	Response	1	4675422	10825	1
A_HP_30	55	Pulse	99	4684203	19606	1
A_HP_30	55	Pulse	99	4704283	39686	1
A_HP_30	56	Picture	response19	4715286	289	1	40230	1	0	40000	hit	300
A_HP_30	56	Response	2	4721742	6745	1
A_HP_30	56	Pulse	99	4724202	9206	1
A_HP_30	56	Pulse	99	4744202	29206	1
A_HP_30	56	Pulse	99	4764283	49286	1
A_HP_30	57	Picture	response17	4765578	182	1	40229	1	0	40000	incorrect	305
A_HP_30	57	Response	2	4782071	16675	1
A_HP_30	57	Pulse	99	4784202	18806	1
A_HP_30	57	Pulse	99	4804203	38807	1
A_HP_30	58	Picture	response21	4815870	73	1	40230	1	0	40000	hit	310
A_HP_30	58	Pulse	99	4824203	8407	1
A_HP_30	58	Response	2	4825481	9685	1
A_HP_30	58	Pulse	99	4844203	28407	1
A_HP_30	58	Pulse	99	4864203	48407	1
A_HP_30	59	Picture	response18	4866495	299	1	40230	1	0	40000	hit	314
A_HP_30	59	Response	2	4877921	11725	1
A_HP_30	59	Pulse	99	4884203	18006	1
A_HP_30	59	Pulse	99	4904203	38006	1
A_HP_30	60	Picture	response22	4916788	192	1	40229	1	0	40000	hit	318
A_HP_30	60	Response	1	4922542	5946	1
A_HP_30	60	Pulse	99	4924202	7607	1
A_HP_30	60	Pulse	99	4944203	27607	1
A_HP_30	60	Pulse	99	4964203	47607	1
A_HP_30	61	Picture	response20	4967246	249	1	40230	1	0	40000	hit	323
A_HP_30	61	Response	1	4974842	7845	1
A_HP_30	61	Pulse	99	4984203	17206	1
A_HP_30	61	Pulse	99	5004203	37206	1
A_HP_30	62	Picture	response24	5017537	141	1	40230	1	0	40000	hit	328
A_HP_30	62	Pulse	99	5024283	6886	1
A_HP_30	62	Response	1	5026792	9395	1
A_HP_30	62	Pulse	99	5044203	26806	1
A_HP_30	62	Pulse	99	5064203	46806	1
A_HP_30	63	Picture	thanks	5067663	0	1	10229	1	0	10000	other	0
A_HP_30	63	Pulse	99	5084283	16620	1


Event Type	Code	Type	Response	RT	RT Uncertainty	Time	Uncertainty	Duration	Uncertainty	ReqTime	ReqDur

Picture	ready	other				684553	1	10229	1	0	10000
Picture	ins1	other				745132	1	30229	1	0	30000
Picture	response4	hit	2	10801	2	1064933	1	40229	1	0	40000
Picture	response7	hit	1	7969	2	1115224	1	40230	1	0	40000
Picture	response1	hit	2	5580	2	1165683	1	40229	1	0	40000
Picture	response3	hit	1	8031	2	1216142	1	40229	1	0	40000
Picture	response6	hit	1	11120	2	1266433	1	40229	1	0	40000
Picture	response5	hit	2	6532	2	1316892	1	40229	1	0	40000
Picture	response8	hit	2	7080	2	1367183	1	40230	1	0	40000
Picture	response2	hit	2	9894	2	1417808	1	40229	1	0	40000
Picture	ins17	other				1468100	1	30229	1	0	30000
Picture	response130	hit	1	28445	2	1784928	1	40229	1	0	40000
Picture	response134	hit	1	23653	2	1835220	1	40229	1	0	40000
Picture	response136	hit	2	13048	2	1885845	1	40229	1	0	40000
Picture	response132	hit	1	20037	2	1936136	1	40229	1	0	40000
Picture	response135	hit	2	10605	2	1986428	1	40229	1	0	40000
Picture	response129	hit	2	16506	2	2036886	1	40229	1	0	40000
Picture	response133	hit	1	13688	2	2087344	1	40229	1	0	40000
Picture	response131	hit	2	19900	2	2137802	1	40229	1	0	40000
Picture	ins19	other				2188094	1	30229	1	0	30000
Picture	response150	hit	2	14325	2	2504827	1	40229	1	0	40000
Picture	response147	hit	2	16967	2	2555285	1	40396	1	0	40000
Picture	response148	hit	1	13865	2	2605577	1	40230	1	0	40000
Picture	response152	hit	1	11953	2	2655869	1	40229	1	0	40000
Picture	response151	hit	1	14999	2	2706494	1	40229	1	0	40000
Picture	response149	hit	2	11646	2	2756786	1	40396	1	0	40000
Picture	response146	hit	1	10038	2	2807244	1	40229	1	0	40000
Picture	response145	hit	2	12026	2	2857536	1	40229	1	0	40000
Picture	ins9	other				2907994	1	30229	1	0	30000
Picture	response66	hit	2	11345	2	3224928	1	40229	1	0	40000
Picture	response69	hit	1	14383	2	3275219	1	40229	1	0	40000
Picture	response68	hit	2	9178	2	3325844	1	40229	1	0	40000
Picture	response70	hit	2	26347	2	3376136	1	40229	1	0	40000
Picture	response67	hit	1	12555	2	3426428	1	40229	1	0	40000
Picture	response71	hit	1	17416	2	3476886	1	40230	1	0	40000
Picture	response65	hit	1	13417	2	3527345	1	40229	1	0	40000
Picture	response72	hit	1	12609	2	3577803	1	40229	1	0	40000
Picture	ins11	other				3628095	1	30229	1	0	30000
Picture	response81	incorrect	1	13126	2	3944926	1	40229	1	0	40000
Picture	response88	hit	2	11504	2	3995218	1	40229	1	0	40000
Picture	response87	hit	2	8128	2	4045843	1	40229	1	0	40000
Picture	response86	hit	2	10237	2	4096135	1	40229	1	0	40000
Picture	response84	hit	1	13726	2	4146426	1	40229	1	0	40000
Picture	response85	hit	1	12867	2	4196885	1	40229	1	0	40000
Picture	response83	hit	2	9439	2	4247343	1	40229	1	0	40000
Picture	response82	hit	1	8721	2	4297801	1	40229	1	0	40000
Picture	ins3	other				4348093	1	30229	1	0	30000
Picture	response23	hit	1	10595	2	4664827	1	40229	1	0	40000
Picture	response19	hit	2	6456	2	4715286	1	40230	1	0	40000
Picture	response17	incorrect	2	16494	2	4765578	1	40229	1	0	40000
Picture	response21	hit	2	9611	2	4815870	1	40230	1	0	40000
Picture	response18	hit	2	11426	2	4866495	1	40230	1	0	40000
Picture	response22	hit	1	5754	2	4916788	1	40229	1	0	40000
Picture	response20	hit	1	7596	2	4967246	1	40230	1	0	40000
Picture	response24	hit	1	9254	2	5017537	1	40230	1	0	40000
Picture	thanks	other				5067663	1	10229	1	0	10000


{
   "app": "Presentation Version 21.0 Build 06.06.19",
   "device": "LENOVO 20KHCTO1WW",
   "experiment": "{C0C68DB1-10BA-42F2-8F79-3F2AFFEED4E4}",
   "os": "Windows 10 64 bit",
   "package": "",
   "parameters": {
      "configuration": "Default configuration"
   },
   "scenario": "Feature experiment(1).sce",
   "subject": "A_HP_30",
   "timestamp": "2019/11/21 00:03:07 GMT"
}
