Scenario - 
Logfile written - 09/27/2019 15:25:03

Subject	Trial	Event Type	Code	Time	TTime	Uncertainty	Duration	Uncertainty	ReqTime	ReqDur	Stim Type	Pair Index

A_HP_17	1	Response	3	495087	494087	1
A_HP_17	1	Pulse	99	495087	494087	1
A_HP_17	2	Picture	ready	495319	0	1	10229	1	0	10000	other	0
A_HP_17	2	Pulse	99	515087	19769	1
A_HP_17	2	Pulse	99	535087	39769	1
A_HP_17	2	Pulse	99	555087	59769	1
A_HP_17	3	Picture	ins1	555889	234	1	30230	1	0	30000	other	0
A_HP_17	3	Pulse	99	575087	19433	1
A_HP_17	3	Pulse	99	595088	39433	1
A_HP_17	3	Pulse	99	615087	59433	1
A_HP_17	3	Pulse	99	635088	79433	1
A_HP_17	3	Pulse	99	655088	99433	1
A_HP_17	3	Pulse	99	675088	119433	1
A_HP_17	3	Pulse	99	695087	139433	1
A_HP_17	3	Pulse	99	715088	159433	1
A_HP_17	3	Pulse	99	735088	179433	1
A_HP_17	3	Pulse	99	755088	199433	1
A_HP_17	3	Pulse	99	775088	219433	1
A_HP_17	3	Pulse	99	795088	239433	1
A_HP_17	3	Pulse	99	815088	259433	1
A_HP_17	3	Pulse	99	835088	279433	1
A_HP_17	3	Pulse	99	855088	299433	1
A_HP_17	4	Response	3	875088	9202	1
A_HP_17	4	Pulse	99	875088	9202	1
A_HP_17	5	Picture	response5	875688	233	1	40230	1	0	40000	hit	26
A_HP_17	5	Response	2	884167	8712	1
A_HP_17	5	Pulse	99	895088	19633	1
A_HP_17	5	Pulse	99	915088	39633	1
A_HP_17	6	Picture	response3	925980	125	1	40229	1	0	40000	hit	30
A_HP_17	6	Response	1	932997	7142	1
A_HP_17	6	Pulse	99	935088	9233	1
A_HP_17	6	Pulse	99	955088	29233	1
A_HP_17	6	Pulse	99	975088	49233	1
A_HP_17	7	Picture	response2	976439	183	1	40229	1	0	40000	hit	35
A_HP_17	7	Response	2	985067	8812	1
A_HP_17	7	Pulse	99	995088	18833	1
A_HP_17	7	Pulse	99	1015088	38833	1
A_HP_17	8	Picture	response4	1026897	242	1	40229	1	0	40000	hit	40
A_HP_17	8	Pulse	99	1035088	8433	1
A_HP_17	8	Response	2	1038357	11702	1
A_HP_17	8	Pulse	99	1055088	28433	1
A_HP_17	8	Pulse	99	1075088	48433	1
A_HP_17	9	Picture	response6	1077189	133	1	40229	1	0	40000	hit	44
A_HP_17	9	Response	1	1088947	11892	1
A_HP_17	9	Pulse	99	1095087	18032	1
A_HP_17	9	Pulse	99	1115088	38033	1
A_HP_17	10	Picture	response1	1127647	192	1	40230	1	0	40000	hit	48
A_HP_17	10	Response	2	1134547	7092	1
A_HP_17	10	Pulse	99	1135088	7632	1
A_HP_17	10	Pulse	99	1155088	27632	1
A_HP_17	10	Pulse	99	1175088	47633	1
A_HP_17	11	Picture	response7	1178106	251	1	40230	1	0	40000	hit	53
A_HP_17	11	Response	1	1185257	7402	1
A_HP_17	11	Pulse	99	1195088	17233	1
A_HP_17	11	Pulse	99	1215088	37233	1
A_HP_17	12	Picture	response8	1228398	142	1	40229	1	0	40000	hit	57
A_HP_17	12	Response	2	1234887	6632	1
A_HP_17	12	Pulse	99	1235088	6832	1
A_HP_17	12	Pulse	99	1255089	26833	1
A_HP_17	12	Pulse	99	1275089	46833	1
A_HP_17	13	Picture	ins9	1278856	200	1	30229	1	0	30000	other	0
A_HP_17	13	Pulse	99	1295089	16433	1
A_HP_17	13	Pulse	99	1315089	36433	1
A_HP_17	13	Pulse	99	1335089	56433	1
A_HP_17	13	Pulse	99	1355089	76433	1
A_HP_17	13	Pulse	99	1375089	96433	1
A_HP_17	13	Pulse	99	1395089	116433	1
A_HP_17	13	Pulse	99	1415089	136433	1
A_HP_17	13	Pulse	99	1435089	156433	1
A_HP_17	13	Pulse	99	1455089	176433	1
A_HP_17	13	Pulse	99	1475089	196433	1
A_HP_17	13	Pulse	99	1495089	216433	1
A_HP_17	13	Pulse	99	1515089	236433	1
A_HP_17	13	Pulse	99	1535089	256433	1
A_HP_17	13	Pulse	99	1555089	276433	1
A_HP_17	13	Pulse	99	1575089	296433	1
A_HP_17	14	Response	3	1595089	6203	1
A_HP_17	14	Pulse	99	1595089	6203	1
A_HP_17	15	Picture	response66	1595686	230	1	40229	1	0	40000	hit	80
A_HP_17	15	Response	2	1606178	10721	1
A_HP_17	15	Pulse	99	1615089	19632	1
A_HP_17	15	Pulse	99	1635089	39633	1
A_HP_17	16	Picture	response70	1645978	122	1	40229	1	0	40000	hit	85
A_HP_17	16	Pulse	99	1655089	9233	1
A_HP_17	16	Response	2	1657607	11751	1
A_HP_17	16	Pulse	99	1675089	29233	1
A_HP_17	16	Pulse	99	1695089	49233	1
A_HP_17	17	Picture	response71	1696437	181	1	40230	1	0	40000	hit	89
A_HP_17	17	Response	1	1713418	17162	1
A_HP_17	17	Pulse	99	1715089	18833	1
A_HP_17	17	Pulse	99	1735089	38833	1
A_HP_17	18	Picture	response68	1746896	240	1	40229	1	0	40000	hit	94
A_HP_17	18	Pulse	99	1755089	8433	1
A_HP_17	18	Response	2	1763548	16891	1
A_HP_17	18	Pulse	99	1775089	28433	1
A_HP_17	18	Pulse	99	1795089	48433	1
A_HP_17	19	Picture	response65	1797188	132	1	40229	1	0	40000	hit	98
A_HP_17	19	Response	1	1807538	10482	1
A_HP_17	19	Pulse	99	1815089	18032	1
A_HP_17	19	Pulse	99	1835089	38033	1
A_HP_17	20	Picture	response69	1847646	190	1	40230	1	0	40000	hit	103
A_HP_17	20	Pulse	99	1855089	7633	1
A_HP_17	20	Response	1	1856567	9111	1
A_HP_17	20	Pulse	99	1875089	27633	1
A_HP_17	20	Pulse	99	1895089	47633	1
A_HP_17	21	Picture	response72	1898105	248	1	40230	1	0	40000	hit	107
A_HP_17	21	Response	1	1910728	12872	1
A_HP_17	21	Pulse	99	1915088	17232	1
A_HP_17	21	Pulse	99	1935090	37233	1
A_HP_17	22	Picture	response67	1948397	140	1	40229	1	0	40000	hit	112
A_HP_17	22	Pulse	99	1955090	6833	1
A_HP_17	22	Response	1	1962268	14012	1
A_HP_17	22	Pulse	99	1975089	26833	1
A_HP_17	22	Pulse	99	1995090	46833	1
A_HP_17	23	Picture	ins11	1998855	198	1	30229	1	0	30000	other	0
A_HP_17	23	Pulse	99	2015090	16433	1
A_HP_17	23	Pulse	99	2035090	36433	1
A_HP_17	23	Pulse	99	2055090	56433	1
A_HP_17	23	Pulse	99	2075090	76433	1
A_HP_17	23	Pulse	99	2095090	96433	1
A_HP_17	23	Pulse	99	2115090	116433	1
A_HP_17	23	Pulse	99	2135090	136433	1
A_HP_17	23	Pulse	99	2155090	156433	1
A_HP_17	23	Pulse	99	2175090	176433	1
A_HP_17	23	Pulse	99	2195090	196433	1
A_HP_17	23	Pulse	99	2215010	216353	1
A_HP_17	23	Pulse	99	2235090	236433	1
A_HP_17	23	Pulse	99	2255090	256433	1
A_HP_17	23	Pulse	99	2275090	276433	1
A_HP_17	23	Pulse	99	2295090	296433	1
A_HP_17	24	Response	3	2315090	6202	1
A_HP_17	24	Pulse	99	2315090	6202	1
A_HP_17	25	Picture	response88	2315687	230	1	40229	1	0	40000	hit	135
A_HP_17	25	Pulse	99	2335090	19633	1
A_HP_17	25	Response	2	2339858	24401	1
A_HP_17	25	Pulse	99	2355090	39633	1
A_HP_17	26	Picture	response83	2365979	122	1	40229	1	0	40000	hit	139
A_HP_17	26	Pulse	99	2375090	9233	1
A_HP_17	26	Response	2	2384569	18712	1
A_HP_17	26	Pulse	99	2395090	29233	1
A_HP_17	26	Pulse	99	2415090	49233	1
A_HP_17	27	Picture	response81	2416437	180	1	40229	1	0	40000	hit	143
A_HP_17	27	Response	2	2430369	14112	1
A_HP_17	27	Pulse	99	2435089	18832	1
A_HP_17	27	Pulse	99	2455090	38833	1
A_HP_17	28	Picture	response85	2466895	238	1	40230	1	0	40000	hit	148
A_HP_17	28	Pulse	99	2475090	8433	1
A_HP_17	28	Response	1	2477758	11101	1
A_HP_17	28	Pulse	99	2495090	28433	1
A_HP_17	28	Pulse	99	2515090	48433	1
A_HP_17	29	Picture	response87	2517188	131	1	40229	1	0	40000	hit	152
A_HP_17	29	Response	2	2527709	10652	1
A_HP_17	29	Pulse	99	2535090	18033	1
A_HP_17	29	Pulse	99	2555091	38034	1
A_HP_17	30	Picture	response86	2567646	188	1	40229	1	0	40000	hit	157
A_HP_17	30	Pulse	99	2575090	7633	1
A_HP_17	30	Response	2	2577899	10441	1
A_HP_17	30	Pulse	99	2595090	27633	1
A_HP_17	30	Pulse	99	2615091	47634	1
A_HP_17	31	Picture	response84	2618104	246	1	40229	1	0	40000	hit	162
A_HP_17	31	Pulse	99	2635090	17233	1
A_HP_17	31	Response	1	2635748	17891	1
A_HP_17	31	Pulse	99	2655091	37233	1
A_HP_17	32	Picture	response82	2668395	138	1	40229	1	0	40000	hit	166
A_HP_17	32	Pulse	99	2675091	6833	1
A_HP_17	32	Response	1	2689470	21212	1
A_HP_17	32	Pulse	99	2695090	26832	1
A_HP_17	32	Pulse	99	2715011	46753	1
A_HP_17	33	Picture	ins3	2718854	196	1	30229	1	0	30000	other	0
A_HP_17	33	Pulse	99	2735091	16434	1
A_HP_17	33	Pulse	99	2755091	36433	1
A_HP_17	33	Pulse	99	2775011	56353	1
A_HP_17	33	Pulse	99	2795091	76433	1
A_HP_17	33	Pulse	99	2815090	96433	1
A_HP_17	33	Pulse	99	2835011	116353	1
A_HP_17	33	Pulse	99	2855091	136433	1
A_HP_17	33	Pulse	99	2875091	156433	1
A_HP_17	33	Pulse	99	2895011	176353	1
A_HP_17	33	Pulse	99	2915091	196433	1
A_HP_17	33	Pulse	99	2935091	216433	1
A_HP_17	33	Pulse	99	2955011	236353	1
A_HP_17	33	Pulse	99	2975091	256433	1
A_HP_17	33	Pulse	99	2995091	276433	1
A_HP_17	33	Pulse	99	3015091	296433	1
A_HP_17	34	Response	3	3035091	6203	1
A_HP_17	34	Pulse	99	3035091	6203	1
A_HP_17	35	Picture	response19	3035688	229	1	40229	1	0	40000	hit	188
A_HP_17	35	Response	2	3042940	7481	1
A_HP_17	35	Pulse	99	3055091	19633	1
A_HP_17	35	Pulse	99	3075092	39633	1
A_HP_17	36	Picture	response20	3085980	122	1	40230	1	0	40000	hit	193
A_HP_17	36	Pulse	99	3095091	9233	1
A_HP_17	36	Response	1	3097229	11371	1
A_HP_17	36	Pulse	99	3115091	29233	1
A_HP_17	36	Pulse	99	3135091	49233	1
A_HP_17	37	Picture	response22	3136439	181	1	40229	1	0	40000	hit	197
A_HP_17	37	Response	1	3152880	16622	1
A_HP_17	37	Pulse	99	3155091	18833	1
A_HP_17	37	Pulse	99	3175091	38833	1
A_HP_17	38	Picture	response21	3186909	251	1	40230	1	0	40000	hit	201
A_HP_17	38	Response	2	3193150	6491	1
A_HP_17	38	Pulse	99	3195091	8432	1
A_HP_17	38	Pulse	99	3215091	28432	1
A_HP_17	38	Pulse	99	3235091	48433	1
A_HP_17	39	Picture	response23	3237201	143	1	40229	1	0	40000	hit	206
A_HP_17	39	Response	1	3245870	8811	1
A_HP_17	39	Pulse	99	3255091	18033	1
A_HP_17	39	Pulse	99	3275011	37952	1
A_HP_17	40	Picture	response17	3287660	201	1	40229	1	0	40000	hit	211
A_HP_17	40	Pulse	99	3295091	7633	1
A_HP_17	40	Response	1	3295210	7751	1
A_HP_17	40	Pulse	99	3315092	27633	1
A_HP_17	40	Pulse	99	3335012	47553	1
A_HP_17	41	Picture	response24	3338118	260	1	40230	1	0	40000	hit	215
A_HP_17	41	Response	1	3346221	8363	1
A_HP_17	41	Pulse	99	3355091	17233	1
A_HP_17	41	Pulse	99	3375092	37233	1
A_HP_17	42	Picture	response18	3388410	151	1	40229	1	0	40000	hit	220
A_HP_17	42	Pulse	99	3395012	6753	1
A_HP_17	42	Response	2	3398350	10092	1
A_HP_17	42	Pulse	99	3415092	26833	1
A_HP_17	42	Pulse	99	3435092	46833	1
A_HP_17	43	Picture	ins19	3438869	210	1	30229	1	0	30000	other	0
A_HP_17	43	Pulse	99	3455012	16353	1
A_HP_17	43	Pulse	99	3475092	36433	1
A_HP_17	43	Pulse	99	3495092	56433	1
A_HP_17	43	Pulse	99	3515012	76353	1
A_HP_17	43	Pulse	99	3535092	96433	1
A_HP_17	43	Pulse	99	3555092	116433	1
A_HP_17	43	Pulse	99	3575012	136353	1
A_HP_17	43	Pulse	99	3595092	156433	1
A_HP_17	43	Pulse	99	3615092	176433	1
A_HP_17	43	Pulse	99	3635012	196353	1
A_HP_17	43	Pulse	99	3655092	216433	1
A_HP_17	43	Pulse	99	3675092	236433	1
A_HP_17	43	Pulse	99	3695092	256433	1
A_HP_17	43	Pulse	99	3715092	276433	1
A_HP_17	43	Pulse	99	3735092	296433	1
A_HP_17	44	Response	3	3755092	6203	1
A_HP_17	44	Pulse	99	3755092	6203	1
A_HP_17	45	Picture	response145	3755689	230	1	40229	1	0	40000	hit	243
A_HP_17	45	Pulse	99	3775012	19552	1
A_HP_17	45	Response	2	3776920	21461	1
A_HP_17	45	Pulse	99	3795092	39633	1
A_HP_17	46	Picture	response149	3805981	122	1	40229	1	0	40000	hit	247
A_HP_17	46	Pulse	99	3815092	9233	1
A_HP_17	46	Response	2	3828481	22622	1
A_HP_17	46	Pulse	99	3835012	29153	1
A_HP_17	46	Pulse	99	3855092	49233	1
A_HP_17	47	Picture	response146	3856439	180	1	40229	1	0	40000	hit	251
A_HP_17	47	Response	1	3869431	13172	1
A_HP_17	47	Pulse	99	3875092	18833	1
A_HP_17	47	Pulse	99	3895012	38753	1
A_HP_17	48	Picture	response151	3906896	237	1	40229	1	0	40000	hit	256
A_HP_17	48	Pulse	99	3915092	8433	1
A_HP_17	48	Response	1	3920401	13742	1
A_HP_17	48	Pulse	99	3935092	28433	1
A_HP_17	48	Pulse	99	3955013	48353	1
A_HP_17	49	Picture	response152	3957187	128	1	40229	1	0	40000	hit	260
A_HP_17	49	Response	1	3972961	15902	1
A_HP_17	49	Pulse	99	3975092	18033	1
A_HP_17	49	Pulse	99	3995092	38033	1
A_HP_17	50	Picture	response148	4007646	186	1	40229	1	0	40000	hit	265
A_HP_17	50	Pulse	99	4015013	7553	1
A_HP_17	50	Response	1	4018421	10962	1
A_HP_17	50	Pulse	99	4035093	27633	1
A_HP_17	50	Pulse	99	4055093	47633	1
A_HP_17	51	Picture	response147	4058103	244	1	40229	1	0	40000	hit	270
A_HP_17	51	Pulse	99	4075013	17153	1
A_HP_17	51	Response	2	4079011	21152	1
A_HP_17	51	Pulse	99	4095092	37233	1
A_HP_17	52	Picture	response150	4108395	136	1	40229	1	0	40000	hit	275
A_HP_17	52	Pulse	99	4115093	6833	1
A_HP_17	52	Pulse	99	4135013	26753	1
A_HP_17	52	Response	2	4135550	27290	1
A_HP_17	52	Pulse	99	4155093	46833	1
A_HP_17	53	Picture	ins17	4158853	193	1	30230	1	0	30000	other	0
A_HP_17	53	Pulse	99	4175093	16433	1
A_HP_17	53	Pulse	99	4195013	36352	1
A_HP_17	53	Pulse	99	4215093	56433	1
A_HP_17	53	Pulse	99	4235093	76433	1
A_HP_17	53	Pulse	99	4255013	96353	1
A_HP_17	53	Pulse	99	4275013	116353	1
A_HP_17	53	Pulse	99	4295093	136433	1
A_HP_17	53	Pulse	99	4315013	156353	1
A_HP_17	53	Pulse	99	4335014	176353	1
A_HP_17	53	Pulse	99	4355093	196432	1
A_HP_17	53	Pulse	99	4375013	216353	1
A_HP_17	53	Pulse	99	4395013	236353	1
A_HP_17	53	Pulse	99	4415093	256433	1
A_HP_17	53	Pulse	99	4435093	276433	1
A_HP_17	53	Pulse	99	4455013	296353	1
A_HP_17	54	Response	3	4475093	6202	1
A_HP_17	54	Pulse	99	4475093	6202	1
A_HP_17	55	Picture	response131	4475691	230	1	40229	1	0	40000	hit	297
A_HP_17	55	Pulse	99	4495093	19632	1
A_HP_17	55	Response	2	4497652	22191	1
A_HP_17	55	Pulse	99	4515013	39552	1
A_HP_17	56	Picture	response129	4525982	122	1	40229	1	0	40000	hit	301
A_HP_17	56	Pulse	99	4535093	9233	1
A_HP_17	56	Response	2	4547231	21371	1
A_HP_17	56	Pulse	99	4555093	29233	1
A_HP_17	56	Pulse	99	4575013	49153	1
A_HP_17	57	Picture	response132	4576440	180	1	40229	1	0	40000	hit	306
A_HP_17	57	Pulse	99	4595093	18833	1
A_HP_17	57	Response	1	4603512	27252	1
A_HP_17	57	Pulse	99	4615093	38833	1
A_HP_17	58	Picture	response130	4626898	238	1	40229	1	0	40000	hit	310
A_HP_17	58	Pulse	99	4635014	8353	1
A_HP_17	58	Response	1	4650832	24172	1
A_HP_17	58	Pulse	99	4655093	28432	1
A_HP_17	58	Pulse	99	4675094	48433	1
A_HP_17	59	Picture	response134	4677190	129	1	40229	1	0	40000	hit	314
A_HP_17	59	Response	1	4687132	10071	1
A_HP_17	59	Pulse	99	4695013	17952	1
A_HP_17	59	Pulse	99	4715094	38033	1
A_HP_17	60	Picture	response136	4727648	188	1	40229	1	0	40000	hit	319
A_HP_17	60	Pulse	99	4735094	7633	1
A_HP_17	60	Response	2	4746752	19292	1
A_HP_17	60	Pulse	99	4755014	27553	1
A_HP_17	60	Pulse	99	4775014	47553	1
A_HP_17	61	Picture	response135	4778107	246	1	40229	1	0	40000	hit	324
A_HP_17	61	Pulse	99	4795094	17233	1
A_HP_17	61	Response	2	4802543	24682	1
A_HP_17	61	Pulse	99	4815014	37153	1
A_HP_17	62	Picture	response133	4828398	138	1	40229	1	0	40000	hit	328
A_HP_17	62	Pulse	99	4835014	6753	1
A_HP_17	62	Response	1	4847343	19082	1
A_HP_17	62	Pulse	99	4855094	26833	1
A_HP_17	62	Pulse	99	4875014	46753	1
A_HP_17	63	Picture	thanks	4878357	0	1	10229	1	0	10000	other	0
A_HP_17	63	Pulse	99	4895014	16657	1


Event Type	Code	Type	Response	RT	RT Uncertainty	Time	Uncertainty	Duration	Uncertainty	ReqTime	ReqDur

Picture	ready	other				495319	1	10229	1	0	10000
Picture	ins1	other				555889	1	30230	1	0	30000
Picture	response5	hit	2	8479	2	875688	1	40230	1	0	40000
Picture	response3	hit	1	7017	2	925980	1	40229	1	0	40000
Picture	response2	hit	2	8628	2	976439	1	40229	1	0	40000
Picture	response4	hit	2	11460	2	1026897	1	40229	1	0	40000
Picture	response6	hit	1	11759	2	1077189	1	40229	1	0	40000
Picture	response1	hit	2	6900	2	1127647	1	40230	1	0	40000
Picture	response7	hit	1	7151	2	1178106	1	40230	1	0	40000
Picture	response8	hit	2	6489	2	1228398	1	40229	1	0	40000
Picture	ins9	other				1278856	1	30229	1	0	30000
Picture	response66	hit	2	10491	2	1595686	1	40229	1	0	40000
Picture	response70	hit	2	11629	2	1645978	1	40229	1	0	40000
Picture	response71	hit	1	16981	2	1696437	1	40230	1	0	40000
Picture	response68	hit	2	16651	2	1746896	1	40229	1	0	40000
Picture	response65	hit	1	10350	2	1797188	1	40229	1	0	40000
Picture	response69	hit	1	8921	2	1847646	1	40230	1	0	40000
Picture	response72	hit	1	12623	2	1898105	1	40230	1	0	40000
Picture	response67	hit	1	13872	2	1948397	1	40229	1	0	40000
Picture	ins11	other				1998855	1	30229	1	0	30000
Picture	response88	hit	2	24171	2	2315687	1	40229	1	0	40000
Picture	response83	hit	2	18590	2	2365979	1	40229	1	0	40000
Picture	response81	hit	2	13932	2	2416437	1	40229	1	0	40000
Picture	response85	hit	1	10863	2	2466895	1	40230	1	0	40000
Picture	response87	hit	2	10521	2	2517188	1	40229	1	0	40000
Picture	response86	hit	2	10253	2	2567646	1	40229	1	0	40000
Picture	response84	hit	1	17644	2	2618104	1	40229	1	0	40000
Picture	response82	hit	1	21074	2	2668395	1	40229	1	0	40000
Picture	ins3	other				2718854	1	30229	1	0	30000
Picture	response19	hit	2	7251	2	3035688	1	40229	1	0	40000
Picture	response20	hit	1	11249	2	3085980	1	40230	1	0	40000
Picture	response22	hit	1	16441	2	3136439	1	40229	1	0	40000
Picture	response21	hit	2	6241	2	3186909	1	40230	1	0	40000
Picture	response23	hit	1	8669	2	3237201	1	40229	1	0	40000
Picture	response17	hit	1	7550	2	3287660	1	40229	1	0	40000
Picture	response24	hit	1	8102	2	3338118	1	40230	1	0	40000
Picture	response18	hit	2	9940	2	3388410	1	40229	1	0	40000
Picture	ins19	other				3438869	1	30229	1	0	30000
Picture	response145	hit	2	21231	2	3755689	1	40229	1	0	40000
Picture	response149	hit	2	22500	2	3805981	1	40229	1	0	40000
Picture	response146	hit	1	12992	2	3856439	1	40229	1	0	40000
Picture	response151	hit	1	13505	2	3906896	1	40229	1	0	40000
Picture	response152	hit	1	15774	2	3957187	1	40229	1	0	40000
Picture	response148	hit	1	10775	2	4007646	1	40229	1	0	40000
Picture	response147	hit	2	20908	2	4058103	1	40229	1	0	40000
Picture	response150	hit	2	27155	2	4108395	1	40229	1	0	40000
Picture	ins17	other				4158853	1	30230	1	0	30000
Picture	response131	hit	2	21961	2	4475691	1	40229	1	0	40000
Picture	response129	hit	2	21249	2	4525982	1	40229	1	0	40000
Picture	response132	hit	1	27072	2	4576440	1	40229	1	0	40000
Picture	response130	hit	1	23934	2	4626898	1	40229	1	0	40000
Picture	response134	hit	1	9942	2	4677190	1	40229	1	0	40000
Picture	response136	hit	2	19104	2	4727648	1	40229	1	0	40000
Picture	response135	hit	2	24436	2	4778107	1	40229	1	0	40000
Picture	response133	hit	1	18945	2	4828398	1	40229	1	0	40000
Picture	thanks	other				4878357	1	10229	1	0	10000


{
   "app": "Presentation Version 21.0 Build 06.06.19",
   "device": "LENOVO 20KHCTO1WW",
   "experiment": "{C0C68DB1-10BA-42F2-8F79-3F2AFFEED4E4}",
   "os": "Windows 10 64 bit",
   "package": "",
   "parameters": {
      "configuration": "Default configuration"
   },
   "scenario": "Feature experiment(1).sce",
   "subject": "A_HP_17",
   "timestamp": "2019/09/27 06:16:44 GMT"
}
