Scenario - 
Logfile written - 09/27/2019 11:01:59

Subject	Trial	Event Type	Code	Time	TTime	Uncertainty	Duration	Uncertainty	ReqTime	ReqDur	Stim Type	Pair Index

A_HP_14	1	Response	3	478417	477588	1
A_HP_14	1	Pulse	99	478417	477588	1
A_HP_14	2	Picture	ready	478650	0	1	10229	1	0	10000	other	0
A_HP_14	2	Pulse	99	498417	19766	1
A_HP_14	2	Pulse	99	518417	39767	1
A_HP_14	2	Pulse	99	538417	59767	1
A_HP_14	3	Picture	ins1	539273	233	1	30229	1	0	30000	other	0
A_HP_14	3	Pulse	99	558417	19377	1
A_HP_14	3	Pulse	99	578417	39377	1
A_HP_14	3	Pulse	99	598417	59377	1
A_HP_14	3	Pulse	99	618417	79377	1
A_HP_14	3	Pulse	99	638417	99378	1
A_HP_14	3	Pulse	99	658417	119377	1
A_HP_14	3	Pulse	99	678417	139378	1
A_HP_14	3	Pulse	99	698417	159377	1
A_HP_14	3	Pulse	99	718417	179378	1
A_HP_14	3	Pulse	99	738417	199377	1
A_HP_14	3	Pulse	99	758417	219377	1
A_HP_14	3	Pulse	99	778417	239378	1
A_HP_14	3	Pulse	99	798417	259377	1
A_HP_14	3	Pulse	99	818417	279377	1
A_HP_14	3	Pulse	99	838417	299377	1
A_HP_14	4	Response	3	858417	9147	1
A_HP_14	4	Pulse	99	858417	9147	1
A_HP_14	5	Picture	response6	858970	230	1	40230	1	0	40000	hit	26
A_HP_14	5	Response	1	870706	11966	1
A_HP_14	5	Pulse	99	878417	19677	1
A_HP_14	5	Pulse	99	898417	39677	1
A_HP_14	6	Picture	response1	909262	122	1	40230	1	0	40000	hit	31
A_HP_14	6	Pulse	99	918418	9277	1
A_HP_14	6	Response	2	922666	13526	1
A_HP_14	6	Pulse	99	938418	29277	1
A_HP_14	6	Pulse	99	958418	49277	1
A_HP_14	7	Picture	response5	959721	180	1	40229	1	0	40000	hit	35
A_HP_14	7	Response	2	967376	7836	1
A_HP_14	7	Pulse	99	978418	18877	1
A_HP_14	7	Pulse	99	998418	38877	1
A_HP_14	8	Picture	response8	1010179	238	1	40229	1	0	40000	hit	39
A_HP_14	8	Response	2	1016536	6596	1
A_HP_14	8	Pulse	99	1018417	8476	1
A_HP_14	8	Pulse	99	1038418	28477	1
A_HP_14	8	Pulse	99	1058418	48477	1
A_HP_14	9	Picture	response2	1060470	129	1	40230	1	0	40000	hit	44
A_HP_14	9	Response	2	1069336	8995	1
A_HP_14	9	Pulse	99	1078417	18076	1
A_HP_14	9	Pulse	99	1098418	38077	1
A_HP_14	10	Picture	response3	1110928	188	1	40229	1	0	40000	hit	49
A_HP_14	10	Pulse	99	1118418	7677	1
A_HP_14	10	Response	1	1120826	10085	1
A_HP_14	10	Pulse	99	1138418	27677	1
A_HP_14	10	Pulse	99	1158418	47677	1
A_HP_14	11	Picture	response4	1161386	245	1	40229	1	0	40000	hit	53
A_HP_14	11	Response	2	1167127	5986	1
A_HP_14	11	Pulse	99	1178418	17277	1
A_HP_14	11	Pulse	99	1198418	37277	1
A_HP_14	12	Picture	response7	1211678	137	1	40229	1	0	40000	hit	58
A_HP_14	12	Pulse	99	1218418	6877	1
A_HP_14	12	Response	1	1219146	7605	1
A_HP_14	12	Pulse	99	1238418	26877	1
A_HP_14	12	Pulse	99	1258418	46877	1
A_HP_14	13	Picture	ins11	1262136	196	1	30230	1	0	30000	other	0
A_HP_14	13	Pulse	99	1278418	16477	1
A_HP_14	13	Pulse	99	1298418	36477	1
A_HP_14	13	Pulse	99	1318418	56477	1
A_HP_14	13	Pulse	99	1338418	76478	1
A_HP_14	13	Pulse	99	1358418	96477	1
A_HP_14	13	Pulse	99	1378418	116477	1
A_HP_14	13	Pulse	99	1398418	136477	1
A_HP_14	13	Pulse	99	1418418	156478	1
A_HP_14	13	Pulse	99	1438418	176478	1
A_HP_14	13	Pulse	99	1458418	196478	1
A_HP_14	13	Pulse	99	1478418	216477	1
A_HP_14	13	Pulse	99	1498419	236478	1
A_HP_14	13	Pulse	99	1518418	256477	1
A_HP_14	13	Pulse	99	1538419	276478	1
A_HP_14	13	Pulse	99	1558418	296478	1
A_HP_14	14	Response	3	1578418	6247	1
A_HP_14	14	Pulse	99	1578418	6247	1
A_HP_14	15	Picture	response88	1578971	229	1	40229	1	0	40000	hit	80
A_HP_14	15	Response	2	1594228	15486	1
A_HP_14	15	Pulse	99	1598418	19676	1
A_HP_14	15	Pulse	99	1618418	39677	1
A_HP_14	16	Picture	response81	1629263	121	1	40229	1	0	40000	hit	85
A_HP_14	16	Pulse	99	1638418	9277	1
A_HP_14	16	Response	2	1640007	10865	1
A_HP_14	16	Pulse	99	1658419	29277	1
A_HP_14	16	Pulse	99	1678419	49277	1
A_HP_14	17	Picture	response84	1679721	180	1	40229	1	0	40000	hit	89
A_HP_14	17	Response	1	1692617	13077	1
A_HP_14	17	Pulse	99	1698418	18877	1
A_HP_14	17	Pulse	99	1718419	38878	1
A_HP_14	18	Picture	response86	1730179	237	1	40229	1	0	40000	hit	94
A_HP_14	18	Pulse	99	1738418	8477	1
A_HP_14	18	Response	2	1739506	9565	1
A_HP_14	18	Pulse	99	1758419	28477	1
A_HP_14	18	Pulse	99	1778419	48477	1
A_HP_14	19	Picture	response85	1780470	128	1	40229	1	0	40000	hit	98
A_HP_14	19	Response	1	1793147	12805	1
A_HP_14	19	Pulse	99	1798418	18076	1
A_HP_14	19	Pulse	99	1818419	38077	1
A_HP_14	20	Picture	response87	1830928	186	1	40230	1	0	40000	hit	103
A_HP_14	20	Pulse	99	1838419	7677	1
A_HP_14	20	Response	2	1838667	7925	1
A_HP_14	20	Pulse	99	1858419	27677	1
A_HP_14	20	Pulse	99	1878419	47677	1
A_HP_14	21	Picture	response82	1881386	244	1	40229	1	0	40000	hit	107
A_HP_14	21	Response	1	1896318	15176	1
A_HP_14	21	Pulse	99	1898418	17276	1
A_HP_14	21	Pulse	99	1918419	37277	1
A_HP_14	22	Picture	response83	1931678	137	1	40229	1	0	40000	hit	112
A_HP_14	22	Pulse	99	1938419	6877	1
A_HP_14	22	Response	2	1939347	7805	1
A_HP_14	22	Pulse	99	1958419	26877	1
A_HP_14	22	Pulse	99	1978419	46877	1
A_HP_14	23	Picture	ins9	1982136	194	1	30229	1	0	30000	other	0
A_HP_14	23	Pulse	99	1998419	16477	1
A_HP_14	23	Pulse	99	2018419	36477	1
A_HP_14	23	Pulse	99	2038419	56477	1
A_HP_14	23	Pulse	99	2058419	76477	1
A_HP_14	23	Pulse	99	2078419	96477	1
A_HP_14	23	Pulse	99	2098419	116477	1
A_HP_14	23	Pulse	99	2118419	136477	1
A_HP_14	23	Pulse	99	2138419	156478	1
A_HP_14	23	Pulse	99	2158419	176477	1
A_HP_14	23	Pulse	99	2178419	196478	1
A_HP_14	23	Pulse	99	2198419	216478	1
A_HP_14	23	Pulse	99	2218419	236477	1
A_HP_14	23	Pulse	99	2238420	256478	1
A_HP_14	23	Pulse	99	2258420	276478	1
A_HP_14	23	Pulse	99	2278419	296478	1
A_HP_14	24	Response	3	2298420	6247	1
A_HP_14	24	Pulse	99	2298420	6247	1
A_HP_14	25	Picture	response71	2298974	231	1	40229	1	0	40000	hit	134
A_HP_14	25	Response	1	2316718	17975	1
A_HP_14	25	Pulse	99	2318419	19676	1
A_HP_14	25	Pulse	99	2338419	39676	1
A_HP_14	26	Picture	response68	2349265	122	1	40229	1	0	40000	hit	139
A_HP_14	26	Pulse	99	2358420	9277	1
A_HP_14	26	Response	2	2359477	10335	1
A_HP_14	26	Pulse	99	2378420	29277	1
A_HP_14	26	Pulse	99	2398420	49277	1
A_HP_14	27	Picture	response72	2399723	180	1	40230	1	0	40000	hit	143
A_HP_14	27	Response	1	2411419	11876	1
A_HP_14	27	Pulse	99	2418419	18876	1
A_HP_14	27	Pulse	99	2438420	38877	1
A_HP_14	28	Picture	response66	2450182	239	1	40230	1	0	40000	hit	148
A_HP_14	28	Pulse	99	2458420	8477	1
A_HP_14	28	Response	2	2459558	9615	1
A_HP_14	28	Pulse	99	2478420	28477	1
A_HP_14	28	Pulse	99	2498420	48477	1
A_HP_14	29	Picture	response69	2500474	131	1	40229	1	0	40000	hit	152
A_HP_14	29	Response	1	2512769	12426	1
A_HP_14	29	Pulse	99	2518420	18077	1
A_HP_14	29	Pulse	99	2538420	38077	1
A_HP_14	30	Picture	response65	2550933	190	1	40230	1	0	40000	hit	157
A_HP_14	30	Pulse	99	2558420	7677	1
A_HP_14	30	Response	1	2560668	9925	1
A_HP_14	30	Pulse	99	2578420	27677	1
A_HP_14	30	Pulse	99	2598420	47677	1
A_HP_14	31	Picture	response67	2601391	248	1	40230	1	0	40000	incorrect	161
A_HP_14	31	Response	2	2611339	10196	1
A_HP_14	31	Pulse	99	2618421	17278	1
A_HP_14	31	Pulse	99	2638419	37276	1
A_HP_14	32	Picture	response70	2651683	140	1	40229	1	0	40000	hit	166
A_HP_14	32	Pulse	99	2658420	6877	1
A_HP_14	32	Response	2	2664729	13186	1
A_HP_14	32	Pulse	99	2678420	26877	1
A_HP_14	32	Pulse	99	2698420	46877	1
A_HP_14	33	Picture	ins3	2702141	198	1	30230	1	0	30000	other	0
A_HP_14	33	Pulse	99	2718420	16477	1
A_HP_14	33	Pulse	99	2738420	36477	1
A_HP_14	33	Pulse	99	2758420	56477	1
A_HP_14	33	Pulse	99	2778420	76477	1
A_HP_14	33	Pulse	99	2798449	96506	1
A_HP_14	33	Pulse	99	2818420	116477	1
A_HP_14	33	Pulse	99	2838421	136477	1
A_HP_14	33	Pulse	99	2858420	156477	1
A_HP_14	33	Pulse	99	2878420	176477	1
A_HP_14	33	Pulse	99	2898420	196477	1
A_HP_14	33	Pulse	99	2918420	216477	1
A_HP_14	33	Pulse	99	2938420	236477	1
A_HP_14	33	Pulse	99	2958420	256477	1
A_HP_14	33	Pulse	99	2978421	276477	1
A_HP_14	33	Pulse	99	2998420	296477	1
A_HP_14	34	Response	3	3018421	6247	1
A_HP_14	34	Pulse	99	3018421	6247	1
A_HP_14	35	Picture	response20	3018974	230	1	40229	1	0	40000	hit	188
A_HP_14	35	Response	1	3028239	9495	1
A_HP_14	35	Pulse	99	3038420	19676	1
A_HP_14	35	Pulse	99	3058421	39677	1
A_HP_14	36	Picture	response17	3069266	122	1	40229	1	0	40000	hit	192
A_HP_14	36	Response	1	3076259	7116	1
A_HP_14	36	Pulse	99	3078420	9277	1
A_HP_14	36	Pulse	99	3098421	29277	1
A_HP_14	36	Pulse	99	3118421	49277	1
A_HP_14	37	Picture	response23	3119724	181	1	40229	1	0	40000	hit	197
A_HP_14	37	Response	1	3127759	8216	1
A_HP_14	37	Pulse	99	3138421	18877	1
A_HP_14	37	Pulse	99	3158421	38877	1
A_HP_14	38	Picture	response21	3170182	238	1	40229	1	0	40000	hit	201
A_HP_14	38	Response	2	3178110	8166	1
A_HP_14	38	Pulse	99	3178420	8476	1
A_HP_14	38	Pulse	99	3198421	28477	1
A_HP_14	38	Pulse	99	3218421	48477	1
A_HP_14	39	Picture	response19	3220474	130	1	40230	1	0	40000	hit	206
A_HP_14	39	Response	2	3227690	7346	1
A_HP_14	39	Pulse	99	3238421	18077	1
A_HP_14	39	Pulse	99	3258420	38077	1
A_HP_14	40	Picture	response22	3270933	189	1	40229	1	0	40000	hit	211
A_HP_14	40	Pulse	99	3278421	7677	1
A_HP_14	40	Response	1	3285919	15175	1
A_HP_14	40	Pulse	99	3298421	27677	1
A_HP_14	40	Pulse	99	3318421	47677	1
A_HP_14	41	Picture	response18	3321391	247	1	40229	1	0	40000	hit	215
A_HP_14	41	Response	2	3327560	6415	1
A_HP_14	41	Pulse	99	3338421	17277	1
A_HP_14	41	Pulse	99	3358421	37277	1
A_HP_14	42	Picture	response24	3371683	139	1	40229	1	0	40000	hit	219
A_HP_14	42	Response	1	3377870	6326	1
A_HP_14	42	Pulse	99	3378420	6876	1
A_HP_14	42	Pulse	99	3398421	26877	1
A_HP_14	42	Pulse	99	3418421	46877	1
A_HP_14	43	Picture	ins17	3422142	197	1	30229	1	0	30000	other	0
A_HP_14	43	Pulse	99	3438421	16477	1
A_HP_14	43	Pulse	99	3458421	36477	1
A_HP_14	43	Pulse	99	3478421	56477	1
A_HP_14	43	Pulse	99	3498421	76477	1
A_HP_14	43	Pulse	99	3518421	96477	1
A_HP_14	43	Pulse	99	3538421	116477	1
A_HP_14	43	Pulse	99	3558421	136477	1
A_HP_14	43	Pulse	99	3578421	156477	1
A_HP_14	43	Pulse	99	3598421	176477	1
A_HP_14	43	Pulse	99	3618422	196477	1
A_HP_14	43	Pulse	99	3638421	216477	1
A_HP_14	43	Pulse	99	3658422	236477	1
A_HP_14	43	Pulse	99	3678422	256477	1
A_HP_14	43	Pulse	99	3698422	276477	1
A_HP_14	43	Pulse	99	3718422	296477	1
A_HP_14	44	Response	3	3738421	6247	1
A_HP_14	44	Pulse	99	3738421	6247	1
A_HP_14	45	Picture	response134	3738974	230	1	40229	1	0	40000	hit	242
A_HP_14	45	Response	1	3752910	14166	1
A_HP_14	45	Pulse	99	3758421	19676	1
A_HP_14	45	Pulse	99	3778422	39677	1
A_HP_14	46	Picture	response133	3789266	121	1	40230	1	0	40000	hit	247
A_HP_14	46	Pulse	99	3798422	9277	1
A_HP_14	46	Response	1	3799659	10515	1
A_HP_14	46	Pulse	99	3818422	29277	1
A_HP_14	46	Pulse	99	3838422	49277	1
A_HP_14	47	Picture	response135	3839724	180	1	40229	1	0	40000	hit	251
A_HP_14	47	Response	2	3854460	14916	1
A_HP_14	47	Pulse	99	3858421	18877	1
A_HP_14	47	Pulse	99	3878422	38878	1
A_HP_14	48	Picture	response130	3890182	237	1	40229	1	0	40000	hit	256
A_HP_14	48	Pulse	99	3898422	8477	1
A_HP_14	48	Response	1	3902210	12265	1
A_HP_14	48	Pulse	99	3918422	28477	1
A_HP_14	48	Pulse	99	3938422	48477	1
A_HP_14	49	Picture	response136	3940474	129	1	40229	1	0	40000	hit	260
A_HP_14	49	Response	2	3953241	12896	1
A_HP_14	49	Pulse	99	3958421	18076	1
A_HP_14	49	Pulse	99	3978422	38077	1
A_HP_14	50	Picture	response129	3990933	188	1	40229	1	0	40000	hit	265
A_HP_14	50	Pulse	99	3998422	7677	1
A_HP_14	50	Response	2	4011831	21086	1
A_HP_14	50	Pulse	99	4018422	27677	1
A_HP_14	50	Pulse	99	4038422	47677	1
A_HP_14	51	Picture	response131	4041391	245	1	40229	1	0	40000	hit	270
A_HP_14	51	Pulse	99	4058422	17277	1
A_HP_14	51	Response	2	4063120	21975	1
A_HP_14	51	Pulse	99	4078422	37277	1
A_HP_14	52	Picture	response132	4091682	137	1	40229	1	0	40000	hit	274
A_HP_14	52	Pulse	99	4098422	6877	1
A_HP_14	52	Response	1	4110991	19446	1
A_HP_14	52	Pulse	99	4118421	26876	1
A_HP_14	52	Pulse	99	4138422	46877	1
A_HP_14	53	Picture	ins19	4142140	195	1	30229	1	0	30000	other	0
A_HP_14	53	Pulse	99	4158422	16477	1
A_HP_14	53	Pulse	99	4178422	36477	1
A_HP_14	53	Pulse	99	4198422	56477	1
A_HP_14	53	Pulse	99	4218422	76477	1
A_HP_14	53	Pulse	99	4238422	96477	1
A_HP_14	53	Pulse	99	4258423	116477	1
A_HP_14	53	Pulse	99	4278422	136477	1
A_HP_14	53	Pulse	99	4298422	156477	1
A_HP_14	53	Pulse	99	4318422	176477	1
A_HP_14	53	Pulse	99	4338422	196477	1
A_HP_14	53	Pulse	99	4358422	216477	1
A_HP_14	53	Pulse	99	4378423	236477	1
A_HP_14	53	Pulse	99	4398422	256477	1
A_HP_14	53	Pulse	99	4418423	276477	1
A_HP_14	53	Pulse	99	4438423	296477	1
A_HP_14	54	Response	3	4458423	6247	1
A_HP_14	54	Pulse	99	4458423	6247	1
A_HP_14	55	Picture	response150	4458976	230	1	40229	1	0	40000	hit	296
A_HP_14	55	Response	2	4478241	19495	1
A_HP_14	55	Pulse	99	4478422	19676	1
A_HP_14	55	Pulse	99	4498423	39677	1
A_HP_14	56	Picture	response147	4509267	122	1	40229	1	0	40000	hit	301
A_HP_14	56	Pulse	99	4518423	9277	1
A_HP_14	56	Response	2	4527942	18796	1
A_HP_14	56	Pulse	99	4538422	29277	1
A_HP_14	56	Pulse	99	4558423	49277	1
A_HP_14	57	Picture	response151	4559726	181	1	40229	1	0	40000	hit	305
A_HP_14	57	Response	1	4571732	12187	1
A_HP_14	57	Pulse	99	4578422	18878	1
A_HP_14	57	Pulse	99	4598423	38878	1
A_HP_14	58	Picture	response149	4610184	238	1	40229	1	0	40000	hit	310
A_HP_14	58	Pulse	99	4618423	8477	1
A_HP_14	58	Response	2	4625311	15365	1
A_HP_14	58	Pulse	99	4638423	28477	1
A_HP_14	58	Pulse	99	4658423	48477	1
A_HP_14	59	Picture	response146	4660475	130	1	40229	1	0	40000	hit	315
A_HP_14	59	Pulse	99	4678423	18077	1
A_HP_14	59	Response	1	4678881	18535	1
A_HP_14	59	Pulse	99	4698423	38077	1
A_HP_14	60	Picture	response145	4710933	187	1	40229	1	0	40000	hit	319
A_HP_14	60	Pulse	99	4718423	7677	1
A_HP_14	60	Response	2	4726642	15896	1
A_HP_14	60	Pulse	99	4738423	27677	1
A_HP_14	60	Pulse	99	4758423	47677	1
A_HP_14	61	Picture	response152	4761391	245	1	40229	1	0	40000	hit	324
A_HP_14	61	Pulse	99	4778423	17277	1
A_HP_14	61	Response	1	4784732	23586	1
A_HP_14	61	Pulse	99	4798423	37278	1
A_HP_14	62	Picture	response148	4811683	137	1	40229	1	0	40000	hit	328
A_HP_14	62	Pulse	99	4818423	6877	1
A_HP_14	62	Response	1	4823131	11585	1
A_HP_14	62	Pulse	99	4838423	26877	1
A_HP_14	62	Pulse	99	4858423	46877	1
A_HP_14	63	Picture	thanks	4861641	0	1	10229	1	0	10000	other	0
A_HP_14	63	Pulse	99	4878423	16782	1


Event Type	Code	Type	Response	RT	RT Uncertainty	Time	Uncertainty	Duration	Uncertainty	ReqTime	ReqDur

Picture	ready	other				478650	1	10229	1	0	10000
Picture	ins1	other				539273	1	30229	1	0	30000
Picture	response6	hit	1	11737	2	858970	1	40230	1	0	40000
Picture	response1	hit	2	13404	2	909262	1	40230	1	0	40000
Picture	response5	hit	2	7656	2	959721	1	40229	1	0	40000
Picture	response8	hit	2	6358	2	1010179	1	40229	1	0	40000
Picture	response2	hit	2	8866	2	1060470	1	40230	1	0	40000
Picture	response3	hit	1	9897	2	1110928	1	40229	1	0	40000
Picture	response4	hit	2	5741	2	1161386	1	40229	1	0	40000
Picture	response7	hit	1	7468	2	1211678	1	40229	1	0	40000
Picture	ins11	other				1262136	1	30230	1	0	30000
Picture	response88	hit	2	15257	2	1578971	1	40229	1	0	40000
Picture	response81	hit	2	10744	2	1629263	1	40229	1	0	40000
Picture	response84	hit	1	12896	2	1679721	1	40229	1	0	40000
Picture	response86	hit	2	9328	2	1730179	1	40229	1	0	40000
Picture	response85	hit	1	12678	2	1780470	1	40229	1	0	40000
Picture	response87	hit	2	7739	2	1830928	1	40230	1	0	40000
Picture	response82	hit	1	14932	2	1881386	1	40229	1	0	40000
Picture	response83	hit	2	7668	2	1931678	1	40229	1	0	40000
Picture	ins9	other				1982136	1	30229	1	0	30000
Picture	response71	hit	1	17745	2	2298974	1	40229	1	0	40000
Picture	response68	hit	2	10213	2	2349265	1	40229	1	0	40000
Picture	response72	hit	1	11696	2	2399723	1	40230	1	0	40000
Picture	response66	hit	2	9376	2	2450182	1	40230	1	0	40000
Picture	response69	hit	1	12295	2	2500474	1	40229	1	0	40000
Picture	response65	hit	1	9736	2	2550933	1	40230	1	0	40000
Picture	response67	incorrect	2	9947	2	2601391	1	40230	1	0	40000
Picture	response70	hit	2	13045	2	2651683	1	40229	1	0	40000
Picture	ins3	other				2702141	1	30230	1	0	30000
Picture	response20	hit	1	9265	2	3018974	1	40229	1	0	40000
Picture	response17	hit	1	6994	2	3069266	1	40229	1	0	40000
Picture	response23	hit	1	8035	2	3119724	1	40229	1	0	40000
Picture	response21	hit	2	7928	2	3170182	1	40229	1	0	40000
Picture	response19	hit	2	7216	2	3220474	1	40230	1	0	40000
Picture	response22	hit	1	14987	2	3270933	1	40229	1	0	40000
Picture	response18	hit	2	6169	2	3321391	1	40229	1	0	40000
Picture	response24	hit	1	6186	2	3371683	1	40229	1	0	40000
Picture	ins17	other				3422142	1	30229	1	0	30000
Picture	response134	hit	1	13936	2	3738974	1	40229	1	0	40000
Picture	response133	hit	1	10394	2	3789266	1	40230	1	0	40000
Picture	response135	hit	2	14736	2	3839724	1	40229	1	0	40000
Picture	response130	hit	1	12028	2	3890182	1	40229	1	0	40000
Picture	response136	hit	2	12766	2	3940474	1	40229	1	0	40000
Picture	response129	hit	2	20898	2	3990933	1	40229	1	0	40000
Picture	response131	hit	2	21730	2	4041391	1	40229	1	0	40000
Picture	response132	hit	1	19309	2	4091682	1	40229	1	0	40000
Picture	ins19	other				4142140	1	30229	1	0	30000
Picture	response150	hit	2	19266	2	4458976	1	40229	1	0	40000
Picture	response147	hit	2	18674	2	4509267	1	40229	1	0	40000
Picture	response151	hit	1	12006	2	4559726	1	40229	1	0	40000
Picture	response149	hit	2	15128	2	4610184	1	40229	1	0	40000
Picture	response146	hit	1	18406	2	4660475	1	40229	1	0	40000
Picture	response145	hit	2	15708	2	4710933	1	40229	1	0	40000
Picture	response152	hit	1	23341	2	4761391	1	40229	1	0	40000
Picture	response148	hit	1	11448	2	4811683	1	40229	1	0	40000
Picture	thanks	other				4861641	1	10229	1	0	10000


{
   "app": "Presentation Version 21.0 Build 06.06.19",
   "device": "LENOVO 20KHCTO1WW",
   "experiment": "{C0C68DB1-10BA-42F2-8F79-3F2AFFEED4E4}",
   "os": "Windows 10 64 bit",
   "package": "",
   "parameters": {
      "configuration": "Default configuration"
   },
   "scenario": "Feature experiment(1).sce",
   "subject": "A_HP_14",
   "timestamp": "2019/09/27 01:53:42 GMT"
}
