Scenario - 
Logfile written - 07/18/2019 13:55:28

Subject	Trial	Event Type	Code	Time	TTime	Uncertainty	Duration	Uncertainty	ReqTime	ReqDur	Stim Type	Pair Index

A_HP_03	1	Response	3	540099	539266	1
A_HP_03	1	Pulse	99	540099	539266	1
A_HP_03	2	Picture	ready	540334	0	1	10164	1	0	10000	other	0
A_HP_03	2	Pulse	99	560098	19764	1
A_HP_03	2	Pulse	99	580019	39685	1
A_HP_03	2	Pulse	99	600099	59765	1
A_HP_03	3	Picture	ins11	600982	248	1	30157	1	0	30000	other	0
A_HP_03	3	Pulse	99	620099	19365	1
A_HP_03	3	Pulse	99	640019	39285	1
A_HP_03	3	Pulse	99	660019	59284	1
A_HP_03	3	Pulse	99	680099	79365	1
A_HP_03	3	Pulse	99	700019	99285	1
A_HP_03	3	Pulse	99	720019	119285	1
A_HP_03	3	Pulse	99	740099	139365	1
A_HP_03	3	Pulse	99	760099	159365	1
A_HP_03	3	Pulse	99	780019	179284	1
A_HP_03	3	Pulse	99	800100	199365	1
A_HP_03	3	Pulse	99	820099	219365	1
A_HP_03	3	Pulse	99	840019	239285	1
A_HP_03	3	Pulse	99	860098	259364	1
A_HP_03	3	Pulse	99	880099	279365	1
A_HP_03	3	Pulse	99	900019	299285	1
A_HP_03	4	Response	3	920099	9212	1
A_HP_03	4	Pulse	99	920099	9212	1
A_HP_03	5	Picture	response86	920551	116	1	40321	1	0	40000	hit	27
A_HP_03	5	Pulse	99	940099	19665	1
A_HP_03	5	Response	2	940588	20153	1
A_HP_03	5	Pulse	99	960019	39584	1
A_HP_03	6	Picture	response82	971202	367	1	40321	1	0	40000	hit	31
A_HP_03	6	Pulse	99	980099	9265	1
A_HP_03	6	Response	1	990438	19603	1
A_HP_03	6	Pulse	99	1000099	29264	1
A_HP_03	6	Pulse	99	1020019	49185	1
A_HP_03	7	Picture	response83	1021520	285	1	40321	1	0	40000	hit	35
A_HP_03	7	Response	2	1029528	8293	1
A_HP_03	7	Pulse	99	1040100	18865	1
A_HP_03	7	Pulse	99	1060100	38865	1
A_HP_03	8	Picture	response84	1071837	203	1	40154	1	0	40000	hit	40
A_HP_03	8	Pulse	99	1080019	8384	1
A_HP_03	8	Response	1	1087848	16213	1
A_HP_03	8	Pulse	99	1100019	28385	1
A_HP_03	8	Pulse	99	1120100	48465	1
A_HP_03	9	Picture	response87	1122322	288	1	40154	1	0	40000	hit	44
A_HP_03	9	Response	2	1131217	9183	1
A_HP_03	9	Pulse	99	1140019	17985	1
A_HP_03	9	Pulse	99	1160019	37985	1
A_HP_03	10	Picture	response85	1172640	205	1	40154	1	0	40000	hit	49
A_HP_03	10	Pulse	99	1180100	7665	1
A_HP_03	10	Response	1	1188048	15613	1
A_HP_03	10	Pulse	99	1200019	27584	1
A_HP_03	10	Pulse	99	1220018	47583	1
A_HP_03	11	Picture	response81	1223124	289	1	40154	1	0	40000	hit	53
A_HP_03	11	Response	2	1232017	9182	1
A_HP_03	11	Pulse	99	1240099	17264	1
A_HP_03	11	Pulse	99	1260019	37184	1
A_HP_03	12	Picture	response88	1273442	207	1	40154	1	0	40000	hit	58
A_HP_03	12	Pulse	99	1280019	6784	1
A_HP_03	12	Response	2	1294518	21283	1
A_HP_03	12	Pulse	99	1300102	26867	1
A_HP_03	12	Pulse	99	1320020	46785	1
A_HP_03	13	Picture	ins19	1323760	125	1	30157	1	0	30000	other	0
A_HP_03	13	Pulse	99	1340019	16384	1
A_HP_03	13	Pulse	99	1360099	36464	1
A_HP_03	13	Pulse	99	1380100	56465	1
A_HP_03	13	Pulse	99	1400019	76384	1
A_HP_03	13	Pulse	99	1420100	96464	1
A_HP_03	13	Pulse	99	1440099	116464	1
A_HP_03	13	Pulse	99	1460019	136384	1
A_HP_03	13	Pulse	99	1480099	156464	1
A_HP_03	13	Pulse	99	1500100	176465	1
A_HP_03	13	Pulse	99	1520020	196385	1
A_HP_03	13	Pulse	99	1540019	216384	1
A_HP_03	13	Pulse	99	1560100	236465	1
A_HP_03	13	Pulse	99	1580020	256385	1
A_HP_03	13	Pulse	99	1600019	276384	1
A_HP_03	13	Pulse	99	1620100	296465	1
A_HP_03	14	Response	3	1640019	6188	1
A_HP_03	14	Pulse	99	1640019	6188	1
A_HP_03	15	Picture	response146	1640663	228	1	40154	1	0	40000	incorrect	80
A_HP_03	15	Response	2	1656178	15743	1
A_HP_03	15	Pulse	99	1660019	19584	1
A_HP_03	15	Pulse	99	1680100	39665	1
A_HP_03	16	Picture	response152	1691147	312	1	40154	1	0	40000	hit	85
A_HP_03	16	Pulse	99	1700019	9184	1
A_HP_03	16	Response	1	1701958	11123	1
A_HP_03	16	Pulse	99	1720019	29184	1
A_HP_03	16	Pulse	99	1740099	49264	1
A_HP_03	17	Picture	response147	1741465	231	1	40154	1	0	40000	hit	90
A_HP_03	17	Pulse	99	1760019	18785	1
A_HP_03	17	Response	2	1766998	25764	1
A_HP_03	17	Pulse	99	1780019	38785	1
A_HP_03	18	Picture	response150	1791783	148	1	40154	1	0	40000	hit	94
A_HP_03	18	Pulse	99	1800100	8465	1
A_HP_03	18	Response	2	1807918	16283	1
A_HP_03	18	Pulse	99	1820020	28384	1
A_HP_03	18	Pulse	99	1840019	48384	1
A_HP_03	19	Picture	response148	1842268	232	1	40154	1	0	40000	incorrect	100
A_HP_03	19	Pulse	99	1860100	18065	1
A_HP_03	19	Pulse	99	1880019	37984	1
A_HP_03	19	Response	2	1882018	39982	1
A_HP_03	20	Picture	response145	1892585	151	1	40154	1	0	40000	hit	103
A_HP_03	20	Pulse	99	1900019	7585	1
A_HP_03	20	Response	2	1906818	14383	1
A_HP_03	20	Pulse	99	1920100	27665	1
A_HP_03	20	Pulse	99	1940100	47665	1
A_HP_03	21	Picture	response151	1943070	235	1	40154	1	0	40000	incorrect	108
A_HP_03	21	Pulse	99	1960019	17184	1
A_HP_03	21	Response	2	1961058	18223	1
A_HP_03	21	Pulse	99	1980020	37185	1
A_HP_03	22	Picture	response149	1993388	153	1	40321	1	0	40000	hit	112
A_HP_03	22	Pulse	99	2000099	6864	1
A_HP_03	22	Response	2	2004099	10863	1
A_HP_03	22	Pulse	99	2020020	26784	1
A_HP_03	22	Pulse	99	2040020	46785	1
A_HP_03	23	Picture	ins9	2043872	237	1	30324	1	0	30000	other	0
A_HP_03	23	Pulse	99	2060100	16464	1
A_HP_03	23	Pulse	99	2080020	36384	1
A_HP_03	23	Pulse	99	2100020	56384	1
A_HP_03	23	Pulse	99	2120100	76464	1
A_HP_03	23	Pulse	99	2140020	96384	1
A_HP_03	23	Pulse	99	2160020	116384	1
A_HP_03	23	Pulse	99	2180100	136465	1
A_HP_03	23	Pulse	99	2200020	156384	1
A_HP_03	23	Pulse	99	2220019	176384	1
A_HP_03	23	Pulse	99	2240100	196465	1
A_HP_03	23	Pulse	99	2260020	216384	1
A_HP_03	23	Pulse	99	2280020	236384	1
A_HP_03	23	Pulse	99	2300100	256465	1
A_HP_03	23	Pulse	99	2320020	276384	1
A_HP_03	23	Pulse	99	2340020	296384	1
A_HP_03	24	Response	3	2360100	6323	1
A_HP_03	24	Pulse	99	2360100	6323	1
A_HP_03	25	Picture	response69	2360608	174	1	40154	1	0	40000	hit	134
A_HP_03	25	Response	1	2371729	11294	1
A_HP_03	25	Pulse	99	2380019	19585	1
A_HP_03	25	Pulse	99	2400020	39585	1
A_HP_03	26	Picture	response71	2411093	257	1	40154	1	0	40000	incorrect	139
A_HP_03	26	Pulse	99	2420020	9184	1
A_HP_03	26	Response	2	2420278	9443	1
A_HP_03	26	Pulse	99	2440020	29184	1
A_HP_03	26	Pulse	99	2460020	49184	1
A_HP_03	27	Picture	response65	2461411	175	1	40154	1	0	40000	hit	143
A_HP_03	27	Response	1	2470479	9243	1
A_HP_03	27	Pulse	99	2480020	18785	1
A_HP_03	27	Pulse	99	2500019	38784	1
A_HP_03	28	Picture	response70	2511729	93	1	40154	1	0	40000	hit	147
A_HP_03	28	Response	2	2519449	7813	1
A_HP_03	28	Pulse	99	2520020	8384	1
A_HP_03	28	Pulse	99	2540020	28384	1
A_HP_03	28	Pulse	99	2560100	48464	1
A_HP_03	29	Picture	response67	2562213	177	1	40321	1	0	40000	hit	152
A_HP_03	29	Response	1	2579228	17193	1
A_HP_03	29	Pulse	99	2580020	17984	1
A_HP_03	29	Pulse	99	2600020	37984	1
A_HP_03	30	Picture	response68	2612698	262	1	40321	1	0	40000	hit	157
A_HP_03	30	Pulse	99	2620101	7665	1
A_HP_03	30	Response	2	2630639	18203	1
A_HP_03	30	Pulse	99	2640020	27584	1
A_HP_03	30	Pulse	99	2660020	47585	1
A_HP_03	31	Picture	response66	2663182	347	1	40321	1	0	40000	hit	161
A_HP_03	31	Response	2	2670949	8113	1
A_HP_03	31	Pulse	99	2680100	17265	1
A_HP_03	31	Pulse	99	2700020	37184	1
A_HP_03	32	Picture	response72	2713500	264	1	40154	1	0	40000	hit	166
A_HP_03	32	Pulse	99	2720020	6785	1
A_HP_03	32	Response	1	2731609	18373	1
A_HP_03	32	Pulse	99	2740100	26865	1
A_HP_03	32	Pulse	99	2760020	46785	1
A_HP_03	33	Picture	ins1	2763818	182	1	30157	1	0	30000	other	0
A_HP_03	33	Pulse	99	2780019	16383	1
A_HP_03	33	Pulse	99	2800100	36464	1
A_HP_03	33	Pulse	99	2820020	56384	1
A_HP_03	33	Pulse	99	2840020	76384	1
A_HP_03	33	Pulse	99	2860020	96384	1
A_HP_03	33	Pulse	99	2880020	116384	1
A_HP_03	33	Pulse	99	2900020	136384	1
A_HP_03	33	Pulse	99	2920020	156384	1
A_HP_03	33	Pulse	99	2940020	176384	1
A_HP_03	33	Pulse	99	2960020	196384	1
A_HP_03	33	Pulse	99	2980020	216384	1
A_HP_03	33	Pulse	99	3000020	236384	1
A_HP_03	33	Pulse	99	3020020	256384	1
A_HP_03	33	Pulse	99	3040020	276384	1
A_HP_03	33	Pulse	99	3060020	296384	1
A_HP_03	34	Response	3	3080020	6297	1
A_HP_03	34	Pulse	99	3080020	6297	1
A_HP_03	35	Picture	response8	3080554	119	1	40321	1	0	40000	hit	188
A_HP_03	35	Response	2	3090239	9804	1
A_HP_03	35	Pulse	99	3100020	19585	1
A_HP_03	35	Pulse	99	3120020	39585	1
A_HP_03	36	Picture	response7	3131205	370	1	40321	1	0	40000	hit	192
A_HP_03	36	Response	1	3139349	8514	1
A_HP_03	36	Pulse	99	3140020	9184	1
A_HP_03	36	Pulse	99	3160020	29184	1
A_HP_03	36	Pulse	99	3180101	49265	1
A_HP_03	37	Picture	response4	3181523	287	1	40321	1	0	40000	hit	197
A_HP_03	37	Response	2	3186529	5293	1
A_HP_03	37	Pulse	99	3200020	18784	1
A_HP_03	37	Pulse	99	3220020	38784	1
A_HP_03	38	Picture	response1	3231841	205	1	40154	1	0	40000	hit	202
A_HP_03	38	Pulse	99	3240101	8465	1
A_HP_03	38	Response	2	3259279	27643	1
A_HP_03	38	Pulse	99	3260020	28384	1
A_HP_03	38	Pulse	99	3280020	48384	1
A_HP_03	39	Picture	response2	3282325	290	1	40154	1	0	40000	hit	206
A_HP_03	39	Response	2	3294489	12454	1
A_HP_03	39	Pulse	99	3300020	17984	1
A_HP_03	39	Pulse	99	3320020	37985	1
A_HP_03	40	Picture	response3	3332643	207	1	40154	1	0	40000	hit	211
A_HP_03	40	Pulse	99	3340020	7584	1
A_HP_03	40	Response	1	3341529	9093	1
A_HP_03	40	Pulse	99	3360020	27584	1
A_HP_03	40	Pulse	99	3380021	47584	1
A_HP_03	41	Picture	response6	3383128	292	1	40154	1	0	40000	hit	215
A_HP_03	41	Response	1	3390379	7543	1
A_HP_03	41	Pulse	99	3400020	17184	1
A_HP_03	41	Pulse	99	3420020	37184	1
A_HP_03	42	Picture	response5	3433446	210	1	40154	1	0	40000	hit	220
A_HP_03	42	Pulse	99	3440020	6785	1
A_HP_03	42	Response	2	3442099	8863	1
A_HP_03	42	Pulse	99	3460020	26784	1
A_HP_03	42	Pulse	99	3480021	46785	1
A_HP_03	43	Picture	ins17	3483764	127	1	30157	1	0	30000	other	0
A_HP_03	43	Pulse	99	3500020	16384	1
A_HP_03	43	Pulse	99	3520020	36384	1
A_HP_03	43	Pulse	99	3540020	56384	1
A_HP_03	43	Pulse	99	3560020	76384	1
A_HP_03	43	Pulse	99	3580020	96384	1
A_HP_03	43	Pulse	99	3600020	116384	1
A_HP_03	43	Pulse	99	3620020	136384	1
A_HP_03	43	Pulse	99	3640020	156384	1
A_HP_03	43	Pulse	99	3660020	176384	1
A_HP_03	43	Pulse	99	3680021	196385	1
A_HP_03	43	Pulse	99	3700021	216385	1
A_HP_03	43	Pulse	99	3720020	236384	1
A_HP_03	43	Pulse	99	3740021	256385	1
A_HP_03	43	Pulse	99	3760021	276385	1
A_HP_03	43	Pulse	99	3780020	296384	1
A_HP_03	44	Response	3	3800020	6185	1
A_HP_03	44	Pulse	99	3800020	6185	1
A_HP_03	45	Picture	response135	3800666	230	1	40154	1	0	40000	incorrect	242
A_HP_03	45	Response	1	3813660	13224	1
A_HP_03	45	Pulse	99	3820021	19585	1
A_HP_03	45	Pulse	99	3840021	39585	1
A_HP_03	46	Picture	response136	3851151	315	1	40154	1	0	40000	hit	247
A_HP_03	46	Pulse	99	3860020	9184	1
A_HP_03	46	Response	2	3865469	14633	1
A_HP_03	46	Pulse	99	3880021	29185	1
A_HP_03	46	Pulse	99	3900021	49184	1
A_HP_03	47	Picture	response131	3901469	232	1	40154	1	0	40000	hit	251
A_HP_03	47	Response	2	3916679	15443	1
A_HP_03	47	Pulse	99	3920020	18783	1
A_HP_03	47	Pulse	99	3940020	38784	1
A_HP_03	48	Picture	response134	3951787	150	1	40154	1	0	40000	hit	256
A_HP_03	48	Pulse	99	3960021	8384	1
A_HP_03	48	Response	1	3971260	19623	1
A_HP_03	48	Pulse	99	3980021	28384	1
A_HP_03	48	Pulse	99	4000021	48384	1
A_HP_03	49	Picture	response133	4002271	235	1	40154	1	0	40000	hit	261
A_HP_03	49	Pulse	99	4020020	17984	1
A_HP_03	49	Response	1	4021959	19922	1
A_HP_03	49	Pulse	99	4040021	37984	1
A_HP_03	50	Picture	response129	4052589	153	1	40154	1	0	40000	hit	264
A_HP_03	50	Response	2	4058340	5903	1
A_HP_03	50	Pulse	99	4060021	7584	1
A_HP_03	50	Pulse	99	4080021	27585	1
A_HP_03	50	Pulse	99	4100021	47585	1
A_HP_03	51	Picture	response132	4103073	237	1	40154	1	0	40000	hit	270
A_HP_03	51	Pulse	99	4120021	17184	1
A_HP_03	51	Response	1	4125150	22313	1
A_HP_03	51	Pulse	99	4140020	37184	1
A_HP_03	52	Picture	response130	4153391	155	1	40154	1	0	40000	incorrect	275
A_HP_03	52	Pulse	99	4160020	6784	1
A_HP_03	52	Pulse	99	4180021	26785	1
A_HP_03	52	Response	2	4190850	37614	1
A_HP_03	52	Pulse	99	4200021	46785	1
A_HP_03	53	Picture	ins3	4203876	239	1	30324	1	0	30000	other	0
A_HP_03	53	Pulse	99	4220021	16384	1
A_HP_03	53	Pulse	99	4240021	36385	1
A_HP_03	53	Pulse	99	4260020	56384	1
A_HP_03	53	Pulse	99	4280022	76385	1
A_HP_03	53	Pulse	99	4300021	96385	1
A_HP_03	53	Pulse	99	4320020	116384	1
A_HP_03	53	Pulse	99	4340021	136384	1
A_HP_03	53	Pulse	99	4360021	156384	1
A_HP_03	53	Pulse	99	4380021	176384	1
A_HP_03	53	Pulse	99	4400021	196384	1
A_HP_03	53	Pulse	99	4420021	216384	1
A_HP_03	53	Pulse	99	4440021	236384	1
A_HP_03	53	Pulse	99	4460021	256384	1
A_HP_03	53	Pulse	99	4480021	276385	1
A_HP_03	53	Pulse	99	4500021	296384	1
A_HP_03	54	Response	3	4520021	6240	1
A_HP_03	54	Pulse	99	4520021	6240	1
A_HP_03	55	Picture	response24	4520612	175	1	40154	1	0	40000	hit	296
A_HP_03	55	Response	1	4534190	13753	1
A_HP_03	55	Pulse	99	4540021	19584	1
A_HP_03	55	Pulse	99	4560021	39584	1
A_HP_03	56	Picture	response23	4571096	260	1	40154	1	0	40000	hit	300
A_HP_03	56	Response	1	4580019	9183	1
A_HP_03	56	Pulse	99	4580020	9184	1
A_HP_03	56	Pulse	99	4600021	29185	1
A_HP_03	56	Pulse	99	4620021	49185	1
A_HP_03	57	Picture	response21	4621414	178	1	40154	1	0	40000	hit	305
A_HP_03	57	Response	2	4628269	7034	1
A_HP_03	57	Pulse	99	4640021	18785	1
A_HP_03	57	Pulse	99	4660021	38785	1
A_HP_03	58	Picture	response20	4671732	96	1	40154	1	0	40000	hit	310
A_HP_03	58	Pulse	99	4680021	8385	1
A_HP_03	58	Response	1	4680039	8403	1
A_HP_03	58	Pulse	99	4700021	28385	1
A_HP_03	58	Pulse	99	4720020	48384	1
A_HP_03	59	Picture	response17	4722217	180	1	40321	1	0	40000	hit	314
A_HP_03	59	Response	1	4729230	7193	1
A_HP_03	59	Pulse	99	4740021	17984	1
A_HP_03	59	Pulse	99	4760021	37985	1
A_HP_03	60	Picture	response19	4772701	264	1	40321	1	0	40000	hit	319
A_HP_03	60	Pulse	99	4780021	7585	1
A_HP_03	60	Response	2	4780250	7813	1
A_HP_03	60	Pulse	99	4800021	27585	1
A_HP_03	60	Pulse	99	4820021	47584	1
A_HP_03	61	Picture	response22	4823186	349	1	40321	1	0	40000	hit	323
A_HP_03	61	Response	1	4834230	11393	1
A_HP_03	61	Pulse	99	4840021	17184	1
A_HP_03	61	Pulse	99	4860021	37185	1
A_HP_03	62	Picture	response18	4873504	267	1	40154	1	0	40000	hit	328
A_HP_03	62	Pulse	99	4880021	6784	1
A_HP_03	62	Response	2	4880860	7623	1
A_HP_03	62	Pulse	99	4900021	26785	1
A_HP_03	62	Pulse	99	4920022	46786	1
A_HP_03	63	Picture	thanks	4923488	0	1	10164	1	0	10000	other	0
A_HP_03	63	Pulse	99	4940021	16533	1


Event Type	Code	Type	Response	RT	RT Uncertainty	Time	Uncertainty	Duration	Uncertainty	ReqTime	ReqDur

Picture	ready	other				540334	1	10164	1	0	10000
Picture	ins11	other				600982	1	30157	1	0	30000
Picture	response86	hit	2	20037	2	920551	1	40321	1	0	40000
Picture	response82	hit	1	19236	2	971202	1	40321	1	0	40000
Picture	response83	hit	2	8008	2	1021520	1	40321	1	0	40000
Picture	response84	hit	1	16011	2	1071837	1	40154	1	0	40000
Picture	response87	hit	2	8896	2	1122322	1	40154	1	0	40000
Picture	response85	hit	1	15408	2	1172640	1	40154	1	0	40000
Picture	response81	hit	2	8893	2	1223124	1	40154	1	0	40000
Picture	response88	hit	2	21075	2	1273442	1	40154	1	0	40000
Picture	ins19	other				1323760	1	30157	1	0	30000
Picture	response146	incorrect	2	15516	2	1640663	1	40154	1	0	40000
Picture	response152	hit	1	10811	2	1691147	1	40154	1	0	40000
Picture	response147	hit	2	25533	2	1741465	1	40154	1	0	40000
Picture	response150	hit	2	16135	2	1791783	1	40154	1	0	40000
Picture	response148	incorrect	2	39750	2	1842268	1	40154	1	0	40000
Picture	response145	hit	2	14232	2	1892585	1	40154	1	0	40000
Picture	response151	incorrect	2	17988	2	1943070	1	40154	1	0	40000
Picture	response149	hit	2	10711	2	1993388	1	40321	1	0	40000
Picture	ins9	other				2043872	1	30324	1	0	30000
Picture	response69	hit	1	11120	2	2360608	1	40154	1	0	40000
Picture	response71	incorrect	2	9186	2	2411093	1	40154	1	0	40000
Picture	response65	hit	1	9068	2	2461411	1	40154	1	0	40000
Picture	response70	hit	2	7720	2	2511729	1	40154	1	0	40000
Picture	response67	hit	1	17015	2	2562213	1	40321	1	0	40000
Picture	response68	hit	2	17941	2	2612698	1	40321	1	0	40000
Picture	response66	hit	2	7767	2	2663182	1	40321	1	0	40000
Picture	response72	hit	1	18109	2	2713500	1	40154	1	0	40000
Picture	ins1	other				2763818	1	30157	1	0	30000
Picture	response8	hit	2	9685	2	3080554	1	40321	1	0	40000
Picture	response7	hit	1	8144	2	3131205	1	40321	1	0	40000
Picture	response4	hit	2	5006	2	3181523	1	40321	1	0	40000
Picture	response1	hit	2	27438	2	3231841	1	40154	1	0	40000
Picture	response2	hit	2	12164	2	3282325	1	40154	1	0	40000
Picture	response3	hit	1	8885	2	3332643	1	40154	1	0	40000
Picture	response6	hit	1	7252	2	3383128	1	40154	1	0	40000
Picture	response5	hit	2	8653	2	3433446	1	40154	1	0	40000
Picture	ins17	other				3483764	1	30157	1	0	30000
Picture	response135	incorrect	1	12993	2	3800666	1	40154	1	0	40000
Picture	response136	hit	2	14319	2	3851151	1	40154	1	0	40000
Picture	response131	hit	2	15211	2	3901469	1	40154	1	0	40000
Picture	response134	hit	1	19473	2	3951787	1	40154	1	0	40000
Picture	response133	hit	1	19688	2	4002271	1	40154	1	0	40000
Picture	response129	hit	2	5751	2	4052589	1	40154	1	0	40000
Picture	response132	hit	1	22076	2	4103073	1	40154	1	0	40000
Picture	response130	incorrect	2	37459	2	4153391	1	40154	1	0	40000
Picture	ins3	other				4203876	1	30324	1	0	30000
Picture	response24	hit	1	13578	2	4520612	1	40154	1	0	40000
Picture	response23	hit	1	8923	2	4571096	1	40154	1	0	40000
Picture	response21	hit	2	6855	2	4621414	1	40154	1	0	40000
Picture	response20	hit	1	8307	2	4671732	1	40154	1	0	40000
Picture	response17	hit	1	7013	2	4722217	1	40321	1	0	40000
Picture	response19	hit	2	7549	2	4772701	1	40321	1	0	40000
Picture	response22	hit	1	11044	2	4823186	1	40321	1	0	40000
Picture	response18	hit	2	7356	2	4873504	1	40154	1	0	40000
Picture	thanks	other				4923488	1	10164	1	0	10000


{
   "app": "Presentation Version 21.0 Build 06.06.19",
   "device": "LENOVO 20KHCTO1WW",
   "experiment": "{C0C68DB1-10BA-42F2-8F79-3F2AFFEED4E4}",
   "os": "Windows 10 64 bit",
   "package": "",
   "parameters": {
      "configuration": "Default configuration"
   },
   "scenario": "Feature experiment(1).sce",
   "subject": "A_HP_03",
   "timestamp": "2019/07/18 04:47:06 GMT"
}
