Scenario - 
Logfile written - 09/26/2019 10:08:26

Subject	Trial	Event Type	Code	Time	TTime	Uncertainty	Duration	Uncertainty	ReqTime	ReqDur	Stim Type	Pair Index

A_HP_12	1	Response	3	506025	504526	1
A_HP_12	1	Pulse	99	506025	504526	1
A_HP_12	2	Picture	ready	506257	0	1	10229	1	0	10000	other	0
A_HP_12	2	Pulse	99	526025	19768	1
A_HP_12	2	Pulse	99	546025	39768	1
A_HP_12	2	Pulse	99	566025	59768	1
A_HP_12	3	Picture	ins3	566824	233	1	30229	1	0	30000	other	0
A_HP_12	3	Pulse	99	586025	19434	1
A_HP_12	3	Pulse	99	606025	39435	1
A_HP_12	3	Pulse	99	626025	59434	1
A_HP_12	3	Pulse	99	646025	79435	1
A_HP_12	3	Pulse	99	666025	99435	1
A_HP_12	3	Pulse	99	686025	119435	1
A_HP_12	3	Pulse	99	706025	139435	1
A_HP_12	3	Pulse	99	726025	159435	1
A_HP_12	3	Pulse	99	746025	179435	1
A_HP_12	3	Pulse	99	766025	199435	1
A_HP_12	3	Pulse	99	786025	219435	1
A_HP_12	3	Pulse	99	806025	239435	1
A_HP_12	3	Pulse	99	826025	259435	1
A_HP_12	3	Pulse	99	846025	279435	1
A_HP_12	3	Pulse	99	866025	299435	1
A_HP_12	4	Response	3	886025	9204	1
A_HP_12	4	Pulse	99	886025	9204	1
A_HP_12	5	Picture	response23	886620	230	1	40229	1	0	40000	hit	26
A_HP_12	5	Response	1	896634	10244	1
A_HP_12	5	Pulse	99	906025	19635	1
A_HP_12	5	Pulse	99	926025	39635	1
A_HP_12	6	Picture	response24	936912	122	1	40229	1	0	40000	hit	30
A_HP_12	6	Response	1	943294	6504	1
A_HP_12	6	Pulse	99	946025	9235	1
A_HP_12	6	Pulse	99	966025	29235	1
A_HP_12	6	Pulse	99	986025	49235	1
A_HP_12	7	Picture	response19	987370	181	1	40229	1	0	40000	hit	35
A_HP_12	7	Response	2	992495	5305	1
A_HP_12	7	Pulse	99	1006026	18836	1
A_HP_12	7	Pulse	99	1026025	38836	1
A_HP_12	8	Picture	response21	1037828	238	1	40229	1	0	40000	hit	39
A_HP_12	8	Response	2	1043405	5814	1
A_HP_12	8	Pulse	99	1046025	8435	1
A_HP_12	8	Pulse	99	1066025	28435	1
A_HP_12	8	Pulse	99	1086026	48436	1
A_HP_12	9	Picture	response17	1088286	295	1	40229	1	0	40000	hit	44
A_HP_12	9	Response	1	1094915	6924	1
A_HP_12	9	Pulse	99	1106026	18035	1
A_HP_12	9	Pulse	99	1126026	38035	1
A_HP_12	10	Picture	response20	1138578	187	1	40229	1	0	40000	hit	48
A_HP_12	10	Response	1	1145274	6883	1
A_HP_12	10	Pulse	99	1146026	7635	1
A_HP_12	10	Pulse	99	1166026	27635	1
A_HP_12	10	Pulse	99	1186026	47635	1
A_HP_12	11	Picture	response22	1188870	79	1	40230	1	0	40000	hit	53
A_HP_12	11	Response	1	1194645	5854	1
A_HP_12	11	Pulse	99	1206026	17235	1
A_HP_12	11	Pulse	99	1226026	37235	1
A_HP_12	12	Picture	response18	1239495	304	1	40230	1	0	40000	hit	57
A_HP_12	12	Response	2	1244405	5214	1
A_HP_12	12	Pulse	99	1246026	6835	1
A_HP_12	12	Pulse	99	1266026	26835	1
A_HP_12	12	Pulse	99	1286026	46835	1
A_HP_12	13	Picture	ins19	1289787	196	1	30230	1	0	30000	other	0
A_HP_12	13	Pulse	99	1306026	16434	1
A_HP_12	13	Pulse	99	1326026	36435	1
A_HP_12	13	Pulse	99	1346026	56435	1
A_HP_12	13	Pulse	99	1366026	76435	1
A_HP_12	13	Pulse	99	1386026	96435	1
A_HP_12	13	Pulse	99	1406026	116435	1
A_HP_12	13	Pulse	99	1426026	136435	1
A_HP_12	13	Pulse	99	1446026	156435	1
A_HP_12	13	Pulse	99	1466026	176435	1
A_HP_12	13	Pulse	99	1486026	196435	1
A_HP_12	13	Pulse	99	1506027	216435	1
A_HP_12	13	Pulse	99	1526026	236435	1
A_HP_12	13	Pulse	99	1546026	256435	1
A_HP_12	13	Pulse	99	1566026	276435	1
A_HP_12	13	Pulse	99	1586026	296435	1
A_HP_12	14	Response	3	1606026	6205	1
A_HP_12	14	Pulse	99	1606026	6205	1
A_HP_12	15	Picture	response151	1606622	230	1	40229	1	0	40000	incorrect	81
A_HP_12	15	Pulse	99	1626027	19635	1
A_HP_12	15	Response	2	1629955	23563	1
A_HP_12	15	Pulse	99	1646027	39635	1
A_HP_12	16	Picture	response150	1656913	121	1	40229	1	0	40000	hit	85
A_HP_12	16	Pulse	99	1666027	9235	1
A_HP_12	16	Response	2	1674535	17743	1
A_HP_12	16	Pulse	99	1686027	29235	1
A_HP_12	16	Pulse	99	1706026	49234	1
A_HP_12	17	Picture	response145	1707371	180	1	40229	1	0	40000	hit	89
A_HP_12	17	Response	2	1724196	17005	1
A_HP_12	17	Pulse	99	1726026	18835	1
A_HP_12	17	Pulse	99	1746027	38836	1
A_HP_12	18	Picture	response148	1757830	238	1	40229	1	0	40000	hit	94
A_HP_12	18	Pulse	99	1766027	8436	1
A_HP_12	18	Response	1	1776316	18724	1
A_HP_12	18	Pulse	99	1786027	28435	1
A_HP_12	18	Pulse	99	1806027	48435	1
A_HP_12	19	Picture	response149	1808288	296	1	40229	1	0	40000	hit	98
A_HP_12	19	Response	2	1824106	16114	1
A_HP_12	19	Pulse	99	1826026	18034	1
A_HP_12	19	Pulse	99	1846028	38036	1
A_HP_12	20	Picture	response152	1858579	187	1	40229	1	0	40000	hit	103
A_HP_12	20	Pulse	99	1866027	7636	1
A_HP_12	20	Response	1	1873466	15074	1
A_HP_12	20	Pulse	99	1886027	27635	1
A_HP_12	20	Pulse	99	1906027	47635	1
A_HP_12	21	Picture	response146	1908870	79	1	40229	1	0	40000	hit	107
A_HP_12	21	Response	1	1922126	13334	1
A_HP_12	21	Pulse	99	1926026	17235	1
A_HP_12	21	Pulse	99	1946027	37236	1
A_HP_12	22	Picture	response147	1959495	303	1	40229	1	0	40000	hit	112
A_HP_12	22	Pulse	99	1966027	6835	1
A_HP_12	22	Response	2	1967495	8303	1
A_HP_12	22	Pulse	99	1986027	26835	1
A_HP_12	22	Pulse	99	2006027	46835	1
A_HP_12	23	Picture	ins9	2009787	195	1	30229	1	0	30000	other	0
A_HP_12	23	Pulse	99	2026027	16435	1
A_HP_12	23	Pulse	99	2046027	36435	1
A_HP_12	23	Pulse	99	2066027	56435	1
A_HP_12	23	Pulse	99	2086027	76435	1
A_HP_12	23	Pulse	99	2106027	96435	1
A_HP_12	23	Pulse	99	2126027	116435	1
A_HP_12	23	Pulse	99	2146027	136435	1
A_HP_12	23	Pulse	99	2166027	156435	1
A_HP_12	23	Pulse	99	2186027	176435	1
A_HP_12	23	Pulse	99	2206028	196436	1
A_HP_12	23	Pulse	99	2226027	216435	1
A_HP_12	23	Pulse	99	2246027	236435	1
A_HP_12	23	Pulse	99	2266027	256435	1
A_HP_12	23	Pulse	99	2286027	276435	1
A_HP_12	23	Pulse	99	2306028	296436	1
A_HP_12	24	Response	3	2326028	6205	1
A_HP_12	24	Pulse	99	2326028	6205	1
A_HP_12	25	Picture	response71	2326623	230	1	40229	1	0	40000	hit	134
A_HP_12	25	Response	1	2340387	13994	1
A_HP_12	25	Pulse	99	2346027	19634	1
A_HP_12	25	Pulse	99	2366028	39635	1
A_HP_12	26	Picture	response66	2376914	122	1	40229	1	0	40000	hit	139
A_HP_12	26	Pulse	99	2386028	9235	1
A_HP_12	26	Response	2	2387716	10923	1
A_HP_12	26	Pulse	99	2406028	29235	1
A_HP_12	26	Pulse	99	2426028	49235	1
A_HP_12	27	Picture	response72	2427373	181	1	40229	1	0	40000	hit	143
A_HP_12	27	Response	1	2436827	9635	1
A_HP_12	27	Pulse	99	2446028	18836	1
A_HP_12	27	Pulse	99	2466028	38836	1
A_HP_12	28	Picture	response70	2477830	238	1	40229	1	0	40000	hit	148
A_HP_12	28	Pulse	99	2486028	8435	1
A_HP_12	28	Response	2	2486926	9333	1
A_HP_12	28	Pulse	99	2506028	28435	1
A_HP_12	28	Pulse	99	2526028	48435	1
A_HP_12	29	Picture	response65	2528289	296	1	40229	1	0	40000	hit	152
A_HP_12	29	Response	1	2539467	11474	1
A_HP_12	29	Pulse	99	2546027	18034	1
A_HP_12	29	Pulse	99	2566028	38035	1
A_HP_12	30	Picture	response67	2578581	188	1	40229	1	0	40000	hit	157
A_HP_12	30	Pulse	99	2586028	7635	1
A_HP_12	30	Response	1	2597247	18854	1
A_HP_12	30	Pulse	99	2606028	27635	1
A_HP_12	30	Pulse	99	2626028	47635	1
A_HP_12	31	Picture	response69	2628872	80	1	40229	1	0	40000	hit	161
A_HP_12	31	Response	1	2636626	7834	1
A_HP_12	31	Pulse	99	2646027	17234	1
A_HP_12	31	Pulse	99	2666028	37235	1
A_HP_12	32	Picture	response68	2679497	304	1	40229	1	0	40000	hit	166
A_HP_12	32	Pulse	99	2686028	6835	1
A_HP_12	32	Response	2	2688807	9614	1
A_HP_12	32	Pulse	99	2706028	26835	1
A_HP_12	32	Pulse	99	2726029	46836	1
A_HP_12	33	Picture	ins1	2729789	196	1	30229	1	0	30000	other	0
A_HP_12	33	Pulse	99	2746028	16435	1
A_HP_12	33	Pulse	99	2766028	36435	1
A_HP_12	33	Pulse	99	2786028	56435	1
A_HP_12	33	Pulse	99	2806028	76435	1
A_HP_12	33	Pulse	99	2826028	96435	1
A_HP_12	33	Pulse	99	2846029	116435	1
A_HP_12	33	Pulse	99	2866028	136435	1
A_HP_12	33	Pulse	99	2886028	156435	1
A_HP_12	33	Pulse	99	2906028	176435	1
A_HP_12	33	Pulse	99	2926028	196435	1
A_HP_12	33	Pulse	99	2946028	216435	1
A_HP_12	33	Pulse	99	2966028	236435	1
A_HP_12	33	Pulse	99	2986028	256435	1
A_HP_12	33	Pulse	99	3006029	276435	1
A_HP_12	33	Pulse	99	3026028	296435	1
A_HP_12	34	Response	3	3046029	6206	1
A_HP_12	34	Pulse	99	3046029	6206	1
A_HP_12	35	Picture	response2	3046623	230	1	40229	1	0	40000	hit	188
A_HP_12	35	Response	2	3054097	7704	1
A_HP_12	35	Pulse	99	3066029	19635	1
A_HP_12	35	Pulse	99	3086029	39636	1
A_HP_12	36	Picture	response3	3096914	121	1	40229	1	0	40000	hit	192
A_HP_12	36	Response	1	3101437	4644	1
A_HP_12	36	Pulse	99	3106028	9235	1
A_HP_12	36	Pulse	99	3126029	29235	1
A_HP_12	36	Pulse	99	3146029	49235	1
A_HP_12	37	Picture	response4	3147372	180	1	40229	1	0	40000	hit	197
A_HP_12	37	Response	2	3153147	5955	1
A_HP_12	37	Pulse	99	3166029	18836	1
A_HP_12	37	Pulse	99	3186029	38836	1
A_HP_12	38	Picture	response8	3197831	237	1	40229	1	0	40000	hit	201
A_HP_12	38	Response	2	3202778	5184	1
A_HP_12	38	Pulse	99	3206028	8435	1
A_HP_12	38	Pulse	99	3226029	28435	1
A_HP_12	38	Pulse	99	3246029	48435	1
A_HP_12	39	Picture	response7	3248289	295	1	40230	1	0	40000	hit	206
A_HP_12	39	Response	1	3253818	5824	1
A_HP_12	39	Pulse	99	3266029	18035	1
A_HP_12	39	Pulse	99	3286030	38036	1
A_HP_12	40	Picture	response5	3298581	187	1	40229	1	0	40000	hit	210
A_HP_12	40	Response	2	3305418	7024	1
A_HP_12	40	Pulse	99	3306028	7635	1
A_HP_12	40	Pulse	99	3326029	27635	1
A_HP_12	40	Pulse	99	3346029	47635	1
A_HP_12	41	Picture	response6	3348872	78	1	40229	1	0	40000	hit	215
A_HP_12	41	Response	1	3355588	6794	1
A_HP_12	41	Pulse	99	3366029	17236	1
A_HP_12	41	Pulse	99	3386029	37235	1
A_HP_12	42	Picture	response1	3399496	303	1	40229	1	0	40000	hit	220
A_HP_12	42	Pulse	99	3406029	6835	1
A_HP_12	42	Response	2	3411828	12634	1
A_HP_12	42	Pulse	99	3426029	26835	1
A_HP_12	42	Pulse	99	3446029	46835	1
A_HP_12	43	Picture	ins17	3449788	194	1	30229	1	0	30000	other	0
A_HP_12	43	Pulse	99	3466029	16435	1
A_HP_12	43	Pulse	99	3486029	36436	1
A_HP_12	43	Pulse	99	3506029	56435	1
A_HP_12	43	Pulse	99	3526029	76436	1
A_HP_12	43	Pulse	99	3546029	96435	1
A_HP_12	43	Pulse	99	3566029	116435	1
A_HP_12	43	Pulse	99	3586030	136436	1
A_HP_12	43	Pulse	99	3606029	156436	1
A_HP_12	43	Pulse	99	3626030	176436	1
A_HP_12	43	Pulse	99	3646030	196436	1
A_HP_12	43	Pulse	99	3666030	216436	1
A_HP_12	43	Pulse	99	3686029	236436	1
A_HP_12	43	Pulse	99	3706029	256436	1
A_HP_12	43	Pulse	99	3726029	276436	1
A_HP_12	43	Pulse	99	3746030	296436	1
A_HP_12	44	Response	3	3766030	6206	1
A_HP_12	44	Pulse	99	3766030	6206	1
A_HP_12	45	Picture	response132	3766625	230	1	40229	1	0	40000	hit	242
A_HP_12	45	Response	1	3776579	10184	1
A_HP_12	45	Pulse	99	3786030	19635	1
A_HP_12	45	Pulse	99	3806030	39635	1
A_HP_12	46	Picture	response133	3816917	122	1	40229	1	0	40000	hit	247
A_HP_12	46	Pulse	99	3826030	9235	1
A_HP_12	46	Response	1	3832689	15894	1
A_HP_12	46	Pulse	99	3846030	29236	1
A_HP_12	46	Pulse	99	3866030	49235	1
A_HP_12	47	Picture	response134	3867375	180	1	40230	1	0	40000	hit	251
A_HP_12	47	Response	1	3875229	8034	1
A_HP_12	47	Pulse	99	3886030	18835	1
A_HP_12	47	Pulse	99	3906030	38835	1
A_HP_12	48	Picture	response136	3917833	239	1	40229	1	0	40000	hit	256
A_HP_12	48	Pulse	99	3926030	8435	1
A_HP_12	48	Response	2	3936899	19304	1
A_HP_12	48	Pulse	99	3946029	28435	1
A_HP_12	48	Pulse	99	3966030	48435	1
A_HP_12	49	Picture	response130	3968291	296	1	40229	1	0	40000	hit	260
A_HP_12	49	Response	1	3978569	10574	1
A_HP_12	49	Pulse	99	3986030	18036	1
A_HP_12	49	Pulse	99	4006030	38035	1
A_HP_12	50	Picture	response131	4018582	188	1	40229	1	0	40000	hit	264
A_HP_12	50	Response	2	4025319	6924	1
A_HP_12	50	Pulse	99	4026030	7635	1
A_HP_12	50	Pulse	99	4046030	27635	1
A_HP_12	50	Pulse	99	4066030	47636	1
A_HP_12	51	Picture	response135	4068874	79	1	40229	1	0	40000	hit	269
A_HP_12	51	Response	2	4078339	9544	1
A_HP_12	51	Pulse	99	4086030	17235	1
A_HP_12	51	Pulse	99	4106030	37236	1
A_HP_12	52	Picture	response129	4119499	304	1	40230	1	0	40000	hit	274
A_HP_12	52	Pulse	99	4126030	6835	1
A_HP_12	52	Response	2	4130609	11414	1
A_HP_12	52	Pulse	99	4146030	26835	1
A_HP_12	52	Pulse	99	4166030	46835	1
A_HP_12	53	Picture	ins11	4169791	196	1	30229	1	0	30000	other	0
A_HP_12	53	Pulse	99	4186030	16435	1
A_HP_12	53	Pulse	99	4206030	36435	1
A_HP_12	53	Pulse	99	4226030	56435	1
A_HP_12	53	Pulse	99	4246031	76435	1
A_HP_12	53	Pulse	99	4266030	96435	1
A_HP_12	53	Pulse	99	4286031	116435	1
A_HP_12	53	Pulse	99	4306031	136435	1
A_HP_12	53	Pulse	99	4326030	156435	1
A_HP_12	53	Pulse	99	4346031	176436	1
A_HP_12	53	Pulse	99	4366031	196436	1
A_HP_12	53	Pulse	99	4386030	216435	1
A_HP_12	53	Pulse	99	4406031	236436	1
A_HP_12	53	Pulse	99	4426031	256436	1
A_HP_12	53	Pulse	99	4446031	276436	1
A_HP_12	53	Pulse	99	4466031	296436	1
A_HP_12	54	Response	3	4486031	6205	1
A_HP_12	54	Pulse	99	4486031	6205	1
A_HP_12	55	Picture	response85	4486625	229	1	40229	1	0	40000	hit	296
A_HP_12	55	Response	1	4498689	12294	1
A_HP_12	55	Pulse	99	4506030	19635	1
A_HP_12	55	Pulse	99	4526031	39635	1
A_HP_12	56	Picture	response88	4536917	122	1	40229	1	0	40000	hit	300
A_HP_12	56	Response	2	4544389	7594	1
A_HP_12	56	Pulse	99	4546030	9235	1
A_HP_12	56	Pulse	99	4566030	29235	1
A_HP_12	56	Pulse	99	4586031	49236	1
A_HP_12	57	Picture	response84	4587376	180	1	40229	1	0	40000	hit	305
A_HP_12	57	Response	1	4595300	8104	1
A_HP_12	57	Pulse	99	4606032	18836	1
A_HP_12	57	Pulse	99	4626031	38835	1
A_HP_12	58	Picture	response87	4637833	237	1	40229	1	0	40000	hit	310
A_HP_12	58	Pulse	99	4646031	8435	1
A_HP_12	58	Response	2	4646079	8483	1
A_HP_12	58	Pulse	99	4666031	28435	1
A_HP_12	58	Pulse	99	4685951	48355	1
A_HP_12	59	Picture	response86	4688292	296	1	40229	1	0	40000	hit	314
A_HP_12	59	Response	2	4695529	7534	1
A_HP_12	59	Pulse	99	4706031	18035	1
A_HP_12	59	Pulse	99	4726031	38035	1
A_HP_12	60	Picture	response82	4738583	188	1	40229	1	0	40000	hit	319
A_HP_12	60	Pulse	99	4745951	7555	1
A_HP_12	60	Response	1	4748699	10304	1
A_HP_12	60	Pulse	99	4766031	27636	1
A_HP_12	60	Pulse	99	4786031	47636	1
A_HP_12	61	Picture	response81	4788875	79	1	40230	1	0	40000	hit	323
A_HP_12	61	Response	2	4799660	10864	1
A_HP_12	61	Pulse	99	4806031	17235	1
A_HP_12	61	Pulse	99	4826031	37235	1
A_HP_12	62	Picture	response83	4839500	304	1	40229	1	0	40000	hit	328
A_HP_12	62	Pulse	99	4846031	6835	1
A_HP_12	62	Response	2	4847109	7913	1
A_HP_12	62	Pulse	99	4866031	26835	1
A_HP_12	62	Pulse	99	4886031	46835	1
A_HP_12	63	Picture	thanks	4889458	0	1	10229	1	0	10000	other	0
A_HP_12	63	Pulse	99	4906031	16573	1


Event Type	Code	Type	Response	RT	RT Uncertainty	Time	Uncertainty	Duration	Uncertainty	ReqTime	ReqDur

Picture	ready	other				506257	1	10229	1	0	10000
Picture	ins3	other				566824	1	30229	1	0	30000
Picture	response23	hit	1	10014	2	886620	1	40229	1	0	40000
Picture	response24	hit	1	6382	2	936912	1	40229	1	0	40000
Picture	response19	hit	2	5124	2	987370	1	40229	1	0	40000
Picture	response21	hit	2	5577	2	1037828	1	40229	1	0	40000
Picture	response17	hit	1	6629	2	1088286	1	40229	1	0	40000
Picture	response20	hit	1	6696	2	1138578	1	40229	1	0	40000
Picture	response22	hit	1	5775	2	1188870	1	40230	1	0	40000
Picture	response18	hit	2	4910	2	1239495	1	40230	1	0	40000
Picture	ins19	other				1289787	1	30230	1	0	30000
Picture	response151	incorrect	2	23333	2	1606622	1	40229	1	0	40000
Picture	response150	hit	2	17622	2	1656913	1	40229	1	0	40000
Picture	response145	hit	2	16825	2	1707371	1	40229	1	0	40000
Picture	response148	hit	1	18486	2	1757830	1	40229	1	0	40000
Picture	response149	hit	2	15818	2	1808288	1	40229	1	0	40000
Picture	response152	hit	1	14887	2	1858579	1	40229	1	0	40000
Picture	response146	hit	1	13255	2	1908870	1	40229	1	0	40000
Picture	response147	hit	2	8000	2	1959495	1	40229	1	0	40000
Picture	ins9	other				2009787	1	30229	1	0	30000
Picture	response71	hit	1	13763	2	2326623	1	40229	1	0	40000
Picture	response66	hit	2	10802	2	2376914	1	40229	1	0	40000
Picture	response72	hit	1	9454	2	2427373	1	40229	1	0	40000
Picture	response70	hit	2	9096	2	2477830	1	40229	1	0	40000
Picture	response65	hit	1	11178	2	2528289	1	40229	1	0	40000
Picture	response67	hit	1	18666	2	2578581	1	40229	1	0	40000
Picture	response69	hit	1	7754	2	2628872	1	40229	1	0	40000
Picture	response68	hit	2	9310	2	2679497	1	40229	1	0	40000
Picture	ins1	other				2729789	1	30229	1	0	30000
Picture	response2	hit	2	7474	2	3046623	1	40229	1	0	40000
Picture	response3	hit	1	4523	2	3096914	1	40229	1	0	40000
Picture	response4	hit	2	5775	2	3147372	1	40229	1	0	40000
Picture	response8	hit	2	4947	2	3197831	1	40229	1	0	40000
Picture	response7	hit	1	5529	2	3248289	1	40230	1	0	40000
Picture	response5	hit	2	6837	2	3298581	1	40229	1	0	40000
Picture	response6	hit	1	6716	2	3348872	1	40229	1	0	40000
Picture	response1	hit	2	12331	2	3399496	1	40229	1	0	40000
Picture	ins17	other				3449788	1	30229	1	0	30000
Picture	response132	hit	1	9954	2	3766625	1	40229	1	0	40000
Picture	response133	hit	1	15772	2	3816917	1	40229	1	0	40000
Picture	response134	hit	1	7854	2	3867375	1	40230	1	0	40000
Picture	response136	hit	2	19065	2	3917833	1	40229	1	0	40000
Picture	response130	hit	1	10278	2	3968291	1	40229	1	0	40000
Picture	response131	hit	2	6736	2	4018582	1	40229	1	0	40000
Picture	response135	hit	2	9465	2	4068874	1	40229	1	0	40000
Picture	response129	hit	2	11110	2	4119499	1	40230	1	0	40000
Picture	ins11	other				4169791	1	30229	1	0	30000
Picture	response85	hit	1	12064	2	4486625	1	40229	1	0	40000
Picture	response88	hit	2	7472	2	4536917	1	40229	1	0	40000
Picture	response84	hit	1	7924	2	4587376	1	40229	1	0	40000
Picture	response87	hit	2	8245	2	4637833	1	40229	1	0	40000
Picture	response86	hit	2	7238	2	4688292	1	40229	1	0	40000
Picture	response82	hit	1	10116	2	4738583	1	40229	1	0	40000
Picture	response81	hit	2	10785	2	4788875	1	40230	1	0	40000
Picture	response83	hit	2	7609	2	4839500	1	40229	1	0	40000
Picture	thanks	other				4889458	1	10229	1	0	10000


{
   "app": "Presentation Version 21.0 Build 06.06.19",
   "device": "LENOVO 20KHCTO1WW",
   "experiment": "{C0C68DB1-10BA-42F2-8F79-3F2AFFEED4E4}",
   "os": "Windows 10 64 bit",
   "package": "",
   "parameters": {
      "configuration": "Default configuration"
   },
   "scenario": "Feature experiment(1).sce",
   "subject": "A_HP_12",
   "timestamp": "2019/09/26 01:00:07 GMT"
}
