Scenario - 
Logfile written - 02/21/2020 10:46:01

Subject	Trial	Event Type	Code	Time	TTime	Uncertainty	Duration	Uncertainty	ReqTime	ReqDur	Stim Type	Pair Index

A_HP_51	1	Response	3	561188	560189	1
A_HP_51	1	Pulse	99	561188	560189	1
A_HP_51	2	Picture	ready	561245	0	1	10162	1	0	10000	other	0
A_HP_51	2	Pulse	99	581268	20022	1
A_HP_51	2	Pulse	99	601268	40023	1
A_HP_51	2	Pulse	99	621188	59942	1
A_HP_51	3	Picture	ins9	621718	105	1	30153	1	0	30000	other	0
A_HP_51	3	Pulse	99	641268	19655	1
A_HP_51	3	Pulse	99	661268	39655	1
A_HP_51	3	Pulse	99	681188	59575	1
A_HP_51	3	Pulse	99	701268	79655	1
A_HP_51	3	Pulse	99	721268	99655	1
A_HP_51	3	Pulse	99	741187	119575	1
A_HP_51	3	Pulse	99	761268	139655	1
A_HP_51	3	Pulse	99	781268	159655	1
A_HP_51	3	Pulse	99	801188	179575	1
A_HP_51	3	Pulse	99	821268	199655	1
A_HP_51	3	Pulse	99	841268	219655	1
A_HP_51	3	Pulse	99	861188	239575	1
A_HP_51	3	Pulse	99	881268	259655	1
A_HP_51	3	Pulse	99	901268	279655	1
A_HP_51	3	Pulse	99	921188	299575	1
A_HP_51	4	Response	3	941187	9442	1
A_HP_51	4	Pulse	99	941187	9442	1
A_HP_51	5	Picture	response67	941740	127	1	40148	1	0	40000	hit	27
A_HP_51	5	Pulse	99	961268	19655	1
A_HP_51	5	Response	1	968157	26544	1
A_HP_51	5	Pulse	99	981268	39655	1
A_HP_51	6	Picture	response69	992050	38	1	40148	1	0	40000	hit	31
A_HP_51	6	Pulse	99	1001188	9175	1
A_HP_51	6	Response	1	1004177	12164	1
A_HP_51	6	Pulse	99	1021268	29255	1
A_HP_51	6	Pulse	99	1041268	49255	1
A_HP_51	7	Picture	response72	1042527	115	1	40149	1	0	40000	hit	35
A_HP_51	7	Response	1	1055366	12954	1
A_HP_51	7	Pulse	99	1061187	18775	1
A_HP_51	7	Pulse	99	1081268	38855	1
A_HP_51	8	Picture	response66	1093005	192	1	40148	1	0	40000	hit	40
A_HP_51	8	Pulse	99	1101268	8455	1
A_HP_51	8	Response	2	1101416	8603	1
A_HP_51	8	Pulse	99	1121188	28375	1
A_HP_51	8	Pulse	99	1141268	48455	1
A_HP_51	9	Picture	response65	1143315	102	1	40149	1	0	40000	hit	44
A_HP_51	9	Response	1	1155336	12124	1
A_HP_51	9	Pulse	99	1161268	18055	1
A_HP_51	9	Pulse	99	1181188	37975	1
A_HP_51	10	Picture	response70	1193792	180	1	40149	1	0	40000	hit	49
A_HP_51	10	Pulse	99	1201268	7655	1
A_HP_51	10	Response	2	1201336	7723	1
A_HP_51	10	Pulse	99	1221268	27655	1
A_HP_51	10	Pulse	99	1241188	47575	1
A_HP_51	11	Picture	response68	1244103	90	1	40148	1	0	40000	hit	53
A_HP_51	11	Response	2	1255307	11294	1
A_HP_51	11	Pulse	99	1261268	17255	1
A_HP_51	11	Pulse	99	1281268	37255	1
A_HP_51	12	Picture	response71	1294580	167	1	40148	1	0	40000	hit	58
A_HP_51	12	Pulse	99	1301187	6775	1
A_HP_51	12	Response	1	1312097	17684	1
A_HP_51	12	Pulse	99	1321268	26856	1
A_HP_51	12	Pulse	99	1341268	46855	1
A_HP_51	13	Picture	ins11	1344890	78	1	30153	1	0	30000	other	0
A_HP_51	13	Pulse	99	1361188	16375	1
A_HP_51	13	Pulse	99	1381268	36455	1
A_HP_51	13	Pulse	99	1401268	56455	1
A_HP_51	13	Pulse	99	1421188	76375	1
A_HP_51	13	Pulse	99	1441188	96375	1
A_HP_51	13	Pulse	99	1461268	116455	1
A_HP_51	13	Pulse	99	1481188	136375	1
A_HP_51	13	Pulse	99	1501188	156375	1
A_HP_51	13	Pulse	99	1521268	176455	1
A_HP_51	13	Pulse	99	1541188	196375	1
A_HP_51	13	Pulse	99	1561188	216375	1
A_HP_51	13	Pulse	99	1581268	236455	1
A_HP_51	13	Pulse	99	1601187	256375	1
A_HP_51	13	Pulse	99	1621188	276375	1
A_HP_51	13	Pulse	99	1641268	296455	1
A_HP_51	14	Response	3	1661188	6271	1
A_HP_51	14	Pulse	99	1661188	6271	1
A_HP_51	15	Picture	response87	1661747	134	1	40148	1	0	40000	hit	80
A_HP_51	15	Response	2	1671386	9774	1
A_HP_51	15	Pulse	99	1681188	19575	1
A_HP_51	15	Pulse	99	1701268	39655	1
A_HP_51	16	Picture	response82	1712057	45	1	40149	1	0	40000	hit	85
A_HP_51	16	Pulse	99	1721187	9175	1
A_HP_51	16	Response	1	1726486	14474	1
A_HP_51	16	Pulse	99	1741188	29176	1
A_HP_51	16	Pulse	99	1761268	49255	1
A_HP_51	17	Picture	response81	1762535	122	1	40148	1	0	40000	hit	90
A_HP_51	17	Pulse	99	1781188	18775	1
A_HP_51	17	Response	2	1787336	24924	1
A_HP_51	17	Pulse	99	1801188	38775	1
A_HP_51	18	Picture	response83	1813012	199	1	40148	1	0	40000	hit	94
A_HP_51	18	Pulse	99	1821268	8455	1
A_HP_51	18	Response	2	1823026	10213	1
A_HP_51	18	Pulse	99	1841188	28375	1
A_HP_51	18	Pulse	99	1861188	48375	1
A_HP_51	19	Picture	response88	1863322	110	1	40148	1	0	40000	hit	98
A_HP_51	19	Response	2	1877686	14474	1
A_HP_51	19	Pulse	99	1881267	18055	1
A_HP_51	19	Pulse	99	1901187	37974	1
A_HP_51	20	Picture	response86	1913799	187	1	40148	1	0	40000	hit	103
A_HP_51	20	Pulse	99	1921188	7575	1
A_HP_51	20	Response	2	1938867	25254	1
A_HP_51	20	Pulse	99	1941268	27655	1
A_HP_51	20	Pulse	99	1961188	47575	1
A_HP_51	21	Picture	response84	1964110	97	1	40148	1	0	40000	hit	108
A_HP_51	21	Pulse	99	1981188	17175	1
A_HP_51	21	Response	1	1989266	25254	1
A_HP_51	21	Pulse	99	2001188	37175	1
A_HP_51	22	Picture	response85	2014587	174	1	40149	1	0	40000	hit	112
A_HP_51	22	Pulse	99	2021268	6855	1
A_HP_51	22	Response	1	2028907	14494	1
A_HP_51	22	Pulse	99	2041187	26775	1
A_HP_51	22	Pulse	99	2061188	46775	1
A_HP_51	23	Picture	ins3	2064898	85	1	30153	1	0	30000	other	0
A_HP_51	23	Pulse	99	2081267	16455	1
A_HP_51	23	Pulse	99	2101187	36375	1
A_HP_51	23	Pulse	99	2121187	56375	1
A_HP_51	23	Pulse	99	2141268	76455	1
A_HP_51	23	Pulse	99	2161187	96375	1
A_HP_51	23	Pulse	99	2181187	116375	1
A_HP_51	23	Pulse	99	2201268	136455	1
A_HP_51	23	Pulse	99	2221187	156375	1
A_HP_51	23	Pulse	99	2241187	176375	1
A_HP_51	23	Pulse	99	2261268	196455	1
A_HP_51	23	Pulse	99	2281188	216376	1
A_HP_51	23	Pulse	99	2301188	236375	1
A_HP_51	23	Pulse	99	2321268	256455	1
A_HP_51	23	Pulse	99	2341188	276375	1
A_HP_51	23	Pulse	99	2361187	296375	1
A_HP_51	24	Response	3	2381268	6344	1
A_HP_51	24	Pulse	99	2381268	6344	1
A_HP_51	25	Picture	response17	2381754	141	1	40148	1	0	40000	hit	134
A_HP_51	25	Response	1	2394827	13214	1
A_HP_51	25	Pulse	99	2401188	19575	1
A_HP_51	25	Pulse	99	2421187	39575	1
A_HP_51	26	Picture	response23	2432064	52	1	40149	1	0	40000	hit	138
A_HP_51	26	Response	1	2436867	4854	1
A_HP_51	26	Pulse	99	2441267	9255	1
A_HP_51	26	Pulse	99	2461188	29176	1
A_HP_51	26	Pulse	99	2481188	49175	1
A_HP_51	27	Picture	response24	2482542	129	1	40148	1	0	40000	hit	143
A_HP_51	27	Response	1	2498716	16304	1
A_HP_51	27	Pulse	99	2501187	18774	1
A_HP_51	27	Pulse	99	2521188	38775	1
A_HP_51	28	Picture	response19	2532852	40	1	40148	1	0	40000	hit	147
A_HP_51	28	Response	2	2539926	7114	1
A_HP_51	28	Pulse	99	2541187	8375	1
A_HP_51	28	Pulse	99	2561189	28376	1
A_HP_51	28	Pulse	99	2581187	48375	1
A_HP_51	29	Picture	response20	2583329	117	1	40148	1	0	40000	hit	153
A_HP_51	29	Pulse	99	2601188	17975	1
A_HP_51	29	Response	1	2607286	24074	1
A_HP_51	29	Pulse	99	2621188	37975	1
A_HP_51	30	Picture	response21	2633806	194	1	40148	1	0	40000	hit	156
A_HP_51	30	Response	2	2639686	6074	1
A_HP_51	30	Pulse	99	2641187	7575	1
A_HP_51	30	Pulse	99	2661187	27575	1
A_HP_51	30	Pulse	99	2681188	47575	1
A_HP_51	31	Picture	response18	2684117	105	1	40148	1	0	40000	hit	161
A_HP_51	31	Response	2	2689786	5774	1
A_HP_51	31	Pulse	99	2701188	17175	1
A_HP_51	31	Pulse	99	2721188	37176	1
A_HP_51	32	Picture	response22	2734594	182	1	40148	1	0	40000	hit	166
A_HP_51	32	Pulse	99	2741188	6775	1
A_HP_51	32	Response	1	2744426	10014	1
A_HP_51	32	Pulse	99	2761188	26775	1
A_HP_51	32	Pulse	99	2781187	46774	1
A_HP_51	33	Picture	ins19	2784905	92	1	30153	1	0	30000	other	0
A_HP_51	33	Pulse	99	2801188	16375	1
A_HP_51	33	Pulse	99	2821188	36375	1
A_HP_51	33	Pulse	99	2841188	56376	1
A_HP_51	33	Pulse	99	2861188	76375	1
A_HP_51	33	Pulse	99	2881187	96375	1
A_HP_51	33	Pulse	99	2901188	116376	1
A_HP_51	33	Pulse	99	2921187	136375	1
A_HP_51	33	Pulse	99	2941188	156375	1
A_HP_51	33	Pulse	99	2961188	176375	1
A_HP_51	33	Pulse	99	2981188	196375	1
A_HP_51	33	Pulse	99	3001187	216375	1
A_HP_51	33	Pulse	99	3021188	236375	1
A_HP_51	33	Pulse	99	3041187	256375	1
A_HP_51	33	Pulse	99	3061188	276375	1
A_HP_51	33	Pulse	99	3081188	296375	1
A_HP_51	34	Response	3	3101188	6257	1
A_HP_51	34	Pulse	99	3101188	6257	1
A_HP_51	35	Picture	response146	3101595	82	1	40148	1	0	40000	hit	189
A_HP_51	35	Pulse	99	3121188	19675	1
A_HP_51	35	Response	1	3129976	28464	1
A_HP_51	35	Pulse	99	3141188	39675	1
A_HP_51	36	Picture	response152	3152072	159	1	40148	1	0	40000	hit	193
A_HP_51	36	Pulse	99	3161187	9275	1
A_HP_51	36	Response	1	3174166	22254	1
A_HP_51	36	Pulse	99	3181187	29275	1
A_HP_51	36	Pulse	99	3201188	49275	1
A_HP_51	37	Picture	response151	3202382	70	1	40149	1	0	40000	hit	198
A_HP_51	37	Pulse	99	3221186	18873	1
A_HP_51	37	Response	1	3226206	23894	1
A_HP_51	37	Pulse	99	3241187	38875	1
A_HP_51	38	Picture	response150	3252859	147	1	40148	1	0	40000	hit	202
A_HP_51	38	Pulse	99	3261187	8475	1
A_HP_51	38	Response	2	3268436	15724	1
A_HP_51	38	Pulse	99	3281188	28475	1
A_HP_51	38	Pulse	99	3301188	48476	1
A_HP_51	39	Picture	response148	3303170	57	1	40148	1	0	40000	hit	206
A_HP_51	39	Response	1	3317596	14484	1
A_HP_51	39	Pulse	99	3321187	18074	1
A_HP_51	39	Pulse	99	3341187	38075	1
A_HP_51	40	Picture	response147	3353647	134	1	40149	1	0	40000	hit	211
A_HP_51	40	Pulse	99	3361188	7675	1
A_HP_51	40	Response	2	3378937	25424	1
A_HP_51	40	Pulse	99	3381187	27674	1
A_HP_51	40	Pulse	99	3401188	47675	1
A_HP_51	41	Picture	response145	3403958	45	1	40148	1	0	40000	hit	215
A_HP_51	41	Response	2	3420666	16754	1
A_HP_51	41	Pulse	99	3421186	17274	1
A_HP_51	41	Pulse	99	3441188	37276	1
A_HP_51	42	Picture	response149	3454435	122	1	40148	1	0	40000	hit	221
A_HP_51	42	Pulse	99	3461187	6875	1
A_HP_51	42	Pulse	99	3481187	26875	1
A_HP_51	42	Response	2	3494826	40514	1
A_HP_51	42	Pulse	99	3501187	46875	1
A_HP_51	43	Picture	ins17	3504745	33	1	30153	1	0	30000	other	0
A_HP_51	43	Pulse	99	3521187	16475	1
A_HP_51	43	Pulse	99	3541188	36476	1
A_HP_51	43	Pulse	99	3561187	56475	1
A_HP_51	43	Pulse	99	3581188	76475	1
A_HP_51	43	Pulse	99	3601186	96473	1
A_HP_51	43	Pulse	99	3621187	116475	1
A_HP_51	43	Pulse	99	3641187	136475	1
A_HP_51	43	Pulse	99	3661188	156475	1
A_HP_51	43	Pulse	99	3681188	176475	1
A_HP_51	43	Pulse	99	3701187	196475	1
A_HP_51	43	Pulse	99	3721188	216476	1
A_HP_51	43	Pulse	99	3741187	236475	1
A_HP_51	43	Pulse	99	3761188	256475	1
A_HP_51	43	Pulse	99	3781187	276475	1
A_HP_51	43	Pulse	99	3801188	296476	1
A_HP_51	44	Response	3	3821187	6416	1
A_HP_51	44	Pulse	99	3821187	6416	1
A_HP_51	45	Picture	response134	3821768	156	1	40149	1	0	40000	hit	243
A_HP_51	45	Pulse	99	3841187	19575	1
A_HP_51	45	Response	1	3852286	30674	1
A_HP_51	45	Pulse	99	3861187	39575	1
A_HP_51	46	Picture	response129	3872079	66	1	40148	1	0	40000	hit	247
A_HP_51	46	Pulse	99	3881187	9175	1
A_HP_51	46	Response	2	3890887	18874	1
A_HP_51	46	Pulse	99	3901188	29175	1
A_HP_51	46	Pulse	99	3921188	49175	1
A_HP_51	47	Picture	response130	3922556	143	1	40148	1	0	40000	hit	252
A_HP_51	47	Pulse	99	3941187	18775	1
A_HP_51	47	Response	1	3955706	33294	1
A_HP_51	47	Pulse	99	3961188	38775	1
A_HP_51	48	Picture	response132	3972866	54	1	40149	1	0	40000	hit	256
A_HP_51	48	Pulse	99	3981187	8375	1
A_HP_51	48	Response	1	4000106	27294	1
A_HP_51	48	Pulse	99	4001187	28375	1
A_HP_51	48	Pulse	99	4021188	48375	1
A_HP_51	49	Picture	response136	4023344	131	1	40149	1	0	40000	hit	260
A_HP_51	49	Response	2	4037536	14324	1
A_HP_51	49	Pulse	99	4041187	17975	1
A_HP_51	49	Pulse	99	4061188	37976	1
A_HP_51	50	Picture	response131	4073654	42	1	40148	1	0	40000	hit	265
A_HP_51	50	Pulse	99	4081187	7575	1
A_HP_51	50	Response	2	4088536	14924	1
A_HP_51	50	Pulse	99	4101187	27575	1
A_HP_51	50	Pulse	99	4121187	47575	1
A_HP_51	51	Picture	response135	4124131	119	1	40148	1	0	40000	hit	270
A_HP_51	51	Pulse	99	4141187	17175	1
A_HP_51	51	Response	2	4151256	27244	1
A_HP_51	51	Pulse	99	4161188	37175	1
A_HP_51	52	Picture	response133	4174608	196	1	40148	1	0	40000	hit	274
A_HP_51	52	Pulse	99	4181188	6776	1
A_HP_51	52	Response	1	4192976	18564	1
A_HP_51	52	Pulse	99	4201187	26775	1
A_HP_51	52	Pulse	99	4221188	46775	1
A_HP_51	53	Picture	ins1	4224919	106	1	30153	1	0	30000	other	0
A_HP_51	53	Pulse	99	4241187	16375	1
A_HP_51	53	Pulse	99	4261187	36375	1
A_HP_51	53	Pulse	99	4281187	56375	1
A_HP_51	53	Pulse	99	4301187	76374	1
A_HP_51	53	Pulse	99	4321188	96375	1
A_HP_51	53	Pulse	99	4341186	116374	1
A_HP_51	53	Pulse	99	4361187	136375	1
A_HP_51	53	Pulse	99	4381187	156375	1
A_HP_51	53	Pulse	99	4401187	176375	1
A_HP_51	53	Pulse	99	4421188	196375	1
A_HP_51	53	Pulse	99	4441187	216375	1
A_HP_51	53	Pulse	99	4461188	236375	1
A_HP_51	53	Pulse	99	4481187	256375	1
A_HP_51	53	Pulse	99	4501188	276375	1
A_HP_51	53	Pulse	99	4521188	296375	1
A_HP_51	54	Response	3	4541187	6242	1
A_HP_51	54	Pulse	99	4541187	6242	1
A_HP_51	55	Picture	response6	4541609	96	1	40149	1	0	40000	hit	296
A_HP_51	55	Response	1	4553386	11874	1
A_HP_51	55	Pulse	99	4561187	19674	1
A_HP_51	55	Pulse	99	4581188	39675	1
A_HP_51	56	Picture	response8	4592086	173	1	40148	1	0	40000	hit	300
A_HP_51	56	Response	2	4597556	5644	1
A_HP_51	56	Pulse	99	4601187	9275	1
A_HP_51	56	Pulse	99	4621187	29275	1
A_HP_51	56	Pulse	99	4641187	49275	1
A_HP_51	57	Picture	response4	4642396	84	1	40148	1	0	40000	hit	305
A_HP_51	57	Response	2	4648656	6344	1
A_HP_51	57	Pulse	99	4661187	18875	1
A_HP_51	57	Pulse	99	4681188	38875	1
A_HP_51	58	Picture	response7	4692874	161	1	40148	1	0	40000	hit	309
A_HP_51	58	Response	1	4699866	7154	1
A_HP_51	58	Pulse	99	4701187	8474	1
A_HP_51	58	Pulse	99	4721188	28475	1
A_HP_51	58	Pulse	99	4741187	48475	1
A_HP_51	59	Picture	response3	4743184	72	1	40149	1	0	40000	hit	314
A_HP_51	59	Response	1	4758986	15874	1
A_HP_51	59	Pulse	99	4761187	18074	1
A_HP_51	59	Pulse	99	4781187	38075	1
A_HP_51	60	Picture	response2	4793661	149	1	40149	1	0	40000	hit	319
A_HP_51	60	Pulse	99	4801187	7675	1
A_HP_51	60	Response	2	4804636	11124	1
A_HP_51	60	Pulse	99	4821188	27675	1
A_HP_51	60	Pulse	99	4841187	47675	1
A_HP_51	61	Picture	response5	4843972	59	1	40149	1	0	40000	hit	323
A_HP_51	61	Response	2	4859876	15964	1
A_HP_51	61	Pulse	99	4861187	17275	1
A_HP_51	61	Pulse	99	4881188	37276	1
A_HP_51	62	Picture	response1	4894449	137	1	40148	1	0	40000	hit	327
A_HP_51	62	Response	2	4899936	5624	1
A_HP_51	62	Pulse	99	4901187	6875	1
A_HP_51	62	Pulse	99	4921187	26875	1
A_HP_51	62	Pulse	99	4941187	46875	1
A_HP_51	63	Picture	thanks	4944426	0	1	10162	1	0	10000	other	0
A_HP_51	63	Pulse	99	4961187	16761	1


Event Type	Code	Type	Response	RT	RT Uncertainty	Time	Uncertainty	Duration	Uncertainty	ReqTime	ReqDur

Picture	ready	other				561245	1	10162	1	0	10000
Picture	ins9	other				621718	1	30153	1	0	30000
Picture	response67	hit	1	26417	2	941740	1	40148	1	0	40000
Picture	response69	hit	1	12127	2	992050	1	40148	1	0	40000
Picture	response72	hit	1	12839	2	1042527	1	40149	1	0	40000
Picture	response66	hit	2	8411	2	1093005	1	40148	1	0	40000
Picture	response65	hit	1	12021	2	1143315	1	40149	1	0	40000
Picture	response70	hit	2	7543	2	1193792	1	40149	1	0	40000
Picture	response68	hit	2	11204	2	1244103	1	40148	1	0	40000
Picture	response71	hit	1	17517	2	1294580	1	40148	1	0	40000
Picture	ins11	other				1344890	1	30153	1	0	30000
Picture	response87	hit	2	9640	2	1661747	1	40148	1	0	40000
Picture	response82	hit	1	14429	2	1712057	1	40149	1	0	40000
Picture	response81	hit	2	24802	2	1762535	1	40148	1	0	40000
Picture	response83	hit	2	10014	2	1813012	1	40148	1	0	40000
Picture	response88	hit	2	14364	2	1863322	1	40148	1	0	40000
Picture	response86	hit	2	25067	2	1913799	1	40148	1	0	40000
Picture	response84	hit	1	25157	2	1964110	1	40148	1	0	40000
Picture	response85	hit	1	14320	2	2014587	1	40149	1	0	40000
Picture	ins3	other				2064898	1	30153	1	0	30000
Picture	response17	hit	1	13073	2	2381754	1	40148	1	0	40000
Picture	response23	hit	1	4802	2	2432064	1	40149	1	0	40000
Picture	response24	hit	1	16175	2	2482542	1	40148	1	0	40000
Picture	response19	hit	2	7074	2	2532852	1	40148	1	0	40000
Picture	response20	hit	1	23957	2	2583329	1	40148	1	0	40000
Picture	response21	hit	2	5880	2	2633806	1	40148	1	0	40000
Picture	response18	hit	2	5669	2	2684117	1	40148	1	0	40000
Picture	response22	hit	1	9832	2	2734594	1	40148	1	0	40000
Picture	ins19	other				2784905	1	30153	1	0	30000
Picture	response146	hit	1	28382	2	3101595	1	40148	1	0	40000
Picture	response152	hit	1	22095	2	3152072	1	40148	1	0	40000
Picture	response151	hit	1	23824	2	3202382	1	40149	1	0	40000
Picture	response150	hit	2	15577	2	3252859	1	40148	1	0	40000
Picture	response148	hit	1	14427	2	3303170	1	40148	1	0	40000
Picture	response147	hit	2	25290	2	3353647	1	40149	1	0	40000
Picture	response145	hit	2	16709	2	3403958	1	40148	1	0	40000
Picture	response149	hit	2	40392	2	3454435	1	40148	1	0	40000
Picture	ins17	other				3504745	1	30153	1	0	30000
Picture	response134	hit	1	30518	2	3821768	1	40149	1	0	40000
Picture	response129	hit	2	18808	2	3872079	1	40148	1	0	40000
Picture	response130	hit	1	33151	2	3922556	1	40148	1	0	40000
Picture	response132	hit	1	27240	2	3972866	1	40149	1	0	40000
Picture	response136	hit	2	14193	2	4023344	1	40149	1	0	40000
Picture	response131	hit	2	14882	2	4073654	1	40148	1	0	40000
Picture	response135	hit	2	27125	2	4124131	1	40148	1	0	40000
Picture	response133	hit	1	18368	2	4174608	1	40148	1	0	40000
Picture	ins1	other				4224919	1	30153	1	0	30000
Picture	response6	hit	1	11777	2	4541609	1	40149	1	0	40000
Picture	response8	hit	2	5470	2	4592086	1	40148	1	0	40000
Picture	response4	hit	2	6260	2	4642396	1	40148	1	0	40000
Picture	response7	hit	1	6993	2	4692874	1	40148	1	0	40000
Picture	response3	hit	1	15802	2	4743184	1	40149	1	0	40000
Picture	response2	hit	2	10975	2	4793661	1	40149	1	0	40000
Picture	response5	hit	2	15905	2	4843972	1	40149	1	0	40000
Picture	response1	hit	2	5487	2	4894449	1	40148	1	0	40000
Picture	thanks	other				4944426	1	10162	1	0	10000


{
   "app": "Presentation Version 21.1 Build 09.05.19",
   "device": "LENOVO 20FBCTO1WW",
   "experiment": "{C0C68DB1-10BA-42F2-8F79-3F2AFFEED4E4}",
   "os": "Windows 10 64 bit",
   "package": "",
   "parameters": {
      "configuration": "Default configuration"
   },
   "scenario": "Feature experiment(1).sce",
   "subject": "A_HP_51",
   "timestamp": "2020/02/21 01:37:38 GMT"
}
