Scenario - 
Logfile written - 10/18/2019 12:48:12

Subject	Trial	Event Type	Code	Time	TTime	Uncertainty	Duration	Uncertainty	ReqTime	ReqDur	Stim Type	Pair Index

A_HP_21	1	Response	3	493558	492725	1
A_HP_21	1	Pulse	99	493558	492725	1
A_HP_21	2	Picture	ready	493790	0	1	10229	1	0	10000	other	0
A_HP_21	2	Pulse	99	513558	19768	1
A_HP_21	2	Pulse	99	533558	39768	1
A_HP_21	2	Pulse	99	553558	59768	1
A_HP_21	3	Picture	ins11	554441	234	1	30229	1	0	30000	other	0
A_HP_21	3	Pulse	99	573558	19352	1
A_HP_21	3	Pulse	99	593558	39352	1
A_HP_21	3	Pulse	99	613558	59352	1
A_HP_21	3	Pulse	99	633558	79351	1
A_HP_21	3	Pulse	99	653559	99352	1
A_HP_21	3	Pulse	99	673558	119351	1
A_HP_21	3	Pulse	99	693559	139352	1
A_HP_21	3	Pulse	99	713558	159351	1
A_HP_21	3	Pulse	99	733558	179351	1
A_HP_21	3	Pulse	99	753559	199352	1
A_HP_21	3	Pulse	99	773558	219351	1
A_HP_21	3	Pulse	99	793558	239351	1
A_HP_21	3	Pulse	99	813559	259352	1
A_HP_21	3	Pulse	99	833558	279351	1
A_HP_21	3	Pulse	99	853558	299351	1
A_HP_21	4	Response	3	873558	9121	1
A_HP_21	4	Pulse	99	873558	9121	1
A_HP_21	5	Picture	response83	874139	233	1	40229	1	0	40000	hit	26
A_HP_21	5	Response	2	883617	9711	1
A_HP_21	5	Pulse	99	893558	19652	1
A_HP_21	5	Pulse	99	913558	39652	1
A_HP_21	6	Picture	response82	924430	124	1	40229	1	0	40000	hit	31
A_HP_21	6	Pulse	99	933558	9252	1
A_HP_21	6	Response	1	939887	15581	1
A_HP_21	6	Pulse	99	953558	29252	1
A_HP_21	6	Pulse	99	973558	49252	1
A_HP_21	7	Picture	response86	974888	182	1	40229	1	0	40000	hit	35
A_HP_21	7	Response	2	984197	9491	1
A_HP_21	7	Pulse	99	993558	18852	1
A_HP_21	7	Pulse	99	1013558	38851	1
A_HP_21	8	Picture	response87	1025259	153	1	40229	1	0	40000	hit	40
A_HP_21	8	Pulse	99	1033558	8452	1
A_HP_21	8	Response	2	1034046	8940	1
A_HP_21	8	Pulse	99	1053558	28452	1
A_HP_21	8	Pulse	99	1073558	48452	1
A_HP_21	9	Picture	response81	1075717	211	1	40229	1	0	40000	hit	44
A_HP_21	9	Response	2	1086706	11201	1
A_HP_21	9	Pulse	99	1093558	18052	1
A_HP_21	9	Pulse	99	1113558	38052	1
A_HP_21	10	Picture	response84	1126175	270	1	40229	1	0	40000	hit	49
A_HP_21	10	Pulse	99	1133558	7653	1
A_HP_21	10	Response	1	1144187	18282	1
A_HP_21	10	Pulse	99	1153558	27653	1
A_HP_21	10	Pulse	99	1173558	47653	1
A_HP_21	11	Picture	response85	1176467	161	1	40229	1	0	40000	hit	54
A_HP_21	11	Pulse	99	1193558	17252	1
A_HP_21	11	Response	1	1197956	21650	1
A_HP_21	11	Pulse	99	1213558	37252	1
A_HP_21	12	Picture	response88	1226925	219	1	40229	1	0	40000	hit	58
A_HP_21	12	Pulse	99	1233558	6852	1
A_HP_21	12	Response	2	1237516	10810	1
A_HP_21	12	Pulse	99	1253558	26852	1
A_HP_21	12	Pulse	99	1273558	46852	1
A_HP_21	13	Picture	ins1	1277216	110	1	30229	1	0	30000	other	0
A_HP_21	13	Pulse	99	1293558	16452	1
A_HP_21	13	Pulse	99	1313558	36452	1
A_HP_21	13	Pulse	99	1333558	56452	1
A_HP_21	13	Pulse	99	1353558	76452	1
A_HP_21	13	Pulse	99	1373558	96452	1
A_HP_21	13	Pulse	99	1393558	116452	1
A_HP_21	13	Pulse	99	1413558	136452	1
A_HP_21	13	Pulse	99	1433558	156452	1
A_HP_21	13	Pulse	99	1453558	176452	1
A_HP_21	13	Pulse	99	1473558	196452	1
A_HP_21	13	Pulse	99	1493558	216452	1
A_HP_21	13	Pulse	99	1513558	236452	1
A_HP_21	13	Pulse	99	1533558	256452	1
A_HP_21	13	Pulse	99	1553558	276452	1
A_HP_21	13	Pulse	99	1573559	296453	1
A_HP_21	14	Response	3	1593558	6221	1
A_HP_21	14	Pulse	99	1593558	6221	1
A_HP_21	15	Picture	response2	1594136	229	1	40396	1	0	40000	hit	80
A_HP_21	15	Response	2	1600526	6620	1
A_HP_21	15	Pulse	99	1613558	19651	1
A_HP_21	15	Pulse	99	1633558	39652	1
A_HP_21	16	Picture	response3	1644427	122	1	40230	1	0	40000	hit	84
A_HP_21	16	Response	1	1652407	8101	1
A_HP_21	16	Pulse	99	1653557	9252	1
A_HP_21	16	Pulse	99	1673558	29252	1
A_HP_21	16	Pulse	99	1693558	49252	1
A_HP_21	17	Picture	response7	1694886	181	1	40229	1	0	40000	hit	89
A_HP_21	17	Response	1	1701336	6632	1
A_HP_21	17	Pulse	99	1713558	18853	1
A_HP_21	17	Pulse	99	1733558	38853	1
A_HP_21	18	Picture	response1	1745344	238	1	40229	1	0	40000	hit	93
A_HP_21	18	Response	2	1751666	6560	1
A_HP_21	18	Pulse	99	1753557	8451	1
A_HP_21	18	Pulse	99	1773558	28452	1
A_HP_21	18	Pulse	99	1793558	48452	1
A_HP_21	19	Picture	response6	1795802	296	1	40396	1	0	40000	hit	98
A_HP_21	19	Response	1	1801017	5511	1
A_HP_21	19	Pulse	99	1813557	18052	1
A_HP_21	19	Pulse	99	1833558	38052	1
A_HP_21	20	Picture	response5	1846094	188	1	40229	1	0	40000	hit	102
A_HP_21	20	Response	2	1851976	6071	1
A_HP_21	20	Pulse	99	1853557	7652	1
A_HP_21	20	Pulse	99	1873558	27652	1
A_HP_21	20	Pulse	99	1893558	47652	1
A_HP_21	21	Picture	response8	1896386	80	1	40230	1	0	40000	hit	107
A_HP_21	21	Response	2	1902396	6091	1
A_HP_21	21	Pulse	99	1913558	17252	1
A_HP_21	21	Pulse	99	1933558	37252	1
A_HP_21	22	Picture	response4	1947011	306	1	40229	1	0	40000	hit	112
A_HP_21	22	Pulse	99	1953557	6852	1
A_HP_21	22	Response	2	1955336	8631	1
A_HP_21	22	Pulse	99	1973558	26852	1
A_HP_21	22	Pulse	99	1993557	46852	1
A_HP_21	23	Picture	ins9	1997303	197	1	30396	1	0	30000	other	0
A_HP_21	23	Pulse	99	2013558	16452	1
A_HP_21	23	Pulse	99	2033558	36452	1
A_HP_21	23	Pulse	99	2053558	56452	1
A_HP_21	23	Pulse	99	2073558	76452	1
A_HP_21	23	Pulse	99	2093558	96452	1
A_HP_21	23	Pulse	99	2113478	116372	1
A_HP_21	23	Pulse	99	2133558	136452	1
A_HP_21	23	Pulse	99	2153558	156452	1
A_HP_21	23	Pulse	99	2173478	176372	1
A_HP_21	23	Pulse	99	2193558	196452	1
A_HP_21	23	Pulse	99	2213558	216452	1
A_HP_21	23	Pulse	99	2233558	236452	1
A_HP_21	23	Pulse	99	2253558	256452	1
A_HP_21	23	Pulse	99	2273558	276452	1
A_HP_21	23	Pulse	99	2293558	296452	1
A_HP_21	24	Response	3	2313558	6222	1
A_HP_21	24	Pulse	99	2313558	6222	1
A_HP_21	25	Picture	response65	2314135	230	1	40396	1	0	40000	hit	134
A_HP_21	25	Response	1	2329716	15811	1
A_HP_21	25	Pulse	99	2333557	19652	1
A_HP_21	25	Pulse	99	2353557	39652	1
A_HP_21	26	Picture	response66	2364426	121	1	40229	1	0	40000	hit	138
A_HP_21	26	Response	2	2373536	9231	1
A_HP_21	26	Pulse	99	2373557	9252	1
A_HP_21	26	Pulse	99	2393557	29252	1
A_HP_21	26	Pulse	99	2413557	49252	1
A_HP_21	27	Picture	response70	2414884	179	1	40229	1	0	40000	hit	143
A_HP_21	27	Response	2	2420956	6251	1
A_HP_21	27	Pulse	99	2433478	18774	1
A_HP_21	27	Pulse	99	2453557	38853	1
A_HP_21	28	Picture	response69	2465342	237	1	40229	1	0	40000	hit	147
A_HP_21	28	Response	1	2471706	6601	1
A_HP_21	28	Pulse	99	2473557	8452	1
A_HP_21	28	Pulse	99	2493477	28372	1
A_HP_21	28	Pulse	99	2513557	48452	1
A_HP_21	29	Picture	response68	2515800	295	1	40230	1	0	40000	hit	152
A_HP_21	29	Response	2	2524416	8911	1
A_HP_21	29	Pulse	99	2533557	18052	1
A_HP_21	29	Pulse	99	2553477	37972	1
A_HP_21	30	Picture	response67	2566092	187	1	40229	1	0	40000	hit	157
A_HP_21	30	Pulse	99	2573557	7653	1
A_HP_21	30	Response	1	2579566	13661	1
A_HP_21	30	Pulse	99	2593557	27652	1
A_HP_21	30	Pulse	99	2613477	47573	1
A_HP_21	31	Picture	response72	2616384	79	1	40229	1	0	40000	hit	161
A_HP_21	31	Response	1	2628456	12151	1
A_HP_21	31	Pulse	99	2633557	17252	1
A_HP_21	31	Pulse	99	2653557	37252	1
A_HP_21	32	Picture	response71	2667008	303	1	40229	1	0	40000	hit	166
A_HP_21	32	Pulse	99	2673557	6852	1
A_HP_21	32	Response	1	2676665	9960	1
A_HP_21	32	Pulse	99	2693557	26852	1
A_HP_21	32	Pulse	99	2713558	46852	1
A_HP_21	33	Picture	ins19	2717300	194	1	30229	1	0	30000	other	0
A_HP_21	33	Pulse	99	2733557	16452	1
A_HP_21	33	Pulse	99	2753557	36452	1
A_HP_21	33	Pulse	99	2773557	56452	1
A_HP_21	33	Pulse	99	2793557	76452	1
A_HP_21	33	Pulse	99	2813477	96372	1
A_HP_21	33	Pulse	99	2833557	116452	1
A_HP_21	33	Pulse	99	2853557	136452	1
A_HP_21	33	Pulse	99	2873478	156372	1
A_HP_21	33	Pulse	99	2893557	176452	1
A_HP_21	33	Pulse	99	2913557	196451	1
A_HP_21	33	Pulse	99	2933477	216371	1
A_HP_21	33	Pulse	99	2953557	236452	1
A_HP_21	33	Pulse	99	2973557	256452	1
A_HP_21	33	Pulse	99	2993477	276372	1
A_HP_21	33	Pulse	99	3013557	296451	1
A_HP_21	34	Response	3	3033557	6221	1
A_HP_21	34	Pulse	99	3033557	6221	1
A_HP_21	35	Picture	response150	3034135	230	1	40396	1	0	40000	hit	189
A_HP_21	35	Pulse	99	3053477	19571	1
A_HP_21	35	Response	2	3056935	23030	1
A_HP_21	35	Pulse	99	3073557	39652	1
A_HP_21	36	Picture	response147	3084427	121	1	40229	1	0	40000	hit	193
A_HP_21	36	Pulse	99	3093557	9252	1
A_HP_21	36	Response	2	3100976	16670	1
A_HP_21	36	Pulse	99	3113557	29252	1
A_HP_21	36	Pulse	99	3133477	49172	1
A_HP_21	37	Picture	response148	3134885	180	1	40229	1	0	40000	hit	197
A_HP_21	37	Response	1	3145736	11031	1
A_HP_21	37	Pulse	99	3153557	18852	1
A_HP_21	37	Pulse	99	3173557	38853	1
A_HP_21	38	Picture	response145	3185343	237	1	40229	1	0	40000	hit	202
A_HP_21	38	Pulse	99	3193478	8372	1
A_HP_21	38	Response	2	3196535	11429	1
A_HP_21	38	Pulse	99	3213557	28451	1
A_HP_21	38	Pulse	99	3233557	48451	1
A_HP_21	39	Picture	response151	3235801	295	1	40396	1	0	40000	hit	206
A_HP_21	39	Response	1	3250956	15450	1
A_HP_21	39	Pulse	99	3253477	17971	1
A_HP_21	39	Pulse	99	3273557	38051	1
A_HP_21	40	Picture	response152	3286093	188	1	40229	1	0	40000	incorrect	211
A_HP_21	40	Pulse	99	3293557	7652	1
A_HP_21	40	Response	2	3297275	11370	1
A_HP_21	40	Pulse	99	3313477	27572	1
A_HP_21	40	Pulse	99	3333557	47652	1
A_HP_21	41	Picture	response149	3336384	79	1	40229	1	0	40000	hit	216
A_HP_21	41	Pulse	99	3353557	17252	1
A_HP_21	41	Response	2	3356525	20220	1
A_HP_21	41	Pulse	99	3373477	37172	1
A_HP_21	42	Picture	response146	3387008	303	1	40229	1	0	40000	hit	220
A_HP_21	42	Pulse	99	3393557	6852	1
A_HP_21	42	Response	1	3396096	9391	1
A_HP_21	42	Pulse	99	3413557	26852	1
A_HP_21	42	Pulse	99	3433477	46772	1
A_HP_21	43	Picture	ins17	3437300	195	1	30229	1	0	30000	other	0
A_HP_21	43	Pulse	99	3453557	16452	1
A_HP_21	43	Pulse	99	3473557	36452	1
A_HP_21	43	Pulse	99	3493477	56372	1
A_HP_21	43	Pulse	99	3513477	76372	1
A_HP_21	43	Pulse	99	3533557	96452	1
A_HP_21	43	Pulse	99	3553557	116452	1
A_HP_21	43	Pulse	99	3573477	136372	1
A_HP_21	43	Pulse	99	3593557	156452	1
A_HP_21	43	Pulse	99	3613557	176452	1
A_HP_21	43	Pulse	99	3633477	196372	1
A_HP_21	43	Pulse	99	3653557	216452	1
A_HP_21	43	Pulse	99	3673557	236452	1
A_HP_21	43	Pulse	99	3693477	256372	1
A_HP_21	43	Pulse	99	3713557	276452	1
A_HP_21	43	Pulse	99	3733557	296452	1
A_HP_21	44	Response	3	3753476	6141	1
A_HP_21	44	Pulse	99	3753476	6141	1
A_HP_21	45	Picture	response134	3754035	230	1	40230	1	0	40000	hit	243
A_HP_21	45	Pulse	99	3773557	19752	1
A_HP_21	45	Response	1	3789866	36060	1
A_HP_21	45	Pulse	99	3793556	39751	1
A_HP_21	46	Picture	response136	3804494	289	1	40229	1	0	40000	hit	247
A_HP_21	46	Pulse	99	3813477	9272	1
A_HP_21	46	Response	2	3820715	16510	1
A_HP_21	46	Pulse	99	3833476	29272	1
A_HP_21	46	Pulse	99	3853557	49352	1
A_HP_21	47	Picture	response131	3854785	180	1	40229	1	0	40000	hit	252
A_HP_21	47	Pulse	99	3873477	18872	1
A_HP_21	47	Response	2	3877735	23130	1
A_HP_21	47	Pulse	99	3893476	38872	1
A_HP_21	48	Picture	response129	3905243	238	1	40229	1	0	40000	hit	256
A_HP_21	48	Pulse	99	3913556	8552	1
A_HP_21	48	Response	2	3916925	11920	1
A_HP_21	48	Pulse	99	3933477	28472	1
A_HP_21	48	Pulse	99	3953477	48472	1
A_HP_21	49	Picture	response135	3955534	129	1	40229	1	0	40000	hit	260
A_HP_21	49	Response	2	3970695	15291	1
A_HP_21	49	Pulse	99	3973557	18152	1
A_HP_21	49	Pulse	99	3993557	38152	1
A_HP_21	50	Picture	response133	4005992	187	1	40229	1	0	40000	hit	265
A_HP_21	50	Pulse	99	4013476	7672	1
A_HP_21	50	Response	1	4021035	15231	1
A_HP_21	50	Pulse	99	4033557	27752	1
A_HP_21	50	Pulse	99	4053557	47752	1
A_HP_21	51	Picture	response132	4056451	246	1	40229	1	0	40000	incorrect	271
A_HP_21	51	Pulse	99	4073477	17272	1
A_HP_21	51	Pulse	99	4093557	37352	1
A_HP_21	51	Response	2	4095895	39691	1
A_HP_21	52	Picture	response130	4106742	138	1	40229	1	0	40000	hit	275
A_HP_21	52	Pulse	99	4113557	6952	1
A_HP_21	52	Pulse	99	4133477	26872	1
A_HP_21	52	Response	1	4135315	28710	1
A_HP_21	52	Pulse	99	4153556	46952	1
A_HP_21	53	Picture	ins3	4157200	196	1	30229	1	0	30000	other	0
A_HP_21	53	Pulse	99	4173556	16552	1
A_HP_21	53	Pulse	99	4193477	36472	1
A_HP_21	53	Pulse	99	4213477	56472	1
A_HP_21	53	Pulse	99	4233557	76552	1
A_HP_21	53	Pulse	99	4253477	96472	1
A_HP_21	53	Pulse	99	4273476	116472	1
A_HP_21	53	Pulse	99	4293556	136552	1
A_HP_21	53	Pulse	99	4313477	156472	1
A_HP_21	53	Pulse	99	4333476	176472	1
A_HP_21	53	Pulse	99	4353557	196552	1
A_HP_21	53	Pulse	99	4373476	216472	1
A_HP_21	53	Pulse	99	4393476	236472	1
A_HP_21	53	Pulse	99	4413556	256552	1
A_HP_21	53	Pulse	99	4433557	276552	1
A_HP_21	53	Pulse	99	4453477	296472	1
A_HP_21	54	Response	3	4473557	6322	1
A_HP_21	54	Pulse	99	4473557	6322	1
A_HP_21	55	Picture	response17	4474135	230	1	40230	1	0	40000	hit	296
A_HP_21	55	Response	1	4492875	18970	1
A_HP_21	55	Pulse	99	4493556	19651	1
A_HP_21	55	Pulse	99	4513476	39572	1
A_HP_21	56	Picture	response22	4524427	122	1	40229	1	0	40000	hit	301
A_HP_21	56	Pulse	99	4533556	9252	1
A_HP_21	56	Response	1	4539515	15210	1
A_HP_21	56	Pulse	99	4553556	29251	1
A_HP_21	56	Pulse	99	4573477	49172	1
A_HP_21	57	Picture	response19	4574884	180	1	40229	1	0	40000	hit	305
A_HP_21	57	Response	2	4584345	9641	1
A_HP_21	57	Pulse	99	4593476	18773	1
A_HP_21	57	Pulse	99	4613556	38852	1
A_HP_21	58	Picture	response23	4625338	234	1	40229	1	0	40000	hit	310
A_HP_21	58	Pulse	99	4633476	8372	1
A_HP_21	58	Response	1	4636525	11420	1
A_HP_21	58	Pulse	99	4653476	28372	1
A_HP_21	58	Pulse	99	4673556	48452	1
A_HP_21	59	Picture	response18	4675797	292	1	40229	1	0	40000	hit	314
A_HP_21	59	Response	2	4683065	7561	1
A_HP_21	59	Pulse	99	4693476	17971	1
A_HP_21	59	Pulse	99	4713476	37971	1
A_HP_21	60	Picture	response21	4726088	183	1	40229	1	0	40000	hit	319
A_HP_21	60	Pulse	99	4733556	7652	1
A_HP_21	60	Response	2	4735854	9950	1
A_HP_21	60	Pulse	99	4753476	27571	1
A_HP_21	60	Pulse	99	4773476	47571	1
A_HP_21	61	Picture	response24	4776380	75	1	40229	1	0	40000	hit	323
A_HP_21	61	Response	1	4787505	11200	1
A_HP_21	61	Pulse	99	4793556	17252	1
A_HP_21	61	Pulse	99	4813477	37172	1
A_HP_21	62	Picture	response20	4827005	300	1	40229	1	0	40000	hit	328
A_HP_21	62	Pulse	99	4833476	6771	1
A_HP_21	62	Response	1	4841875	15170	1
A_HP_21	62	Pulse	99	4853556	26852	1
A_HP_21	62	Pulse	99	4873477	46772	1
A_HP_21	63	Picture	thanks	4876963	0	1	10230	1	0	10000	other	0
A_HP_21	63	Pulse	99	4893476	16513	1


Event Type	Code	Type	Response	RT	RT Uncertainty	Time	Uncertainty	Duration	Uncertainty	ReqTime	ReqDur

Picture	ready	other				493790	1	10229	1	0	10000
Picture	ins11	other				554441	1	30229	1	0	30000
Picture	response83	hit	2	9478	2	874139	1	40229	1	0	40000
Picture	response82	hit	1	15457	2	924430	1	40229	1	0	40000
Picture	response86	hit	2	9309	2	974888	1	40229	1	0	40000
Picture	response87	hit	2	8787	2	1025259	1	40229	1	0	40000
Picture	response81	hit	2	10989	2	1075717	1	40229	1	0	40000
Picture	response84	hit	1	18012	2	1126175	1	40229	1	0	40000
Picture	response85	hit	1	21490	2	1176467	1	40229	1	0	40000
Picture	response88	hit	2	10592	2	1226925	1	40229	1	0	40000
Picture	ins1	other				1277216	1	30229	1	0	30000
Picture	response2	hit	2	6391	2	1594136	1	40396	1	0	40000
Picture	response3	hit	1	7979	2	1644427	1	40230	1	0	40000
Picture	response7	hit	1	6450	2	1694886	1	40229	1	0	40000
Picture	response1	hit	2	6322	2	1745344	1	40229	1	0	40000
Picture	response6	hit	1	5215	2	1795802	1	40396	1	0	40000
Picture	response5	hit	2	5883	2	1846094	1	40229	1	0	40000
Picture	response8	hit	2	6011	2	1896386	1	40230	1	0	40000
Picture	response4	hit	2	8325	2	1947011	1	40229	1	0	40000
Picture	ins9	other				1997303	1	30396	1	0	30000
Picture	response65	hit	1	15581	2	2314135	1	40396	1	0	40000
Picture	response66	hit	2	9110	2	2364426	1	40229	1	0	40000
Picture	response70	hit	2	6072	2	2414884	1	40229	1	0	40000
Picture	response69	hit	1	6364	2	2465342	1	40229	1	0	40000
Picture	response68	hit	2	8616	2	2515800	1	40230	1	0	40000
Picture	response67	hit	1	13474	2	2566092	1	40229	1	0	40000
Picture	response72	hit	1	12072	2	2616384	1	40229	1	0	40000
Picture	response71	hit	1	9657	2	2667008	1	40229	1	0	40000
Picture	ins19	other				2717300	1	30229	1	0	30000
Picture	response150	hit	2	22800	2	3034135	1	40396	1	0	40000
Picture	response147	hit	2	16549	2	3084427	1	40229	1	0	40000
Picture	response148	hit	1	10851	2	3134885	1	40229	1	0	40000
Picture	response145	hit	2	11192	2	3185343	1	40229	1	0	40000
Picture	response151	hit	1	15155	2	3235801	1	40396	1	0	40000
Picture	response152	incorrect	2	11182	2	3286093	1	40229	1	0	40000
Picture	response149	hit	2	20141	2	3336384	1	40229	1	0	40000
Picture	response146	hit	1	9087	2	3387008	1	40229	1	0	40000
Picture	ins17	other				3437300	1	30229	1	0	30000
Picture	response134	hit	1	35831	2	3754035	1	40230	1	0	40000
Picture	response136	hit	2	16222	2	3804494	1	40229	1	0	40000
Picture	response131	hit	2	22950	2	3854785	1	40229	1	0	40000
Picture	response129	hit	2	11682	2	3905243	1	40229	1	0	40000
Picture	response135	hit	2	15161	2	3955534	1	40229	1	0	40000
Picture	response133	hit	1	15043	2	4005992	1	40229	1	0	40000
Picture	response132	incorrect	2	39445	2	4056451	1	40229	1	0	40000
Picture	response130	hit	1	28572	2	4106742	1	40229	1	0	40000
Picture	ins3	other				4157200	1	30229	1	0	30000
Picture	response17	hit	1	18740	2	4474135	1	40230	1	0	40000
Picture	response22	hit	1	15088	2	4524427	1	40229	1	0	40000
Picture	response19	hit	2	9461	2	4574884	1	40229	1	0	40000
Picture	response23	hit	1	11186	2	4625338	1	40229	1	0	40000
Picture	response18	hit	2	7269	2	4675797	1	40229	1	0	40000
Picture	response21	hit	2	9766	2	4726088	1	40229	1	0	40000
Picture	response24	hit	1	11126	2	4776380	1	40229	1	0	40000
Picture	response20	hit	1	14870	2	4827005	1	40229	1	0	40000
Picture	thanks	other				4876963	1	10230	1	0	10000


{
   "app": "Presentation Version 21.0 Build 06.06.19",
   "device": "LENOVO 20KHCTO1WW",
   "experiment": "{C0C68DB1-10BA-42F2-8F79-3F2AFFEED4E4}",
   "os": "Windows 10 64 bit",
   "package": "",
   "parameters": {
      "configuration": "Default configuration"
   },
   "scenario": "Feature experiment(1).sce",
   "subject": "A_HP_21",
   "timestamp": "2019/10/18 03:39:53 GMT"
}
