Scenario - 
Logfile written - 11/22/2019 12:12:13

Subject	Trial	Event Type	Code	Time	TTime	Uncertainty	Duration	Uncertainty	ReqTime	ReqDur	Stim Type	Pair Index

A_HP_32	1	Response	3	542242	541242	1
A_HP_32	1	Pulse	99	542242	541242	1
A_HP_32	2	Picture	ready	542474	0	1	10229	1	0	10000	other	0
A_HP_32	2	Pulse	99	562242	19768	1
A_HP_32	2	Pulse	99	582242	39768	1
A_HP_32	2	Pulse	99	602242	59768	1
A_HP_32	3	Picture	ins3	603060	233	1	30229	1	0	30000	other	0
A_HP_32	3	Pulse	99	622242	19416	1
A_HP_32	3	Pulse	99	642242	39416	1
A_HP_32	3	Pulse	99	662242	59416	1
A_HP_32	3	Pulse	99	682242	79416	1
A_HP_32	3	Pulse	99	702242	99416	1
A_HP_32	3	Pulse	99	722242	119416	1
A_HP_32	3	Pulse	99	742242	139416	1
A_HP_32	3	Pulse	99	762242	159416	1
A_HP_32	3	Pulse	99	782242	179416	1
A_HP_32	3	Pulse	99	802242	199416	1
A_HP_32	3	Pulse	99	822242	219416	1
A_HP_32	3	Pulse	99	842242	239416	1
A_HP_32	3	Pulse	99	862242	259416	1
A_HP_32	3	Pulse	99	882242	279416	1
A_HP_32	3	Pulse	99	902242	299416	1
A_HP_32	4	Response	3	922242	9185	1
A_HP_32	4	Pulse	99	922242	9185	1
A_HP_32	5	Picture	response18	922859	233	1	40229	1	0	40000	hit	26
A_HP_32	5	Response	2	931701	9075	1
A_HP_32	5	Pulse	99	942242	19616	1
A_HP_32	5	Pulse	99	962242	39616	1
A_HP_32	6	Picture	response17	973317	291	1	40229	1	0	40000	hit	30
A_HP_32	6	Response	1	981171	8145	1
A_HP_32	6	Pulse	99	982242	9216	1
A_HP_32	6	Pulse	99	1002242	29216	1
A_HP_32	6	Pulse	99	1022242	49216	1
A_HP_32	7	Picture	response20	1023609	183	1	40229	1	0	40000	hit	35
A_HP_32	7	Response	1	1030441	7015	1
A_HP_32	7	Pulse	99	1042241	18816	1
A_HP_32	7	Pulse	99	1062242	38816	1
A_HP_32	8	Picture	response19	1074067	241	1	40229	1	0	40000	hit	39
A_HP_32	8	Response	2	1080521	6695	1
A_HP_32	8	Pulse	99	1082241	8416	1
A_HP_32	8	Pulse	99	1102242	28416	1
A_HP_32	8	Pulse	99	1122242	48416	1
A_HP_32	9	Picture	response22	1124359	133	1	40229	1	0	40000	hit	44
A_HP_32	9	Response	1	1132061	7835	1
A_HP_32	9	Pulse	99	1142241	18016	1
A_HP_32	9	Pulse	99	1162242	38016	1
A_HP_32	10	Picture	response21	1174984	358	1	40229	1	0	40000	hit	48
A_HP_32	10	Response	2	1180851	6225	1
A_HP_32	10	Pulse	99	1182241	7616	1
A_HP_32	10	Pulse	99	1202242	27616	1
A_HP_32	10	Pulse	99	1222242	47617	1
A_HP_32	11	Picture	response23	1225275	249	1	40229	1	0	40000	hit	53
A_HP_32	11	Response	1	1232311	7285	1
A_HP_32	11	Pulse	99	1242241	17215	1
A_HP_32	11	Pulse	99	1262241	37216	1
A_HP_32	12	Picture	response24	1275567	141	1	40230	1	0	40000	hit	58
A_HP_32	12	Pulse	99	1282242	6816	1
A_HP_32	12	Response	1	1282789	7363	1
A_HP_32	12	Pulse	99	1302242	26816	1
A_HP_32	12	Pulse	99	1322242	46816	1
A_HP_32	13	Picture	ins9	1326025	199	1	30229	1	0	30000	other	0
A_HP_32	13	Pulse	99	1342242	16416	1
A_HP_32	13	Pulse	99	1362242	36416	1
A_HP_32	13	Pulse	99	1382242	56416	1
A_HP_32	13	Pulse	99	1402242	76416	1
A_HP_32	13	Pulse	99	1422242	96416	1
A_HP_32	13	Pulse	99	1442242	116416	1
A_HP_32	13	Pulse	99	1462241	136415	1
A_HP_32	13	Pulse	99	1482242	156416	1
A_HP_32	13	Pulse	99	1502242	176416	1
A_HP_32	13	Pulse	99	1522242	196416	1
A_HP_32	13	Pulse	99	1542242	216415	1
A_HP_32	13	Pulse	99	1562242	236416	1
A_HP_32	13	Pulse	99	1582241	256415	1
A_HP_32	13	Pulse	99	1602242	276416	1
A_HP_32	13	Pulse	99	1622241	296415	1
A_HP_32	14	Response	3	1642241	6185	1
A_HP_32	14	Pulse	99	1642241	6185	1
A_HP_32	15	Picture	response68	1642856	230	1	40230	1	0	40000	hit	80
A_HP_32	15	Response	2	1651630	9004	1
A_HP_32	15	Pulse	99	1662241	19615	1
A_HP_32	15	Pulse	99	1682241	39615	1
A_HP_32	16	Picture	response69	1693314	288	1	40229	1	0	40000	hit	84
A_HP_32	16	Response	1	1702020	8994	1
A_HP_32	16	Pulse	99	1702241	9215	1
A_HP_32	16	Pulse	99	1722241	29216	1
A_HP_32	16	Pulse	99	1742241	49216	1
A_HP_32	17	Picture	response66	1743605	180	1	40229	1	0	40000	hit	89
A_HP_32	17	Response	2	1753481	10056	1
A_HP_32	17	Pulse	99	1762241	18816	1
A_HP_32	17	Pulse	99	1782242	38816	1
A_HP_32	18	Picture	response71	1794064	238	1	40230	1	0	40000	hit	94
A_HP_32	18	Pulse	99	1802241	8416	1
A_HP_32	18	Response	1	1807510	13685	1
A_HP_32	18	Pulse	99	1822241	28416	1
A_HP_32	18	Pulse	99	1842242	48416	1
A_HP_32	19	Picture	response72	1844356	130	1	40229	1	0	40000	hit	98
A_HP_32	19	Response	1	1855580	11355	1
A_HP_32	19	Pulse	99	1862241	18015	1
A_HP_32	19	Pulse	99	1882241	38016	1
A_HP_32	20	Picture	response70	1894981	355	1	40229	1	0	40000	hit	103
A_HP_32	20	Pulse	99	1902241	7616	1
A_HP_32	20	Response	2	1903479	8853	1
A_HP_32	20	Pulse	99	1922241	27616	1
A_HP_32	20	Pulse	99	1942241	47615	1
A_HP_32	21	Picture	response67	1945272	246	1	40229	1	0	40000	hit	107
A_HP_32	21	Response	1	1955960	10935	1
A_HP_32	21	Pulse	99	1962241	17215	1
A_HP_32	21	Pulse	99	1982241	37216	1
A_HP_32	22	Picture	response65	1995564	138	1	40229	1	0	40000	hit	112
A_HP_32	22	Pulse	99	2002241	6816	1
A_HP_32	22	Response	1	2007580	12154	1
A_HP_32	22	Pulse	99	2022241	26816	1
A_HP_32	22	Pulse	99	2042241	46816	1
A_HP_32	23	Picture	ins11	2046022	196	1	30229	1	0	30000	other	0
A_HP_32	23	Pulse	99	2062241	16415	1
A_HP_32	23	Pulse	99	2082241	36415	1
A_HP_32	23	Pulse	99	2102241	56416	1
A_HP_32	23	Pulse	99	2122242	76416	1
A_HP_32	23	Pulse	99	2142241	96416	1
A_HP_32	23	Pulse	99	2162242	116416	1
A_HP_32	23	Pulse	99	2182241	136416	1
A_HP_32	23	Pulse	99	2202241	156416	1
A_HP_32	23	Pulse	99	2222242	176416	1
A_HP_32	23	Pulse	99	2242242	196416	1
A_HP_32	23	Pulse	99	2262242	216416	1
A_HP_32	23	Pulse	99	2282242	236416	1
A_HP_32	23	Pulse	99	2302241	256415	1
A_HP_32	23	Pulse	99	2322241	276416	1
A_HP_32	23	Pulse	99	2342241	296416	1
A_HP_32	24	Response	3	2362241	6185	1
A_HP_32	24	Pulse	99	2362241	6185	1
A_HP_32	25	Picture	response85	2362855	230	1	40229	1	0	40000	hit	134
A_HP_32	25	Response	1	2371770	9145	1
A_HP_32	25	Pulse	99	2382241	19615	1
A_HP_32	25	Pulse	99	2402241	39616	1
A_HP_32	26	Picture	response84	2413313	288	1	40229	1	0	40000	hit	139
A_HP_32	26	Pulse	99	2422241	9216	1
A_HP_32	26	Response	1	2424720	11694	1
A_HP_32	26	Pulse	99	2442241	29216	1
A_HP_32	26	Pulse	99	2462241	49216	1
A_HP_32	27	Picture	response88	2463605	180	1	40229	1	0	40000	hit	143
A_HP_32	27	Response	2	2472850	9425	1
A_HP_32	27	Pulse	99	2482241	18815	1
A_HP_32	27	Pulse	99	2502241	38816	1
A_HP_32	28	Picture	response82	2514063	238	1	40229	1	0	40000	hit	148
A_HP_32	28	Pulse	99	2522241	8416	1
A_HP_32	28	Response	1	2525600	11774	1
A_HP_32	28	Pulse	99	2542241	28416	1
A_HP_32	28	Pulse	99	2562241	48416	1
A_HP_32	29	Picture	response86	2564354	129	1	40229	1	0	40000	hit	152
A_HP_32	29	Response	2	2574300	10075	1
A_HP_32	29	Pulse	99	2582241	18016	1
A_HP_32	29	Pulse	99	2602241	38016	1
A_HP_32	30	Picture	response83	2614979	354	1	40229	1	0	40000	hit	157
A_HP_32	30	Pulse	99	2622241	7616	1
A_HP_32	30	Response	2	2623609	8984	1
A_HP_32	30	Pulse	99	2642241	27616	1
A_HP_32	30	Pulse	99	2662241	47616	1
A_HP_32	31	Picture	response87	2665271	246	1	40229	1	0	40000	hit	161
A_HP_32	31	Response	2	2671510	6485	1
A_HP_32	31	Pulse	99	2682241	17216	1
A_HP_32	31	Pulse	99	2702241	37216	1
A_HP_32	32	Picture	response81	2715562	137	1	40229	1	0	40000	hit	166
A_HP_32	32	Pulse	99	2722241	6816	1
A_HP_32	32	Response	2	2731320	15895	1
A_HP_32	32	Pulse	99	2742241	26816	1
A_HP_32	32	Pulse	99	2762241	46816	1
A_HP_32	33	Picture	ins1	2766020	195	1	30229	1	0	30000	other	0
A_HP_32	33	Pulse	99	2782241	16416	1
A_HP_32	33	Pulse	99	2802241	36416	1
A_HP_32	33	Pulse	99	2822241	56416	1
A_HP_32	33	Pulse	99	2842241	76416	1
A_HP_32	33	Pulse	99	2862241	96417	1
A_HP_32	33	Pulse	99	2882241	116417	1
A_HP_32	33	Pulse	99	2902241	136417	1
A_HP_32	33	Pulse	99	2922241	156416	1
A_HP_32	33	Pulse	99	2942241	176416	1
A_HP_32	33	Pulse	99	2962241	196416	1
A_HP_32	33	Pulse	99	2982241	216416	1
A_HP_32	33	Pulse	99	3002241	236417	1
A_HP_32	33	Pulse	99	3022241	256416	1
A_HP_32	33	Pulse	99	3042241	276417	1
A_HP_32	33	Pulse	99	3062241	296416	1
A_HP_32	34	Response	3	3082241	6186	1
A_HP_32	34	Pulse	99	3082241	6186	1
A_HP_32	35	Picture	response8	3082855	230	1	40229	1	0	40000	hit	188
A_HP_32	35	Response	2	3090220	7594	1
A_HP_32	35	Pulse	99	3102241	19616	1
A_HP_32	35	Pulse	99	3122241	39616	1
A_HP_32	36	Picture	response2	3133314	289	1	40229	1	0	40000	hit	192
A_HP_32	36	Response	2	3139890	6865	1
A_HP_32	36	Pulse	99	3142241	9216	1
A_HP_32	36	Pulse	99	3162241	29216	1
A_HP_32	36	Pulse	99	3182241	49216	1
A_HP_32	37	Picture	response3	3183605	181	1	40230	1	0	40000	hit	197
A_HP_32	37	Response	1	3189040	5615	1
A_HP_32	37	Pulse	99	3202241	18816	1
A_HP_32	37	Pulse	99	3222241	38816	1
A_HP_32	38	Picture	response5	3234063	239	1	40229	1	0	40000	hit	201
A_HP_32	38	Response	2	3239739	5915	1
A_HP_32	38	Pulse	99	3242240	8415	1
A_HP_32	38	Pulse	99	3262241	28416	1
A_HP_32	38	Pulse	99	3282241	48416	1
A_HP_32	39	Picture	response4	3284354	130	1	40229	1	0	40000	hit	206
A_HP_32	39	Response	2	3291170	6946	1
A_HP_32	39	Pulse	99	3302241	18016	1
A_HP_32	39	Pulse	99	3322241	38017	1
A_HP_32	40	Picture	response1	3334979	354	1	40229	1	0	40000	hit	210
A_HP_32	40	Response	2	3341970	7345	1
A_HP_32	40	Pulse	99	3342240	7615	1
A_HP_32	40	Pulse	99	3362241	27616	1
A_HP_32	40	Pulse	99	3382241	47616	1
A_HP_32	41	Picture	response6	3385270	246	1	40229	1	0	40000	hit	215
A_HP_32	41	Response	1	3390980	5955	1
A_HP_32	41	Pulse	99	3402241	17216	1
A_HP_32	41	Pulse	99	3422241	37216	1
A_HP_32	42	Picture	response7	3435562	137	1	40229	1	0	40000	hit	220
A_HP_32	42	Pulse	99	3442241	6816	1
A_HP_32	42	Response	1	3443879	8454	1
A_HP_32	42	Pulse	99	3462241	26816	1
A_HP_32	42	Pulse	99	3482241	46816	1
A_HP_32	43	Picture	ins19	3486020	196	1	30229	1	0	30000	other	0
A_HP_32	43	Pulse	99	3502241	16416	1
A_HP_32	43	Pulse	99	3522241	36416	1
A_HP_32	43	Pulse	99	3542241	56416	1
A_HP_32	43	Pulse	99	3562241	76416	1
A_HP_32	43	Pulse	99	3582241	96416	1
A_HP_32	43	Pulse	99	3602241	116416	1
A_HP_32	43	Pulse	99	3622241	136416	1
A_HP_32	43	Pulse	99	3642241	156416	1
A_HP_32	43	Pulse	99	3662241	176416	1
A_HP_32	43	Pulse	99	3682241	196416	1
A_HP_32	43	Pulse	99	3702241	216416	1
A_HP_32	43	Pulse	99	3722241	236416	1
A_HP_32	43	Pulse	99	3742241	256416	1
A_HP_32	43	Pulse	99	3762241	276416	1
A_HP_32	43	Pulse	99	3782241	296416	1
A_HP_32	44	Response	3	3802241	6186	1
A_HP_32	44	Pulse	99	3802241	6186	1
A_HP_32	45	Picture	response150	3802855	230	1	40229	1	0	40000	incorrect	242
A_HP_32	45	Response	1	3814500	11875	1
A_HP_32	45	Pulse	99	3822240	19615	1
A_HP_32	45	Pulse	99	3842241	39616	1
A_HP_32	46	Picture	response149	3853313	289	1	40229	1	0	40000	hit	247
A_HP_32	46	Pulse	99	3862240	9216	1
A_HP_32	46	Response	2	3863509	10484	1
A_HP_32	46	Pulse	99	3882241	29216	1
A_HP_32	46	Pulse	99	3902241	49216	1
A_HP_32	47	Picture	response146	3903605	181	1	40229	1	0	40000	hit	252
A_HP_32	47	Pulse	99	3922241	18817	1
A_HP_32	47	Response	1	3925289	21865	1
A_HP_32	47	Pulse	99	3942241	38817	1
A_HP_32	48	Picture	response147	3954063	239	1	40229	1	0	40000	hit	256
A_HP_32	48	Pulse	99	3962241	8416	1
A_HP_32	48	Response	2	3966600	12775	1
A_HP_32	48	Pulse	99	3982241	28416	1
A_HP_32	48	Pulse	99	4002241	48416	1
A_HP_32	49	Picture	response151	4004355	131	1	40229	1	0	40000	hit	260
A_HP_32	49	Response	1	4016119	11895	1
A_HP_32	49	Pulse	99	4022240	18016	1
A_HP_32	49	Pulse	99	4042241	38016	1
A_HP_32	50	Picture	response145	4054980	355	1	40229	1	0	40000	hit	265
A_HP_32	50	Pulse	99	4062241	7616	1
A_HP_32	50	Response	2	4071519	16895	1
A_HP_32	50	Pulse	99	4082240	27616	1
A_HP_32	50	Pulse	99	4102241	47616	1
A_HP_32	51	Picture	response148	4105271	247	1	40229	1	0	40000	hit	269
A_HP_32	51	Response	1	4117029	12005	1
A_HP_32	51	Pulse	99	4122240	17216	1
A_HP_32	51	Pulse	99	4142241	37216	1
A_HP_32	52	Picture	response152	4155563	139	1	40229	1	0	40000	hit	274
A_HP_32	52	Pulse	99	4162241	6816	1
A_HP_32	52	Response	1	4165069	9645	1
A_HP_32	52	Pulse	99	4182241	26816	1
A_HP_32	52	Pulse	99	4202240	46816	1
A_HP_32	53	Picture	ins17	4206024	200	1	30229	1	0	30000	other	0
A_HP_32	53	Pulse	99	4222241	16416	1
A_HP_32	53	Pulse	99	4242241	36417	1
A_HP_32	53	Pulse	99	4262241	56416	1
A_HP_32	53	Pulse	99	4282241	76417	1
A_HP_32	53	Pulse	99	4302241	96416	1
A_HP_32	53	Pulse	99	4322241	116416	1
A_HP_32	53	Pulse	99	4342241	136416	1
A_HP_32	53	Pulse	99	4362240	156416	1
A_HP_32	53	Pulse	99	4382240	176416	1
A_HP_32	53	Pulse	99	4402240	196416	1
A_HP_32	53	Pulse	99	4422240	216416	1
A_HP_32	53	Pulse	99	4442240	236416	1
A_HP_32	53	Pulse	99	4462240	256416	1
A_HP_32	53	Pulse	99	4482240	276416	1
A_HP_32	53	Pulse	99	4502240	296416	1
A_HP_32	54	Response	3	4522240	6185	1
A_HP_32	54	Pulse	99	4522240	6185	1
A_HP_32	55	Picture	response135	4522854	230	1	40230	1	0	40000	hit	296
A_HP_32	55	Response	2	4536129	13505	1
A_HP_32	55	Pulse	99	4542239	19615	1
A_HP_32	55	Pulse	99	4562240	39616	1
A_HP_32	56	Picture	response136	4573313	289	1	40229	1	0	40000	hit	301
A_HP_32	56	Pulse	99	4582240	9216	1
A_HP_32	56	Response	2	4584718	11694	1
A_HP_32	56	Pulse	99	4602160	29136	1
A_HP_32	56	Pulse	99	4622240	49216	1
A_HP_32	57	Picture	response130	4623604	181	1	40229	1	0	40000	hit	305
A_HP_32	57	Response	1	4641289	17865	1
A_HP_32	57	Pulse	99	4642240	18816	1
A_HP_32	57	Pulse	99	4662240	38816	1
A_HP_32	58	Picture	response134	4674063	239	1	40229	1	0	40000	hit	310
A_HP_32	58	Pulse	99	4682240	8416	1
A_HP_32	58	Response	1	4682678	8854	1
A_HP_32	58	Pulse	99	4702240	28416	1
A_HP_32	58	Pulse	99	4722240	48416	1
A_HP_32	59	Picture	response132	4724354	131	1	40229	1	0	40000	hit	314
A_HP_32	59	Response	1	4739249	15025	1
A_HP_32	59	Pulse	99	4742240	18016	1
A_HP_32	59	Pulse	99	4762240	38016	1
A_HP_32	60	Picture	response131	4774979	356	1	40229	1	0	40000	hit	319
A_HP_32	60	Pulse	99	4782240	7616	1
A_HP_32	60	Response	2	4785908	11285	1
A_HP_32	60	Pulse	99	4802240	27616	1
A_HP_32	60	Pulse	99	4822240	47616	1
A_HP_32	61	Picture	response133	4825271	247	1	40230	1	0	40000	hit	323
A_HP_32	61	Response	1	4835429	10406	1
A_HP_32	61	Pulse	99	4842240	17216	1
A_HP_32	61	Pulse	99	4862160	37136	1
A_HP_32	62	Picture	response129	4875563	139	1	40229	1	0	40000	hit	328
A_HP_32	62	Pulse	99	4882240	6816	1
A_HP_32	62	Response	2	4882708	7284	1
A_HP_32	62	Pulse	99	4902240	26816	1
A_HP_32	62	Pulse	99	4922240	46816	1
A_HP_32	63	Picture	thanks	4925521	0	1	10229	1	0	10000	other	0
A_HP_32	63	Pulse	99	4942240	16719	1


Event Type	Code	Type	Response	RT	RT Uncertainty	Time	Uncertainty	Duration	Uncertainty	ReqTime	ReqDur

Picture	ready	other				542474	1	10229	1	0	10000
Picture	ins3	other				603060	1	30229	1	0	30000
Picture	response18	hit	2	8841	2	922859	1	40229	1	0	40000
Picture	response17	hit	1	7854	2	973317	1	40229	1	0	40000
Picture	response20	hit	1	6832	2	1023609	1	40229	1	0	40000
Picture	response19	hit	2	6454	2	1074067	1	40229	1	0	40000
Picture	response22	hit	1	7702	2	1124359	1	40229	1	0	40000
Picture	response21	hit	2	5867	2	1174984	1	40229	1	0	40000
Picture	response23	hit	1	7036	2	1225275	1	40229	1	0	40000
Picture	response24	hit	1	7223	2	1275567	1	40230	1	0	40000
Picture	ins9	other				1326025	1	30229	1	0	30000
Picture	response68	hit	2	8775	2	1642856	1	40230	1	0	40000
Picture	response69	hit	1	8706	2	1693314	1	40229	1	0	40000
Picture	response66	hit	2	9875	2	1743605	1	40229	1	0	40000
Picture	response71	hit	1	13447	2	1794064	1	40230	1	0	40000
Picture	response72	hit	1	11225	2	1844356	1	40229	1	0	40000
Picture	response70	hit	2	8499	2	1894981	1	40229	1	0	40000
Picture	response67	hit	1	10689	2	1945272	1	40229	1	0	40000
Picture	response65	hit	1	12016	2	1995564	1	40229	1	0	40000
Picture	ins11	other				2046022	1	30229	1	0	30000
Picture	response85	hit	1	8915	2	2362855	1	40229	1	0	40000
Picture	response84	hit	1	11407	2	2413313	1	40229	1	0	40000
Picture	response88	hit	2	9245	2	2463605	1	40229	1	0	40000
Picture	response82	hit	1	11536	2	2514063	1	40229	1	0	40000
Picture	response86	hit	2	9946	2	2564354	1	40229	1	0	40000
Picture	response83	hit	2	8630	2	2614979	1	40229	1	0	40000
Picture	response87	hit	2	6239	2	2665271	1	40229	1	0	40000
Picture	response81	hit	2	15758	2	2715562	1	40229	1	0	40000
Picture	ins1	other				2766020	1	30229	1	0	30000
Picture	response8	hit	2	7365	2	3082855	1	40229	1	0	40000
Picture	response2	hit	2	6576	2	3133314	1	40229	1	0	40000
Picture	response3	hit	1	5435	2	3183605	1	40230	1	0	40000
Picture	response5	hit	2	5676	2	3234063	1	40229	1	0	40000
Picture	response4	hit	2	6816	2	3284354	1	40229	1	0	40000
Picture	response1	hit	2	6990	2	3334979	1	40229	1	0	40000
Picture	response6	hit	1	5709	2	3385270	1	40229	1	0	40000
Picture	response7	hit	1	8317	2	3435562	1	40229	1	0	40000
Picture	ins19	other				3486020	1	30229	1	0	30000
Picture	response150	incorrect	1	11645	2	3802855	1	40229	1	0	40000
Picture	response149	hit	2	10196	2	3853313	1	40229	1	0	40000
Picture	response146	hit	1	21684	2	3903605	1	40229	1	0	40000
Picture	response147	hit	2	12537	2	3954063	1	40229	1	0	40000
Picture	response151	hit	1	11764	2	4004355	1	40229	1	0	40000
Picture	response145	hit	2	16540	2	4054980	1	40229	1	0	40000
Picture	response148	hit	1	11758	2	4105271	1	40229	1	0	40000
Picture	response152	hit	1	9506	2	4155563	1	40229	1	0	40000
Picture	ins17	other				4206024	1	30229	1	0	30000
Picture	response135	hit	2	13275	2	4522854	1	40230	1	0	40000
Picture	response136	hit	2	11405	2	4573313	1	40229	1	0	40000
Picture	response130	hit	1	17685	2	4623604	1	40229	1	0	40000
Picture	response134	hit	1	8615	2	4674063	1	40229	1	0	40000
Picture	response132	hit	1	14894	2	4724354	1	40229	1	0	40000
Picture	response131	hit	2	10929	2	4774979	1	40229	1	0	40000
Picture	response133	hit	1	10158	2	4825271	1	40230	1	0	40000
Picture	response129	hit	2	7145	2	4875563	1	40229	1	0	40000
Picture	thanks	other				4925521	1	10229	1	0	10000


{
   "app": "Presentation Version 21.0 Build 06.06.19",
   "device": "LENOVO 20KHCTO1WW",
   "experiment": "{C0C68DB1-10BA-42F2-8F79-3F2AFFEED4E4}",
   "os": "Windows 10 64 bit",
   "package": "",
   "parameters": {
      "configuration": "Default configuration"
   },
   "scenario": "Feature experiment(1).sce",
   "subject": "A_HP_32",
   "timestamp": "2019/11/22 03:03:50 GMT"
}
