Scenario - 
Logfile written - 01/16/2020 14:42:57

Subject	Trial	Event Type	Code	Time	TTime	Uncertainty	Duration	Uncertainty	ReqTime	ReqDur	Stim Type	Pair Index

A_HP_48	1	Response	3	84030	82864	1
A_HP_48	1	Pulse	99	84030	82864	1
A_HP_48	2	Picture	ready	84128	0	1	10162	1	0	10000	other	0
A_HP_48	2	Pulse	99	104030	19902	1
A_HP_48	2	Pulse	99	124030	39902	1
A_HP_48	2	Pulse	99	144030	59902	1
A_HP_48	3	Picture	ins17	144601	131	1	30153	1	0	30000	other	0
A_HP_48	3	Pulse	99	163950	19480	1
A_HP_48	3	Pulse	99	184030	39560	1
A_HP_48	3	Pulse	99	204030	59560	1
A_HP_48	3	Pulse	99	223950	79480	1
A_HP_48	3	Pulse	99	244030	99560	1
A_HP_48	3	Pulse	99	264030	119560	1
A_HP_48	3	Pulse	99	283950	139480	1
A_HP_48	3	Pulse	99	304030	159560	1
A_HP_48	3	Pulse	99	324030	179560	1
A_HP_48	3	Pulse	99	343950	199480	1
A_HP_48	3	Pulse	99	364030	219560	1
A_HP_48	3	Pulse	99	384030	239560	1
A_HP_48	3	Pulse	99	403950	259480	1
A_HP_48	3	Pulse	99	424030	279560	1
A_HP_48	3	Pulse	99	444030	299560	1
A_HP_48	4	Response	3	463950	9323	1
A_HP_48	4	Pulse	99	463950	9323	1
A_HP_48	5	Picture	response136	464456	186	1	40148	1	0	40000	hit	26
A_HP_48	5	Response	2	482889	18619	1
A_HP_48	5	Pulse	99	484030	19760	1
A_HP_48	5	Pulse	99	504030	39760	1
A_HP_48	6	Picture	response135	514767	97	1	40149	1	0	40000	incorrect	30
A_HP_48	6	Response	1	522839	8169	1
A_HP_48	6	Pulse	99	523949	9279	1
A_HP_48	6	Pulse	99	544030	29360	1
A_HP_48	6	Pulse	99	564030	49360	1
A_HP_48	7	Picture	response134	565244	174	1	40148	1	0	40000	incorrect	36
A_HP_48	7	Pulse	99	584030	18960	1
A_HP_48	7	Response	2	586119	21049	1
A_HP_48	7	Pulse	99	604030	38960	1
A_HP_48	8	Picture	response132	615555	84	1	40149	1	0	40000	incorrect	40
A_HP_48	8	Pulse	99	624030	8560	1
A_HP_48	8	Response	2	632719	17249	1
A_HP_48	8	Pulse	99	644030	28560	1
A_HP_48	8	Pulse	99	664030	48560	1
A_HP_48	9	Picture	response131	666032	162	1	40148	1	0	40000	hit	45
A_HP_48	9	Pulse	99	684030	18160	1
A_HP_48	9	Response	2	692259	26389	1
A_HP_48	9	Pulse	99	704030	38160	1
A_HP_48	10	Picture	response129	716342	72	1	40148	1	0	40000	hit	49
A_HP_48	10	Pulse	99	723951	7681	1
A_HP_48	10	Response	2	732829	16559	1
A_HP_48	10	Pulse	99	744030	27760	1
A_HP_48	10	Pulse	99	764030	47760	1
A_HP_48	11	Picture	response130	766819	149	1	40149	1	0	40000	incorrect	54
A_HP_48	11	Pulse	99	783950	17280	1
A_HP_48	11	Response	2	792219	25549	1
A_HP_48	11	Pulse	99	804030	37360	1
A_HP_48	12	Picture	response133	817130	60	1	40148	1	0	40000	hit	58
A_HP_48	12	Pulse	99	824030	6960	1
A_HP_48	12	Response	1	828819	11749	1
A_HP_48	12	Pulse	99	843950	26880	1
A_HP_48	12	Pulse	99	864030	46960	1
A_HP_48	13	Picture	ins3	867607	137	1	30153	1	0	30000	other	0
A_HP_48	13	Pulse	99	884030	16560	1
A_HP_48	13	Pulse	99	903951	36480	1
A_HP_48	13	Pulse	99	924031	56560	1
A_HP_48	13	Pulse	99	944030	76560	1
A_HP_48	13	Pulse	99	963950	96480	1
A_HP_48	13	Pulse	99	984030	116560	1
A_HP_48	13	Pulse	99	1004031	136560	1
A_HP_48	13	Pulse	99	1023951	156481	1
A_HP_48	13	Pulse	99	1044030	176560	1
A_HP_48	13	Pulse	99	1064030	196560	1
A_HP_48	13	Pulse	99	1083950	216479	1
A_HP_48	13	Pulse	99	1104030	236560	1
A_HP_48	13	Pulse	99	1124030	256560	1
A_HP_48	13	Pulse	99	1143950	276480	1
A_HP_48	13	Pulse	99	1164031	296560	1
A_HP_48	14	Response	3	1184031	6397	1
A_HP_48	14	Pulse	99	1184031	6397	1
A_HP_48	15	Picture	response24	1184464	93	1	40149	1	0	40000	hit	80
A_HP_48	15	Response	1	1193839	9469	1
A_HP_48	15	Pulse	99	1203950	19579	1
A_HP_48	15	Pulse	99	1223951	39580	1
A_HP_48	16	Picture	response17	1234941	171	1	40149	1	0	40000	hit	84
A_HP_48	16	Response	1	1243399	8629	1
A_HP_48	16	Pulse	99	1244030	9260	1
A_HP_48	16	Pulse	99	1263950	29180	1
A_HP_48	16	Pulse	99	1283950	49180	1
A_HP_48	17	Picture	response23	1285252	81	1	40149	1	0	40000	hit	89
A_HP_48	17	Response	1	1294619	9449	1
A_HP_48	17	Pulse	99	1304031	18860	1
A_HP_48	17	Pulse	99	1323950	38780	1
A_HP_48	18	Picture	response22	1335729	158	1	40148	1	0	40000	hit	94
A_HP_48	18	Pulse	99	1343950	8380	1
A_HP_48	18	Response	1	1345069	9498	1
A_HP_48	18	Pulse	99	1364031	28460	1
A_HP_48	18	Pulse	99	1383950	48380	1
A_HP_48	19	Picture	response20	1386039	69	1	40148	1	0	40000	hit	98
A_HP_48	19	Response	1	1392729	6759	1
A_HP_48	19	Pulse	99	1403950	17980	1
A_HP_48	19	Pulse	99	1424031	38060	1
A_HP_48	20	Picture	response18	1436516	146	1	40149	1	0	40000	hit	103
A_HP_48	20	Pulse	99	1443951	7581	1
A_HP_48	20	Response	2	1448479	12109	1
A_HP_48	20	Pulse	99	1463950	27580	1
A_HP_48	20	Pulse	99	1484031	47660	1
A_HP_48	21	Picture	response21	1486827	57	1	40149	1	0	40000	hit	107
A_HP_48	21	Response	2	1495599	8829	1
A_HP_48	21	Pulse	99	1503950	17180	1
A_HP_48	21	Pulse	99	1523950	37180	1
A_HP_48	22	Picture	response19	1537304	134	1	40149	1	0	40000	hit	112
A_HP_48	22	Pulse	99	1544031	6860	1
A_HP_48	22	Response	2	1546990	9819	1
A_HP_48	22	Pulse	99	1563951	26780	1
A_HP_48	22	Pulse	99	1583950	46780	1
A_HP_48	23	Picture	ins11	1587615	44	1	30153	1	0	30000	other	0
A_HP_48	23	Pulse	99	1604031	16460	1
A_HP_48	23	Pulse	99	1623951	36380	1
A_HP_48	23	Pulse	99	1643951	56380	1
A_HP_48	23	Pulse	99	1664031	76460	1
A_HP_48	23	Pulse	99	1683950	96380	1
A_HP_48	23	Pulse	99	1703950	116380	1
A_HP_48	23	Pulse	99	1724031	136460	1
A_HP_48	23	Pulse	99	1744031	156460	1
A_HP_48	23	Pulse	99	1763951	176380	1
A_HP_48	23	Pulse	99	1783950	196380	1
A_HP_48	23	Pulse	99	1804031	216460	1
A_HP_48	23	Pulse	99	1823950	236380	1
A_HP_48	23	Pulse	99	1843950	256380	1
A_HP_48	23	Pulse	99	1864031	276460	1
A_HP_48	23	Pulse	99	1883951	296380	1
A_HP_48	24	Response	3	1903951	6310	1
A_HP_48	24	Pulse	99	1903951	6310	1
A_HP_48	25	Picture	response86	1904471	101	1	40148	1	0	40000	hit	134
A_HP_48	25	Response	2	1921750	17379	1
A_HP_48	25	Pulse	99	1924030	19660	1
A_HP_48	25	Pulse	99	1943951	39580	1
A_HP_48	26	Picture	response88	1954949	178	1	40149	1	0	40000	hit	139
A_HP_48	26	Pulse	99	1963950	9180	1
A_HP_48	26	Response	2	1979200	24429	1
A_HP_48	26	Pulse	99	1984031	29260	1
A_HP_48	26	Pulse	99	2003951	49180	1
A_HP_48	27	Picture	response87	2005259	88	1	40149	1	0	40000	hit	143
A_HP_48	27	Response	2	2013520	8349	1
A_HP_48	27	Pulse	99	2023951	18780	1
A_HP_48	27	Pulse	99	2044031	38860	1
A_HP_48	28	Picture	response82	2055736	166	1	40148	1	0	40000	hit	148
A_HP_48	28	Pulse	99	2063951	8380	1
A_HP_48	28	Response	1	2078530	22959	1
A_HP_48	28	Pulse	99	2083951	28380	1
A_HP_48	28	Pulse	99	2104031	48460	1
A_HP_48	29	Picture	response83	2106047	76	1	40149	1	0	40000	hit	152
A_HP_48	29	Response	2	2113620	7649	1
A_HP_48	29	Pulse	99	2123951	17980	1
A_HP_48	29	Pulse	99	2143951	37980	1
A_HP_48	30	Picture	response85	2156524	153	1	40149	1	0	40000	hit	157
A_HP_48	30	Pulse	99	2164031	7660	1
A_HP_48	30	Response	1	2171170	14799	1
A_HP_48	30	Pulse	99	2183952	27581	1
A_HP_48	30	Pulse	99	2203951	47580	1
A_HP_48	31	Picture	response81	2206835	64	1	40148	1	0	40000	hit	162
A_HP_48	31	Pulse	99	2224031	17260	1
A_HP_48	31	Response	2	2230349	23578	1
A_HP_48	31	Pulse	99	2243951	37180	1
A_HP_48	32	Picture	response84	2257312	141	1	40148	1	0	40000	hit	166
A_HP_48	32	Pulse	99	2263951	6780	1
A_HP_48	32	Response	1	2270340	13169	1
A_HP_48	32	Pulse	99	2284031	26860	1
A_HP_48	32	Pulse	99	2303951	46780	1
A_HP_48	33	Picture	ins19	2307622	51	1	30153	1	0	30000	other	0
A_HP_48	33	Pulse	99	2323951	16380	1
A_HP_48	33	Pulse	99	2343951	36380	1
A_HP_48	33	Pulse	99	2363951	56380	1
A_HP_48	33	Pulse	99	2383951	76380	1
A_HP_48	33	Pulse	99	2403952	96381	1
A_HP_48	33	Pulse	99	2423951	116380	1
A_HP_48	33	Pulse	99	2443951	136380	1
A_HP_48	33	Pulse	99	2463951	156380	1
A_HP_48	33	Pulse	99	2483951	176380	1
A_HP_48	33	Pulse	99	2503951	196380	1
A_HP_48	33	Pulse	99	2523951	216380	1
A_HP_48	33	Pulse	99	2543951	236380	1
A_HP_48	33	Pulse	99	2563951	256380	1
A_HP_48	33	Pulse	99	2583951	276380	1
A_HP_48	33	Pulse	99	2603951	296380	1
A_HP_48	34	Response	3	2623951	6302	1
A_HP_48	34	Pulse	99	2623951	6302	1
A_HP_48	35	Picture	response146	2624479	108	1	40149	1	0	40000	incorrect	189
A_HP_48	35	Pulse	99	2643951	19580	1
A_HP_48	35	Response	2	2648930	24559	1
A_HP_48	35	Pulse	99	2663952	39581	1
A_HP_48	36	Picture	response147	2674956	185	1	40148	1	0	40000	hit	193
A_HP_48	36	Pulse	99	2683952	9180	1
A_HP_48	36	Response	2	2690960	16189	1
A_HP_48	36	Pulse	99	2703952	29180	1
A_HP_48	36	Pulse	99	2723951	49180	1
A_HP_48	37	Picture	response148	2725267	96	1	40149	1	0	40000	hit	197
A_HP_48	37	Response	1	2736650	11479	1
A_HP_48	37	Pulse	99	2743952	18781	1
A_HP_48	37	Pulse	99	2763951	38780	1
A_HP_48	38	Picture	response151	2775744	173	1	40148	1	0	40000	hit	202
A_HP_48	38	Pulse	99	2783951	8380	1
A_HP_48	38	Response	1	2798340	22769	1
A_HP_48	38	Pulse	99	2803951	28380	1
A_HP_48	38	Pulse	99	2823951	48380	1
A_HP_48	39	Picture	response150	2826055	83	1	40149	1	0	40000	hit	206
A_HP_48	39	Response	2	2836470	10499	1
A_HP_48	39	Pulse	99	2843952	17980	1
A_HP_48	39	Pulse	99	2863952	37980	1
A_HP_48	40	Picture	response145	2876532	160	1	40149	1	0	40000	incorrect	212
A_HP_48	40	Pulse	99	2883951	7580	1
A_HP_48	40	Pulse	99	2903951	27580	1
A_HP_48	40	Response	1	2910020	33649	1
A_HP_48	40	Pulse	99	2923951	47580	1
A_HP_48	41	Picture	response149	2926842	71	1	40148	1	0	40000	hit	216
A_HP_48	41	Pulse	99	2943951	17180	1
A_HP_48	41	Response	2	2950680	23909	1
A_HP_48	41	Pulse	99	2963951	37180	1
A_HP_48	42	Picture	response152	2977319	148	1	40148	1	0	40000	hit	220
A_HP_48	42	Pulse	99	2983951	6780	1
A_HP_48	42	Response	1	2996210	19039	1
A_HP_48	42	Pulse	99	3003952	26781	1
A_HP_48	42	Pulse	99	3023951	46780	1
A_HP_48	43	Picture	ins9	3027630	58	1	30153	1	0	30000	other	0
A_HP_48	43	Pulse	99	3043951	16380	1
A_HP_48	43	Pulse	99	3063951	36380	1
A_HP_48	43	Pulse	99	3083951	56380	1
A_HP_48	43	Pulse	99	3103951	76380	1
A_HP_48	43	Pulse	99	3123951	96380	1
A_HP_48	43	Pulse	99	3143952	116381	1
A_HP_48	43	Pulse	99	3163951	136380	1
A_HP_48	43	Pulse	99	3183952	156380	1
A_HP_48	43	Pulse	99	3203952	176380	1
A_HP_48	43	Pulse	99	3223952	196380	1
A_HP_48	43	Pulse	99	3243951	216380	1
A_HP_48	43	Pulse	99	3263952	236380	1
A_HP_48	43	Pulse	99	3283952	256380	1
A_HP_48	43	Pulse	99	3303951	276380	1
A_HP_48	43	Pulse	99	3323951	296380	1
A_HP_48	44	Response	3	3343952	6295	1
A_HP_48	44	Pulse	99	3343952	6295	1
A_HP_48	45	Picture	response70	3344487	115	1	40149	1	0	40000	hit	242
A_HP_48	45	Response	2	3357591	13219	1
A_HP_48	45	Pulse	99	3363952	19580	1
A_HP_48	45	Pulse	99	3383951	39580	1
A_HP_48	46	Picture	response67	3394964	192	1	40149	1	0	40000	hit	247
A_HP_48	46	Pulse	99	3403950	9179	1
A_HP_48	46	Response	1	3416630	21859	1
A_HP_48	46	Pulse	99	3423951	29180	1
A_HP_48	46	Pulse	99	3443951	49180	1
A_HP_48	47	Picture	response71	3445274	103	1	40148	1	0	40000	incorrect	252
A_HP_48	47	Pulse	99	3463952	18780	1
A_HP_48	47	Response	2	3469821	24649	1
A_HP_48	47	Pulse	99	3483952	38780	1
A_HP_48	48	Picture	response65	3495752	180	1	40148	1	0	40000	hit	256
A_HP_48	48	Pulse	99	3503952	8380	1
A_HP_48	48	Response	1	3508161	12589	1
A_HP_48	48	Pulse	99	3523951	28380	1
A_HP_48	48	Pulse	99	3543951	48380	1
A_HP_48	49	Picture	response69	3546062	90	1	40149	1	0	40000	incorrect	260
A_HP_48	49	Response	2	3556612	10640	1
A_HP_48	49	Pulse	99	3563951	17980	1
A_HP_48	49	Pulse	99	3583951	37980	1
A_HP_48	50	Picture	response68	3596539	168	1	40148	1	0	40000	hit	265
A_HP_48	50	Pulse	99	3603952	7580	1
A_HP_48	50	Response	2	3611451	15079	1
A_HP_48	50	Pulse	99	3623950	27578	1
A_HP_48	50	Pulse	99	3643952	47581	1
A_HP_48	51	Picture	response66	3646850	78	1	40148	1	0	40000	incorrect	270
A_HP_48	51	Pulse	99	3663951	17180	1
A_HP_48	51	Response	1	3674100	27329	1
A_HP_48	51	Pulse	99	3683951	37180	1
A_HP_48	52	Picture	response72	3697327	155	1	40149	1	0	40000	hit	275
A_HP_48	52	Pulse	99	3703952	6780	1
A_HP_48	52	Pulse	99	3723951	26780	1
A_HP_48	52	Response	1	3728641	31469	1
A_HP_48	52	Pulse	99	3743951	46780	1
A_HP_48	53	Picture	ins1	3747638	66	1	30153	1	0	30000	other	0
A_HP_48	53	Pulse	99	3763952	16381	1
A_HP_48	53	Pulse	99	3783952	36380	1
A_HP_48	53	Pulse	99	3803950	56379	1
A_HP_48	53	Pulse	99	3823953	76381	1
A_HP_48	53	Pulse	99	3843952	96380	1
A_HP_48	53	Pulse	99	3863951	116380	1
A_HP_48	53	Pulse	99	3883952	136380	1
A_HP_48	53	Pulse	99	3903952	156381	1
A_HP_48	53	Pulse	99	3923952	176380	1
A_HP_48	53	Pulse	99	3943953	196381	1
A_HP_48	53	Pulse	99	3963952	216380	1
A_HP_48	53	Pulse	99	3983952	236380	1
A_HP_48	53	Pulse	99	4003952	256380	1
A_HP_48	53	Pulse	99	4023952	276380	1
A_HP_48	53	Pulse	99	4043952	296380	1
A_HP_48	54	Response	3	4063952	6288	1
A_HP_48	54	Pulse	99	4063952	6288	1
A_HP_48	55	Picture	response2	4064494	122	1	40149	1	0	40000	hit	296
A_HP_48	55	Response	2	4074621	10249	1
A_HP_48	55	Pulse	99	4083952	19580	1
A_HP_48	55	Pulse	99	4103952	39580	1
A_HP_48	56	Picture	response4	4114805	33	1	40148	1	0	40000	hit	300
A_HP_48	56	Response	2	4123651	8878	1
A_HP_48	56	Pulse	99	4123951	9179	1
A_HP_48	56	Pulse	99	4143952	29180	1
A_HP_48	56	Pulse	99	4163952	49179	1
A_HP_48	57	Picture	response6	4165282	110	1	40149	1	0	40000	hit	305
A_HP_48	57	Response	1	4175341	10169	1
A_HP_48	57	Pulse	99	4183952	18780	1
A_HP_48	57	Pulse	99	4203953	38780	1
A_HP_48	58	Picture	response1	4215759	187	1	40149	1	0	40000	hit	310
A_HP_48	58	Pulse	99	4223952	8380	1
A_HP_48	58	Response	2	4234111	18539	1
A_HP_48	58	Pulse	99	4243952	28380	1
A_HP_48	58	Pulse	99	4263952	48380	1
A_HP_48	59	Picture	response8	4266070	98	1	40148	1	0	40000	hit	314
A_HP_48	59	Response	2	4275741	9769	1
A_HP_48	59	Pulse	99	4283953	17980	1
A_HP_48	59	Pulse	99	4303952	37980	1
A_HP_48	60	Picture	response3	4316547	175	1	40149	1	0	40000	hit	319
A_HP_48	60	Pulse	99	4323952	7580	1
A_HP_48	60	Response	1	4324650	8278	1
A_HP_48	60	Pulse	99	4343952	27580	1
A_HP_48	60	Pulse	99	4363952	47580	1
A_HP_48	61	Picture	response5	4366857	85	1	40148	1	0	40000	hit	323
A_HP_48	61	Response	2	4381941	15169	1
A_HP_48	61	Pulse	99	4383952	17180	1
A_HP_48	61	Pulse	99	4403952	37180	1
A_HP_48	62	Picture	response7	4417335	162	1	40148	1	0	40000	hit	327
A_HP_48	62	Response	1	4423391	6219	1
A_HP_48	62	Pulse	99	4423952	6780	1
A_HP_48	62	Pulse	99	4443952	26780	1
A_HP_48	62	Pulse	99	4463951	46779	1
A_HP_48	63	Picture	thanks	4467312	0	1	10162	1	0	10000	other	0
A_HP_48	63	Pulse	99	4483952	16640	1


Event Type	Code	Type	Response	RT	RT Uncertainty	Time	Uncertainty	Duration	Uncertainty	ReqTime	ReqDur

Picture	ready	other				84128	1	10162	1	0	10000
Picture	ins17	other				144601	1	30153	1	0	30000
Picture	response136	hit	2	18433	2	464456	1	40148	1	0	40000
Picture	response135	incorrect	1	8072	2	514767	1	40149	1	0	40000
Picture	response134	incorrect	2	20875	2	565244	1	40148	1	0	40000
Picture	response132	incorrect	2	17165	2	615555	1	40149	1	0	40000
Picture	response131	hit	2	26227	2	666032	1	40148	1	0	40000
Picture	response129	hit	2	16487	2	716342	1	40148	1	0	40000
Picture	response130	incorrect	2	25399	2	766819	1	40149	1	0	40000
Picture	response133	hit	1	11689	2	817130	1	40148	1	0	40000
Picture	ins3	other				867607	1	30153	1	0	30000
Picture	response24	hit	1	9376	2	1184464	1	40149	1	0	40000
Picture	response17	hit	1	8458	2	1234941	1	40149	1	0	40000
Picture	response23	hit	1	9368	2	1285252	1	40149	1	0	40000
Picture	response22	hit	1	9340	2	1335729	1	40148	1	0	40000
Picture	response20	hit	1	6690	2	1386039	1	40148	1	0	40000
Picture	response18	hit	2	11963	2	1436516	1	40149	1	0	40000
Picture	response21	hit	2	8772	2	1486827	1	40149	1	0	40000
Picture	response19	hit	2	9685	2	1537304	1	40149	1	0	40000
Picture	ins11	other				1587615	1	30153	1	0	30000
Picture	response86	hit	2	17278	2	1904471	1	40148	1	0	40000
Picture	response88	hit	2	24251	2	1954949	1	40149	1	0	40000
Picture	response87	hit	2	8260	2	2005259	1	40149	1	0	40000
Picture	response82	hit	1	22794	2	2055736	1	40148	1	0	40000
Picture	response83	hit	2	7573	2	2106047	1	40149	1	0	40000
Picture	response85	hit	1	14646	2	2156524	1	40149	1	0	40000
Picture	response81	hit	2	23515	2	2206835	1	40148	1	0	40000
Picture	response84	hit	1	13029	2	2257312	1	40148	1	0	40000
Picture	ins19	other				2307622	1	30153	1	0	30000
Picture	response146	incorrect	2	24451	2	2624479	1	40149	1	0	40000
Picture	response147	hit	2	16004	2	2674956	1	40148	1	0	40000
Picture	response148	hit	1	11384	2	2725267	1	40149	1	0	40000
Picture	response151	hit	1	22597	2	2775744	1	40148	1	0	40000
Picture	response150	hit	2	10416	2	2826055	1	40149	1	0	40000
Picture	response145	incorrect	1	33489	2	2876532	1	40149	1	0	40000
Picture	response149	hit	2	23838	2	2926842	1	40148	1	0	40000
Picture	response152	hit	1	18891	2	2977319	1	40148	1	0	40000
Picture	ins9	other				3027630	1	30153	1	0	30000
Picture	response70	hit	2	13104	2	3344487	1	40149	1	0	40000
Picture	response67	hit	1	21667	2	3394964	1	40149	1	0	40000
Picture	response71	incorrect	2	24546	2	3445274	1	40148	1	0	40000
Picture	response65	hit	1	12409	2	3495752	1	40148	1	0	40000
Picture	response69	incorrect	2	10549	2	3546062	1	40149	1	0	40000
Picture	response68	hit	2	14912	2	3596539	1	40148	1	0	40000
Picture	response66	incorrect	1	27250	2	3646850	1	40148	1	0	40000
Picture	response72	hit	1	31314	2	3697327	1	40149	1	0	40000
Picture	ins1	other				3747638	1	30153	1	0	30000
Picture	response2	hit	2	10127	2	4064494	1	40149	1	0	40000
Picture	response4	hit	2	8846	2	4114805	1	40148	1	0	40000
Picture	response6	hit	1	10059	2	4165282	1	40149	1	0	40000
Picture	response1	hit	2	18352	2	4215759	1	40149	1	0	40000
Picture	response8	hit	2	9671	2	4266070	1	40148	1	0	40000
Picture	response3	hit	1	8103	2	4316547	1	40149	1	0	40000
Picture	response5	hit	2	15084	2	4366857	1	40148	1	0	40000
Picture	response7	hit	1	6057	2	4417335	1	40148	1	0	40000
Picture	thanks	other				4467312	1	10162	1	0	10000


{
   "app": "Presentation Version 21.1 Build 09.05.19",
   "device": "LENOVO 20FBCTO1WW",
   "experiment": "{C0C68DB1-10BA-42F2-8F79-3F2AFFEED4E4}",
   "os": "Windows 10 64 bit",
   "package": "",
   "parameters": {
      "configuration": "Default configuration"
   },
   "scenario": "Feature experiment(1).sce",
   "subject": "A_HP_48",
   "timestamp": "2020/01/16 05:35:22 GMT"
}
