Scenario - 
Logfile written - 02/20/2020 09:45:14

Subject	Trial	Event Type	Code	Time	TTime	Uncertainty	Duration	Uncertainty	ReqTime	ReqDur	Stim Type	Pair Index

A_HP_50	1	Response	3	1179781	1178948	1
A_HP_50	1	Pulse	99	1179781	1178948	1
A_HP_50	2	Picture	ready	1179965	0	1	10162	1	0	10000	other	0
A_HP_50	2	Pulse	99	1199781	19816	1
A_HP_50	2	Pulse	99	1219781	39816	1
A_HP_50	2	Pulse	99	1239781	59816	1
A_HP_50	3	Picture	ins19	1240437	145	1	30153	1	0	30000	other	0
A_HP_50	3	Pulse	99	1259780	19488	1
A_HP_50	3	Pulse	99	1279780	39488	1
A_HP_50	3	Pulse	99	1299780	59488	1
A_HP_50	3	Pulse	99	1319781	79489	1
A_HP_50	3	Pulse	99	1339780	99489	1
A_HP_50	3	Pulse	99	1359781	119489	1
A_HP_50	3	Pulse	99	1379780	139489	1
A_HP_50	3	Pulse	99	1399780	159488	1
A_HP_50	3	Pulse	99	1419781	179489	1
A_HP_50	3	Pulse	99	1439780	199489	1
A_HP_50	3	Pulse	99	1459781	219489	1
A_HP_50	3	Pulse	99	1479781	239489	1
A_HP_50	3	Pulse	99	1499780	259488	1
A_HP_50	3	Pulse	99	1519780	279488	1
A_HP_50	3	Pulse	99	1539780	299488	1
A_HP_50	4	Response	3	1559780	9317	1
A_HP_50	4	Pulse	99	1559780	9317	1
A_HP_50	5	Picture	response151	1560293	101	1	40148	1	0	40000	hit	27
A_HP_50	5	Pulse	99	1579780	19588	1
A_HP_50	5	Response	1	1580519	20327	1
A_HP_50	5	Pulse	99	1599780	39588	1
A_HP_50	6	Picture	response146	1610770	178	1	40149	1	0	40000	hit	31
A_HP_50	6	Pulse	99	1619780	9189	1
A_HP_50	6	Response	1	1627789	17197	1
A_HP_50	6	Pulse	99	1639780	29188	1
A_HP_50	6	Pulse	99	1659781	49189	1
A_HP_50	7	Picture	response148	1661080	88	1	40148	1	0	40000	hit	35
A_HP_50	7	Response	1	1675499	14507	1
A_HP_50	7	Pulse	99	1679780	18788	1
A_HP_50	7	Pulse	99	1699781	38789	1
A_HP_50	8	Picture	response147	1711557	166	1	40148	1	0	40000	incorrect	40
A_HP_50	8	Pulse	99	1719780	8388	1
A_HP_50	8	Response	1	1732529	21137	1
A_HP_50	8	Pulse	99	1739781	28389	1
A_HP_50	8	Pulse	99	1759781	48389	1
A_HP_50	9	Picture	response152	1761868	76	1	40149	1	0	40000	hit	45
A_HP_50	9	Pulse	99	1779780	17988	1
A_HP_50	9	Response	1	1781169	19377	1
A_HP_50	9	Pulse	99	1799780	37988	1
A_HP_50	10	Picture	response145	1812345	153	1	40149	1	0	40000	incorrect	49
A_HP_50	10	Pulse	99	1819780	7588	1
A_HP_50	10	Response	1	1833129	20937	1
A_HP_50	10	Pulse	99	1839781	27589	1
A_HP_50	10	Pulse	99	1859781	47589	1
A_HP_50	11	Picture	response150	1862656	64	1	40149	1	0	40000	hit	53
A_HP_50	11	Response	2	1875409	12817	1
A_HP_50	11	Pulse	99	1879780	17188	1
A_HP_50	11	Pulse	99	1899780	37188	1
A_HP_50	12	Picture	response149	1913133	141	1	40148	1	0	40000	hit	58
A_HP_50	12	Pulse	99	1919780	6788	1
A_HP_50	12	Response	2	1933029	20037	1
A_HP_50	12	Pulse	99	1939781	26789	1
A_HP_50	12	Pulse	99	1959780	46788	1
A_HP_50	13	Picture	ins11	1963443	52	1	30153	1	0	30000	other	0
A_HP_50	13	Pulse	99	1979780	16388	1
A_HP_50	13	Pulse	99	1999781	36389	1
A_HP_50	13	Pulse	99	2019780	56389	1
A_HP_50	13	Pulse	99	2039781	76389	1
A_HP_50	13	Pulse	99	2059780	96389	1
A_HP_50	13	Pulse	99	2079780	116388	1
A_HP_50	13	Pulse	99	2099780	136388	1
A_HP_50	13	Pulse	99	2119780	156388	1
A_HP_50	13	Pulse	99	2139780	176388	1
A_HP_50	13	Pulse	99	2159780	196388	1
A_HP_50	13	Pulse	99	2179780	216388	1
A_HP_50	13	Pulse	99	2199780	236388	1
A_HP_50	13	Pulse	99	2219780	256389	1
A_HP_50	13	Pulse	99	2239780	276388	1
A_HP_50	13	Pulse	99	2259780	296389	1
A_HP_50	14	Response	3	2279780	6311	1
A_HP_50	14	Pulse	99	2279780	6311	1
A_HP_50	15	Picture	response85	2280300	108	1	40148	1	0	40000	hit	81
A_HP_50	15	Pulse	99	2299780	19589	1
A_HP_50	15	Response	1	2300389	20197	1
A_HP_50	15	Pulse	99	2319781	39589	1
A_HP_50	16	Picture	response86	2330777	185	1	40148	1	0	40000	hit	86
A_HP_50	16	Pulse	99	2339780	9188	1
A_HP_50	16	Pulse	99	2359780	29189	1
A_HP_50	16	Response	2	2364419	33827	1
A_HP_50	16	Pulse	99	2379780	49188	1
A_HP_50	17	Picture	response87	2381087	96	1	40148	1	0	40000	hit	90
A_HP_50	17	Pulse	99	2399781	18789	1
A_HP_50	17	Response	2	2401909	20917	1
A_HP_50	17	Pulse	99	2419780	38789	1
A_HP_50	18	Picture	response81	2431565	173	1	40149	1	0	40000	hit	95
A_HP_50	18	Pulse	99	2439780	8388	1
A_HP_50	18	Pulse	99	2459781	28389	1
A_HP_50	18	Response	2	2460388	28996	1
A_HP_50	18	Pulse	99	2479780	48388	1
A_HP_50	19	Picture	response88	2481875	83	1	40149	1	0	40000	hit	99
A_HP_50	19	Pulse	99	2499781	17989	1
A_HP_50	19	Response	2	2503109	21317	1
A_HP_50	19	Pulse	99	2519780	37988	1
A_HP_50	20	Picture	response83	2532352	160	1	40149	1	0	40000	hit	103
A_HP_50	20	Pulse	99	2539780	7588	1
A_HP_50	20	Response	2	2548819	16627	1
A_HP_50	20	Pulse	99	2559780	27588	1
A_HP_50	20	Pulse	99	2579780	47589	1
A_HP_50	21	Picture	response84	2582663	71	1	40148	1	0	40000	hit	108
A_HP_50	21	Pulse	99	2599780	17188	1
A_HP_50	21	Response	1	2602619	20027	1
A_HP_50	21	Pulse	99	2619780	37188	1
A_HP_50	22	Picture	response82	2633140	148	1	40149	1	0	40000	hit	112
A_HP_50	22	Pulse	99	2639780	6788	1
A_HP_50	22	Response	1	2649539	16547	1
A_HP_50	22	Pulse	99	2659780	26788	1
A_HP_50	22	Pulse	99	2679780	46788	1
A_HP_50	23	Picture	ins3	2683451	59	1	30153	1	0	30000	other	0
A_HP_50	23	Pulse	99	2699780	16389	1
A_HP_50	23	Pulse	99	2719781	36389	1
A_HP_50	23	Pulse	99	2739781	56389	1
A_HP_50	23	Pulse	99	2759780	76388	1
A_HP_50	23	Pulse	99	2779780	96388	1
A_HP_50	23	Pulse	99	2799780	116389	1
A_HP_50	23	Pulse	99	2819780	136388	1
A_HP_50	23	Pulse	99	2839780	156388	1
A_HP_50	23	Pulse	99	2859780	176388	1
A_HP_50	23	Pulse	99	2879780	196388	1
A_HP_50	23	Pulse	99	2899780	216388	1
A_HP_50	23	Pulse	99	2919780	236388	1
A_HP_50	23	Pulse	99	2939780	256388	1
A_HP_50	23	Pulse	99	2959780	276388	1
A_HP_50	23	Pulse	99	2979700	296309	1
A_HP_50	24	Response	3	2999780	6304	1
A_HP_50	24	Pulse	99	2999780	6304	1
A_HP_50	25	Picture	response21	3000307	115	1	40149	1	0	40000	hit	134
A_HP_50	25	Response	2	3010950	10758	1
A_HP_50	25	Pulse	99	3019780	19588	1
A_HP_50	25	Pulse	99	3039700	39509	1
A_HP_50	26	Picture	response20	3050784	192	1	40148	1	0	40000	hit	139
A_HP_50	26	Pulse	99	3059781	9189	1
A_HP_50	26	Response	1	3071729	21137	1
A_HP_50	26	Pulse	99	3079780	29188	1
A_HP_50	26	Pulse	99	3099700	49109	1
A_HP_50	27	Picture	response17	3101094	103	1	40149	1	0	40000	hit	143
A_HP_50	27	Response	1	3117179	16187	1
A_HP_50	27	Pulse	99	3119780	18789	1
A_HP_50	27	Pulse	99	3139780	38788	1
A_HP_50	28	Picture	response22	3151572	180	1	40148	1	0	40000	hit	148
A_HP_50	28	Pulse	99	3159700	8308	1
A_HP_50	28	Response	1	3163519	12127	1
A_HP_50	28	Pulse	99	3179780	28388	1
A_HP_50	28	Pulse	99	3199780	48388	1
A_HP_50	29	Picture	response23	3201882	90	1	40149	1	0	40000	hit	152
A_HP_50	29	Response	1	3213529	11737	1
A_HP_50	29	Pulse	99	3219700	17908	1
A_HP_50	29	Pulse	99	3239780	37988	1
A_HP_50	30	Picture	response19	3252359	167	1	40149	1	0	40000	hit	157
A_HP_50	30	Pulse	99	3259780	7588	1
A_HP_50	30	Response	2	3262699	10507	1
A_HP_50	30	Pulse	99	3279700	27509	1
A_HP_50	30	Pulse	99	3299780	47588	1
A_HP_50	31	Picture	response18	3302670	78	1	40149	1	0	40000	hit	161
A_HP_50	31	Response	2	3319529	16937	1
A_HP_50	31	Pulse	99	3319780	17188	1
A_HP_50	31	Pulse	99	3339700	37109	1
A_HP_50	32	Picture	response24	3353147	155	1	40148	1	0	40000	hit	166
A_HP_50	32	Pulse	99	3359780	6788	1
A_HP_50	32	Response	1	3364359	11367	1
A_HP_50	32	Pulse	99	3379780	26788	1
A_HP_50	32	Pulse	99	3399700	46709	1
A_HP_50	33	Picture	ins1	3403458	66	1	30153	1	0	30000	other	0
A_HP_50	33	Pulse	99	3419780	16389	1
A_HP_50	33	Pulse	99	3439780	36389	1
A_HP_50	33	Pulse	99	3459701	56309	1
A_HP_50	33	Pulse	99	3479780	76389	1
A_HP_50	33	Pulse	99	3499780	96388	1
A_HP_50	33	Pulse	99	3519700	116308	1
A_HP_50	33	Pulse	99	3539780	136389	1
A_HP_50	33	Pulse	99	3559780	156389	1
A_HP_50	33	Pulse	99	3579700	176309	1
A_HP_50	33	Pulse	99	3599700	196308	1
A_HP_50	33	Pulse	99	3619780	216388	1
A_HP_50	33	Pulse	99	3639780	236388	1
A_HP_50	33	Pulse	99	3659700	256308	1
A_HP_50	33	Pulse	99	3679780	276388	1
A_HP_50	33	Pulse	99	3699780	296388	1
A_HP_50	34	Response	3	3719700	6217	1
A_HP_50	34	Pulse	99	3719700	6217	1
A_HP_50	35	Picture	response1	3720147	56	1	40148	1	0	40000	hit	188
A_HP_50	35	Response	2	3731069	10977	1
A_HP_50	35	Pulse	99	3739780	19688	1
A_HP_50	35	Pulse	99	3759780	39688	1
A_HP_50	36	Picture	response3	3770625	133	1	40149	1	0	40000	hit	192
A_HP_50	36	Response	1	3775929	5437	1
A_HP_50	36	Pulse	99	3779700	9209	1
A_HP_50	36	Pulse	99	3799780	29289	1
A_HP_50	36	Pulse	99	3819781	49289	1
A_HP_50	37	Picture	response6	3820935	43	1	40149	1	0	40000	hit	197
A_HP_50	37	Response	1	3832239	11347	1
A_HP_50	37	Pulse	99	3839700	18808	1
A_HP_50	37	Pulse	99	3859780	38889	1
A_HP_50	38	Picture	response2	3871412	120	1	40149	1	0	40000	hit	202
A_HP_50	38	Pulse	99	3879780	8489	1
A_HP_50	38	Response	2	3883499	12207	1
A_HP_50	38	Pulse	99	3899700	28409	1
A_HP_50	38	Pulse	99	3919781	48489	1
A_HP_50	39	Picture	response7	3921723	31	1	40148	1	0	40000	hit	206
A_HP_50	39	Response	1	3930439	8747	1
A_HP_50	39	Pulse	99	3939780	18089	1
A_HP_50	39	Pulse	99	3959700	38008	1
A_HP_50	40	Picture	response8	3972200	108	1	40148	1	0	40000	hit	211
A_HP_50	40	Pulse	99	3979780	7689	1
A_HP_50	40	Response	2	3988409	16317	1
A_HP_50	40	Pulse	99	3999780	27688	1
A_HP_50	40	Pulse	99	4019700	47609	1
A_HP_50	41	Picture	response4	4022677	185	1	40148	1	0	40000	hit	215
A_HP_50	41	Response	2	4037519	15027	1
A_HP_50	41	Pulse	99	4039780	17288	1
A_HP_50	41	Pulse	99	4059780	37289	1
A_HP_50	42	Picture	response5	4072988	96	1	40149	1	0	40000	hit	220
A_HP_50	42	Pulse	99	4079700	6809	1
A_HP_50	42	Response	2	4083349	10458	1
A_HP_50	42	Pulse	99	4099780	26889	1
A_HP_50	42	Pulse	99	4119781	46889	1
A_HP_50	43	Picture	ins9	4123465	173	1	30153	1	0	30000	other	0
A_HP_50	43	Pulse	99	4139700	16408	1
A_HP_50	43	Pulse	99	4159780	36488	1
A_HP_50	43	Pulse	99	4179780	56488	1
A_HP_50	43	Pulse	99	4199700	76408	1
A_HP_50	43	Pulse	99	4219700	96408	1
A_HP_50	43	Pulse	99	4239780	116488	1
A_HP_50	43	Pulse	99	4259700	136408	1
A_HP_50	43	Pulse	99	4279700	156408	1
A_HP_50	43	Pulse	99	4299780	176488	1
A_HP_50	43	Pulse	99	4319700	196408	1
A_HP_50	43	Pulse	99	4339700	216409	1
A_HP_50	43	Pulse	99	4359780	236488	1
A_HP_50	43	Pulse	99	4379701	256409	1
A_HP_50	43	Pulse	99	4399700	276409	1
A_HP_50	43	Pulse	99	4419780	296488	1
A_HP_50	44	Response	3	4439700	6209	1
A_HP_50	44	Pulse	99	4439700	6209	1
A_HP_50	45	Picture	response71	4440155	63	1	40149	1	0	40000	hit	242
A_HP_50	45	Response	1	4452579	12487	1
A_HP_50	45	Pulse	99	4459700	19609	1
A_HP_50	45	Pulse	99	4479780	39688	1
A_HP_50	46	Picture	response68	4490632	140	1	40148	1	0	40000	hit	247
A_HP_50	46	Pulse	99	4499700	9208	1
A_HP_50	46	Response	2	4503169	12677	1
A_HP_50	46	Pulse	99	4519700	29208	1
A_HP_50	46	Pulse	99	4539780	49288	1
A_HP_50	47	Picture	response66	4540942	51	1	40148	1	0	40000	hit	251
A_HP_50	47	Response	2	4557919	17027	1
A_HP_50	47	Pulse	99	4559700	18808	1
A_HP_50	47	Pulse	99	4579700	38809	1
A_HP_50	48	Picture	response70	4591419	128	1	40148	1	0	40000	hit	256
A_HP_50	48	Pulse	99	4599780	8488	1
A_HP_50	48	Response	2	4602949	11657	1
A_HP_50	48	Pulse	99	4619701	28409	1
A_HP_50	48	Pulse	99	4639700	48409	1
A_HP_50	49	Picture	response65	4641730	38	1	40149	1	0	40000	hit	261
A_HP_50	49	Pulse	99	4659780	18088	1
A_HP_50	49	Response	1	4661961	20269	1
A_HP_50	49	Pulse	99	4679700	38008	1
A_HP_50	50	Picture	response69	4692207	115	1	40148	1	0	40000	hit	265
A_HP_50	50	Pulse	99	4699700	7608	1
A_HP_50	50	Response	1	4704099	12008	1
A_HP_50	50	Pulse	99	4719780	27688	1
A_HP_50	50	Pulse	99	4739700	47608	1
A_HP_50	51	Picture	response67	4742684	193	1	40148	1	0	40000	hit	269
A_HP_50	51	Response	1	4758819	16327	1
A_HP_50	51	Pulse	99	4759700	17208	1
A_HP_50	51	Pulse	99	4779780	37289	1
A_HP_50	52	Picture	response72	4792995	103	1	40148	1	0	40000	hit	274
A_HP_50	52	Pulse	99	4799701	6809	1
A_HP_50	52	Response	1	4803659	10767	1
A_HP_50	52	Pulse	99	4819700	26809	1
A_HP_50	52	Pulse	99	4839780	46888	1
A_HP_50	53	Picture	ins17	4843472	180	1	30153	1	0	30000	other	0
A_HP_50	53	Pulse	99	4859700	16409	1
A_HP_50	53	Pulse	99	4879700	36408	1
A_HP_50	53	Pulse	99	4899700	56409	1
A_HP_50	53	Pulse	99	4919700	76408	1
A_HP_50	53	Pulse	99	4939700	96409	1
A_HP_50	53	Pulse	99	4959700	116409	1
A_HP_50	53	Pulse	99	4979700	136409	1
A_HP_50	53	Pulse	99	4999700	156408	1
A_HP_50	53	Pulse	99	5019700	176409	1
A_HP_50	53	Pulse	99	5039700	196408	1
A_HP_50	53	Pulse	99	5059700	216409	1
A_HP_50	53	Pulse	99	5079700	236409	1
A_HP_50	53	Pulse	99	5099700	256409	1
A_HP_50	53	Pulse	99	5119700	276408	1
A_HP_50	53	Pulse	99	5139699	296407	1
A_HP_50	54	Response	3	5159700	6369	1
A_HP_50	54	Pulse	99	5159700	6369	1
A_HP_50	55	Picture	response132	5160162	70	1	40148	1	0	40000	hit	296
A_HP_50	55	Response	1	5173979	13888	1
A_HP_50	55	Pulse	99	5179700	19609	1
A_HP_50	55	Pulse	99	5199699	39608	1
A_HP_50	56	Picture	response135	5210639	147	1	40148	1	0	40000	incorrect	301
A_HP_50	56	Pulse	99	5219700	9208	1
A_HP_50	56	Response	1	5228189	17697	1
A_HP_50	56	Pulse	99	5239700	29208	1
A_HP_50	56	Pulse	99	5259700	49208	1
A_HP_50	57	Picture	response134	5260949	58	1	40148	1	0	40000	hit	305
A_HP_50	57	Response	1	5279059	18167	1
A_HP_50	57	Pulse	99	5279700	18809	1
A_HP_50	57	Pulse	99	5299700	38808	1
A_HP_50	58	Picture	response130	5311426	135	1	40148	1	0	40000	hit	310
A_HP_50	58	Pulse	99	5319700	8409	1
A_HP_50	58	Response	1	5326279	14987	1
A_HP_50	58	Pulse	99	5339700	28409	1
A_HP_50	58	Pulse	99	5359700	48409	1
A_HP_50	59	Picture	response131	5361737	45	1	40148	1	0	40000	incorrect	315
A_HP_50	59	Pulse	99	5379701	18009	1
A_HP_50	59	Response	1	5383689	21997	1
A_HP_50	59	Pulse	99	5399780	38088	1
A_HP_50	60	Picture	response136	5412214	123	1	40148	1	0	40000	hit	319
A_HP_50	60	Pulse	99	5419701	7609	1
A_HP_50	60	Response	2	5430989	18897	1
A_HP_50	60	Pulse	99	5439700	27609	1
A_HP_50	60	Pulse	99	5459780	47689	1
A_HP_50	61	Picture	response129	5462524	33	1	40149	1	0	40000	hit	324
A_HP_50	61	Pulse	99	5479701	17209	1
A_HP_50	61	Response	2	5482019	19528	1
A_HP_50	61	Pulse	99	5499700	37209	1
A_HP_50	62	Picture	response133	5513002	110	1	40148	1	0	40000	hit	328
A_HP_50	62	Pulse	99	5519700	6809	1
A_HP_50	62	Response	1	5525129	12237	1
A_HP_50	62	Pulse	99	5539700	26809	1
A_HP_50	62	Pulse	99	5559700	46808	1
A_HP_50	63	Picture	thanks	5562979	0	1	10162	1	0	10000	other	0
A_HP_50	63	Pulse	99	5579700	16721	1


Event Type	Code	Type	Response	RT	RT Uncertainty	Time	Uncertainty	Duration	Uncertainty	ReqTime	ReqDur

Picture	ready	other				1179965	1	10162	1	0	10000
Picture	ins19	other				1240437	1	30153	1	0	30000
Picture	response151	hit	1	20226	2	1560293	1	40148	1	0	40000
Picture	response146	hit	1	17019	2	1610770	1	40149	1	0	40000
Picture	response148	hit	1	14419	2	1661080	1	40148	1	0	40000
Picture	response147	incorrect	1	20972	2	1711557	1	40148	1	0	40000
Picture	response152	hit	1	19301	2	1761868	1	40149	1	0	40000
Picture	response145	incorrect	1	20784	2	1812345	1	40149	1	0	40000
Picture	response150	hit	2	12754	2	1862656	1	40149	1	0	40000
Picture	response149	hit	2	19896	2	1913133	1	40148	1	0	40000
Picture	ins11	other				1963443	1	30153	1	0	30000
Picture	response85	hit	1	20089	2	2280300	1	40148	1	0	40000
Picture	response86	hit	2	33642	2	2330777	1	40148	1	0	40000
Picture	response87	hit	2	20822	2	2381087	1	40148	1	0	40000
Picture	response81	hit	2	28824	2	2431565	1	40149	1	0	40000
Picture	response88	hit	2	21234	2	2481875	1	40149	1	0	40000
Picture	response83	hit	2	16467	2	2532352	1	40149	1	0	40000
Picture	response84	hit	1	19957	2	2582663	1	40148	1	0	40000
Picture	response82	hit	1	16399	2	2633140	1	40149	1	0	40000
Picture	ins3	other				2683451	1	30153	1	0	30000
Picture	response21	hit	2	10643	2	3000307	1	40149	1	0	40000
Picture	response20	hit	1	20945	2	3050784	1	40148	1	0	40000
Picture	response17	hit	1	16085	2	3101094	1	40149	1	0	40000
Picture	response22	hit	1	11947	2	3151572	1	40148	1	0	40000
Picture	response23	hit	1	11647	2	3201882	1	40149	1	0	40000
Picture	response19	hit	2	10340	2	3252359	1	40149	1	0	40000
Picture	response18	hit	2	16859	2	3302670	1	40149	1	0	40000
Picture	response24	hit	1	11212	2	3353147	1	40148	1	0	40000
Picture	ins1	other				3403458	1	30153	1	0	30000
Picture	response1	hit	2	10922	2	3720147	1	40148	1	0	40000
Picture	response3	hit	1	5305	2	3770625	1	40149	1	0	40000
Picture	response6	hit	1	11304	2	3820935	1	40149	1	0	40000
Picture	response2	hit	2	12087	2	3871412	1	40149	1	0	40000
Picture	response7	hit	1	8716	2	3921723	1	40148	1	0	40000
Picture	response8	hit	2	16209	2	3972200	1	40148	1	0	40000
Picture	response4	hit	2	14842	2	4022677	1	40148	1	0	40000
Picture	response5	hit	2	10362	2	4072988	1	40149	1	0	40000
Picture	ins9	other				4123465	1	30153	1	0	30000
Picture	response71	hit	1	12425	2	4440155	1	40149	1	0	40000
Picture	response68	hit	2	12537	2	4490632	1	40148	1	0	40000
Picture	response66	hit	2	16977	2	4540942	1	40148	1	0	40000
Picture	response70	hit	2	11530	2	4591419	1	40148	1	0	40000
Picture	response65	hit	1	20231	2	4641730	1	40149	1	0	40000
Picture	response69	hit	1	11892	2	4692207	1	40148	1	0	40000
Picture	response67	hit	1	16135	2	4742684	1	40148	1	0	40000
Picture	response72	hit	1	10664	2	4792995	1	40148	1	0	40000
Picture	ins17	other				4843472	1	30153	1	0	30000
Picture	response132	hit	1	13817	2	5160162	1	40148	1	0	40000
Picture	response135	incorrect	1	17550	2	5210639	1	40148	1	0	40000
Picture	response134	hit	1	18109	2	5260949	1	40148	1	0	40000
Picture	response130	hit	1	14853	2	5311426	1	40148	1	0	40000
Picture	response131	incorrect	1	21952	2	5361737	1	40148	1	0	40000
Picture	response136	hit	2	18775	2	5412214	1	40148	1	0	40000
Picture	response129	hit	2	19495	2	5462524	1	40149	1	0	40000
Picture	response133	hit	1	12127	2	5513002	1	40148	1	0	40000
Picture	thanks	other				5562979	1	10162	1	0	10000


{
   "app": "Presentation Version 21.1 Build 09.05.19",
   "device": "LENOVO 20FBCTO1WW",
   "experiment": "{C0C68DB1-10BA-42F2-8F79-3F2AFFEED4E4}",
   "os": "Windows 10 64 bit",
   "package": "",
   "parameters": {
      "configuration": "Default configuration"
   },
   "scenario": "Feature experiment(1).sce",
   "subject": "A_HP_50",
   "timestamp": "2020/02/20 00:35:49 GMT"
}
