Scenario - 
Logfile written - 10/18/2019 09:10:48

Subject	Trial	Event Type	Code	Time	TTime	Uncertainty	Duration	Uncertainty	ReqTime	ReqDur	Stim Type	Pair Index

A_HP_18	1	Response	3	536097	534764	1
A_HP_18	1	Pulse	99	536097	534764	1
A_HP_18	2	Picture	ready	536364	0	1	10229	1	0	10000	other	0
A_HP_18	2	Pulse	99	556176	19813	1
A_HP_18	2	Pulse	99	576176	39813	1
A_HP_18	2	Pulse	99	596096	59733	1
A_HP_18	3	Picture	ins11	596925	234	1	30229	1	0	30000	other	0
A_HP_18	3	Pulse	99	616096	19405	1
A_HP_18	3	Pulse	99	636176	39485	1
A_HP_18	3	Pulse	99	656176	59485	1
A_HP_18	3	Pulse	99	676096	79405	1
A_HP_18	3	Pulse	99	696176	99485	1
A_HP_18	3	Pulse	99	716177	119485	1
A_HP_18	3	Pulse	99	736096	139405	1
A_HP_18	3	Pulse	99	756176	159485	1
A_HP_18	3	Pulse	99	776176	179485	1
A_HP_18	3	Pulse	99	796096	199405	1
A_HP_18	3	Pulse	99	816176	219485	1
A_HP_18	3	Pulse	99	836176	239485	1
A_HP_18	3	Pulse	99	856096	259405	1
A_HP_18	3	Pulse	99	876176	279485	1
A_HP_18	3	Pulse	99	896176	299485	1
A_HP_18	4	Response	3	916096	9175	1
A_HP_18	4	Pulse	99	916096	9175	1
A_HP_18	5	Picture	response81	916722	230	1	40229	1	0	40000	hit	26
A_HP_18	5	Response	2	925725	9233	1
A_HP_18	5	Pulse	99	936096	19604	1
A_HP_18	5	Pulse	99	956176	39684	1
A_HP_18	6	Picture	response83	967180	288	1	40229	1	0	40000	hit	30
A_HP_18	6	Response	2	974175	7283	1
A_HP_18	6	Pulse	99	976176	9284	1
A_HP_18	6	Pulse	99	996096	29205	1
A_HP_18	6	Pulse	99	1016176	49285	1
A_HP_18	7	Picture	response88	1017471	180	1	40229	1	0	40000	hit	35
A_HP_18	7	Response	2	1024785	7494	1
A_HP_18	7	Pulse	99	1036176	18885	1
A_HP_18	7	Pulse	99	1056096	38805	1
A_HP_18	8	Picture	response87	1067929	239	1	40229	1	0	40000	hit	39
A_HP_18	8	Response	2	1074655	6964	1
A_HP_18	8	Pulse	99	1076176	8485	1
A_HP_18	8	Pulse	99	1096176	28485	1
A_HP_18	8	Pulse	99	1116096	48405	1
A_HP_18	9	Picture	response85	1118221	130	1	40229	1	0	40000	hit	44
A_HP_18	9	Response	1	1124935	6844	1
A_HP_18	9	Pulse	99	1136176	18084	1
A_HP_18	9	Pulse	99	1156176	38085	1
A_HP_18	10	Picture	response84	1168846	355	1	40229	1	0	40000	hit	49
A_HP_18	10	Pulse	99	1176096	7605	1
A_HP_18	10	Response	1	1180324	11833	1
A_HP_18	10	Pulse	99	1196096	27605	1
A_HP_18	10	Pulse	99	1216176	47685	1
A_HP_18	11	Picture	response82	1219138	246	1	40230	1	0	40000	hit	53
A_HP_18	11	Response	1	1227295	8403	1
A_HP_18	11	Pulse	99	1236095	17204	1
A_HP_18	11	Pulse	99	1256096	37205	1
A_HP_18	12	Picture	response86	1269429	138	1	40230	1	0	40000	hit	58
A_HP_18	12	Pulse	99	1276176	6885	1
A_HP_18	12	Response	2	1276414	7123	1
A_HP_18	12	Pulse	99	1296176	26885	1
A_HP_18	12	Pulse	99	1316096	46804	1
A_HP_18	13	Picture	ins9	1319888	197	1	30229	1	0	30000	other	0
A_HP_18	13	Pulse	99	1336176	16485	1
A_HP_18	13	Pulse	99	1356176	36485	1
A_HP_18	13	Pulse	99	1376096	56405	1
A_HP_18	13	Pulse	99	1396176	76485	1
A_HP_18	13	Pulse	99	1416176	96485	1
A_HP_18	13	Pulse	99	1436096	116405	1
A_HP_18	13	Pulse	99	1456096	136405	1
A_HP_18	13	Pulse	99	1476176	156485	1
A_HP_18	13	Pulse	99	1496096	176405	1
A_HP_18	13	Pulse	99	1516096	196405	1
A_HP_18	13	Pulse	99	1536176	216485	1
A_HP_18	13	Pulse	99	1556096	236405	1
A_HP_18	13	Pulse	99	1576096	256405	1
A_HP_18	13	Pulse	99	1596176	276485	1
A_HP_18	13	Pulse	99	1616178	296487	1
A_HP_18	14	Response	3	1636096	6174	1
A_HP_18	14	Pulse	99	1636096	6174	1
A_HP_18	15	Picture	response68	1636721	230	1	40230	1	0	40000	hit	80
A_HP_18	15	Response	2	1646345	9854	1
A_HP_18	15	Pulse	99	1656176	19685	1
A_HP_18	15	Pulse	99	1676177	39686	1
A_HP_18	16	Picture	response66	1687179	288	1	40229	1	0	40000	hit	84
A_HP_18	16	Response	2	1693685	6794	1
A_HP_18	16	Pulse	99	1696095	9204	1
A_HP_18	16	Pulse	99	1716096	29205	1
A_HP_18	16	Pulse	99	1736176	49285	1
A_HP_18	17	Picture	response70	1737471	180	1	40231	1	0	40000	hit	89
A_HP_18	17	Response	2	1742885	5594	1
A_HP_18	17	Pulse	99	1756096	18805	1
A_HP_18	17	Pulse	99	1776096	38805	1
A_HP_18	18	Picture	response71	1787930	239	1	40230	1	0	40000	hit	94
A_HP_18	18	Pulse	99	1796175	8484	1
A_HP_18	18	Response	1	1796544	8852	1
A_HP_18	18	Pulse	99	1816096	28405	1
A_HP_18	18	Pulse	99	1836095	48404	1
A_HP_18	19	Picture	response69	1838222	132	1	40229	1	0	40000	hit	99
A_HP_18	19	Pulse	99	1856175	18085	1
A_HP_18	19	Response	1	1859944	21854	1
A_HP_18	19	Pulse	99	1876096	38005	1
A_HP_18	20	Picture	response65	1888847	357	1	40229	1	0	40000	hit	102
A_HP_18	20	Response	1	1895484	6994	1
A_HP_18	20	Pulse	99	1896096	7605	1
A_HP_18	20	Pulse	99	1916176	27685	1
A_HP_18	20	Pulse	99	1936176	47685	1
A_HP_18	21	Picture	response72	1939139	249	1	40229	1	0	40000	hit	107
A_HP_18	21	Response	1	1946714	7823	1
A_HP_18	21	Pulse	99	1956096	17205	1
A_HP_18	21	Pulse	99	1976096	37205	1
A_HP_18	22	Picture	response67	1989432	141	1	40230	1	0	40000	hit	112
A_HP_18	22	Pulse	99	1996176	6885	1
A_HP_18	22	Response	1	1996274	6983	1
A_HP_18	22	Pulse	99	2016096	26805	1
A_HP_18	22	Pulse	99	2036095	46805	1
A_HP_18	23	Picture	ins17	2039890	200	1	30229	1	0	30000	other	0
A_HP_18	23	Pulse	99	2056176	16485	1
A_HP_18	23	Pulse	99	2076095	36405	1
A_HP_18	23	Pulse	99	2096096	56405	1
A_HP_18	23	Pulse	99	2116176	76485	1
A_HP_18	23	Pulse	99	2136096	96405	1
A_HP_18	23	Pulse	99	2156096	116405	1
A_HP_18	23	Pulse	99	2176175	136485	1
A_HP_18	23	Pulse	99	2196096	156405	1
A_HP_18	23	Pulse	99	2216096	176405	1
A_HP_18	23	Pulse	99	2236096	196405	1
A_HP_18	23	Pulse	99	2256176	216485	1
A_HP_18	23	Pulse	99	2276095	236405	1
A_HP_18	23	Pulse	99	2296096	256405	1
A_HP_18	23	Pulse	99	2316175	276485	1
A_HP_18	23	Pulse	99	2336096	296405	1
A_HP_18	24	Response	3	2356096	6175	1
A_HP_18	24	Pulse	99	2356096	6175	1
A_HP_18	25	Picture	response129	2356721	230	1	40229	1	0	40000	hit	134
A_HP_18	25	Response	2	2365565	9073	1
A_HP_18	25	Pulse	99	2376176	19684	1
A_HP_18	25	Pulse	99	2396096	39604	1
A_HP_18	26	Picture	response131	2407180	289	1	40230	1	0	40000	hit	138
A_HP_18	26	Response	2	2415304	8413	1
A_HP_18	26	Pulse	99	2416096	9205	1
A_HP_18	26	Pulse	99	2436176	29285	1
A_HP_18	26	Pulse	99	2456096	49205	1
A_HP_18	27	Picture	response132	2457471	180	1	40230	1	0	40000	hit	144
A_HP_18	27	Pulse	99	2476096	18804	1
A_HP_18	27	Response	1	2483684	26393	1
A_HP_18	27	Pulse	99	2496175	38884	1
A_HP_18	28	Picture	response134	2507930	239	1	40229	1	0	40000	hit	148
A_HP_18	28	Pulse	99	2516096	8405	1
A_HP_18	28	Response	1	2520194	12503	1
A_HP_18	28	Pulse	99	2536096	28405	1
A_HP_18	28	Pulse	99	2556096	48405	1
A_HP_18	29	Picture	response133	2558222	131	1	40229	1	0	40000	hit	152
A_HP_18	29	Response	1	2573994	15903	1
A_HP_18	29	Pulse	99	2576175	18084	1
A_HP_18	29	Pulse	99	2596096	38004	1
A_HP_18	30	Picture	response130	2608847	356	1	40229	1	0	40000	hit	157
A_HP_18	30	Pulse	99	2616096	7605	1
A_HP_18	30	Response	1	2618504	10013	1
A_HP_18	30	Pulse	99	2636175	27684	1
A_HP_18	30	Pulse	99	2656096	47605	1
A_HP_18	31	Picture	response135	2659138	248	1	40230	1	0	40000	hit	161
A_HP_18	31	Response	2	2668954	10063	1
A_HP_18	31	Pulse	99	2676095	17205	1
A_HP_18	31	Pulse	99	2696175	37285	1
A_HP_18	32	Picture	response136	2709430	140	1	40230	1	0	40000	hit	166
A_HP_18	32	Pulse	99	2716095	6805	1
A_HP_18	32	Response	2	2717713	8423	1
A_HP_18	32	Pulse	99	2736095	26805	1
A_HP_18	32	Pulse	99	2756175	46885	1
A_HP_18	33	Picture	ins1	2759889	199	1	30229	1	0	30000	other	0
A_HP_18	33	Pulse	99	2776096	16405	1
A_HP_18	33	Pulse	99	2796095	36405	1
A_HP_18	33	Pulse	99	2816095	56405	1
A_HP_18	33	Pulse	99	2836095	76405	1
A_HP_18	33	Pulse	99	2856095	96405	1
A_HP_18	33	Pulse	99	2876095	116405	1
A_HP_18	33	Pulse	99	2896176	136485	1
A_HP_18	33	Pulse	99	2916095	156405	1
A_HP_18	33	Pulse	99	2936095	176405	1
A_HP_18	33	Pulse	99	2956176	196485	1
A_HP_18	33	Pulse	99	2976095	216405	1
A_HP_18	33	Pulse	99	2996095	236405	1
A_HP_18	33	Pulse	99	3016175	256485	1
A_HP_18	33	Pulse	99	3036096	276406	1
A_HP_18	33	Pulse	99	3056095	296405	1
A_HP_18	34	Response	3	3076095	6174	1
A_HP_18	34	Pulse	99	3076095	6174	1
A_HP_18	35	Picture	response4	3076720	230	1	40229	1	0	40000	hit	188
A_HP_18	35	Response	2	3082394	5904	1
A_HP_18	35	Pulse	99	3096095	19605	1
A_HP_18	35	Pulse	99	3116095	39605	1
A_HP_18	36	Picture	response8	3127179	289	1	40230	1	0	40000	hit	192
A_HP_18	36	Response	2	3132034	5144	1
A_HP_18	36	Pulse	99	3136095	9204	1
A_HP_18	36	Pulse	99	3156095	29205	1
A_HP_18	36	Pulse	99	3176095	49204	1
A_HP_18	37	Picture	response6	3177471	181	1	40230	1	0	40000	hit	197
A_HP_18	37	Response	1	3187514	10224	1
A_HP_18	37	Pulse	99	3196095	18805	1
A_HP_18	37	Pulse	99	3216175	38885	1
A_HP_18	38	Picture	response1	3227930	239	1	40229	1	0	40000	hit	201
A_HP_18	38	Response	2	3232074	4384	1
A_HP_18	38	Pulse	99	3236094	8404	1
A_HP_18	38	Pulse	99	3256095	28405	1
A_HP_18	38	Pulse	99	3276175	48485	1
A_HP_18	39	Picture	response7	3278222	132	1	40229	1	0	40000	hit	206
A_HP_18	39	Response	1	3282594	4504	1
A_HP_18	39	Pulse	99	3296095	18005	1
A_HP_18	39	Pulse	99	3316095	38005	1
A_HP_18	40	Picture	response5	3328847	357	1	40230	1	0	40000	hit	210
A_HP_18	40	Response	2	3332994	4504	1
A_HP_18	40	Pulse	99	3336094	7604	1
A_HP_18	40	Pulse	99	3356095	27605	1
A_HP_18	40	Pulse	99	3376095	47605	1
A_HP_18	41	Picture	response3	3379139	249	1	40229	1	0	40000	hit	215
A_HP_18	41	Response	1	3383124	4234	1
A_HP_18	41	Pulse	99	3396095	17205	1
A_HP_18	41	Pulse	99	3416095	37205	1
A_HP_18	42	Picture	response2	3429431	141	1	40230	1	0	40000	hit	219
A_HP_18	42	Response	2	3433434	4144	1
A_HP_18	42	Pulse	99	3436095	6805	1
A_HP_18	42	Pulse	99	3456095	26805	1
A_HP_18	42	Pulse	99	3476095	46805	1
A_HP_18	43	Picture	ins3	3479890	200	1	30230	1	0	30000	other	0
A_HP_18	43	Pulse	99	3496095	16405	1
A_HP_18	43	Pulse	99	3516095	36405	1
A_HP_18	43	Pulse	99	3536175	56485	1
A_HP_18	43	Pulse	99	3556095	76405	1
A_HP_18	43	Pulse	99	3576095	96405	1
A_HP_18	43	Pulse	99	3596095	116405	1
A_HP_18	43	Pulse	99	3616095	136405	1
A_HP_18	43	Pulse	99	3636095	156405	1
A_HP_18	43	Pulse	99	3656095	176405	1
A_HP_18	43	Pulse	99	3676095	196405	1
A_HP_18	43	Pulse	99	3696095	216405	1
A_HP_18	43	Pulse	99	3716095	236405	1
A_HP_18	43	Pulse	99	3736095	256405	1
A_HP_18	43	Pulse	99	3756095	276405	1
A_HP_18	43	Pulse	99	3776095	296405	1
A_HP_18	44	Response	3	3796095	6175	1
A_HP_18	44	Pulse	99	3796095	6175	1
A_HP_18	45	Picture	response22	3796721	230	1	40229	1	0	40000	hit	242
A_HP_18	45	Response	1	3801213	4723	1
A_HP_18	45	Pulse	99	3816095	19604	1
A_HP_18	45	Pulse	99	3836094	39604	1
A_HP_18	46	Picture	response24	3847179	289	1	40229	1	0	40000	hit	246
A_HP_18	46	Response	1	3850713	3823	1
A_HP_18	46	Pulse	99	3856094	9204	1
A_HP_18	46	Pulse	99	3876095	29205	1
A_HP_18	46	Pulse	99	3896095	49205	1
A_HP_18	47	Picture	response18	3897471	181	1	40229	1	0	40000	hit	251
A_HP_18	47	Response	2	3901694	4404	1
A_HP_18	47	Pulse	99	3916094	18805	1
A_HP_18	47	Pulse	99	3936095	38805	1
A_HP_18	48	Picture	response19	3947929	239	1	40229	1	0	40000	hit	255
A_HP_18	48	Response	2	3952904	5214	1
A_HP_18	48	Pulse	99	3956094	8404	1
A_HP_18	48	Pulse	99	3976095	28405	1
A_HP_18	48	Pulse	99	3996095	48405	1
A_HP_18	49	Picture	response20	3998220	131	1	40229	1	0	40000	hit	260
A_HP_18	49	Response	1	4003284	5194	1
A_HP_18	49	Pulse	99	4016095	18005	1
A_HP_18	49	Pulse	99	4036094	38005	1
A_HP_18	50	Picture	response17	4048845	355	1	40229	1	0	40000	hit	264
A_HP_18	50	Response	1	4054084	5594	1
A_HP_18	50	Pulse	99	4056095	7605	1
A_HP_18	50	Pulse	99	4076094	27605	1
A_HP_18	50	Pulse	99	4096095	47605	1
A_HP_18	51	Picture	response21	4099137	247	1	40230	1	0	40000	hit	269
A_HP_18	51	Response	2	4103054	4164	1
A_HP_18	51	Pulse	99	4116095	17205	1
A_HP_18	51	Pulse	99	4136095	37205	1
A_HP_18	52	Picture	response23	4149429	139	1	40229	1	0	40000	hit	273
A_HP_18	52	Response	1	4154264	4974	1
A_HP_18	52	Pulse	99	4156094	6804	1
A_HP_18	52	Pulse	99	4176095	26805	1
A_HP_18	52	Pulse	99	4196095	46805	1
A_HP_18	53	Picture	ins19	4199887	198	1	30230	1	0	30000	other	0
A_HP_18	53	Pulse	99	4216095	16405	1
A_HP_18	53	Pulse	99	4236094	36404	1
A_HP_18	53	Pulse	99	4256095	56405	1
A_HP_18	53	Pulse	99	4276094	76405	1
A_HP_18	53	Pulse	99	4296094	96405	1
A_HP_18	53	Pulse	99	4316095	116405	1
A_HP_18	53	Pulse	99	4336094	136405	1
A_HP_18	53	Pulse	99	4356095	156405	1
A_HP_18	53	Pulse	99	4376094	176405	1
A_HP_18	53	Pulse	99	4396095	196405	1
A_HP_18	53	Pulse	99	4416095	216405	1
A_HP_18	53	Pulse	99	4436094	236404	1
A_HP_18	53	Pulse	99	4456095	256405	1
A_HP_18	53	Pulse	99	4476095	276405	1
A_HP_18	53	Pulse	99	4496094	296405	1
A_HP_18	54	Response	3	4516094	6174	1
A_HP_18	54	Pulse	99	4516094	6174	1
A_HP_18	55	Picture	response151	4516720	230	1	40229	1	0	40000	hit	297
A_HP_18	55	Pulse	99	4536095	19605	1
A_HP_18	55	Response	1	4541973	25483	1
A_HP_18	55	Pulse	99	4556095	39605	1
A_HP_18	56	Picture	response149	4567179	289	1	40229	1	0	40000	hit	301
A_HP_18	56	Pulse	99	4576095	9205	1
A_HP_18	56	Response	2	4590473	23584	1
A_HP_18	56	Pulse	99	4596095	29205	1
A_HP_18	56	Pulse	99	4616095	49205	1
A_HP_18	57	Picture	response147	4617470	181	1	40229	1	0	40000	hit	305
A_HP_18	57	Response	2	4626683	9394	1
A_HP_18	57	Pulse	99	4636095	18805	1
A_HP_18	57	Pulse	99	4656095	38805	1
A_HP_18	58	Picture	response146	4667929	239	1	40229	1	0	40000	hit	310
A_HP_18	58	Pulse	99	4676095	8405	1
A_HP_18	58	Response	1	4678473	10783	1
A_HP_18	58	Pulse	99	4696095	28405	1
A_HP_18	58	Pulse	99	4716095	48405	1
A_HP_18	59	Picture	response145	4718221	131	1	40229	1	0	40000	hit	315
A_HP_18	59	Pulse	99	4736094	18005	1
A_HP_18	59	Response	2	4741653	23563	1
A_HP_18	59	Pulse	99	4756095	38005	1
A_HP_18	60	Picture	response150	4768846	356	1	40229	1	0	40000	hit	319
A_HP_18	60	Pulse	99	4776094	7605	1
A_HP_18	60	Response	2	4780362	11873	1
A_HP_18	60	Pulse	99	4796094	27605	1
A_HP_18	60	Pulse	99	4816095	47605	1
A_HP_18	61	Picture	response148	4819137	248	1	40229	1	0	40000	hit	323
A_HP_18	61	Response	1	4828063	9173	1
A_HP_18	61	Pulse	99	4836094	17205	1
A_HP_18	61	Pulse	99	4856094	37205	1
A_HP_18	62	Picture	response152	4869429	140	1	40230	1	0	40000	hit	328
A_HP_18	62	Pulse	99	4876094	6805	1
A_HP_18	62	Response	1	4877953	8664	1
A_HP_18	62	Pulse	99	4896095	26805	1
A_HP_18	62	Pulse	99	4916094	46805	1
A_HP_18	63	Picture	thanks	4919388	0	1	10230	1	0	10000	other	0
A_HP_18	63	Pulse	99	4936094	16706	1


Event Type	Code	Type	Response	RT	RT Uncertainty	Time	Uncertainty	Duration	Uncertainty	ReqTime	ReqDur

Picture	ready	other				536364	1	10229	1	0	10000
Picture	ins11	other				596925	1	30229	1	0	30000
Picture	response81	hit	2	9003	2	916722	1	40229	1	0	40000
Picture	response83	hit	2	6995	2	967180	1	40229	1	0	40000
Picture	response88	hit	2	7314	2	1017471	1	40229	1	0	40000
Picture	response87	hit	2	6726	2	1067929	1	40229	1	0	40000
Picture	response85	hit	1	6714	2	1118221	1	40229	1	0	40000
Picture	response84	hit	1	11478	2	1168846	1	40229	1	0	40000
Picture	response82	hit	1	8157	2	1219138	1	40230	1	0	40000
Picture	response86	hit	2	6985	2	1269429	1	40230	1	0	40000
Picture	ins9	other				1319888	1	30229	1	0	30000
Picture	response68	hit	2	9624	2	1636721	1	40230	1	0	40000
Picture	response66	hit	2	6506	2	1687179	1	40229	1	0	40000
Picture	response70	hit	2	5414	2	1737471	1	40231	1	0	40000
Picture	response71	hit	1	8613	2	1787930	1	40230	1	0	40000
Picture	response69	hit	1	21722	2	1838222	1	40229	1	0	40000
Picture	response65	hit	1	6637	2	1888847	1	40229	1	0	40000
Picture	response72	hit	1	7575	2	1939139	1	40229	1	0	40000
Picture	response67	hit	1	6842	2	1989432	1	40230	1	0	40000
Picture	ins17	other				2039890	1	30229	1	0	30000
Picture	response129	hit	2	8843	2	2356721	1	40229	1	0	40000
Picture	response131	hit	2	8124	2	2407180	1	40230	1	0	40000
Picture	response132	hit	1	26212	2	2457471	1	40230	1	0	40000
Picture	response134	hit	1	12264	2	2507930	1	40229	1	0	40000
Picture	response133	hit	1	15773	2	2558222	1	40229	1	0	40000
Picture	response130	hit	1	9657	2	2608847	1	40229	1	0	40000
Picture	response135	hit	2	9816	2	2659138	1	40230	1	0	40000
Picture	response136	hit	2	8283	2	2709430	1	40230	1	0	40000
Picture	ins1	other				2759889	1	30229	1	0	30000
Picture	response4	hit	2	5674	2	3076720	1	40229	1	0	40000
Picture	response8	hit	2	4855	2	3127179	1	40230	1	0	40000
Picture	response6	hit	1	10042	2	3177471	1	40230	1	0	40000
Picture	response1	hit	2	4144	2	3227930	1	40229	1	0	40000
Picture	response7	hit	1	4372	2	3278222	1	40229	1	0	40000
Picture	response5	hit	2	4147	2	3328847	1	40230	1	0	40000
Picture	response3	hit	1	3985	2	3379139	1	40229	1	0	40000
Picture	response2	hit	2	4003	2	3429431	1	40230	1	0	40000
Picture	ins3	other				3479890	1	30230	1	0	30000
Picture	response22	hit	1	4493	2	3796721	1	40229	1	0	40000
Picture	response24	hit	1	3534	2	3847179	1	40229	1	0	40000
Picture	response18	hit	2	4223	2	3897471	1	40229	1	0	40000
Picture	response19	hit	2	4975	2	3947929	1	40229	1	0	40000
Picture	response20	hit	1	5063	2	3998220	1	40229	1	0	40000
Picture	response17	hit	1	5239	2	4048845	1	40229	1	0	40000
Picture	response21	hit	2	3917	2	4099137	1	40230	1	0	40000
Picture	response23	hit	1	4834	2	4149429	1	40229	1	0	40000
Picture	ins19	other				4199887	1	30230	1	0	30000
Picture	response151	hit	1	25253	2	4516720	1	40229	1	0	40000
Picture	response149	hit	2	23295	2	4567179	1	40229	1	0	40000
Picture	response147	hit	2	9213	2	4617470	1	40229	1	0	40000
Picture	response146	hit	1	10544	2	4667929	1	40229	1	0	40000
Picture	response145	hit	2	23432	2	4718221	1	40229	1	0	40000
Picture	response150	hit	2	11517	2	4768846	1	40229	1	0	40000
Picture	response148	hit	1	8925	2	4819137	1	40229	1	0	40000
Picture	response152	hit	1	8524	2	4869429	1	40230	1	0	40000
Picture	thanks	other				4919388	1	10230	1	0	10000


{
   "app": "Presentation Version 21.0 Build 06.06.19",
   "device": "LENOVO 20KHCTO1WW",
   "experiment": "{C0C68DB1-10BA-42F2-8F79-3F2AFFEED4E4}",
   "os": "Windows 10 64 bit",
   "package": "",
   "parameters": {
      "configuration": "Default configuration"
   },
   "scenario": "Feature experiment(1).sce",
   "subject": "A_HP_18",
   "timestamp": "2019/10/18 00:02:25 GMT"
}
