Scenario - 
Logfile written - 09/26/2019 15:03:22

Subject	Trial	Event Type	Code	Time	TTime	Uncertainty	Duration	Uncertainty	ReqTime	ReqDur	Stim Type	Pair Index

A_HP_16	1	Response	3	486568	485236	1
A_HP_16	1	Pulse	99	486568	485236	1
A_HP_16	2	Picture	ready	486800	0	1	10229	1	0	10000	other	0
A_HP_16	2	Pulse	99	506568	19768	1
A_HP_16	2	Pulse	99	526568	39768	1
A_HP_16	2	Pulse	99	546569	59768	1
A_HP_16	3	Picture	ins11	547421	233	1	30229	1	0	30000	other	0
A_HP_16	3	Pulse	99	566568	19380	1
A_HP_16	3	Pulse	99	586568	39380	1
A_HP_16	3	Pulse	99	606568	59380	1
A_HP_16	3	Pulse	99	626568	79380	1
A_HP_16	3	Pulse	99	646568	99380	1
A_HP_16	3	Pulse	99	666568	119380	1
A_HP_16	3	Pulse	99	686568	139381	1
A_HP_16	3	Pulse	99	706568	159380	1
A_HP_16	3	Pulse	99	726568	179381	1
A_HP_16	3	Pulse	99	746569	199381	1
A_HP_16	3	Pulse	99	766569	219381	1
A_HP_16	3	Pulse	99	786569	239381	1
A_HP_16	3	Pulse	99	806569	259381	1
A_HP_16	3	Pulse	99	826569	279381	1
A_HP_16	3	Pulse	99	846569	299381	1
A_HP_16	4	Response	3	866569	9150	1
A_HP_16	4	Pulse	99	866569	9150	1
A_HP_16	5	Picture	response86	867222	234	1	40229	1	0	40000	hit	26
A_HP_16	5	Response	2	877107	10119	1
A_HP_16	5	Pulse	99	886569	19581	1
A_HP_16	5	Pulse	99	906569	39581	1
A_HP_16	6	Picture	response83	917514	125	1	40229	1	0	40000	hit	30
A_HP_16	6	Response	2	924127	6739	1
A_HP_16	6	Pulse	99	926568	9180	1
A_HP_16	6	Pulse	99	946568	29180	1
A_HP_16	6	Pulse	99	966569	49181	1
A_HP_16	7	Picture	response82	967972	184	1	40229	1	0	40000	hit	35
A_HP_16	7	Response	1	979307	11519	1
A_HP_16	7	Pulse	99	986569	18781	1
A_HP_16	7	Pulse	99	1006569	38781	1
A_HP_16	8	Picture	response85	1018430	242	1	40229	1	0	40000	hit	39
A_HP_16	8	Response	1	1025167	6980	1
A_HP_16	8	Pulse	99	1026568	8380	1
A_HP_16	8	Pulse	99	1046569	28381	1
A_HP_16	8	Pulse	99	1066569	48381	1
A_HP_16	9	Picture	response88	1068888	300	1	40229	1	0	40000	hit	44
A_HP_16	9	Response	2	1078197	9609	1
A_HP_16	9	Pulse	99	1086586	17998	1
A_HP_16	9	Pulse	99	1106569	37981	1
A_HP_16	10	Picture	response87	1119180	192	1	40229	1	0	40000	hit	48
A_HP_16	10	Response	2	1126197	7210	1
A_HP_16	10	Pulse	99	1126568	7581	1
A_HP_16	10	Pulse	99	1146569	27581	1
A_HP_16	10	Pulse	99	1166569	47582	1
A_HP_16	11	Picture	response84	1169471	83	1	40230	1	0	40000	hit	53
A_HP_16	11	Response	1	1181928	12540	1
A_HP_16	11	Pulse	99	1186569	17181	1
A_HP_16	11	Pulse	99	1206569	37181	1
A_HP_16	12	Picture	response81	1220096	308	1	40229	1	0	40000	hit	58
A_HP_16	12	Pulse	99	1226569	6781	1
A_HP_16	12	Response	2	1235608	15820	1
A_HP_16	12	Pulse	99	1246569	26781	1
A_HP_16	12	Pulse	99	1266569	46781	1
A_HP_16	13	Picture	ins1	1270387	199	1	30229	1	0	30000	other	0
A_HP_16	13	Pulse	99	1286569	16381	1
A_HP_16	13	Pulse	99	1306569	36382	1
A_HP_16	13	Pulse	99	1326570	56382	1
A_HP_16	13	Pulse	99	1346569	76381	1
A_HP_16	13	Pulse	99	1366569	96381	1
A_HP_16	13	Pulse	99	1386569	116382	1
A_HP_16	13	Pulse	99	1406569	136381	1
A_HP_16	13	Pulse	99	1426569	156382	1
A_HP_16	13	Pulse	99	1446569	176382	1
A_HP_16	13	Pulse	99	1466569	196381	1
A_HP_16	13	Pulse	99	1486569	216381	1
A_HP_16	13	Pulse	99	1506569	236382	1
A_HP_16	13	Pulse	99	1526569	256381	1
A_HP_16	13	Pulse	99	1546569	276381	1
A_HP_16	13	Pulse	99	1566569	296382	1
A_HP_16	14	Response	3	1586570	6152	1
A_HP_16	14	Pulse	99	1586570	6152	1
A_HP_16	15	Picture	response5	1587119	230	1	40229	1	0	40000	hit	80
A_HP_16	15	Response	2	1596858	9970	1
A_HP_16	15	Pulse	99	1606570	19681	1
A_HP_16	15	Pulse	99	1626570	39681	1
A_HP_16	16	Picture	response6	1637577	287	1	40229	1	0	40000	hit	85
A_HP_16	16	Pulse	99	1646570	9281	1
A_HP_16	16	Response	1	1646678	9389	1
A_HP_16	16	Pulse	99	1666570	29281	1
A_HP_16	16	Pulse	99	1686570	49281	1
A_HP_16	17	Picture	response3	1687868	179	1	40229	1	0	40000	hit	89
A_HP_16	17	Response	1	1694439	6749	1
A_HP_16	17	Pulse	99	1706570	18881	1
A_HP_16	17	Pulse	99	1726570	38881	1
A_HP_16	18	Picture	response7	1738326	236	1	40229	1	0	40000	hit	93
A_HP_16	18	Response	1	1743659	5569	1
A_HP_16	18	Pulse	99	1746569	8479	1
A_HP_16	18	Pulse	99	1766570	28480	1
A_HP_16	18	Pulse	99	1786570	48480	1
A_HP_16	19	Picture	response2	1788783	295	1	40229	1	0	40000	hit	98
A_HP_16	19	Response	2	1795428	6940	1
A_HP_16	19	Pulse	99	1806570	18081	1
A_HP_16	19	Pulse	99	1826570	38081	1
A_HP_16	20	Picture	response8	1839074	186	1	40229	1	0	40000	hit	102
A_HP_16	20	Response	2	1845069	6180	1
A_HP_16	20	Pulse	99	1846569	7680	1
A_HP_16	20	Pulse	99	1866570	27681	1
A_HP_16	20	Pulse	99	1886570	47681	1
A_HP_16	21	Picture	response4	1889532	243	1	40229	1	0	40000	hit	107
A_HP_16	21	Response	2	1894929	5640	1
A_HP_16	21	Pulse	99	1906570	17281	1
A_HP_16	21	Pulse	99	1926570	37281	1
A_HP_16	22	Picture	response1	1939823	134	1	40229	1	0	40000	hit	111
A_HP_16	22	Response	2	1945739	6049	1
A_HP_16	22	Pulse	99	1946569	6880	1
A_HP_16	22	Pulse	99	1966571	26881	1
A_HP_16	22	Pulse	99	1986570	46881	1
A_HP_16	23	Picture	ins17	1990448	358	1	30229	1	0	30000	other	0
A_HP_16	23	Pulse	99	2006490	16401	1
A_HP_16	23	Pulse	99	2026570	36481	1
A_HP_16	23	Pulse	99	2046571	56481	1
A_HP_16	23	Pulse	99	2066571	76481	1
A_HP_16	23	Pulse	99	2086571	96481	1
A_HP_16	23	Pulse	99	2106571	116482	1
A_HP_16	23	Pulse	99	2126571	136481	1
A_HP_16	23	Pulse	99	2146571	156481	1
A_HP_16	23	Pulse	99	2166571	176481	1
A_HP_16	23	Pulse	99	2186571	196481	1
A_HP_16	23	Pulse	99	2206571	216481	1
A_HP_16	23	Pulse	99	2226571	236481	1
A_HP_16	23	Pulse	99	2246571	256481	1
A_HP_16	23	Pulse	99	2266491	276401	1
A_HP_16	23	Pulse	99	2286570	296481	1
A_HP_16	24	Response	3	2306571	6250	1
A_HP_16	24	Pulse	99	2306571	6250	1
A_HP_16	25	Picture	response129	2307221	230	1	40230	1	0	40000	hit	134
A_HP_16	25	Response	2	2319859	12869	1
A_HP_16	25	Pulse	99	2326490	19500	1
A_HP_16	25	Pulse	99	2346571	39581	1
A_HP_16	26	Picture	response136	2357514	123	1	40230	1	0	40000	incorrect	139
A_HP_16	26	Pulse	99	2366571	9181	1
A_HP_16	26	Response	1	2379579	22189	1
A_HP_16	26	Pulse	99	2386571	29180	1
A_HP_16	26	Pulse	99	2406571	49181	1
A_HP_16	27	Picture	response131	2407972	182	1	40230	1	0	40000	hit	144
A_HP_16	27	Pulse	99	2426571	18781	1
A_HP_16	27	Response	2	2431670	23879	1
A_HP_16	27	Pulse	99	2446571	38781	1
A_HP_16	28	Picture	response133	2458431	241	1	40230	1	0	40000	hit	148
A_HP_16	28	Pulse	99	2466571	8381	1
A_HP_16	28	Response	1	2468199	10008	1
A_HP_16	28	Pulse	99	2486571	28381	1
A_HP_16	28	Pulse	99	2506571	48381	1
A_HP_16	29	Picture	response134	2508890	299	1	40229	1	0	40000	hit	152
A_HP_16	29	Response	1	2519220	10629	1
A_HP_16	29	Pulse	99	2526571	17981	1
A_HP_16	29	Pulse	99	2546571	37981	1
A_HP_16	30	Picture	response132	2559182	191	1	40229	1	0	40000	hit	157
A_HP_16	30	Pulse	99	2566571	7581	1
A_HP_16	30	Response	1	2586060	27069	1
A_HP_16	30	Pulse	99	2586490	27500	1
A_HP_16	30	Pulse	99	2606571	47581	1
A_HP_16	31	Picture	response135	2609474	83	1	40229	1	0	40000	hit	161
A_HP_16	31	Response	2	2622439	13049	1
A_HP_16	31	Pulse	99	2626570	17180	1
A_HP_16	31	Pulse	99	2646491	37100	1
A_HP_16	32	Picture	response130	2660099	308	1	40230	1	0	40000	hit	167
A_HP_16	32	Pulse	99	2666572	6781	1
A_HP_16	32	Pulse	99	2686571	26781	1
A_HP_16	32	Response	1	2687409	27618	1
A_HP_16	32	Pulse	99	2706492	46701	1
A_HP_16	33	Picture	ins9	2710390	200	1	30229	1	0	30000	other	0
A_HP_16	33	Pulse	99	2726572	16381	1
A_HP_16	33	Pulse	99	2746571	36381	1
A_HP_16	33	Pulse	99	2766572	56381	1
A_HP_16	33	Pulse	99	2786572	76381	1
A_HP_16	33	Pulse	99	2806571	96381	1
A_HP_16	33	Pulse	99	2826572	116381	1
A_HP_16	33	Pulse	99	2846571	136380	1
A_HP_16	33	Pulse	99	2866572	156381	1
A_HP_16	33	Pulse	99	2886572	176381	1
A_HP_16	33	Pulse	99	2906491	196301	1
A_HP_16	33	Pulse	99	2926572	216381	1
A_HP_16	33	Pulse	99	2946572	236381	1
A_HP_16	33	Pulse	99	2966491	256301	1
A_HP_16	33	Pulse	99	2986572	276381	1
A_HP_16	33	Pulse	99	3006572	296381	1
A_HP_16	34	Response	3	3026492	6071	1
A_HP_16	34	Pulse	99	3026492	6071	1
A_HP_16	35	Picture	response72	3027121	230	1	40229	1	0	40000	hit	188
A_HP_16	35	Response	1	3034900	8009	1
A_HP_16	35	Pulse	99	3046572	19680	1
A_HP_16	35	Pulse	99	3066572	39681	1
A_HP_16	36	Picture	response65	3077579	288	1	40229	1	0	40000	hit	193
A_HP_16	36	Pulse	99	3086572	9280	1
A_HP_16	36	Response	1	3087830	10538	1
A_HP_16	36	Pulse	99	3106572	29281	1
A_HP_16	36	Pulse	99	3126572	49280	1
A_HP_16	37	Picture	response66	3127870	179	1	40229	1	0	40000	hit	197
A_HP_16	37	Response	2	3135801	8109	1
A_HP_16	37	Pulse	99	3146572	18881	1
A_HP_16	37	Pulse	99	3166492	38800	1
A_HP_16	38	Picture	response68	3178328	237	1	40229	1	0	40000	hit	201
A_HP_16	38	Response	2	3186461	8369	1
A_HP_16	38	Pulse	99	3186571	8480	1
A_HP_16	38	Pulse	99	3206572	28480	1
A_HP_16	38	Pulse	99	3226492	48400	1
A_HP_16	39	Picture	response69	3228786	295	1	40229	1	0	40000	hit	206
A_HP_16	39	Response	1	3235361	6869	1
A_HP_16	39	Pulse	99	3246572	18081	1
A_HP_16	39	Pulse	99	3266572	38081	1
A_HP_16	40	Picture	response70	3279077	186	1	40229	1	0	40000	hit	211
A_HP_16	40	Pulse	99	3286492	7600	1
A_HP_16	40	Response	2	3291671	12779	1
A_HP_16	40	Pulse	99	3306572	27681	1
A_HP_16	40	Pulse	99	3326572	47681	1
A_HP_16	41	Picture	response67	3329535	243	1	40229	1	0	40000	hit	215
A_HP_16	41	Response	1	3345021	15729	1
A_HP_16	41	Pulse	99	3346491	17200	1
A_HP_16	41	Pulse	99	3366572	37281	1
A_HP_16	42	Picture	response71	3379827	135	1	40229	1	0	40000	hit	219
A_HP_16	42	Response	1	3386421	6729	1
A_HP_16	42	Pulse	99	3386572	6880	1
A_HP_16	42	Pulse	99	3406492	26800	1
A_HP_16	42	Pulse	99	3426572	46880	1
A_HP_16	43	Picture	ins3	3430451	359	1	30229	1	0	30000	other	0
A_HP_16	43	Pulse	99	3446572	16481	1
A_HP_16	43	Pulse	99	3466573	36481	1
A_HP_16	43	Pulse	99	3486492	56400	1
A_HP_16	43	Pulse	99	3506573	76481	1
A_HP_16	43	Pulse	99	3526572	96480	1
A_HP_16	43	Pulse	99	3546492	116400	1
A_HP_16	43	Pulse	99	3566572	136480	1
A_HP_16	43	Pulse	99	3586573	156481	1
A_HP_16	43	Pulse	99	3606491	176399	1
A_HP_16	43	Pulse	99	3626573	196481	1
A_HP_16	43	Pulse	99	3646573	216481	1
A_HP_16	43	Pulse	99	3666492	236400	1
A_HP_16	43	Pulse	99	3686573	256481	1
A_HP_16	43	Pulse	99	3706574	276482	1
A_HP_16	43	Pulse	99	3726492	296401	1
A_HP_16	44	Response	3	3746493	6170	1
A_HP_16	44	Pulse	99	3746493	6170	1
A_HP_16	45	Picture	response18	3747122	230	1	40229	1	0	40000	hit	242
A_HP_16	45	Response	2	3754481	7589	1
A_HP_16	45	Pulse	99	3766573	19681	1
A_HP_16	45	Pulse	99	3786573	39681	1
A_HP_16	46	Picture	response24	3797581	288	1	40229	1	0	40000	hit	246
A_HP_16	46	Response	1	3804672	7379	1
A_HP_16	46	Pulse	99	3806492	9199	1
A_HP_16	46	Pulse	99	3826574	29281	1
A_HP_16	46	Pulse	99	3846574	49281	1
A_HP_16	47	Picture	response19	3847872	180	1	40229	1	0	40000	hit	251
A_HP_16	47	Response	2	3854852	7159	1
A_HP_16	47	Pulse	99	3866493	18800	1
A_HP_16	47	Pulse	99	3886573	38881	1
A_HP_16	48	Picture	response23	3898331	238	1	40229	1	0	40000	hit	255
A_HP_16	48	Response	1	3904652	6559	1
A_HP_16	48	Pulse	99	3906572	8480	1
A_HP_16	48	Pulse	99	3926493	28401	1
A_HP_16	48	Pulse	99	3946573	48481	1
A_HP_16	49	Picture	response22	3948789	296	1	40230	1	0	40000	hit	260
A_HP_16	49	Response	1	3953832	5340	1
A_HP_16	49	Pulse	99	3966574	18081	1
A_HP_16	49	Pulse	99	3986493	38000	1
A_HP_16	50	Picture	response17	3999081	189	1	40229	1	0	40000	hit	264
A_HP_16	50	Response	1	4004002	5109	1
A_HP_16	50	Pulse	99	4006572	7680	1
A_HP_16	50	Pulse	99	4026573	27681	1
A_HP_16	50	Pulse	99	4046493	47600	1
A_HP_16	51	Picture	response21	4049540	247	1	40230	1	0	40000	hit	269
A_HP_16	51	Response	2	4055732	6439	1
A_HP_16	51	Pulse	99	4066493	17200	1
A_HP_16	51	Pulse	99	4086574	37281	1
A_HP_16	52	Picture	response20	4099832	139	1	40229	1	0	40000	hit	274
A_HP_16	52	Pulse	99	4106493	6800	1
A_HP_16	52	Response	1	4106771	7078	1
A_HP_16	52	Pulse	99	4126493	26800	1
A_HP_16	52	Pulse	99	4146573	46880	1
A_HP_16	53	Picture	ins19	4150457	364	1	30229	1	0	30000	other	0
A_HP_16	53	Pulse	99	4166574	16481	1
A_HP_16	53	Pulse	99	4186493	36400	1
A_HP_16	53	Pulse	99	4206574	56481	1
A_HP_16	53	Pulse	99	4226574	76481	1
A_HP_16	53	Pulse	99	4246493	96400	1
A_HP_16	53	Pulse	99	4266574	116481	1
A_HP_16	53	Pulse	99	4286574	136481	1
A_HP_16	53	Pulse	99	4306494	156401	1
A_HP_16	53	Pulse	99	4326494	176401	1
A_HP_16	53	Pulse	99	4346574	196481	1
A_HP_16	53	Pulse	99	4366494	216401	1
A_HP_16	53	Pulse	99	4386494	236401	1
A_HP_16	53	Pulse	99	4406574	256481	1
A_HP_16	53	Pulse	99	4426494	276401	1
A_HP_16	53	Pulse	99	4446494	296401	1
A_HP_16	54	Response	3	4466574	6251	1
A_HP_16	54	Pulse	99	4466574	6251	1
A_HP_16	55	Picture	response148	4467223	230	1	40229	1	0	40000	hit	296
A_HP_16	55	Response	1	4477565	10572	1
A_HP_16	55	Pulse	99	4486574	19581	1
A_HP_16	55	Pulse	99	4506494	39501	1
A_HP_16	56	Picture	response150	4517514	120	1	40229	1	0	40000	hit	301
A_HP_16	56	Pulse	99	4526574	9181	1
A_HP_16	56	Response	2	4529822	12428	1
A_HP_16	56	Pulse	99	4546574	29180	1
A_HP_16	56	Pulse	99	4566494	49100	1
A_HP_16	57	Picture	response152	4567971	179	1	40229	1	0	40000	hit	305
A_HP_16	57	Response	1	4580933	13140	1
A_HP_16	57	Pulse	99	4586574	18781	1
A_HP_16	57	Pulse	99	4606574	38781	1
A_HP_16	58	Picture	response145	4618429	236	1	40229	1	0	40000	hit	310
A_HP_16	58	Pulse	99	4626494	8300	1
A_HP_16	58	Response	2	4632832	14639	1
A_HP_16	58	Pulse	99	4646494	28300	1
A_HP_16	58	Pulse	99	4666574	48381	1
A_HP_16	59	Picture	response151	4668887	293	1	40229	1	0	40000	hit	314
A_HP_16	59	Response	1	4680213	11619	1
A_HP_16	59	Pulse	99	4686494	17900	1
A_HP_16	59	Pulse	99	4706494	37901	1
A_HP_16	60	Picture	response149	4719178	184	1	40229	1	0	40000	hit	319
A_HP_16	60	Pulse	99	4726574	7580	1
A_HP_16	60	Response	2	4737313	18319	1
A_HP_16	60	Pulse	99	4746494	27500	1
A_HP_16	60	Pulse	99	4766494	47500	1
A_HP_16	61	Picture	response146	4769469	76	1	40229	1	0	40000	hit	323
A_HP_16	61	Response	1	4778183	8789	1
A_HP_16	61	Pulse	99	4786574	17180	1
A_HP_16	61	Pulse	99	4806494	37100	1
A_HP_16	62	Picture	response147	4820094	300	1	40229	1	0	40000	hit	328
A_HP_16	62	Pulse	99	4826494	6700	1
A_HP_16	62	Response	2	4834513	14719	1
A_HP_16	62	Pulse	99	4846574	26780	1
A_HP_16	62	Pulse	99	4866574	46780	1
A_HP_16	63	Picture	thanks	4870052	0	1	10229	1	0	10000	other	0
A_HP_16	63	Pulse	99	4886494	16442	1


Event Type	Code	Type	Response	RT	RT Uncertainty	Time	Uncertainty	Duration	Uncertainty	ReqTime	ReqDur

Picture	ready	other				486800	1	10229	1	0	10000
Picture	ins11	other				547421	1	30229	1	0	30000
Picture	response86	hit	2	9886	2	867222	1	40229	1	0	40000
Picture	response83	hit	2	6614	2	917514	1	40229	1	0	40000
Picture	response82	hit	1	11336	2	967972	1	40229	1	0	40000
Picture	response85	hit	1	6738	2	1018430	1	40229	1	0	40000
Picture	response88	hit	2	9309	2	1068888	1	40229	1	0	40000
Picture	response87	hit	2	7018	2	1119180	1	40229	1	0	40000
Picture	response84	hit	1	12456	2	1169471	1	40230	1	0	40000
Picture	response81	hit	2	15511	2	1220096	1	40229	1	0	40000
Picture	ins1	other				1270387	1	30229	1	0	30000
Picture	response5	hit	2	9740	2	1587119	1	40229	1	0	40000
Picture	response6	hit	1	9101	2	1637577	1	40229	1	0	40000
Picture	response3	hit	1	6570	2	1687868	1	40229	1	0	40000
Picture	response7	hit	1	5333	2	1738326	1	40229	1	0	40000
Picture	response2	hit	2	6645	2	1788783	1	40229	1	0	40000
Picture	response8	hit	2	5994	2	1839074	1	40229	1	0	40000
Picture	response4	hit	2	5396	2	1889532	1	40229	1	0	40000
Picture	response1	hit	2	5916	2	1939823	1	40229	1	0	40000
Picture	ins17	other				1990448	1	30229	1	0	30000
Picture	response129	hit	2	12639	2	2307221	1	40230	1	0	40000
Picture	response136	incorrect	1	22066	2	2357514	1	40230	1	0	40000
Picture	response131	hit	2	23697	2	2407972	1	40230	1	0	40000
Picture	response133	hit	1	9767	2	2458431	1	40230	1	0	40000
Picture	response134	hit	1	10330	2	2508890	1	40229	1	0	40000
Picture	response132	hit	1	26878	2	2559182	1	40229	1	0	40000
Picture	response135	hit	2	12966	2	2609474	1	40229	1	0	40000
Picture	response130	hit	1	27311	2	2660099	1	40230	1	0	40000
Picture	ins9	other				2710390	1	30229	1	0	30000
Picture	response72	hit	1	7779	2	3027121	1	40229	1	0	40000
Picture	response65	hit	1	10251	2	3077579	1	40229	1	0	40000
Picture	response66	hit	2	7930	2	3127870	1	40229	1	0	40000
Picture	response68	hit	2	8132	2	3178328	1	40229	1	0	40000
Picture	response69	hit	1	6575	2	3228786	1	40229	1	0	40000
Picture	response70	hit	2	12593	2	3279077	1	40229	1	0	40000
Picture	response67	hit	1	15486	2	3329535	1	40229	1	0	40000
Picture	response71	hit	1	6594	2	3379827	1	40229	1	0	40000
Picture	ins3	other				3430451	1	30229	1	0	30000
Picture	response18	hit	2	7359	2	3747122	1	40229	1	0	40000
Picture	response24	hit	1	7091	2	3797581	1	40229	1	0	40000
Picture	response19	hit	2	6979	2	3847872	1	40229	1	0	40000
Picture	response23	hit	1	6321	2	3898331	1	40229	1	0	40000
Picture	response22	hit	1	5043	2	3948789	1	40230	1	0	40000
Picture	response17	hit	1	4921	2	3999081	1	40229	1	0	40000
Picture	response21	hit	2	6192	2	4049540	1	40230	1	0	40000
Picture	response20	hit	1	6940	2	4099832	1	40229	1	0	40000
Picture	ins19	other				4150457	1	30229	1	0	30000
Picture	response148	hit	1	10342	2	4467223	1	40229	1	0	40000
Picture	response150	hit	2	12308	2	4517514	1	40229	1	0	40000
Picture	response152	hit	1	12961	2	4567971	1	40229	1	0	40000
Picture	response145	hit	2	14403	2	4618429	1	40229	1	0	40000
Picture	response151	hit	1	11326	2	4668887	1	40229	1	0	40000
Picture	response149	hit	2	18135	2	4719178	1	40229	1	0	40000
Picture	response146	hit	1	8713	2	4769469	1	40229	1	0	40000
Picture	response147	hit	2	14419	2	4820094	1	40229	1	0	40000
Picture	thanks	other				4870052	1	10229	1	0	10000


{
   "app": "Presentation Version 21.0 Build 06.06.19",
   "device": "LENOVO 20KHCTO1WW",
   "experiment": "{C0C68DB1-10BA-42F2-8F79-3F2AFFEED4E4}",
   "os": "Windows 10 64 bit",
   "package": "",
   "parameters": {
      "configuration": "Default configuration"
   },
   "scenario": "Feature experiment(1).sce",
   "subject": "A_HP_16",
   "timestamp": "2019/09/26 05:55:04 GMT"
}
