Scenario - 
Logfile written - 12/20/2019 12:15:22

Subject	Trial	Event Type	Code	Time	TTime	Uncertainty	Duration	Uncertainty	ReqTime	ReqDur	Stim Type	Pair Index

A_HP_40	1	Response	2	468653	467487	1
A_HP_40	1	Response	3	549684	548519	1
A_HP_40	1	Pulse	99	549684	548519	1
A_HP_40	2	Picture	ready	549751	0	1	10162	1	0	10000	other	0
A_HP_40	2	Pulse	99	569684	19933	1
A_HP_40	2	Pulse	99	589684	39933	1
A_HP_40	2	Pulse	99	609684	59933	1
A_HP_40	3	Picture	ins11	610224	52	1	30153	1	0	30000	other	0
A_HP_40	3	Pulse	99	629684	19512	1
A_HP_40	3	Pulse	99	649684	39512	1
A_HP_40	3	Pulse	99	669684	59512	1
A_HP_40	3	Pulse	99	689684	79512	1
A_HP_40	3	Pulse	99	709684	99512	1
A_HP_40	3	Pulse	99	729684	119512	1
A_HP_40	3	Pulse	99	749685	139513	1
A_HP_40	3	Pulse	99	769685	159512	1
A_HP_40	3	Pulse	99	789684	179512	1
A_HP_40	3	Pulse	99	809685	199512	1
A_HP_40	3	Pulse	99	829684	219512	1
A_HP_40	3	Pulse	99	849684	239512	1
A_HP_40	3	Pulse	99	869684	259512	1
A_HP_40	3	Pulse	99	889684	279512	1
A_HP_40	3	Pulse	99	909685	299513	1
A_HP_40	4	Response	3	929684	9434	1
A_HP_40	4	Pulse	99	929684	9434	1
A_HP_40	5	Picture	response84	930246	173	1	40149	1	0	40000	hit	27
A_HP_40	5	Response	1	945074	15001	1
A_HP_40	5	Pulse	99	949684	19612	1
A_HP_40	5	Pulse	99	969684	39612	1
A_HP_40	6	Picture	response82	980556	84	1	40149	1	0	40000	hit	32
A_HP_40	6	Pulse	99	989684	9212	1
A_HP_40	6	Response	1	999253	18781	1
A_HP_40	6	Pulse	99	1009685	29212	1
A_HP_40	6	Pulse	99	1029684	49212	1
A_HP_40	7	Picture	response86	1031033	161	1	40149	1	0	40000	hit	36
A_HP_40	7	Response	2	1044093	13221	1
A_HP_40	7	Pulse	99	1049684	18812	1
A_HP_40	7	Pulse	99	1069685	38813	1
A_HP_40	8	Picture	response81	1081344	72	1	40148	1	0	40000	hit	41
A_HP_40	8	Pulse	99	1089685	8412	1
A_HP_40	8	Response	2	1106973	25701	1
A_HP_40	8	Pulse	99	1109685	28412	1
A_HP_40	8	Pulse	99	1129685	48412	1
A_HP_40	9	Picture	response85	1131821	149	1	40149	1	0	40000	hit	45
A_HP_40	9	Response	1	1141453	9781	1
A_HP_40	9	Pulse	99	1149685	18012	1
A_HP_40	9	Pulse	99	1169685	38012	1
A_HP_40	10	Picture	response83	1182132	59	1	40148	1	0	40000	hit	50
A_HP_40	10	Pulse	99	1189684	7612	1
A_HP_40	10	Response	2	1198343	16271	1
A_HP_40	10	Pulse	99	1209684	27612	1
A_HP_40	10	Pulse	99	1229685	47612	1
A_HP_40	11	Picture	response87	1232609	136	1	40149	1	0	40000	hit	54
A_HP_40	11	Response	2	1240493	8021	1
A_HP_40	11	Pulse	99	1249685	17212	1
A_HP_40	11	Pulse	99	1269685	37212	1
A_HP_40	12	Picture	response88	1282919	47	1	40149	1	0	40000	hit	60
A_HP_40	12	Pulse	99	1289685	6812	1
A_HP_40	12	Pulse	99	1309685	26812	1
A_HP_40	12	Response	2	1310323	27450	1
A_HP_40	12	Pulse	99	1329685	46812	1
A_HP_40	13	Picture	ins17	1333397	124	1	30153	1	0	30000	other	0
A_HP_40	13	Pulse	99	1349685	16412	1
A_HP_40	13	Pulse	99	1369685	36412	1
A_HP_40	13	Pulse	99	1389685	56412	1
A_HP_40	13	Pulse	99	1409685	76412	1
A_HP_40	13	Pulse	99	1429685	96412	1
A_HP_40	13	Pulse	99	1449685	116412	1
A_HP_40	13	Pulse	99	1469685	136412	1
A_HP_40	13	Pulse	99	1489685	156412	1
A_HP_40	13	Pulse	99	1509685	176412	1
A_HP_40	13	Pulse	99	1529685	196412	1
A_HP_40	13	Pulse	99	1549685	216412	1
A_HP_40	13	Pulse	99	1569685	236412	1
A_HP_40	13	Pulse	99	1589686	256413	1
A_HP_40	13	Pulse	99	1609685	276412	1
A_HP_40	13	Pulse	99	1629685	296412	1
A_HP_40	14	Response	3	1649685	6262	1
A_HP_40	14	Pulse	99	1649685	6262	1
A_HP_40	15	Picture	response130	1650253	180	1	40148	1	0	40000	hit	82
A_HP_40	15	Pulse	99	1669685	19612	1
A_HP_40	15	Response	1	1672023	21951	1
A_HP_40	15	Pulse	99	1689685	39612	1
A_HP_40	16	Picture	response132	1700563	91	1	40149	1	0	40000	hit	86
A_HP_40	16	Pulse	99	1709685	9212	1
A_HP_40	16	Response	1	1720404	19931	1
A_HP_40	16	Pulse	99	1729685	29212	1
A_HP_40	16	Pulse	99	1749685	49212	1
A_HP_40	17	Picture	response136	1751041	168	1	40149	1	0	40000	hit	91
A_HP_40	17	Pulse	99	1769685	18812	1
A_HP_40	17	Response	2	1775244	24371	1
A_HP_40	17	Pulse	99	1789685	38812	1
A_HP_40	18	Picture	response134	1801351	79	1	40148	1	0	40000	hit	95
A_HP_40	18	Pulse	99	1809685	8412	1
A_HP_40	18	Response	1	1822214	20941	1
A_HP_40	18	Pulse	99	1829685	28412	1
A_HP_40	18	Pulse	99	1849686	48413	1
A_HP_40	19	Picture	response135	1851829	156	1	40149	1	0	40000	hit	100
A_HP_40	19	Pulse	99	1869685	18012	1
A_HP_40	19	Response	2	1875653	23980	1
A_HP_40	19	Pulse	99	1889685	38012	1
A_HP_40	20	Picture	response131	1902139	66	1	40148	1	0	40000	hit	104
A_HP_40	20	Pulse	99	1909685	7612	1
A_HP_40	20	Response	2	1913924	11851	1
A_HP_40	20	Pulse	99	1929685	27612	1
A_HP_40	20	Pulse	99	1949685	47612	1
A_HP_40	21	Picture	response129	1952616	143	1	40149	1	0	40000	hit	109
A_HP_40	21	Pulse	99	1969685	17212	1
A_HP_40	21	Response	2	1972714	20241	1
A_HP_40	21	Pulse	99	1989685	37212	1
A_HP_40	22	Picture	response133	2002927	54	1	40148	1	0	40000	hit	113
A_HP_40	22	Pulse	99	2009685	6812	1
A_HP_40	22	Response	1	2010403	7530	1
A_HP_40	22	Pulse	99	2029685	26812	1
A_HP_40	22	Pulse	99	2049685	46812	1
A_HP_40	23	Picture	ins19	2053404	131	1	30153	1	0	30000	other	0
A_HP_40	23	Pulse	99	2069685	16412	1
A_HP_40	23	Pulse	99	2089685	36412	1
A_HP_40	23	Pulse	99	2109685	56412	1
A_HP_40	23	Pulse	99	2129685	76412	1
A_HP_40	23	Pulse	99	2149685	96412	1
A_HP_40	23	Pulse	99	2169685	116412	1
A_HP_40	23	Pulse	99	2189685	136412	1
A_HP_40	23	Pulse	99	2209685	156412	1
A_HP_40	23	Pulse	99	2229685	176412	1
A_HP_40	23	Pulse	99	2249685	196412	1
A_HP_40	23	Pulse	99	2269685	216412	1
A_HP_40	23	Pulse	99	2289605	236332	1
A_HP_40	23	Pulse	99	2309685	256412	1
A_HP_40	23	Pulse	99	2329686	276413	1
A_HP_40	23	Pulse	99	2349605	296332	1
A_HP_40	24	Response	3	2369685	6255	1
A_HP_40	24	Pulse	99	2369685	6255	1
A_HP_40	25	Picture	response145	2370261	188	1	40148	1	0	40000	hit	135
A_HP_40	25	Response	2	2388504	18431	1
A_HP_40	25	Pulse	99	2389685	19612	1
A_HP_40	25	Pulse	99	2409605	39532	1
A_HP_40	26	Picture	response151	2420571	98	1	40149	1	0	40000	hit	140
A_HP_40	26	Pulse	99	2429686	9213	1
A_HP_40	26	Response	1	2434334	13861	1
A_HP_40	26	Pulse	99	2449685	29212	1
A_HP_40	26	Pulse	99	2469605	49132	1
A_HP_40	27	Picture	response146	2471048	175	1	40148	1	0	40000	hit	145
A_HP_40	27	Pulse	99	2489685	18812	1
A_HP_40	27	Response	1	2496654	25781	1
A_HP_40	27	Pulse	99	2509685	38812	1
A_HP_40	28	Picture	response150	2521359	86	1	40148	1	0	40000	hit	149
A_HP_40	28	Pulse	99	2529605	8332	1
A_HP_40	28	Response	2	2535494	14221	1
A_HP_40	28	Pulse	99	2549685	28412	1
A_HP_40	28	Pulse	99	2569685	48412	1
A_HP_40	29	Picture	response152	2571836	163	1	40149	1	0	40000	hit	153
A_HP_40	29	Response	1	2588204	16531	1
A_HP_40	29	Pulse	99	2589685	18012	1
A_HP_40	29	Pulse	99	2609685	38012	1
A_HP_40	30	Picture	response147	2622147	74	1	40148	1	0	40000	hit	158
A_HP_40	30	Pulse	99	2629685	7612	1
A_HP_40	30	Response	2	2642544	20471	1
A_HP_40	30	Pulse	99	2649685	27612	1
A_HP_40	30	Pulse	99	2669685	47612	1
A_HP_40	31	Picture	response148	2672624	151	1	40149	1	0	40000	hit	162
A_HP_40	31	Response	1	2687144	14671	1
A_HP_40	31	Pulse	99	2689685	17212	1
A_HP_40	31	Pulse	99	2709685	37212	1
A_HP_40	32	Picture	response149	2722935	61	1	40148	1	0	40000	hit	167
A_HP_40	32	Pulse	99	2729686	6812	1
A_HP_40	32	Response	2	2744974	22101	1
A_HP_40	32	Pulse	99	2749685	26812	1
A_HP_40	32	Pulse	99	2769685	46812	1
A_HP_40	33	Picture	ins3	2773412	138	1	30153	1	0	30000	other	0
A_HP_40	33	Pulse	99	2789685	16412	1
A_HP_40	33	Pulse	99	2809686	36412	1
A_HP_40	33	Pulse	99	2829686	56412	1
A_HP_40	33	Pulse	99	2849686	76412	1
A_HP_40	33	Pulse	99	2869686	96412	1
A_HP_40	33	Pulse	99	2889686	116412	1
A_HP_40	33	Pulse	99	2909606	136332	1
A_HP_40	33	Pulse	99	2929686	156412	1
A_HP_40	33	Pulse	99	2949685	176412	1
A_HP_40	33	Pulse	99	2969606	196332	1
A_HP_40	33	Pulse	99	2989685	216412	1
A_HP_40	33	Pulse	99	3009686	236413	1
A_HP_40	33	Pulse	99	3029606	256333	1
A_HP_40	33	Pulse	99	3049686	276412	1
A_HP_40	33	Pulse	99	3069686	296413	1
A_HP_40	34	Response	3	3089606	6168	1
A_HP_40	34	Pulse	99	3089606	6168	1
A_HP_40	35	Picture	response17	3090102	128	1	40149	1	0	40000	hit	189
A_HP_40	35	Response	1	3100544	10571	1
A_HP_40	35	Pulse	99	3109685	19712	1
A_HP_40	35	Pulse	99	3129686	39712	1
A_HP_40	36	Picture	response22	3140412	39	1	40148	1	0	40000	hit	194
A_HP_40	36	Pulse	99	3149606	9232	1
A_HP_40	36	Response	1	3154045	13672	1
A_HP_40	36	Pulse	99	3169686	29312	1
A_HP_40	36	Pulse	99	3189686	49313	1
A_HP_40	37	Picture	response19	3190889	116	1	40148	1	0	40000	hit	198
A_HP_40	37	Response	2	3201296	10522	1
A_HP_40	37	Pulse	99	3209606	18832	1
A_HP_40	37	Pulse	99	3229686	38912	1
A_HP_40	38	Picture	response21	3241367	193	1	40149	1	0	40000	hit	203
A_HP_40	38	Pulse	99	3249686	8512	1
A_HP_40	38	Response	2	3261254	20080	1
A_HP_40	38	Pulse	99	3269606	28432	1
A_HP_40	38	Pulse	99	3289686	48512	1
A_HP_40	39	Picture	response24	3291677	104	1	40148	1	0	40000	hit	207
A_HP_40	39	Response	1	3304725	13151	1
A_HP_40	39	Pulse	99	3309686	18112	1
A_HP_40	39	Pulse	99	3329606	38033	1
A_HP_40	40	Picture	response23	3342154	181	1	40148	1	0	40000	hit	212
A_HP_40	40	Pulse	99	3349686	7712	1
A_HP_40	40	Response	1	3365135	23161	1
A_HP_40	40	Pulse	99	3369686	27712	1
A_HP_40	40	Pulse	99	3389606	47632	1
A_HP_40	41	Picture	response18	3392465	91	1	40149	1	0	40000	hit	216
A_HP_40	41	Response	2	3405374	13000	1
A_HP_40	41	Pulse	99	3409686	17312	1
A_HP_40	41	Pulse	99	3429686	37312	1
A_HP_40	42	Picture	response20	3442942	168	1	40149	1	0	40000	hit	221
A_HP_40	42	Pulse	99	3449606	6832	1
A_HP_40	42	Response	1	3450614	7840	1
A_HP_40	42	Pulse	99	3469686	26912	1
A_HP_40	42	Pulse	99	3489686	46912	1
A_HP_40	43	Picture	ins1	3493253	79	1	30153	1	0	30000	other	0
A_HP_40	43	Pulse	99	3509606	16432	1
A_HP_40	43	Pulse	99	3529606	36432	1
A_HP_40	43	Pulse	99	3549686	56512	1
A_HP_40	43	Pulse	99	3569606	76432	1
A_HP_40	43	Pulse	99	3589606	96432	1
A_HP_40	43	Pulse	99	3609686	116512	1
A_HP_40	43	Pulse	99	3629606	136432	1
A_HP_40	43	Pulse	99	3649606	156432	1
A_HP_40	43	Pulse	99	3669686	176512	1
A_HP_40	43	Pulse	99	3689606	196432	1
A_HP_40	43	Pulse	99	3709606	216432	1
A_HP_40	43	Pulse	99	3729686	236512	1
A_HP_40	43	Pulse	99	3749606	256432	1
A_HP_40	43	Pulse	99	3769606	276432	1
A_HP_40	43	Pulse	99	3789686	296512	1
A_HP_40	44	Response	3	3809606	6327	1
A_HP_40	44	Pulse	99	3809606	6327	1
A_HP_40	45	Picture	response4	3810109	135	1	40149	1	0	40000	hit	243
A_HP_40	45	Response	2	3823835	13861	1
A_HP_40	45	Pulse	99	3829606	19632	1
A_HP_40	45	Pulse	99	3849686	39713	1
A_HP_40	46	Picture	response2	3860420	46	1	40149	1	0	40000	hit	248
A_HP_40	46	Pulse	99	3869606	9232	1
A_HP_40	46	Response	2	3876125	15751	1
A_HP_40	46	Pulse	99	3889606	29232	1
A_HP_40	46	Pulse	99	3909686	49312	1
A_HP_40	47	Picture	response6	3910897	123	1	40149	1	0	40000	hit	252
A_HP_40	47	Response	1	3923315	12541	1
A_HP_40	47	Pulse	99	3929606	18832	1
A_HP_40	47	Pulse	99	3949606	38832	1
A_HP_40	48	Picture	response5	3961208	34	1	40148	1	0	40000	hit	257
A_HP_40	48	Pulse	99	3969686	8512	1
A_HP_40	48	Response	2	3982295	21121	1
A_HP_40	48	Pulse	99	3989606	28432	1
A_HP_40	48	Pulse	99	4009606	48432	1
A_HP_40	49	Picture	response3	4011685	111	1	40149	1	0	40000	miss	0
A_HP_40	49	Pulse	99	4029686	18112	1
A_HP_40	49	Pulse	99	4049687	38113	1
A_HP_40	50	Picture	response8	4062162	188	1	40148	1	0	40000	hit	265
A_HP_40	50	Pulse	99	4069606	7632	1
A_HP_40	50	Response	2	4086485	24511	1
A_HP_40	50	Pulse	99	4089686	27712	1
A_HP_40	50	Pulse	99	4109686	47712	1
A_HP_40	51	Picture	response1	4112472	98	1	40149	1	0	40000	hit	269
A_HP_40	51	Response	2	4127735	15361	1
A_HP_40	51	Pulse	99	4129606	17232	1
A_HP_40	51	Pulse	99	4149606	37232	1
A_HP_40	52	Picture	response7	4162950	176	1	40148	1	0	40000	hit	274
A_HP_40	52	Pulse	99	4169686	6912	1
A_HP_40	52	Response	1	4180515	17741	1
A_HP_40	52	Pulse	99	4189606	26832	1
A_HP_40	52	Pulse	99	4209606	46832	1
A_HP_40	53	Picture	ins9	4213260	86	1	30153	1	0	30000	other	0
A_HP_40	53	Pulse	99	4229686	16512	1
A_HP_40	53	Pulse	99	4249606	36432	1
A_HP_40	53	Pulse	99	4269606	56432	1
A_HP_40	53	Pulse	99	4289686	76512	1
A_HP_40	53	Pulse	99	4309606	96432	1
A_HP_40	53	Pulse	99	4329607	116432	1
A_HP_40	53	Pulse	99	4349686	136512	1
A_HP_40	53	Pulse	99	4369606	156432	1
A_HP_40	53	Pulse	99	4389606	176432	1
A_HP_40	53	Pulse	99	4409687	196512	1
A_HP_40	53	Pulse	99	4429606	216432	1
A_HP_40	53	Pulse	99	4449607	236432	1
A_HP_40	53	Pulse	99	4469686	256512	1
A_HP_40	53	Pulse	99	4489606	276432	1
A_HP_40	53	Pulse	99	4509607	296432	1
A_HP_40	54	Response	3	4529687	6400	1
A_HP_40	54	Pulse	99	4529687	6400	1
A_HP_40	55	Picture	response69	4530117	43	1	40148	1	0	40000	hit	296
A_HP_40	55	Response	1	4543565	13491	1
A_HP_40	55	Pulse	99	4549606	19532	1
A_HP_40	55	Pulse	99	4569606	39532	1
A_HP_40	56	Picture	response70	4580594	120	1	40149	1	0	40000	hit	301
A_HP_40	56	Pulse	99	4589686	9212	1
A_HP_40	56	Response	2	4596005	15531	1
A_HP_40	56	Pulse	99	4609607	29132	1
A_HP_40	56	Pulse	99	4629607	49132	1
A_HP_40	57	Picture	response71	4631071	197	1	40149	1	0	40000	hit	305
A_HP_40	57	Response	1	4647756	16881	1
A_HP_40	57	Pulse	99	4649686	18812	1
A_HP_40	57	Pulse	99	4669607	38732	1
A_HP_40	58	Picture	response66	4681382	108	1	40148	1	0	40000	hit	310
A_HP_40	58	Pulse	99	4689607	8332	1
A_HP_40	58	Response	2	4701175	19901	1
A_HP_40	58	Pulse	99	4709607	28332	1
A_HP_40	58	Pulse	99	4729607	48332	1
A_HP_40	59	Picture	response68	4731859	185	1	40148	1	0	40000	hit	315
A_HP_40	59	Pulse	99	4749607	17932	1
A_HP_40	59	Response	2	4750665	18990	1
A_HP_40	59	Pulse	99	4769607	37933	1
A_HP_40	60	Picture	response67	4782170	95	1	40148	1	0	40000	hit	319
A_HP_40	60	Pulse	99	4789607	7532	1
A_HP_40	60	Response	1	4790575	8501	1
A_HP_40	60	Pulse	99	4809607	27532	1
A_HP_40	60	Pulse	99	4829606	47532	1
A_HP_40	61	Picture	response72	4832647	172	1	40149	1	0	40000	hit	323
A_HP_40	61	Response	1	4843836	11361	1
A_HP_40	61	Pulse	99	4849607	17132	1
A_HP_40	61	Pulse	99	4869607	37132	1
A_HP_40	62	Picture	response65	4882957	83	1	40148	1	0	40000	hit	328
A_HP_40	62	Pulse	99	4889607	6732	1
A_HP_40	62	Response	1	4899685	16811	1
A_HP_40	62	Pulse	99	4909607	26732	1
A_HP_40	62	Pulse	99	4929607	46732	1
A_HP_40	63	Picture	thanks	4932935	0	1	10162	1	0	10000	other	0
A_HP_40	63	Pulse	99	4949608	16673	1


Event Type	Code	Type	Response	RT	RT Uncertainty	Time	Uncertainty	Duration	Uncertainty	ReqTime	ReqDur

Picture	ready	other				549751	1	10162	1	0	10000
Picture	ins11	other				610224	1	30153	1	0	30000
Picture	response84	hit	1	14828	2	930246	1	40149	1	0	40000
Picture	response82	hit	1	18698	2	980556	1	40149	1	0	40000
Picture	response86	hit	2	13060	2	1031033	1	40149	1	0	40000
Picture	response81	hit	2	25629	2	1081344	1	40148	1	0	40000
Picture	response85	hit	1	9632	2	1131821	1	40149	1	0	40000
Picture	response83	hit	2	16212	2	1182132	1	40148	1	0	40000
Picture	response87	hit	2	7885	2	1232609	1	40149	1	0	40000
Picture	response88	hit	2	27403	2	1282919	1	40149	1	0	40000
Picture	ins17	other				1333397	1	30153	1	0	30000
Picture	response130	hit	1	21770	2	1650253	1	40148	1	0	40000
Picture	response132	hit	1	19840	2	1700563	1	40149	1	0	40000
Picture	response136	hit	2	24203	2	1751041	1	40149	1	0	40000
Picture	response134	hit	1	20862	2	1801351	1	40148	1	0	40000
Picture	response135	hit	2	23825	2	1851829	1	40149	1	0	40000
Picture	response131	hit	2	11785	2	1902139	1	40148	1	0	40000
Picture	response129	hit	2	20098	2	1952616	1	40149	1	0	40000
Picture	response133	hit	1	7476	2	2002927	1	40148	1	0	40000
Picture	ins19	other				2053404	1	30153	1	0	30000
Picture	response145	hit	2	18243	2	2370261	1	40148	1	0	40000
Picture	response151	hit	1	13762	2	2420571	1	40149	1	0	40000
Picture	response146	hit	1	25606	2	2471048	1	40148	1	0	40000
Picture	response150	hit	2	14135	2	2521359	1	40148	1	0	40000
Picture	response152	hit	1	16368	2	2571836	1	40149	1	0	40000
Picture	response147	hit	2	20397	2	2622147	1	40148	1	0	40000
Picture	response148	hit	1	14520	2	2672624	1	40149	1	0	40000
Picture	response149	hit	2	22040	2	2722935	1	40148	1	0	40000
Picture	ins3	other				2773412	1	30153	1	0	30000
Picture	response17	hit	1	10443	2	3090102	1	40149	1	0	40000
Picture	response22	hit	1	13633	2	3140412	1	40148	1	0	40000
Picture	response19	hit	2	10406	2	3190889	1	40148	1	0	40000
Picture	response21	hit	2	19887	2	3241367	1	40149	1	0	40000
Picture	response24	hit	1	13047	2	3291677	1	40148	1	0	40000
Picture	response23	hit	1	22980	2	3342154	1	40148	1	0	40000
Picture	response18	hit	2	12909	2	3392465	1	40149	1	0	40000
Picture	response20	hit	1	7672	2	3442942	1	40149	1	0	40000
Picture	ins1	other				3493253	1	30153	1	0	30000
Picture	response4	hit	2	13726	2	3810109	1	40149	1	0	40000
Picture	response2	hit	2	15705	2	3860420	1	40149	1	0	40000
Picture	response6	hit	1	12417	2	3910897	1	40149	1	0	40000
Picture	response5	hit	2	21087	2	3961208	1	40148	1	0	40000
Picture	response3	miss				4011685	1	40149	1	0	40000
Picture	response8	hit	2	24323	2	4062162	1	40148	1	0	40000
Picture	response1	hit	2	15262	2	4112472	1	40149	1	0	40000
Picture	response7	hit	1	17565	2	4162950	1	40148	1	0	40000
Picture	ins9	other				4213260	1	30153	1	0	30000
Picture	response69	hit	1	13448	2	4530117	1	40148	1	0	40000
Picture	response70	hit	2	15411	2	4580594	1	40149	1	0	40000
Picture	response71	hit	1	16684	2	4631071	1	40149	1	0	40000
Picture	response66	hit	2	19793	2	4681382	1	40148	1	0	40000
Picture	response68	hit	2	18806	2	4731859	1	40148	1	0	40000
Picture	response67	hit	1	8406	2	4782170	1	40148	1	0	40000
Picture	response72	hit	1	11189	2	4832647	1	40149	1	0	40000
Picture	response65	hit	1	16728	2	4882957	1	40148	1	0	40000
Picture	thanks	other				4932935	1	10162	1	0	10000


{
   "app": "Presentation Version 21.1 Build 09.05.19",
   "device": "LENOVO 20FBCTO1WW",
   "experiment": "{C0C68DB1-10BA-42F2-8F79-3F2AFFEED4E4}",
   "os": "Windows 10 64 bit",
   "package": "",
   "parameters": {
      "configuration": "Default configuration"
   },
   "scenario": "Feature experiment(1).sce",
   "subject": "A_HP_40",
   "timestamp": "2019/12/20 03:06:59 GMT"
}
