Scenario - 
Logfile written - 07/19/2019 10:53:28

Subject	Trial	Event Type	Code	Time	TTime	Uncertainty	Duration	Uncertainty	ReqTime	ReqDur	Stim Type	Pair Index

A_HP_02	1	Response	3	439232	437899	1
A_HP_02	1	Pulse	99	439232	437899	1
A_HP_02	2	Picture	ready	439468	0	1	10230	1	0	10000	other	0
A_HP_02	2	Pulse	99	459232	19763	1
A_HP_02	2	Pulse	99	479232	39764	1
A_HP_02	2	Pulse	99	499232	59764	1
A_HP_02	3	Picture	ins1	500033	240	1	30231	1	0	30000	other	0
A_HP_02	3	Pulse	99	519231	19438	1
A_HP_02	3	Pulse	99	539232	39438	1
A_HP_02	3	Pulse	99	559232	59438	1
A_HP_02	3	Pulse	99	579232	79438	1
A_HP_02	3	Pulse	99	599232	99438	1
A_HP_02	3	Pulse	99	619231	119438	1
A_HP_02	3	Pulse	99	639232	139438	1
A_HP_02	3	Pulse	99	659232	159438	1
A_HP_02	3	Pulse	99	679232	179438	1
A_HP_02	3	Pulse	99	699232	199438	1
A_HP_02	3	Pulse	99	719232	219439	1
A_HP_02	3	Pulse	99	739232	239438	1
A_HP_02	3	Pulse	99	759232	259438	1
A_HP_02	3	Pulse	99	779232	279438	1
A_HP_02	3	Pulse	99	799232	299438	1
A_HP_02	4	Response	3	819231	9205	1
A_HP_02	4	Pulse	99	819231	9205	1
A_HP_02	5	Picture	response1	819831	238	1	40231	1	0	40000	hit	26
A_HP_02	5	Response	2	830901	11308	1
A_HP_02	5	Pulse	99	839232	19638	1
A_HP_02	5	Pulse	99	859232	39638	1
A_HP_02	6	Picture	response4	870125	132	1	40230	1	0	40000	hit	30
A_HP_02	6	Response	2	878521	8527	1
A_HP_02	6	Pulse	99	879231	9238	1
A_HP_02	6	Pulse	99	899232	29238	1
A_HP_02	6	Pulse	99	919232	49238	1
A_HP_02	7	Picture	response2	920586	192	1	40230	1	0	40000	hit	35
A_HP_02	7	Response	2	929701	9307	1
A_HP_02	7	Pulse	99	939232	18838	1
A_HP_02	7	Pulse	99	959232	38838	1
A_HP_02	8	Picture	response8	971046	252	1	40230	1	0	40000	hit	39
A_HP_02	8	Response	2	976951	6157	1
A_HP_02	8	Pulse	99	979232	8438	1
A_HP_02	8	Pulse	99	999232	28439	1
A_HP_02	8	Pulse	99	1019232	48438	1
A_HP_02	9	Picture	response3	1021339	146	1	40230	1	0	40000	hit	44
A_HP_02	9	Response	1	1028731	7537	1
A_HP_02	9	Pulse	99	1039231	18038	1
A_HP_02	9	Pulse	99	1059232	38038	1
A_HP_02	10	Picture	response6	1071800	206	1	40230	1	0	40000	hit	48
A_HP_02	10	Response	1	1076840	5247	1
A_HP_02	10	Pulse	99	1079231	7638	1
A_HP_02	10	Pulse	99	1099232	27638	1
A_HP_02	10	Pulse	99	1119232	47638	1
A_HP_02	11	Picture	response7	1122260	267	1	40230	1	0	40000	hit	53
A_HP_02	11	Response	1	1127190	5198	1
A_HP_02	11	Pulse	99	1139232	17239	1
A_HP_02	11	Pulse	99	1159232	37239	1
A_HP_02	12	Picture	response5	1172554	161	1	40231	1	0	40000	hit	58
A_HP_02	12	Pulse	99	1179232	6838	1
A_HP_02	12	Response	2	1181400	9007	1
A_HP_02	12	Pulse	99	1199232	26838	1
A_HP_02	12	Pulse	99	1219232	46838	1
A_HP_02	13	Picture	ins9	1223015	221	1	30231	1	0	30000	other	0
A_HP_02	13	Pulse	99	1239232	16438	1
A_HP_02	13	Pulse	99	1259232	36438	1
A_HP_02	13	Pulse	99	1279232	56438	1
A_HP_02	13	Pulse	99	1299232	76438	1
A_HP_02	13	Pulse	99	1319232	96438	1
A_HP_02	13	Pulse	99	1339232	116438	1
A_HP_02	13	Pulse	99	1359232	136438	1
A_HP_02	13	Pulse	99	1379232	156438	1
A_HP_02	13	Pulse	99	1399232	176438	1
A_HP_02	13	Pulse	99	1419232	196438	1
A_HP_02	13	Pulse	99	1439232	216438	1
A_HP_02	13	Pulse	99	1459232	236439	1
A_HP_02	13	Pulse	99	1479232	256439	1
A_HP_02	13	Pulse	99	1499232	276439	1
A_HP_02	13	Pulse	99	1519233	296439	1
A_HP_02	14	Response	3	1539232	6206	1
A_HP_02	14	Pulse	99	1539232	6206	1
A_HP_02	15	Picture	response72	1539825	231	1	40230	1	0	40000	hit	80
A_HP_02	15	Response	1	1553631	14037	1
A_HP_02	15	Pulse	99	1559232	19638	1
A_HP_02	15	Pulse	99	1579232	39638	1
A_HP_02	16	Picture	response68	1590286	292	1	40230	1	0	40000	hit	84
A_HP_02	16	Response	2	1598281	8287	1
A_HP_02	16	Pulse	99	1599232	9238	1
A_HP_02	16	Pulse	99	1619232	29238	1
A_HP_02	16	Pulse	99	1639232	49238	1
A_HP_02	17	Picture	response65	1640579	185	1	40230	1	0	40000	hit	89
A_HP_02	17	Response	1	1651161	10767	1
A_HP_02	17	Pulse	99	1659232	18838	1
A_HP_02	17	Pulse	99	1679232	38838	1
A_HP_02	18	Picture	response70	1691039	245	1	40230	1	0	40000	hit	94
A_HP_02	18	Pulse	99	1699232	8437	1
A_HP_02	18	Response	2	1700050	9256	1
A_HP_02	18	Pulse	99	1719232	28438	1
A_HP_02	18	Pulse	99	1739232	48438	1
A_HP_02	19	Picture	response71	1741334	140	1	40230	1	0	40000	hit	99
A_HP_02	19	Pulse	99	1759232	18038	1
A_HP_02	19	Response	1	1763471	22277	1
A_HP_02	19	Pulse	99	1779232	38038	1
A_HP_02	20	Picture	response69	1791794	200	1	40230	1	0	40000	hit	103
A_HP_02	20	Pulse	99	1799232	7638	1
A_HP_02	20	Response	1	1816591	24997	1
A_HP_02	20	Pulse	99	1819232	27638	1
A_HP_02	20	Pulse	99	1839232	47638	1
A_HP_02	21	Picture	response66	1842254	260	1	40231	1	0	40000	hit	107
A_HP_02	21	Response	2	1852131	10137	1
A_HP_02	21	Pulse	99	1859232	17238	1
A_HP_02	21	Pulse	99	1879232	37238	1
A_HP_02	22	Picture	response67	1892548	154	1	40230	1	0	40000	hit	112
A_HP_02	22	Pulse	99	1899232	6838	1
A_HP_02	22	Response	1	1908771	16377	1
A_HP_02	22	Pulse	99	1919233	26838	1
A_HP_02	22	Pulse	99	1939232	46838	1
A_HP_02	23	Picture	ins17	1943008	214	1	30230	1	0	30000	other	0
A_HP_02	23	Pulse	99	1959232	16438	1
A_HP_02	23	Pulse	99	1979232	36438	1
A_HP_02	23	Pulse	99	1999232	56438	1
A_HP_02	23	Pulse	99	2019232	76438	1
A_HP_02	23	Pulse	99	2039232	96438	1
A_HP_02	23	Pulse	99	2059232	116438	1
A_HP_02	23	Pulse	99	2079233	136438	1
A_HP_02	23	Pulse	99	2099233	156438	1
A_HP_02	23	Pulse	99	2119233	176438	1
A_HP_02	23	Pulse	99	2139233	196438	1
A_HP_02	23	Pulse	99	2159232	216438	1
A_HP_02	23	Pulse	99	2179233	236438	1
A_HP_02	23	Pulse	99	2199233	256438	1
A_HP_02	23	Pulse	99	2219233	276438	1
A_HP_02	23	Pulse	99	2239233	296438	1
A_HP_02	24	Response	3	2259233	6206	1
A_HP_02	24	Pulse	99	2259233	6206	1
A_HP_02	25	Picture	response136	2259826	232	1	40230	1	0	40000	hit	134
A_HP_02	25	Response	2	2271601	12007	1
A_HP_02	25	Pulse	99	2279232	19638	1
A_HP_02	25	Pulse	99	2299232	39638	1
A_HP_02	26	Picture	response130	2310286	292	1	40230	1	0	40000	hit	139
A_HP_02	26	Pulse	99	2319233	9238	1
A_HP_02	26	Response	1	2329361	19367	1
A_HP_02	26	Pulse	99	2339233	29238	1
A_HP_02	26	Pulse	99	2359233	49238	1
A_HP_02	27	Picture	response134	2360580	186	1	40230	1	0	40000	hit	143
A_HP_02	27	Response	1	2376051	15657	1
A_HP_02	27	Pulse	99	2379232	18838	1
A_HP_02	27	Pulse	99	2399233	38838	1
A_HP_02	28	Picture	response132	2411040	246	1	40231	1	0	40000	hit	148
A_HP_02	28	Pulse	99	2419232	8438	1
A_HP_02	28	Response	1	2425801	15006	1
A_HP_02	28	Pulse	99	2439232	28438	1
A_HP_02	28	Pulse	99	2459232	48438	1
A_HP_02	29	Picture	response135	2461334	140	1	40230	1	0	40000	hit	153
A_HP_02	29	Pulse	99	2479232	18038	1
A_HP_02	29	Response	2	2488471	27277	1
A_HP_02	29	Pulse	99	2499232	38038	1
A_HP_02	30	Picture	response131	2511794	200	1	40230	1	0	40000	hit	157
A_HP_02	30	Pulse	99	2519233	7638	1
A_HP_02	30	Response	2	2523371	11777	1
A_HP_02	30	Pulse	99	2539233	27638	1
A_HP_02	30	Pulse	99	2559232	47638	1
A_HP_02	31	Picture	response133	2562255	261	1	40230	1	0	40000	hit	162
A_HP_02	31	Pulse	99	2579232	17238	1
A_HP_02	31	Response	1	2579680	17686	1
A_HP_02	31	Pulse	99	2599233	37239	1
A_HP_02	32	Picture	response129	2612548	154	1	40231	1	0	40000	hit	166
A_HP_02	32	Pulse	99	2619233	6838	1
A_HP_02	32	Response	2	2624351	11957	1
A_HP_02	32	Pulse	99	2639233	26838	1
A_HP_02	32	Pulse	99	2659233	46839	1
A_HP_02	33	Picture	ins19	2663009	215	1	30230	1	0	30000	other	0
A_HP_02	33	Pulse	99	2679233	16438	1
A_HP_02	33	Pulse	99	2699233	36439	1
A_HP_02	33	Pulse	99	2719153	56358	1
A_HP_02	33	Pulse	99	2739233	76439	1
A_HP_02	33	Pulse	99	2759233	96439	1
A_HP_02	33	Pulse	99	2779153	116358	1
A_HP_02	33	Pulse	99	2799233	136438	1
A_HP_02	33	Pulse	99	2819233	156439	1
A_HP_02	33	Pulse	99	2839233	176439	1
A_HP_02	33	Pulse	99	2859233	196438	1
A_HP_02	33	Pulse	99	2879232	216438	1
A_HP_02	33	Pulse	99	2899233	236438	1
A_HP_02	33	Pulse	99	2919232	256438	1
A_HP_02	33	Pulse	99	2939233	276438	1
A_HP_02	33	Pulse	99	2959233	296438	1
A_HP_02	34	Response	3	2979232	6205	1
A_HP_02	34	Pulse	99	2979232	6205	1
A_HP_02	35	Picture	response152	2979826	231	1	40230	1	0	40000	hit	188
A_HP_02	35	Response	1	2987171	7577	1
A_HP_02	35	Pulse	99	2999233	19638	1
A_HP_02	35	Pulse	99	3019233	39638	1
A_HP_02	36	Picture	response148	3030286	292	1	40230	1	0	40000	hit	192
A_HP_02	36	Response	1	3037771	7777	1
A_HP_02	36	Pulse	99	3039232	9238	1
A_HP_02	36	Pulse	99	3059234	29240	1
A_HP_02	36	Pulse	99	3079233	49238	1
A_HP_02	37	Picture	response145	3080580	186	1	40230	1	0	40000	hit	198
A_HP_02	37	Pulse	99	3099233	18839	1
A_HP_02	37	Response	2	3102151	21757	1
A_HP_02	37	Pulse	99	3119233	38838	1
A_HP_02	38	Picture	response146	3131040	246	1	40231	1	0	40000	hit	202
A_HP_02	38	Pulse	99	3139233	8438	1
A_HP_02	38	Response	1	3155982	25187	1
A_HP_02	38	Pulse	99	3159152	28358	1
A_HP_02	38	Pulse	99	3179233	48438	1
A_HP_02	39	Picture	response151	3181335	140	1	40231	1	0	40000	hit	207
A_HP_02	39	Pulse	99	3199233	18038	1
A_HP_02	39	Response	1	3203071	21877	1
A_HP_02	39	Pulse	99	3219153	37958	1
A_HP_02	40	Picture	response149	3231795	201	1	40231	1	0	40000	hit	211
A_HP_02	40	Pulse	99	3239233	7638	1
A_HP_02	40	Response	2	3254192	22597	1
A_HP_02	40	Pulse	99	3259233	27638	1
A_HP_02	40	Pulse	99	3279153	47558	1
A_HP_02	41	Picture	response150	3282257	262	1	40231	1	0	40000	hit	215
A_HP_02	41	Response	2	3297802	15807	1
A_HP_02	41	Pulse	99	3299233	17238	1
A_HP_02	41	Pulse	99	3319233	37238	1
A_HP_02	42	Picture	response147	3332551	156	1	40230	1	0	40000	incorrect	221
A_HP_02	42	Pulse	99	3339153	6758	1
A_HP_02	42	Pulse	99	3359234	26839	1
A_HP_02	42	Response	1	3360951	28556	1
A_HP_02	42	Pulse	99	3379233	46838	1
A_HP_02	43	Picture	ins11	3383011	216	1	30230	1	0	30000	other	0
A_HP_02	43	Pulse	99	3399233	16438	1
A_HP_02	43	Pulse	99	3419233	36438	1
A_HP_02	43	Pulse	99	3439233	56438	1
A_HP_02	43	Pulse	99	3459233	76438	1
A_HP_02	43	Pulse	99	3479233	96438	1
A_HP_02	43	Pulse	99	3499233	116438	1
A_HP_02	43	Pulse	99	3519233	136438	1
A_HP_02	43	Pulse	99	3539233	156438	1
A_HP_02	43	Pulse	99	3559233	176438	1
A_HP_02	43	Pulse	99	3579233	196438	1
A_HP_02	43	Pulse	99	3599233	216438	1
A_HP_02	43	Pulse	99	3619233	236438	1
A_HP_02	43	Pulse	99	3639233	256438	1
A_HP_02	43	Pulse	99	3659153	276358	1
A_HP_02	43	Pulse	99	3679234	296438	1
A_HP_02	44	Response	3	3699233	6206	1
A_HP_02	44	Pulse	99	3699233	6206	1
A_HP_02	45	Picture	response88	3699826	231	1	40231	1	0	40000	hit	242
A_HP_02	45	Response	2	3712802	13207	1
A_HP_02	45	Pulse	99	3719153	19558	1
A_HP_02	45	Pulse	99	3739233	39638	1
A_HP_02	46	Picture	response85	3750287	292	1	40230	1	0	40000	hit	247
A_HP_02	46	Pulse	99	3759233	9238	1
A_HP_02	46	Response	1	3772762	22767	1
A_HP_02	46	Pulse	99	3779153	29158	1
A_HP_02	46	Pulse	99	3799234	49239	1
A_HP_02	47	Picture	response83	3800580	185	1	40230	1	0	40000	hit	251
A_HP_02	47	Response	2	3813262	12867	1
A_HP_02	47	Pulse	99	3819233	18838	1
A_HP_02	47	Pulse	99	3839153	38758	1
A_HP_02	48	Picture	response86	3851041	246	1	40230	1	0	40000	hit	256
A_HP_02	48	Pulse	99	3859233	8438	1
A_HP_02	48	Response	2	3868842	18047	1
A_HP_02	48	Pulse	99	3879233	28438	1
A_HP_02	48	Pulse	99	3899153	48358	1
A_HP_02	49	Picture	response87	3901335	140	1	40231	1	0	40000	hit	260
A_HP_02	49	Response	2	3910432	9237	1
A_HP_02	49	Pulse	99	3919233	18038	1
A_HP_02	49	Pulse	99	3939233	38038	1
A_HP_02	50	Picture	response81	3951796	200	1	40230	1	0	40000	hit	265
A_HP_02	50	Pulse	99	3959154	7558	1
A_HP_02	50	Response	2	3972543	20948	1
A_HP_02	50	Pulse	99	3979233	27638	1
A_HP_02	50	Pulse	99	3999233	47638	1
A_HP_02	51	Picture	response82	4002256	261	1	40231	1	0	40000	hit	270
A_HP_02	51	Pulse	99	4019234	17239	1
A_HP_02	51	Response	1	4026602	24607	1
A_HP_02	51	Pulse	99	4039234	37239	1
A_HP_02	52	Picture	response84	4052550	155	1	40230	1	0	40000	hit	274
A_HP_02	52	Pulse	99	4059233	6838	1
A_HP_02	52	Response	1	4064812	12417	1
A_HP_02	52	Pulse	99	4079234	26839	1
A_HP_02	52	Pulse	99	4099154	46758	1
A_HP_02	53	Picture	ins3	4103010	215	1	30230	1	0	30000	other	0
A_HP_02	53	Pulse	99	4119234	16439	1
A_HP_02	53	Pulse	99	4139234	36439	1
A_HP_02	53	Pulse	99	4159154	56359	1
A_HP_02	53	Pulse	99	4179233	76438	1
A_HP_02	53	Pulse	99	4199234	96438	1
A_HP_02	53	Pulse	99	4219153	116358	1
A_HP_02	53	Pulse	99	4239233	136438	1
A_HP_02	53	Pulse	99	4259234	156439	1
A_HP_02	53	Pulse	99	4279153	176358	1
A_HP_02	53	Pulse	99	4299233	196438	1
A_HP_02	53	Pulse	99	4319233	216438	1
A_HP_02	53	Pulse	99	4339153	236358	1
A_HP_02	53	Pulse	99	4359233	256438	1
A_HP_02	53	Pulse	99	4379233	276438	1
A_HP_02	53	Pulse	99	4399153	296358	1
A_HP_02	54	Response	3	4419233	6205	1
A_HP_02	54	Pulse	99	4419233	6205	1
A_HP_02	55	Picture	response18	4419827	232	1	40230	1	0	40000	hit	296
A_HP_02	55	Response	2	4426632	7037	1
A_HP_02	55	Pulse	99	4439233	19638	1
A_HP_02	55	Pulse	99	4459155	39560	1
A_HP_02	56	Picture	response20	4470287	292	1	40231	1	0	40000	hit	300
A_HP_02	56	Response	1	4475653	5659	1
A_HP_02	56	Pulse	99	4479233	9238	1
A_HP_02	56	Pulse	99	4499233	29239	1
A_HP_02	56	Pulse	99	4519153	49159	1
A_HP_02	57	Picture	response17	4520581	186	1	40230	1	0	40000	hit	305
A_HP_02	57	Response	1	4529362	8967	1
A_HP_02	57	Pulse	99	4539233	18838	1
A_HP_02	57	Pulse	99	4559234	38839	1
A_HP_02	58	Picture	response21	4571045	149	1	40230	1	0	40000	hit	309
A_HP_02	58	Response	2	4579033	8137	1
A_HP_02	58	Pulse	99	4579153	8258	1
A_HP_02	58	Pulse	99	4599154	28259	1
A_HP_02	58	Pulse	99	4619234	48339	1
A_HP_02	59	Picture	response22	4621505	110	1	40230	1	0	40000	hit	314
A_HP_02	59	Response	1	4626982	5587	1
A_HP_02	59	Pulse	99	4639234	17839	1
A_HP_02	59	Pulse	99	4659154	37758	1
A_HP_02	60	Picture	response23	4671965	70	1	40231	1	0	40000	hit	318
A_HP_02	60	Response	1	4677623	5727	1
A_HP_02	60	Pulse	99	4679233	7338	1
A_HP_02	60	Pulse	99	4699234	27338	1
A_HP_02	60	Pulse	99	4719154	47258	1
A_HP_02	61	Picture	response19	4722592	197	1	40230	1	0	40000	hit	323
A_HP_02	61	Response	2	4727403	5007	1
A_HP_02	61	Pulse	99	4739234	16838	1
A_HP_02	61	Pulse	99	4759234	36839	1
A_HP_02	62	Picture	response24	4773053	158	1	40231	1	0	40000	hit	327
A_HP_02	62	Response	1	4778383	5488	1
A_HP_02	62	Pulse	99	4779153	6259	1
A_HP_02	62	Pulse	99	4799233	26339	1
A_HP_02	62	Pulse	99	4819233	46339	1
A_HP_02	63	Picture	thanks	4823013	0	1	10230	1	0	10000	other	0
A_HP_02	63	Pulse	99	4839153	16140	1


Event Type	Code	Type	Response	RT	RT Uncertainty	Time	Uncertainty	Duration	Uncertainty	ReqTime	ReqDur

Picture	ready	other				439468	1	10230	1	0	10000
Picture	ins1	other				500033	1	30231	1	0	30000
Picture	response1	hit	2	11070	2	819831	1	40231	1	0	40000
Picture	response4	hit	2	8395	2	870125	1	40230	1	0	40000
Picture	response2	hit	2	9115	2	920586	1	40230	1	0	40000
Picture	response8	hit	2	5905	2	971046	1	40230	1	0	40000
Picture	response3	hit	1	7391	2	1021339	1	40230	1	0	40000
Picture	response6	hit	1	5041	2	1071800	1	40230	1	0	40000
Picture	response7	hit	1	4931	2	1122260	1	40230	1	0	40000
Picture	response5	hit	2	8846	2	1172554	1	40231	1	0	40000
Picture	ins9	other				1223015	1	30231	1	0	30000
Picture	response72	hit	1	13806	2	1539825	1	40230	1	0	40000
Picture	response68	hit	2	7995	2	1590286	1	40230	1	0	40000
Picture	response65	hit	1	10582	2	1640579	1	40230	1	0	40000
Picture	response70	hit	2	9011	2	1691039	1	40230	1	0	40000
Picture	response71	hit	1	22137	2	1741334	1	40230	1	0	40000
Picture	response69	hit	1	24797	2	1791794	1	40230	1	0	40000
Picture	response66	hit	2	9877	2	1842254	1	40231	1	0	40000
Picture	response67	hit	1	16223	2	1892548	1	40230	1	0	40000
Picture	ins17	other				1943008	1	30230	1	0	30000
Picture	response136	hit	2	11775	2	2259826	1	40230	1	0	40000
Picture	response130	hit	1	19075	2	2310286	1	40230	1	0	40000
Picture	response134	hit	1	15471	2	2360580	1	40230	1	0	40000
Picture	response132	hit	1	14761	2	2411040	1	40231	1	0	40000
Picture	response135	hit	2	27137	2	2461334	1	40230	1	0	40000
Picture	response131	hit	2	11576	2	2511794	1	40230	1	0	40000
Picture	response133	hit	1	17426	2	2562255	1	40230	1	0	40000
Picture	response129	hit	2	11803	2	2612548	1	40231	1	0	40000
Picture	ins19	other				2663009	1	30230	1	0	30000
Picture	response152	hit	1	7346	2	2979826	1	40230	1	0	40000
Picture	response148	hit	1	7485	2	3030286	1	40230	1	0	40000
Picture	response145	hit	2	21571	2	3080580	1	40230	1	0	40000
Picture	response146	hit	1	24941	2	3131040	1	40231	1	0	40000
Picture	response151	hit	1	21736	2	3181335	1	40231	1	0	40000
Picture	response149	hit	2	22396	2	3231795	1	40231	1	0	40000
Picture	response150	hit	2	15545	2	3282257	1	40231	1	0	40000
Picture	response147	incorrect	1	28401	2	3332551	1	40230	1	0	40000
Picture	ins11	other				3383011	1	30230	1	0	30000
Picture	response88	hit	2	12976	2	3699826	1	40231	1	0	40000
Picture	response85	hit	1	22475	2	3750287	1	40230	1	0	40000
Picture	response83	hit	2	12682	2	3800580	1	40230	1	0	40000
Picture	response86	hit	2	17801	2	3851041	1	40230	1	0	40000
Picture	response87	hit	2	9097	2	3901335	1	40231	1	0	40000
Picture	response81	hit	2	20747	2	3951796	1	40230	1	0	40000
Picture	response82	hit	1	24346	2	4002256	1	40231	1	0	40000
Picture	response84	hit	1	12262	2	4052550	1	40230	1	0	40000
Picture	ins3	other				4103010	1	30230	1	0	30000
Picture	response18	hit	2	6805	2	4419827	1	40230	1	0	40000
Picture	response20	hit	1	5367	2	4470287	1	40231	1	0	40000
Picture	response17	hit	1	8782	2	4520581	1	40230	1	0	40000
Picture	response21	hit	2	7988	2	4571045	1	40230	1	0	40000
Picture	response22	hit	1	5477	2	4621505	1	40230	1	0	40000
Picture	response23	hit	1	5657	2	4671965	1	40231	1	0	40000
Picture	response19	hit	2	4810	2	4722592	1	40230	1	0	40000
Picture	response24	hit	1	5330	2	4773053	1	40231	1	0	40000
Picture	thanks	other				4823013	1	10230	1	0	10000


{
   "app": "Presentation Version 21.0 Build 06.06.19",
   "device": "LENOVO 20KHCTO1WW",
   "experiment": "{C0C68DB1-10BA-42F2-8F79-3F2AFFEED4E4}",
   "os": "Windows 10 64 bit",
   "package": "",
   "parameters": {
      "configuration": "Default configuration"
   },
   "scenario": "Feature experiment(1).sce",
   "subject": "A_HP_02",
   "timestamp": "2019/07/19 01:45:14 GMT"
}
