Scenario - 
Logfile written - 12/19/2019 14:11:35

Subject	Trial	Event Type	Code	Time	TTime	Uncertainty	Duration	Uncertainty	ReqTime	ReqDur	Stim Type	Pair Index

A_HP_41	1	Response	3	541373	540374	1
A_HP_41	1	Pulse	99	541373	540374	1
A_HP_41	2	Picture	ready	541421	0	1	10162	1	0	10000	other	0
A_HP_41	2	Pulse	99	561373	19952	1
A_HP_41	2	Pulse	99	581373	39952	1
A_HP_41	2	Pulse	99	601373	59952	1
A_HP_41	3	Picture	ins19	601894	151	1	30153	1	0	30000	other	0
A_HP_41	3	Pulse	99	621373	19630	1
A_HP_41	3	Pulse	99	641374	39631	1
A_HP_41	3	Pulse	99	661373	59630	1
A_HP_41	3	Pulse	99	681373	79630	1
A_HP_41	3	Pulse	99	701374	99631	1
A_HP_41	3	Pulse	99	721374	119631	1
A_HP_41	3	Pulse	99	741373	139630	1
A_HP_41	3	Pulse	99	761373	159630	1
A_HP_41	3	Pulse	99	781374	179631	1
A_HP_41	3	Pulse	99	801293	199550	1
A_HP_41	3	Pulse	99	821373	219630	1
A_HP_41	3	Pulse	99	841373	239630	1
A_HP_41	3	Pulse	99	861294	259550	1
A_HP_41	3	Pulse	99	881374	279631	1
A_HP_41	3	Pulse	99	901374	299631	1
A_HP_41	4	Response	3	921294	9373	1
A_HP_41	4	Pulse	99	921294	9373	1
A_HP_41	5	Picture	response149	921749	106	1	40149	1	0	40000	hit	27
A_HP_41	5	Pulse	99	941373	19730	1
A_HP_41	5	Response	2	947742	26099	1
A_HP_41	5	Pulse	99	961374	39730	1
A_HP_41	6	Picture	response152	972227	183	1	40149	1	0	40000	hit	31
A_HP_41	6	Pulse	99	981294	9250	1
A_HP_41	6	Response	1	989283	17239	1
A_HP_41	6	Pulse	99	1001373	29330	1
A_HP_41	6	Pulse	99	1021373	49330	1
A_HP_41	7	Picture	response150	1022537	94	1	40149	1	0	40000	incorrect	36
A_HP_41	7	Pulse	99	1041294	18850	1
A_HP_41	7	Response	1	1042022	19578	1
A_HP_41	7	Pulse	99	1061373	38930	1
A_HP_41	8	Picture	response151	1073014	171	1	40148	1	0	40000	hit	40
A_HP_41	8	Pulse	99	1081374	8530	1
A_HP_41	8	Response	1	1084322	11479	1
A_HP_41	8	Pulse	99	1101374	28530	1
A_HP_41	8	Pulse	99	1121374	48530	1
A_HP_41	9	Picture	response147	1123325	81	1	40149	1	0	40000	hit	44
A_HP_41	9	Response	2	1141283	18039	1
A_HP_41	9	Pulse	99	1141373	18129	1
A_HP_41	9	Pulse	99	1161375	38132	1
A_HP_41	10	Picture	response148	1173802	159	1	40149	1	0	40000	hit	49
A_HP_41	10	Pulse	99	1181373	7730	1
A_HP_41	10	Response	1	1195352	21709	1
A_HP_41	10	Pulse	99	1201374	27730	1
A_HP_41	10	Pulse	99	1221374	47730	1
A_HP_41	11	Picture	response145	1224113	69	1	40148	1	0	40000	hit	53
A_HP_41	11	Response	2	1239542	15499	1
A_HP_41	11	Pulse	99	1241374	17330	1
A_HP_41	11	Pulse	99	1261374	37330	1
A_HP_41	12	Picture	response146	1274590	146	1	40148	1	0	40000	hit	59
A_HP_41	12	Pulse	99	1281374	6930	1
A_HP_41	12	Pulse	99	1301374	26930	1
A_HP_41	12	Response	1	1302862	28419	1
A_HP_41	12	Pulse	99	1321374	46930	1
A_HP_41	13	Picture	ins3	1324900	56	1	30153	1	0	30000	other	0
A_HP_41	13	Pulse	99	1341374	16530	1
A_HP_41	13	Pulse	99	1361294	36450	1
A_HP_41	13	Pulse	99	1381374	56530	1
A_HP_41	13	Pulse	99	1401374	76530	1
A_HP_41	13	Pulse	99	1421293	96450	1
A_HP_41	13	Pulse	99	1441373	116530	1
A_HP_41	13	Pulse	99	1461374	136530	1
A_HP_41	13	Pulse	99	1481294	156450	1
A_HP_41	13	Pulse	99	1501373	176530	1
A_HP_41	13	Pulse	99	1521374	196530	1
A_HP_41	13	Pulse	99	1541294	216450	1
A_HP_41	13	Pulse	99	1561374	236530	1
A_HP_41	13	Pulse	99	1581374	256530	1
A_HP_41	13	Pulse	99	1601294	276450	1
A_HP_41	13	Pulse	99	1621374	296530	1
A_HP_41	14	Response	3	1641374	6447	1
A_HP_41	14	Pulse	99	1641374	6447	1
A_HP_41	15	Picture	response17	1641924	180	1	40149	1	0	40000	hit	80
A_HP_41	15	Response	1	1648292	6549	1
A_HP_41	15	Pulse	99	1661294	19551	1
A_HP_41	15	Pulse	99	1681374	39630	1
A_HP_41	16	Picture	response21	1692234	90	1	40148	1	0	40000	hit	84
A_HP_41	16	Response	2	1697803	5659	1
A_HP_41	16	Pulse	99	1701374	9230	1
A_HP_41	16	Pulse	99	1721294	29150	1
A_HP_41	16	Pulse	99	1741374	49230	1
A_HP_41	17	Picture	response24	1742711	168	1	40148	1	0	40000	hit	89
A_HP_41	17	Response	1	1750943	8399	1
A_HP_41	17	Pulse	99	1761374	18831	1
A_HP_41	17	Pulse	99	1781294	38750	1
A_HP_41	18	Picture	response18	1793022	78	1	40148	1	0	40000	hit	93
A_HP_41	18	Response	2	1798303	5359	1
A_HP_41	18	Pulse	99	1801374	8430	1
A_HP_41	18	Pulse	99	1821374	28430	1
A_HP_41	18	Pulse	99	1841294	48350	1
A_HP_41	19	Picture	response20	1843499	155	1	40149	1	0	40000	hit	98
A_HP_41	19	Response	1	1851523	8179	1
A_HP_41	19	Pulse	99	1861294	17950	1
A_HP_41	19	Pulse	99	1881374	38030	1
A_HP_41	20	Picture	response22	1893810	66	1	40149	1	0	40000	hit	102
A_HP_41	20	Response	1	1900873	7129	1
A_HP_41	20	Pulse	99	1901294	7550	1
A_HP_41	20	Pulse	99	1921294	27550	1
A_HP_41	20	Pulse	99	1941374	47630	1
A_HP_41	21	Picture	response23	1944287	143	1	40149	1	0	40000	hit	107
A_HP_41	21	Response	1	1951183	7039	1
A_HP_41	21	Pulse	99	1961294	17150	1
A_HP_41	21	Pulse	99	1981294	37150	1
A_HP_41	22	Picture	response19	1994597	53	1	40149	1	0	40000	hit	112
A_HP_41	22	Pulse	99	2001374	6830	1
A_HP_41	22	Response	2	2002722	8179	1
A_HP_41	22	Pulse	99	2021294	26751	1
A_HP_41	22	Pulse	99	2041294	46750	1
A_HP_41	23	Picture	ins17	2045075	131	1	30153	1	0	30000	other	0
A_HP_41	23	Pulse	99	2061374	16430	1
A_HP_41	23	Pulse	99	2081294	36350	1
A_HP_41	23	Pulse	99	2101294	56350	1
A_HP_41	23	Pulse	99	2121374	76430	1
A_HP_41	23	Pulse	99	2141294	96350	1
A_HP_41	23	Pulse	99	2161294	116350	1
A_HP_41	23	Pulse	99	2181374	136430	1
A_HP_41	23	Pulse	99	2201294	156350	1
A_HP_41	23	Pulse	99	2221294	176350	1
A_HP_41	23	Pulse	99	2241375	196431	1
A_HP_41	23	Pulse	99	2261374	216431	1
A_HP_41	23	Pulse	99	2281294	236350	1
A_HP_41	23	Pulse	99	2301374	256430	1
A_HP_41	23	Pulse	99	2321375	276431	1
A_HP_41	23	Pulse	99	2341294	296350	1
A_HP_41	24	Response	3	2361374	6273	1
A_HP_41	24	Pulse	99	2361374	6273	1
A_HP_41	25	Picture	response134	2361931	187	1	40149	1	0	40000	hit	134
A_HP_41	25	Response	1	2377893	16149	1
A_HP_41	25	Pulse	99	2381374	19630	1
A_HP_41	25	Pulse	99	2401294	39550	1
A_HP_41	26	Picture	response136	2412242	97	1	40149	1	0	40000	hit	139
A_HP_41	26	Pulse	99	2421294	9150	1
A_HP_41	26	Response	2	2427853	15709	1
A_HP_41	26	Pulse	99	2441374	29230	1
A_HP_41	26	Pulse	99	2461294	49150	1
A_HP_41	27	Picture	response129	2462719	175	1	40149	1	0	40000	hit	143
A_HP_41	27	Response	2	2479753	17209	1
A_HP_41	27	Pulse	99	2481294	18750	1
A_HP_41	27	Pulse	99	2501374	38830	1
A_HP_41	28	Picture	response133	2513029	85	1	40149	1	0	40000	hit	148
A_HP_41	28	Pulse	99	2521294	8350	1
A_HP_41	28	Response	1	2527233	14289	1
A_HP_41	28	Pulse	99	2541294	28350	1
A_HP_41	28	Pulse	99	2561375	48430	1
A_HP_41	29	Picture	response131	2563507	162	1	40149	1	0	40000	incorrect	153
A_HP_41	29	Pulse	99	2581294	17950	1
A_HP_41	29	Response	1	2594123	30779	1
A_HP_41	29	Pulse	99	2601294	37950	1
A_HP_41	30	Picture	response135	2613817	73	1	40149	1	0	40000	hit	157
A_HP_41	30	Pulse	99	2621374	7630	1
A_HP_41	30	Response	2	2633623	19879	1
A_HP_41	30	Pulse	99	2641295	27550	1
A_HP_41	30	Pulse	99	2661294	47550	1
A_HP_41	31	Picture	response132	2664294	150	1	40148	1	0	40000	hit	161
A_HP_41	31	Response	1	2677464	13319	1
A_HP_41	31	Pulse	99	2681374	17230	1
A_HP_41	31	Pulse	99	2701295	37150	1
A_HP_41	32	Picture	response130	2714605	61	1	40148	1	0	40000	hit	166
A_HP_41	32	Pulse	99	2721294	6750	1
A_HP_41	32	Response	1	2728623	14079	1
A_HP_41	32	Pulse	99	2741375	26830	1
A_HP_41	32	Pulse	99	2761294	46750	1
A_HP_41	33	Picture	ins11	2765082	138	1	30153	1	0	30000	other	0
A_HP_41	33	Pulse	99	2781294	16350	1
A_HP_41	33	Pulse	99	2801375	36430	1
A_HP_41	33	Pulse	99	2821295	56350	1
A_HP_41	33	Pulse	99	2841295	76350	1
A_HP_41	33	Pulse	99	2861375	96430	1
A_HP_41	33	Pulse	99	2881295	116350	1
A_HP_41	33	Pulse	99	2901295	136350	1
A_HP_41	33	Pulse	99	2921375	156430	1
A_HP_41	33	Pulse	99	2941294	176350	1
A_HP_41	33	Pulse	99	2961295	196350	1
A_HP_41	33	Pulse	99	2981295	216350	1
A_HP_41	33	Pulse	99	3001295	236351	1
A_HP_41	33	Pulse	99	3021295	256350	1
A_HP_41	33	Pulse	99	3041295	276350	1
A_HP_41	33	Pulse	99	3061295	296350	1
A_HP_41	34	Response	3	3081295	6186	1
A_HP_41	34	Pulse	99	3081295	6186	1
A_HP_41	35	Picture	response82	3081772	128	1	40148	1	0	40000	hit	188
A_HP_41	35	Response	1	3094923	13279	1
A_HP_41	35	Pulse	99	3101295	19650	1
A_HP_41	35	Pulse	99	3121295	39650	1
A_HP_41	36	Picture	response87	3132083	38	1	40148	1	0	40000	hit	193
A_HP_41	36	Pulse	99	3141295	9250	1
A_HP_41	36	Response	2	3143153	11109	1
A_HP_41	36	Pulse	99	3161295	29250	1
A_HP_41	36	Pulse	99	3181295	49250	1
A_HP_41	37	Picture	response83	3182560	115	1	40149	1	0	40000	hit	197
A_HP_41	37	Response	2	3187794	5349	1
A_HP_41	37	Pulse	99	3201295	18850	1
A_HP_41	37	Pulse	99	3221295	38850	1
A_HP_41	38	Picture	response81	3233037	192	1	40149	1	0	40000	hit	202
A_HP_41	38	Pulse	99	3241295	8450	1
A_HP_41	38	Response	2	3256894	24049	1
A_HP_41	38	Pulse	99	3261295	28450	1
A_HP_41	38	Pulse	99	3281295	48450	1
A_HP_41	39	Picture	response85	3283348	103	1	40148	1	0	40000	hit	206
A_HP_41	39	Response	1	3293984	10739	1
A_HP_41	39	Pulse	99	3301295	18050	1
A_HP_41	39	Pulse	99	3321295	38050	1
A_HP_41	40	Picture	response86	3333825	180	1	40149	1	0	40000	hit	211
A_HP_41	40	Pulse	99	3341295	7650	1
A_HP_41	40	Response	2	3346123	12479	1
A_HP_41	40	Pulse	99	3361295	27650	1
A_HP_41	40	Pulse	99	3381295	47650	1
A_HP_41	41	Picture	response88	3384135	91	1	40148	1	0	40000	incorrect	216
A_HP_41	41	Pulse	99	3401295	17250	1
A_HP_41	41	Response	1	3407774	23729	1
A_HP_41	41	Pulse	99	3421375	37330	1
A_HP_41	42	Picture	response84	3434613	168	1	40149	1	0	40000	incorrect	220
A_HP_41	42	Pulse	99	3441295	6850	1
A_HP_41	42	Response	2	3447674	13229	1
A_HP_41	42	Pulse	99	3461295	26850	1
A_HP_41	42	Pulse	99	3481295	46850	1
A_HP_41	43	Picture	ins9	3484923	78	1	30153	1	0	30000	other	0
A_HP_41	43	Pulse	99	3501295	16450	1
A_HP_41	43	Pulse	99	3521295	36450	1
A_HP_41	43	Pulse	99	3541295	56450	1
A_HP_41	43	Pulse	99	3561295	76450	1
A_HP_41	43	Pulse	99	3581295	96450	1
A_HP_41	43	Pulse	99	3601295	116450	1
A_HP_41	43	Pulse	99	3621295	136450	1
A_HP_41	43	Pulse	99	3641295	156450	1
A_HP_41	43	Pulse	99	3661295	176450	1
A_HP_41	43	Pulse	99	3681295	196450	1
A_HP_41	43	Pulse	99	3701295	216450	1
A_HP_41	43	Pulse	99	3721295	236450	1
A_HP_41	43	Pulse	99	3741295	256450	1
A_HP_41	43	Pulse	99	3761295	276451	1
A_HP_41	43	Pulse	99	3781295	296450	1
A_HP_41	44	Response	3	3801295	6346	1
A_HP_41	44	Pulse	99	3801295	6346	1
A_HP_41	45	Picture	response71	3801780	135	1	40149	1	0	40000	hit	242
A_HP_41	45	Response	1	3815815	14170	1
A_HP_41	45	Pulse	99	3821295	19650	1
A_HP_41	45	Pulse	99	3841295	39650	1
A_HP_41	46	Picture	response69	3852090	45	1	40149	1	0	40000	hit	247
A_HP_41	46	Pulse	99	3861295	9250	1
A_HP_41	46	Response	1	3867274	15229	1
A_HP_41	46	Pulse	99	3881295	29250	1
A_HP_41	46	Pulse	99	3901295	49250	1
A_HP_41	47	Picture	response72	3902568	122	1	40148	1	0	40000	hit	252
A_HP_41	47	Pulse	99	3921295	18850	1
A_HP_41	47	Response	1	3922974	20529	1
A_HP_41	47	Pulse	99	3941295	38850	1
A_HP_41	48	Picture	response67	3952878	33	1	40148	1	0	40000	hit	256
A_HP_41	48	Pulse	99	3961295	8450	1
A_HP_41	48	Response	1	3962414	9569	1
A_HP_41	48	Pulse	99	3981295	28450	1
A_HP_41	48	Pulse	99	4001295	48450	1
A_HP_41	49	Picture	response70	4003355	110	1	40149	1	0	40000	hit	261
A_HP_41	49	Pulse	99	4021295	18050	1
A_HP_41	49	Response	2	4023854	20609	1
A_HP_41	49	Pulse	99	4041295	38050	1
A_HP_41	50	Picture	response66	4053832	187	1	40148	1	0	40000	hit	264
A_HP_41	50	Response	2	4059604	5959	1
A_HP_41	50	Pulse	99	4061295	7650	1
A_HP_41	50	Pulse	99	4081295	27650	1
A_HP_41	50	Pulse	99	4101295	47650	1
A_HP_41	51	Picture	response68	4104143	98	1	40149	1	0	40000	hit	271
A_HP_41	51	Pulse	99	4121295	17250	1
A_HP_41	51	Pulse	99	4141296	37251	1
A_HP_41	51	Response	2	4145884	41839	1
A_HP_41	52	Picture	response65	4154620	175	1	40148	1	0	40000	hit	274
A_HP_41	52	Pulse	99	4161295	6850	1
A_HP_41	52	Response	1	4168664	14219	1
A_HP_41	52	Pulse	99	4181295	26850	1
A_HP_41	52	Pulse	99	4201295	46850	1
A_HP_41	53	Picture	ins1	4204931	85	1	30153	1	0	30000	other	0
A_HP_41	53	Pulse	99	4221295	16450	1
A_HP_41	53	Pulse	99	4241295	36450	1
A_HP_41	53	Pulse	99	4261296	56450	1
A_HP_41	53	Pulse	99	4281295	76450	1
A_HP_41	53	Pulse	99	4301296	96450	1
A_HP_41	53	Pulse	99	4321296	116450	1
A_HP_41	53	Pulse	99	4341295	136450	1
A_HP_41	53	Pulse	99	4361295	156450	1
A_HP_41	53	Pulse	99	4381295	176450	1
A_HP_41	53	Pulse	99	4401296	196451	1
A_HP_41	53	Pulse	99	4421296	216450	1
A_HP_41	53	Pulse	99	4441295	236450	1
A_HP_41	53	Pulse	99	4461296	256451	1
A_HP_41	53	Pulse	99	4481296	276451	1
A_HP_41	53	Pulse	99	4501295	296450	1
A_HP_41	54	Response	3	4521296	6339	1
A_HP_41	54	Pulse	99	4521296	6339	1
A_HP_41	55	Picture	response1	4521787	142	1	40148	1	0	40000	hit	296
A_HP_41	55	Response	2	4529084	7439	1
A_HP_41	55	Pulse	99	4541295	19650	1
A_HP_41	55	Pulse	99	4561296	39650	1
A_HP_41	56	Picture	response4	4572098	53	1	40148	1	0	40000	hit	300
A_HP_41	56	Response	2	4579644	7599	1
A_HP_41	56	Pulse	99	4581295	9250	1
A_HP_41	56	Pulse	99	4601296	29250	1
A_HP_41	56	Pulse	99	4621296	49250	1
A_HP_41	57	Picture	response7	4622575	130	1	40148	1	0	40000	hit	305
A_HP_41	57	Response	1	4627635	5189	1
A_HP_41	57	Pulse	99	4641296	18850	1
A_HP_41	57	Pulse	99	4661296	38850	1
A_HP_41	58	Picture	response6	4672886	40	1	40148	1	0	40000	hit	309
A_HP_41	58	Response	1	4678434	5589	1
A_HP_41	58	Pulse	99	4681295	8450	1
A_HP_41	58	Pulse	99	4701296	28450	1
A_HP_41	58	Pulse	99	4721296	48450	1
A_HP_41	59	Picture	response2	4723363	117	1	40148	1	0	40000	hit	314
A_HP_41	59	Response	2	4728994	5749	1
A_HP_41	59	Pulse	99	4741296	18050	1
A_HP_41	59	Pulse	99	4761296	38050	1
A_HP_41	60	Picture	response8	4773840	195	1	40149	1	0	40000	hit	318
A_HP_41	60	Response	2	4780714	7069	1
A_HP_41	60	Pulse	99	4781296	7650	1
A_HP_41	60	Pulse	99	4801296	27650	1
A_HP_41	60	Pulse	99	4821296	47650	1
A_HP_41	61	Picture	response3	4824150	105	1	40149	1	0	40000	hit	323
A_HP_41	61	Response	1	4831905	7859	1
A_HP_41	61	Pulse	99	4841296	17250	1
A_HP_41	61	Pulse	99	4861296	37250	1
A_HP_41	62	Picture	response5	4874628	182	1	40148	1	0	40000	hit	327
A_HP_41	62	Response	2	4880805	6359	1
A_HP_41	62	Pulse	99	4881295	6850	1
A_HP_41	62	Pulse	99	4901296	26850	1
A_HP_41	62	Pulse	99	4921296	46850	1
A_HP_41	63	Picture	thanks	4924605	0	1	10162	1	0	10000	other	0
A_HP_41	63	Pulse	99	4941296	16691	1


Event Type	Code	Type	Response	RT	RT Uncertainty	Time	Uncertainty	Duration	Uncertainty	ReqTime	ReqDur

Picture	ready	other				541421	1	10162	1	0	10000
Picture	ins19	other				601894	1	30153	1	0	30000
Picture	response149	hit	2	25993	2	921749	1	40149	1	0	40000
Picture	response152	hit	1	17056	2	972227	1	40149	1	0	40000
Picture	response150	incorrect	1	19485	2	1022537	1	40149	1	0	40000
Picture	response151	hit	1	11308	2	1073014	1	40148	1	0	40000
Picture	response147	hit	2	17958	2	1123325	1	40149	1	0	40000
Picture	response148	hit	1	21550	2	1173802	1	40149	1	0	40000
Picture	response145	hit	2	15430	2	1224113	1	40148	1	0	40000
Picture	response146	hit	1	28273	2	1274590	1	40148	1	0	40000
Picture	ins3	other				1324900	1	30153	1	0	30000
Picture	response17	hit	1	6369	2	1641924	1	40149	1	0	40000
Picture	response21	hit	2	5568	2	1692234	1	40148	1	0	40000
Picture	response24	hit	1	8232	2	1742711	1	40148	1	0	40000
Picture	response18	hit	2	5281	2	1793022	1	40148	1	0	40000
Picture	response20	hit	1	8024	2	1843499	1	40149	1	0	40000
Picture	response22	hit	1	7063	2	1893810	1	40149	1	0	40000
Picture	response23	hit	1	6896	2	1944287	1	40149	1	0	40000
Picture	response19	hit	2	8125	2	1994597	1	40149	1	0	40000
Picture	ins17	other				2045075	1	30153	1	0	30000
Picture	response134	hit	1	15962	2	2361931	1	40149	1	0	40000
Picture	response136	hit	2	15611	2	2412242	1	40149	1	0	40000
Picture	response129	hit	2	17034	2	2462719	1	40149	1	0	40000
Picture	response133	hit	1	14204	2	2513029	1	40149	1	0	40000
Picture	response131	incorrect	1	30616	2	2563507	1	40149	1	0	40000
Picture	response135	hit	2	19806	2	2613817	1	40149	1	0	40000
Picture	response132	hit	1	13169	2	2664294	1	40148	1	0	40000
Picture	response130	hit	1	14018	2	2714605	1	40148	1	0	40000
Picture	ins11	other				2765082	1	30153	1	0	30000
Picture	response82	hit	1	13151	2	3081772	1	40148	1	0	40000
Picture	response87	hit	2	11071	2	3132083	1	40148	1	0	40000
Picture	response83	hit	2	5234	2	3182560	1	40149	1	0	40000
Picture	response81	hit	2	23857	2	3233037	1	40149	1	0	40000
Picture	response85	hit	1	10636	2	3283348	1	40148	1	0	40000
Picture	response86	hit	2	12299	2	3333825	1	40149	1	0	40000
Picture	response88	incorrect	1	23638	2	3384135	1	40148	1	0	40000
Picture	response84	incorrect	2	13061	2	3434613	1	40149	1	0	40000
Picture	ins9	other				3484923	1	30153	1	0	30000
Picture	response71	hit	1	14035	2	3801780	1	40149	1	0	40000
Picture	response69	hit	1	15184	2	3852090	1	40149	1	0	40000
Picture	response72	hit	1	20406	2	3902568	1	40148	1	0	40000
Picture	response67	hit	1	9536	2	3952878	1	40148	1	0	40000
Picture	response70	hit	2	20499	2	4003355	1	40149	1	0	40000
Picture	response66	hit	2	5772	2	4053832	1	40148	1	0	40000
Picture	response68	hit	2	41741	2	4104143	1	40149	1	0	40000
Picture	response65	hit	1	14044	2	4154620	1	40148	1	0	40000
Picture	ins1	other				4204931	1	30153	1	0	30000
Picture	response1	hit	2	7297	2	4521787	1	40148	1	0	40000
Picture	response4	hit	2	7546	2	4572098	1	40148	1	0	40000
Picture	response7	hit	1	5060	2	4622575	1	40148	1	0	40000
Picture	response6	hit	1	5549	2	4672886	1	40148	1	0	40000
Picture	response2	hit	2	5632	2	4723363	1	40148	1	0	40000
Picture	response8	hit	2	6874	2	4773840	1	40149	1	0	40000
Picture	response3	hit	1	7754	2	4824150	1	40149	1	0	40000
Picture	response5	hit	2	6177	2	4874628	1	40148	1	0	40000
Picture	thanks	other				4924605	1	10162	1	0	10000


{
   "app": "Presentation Version 21.1 Build 09.05.19",
   "device": "LENOVO 20FBCTO1WW",
   "experiment": "{C0C68DB1-10BA-42F2-8F79-3F2AFFEED4E4}",
   "os": "Windows 10 64 bit",
   "package": "",
   "parameters": {
      "configuration": "Default configuration"
   },
   "scenario": "Feature experiment(1).sce",
   "subject": "A_HP_41",
   "timestamp": "2019/12/19 05:03:13 GMT"
}
