Scenario - 
Logfile written - 12/19/2019 10:02:54

Subject	Trial	Event Type	Code	Time	TTime	Uncertainty	Duration	Uncertainty	ReqTime	ReqDur	Stim Type	Pair Index

A_HP_38	1	Response	3	605197	604242	1
A_HP_38	1	Pulse	99	605197	604242	1
A_HP_38	2	Picture	ready	605348	0	1	10162	1	0	10000	other	0
A_HP_38	2	Pulse	99	625197	19849	1
A_HP_38	2	Pulse	99	645196	39849	1
A_HP_38	2	Pulse	99	665196	59849	1
A_HP_38	3	Picture	ins19	665820	120	1	30153	1	0	30000	other	0
A_HP_38	3	Pulse	99	685196	19495	1
A_HP_38	3	Pulse	99	705196	39495	1
A_HP_38	3	Pulse	99	725196	59496	1
A_HP_38	3	Pulse	99	745196	79495	1
A_HP_38	3	Pulse	99	765197	99496	1
A_HP_38	3	Pulse	99	785196	119495	1
A_HP_38	3	Pulse	99	805196	139495	1
A_HP_38	3	Pulse	99	825196	159495	1
A_HP_38	3	Pulse	99	845196	179496	1
A_HP_38	3	Pulse	99	865196	199496	1
A_HP_38	3	Pulse	99	885196	219495	1
A_HP_38	3	Pulse	99	905196	239495	1
A_HP_38	3	Pulse	99	925197	259496	1
A_HP_38	3	Pulse	99	945196	279495	1
A_HP_38	3	Pulse	99	965197	299496	1
A_HP_38	4	Response	3	985197	9350	1
A_HP_38	4	Pulse	99	985197	9350	1
A_HP_38	5	Picture	response152	985676	75	1	40148	1	0	40000	hit	27
A_HP_38	5	Pulse	99	1005197	19595	1
A_HP_38	5	Response	1	1006715	21114	1
A_HP_38	5	Pulse	99	1025196	39595	1
A_HP_38	6	Picture	response149	1036153	152	1	40149	1	0	40000	hit	32
A_HP_38	6	Pulse	99	1045197	9195	1
A_HP_38	6	Pulse	99	1065196	29195	1
A_HP_38	6	Response	2	1067325	31324	1
A_HP_38	6	Pulse	99	1085196	49195	1
A_HP_38	7	Picture	response147	1086463	62	1	40148	1	0	40000	hit	35
A_HP_38	7	Response	2	1100125	13724	1
A_HP_38	7	Pulse	99	1105196	18795	1
A_HP_38	7	Pulse	99	1125197	38795	1
A_HP_38	8	Picture	response148	1136941	139	1	40149	1	0	40000	hit	40
A_HP_38	8	Pulse	99	1145197	8395	1
A_HP_38	8	Response	1	1150075	13274	1
A_HP_38	8	Pulse	99	1165197	28395	1
A_HP_38	8	Pulse	99	1185197	48395	1
A_HP_38	9	Picture	response146	1187251	50	1	40149	1	0	40000	incorrect	45
A_HP_38	9	Pulse	99	1205197	17995	1
A_HP_38	9	Response	2	1207155	19954	1
A_HP_38	9	Pulse	99	1225197	37995	1
A_HP_38	10	Picture	response145	1237728	127	1	40148	1	0	40000	incorrect	49
A_HP_38	10	Pulse	99	1245197	7595	1
A_HP_38	10	Response	1	1262005	24404	1
A_HP_38	10	Pulse	99	1265196	27595	1
A_HP_38	10	Pulse	99	1285197	47595	1
A_HP_38	11	Picture	response151	1288039	37	1	40149	1	0	40000	hit	54
A_HP_38	11	Pulse	99	1305197	17195	1
A_HP_38	11	Response	1	1308195	20194	1
A_HP_38	11	Pulse	99	1325197	37195	1
A_HP_38	12	Picture	response150	1338516	115	1	40149	1	0	40000	hit	58
A_HP_38	12	Pulse	99	1345197	6795	1
A_HP_38	12	Response	2	1351495	13094	1
A_HP_38	12	Pulse	99	1365197	26795	1
A_HP_38	12	Pulse	99	1385197	46795	1
A_HP_38	13	Picture	ins11	1388993	192	1	30153	1	0	30000	other	0
A_HP_38	13	Pulse	99	1405197	16396	1
A_HP_38	13	Pulse	99	1425197	36395	1
A_HP_38	13	Pulse	99	1445197	56395	1
A_HP_38	13	Pulse	99	1465197	76395	1
A_HP_38	13	Pulse	99	1485197	96396	1
A_HP_38	13	Pulse	99	1505197	116395	1
A_HP_38	13	Pulse	99	1525197	136395	1
A_HP_38	13	Pulse	99	1545197	156395	1
A_HP_38	13	Pulse	99	1565197	176396	1
A_HP_38	13	Pulse	99	1585197	196395	1
A_HP_38	13	Pulse	99	1605197	216395	1
A_HP_38	13	Pulse	99	1625197	236395	1
A_HP_38	13	Pulse	99	1645197	256395	1
A_HP_38	13	Pulse	99	1665197	276395	1
A_HP_38	13	Pulse	99	1685197	296396	1
A_HP_38	14	Response	3	1705197	6344	1
A_HP_38	14	Pulse	99	1705197	6344	1
A_HP_38	15	Picture	response86	1705683	82	1	40149	1	0	40000	hit	81
A_HP_38	15	Pulse	99	1725197	19596	1
A_HP_38	15	Response	2	1729256	23654	1
A_HP_38	15	Pulse	99	1745197	39596	1
A_HP_38	16	Picture	response87	1756160	159	1	40149	1	0	40000	hit	85
A_HP_38	16	Pulse	99	1765197	9195	1
A_HP_38	16	Response	2	1774037	18035	1
A_HP_38	16	Pulse	99	1785197	29196	1
A_HP_38	16	Pulse	99	1805197	49196	1
A_HP_38	17	Picture	response83	1806471	69	1	40148	1	0	40000	hit	89
A_HP_38	17	Response	2	1818036	11634	1
A_HP_38	17	Pulse	99	1825197	18795	1
A_HP_38	17	Pulse	99	1845197	38795	1
A_HP_38	18	Picture	response85	1856948	147	1	40149	1	0	40000	hit	95
A_HP_38	18	Pulse	99	1865197	8395	1
A_HP_38	18	Pulse	99	1885197	28396	1
A_HP_38	18	Response	1	1892876	36074	1
A_HP_38	18	Pulse	99	1905197	48396	1
A_HP_38	19	Picture	response81	1907259	57	1	40148	1	0	40000	incorrect	99
A_HP_38	19	Pulse	99	1925197	17995	1
A_HP_38	19	Response	1	1939946	32744	1
A_HP_38	19	Pulse	99	1945197	37995	1
A_HP_38	20	Picture	response84	1957736	134	1	40148	1	0	40000	incorrect	104
A_HP_38	20	Pulse	99	1965197	7595	1
A_HP_38	20	Pulse	99	1985197	27595	1
A_HP_38	20	Response	2	1987236	29634	1
A_HP_38	20	Pulse	99	2005197	47596	1
A_HP_38	21	Picture	response88	2008046	45	1	40148	1	0	40000	incorrect	108
A_HP_38	21	Pulse	99	2025197	17195	1
A_HP_38	21	Response	1	2027086	19084	1
A_HP_38	21	Pulse	99	2045197	37195	1
A_HP_38	22	Picture	response82	2058524	122	1	40148	1	0	40000	incorrect	112
A_HP_38	22	Pulse	99	2065197	6795	1
A_HP_38	22	Response	2	2072826	14424	1
A_HP_38	22	Pulse	99	2085197	26795	1
A_HP_38	22	Pulse	99	2105197	46795	1
A_HP_38	23	Picture	ins9	2108834	33	1	30153	1	0	30000	other	0
A_HP_38	23	Pulse	99	2125197	16395	1
A_HP_38	23	Pulse	99	2145197	36396	1
A_HP_38	23	Pulse	99	2165197	56396	1
A_HP_38	23	Pulse	99	2185197	76395	1
A_HP_38	23	Pulse	99	2205197	96395	1
A_HP_38	23	Pulse	99	2225197	116396	1
A_HP_38	23	Pulse	99	2245197	136395	1
A_HP_38	23	Pulse	99	2265197	156395	1
A_HP_38	23	Pulse	99	2285197	176396	1
A_HP_38	23	Pulse	99	2305197	196395	1
A_HP_38	23	Pulse	99	2325197	216396	1
A_HP_38	23	Pulse	99	2345197	236395	1
A_HP_38	23	Pulse	99	2365197	256396	1
A_HP_38	23	Pulse	99	2385197	276395	1
A_HP_38	23	Pulse	99	2405197	296396	1
A_HP_38	24	Response	3	2425197	6337	1
A_HP_38	24	Pulse	99	2425197	6337	1
A_HP_38	25	Picture	response68	2425691	89	1	40149	1	0	40000	hit	134
A_HP_38	25	Response	2	2437226	11624	1
A_HP_38	25	Pulse	99	2445197	19595	1
A_HP_38	25	Pulse	99	2465197	39595	1
A_HP_38	26	Picture	response67	2476168	166	1	40148	1	0	40000	hit	139
A_HP_38	26	Pulse	99	2485197	9195	1
A_HP_38	26	Response	1	2490666	14664	1
A_HP_38	26	Pulse	99	2505197	29195	1
A_HP_38	26	Pulse	99	2525197	49195	1
A_HP_38	27	Picture	response65	2526478	76	1	40149	1	0	40000	hit	143
A_HP_38	27	Response	1	2542676	16274	1
A_HP_38	27	Pulse	99	2545197	18795	1
A_HP_38	27	Pulse	99	2565198	38796	1
A_HP_38	28	Picture	response71	2576956	154	1	40148	1	0	40000	hit	148
A_HP_38	28	Pulse	99	2585197	8395	1
A_HP_38	28	Response	1	2588426	11624	1
A_HP_38	28	Pulse	99	2605197	28395	1
A_HP_38	28	Pulse	99	2625198	48395	1
A_HP_38	29	Picture	response66	2627266	64	1	40148	1	0	40000	hit	152
A_HP_38	29	Response	2	2635416	8214	1
A_HP_38	29	Pulse	99	2645197	17995	1
A_HP_38	29	Pulse	99	2665197	37995	1
A_HP_38	30	Picture	response72	2677743	141	1	40149	1	0	40000	hit	157
A_HP_38	30	Pulse	99	2685197	7595	1
A_HP_38	30	Response	1	2690266	12664	1
A_HP_38	30	Pulse	99	2705198	27595	1
A_HP_38	30	Pulse	99	2725198	47595	1
A_HP_38	31	Picture	response70	2728054	52	1	40148	1	0	40000	hit	161
A_HP_38	31	Response	2	2735706	7704	1
A_HP_38	31	Pulse	99	2745198	17195	1
A_HP_38	31	Pulse	99	2765197	37195	1
A_HP_38	32	Picture	response69	2778531	129	1	40148	1	0	40000	incorrect	166
A_HP_38	32	Pulse	99	2785197	6795	1
A_HP_38	32	Response	2	2800946	22544	1
A_HP_38	32	Pulse	99	2805198	26795	1
A_HP_38	32	Pulse	99	2825198	46796	1
A_HP_38	33	Picture	ins3	2828842	40	1	30153	1	0	30000	other	0
A_HP_38	33	Pulse	99	2845198	16395	1
A_HP_38	33	Pulse	99	2865197	36395	1
A_HP_38	33	Pulse	99	2885198	56395	1
A_HP_38	33	Pulse	99	2905197	76395	1
A_HP_38	33	Pulse	99	2925198	96395	1
A_HP_38	33	Pulse	99	2945197	116395	1
A_HP_38	33	Pulse	99	2965198	136396	1
A_HP_38	33	Pulse	99	2985198	156395	1
A_HP_38	33	Pulse	99	3005118	176316	1
A_HP_38	33	Pulse	99	3025198	196395	1
A_HP_38	33	Pulse	99	3045198	216395	1
A_HP_38	33	Pulse	99	3065118	236315	1
A_HP_38	33	Pulse	99	3085198	256396	1
A_HP_38	33	Pulse	99	3105198	276396	1
A_HP_38	33	Pulse	99	3125118	296316	1
A_HP_38	34	Response	3	3145198	6329	1
A_HP_38	34	Pulse	99	3145198	6329	1
A_HP_38	35	Picture	response18	3145698	96	1	40148	1	0	40000	hit	188
A_HP_38	35	Response	2	3162706	17104	1
A_HP_38	35	Pulse	99	3165197	19595	1
A_HP_38	35	Pulse	99	3185118	39515	1
A_HP_38	36	Picture	response20	3196176	173	1	40148	1	0	40000	miss	0
A_HP_38	36	Pulse	99	3205198	9195	1
A_HP_38	36	Pulse	99	3225198	29195	1
A_HP_38	36	Pulse	99	3245118	49115	1
A_HP_38	37	Picture	response23	3246486	84	1	40148	1	0	40000	hit	196
A_HP_38	37	Response	1	3254437	8035	1
A_HP_38	37	Pulse	99	3265198	18795	1
A_HP_38	37	Pulse	99	3285198	38795	1
A_HP_38	38	Picture	response22	3296963	161	1	40149	1	0	40000	hit	200
A_HP_38	38	Response	1	3304037	7234	1
A_HP_38	38	Pulse	99	3305118	8315	1
A_HP_38	38	Pulse	99	3325198	28395	1
A_HP_38	38	Pulse	99	3345198	48395	1
A_HP_38	39	Picture	response19	3347274	71	1	40149	1	0	40000	hit	205
A_HP_38	39	Response	2	3352977	5774	1
A_HP_38	39	Pulse	99	3365118	17915	1
A_HP_38	39	Pulse	99	3385198	37995	1
A_HP_38	40	Picture	response24	3397751	148	1	40149	1	0	40000	hit	209
A_HP_38	40	Response	1	3403117	5514	1
A_HP_38	40	Pulse	99	3405198	7595	1
A_HP_38	40	Pulse	99	3425118	27515	1
A_HP_38	40	Pulse	99	3445198	47595	1
A_HP_38	41	Picture	response17	3448062	59	1	40149	1	0	40000	hit	214
A_HP_38	41	Response	1	3455577	7574	1
A_HP_38	41	Pulse	99	3465198	17195	1
A_HP_38	41	Pulse	99	3485118	37115	1
A_HP_38	42	Picture	response21	3498539	136	1	40149	1	0	40000	hit	218
A_HP_38	42	Response	2	3504577	6175	1
A_HP_38	42	Pulse	99	3505197	6795	1
A_HP_38	42	Pulse	99	3525198	26795	1
A_HP_38	42	Pulse	99	3545118	46715	1
A_HP_38	43	Picture	ins17	3548849	47	1	30153	1	0	30000	other	0
A_HP_38	43	Pulse	99	3565198	16396	1
A_HP_38	43	Pulse	99	3585198	36395	1
A_HP_38	43	Pulse	99	3605118	56315	1
A_HP_38	43	Pulse	99	3625198	76395	1
A_HP_38	43	Pulse	99	3645198	96395	1
A_HP_38	43	Pulse	99	3665118	116316	1
A_HP_38	43	Pulse	99	3685198	136395	1
A_HP_38	43	Pulse	99	3705198	156396	1
A_HP_38	43	Pulse	99	3725118	176315	1
A_HP_38	43	Pulse	99	3745118	196315	1
A_HP_38	43	Pulse	99	3765198	216396	1
A_HP_38	43	Pulse	99	3785118	236315	1
A_HP_38	43	Pulse	99	3805118	256316	1
A_HP_38	43	Pulse	99	3825198	276396	1
A_HP_38	43	Pulse	99	3845119	296316	1
A_HP_38	44	Response	3	3865118	6242	1
A_HP_38	44	Pulse	99	3865118	6242	1
A_HP_38	45	Picture	response129	3865539	37	1	40148	1	0	40000	hit	241
A_HP_38	45	Response	2	3885017	19514	1
A_HP_38	45	Pulse	99	3885197	19695	1
A_HP_38	45	Pulse	99	3905118	39615	1
A_HP_38	46	Picture	response133	3916017	114	1	40148	1	0	40000	miss	0
A_HP_38	46	Pulse	99	3925118	9215	1
A_HP_38	46	Pulse	99	3945198	29295	1
A_HP_38	46	Pulse	99	3965198	49295	1
A_HP_38	47	Picture	response134	3966494	191	1	40149	1	0	40000	hit	249
A_HP_38	47	Response	1	3984537	18234	1
A_HP_38	47	Pulse	99	3985118	18815	1
A_HP_38	47	Pulse	99	4005198	38895	1
A_HP_38	48	Picture	response131	4016804	102	1	40148	1	0	40000	hit	254
A_HP_38	48	Pulse	99	4025198	8496	1
A_HP_38	48	Response	2	4038137	21434	1
A_HP_38	48	Pulse	99	4045118	28415	1
A_HP_38	48	Pulse	99	4065198	48495	1
A_HP_38	49	Picture	response136	4067281	179	1	40149	1	0	40000	incorrect	258
A_HP_38	49	Response	1	4081657	14554	1
A_HP_38	49	Pulse	99	4085198	18095	1
A_HP_38	49	Pulse	99	4105118	38015	1
A_HP_38	50	Picture	response132	4117592	89	1	40148	1	0	40000	hit	263
A_HP_38	50	Pulse	99	4125198	7695	1
A_HP_38	50	Response	1	4138557	21054	1
A_HP_38	50	Pulse	99	4145198	27696	1
A_HP_38	50	Pulse	99	4165118	47615	1
A_HP_38	51	Picture	response130	4168069	166	1	40148	1	0	40000	hit	267
A_HP_38	51	Response	1	4183387	15484	1
A_HP_38	51	Pulse	99	4185198	17295	1
A_HP_38	51	Pulse	99	4205198	37295	1
A_HP_38	52	Picture	response135	4218380	77	1	40149	1	0	40000	incorrect	272
A_HP_38	52	Pulse	99	4225118	6815	1
A_HP_38	52	Response	1	4231417	13114	1
A_HP_38	52	Pulse	99	4245198	26895	1
A_HP_38	52	Pulse	99	4265198	46895	1
A_HP_38	53	Picture	ins1	4268857	154	1	30153	1	0	30000	other	0
A_HP_38	53	Pulse	99	4285119	16416	1
A_HP_38	53	Pulse	99	4305198	36496	1
A_HP_38	53	Pulse	99	4325198	56495	1
A_HP_38	53	Pulse	99	4345118	76415	1
A_HP_38	53	Pulse	99	4365198	96495	1
A_HP_38	53	Pulse	99	4385198	116495	1
A_HP_38	53	Pulse	99	4405118	136415	1
A_HP_38	53	Pulse	99	4425198	156495	1
A_HP_38	53	Pulse	99	4445198	176495	1
A_HP_38	53	Pulse	99	4465119	196416	1
A_HP_38	53	Pulse	99	4485199	216496	1
A_HP_38	53	Pulse	99	4505199	236496	1
A_HP_38	53	Pulse	99	4525118	256415	1
A_HP_38	53	Pulse	99	4545119	276416	1
A_HP_38	53	Pulse	99	4565199	296496	1
A_HP_38	54	Response	3	4585118	6235	1
A_HP_38	54	Pulse	99	4585118	6235	1
A_HP_38	55	Picture	response3	4585547	44	1	40148	1	0	40000	hit	294
A_HP_38	55	Response	1	4594007	8504	1
A_HP_38	55	Pulse	99	4605118	19615	1
A_HP_38	55	Pulse	99	4625199	39696	1
A_HP_38	56	Picture	response5	4636024	121	1	40148	1	0	40000	hit	298
A_HP_38	56	Response	2	4641527	5624	1
A_HP_38	56	Pulse	99	4645118	9215	1
A_HP_38	56	Pulse	99	4665118	29215	1
A_HP_38	56	Pulse	99	4685199	49296	1
A_HP_38	57	Picture	response1	4686335	32	1	40148	1	0	40000	hit	303
A_HP_38	57	Response	2	4695107	8804	1
A_HP_38	57	Pulse	99	4705119	18815	1
A_HP_38	57	Pulse	99	4725119	38816	1
A_HP_38	58	Picture	response8	4736812	108	1	40149	1	0	40000	miss	0
A_HP_38	58	Pulse	99	4745198	8495	1
A_HP_38	58	Pulse	99	4765119	28416	1
A_HP_38	58	Pulse	99	4785119	48415	1
A_HP_38	59	Picture	response2	4787289	186	1	40148	1	0	40000	hit	311
A_HP_38	59	Response	2	4792758	5654	1
A_HP_38	59	Pulse	99	4805199	18095	1
A_HP_38	59	Pulse	99	4825119	38015	1
A_HP_38	60	Picture	response6	4837600	96	1	40149	1	0	40000	hit	315
A_HP_38	60	Response	1	4844727	7224	1
A_HP_38	60	Pulse	99	4845118	7615	1
A_HP_38	60	Pulse	99	4865199	27695	1
A_HP_38	60	Pulse	99	4885119	47616	1
A_HP_38	61	Picture	response4	4888077	173	1	40148	1	0	40000	hit	320
A_HP_38	61	Response	2	4893958	6054	1
A_HP_38	61	Pulse	99	4905119	17215	1
A_HP_38	61	Pulse	99	4925199	37295	1
A_HP_38	62	Picture	response7	4938387	84	1	40149	1	0	40000	hit	325
A_HP_38	62	Pulse	99	4945119	6815	1
A_HP_38	62	Response	1	4949077	10774	1
A_HP_38	62	Pulse	99	4965119	26815	1
A_HP_38	62	Pulse	99	4985199	46895	1
A_HP_38	63	Picture	thanks	4988365	0	1	10162	1	0	10000	other	0
A_HP_38	63	Pulse	99	5005119	16754	1


Event Type	Code	Type	Response	RT	RT Uncertainty	Time	Uncertainty	Duration	Uncertainty	ReqTime	ReqDur

Picture	ready	other				605348	1	10162	1	0	10000
Picture	ins19	other				665820	1	30153	1	0	30000
Picture	response152	hit	1	21040	2	985676	1	40148	1	0	40000
Picture	response149	hit	2	31172	2	1036153	1	40149	1	0	40000
Picture	response147	hit	2	13662	2	1086463	1	40148	1	0	40000
Picture	response148	hit	1	13135	2	1136941	1	40149	1	0	40000
Picture	response146	incorrect	2	19904	2	1187251	1	40149	1	0	40000
Picture	response145	incorrect	1	24277	2	1237728	1	40148	1	0	40000
Picture	response151	hit	1	20157	2	1288039	1	40149	1	0	40000
Picture	response150	hit	2	12979	2	1338516	1	40149	1	0	40000
Picture	ins11	other				1388993	1	30153	1	0	30000
Picture	response86	hit	2	23572	2	1705683	1	40149	1	0	40000
Picture	response87	hit	2	17876	2	1756160	1	40149	1	0	40000
Picture	response83	hit	2	11565	2	1806471	1	40148	1	0	40000
Picture	response85	hit	1	35928	2	1856948	1	40149	1	0	40000
Picture	response81	incorrect	1	32687	2	1907259	1	40148	1	0	40000
Picture	response84	incorrect	2	29500	2	1957736	1	40148	1	0	40000
Picture	response88	incorrect	1	19039	2	2008046	1	40148	1	0	40000
Picture	response82	incorrect	2	14302	2	2058524	1	40148	1	0	40000
Picture	ins9	other				2108834	1	30153	1	0	30000
Picture	response68	hit	2	11535	2	2425691	1	40149	1	0	40000
Picture	response67	hit	1	14498	2	2476168	1	40148	1	0	40000
Picture	response65	hit	1	16198	2	2526478	1	40149	1	0	40000
Picture	response71	hit	1	11471	2	2576956	1	40148	1	0	40000
Picture	response66	hit	2	8150	2	2627266	1	40148	1	0	40000
Picture	response72	hit	1	12523	2	2677743	1	40149	1	0	40000
Picture	response70	hit	2	7652	2	2728054	1	40148	1	0	40000
Picture	response69	incorrect	2	22415	2	2778531	1	40148	1	0	40000
Picture	ins3	other				2828842	1	30153	1	0	30000
Picture	response18	hit	2	17008	2	3145698	1	40148	1	0	40000
Picture	response20	miss				3196176	1	40148	1	0	40000
Picture	response23	hit	1	7951	2	3246486	1	40148	1	0	40000
Picture	response22	hit	1	7073	2	3296963	1	40149	1	0	40000
Picture	response19	hit	2	5703	2	3347274	1	40149	1	0	40000
Picture	response24	hit	1	5366	2	3397751	1	40149	1	0	40000
Picture	response17	hit	1	7515	2	3448062	1	40149	1	0	40000
Picture	response21	hit	2	6039	2	3498539	1	40149	1	0	40000
Picture	ins17	other				3548849	1	30153	1	0	30000
Picture	response129	hit	2	19477	2	3865539	1	40148	1	0	40000
Picture	response133	miss				3916017	1	40148	1	0	40000
Picture	response134	hit	1	18043	2	3966494	1	40149	1	0	40000
Picture	response131	hit	2	21333	2	4016804	1	40148	1	0	40000
Picture	response136	incorrect	1	14376	2	4067281	1	40149	1	0	40000
Picture	response132	hit	1	20965	2	4117592	1	40148	1	0	40000
Picture	response130	hit	1	15318	2	4168069	1	40148	1	0	40000
Picture	response135	incorrect	1	13037	2	4218380	1	40149	1	0	40000
Picture	ins1	other				4268857	1	30153	1	0	30000
Picture	response3	hit	1	8460	2	4585547	1	40148	1	0	40000
Picture	response5	hit	2	5503	2	4636024	1	40148	1	0	40000
Picture	response1	hit	2	8772	2	4686335	1	40148	1	0	40000
Picture	response8	miss				4736812	1	40149	1	0	40000
Picture	response2	hit	2	5468	2	4787289	1	40148	1	0	40000
Picture	response6	hit	1	7128	2	4837600	1	40149	1	0	40000
Picture	response4	hit	2	5881	2	4888077	1	40148	1	0	40000
Picture	response7	hit	1	10690	2	4938387	1	40149	1	0	40000
Picture	thanks	other				4988365	1	10162	1	0	10000


{
   "app": "Presentation Version 21.1 Build 09.05.19",
   "device": "LENOVO 20FBCTO1WW",
   "experiment": "{C0C68DB1-10BA-42F2-8F79-3F2AFFEED4E4}",
   "os": "Windows 10 64 bit",
   "package": "",
   "parameters": {
      "configuration": "Default configuration"
   },
   "scenario": "Feature experiment(1).sce",
   "subject": "A_HP_38",
   "timestamp": "2019/12/19 00:54:26 GMT"
}
