Scenario - 
Logfile written - 01/16/2020 13:47:10

Subject	Trial	Event Type	Code	Time	TTime	Uncertainty	Duration	Uncertainty	ReqTime	ReqDur	Stim Type	Pair Index

A_HP_47	1	Response	3	575238	574146	1
A_HP_47	1	Pulse	99	575238	574146	1
A_HP_47	2	Picture	ready	575332	0	1	10162	1	0	10000	other	0
A_HP_47	2	Pulse	99	595238	19906	1
A_HP_47	2	Pulse	99	615318	39986	1
A_HP_47	2	Pulse	99	635239	59907	1
A_HP_47	3	Picture	ins17	635805	140	1	30153	1	0	30000	other	0
A_HP_47	3	Pulse	99	655239	19574	1
A_HP_47	3	Pulse	99	675319	39653	1
A_HP_47	3	Pulse	99	695238	59573	1
A_HP_47	3	Pulse	99	715238	79573	1
A_HP_47	3	Pulse	99	735318	99653	1
A_HP_47	3	Pulse	99	755239	119573	1
A_HP_47	3	Pulse	99	775238	139573	1
A_HP_47	3	Pulse	99	795318	159653	1
A_HP_47	3	Pulse	99	815239	179573	1
A_HP_47	3	Pulse	99	835238	199573	1
A_HP_47	3	Pulse	99	855318	219653	1
A_HP_47	3	Pulse	99	875238	239573	1
A_HP_47	3	Pulse	99	895238	259573	1
A_HP_47	3	Pulse	99	915318	279653	1
A_HP_47	3	Pulse	99	935239	299573	1
A_HP_47	4	Response	3	955238	9407	1
A_HP_47	4	Pulse	99	955238	9407	1
A_HP_47	5	Picture	response135	955660	95	1	40148	1	0	40000	incorrect	27
A_HP_47	5	Pulse	99	975318	19753	1
A_HP_47	5	Response	1	977447	21881	1
A_HP_47	5	Pulse	99	995238	39673	1
A_HP_47	6	Picture	response131	1006137	172	1	40149	1	0	40000	hit	31
A_HP_47	6	Pulse	99	1015238	9273	1
A_HP_47	6	Response	2	1021907	15941	1
A_HP_47	6	Pulse	99	1035318	29353	1
A_HP_47	6	Pulse	99	1055238	49273	1
A_HP_47	7	Picture	response136	1056448	82	1	40148	1	0	40000	hit	35
A_HP_47	7	Response	2	1063937	7572	1
A_HP_47	7	Pulse	99	1075239	18873	1
A_HP_47	7	Pulse	99	1095318	38953	1
A_HP_47	8	Picture	response132	1106925	159	1	40148	1	0	40000	hit	40
A_HP_47	8	Pulse	99	1115239	8474	1
A_HP_47	8	Response	1	1119897	13131	1
A_HP_47	8	Pulse	99	1135239	28473	1
A_HP_47	8	Pulse	99	1155239	48473	1
A_HP_47	9	Picture	response133	1157236	70	1	40148	1	0	40000	hit	44
A_HP_47	9	Response	1	1172138	14972	1
A_HP_47	9	Pulse	99	1175239	18073	1
A_HP_47	9	Pulse	99	1195238	38073	1
A_HP_47	10	Picture	response134	1207713	147	1	40149	1	0	40000	incorrect	49
A_HP_47	10	Pulse	99	1215238	7672	1
A_HP_47	10	Response	2	1234467	26901	1
A_HP_47	10	Pulse	99	1235238	27672	1
A_HP_47	10	Pulse	99	1255239	47673	1
A_HP_47	11	Picture	response129	1258023	58	1	40148	1	0	40000	hit	54
A_HP_47	11	Pulse	99	1275238	17273	1
A_HP_47	11	Response	2	1279067	21101	1
A_HP_47	11	Pulse	99	1295239	37273	1
A_HP_47	12	Picture	response130	1308501	135	1	40148	1	0	40000	incorrect	58
A_HP_47	12	Pulse	99	1315239	6873	1
A_HP_47	12	Response	2	1331907	23542	1
A_HP_47	12	Pulse	99	1335239	26873	1
A_HP_47	12	Pulse	99	1355239	46873	1
A_HP_47	13	Picture	ins11	1358811	45	1	30153	1	0	30000	other	0
A_HP_47	13	Pulse	99	1375239	16474	1
A_HP_47	13	Pulse	99	1395239	36473	1
A_HP_47	13	Pulse	99	1415239	56473	1
A_HP_47	13	Pulse	99	1435239	76474	1
A_HP_47	13	Pulse	99	1455239	96473	1
A_HP_47	13	Pulse	99	1475239	116473	1
A_HP_47	13	Pulse	99	1495239	136473	1
A_HP_47	13	Pulse	99	1515240	156474	1
A_HP_47	13	Pulse	99	1535239	176473	1
A_HP_47	13	Pulse	99	1555239	196473	1
A_HP_47	13	Pulse	99	1575239	216473	1
A_HP_47	13	Pulse	99	1595239	236473	1
A_HP_47	13	Pulse	99	1615239	256473	1
A_HP_47	13	Pulse	99	1635239	276473	1
A_HP_47	13	Pulse	99	1655239	296473	1
A_HP_47	14	Response	3	1675239	6401	1
A_HP_47	14	Pulse	99	1675239	6401	1
A_HP_47	15	Picture	response82	1675668	102	1	40149	1	0	40000	hit	80
A_HP_47	15	Response	1	1689208	13642	1
A_HP_47	15	Pulse	99	1695239	19673	1
A_HP_47	15	Pulse	99	1715239	39673	1
A_HP_47	16	Picture	response87	1726145	179	1	40149	1	0	40000	hit	85
A_HP_47	16	Pulse	99	1735239	9273	1
A_HP_47	16	Response	2	1741188	15222	1
A_HP_47	16	Pulse	99	1755239	29273	1
A_HP_47	16	Pulse	99	1775239	49273	1
A_HP_47	17	Picture	response86	1776456	90	1	40148	1	0	40000	hit	89
A_HP_47	17	Response	2	1790778	14412	1
A_HP_47	17	Pulse	99	1795239	18873	1
A_HP_47	17	Pulse	99	1815239	38873	1
A_HP_47	18	Picture	response85	1826933	167	1	40148	1	0	40000	hit	94
A_HP_47	18	Pulse	99	1835239	8473	1
A_HP_47	18	Response	1	1845908	19142	1
A_HP_47	18	Pulse	99	1855239	28473	1
A_HP_47	18	Pulse	99	1875239	48473	1
A_HP_47	19	Picture	response88	1877243	77	1	40148	1	0	40000	hit	99
A_HP_47	19	Pulse	99	1895239	18073	1
A_HP_47	19	Response	2	1899358	22192	1
A_HP_47	19	Pulse	99	1915239	38073	1
A_HP_47	20	Picture	response84	1927720	154	1	40148	1	0	40000	hit	103
A_HP_47	20	Pulse	99	1935239	7673	1
A_HP_47	20	Response	1	1948518	20951	1
A_HP_47	20	Pulse	99	1955239	27673	1
A_HP_47	20	Pulse	99	1975239	47673	1
A_HP_47	21	Picture	response81	1978031	65	1	40148	1	0	40000	hit	107
A_HP_47	21	Response	2	1990928	12962	1
A_HP_47	21	Pulse	99	1995239	17273	1
A_HP_47	21	Pulse	99	2015239	37273	1
A_HP_47	22	Picture	response83	2028508	142	1	40149	1	0	40000	hit	112
A_HP_47	22	Pulse	99	2035239	6873	1
A_HP_47	22	Response	2	2047048	18682	1
A_HP_47	22	Pulse	99	2055239	26873	1
A_HP_47	22	Pulse	99	2075239	46873	1
A_HP_47	23	Picture	ins3	2078819	53	1	30153	1	0	30000	other	0
A_HP_47	23	Pulse	99	2095239	16473	1
A_HP_47	23	Pulse	99	2115239	36473	1
A_HP_47	23	Pulse	99	2135239	56473	1
A_HP_47	23	Pulse	99	2155240	76473	1
A_HP_47	23	Pulse	99	2175239	96473	1
A_HP_47	23	Pulse	99	2195239	116473	1
A_HP_47	23	Pulse	99	2215239	136473	1
A_HP_47	23	Pulse	99	2235239	156473	1
A_HP_47	23	Pulse	99	2255239	176473	1
A_HP_47	23	Pulse	99	2275239	196473	1
A_HP_47	23	Pulse	99	2295239	216473	1
A_HP_47	23	Pulse	99	2315239	236473	1
A_HP_47	23	Pulse	99	2335240	256474	1
A_HP_47	23	Pulse	99	2355239	276473	1
A_HP_47	23	Pulse	99	2375239	296473	1
A_HP_47	24	Response	3	2395239	6394	1
A_HP_47	24	Pulse	99	2395239	6394	1
A_HP_47	25	Picture	response17	2395675	109	1	40149	1	0	40000	hit	134
A_HP_47	25	Response	1	2411378	15811	1
A_HP_47	25	Pulse	99	2415239	19673	1
A_HP_47	25	Pulse	99	2435239	39673	1
A_HP_47	26	Picture	response18	2446153	186	1	40149	1	0	40000	hit	138
A_HP_47	26	Response	2	2454168	8202	1
A_HP_47	26	Pulse	99	2455239	9272	1
A_HP_47	26	Pulse	99	2475239	29273	1
A_HP_47	26	Pulse	99	2495239	49273	1
A_HP_47	27	Picture	response21	2496463	97	1	40149	1	0	40000	hit	143
A_HP_47	27	Response	2	2504558	8192	1
A_HP_47	27	Pulse	99	2515239	18873	1
A_HP_47	27	Pulse	99	2535239	38873	1
A_HP_47	28	Picture	response23	2546940	174	1	40149	1	0	40000	hit	148
A_HP_47	28	Pulse	99	2555239	8473	1
A_HP_47	28	Response	1	2560078	13311	1
A_HP_47	28	Pulse	99	2575239	28473	1
A_HP_47	28	Pulse	99	2595239	48473	1
A_HP_47	29	Picture	response24	2597251	84	1	40148	1	0	40000	hit	153
A_HP_47	29	Pulse	99	2615240	18073	1
A_HP_47	29	Response	1	2618967	21801	1
A_HP_47	29	Pulse	99	2635239	38073	1
A_HP_47	30	Picture	response20	2647728	161	1	40149	1	0	40000	hit	157
A_HP_47	30	Pulse	99	2655239	7673	1
A_HP_47	30	Response	1	2659179	11612	1
A_HP_47	30	Pulse	99	2675240	27673	1
A_HP_47	30	Pulse	99	2695240	47674	1
A_HP_47	31	Picture	response22	2698039	72	1	40149	1	0	40000	hit	161
A_HP_47	31	Response	1	2708798	10832	1
A_HP_47	31	Pulse	99	2715239	17273	1
A_HP_47	31	Pulse	99	2735239	37273	1
A_HP_47	32	Picture	response19	2748516	149	1	40149	1	0	40000	hit	166
A_HP_47	32	Pulse	99	2755240	6873	1
A_HP_47	32	Response	2	2755668	7301	1
A_HP_47	32	Pulse	99	2775239	26873	1
A_HP_47	32	Pulse	99	2795239	46873	1
A_HP_47	33	Picture	ins19	2798826	60	1	30153	1	0	30000	other	0
A_HP_47	33	Pulse	99	2815239	16473	1
A_HP_47	33	Pulse	99	2835239	36472	1
A_HP_47	33	Pulse	99	2855240	56473	1
A_HP_47	33	Pulse	99	2875239	76473	1
A_HP_47	33	Pulse	99	2895239	96473	1
A_HP_47	33	Pulse	99	2915239	116473	1
A_HP_47	33	Pulse	99	2935239	136473	1
A_HP_47	33	Pulse	99	2955239	156473	1
A_HP_47	33	Pulse	99	2975239	176473	1
A_HP_47	33	Pulse	99	2995240	196473	1
A_HP_47	33	Pulse	99	3015240	216473	1
A_HP_47	33	Pulse	99	3035240	236473	1
A_HP_47	33	Pulse	99	3055240	256473	1
A_HP_47	33	Pulse	99	3075239	276473	1
A_HP_47	33	Pulse	99	3095240	296473	1
A_HP_47	34	Response	3	3115240	6387	1
A_HP_47	34	Pulse	99	3115240	6387	1
A_HP_47	35	Picture	response147	3115683	116	1	40149	1	0	40000	hit	189
A_HP_47	35	Pulse	99	3135240	19673	1
A_HP_47	35	Response	2	3141858	26291	1
A_HP_47	35	Pulse	99	3155240	39673	1
A_HP_47	36	Picture	response151	3166160	193	1	40148	1	0	40000	hit	193
A_HP_47	36	Pulse	99	3175239	9272	1
A_HP_47	36	Response	1	3184268	18302	1
A_HP_47	36	Pulse	99	3195240	29273	1
A_HP_47	36	Pulse	99	3215240	49273	1
A_HP_47	37	Picture	response146	3216471	104	1	40148	1	0	40000	hit	197
A_HP_47	37	Response	1	3231208	14841	1
A_HP_47	37	Pulse	99	3235239	18873	1
A_HP_47	37	Pulse	99	3255240	38873	1
A_HP_47	38	Picture	response145	3266948	181	1	40149	1	0	40000	hit	202
A_HP_47	38	Pulse	99	3275240	8473	1
A_HP_47	38	Response	2	3280738	13971	1
A_HP_47	38	Pulse	99	3295240	28473	1
A_HP_47	38	Pulse	99	3315240	48473	1
A_HP_47	39	Picture	response148	3317259	92	1	40148	1	0	40000	hit	206
A_HP_47	39	Response	1	3330139	12972	1
A_HP_47	39	Pulse	99	3335240	18073	1
A_HP_47	39	Pulse	99	3355240	38073	1
A_HP_47	40	Picture	response149	3367736	169	1	40148	1	0	40000	hit	212
A_HP_47	40	Pulse	99	3375240	7673	1
A_HP_47	40	Pulse	99	3395240	27673	1
A_HP_47	40	Response	2	3409898	42331	1
A_HP_47	40	Pulse	99	3415240	47673	1
A_HP_47	41	Picture	response150	3418046	79	1	40149	1	0	40000	incorrect	215
A_HP_47	41	Response	1	3430589	12622	1
A_HP_47	41	Pulse	99	3435240	17273	1
A_HP_47	41	Pulse	99	3455240	37273	1
A_HP_47	42	Picture	response152	3468523	156	1	40148	1	0	40000	hit	220
A_HP_47	42	Pulse	99	3475240	6873	1
A_HP_47	42	Response	1	3481209	12842	1
A_HP_47	42	Pulse	99	3495240	26873	1
A_HP_47	42	Pulse	99	3515240	46873	1
A_HP_47	43	Picture	ins1	3518834	67	1	30153	1	0	30000	other	0
A_HP_47	43	Pulse	99	3535240	16473	1
A_HP_47	43	Pulse	99	3555240	36473	1
A_HP_47	43	Pulse	99	3575240	56473	1
A_HP_47	43	Pulse	99	3595240	76473	1
A_HP_47	43	Pulse	99	3615240	96473	1
A_HP_47	43	Pulse	99	3635240	116473	1
A_HP_47	43	Pulse	99	3655240	136473	1
A_HP_47	43	Pulse	99	3675240	156473	1
A_HP_47	43	Pulse	99	3695240	176473	1
A_HP_47	43	Pulse	99	3715240	196473	1
A_HP_47	43	Pulse	99	3735240	216473	1
A_HP_47	43	Pulse	99	3755240	236473	1
A_HP_47	43	Pulse	99	3775240	256473	1
A_HP_47	43	Pulse	99	3795240	276473	1
A_HP_47	43	Pulse	99	3815240	296473	1
A_HP_47	44	Response	3	3835241	6381	1
A_HP_47	44	Pulse	99	3835241	6381	1
A_HP_47	45	Picture	response2	3835691	123	1	40149	1	0	40000	hit	242
A_HP_47	45	Response	2	3848069	12502	1
A_HP_47	45	Pulse	99	3855240	19673	1
A_HP_47	45	Pulse	99	3875240	39673	1
A_HP_47	46	Picture	response6	3886001	34	1	40149	1	0	40000	hit	247
A_HP_47	46	Pulse	99	3895241	9273	1
A_HP_47	46	Response	1	3904059	18091	1
A_HP_47	46	Pulse	99	3915240	29273	1
A_HP_47	46	Pulse	99	3935240	49273	1
A_HP_47	47	Picture	response4	3936478	111	1	40148	1	0	40000	hit	251
A_HP_47	47	Response	2	3949089	12722	1
A_HP_47	47	Pulse	99	3955240	18873	1
A_HP_47	47	Pulse	99	3975240	38873	1
A_HP_47	48	Picture	response1	3986956	188	1	40148	1	0	40000	hit	256
A_HP_47	48	Pulse	99	3995240	8473	1
A_HP_47	48	Response	2	3995758	8991	1
A_HP_47	48	Pulse	99	4015240	28473	1
A_HP_47	48	Pulse	99	4035240	48472	1
A_HP_47	49	Picture	response3	4037266	99	1	40149	1	0	40000	hit	260
A_HP_47	49	Response	1	4046239	9072	1
A_HP_47	49	Pulse	99	4055240	18073	1
A_HP_47	49	Pulse	99	4075240	38073	1
A_HP_47	50	Picture	response7	4087743	176	1	40149	1	0	40000	hit	264
A_HP_47	50	Response	1	4094499	6932	1
A_HP_47	50	Pulse	99	4095240	7673	1
A_HP_47	50	Pulse	99	4115240	27673	1
A_HP_47	50	Pulse	99	4135240	47673	1
A_HP_47	51	Picture	response5	4138054	86	1	40148	1	0	40000	hit	269
A_HP_47	51	Response	2	4145439	7472	1
A_HP_47	51	Pulse	99	4155241	17273	1
A_HP_47	51	Pulse	99	4175240	37273	1
A_HP_47	52	Picture	response8	4188531	164	1	40148	1	0	40000	hit	274
A_HP_47	52	Pulse	99	4195240	6873	1
A_HP_47	52	Response	2	4198059	9691	1
A_HP_47	52	Pulse	99	4215241	26873	1
A_HP_47	52	Pulse	99	4235240	46873	1
A_HP_47	53	Picture	ins9	4238842	74	1	30153	1	0	30000	other	0
A_HP_47	53	Pulse	99	4255240	16473	1
A_HP_47	53	Pulse	99	4275240	36473	1
A_HP_47	53	Pulse	99	4295241	56473	1
A_HP_47	53	Pulse	99	4315240	76473	1
A_HP_47	53	Pulse	99	4335241	96473	1
A_HP_47	53	Pulse	99	4355240	116473	1
A_HP_47	53	Pulse	99	4375240	136473	1
A_HP_47	53	Pulse	99	4395240	156473	1
A_HP_47	53	Pulse	99	4415240	176473	1
A_HP_47	53	Pulse	99	4435241	196474	1
A_HP_47	53	Pulse	99	4455240	216472	1
A_HP_47	53	Pulse	99	4475240	236473	1
A_HP_47	53	Pulse	99	4495241	256473	1
A_HP_47	53	Pulse	99	4515240	276473	1
A_HP_47	53	Pulse	99	4535240	296473	1
A_HP_47	54	Response	3	4555240	6372	1
A_HP_47	54	Pulse	99	4555240	6372	1
A_HP_47	55	Picture	response65	4555698	131	1	40148	1	0	40000	hit	296
A_HP_47	55	Response	1	4571789	16222	1
A_HP_47	55	Pulse	99	4575240	19672	1
A_HP_47	55	Pulse	99	4595241	39673	1
A_HP_47	56	Picture	response70	4606009	41	1	40149	1	0	40000	hit	300
A_HP_47	56	Response	2	4613909	7941	1
A_HP_47	56	Pulse	99	4615240	9273	1
A_HP_47	56	Pulse	99	4635241	29273	1
A_HP_47	56	Pulse	99	4655241	49273	1
A_HP_47	57	Picture	response68	4656486	118	1	40149	1	0	40000	incorrect	305
A_HP_47	57	Response	1	4665269	8901	1
A_HP_47	57	Pulse	99	4675240	18872	1
A_HP_47	57	Pulse	99	4695241	38873	1
A_HP_47	58	Picture	response69	4706963	195	1	40149	1	0	40000	hit	310
A_HP_47	58	Pulse	99	4715241	8473	1
A_HP_47	58	Response	1	4719600	12832	1
A_HP_47	58	Pulse	99	4735240	28473	1
A_HP_47	58	Pulse	99	4755241	48473	1
A_HP_47	59	Picture	response67	4757274	106	1	40148	1	0	40000	hit	314
A_HP_47	59	Response	1	4766409	9242	1
A_HP_47	59	Pulse	99	4775241	18073	1
A_HP_47	59	Pulse	99	4795241	38073	1
A_HP_47	60	Picture	response66	4807751	183	1	40148	1	0	40000	hit	319
A_HP_47	60	Pulse	99	4815241	7673	1
A_HP_47	60	Response	2	4816139	8571	1
A_HP_47	60	Pulse	99	4835241	27673	1
A_HP_47	60	Pulse	99	4855240	47673	1
A_HP_47	61	Picture	response72	4858061	94	1	40149	1	0	40000	hit	323
A_HP_47	61	Response	1	4867509	9541	1
A_HP_47	61	Pulse	99	4875241	17273	1
A_HP_47	61	Pulse	99	4895241	37273	1
A_HP_47	62	Picture	response71	4908539	171	1	40149	1	0	40000	hit	328
A_HP_47	62	Pulse	99	4915241	6873	1
A_HP_47	62	Response	1	4915728	7360	1
A_HP_47	62	Pulse	99	4935161	26793	1
A_HP_47	62	Pulse	99	4955241	46873	1
A_HP_47	63	Picture	thanks	4958516	0	1	10162	1	0	10000	other	0
A_HP_47	63	Pulse	99	4975241	16725	1


Event Type	Code	Type	Response	RT	RT Uncertainty	Time	Uncertainty	Duration	Uncertainty	ReqTime	ReqDur

Picture	ready	other				575332	1	10162	1	0	10000
Picture	ins17	other				635805	1	30153	1	0	30000
Picture	response135	incorrect	1	21787	2	955660	1	40148	1	0	40000
Picture	response131	hit	2	15770	2	1006137	1	40149	1	0	40000
Picture	response136	hit	2	7489	2	1056448	1	40148	1	0	40000
Picture	response132	hit	1	12972	2	1106925	1	40148	1	0	40000
Picture	response133	hit	1	14902	2	1157236	1	40148	1	0	40000
Picture	response134	incorrect	2	26754	2	1207713	1	40149	1	0	40000
Picture	response129	hit	2	21044	2	1258023	1	40148	1	0	40000
Picture	response130	incorrect	2	23407	2	1308501	1	40148	1	0	40000
Picture	ins11	other				1358811	1	30153	1	0	30000
Picture	response82	hit	1	13540	2	1675668	1	40149	1	0	40000
Picture	response87	hit	2	15043	2	1726145	1	40149	1	0	40000
Picture	response86	hit	2	14322	2	1776456	1	40148	1	0	40000
Picture	response85	hit	1	18975	2	1826933	1	40148	1	0	40000
Picture	response88	hit	2	22114	2	1877243	1	40148	1	0	40000
Picture	response84	hit	1	20797	2	1927720	1	40148	1	0	40000
Picture	response81	hit	2	12897	2	1978031	1	40148	1	0	40000
Picture	response83	hit	2	18540	2	2028508	1	40149	1	0	40000
Picture	ins3	other				2078819	1	30153	1	0	30000
Picture	response17	hit	1	15702	2	2395675	1	40149	1	0	40000
Picture	response18	hit	2	8015	2	2446153	1	40149	1	0	40000
Picture	response21	hit	2	8095	2	2496463	1	40149	1	0	40000
Picture	response23	hit	1	13138	2	2546940	1	40149	1	0	40000
Picture	response24	hit	1	21717	2	2597251	1	40148	1	0	40000
Picture	response20	hit	1	11451	2	2647728	1	40149	1	0	40000
Picture	response22	hit	1	10760	2	2698039	1	40149	1	0	40000
Picture	response19	hit	2	7152	2	2748516	1	40149	1	0	40000
Picture	ins19	other				2798826	1	30153	1	0	30000
Picture	response147	hit	2	26175	2	3115683	1	40149	1	0	40000
Picture	response151	hit	1	18108	2	3166160	1	40148	1	0	40000
Picture	response146	hit	1	14738	2	3216471	1	40148	1	0	40000
Picture	response145	hit	2	13790	2	3266948	1	40149	1	0	40000
Picture	response148	hit	1	12880	2	3317259	1	40148	1	0	40000
Picture	response149	hit	2	42163	2	3367736	1	40148	1	0	40000
Picture	response150	incorrect	1	12543	2	3418046	1	40149	1	0	40000
Picture	response152	hit	1	12685	2	3468523	1	40148	1	0	40000
Picture	ins1	other				3518834	1	30153	1	0	30000
Picture	response2	hit	2	12378	2	3835691	1	40149	1	0	40000
Picture	response6	hit	1	18058	2	3886001	1	40149	1	0	40000
Picture	response4	hit	2	12610	2	3936478	1	40148	1	0	40000
Picture	response1	hit	2	8802	2	3986956	1	40148	1	0	40000
Picture	response3	hit	1	8973	2	4037266	1	40149	1	0	40000
Picture	response7	hit	1	6756	2	4087743	1	40149	1	0	40000
Picture	response5	hit	2	7385	2	4138054	1	40148	1	0	40000
Picture	response8	hit	2	9528	2	4188531	1	40148	1	0	40000
Picture	ins9	other				4238842	1	30153	1	0	30000
Picture	response65	hit	1	16091	2	4555698	1	40148	1	0	40000
Picture	response70	hit	2	7900	2	4606009	1	40149	1	0	40000
Picture	response68	incorrect	1	8783	2	4656486	1	40149	1	0	40000
Picture	response69	hit	1	12636	2	4706963	1	40149	1	0	40000
Picture	response67	hit	1	9136	2	4757274	1	40148	1	0	40000
Picture	response66	hit	2	8388	2	4807751	1	40148	1	0	40000
Picture	response72	hit	1	9448	2	4858061	1	40149	1	0	40000
Picture	response71	hit	1	7190	2	4908539	1	40149	1	0	40000
Picture	thanks	other				4958516	1	10162	1	0	10000


{
   "app": "Presentation Version 21.1 Build 09.05.19",
   "device": "LENOVO 20FBCTO1WW",
   "experiment": "{C0C68DB1-10BA-42F2-8F79-3F2AFFEED4E4}",
   "os": "Windows 10 64 bit",
   "package": "",
   "parameters": {
      "configuration": "Default configuration"
   },
   "scenario": "Feature experiment(1).sce",
   "subject": "A_HP_47",
   "timestamp": "2020/01/16 04:38:45 GMT"
}
