Scenario - 
Logfile written - 07/18/2019 15:20:09

Subject	Trial	Event Type	Code	Time	TTime	Uncertainty	Duration	Uncertainty	ReqTime	ReqDur	Stim Type	Pair Index

A_HP_04	1	Response	3	600286	599120	1
A_HP_04	1	Pulse	99	600286	599120	1
A_HP_04	2	Picture	ready	600518	0	1	10229	1	0	10000	other	0
A_HP_04	2	Pulse	99	620366	19848	1
A_HP_04	2	Pulse	99	640366	39848	1
A_HP_04	2	Pulse	99	660286	59768	1
A_HP_04	3	Picture	ins11	661147	233	1	30229	1	0	30000	other	0
A_HP_04	3	Pulse	99	680366	19452	1
A_HP_04	3	Pulse	99	700367	39452	1
A_HP_04	3	Pulse	99	720287	59372	1
A_HP_04	3	Pulse	99	740367	79452	1
A_HP_04	3	Pulse	99	760367	99452	1
A_HP_04	3	Pulse	99	780287	119372	1
A_HP_04	3	Pulse	99	800367	139452	1
A_HP_04	3	Pulse	99	820367	159452	1
A_HP_04	3	Pulse	99	840287	179372	1
A_HP_04	3	Pulse	99	860366	199452	1
A_HP_04	3	Pulse	99	880367	219452	1
A_HP_04	3	Pulse	99	900367	239452	1
A_HP_04	3	Pulse	99	920287	259372	1
A_HP_04	3	Pulse	99	940367	279452	1
A_HP_04	3	Pulse	99	960367	299452	1
A_HP_04	4	Response	3	980286	9142	1
A_HP_04	4	Pulse	99	980286	9142	1
A_HP_04	5	Picture	response88	980845	230	1	40230	1	0	40000	hit	26
A_HP_04	5	Response	2	997075	16460	1
A_HP_04	5	Pulse	99	1000366	19751	1
A_HP_04	5	Pulse	99	1020367	39751	1
A_HP_04	6	Picture	response85	1031303	288	1	40229	1	0	40000	hit	31
A_HP_04	6	Pulse	99	1040287	9272	1
A_HP_04	6	Response	1	1056605	25590	1
A_HP_04	6	Pulse	99	1060366	29351	1
A_HP_04	6	Pulse	99	1080367	49352	1
A_HP_04	7	Picture	response86	1081595	180	1	40229	1	0	40000	hit	36
A_HP_04	7	Pulse	99	1100287	18872	1
A_HP_04	7	Response	2	1100385	18970	1
A_HP_04	7	Pulse	99	1120367	38952	1
A_HP_04	8	Picture	response87	1132053	238	1	40229	1	0	40000	hit	40
A_HP_04	8	Pulse	99	1140367	8552	1
A_HP_04	8	Response	2	1147736	15920	1
A_HP_04	8	Pulse	99	1160287	28472	1
A_HP_04	8	Pulse	99	1180367	48552	1
A_HP_04	9	Picture	response83	1182344	129	1	40229	1	0	40000	hit	44
A_HP_04	9	Response	2	1190926	8711	1
A_HP_04	9	Pulse	99	1200367	18152	1
A_HP_04	9	Pulse	99	1220287	38072	1
A_HP_04	10	Picture	response84	1232802	187	1	40230	1	0	40000	hit	49
A_HP_04	10	Pulse	99	1240367	7752	1
A_HP_04	10	Response	1	1253786	21170	1
A_HP_04	10	Pulse	99	1260366	27751	1
A_HP_04	10	Pulse	99	1280287	47672	1
A_HP_04	11	Picture	response81	1283261	246	1	40230	1	0	40000	hit	53
A_HP_04	11	Response	2	1297835	14821	1
A_HP_04	11	Pulse	99	1300366	17351	1
A_HP_04	11	Pulse	99	1320366	37351	1
A_HP_04	12	Picture	response82	1333552	137	1	40229	1	0	40000	hit	58
A_HP_04	12	Pulse	99	1340287	6872	1
A_HP_04	12	Response	1	1358496	25081	1
A_HP_04	12	Pulse	99	1360286	26871	1
A_HP_04	12	Pulse	99	1380367	46952	1
A_HP_04	13	Picture	ins1	1384010	196	1	30229	1	0	30000	other	0
A_HP_04	13	Pulse	99	1400367	16552	1
A_HP_04	13	Pulse	99	1420287	36472	1
A_HP_04	13	Pulse	99	1440367	56552	1
A_HP_04	13	Pulse	99	1460367	76552	1
A_HP_04	13	Pulse	99	1480287	96472	1
A_HP_04	13	Pulse	99	1500367	116552	1
A_HP_04	13	Pulse	99	1520367	136552	1
A_HP_04	13	Pulse	99	1540287	156472	1
A_HP_04	13	Pulse	99	1560367	176552	1
A_HP_04	13	Pulse	99	1580367	196552	1
A_HP_04	13	Pulse	99	1600287	216472	1
A_HP_04	13	Pulse	99	1620367	236552	1
A_HP_04	13	Pulse	99	1640367	256552	1
A_HP_04	13	Pulse	99	1660287	276473	1
A_HP_04	13	Pulse	99	1680367	296552	1
A_HP_04	14	Response	3	1700367	6322	1
A_HP_04	14	Pulse	99	1700367	6322	1
A_HP_04	15	Picture	response8	1700945	229	1	40396	1	0	40000	hit	80
A_HP_04	15	Response	2	1710626	9911	1
A_HP_04	15	Pulse	99	1720287	19572	1
A_HP_04	15	Pulse	99	1740287	39572	1
A_HP_04	16	Picture	response6	1751236	120	1	40229	1	0	40000	hit	85
A_HP_04	16	Pulse	99	1760367	9251	1
A_HP_04	16	Response	1	1765465	14350	1
A_HP_04	16	Pulse	99	1780287	29171	1
A_HP_04	16	Pulse	99	1800287	49171	1
A_HP_04	17	Picture	response7	1801694	179	1	40229	1	0	40000	hit	89
A_HP_04	17	Response	1	1813536	12021	1
A_HP_04	17	Pulse	99	1820367	18852	1
A_HP_04	17	Pulse	99	1840287	38772	1
A_HP_04	18	Picture	response1	1852151	236	1	40229	1	0	40000	hit	94
A_HP_04	18	Pulse	99	1860287	8372	1
A_HP_04	18	Response	2	1863306	11390	1
A_HP_04	18	Pulse	99	1880367	28452	1
A_HP_04	18	Pulse	99	1900287	48372	1
A_HP_04	19	Picture	response4	1902609	293	1	40229	1	0	40000	hit	98
A_HP_04	19	Response	2	1912946	10631	1
A_HP_04	19	Pulse	99	1920287	17972	1
A_HP_04	19	Pulse	99	1940367	38052	1
A_HP_04	20	Picture	response3	1952900	184	1	40229	1	0	40000	hit	103
A_HP_04	20	Pulse	99	1960367	7651	1
A_HP_04	20	Response	1	1963996	11280	1
A_HP_04	20	Pulse	99	1980287	27571	1
A_HP_04	20	Pulse	99	2000367	47651	1
A_HP_04	21	Picture	response2	2003191	76	1	40229	1	0	40000	hit	107
A_HP_04	21	Response	2	2020366	17251	1
A_HP_04	21	Pulse	99	2020366	17251	1
A_HP_04	21	Pulse	99	2040287	37172	1
A_HP_04	22	Picture	response5	2053815	300	1	40229	1	0	40000	hit	112
A_HP_04	22	Pulse	99	2060367	6852	1
A_HP_04	22	Response	2	2064136	10620	1
A_HP_04	22	Pulse	99	2080367	26852	1
A_HP_04	22	Pulse	99	2100287	46772	1
A_HP_04	23	Picture	ins9	2104107	191	1	30229	1	0	30000	other	0
A_HP_04	23	Pulse	99	2120368	16452	1
A_HP_04	23	Pulse	99	2140368	36452	1
A_HP_04	23	Pulse	99	2160287	56372	1
A_HP_04	23	Pulse	99	2180287	76372	1
A_HP_04	23	Pulse	99	2200368	96452	1
A_HP_04	23	Pulse	99	2220288	116372	1
A_HP_04	23	Pulse	99	2240288	136372	1
A_HP_04	23	Pulse	99	2260368	156452	1
A_HP_04	23	Pulse	99	2280288	176372	1
A_HP_04	23	Pulse	99	2300287	196372	1
A_HP_04	23	Pulse	99	2320368	216452	1
A_HP_04	23	Pulse	99	2340288	236372	1
A_HP_04	23	Pulse	99	2360288	256372	1
A_HP_04	23	Pulse	99	2380368	276452	1
A_HP_04	23	Pulse	99	2400288	296372	1
A_HP_04	24	Response	3	2420287	6142	1
A_HP_04	24	Pulse	99	2420287	6142	1
A_HP_04	25	Picture	response67	2420845	230	1	40229	1	0	40000	hit	134
A_HP_04	25	Response	1	2436976	16361	1
A_HP_04	25	Pulse	99	2440367	19751	1
A_HP_04	25	Pulse	99	2460287	39672	1
A_HP_04	26	Picture	response69	2471303	287	1	40229	1	0	40000	hit	139
A_HP_04	26	Pulse	99	2480288	9272	1
A_HP_04	26	Response	1	2492836	21821	1
A_HP_04	26	Pulse	99	2500367	29351	1
A_HP_04	26	Pulse	99	2520368	49352	1
A_HP_04	27	Picture	response72	2521594	178	1	40229	1	0	40000	hit	144
A_HP_04	27	Pulse	99	2540287	18871	1
A_HP_04	27	Response	1	2542606	21190	1
A_HP_04	27	Pulse	99	2560287	38872	1
A_HP_04	28	Picture	response70	2572052	236	1	40229	1	0	40000	hit	148
A_HP_04	28	Pulse	99	2580368	8552	1
A_HP_04	28	Response	2	2586386	14570	1
A_HP_04	28	Pulse	99	2600288	28472	1
A_HP_04	28	Pulse	99	2620287	48471	1
A_HP_04	29	Picture	response71	2622344	128	1	40229	1	0	40000	hit	152
A_HP_04	29	Response	1	2639726	17511	1
A_HP_04	29	Pulse	99	2640367	18151	1
A_HP_04	29	Pulse	99	2660288	38072	1
A_HP_04	30	Picture	response66	2672802	186	1	40229	1	0	40000	hit	157
A_HP_04	30	Pulse	99	2680288	7671	1
A_HP_04	30	Response	2	2685376	12760	1
A_HP_04	30	Pulse	99	2700368	27751	1
A_HP_04	30	Pulse	99	2720288	47671	1
A_HP_04	31	Picture	response68	2723260	244	1	40229	1	0	40000	hit	162
A_HP_04	31	Pulse	99	2740288	17272	1
A_HP_04	31	Response	2	2747276	24260	1
A_HP_04	31	Pulse	99	2760368	37352	1
A_HP_04	32	Picture	response65	2773552	136	1	40229	1	0	40000	hit	166
A_HP_04	32	Pulse	99	2780288	6872	1
A_HP_04	32	Response	1	2786056	12640	1
A_HP_04	32	Pulse	99	2800288	26872	1
A_HP_04	32	Pulse	99	2820368	46952	1
A_HP_04	33	Picture	ins3	2824009	193	1	30229	1	0	30000	other	0
A_HP_04	33	Pulse	99	2840288	16472	1
A_HP_04	33	Pulse	99	2860288	36472	1
A_HP_04	33	Pulse	99	2880368	56552	1
A_HP_04	33	Pulse	99	2900288	76472	1
A_HP_04	33	Pulse	99	2920288	96472	1
A_HP_04	33	Pulse	99	2940288	116472	1
A_HP_04	33	Pulse	99	2960288	136472	1
A_HP_04	33	Pulse	99	2980288	156472	1
A_HP_04	33	Pulse	99	3000288	176472	1
A_HP_04	33	Pulse	99	3020368	196552	1
A_HP_04	33	Pulse	99	3040288	216472	1
A_HP_04	33	Pulse	99	3060288	236472	1
A_HP_04	33	Pulse	99	3080368	256552	1
A_HP_04	33	Pulse	99	3100288	276472	1
A_HP_04	33	Pulse	99	3120288	296472	1
A_HP_04	34	Response	3	3140368	6322	1
A_HP_04	34	Pulse	99	3140368	6322	1
A_HP_04	35	Picture	response22	3140946	230	1	40396	1	0	40000	hit	188
A_HP_04	35	Response	1	3153896	13180	1
A_HP_04	35	Pulse	99	3160288	19571	1
A_HP_04	35	Pulse	99	3180288	39571	1
A_HP_04	36	Picture	response23	3191237	120	1	40229	1	0	40000	hit	193
A_HP_04	36	Pulse	99	3200368	9252	1
A_HP_04	36	Response	1	3200596	9479	1
A_HP_04	36	Pulse	99	3220288	29171	1
A_HP_04	36	Pulse	99	3240288	49171	1
A_HP_04	37	Picture	response17	3241695	180	1	40229	1	0	40000	hit	197
A_HP_04	37	Response	1	3253707	12192	1
A_HP_04	37	Pulse	99	3260368	18853	1
A_HP_04	37	Pulse	99	3280288	38773	1
A_HP_04	38	Picture	response21	3292153	237	1	40229	1	0	40000	hit	201
A_HP_04	38	Response	2	3298447	6531	1
A_HP_04	38	Pulse	99	3300286	8370	1
A_HP_04	38	Pulse	99	3320368	28452	1
A_HP_04	38	Pulse	99	3340288	48372	1
A_HP_04	39	Picture	response19	3342611	295	1	40396	1	0	40000	hit	206
A_HP_04	39	Response	2	3349587	7271	1
A_HP_04	39	Pulse	99	3360288	17972	1
A_HP_04	39	Pulse	99	3380288	37972	1
A_HP_04	40	Picture	response18	3392902	185	1	40229	1	0	40000	hit	211
A_HP_04	40	Pulse	99	3400288	7572	1
A_HP_04	40	Response	2	3404797	12080	1
A_HP_04	40	Pulse	99	3420288	27572	1
A_HP_04	40	Pulse	99	3440288	47572	1
A_HP_04	41	Picture	response20	3443192	76	1	40229	1	0	40000	hit	215
A_HP_04	41	Response	1	3451477	8360	1
A_HP_04	41	Pulse	99	3460287	17171	1
A_HP_04	41	Pulse	99	3480288	37171	1
A_HP_04	42	Picture	response24	3493816	300	1	40229	1	0	40000	hit	220
A_HP_04	42	Pulse	99	3500288	6772	1
A_HP_04	42	Response	1	3506517	13001	1
A_HP_04	42	Pulse	99	3520288	26772	1
A_HP_04	42	Pulse	99	3540288	46772	1
A_HP_04	43	Picture	ins17	3544107	191	1	30229	1	0	30000	other	0
A_HP_04	43	Pulse	99	3560288	16372	1
A_HP_04	43	Pulse	99	3580368	36452	1
A_HP_04	43	Pulse	99	3600288	56372	1
A_HP_04	43	Pulse	99	3620288	76371	1
A_HP_04	43	Pulse	99	3640368	96452	1
A_HP_04	43	Pulse	99	3660288	116372	1
A_HP_04	43	Pulse	99	3680288	136372	1
A_HP_04	43	Pulse	99	3700368	156452	1
A_HP_04	43	Pulse	99	3720288	176371	1
A_HP_04	43	Pulse	99	3740288	196372	1
A_HP_04	43	Pulse	99	3760288	216372	1
A_HP_04	43	Pulse	99	3780289	236372	1
A_HP_04	43	Pulse	99	3800288	256371	1
A_HP_04	43	Pulse	99	3820288	276372	1
A_HP_04	43	Pulse	99	3840288	296372	1
A_HP_04	44	Response	3	3860288	6142	1
A_HP_04	44	Pulse	99	3860288	6142	1
A_HP_04	45	Picture	response133	3860846	229	1	40229	1	0	40000	incorrect	243
A_HP_04	45	Pulse	99	3880288	19672	1
A_HP_04	45	Response	2	3880667	20050	1
A_HP_04	45	Pulse	99	3900288	39672	1
A_HP_04	46	Picture	response136	3911304	287	1	40129	1	0	40000	hit	247
A_HP_04	46	Pulse	99	3920288	9272	1
A_HP_04	46	Response	2	3923807	12790	1
A_HP_04	46	Pulse	99	3940288	29272	1
A_HP_04	46	Pulse	99	3960288	49272	1
A_HP_04	47	Picture	response129	3961662	245	1	40229	1	0	40000	hit	252
A_HP_04	47	Pulse	99	3980288	18872	1
A_HP_04	47	Response	2	3984067	22650	1
A_HP_04	47	Pulse	99	4000289	38872	1
A_HP_04	48	Picture	response134	4012120	304	1	40229	1	0	40000	hit	257
A_HP_04	48	Pulse	99	4020288	8472	1
A_HP_04	48	Pulse	99	4040288	28472	1
A_HP_04	48	Response	1	4040946	29130	1
A_HP_04	48	Pulse	99	4060288	48472	1
A_HP_04	49	Picture	response130	4062411	194	1	40229	1	0	40000	hit	261
A_HP_04	49	Pulse	99	4080288	18072	1
A_HP_04	49	Response	1	4085277	23060	1
A_HP_04	49	Pulse	99	4100288	38071	1
A_HP_04	50	Picture	response131	4112702	86	1	40230	1	0	40000	incorrect	265
A_HP_04	50	Pulse	99	4120289	7672	1
A_HP_04	50	Response	1	4138747	26131	1
A_HP_04	50	Pulse	99	4140368	27752	1
A_HP_04	50	Pulse	99	4160289	47672	1
A_HP_04	51	Picture	response135	4163327	311	1	40229	1	0	40000	hit	269
A_HP_04	51	Response	2	4178947	15931	1
A_HP_04	51	Pulse	99	4180288	17271	1
A_HP_04	51	Pulse	99	4200288	37272	1
A_HP_04	52	Picture	response132	4213618	202	1	40229	1	0	40000	hit	274
A_HP_04	52	Pulse	99	4220288	6872	1
A_HP_04	52	Response	1	4239727	26311	1
A_HP_04	52	Pulse	99	4240288	26872	1
A_HP_04	52	Pulse	99	4260289	46873	1
A_HP_04	53	Picture	ins19	4264076	260	1	30229	1	0	30000	other	0
A_HP_04	53	Pulse	99	4280289	16473	1
A_HP_04	53	Pulse	99	4300289	36473	1
A_HP_04	53	Pulse	99	4320289	56473	1
A_HP_04	53	Pulse	99	4340289	76473	1
A_HP_04	53	Pulse	99	4360288	96472	1
A_HP_04	53	Pulse	99	4380289	116473	1
A_HP_04	53	Pulse	99	4400289	136473	1
A_HP_04	53	Pulse	99	4420288	156472	1
A_HP_04	53	Pulse	99	4440289	176473	1
A_HP_04	53	Pulse	99	4460289	196473	1
A_HP_04	53	Pulse	99	4480288	216472	1
A_HP_04	53	Pulse	99	4500289	236473	1
A_HP_04	53	Pulse	99	4520289	256473	1
A_HP_04	53	Pulse	99	4540289	276473	1
A_HP_04	53	Pulse	99	4560289	296473	1
A_HP_04	54	Response	3	4580289	6243	1
A_HP_04	54	Pulse	99	4580289	6243	1
A_HP_04	55	Picture	response150	4580847	230	1	40229	1	0	40000	hit	296
A_HP_04	55	Response	2	4596617	16000	1
A_HP_04	55	Pulse	99	4600288	19671	1
A_HP_04	55	Pulse	99	4620289	39671	1
A_HP_04	56	Picture	response146	4631304	288	1	40229	1	0	40000	hit	302
A_HP_04	56	Pulse	99	4640289	9272	1
A_HP_04	56	Pulse	99	4660289	29272	1
A_HP_04	56	Response	1	4660387	29370	1
A_HP_04	56	Pulse	99	4680289	49272	1
A_HP_04	57	Picture	response151	4681596	179	1	40229	1	0	40000	hit	306
A_HP_04	57	Pulse	99	4700289	18872	1
A_HP_04	57	Response	1	4702407	20990	1
A_HP_04	57	Pulse	99	4720289	38872	1
A_HP_04	58	Picture	response145	4732053	236	1	40229	1	0	40000	hit	310
A_HP_04	58	Pulse	99	4740289	8472	1
A_HP_04	58	Response	2	4746167	14350	1
A_HP_04	58	Pulse	99	4760288	28471	1
A_HP_04	58	Pulse	99	4780289	48472	1
A_HP_04	59	Picture	response149	4782344	127	1	40229	1	0	40000	hit	315
A_HP_04	59	Pulse	99	4800289	18072	1
A_HP_04	59	Response	2	4803997	21780	1
A_HP_04	59	Pulse	99	4820289	38071	1
A_HP_04	60	Picture	response152	4832802	185	1	40229	1	0	40000	hit	319
A_HP_04	60	Pulse	99	4840289	7672	1
A_HP_04	60	Response	1	4852348	19731	1
A_HP_04	60	Pulse	99	4860288	27672	1
A_HP_04	60	Pulse	99	4880289	47672	1
A_HP_04	61	Picture	response148	4883260	243	1	40229	1	0	40000	hit	323
A_HP_04	61	Response	1	4898338	15320	1
A_HP_04	61	Pulse	99	4900288	17271	1
A_HP_04	61	Pulse	99	4920288	37271	1
A_HP_04	62	Picture	response147	4933551	134	1	40229	1	0	40000	hit	328
A_HP_04	62	Pulse	99	4940289	6872	1
A_HP_04	62	Response	2	4947367	13950	1
A_HP_04	62	Pulse	99	4960289	26872	1
A_HP_04	62	Pulse	99	4980289	46872	1
A_HP_04	63	Picture	thanks	4983509	0	1	10229	1	0	10000	other	0
A_HP_04	63	Pulse	99	5000289	16779	1


Event Type	Code	Type	Response	RT	RT Uncertainty	Time	Uncertainty	Duration	Uncertainty	ReqTime	ReqDur

Picture	ready	other				600518	1	10229	1	0	10000
Picture	ins11	other				661147	1	30229	1	0	30000
Picture	response88	hit	2	16230	2	980845	1	40230	1	0	40000
Picture	response85	hit	1	25302	2	1031303	1	40229	1	0	40000
Picture	response86	hit	2	18790	2	1081595	1	40229	1	0	40000
Picture	response87	hit	2	15683	2	1132053	1	40229	1	0	40000
Picture	response83	hit	2	8582	2	1182344	1	40229	1	0	40000
Picture	response84	hit	1	20983	2	1232802	1	40230	1	0	40000
Picture	response81	hit	2	14575	2	1283261	1	40230	1	0	40000
Picture	response82	hit	1	24943	2	1333552	1	40229	1	0	40000
Picture	ins1	other				1384010	1	30229	1	0	30000
Picture	response8	hit	2	9681	2	1700945	1	40396	1	0	40000
Picture	response6	hit	1	14230	2	1751236	1	40229	1	0	40000
Picture	response7	hit	1	11842	2	1801694	1	40229	1	0	40000
Picture	response1	hit	2	11154	2	1852151	1	40229	1	0	40000
Picture	response4	hit	2	10337	2	1902609	1	40229	1	0	40000
Picture	response3	hit	1	11096	2	1952900	1	40229	1	0	40000
Picture	response2	hit	2	17175	2	2003191	1	40229	1	0	40000
Picture	response5	hit	2	10320	2	2053815	1	40229	1	0	40000
Picture	ins9	other				2104107	1	30229	1	0	30000
Picture	response67	hit	1	16131	2	2420845	1	40229	1	0	40000
Picture	response69	hit	1	21534	2	2471303	1	40229	1	0	40000
Picture	response72	hit	1	21012	2	2521594	1	40229	1	0	40000
Picture	response70	hit	2	14334	2	2572052	1	40229	1	0	40000
Picture	response71	hit	1	17382	2	2622344	1	40229	1	0	40000
Picture	response66	hit	2	12574	2	2672802	1	40229	1	0	40000
Picture	response68	hit	2	24016	2	2723260	1	40229	1	0	40000
Picture	response65	hit	1	12504	2	2773552	1	40229	1	0	40000
Picture	ins3	other				2824009	1	30229	1	0	30000
Picture	response22	hit	1	12950	2	3140946	1	40396	1	0	40000
Picture	response23	hit	1	9359	2	3191237	1	40229	1	0	40000
Picture	response17	hit	1	12012	2	3241695	1	40229	1	0	40000
Picture	response21	hit	2	6294	2	3292153	1	40229	1	0	40000
Picture	response19	hit	2	6976	2	3342611	1	40396	1	0	40000
Picture	response18	hit	2	11895	2	3392902	1	40229	1	0	40000
Picture	response20	hit	1	8284	2	3443192	1	40229	1	0	40000
Picture	response24	hit	1	12701	2	3493816	1	40229	1	0	40000
Picture	ins17	other				3544107	1	30229	1	0	30000
Picture	response133	incorrect	2	19821	2	3860846	1	40229	1	0	40000
Picture	response136	hit	2	12503	2	3911304	1	40129	1	0	40000
Picture	response129	hit	2	22405	2	3961662	1	40229	1	0	40000
Picture	response134	hit	1	28826	2	4012120	1	40229	1	0	40000
Picture	response130	hit	1	22865	2	4062411	1	40229	1	0	40000
Picture	response131	incorrect	1	26045	2	4112702	1	40230	1	0	40000
Picture	response135	hit	2	15620	2	4163327	1	40229	1	0	40000
Picture	response132	hit	1	26109	2	4213618	1	40229	1	0	40000
Picture	ins19	other				4264076	1	30229	1	0	30000
Picture	response150	hit	2	15770	2	4580847	1	40229	1	0	40000
Picture	response146	hit	1	29082	2	4631304	1	40229	1	0	40000
Picture	response151	hit	1	20811	2	4681596	1	40229	1	0	40000
Picture	response145	hit	2	14114	2	4732053	1	40229	1	0	40000
Picture	response149	hit	2	21653	2	4782344	1	40229	1	0	40000
Picture	response152	hit	1	19545	2	4832802	1	40229	1	0	40000
Picture	response148	hit	1	15077	2	4883260	1	40229	1	0	40000
Picture	response147	hit	2	13816	2	4933551	1	40229	1	0	40000
Picture	thanks	other				4983509	1	10229	1	0	10000


{
   "app": "Presentation Version 21.0 Build 06.06.19",
   "device": "LENOVO 20KHCTO1WW",
   "experiment": "{C0C68DB1-10BA-42F2-8F79-3F2AFFEED4E4}",
   "os": "Windows 10 64 bit",
   "package": "",
   "parameters": {
      "configuration": "Default configuration"
   },
   "scenario": "Feature experiment(1).sce",
   "subject": "A_HP_04",
   "timestamp": "2019/07/18 06:11:40 GMT"
}
