Scenario - 
Logfile written - 10/18/2019 15:44:16

Subject	Trial	Event Type	Code	Time	TTime	Uncertainty	Duration	Uncertainty	ReqTime	ReqDur	Stim Type	Pair Index

A_HP_23	1	Response	3	643344	642178	1
A_HP_23	1	Pulse	99	643344	642178	1
A_HP_23	2	Picture	ready	643576	0	1	10229	1	0	10000	other	0
A_HP_23	2	Pulse	99	663344	19768	1
A_HP_23	2	Pulse	99	683343	39767	1
A_HP_23	2	Pulse	99	703344	59768	1
A_HP_23	3	Picture	ins17	704183	233	1	30229	1	0	30000	other	0
A_HP_23	3	Pulse	99	723344	19394	1
A_HP_23	3	Pulse	99	743344	39394	1
A_HP_23	3	Pulse	99	763344	59394	1
A_HP_23	3	Pulse	99	783343	79394	1
A_HP_23	3	Pulse	99	803344	99394	1
A_HP_23	3	Pulse	99	823344	119394	1
A_HP_23	3	Pulse	99	843344	139394	1
A_HP_23	3	Pulse	99	863344	159394	1
A_HP_23	3	Pulse	99	883344	179394	1
A_HP_23	3	Pulse	99	903344	199394	1
A_HP_23	3	Pulse	99	923344	219394	1
A_HP_23	3	Pulse	99	943343	239394	1
A_HP_23	3	Pulse	99	963344	259394	1
A_HP_23	3	Pulse	99	983344	279394	1
A_HP_23	3	Pulse	99	1003344	299394	1
A_HP_23	4	Response	3	1023344	9164	1
A_HP_23	4	Pulse	99	1023344	9164	1
A_HP_23	5	Picture	response129	1023980	230	1	40230	1	0	40000	hit	26
A_HP_23	5	Response	2	1037993	14242	1
A_HP_23	5	Pulse	99	1043343	19593	1
A_HP_23	5	Pulse	99	1063344	39594	1
A_HP_23	6	Picture	response130	1074272	121	1	40230	1	0	40000	incorrect	31
A_HP_23	6	Pulse	99	1083344	9193	1
A_HP_23	6	Response	2	1091882	17732	1
A_HP_23	6	Pulse	99	1103344	29193	1
A_HP_23	6	Pulse	99	1123344	49194	1
A_HP_23	7	Picture	response135	1124730	180	1	40229	1	0	40000	hit	36
A_HP_23	7	Pulse	99	1143344	18794	1
A_HP_23	7	Response	2	1143472	18922	1
A_HP_23	7	Pulse	99	1163344	38793	1
A_HP_23	8	Picture	response133	1175188	239	1	40229	1	0	40000	hit	40
A_HP_23	8	Pulse	99	1183343	8394	1
A_HP_23	8	Response	1	1195063	20113	1
A_HP_23	8	Pulse	99	1203344	28394	1
A_HP_23	8	Pulse	99	1223344	48394	1
A_HP_23	9	Picture	response134	1225647	297	1	40229	1	0	40000	hit	45
A_HP_23	9	Pulse	99	1243343	17994	1
A_HP_23	9	Response	1	1243391	18042	1
A_HP_23	9	Pulse	99	1263344	37994	1
A_HP_23	10	Picture	response131	1275938	189	1	40229	1	0	40000	hit	49
A_HP_23	10	Pulse	99	1283343	7594	1
A_HP_23	10	Response	2	1301652	25903	1
A_HP_23	10	Pulse	99	1303343	27593	1
A_HP_23	10	Pulse	99	1323343	47594	1
A_HP_23	11	Picture	response136	1326230	81	1	40229	1	0	40000	hit	54
A_HP_23	11	Pulse	99	1343344	17194	1
A_HP_23	11	Response	2	1345022	18872	1
A_HP_23	11	Pulse	99	1363344	37194	1
A_HP_23	12	Picture	response132	1376855	305	1	40229	1	0	40000	hit	58
A_HP_23	12	Pulse	99	1383343	6794	1
A_HP_23	12	Response	1	1391532	14982	1
A_HP_23	12	Pulse	99	1403343	26794	1
A_HP_23	12	Pulse	99	1423343	46794	1
A_HP_23	13	Picture	ins19	1427146	197	1	30229	1	0	30000	other	0
A_HP_23	13	Pulse	99	1443343	16394	1
A_HP_23	13	Pulse	99	1463343	36394	1
A_HP_23	13	Pulse	99	1483344	56394	1
A_HP_23	13	Pulse	99	1503343	76394	1
A_HP_23	13	Pulse	99	1523343	96394	1
A_HP_23	13	Pulse	99	1543343	116394	1
A_HP_23	13	Pulse	99	1563343	136394	1
A_HP_23	13	Pulse	99	1583343	156394	1
A_HP_23	13	Pulse	99	1603343	176394	1
A_HP_23	13	Pulse	99	1623343	196394	1
A_HP_23	13	Pulse	99	1643343	216394	1
A_HP_23	13	Pulse	99	1663343	236394	1
A_HP_23	13	Pulse	99	1683343	256394	1
A_HP_23	13	Pulse	99	1703343	276394	1
A_HP_23	13	Pulse	99	1723343	296394	1
A_HP_23	14	Response	3	1743343	6164	1
A_HP_23	14	Pulse	99	1743343	6164	1
A_HP_23	15	Picture	response147	1743980	230	1	40229	1	0	40000	hit	80
A_HP_23	15	Response	2	1755992	12242	1
A_HP_23	15	Pulse	99	1763343	19593	1
A_HP_23	15	Pulse	99	1783343	39593	1
A_HP_23	16	Picture	response150	1794271	122	1	40229	1	0	40000	hit	85
A_HP_23	16	Pulse	99	1803343	9194	1
A_HP_23	16	Response	2	1809442	15293	1
A_HP_23	16	Pulse	99	1823343	29194	1
A_HP_23	16	Pulse	99	1843343	49194	1
A_HP_23	17	Picture	response146	1844730	180	1	40229	1	0	40000	hit	90
A_HP_23	17	Pulse	99	1863343	18794	1
A_HP_23	17	Response	1	1865362	20813	1
A_HP_23	17	Pulse	99	1883343	38794	1
A_HP_23	18	Picture	response148	1895188	238	1	40229	1	0	40000	hit	94
A_HP_23	18	Pulse	99	1903343	8394	1
A_HP_23	18	Response	1	1912372	17422	1
A_HP_23	18	Pulse	99	1923343	28394	1
A_HP_23	18	Pulse	99	1943343	48394	1
A_HP_23	19	Picture	response149	1945646	297	1	40229	1	0	40000	hit	99
A_HP_23	19	Pulse	99	1963343	17994	1
A_HP_23	19	Response	2	1966411	21062	1
A_HP_23	19	Pulse	99	1983343	37994	1
A_HP_23	20	Picture	response152	1995938	189	1	40229	1	0	40000	hit	103
A_HP_23	20	Pulse	99	2003343	7594	1
A_HP_23	20	Response	1	2012632	16883	1
A_HP_23	20	Pulse	99	2023343	27594	1
A_HP_23	20	Pulse	99	2043343	47594	1
A_HP_23	21	Picture	response145	2046229	80	1	40229	1	0	40000	hit	108
A_HP_23	21	Pulse	99	2063343	17193	1
A_HP_23	21	Response	2	2066681	20532	1
A_HP_23	21	Pulse	99	2083343	37194	1
A_HP_23	22	Picture	response151	2096854	305	1	40229	1	0	40000	hit	113
A_HP_23	22	Pulse	99	2103343	6794	1
A_HP_23	22	Pulse	99	2123343	26794	1
A_HP_23	22	Response	1	2123841	27292	1
A_HP_23	22	Pulse	99	2143343	46794	1
A_HP_23	23	Picture	ins3	2147146	197	1	30229	1	0	30000	other	0
A_HP_23	23	Pulse	99	2163343	16394	1
A_HP_23	23	Pulse	99	2183343	36394	1
A_HP_23	23	Pulse	99	2203343	56394	1
A_HP_23	23	Pulse	99	2223343	76394	1
A_HP_23	23	Pulse	99	2243343	96394	1
A_HP_23	23	Pulse	99	2263343	116394	1
A_HP_23	23	Pulse	99	2283343	136394	1
A_HP_23	23	Pulse	99	2303343	156394	1
A_HP_23	23	Pulse	99	2323343	176394	1
A_HP_23	23	Pulse	99	2343343	196394	1
A_HP_23	23	Pulse	99	2363343	216394	1
A_HP_23	23	Pulse	99	2383343	236394	1
A_HP_23	23	Pulse	99	2403343	256394	1
A_HP_23	23	Pulse	99	2423343	276394	1
A_HP_23	23	Pulse	99	2443343	296394	1
A_HP_23	24	Response	3	2463343	6164	1
A_HP_23	24	Pulse	99	2463343	6164	1
A_HP_23	25	Picture	response18	2463980	230	1	40229	1	0	40000	hit	134
A_HP_23	25	Response	2	2478742	14992	1
A_HP_23	25	Pulse	99	2483343	19593	1
A_HP_23	25	Pulse	99	2503343	39593	1
A_HP_23	26	Picture	response21	2514271	122	1	40229	1	0	40000	hit	139
A_HP_23	26	Pulse	99	2523343	9194	1
A_HP_23	26	Response	2	2527341	13192	1
A_HP_23	26	Pulse	99	2543343	29194	1
A_HP_23	26	Pulse	99	2563343	49194	1
A_HP_23	27	Picture	response22	2564730	180	1	40229	1	0	40000	hit	143
A_HP_23	27	Response	1	2580561	16012	1
A_HP_23	27	Pulse	99	2583342	18793	1
A_HP_23	27	Pulse	99	2603343	38794	1
A_HP_23	28	Picture	response19	2615188	238	1	40229	1	0	40000	hit	147
A_HP_23	28	Response	2	2622681	7732	1
A_HP_23	28	Pulse	99	2623342	8393	1
A_HP_23	28	Pulse	99	2643343	28394	1
A_HP_23	28	Pulse	99	2663343	48394	1
A_HP_23	29	Picture	response17	2665646	297	1	40229	1	0	40000	hit	152
A_HP_23	29	Response	1	2672162	6813	1
A_HP_23	29	Pulse	99	2683343	17993	1
A_HP_23	29	Pulse	99	2703343	37994	1
A_HP_23	30	Picture	response24	2715937	189	1	40229	1	0	40000	hit	156
A_HP_23	30	Response	1	2722281	6533	1
A_HP_23	30	Pulse	99	2723342	7593	1
A_HP_23	30	Pulse	99	2743343	27594	1
A_HP_23	30	Pulse	99	2763343	47594	1
A_HP_23	31	Picture	response20	2766229	80	1	40229	1	0	40000	hit	161
A_HP_23	31	Response	1	2773552	7403	1
A_HP_23	31	Pulse	99	2783343	17194	1
A_HP_23	31	Pulse	99	2803343	37194	1
A_HP_23	32	Picture	response23	2816854	305	1	40229	1	0	40000	hit	166
A_HP_23	32	Pulse	99	2823343	6794	1
A_HP_23	32	Response	1	2823881	7332	1
A_HP_23	32	Pulse	99	2843342	26794	1
A_HP_23	32	Pulse	99	2863342	46793	1
A_HP_23	33	Picture	ins11	2867145	196	1	30229	1	0	30000	other	0
A_HP_23	33	Pulse	99	2883342	16393	1
A_HP_23	33	Pulse	99	2903342	36393	1
A_HP_23	33	Pulse	99	2923343	56393	1
A_HP_23	33	Pulse	99	2943342	76393	1
A_HP_23	33	Pulse	99	2963343	96393	1
A_HP_23	33	Pulse	99	2983342	116393	1
A_HP_23	33	Pulse	99	3003343	136393	1
A_HP_23	33	Pulse	99	3023343	156393	1
A_HP_23	33	Pulse	99	3043343	176393	1
A_HP_23	33	Pulse	99	3063342	196393	1
A_HP_23	33	Pulse	99	3083343	216393	1
A_HP_23	33	Pulse	99	3103342	236393	1
A_HP_23	33	Pulse	99	3123343	256393	1
A_HP_23	33	Pulse	99	3143342	276393	1
A_HP_23	33	Pulse	99	3163342	296393	1
A_HP_23	34	Response	3	3183343	6163	1
A_HP_23	34	Pulse	99	3183343	6163	1
A_HP_23	35	Picture	response82	3183979	230	1	40229	1	0	40000	hit	189
A_HP_23	35	Pulse	99	3203342	19593	1
A_HP_23	35	Response	1	3212733	28984	1
A_HP_23	35	Pulse	99	3223343	39593	1
A_HP_23	36	Picture	response86	3234271	122	1	40229	1	0	40000	hit	193
A_HP_23	36	Pulse	99	3243343	9194	1
A_HP_23	36	Response	2	3251951	17803	1
A_HP_23	36	Pulse	99	3263342	29194	1
A_HP_23	36	Pulse	99	3283342	49194	1
A_HP_23	37	Picture	response88	3284729	180	1	40229	1	0	40000	hit	198
A_HP_23	37	Pulse	99	3303343	18793	1
A_HP_23	37	Response	2	3303471	18921	1
A_HP_23	37	Pulse	99	3323342	38793	1
A_HP_23	38	Picture	response85	3335188	239	1	40229	1	0	40000	hit	202
A_HP_23	38	Pulse	99	3343342	8394	1
A_HP_23	38	Response	1	3345531	10582	1
A_HP_23	38	Pulse	99	3363343	28394	1
A_HP_23	38	Pulse	99	3383343	48394	1
A_HP_23	39	Picture	response84	3385646	297	1	40230	1	0	40000	hit	206
A_HP_23	39	Response	1	3399011	13662	1
A_HP_23	39	Pulse	99	3403342	17993	1
A_HP_23	39	Pulse	99	3423342	37994	1
A_HP_23	40	Picture	response83	3435938	189	1	40229	1	0	40000	hit	211
A_HP_23	40	Pulse	99	3443342	7594	1
A_HP_23	40	Response	2	3444411	8662	1
A_HP_23	40	Pulse	99	3463342	27594	1
A_HP_23	40	Pulse	99	3483343	47594	1
A_HP_23	41	Picture	response87	3486230	80	1	40230	1	0	40000	hit	215
A_HP_23	41	Response	2	3495181	9032	1
A_HP_23	41	Pulse	99	3503342	17193	1
A_HP_23	41	Pulse	99	3523342	37193	1
A_HP_23	42	Picture	response81	3536855	306	1	40229	1	0	40000	hit	220
A_HP_23	42	Pulse	99	3543342	6794	1
A_HP_23	42	Response	2	3554631	18082	1
A_HP_23	42	Pulse	99	3563343	26794	1
A_HP_23	42	Pulse	99	3583342	46793	1
A_HP_23	43	Picture	ins9	3587112	162	1	30229	1	0	30000	other	0
A_HP_23	43	Pulse	99	3603342	16393	1
A_HP_23	43	Pulse	99	3623342	36393	1
A_HP_23	43	Pulse	99	3643342	56393	1
A_HP_23	43	Pulse	99	3663342	76393	1
A_HP_23	43	Pulse	99	3683342	96393	1
A_HP_23	43	Pulse	99	3703342	116393	1
A_HP_23	43	Pulse	99	3723342	136393	1
A_HP_23	43	Pulse	99	3743342	156393	1
A_HP_23	43	Pulse	99	3763343	176393	1
A_HP_23	43	Pulse	99	3783342	196393	1
A_HP_23	43	Pulse	99	3803342	216393	1
A_HP_23	43	Pulse	99	3823342	236393	1
A_HP_23	43	Pulse	99	3843343	256394	1
A_HP_23	43	Pulse	99	3863342	276393	1
A_HP_23	43	Pulse	99	3883342	296393	1
A_HP_23	44	Response	3	3903342	6163	1
A_HP_23	44	Pulse	99	3903342	6163	1
A_HP_23	45	Picture	response72	3903978	230	1	40229	1	0	40000	hit	242
A_HP_23	45	Response	1	3917861	14112	1
A_HP_23	45	Pulse	99	3923342	19593	1
A_HP_23	45	Pulse	99	3943342	39593	1
A_HP_23	46	Picture	response65	3954270	122	1	40230	1	0	40000	hit	247
A_HP_23	46	Pulse	99	3963262	9114	1
A_HP_23	46	Response	1	3979601	25453	1
A_HP_23	46	Pulse	99	3983342	29193	1
A_HP_23	46	Pulse	99	4003342	49194	1
A_HP_23	47	Picture	response71	4004728	180	1	40229	1	0	40000	hit	251
A_HP_23	47	Response	1	4022701	18153	1
A_HP_23	47	Pulse	99	4023262	18713	1
A_HP_23	47	Pulse	99	4043342	38794	1
A_HP_23	48	Picture	response68	4055186	238	1	40229	1	0	40000	hit	256
A_HP_23	48	Pulse	99	4063342	8394	1
A_HP_23	48	Response	2	4074821	19873	1
A_HP_23	48	Pulse	99	4083262	28314	1
A_HP_23	48	Pulse	99	4103342	48394	1
A_HP_23	49	Picture	response70	4105645	297	1	40229	1	0	40000	hit	260
A_HP_23	49	Response	2	4119031	13683	1
A_HP_23	49	Pulse	99	4123342	17994	1
A_HP_23	49	Pulse	99	4143342	37994	1
A_HP_23	50	Picture	response69	4155936	188	1	40229	1	0	40000	hit	265
A_HP_23	50	Pulse	99	4163342	7594	1
A_HP_23	50	Response	1	4173231	17482	1
A_HP_23	50	Pulse	99	4183342	27593	1
A_HP_23	50	Pulse	99	4203342	47594	1
A_HP_23	51	Picture	response66	4206228	80	1	40229	1	0	40000	hit	269
A_HP_23	51	Response	2	4216341	10193	1
A_HP_23	51	Pulse	99	4223342	17193	1
A_HP_23	51	Pulse	99	4243342	37194	1
A_HP_23	52	Picture	response67	4256852	304	1	40229	1	0	40000	hit	274
A_HP_23	52	Pulse	99	4263342	6794	1
A_HP_23	52	Response	1	4282261	25713	1
A_HP_23	52	Pulse	99	4283341	26793	1
A_HP_23	52	Pulse	99	4303342	46794	1
A_HP_23	53	Picture	ins1	4307144	196	1	30229	1	0	30000	other	0
A_HP_23	53	Pulse	99	4323342	16394	1
A_HP_23	53	Pulse	99	4343342	36394	1
A_HP_23	53	Pulse	99	4363342	56393	1
A_HP_23	53	Pulse	99	4383342	76394	1
A_HP_23	53	Pulse	99	4403342	96394	1
A_HP_23	53	Pulse	99	4423342	116394	1
A_HP_23	53	Pulse	99	4443342	136394	1
A_HP_23	53	Pulse	99	4463342	156394	1
A_HP_23	53	Pulse	99	4483342	176394	1
A_HP_23	53	Pulse	99	4503342	196394	1
A_HP_23	53	Pulse	99	4523342	216394	1
A_HP_23	53	Pulse	99	4543342	236394	1
A_HP_23	53	Pulse	99	4563342	256394	1
A_HP_23	53	Pulse	99	4583342	276394	1
A_HP_23	53	Pulse	99	4603342	296394	1
A_HP_23	54	Response	3	4623342	6163	1
A_HP_23	54	Pulse	99	4623342	6163	1
A_HP_23	55	Picture	response3	4623978	230	1	40229	1	0	40000	hit	296
A_HP_23	55	Response	1	4633940	10192	1
A_HP_23	55	Pulse	99	4643262	19513	1
A_HP_23	55	Pulse	99	4663342	39593	1
A_HP_23	56	Picture	response7	4674270	122	1	40229	1	0	40000	hit	300
A_HP_23	56	Response	1	4680821	6673	1
A_HP_23	56	Pulse	99	4683342	9194	1
A_HP_23	56	Pulse	99	4703262	29114	1
A_HP_23	56	Pulse	99	4723342	49194	1
A_HP_23	57	Picture	response2	4724728	181	1	40229	1	0	40000	hit	305
A_HP_23	57	Response	2	4730561	6013	1
A_HP_23	57	Pulse	99	4743342	18794	1
A_HP_23	57	Pulse	99	4763262	38714	1
A_HP_23	58	Picture	response6	4775186	238	1	40229	1	0	40000	hit	310
A_HP_23	58	Pulse	99	4783342	8394	1
A_HP_23	58	Response	1	4787461	12512	1
A_HP_23	58	Pulse	99	4803342	28393	1
A_HP_23	58	Pulse	99	4823262	48314	1
A_HP_23	59	Picture	response4	4825645	297	1	40229	1	0	40000	hit	314
A_HP_23	59	Response	2	4833161	7812	1
A_HP_23	59	Pulse	99	4843342	17993	1
A_HP_23	59	Pulse	99	4863342	37993	1
A_HP_23	60	Picture	response5	4875937	189	1	40229	1	0	40000	hit	319
A_HP_23	60	Pulse	99	4883262	7514	1
A_HP_23	60	Response	2	4884750	9002	1
A_HP_23	60	Pulse	99	4903342	27594	1
A_HP_23	60	Pulse	99	4923342	47594	1
A_HP_23	61	Picture	response1	4926229	80	1	40230	1	0	40000	hit	323
A_HP_23	61	Response	2	4932330	6182	1
A_HP_23	61	Pulse	99	4943262	17113	1
A_HP_23	61	Pulse	99	4963342	37194	1
A_HP_23	62	Picture	response8	4976854	306	1	40229	1	0	40000	hit	328
A_HP_23	62	Pulse	99	4983342	6794	1
A_HP_23	62	Response	2	4983370	6822	1
A_HP_23	62	Pulse	99	5003262	26714	1
A_HP_23	62	Pulse	99	5023341	46793	1
A_HP_23	63	Picture	thanks	5026812	0	1	10229	1	0	10000	other	0
A_HP_23	63	Pulse	99	5043342	16530	1


Event Type	Code	Type	Response	RT	RT Uncertainty	Time	Uncertainty	Duration	Uncertainty	ReqTime	ReqDur

Picture	ready	other				643576	1	10229	1	0	10000
Picture	ins17	other				704183	1	30229	1	0	30000
Picture	response129	hit	2	14013	2	1023980	1	40230	1	0	40000
Picture	response130	incorrect	2	17611	2	1074272	1	40230	1	0	40000
Picture	response135	hit	2	18742	2	1124730	1	40229	1	0	40000
Picture	response133	hit	1	19874	2	1175188	1	40229	1	0	40000
Picture	response134	hit	1	17745	2	1225647	1	40229	1	0	40000
Picture	response131	hit	2	25714	2	1275938	1	40229	1	0	40000
Picture	response136	hit	2	18792	2	1326230	1	40229	1	0	40000
Picture	response132	hit	1	14677	2	1376855	1	40229	1	0	40000
Picture	ins19	other				1427146	1	30229	1	0	30000
Picture	response147	hit	2	12012	2	1743980	1	40229	1	0	40000
Picture	response150	hit	2	15171	2	1794271	1	40229	1	0	40000
Picture	response146	hit	1	20632	2	1844730	1	40229	1	0	40000
Picture	response148	hit	1	17184	2	1895188	1	40229	1	0	40000
Picture	response149	hit	2	20765	2	1945646	1	40229	1	0	40000
Picture	response152	hit	1	16694	2	1995938	1	40229	1	0	40000
Picture	response145	hit	2	20452	2	2046229	1	40229	1	0	40000
Picture	response151	hit	1	26987	2	2096854	1	40229	1	0	40000
Picture	ins3	other				2147146	1	30229	1	0	30000
Picture	response18	hit	2	14762	2	2463980	1	40229	1	0	40000
Picture	response21	hit	2	13070	2	2514271	1	40229	1	0	40000
Picture	response22	hit	1	15832	2	2564730	1	40229	1	0	40000
Picture	response19	hit	2	7494	2	2615188	1	40229	1	0	40000
Picture	response17	hit	1	6515	2	2665646	1	40229	1	0	40000
Picture	response24	hit	1	6344	2	2715937	1	40229	1	0	40000
Picture	response20	hit	1	7323	2	2766229	1	40229	1	0	40000
Picture	response23	hit	1	7027	2	2816854	1	40229	1	0	40000
Picture	ins11	other				2867145	1	30229	1	0	30000
Picture	response82	hit	1	28754	2	3183979	1	40229	1	0	40000
Picture	response86	hit	2	17680	2	3234271	1	40229	1	0	40000
Picture	response88	hit	2	18741	2	3284729	1	40229	1	0	40000
Picture	response85	hit	1	10343	2	3335188	1	40229	1	0	40000
Picture	response84	hit	1	13365	2	3385646	1	40230	1	0	40000
Picture	response83	hit	2	8473	2	3435938	1	40229	1	0	40000
Picture	response87	hit	2	8951	2	3486230	1	40230	1	0	40000
Picture	response81	hit	2	17776	2	3536855	1	40229	1	0	40000
Picture	ins9	other				3587112	1	30229	1	0	30000
Picture	response72	hit	1	13883	2	3903978	1	40229	1	0	40000
Picture	response65	hit	1	25332	2	3954270	1	40230	1	0	40000
Picture	response71	hit	1	17973	2	4004728	1	40229	1	0	40000
Picture	response68	hit	2	19635	2	4055186	1	40229	1	0	40000
Picture	response70	hit	2	13386	2	4105645	1	40229	1	0	40000
Picture	response69	hit	1	17294	2	4155936	1	40229	1	0	40000
Picture	response66	hit	2	10113	2	4206228	1	40229	1	0	40000
Picture	response67	hit	1	25409	2	4256852	1	40229	1	0	40000
Picture	ins1	other				4307144	1	30229	1	0	30000
Picture	response3	hit	1	9962	2	4623978	1	40229	1	0	40000
Picture	response7	hit	1	6551	2	4674270	1	40229	1	0	40000
Picture	response2	hit	2	5832	2	4724728	1	40229	1	0	40000
Picture	response6	hit	1	12274	2	4775186	1	40229	1	0	40000
Picture	response4	hit	2	7516	2	4825645	1	40229	1	0	40000
Picture	response5	hit	2	8813	2	4875937	1	40229	1	0	40000
Picture	response1	hit	2	6102	2	4926229	1	40230	1	0	40000
Picture	response8	hit	2	6516	2	4976854	1	40229	1	0	40000
Picture	thanks	other				5026812	1	10229	1	0	10000


{
   "app": "Presentation Version 21.0 Build 06.06.19",
   "device": "LENOVO 20KHCTO1WW",
   "experiment": "{C0C68DB1-10BA-42F2-8F79-3F2AFFEED4E4}",
   "os": "Windows 10 64 bit",
   "package": "",
   "parameters": {
      "configuration": "Default configuration"
   },
   "scenario": "Feature experiment(1).sce",
   "subject": "A_HP_23",
   "timestamp": "2019/10/18 06:35:42 GMT"
}
